
Gurobi 9.1.0 (linux64) logging started Fri Aug  6 16:34:08 2021

Changed value of parameter LogFile to eab_parasitoid_2_2_0.4_bud.log
   Prev:   Default: 
Changed value of parameter MIPGap to 0.01
   Prev: 0.0001  Min: 0.0  Max: inf  Default: 0.0001
Changed value of parameter Method to 2
   Prev: -1  Min: -1  Max: 5  Default: -1
Changed value of parameter MIPFocus to 2
   Prev: 0  Min: 0  Max: 3  Default: 0
Changed value of parameter RINS to 100
   Prev: -1  Min: -1  Max: 2000000000  Default: -1
Gurobi Optimizer version 9.1.0 build v9.1.0rc0 (linux64)
Thread count: 32 physical cores, 32 logical processors, using up to 32 threads
Optimize a model with 203396 rows, 134935 columns and 685039 nonzeros
Model fingerprint: 0xb9fbff0a
Variable types: 55779 continuous, 79156 integer (79156 binary)
Coefficient statistics:
  Matrix range     [1e-04, 1e+05]
  Objective range  [1e-06, 1e-01]
  Bounds range     [1e+00, 6e+03]
  RHS range        [1e-04, 1e+05]
Presolve removed 173912 rows and 109452 columns (presolve time = 6s) ...
Presolve removed 180610 rows and 115037 columns (presolve time = 10s) ...
Presolve removed 188588 rows and 122952 columns (presolve time = 15s) ...
Presolve removed 189461 rows and 123396 columns (presolve time = 21s) ...
Presolve removed 190035 rows and 123728 columns (presolve time = 25s) ...
Presolve removed 190652 rows and 124253 columns (presolve time = 31s) ...
Presolve removed 191429 rows and 125133 columns (presolve time = 35s) ...
Presolve removed 192089 rows and 125592 columns (presolve time = 40s) ...
Presolve removed 192528 rows and 125895 columns (presolve time = 46s) ...
Presolve removed 192654 rows and 126001 columns
Presolve time: 49.43s
Presolved: 10742 rows, 8934 columns, 131286 nonzeros
Variable types: 3634 continuous, 5300 integer (5297 binary)
Presolve removed 11 rows and 10 columns
Presolved: 10731 rows, 8924 columns, 131247 nonzeros

Root barrier log...

Ordering time: 1.14s

Barrier statistics:
 Dense cols : 122
 AA' NZ     : 5.671e+05
 Factor NZ  : 2.778e+06 (roughly 30 MBytes of memory)
 Factor Ops : 2.371e+09 (less than 1 second per iteration)
 Threads    : 31

                  Objective                Residual
Iter       Primal          Dual         Primal    Dual     Compl     Time
   0   2.29517300e+03 -1.94044533e+04  4.72e+04 2.06e-01  6.29e+01    54s
   1   1.76646701e+03 -2.16373957e+04  3.08e+04 2.64e-01  4.05e+01    54s
   2   7.36125360e+02 -1.90844771e+04  3.79e+03 1.40e-14  5.51e+00    54s
   3   4.69741389e+02 -1.05458077e+04  1.79e+02 1.18e-14  5.80e-01    55s
   4   3.81662408e+02 -4.06427906e+03  3.04e+01 5.77e-15  1.77e-01    55s
   5   3.60376791e+02 -4.57578517e+02  6.63e+00 2.44e-15  3.08e-02    55s
   6   3.50058156e+02  7.02740003e+01  1.08e+00 2.55e-15  1.03e-02    55s
   7   3.45163817e+02  2.54264433e+02  2.92e-01 7.90e-16  3.30e-03    56s
   8   3.42349478e+02  3.06744914e+02  5.15e-02 7.39e-16  1.28e-03    56s
   9   3.40880576e+02  3.30846496e+02  2.17e-04 3.27e-16  3.61e-04    56s
  10   3.40238337e+02  3.33199119e+02  6.82e-05 2.64e-16  2.53e-04    56s
  11   3.40072218e+02  3.34877747e+02  4.75e-05 2.22e-16  1.87e-04    56s
  12   3.39802446e+02  3.37930116e+02  1.79e-05 4.44e-16  6.73e-05    57s
  13   3.39653156e+02  3.38490268e+02  5.48e-06 4.44e-16  4.18e-05    57s
  14   3.39598561e+02  3.38916095e+02  1.68e-06 2.22e-16  2.45e-05    57s
  15   3.39574812e+02  3.39348975e+02  4.44e-07 1.11e-16  8.12e-06    57s
  16   3.39566497e+02  3.39420230e+02  1.97e-07 2.22e-16  5.26e-06    58s
  17   3.39562217e+02  3.39483885e+02  9.26e-08 2.22e-16  2.82e-06    58s
  18   3.39559474e+02  3.39521771e+02  4.01e-08 4.44e-16  1.36e-06    58s
  19   3.39558652e+02  3.39537899e+02  2.83e-08 2.22e-16  7.46e-07    58s
  20   3.39558023e+02  3.39545681e+02  1.12e-08 2.22e-16  4.44e-07    59s
  21   3.39557052e+02  3.39549442e+02  3.55e-09 1.33e-16  2.74e-07    59s
  22   3.39556760e+02  3.39552357e+02  1.24e-09 4.44e-16  1.58e-07    59s
  23   3.39556612e+02  3.39554989e+02  5.09e-10 2.22e-16  5.84e-08    59s
  24   3.39556498e+02  3.39555832e+02  1.53e-10 2.22e-16  2.40e-08    59s
  25   3.39556465e+02  3.39556137e+02  6.15e-11 2.22e-16  1.18e-08    60s
  26   3.39556452e+02  3.39556361e+02  2.82e-11 2.22e-16  3.27e-09    60s
  27   3.39556441e+02  3.39556433e+02  2.18e-12 5.01e-16  2.90e-10    60s
  28   3.39556439e+02  3.39556438e+02  7.13e-13 5.44e-13  3.64e-11    60s

Barrier solved model in 28 iterations and 60.38 seconds
Optimal objective 3.39556439e+02


Root crossover log...

     922 DPushes remaining with DInf 0.0000000e+00                60s
       0 DPushes remaining with DInf 0.0000000e+00                61s

    4841 PPushes remaining with PInf 2.5955800e-06                61s
       0 PPushes remaining with PInf 0.0000000e+00                61s

  Push phase complete: Pinf 0.0000000e+00, Dinf 1.6126474e-01     61s


Root simplex log...

Iteration    Objective       Primal Inf.    Dual Inf.      Time
    5549    3.3955644e+02   0.000000e+00   1.612647e-01     61s
    5599    3.3955644e+02   0.000000e+00   0.000000e+00     61s
    5599    3.3955644e+02   0.000000e+00   0.000000e+00     61s

Root relaxation: objective 3.395564e+02, 5599 iterations, 10.77 seconds

    Nodes    |    Current Node    |     Objective Bounds      |     Work
 Expl Unexpl |  Obj  Depth IntInf | Incumbent    BestBd   Gap | It/Node Time

     0     0  339.61648    0 1582          -  339.61648      -     -   63s
     0     0  341.65235    0 1834          -  341.65235      -     -   69s
     0     0  341.72346    0 1831          -  341.72346      -     -   79s
     0     0  341.75602    0 1844          -  341.75602      -     -   80s
     0     0  341.75604    0 1850          -  341.75604      -     -   81s
     0     0  342.74440    0 1787          -  342.74440      -     -   97s
H    0     0                     353.1820857  342.74440  2.96%     -  105s
H    0     0                     353.1663994  342.74440  2.95%     -  105s
H    0     0                     353.1615057  342.74440  2.95%     -  105s
H    0     0                     353.1052645  342.74440  2.93%     -  105s
     0     0  343.41295    0 1756  353.10526  343.41295  2.74%     -  106s
     0     0  343.45039    0 1740  353.10526  343.45039  2.73%     -  108s
     0     0  343.45140    0 1751  353.10526  343.45140  2.73%     -  109s
     0     0  343.77685    0 1748  353.10526  343.77685  2.64%     -  121s
H    0     0                     353.1028262  343.77685  2.64%     -  121s
     0     0  343.97232    0 1742  353.10283  343.97232  2.59%     -  140s
H    0     0                     348.1930413  343.97232  1.21%     -  145s
H    0     0                     348.1782943  343.97232  1.21%     -  145s
H    0     0                     348.1781409  343.97232  1.21%     -  145s
     0     0  343.98410    0 1757  348.17814  343.98410  1.20%     -  145s
     0     0  343.98809    0 1748  348.17814  343.98809  1.20%     -  148s
     0     0  343.98827    0 1759  348.17814  343.98827  1.20%     -  148s
     0     0  344.36957    0 1643  348.17814  344.36957  1.09%     -  162s
H    0     0                     348.1781406  344.36957  1.09%     -  164s
     0     0  344.41638    0 1674  348.17814  344.41638  1.08%     -  168s
     0     0  344.41947    0 1692  348.17814  344.41947  1.08%     -  170s
     0     0  344.42012    0 1691  348.17814  344.42012  1.08%     -  171s
     0     0  344.62884    0 1674  348.17814  344.62884  1.02%     -  186s
     0     0  344.66137    0 1719  348.17814  344.66137  1.01%     -  193s
     0     0  344.66399    0 1718  348.17814  344.66399  1.01%     -  196s
     0     0  344.66454    0 1726  348.17814  344.66454  1.01%     -  197s
H    0     0                     347.3387345  344.66454  0.77%     -  207s
H    0     0                     347.3387344  344.66454  0.77%     -  207s

Cutting planes:
  Learned: 47
  Gomory: 21
  Cover: 97
  Implied bound: 178
  Projected implied bound: 39
  Clique: 19
  MIR: 461
  Flow cover: 1370
  GUB cover: 2
  Zero half: 7
  RLT: 392
  Relax-and-lift: 76

Explored 1 nodes (27444 simplex iterations) in 207.45 seconds
Thread count was 32 (of 32 available processors)

Solution count 9: 347.339 348.178 348.178 ... 353.166

Optimal solution found (tolerance 1.00e-02)
Warning: max constraint violation (2.7546e-06) exceeds tolerance
Best objective 3.473387344105e+02, best bound 3.446645421490e+02, gap 0.7699%

Gurobi 9.1.0 (linux64) logging started Thu Aug 19 21:53:33 2021

Changed value of parameter LogFile to eab_parasitoid_2_2_0.4_bud.log
   Prev:   Default: 
Changed value of parameter MIPGap to 0.01
   Prev: 0.0001  Min: 0.0  Max: inf  Default: 0.0001
Changed value of parameter Method to 2
   Prev: -1  Min: -1  Max: 5  Default: -1
Changed value of parameter MIPFocus to 2
   Prev: 0  Min: 0  Max: 3  Default: 0
Changed value of parameter RINS to 100
   Prev: -1  Min: -1  Max: 2000000000  Default: -1
Changed value of parameter SolutionLimit to 1
   Prev: 2000000000  Min: 1  Max: 2000000000  Default: 2000000000
Gurobi Optimizer version 9.1.0 build v9.1.0rc0 (linux64)
Thread count: 32 physical cores, 32 logical processors, using up to 32 threads
Optimize a model with 203396 rows, 134935 columns and 685039 nonzeros
Model fingerprint: 0xa6152121
Variable types: 55779 continuous, 79156 integer (79156 binary)
Coefficient statistics:
  Matrix range     [1e-04, 1e+05]
  Objective range  [1e-06, 1e-01]
  Bounds range     [1e+00, 6e+03]
  RHS range        [1e-04, 1e+05]

User MIP start produced solution with objective 358.936 (4.88s)
User MIP start produced solution with objective 358.919 (4.93s)
User MIP start produced solution with objective 347.311 (5.10s)
Loaded user MIP start with objective 347.311
Processed MIP start in 5.13 seconds


Explored 0 nodes (0 simplex iterations) in 5.16 seconds
Thread count was 1 (of 32 available processors)

Solution count 4: 347.311 

Solution limit reached
Best objective 3.473105202145e+02, best bound -, gap -
