
Gurobi 9.1.0 (linux64) logging started Tue Aug  3 12:00:56 2021

Changed value of parameter LogFile to eab_parasitoid_0_0_0.6_bud.log
   Prev:   Default: 
Changed value of parameter MIPGap to 0.01
   Prev: 0.0001  Min: 0.0  Max: inf  Default: 0.0001
Changed value of parameter Method to 2
   Prev: -1  Min: -1  Max: 5  Default: -1
Changed value of parameter MIPFocus to 2
   Prev: 0  Min: 0  Max: 3  Default: 0
Changed value of parameter RINS to 100
   Prev: -1  Min: -1  Max: 2000000000  Default: -1
Gurobi Optimizer version 9.1.0 build v9.1.0rc0 (linux64)
Thread count: 32 physical cores, 32 logical processors, using up to 32 threads
Optimize a model with 203396 rows, 134935 columns and 685039 nonzeros
Model fingerprint: 0xdc791869
Variable types: 55779 continuous, 79156 integer (79156 binary)
Coefficient statistics:
  Matrix range     [2e-04, 1e+06]
  Objective range  [1e-06, 1e-01]
  Bounds range     [1e+00, 6e+03]
  RHS range        [1e-04, 1e+06]
Presolve removed 152209 rows and 90430 columns (presolve time = 6s) ...
Presolve removed 166922 rows and 102577 columns (presolve time = 10s) ...
Presolve removed 176898 rows and 112519 columns (presolve time = 15s) ...
Presolve removed 180151 rows and 114695 columns (presolve time = 21s) ...
Presolve removed 182719 rows and 116698 columns (presolve time = 25s) ...
Presolve removed 183125 rows and 117567 columns (presolve time = 30s) ...
Presolve removed 190571 rows and 124779 columns (presolve time = 35s) ...
Presolve removed 191955 rows and 125311 columns (presolve time = 41s) ...
Presolve removed 192068 rows and 125403 columns (presolve time = 45s) ...
Presolve removed 192976 rows and 126390 columns (presolve time = 51s) ...
Presolve removed 193538 rows and 126942 columns (presolve time = 56s) ...
Presolve removed 193550 rows and 126952 columns (presolve time = 61s) ...
Presolve removed 193713 rows and 127077 columns (presolve time = 65s) ...
Presolve removed 193725 rows and 127080 columns (presolve time = 70s) ...
Presolve removed 193817 rows and 127150 columns (presolve time = 76s) ...
Presolve removed 193844 rows and 127180 columns (presolve time = 80s) ...
Presolve removed 193844 rows and 127173 columns
Presolve time: 81.94s
Presolved: 9552 rows, 7762 columns, 130206 nonzeros
Variable types: 3398 continuous, 4364 integer (4364 binary)
Presolve removed 17 rows and 14 columns
Presolved: 9535 rows, 7748 columns, 130118 nonzeros

Root barrier log...

Ordering time: 1.30s

Barrier statistics:
 Dense cols : 147
 AA' NZ     : 5.656e+05
 Factor NZ  : 2.720e+06 (roughly 30 MBytes of memory)
 Factor Ops : 2.289e+09 (less than 1 second per iteration)
 Threads    : 31

                  Objective                Residual
Iter       Primal          Dual         Primal    Dual     Compl     Time
   0   2.25895213e+03 -1.85028441e+04  6.09e+04 1.53e-01  1.28e+02    88s
   1   1.94132707e+03 -2.34611139e+04  4.54e+04 4.41e-01  9.53e+01    88s
   2   1.02479183e+03 -2.35411576e+04  8.57e+03 1.08e-02  1.93e+01    89s
   3   7.85147535e+02 -1.60105468e+04  5.69e+02 4.05e-13  1.81e+00    89s
   4   7.31302219e+02 -6.65943499e+03  1.15e+02 4.26e-13  5.37e-01    89s
   5   6.79051664e+02 -1.77653191e+03  2.04e+01 8.96e-13  1.30e-01    89s
   6   6.62003269e+02 -3.12335181e+02  5.69e+00 3.26e-13  4.47e-02    90s
   7   6.52730768e+02  3.36609798e+02  9.07e-01 8.93e-14  1.33e-02    90s
   8   6.48951500e+02  5.32592275e+02  3.97e-01 3.13e-14  4.84e-03    90s
   9   6.45398833e+02  6.02959394e+02  4.82e-02 1.02e-14  1.73e-03    91s
  10   6.44005419e+02  6.16861725e+02  1.35e-02 6.50e-15  1.11e-03    91s
  11   6.43097232e+02  6.28686257e+02  1.58e-04 3.22e-15  5.87e-04    91s
  12   6.42741509e+02  6.31932842e+02  1.12e-04 2.39e-15  4.40e-04    91s
  13   6.42254393e+02  6.37093181e+02  6.83e-05 1.17e-15  2.10e-04    92s
  14   6.41695585e+02  6.39601445e+02  2.49e-05 4.94e-16  8.51e-05    92s
  15   6.41433906e+02  6.40471452e+02  1.01e-05 2.73e-16  3.91e-05    92s
  16   6.41370297e+02  6.40791283e+02  6.99e-06 4.44e-16  2.35e-05    92s
  17   6.41353721e+02  6.40936201e+02  6.19e-06 4.44e-16  1.70e-05    93s
  18   6.41319662e+02  6.41017848e+02  4.63e-06 7.10e-16  1.23e-05    93s
  19   6.41271117e+02  6.41114891e+02  2.33e-06 5.00e-15  6.35e-06    93s
  20   6.41245455e+02  6.41177826e+02  1.12e-06 2.22e-16  2.75e-06    93s
  21   6.41232024e+02  6.41200071e+02  5.38e-07 2.04e-15  1.30e-06    94s
  22   6.41228207e+02  6.41208483e+02  3.68e-07 2.22e-16  8.02e-07    94s
  23   6.41225084e+02  6.41213116e+02  2.33e-07 4.44e-16  4.87e-07    94s
  24   6.41223319e+02  6.41216639e+02  1.57e-07 6.80e-15  2.72e-07    94s
  25   6.41221283e+02  6.41217165e+02  6.80e-08 4.07e-15  1.67e-07    94s
  26   6.41220716e+02  6.41218707e+02  4.44e-08 4.44e-16  8.16e-08    95s
  27   6.41220231e+02  6.41219165e+02  2.51e-08 2.22e-16  4.34e-08    95s
  28   6.41220017e+02  6.41219301e+02  1.55e-08 5.22e-16  2.91e-08    95s
  29   6.41219896e+02  6.41219434e+02  9.52e-09 4.44e-16  1.88e-08    96s
  30   6.41219863e+02  6.41219499e+02  7.95e-09 4.44e-16  1.48e-08    96s
  31   6.41219831e+02  6.41219612e+02  6.41e-09 1.36e-14  8.91e-09    96s
  32   6.41219781e+02  6.41219639e+02  3.88e-09 2.85e-14  5.76e-09    96s
  33   6.41219765e+02  6.41219656e+02  3.10e-09 1.30e-14  4.40e-09    97s
  34   6.41219756e+02  6.41219670e+02  2.70e-09 1.03e-14  3.47e-09    97s
  35   6.41219710e+02  6.41219688e+02  5.84e-10 4.71e-15  8.87e-10    97s
  36   6.41219701e+02  6.41219695e+02  1.38e-10 1.14e-14  2.19e-10    97s
  37   6.41219700e+02  6.41219697e+02  1.03e-10 4.38e-13  1.13e-10    98s

Barrier solved model in 37 iterations and 97.62 seconds
Optimal objective 6.41219700e+02


Root crossover log...

     650 DPushes remaining with DInf 0.0000000e+00                98s
       0 DPushes remaining with DInf 0.0000000e+00                98s

    4322 PPushes remaining with PInf 1.7556370e-05                98s
       0 PPushes remaining with PInf 0.0000000e+00                99s

  Push phase complete: Pinf 0.0000000e+00, Dinf 1.2838091e-01     99s


Root simplex log...

Iteration    Objective       Primal Inf.    Dual Inf.      Time
    4839    6.4121970e+02   0.000000e+00   1.283809e-01     99s
    4858    6.4121970e+02   0.000000e+00   0.000000e+00     99s
    4858    6.4121970e+02   0.000000e+00   0.000000e+00     99s

Root relaxation: objective 6.412197e+02, 4858 iterations, 15.09 seconds
Total elapsed time = 100.25s

    Nodes    |    Current Node    |     Objective Bounds      |     Work
 Expl Unexpl |  Obj  Depth IntInf | Incumbent    BestBd   Gap | It/Node Time

     0     0  641.22254    0 1988          -  641.22254      -     -  101s
     0     0  702.55836    0 2273          -  702.55836      -     -  142s
     0     0  705.94867    0 2376          -  705.94867      -     -  169s
     0     0  706.04231    0 2393          -  706.04231      -     -  184s
     0     0  706.04426    0 2398          -  706.04426      -     -  187s
H    0     0                     756.8555738  706.04426  6.71%     -  198s
H    0     0                     756.8452298  706.04426  6.71%     -  250s
     0     0  708.34247    0 2239  756.84523  708.34247  6.41%     -  250s
H    0     0                     756.5480044  708.34247  6.37%     -  252s
     0     0  708.84385    0 2184  756.54800  708.84385  6.31%     -  257s
     0     0  708.99517    0 2177  756.54800  708.99517  6.29%     -  262s
     0     0  709.03122    0 2173  756.54800  709.03122  6.28%     -  268s
     0     0  709.03394    0 2169  756.54800  709.03394  6.28%     -  270s
     0     0  711.98449    0 2073  756.54800  711.98449  5.89%     -  282s
H    0     0                     737.9665740  711.98449  3.52%     -  290s
     0     0  712.17332    0 2111  737.96657  712.17332  3.50%     -  302s
     0     0  712.23632    0 2108  737.96657  712.23632  3.49%     -  313s
     0     0  712.24355    0 2094  737.96657  712.24355  3.49%     -  318s
     0     0  714.53036    0 2047  737.96657  714.53036  3.18%     -  344s
     0     0  714.61107    0 2053  737.96657  714.61107  3.16%     -  370s
     0     0  714.62236    0 2043  737.96657  714.62236  3.16%     -  377s
     0     0  714.74411    0 1991  737.96657  714.74411  3.15%     -  433s
     0     0  714.74411    0 1991  737.96657  714.74411  3.15%     -  451s
H    0     0                     730.6724415  714.74411  2.18%     -  818s
     0     2  714.74411    0 1991  730.67244  714.74411  2.18%     -  827s
     1     4  721.29590    1 1968  730.67244  714.74411  2.18%  1995  891s
     3     8  726.16596    2 1983  730.67244  716.02552  2.00%  1719 1003s
     7    16  726.35217    3 1921  730.67244  717.26942  1.83%  2131 1072s
    15    32  726.92718    4 1897  730.67244  717.46625  1.81%  2024 1134s
    31    64  726.98325    5 1874  730.67244  717.97610  1.74%  2330 1218s
    63    96  727.28119    6 1865  730.67244  718.12733  1.72%  2152 2410s
H   95   128                     730.6724170  718.12733  1.72%  2074 2653s
H   96   128                     730.6695139  718.12733  1.72%  2070 2653s
H  110   128                     730.6695063  718.12733  1.72%  1978 2653s
H  124   128                     730.6661678  718.12733  1.72%  1857 2653s
   127   160  728.99346    7 1814  730.66617  718.12733  1.72%  1857 2895s
H  131   160                     730.6661677  718.12733  1.72%  1817 2895s
   159   190  727.93119    8 1839  730.66617  718.12733  1.72%  1651 4610s
H  161   190                     730.5264111  718.12733  1.70%  1643 4610s
   191   243  728.02965    8 1838  730.52641  718.12733  1.70%  1545 4712s
   244   293  728.05363   10 1807  730.52641  718.12733  1.70%  1393 4781s
   296   348  728.67529   12 1796  730.52641  718.12733  1.70%  1315 4870s
   351   409  728.88613   13 1815  730.52641  718.12733  1.70%  1229 4936s
   420   469  729.47764   13 1813  730.52641  718.12733  1.70%  1124 5027s
   496   508  729.25419   14 1772  730.52641  718.12733  1.70%  1027 5116s
   571   561  729.50393   15 1740  730.52641  718.12733  1.70%   978 5206s
   654   594  729.56247   16 1728  730.52641  718.12733  1.70%   924 5241s
   731   650  729.77775   17 1730  730.52641  718.12733  1.70%   899 5277s
   813   691     cutoff   21       730.52641  718.12733  1.70%   872 5331s
   886   764  729.90509   20 1709  730.52641  718.12733  1.70%   871 5452s
H  982   794                     730.1314972  718.12733  1.64%   842 5938s
H  996   794                     730.1187414  718.12733  1.64%   847 5938s
H 1003   794                     730.1003879  718.12733  1.64%   845 5938s
  1014   871     cutoff   25       730.10039  718.55843  1.58%   847 6030s
  1111   959  718.78692    7 1704  730.10039  718.55843  1.58%   824 6153s
  1220  1067  719.66720    9 1714  730.10039  718.55843  1.58%   804 6271s
  1340  1188  720.41205   10 1704  730.10039  718.55843  1.58%   778 6521s
  1473  1319  720.57832   11 1707  730.10039  718.55843  1.58%   753 6639s
  1634  1466  720.83784   14 1703  730.10039  718.55843  1.58%   718 6832s
  1807  1633  721.69705   17 1695  730.10039  718.55843  1.58%   685 6959s
  2002  1832 infeasible   20       730.10039  718.55843  1.58%   648 7070s
  2227  2016  725.92897   23 1680  730.10039  718.55843  1.58%   610 7196s
  2491  2183  728.50358   29 1604  730.10039  718.55843  1.58%   569 8264s
H 2513  2183                     730.0997261  718.55843  1.58%   565 8264s
H 2581  2177                     730.0802366  718.55843  1.58%   555 8264s
H 2616  2168                     730.0715976  718.55843  1.58%   552 8264s
  2717  2375  729.33310   31 1612  730.07160  718.55843  1.58%   542 8423s
H 3002  2375                     730.0715952  718.55843  1.58%   513 10580s
  3003  2376  723.16308   24 1991  730.07160  718.55843  1.58%   513 10888s
H 3004  2258                     730.0715941  718.55843  1.58%   512 10912s
  3005  2258  729.52535   54 1941  730.07159  718.55843  1.58%   512 10918s
  3006  2259  724.10969   28 2207  730.07159  718.55843  1.58%   512 10958s
  3007  2260  721.38221   23 2082  730.07159  718.55843  1.58%   512 11000s
  3008  2260  728.95214  163 2023  730.07159  718.55843  1.58%   512 11019s
  3009  2261  721.00730   23 1946  730.07159  718.55843  1.58%   511 11026s
  3010  2262  730.01092   68 1846  730.07159  718.55843  1.58%   511 11036s
  3011  2262  725.39686   39 1795  730.07159  718.55843  1.58%   511 11048s
  3012  2263  728.34983   12 1786  730.07159  718.55843  1.58%   511 11060s
  3013  2264  730.02733   84 1856  730.07159  718.55843  1.58%   511 11080s
  3014  2264  727.81177   55 1864  730.07159  718.55843  1.58%   511 11100s
  3015  2265  728.65134  108 1863  730.07159  718.55843  1.58%   510 11110s
  3016  2266  727.77209   53 1856  730.07159  718.55843  1.58%   510 11120s
H 3016  2152                     730.0715938  718.55843  1.58%   510 11188s
H 3016  2044                     730.0715860  718.55843  1.58%   510 11188s
  3017  2044  722.70984   16 1782  730.07159  718.55843  1.58%   510 11239s
H 3017  1942                     730.0715852  718.55843  1.58%   510 11255s
  3019  1944  728.67471   49 1746  730.07159  718.55843  1.58%   510 11274s
  3020  1944  726.10425   31 1708  730.07159  718.55843  1.58%   510 11279s
  3021  1945  729.14533   15 1760  730.07159  718.55843  1.58%   509 11281s
  3022  1946  722.37910   13 1753  730.07159  718.55843  1.58%   509 11362s
  3023  1946  729.79427   20 1696  730.07159  718.55843  1.58%   509 11581s
  3024  1947  728.71219   11 1679  730.07159  718.55843  1.58%   509 11597s
  3025  1948  722.41823   19 1663  730.07159  718.55843  1.58%   509 11620s
  3026  1948  728.03980   49 1624  730.07159  718.55843  1.58%   509 11639s
  3027  1949  720.08522   12 1677  730.07159  718.55843  1.58%   508 11672s
  3028  1950  729.37001   14 1692  730.07159  719.05106  1.51%   508 11772s
  3029  1950  727.97332   86 1659  730.07159  719.84402  1.40%   508 11884s
  3030  1951  726.56520   32 1603  730.07159  719.84402  1.40%   508 11907s
  3031  1952  727.91811   31 1641  730.07159  719.84503  1.40%   508 11953s
  3032  1952  723.63972   21 1671  730.07159  720.31928  1.34%   508 11975s
  3033  1953  728.06980  102 1641  730.07159  720.77487  1.27%   507 12037s
  3034  1954  728.66023  107 1631  730.07159  721.08000  1.23%   507 12175s
  3035  1954  724.64348   25 1610  730.07159  721.40215  1.19%   507 12210s
  3036  1955  728.97993   49 1612  730.07159  721.40551  1.19%   507 12260s
  3037  1956  724.20693   32 1587  730.07159  721.40551  1.19%   507 12349s
  3038  1956  727.91899   73 1604  730.07159  721.40551  1.19%   507 12377s
  3039  1957  729.38311   16 1585  730.07159  721.40551  1.19%   506 12396s
  3040  1958  727.98125    9 1585  730.07159  721.40551  1.19%   506 12445s
  3041  1958  729.98073   44 1585  730.07159  721.40551  1.19%   506 13307s
  3042  1962  721.40551   16 1563  730.07159  721.40551  1.19%   523 13885s
  3044  1965  721.40551   17 1613  730.07159  721.40551  1.19%   523 14773s
  3048  1972  721.40551   18 1634  730.07159  721.40551  1.19%   526 14929s
  3056  1985  722.75416   19 1651  730.07159  721.40551  1.19%   532 15081s
  3072  2010 infeasible   20       730.07159  721.40551  1.19%   548 15231s
H 3089  1905                     730.0715851  721.40551  1.19%   565 15231s
  3104  1924  729.66296   21 1523  730.07159  721.40551  1.19%   579 15334s
  3136  1922     cutoff   22       730.07159  721.40551  1.19%   597 15391s
H 3142  1827                     730.0713277  721.40551  1.19%   599 15391s
H 3150  1735                     730.0710014  721.40551  1.19%   603 15391s
  3168  1732     cutoff   22       730.07100  721.40551  1.19%   611 15407s
H 3200  1642                     730.0709754  721.40551  1.19%   622 16794s
H 3200  1562                     730.0639623  721.40551  1.19%   622 16794s
H 3202  1486                     730.0630472  721.40551  1.19%   622 16794s
H 3202  1413                     730.0620506  721.40551  1.19%   622 16794s
H 3207  1342                     730.0588856  721.40551  1.19%   624 16794s
H 3230  1269                     730.0514900  721.40551  1.18%   632 16794s
  3232  1280  722.31321   25 1588  730.05149  721.40551  1.18%   633 16873s
  3273  1276  723.95474   27 1532  730.05149  721.40551  1.18%   644 17007s
  3317  1294  725.62019   29 1507  730.05149  721.40551  1.18%   657 17108s
  3370  1313  725.79526   30 1528  730.05149  721.40551  1.18%   666 17183s
  3430  1328  728.34855   33 1516  730.05149  721.40551  1.18%   674 17253s
  3497  1334  729.08883   36 1463  730.05149  721.40551  1.18%   678 17389s
  3567  1330  729.71459   37 1459  730.05149  721.40551  1.18%   684 17530s
  3650  1316 infeasible   26       730.05149  721.40551  1.18%   689 17695s
  3703  1339  721.77732   22 1589  730.05149  721.40551  1.18%   694 17854s
  3792  1327  722.82952   23 1545  730.05149  721.40551  1.18%   695 18085s
  3875  1343  723.08474   24 1544  730.05149  721.40551  1.18%   701 18249s
  3958  1358  724.86707   26 1521  730.05149  721.40551  1.18%   706 18405s
  4048  1374  725.70524   29 1497  730.05149  721.40551  1.18%   708 18527s
  4147  1385  726.16615   31 1507  730.05149  721.40551  1.18%   708 18668s
  4248  1392  727.16236   34 1492  730.05149  721.40551  1.18%   709 18790s
  4364  1420  727.76817   37 1449  730.05149  721.40551  1.18%   708 19175s
  4491  1410  728.35362   43 1469  730.05149  721.40551  1.18%   709 19331s
  4578  1437  728.99816   48 1471  730.05149  721.40551  1.18%   710 19576s
  4720  1409     cutoff   50       730.05149  721.40551  1.18%   711 19711s
H 4723  1346                     730.0467946  721.40551  1.18%   710 19711s
H 4725  1286                     730.0463193  721.40551  1.18%   711 19711s
H 4730  1228                     730.0369751  721.40551  1.18%   713 19711s
H 4742  1170                     730.0360357  721.40551  1.18%   713 19711s
H 4761  1127                     730.0360298  721.40551  1.18%   713 21109s
H 4769  1076                     730.0348496  721.40551  1.18%   715 21109s
H 4789  1024                     730.0348491  721.40551  1.18%   717 21109s
H 4790   980                     730.0343785  721.40551  1.18%   717 21109s
H 4792   939                     730.0190289  721.40551  1.18%   717 21110s
  4806  1002 infeasible   51       730.01903  721.40551  1.18%   718 21258s
  4969  1021     cutoff   51       730.01903  721.40551  1.18%   713 21465s
  5125  1034  724.38414   22 1489  730.01903  721.40551  1.18%   713 21611s
  5281  1082  726.27959   24 1559  730.01903  721.40551  1.18%   712 21804s
  5471  1180  727.69044   27 1489  730.01903  721.40551  1.18%   709 22015s
  5705  1179 infeasible   33       730.01903  721.40551  1.18%   699 23508s
  5757  1367  729.53864   32 1450  730.01903  721.40551  1.18%   701 23837s
  6032  1510  726.46914   24 1555  730.01903  721.46356  1.17%   687 24097s
  6311  1628  728.27221   26 1571  730.01903  721.46356  1.17%   675 24475s
  6531  1726     cutoff   32       730.01903  722.31828  1.05%   672 24777s

Cutting planes:
  Learned: 25
  Gomory: 36
  Cover: 88
  Implied bound: 67
  Projected implied bound: 259
  Clique: 5
  MIR: 625
  Flow cover: 3395
  GUB cover: 9
  Zero half: 20
  RLT: 1488
  Relax-and-lift: 343

Explored 6792 nodes (4565501 simplex iterations) in 24778.98 seconds
Thread count was 32 (of 32 available processors)

Solution count 10: 730.019 730.034 730.035 ... 730.051

Optimal solution found (tolerance 1.00e-02)
Best objective 7.300190289270e+02, best bound 7.237890733191e+02, gap 0.8534%

Gurobi 9.1.0 (linux64) logging started Thu Aug 19 20:58:58 2021

Changed value of parameter LogFile to eab_parasitoid_0_0_0.6_bud.log
   Prev:   Default: 
Changed value of parameter MIPGap to 0.01
   Prev: 0.0001  Min: 0.0  Max: inf  Default: 0.0001
Changed value of parameter Method to 2
   Prev: -1  Min: -1  Max: 5  Default: -1
Changed value of parameter MIPFocus to 2
   Prev: 0  Min: 0  Max: 3  Default: 0
Changed value of parameter RINS to 100
   Prev: -1  Min: -1  Max: 2000000000  Default: -1
Changed value of parameter SolutionLimit to 1
   Prev: 2000000000  Min: 1  Max: 2000000000  Default: 2000000000
Gurobi Optimizer version 9.1.0 build v9.1.0rc0 (linux64)
Thread count: 32 physical cores, 32 logical processors, using up to 32 threads
Optimize a model with 203396 rows, 134935 columns and 685039 nonzeros
Model fingerprint: 0xb827d1a1
Variable types: 55779 continuous, 79156 integer (79156 binary)
Coefficient statistics:
  Matrix range     [2e-04, 1e+06]
  Objective range  [1e-06, 1e-01]
  Bounds range     [1e+00, 6e+03]
  RHS range        [1e-04, 1e+06]

User MIP start produced solution with objective 730.458 (10.19s)
User MIP start produced solution with objective 730.019 (10.54s)
Loaded user MIP start with objective 730.019
Processed MIP start in 10.58 seconds


Explored 0 nodes (0 simplex iterations) in 10.64 seconds
Thread count was 1 (of 32 available processors)

Solution count 3: 730.019 

Solution limit reached
Best objective 7.300190243557e+02, best bound -, gap -
