
Gurobi 9.1.0 (linux64) logging started Sun Aug 15 23:14:41 2021

Changed value of parameter LogFile to eab_parasitoid_0.8_0_0_streetforest.log
   Prev:   Default: 
Changed value of parameter MIPGap to 0.01
   Prev: 0.0001  Min: 0.0  Max: inf  Default: 0.0001
Changed value of parameter Method to 2
   Prev: -1  Min: -1  Max: 5  Default: -1
Changed value of parameter MIPFocus to 2
   Prev: 0  Min: 0  Max: 3  Default: 0
Changed value of parameter RINS to 100
   Prev: -1  Min: -1  Max: 2000000000  Default: -1
Gurobi Optimizer version 9.1.0 build v9.1.0rc0 (linux64)
Thread count: 32 physical cores, 32 logical processors, using up to 32 threads
Optimize a model with 203386 rows, 134930 columns and 685029 nonzeros
Model fingerprint: 0x9b770bf5
Variable types: 55774 continuous, 79156 integer (79156 binary)
Coefficient statistics:
  Matrix range     [2e-04, 1e+06]
  Objective range  [5e-06, 8e-01]
  Bounds range     [1e+00, 6e+03]
  RHS range        [1e-04, 1e+06]
Presolve removed 193797 rows and 127102 columns
Presolve time: 3.40s
Presolved: 9589 rows, 7828 columns, 130941 nonzeros
Variable types: 3397 continuous, 4431 integer (4431 binary)
Presolve removed 12 rows and 12 columns
Presolved: 9577 rows, 7816 columns, 130910 nonzeros

Root barrier log...

Ordering time: 0.22s

Barrier statistics:
 Dense cols : 148
 AA' NZ     : 5.675e+05
 Factor NZ  : 2.712e+06 (roughly 30 MBytes of memory)
 Factor Ops : 2.308e+09 (less than 1 second per iteration)
 Threads    : 31

                  Objective                Residual
Iter       Primal          Dual         Primal    Dual     Compl     Time
   0   5.43690813e+03 -6.08203760e+04  2.42e+04 6.43e-01  2.40e+02     4s
   1   3.90245242e+03 -6.95909989e+04  1.66e+04 1.27e+00  1.57e+02     4s
   2   1.07765701e+03 -6.67228046e+04  1.64e+03 3.13e-13  1.85e+01     4s
   3   6.64100812e+02 -3.81156845e+04  2.28e+02 5.54e-13  3.42e+00     4s
   4   5.51257401e+02 -1.55553044e+04  3.79e+01 2.84e-13  8.33e-01     5s
   5   5.18119983e+02 -5.90026769e+03  1.11e+01 9.24e-14  2.89e-01     5s
   6   4.94859918e+02 -2.00170304e+03  3.09e+00 3.38e-14  1.06e-01     5s
   7   4.73005442e+02 -1.93545795e+02  5.49e-03 4.63e-15  2.70e-02     5s
   8   4.64196797e+02  2.62042431e+02  6.78e-04 6.22e-15  8.16e-03     5s
   9   4.56496643e+02  4.10653719e+02  2.22e-04 2.36e-15  1.85e-03     5s
  10   4.55130570e+02  4.13713650e+02  1.73e-04 2.36e-15  1.67e-03     5s
  11   4.53024287e+02  4.26761028e+02  6.80e-05 1.78e-15  1.06e-03     5s
  12   4.51625083e+02  4.39996774e+02  3.43e-05 8.88e-16  4.67e-04     5s
  13   4.50689547e+02  4.43155674e+02  1.69e-05 1.78e-15  3.03e-04     5s
  14   4.50350873e+02  4.48156370e+02  1.15e-05 8.88e-16  8.82e-05     5s
  15   4.49938567e+02  4.48936242e+02  5.08e-06 1.11e-15  4.03e-05     5s
  16   4.49787992e+02  4.49088140e+02  2.87e-06 2.00e-15  2.81e-05     5s
  17   4.49734650e+02  4.49316569e+02  2.06e-06 8.88e-16  1.68e-05     5s
  18   4.49669086e+02  4.49437994e+02  9.90e-07 8.88e-16  9.29e-06     5s
  19   4.49631475e+02  4.49510362e+02  3.40e-07 3.11e-15  4.87e-06     5s
  20   4.49620926e+02  4.49576525e+02  1.72e-07 8.88e-16  1.78e-06     6s
  21   4.49615567e+02  4.49589398e+02  9.38e-08 1.11e-15  1.05e-06     6s
  22   4.49614337e+02  4.49593017e+02  7.29e-08 1.11e-16  8.57e-07     6s
  23   4.49612823e+02  4.49598953e+02  5.08e-08 8.88e-16  5.57e-07     6s
  24   4.49611477e+02  4.49603576e+02  3.18e-08 2.22e-16  3.18e-07     6s
  25   4.49610625e+02  4.49605388e+02  2.00e-08 8.88e-16  2.10e-07     6s
  26   4.49610088e+02  4.49607244e+02  1.24e-08 1.78e-15  1.14e-07     6s
  27   4.49609786e+02  4.49607968e+02  8.26e-09 8.88e-16  7.31e-08     6s
  28   4.49609539e+02  4.49608651e+02  4.83e-09 8.88e-16  3.57e-08     6s
  29   4.49609406e+02  4.49608788e+02  3.07e-09 8.88e-16  2.49e-08     6s
  30   4.49609361e+02  4.49608955e+02  2.47e-09 8.88e-16  1.63e-08     6s
  31   4.49609252e+02  4.49609082e+02  9.81e-10 4.44e-16  6.86e-09     6s
  32   4.49609196e+02  4.49609154e+02  2.05e-10 2.89e-15  1.68e-09     6s
  33   4.49609195e+02  4.49609160e+02  1.92e-10 2.00e-15  1.41e-09     7s
  34   4.49609189e+02  4.49609161e+02  1.10e-10 1.78e-15  1.14e-09     7s
  35   4.49609189e+02  4.49609164e+02  1.05e-10 1.78e-15  9.82e-10     7s
  36   4.49609183e+02  4.49609173e+02  2.53e-11 1.11e-15  4.08e-10     7s
  37   4.49609181e+02  4.49609179e+02  1.57e-12 8.88e-16  7.08e-11     7s

Barrier solved model in 37 iterations and 6.88 seconds
Optimal objective 4.49609181e+02


Root crossover log...

     582 DPushes remaining with DInf 0.0000000e+00                 7s
       0 DPushes remaining with DInf 0.0000000e+00                 7s

    3961 PPushes remaining with PInf 1.7032257e-05                 7s
       0 PPushes remaining with PInf 0.0000000e+00                 7s

  Push phase complete: Pinf 0.0000000e+00, Dinf 1.4148978e-02      7s


Root simplex log...

Iteration    Objective       Primal Inf.    Dual Inf.      Time
    4392    4.4960918e+02   0.000000e+00   1.414898e-02      7s
    4407    4.4960918e+02   0.000000e+00   0.000000e+00      7s
    4407    4.4960918e+02   0.000000e+00   0.000000e+00      7s

Root relaxation: objective 4.496092e+02, 4407 iterations, 3.66 seconds

    Nodes    |    Current Node    |     Objective Bounds      |     Work
 Expl Unexpl |  Obj  Depth IntInf | Incumbent    BestBd   Gap | It/Node Time

     0     0  449.60918    0 2085          -  449.60918      -     -    8s
     0     0  469.31413    0 2433          -  469.31413      -     -   13s
     0     0  471.79549    0 2528          -  471.79549      -     -   15s
     0     0  471.98243    0 2534          -  471.98243      -     -   17s
     0     0  471.99689    0 2526          -  471.99689      -     -   17s
     0     0  471.99745    0 2518          -  471.99745      -     -   17s
H    0     0                     601.2741019  471.99745  21.5%     -   24s
H    0     0                     601.2197655  471.99745  21.5%     -   24s
     0     0  475.10679    0 2531  601.21977  475.10679  21.0%     -   24s
H    0     0                     601.1952889  475.10679  21.0%     -   24s
H    0     0                     600.7677197  475.10679  20.9%     -   28s
H    0     0                     600.7460779  475.10679  20.9%     -   28s
     0     0  477.80018    0 2438  600.74608  477.80018  20.5%     -   28s
     0     0  479.06008    0 2391  600.74608  479.06008  20.3%     -   32s
     0     0  479.26622    0 2338  600.74608  479.26622  20.2%     -   33s
     0     0  479.27465    0 2341  600.74608  479.27465  20.2%     -   34s
     0     0  482.55771    0 2209  600.74608  482.55771  19.7%     -   39s
H    0     0                     597.3004302  482.55771  19.2%     -   41s
     0     0  482.83010    0 2187  597.30043  482.83010  19.2%     -   44s
     0     0  482.89187    0 2163  597.30043  482.89187  19.2%     -   45s
     0     0  482.90353    0 2176  597.30043  482.90353  19.2%     -   46s
     0     0  483.44230    0 2118  597.30043  483.44230  19.1%     -   53s
     0     0  483.54570    0 2113  597.30043  483.54570  19.0%     -   55s
     0     0  483.55403    0 2104  597.30043  483.55403  19.0%     -   55s
     0     0  483.80187    0 2085  597.30043  483.80187  19.0%     -   61s
     0     0  483.86396    0 2080  597.30043  483.86396  19.0%     -   62s
H    0     0                     597.1528549  483.86396  19.0%     -   63s
H    0     0                     597.0585153  483.86396  19.0%     -   63s
     0     0  483.87179    0 2076  597.05852  483.87179  19.0%     -   63s
H    0     0                     596.8657426  483.87179  18.9%     -   70s
     0     0  484.33918    0 2067  596.86574  484.33918  18.9%     -   72s
H    0     0                     596.7605172  484.33918  18.8%     -   73s
     0     0  484.39697    0 2079  596.76052  484.39697  18.8%     -   75s
     0     0  484.43649    0 2075  596.76052  484.43649  18.8%     -   76s
     0     0  484.44431    0 2067  596.76052  484.44431  18.8%     -   77s
     0     0  484.70989    0 2052  596.76052  484.70989  18.8%     -   87s
     0     0  484.74955    0 2038  596.76052  484.74955  18.8%     -   90s
     0     0  484.76510    0 2048  596.76052  484.76510  18.8%     -   91s
     0     0  484.87502    0 2032  596.76052  484.87502  18.7%     -  102s
     0     0  484.87502    0 2032  596.76052  484.87502  18.7%     -  106s
H    0     0                     556.8241574  484.87502  12.9%     -  199s
     0     2  484.87502    0 2032  556.82416  484.87502  12.9%     -  201s
     1     4  497.87746    1 2010  556.82416  484.87502  12.9%  4328  207s
     3     8  505.89178    2 2067  556.82416  485.11105  12.9%  2597  226s
     7    16  521.86244    3 1991  556.82416  485.53750  12.8%  3303  247s
    15    32  548.78912    4 1941  556.82416  487.00927  12.5%  3980  262s
    31    56     cutoff    5       556.82416  487.79234  12.4%  4096  301s
H   32    56                     556.8217630  487.79234  12.4%  3968  301s
H   40    56                     556.8213682  487.79234  12.4%  4101  301s
H   59    56                     556.8090748  488.21427  12.3%  4215  301s
    63    88  490.30164    6 1991  556.80907  488.21427  12.3%  4263 1050s
H   95   120                     555.1429715  488.22905  12.1%  3880 1107s
H  101   120                     555.1296276  488.22905  12.1%  3882 1107s
H  106   120                     546.6667019  488.22905  10.7%  3948 1107s
H  117   120                     543.7618625  488.22905  10.2%  4003 1107s
H  127   148                     524.6158679  488.22905  6.94%  3925 1504s
H  131   148                     523.1680827  488.22905  6.68%  3967 1504s
H  135   148                     521.9126893  488.22905  6.45%  3934 1504s
H  159   160                     521.6366546  488.22905  6.40%  3722 2225s
H  160   160                     520.5513081  488.22905  6.21%  3747 2225s
H  171   160                     520.2994991  488.22905  6.16%  3716 2225s
H  179   160                     520.0035738  488.22905  6.11%  3739 2225s
   191   156     cutoff    8       520.00357  488.22905  6.11%  3651 2372s
H  192   156                     520.0035104  488.22905  6.11%  3632 2372s
H  194   156                     519.5229643  488.22905  6.02%  3654 2372s
H  202   156                     519.4311335  488.22905  6.01%  3572 2372s
H  212   156                     519.1630335  488.22905  5.96%  3465 2372s
   233   196  497.69101    9 1937  519.16303  488.22905  5.96%  3270 2439s
   287   248  497.96869   10 1965  519.16303  488.22905  5.96%  2925 2541s
   345   319  498.11309   10 1957  519.16303  488.22905  5.96%  2690 2636s
   423   371  498.72778   12 1948  519.16303  488.22905  5.96%  2382 2707s
   481   445  498.51087   13 1941  519.16303  488.22905  5.96%  2255 2751s
   570   535  498.72447   14 1946  519.16303  488.22905  5.96%  2019 2794s
   668   666  499.00890   16 1933  519.16303  488.22905  5.96%  1808 2826s
   801   817  499.36141   20 1921  519.16303  488.22905  5.96%  1569 2850s
   956   962  499.49490   23 1883  519.16303  488.22905  5.96%  1356 2872s
  1113  1114  499.66240   24 1896  519.16303  488.22905  5.96%  1198 2898s
  1285  1248  499.94740   28 1887  519.16303  488.22905  5.96%  1076 2923s
  1434  1445  500.18715   29 1871  519.16303  488.22905  5.96%   998 2949s
  1631  1648  500.09630   33 1867  519.16303  488.22905  5.96%   905 2970s
  1834  1872  501.41073   38 1859  519.16303  488.22905  5.96%   832 3007s
  2081  2043  500.37865   37 1846  519.16303  488.22905  5.96%   759 3057s
  2267  2304  501.56520   41 1846  519.16303  488.22905  5.96%   721 3090s
  2543  2550  500.50116   39 1851  519.16303  488.22905  5.96%   665 3126s
  2825  2831  500.65221   40 1848  519.16303  488.22905  5.96%   617 3152s
H 3126  2817                     518.9957644  488.22905  5.93%   575 3662s
  3127  2816  512.03680   62 2032  518.99576  488.22905  5.93%   575 3716s
H 3128  2676                     518.9957494  488.22905  5.93%   575 3721s
  3130  2677  517.33844   77 2512  518.99575  488.22905  5.93%   574 3732s
  3131  2678  516.19969   38 2346  518.99575  488.22905  5.93%   574 3738s
  3132  2678  518.37762   63 2273  518.99575  488.22905  5.93%   574 3743s
  3133  2679  507.25881   33 2181  518.99575  488.22905  5.93%   574 3749s
  3134  2680  510.10335   47 2071  518.99575  488.22905  5.93%   573 3752s
  3135  2680  518.42922   64 2038  518.99575  488.22905  5.93%   573 3756s
  3137  2682  513.07928  133 1946  518.99575  488.22905  5.93%   573 3761s
  3139  2683  517.37409   98 1961  518.99575  488.22905  5.93%   573 3767s
  3141  2684  501.78565   14 1965  518.99575  488.22905  5.93%   572 3772s
  3143  2686  507.28508    7 1984  518.99575  488.22905  5.93%   572 3777s
H 3143  2551                     518.9957227  488.22905  5.93%   572 3797s
H 3143  2423                     518.9957225  488.22905  5.93%   572 3797s
  3144  2423  516.86178   48 1865  518.99572  488.22905  5.93%   572 3816s
H 3144  2302                     518.9934894  488.22905  5.93%   572 3818s
  3146  2304  494.26360    8 1863  518.99349  488.22905  5.93%   571 3820s
  3149  2306  515.22114  111 1832  518.99349  488.22905  5.93%   571 3837s
  3150  2306  507.44018   36 1853  518.99349  488.61268  5.85%   571 3874s
  3151  2307  504.73290   11 1847  518.99349  488.75506  5.83%   570 3876s
  3153  2308  511.34801   56 1849  518.99349  488.93735  5.79%   570 3880s
  3156  2310  511.60896   62 1843  518.99349  489.12189  5.76%   569 3885s
  3157  2311  516.33128  128 1841  518.99349  489.12975  5.75%   569 3900s
H 3157  2195                     518.9934874  490.51345  5.49%   569 3938s
H 3158  2085                     518.9934758  490.51345  5.49%   569 3940s
  3162  2087  507.14232   24 1844  518.99348  490.51345  5.49%   568 3953s
  3163  2088  515.08563   12 1796  518.99348  490.51345  5.49%   568 3983s
H 3163  1983                     518.9934748  490.51345  5.49%   568 3985s
  3166  1985  501.56880   42 1798  518.99347  490.51345  5.49%   568 3997s
H 3166  1885                     518.9934618  490.51345  5.49%   568 4011s
  3170  1888  513.12912   30 1801  518.99346  490.51345  5.49%   567 4016s
  3171  1888  512.24262   23 1800  518.99346  490.51345  5.49%   567 4027s
  3172  1889  511.03313   15 1784  518.99346  490.51345  5.49%   567 4052s
H 3172  1794                     518.9789145  490.51345  5.48%   567 4053s
  3174  1795  500.75290   37 1809  518.97891  490.51345  5.48%   566 4063s
H 3174  1705                     518.9788600  490.51345  5.48%   566 4074s
  3175  1706  518.17703   99 1789  518.97886  490.51345  5.48%   566 4075s
  3178  1708  515.93479   31 1817  518.97886  493.57397  4.90%   566 4093s
  3179  1709  515.61175  137 1820  518.97886  493.93039  4.83%   565 4137s
  3180  1709  512.42006   99 1820  518.97886  493.93039  4.83%   565 4151s
H 3180  1622                     518.9788574  493.93039  4.83%   565 4337s
  3182  1627  506.40488   13 1739  518.97886  493.93039  4.83%   591 4532s
  3184  1626     cutoff   14       518.97886  493.93039  4.83%   592 4669s
  3188  1629  493.93039   15 1763  518.97886  493.93039  4.83%   596 4715s
  3192  1631  505.55525   16 1768  518.97886  493.93039  4.83%   599 4737s
  3200  1631     cutoff   17       518.97886  497.24797  4.19%   605 5228s
  3212  1635  499.11936   18 1789  518.97886  498.82556  3.88%   613 5240s
H 3226  1564                     518.8713051  499.11936  3.81%   624 5271s
H 3227  1486                     518.8114905  499.11953  3.80%   624 5271s
H 3229  1411                     518.6198042  499.11953  3.76%   626 5271s
H 3230  1341                     518.3747154  499.11953  3.71%   626 5271s
  3248  1357  511.40241   20 1779  518.37472  500.02558  3.54%   636 5284s
  3280  1368  512.35953   21 1779  518.37472  500.56782  3.44%   659 5330s
  3312  1363  513.22751   22 1749  518.37472  500.56782  3.44%   675 5375s
  3344  1371  516.90676   23 1748  518.37472  500.56782  3.44%   686 5401s
H 3347  1303                     518.3503381  500.56782  3.43%   687 5401s
H 3359  1235                     518.2760303  500.56782  3.42%   689 5401s
  3382  1239  517.32550   24 1744  518.27603  500.56782  3.42%   697 5420s
  3419  1244  517.50456   25 1758  518.27603  500.56782  3.42%   707 5505s
H 3450  1173                     518.2708544  500.56782  3.42%   714 5505s
  3452  1213  517.58178   26 1750  518.27085  500.56782  3.42%   715 5521s
  3506  1235  517.94245   28 1736  518.27085  500.56782  3.42%   721 5545s
  3560  1226  518.09772   29 1739  518.27085  500.56782  3.42%   726 6266s
  3596  1261     cutoff   30       518.27085  500.56782  3.42%   727 6294s
  3659  1294  517.73187   28 1741  518.27085  500.56782  3.42%   732 6358s
  3729  1322  518.13237   31 1737  518.27085  500.56782  3.42%   734 6421s
  3803  1358     cutoff   32       518.27085  501.39908  3.26%   736 6462s
  3885  1382  503.11905   22 1779  518.27085  501.39908  3.26%   737 6503s
  3957  1427  503.70369   23 1776  518.27085  501.39908  3.26%   739 6534s
  4038  1469  503.38262   22 1772  518.27085  501.39908  3.26%   740 6584s
  4119  1522  503.83420   23 1758  518.27085  501.39908  3.26%   740 6620s
  4216  1556  504.12897   24 1757  518.27085  501.39908  3.26%   738 6647s
  4306  1595  504.60565   26 1752  518.27085  501.39908  3.26%   739 6695s
  4399  1622  504.85230   26 1753  518.27085  501.39908  3.26%   738 8145s
H 4400  1565                     518.2581030  501.39908  3.25%   738 8145s
H 4402  1509                     518.2519796  501.39908  3.25%   738 8145s
H 4418  1452                     518.2374363  501.39908  3.25%   738 8145s
  4461  1521  505.26903   29 1750  518.23744  501.39908  3.25%   737 8197s
H 4577  1494                     518.1274648  501.39908  3.23%   735 8240s
H 4581  1446                     518.0724107  501.39908  3.22%   736 8240s
H 4595  1397                     518.0415498  501.39908  3.21%   735 8240s
H 4603  1352                     518.0165097  501.39908  3.21%   735 8240s
H 4622  1306                     518.0095217  501.39908  3.21%   734 8240s
H 4647  1290                     518.0094803  501.39908  3.21%   734 8332s
H 4648  1254                     517.9308565  501.39908  3.19%   734 8332s
H 4651  1219                     517.7893226  501.39908  3.17%   734 8332s
  4680  1336  505.35886   31 1751  517.78932  501.39908  3.17%   734 8388s
  4823  1401  506.10344   32 1757  517.78932  501.39908  3.17%   734 8487s
  4965  1485  505.95457   34 1756  517.78932  501.39908  3.17%   732 8544s
  5119  1599  506.19381   35 1762  517.78932  501.39908  3.17%   727 8658s
  5286  1761  506.14577   36 1751  517.78932  501.39908  3.17%   723 8701s
  5461  1923  506.44149   38 1749  517.78932  501.39908  3.17%   716 8783s
  5643  2135  506.94070   39 1749  517.78932  501.39908  3.17%   711 9186s
  5897  2255  506.96574   38 1748  517.78932  501.39908  3.17%   702 10018s
H 5905  2207                     517.4776563  501.39908  3.11%   703 10018s
H 5921  2202                     517.4445670  501.39908  3.10%   702 10018s
  6021  2372  507.19229   40 1748  517.44457  501.39908  3.10%   701 10274s
  6227  2604  507.44787   45 1749  517.44457  501.39908  3.10%   697 10329s
  6500  2636  507.70284   48 1740  517.44457  501.39908  3.10%   685 11260s
  6536  2852  507.98326   49 1742  517.44457  501.39908  3.10%   685 11456s
  6772  3274  508.20130   51 1735  517.44457  501.39908  3.10%   681 11527s
  7196  3422  508.48339   53 1729  517.44457  501.39908  3.10%   662 11911s
  7356  3965  508.83140   54 1732  517.44457  501.39908  3.10%   660 11998s
  7919  4492  509.63846   56 1733  517.44457  501.39908  3.10%   634 12353s
  8548  5005  509.54686   60 1711  517.44457  501.39908  3.10%   609 12414s
  9170  5525  510.48581   69 1689  517.44457  501.39908  3.10%   587 12715s
  9719  6147  511.00374   78 1671  517.44457  501.39908  3.10%   571 12888s
 10383  6547  511.49992   87 1658  517.44457  501.39908  3.10%   551 13407s
 10842  7194  511.69549   95 1633  517.44457  501.39908  3.10%   544 13721s
 11543  7840  511.94668  106 1609  517.44457  501.39908  3.10%   533 13751s
 12272  8347  512.31281  120 1581  517.44457  501.39908  3.10%   517 13979s
H12329  8347                     517.4445402  501.39908  3.10%   516 13979s
H12615  8107                     517.1489074  501.39908  3.05%   513 13979s
 12862  8791  512.52498  130 1552  517.14891  501.39908  3.05%   512 14364s
H13419  8735                     517.0992555  501.39908  3.04%   504 14364s
 13585  9197  512.82766  147 1498  517.09926  501.39908  3.04%   501 14920s
 14075  9896  513.00392  155 1474  517.09926  501.39908  3.04%   497 15390s
H14481  9832                     517.0394443  501.39908  3.02%   491 15390s
 14831 11117  513.22527  173 1431  517.03944  501.39908  3.02%   484 15892s
H15139 11104                     517.0296743  501.39908  3.02%   479 15892s
H16201 11961                     517.0291482  501.39908  3.02%   459 16052s
H16202 11951                     517.0227463  501.39908  3.02%   459 16052s
H16205 11925                     517.0048373  501.39908  3.02%   459 16052s
H16244 11913                     516.9951278  501.39908  3.02%   458 16053s
H16245 11881                     516.9753043  501.39908  3.01%   458 16053s
H16313 11767                     516.9250076  501.39908  3.00%   457 16053s
H16680 11753                     516.9167513  501.39908  3.00%   452 16053s
 17147 12961  513.78203  212 1383  516.91675  501.39908  3.00%   444 16371s
H17200 12961                     516.9167199  501.39908  3.00%   443 16371s
H17254 12961                     516.9167131  501.39908  3.00%   442 16371s
 18423 14274  513.98565  223 1369  516.91671  501.39908  3.00%   428 16543s
 19827 15320  514.13617  229 1361  516.91671  501.39908  3.00%   414 16795s
 21118 16236  514.26947  241 1354  516.91671  501.39908  3.00%   405 17049s
 22080 16782  514.96789  262 1288  516.91671  501.39908  3.00%   404 17801s
 22669 17568  514.55967  269 1299  516.91671  501.39908  3.00%   406 18201s
H22732 17568                     516.9167128  501.39908  3.00%   406 18201s
 23516 19034  514.64122  274 1286  516.91671  502.81892  2.73%   404 18476s
 25106 20227  503.27347   23 1734  516.91671  502.83088  2.72%   395 19016s
 26561 21120  506.53550   39 1707  516.91671  502.83088  2.72%   392 19565s
 27528 22726  510.20667   73 1599  516.91671  502.83088  2.72%   392 20219s
 29189 23663  513.03762  146 1493  516.91671  502.83088  2.72%   384 20895s
 30349 25631  514.39897  230 1346  516.91671  502.83088  2.72%   377 21831s
 32453 27410  515.59721  382 1053  516.91671  502.83088  2.72%   371 22962s
H32600 27394                     516.9065280  502.83088  2.72%   369 22963s
H33023 27188                     516.8421189  502.83088  2.71%   366 22963s
 34338 29201  516.43178  565  728  516.84212  502.83088  2.71%   363 24198s
H34400 29168                     516.8330909  502.83088  2.71%   362 24198s
 36556 30598  516.68616  760  383  516.83309  504.36625  2.41%   355 24927s
H36600 30598                     516.8330849  504.36625  2.41%   355 24928s
H36768 30595                     516.8323606  504.40260  2.40%   356 24928s
H36903 30541                     516.8207290  504.40260  2.40%   355 24928s
 38108 33082  513.75052   64 1616  516.82073  504.51469  2.38%   352 25801s
H38268 33082                     516.8207259  504.51469  2.38%   352 25801s
H38613 33082                     516.8207233  504.51469  2.38%   350 25801s
H38799 33082                     516.8206966  504.51469  2.38%   349 25801s
 40792 34823  508.62651   35 1745  516.82070  504.51469  2.38%   345 26699s
 42639 37612 infeasible   37       516.82070  504.51469  2.38%   337 27362s
 45744 39448  512.43496   51 1685  516.82070  504.51469  2.38%   327 28144s
 47867 41005  516.20063   68 1661  516.82070  504.86316  2.31%   326 29030s
 49581 42247  511.51820   68 1678  516.82070  504.86316  2.31%   324 29893s
 50882 43861  513.13740   93 1628  516.82070  504.86316  2.31%   321 31163s
H52733 46173                     516.7785197  504.86316  2.31%   319 32400s
H54404 46164                     516.7777312  505.05963  2.27%   316 32401s
H54821 45970                     516.7587392  505.05963  2.26%   317 32401s
H55323 45902                     516.7524461  505.05963  2.26%   317 32401s
 55623 48852  506.57607   33 1739  516.75245  505.05963  2.26%   316 33042s
H55700 48851                     516.7523691  505.05963  2.26%   316 33042s
H56702 48851                     516.7523310  505.05963  2.26%   313 33042s
 58786 52049  513.32121  111 1555  516.75233  505.05963  2.26%   312 33868s
H62220 54627                     516.7520667  505.05963  2.26%   304 34870s
H62221 54525                     516.7432422  505.43369  2.19%   304 34870s
H62222 54377                     516.7327255  505.43369  2.19%   304 34870s
H62411 54283                     516.7270946  505.53234  2.17%   303 34870s
H62414 53911                     516.6956848  505.53234  2.16%   303 34870s
H62983 53755                     516.6815926  505.57651  2.15%   305 34870s
 65373 54694  507.13278   31 1737  516.68159  505.57651  2.15%   303 35683s
H65400 54694                     516.6815635  505.57651  2.15%   303 35684s
H65428 54485                     516.6691510  505.57651  2.15%   303 35684s
 66617 56736  509.10452   45 1707  516.66915  505.57651  2.15%   308 36912s
 69180 58173  511.71274   75 1611  516.66915  505.57651  2.15%   314 38139s
 70849 59366  513.37110  108 1548  516.66915  505.57651  2.15%   319 39433s
 72184 62002  514.03531  134 1526  516.66915  505.57651  2.15%   323 40505s
 74932 66175  515.36104  192 1400  516.66915  505.71323  2.12%   324 41816s
 79441 70236  511.54748   55 1683  516.66915  505.71323  2.12%   321 43201s
 83860 72788  516.34329  170 1431  516.66915  505.75324  2.11%   317 45478s
 87056 74667  513.81410  103 1605  516.66915  505.90261  2.08%   321 47971s
 89431 76874  510.98608   41 1716  516.66915  505.98045  2.07%   329 50491s
 92242 80692  511.29148   59 1690  516.66915  506.01341  2.06%   338 53859s
 93567 80692  508.02319   39 1722  516.66915  506.05428  2.05%   339 53860s
 96623 85556  506.99319   35 1733  516.66915  506.05428  2.05%   341 56147s
 101909 90262  513.78205  126 1523  516.66915  506.05428  2.05%   338 57625s
 107011 94582  515.55290  209 1373  516.66915  506.08743  2.05%   334 59707s
 111784 96635  510.68711   41 1747  516.66915  506.10126  2.05%   329 61627s
H114269 97674                     516.6312929  506.10126  2.04%   330 62984s
H114270 97669                     516.6312271  506.11837  2.03%   330 62984s
H114335 97249                     516.6177782  506.13434  2.03%   330 62984s
H114703 96928                     516.6068313  506.13434  2.03%   330 62984s
H115656 96918                     516.6062715  506.13434  2.03%   330 62984s
 116634 99922  508.11978   34 1757  516.60627  506.13434  2.03%   331 65318s
H116700 99921                     516.6062165  506.13434  2.03%   331 65319s
H116834 99921                     516.6062142  506.13434  2.03%   331 65319s
H117095 99921                     516.6062126  506.13434  2.03%   331 65319s
H117263 99921                     516.6062064  506.13434  2.03%   331 65319s
 119919 103900  513.84688  101 1605  516.60621  506.16076  2.02%   329 67587s
 124555 106062  510.42631   60 1656  516.60621  506.22333  2.01%   326 69002s
 127016 109807  514.45349  144 1517  516.60621  506.23222  2.01%   327 71310s
 131208 112591  510.35802   65 1693  516.60621  506.27671  2.00%   325 72548s
 134343 115461  513.62090  132 1556  516.60621  506.27671  2.00%   327 74609s
 137594 117865  514.89753  199 1396  516.60621  506.27671  2.00%   329 76075s
 140176 121104  515.70966  286 1229  516.60621  506.27671  2.00%   327 78057s
 143781 124063  516.25066  364 1085  516.60621  506.27671  2.00%   325 80570s
 147138 127465     cutoff  454       516.60621  506.33088  1.99%   324 83432s
 150999 129156 infeasible   61       516.60621  506.33088  1.99%   324 85386s
 153077 133951  512.41657   93 1576  516.60621  506.33088  1.99%   326 89078s
 158371 138754  515.36884  199 1352  516.60621  506.39557  1.98%   328 91114s
 158851 138754  516.11574  140 1483  516.60621  506.39557  1.98%   327 91115s
H163410 142759                     516.6017796  506.39557  1.98%   325 92712s
H163411 142722                     516.6006946  506.39557  1.98%   325 92713s
H163421 142467                     516.5925428  506.39557  1.97%   325 92713s
H163511 142432                     516.5913337  506.39557  1.97%   325 92713s
H163614 142376                     516.5891742  506.39557  1.97%   325 92714s
H163992 142232                     516.5848614  506.39557  1.97%   325 92714s
H164160 142178                     516.5834451  506.39557  1.97%   325 92714s
H166419 142178                     516.5834330  506.39557  1.97%   323 92715s
H167075 142037                     516.5793589  506.39557  1.97%   323 92715s
 167953 145491  515.39684  152 1473  516.57936  506.44441  1.96%   322 95415s
H168000 145489                     516.5793347  506.44441  1.96%   322 95417s
H168526 145489                     516.5793331  506.44789  1.96%   322 95418s
H169972 145489                     516.5793328  506.44789  1.96%   321 95418s
 171908 149010  512.62218   78 1658  516.57933  506.44789  1.96%   321 97424s
 175752 152925  515.81551  190 1403  516.57933  506.46205  1.96%   322 98887s
 180090 156147  512.28608   70 1657  516.57933  506.48145  1.95%   320 100768s
 183637 158422  507.23617   38 1745  516.57933  506.50302  1.95%   318 103178s
 186567 160436  516.07494  100 1602  516.57933  506.51451  1.95%   321 106203s
 189125 165103  511.76099   67 1664  516.57933  506.55991  1.94%   326 109337s
 193919 165103  513.09806   84 1625  516.57933  506.57944  1.94%   326 109340s
 194523 168301  506.66948   34 1764  516.57933  506.57944  1.94%   326 112549s
 198307 171045  515.81640  111 1534  516.57933  506.60216  1.93%   328 115374s
 201111 171045 infeasible   37       516.57933  506.63988  1.92%   330 115375s
 201654 174099  513.07498   90 1602  516.57933  506.63988  1.92%   330 117449s
 205089 177409  516.34048  237 1305  516.57933  506.64011  1.92%   331 119921s
 208774 180987  510.86458   51 1704  516.57933  506.66044  1.92%   330 122157s
 212697 183919  513.75568  120 1562  516.57933  506.67177  1.92%   330 124296s
 215824 189395  515.00047  175 1433  516.57933  506.67177  1.92%   329 126356s
 221526 194018  516.18327  272 1271  516.57933  506.68104  1.92%   327 128321s
 226406 197785  510.62213   66 1676  516.57933  506.68335  1.92%   324 130372s
 230593 200209  513.68664  135 1515  516.57933  506.68335  1.92%   322 131864s
 231333 200209  514.47913  131 1546  516.57933  506.68335  1.92%   321 131865s
 233203 204075  514.79638  184 1416  516.57933  506.68335  1.92%   321 133730s
 237489 205839  515.93238  286 1233  516.57933  506.68335  1.92%   320 135705s
 239427 208847  516.33208  353 1111  516.57933  506.70538  1.91%   319 137774s
 242731 213045  508.84168   47 1680  516.57933  506.70538  1.91%   319 139170s
 247353 216215  514.46089  145 1489  516.57933  506.70538  1.91%   318 140499s
 250552 216215  516.35392  195 1405  516.57933  506.70538  1.91%   316 140500s
 250737 219619     cutoff  286       516.57933  506.73255  1.91%   316 142410s
 254592 221460  513.13708   88 1607  516.57933  506.74258  1.90%   315 143172s
 256566 224123  516.00611  197 1410  516.57933  506.74683  1.90%   315 144548s
 259501 226599  508.88422   52 1685  516.57933  506.75483  1.90%   315 146429s
 262472 228240  512.95586   93 1572  516.57933  506.77123  1.90%   317 147717s
H264476 230186                     516.5739247  506.77123  1.90%   318 149249s
H264867 230176                     516.5737337  506.77123  1.90%   318 149249s
 264920 230176  513.87100   68 1598  516.57373  506.77123  1.90%   318 149250s
H265223 230057                     516.5712806  506.77123  1.90%   318 149250s
H265488 229986                     516.5703214  506.77123  1.90%   318 149251s
H266325 229931                     516.5695211  506.77123  1.90%   318 149252s
H266936 233352                     516.5693922  506.77123  1.90%   318 151075s
H267000 233352                     516.5693914  506.77123  1.90%   318 151077s
H270027 233352                     516.5693908  506.77123  1.90%   318 151079s
 270613 237385  516.03597  255 1283  516.56939  506.78208  1.89%   317 153168s
H270981 237385                     516.5693907  506.78208  1.89%   317 153170s
H271691 237385                     516.5693902  506.78208  1.89%   317 153171s
H272823 237385                     516.5693893  506.78208  1.89%   317 153172s
 275216 240711  511.64957   51 1673  516.56939  506.81192  1.89%   317 154058s
H276070 240711                     516.5693892  506.81214  1.89%   317 154060s
H278304 240711                     516.5693886  506.81214  1.89%   318 154061s
 278984 242573  509.19996   39 1764  516.56939  506.81214  1.89%   318 156199s
H279783 242573                     516.5693882  506.81214  1.89%   318 156200s
 281184 245407 infeasible   61       516.56939  506.81214  1.89%   319 157844s
 281685 245407  516.39843  238 1283  516.56939  506.81214  1.89%   319 157845s
 284319 249326  513.35834   89 1633  516.56939  506.81214  1.89%   320 159988s
H286362 249326                     516.5693859  506.81214  1.89%   319 159991s
 288658 252156  515.34128  161 1497  516.56939  506.81624  1.89%   320 161720s
H289351 252156                     516.5693859  506.81624  1.89%   320 161722s
H289668 252156                     516.5693856  506.81624  1.89%   320 161722s
 291991 254621  507.63631   40 1754  516.56939  506.81624  1.89%   320 164444s
H292314 254621                     516.5693855  506.81624  1.89%   320 164448s
 294802 257374  511.40888   59 1679  516.56939  506.86027  1.88%   321 166941s
 298370 259267  510.22604   52 1665  516.56939  506.86027  1.88%   324 169533s
 300668 261989  513.06985   85 1598  516.56939  506.86027  1.88%   327 171954s
 302521 261989  510.39988   48 1733  516.56939  506.86027  1.88%   328 171955s
H302531 261902                     516.5677068  506.86027  1.88%   328 171956s
 303639 265124  514.98984  136 1484  516.56771  506.88664  1.87%   328 174246s
H303700 265124                     516.5676976  506.88664  1.87%   328 174247s
H304319 265123                     516.5676827  506.88664  1.87%   328 174248s
H304381 265123                     516.5676778  506.88664  1.87%   329 174249s
H306391 265123                     516.5676773  506.88664  1.87%   328 174250s
 307327 269181  512.63948   72 1647  516.56768  506.89700  1.87%   328 176174s
 311793 271307  507.62421   40 1748  516.56768  506.89845  1.87%   328 177453s
 314231 273830  508.58453   48 1695  516.56768  506.89845  1.87%   327 179480s
 317324 277191  514.16220  156 1501  516.56768  506.90510  1.87%   328 180609s
 320895 280345  508.94445   36 1776  516.56768  506.92942  1.87%   328 182073s
 324217 284018  511.10848   51 1719  516.56768  506.93133  1.87%   327 185001s
 328405 287049  509.55677   42 1726  516.56768  506.93221  1.87%   327 186532s
 332076 289655  516.48382  115 1549  516.56768  506.93595  1.86%   328 187951s
 334990 292066  509.53945   51 1705  516.56768  506.94765  1.86%   328 189975s
 337614 295906  514.64834  108 1598  516.56768  506.95071  1.86%   328 191197s
 341809 298379  507.51051   40 1733  516.56768  506.95778  1.86%   327 193162s
 344475 301228  507.61185   41 1737  516.56768  506.95778  1.86%   326 194579s
 346141 301228  507.60054   38 1759  516.56768  506.95778  1.86%   326 194580s
 347801 305359  512.72901   96 1597  516.56768  506.96356  1.86%   326 196260s
 352424 309052  510.11021   55 1695  516.56768  506.97595  1.86%   326 198763s
 356621 312182  515.90232  232 1337  516.56768  506.97871  1.86%   326 200257s
 360232 315148  515.95168  124 1565  516.56768  506.98192  1.86%   327 201831s
 363542 318746  513.61012   87 1635  516.56768  506.99149  1.85%   327 203639s
 367547 322091  511.60230   63 1661  516.56768  506.99149  1.85%   327 205605s
 371389 324846  516.08925  154 1501  516.56768  506.99924  1.85%   326 207329s
 374369 328064  513.00633   99 1627  516.56768  506.99924  1.85%   326 209906s
 378082 331277  516.50407  230 1332  516.56768  507.02061  1.85%   326 211522s
 381576 334297  510.39558   46 1688  516.56768  507.02061  1.85%   326 213658s
 385140 337419  516.50027  162 1458  516.56768  507.02689  1.85%   326 215431s
 388701 341063  511.08466   49 1701  516.56768  507.03466  1.85%   326 217002s
 392920 345108  511.39565   59 1679  516.56768  507.04832  1.84%   326 219506s
 397378 347927  509.12211   56 1734  516.56768  507.04832  1.84%   326 221016s
 400416 352887  513.89204  144 1507  516.56768  507.05337  1.84%   326 223686s
 405894 354683  510.42156   65 1655  516.56768  507.05337  1.84%   325 225033s
 408068 356863  513.85746  135 1514  516.56768  507.05337  1.84%   326 226621s
 410666 358995  515.86384  268 1252  516.56768  507.05453  1.84%   327 229414s
 413452 361896  510.89923   53 1686  516.56768  507.08551  1.84%   327 231450s
 416928 365044  511.23145   65 1635  516.56768  507.09811  1.83%   328 233412s
 419707 365044  510.11125   51 1682  516.56768  507.09811  1.83%   329 233415s
 420514 369897  514.87328  150 1469  516.56768  507.10443  1.83%   329 235267s
 425919 373295  515.32552  105 1548  516.56768  507.12356  1.83%   328 237112s
 429763 375931  511.01362   57 1713  516.56768  507.12486  1.83%   328 238933s
 432734 380436  514.89342  130 1553  516.56768  507.12774  1.83%   328 240811s
 437725 383403  515.08705  128 1548  516.56768  507.13153  1.83%   328 243523s
 441316 388061  512.23886   90 1589  516.56768  507.14025  1.83%   328 245571s

Cutting planes:
  Learned: 26
  Gomory: 27
  Cover: 767
  Implied bound: 62
  Projected implied bound: 265
  Clique: 14
  MIR: 1032
  Flow cover: 3598
  GUB cover: 9
  Inf proof: 3
  Zero half: 67
  RLT: 1297
  Relax-and-lift: 206

Explored 446348 nodes (146150188 simplex iterations) in 245573.48 seconds
Thread count was 32 (of 32 available processors)

Solution count 10: 516.568 516.568 516.568 ... 516.569

Solve interrupted
Warning: max constraint violation (7.1718e-06) exceeds tolerance
Best objective 5.165676772895e+02, best bound 5.071402485922e+02, gap 1.8250%
