
Gurobi 9.1.0 (linux64) logging started Thu Aug  5 01:56:35 2021

Changed value of parameter LogFile to eab_parasitoid_fastdisp_0_2.log
   Prev:   Default: 
Changed value of parameter MIPGap to 0.01
   Prev: 0.0001  Min: 0.0  Max: inf  Default: 0.0001
Changed value of parameter Method to 2
   Prev: -1  Min: -1  Max: 5  Default: -1
Changed value of parameter MIPFocus to 2
   Prev: 0  Min: 0  Max: 3  Default: 0
Changed value of parameter RINS to 100
   Prev: -1  Min: -1  Max: 2000000000  Default: -1
Gurobi Optimizer version 9.1.0 build v9.1.0rc0 (linux64)
Thread count: 32 physical cores, 32 logical processors, using up to 32 threads
Optimize a model with 205176 rows, 134930 columns and 701600 nonzeros
Model fingerprint: 0xfe4ef901
Variable types: 55774 continuous, 79156 integer (79156 binary)
Coefficient statistics:
  Matrix range     [2e-04, 1e+06]
  Objective range  [1e-06, 1e-01]
  Bounds range     [1e+00, 6e+03]
  RHS range        [1e-04, 1e+06]
Presolve removed 172671 rows and 104772 columns (presolve time = 6s) ...
Presolve removed 184404 rows and 116664 columns (presolve time = 10s) ...
Presolve removed 192366 rows and 124417 columns (presolve time = 16s) ...
Presolve removed 193281 rows and 125002 columns (presolve time = 20s) ...
Presolve removed 194591 rows and 126291 columns (presolve time = 25s) ...
Presolve removed 194631 rows and 126317 columns
Presolve time: 28.25s
Presolved: 10545 rows, 8613 columns, 138133 nonzeros
Variable types: 3480 continuous, 5133 integer (5129 binary)
Presolve removed 23 rows and 18 columns
Presolved: 10522 rows, 8595 columns, 138080 nonzeros

Root barrier log...

Ordering time: 0.99s

Barrier statistics:
 Dense cols : 148
 AA' NZ     : 6.001e+05
 Factor NZ  : 3.339e+06 (roughly 35 MBytes of memory)
 Factor Ops : 2.985e+09 (less than 1 second per iteration)
 Threads    : 31

                  Objective                Residual
Iter       Primal          Dual         Primal    Dual     Compl     Time
   0   2.25059516e+03 -1.50934665e+04  2.19e+04 1.68e-01  4.16e+01    32s
   1   1.79487573e+03 -1.62503750e+04  1.50e+04 2.75e-01  2.73e+01    32s
   2   9.15519063e+02 -1.45956048e+04  1.96e+03 4.51e-13  4.14e+00    32s
   3   7.30595092e+02 -8.08316598e+03  3.82e+02 4.97e-12  9.14e-01    33s
   4   6.32660521e+02 -3.45166135e+03  4.91e+01 2.46e-12  2.00e-01    33s
   5   6.15215155e+02 -5.91293545e+02  1.69e+01 5.33e-15  5.21e-02    33s
   6   6.04598964e+02  2.12271166e+02  4.55e+00 7.11e-15  1.56e-02    33s
   7   5.98754481e+02  4.42060995e+02  1.02e+00 1.15e-14  5.94e-03    33s
   8   5.96447814e+02  5.30684664e+02  3.74e-01 3.11e-15  2.47e-03    34s
   9   5.94423407e+02  5.58580733e+02  2.05e-03 6.98e-16  1.33e-03    34s
  10   5.93287703e+02  5.67688678e+02  1.08e-03 4.64e-16  9.45e-04    34s
  11   5.92751812e+02  5.81541069e+02  6.71e-04 2.57e-16  4.13e-04    34s
  12   5.92062694e+02  5.86417614e+02  2.67e-04 5.33e-15  2.07e-04    34s
  13   5.91730426e+02  5.89321969e+02  1.11e-04 2.22e-16  8.84e-05    34s
  14   5.91507643e+02  5.90419660e+02  4.78e-05 2.22e-15  3.99e-05    35s
  15   5.91445261e+02  5.90920591e+02  3.32e-05 2.66e-15  1.93e-05    35s
  16   5.91404372e+02  5.91021071e+02  2.39e-05 2.66e-15  1.41e-05    35s
  17   5.91375316e+02  5.91048754e+02  1.78e-05 1.78e-15  1.20e-05    35s
  18   5.91357706e+02  5.91162673e+02  1.35e-05 1.78e-15  7.16e-06    35s
  19   5.91331816e+02  5.91212820e+02  7.60e-06 2.22e-16  4.37e-06    35s
  20   5.91309290e+02  5.91268600e+02  1.89e-06 1.11e-16  1.49e-06    36s
  21   5.91302966e+02  5.91291082e+02  5.61e-07 1.11e-16  4.36e-07    36s
  22   5.91302058e+02  5.91298141e+02  3.86e-07 1.11e-16  1.44e-07    36s
  23   5.91301218e+02  5.91299045e+02  2.24e-07 2.22e-16  7.98e-08    36s
  24   5.91300691e+02  5.91299480e+02  1.23e-07 2.22e-16  4.45e-08    36s
  25   5.91300323e+02  5.91299789e+02  5.06e-08 8.88e-16  1.96e-08    37s
  26   5.91300152e+02  5.91299932e+02  1.68e-08 5.77e-15  8.10e-09    37s
  27   5.91300074e+02  5.91300024e+02  1.70e-09 3.55e-15  1.82e-09    37s
  28   5.91300064e+02  5.91300059e+02  8.48e-12 6.67e-16  1.92e-10    37s
  29   5.91300064e+02  5.91300063e+02  1.34e-12 5.91e-15  3.73e-11    37s

Barrier solved model in 29 iterations and 37.27 seconds
Optimal objective 5.91300064e+02


Root crossover log...

     741 DPushes remaining with DInf 0.0000000e+00                37s
       0 DPushes remaining with DInf 0.0000000e+00                37s

    4488 PPushes remaining with PInf 1.2308715e-06                37s
       0 PPushes remaining with PInf 0.0000000e+00                38s

  Push phase complete: Pinf 0.0000000e+00, Dinf 6.8175036e-05     38s


Root simplex log...

Iteration    Objective       Primal Inf.    Dual Inf.      Time
    5102    5.9130006e+02   0.000000e+00   6.817504e-05     38s
    5106    5.9130006e+02   0.000000e+00   0.000000e+00     38s
    5106    5.9130006e+02   0.000000e+00   0.000000e+00     38s

Root relaxation: objective 5.913001e+02, 5106 iterations, 8.50 seconds
Total elapsed time = 40.00s

    Nodes    |    Current Node    |     Objective Bounds      |     Work
 Expl Unexpl |  Obj  Depth IntInf | Incumbent    BestBd   Gap | It/Node Time

     0     0  591.44390    0 2070          -  591.44390      -     -   43s
     0     0  593.41360    0 2596          -  593.41360      -     -   55s
     0     0  593.99973    0 2735          -  593.99973      -     -   89s
     0     0  594.04114    0 2734          -  594.04114      -     -   99s
     0     0  594.04702    0 2751          -  594.04702      -     -  102s
     0     0  594.04732    0 2751          -  594.04732      -     -  103s
H    0     0                     652.2838920  594.04732  8.93%     -  159s
H    0     0                     652.2794214  594.04732  8.93%     -  159s
     0     0  596.33590    0 2707  652.27942  596.33590  8.58%     -  189s
H    0     0                     652.2402942  596.33590  8.57%     -  193s
H    0     0                     648.4928776  596.33590  8.04%     -  261s
H    0     0                     643.4421699  596.33590  7.32%     -  261s
     0     0  596.85194    0 2582  643.44217  596.85194  7.24%     -  262s
     0     0  597.06090    0 2518  643.44217  597.06090  7.21%     -  329s
     0     0  597.08436    0 2517  643.44217  597.08436  7.20%     -  370s
     0     0  597.12172    0 2518  643.44217  597.12172  7.20%     -  389s
     0     0  597.12191    0 2522  643.44217  597.12191  7.20%     -  396s
H    0     0                     625.6314265  597.12191  4.56%     -  575s
     0     0  597.97921    0 2514  625.63143  597.97921  4.42%     -  577s
     0     0  598.18310    0 2466  625.63143  598.18310  4.39%     -  694s
H    0     0                     625.6309579  598.18310  4.39%     -  774s
H    0     0                     625.6142600  598.18310  4.38%     -  774s
     0     0  598.24513    0 2474  625.61426  598.24513  4.37%     -  775s
     0     0  598.25326    0 2490  625.61426  598.25326  4.37%     -  796s
     0     0  598.25636    0 2489  625.61426  598.25636  4.37%     -  811s
H    0     0                     625.5298164  598.25636  4.36%     -  931s
H    0     0                     625.5296762  598.25636  4.36%     -  931s
H    0     0                     625.5294293  598.25636  4.36%     -  931s
H    0     0                     625.5292991  598.25636  4.36%     -  931s
     0     0  598.48379    0 2480  625.52930  598.48379  4.32%     -  932s
H    0     0                     625.4046631  598.48379  4.30%     - 1010s
H    0     0                     625.2116943  598.48379  4.28%     - 1010s
H    0     0                     625.1491458  598.48379  4.27%     - 1010s
H    0     0                     624.2947577  598.48379  4.13%     - 1010s
H    0     0                     616.4353321  598.48379  2.91%     - 1010s
     0     0  598.56356    0 2426  616.43533  598.56356  2.90%     - 1023s
H    0     0                     616.4290753  598.56356  2.90%     - 1033s
H    0     0                     616.1780556  598.56356  2.86%     - 1033s
     0     0  598.57612    0 2460  616.17806  598.57612  2.86%     - 1033s
H    0     0                     615.7446026  598.57612  2.79%     - 1042s
     0     0  598.57975    0 2437  615.74460  598.57975  2.79%     - 1042s
H    0     0                     615.4928785  598.57975  2.75%     - 1051s
H    0     0                     614.8911372  598.57975  2.65%     - 1082s
H    0     0                     614.8645016  598.57975  2.65%     - 1082s
     0     0  598.74479    0 2399  614.86450  598.74479  2.62%     - 1082s
     0     0  598.84102    0 2444  614.86450  598.84102  2.61%     - 1107s
H    0     0                     614.8644986  598.84102  2.61%     - 1113s
     0     0  598.85024    0 2408  614.86450  598.85024  2.60%     - 1113s
     0     0  598.85194    0 2425  614.86450  598.85194  2.60%     - 1118s
H    0     0                     614.8213999  598.85194  2.60%     - 1138s
H    0     0                     614.8145275  598.85194  2.60%     - 1172s
     0     0  599.73508    0 2387  614.81453  599.73508  2.45%     - 1172s
     0     0  599.83112    0 2411  614.81453  599.83112  2.44%     - 1225s
H    0     0                     614.7778111  599.83112  2.43%     - 1248s
     0     0  599.86204    0 2379  614.77781  599.86204  2.43%     - 1248s
     0     0  599.87804    0 2414  614.77781  599.87804  2.42%     - 1257s
     0     0  599.88136    0 2420  614.77781  599.88136  2.42%     - 1269s
H    0     0                     614.6872968  599.88136  2.41%     - 1360s
H    0     0                     614.6853593  599.88136  2.41%     - 1360s
     0     0  599.95253    0 2362  614.68536  599.95253  2.40%     - 1361s
     0     0  599.97549    0 2408  614.68536  599.97549  2.39%     - 1389s
     0     0  599.98913    0 2428  614.68536  599.98913  2.39%     - 1394s
     0     0  599.99174    0 2430  614.68536  599.99174  2.39%     - 1396s
     0     0  600.06788    0 2392  614.68536  600.06788  2.38%     - 1463s
H    0     0                     614.6853285  600.06788  2.38%     - 1465s
H    0     0                     614.6848872  600.06788  2.38%     - 1482s
     0     0  600.08631    0 2356  614.68489  600.08631  2.37%     - 1482s
     0     0  600.09289    0 2364  614.68489  600.09289  2.37%     - 1487s
     0     0  600.11455    0 2341  614.68489  600.11455  2.37%     - 1504s
     0     0  600.11455    0 2340  614.68489  600.11455  2.37%     - 1507s
H    0     0                     614.6382933  600.11455  2.36%     - 2572s
     0     2  600.11455    0 2340  614.63829  600.11455  2.36%     - 2576s
H    1     4                     614.6382932  600.11455  2.36%   294 2600s
     3     6  610.05978    2 2278  614.63829  601.07520  2.21%  4126 2799s
     7     8     cutoff    3       614.63829  601.31632  2.17%  5408 2884s
    13    12  601.64451    4 2350  614.63829  601.60864  2.12%  6151 3201s
    21    16  603.65494    5 2248  614.63829  601.64464  2.11%  5789 3454s
    24    16  604.71088    5 2254  614.63829  602.13181  2.03%  5939 3455s
    33    20     cutoff    6       614.63829  602.13181  2.03%  5966 3683s
    49    34  602.62580    7 2280  614.63829  602.24478  2.02%  6308 3842s
    69    56  603.05964    8 2306  614.63829  602.63217  1.95%  6232 4183s
   101    86  612.51969    9 2208  614.63829  603.05969  1.88%  6243 5005s
   133   113  612.59538   10 2215  614.63829  603.29952  1.84%  6332 5437s
H  165   141                     614.6117517  603.29952  1.84%  5812 5729s
H  166   141                     614.5850462  603.29952  1.84%  5782 5729s
H  167   141                     614.5528886  603.29952  1.83%  5756 5729s
H  170   141                     614.5325081  603.29952  1.83%  5700 5729s
H  186   141                     614.5093982  603.29952  1.82%  5400 5729s
   197   166  613.27780   11 2195  614.50940  603.29952  1.82%  5209 5896s
H  236   187                     614.5093977  603.29952  1.82%  4690 6109s
H  237   187                     614.5093972  603.29952  1.82%  4675 6109s
H  239   187                     614.5093970  603.29952  1.82%  4660 6109s
H  254   187                     614.5093966  603.29952  1.82%  4544 6109s
   269   220  613.29006   12 2201  614.50940  603.29952  1.82%  4423 6361s
   310   249  613.35589   13 2183  614.50940  603.29952  1.82%  4216 6597s
   350   281  614.09451   13 2172  614.50940  603.29952  1.82%  4087 7001s
   400   290     cutoff   14       614.50940  603.29952  1.82%  3905 10124s
H  424   290                     614.2805377  603.29952  1.79%  3861 10124s
   433   306     cutoff   14       614.28054  603.29952  1.79%  3844 12440s
H  435   306                     614.2708281  603.29952  1.79%  3840 12440s
H  437   306                     613.9969133  603.29952  1.74%  3832 12440s
H  443   306                     613.9664349  603.29952  1.74%  3811 12440s
H  447   306                     613.9376280  603.29952  1.73%  3785 12440s
   469   322  613.55350   14 2195  613.93763  603.29952  1.73%  3719 12713s
   523   371  613.66213   14 2183  613.93763  603.29952  1.73%  3585 13050s
   586   432     cutoff   15       613.93763  603.29952  1.73%  3465 13508s
   661   477     cutoff   15       613.93763  603.29952  1.73%  3294 13900s
   728   581     cutoff   15       613.93763  603.29952  1.73%  3151 14226s
   838   695     cutoff   15       613.93763  603.29952  1.73%  2909 14503s
   960   808  612.78989   17 2180  613.93763  603.29952  1.73%  2670 14695s
  1094   943  613.84382   18 2134  613.93763  603.29952  1.73%  2466 15207s
H 1103   943                     613.9376237  603.29952  1.73%  2450 15207s
H 1118   943                     613.9356008  603.29952  1.73%  2430 15207s
H 1143   943                     613.9152217  603.29952  1.73%  2391 15207s
H 1188   943                     613.9026848  603.29952  1.73%  2335 15207s
H 1241   943                     613.8683567  603.29952  1.72%  2261 15207s
  1242  1084  613.82821   19 2111  613.86836  603.29952  1.72%  2265 15278s
  1409  1249     cutoff   19       613.86836  603.29952  1.72%  2089 15387s
  1591  1404     cutoff   19       613.86836  603.29952  1.72%  1940 16207s
H 1613  1404                     613.8635085  603.29952  1.72%  1918 16207s
H 1710  1404                     613.8459965  603.29952  1.72%  1842 16207s
  1786  1591     cutoff   19       613.84600  603.32467  1.71%  1797 16512s
  2006  1803  603.40673   11 2156  613.84600  603.32467  1.71%  1675 16839s
  2242  1989  604.37464   14 2138  613.84600  603.32467  1.71%  1573 17031s
  2493  2118  604.43816   15 2132  613.84600  603.32467  1.71%  1467 19203s
H 2507  2117                     613.8319836  603.32467  1.71%  1463 19203s
H 2515  2103                     613.8126125  603.32467  1.71%  1458 19203s
  2654  2333  604.80832   18 2114  613.81261  603.32467  1.71%  1432 19370s
H 2945  2332                     613.8126109  603.32467  1.71%  1347 20043s
  2946  2333  612.45635   89 2340  613.81261  603.32467  1.71%  1347 20148s
H 2947  2217                     613.8125194  603.32467  1.71%  1346 20159s
  2948  2217  613.56520  101 2107  613.81252  603.32467  1.71%  1346 20162s
  2949  2218  611.61162   52 2566  613.81252  603.32467  1.71%  1345 20186s
  2950  2219  609.73479   27 2512  613.81252  603.32467  1.71%  1345 20202s
  2951  2219  612.69962  103 2449  613.81252  603.32467  1.71%  1344 20228s
  2952  2220  613.46282   29 2424  613.81252  603.32467  1.71%  1344 20265s
  2953  2221  609.94039   35 2409  613.81252  603.32467  1.71%  1343 20295s
  2954  2221  606.30722   12 2385  613.81252  603.32467  1.71%  1343 20351s
  2955  2222  610.87218   63 2294  613.81252  603.32467  1.71%  1343 20390s
  2956  2223  613.15649   52 2291  613.81252  603.32467  1.71%  1342 20413s
H 2956  2111                     613.8125040  603.32467  1.71%  1342 20424s
  2958  2112  608.78023   26 2309  613.81250  603.32467  1.71%  1341 20482s
  2959  2113  611.15283   72 2271  613.81250  603.32467  1.71%  1341 20504s
  2960  2113  610.50385   53 2277  613.81250  603.32467  1.71%  1340 20539s
H 2960  2008                     613.8124991  603.32467  1.71%  1340 20568s
  2961  2009  609.02108   30 2292  613.81250  603.32467  1.71%  1340 20574s
  2962  2010  610.43687   21 2285  613.81250  603.32467  1.71%  1339 20620s
  2963  2010  613.33753   68 2306  613.81250  603.32467  1.71%  1339 20683s
  2964  2011  612.03536   37 2176  613.81250  603.32467  1.71%  1338 21068s
  2965  2012  612.19472   30 2164  613.81250  603.32467  1.71%  1338 21203s
  2966  2012  610.82056   41 2189  613.81250  603.32467  1.71%  1338 21271s
H 2966  1911                     613.8124936  603.32467  1.71%  1338 21304s
  2967  1912  610.31503   49 2193  613.81249  603.32467  1.71%  1337 21360s
  2968  1913  613.43298  105 2164  613.81249  603.32467  1.71%  1337 21537s
  2969  1913  613.06587   15 2188  613.81249  603.32467  1.71%  1336 21575s
  2970  1914  611.61076   51 2208  613.81249  603.32467  1.71%  1336 21606s
  2971  1915  611.12518   42 2249  613.81249  603.32467  1.71%  1335 21679s
H 2971  1818                     613.8121185  603.32467  1.71%  1335 21832s
H 2972  1727                     613.8120675  603.32467  1.71%  1335 21869s
  2974  1729  613.09152  122 2241  613.81207  603.32467  1.71%  1334 21907s
H 2974  1642                     613.8120609  603.41248  1.69%  1334 21915s
  2975  1642  610.88189   65 2244  613.81206  603.41784  1.69%  1333 21943s
  2976  1643  613.43930   85 2232  613.81206  603.76094  1.64%  1333 22058s
  2977  1644  613.79072   10 2232  613.81206  603.76094  1.64%  1333 22112s
H 2977  1561                     613.8120174  603.76094  1.64%  1333 24615s
H 2978  1485                     613.8120171  603.76094  1.64%  1372 24631s
  2979  1487  605.94301   11 2142  613.81202  603.76094  1.64%  1372 26273s
  2981  1490  608.31711   12 2183  613.81202  603.76094  1.64%  1374 26996s
  2985  1497  609.32122   13 2148  613.81202  603.76094  1.64%  1383 27711s
  2993  1492     cutoff   14       613.81202  603.76094  1.64%  1418 28031s
  3009  1499  603.76094   15 2101  613.81202  603.76094  1.64%  1452 28343s
  3023  1500  606.29591   16 2085  613.81202  603.76094  1.64%  1488 28534s
H 3049  1435                     613.8120164  603.91393  1.61%  1528 28772s
H 3050  1363                     613.8119658  603.91393  1.61%  1530 28772s
  3081  1367     cutoff   18       613.81197  604.07833  1.59%  1573 28993s
H 3113  1313                     613.8085556  604.34601  1.54%  1643 29193s
  3145  1325  606.78757   20 2116  613.80856  604.34601  1.54%  1666 29896s
  3177  1330  607.62712   21 2037  613.80856  604.34601  1.54%  1695 30436s
  3209  1346  609.51756   22 2007  613.80856  604.34601  1.54%  1740 30535s
  3254  1347  609.80993   23 1985  613.80856  604.34601  1.54%  1753 31080s
  3288  1363  610.65396   24 2005  613.80856  604.34601  1.54%  1771 31204s
  3342  1381  611.60651   26 1972  613.80856  604.34601  1.54%  1790 31327s
  3412  1386  612.21714   29 1942  613.80856  604.34601  1.54%  1804 31457s
  3476  1388  613.26658   30 1951  613.80856  604.34601  1.54%  1828 31689s
  3538  1377 infeasible   31       613.80856  604.34601  1.54%  1838 32057s
  3609  1386 infeasible   30       613.80856  604.72980  1.48%  1853 32582s
  3686  1387  605.46287   19 2122  613.80856  604.72980  1.48%  1867 32984s
  3760  1372  606.97168   20 2065  613.80856  604.72980  1.48%  1883 33402s
  3845  1356  607.76898   21 2033  613.80856  604.72980  1.48%  1897 33671s
  3924  1355  609.02515   23 2038  613.80856  604.72980  1.48%  1917 33952s
  4011  1335  610.99079   25 2018  613.80856  604.72980  1.48%  1930 35688s
  4056  1369  612.96516   26 2030  613.80856  604.72980  1.48%  1940 36280s
  4161  1390     cutoff   28       613.80856  604.72980  1.48%  1951 36812s
  4281  1400     cutoff   29       613.80856  605.03673  1.43%  1960 37258s
  4409  1415  606.26718   20 2112  613.80856  605.03673  1.43%  1980 37730s
  4536  1470  607.80029   22 2050  613.80856  605.03673  1.43%  1990 38320s
  4693  1535  608.80218   24 2024  613.80856  605.03673  1.43%  1982 39722s
  4862  1612  610.02241   28 2019  613.80856  605.03673  1.43%  1970 40370s
  5060  1665  611.08349   33 2036  613.80856  605.03673  1.43%  1956 40922s
  5285  1720  611.99908   42 2028  613.80856  605.03673  1.43%  1932 41312s
  5503  1796  612.62008   54 1954  613.80856  605.03673  1.43%  1917 41673s
  5725  1880  613.21850   70 1931  613.80856  605.03673  1.43%  1894 42336s
  5977  1933  613.42127   87 1858  613.80856  605.03673  1.43%  1871 42799s
  6251  2060  613.52368  106 1818  613.80856  605.03673  1.43%  1845 43886s
  6540  2153  613.59717  127 1763  613.80856  605.03673  1.43%  1816 44445s
  6825  2290  613.73548  150 1673  613.80856  605.03673  1.43%  1792 45707s
  7150  2456 infeasible  174       613.80856  605.30135  1.39%  1774 46144s
  7425  2611  612.85648   22 2022  613.80856  605.30135  1.39%  1765 46934s
  7696  2667     cutoff   23       613.80856  605.30135  1.39%  1760 48198s
  7851  2890  613.56882   24 2013  613.80856  605.30135  1.39%  1770 48758s
  8195  2982     cutoff   25       613.80856  606.26765  1.23%  1748 51028s
  8382  3233  612.38860   33 1968  613.80856  607.15846  1.08%  1748 52180s
  8730  3623  613.01583   35 1969  613.80856  607.15846  1.08%  1730 52765s
  9285  3866     cutoff   37       613.80856  607.35813  1.05%  1675 53811s
  9630  4188  609.47852   23 2046  613.80856  607.47834  1.03%  1663 54308s
 10101  4393  611.59697   28 2005  613.80856  607.47834  1.03%  1634 54965s
 10533  4539  613.24717   38 2014  613.80856  607.89849  0.96%  1624 55751s

Cutting planes:
  Learned: 38
  Gomory: 35
  Cover: 224
  Implied bound: 78
  Projected implied bound: 273
  Clique: 9
  MIR: 790
  StrongCG: 1
  Flow cover: 4252
  GUB cover: 7
  Zero half: 78
  RLT: 1778
  Relax-and-lift: 343

Explored 10860 nodes (17877129 simplex iterations) in 55753.92 seconds
Thread count was 32 (of 32 available processors)

Solution count 10: 613.809 613.812 613.812 ... 613.813

Optimal solution found (tolerance 1.00e-02)
Best objective 6.138085556987e+02, best bound 6.078984898839e+02, gap 0.9629%
