
Gurobi 9.1.0 (linux64) logging started Wed Aug 18 10:57:54 2021

Changed value of parameter LogFile to eab_parasitoid_1_0_area.log
   Prev:   Default: 
Changed value of parameter MIPGap to 0.01
   Prev: 0.0001  Min: 0.0  Max: inf  Default: 0.0001
Changed value of parameter Method to 2
   Prev: -1  Min: -1  Max: 5  Default: -1
Changed value of parameter MIPFocus to 2
   Prev: 0  Min: 0  Max: 3  Default: 0
Changed value of parameter RINS to 100
   Prev: -1  Min: -1  Max: 2000000000  Default: -1
Gurobi Optimizer version 9.1.0 build v9.1.0rc0 (linux64)
Thread count: 32 physical cores, 32 logical processors, using up to 32 threads
Optimize a model with 203386 rows, 134930 columns and 685029 nonzeros
Model fingerprint: 0x923f69ea
Variable types: 55774 continuous, 79156 integer (79156 binary)
Coefficient statistics:
  Matrix range     [2e-04, 6e+05]
  Objective range  [1e+00, 1e+00]
  Bounds range     [1e+00, 6e+03]
  RHS range        [1e-04, 6e+05]
Presolve removed 184949 rows and 119569 columns (presolve time = 5s) ...
Presolve removed 192299 rows and 126081 columns (presolve time = 10s) ...
Presolve removed 194903 rows and 128077 columns (presolve time = 15s) ...
Presolve removed 197073 rows and 129512 columns (presolve time = 20s) ...
Presolve removed 197436 rows and 129799 columns
Presolve time: 21.60s
Presolved: 5950 rows, 5131 columns, 80291 nonzeros
Variable types: 1954 continuous, 3177 integer (3177 binary)
Presolve removed 13 rows and 9 columns
Presolved: 5937 rows, 5122 columns, 80235 nonzeros

Root barrier log...

Ordering time: 0.46s

Barrier statistics:
 Dense cols : 75
 AA' NZ     : 2.978e+05
 Factor NZ  : 1.161e+06 (roughly 14 MBytes of memory)
 Factor Ops : 7.129e+08 (less than 1 second per iteration)
 Threads    : 31

                  Objective                Residual
Iter       Primal          Dual         Primal    Dual     Compl     Time
   0   4.56011595e+04 -1.26944650e+05  2.32e+04 1.06e+00  9.58e+02    24s
   1   3.18113246e+04 -1.49339488e+05  1.56e+04 5.16e+00  6.31e+02    24s
   2   4.44530516e+03 -1.57167881e+05  1.69e+03 3.41e-13  7.80e+01    24s
   3   1.03385754e+03 -1.00437471e+05  8.10e+01 1.17e-13  9.05e+00    24s
   4   8.71198380e+02 -1.52891446e+04  3.53e+00 3.95e-14  1.04e+00    24s
   5   8.23388727e+02 -2.02729816e+03  1.98e-05 7.55e-15  1.79e-01    25s
   6   7.37500740e+02  1.05342687e+01  6.18e-06 2.00e-15  4.57e-02    25s
   7   6.69732734e+02  4.58426656e+02  1.55e-06 1.78e-15  1.33e-02    25s
   8   6.59775650e+02  5.77951346e+02  8.31e-07 1.78e-15  5.14e-03    25s
   9   6.50989255e+02  6.20957860e+02  2.34e-07 1.78e-15  1.89e-03    25s
  10   6.49146478e+02  6.41136139e+02  1.11e-07 1.78e-15  5.03e-04    25s
  11   6.48044235e+02  6.45362814e+02  3.60e-08 3.55e-15  1.68e-04    26s
  12   6.47812489e+02  6.46495078e+02  2.16e-08 1.78e-15  8.27e-05    26s
  13   6.47523032e+02  6.47215830e+02  1.34e-09 3.55e-15  1.93e-05    26s
  14   6.47491281e+02  6.47475220e+02  2.77e-11 3.55e-15  1.01e-06    26s
  15   6.47490413e+02  6.47490397e+02  3.31e-12 7.11e-15  1.01e-09    26s
  16   6.47490412e+02  6.47490412e+02  2.46e-12 1.78e-15  9.57e-13    26s

Barrier solved model in 16 iterations and 26.39 seconds
Optimal objective 6.47490412e+02


Root crossover log...

     102 DPushes remaining with DInf 0.0000000e+00                26s
       0 DPushes remaining with DInf 0.0000000e+00                26s

    4461 PPushes remaining with PInf 0.0000000e+00                26s
       0 PPushes remaining with PInf 0.0000000e+00                27s

  Push phase complete: Pinf 0.0000000e+00, Dinf 0.0000000e+00     27s


Root simplex log...

Iteration    Objective       Primal Inf.    Dual Inf.      Time
    4488    6.4749041e+02   0.000000e+00   0.000000e+00     27s
    4488    6.4749041e+02   0.000000e+00   0.000000e+00     27s

Root relaxation: objective 6.474904e+02, 4488 iterations, 4.27 seconds

    Nodes    |    Current Node    |     Objective Bounds      |     Work
 Expl Unexpl |  Obj  Depth IntInf | Incumbent    BestBd   Gap | It/Node Time

     0     0  647.49041    0  124          -  647.49041      -     -   29s
     0     0  647.49041    0  248          -  647.49041      -     -   30s
     0     0  647.49041    0  243          -  647.49041      -     -   31s
     0     0  647.50335    0  365          -  647.50335      -     -   35s
     0     0  647.50547    0  388          -  647.50547      -     -   35s
     0     0  647.50559    0  394          -  647.50559      -     -   36s
     0     0  648.51955    0  404          -  648.51955      -     -   40s
     0     0  648.52198    0  445          -  648.52198      -     -   41s
     0     0  648.52225    0  453          -  648.52225      -     -   41s
     0     0  648.84438    0  488          -  648.84438      -     -   44s
     0     0  648.86095    0  496          -  648.86095      -     -   46s
     0     0  648.86102    0  493          -  648.86102      -     -   46s
     0     0  649.04433    0  512          -  649.04433      -     -   54s
     0     0  649.05104    0  521          -  649.05104      -     -   55s
     0     0  649.05111    0  539          -  649.05111      -     -   55s
     0     0  649.56053    0  460          -  649.56053      -     -   64s
H    0     0                     739.9829403  649.56053  12.2%     -   66s
H    0     0                     738.9770179  649.56053  12.1%     -   66s
H    0     0                     730.9503232  649.56053  11.1%     -   67s
     0     0  649.56217    0  474  730.95032  649.56217  11.1%     -   68s
     0     0  649.56260    0  487  730.95032  649.56260  11.1%     -   68s
     0     0  649.57028    0  489  730.95032  649.57028  11.1%     -   73s
     0     0  649.57359    0  494  730.95032  649.57359  11.1%     -   74s
     0     0  649.57366    0  503  730.95032  649.57366  11.1%     -   74s
     0     0  649.58090    0  499  730.95032  649.58090  11.1%     -   76s
     0     0  649.58270    0  521  730.95032  649.58270  11.1%     -   77s
     0     0  649.58273    0  513  730.95032  649.58273  11.1%     -   78s
     0     0  649.58343    0  522  730.95032  649.58343  11.1%     -   80s
     0     0  649.58355    0  523  730.95032  649.58355  11.1%     -   81s
     0     0  649.58388    0  528  730.95032  649.58388  11.1%     -   84s
     0     0  649.58388    0  515  730.95032  649.58388  11.1%     -   89s
H    0     2                     729.9483735  650.56432  10.9%     -  103s
     0     2  650.56432    0  511  729.94837  650.56432  10.9%     -  103s
     1     2 infeasible    1       729.94837  650.56432  10.9%  2179  106s
     5     2 infeasible    3       729.94837  651.56812  10.7%  1914  114s
     7     2  653.52520    4  359  729.94837  652.53536  10.6%  1991  118s
     9     4  653.91996    5  357  729.94837  653.52520  10.5%  2358  127s
    11     6 infeasible    6       729.94837  653.52736  10.5%  3285  168s
    15    10  654.53209    7  323  729.94837  653.53190  10.5%  2763  172s
    21    20  654.56925    8  357  729.94837  653.70945  10.4%  2384  177s
    31    36 infeasible    9       729.94837  654.26487  10.4%  1934  183s
    51    66  654.53245   10  371  729.94837  654.53209  10.3%  1835  198s
H   83    96                     725.9135344  654.53239  9.83%  1750  224s
H   91    96                     724.9212297  654.53262  9.71%  1782  224s
H   95    96                     697.7675614  654.53267  6.20%  1787  224s
H  106    96                     694.7445255  654.53267  5.79%  1826  224s
   115   124  654.53605   12  341  694.74453  654.53267  5.79%  1835  237s
H  147   154                     686.7028651  654.53267  4.68%  1544  274s
H  147   154                     685.6931656  654.53267  4.54%  1544  274s
H  151   154                     683.6863757  654.53267  4.26%  1523  274s
H  152   154                     680.6686983  654.53267  3.84%  1514  274s
H  154   154                     676.6465362  654.53267  3.27%  1494  274s
   179   188  654.79017   14  418  676.64654  654.53267  3.27%  1394  343s
   217   220  654.84129   15  421  676.64654  654.53267  3.27%  1309 1184s
H  259   247                     668.5973686  654.53267  2.10%  1477 1223s
H  280   247                     668.5932895  654.53267  2.10%  1487 1223s
H  292   247                     667.5805805  654.53267  1.95%  1471 1223s
   294   294  655.36326   17  447  667.58058  654.53267  1.95%  1473 1282s
   345   345  656.09339   19  439  667.58058  654.53267  1.95%  1438 1399s
   406   377  656.27054   20  435  667.58058  654.53267  1.95%  1365 1436s
   466   422  657.78764   21  410  667.58058  654.53267  1.95%  1377 1463s
   531   453  660.90163   24  458  667.58058  654.53267  1.95%  1339 1582s
   586   503 infeasible   25       667.58058  654.53267  1.95%  1371 1653s
   658   558  657.54633   17  288  667.58058  654.53267  1.95%  1441 1809s
H  663   558                     666.5785991  654.53267  1.81%  1438 1809s
H  672   558                     665.5771699  654.53267  1.66%  1453 1809s
H  692   558                     665.5755584  654.53267  1.66%  1420 1809s
   737   626  657.54633   18  270  665.57556  654.53267  1.66%  1440 1978s
   827   717  657.54633   23  261  665.57556  654.53267  1.66%  1392 2289s
   938   813  657.54778   28  337  665.57556  654.53267  1.66%  1323 2463s
  1048   904  657.62484   29  381  665.57556  654.53267  1.66%  1272 2731s
  1153   992  657.70792   31  355  665.57556  654.53267  1.66%  1244 2964s
  1261  1084 infeasible   35       665.57556  654.53267  1.66%  1228 3071s
  1379  1196  659.58994   35  276  665.57556  654.53267  1.66%  1197 3511s
  1528  1300  660.56802   36  221  665.57556  654.53267  1.66%  1142 4162s
  1651  1349 infeasible   43       665.57556  654.53267  1.66%  1182 4280s
  1746  1426 infeasible   43       665.57556  654.53267  1.66%  1225 4382s
  1860  1529  660.56802   41  188  665.57556  654.53267  1.66%  1220 4409s
  2012  1668  660.56802   43  205  665.57556  654.53267  1.66%  1189 4576s
  2188  1691 infeasible   56       665.57556  654.53267  1.66%  1159 4893s
H 2189  1691                     663.5722296  654.53267  1.36%  1159 4893s
H 2225  1691                     662.5681734  654.53267  1.21%  1170 4894s
  2240  1803  660.56802   56  323  662.56817  654.53267  1.21%  1171 5090s
  2392  1885  660.56802   59  313  662.56817  654.53267  1.21%  1170 5246s
  2529  1999  660.56802   63  256  662.56817  654.53267  1.21%  1161 5529s
  2677  2122  660.56802   67  282  662.56817  654.53267  1.21%  1170 5752s
  2822  2241  660.56803   75  270  662.56817  654.53267  1.21%  1161 6137s
  2998  2242  656.52523   24  515  662.56817  654.53267  1.21%  1160 6232s
  3000  2243  655.53907   19  129  662.56817  654.53267  1.21%  1159 6245s
  3001  2244  656.54398   31  140  662.56817  654.53267  1.21%  1159 6255s
  3002  2245  656.53778   25  479  662.56817  654.53267  1.21%  1158 6261s
  3003  2245  657.54460  103  472  662.56817  654.53267  1.21%  1158 6266s
  3004  2246  658.15020   24  420  662.56817  654.53267  1.21%  1158 6312s
  3005  2247  658.00462   13  480  662.56817  654.53267  1.21%  1157 6335s
  3006  2247  656.54412   47  473  662.56817  654.53267  1.21%  1157 6384s
  3007  2248  656.52002   11  522  662.56817  654.53267  1.21%  1156 6404s
  3008  2249  656.54122   30  471  662.56817  654.53267  1.21%  1156 6450s
  3009  2249  659.55911   49  471  662.56817  654.53267  1.21%  1156 6470s
  3010  2250  659.40239   32  471  662.56817  654.53267  1.21%  1155 6528s
  3011  2254  654.53267   12  464  662.56817  654.53267  1.21%  1161 6574s
  3013  2253 infeasible   13       662.56817  654.53267  1.21%  1161 6648s
  3017  2254  654.53267   14  455  662.56817  654.53267  1.21%  1162 6730s
  3021  2254  654.53267   15  473  662.56817  654.53267  1.21%  1162 6822s
  3027  2256  654.53267   16  497  662.56817  654.53267  1.21%  1162 6896s
  3035  2260 infeasible   17       662.56817  654.53267  1.21%  1163 6931s
  3047  2260  654.53267   18  390  662.56817  654.53267  1.21%  1165 6960s
  3065  2266  654.53422   19  383  662.56817  654.53267  1.21%  1166 7057s
  3087  2282  654.53501   20  397  662.56817  654.53267  1.21%  1171 7078s
  3119  2300  654.53579   21  384  662.56817  654.53267  1.21%  1167 7101s
  3151  2321  654.53589   22  377  662.56817  654.53267  1.21%  1161 7120s
  3183  2341  654.53641   23  367  662.56817  654.53267  1.21%  1157 7178s
  3216  2387  654.56492   24  386  662.56817  654.53267  1.21%  1150 7194s
  3273  2399  654.57310   26  437  662.56817  654.53267  1.21%  1138 7231s
  3306  2443  654.57764   27  427  662.56817  654.53267  1.21%  1132 7272s
  3367  2488  654.58026   29  423  662.56817  654.53267  1.21%  1119 7313s
  3454  2520  655.55051   31  410  662.56817  654.53267  1.21%  1102 7378s
  3530  2557  655.55133   33  411  662.56817  654.53267  1.21%  1089 7526s
  3606  2583  659.17905   35  520  662.56817  654.53267  1.21%  1080 7572s
  3684  2629  659.95149   38  517  662.56817  654.53267  1.21%  1070 7595s
  3772  2655     cutoff   42       662.56817  654.53267  1.21%  1063 7659s
  3781  2652  660.84004   42  466  662.56817  654.53267  1.21%  1062 7660s
  3863  2670     cutoff   42       662.56817  654.53267  1.21%  1054 7785s
  3947  2697  661.23686   41  515  662.56817  654.53267  1.21%  1059 7858s
  4039  2717  657.54292   29  450  662.56817  654.53267  1.21%  1056 7886s
  4130  2737  658.15393   30  527  662.56817  654.53267  1.21%  1051 7927s
  4226  2747  658.23414   31  531  662.56817  654.53267  1.21%  1049 7971s
  4322  2764  659.50070   34  517  662.56817  654.53267  1.21%  1049 8007s
  4417  2802  659.54842   35  512  662.56817  654.53267  1.21%  1043 8041s
  4549  2850  660.96856   42  475  662.56817  654.53267  1.21%  1032 8104s
  4703  2905  654.53267   22  389  662.56817  654.53267  1.21%  1023 8129s
  4844  2998  656.54053   27  326  662.56817  654.53267  1.21%  1013 8226s
  5024  3059  656.69616   29  475  662.56817  654.53267  1.21%   998 8257s
  5212  3163  656.89069   31  501  662.56817  654.53267  1.21%   979 8324s
  5444  3184  658.75014   38  525  662.56817  654.53267  1.21%   961 8419s
  5628  3209  661.57790   44  464  662.56817  654.53267  1.21%   954 8532s
  5776  3252 infeasible   45       662.56817  654.53267  1.21%   956 8585s
  5928  3268  660.57582   44  497  662.56817  654.53267  1.21%   959 8608s
  6077  3349  660.56559   44  392  662.56817  654.53267  1.21%   960 8644s
  6255  3422  661.41734   45  508  662.56817  654.53267  1.21%   959 8721s
  6436  3469     cutoff   48       662.56817  654.53267  1.21%   959 8787s
  6592  3548  656.64205   24  508  662.56817  654.53267  1.21%   958 8930s
H 6738  3329                     661.5622998  654.53267  1.06%   951 8930s
  6787  3389  657.56546   26  481  661.56230  654.53267  1.06%   953 8993s
  7026  3462  654.54494   23  442  661.56230  654.53267  1.06%   948 9039s
  7257  3548  657.52526   25  536  661.56230  654.53267  1.06%   944 9069s
  7580  3598  661.49158   41  504  661.56230  654.53267  1.06%   930 9156s
  7829  3629     cutoff   24       661.56230  654.53267  1.06%   928 9357s
  8052  3697  655.53810   26  402  661.56230  654.53267  1.06%   930 9471s
  8300  3634  655.53826   27  442  661.56230  654.53267  1.06%   931 9618s
  8402  3737  655.54196   28  435  661.56230  654.53267  1.06%   929 9677s
  8607  3742  656.54666   30  375  661.56230  654.53267  1.06%   932 9712s
  8741  3809  656.54666   31  351  661.56230  654.53267  1.06%   936 9807s
  8946  3910  656.54666   33  348  661.56230  654.53267  1.06%   941 9911s
  9228  3957  656.65970   34  390  661.56230  654.53267  1.06%   943 10057s
  9496  4020  657.55131   37  418  661.56230  654.53267  1.06%   946 10549s
  9686  4247  656.63630   40  436  661.56230  654.53267  1.06%   952 10675s
 10015  4533  657.55084   44  382  661.56230  654.53267  1.06%   947 10901s
 10452  4813  658.56499   49  373  661.56230  654.53267  1.06%   933 11062s
 10866  5050  658.60520   51  460  661.56230  654.53267  1.06%   925 11170s
 11287  5195  658.58160   53  375  661.56230  654.53267  1.06%   924 11306s
 11571  5466  658.64225   59  373  661.56230  654.53267  1.06%   923 11400s
 11989  5706 infeasible   64       661.56230  654.53267  1.06%   924 11449s
 12378  5939  656.51383   24  548  661.56230  654.54973  1.06%   922 11497s
 12871  6190  660.32490   29  541  661.56230  654.54980  1.06%   919 11533s
 13392  6367  657.55164   27  397  661.56230  654.54980  1.06%   918 11818s
 13741  6705  658.58573   30  439  661.56230  654.54980  1.06%   927 12212s
 14248  6939  659.73033   42  407  661.56230  654.55773  1.06%   931 12430s
 14649  7240  656.54499   24  283  661.56230  654.55773  1.06%   931 12639s
 15089  7587  656.54712   29  271  661.56230  654.55773  1.06%   933 12935s
 15563  7959  657.54812   49  193  661.56230  654.55773  1.06%   938 13246s
 16125  8452  658.55069   76  179  661.56230  654.55773  1.06%   941 13512s
 16845  8870  659.55552  118  173  661.56230  654.57309  1.06%   938 13793s
 17538  9141  657.37592   28  441  661.56230  654.58089  1.06%   937 14179s
 18136  9514  657.11229   36  506  661.56230  654.58393  1.05%   940 14358s
 18735  9964  656.87630   31  500  661.56230  654.59196  1.05%   944 14459s
 19126  9964  659.50018   39  514  661.56230  654.59196  1.05%   945 14460s
 19466 10254  657.57247   28  361  661.56230  654.59275  1.05%   945 14649s
 20110 10470 infeasible   28       661.56230  654.60050  1.05%   947 14789s
 20658 10728  655.04833   30  435  661.56230  654.60050  1.05%   954 14993s
 21216 11078  657.61397   34  475  661.56230  654.60050  1.05%   962 15221s
 21879 11475  660.06303   40  285  661.56230  654.60050  1.05%   969 15592s
 22681 11925     cutoff   58       661.56230  654.74799  1.03%   964 16009s
 22838 11925 infeasible   41       661.56230  655.03261  0.99%   965 16010s

Cutting planes:
  Learned: 29
  Gomory: 60
  Cover: 252
  Implied bound: 103
  Projected implied bound: 21
  Clique: 75
  MIR: 601
  StrongCG: 4
  Flow cover: 2118
  GUB cover: 10
  Zero half: 33
  Mod-K: 1
  RLT: 1170
  Relax-and-lift: 193

Explored 23457 nodes (22539235 simplex iterations) in 16010.97 seconds
Thread count was 32 (of 32 available processors)

Solution count 10: 661.562 662.568 663.572 ... 676.647

Optimal solution found (tolerance 1.00e-02)
Best objective 6.615622997662e+02, best bound 6.550326123860e+02, gap 0.9870%

Gurobi 9.1.0 (linux64) logging started Fri Aug 20 12:48:36 2021

Changed value of parameter LogFile to eab_parasitoid_1_0_area.log
   Prev:   Default: 
Changed value of parameter MIPGap to 0.01
   Prev: 0.0001  Min: 0.0  Max: inf  Default: 0.0001
Changed value of parameter Method to 2
   Prev: -1  Min: -1  Max: 5  Default: -1
Changed value of parameter MIPFocus to 2
   Prev: 0  Min: 0  Max: 3  Default: 0
Changed value of parameter RINS to 100
   Prev: -1  Min: -1  Max: 2000000000  Default: -1
Changed value of parameter SolutionLimit to 1
   Prev: 2000000000  Min: 1  Max: 2000000000  Default: 2000000000
Gurobi Optimizer version 9.1.0 build v9.1.0rc0 (linux64)
Thread count: 32 physical cores, 32 logical processors, using up to 32 threads
Optimize a model with 203386 rows, 134930 columns and 685029 nonzeros
Model fingerprint: 0x9c22b55c
Variable types: 55774 continuous, 79156 integer (79156 binary)
Coefficient statistics:
  Matrix range     [2e-04, 6e+05]
  Objective range  [1e+00, 1e+00]
  Bounds range     [1e+00, 6e+03]
  RHS range        [1e-04, 6e+05]

User MIP start produced solution with objective 661.6 (1.61s)
Loaded user MIP start with objective 661.6
Processed MIP start in 1.61 seconds


Explored 0 nodes (0 simplex iterations) in 1.63 seconds
Thread count was 1 (of 32 available processors)

Solution count 2: 661.6 

Solution limit reached
Best objective 6.616004068072e+02, best bound -, gap -
