
Gurobi 9.1.0 (linux64) logging started Wed Aug  4 21:44:36 2021

Changed value of parameter LogFile to eab_parasitoid_0.4_0_0_streetforest.log
   Prev:   Default: 
Changed value of parameter MIPGap to 0.01
   Prev: 0.0001  Min: 0.0  Max: inf  Default: 0.0001
Changed value of parameter Method to 2
   Prev: -1  Min: -1  Max: 5  Default: -1
Changed value of parameter MIPFocus to 2
   Prev: 0  Min: 0  Max: 3  Default: 0
Changed value of parameter RINS to 100
   Prev: -1  Min: -1  Max: 2000000000  Default: -1
Gurobi Optimizer version 9.1.0 build v9.1.0rc0 (linux64)
Thread count: 32 physical cores, 32 logical processors, using up to 32 threads
Optimize a model with 203386 rows, 134930 columns and 685029 nonzeros
Model fingerprint: 0x0a913ad6
Variable types: 55774 continuous, 79156 integer (79156 binary)
Coefficient statistics:
  Matrix range     [2e-04, 1e+06]
  Objective range  [3e-06, 4e-01]
  Bounds range     [1e+00, 6e+03]
  RHS range        [1e-04, 1e+06]
Presolve removed 191070 rows and 124816 columns (presolve time = 5s) ...
Presolve removed 193496 rows and 126889 columns (presolve time = 10s) ...
Presolve removed 193779 rows and 127096 columns (presolve time = 15s) ...
Presolve removed 193797 rows and 127101 columns
Presolve time: 16.98s
Presolved: 9589 rows, 7829 columns, 130929 nonzeros
Variable types: 3397 continuous, 4432 integer (4432 binary)
Presolve removed 12 rows and 12 columns
Presolved: 9577 rows, 7817 columns, 130898 nonzeros

Root barrier log...

Ordering time: 0.59s

Barrier statistics:
 Dense cols : 148
 AA' NZ     : 5.674e+05
 Factor NZ  : 2.738e+06 (roughly 30 MBytes of memory)
 Factor Ops : 2.347e+09 (less than 1 second per iteration)
 Threads    : 31

                  Objective                Residual
Iter       Primal          Dual         Primal    Dual     Compl     Time
   0   3.84789489e+03 -3.24676257e+04  2.42e+04 3.31e-01  1.30e+02    19s
   1   2.84639955e+03 -3.73091364e+04  1.66e+04 6.85e-01  8.52e+01    20s
   2   9.90409254e+02 -3.57836296e+04  1.65e+03 2.23e-12  1.00e+01    20s
   3   7.32641822e+02 -1.98289049e+04  2.65e+02 2.80e-12  1.99e+00    20s
   4   6.16553665e+02 -8.28961101e+03  3.60e+01 3.91e-13  4.56e-01    20s
   5   5.83593714e+02 -2.91529079e+03  1.11e+01 1.50e-13  1.58e-01    20s
   6   5.66161471e+02 -5.99883401e+02  3.32e+00 3.44e-14  4.99e-02    20s
   7   5.52646042e+02  1.25397971e+02  7.33e-02 1.06e-14  1.74e-02    20s
   8   5.45248647e+02  4.50192604e+02  7.53e-04 1.29e-14  3.84e-03    21s
   9   5.40110611e+02  4.93950894e+02  3.29e-04 9.77e-15  1.86e-03    21s
  10   5.38384794e+02  5.13098310e+02  2.10e-04 8.88e-15  1.02e-03    21s
  11   5.36962822e+02  5.18445798e+02  1.04e-04 5.77e-15  7.45e-04    21s
  12   5.36146855e+02  5.23400592e+02  5.82e-05 4.44e-15  5.12e-04    21s
  13   5.35883958e+02  5.27114944e+02  4.57e-05 2.22e-15  3.53e-04    21s
  14   5.35219356e+02  5.31926315e+02  1.68e-05 3.55e-15  1.32e-04    21s
  15   5.34868080e+02  5.33215241e+02  6.10e-06 8.88e-16  6.64e-05    22s
  16   5.34757648e+02  5.33650185e+02  3.30e-06 8.88e-16  4.45e-05    22s
  17   5.34691111e+02  5.34083798e+02  1.69e-06 2.22e-15  2.44e-05    22s
  18   5.34665608e+02  5.34248286e+02  1.13e-06 3.55e-15  1.68e-05    22s
  19   5.34629762e+02  5.34399932e+02  3.64e-07 3.55e-15  9.24e-06    22s
  20   5.34623486e+02  5.34535544e+02  2.60e-07 2.66e-15  3.53e-06    22s
  21   5.34614476e+02  5.34568001e+02  1.10e-07 8.88e-16  1.87e-06    22s
  22   5.34612335e+02  5.34581131e+02  7.40e-08 1.33e-15  1.25e-06    23s
  23   5.34611213e+02  5.34593734e+02  5.73e-08 2.22e-16  7.02e-07    23s
  24   5.34609808e+02  5.34599192e+02  3.65e-08 4.44e-16  4.27e-07    23s
  25   5.34609074e+02  5.34603363e+02  2.61e-08 8.03e-16  2.30e-07    23s
  26   5.34608481e+02  5.34605075e+02  1.75e-08 4.44e-16  1.37e-07    23s
  27   5.34607630e+02  5.34606761e+02  5.05e-09 4.44e-16  3.49e-08    23s
  28   5.34607362e+02  5.34607164e+02  1.17e-09 3.16e-15  8.00e-09    23s
  29   5.34607295e+02  5.34607264e+02  2.19e-10 8.88e-16  1.26e-09    23s
  30   5.34607282e+02  5.34607277e+02  3.00e-11 1.13e-15  2.02e-10    24s
  31   5.34607280e+02  5.34607277e+02  6.22e-12 4.89e-14  1.04e-10    24s

Barrier solved model in 31 iterations and 23.67 seconds
Optimal objective 5.34607280e+02


Root crossover log...

     611 DPushes remaining with DInf 0.0000000e+00                24s
       0 DPushes remaining with DInf 0.0000000e+00                24s

    4062 PPushes remaining with PInf 1.3070889e-05                24s
       0 PPushes remaining with PInf 0.0000000e+00                24s

  Push phase complete: Pinf 0.0000000e+00, Dinf 1.8239800e-02     24s


Root simplex log...

Iteration    Objective       Primal Inf.    Dual Inf.      Time
    4536    5.3460728e+02   0.000000e+00   1.823980e-02     24s
    4547    5.3460728e+02   0.000000e+00   0.000000e+00     24s
    4547    5.3460728e+02   0.000000e+00   0.000000e+00     24s

Root relaxation: objective 5.346073e+02, 4547 iterations, 6.62 seconds
Total elapsed time = 25.16s

    Nodes    |    Current Node    |     Objective Bounds      |     Work
 Expl Unexpl |  Obj  Depth IntInf | Incumbent    BestBd   Gap | It/Node Time

     0     0  535.89395    0 1988          -  535.89395      -     -   25s
     0     0  581.90092    0 2379          -  581.90092      -     -   32s
     0     0  584.76314    0 2571          -  584.76314      -     -   40s
     0     0  585.12157    0 2523          -  585.12157      -     -   46s
     0     0  585.14324    0 2531          -  585.14324      -     -   47s
     0     0  585.14374    0 2528          -  585.14374      -     -   48s
     0     0  590.87101    0 2460          -  590.87101      -     -   59s
H    0     0                     698.5518910  590.87101  15.4%     -   62s
H    0     0                     698.5195188  590.87101  15.4%     -   62s
     0     0  592.02891    0 2441  698.51952  592.02891  15.2%     -   62s
     0     0  592.88621    0 2311  698.51952  592.88621  15.1%     -   75s
     0     0  592.94173    0 2234  698.51952  592.94173  15.1%     -   83s
     0     0  592.94965    0 2230  698.51952  592.94965  15.1%     -   85s
     0     0  598.50475    0 2131  698.51952  598.50475  14.3%     -  120s
     0     0  598.72899    0 2120  698.51952  598.72899  14.3%     -  146s
     0     0  598.83336    0 2135  698.51952  598.83336  14.3%     -  161s
     0     0  598.84121    0 2126  698.51952  598.84121  14.3%     -  166s
     0     0  599.21856    0 2109  698.51952  599.21856  14.2%     -  217s
H    0     0                     698.4377084  599.21856  14.2%     -  222s
     0     0  599.32414    0 2112  698.43771  599.32414  14.2%     -  265s
     0     0  599.33842    0 2053  698.43771  599.33842  14.2%     -  295s
     0     0  599.53403    0 2020  698.43771  599.53403  14.2%     -  354s
     0     0  599.53403    0 2020  698.43771  599.53403  14.2%     -  365s
H    0     0                     629.2319471  599.53403  4.72%     -  692s
     0     2  599.53403    0 2013  629.23195  599.53403  4.72%     -  698s
     1     4  602.77079    1 1999  629.23195  599.53403  4.72%  1039  721s
     3     8  605.77321    2 1995  629.23195  600.45098  4.57%  1014  845s
     7    16  613.77073    3 1889  629.23195  601.90318  4.34%  2253  879s
    15    32  618.42187    4 1955  629.23195  603.57251  4.08%  2868  964s
    31    64  627.13811    5 1898  629.23195  604.16810  3.98%  3459 1085s
    63    88     cutoff    6       629.23195  604.56952  3.92%  3068 1205s
    95   104     cutoff    6       629.23195  604.57263  3.92%  3147 1397s
H   97   104                     629.2282891  604.57263  3.92%  3110 1397s
H  117   104                     629.1440836  604.57263  3.91%  3000 1397s
   127   120  605.94679    8 1887  629.14408  604.57263  3.91%  2988 1514s
H  159   142                     628.9952821  604.57263  3.88%  2665 1622s
H  161   142                     628.7768605  604.57263  3.85%  2664 1622s
H  163   142                     627.9737451  604.57263  3.73%  2654 1622s
   191   158  606.31164   10 1786  627.97375  604.57263  3.73%  2504 1737s
H  227   185                     627.8145466  604.57263  3.70%  2266 1845s
H  234   185                     627.7832835  604.57263  3.70%  2235 1845s
H  259   185                     627.7238436  604.57263  3.69%  2161 1846s
   260   214  606.82086   10 1796  627.72384  604.57263  3.69%  2166 1889s
   295   261  607.14326   12 1812  627.72384  604.57263  3.69%  2101 1904s
   346   295  607.27083   11 1785  627.72384  604.57263  3.69%  1934 1983s
H  349   295                     627.4633291  604.57263  3.65%  1930 1983s
H  371   295                     627.4353026  604.57263  3.64%  1863 1983s
H  373   295                     627.3815976  604.57263  3.64%  1861 1983s
H  382   295                     627.3510495  604.57263  3.63%  1841 1983s
   384   359  607.72203   12 1786  627.35105  604.57263  3.63%  1839 2114s
   450   424  614.24781   12 1808  627.35105  604.57263  3.63%  1676 2252s
   517   510  607.61916   13 1817  627.35105  604.57263  3.63%  1551 2357s
   605   584  608.15064   15 1814  627.35105  604.57263  3.63%  1396 2450s
   699   631  607.77223   15 1815  627.35105  604.57263  3.63%  1266 4908s
H  700   631                     627.3327053  604.57263  3.63%  1264 4908s
H  711   631                     627.3258445  604.57263  3.63%  1253 4908s
H  717   631                     627.3094802  604.57263  3.62%  1249 4908s
H  743   631                     627.2958103  604.57263  3.62%  1240 4908s
   758   662  608.34441   17 1808  627.29581  604.57263  3.62%  1227 5508s
   795   773  608.53410   16 1826  627.29581  604.57263  3.62%  1192 5640s
   914   888  608.16811   16 1801  627.29581  604.57263  3.62%  1105 5837s
  1045  1019  608.73272   19 1813  627.29581  604.57263  3.62%  1018 5972s
  1194  1143  608.43871   19 1817  627.29581  604.57263  3.62%   941 7684s
H 1207  1143                     627.2958102  604.57263  3.62%   937 7684s
H 1286  1143                     627.2958045  604.57263  3.62%   903 7684s
  1332  1292  608.82039   20 1809  627.29580  604.57263  3.62%   889 7816s
  1505  1443  608.99095   22 1813  627.29580  604.57263  3.62%   832 8032s
  1697  1535  609.12312   22 1810  627.29580  604.57263  3.62%   784 10455s
H 1717  1535                     627.2713833  604.57263  3.62%   783 10455s
H 1815  1559                     627.2713830  604.57263  3.62%   766 13473s
H 1817  1559                     627.2713822  604.57263  3.62%   766 13473s
H 1818  1559                     627.2542898  604.57263  3.62%   766 13473s
H 1825  1559                     627.2529354  604.57263  3.62%   765 13473s
H 1831  1559                     627.1682775  604.57263  3.60%   765 13473s
  1853  1766  612.96236   23 1809  627.16828  604.57263  3.60%   765 13600s
  2080  2000  609.42050   24 1790  627.16828  604.57263  3.60%   725 13704s
  2365  2257  609.61014   25 1788  627.16828  604.57263  3.60%   675 13796s
  2635  2563  609.55411   26 1767  627.16828  604.57263  3.60%   638 13879s
H 2948  2563                     627.1682768  604.57263  3.60%   596 15049s
  2949  2564  622.60514   85 2020  627.16828  604.57263  3.60%   596 15154s
H 2950  2436                     627.1682765  604.57263  3.60%   595 15171s
  2952  2437  609.72649   25 2342  627.16828  604.57263  3.60%   595 15181s
  2953  2438  623.31847   74 2483  627.16828  604.57263  3.60%   595 15187s
  2954  2438  615.74530   42 2284  627.16828  604.57263  3.60%   595 15213s
  2955  2439  609.58729   24 2195  627.16828  604.57263  3.60%   594 15246s
  2956  2440  609.74743   26 2096  627.16828  604.57263  3.60%   594 15287s
  2957  2440  608.13389   14 2038  627.16828  604.57263  3.60%   594 15317s
  2958  2441  620.90859   50 1984  627.16828  604.57263  3.60%   594 15350s
  2959  2442  619.24544   62 1942  627.16828  604.57263  3.60%   594 15387s
  2960  2442  622.28932   43 1905  627.16828  604.57263  3.60%   593 15424s
  2961  2443  615.65783   46 1889  627.16828  604.57263  3.60%   593 15452s
  2962  2444  622.49961   54 1903  627.16828  604.57263  3.60%   593 15493s
  2963  2444  624.19521   98 1911  627.16828  604.57263  3.60%   593 15522s
  2964  2445  614.57254   36 1878  627.16828  604.57263  3.60%   593 15557s
  2965  2446  626.90759  122 1896  627.16828  604.57263  3.60%   592 15613s
  2966  2446  625.00003   37 1867  627.16828  604.57263  3.60%   592 15889s
  2967  2447  619.72710   21 1859  627.16828  604.57263  3.60%   592 15928s
  2968  2448  616.81293   25 1862  627.16828  604.57263  3.60%   592 15990s
  2969  2448  614.73049   36 1850  627.16828  604.57263  3.60%   592 16006s
  2970  2449  619.67439   20 1828  627.16828  604.57263  3.60%   591 16046s
  2971  2450  623.89701   30 1849  627.16828  604.57263  3.60%   591 16102s
  2972  2450  614.83409   42 1850  627.16828  604.57263  3.60%   591 16178s
  2973  2451  620.48788   60 1848  627.16828  604.57263  3.60%   591 16194s
  2974  2452  610.73311   22 1836  627.16828  604.57263  3.60%   591 16209s
  2975  2452  614.52177   33 1842  627.16828  604.57263  3.60%   590 16215s
  2976  2453  607.72377   13 1853  627.16828  604.57263  3.60%   590 16242s
  2977  2454  622.04998   23 1820  627.16828  604.57263  3.60%   590 16286s
  2979  2455  614.65773   35 1823  627.16828  604.57263  3.60%   590 16290s
  2980  2456  614.25246   13 1828  627.16828  604.57263  3.60%   589 16300s
  2981  2456  623.32954  108 1854  627.16828  604.95883  3.54%   589 16343s
  2982  2457  613.41181   25 1847  627.16828  605.03735  3.53%   589 16470s
H 2982  2334                     627.1682764  605.18853  3.50%   589 16486s
  2984  2335  616.06827   57 1829  627.16828  605.25989  3.49%   589 16520s
  2985  2336  626.92899   30 1823  627.16828  605.29753  3.49%   588 16595s
  2986  2337  614.73661   37 1823  627.16828  605.29753  3.49%   588 16611s
  2987  2337  615.05698   33 1823  627.16828  605.29753  3.49%   588 17468s
  2988  2341  610.39403   11 1764  627.16828  605.29753  3.49%   610 17942s
  2990  2344  614.83719   12 1785  627.16828  605.29753  3.49%   611 19122s
  2994  2351  616.71934   13 1821  627.16828  605.29753  3.49%   615 19300s
  3002  2364  622.53969   14 1774  627.16828  605.29753  3.49%   621 19463s
  3018  2373     cutoff   15       627.16828  606.09379  3.36%   637 19512s
H 3030  2251                     627.1680642  606.09379  3.36%   650 19512s
H 3048  2134                     627.1490572  608.59585  2.96%   670 19512s
  3050  2147  614.51588   16 1786  627.14906  608.59585  2.96%   673 19587s
  3082  2151  615.36406   17 1775  627.14906  608.59585  2.96%   693 19722s
  3114  2158  615.91664   18 1786  627.14906  608.59585  2.96%   710 19822s
H 3146  2065                     627.1078386  608.59585  2.95%   726 19916s
H 3149  1963                     627.1042678  608.59585  2.95%   727 19916s
H 3160  1864                     627.0463337  608.59585  2.94%   728 19916s
  3178  1886  626.68438   17 1792  627.04633  608.59585  2.94%   734 19975s
  3218  1910  618.12960   19 1788  627.04633  608.59585  2.94%   740 20032s
  3264  1918  621.27303   19 1765  627.04633  608.59585  2.94%   744 20160s
  3297  1935  623.29008   19 1762  627.04633  608.59585  2.94%   749 20232s
H 3335  1851                     627.0419183  608.59585  2.94%   755 24464s
H 3337  1765                     627.0405785  608.59585  2.94%   756 24464s
H 3338  1682                     627.0014025  608.59585  2.94%   756 24464s
  3369  1694  621.95623   20 1784  627.00140  608.59585  2.94%   759 24492s
  3441  1686  622.68657   21 1781  627.00140  608.59585  2.94%   762 24712s
  3482  1734  623.77792   21 1752  627.00140  608.59585  2.94%   765 24769s
  3566  1765  624.11967   21 1762  627.00140  608.59585  2.94%   766 24820s
  3659  1784  623.64498   20 1773  627.00140  608.59585  2.94%   765 24927s
  3761  1798  624.34334   22 1757  627.00140  608.59585  2.94%   764 25077s
  3863  1828  625.34654   22 1725  627.00140  608.59585  2.94%   762 25253s
  3963  1858     cutoff   22       627.00140  608.59585  2.94%   761 25492s
  4074  1907  626.63083   23 1721  627.00140  608.59585  2.94%   757 25678s
  4186  1944  626.75585   26 1727  627.00140  608.59585  2.94%   752 25818s
  4294  1989     cutoff   25       627.00140  610.25192  2.67%   749 26721s
  4417  1969  611.12592   17 1801  627.00140  610.25212  2.67%   745 27030s
  4457  2077  622.40739   17 1793  627.00140  611.12663  2.53%   746 27085s
  4589  2166  611.62512   18 1771  627.00140  611.62512  2.45%   739 27132s
  4765  2250  611.85447   19 1787  627.00140  611.85447  2.42%   727 27194s
  4954  2303  614.96505   20 1729  627.00140  612.29117  2.35%   713 27286s
  5153  2351  613.59740   21 1747  627.00140  612.29117  2.35%   703 27363s
  5336  2377  613.75599   22 1745  627.00140  612.29117  2.35%   695 27424s
  5503  2420  615.98564   23 1744  627.00140  612.29117  2.35%   692 27463s
  5633  2502  614.85249   25 1746  627.00140  612.29117  2.35%   692 27506s
  5788  2586  616.29186   27 1720  627.00140  612.29117  2.35%   688 27577s
  5974  2741  615.96081   29 1707  627.00140  612.29117  2.35%   682 27680s
  6241  2863  617.04203   32 1712  627.00140  612.29117  2.35%   670 27820s
  6549  2956  617.98541   35 1715  627.00140  612.29117  2.35%   656 28048s
  6866  3077  619.19111   38 1700  627.00140  612.29117  2.35%   644 28199s
  7143  3275  619.65319   42 1666  627.00140  612.29117  2.35%   634 28396s
  7475  3480  620.34307   46 1658  627.00140  612.29117  2.35%   621 28675s
  7823  3764  621.17670   52 1638  627.00140  612.29117  2.35%   607 28857s
  8217  4093  621.74805   58 1626  627.00140  612.29117  2.35%   592 29095s
  8604  4439  622.45677   66 1632  627.00140  612.29117  2.35%   581 29482s
  9010  4668  623.20028   72 1629  627.00140  612.29117  2.35%   568 29953s
  9315  5096  623.64832   76 1627  627.00140  612.29117  2.35%   560 30116s
  9804  5585  623.91686   87 1609  627.00140  612.29117  2.35%   546 30174s
 10383  5994  624.35259   99 1585  627.00140  612.29117  2.35%   529 30276s
 10838  6684  624.60146  108 1559  627.00140  612.29117  2.35%   519 30394s
 11579  7237  624.88381  123 1507  627.00140  612.29117  2.35%   499 30555s
 12184  7698  625.05947  134 1485  627.00140  612.29117  2.35%   484 30754s
 12660  7698  619.25481   35 1703  627.00140  612.29117  2.35%   474 30755s
 12711  8639  625.11863  137 1473  627.00140  612.29117  2.35%   473 30915s
 13831  9718  625.18354  140 1469  627.00140  612.29117  2.35%   447 31027s
 15013 10944  625.38798  161 1445  627.00140  612.29117  2.35%   422 31130s
 16357 11907  625.59707  194 1361  627.00140  612.29117  2.35%   396 31767s
 17390 12089  625.72687  216 1310  627.00140  612.29117  2.35%   380 32029s
H17484 12066                     626.9755486  612.29117  2.34%   379 32029s
 17603 13383  625.84894  221 1282  626.97555  612.29117  2.34%   377 32117s
 19108 14372  626.07318  256 1154  626.97555  612.29117  2.34%   357 32305s
H19971 14304                     626.9516585  612.29117  2.34%   350 32305s
H20064 14243                     626.9343380  612.29117  2.34%   349 32305s
 20223 15437  626.26737  288 1067  626.93434  612.29117  2.34%   347 32502s
H21344 15378                     626.9188629  612.29117  2.33%   337 32502s
 21531 16524  626.78907  327 1049  626.91886  612.29117  2.33%   334 33250s
 22835 17665     cutoff  363       626.91886  616.27480  1.70%   324 33785s
 24118 18748     cutoff   17       626.91886  616.60770  1.64%   316 33987s
 25485 19226  619.33736   40 1671  626.91886  616.60770  1.64%   308 34225s
H25500 19225                     626.9187103  616.60770  1.64%   308 34225s
H25640 19225                     626.9186895  616.60770  1.64%   308 34225s
H25720 19222                     626.9179815  616.60770  1.64%   308 34225s
H25968 19191                     626.9123076  616.60770  1.64%   308 34225s
 26017 20426  620.68995   48 1646  626.91231  616.60770  1.64%   308 34424s
H26655 20426                     626.9123065  616.60770  1.64%   305 34424s
 27429 21613  622.94384   68 1641  626.91231  616.60770  1.64%   301 34708s
H28644 21583                     626.9042150  616.60770  1.64%   297 34708s
 28825 22989  624.17207   92 1584  626.90422  616.60770  1.64%   296 34916s
H29237 22989                     626.9042149  616.60770  1.64%   294 34916s
H29313 22989                     626.9042148  616.60770  1.64%   294 34916s
H29389 22989                     626.9042073  616.60770  1.64%   293 34916s
H29557 22989                     626.9042030  616.60770  1.64%   292 34916s
 30388 23583  624.75078  115 1540  626.90420  616.60770  1.64%   290 35064s
 31035 27282  624.81296  116 1539  626.90420  616.60770  1.64%   287 35283s
 35432 27494  625.97811  217 1301  626.90420  616.60770  1.64%   271 35721s
 35718 29427  626.04096  220 1298  626.90420  616.60770  1.64%   271 36676s
 38038 30975  626.30511  257 1190  626.90420  616.60770  1.64%   269 37248s
 39850 32739  626.67777  351 1019  626.90420  617.99593  1.42%   267 38024s
 41732 32739  620.60620   43 1669  626.90420  617.99593  1.42%   265 38025s
 41834 34913  618.49878   31 1691  626.90420  617.99593  1.42%   265 38890s
 44258 36547  626.32792   98 1575  626.90420  618.03111  1.42%   260 39889s
 46277 37808  619.49967   28 1714  626.90420  618.04405  1.41%   256 41408s
 47818 40232  625.37187   52 1653  626.90420  618.04605  1.41%   255 42409s
 50594 41533  622.73682   64 1647  626.90420  618.18615  1.39%   254 43292s
 52232 43807  624.55864  100 1595  626.90420  618.18615  1.39%   252 44461s
 54900 45041  626.47725  269 1135  626.90420  618.32406  1.37%   252 45152s
 56333 47531  625.38781   40 1698  626.90420  618.38378  1.36%   250 46098s
 59422 49874  624.69189   49 1642  626.90420  618.41458  1.35%   252 46937s
 62339 52243  625.59138   83 1603  626.90420  618.57163  1.33%   252 48785s
 65376 53583  624.80466   46 1658  626.90420  618.60963  1.32%   251 49808s
 67204 56398  620.85609   29 1721  626.90420  618.64153  1.32%   252 52181s
 70919 59386  624.75724  134 1503  626.90420  618.67534  1.31%   253 54732s
 74589 61248  626.46114  359  978  626.90420  618.73883  1.30%   252 56423s
H75081 61117                     626.8906657  618.73883  1.30%   252 56423s
 76879 63108  626.62404  151 1456  626.89067  618.78028  1.29%   251 57730s
H76900 63108                     626.8906651  618.78028  1.29%   251 57731s
H77865 63108                     626.8906650  618.81364  1.29%   251 57731s
H77991 63108                     626.8906649  618.81364  1.29%   251 57731s
 79256 66237  624.07544   54 1639  626.89066  618.83032  1.29%   250 59965s
 83006 70380  620.27820   34 1691  626.89066  618.91035  1.27%   249 61453s
 88025 73648  625.99349  117 1561  626.89066  618.95221  1.27%   247 63239s
 92248 77040  625.48566   77 1630  626.89066  619.00155  1.26%   245 64607s
H94972 76560                     626.8629138  619.04110  1.25%   243 64612s
 96209 79414  626.81820  231 1228  626.86291  619.04793  1.25%   243 66389s
H96392 79414                     626.8629137  619.05417  1.25%   243 66390s
H96484 79414                     626.8629136  619.06582  1.24%   243 66390s
H98993 79414                     626.8629134  619.10215  1.24%   242 66391s
 99929 82021  625.44753   69 1640  626.86291  619.12478  1.23%   242 68122s
H100160 82021                     626.8629126  619.12916  1.23%   242 68123s
 103074 84402  624.61439   91 1590  626.86291  619.15744  1.23%   242 69575s
H103303 84402                     626.8629125  619.16173  1.23%   242 69576s
 105890 86444  623.32628   53 1647  626.86291  619.16870  1.23%   241 71216s
 108461 88791  622.67548   69 1651  626.86291  619.18350  1.23%   240 72556s
H110447 88791                     626.8629125  619.18350  1.23%   240 72556s
 111291 91509  626.26747  233 1205  626.86291  619.19578  1.22%   240 74799s
H111865 91509                     626.8629121  619.21246  1.22%   239 74800s
H113802 91509                     626.8629117  619.21246  1.22%   238 74800s
 114537 94709  620.35484   34 1673  626.86291  619.22941  1.22%   238 76726s
 118670 98419     cutoff   46       626.86291  619.27536  1.21%   239 78439s
H120503 98014                     626.8474207  619.29827  1.20%   238 78440s
 123002 102581  625.48044  171 1379  626.84742  619.29944  1.20%   237 79204s
H125375 101036                     626.8013885  619.31480  1.19%   236 79205s
H125475 100688                     626.7923532  619.31480  1.19%   235 79206s
 128663 102126 infeasible   44       626.79235  619.31480  1.19%   235 80258s
H128700 102082                     626.7912278  619.31480  1.19%   235 80259s
H128852 102082                     626.7912275  619.31480  1.19%   235 80259s
 130767 104195  626.49282   63 1640  626.79123  619.31811  1.19%   236 82379s
 130969 104195  623.06764   68 1642  626.79123  619.32173  1.19%   236 82380s
H131977 104195                     626.7912275  619.32173  1.19%   235 82382s
H132111 104195                     626.7912265  619.32173  1.19%   235 82382s
 133318 107115  624.91568   48 1666  626.79123  619.33337  1.19%   235 84059s
 134255 107115  625.85260   76 1620  626.79123  619.33337  1.19%   235 84060s
H135293 107115                     626.7912261  619.33337  1.19%   235 84060s
 136797 109319  625.06738   78 1628  626.79123  619.34671  1.19%   235 84450s
H137248 109319                     626.7912260  619.35399  1.19%   235 84451s
H138206 109319                     626.7912259  619.35399  1.19%   234 84452s
 139468 112079  623.47953   37 1693  626.79123  619.38458  1.18%   234 86020s
H139773 112079                     626.7912256  619.39228  1.18%   234 86021s
H140457 112079                     626.7912254  619.39228  1.18%   233 86022s
 142694 114008  626.69457   48 1672  626.79123  619.40488  1.18%   232 86612s
 145079 116747     cutoff   90       626.79123  619.42535  1.18%   232 87817s
 148191 120042  626.74969  157 1457  626.79123  619.43489  1.17%   231 88492s
H148510 120042                     626.7912251  619.44518  1.17%   231 88492s
 152074 123217  626.44780   44 1664  626.79123  619.44727  1.17%   229 89369s
 155927 127193  625.48554  143 1473  626.79123  619.47422  1.17%   229 90949s
 160611 130994  626.44564   38 1687  626.79123  619.49165  1.16%   228 92049s
 165252 133060  625.98558  132 1525  626.79123  619.53793  1.16%   226 92827s
H167786 133060                     626.7912249  619.54174  1.16%   227 92829s
 167836 136205  626.48995   60 1653  626.79122  619.55708  1.15%   227 94702s
 171674 138695  623.29664   40 1675  626.79122  619.57483  1.15%   226 95238s
 174641 141871  622.59509   52 1665  626.79122  619.59751  1.15%   226 96984s
 178465 141871  620.72016   46 1657  626.79122  619.60091  1.15%   226 96985s
 178625 145218  620.63376   49 1664  626.79122  619.60461  1.15%   226 98527s
 182622 149068  624.60259   44 1664  626.79122  619.64036  1.14%   226 100093s
 187081 150969  620.92140   34 1681  626.79122  619.64852  1.14%   224 100618s
 189259 154281  624.23519   49 1661  626.79122  619.65620  1.14%   223 101881s
 193056 157191  626.06031   37 1696  626.79122  619.65951  1.14%   221 102579s
 196386 158811  625.88544   70 1642  626.79122  619.68808  1.13%   221 103539s
 198201 163518     cutoff   64       626.79122  619.68923  1.13%   221 104810s
 203571 166280  626.65223  234 1195  626.79122  619.70735  1.13%   220 105559s
 206975 168479  620.82413   35 1665  626.79122  619.71553  1.13%   219 106744s
 209539 172092  625.28420   60 1637  626.79122  619.73746  1.13%   219 107896s
H211116 172085                     626.7910662  619.73792  1.13%   218 107897s
H213691 174218                     626.7910614  619.73792  1.13%   218 109344s
H213801 174100                     626.7884391  619.73792  1.12%   218 109345s
H214104 173252                     626.7727648  619.73792  1.12%   218 109346s
 216026 179948  625.79615  173 1385  626.77276  619.73795  1.12%   218 111478s
H216100 179940                     626.7726192  619.73795  1.12%   218 111479s
H216393 179938                     626.7726085  619.74937  1.12%   218 111479s
H216593 179760                     626.7697611  619.74937  1.12%   218 111479s
 221119 179760  625.98320  129 1530  626.76976  619.74937  1.12%   217 111480s
 223869 182132  624.64074   53 1660  626.76976  619.77308  1.12%   216 112721s
H224089 182128                     626.7696928  619.77308  1.12%   216 112722s
H224321 179810                     626.7373787  619.77308  1.11%   216 112723s
 226801 182321     cutoff   74       626.73738  619.78133  1.11%   215 113404s
H226803 182236                     626.7363476  619.78133  1.11%   215 113405s
H227054 182236                     626.7363471  619.78134  1.11%   215 113405s
H227453 181797                     626.7314437  619.78134  1.11%   215 113405s
 229950 185316  625.14952   40 1687  626.73144  619.78863  1.11%   215 114883s
H230051 185316                     626.7314434  619.79600  1.11%   215 114887s
H231557 185316                     626.7314411  619.80300  1.11%   214 114888s
H233116 182917                     626.7032028  619.80300  1.10%   213 114890s
H233216 182284                     626.6960217  619.80300  1.10%   213 114891s
 234188 185060  623.59223   59 1645  626.69602  619.80424  1.10%   213 116438s
H234200 185060                     626.6960211  619.80424  1.10%   213 116439s
H234306 185060                     626.6960186  619.80606  1.10%   213 116439s
 234525 185060  625.34642   45 1692  626.69602  619.80961  1.10%   213 116440s
H234637 185060                     626.6960185  619.80961  1.10%   213 116440s
H235616 185060                     626.6960183  619.82058  1.10%   213 116440s
H236136 185030                     626.6956971  619.82058  1.10%   213 116440s
 237515 189282     cutoff   38       626.69570  619.82300  1.10%   213 117677s
H237600 188979                     626.6922547  619.82300  1.10%   213 117679s
 238969 188979  624.04440   70 1646  626.69225  619.82567  1.10%   212 117680s
H240617 188926                     626.6917380  619.82567  1.10%   212 117681s
 242760 191315  622.28421   41 1674  626.69174  619.83027  1.09%   211 119114s
H242800 191305                     626.6916453  619.83027  1.09%   211 119115s
H242902 191245                     626.6909745  619.83603  1.09%   211 119115s
H245873 191245                     626.6909744  619.84367  1.09%   211 119116s
 246424 194643  625.32273   91 1608  626.69097  619.84762  1.09%   211 120566s
 250775 197894  624.41075   89 1603  626.69097  619.85108  1.09%   211 121660s
 254324 202942  626.05277  165 1399  626.69097  619.86294  1.09%   211 123106s
 259930 206248  623.98140   76 1618  626.69097  619.86476  1.09%   209 124025s
 264007 209976  623.10892   49 1665  626.69097  619.89097  1.09%   209 125512s
 268557 213262  624.96688  110 1572  626.69097  619.90541  1.08%   209 126670s
 272478 216071  625.84311   75 1623  626.69097  619.91931  1.08%   208 127884s
 275807 221336  624.80526   76 1615  626.69097  619.92464  1.08%   209 129216s
 282087 223586  625.14318   44 1645  626.69097  619.93869  1.08%   208 130109s
 285105 225169     cutoff   34       626.69097  619.94786  1.08%   208 130898s
 287021 229236  621.84831   49 1669  626.69097  619.95119  1.08%   208 132080s
 291950 231968  624.65617   66 1640  626.69097  619.96947  1.07%   208 133528s
 295269 234192  622.36640   61 1641  626.69097  619.98334  1.07%   208 134633s
 298035 238145  625.43553  140 1501  626.69097  619.98651  1.07%   209 135835s
 302704 241921  622.48504   52 1669  626.69097  619.99028  1.07%   209 137074s
 307447 244806  626.66468  127 1461  626.69097  620.00384  1.07%   209 138426s
 310938 247613  622.07565   39 1702  626.69097  620.01068  1.07%   210 139490s
 314230 251337  621.98288   46 1669  626.69097  620.01861  1.06%   210 140403s
 318422 255256  624.20965   60 1651  626.69097  620.01902  1.06%   210 141658s
 323192 257959  625.74911   52 1671  626.69097  620.03517  1.06%   209 142229s
 325895 257959  626.33872  214 1252  626.69097  620.03517  1.06%   208 142230s
 326219 261169  624.68692   38 1696  626.69097  620.03582  1.06%   208 143809s
 330124 264853  620.43635   44 1681  626.69097  620.04787  1.06%   208 144659s
 334252 268747  624.09495   27 1709  626.69097  620.05590  1.06%   208 145968s
 338694 271962  623.97469   69 1669  626.69097  620.05612  1.06%   207 147100s
 342411 276658     cutoff  159       626.69097  620.06156  1.06%   207 148248s
 347977 278969  622.77202   36 1693  626.69097  620.07550  1.06%   206 149545s
 350947 281726  626.06343   59 1658  626.69097  620.08914  1.05%   206 150406s
 354356 284413  622.42272   51 1688  626.69097  620.09307  1.05%   206 151175s
 357808 287763  625.00515   60 1669  626.69097  620.09307  1.05%   206 152391s
 362088 290256     cutoff   72       626.69097  620.10802  1.05%   207 153582s
 365088 293555  623.92100   64 1656  626.69097  620.11698  1.05%   207 154997s
 369045 297572  624.59368   77 1637  626.69097  620.12687  1.05%   207 155693s
 373891 300202  626.50190  133 1503  626.69097  620.14006  1.05%   206 156695s
 377250 303225  622.50488   52 1650  626.69097  620.14404  1.04%   206 157802s
 380958 307585  625.34726  101 1591  626.69097  620.14404  1.04%   207 158585s
 385779 310473  626.52658  155 1440  626.69097  620.15483  1.04%   206 159582s
 389293 313186  626.04045  151 1457  626.69097  620.15955  1.04%   206 160563s
 392539 317611  624.52588   82 1615  626.69097  620.17513  1.04%   206 161074s
 393765 317611  624.33705   71 1647  626.69097  620.17942  1.04%   205 161075s
 397753 320913  624.33544   81 1609  626.69097  620.18370  1.04%   205 162070s
 401699 323437     cutoff  112       626.69097  620.18792  1.04%   205 163459s
 404505 323437  626.32501   59 1651  626.69097  620.19278  1.04%   205 163460s
 404883 326830  623.83195   53 1637  626.69097  620.19661  1.04%   205 164551s
 408788 329737  622.55033   46 1671  626.69097  620.20075  1.04%   204 165767s
H411181 329286                     626.6870177  620.20075  1.04%   204 165768s
 412279 333130  626.20545   56 1670  626.68702  620.20131  1.03%   205 166656s
 416824 336829  622.33005   45 1692  626.68702  620.20364  1.03%   204 168039s
 418724 336829  625.93330  121 1496  626.68702  620.21727  1.03%   204 168040s
 421431 341132  623.90481   67 1654  626.68702  620.22299  1.03%   204 169186s
 426461 344800  626.30971  129 1515  626.68702  620.22339  1.03%   204 170171s
 430785 347084  626.47619  132 1517  626.68702  620.23154  1.03%   203 170851s
 433618 352251  626.23452  241 1219  626.68702  620.23818  1.03%   204 171896s
 440000 354978  623.70741   46 1681  626.68702  620.24991  1.03%   203 172779s
 443192 358111  621.06366   43 1661  626.68702  620.25563  1.03%   203 174375s
 447001 362025  624.21364   63 1654  626.68702  620.26129  1.03%   203 175221s
 452008 366311     cutoff   63       626.68702  620.27190  1.02%   203 176343s
 457102 369919  624.90372   72 1644  626.68702  620.27974  1.02%   203 177045s
 461309 374495  625.14853   88 1608  626.68702  620.28908  1.02%   203 178071s
 466549 377090  625.15063   82 1630  626.68702  620.29090  1.02%   203 179335s
 469861 379508  621.76306   52 1671  626.68702  620.29219  1.02%   203 179925s
 472906 382666  626.26402  150 1421  626.68702  620.30229  1.02%   203 180791s
 476814 385650  625.61168  114 1558  626.68702  620.30987  1.02%   203 182269s
 480691 387910  624.73466   52 1661  626.68702  620.31637  1.02%   204 183109s
 483528 391750 infeasible   70       626.68702  620.31756  1.02%   204 184250s
 488245 395137  626.44718  110 1573  626.68702  620.32820  1.01%   204 185338s
 492191 398275  626.13128   51 1691  626.68702  620.33562  1.01%   204 186869s
 495870 401608  623.53344   64 1650  626.68702  620.33640  1.01%   204 187795s
 500006 406803  620.75145   43 1683  626.68702  620.33873  1.01%   204 189389s
 500592 406803  623.18924   66 1664  626.68702  620.34388  1.01%   204 189390s
 506134 410502  622.07967   50 1684  626.68702  620.34948  1.01%   204 190087s
 510589 413084  625.24622   95 1601  626.68702  620.35722  1.01%   204 191781s
 513672 416093  626.30531  132 1513  626.68702  620.35817  1.01%   204 193165s
 517311 419867  624.08273   76 1645  626.68702  620.36290  1.01%   204 194257s
 522183 422411  625.57622  111 1576  626.68702  620.37331  1.01%   204 195219s
 525434 426789  625.24441  102 1564  626.68702  620.37556  1.01%   205 197358s
 531003 430953  621.95316   56 1649  626.68702  620.38499  1.01%   205 198915s
 536082 434209  626.52496  258 1101  626.68702  620.39140  1.00%   205 200806s
 539821 438542  622.11622   49 1676  626.68702  620.39333  1.00%   204 201908s
 544833 443098  624.29468   61 1671  626.68702  620.40167  1.00%   204 202973s
 548397 443098  624.66563   77 1619  626.68702  620.40449  1.00%   204 202975s
 550046 446121     cutoff   44       626.68702  620.40581  1.00%   203 204855s
H553646 448792                     626.6870174  620.40821  1.00%   203 206099s
H553778 447695                     626.6786056  620.41088  1.00%   203 206100s
H553933 446870                     626.6731896  620.41136  1.00%   204 206100s
H554440 446182                     626.6686302  620.41387  1.00%   204 206101s
H555692 443424                     626.6520116  620.41640  1.00%   204 206101s

Cutting planes:
  Learned: 35
  Gomory: 35
  Cover: 373
  Implied bound: 64
  Projected implied bound: 334
  Clique: 11
  MIR: 921
  Flow cover: 3843
  GUB cover: 6
  Inf proof: 2
  Zero half: 73
  RLT: 1667
  Relax-and-lift: 303

Explored 557166 nodes (113529870 simplex iterations) in 206102.55 seconds
Thread count was 32 (of 32 available processors)

Solution count 10: 626.652 626.669 626.673 ... 626.692

Optimal solution found (tolerance 1.00e-02)
Best objective 6.266520116493e+02, best bound 6.204172002097e+02, gap 0.9949%
