
Gurobi 9.1.0 (linux64) logging started Thu Aug  5 20:31:08 2021

Changed value of parameter LogFile to eab_parasitoid_fastdisp_2_1.log
   Prev:   Default: 
Changed value of parameter MIPGap to 0.01
   Prev: 0.0001  Min: 0.0  Max: inf  Default: 0.0001
Changed value of parameter Method to 2
   Prev: -1  Min: -1  Max: 5  Default: -1
Changed value of parameter MIPFocus to 2
   Prev: 0  Min: 0  Max: 3  Default: 0
Changed value of parameter RINS to 100
   Prev: -1  Min: -1  Max: 2000000000  Default: -1
Gurobi Optimizer version 9.1.0 build v9.1.0rc0 (linux64)
Thread count: 32 physical cores, 32 logical processors, using up to 32 threads
Optimize a model with 205176 rows, 134930 columns and 701600 nonzeros
Model fingerprint: 0xf302f162
Variable types: 55774 continuous, 79156 integer (79156 binary)
Coefficient statistics:
  Matrix range     [1e-04, 1e+05]
  Objective range  [1e-06, 1e-01]
  Bounds range     [1e+00, 6e+03]
  RHS range        [1e-04, 1e+05]
Presolve removed 182956 rows and 115652 columns (presolve time = 5s) ...
Presolve removed 193892 rows and 125537 columns (presolve time = 10s) ...
Presolve removed 194254 rows and 125898 columns
Presolve time: 12.01s
Presolved: 10922 rows, 9032 columns, 136345 nonzeros
Variable types: 3619 continuous, 5413 integer (5412 binary)
Presolve removed 9 rows and 10 columns
Presolved: 10913 rows, 9022 columns, 136310 nonzeros

Root barrier log...

Ordering time: 0.60s

Barrier statistics:
 Dense cols : 138
 AA' NZ     : 5.840e+05
 Factor NZ  : 3.276e+06 (roughly 35 MBytes of memory)
 Factor Ops : 2.991e+09 (less than 1 second per iteration)
 Threads    : 31

                  Objective                Residual
Iter       Primal          Dual         Primal    Dual     Compl     Time
   0   2.30283872e+03 -2.68746795e+04  2.26e+04 2.66e-01  6.06e+01    14s
   1   1.74671718e+03 -2.79193367e+04  1.48e+04 2.44e-01  3.91e+01    14s
   2   6.96364472e+02 -2.27375172e+04  1.07e+03 1.49e-14  3.46e+00    15s
   3   4.77702835e+02 -9.50873564e+03  6.42e+01 1.05e-14  4.67e-01    15s
   4   3.98439334e+02 -1.57096845e+03  3.58e+00 9.68e-15  7.21e-02    15s
   5   3.80601281e+02 -1.04013802e+02  7.52e-01 2.10e-15  1.74e-02    15s
   6   3.72556586e+02  2.21710885e+02  2.02e-03 8.29e-16  5.35e-03    15s
   7   3.69231182e+02  3.12407826e+02  5.96e-04 5.55e-16  2.01e-03    15s
   8   3.67199956e+02  3.49483021e+02  1.72e-04 4.44e-16  6.26e-04    16s
   9   3.66321140e+02  3.57648956e+02  7.49e-05 2.22e-16  3.06e-04    16s
  10   3.65809878e+02  3.60811176e+02  3.31e-05 2.05e-16  1.76e-04    16s
  11   3.65532481e+02  3.63672174e+02  1.40e-05 2.51e-16  6.57e-05    16s
  12   3.65375989e+02  3.64601894e+02  6.34e-06 2.22e-16  2.73e-05    16s
  13   3.65290260e+02  3.64999118e+02  2.53e-06 7.77e-16  1.03e-05    16s
  14   3.65237441e+02  3.65151653e+02  5.07e-07 8.88e-16  3.03e-06    17s
  15   3.65225271e+02  3.65186462e+02  1.73e-07 3.89e-16  1.37e-06    17s
  16   3.65221233e+02  3.65202552e+02  7.67e-08 1.11e-16  6.59e-07    17s
  17   3.65219363e+02  3.65210106e+02  3.27e-08 4.44e-16  3.27e-07    17s
  18   3.65218160e+02  3.65216413e+02  7.38e-09 2.22e-16  6.17e-08    17s
  19   3.65217870e+02  3.65217078e+02  2.42e-09 2.22e-16  2.79e-08    17s
  20   3.65217771e+02  3.65217570e+02  7.75e-10 2.22e-16  7.10e-09    18s
  21   3.65217739e+02  3.65217673e+02  2.82e-10 5.46e-12  2.34e-09    18s
  22   3.65217725e+02  3.65217703e+02  6.43e-11 1.21e-12  7.76e-10    18s
  23   3.65217721e+02  3.65217714e+02  1.44e-11 8.92e-13  2.56e-10    18s
  24   3.65217720e+02  3.65217718e+02  4.99e-12 3.74e-13  6.64e-11    18s

Barrier solved model in 24 iterations and 18.31 seconds
Optimal objective 3.65217720e+02


Root crossover log...

     967 DPushes remaining with DInf 0.0000000e+00                18s
       0 DPushes remaining with DInf 0.0000000e+00                18s

    5019 PPushes remaining with PInf 3.0220339e-05                18s
       0 PPushes remaining with PInf 0.0000000e+00                19s

  Push phase complete: Pinf 0.0000000e+00, Dinf 1.0063666e-01     19s


Root simplex log...

Iteration    Objective       Primal Inf.    Dual Inf.      Time
    5677    3.6521772e+02   0.000000e+00   1.006367e-01     19s
    5717    3.6521772e+02   0.000000e+00   0.000000e+00     19s
    5717    3.6521772e+02   0.000000e+00   0.000000e+00     19s

Root relaxation: objective 3.652177e+02, 5717 iterations, 6.37 seconds

    Nodes    |    Current Node    |     Objective Bounds      |     Work
 Expl Unexpl |  Obj  Depth IntInf | Incumbent    BestBd   Gap | It/Node Time

     0     0  368.24823    0 1935          -  368.24823      -     -   19s
H    0     0                     453.3172879  368.24823  18.8%     -   20s
H    0     0                     453.3169832  368.24823  18.8%     -   20s
H    0     0                     436.0952473  369.53101  15.3%     -   27s
H    0     0                     431.6440784  369.53101  14.4%     -   27s
H    0     0                     431.1400870  369.53101  14.3%     -   27s
H    0     0                     419.3806158  369.53101  11.9%     -   27s
     0     0  370.16532    0 1854  419.38062  370.16532  11.7%     -   27s
H    0     0                     417.2733505  370.16532  11.3%     -   28s
     0     0  370.31693    0 1773  417.27335  370.31693  11.3%     -   30s
     0     0  370.32291    0 1768  417.27335  370.32291  11.3%     -   30s
     0     0  370.32346    0 1772  417.27335  370.32346  11.3%     -   30s
     0     0  370.32427    0 1770  417.27335  370.32427  11.3%     -   30s
     0     0  370.32432    0 1770  417.27335  370.32432  11.3%     -   30s
     0     0  371.22557    0 1778  417.27335  371.22557  11.0%     -   32s
H    0     0                     392.1205652  371.22557  5.33%     -   33s
H    0     0                     388.8874284  371.22557  4.54%     -   34s
     0     0  371.97521    0 1927  388.88743  371.97521  4.35%     -   34s
     0     0  372.01116    0 1875  388.88743  372.01116  4.34%     -   35s
H    0     0                     377.6970010  372.01116  1.51%     -   35s
     0     0  372.02753    0 1892  377.69700  372.02753  1.50%     -   35s
     0     0  372.02877    0 1905  377.69700  372.02877  1.50%     -   35s
     0     0  372.02924    0 1911  377.69700  372.02924  1.50%     -   35s
     0     0  373.05429    0 1883  377.69700  373.05429  1.23%     -   38s
H    0     0                     375.7171624  373.05429  0.71%     -   39s
H    0     0                     375.7171623  373.05429  0.71%     -   39s
     0     0  373.10521    0 1974  375.71716  373.10521  0.70%     -   39s

Cutting planes:
  Learned: 57
  Gomory: 10
  Cover: 98
  Implied bound: 300
  Projected implied bound: 64
  Clique: 36
  MIR: 443
  Flow cover: 1249
  GUB cover: 4
  Zero half: 21
  RLT: 495
  Relax-and-lift: 90

Explored 1 nodes (20334 simplex iterations) in 39.67 seconds
Thread count was 32 (of 32 available processors)

Solution count 10: 375.717 377.697 388.887 ... 453.317

Optimal solution found (tolerance 1.00e-02)
Warning: max constraint violation (7.0103e-06) exceeds tolerance
Warning: max integrality violation (3.1581e-05) exceeds tolerance
Best objective 3.757171622663e+02, best bound 3.731052126682e+02, gap 0.6952%

Gurobi 9.1.0 (linux64) logging started Thu Aug  5 20:32:12 2021

Changed value of parameter LogFile to eab_parasitoid_fastdisp_2_1.log
   Prev:   Default: 
Changed value of parameter MIPGap to 0.01
   Prev: 0.0001  Min: 0.0  Max: inf  Default: 0.0001
Changed value of parameter Method to 2
   Prev: -1  Min: -1  Max: 5  Default: -1
Changed value of parameter MIPFocus to 2
   Prev: 0  Min: 0  Max: 3  Default: 0
Changed value of parameter RINS to 100
   Prev: -1  Min: -1  Max: 2000000000  Default: -1
Gurobi Optimizer version 9.1.0 build v9.1.0rc0 (linux64)
Thread count: 32 physical cores, 32 logical processors, using up to 32 threads
Optimize a model with 205176 rows, 134930 columns and 701600 nonzeros
Model fingerprint: 0xf302f162
Variable types: 55774 continuous, 79156 integer (79156 binary)
Coefficient statistics:
  Matrix range     [1e-04, 1e+05]
  Objective range  [1e-06, 1e-01]
  Bounds range     [1e+00, 6e+03]
  RHS range        [1e-04, 1e+05]
Presolve removed 191751 rows and 124120 columns (presolve time = 5s) ...
Presolve removed 193892 rows and 125537 columns (presolve time = 10s) ...
Presolve removed 194254 rows and 125898 columns
Presolve time: 14.73s
Presolved: 10922 rows, 9032 columns, 136345 nonzeros
Variable types: 3619 continuous, 5413 integer (5412 binary)
Presolve removed 9 rows and 10 columns
Presolved: 10913 rows, 9022 columns, 136310 nonzeros

Root barrier log...

Ordering time: 0.59s

Barrier statistics:
 Dense cols : 138
 AA' NZ     : 5.840e+05
 Factor NZ  : 3.276e+06 (roughly 35 MBytes of memory)
 Factor Ops : 2.991e+09 (less than 1 second per iteration)
 Threads    : 31

                  Objective                Residual
Iter       Primal          Dual         Primal    Dual     Compl     Time
   0   2.30283872e+03 -2.68746795e+04  2.26e+04 2.66e-01  6.06e+01    17s
   1   1.74671718e+03 -2.79193367e+04  1.48e+04 2.44e-01  3.91e+01    17s
   2   6.96364472e+02 -2.27375172e+04  1.07e+03 1.49e-14  3.46e+00    17s
   3   4.77702835e+02 -9.50873564e+03  6.42e+01 1.05e-14  4.67e-01    18s
   4   3.98439334e+02 -1.57096845e+03  3.58e+00 9.68e-15  7.21e-02    18s
   5   3.80601281e+02 -1.04013802e+02  7.52e-01 2.10e-15  1.74e-02    18s
   6   3.72556586e+02  2.21710885e+02  2.02e-03 8.29e-16  5.35e-03    18s
   7   3.69231182e+02  3.12407826e+02  5.96e-04 5.55e-16  2.01e-03    18s
   8   3.67199956e+02  3.49483021e+02  1.72e-04 4.44e-16  6.26e-04    19s
   9   3.66321140e+02  3.57648956e+02  7.49e-05 2.22e-16  3.06e-04    19s
  10   3.65809878e+02  3.60811176e+02  3.31e-05 2.05e-16  1.76e-04    19s
  11   3.65532481e+02  3.63672174e+02  1.40e-05 2.51e-16  6.57e-05    19s
  12   3.65375989e+02  3.64601894e+02  6.34e-06 2.22e-16  2.73e-05    19s
  13   3.65290260e+02  3.64999118e+02  2.53e-06 7.77e-16  1.03e-05    20s
  14   3.65237441e+02  3.65151653e+02  5.07e-07 8.88e-16  3.03e-06    20s
  15   3.65225271e+02  3.65186462e+02  1.73e-07 3.89e-16  1.37e-06    20s
  16   3.65221233e+02  3.65202552e+02  7.67e-08 1.11e-16  6.59e-07    20s
  17   3.65219363e+02  3.65210106e+02  3.27e-08 4.44e-16  3.27e-07    20s
  18   3.65218160e+02  3.65216413e+02  7.38e-09 2.22e-16  6.17e-08    20s
  19   3.65217870e+02  3.65217078e+02  2.42e-09 2.22e-16  2.79e-08    21s
  20   3.65217771e+02  3.65217570e+02  7.75e-10 2.22e-16  7.10e-09    21s
  21   3.65217739e+02  3.65217673e+02  2.82e-10 5.46e-12  2.34e-09    21s
  22   3.65217725e+02  3.65217703e+02  6.43e-11 1.21e-12  7.76e-10    21s
  23   3.65217721e+02  3.65217714e+02  1.44e-11 8.92e-13  2.56e-10    21s
  24   3.65217720e+02  3.65217718e+02  4.99e-12 3.74e-13  6.64e-11    21s

Barrier solved model in 24 iterations and 21.38 seconds
Optimal objective 3.65217720e+02


Root crossover log...

     967 DPushes remaining with DInf 0.0000000e+00                21s
       0 DPushes remaining with DInf 0.0000000e+00                22s

    5019 PPushes remaining with PInf 3.0220339e-05                22s
       0 PPushes remaining with PInf 0.0000000e+00                22s

  Push phase complete: Pinf 0.0000000e+00, Dinf 1.0063666e-01     22s


Root simplex log...

Iteration    Objective       Primal Inf.    Dual Inf.      Time
    5677    3.6521772e+02   0.000000e+00   1.006367e-01     22s
    5717    3.6521772e+02   0.000000e+00   0.000000e+00     22s
    5717    3.6521772e+02   0.000000e+00   0.000000e+00     22s

Root relaxation: objective 3.652177e+02, 5717 iterations, 7.01 seconds

    Nodes    |    Current Node    |     Objective Bounds      |     Work
 Expl Unexpl |  Obj  Depth IntInf | Incumbent    BestBd   Gap | It/Node Time

     0     0  368.24823    0 1935          -  368.24823      -     -   23s
H    0     0                     453.3172879  368.24823  18.8%     -   24s
H    0     0                     453.3169832  368.24823  18.8%     -   24s
H    0     0                     436.0952473  369.53101  15.3%     -   31s
H    0     0                     431.6440784  369.53101  14.4%     -   31s
H    0     0                     431.1400870  369.53101  14.3%     -   31s
H    0     0                     419.3806158  369.53101  11.9%     -   31s
     0     0  370.16532    0 1854  419.38062  370.16532  11.7%     -   32s
H    0     0                     417.2733505  370.16532  11.3%     -   32s
     0     0  370.31693    0 1773  417.27335  370.31693  11.3%     -   35s
     0     0  370.32291    0 1768  417.27335  370.32291  11.3%     -   35s
     0     0  370.32346    0 1772  417.27335  370.32346  11.3%     -   36s
     0     0  370.32427    0 1770  417.27335  370.32427  11.3%     -   36s
     0     0  370.32432    0 1770  417.27335  370.32432  11.3%     -   36s
     0     0  371.22557    0 1778  417.27335  371.22557  11.0%     -   41s
H    0     0                     392.1205652  371.22557  5.33%     -   42s
H    0     0                     388.8874284  371.22557  4.54%     -   45s
     0     0  371.97521    0 1927  388.88743  371.97521  4.35%     -   45s
     0     0  372.01116    0 1875  388.88743  372.01116  4.34%     -   47s
H    0     0                     377.6970010  372.01116  1.51%     -   47s
     0     0  372.02753    0 1892  377.69700  372.02753  1.50%     -   47s
     0     0  372.02877    0 1905  377.69700  372.02877  1.50%     -   48s
     0     0  372.02924    0 1911  377.69700  372.02924  1.50%     -   48s
     0     0  373.05429    0 1883  377.69700  373.05429  1.23%     -   54s
H    0     0                     375.7171624  373.05429  0.71%     -   56s
H    0     0                     375.7171623  373.05429  0.71%     -   56s
     0     0  373.10521    0 1974  375.71716  373.10521  0.70%     -   56s

Cutting planes:
  Learned: 57
  Gomory: 10
  Cover: 98
  Implied bound: 300
  Projected implied bound: 64
  Clique: 36
  MIR: 443
  Flow cover: 1249
  GUB cover: 4
  Zero half: 21
  RLT: 495
  Relax-and-lift: 90

Explored 1 nodes (20334 simplex iterations) in 56.97 seconds
Thread count was 32 (of 32 available processors)

Solution count 10: 375.717 377.697 388.887 ... 453.317

Optimal solution found (tolerance 1.00e-02)
Warning: max constraint violation (7.0103e-06) exceeds tolerance
Warning: max integrality violation (3.1581e-05) exceeds tolerance
Best objective 3.757171622663e+02, best bound 3.731052126682e+02, gap 0.6952%
