
Gurobi 9.1.0 (linux64) logging started Thu Aug  5 05:05:32 2021

Changed value of parameter LogFile to eab_parasitoid_fastdisp_fastgrowth_2_1.log
   Prev:   Default: 
Changed value of parameter MIPGap to 0.01
   Prev: 0.0001  Min: 0.0  Max: inf  Default: 0.0001
Changed value of parameter Method to 2
   Prev: -1  Min: -1  Max: 5  Default: -1
Changed value of parameter MIPFocus to 2
   Prev: 0  Min: 0  Max: 3  Default: 0
Changed value of parameter RINS to 100
   Prev: -1  Min: -1  Max: 2000000000  Default: -1
Gurobi Optimizer version 9.1.0 build v9.1.0rc0 (linux64)
Thread count: 32 physical cores, 32 logical processors, using up to 32 threads
Optimize a model with 196148 rows, 134930 columns and 678180 nonzeros
Model fingerprint: 0x3d689536
Variable types: 55774 continuous, 79156 integer (79156 binary)
Coefficient statistics:
  Matrix range     [1e-04, 1e+05]
  Objective range  [1e-06, 1e-01]
  Bounds range     [1e+00, 6e+03]
  RHS range        [1e-04, 1e+05]
Presolve removed 138233 rows and 77617 columns (presolve time = 5s) ...
Presolve removed 147493 rows and 87601 columns (presolve time = 10s) ...
Presolve removed 159691 rows and 100000 columns (presolve time = 15s) ...
Presolve removed 166161 rows and 105094 columns (presolve time = 20s) ...
Presolve removed 166413 rows and 105231 columns (presolve time = 25s) ...
Presolve removed 166567 rows and 105245 columns (presolve time = 30s) ...
Presolve removed 166849 rows and 105505 columns (presolve time = 35s) ...
Presolve removed 167029 rows and 105603 columns (presolve time = 40s) ...
Presolve removed 167419 rows and 106325 columns (presolve time = 45s) ...
Presolve removed 167454 rows and 106325 columns
Presolve time: 46.70s
Presolved: 28694 rows, 28605 columns, 226122 nonzeros
Variable types: 4329 continuous, 24276 integer (24274 binary)
Presolve removed 1168 rows and 1168 columns
Presolved: 27526 rows, 27437 columns, 224936 nonzeros

Root barrier log...

Ordering time: 3.66s

Barrier statistics:
 Dense cols : 97
 AA' NZ     : 9.522e+05
 Factor NZ  : 6.040e+06 (roughly 70 MBytes of memory)
 Factor Ops : 6.430e+09 (less than 1 second per iteration)
 Threads    : 31

                  Objective                Residual
Iter       Primal          Dual         Primal    Dual     Compl     Time
   0   5.43083950e+03 -6.64767860e+04  3.11e+05 2.30e-01  1.43e+02    56s
   1   3.86648932e+03 -7.47585902e+04  2.01e+05 1.83e-01  9.35e+01    57s
   2   8.92925263e+02 -6.75568033e+04  1.27e+04 1.07e-14  6.63e+00    57s
   3   5.60903304e+02 -3.63104611e+04  7.10e+02 2.42e-14  7.45e-01    58s
   4   4.33414209e+02 -1.07502187e+04  7.91e+01 1.09e-14  1.56e-01    58s
   5   4.00955818e+02 -2.71517907e+03  1.81e+01 3.58e-15  4.04e-02    59s
   6   3.85320537e+02 -8.16128951e+02  5.15e+00 1.42e-15  1.52e-02    59s
   7   3.77224146e+02 -9.17863605e+01  1.26e+00 8.88e-16  5.90e-03    59s
   8   3.72219920e+02  2.03766201e+02  1.65e-01 8.88e-16  2.11e-03    60s
   9   3.70001729e+02  2.80415358e+02  5.00e-02 4.44e-16  1.12e-03    60s
  10   3.69023074e+02  3.21982050e+02  2.25e-02 4.44e-16  5.90e-04    61s
  11   3.68107750e+02  3.39917452e+02  2.05e-03 2.22e-16  3.54e-04    61s
  12   3.66931497e+02  3.50413325e+02  2.38e-05 2.22e-16  2.07e-04    62s
  13   3.66457391e+02  3.57382343e+02  1.53e-05 2.22e-16  1.14e-04    62s
  14   3.65794820e+02  3.60158250e+02  6.45e-06 2.22e-16  7.07e-05    63s
  15   3.65521562e+02  3.61865904e+02  3.62e-06 2.22e-16  4.59e-05    63s
  16   3.65382425e+02  3.63307465e+02  2.33e-06 2.22e-16  2.60e-05    63s
  17   3.65290664e+02  3.63718620e+02  1.54e-06 2.78e-16  1.97e-05    64s
  18   3.65220634e+02  3.63998316e+02  9.51e-07 2.22e-16  1.53e-05    64s
  19   3.65188859e+02  3.64559835e+02  6.92e-07 2.22e-16  7.89e-06    65s
  20   3.65162396e+02  3.64649847e+02  5.11e-07 2.22e-16  6.43e-06    65s
  21   3.65144519e+02  3.64790123e+02  3.96e-07 2.22e-16  4.44e-06    65s
  22   3.65112491e+02  3.64901414e+02  1.86e-07 2.22e-16  2.65e-06    66s
  23   3.65101819e+02  3.64978865e+02  1.26e-07 4.44e-16  1.54e-06    66s
  24   3.65086575e+02  3.65027783e+02  5.01e-08 1.14e-16  7.37e-07    67s
  25   3.65080014e+02  3.65050725e+02  2.30e-08 2.22e-16  3.67e-07    67s
  26   3.65075577e+02  3.65061953e+02  6.77e-09 2.47e-16  1.71e-07    68s
  27   3.65074959e+02  3.65066689e+02  4.73e-09 2.22e-16  1.04e-07    68s
  28   3.65073835e+02  3.65069902e+02  9.47e-10 3.89e-16  4.93e-08    68s
  29   3.65073573e+02  3.65072019e+02  2.12e-10 2.22e-16  1.95e-08    69s
  30   3.65073489e+02  3.65072368e+02  5.47e-11 1.11e-16  1.41e-08    69s
  31   3.65073466e+02  3.65072957e+02  2.85e-11 2.22e-16  6.39e-09    70s
  32   3.65073447e+02  3.65073082e+02  1.49e-11 2.22e-16  4.58e-09    70s
  33   3.65073438e+02  3.65073305e+02  8.28e-12 2.22e-16  1.66e-09    71s
  34   3.65073431e+02  3.65073340e+02  5.89e-12 2.22e-16  1.13e-09    71s
  35   3.65073426e+02  3.65073389e+02  4.71e-11 4.44e-16  4.67e-10    72s
  36   3.65073424e+02  3.65073418e+02  6.66e-11 5.58e-14  8.38e-11    72s
  37   3.65073424e+02  3.65073421e+02  1.58e-10 4.03e-14  3.17e-11    73s
  38   3.65073424e+02  3.65073422e+02  1.74e-09 3.17e-14  2.45e-11    73s
  39   3.65073424e+02  3.65073422e+02  9.78e-09 3.16e-14  2.44e-11    74s
  40   3.65073424e+02  3.65073422e+02  7.37e-08 3.16e-14  2.44e-11    75s
  41   3.65073424e+02  3.65073422e+02  7.37e-08 1.72e-15  2.44e-11    75s

Barrier solved model in 41 iterations and 75.24 seconds
Optimal objective 3.65073424e+02


Root crossover log...

    4924 DPushes remaining with DInf 0.0000000e+00                76s
       0 DPushes remaining with DInf 0.0000000e+00                76s

   11462 PPushes remaining with PInf 9.5754780e-06                76s
       0 PPushes remaining with PInf 0.0000000e+00                78s

  Push phase complete: Pinf 0.0000000e+00, Dinf 3.7865592e-03     78s


Root simplex log...

Iteration    Objective       Primal Inf.    Dual Inf.      Time
   13025    3.6507342e+02   0.000000e+00   3.786559e-03     78s
   13058    3.6507342e+02   0.000000e+00   0.000000e+00     78s
   13058    3.6507342e+02   0.000000e+00   0.000000e+00     78s

Root relaxation: objective 3.650734e+02, 13058 iterations, 30.18 seconds
Total elapsed time = 81.21s

    Nodes    |    Current Node    |     Objective Bounds      |     Work
 Expl Unexpl |  Obj  Depth IntInf | Incumbent    BestBd   Gap | It/Node Time

     0     0  368.27173    0 2024          -  368.27173      -     -   86s
H    0     0                     393.6471516  368.27173  6.45%     -  114s
     0     0  370.35864    0 2123  393.64715  370.35864  5.92%     -  118s
H    0     0                     393.6469296  370.35864  5.92%     -  137s
H    0     0                     393.6464403  370.35864  5.92%     -  137s
H    0     0                     393.3187622  370.35864  5.84%     -  137s
     0     0  370.42819    0 2014  393.31876  370.42819  5.82%     -  139s
     0     0  370.42867    0 2036  393.31876  370.42867  5.82%     -  141s
     0     0  370.42867    0 2035  393.31876  370.42867  5.82%     -  142s
H    0     0                     381.8088998  370.42867  2.98%     -  152s
     0     0  371.39189    0 1999  381.80890  371.39189  2.73%     -  153s
H    0     0                     380.0661446  371.39189  2.28%     -  159s
     0     0  371.65252    0 2115  380.06614  371.65252  2.21%     -  167s
H    0     0                     376.0578648  371.65252  1.17%     -  177s
H    0     0                     375.7080080  371.65252  1.08%     -  177s
     0     0  371.70036    0 2112  375.70801  371.70036  1.07%     -  178s
H    0     0                     375.6549896  371.70036  1.05%     -  185s
     0     0  371.70614    0 2125  375.65499  371.70614  1.05%     -  185s
     0     0  371.70616    0 2126  375.65499  371.70616  1.05%     -  189s
H    0     0                     375.0728725  371.70616  0.90%     -  233s
H    0     0                     375.0237627  371.70616  0.88%     -  233s
     0     0  372.15019    0 2132  375.02376  372.15019  0.77%     -  233s

Cutting planes:
  Learned: 58
  Gomory: 3
  Cover: 79
  Implied bound: 277
  Projected implied bound: 77
  Clique: 35
  MIR: 452
  Flow cover: 1187
  GUB cover: 3
  Zero half: 10
  RLT: 453
  Relax-and-lift: 78

Explored 1 nodes (29001 simplex iterations) in 233.24 seconds
Thread count was 32 (of 32 available processors)

Solution count 10: 375.024 375.073 375.655 ... 393.647

Optimal solution found (tolerance 1.00e-02)
Warning: max constraint violation (6.5914e-06) exceeds tolerance
Best objective 3.750237627362e+02, best bound 3.721501898007e+02, gap 0.7662%

Gurobi 9.1.0 (linux64) logging started Thu Aug  5 05:10:45 2021

Changed value of parameter LogFile to eab_parasitoid_fastdisp_fastgrowth_2_1.log
   Prev:   Default: 
Changed value of parameter MIPGap to 0.01
   Prev: 0.0001  Min: 0.0  Max: inf  Default: 0.0001
Changed value of parameter Method to 2
   Prev: -1  Min: -1  Max: 5  Default: -1
Changed value of parameter MIPFocus to 2
   Prev: 0  Min: 0  Max: 3  Default: 0
Changed value of parameter RINS to 100
   Prev: -1  Min: -1  Max: 2000000000  Default: -1
Gurobi Optimizer version 9.1.0 build v9.1.0rc0 (linux64)
Thread count: 32 physical cores, 32 logical processors, using up to 32 threads
Optimize a model with 196148 rows, 134930 columns and 678180 nonzeros
Model fingerprint: 0x3d689536
Variable types: 55774 continuous, 79156 integer (79156 binary)
Coefficient statistics:
  Matrix range     [1e-04, 1e+05]
  Objective range  [1e-06, 1e-01]
  Bounds range     [1e+00, 6e+03]
  RHS range        [1e-04, 1e+05]
Presolve removed 138233 rows and 77617 columns (presolve time = 5s) ...
Presolve removed 147493 rows and 87601 columns (presolve time = 10s) ...
Presolve removed 166354 rows and 105202 columns (presolve time = 16s) ...
Presolve removed 166469 rows and 105235 columns (presolve time = 20s) ...
Presolve removed 166833 rows and 105504 columns (presolve time = 25s) ...
Presolve removed 166932 rows and 105529 columns (presolve time = 31s) ...
Presolve removed 167071 rows and 105633 columns (presolve time = 35s) ...
Presolve removed 167453 rows and 106325 columns (presolve time = 41s) ...
Presolve removed 167454 rows and 106325 columns
Presolve time: 43.18s
Presolved: 28694 rows, 28605 columns, 226122 nonzeros
Variable types: 4329 continuous, 24276 integer (24274 binary)
Presolve removed 1168 rows and 1168 columns
Presolved: 27526 rows, 27437 columns, 224936 nonzeros

Root barrier log...

Ordering time: 4.31s

Barrier statistics:
 Dense cols : 97
 AA' NZ     : 9.522e+05
 Factor NZ  : 6.040e+06 (roughly 70 MBytes of memory)
 Factor Ops : 6.430e+09 (less than 1 second per iteration)
 Threads    : 31

                  Objective                Residual
Iter       Primal          Dual         Primal    Dual     Compl     Time
   0   5.43083950e+03 -6.64767860e+04  3.11e+05 2.30e-01  1.43e+02    55s
   1   3.86648932e+03 -7.47585902e+04  2.01e+05 1.83e-01  9.35e+01    55s
   2   8.92925263e+02 -6.75568033e+04  1.27e+04 1.07e-14  6.63e+00    56s
   3   5.60903304e+02 -3.63104611e+04  7.10e+02 2.42e-14  7.45e-01    56s
   4   4.33414209e+02 -1.07502187e+04  7.91e+01 1.09e-14  1.56e-01    57s
   5   4.00955818e+02 -2.71517907e+03  1.81e+01 3.58e-15  4.04e-02    57s
   6   3.85320537e+02 -8.16128951e+02  5.15e+00 1.42e-15  1.52e-02    58s
   7   3.77224146e+02 -9.17863605e+01  1.26e+00 8.88e-16  5.90e-03    58s
   8   3.72219920e+02  2.03766201e+02  1.65e-01 8.88e-16  2.11e-03    59s
   9   3.70001729e+02  2.80415358e+02  5.00e-02 4.44e-16  1.12e-03    59s
  10   3.69023074e+02  3.21982050e+02  2.25e-02 4.44e-16  5.90e-04    60s
  11   3.68107750e+02  3.39917452e+02  2.05e-03 2.22e-16  3.54e-04    60s
  12   3.66931497e+02  3.50413325e+02  2.38e-05 2.22e-16  2.07e-04    61s
  13   3.66457391e+02  3.57382343e+02  1.53e-05 2.22e-16  1.14e-04    61s
  14   3.65794820e+02  3.60158250e+02  6.45e-06 2.22e-16  7.07e-05    62s
  15   3.65521562e+02  3.61865904e+02  3.62e-06 2.22e-16  4.59e-05    63s
  16   3.65382425e+02  3.63307465e+02  2.33e-06 2.22e-16  2.60e-05    63s
  17   3.65290664e+02  3.63718620e+02  1.54e-06 2.78e-16  1.97e-05    64s
  18   3.65220634e+02  3.63998316e+02  9.51e-07 2.22e-16  1.53e-05    64s
  19   3.65188859e+02  3.64559835e+02  6.92e-07 2.22e-16  7.89e-06    64s
  20   3.65162396e+02  3.64649847e+02  5.11e-07 2.22e-16  6.43e-06    65s
  21   3.65144519e+02  3.64790123e+02  3.96e-07 2.22e-16  4.44e-06    65s
  22   3.65112491e+02  3.64901414e+02  1.86e-07 2.22e-16  2.65e-06    66s
  23   3.65101819e+02  3.64978865e+02  1.26e-07 4.44e-16  1.54e-06    67s
  24   3.65086575e+02  3.65027783e+02  5.01e-08 1.14e-16  7.37e-07    67s
  25   3.65080014e+02  3.65050725e+02  2.30e-08 2.22e-16  3.67e-07    67s
  26   3.65075577e+02  3.65061953e+02  6.77e-09 2.47e-16  1.71e-07    68s
  27   3.65074959e+02  3.65066689e+02  4.73e-09 2.22e-16  1.04e-07    68s
  28   3.65073835e+02  3.65069902e+02  9.47e-10 3.89e-16  4.93e-08    69s
  29   3.65073573e+02  3.65072019e+02  2.12e-10 2.22e-16  1.95e-08    70s
  30   3.65073489e+02  3.65072368e+02  5.47e-11 1.11e-16  1.41e-08    70s
  31   3.65073466e+02  3.65072957e+02  2.85e-11 2.22e-16  6.39e-09    70s
  32   3.65073447e+02  3.65073082e+02  1.49e-11 2.22e-16  4.58e-09    71s
  33   3.65073438e+02  3.65073305e+02  8.28e-12 2.22e-16  1.66e-09    71s
  34   3.65073431e+02  3.65073340e+02  5.89e-12 2.22e-16  1.13e-09    72s
  35   3.65073426e+02  3.65073389e+02  4.71e-11 4.44e-16  4.67e-10    73s
  36   3.65073424e+02  3.65073418e+02  6.66e-11 5.58e-14  8.38e-11    73s
  37   3.65073424e+02  3.65073421e+02  1.58e-10 4.03e-14  3.17e-11    74s
  38   3.65073424e+02  3.65073422e+02  1.74e-09 3.17e-14  2.45e-11    74s
  39   3.65073424e+02  3.65073422e+02  9.78e-09 3.16e-14  2.44e-11    75s
  40   3.65073424e+02  3.65073422e+02  7.37e-08 3.16e-14  2.44e-11    76s
  41   3.65073424e+02  3.65073422e+02  7.37e-08 1.72e-15  2.44e-11    76s

Barrier solved model in 41 iterations and 76.44 seconds
Optimal objective 3.65073424e+02


Root crossover log...

    4924 DPushes remaining with DInf 0.0000000e+00                77s
       0 DPushes remaining with DInf 0.0000000e+00                77s

   11462 PPushes remaining with PInf 9.5754780e-06                77s
       0 PPushes remaining with PInf 0.0000000e+00                78s

  Push phase complete: Pinf 0.0000000e+00, Dinf 3.7865592e-03     78s


Root simplex log...

Iteration    Objective       Primal Inf.    Dual Inf.      Time
   13025    3.6507342e+02   0.000000e+00   3.786559e-03     78s
   13058    3.6507342e+02   0.000000e+00   0.000000e+00     78s
   13058    3.6507342e+02   0.000000e+00   0.000000e+00     79s

Root relaxation: objective 3.650734e+02, 13058 iterations, 33.07 seconds
Total elapsed time = 83.65s
Total elapsed time = 85.85s

    Nodes    |    Current Node    |     Objective Bounds      |     Work
 Expl Unexpl |  Obj  Depth IntInf | Incumbent    BestBd   Gap | It/Node Time

     0     0  368.27173    0 2024          -  368.27173      -     -   92s
H    0     0                     393.6471516  368.27173  6.45%     -  120s
     0     0  370.35864    0 2123  393.64715  370.35864  5.92%     -  122s
H    0     0                     393.6469296  370.35864  5.92%     -  140s
H    0     0                     393.6464403  370.35864  5.92%     -  140s
H    0     0                     393.3187622  370.35864  5.84%     -  140s
     0     0  370.42819    0 2014  393.31876  370.42819  5.82%     -  142s
     0     0  370.42867    0 2036  393.31876  370.42867  5.82%     -  145s
     0     0  370.42867    0 2035  393.31876  370.42867  5.82%     -  146s
H    0     0                     381.8088998  370.42867  2.98%     -  158s
     0     0  371.39189    0 1999  381.80890  371.39189  2.73%     -  159s
H    0     0                     380.0661446  371.39189  2.28%     -  183s
     0     0  371.65252    0 2115  380.06614  371.65252  2.21%     -  185s
H    0     0                     376.0578648  371.65252  1.17%     -  192s
H    0     0                     375.7080080  371.65252  1.08%     -  193s
     0     0  371.70036    0 2112  375.70801  371.70036  1.07%     -  194s
H    0     0                     375.6549896  371.70036  1.05%     -  196s
     0     0  371.70614    0 2125  375.65499  371.70614  1.05%     -  196s
     0     0  371.70616    0 2126  375.65499  371.70616  1.05%     -  197s
H    0     0                     375.0728725  371.70616  0.90%     -  232s
H    0     0                     375.0237627  371.70616  0.88%     -  232s
     0     0  372.15019    0 2132  375.02376  372.15019  0.77%     -  232s

Cutting planes:
  Learned: 58
  Gomory: 3
  Cover: 79
  Implied bound: 277
  Projected implied bound: 77
  Clique: 35
  MIR: 452
  Flow cover: 1187
  GUB cover: 3
  Zero half: 10
  RLT: 453
  Relax-and-lift: 78

Explored 1 nodes (29001 simplex iterations) in 232.48 seconds
Thread count was 32 (of 32 available processors)

Solution count 10: 375.024 375.073 375.655 ... 393.647

Optimal solution found (tolerance 1.00e-02)
Warning: max constraint violation (6.5914e-06) exceeds tolerance
Best objective 3.750237627362e+02, best bound 3.721501898007e+02, gap 0.7662%
