
Gurobi 9.1.0 (linux64) logging started Thu Aug  5 19:21:15 2021

Changed value of parameter LogFile to eab_parasitoid_0_2_0.4_bud.log
   Prev:   Default: 
Changed value of parameter MIPGap to 0.01
   Prev: 0.0001  Min: 0.0  Max: inf  Default: 0.0001
Changed value of parameter Method to 2
   Prev: -1  Min: -1  Max: 5  Default: -1
Changed value of parameter MIPFocus to 2
   Prev: 0  Min: 0  Max: 3  Default: 0
Changed value of parameter RINS to 100
   Prev: -1  Min: -1  Max: 2000000000  Default: -1
Gurobi Optimizer version 9.1.0 build v9.1.0rc0 (linux64)
Thread count: 32 physical cores, 32 logical processors, using up to 32 threads
Optimize a model with 203396 rows, 134935 columns and 685039 nonzeros
Model fingerprint: 0x85c5213e
Variable types: 55779 continuous, 79156 integer (79156 binary)
Coefficient statistics:
  Matrix range     [2e-04, 1e+06]
  Objective range  [1e-06, 1e-01]
  Bounds range     [1e+00, 6e+03]
  RHS range        [1e-04, 1e+06]
Presolve removed 177798 rows and 113703 columns (presolve time = 5s) ...
Presolve removed 188711 rows and 123269 columns (presolve time = 10s) ...
Presolve removed 189981 rows and 123860 columns (presolve time = 15s) ...
Presolve removed 190848 rows and 124529 columns (presolve time = 20s) ...
Presolve removed 192185 rows and 125885 columns (presolve time = 25s) ...
Presolve removed 193117 rows and 126581 columns (presolve time = 30s) ...
Presolve removed 193172 rows and 126615 columns
Presolve time: 31.78s
Presolved: 10224 rows, 8320 columns, 134897 nonzeros
Variable types: 3502 continuous, 4818 integer (4815 binary)
Presolve removed 43 rows and 35 columns
Presolved: 10181 rows, 8285 columns, 134727 nonzeros

Root barrier log...

Ordering time: 0.87s

Barrier statistics:
 Dense cols : 144
 AA' NZ     : 5.830e+05
 Factor NZ  : 2.749e+06 (roughly 30 MBytes of memory)
 Factor Ops : 2.273e+09 (less than 1 second per iteration)
 Threads    : 31

                  Objective                Residual
Iter       Primal          Dual         Primal    Dual     Compl     Time
   0   2.43734777e+03 -2.39635558e+04  6.13e+04 1.45e-01  1.28e+02    35s
   1   1.98965773e+03 -2.89377657e+04  4.11e+04 4.18e-01  8.23e+01    36s
   2   9.11835110e+02 -2.72697686e+04  4.70e+03 9.35e-03  1.05e+01    36s
   3   7.34091357e+02 -1.63474781e+04  7.40e+02 3.76e-04  1.93e+00    36s
   4   6.80709936e+02 -1.08657721e+04  4.46e+02 9.55e-15  1.06e+00    37s
   5   5.88837720e+02 -6.63403277e+03  1.51e+02 7.25e-15  4.39e-01    37s
   6   5.46666322e+02 -2.44339796e+03  3.60e+01 3.56e-15  1.40e-01    37s
   7   5.30497117e+02  3.95366219e+01  4.93e+00 2.76e-15  2.12e-02    37s
   8   5.20409423e+02  4.06904995e+02  8.90e-01 2.22e-15  4.56e-03    38s
   9   5.16554804e+02  4.68189488e+02  2.76e-01 1.22e-15  1.89e-03    38s
  10   5.15571161e+02  4.84550815e+02  1.81e-01 7.48e-16  1.21e-03    38s
  11   5.14168816e+02  4.97173440e+02  6.41e-02 8.88e-16  6.55e-04    38s
  12   5.13401261e+02  5.02764097e+02  1.17e-02 8.88e-16  4.08e-04    38s
  13   5.12819191e+02  5.08597049e+02  6.55e-05 4.44e-16  1.61e-04    39s
  14   5.12615335e+02  5.10853795e+02  2.70e-05 4.44e-16  6.73e-05    39s
  15   5.12578781e+02  5.11300740e+02  2.20e-05 4.44e-16  4.88e-05    39s
  16   5.12531203e+02  5.11723969e+02  1.61e-05 2.29e-16  3.08e-05    40s
  17   5.12479218e+02  5.11836015e+02  1.01e-05 1.11e-16  2.46e-05    40s
  18   5.12433343e+02  5.12013106e+02  5.41e-06 4.44e-16  1.61e-05    40s
  19   5.12408982e+02  5.12141514e+02  3.20e-06 4.44e-16  1.02e-05    40s
  20   5.12385003e+02  5.12248417e+02  9.75e-07 2.22e-16  5.22e-06    41s
  21   5.12378057e+02  5.12305128e+02  4.96e-07 4.44e-16  2.79e-06    41s
  22   5.12375134e+02  5.12333999e+02  3.20e-07 2.39e-16  1.57e-06    41s
  23   5.12371616e+02  5.12346092e+02  1.23e-07 3.59e-16  9.75e-07    41s
  24   5.12370269e+02  5.12358736e+02  4.77e-08 4.44e-16  4.40e-07    42s
  25   5.12369948e+02  5.12363193e+02  3.26e-08 3.10e-16  2.58e-07    42s
  26   5.12369425e+02  5.12364441e+02  9.11e-09 1.94e-16  1.90e-07    42s
  27   5.12369272e+02  5.12367746e+02  3.23e-09 1.94e-16  5.83e-08    42s
  28   5.12369192e+02  5.12368576e+02  5.26e-10 4.44e-16  2.35e-08    43s
  29   5.12369184e+02  5.12368814e+02  3.00e-10 2.22e-16  1.41e-08    43s
  30   5.12369177e+02  5.12368930e+02  1.38e-10 2.22e-16  9.41e-09    43s
  31   5.12369172e+02  5.12369008e+02  6.18e-11 4.44e-16  6.24e-09    43s
  32   5.12369168e+02  5.12369094e+02  1.90e-11 2.22e-16  2.83e-09    43s
  33   5.12369167e+02  5.12369134e+02  9.35e-12 1.11e-16  1.24e-09    44s
  34   5.12369166e+02  5.12369149e+02  2.30e-12 2.44e-16  6.53e-10    44s
  35   5.12369166e+02  5.12369155e+02  1.19e-12 2.22e-16  4.12e-10    44s
  36   5.12369165e+02  5.12369159e+02  1.10e-12 6.31e-15  2.61e-10    44s
  37   5.12369165e+02  5.12369163e+02  4.21e-12 1.21e-14  7.57e-11    44s

Barrier solved model in 37 iterations and 44.48 seconds
Optimal objective 5.12369165e+02


Root crossover log...

     745 DPushes remaining with DInf 0.0000000e+00                45s
       0 DPushes remaining with DInf 0.0000000e+00                45s

    3816 PPushes remaining with PInf 2.3948862e-06                45s
       0 PPushes remaining with PInf 0.0000000e+00                45s

  Push phase complete: Pinf 0.0000000e+00, Dinf 1.5327579e-02     45s


Root simplex log...

Iteration    Objective       Primal Inf.    Dual Inf.      Time
    4369    5.1236917e+02   0.000000e+00   1.532758e-02     45s
    4376    5.1236917e+02   0.000000e+00   0.000000e+00     45s
    4376    5.1236917e+02   0.000000e+00   0.000000e+00     45s

Root relaxation: objective 5.123692e+02, 4376 iterations, 12.32 seconds

    Nodes    |    Current Node    |     Objective Bounds      |     Work
 Expl Unexpl |  Obj  Depth IntInf | Incumbent    BestBd   Gap | It/Node Time

     0     0  527.10116    0 2259          -  527.10116      -     -   49s
     0     0  572.34313    0 2310          -  572.34313      -     -   63s
     0     0  572.74338    0 2374          -  572.74338      -     -   89s
     0     0  572.78208    0 2312          -  572.78208      -     -  104s
     0     0  572.78609    0 2327          -  572.78609      -     -  106s
H    0     0                     664.2713267  572.78609  13.8%     -  153s
H    0     0                     664.2626142  572.78609  13.8%     -  153s
     0     0  578.91453    0 2370  664.26261  578.91453  12.8%     -  154s
H    0     0                     664.2320990  578.91453  12.8%     -  156s
     0     0  579.24818    0 2267  664.23210  579.24818  12.8%     -  172s
     0     0  579.41915    0 2215  664.23210  579.41915  12.8%     -  179s
     0     0  579.43781    0 2160  664.23210  579.43781  12.8%     -  183s
     0     0  586.53906    0 2132  664.23210  586.53906  11.7%     -  204s
     0     0  586.72566    0 2171  664.23210  586.72566  11.7%     -  217s
     0     0  587.39506    0 2142  664.23210  587.39506  11.6%     -  225s
     0     0  587.42198    0 2139  664.23210  587.42198  11.6%     -  229s
     0     0  591.95321    0 2089  664.23210  591.95321  10.9%     -  240s
     0     0  592.03379    0 2081  664.23210  592.03379  10.9%     -  249s
     0     0  592.07073    0 2055  664.23210  592.07073  10.9%     -  256s
H    0     0                     622.6240507  592.07073  4.91%     -  262s
H    0     0                     622.6240408  592.07073  4.91%     -  298s
     0     0  594.95500    0 2099  622.62404  594.95500  4.44%     -  298s
     0     0  595.64526    0 2083  622.62404  595.64526  4.33%     -  311s
     0     0  595.73813    0 2060  622.62404  595.73813  4.32%     -  332s
     0     0  595.74239    0 2083  622.62404  595.74239  4.32%     -  342s
     0     0  599.31475    0 2067  622.62404  599.31475  3.74%     -  421s
     0     0  599.40776    0 2051  622.62404  599.40776  3.73%     -  442s
     0     0  599.51332    0 2093  622.62404  599.51332  3.71%     -  453s
     0     0  599.57768    0 2134  622.62404  599.57768  3.70%     -  467s
     0     0  599.59612    0 2118  622.62404  599.59612  3.70%     -  477s
H    0     0                     614.9442130  599.59612  2.50%     -  514s
H    0     0                     614.9430384  599.59612  2.50%     -  514s
H    0     0                     614.9426178  599.59612  2.50%     -  533s
     0     0  600.37388    0 2096  614.94262  600.37388  2.37%     -  533s
     0     0  600.44949    0 2090  614.94262  600.44949  2.36%     -  536s
     0     0  600.50093    0 2147  614.94262  600.50093  2.35%     -  540s
H    0     0                     614.9377556  600.50093  2.35%     -  563s
H    0     0                     614.9377509  600.50093  2.35%     -  563s
H    0     0                     614.9377438  600.50093  2.35%     -  563s
H    0     0                     614.9372371  600.50093  2.35%     -  563s
     0     0  600.64218    0 2082  614.93724  600.64218  2.32%     -  563s
     0     0  600.64218    0 2073  614.93724  600.64218  2.32%     -  571s
H    0     0                     613.6346104  600.64218  2.12%     -  870s
H    0     0                     613.6340194  600.64218  2.12%     -  870s
     0     2  600.64222    0 2073  613.63402  600.64222  2.12%     -  874s
     1     4  604.50735    1 2054  613.63402  600.64222  2.12%  2700  883s
     3     8  611.11531    2 2107  613.63402  601.13680  2.04%  2462  906s
     7    10     cutoff    3       613.63402  602.20262  1.86%  3157  921s
    15    18  602.46953    4 1937  613.63402  602.46953  1.82%  3514  976s
    25    36  602.75506    5 1998  613.63402  602.46953  1.82%  4104  990s
H   43    62                     613.6340082  602.75506  1.77%  3590 1043s
H   44    62                     613.6338058  602.75506  1.77%  3629 1043s
H   50    62                     613.6338016  602.75506  1.77%  3661 1043s
H   53    62                     613.6337675  602.75506  1.77%  3672 1043s
H   54    62                     613.6336369  602.75506  1.77%  3665 1043s
H   62    62                     613.6334314  602.77029  1.77%  3678 1043s
    75    82  605.12547    7 1904  613.63343  603.29429  1.68%  3758 1124s
   107    84  609.61038    8 1911  613.63343  603.29464  1.68%  4187 1402s
   139    86  609.66711    9 1924  613.63343  603.29464  1.68%  4446 1593s
H  171    90                     613.3788660  603.29464  1.64%  4320 2128s
H  182    90                     613.3785093  603.29464  1.64%  4241 2128s
   203   105  610.14117   11 1937  613.37851  603.29464  1.64%  4266 2152s
H  248   127                     613.3747093  603.29464  1.64%  3885 2357s
H  252   127                     613.3682769  603.29464  1.64%  3855 2357s
H  254   127                     613.3557344  603.29464  1.64%  3841 2357s
H  255   127                     613.3508088  603.29464  1.64%  3834 2357s
H  265   127                     613.3386934  603.29464  1.64%  3778 2357s
H  268   127                     613.3333687  603.29464  1.64%  3774 2357s
   280   166  612.07508   13 1831  613.33337  603.29464  1.64%  3742 2482s
   331   227  612.17204   14 1804  613.33337  603.29464  1.64%  3455 2639s
   400   255  613.12350   17 1809  613.33337  603.29464  1.64%  3061 4422s
   434   333  613.12982   18 1809  613.33337  603.29464  1.64%  2903 4459s
   523   417     cutoff   18       613.33337  603.36161  1.63%  2564 4499s
   614   490  606.28145    8 1853  613.33337  603.36161  1.63%  2339 4561s
   710   586  609.51550    8 1882  613.33337  603.36161  1.63%  2153 4711s
   827   702  606.28602    9 1854  613.33337  603.36161  1.63%  1952 4798s
   973   815  607.77931   11 1863  613.33337  603.36161  1.63%  1743 4888s
  1127   959  606.87256   12 1875  613.33337  603.36161  1.63%  1573 5032s
  1310  1131  607.26033   12 1873  613.33337  603.36161  1.63%  1417 5146s
  1505  1302  607.56185   13 1862  613.33337  603.36161  1.63%  1289 5218s
  1707  1500  607.24267   15 1845  613.33337  603.36161  1.63%  1182 5355s
  1929  1727  607.26571   18 1805  613.33337  603.36161  1.63%  1087 5429s
  2174  1988  607.46420   19 1805  613.33337  603.36161  1.63%   995 5500s
  2457  2283  608.34572   21 1805  613.33337  603.36161  1.63%   906 5564s
  2778  2530  608.30098   20 1784  613.33337  603.36161  1.63%   826 5654s
  3104  2531  610.51468   16 2073  613.33337  603.36161  1.63%   765 6609s
  3106  2532  610.85724   64 2304  613.33337  603.36161  1.63%   764 6622s
  3107  2533  612.70696  111 2201  613.33337  603.36161  1.63%   764 6637s
  3108  2534  612.31750  135 2174  613.33337  603.36161  1.63%   764 6646s
  3109  2534  612.57391   59 2123  613.33337  603.36161  1.63%   763 6670s
H 3109  2407                     613.3333631  603.36161  1.63%   763 6692s
  3111  2409  612.60112  108 2050  613.33336  603.36161  1.63%   763 6714s
  3112  2409  610.92323   86 1982  613.33336  603.36161  1.63%   763 6735s
  3113  2410  607.15383   21 1967  613.33336  603.36161  1.63%   762 6766s
  3114  2411  610.46616   49 1949  613.33336  603.36161  1.63%   762 6782s
  3115  2411  607.97044   12 1963  613.33336  603.36161  1.63%   762 6795s
  3116  2412  606.95776   14 2004  613.33336  603.36161  1.63%   762 6818s
  3117  2413  613.06145  108 2001  613.33336  603.36161  1.63%   761 6846s
  3118  2413  612.05889   56 2034  613.33336  603.36161  1.63%   761 6882s
H 3118  2292                     613.3333628  603.36161  1.63%   761 7089s
  3120  2294  612.98889   89 1920  613.33336  603.36161  1.63%   761 7161s
  3121  2294  612.71899    9 1942  613.33336  603.36161  1.63%   760 7206s
  3122  2295  612.73103   26 1935  613.33336  603.36161  1.63%   760 7236s
  3123  2296  608.21864   19 1957  613.33336  603.36161  1.63%   760 7257s
  3124  2296  611.10832  117 1974  613.33336  603.36161  1.63%   760 7343s
  3125  2297  613.15857   96 1888  613.33336  603.36161  1.63%   760 7474s
  3126  2298  611.65435   32 1885  613.33336  603.36161  1.63%   759 7509s
  3127  2298  611.00004   40 1869  613.33336  603.36161  1.63%   759 7534s
  3128  2299  613.13829  107 1858  613.33336  603.36161  1.63%   759 7570s
  3129  2300  610.70819   64 1909  613.33336  603.36161  1.63%   759 7673s
  3130  2300  610.67623   36 1900  613.33336  603.36161  1.63%   758 7840s
  3131  2301  609.72304   30 1885  613.33336  603.38842  1.62%   758 7865s
  3132  2302  608.38099   23 1888  613.33336  603.55562  1.59%   758 7878s
  3133  2302  610.72992   68 1862  613.33336  603.58022  1.59%   758 7898s
  3134  2303  606.76452   13 1874  613.33336  603.59852  1.59%   757 7947s
  3135  2304  610.82725   40 1906  613.33336  603.88577  1.54%   757 8020s
  3136  2304  611.36105   34 1882  613.33336  603.88577  1.54%   757 8037s
  3137  2305  609.59097   31 1880  613.33336  604.18155  1.49%   757 8082s
  3138  2306  611.16132   41 1889  613.33336  604.31542  1.47%   756 8137s
  3139  2306  611.00394   97 1902  613.33336  604.38919  1.46%   756 8148s
  3140  2307  613.22082  112 1915  613.33336  604.43007  1.45%   756 8190s
  3141  2308  608.93611   54 1895  613.33336  604.56951  1.43%   756 8260s
  3142  2308  612.94045  108 1891  613.33336  604.56951  1.43%   755 8336s
  3143  2309  613.08522   46 1891  613.33336  604.56951  1.43%   755 8707s
  3144  2313  605.90233   14 1928  613.33336  604.56951  1.43%   782 9147s
  3146  2316  611.97956   15 1942  613.33336  604.56951  1.43%   783 9784s
  3150  2323  612.07893   16 1967  613.33336  604.56951  1.43%   788 9858s
  3158  2327     cutoff   17       613.33336  604.56951  1.43%   798 9925s
  3174  2330  604.56951   18 1759  613.33336  604.56951  1.43%   818 9969s
  3197  2325  607.75323   19 1743  613.33336  604.56951  1.43%   859 10037s
  3228  2317     cutoff   20       613.33336  604.79878  1.39%   897 10107s
  3260  2330  605.84528   21 1791  613.33336  604.93202  1.37%   935 10175s
H 3292  2229                     613.3333608  605.07919  1.35%   950 10252s
H 3293  2118                     613.3330287  605.07919  1.35%   950 10252s
H 3294  2014                     613.3321866  605.07919  1.35%   951 10252s
H 3298  1912                     613.3240746  605.07919  1.34%   955 10252s
H 3299  1817                     613.3240318  605.07919  1.34%   955 10252s
  3324  1839  606.98598   23 1787  613.32403  605.07919  1.34%   978 10307s
  3356  1846  607.90489   24 1799  613.32403  605.07919  1.34%   992 10485s
H 3367  1753                     613.3240316  605.07919  1.34%   995 10485s
  3388  1766  608.29987   25 1793  613.32403  605.07919  1.34%  1006 10528s
  3422  1781  608.29994   26 1792  613.32403  605.07919  1.34%  1019 10564s
  3470  1800  608.81705   28 1797  613.32403  605.07919  1.34%  1029 10586s
  3527  1812  608.81792   29 1796  613.32403  605.07919  1.34%  1033 10604s
  3586  1800  610.13524   32 1780  613.32403  605.07919  1.34%  1039 10768s
  3627  1817  611.93539   33 1745  613.32403  605.07919  1.34%  1045 10830s
  3699  1823  612.52419   35 1726  613.32403  605.07919  1.34%  1053 11564s
  3762  1840  612.75916   37 1760  613.32403  605.07919  1.34%  1061 11655s
  3848  1870  613.00981   41 1762  613.32403  605.07919  1.34%  1069 11785s
  3954  1889     cutoff   43       613.32403  605.84528  1.22%  1073 11919s
  4063  1917  606.51571   23 1743  613.32403  605.84528  1.22%  1074 12050s
  4175  1966  607.05614   24 1727  613.32403  605.84528  1.22%  1070 12201s
  4312  2048  607.93650   26 1695  613.32403  605.84528  1.22%  1062 12292s
  4462  2142  608.45437   28 1734  613.32403  605.84528  1.22%  1049 12358s
  4631  2245  609.53021   31 1712  613.32403  605.84528  1.22%  1033 12410s
  4820  2203  609.92714   34 1710  613.32403  605.84528  1.22%  1012 12619s
  4860  2358  610.02653   35 1706  613.32403  605.84528  1.22%  1011 12704s
  5053  2463  610.76927   40 1735  613.32403  605.84528  1.22%   993 12784s
  5261  2606  611.17866   46 1705  613.32403  605.84528  1.22%   973 12849s
  5520  2737  611.52436   56 1704  613.32403  605.84528  1.22%   946 12905s
  5769  2759  611.77347   66 1671  613.32403  605.84528  1.22%   920 12966s
  5987  2768  612.41588   74 1614  613.32403  605.84528  1.22%   907 13043s
  6152  2876  612.69090   81 1594  613.32403  605.84528  1.22%   903 13105s
  6364  2996  612.78425   96 1566  613.32403  605.84528  1.22%   892 13380s
  6599  2956  612.84490  110 1535  613.32403  605.84528  1.22%   881 14123s
  6675  3206  612.85272  112 1535  613.32403  605.84528  1.22%   882 14186s
  6994  3223  612.90267  128 1497  613.32403  605.84528  1.22%   860 15017s
  7184  3419  612.94707  135 1466  613.32403  605.84528  1.22%   853 16320s
H 7451  3194                     613.1733995  605.84528  1.20%   837 16321s
  7541  3332 infeasible  152       613.17340  605.84528  1.20%   831 16509s
  7838  3446 infeasible  151       613.17340  605.84528  1.20%   823 16686s
  8172  3581  612.65873   29 1805  613.17340  606.30291  1.12%   815 16902s

Cutting planes:
  Learned: 30
  Gomory: 55
  Cover: 163
  Implied bound: 83
  Projected implied bound: 258
  Clique: 9
  MIR: 659
  Flow cover: 3812
  GUB cover: 5
  Zero half: 15
  RLT: 1396
  Relax-and-lift: 301

Explored 8505 nodes (6956134 simplex iterations) in 16903.18 seconds
Thread count was 32 (of 32 available processors)

Solution count 10: 613.173 613.324 613.324 ... 613.356

Optimal solution found (tolerance 1.00e-02)
Best objective 6.131733995426e+02, best bound 6.075931207789e+02, gap 0.9101%

Gurobi 9.1.0 (linux64) logging started Thu Aug 19 21:08:23 2021

Changed value of parameter LogFile to eab_parasitoid_0_2_0.4_bud.log
   Prev:   Default: 
Changed value of parameter MIPGap to 0.01
   Prev: 0.0001  Min: 0.0  Max: inf  Default: 0.0001
Changed value of parameter Method to 2
   Prev: -1  Min: -1  Max: 5  Default: -1
Changed value of parameter MIPFocus to 2
   Prev: 0  Min: 0  Max: 3  Default: 0
Changed value of parameter RINS to 100
   Prev: -1  Min: -1  Max: 2000000000  Default: -1
Changed value of parameter SolutionLimit to 1
   Prev: 2000000000  Min: 1  Max: 2000000000  Default: 2000000000
Gurobi Optimizer version 9.1.0 build v9.1.0rc0 (linux64)
Thread count: 32 physical cores, 32 logical processors, using up to 32 threads
Optimize a model with 203396 rows, 134935 columns and 685039 nonzeros
Model fingerprint: 0x5394ff07
Variable types: 55779 continuous, 79156 integer (79156 binary)
Coefficient statistics:
  Matrix range     [2e-04, 1e+06]
  Objective range  [1e-06, 1e-01]
  Bounds range     [1e+00, 6e+03]
  RHS range        [1e-04, 1e+06]

User MIP start produced solution with objective 615.255 (1.49s)
User MIP start produced solution with objective 614.558 (1.51s)
User MIP start produced solution with objective 613.173 (1.61s)
Loaded user MIP start with objective 613.173
Processed MIP start in 1.62 seconds


Explored 0 nodes (0 simplex iterations) in 1.63 seconds
Thread count was 1 (of 32 available processors)

Solution count 4: 613.173 

Solution limit reached
Best objective 6.131733966393e+02, best bound -, gap -
