
Gurobi 9.1.0 (linux64) logging started Fri Aug  6 16:26:43 2021

Changed value of parameter LogFile to eab_parasitoid_2_1_1_bud.log
   Prev:   Default: 
Changed value of parameter MIPGap to 0.01
   Prev: 0.0001  Min: 0.0  Max: inf  Default: 0.0001
Changed value of parameter Method to 2
   Prev: -1  Min: -1  Max: 5  Default: -1
Changed value of parameter MIPFocus to 2
   Prev: 0  Min: 0  Max: 3  Default: 0
Changed value of parameter RINS to 100
   Prev: -1  Min: -1  Max: 2000000000  Default: -1
Gurobi Optimizer version 9.1.0 build v9.1.0rc0 (linux64)
Thread count: 32 physical cores, 32 logical processors, using up to 32 threads
Optimize a model with 203396 rows, 134935 columns and 685039 nonzeros
Model fingerprint: 0xdc0d737c
Variable types: 55779 continuous, 79156 integer (79156 binary)
Coefficient statistics:
  Matrix range     [1e-04, 1e+05]
  Objective range  [1e-06, 1e-01]
  Bounds range     [1e+00, 6e+03]
  RHS range        [1e-04, 1e+05]
Presolve removed 186099 rows and 119247 columns (presolve time = 5s) ...
Presolve removed 194615 rows and 127046 columns (presolve time = 10s) ...
Presolve removed 195292 rows and 127705 columns (presolve time = 15s) ...
Presolve removed 196781 rows and 129059 columns (presolve time = 20s) ...
Presolve removed 196806 rows and 129079 columns
Presolve time: 20.98s
Presolved: 6590 rows, 5856 columns, 101421 nonzeros
Variable types: 3081 continuous, 2775 integer (2775 binary)
Presolve removed 169 rows and 169 columns
Presolved: 6421 rows, 5687 columns, 101081 nonzeros

Root barrier log...

Ordering time: 0.48s

Barrier statistics:
 Dense cols : 119
 AA' NZ     : 4.425e+05
 Factor NZ  : 1.399e+06 (roughly 16 MBytes of memory)
 Factor Ops : 7.116e+08 (less than 1 second per iteration)
 Threads    : 31

                  Objective                Residual
Iter       Primal          Dual         Primal    Dual     Compl     Time
   0   1.01281645e+03 -1.01235797e+04  3.42e+02 1.90e-01  3.42e+01    23s
   1   8.56286611e+02 -1.08404214e+04  2.23e+02 4.59e-02  2.18e+01    23s
   2   4.77616933e+02 -8.67449146e+03  4.21e+00 8.78e-04  9.00e-01    23s
   3   4.25275351e+02 -1.21999486e+03  5.49e-01 5.01e-15  1.17e-01    23s
   4   4.00791360e+02  2.83489420e+01  7.57e-02 1.71e-15  2.29e-02    24s
   5   3.96604353e+02  3.02040042e+02  3.49e-02 1.67e-15  5.80e-03    24s
   6   3.92630761e+02  3.61120066e+02  1.05e-02 8.37e-16  1.87e-03    24s
   7   3.90627084e+02  3.79704229e+02  3.26e-03 4.84e-16  6.33e-04    24s
   8   3.90085548e+02  3.84752959e+02  1.85e-03 5.55e-16  3.07e-04    24s
   9   3.89509859e+02  3.87232757e+02  7.31e-04 2.06e-16  1.31e-04    24s
  10   3.89219565e+02  3.88115963e+02  2.74e-04 1.23e-16  6.31e-05    24s
  11   3.89094567e+02  3.88639235e+02  8.65e-05 2.22e-16  2.60e-05    24s
  12   3.89046904e+02  3.88877300e+02  3.13e-05 1.11e-16  9.69e-06    25s
  13   3.89025227e+02  3.88961105e+02  1.30e-05 2.22e-16  3.66e-06    25s
  14   3.89012427e+02  3.88990177e+02  4.03e-06 1.11e-16  1.27e-06    25s
  15   3.89008535e+02  3.89000025e+02  1.41e-06 1.11e-16  4.86e-07    25s
  16   3.89007001e+02  3.89004150e+02  4.02e-07 1.11e-16  1.63e-07    25s
  17   3.89006474e+02  3.89006000e+02  6.16e-08 2.22e-16  2.70e-08    25s
  18   3.89006363e+02  3.89006312e+02  8.12e-09 2.22e-16  2.91e-09    26s
  19   3.89006345e+02  3.89006337e+02  7.44e-10 1.11e-16  4.67e-10    26s
  20   3.89006344e+02  3.89006342e+02  1.56e-10 1.17e-16  8.99e-11    26s
  21   3.89006343e+02  3.89006343e+02  4.18e-11 1.25e-14  1.34e-11    26s

Barrier solved model in 21 iterations and 25.88 seconds
Optimal objective 3.89006343e+02


Root crossover log...

     340 DPushes remaining with DInf 0.0000000e+00                26s
       0 DPushes remaining with DInf 0.0000000e+00                26s

    2234 PPushes remaining with PInf 1.6875884e-05                26s
       0 PPushes remaining with PInf 0.0000000e+00                26s

  Push phase complete: Pinf 0.0000000e+00, Dinf 4.4628246e-01     26s


Root simplex log...

Iteration    Objective       Primal Inf.    Dual Inf.      Time
    2414    3.8900634e+02   0.000000e+00   4.462825e-01     26s
    2432    3.8900634e+02   0.000000e+00   0.000000e+00     26s
    2432    3.8900634e+02   0.000000e+00   0.000000e+00     26s

Root relaxation: objective 3.890063e+02, 2432 iterations, 4.80 seconds

    Nodes    |    Current Node    |     Objective Bounds      |     Work
 Expl Unexpl |  Obj  Depth IntInf | Incumbent    BestBd   Gap | It/Node Time

     0     0  389.00634    0 1074          -  389.00634      -     -   27s
H    0     0                     438.1797013  389.00634  11.2%     -   28s
H    0     0                     438.1771105  389.00634  11.2%     -   28s
     0     0  390.98947    0 1028  438.17711  390.98947  10.8%     -   32s
H    0     0                     438.1752921  390.98947  10.8%     -   34s
     0     0  391.60186    0 1043  438.17529  391.60186  10.6%     -   35s
     0     0  391.60422    0 1055  438.17529  391.60422  10.6%     -   35s
     0     0  391.60424    0 1055  438.17529  391.60424  10.6%     -   35s
     0     0  393.66792    0 1123  438.17529  393.66792  10.2%     -   41s
     0     0  393.71955    0 1087  438.17529  393.71955  10.1%     -   44s
     0     0  393.72446    0 1108  438.17529  393.72446  10.1%     -   45s
H    0     0                     399.2846655  393.72446  1.39%     -   45s
     0     0  393.72464    0 1113  399.28467  393.72464  1.39%     -   45s
     0     0  394.04007    0 1136  399.28467  394.04007  1.31%     -   51s
H    0     0                     395.9738737  394.04007  0.49%     -   53s

Cutting planes:
  Learned: 31
  Gomory: 21
  Cover: 67
  Implied bound: 189
  Projected implied bound: 24
  Clique: 3
  MIR: 142
  Flow cover: 712
  Zero half: 6
  RLT: 219
  Relax-and-lift: 40

Explored 1 nodes (9442 simplex iterations) in 56.52 seconds
Thread count was 32 (of 32 available processors)

Solution count 4: 395.974 399.285 438.175 438.177 

Optimal solution found (tolerance 1.00e-02)
Best objective 3.959738734195e+02, best bound 3.940400667473e+02, gap 0.4884%

Gurobi 9.1.0 (linux64) logging started Thu Aug 19 21:51:26 2021

Changed value of parameter LogFile to eab_parasitoid_2_1_1_bud.log
   Prev:   Default: 
Changed value of parameter MIPGap to 0.01
   Prev: 0.0001  Min: 0.0  Max: inf  Default: 0.0001
Changed value of parameter Method to 2
   Prev: -1  Min: -1  Max: 5  Default: -1
Changed value of parameter MIPFocus to 2
   Prev: 0  Min: 0  Max: 3  Default: 0
Changed value of parameter RINS to 100
   Prev: -1  Min: -1  Max: 2000000000  Default: -1
Changed value of parameter SolutionLimit to 1
   Prev: 2000000000  Min: 1  Max: 2000000000  Default: 2000000000
Gurobi Optimizer version 9.1.0 build v9.1.0rc0 (linux64)
Thread count: 32 physical cores, 32 logical processors, using up to 32 threads
Optimize a model with 203396 rows, 134935 columns and 685039 nonzeros
Model fingerprint: 0x46791160
Variable types: 55779 continuous, 79156 integer (79156 binary)
Coefficient statistics:
  Matrix range     [1e-04, 1e+05]
  Objective range  [1e-06, 1e-01]
  Bounds range     [1e+00, 6e+03]
  RHS range        [1e-04, 1e+05]

User MIP start produced solution with objective 395.97 (3.57s)
Loaded user MIP start with objective 395.97
Processed MIP start in 3.58 seconds


Explored 0 nodes (0 simplex iterations) in 3.60 seconds
Thread count was 1 (of 32 available processors)

Solution count 2: 395.97 

Solution limit reached
Best objective 3.959701121444e+02, best bound -, gap -
