
Gurobi 9.1.0 (linux64) logging started Thu Aug  5 17:26:53 2021

Changed value of parameter LogFile to eab_parasitoid_fastdisp_1_1.log
   Prev:   Default: 
Changed value of parameter MIPGap to 0.01
   Prev: 0.0001  Min: 0.0  Max: inf  Default: 0.0001
Changed value of parameter Method to 2
   Prev: -1  Min: -1  Max: 5  Default: -1
Changed value of parameter MIPFocus to 2
   Prev: 0  Min: 0  Max: 3  Default: 0
Changed value of parameter RINS to 100
   Prev: -1  Min: -1  Max: 2000000000  Default: -1
Gurobi Optimizer version 9.1.0 build v9.1.0rc0 (linux64)
Thread count: 32 physical cores, 32 logical processors, using up to 32 threads
Optimize a model with 205176 rows, 134930 columns and 701600 nonzeros
Model fingerprint: 0xe9224d84
Variable types: 55774 continuous, 79156 integer (79156 binary)
Coefficient statistics:
  Matrix range     [2e-04, 6e+05]
  Objective range  [1e-06, 1e-01]
  Bounds range     [1e+00, 6e+03]
  RHS range        [1e-04, 6e+05]
Presolve removed 182913 rows and 115652 columns (presolve time = 5s) ...
Presolve removed 193060 rows and 124790 columns (presolve time = 10s) ...
Presolve removed 194261 rows and 125972 columns (presolve time = 15s) ...
Presolve removed 194387 rows and 126058 columns
Presolve time: 18.61s
Presolved: 10789 rows, 8872 columns, 139194 nonzeros
Variable types: 3581 continuous, 5291 integer (5290 binary)
Presolve removed 51 rows and 41 columns
Presolved: 10738 rows, 8831 columns, 139005 nonzeros

Root barrier log...

Ordering time: 0.90s

Barrier statistics:
 Dense cols : 144
 AA' NZ     : 6.030e+05
 Factor NZ  : 3.330e+06 (roughly 35 MBytes of memory)
 Factor Ops : 2.996e+09 (less than 1 second per iteration)
 Threads    : 31

                  Objective                Residual
Iter       Primal          Dual         Primal    Dual     Compl     Time
   0   3.30559478e+03 -2.27039203e+04  3.57e+04 2.69e-01  9.20e+01    22s
   1   2.58380524e+03 -2.62453396e+04  2.61e+04 3.17e-01  6.69e+01    22s
   2   8.01645828e+02 -2.50933764e+04  1.87e+03 5.93e-13  5.64e+00    22s
   3   5.78115964e+02 -1.13115794e+04  1.76e+02 2.29e-13  7.73e-01    22s
   4   4.51441483e+02 -5.57392964e+03  2.89e+01 7.73e-14  2.55e-01    23s
   5   4.34647226e+02 -1.10518684e+03  1.79e+01 1.80e-14  6.49e-02    23s
   6   4.06925970e+02 -2.15732034e+02  5.15e+00 6.77e-15  2.42e-02    23s
   7   3.95090019e+02  2.63781823e+02  8.21e-01 4.66e-15  4.89e-03    23s
   8   3.89664493e+02  3.55633197e+02  1.28e-03 4.00e-15  1.23e-03    23s
   9   3.87372883e+02  3.75815425e+02  3.57e-04 8.73e-16  4.16e-04    24s
  10   3.86526621e+02  3.79053222e+02  1.43e-04 5.40e-16  2.69e-04    24s
  11   3.86153037e+02  3.82794228e+02  6.31e-05 2.49e-16  1.21e-04    24s
  12   3.85982747e+02  3.84052255e+02  3.44e-05 2.70e-16  6.94e-05    24s
  13   3.85889743e+02  3.85033332e+02  2.16e-05 1.11e-16  3.08e-05    24s
  14   3.85823472e+02  3.85382630e+02  1.27e-05 1.75e-16  1.58e-05    24s
  15   3.85741586e+02  3.85598404e+02  3.24e-06 2.22e-16  5.14e-06    25s
  16   3.85735705e+02  3.85646685e+02  2.54e-06 1.55e-15  3.20e-06    25s
  17   3.85725304e+02  3.85675609e+02  1.67e-06 2.22e-16  1.78e-06    25s
  18   3.85710997e+02  3.85693358e+02  4.01e-07 1.46e-16  6.34e-07    25s
  19   3.85708219e+02  3.85701342e+02  1.80e-07 2.22e-16  2.47e-07    25s
  20   3.85706686e+02  3.85703654e+02  5.80e-08 8.88e-16  1.09e-07    26s
  21   3.85706144e+02  3.85705308e+02  1.59e-08 2.22e-16  3.00e-08    26s
  22   3.85706075e+02  3.85705752e+02  1.07e-08 2.80e-16  1.16e-08    26s
  23   3.85706001e+02  3.85705840e+02  5.31e-09 1.33e-15  5.79e-09    26s
  24   3.85705954e+02  3.85705900e+02  1.94e-09 1.27e-15  1.95e-09    26s
  25   3.85705931e+02  3.85705918e+02  3.16e-10 4.55e-15  4.50e-10    26s
  26   3.85705927e+02  3.85705924e+02  8.24e-11 3.40e-14  1.19e-10    27s
  27   3.85705926e+02  3.85705925e+02  2.61e-07 6.83e-14  5.08e-11    27s

Barrier solved model in 27 iterations and 26.95 seconds
Optimal objective 3.85705926e+02


Root crossover log...

     849 DPushes remaining with DInf 0.0000000e+00                27s
       0 DPushes remaining with DInf 0.0000000e+00                27s

    4788 PPushes remaining with PInf 2.7639735e-05                27s
       0 PPushes remaining with PInf 0.0000000e+00                27s

  Push phase complete: Pinf 0.0000000e+00, Dinf 1.5064312e-01     27s


Root simplex log...

Iteration    Objective       Primal Inf.    Dual Inf.      Time
    5468    3.8570593e+02   0.000000e+00   1.506431e-01     27s
    5502    3.8570593e+02   0.000000e+00   0.000000e+00     28s
    5502    3.8570593e+02   0.000000e+00   0.000000e+00     28s

Root relaxation: objective 3.857059e+02, 5502 iterations, 8.36 seconds

    Nodes    |    Current Node    |     Objective Bounds      |     Work
 Expl Unexpl |  Obj  Depth IntInf | Incumbent    BestBd   Gap | It/Node Time

     0     0  415.57216    0 1923          -  415.57216      -     -   30s
     0     0  418.43997    0 2292          -  418.43997      -     -   39s
     0     0  420.38271    0 2209          -  420.38271      -     -   49s
     0     0  420.46164    0 2219          -  420.46164      -     -   52s
     0     0  420.46403    0 2213          -  420.46403      -     -   52s
     0     0  420.46498    0 2214          -  420.46498      -     -   52s
     0     0  420.46498    0 2214          -  420.46498      -     -   52s
     0     0  426.78393    0 2320          -  426.78393      -     -   72s
H    0     0                     545.2267732  426.78393  21.7%     -   77s
H    0     0                     545.2211941  426.78393  21.7%     -   77s
     0     0  432.33854    0 2242  545.22119  432.33854  20.7%     -   87s
     0     0  438.44766    0 2267  545.22119  438.44766  19.6%     -  103s
     0     0  438.44766    0 2258  545.22119  438.44766  19.6%     -  107s
     0     0  438.44766    0 2266  545.22119  438.44766  19.6%     -  109s
H    0     0                     521.6541113  438.44766  16.0%     -  123s
H    0     0                     521.6541103  438.44766  16.0%     -  123s
H    0     0                     521.6541087  438.44766  16.0%     -  123s
H    0     0                     521.6469242  438.44766  15.9%     -  123s
     0     0  438.44766    0 2255  521.64692  438.44766  15.9%     -  123s
H    0     0                     483.7535816  438.44766  9.37%     -  125s
H    0     0                     483.7259532  438.44766  9.36%     -  125s
H    0     0                     480.8334343  438.44766  8.82%     -  125s
H    0     0                     480.8328906  438.44766  8.81%     -  125s
H    0     0                     480.8326919  438.44766  8.81%     -  125s
     0     0  438.44766    0 2200  480.83269  438.44766  8.81%     -  125s
H    0     0                     480.5376267  438.44766  8.76%     -  131s
H    0     0                     480.5345676  438.44766  8.76%     -  132s
H    0     0                     480.5345196  438.44766  8.76%     -  132s
H    0     0                     480.5345179  438.44766  8.76%     -  132s
H    0     0                     480.5345176  438.44766  8.76%     -  132s
     0     0  438.44766    0 2196  480.53452  438.44766  8.76%     -  132s
H    0     0                     480.5339389  438.44766  8.76%     -  136s
H    0     0                     480.5339324  438.44766  8.76%     -  136s
H    0     0                     480.5268960  438.44766  8.76%     -  136s
     0     0  438.44766    0 2204  480.52690  438.44766  8.76%     -  137s
H    0     0                     480.5261305  438.44766  8.76%     -  139s
     0     0  438.44766    0 2202  480.52613  438.44766  8.76%     -  139s
     0     0  441.54877    0 2160  480.52613  441.54877  8.11%     -  157s
H    0     0                     480.5185669  441.54877  8.11%     -  158s
     0     0  441.80356    0 2217  480.51857  441.80356  8.06%     -  159s
     0     0  441.80356    0 2218  480.51857  441.80356  8.06%     -  162s
     0     0  441.80356    0 2244  480.51857  441.80356  8.06%     -  164s
     0     0  443.63201    0 2170  480.51857  443.63201  7.68%     -  185s
     0     0  443.67708    0 2212  480.51857  443.67708  7.67%     -  196s
     0     0  443.69329    0 2220  480.51857  443.69329  7.66%     -  199s
     0     0  451.98797    0 2188  480.51857  451.98797  5.94%     -  230s
     0     0  452.35312    0 2216  480.51857  452.35312  5.86%     -  233s
     0     0  452.38761    0 2196  480.51857  452.38761  5.85%     -  239s
     0     0  452.39254    0 2211  480.51857  452.39254  5.85%     -  242s
     0     0  461.57621    0 2151  480.51857  461.57621  3.94%     -  270s
H    0     0                     480.4680324  461.57621  3.93%     -  278s
     0     0  461.81413    0 2199  480.46803  461.81413  3.88%     -  284s
     0     0  461.82396    0 2176  480.46803  461.82396  3.88%     -  287s
     0     0  465.04970    0 2197  480.46803  465.04970  3.21%     -  312s
H    0     0                     480.4680312  465.04970  3.21%     -  320s
     0     0  465.07267    0 2205  480.46803  465.07267  3.20%     -  334s
H    0     0                     480.4680266  465.07267  3.20%     -  343s
     0     0  468.84499    0 2196  480.46803  468.84499  2.42%     -  365s
     0     0  468.85743    0 2216  480.46803  468.85743  2.42%     -  386s
     0     0  469.03273    0 2211  480.46803  469.03273  2.38%     -  404s
     0     0  469.03273    0 2210  480.46803  469.03273  2.38%     -  413s
H    0     0                     480.4680221  469.03273  2.38%     -  551s
     0     2  469.03273    0 2210  480.46802  469.03273  2.38%     -  557s
     1     4  469.03808    1 2196  480.46802  469.03399  2.38%   853  571s
     3     8  469.22647    2 2208  480.46802  469.03890  2.38%  1297  614s
     6     8  471.96800    2 2000  480.46802  469.22647  2.34%  1865  615s
     7    16  469.46602    3 2201  480.46802  469.22647  2.34%  1919  674s
    15    32  469.60674    4 2102  480.46802  469.46665  2.29%  2594  737s
    31    24 infeasible    5       480.46802  469.56105  2.27%  3507  785s
    63    14  471.89906    6 1890  480.46802  471.00071  1.97%  2728  848s
    87    11     cutoff    7       480.46802  471.15071  1.94%  2568  882s
   101    19  478.19142    8 1723  480.46802  473.81768  1.38%  2531  892s
   112    22  479.51072    9 1680  480.46802  475.06926  1.12%  2320  904s
   131    36     cutoff   10       480.46802  475.14548  1.11%  2149  918s
   153    62  475.67021   11 1553  480.46802  475.23229  1.09%  1993  935s
   185    86  475.71241   12 1541  480.46802  475.24645  1.09%  1794  949s
H  198    86                     480.4621158  475.24888  1.09%  1709  949s
H  213    86                     480.4472434  475.24888  1.08%  1637  949s
   219   128  475.78516   13 1542  480.44724  475.24888  1.08%  1608  960s
H  268   157                     480.4408708  475.24888  1.08%  1388 1076s
H  269   157                     480.4065471  475.24888  1.07%  1384 1076s
H  276   157                     480.3859583  475.24888  1.07%  1354 1076s
H  300   186                     480.3853774  475.24888  1.07%  1272 1315s
H  304   186                     480.3472628  475.24888  1.06%  1258 1315s
   333   247  475.85086   16 1517  480.34726  475.24888  1.06%  1178 1338s
   419   317  475.94313   19 1526  480.34726  475.24888  1.06%   985 1356s
   503   373  476.06016   22 1502  480.34726  475.24888  1.06%   856 1502s
   584   438  476.47840   24 1470  480.34726  475.24888  1.06%   780 1516s
   680   499  477.63072   24 1511  480.34726  475.24888  1.06%   712 1531s
   783   568  476.68820   26 1545  480.34726  475.24888  1.06%   658 1544s
   885   637  476.77842   28 1549  480.34726  475.24888  1.06%   620 1558s
   995   698  478.48527   30 1565  480.34726  475.24888  1.06%   585 1683s
H 1031   698                     480.3470731  475.24888  1.06%   572 1683s
H 1059   698                     480.3455375  475.24888  1.06%   565 1683s
  1116   776  477.21681   31 1549  480.34554  475.24888  1.06%   548 1715s
  1255   871  477.22000   32 1551  480.34554  475.24888  1.06%   514 1752s
  1390  1000  478.03228   33 1567  480.34554  475.24888  1.06%   490 1787s
  1573  1125  477.58507   33 1551  480.34554  475.24888  1.06%   455 1824s
  1764  1240  478.54252   35 1562  480.34554  475.24888  1.06%   426 1858s
  1944  1374  478.36766   34 1565  480.34554  475.24888  1.06%   405 1895s
  2129  1469     cutoff   39       480.34554  475.24888  1.06%   387 1931s
  2294  1580  478.18967   38 1582  480.34554  475.24888  1.06%   375 2226s
  2442  1771  478.46621   37 1580  480.34554  475.24888  1.06%   367 2258s
  2696  1883     cutoff   49       480.34554  475.24888  1.06%   347 2691s
H 2722  1883                     480.3455281  475.24888  1.06%   346 2691s
  2846  2102  479.11804   48 1560  480.34553  475.24888  1.06%   340 2741s
  3120  2103  477.24585   26 2210  480.34553  475.24888  1.06%   324 3748s
  3122  2104  479.42887   24 1855  480.34553  475.24888  1.06%   324 3768s
  3123  2105  478.81472   20 2011  480.34553  475.24888  1.06%   324 3783s
  3124  2106  479.59787   43 1902  480.34553  475.24888  1.06%   324 3789s
  3125  2106  479.96808   86 1974  480.34553  475.24888  1.06%   324 3792s
  3127  2108  479.43377   51 1753  480.34553  475.24888  1.06%   324 3797s
  3128  2108  479.21065   20 1812  480.34553  475.24888  1.06%   324 3805s
  3129  2109  478.74288   34 1793  480.34553  475.24888  1.06%   323 3812s
  3130  2110  479.58370   13 1734  480.34553  475.24888  1.06%   323 3820s
  3131  2110  478.87424   25 1808  480.34553  475.24888  1.06%   323 3826s
  3133  2112  478.85442   21 1793  480.34553  475.24888  1.06%   323 3835s
  3134  2112  479.01852   27 1640  480.34553  475.24888  1.06%   323 3950s
  3135  2113  475.89321   22 1675  480.34553  475.24888  1.06%   323 3985s
  3136  2114  478.03472   24 1669  480.34553  475.24888  1.06%   323 3998s

Cutting planes:
  Learned: 40
  Gomory: 37
  Cover: 100
  Implied bound: 87
  Projected implied bound: 73
  Clique: 21
  MIR: 340
  StrongCG: 2
  Flow cover: 2131
  Zero half: 22
  RLT: 703
  Relax-and-lift: 180

Explored 3136 nodes (1108706 simplex iterations) in 4046.50 seconds
Thread count was 32 (of 32 available processors)

Solution count 10: 480.346 480.346 480.346 ... 480.447

Optimal solution found (tolerance 1.00e-02)
Best objective 4.803455281026e+02, best bound 4.758659423252e+02, gap 0.9326%

Gurobi 9.1.0 (linux64) logging started Thu Aug  5 18:35:28 2021

Changed value of parameter LogFile to eab_parasitoid_fastdisp_1_1.log
   Prev:   Default: 
Changed value of parameter MIPGap to 0.01
   Prev: 0.0001  Min: 0.0  Max: inf  Default: 0.0001
Changed value of parameter Method to 2
   Prev: -1  Min: -1  Max: 5  Default: -1
Changed value of parameter MIPFocus to 2
   Prev: 0  Min: 0  Max: 3  Default: 0
Changed value of parameter RINS to 100
   Prev: -1  Min: -1  Max: 2000000000  Default: -1
Gurobi Optimizer version 9.1.0 build v9.1.0rc0 (linux64)
Thread count: 32 physical cores, 32 logical processors, using up to 32 threads
Optimize a model with 205176 rows, 134930 columns and 701600 nonzeros
Model fingerprint: 0xe9224d84
Variable types: 55774 continuous, 79156 integer (79156 binary)
Coefficient statistics:
  Matrix range     [2e-04, 6e+05]
  Objective range  [1e-06, 1e-01]
  Bounds range     [1e+00, 6e+03]
  RHS range        [1e-04, 6e+05]
Presolve removed 177079 rows and 113500 columns (presolve time = 5s) ...
Presolve removed 188222 rows and 120529 columns (presolve time = 10s) ...
Presolve removed 193145 rows and 124868 columns (presolve time = 15s) ...
Presolve removed 194264 rows and 125972 columns (presolve time = 20s) ...
Presolve removed 194393 rows and 126064 columns (presolve time = 25s) ...
Presolve removed 194387 rows and 126058 columns
Presolve time: 25.39s
Presolved: 10789 rows, 8872 columns, 139194 nonzeros
Variable types: 3581 continuous, 5291 integer (5290 binary)
Presolve removed 51 rows and 41 columns
Presolved: 10738 rows, 8831 columns, 139005 nonzeros

Root barrier log...

Ordering time: 1.01s

Barrier statistics:
 Dense cols : 144
 AA' NZ     : 6.030e+05
 Factor NZ  : 3.330e+06 (roughly 35 MBytes of memory)
 Factor Ops : 2.996e+09 (less than 1 second per iteration)
 Threads    : 31

                  Objective                Residual
Iter       Primal          Dual         Primal    Dual     Compl     Time
   0   3.30559478e+03 -2.27039203e+04  3.57e+04 2.69e-01  9.20e+01    29s
   1   2.58380524e+03 -2.62453396e+04  2.61e+04 3.17e-01  6.69e+01    29s
   2   8.01645828e+02 -2.50933764e+04  1.87e+03 5.93e-13  5.64e+00    29s
   3   5.78115964e+02 -1.13115794e+04  1.76e+02 2.29e-13  7.73e-01    30s
   4   4.51441483e+02 -5.57392964e+03  2.89e+01 7.73e-14  2.55e-01    30s
   5   4.34647226e+02 -1.10518684e+03  1.79e+01 1.80e-14  6.49e-02    30s
   6   4.06925970e+02 -2.15732034e+02  5.15e+00 6.77e-15  2.42e-02    30s
   7   3.95090019e+02  2.63781823e+02  8.21e-01 4.66e-15  4.89e-03    30s
   8   3.89664493e+02  3.55633197e+02  1.28e-03 4.00e-15  1.23e-03    31s
   9   3.87372883e+02  3.75815425e+02  3.57e-04 8.73e-16  4.16e-04    31s
  10   3.86526621e+02  3.79053222e+02  1.43e-04 5.40e-16  2.69e-04    31s
  11   3.86153037e+02  3.82794228e+02  6.31e-05 2.49e-16  1.21e-04    31s
  12   3.85982747e+02  3.84052255e+02  3.44e-05 2.70e-16  6.94e-05    31s
  13   3.85889743e+02  3.85033332e+02  2.16e-05 1.11e-16  3.08e-05    32s
  14   3.85823472e+02  3.85382630e+02  1.27e-05 1.75e-16  1.58e-05    32s
  15   3.85741586e+02  3.85598404e+02  3.24e-06 2.22e-16  5.14e-06    32s
  16   3.85735705e+02  3.85646685e+02  2.54e-06 1.55e-15  3.20e-06    32s
  17   3.85725304e+02  3.85675609e+02  1.67e-06 2.22e-16  1.78e-06    32s
  18   3.85710997e+02  3.85693358e+02  4.01e-07 1.46e-16  6.34e-07    33s
  19   3.85708219e+02  3.85701342e+02  1.80e-07 2.22e-16  2.47e-07    33s
  20   3.85706686e+02  3.85703654e+02  5.80e-08 8.88e-16  1.09e-07    33s
  21   3.85706144e+02  3.85705308e+02  1.59e-08 2.22e-16  3.00e-08    33s
  22   3.85706075e+02  3.85705752e+02  1.07e-08 2.80e-16  1.16e-08    34s
  23   3.85706001e+02  3.85705840e+02  5.31e-09 1.33e-15  5.79e-09    34s
  24   3.85705954e+02  3.85705900e+02  1.94e-09 1.27e-15  1.95e-09    34s
  25   3.85705931e+02  3.85705918e+02  3.16e-10 4.55e-15  4.50e-10    34s
  26   3.85705927e+02  3.85705924e+02  8.24e-11 3.40e-14  1.19e-10    34s
  27   3.85705926e+02  3.85705925e+02  2.61e-07 6.83e-14  5.08e-11    35s

Barrier solved model in 27 iterations and 34.64 seconds
Optimal objective 3.85705926e+02


Root crossover log...

     849 DPushes remaining with DInf 0.0000000e+00                35s
       0 DPushes remaining with DInf 0.0000000e+00                35s

    4788 PPushes remaining with PInf 2.7639735e-05                35s
     778 PPushes remaining with PInf 0.0000000e+00                35s
       0 PPushes remaining with PInf 0.0000000e+00                35s

  Push phase complete: Pinf 0.0000000e+00, Dinf 1.5064312e-01     35s


Root simplex log...

Iteration    Objective       Primal Inf.    Dual Inf.      Time
    5468    3.8570593e+02   0.000000e+00   1.506431e-01     35s
    5502    3.8570593e+02   0.000000e+00   0.000000e+00     35s
    5502    3.8570593e+02   0.000000e+00   0.000000e+00     35s

Root relaxation: objective 3.857059e+02, 5502 iterations, 9.20 seconds

    Nodes    |    Current Node    |     Objective Bounds      |     Work
 Expl Unexpl |  Obj  Depth IntInf | Incumbent    BestBd   Gap | It/Node Time

     0     0  415.57216    0 1923          -  415.57216      -     -   38s
     0     0  418.43997    0 2292          -  418.43997      -     -   50s
     0     0  420.38271    0 2209          -  420.38271      -     -   64s
     0     0  420.46164    0 2219          -  420.46164      -     -   68s
     0     0  420.46403    0 2213          -  420.46403      -     -   68s
     0     0  420.46498    0 2214          -  420.46498      -     -   68s
     0     0  420.46498    0 2214          -  420.46498      -     -   68s
     0     0  426.78393    0 2320          -  426.78393      -     -  105s
H    0     0                     545.2267732  426.78393  21.7%     -  110s
H    0     0                     545.2211941  426.78393  21.7%     -  110s
     0     0  432.33854    0 2242  545.22119  432.33854  20.7%     -  122s
     0     0  438.44766    0 2267  545.22119  438.44766  19.6%     -  136s
     0     0  438.44766    0 2258  545.22119  438.44766  19.6%     -  140s
     0     0  438.44766    0 2266  545.22119  438.44766  19.6%     -  141s
H    0     0                     521.6541113  438.44766  16.0%     -  175s
H    0     0                     521.6541103  438.44766  16.0%     -  175s
H    0     0                     521.6541087  438.44766  16.0%     -  175s
H    0     0                     521.6469242  438.44766  15.9%     -  175s
     0     0  438.44766    0 2255  521.64692  438.44766  15.9%     -  175s
H    0     0                     483.7535816  438.44766  9.37%     -  189s
H    0     0                     483.7259532  438.44766  9.36%     -  189s
H    0     0                     480.8334343  438.44766  8.82%     -  189s
H    0     0                     480.8328906  438.44766  8.81%     -  189s
H    0     0                     480.8326919  438.44766  8.81%     -  189s
     0     0  438.44766    0 2200  480.83269  438.44766  8.81%     -  189s
H    0     0                     480.5376267  438.44766  8.76%     -  194s
H    0     0                     480.5345676  438.44766  8.76%     -  194s
H    0     0                     480.5345196  438.44766  8.76%     -  194s
H    0     0                     480.5345179  438.44766  8.76%     -  194s
H    0     0                     480.5345176  438.44766  8.76%     -  194s
     0     0  438.44766    0 2196  480.53452  438.44766  8.76%     -  194s
H    0     0                     480.5339389  438.44766  8.76%     -  196s
H    0     0                     480.5339324  438.44766  8.76%     -  196s
H    0     0                     480.5268960  438.44766  8.76%     -  196s
     0     0  438.44766    0 2204  480.52690  438.44766  8.76%     -  197s
H    0     0                     480.5261305  438.44766  8.76%     -  198s
     0     0  438.44766    0 2202  480.52613  438.44766  8.76%     -  198s
     0     0  441.54877    0 2160  480.52613  441.54877  8.11%     -  217s
H    0     0                     480.5185669  441.54877  8.11%     -  221s
     0     0  441.80356    0 2217  480.51857  441.80356  8.06%     -  234s
     0     0  441.80356    0 2218  480.51857  441.80356  8.06%     -  240s
     0     0  441.80356    0 2244  480.51857  441.80356  8.06%     -  245s
     0     0  443.63201    0 2170  480.51857  443.63201  7.68%     -  267s
     0     0  443.67708    0 2212  480.51857  443.67708  7.67%     -  279s
     0     0  443.69329    0 2220  480.51857  443.69329  7.66%     -  285s
     0     0  451.98797    0 2188  480.51857  451.98797  5.94%     -  322s
     0     0  452.35312    0 2216  480.51857  452.35312  5.86%     -  337s
     0     0  452.38761    0 2196  480.51857  452.38761  5.85%     -  353s
     0     0  452.39254    0 2211  480.51857  452.39254  5.85%     -  361s
     0     0  461.57621    0 2151  480.51857  461.57621  3.94%     -  405s
H    0     0                     480.4680324  461.57621  3.93%     -  420s
     0     0  461.81413    0 2199  480.46803  461.81413  3.88%     -  438s
     0     0  461.82396    0 2176  480.46803  461.82396  3.88%     -  450s
     0     0  465.04970    0 2197  480.46803  465.04970  3.21%     -  474s
H    0     0                     480.4680312  465.04970  3.21%     -  479s
     0     0  465.07267    0 2205  480.46803  465.07267  3.20%     -  491s
H    0     0                     480.4680266  465.07267  3.20%     -  501s
     0     0  468.84499    0 2196  480.46803  468.84499  2.42%     -  522s
     0     0  468.85743    0 2216  480.46803  468.85743  2.42%     -  566s
     0     0  469.03273    0 2211  480.46803  469.03273  2.38%     -  609s
     0     0  469.03273    0 2210  480.46803  469.03273  2.38%     -  621s
H    0     0                     480.4680221  469.03273  2.38%     -  833s
     0     2  469.03273    0 2210  480.46802  469.03273  2.38%     -  841s
     1     4  469.03808    1 2196  480.46802  469.03399  2.38%   853  861s
     3     8  469.22647    2 2208  480.46802  469.03890  2.38%  1297  908s
     7    16  469.46602    3 2201  480.46802  469.22647  2.34%  1919  986s
    15    32  469.60674    4 2102  480.46802  469.46665  2.29%  2594 1061s
    31    24 infeasible    5       480.46802  469.56105  2.27%  3507 1140s
    63    14  471.89906    6 1890  480.46802  471.00071  1.97%  2728 1200s
    87    11     cutoff    7       480.46802  471.15071  1.94%  2568 1236s
   101    19  478.19142    8 1723  480.46802  473.81768  1.38%  2531 1254s
   108    19 infeasible    8       480.46802  475.06926  1.12%  2391 1255s
   112    22  479.51072    9 1680  480.46802  475.06926  1.12%  2320 1270s
   131    36     cutoff   10       480.46802  475.14548  1.11%  2149 1288s
   153    62  475.67021   11 1553  480.46802  475.23229  1.09%  1993 1314s
   185    86  475.71241   12 1541  480.46802  475.24645  1.09%  1794 1333s
H  198    86                     480.4621158  475.24888  1.09%  1709 1333s
H  213    86                     480.4472434  475.24888  1.08%  1637 1333s
   219   128  475.78516   13 1542  480.44724  475.24888  1.08%  1608 1352s
H  268   157                     480.4408708  475.24888  1.08%  1388 1546s
H  269   157                     480.4065471  475.24888  1.07%  1384 1546s
H  276   157                     480.3859583  475.24888  1.07%  1354 1546s
H  300   186                     480.3853774  475.24888  1.07%  1272 2089s
H  304   186                     480.3472628  475.24888  1.06%  1258 2089s
   333   247  475.85086   16 1517  480.34726  475.24888  1.06%  1178 2127s
   419   317  475.94313   19 1526  480.34726  475.24888  1.06%   985 2152s
   503   373  476.06016   22 1502  480.34726  475.24888  1.06%   856 2385s
   584   438  476.47840   24 1470  480.34726  475.24888  1.06%   780 2416s
   680   499  477.63072   24 1511  480.34726  475.24888  1.06%   712 2440s
   783   568  476.68820   26 1545  480.34726  475.24888  1.06%   658 2467s
   885   637  476.77842   28 1549  480.34726  475.24888  1.06%   620 2488s
   995   698  478.48527   30 1565  480.34726  475.24888  1.06%   585 2715s
H 1031   698                     480.3470731  475.24888  1.06%   572 2715s
H 1059   698                     480.3455375  475.24888  1.06%   565 2715s
  1116   776  477.21681   31 1549  480.34554  475.24888  1.06%   548 2737s
  1255   871  477.22000   32 1551  480.34554  475.24888  1.06%   514 2757s
  1390  1000  478.03228   33 1567  480.34554  475.24888  1.06%   490 2782s
  1573  1125  477.58507   33 1551  480.34554  475.24888  1.06%   455 2813s
  1764  1240  478.54252   35 1562  480.34554  475.24888  1.06%   426 2835s
  1944  1374  478.36766   34 1565  480.34554  475.24888  1.06%   405 2863s
  2129  1469     cutoff   39       480.34554  475.24888  1.06%   387 2885s
  2294  1580  478.18967   38 1582  480.34554  475.24888  1.06%   375 3010s
  2442  1771  478.46621   37 1580  480.34554  475.24888  1.06%   367 3027s
  2696  1883     cutoff   49       480.34554  475.24888  1.06%   347 3220s
H 2722  1883                     480.3455281  475.24888  1.06%   346 3220s
  2846  2102  479.11804   48 1560  480.34553  475.24888  1.06%   340 3245s
  3120  2103  477.24585   26 2210  480.34553  475.24888  1.06%   324 3469s
  3122  2104  479.42887   24 1855  480.34553  475.24888  1.06%   324 3482s
  3123  2105  478.81472   20 2011  480.34553  475.24888  1.06%   324 3492s
  3124  2106  479.59787   43 1902  480.34553  475.24888  1.06%   324 3497s
  3125  2106  479.96808   86 1974  480.34553  475.24888  1.06%   324 3500s
  3127  2108  479.43377   51 1753  480.34553  475.24888  1.06%   324 3508s
  3128  2108  479.21065   20 1812  480.34553  475.24888  1.06%   324 3512s
  3129  2109  478.74288   34 1793  480.34553  475.24888  1.06%   323 3515s
  3133  2112  478.85442   21 1793  480.34553  475.24888  1.06%   323 3524s
  3134  2112  479.01852   27 1640  480.34553  475.24888  1.06%   323 3569s
  3135  2113  475.89321   22 1675  480.34553  475.24888  1.06%   323 3570s

Cutting planes:
  Learned: 40
  Gomory: 37
  Cover: 100
  Implied bound: 87
  Projected implied bound: 73
  Clique: 21
  MIR: 340
  StrongCG: 2
  Flow cover: 2131
  Zero half: 22
  RLT: 703
  Relax-and-lift: 180

Explored 3136 nodes (1108706 simplex iterations) in 3585.35 seconds
Thread count was 32 (of 32 available processors)

Solution count 10: 480.346 480.346 480.346 ... 480.447

Optimal solution found (tolerance 1.00e-02)
Best objective 4.803455281026e+02, best bound 4.758659423252e+02, gap 0.9326%
