
Gurobi 9.1.0 (linux64) logging started Wed Aug  4 18:30:03 2021

Changed value of parameter LogFile to eab_parasitoid_nothresh_1_0.log
   Prev:   Default: 
Changed value of parameter MIPGap to 0.01
   Prev: 0.0001  Min: 0.0  Max: inf  Default: 0.0001
Changed value of parameter Method to 2
   Prev: -1  Min: -1  Max: 5  Default: -1
Changed value of parameter MIPFocus to 2
   Prev: 0  Min: 0  Max: 3  Default: 0
Changed value of parameter RINS to 100
   Prev: -1  Min: -1  Max: 2000000000  Default: -1
Gurobi Optimizer version 9.1.0 build v9.1.0rc0 (linux64)
Thread count: 32 physical cores, 32 logical processors, using up to 32 threads
Optimize a model with 203323 rows, 134930 columns and 684966 nonzeros
Model fingerprint: 0xb7347409
Variable types: 55774 continuous, 79156 integer (79156 binary)
Coefficient statistics:
  Matrix range     [2e-04, 6e+05]
  Objective range  [1e-06, 1e-01]
  Bounds range     [1e+00, 6e+03]
  RHS range        [1e-04, 6e+05]
Presolve removed 152091 rows and 90363 columns (presolve time = 7s) ...
Presolve removed 167092 rows and 102787 columns (presolve time = 10s) ...
Presolve removed 181306 rows and 115550 columns (presolve time = 15s) ...
Presolve removed 183035 rows and 117472 columns (presolve time = 20s) ...
Presolve removed 190942 rows and 124698 columns (presolve time = 25s) ...
Presolve removed 191789 rows and 125172 columns (presolve time = 31s) ...
Presolve removed 192493 rows and 125934 columns (presolve time = 35s) ...
Presolve removed 193093 rows and 126506 columns (presolve time = 40s) ...
Presolve removed 193263 rows and 126634 columns (presolve time = 45s) ...
Presolve removed 193319 rows and 126678 columns
Presolve time: 50.52s
Presolved: 10004 rows, 8252 columns, 132103 nonzeros
Variable types: 3533 continuous, 4719 integer (4717 binary)
Presolve removed 12 rows and 11 columns
Presolved: 9992 rows, 8241 columns, 132074 nonzeros

Root barrier log...

Ordering time: 1.44s

Barrier statistics:
 Dense cols : 139
 AA' NZ     : 5.752e+05
 Factor NZ  : 2.790e+06 (roughly 30 MBytes of memory)
 Factor Ops : 2.361e+09 (less than 1 second per iteration)
 Threads    : 31

                  Objective                Residual
Iter       Primal          Dual         Primal    Dual     Compl     Time
   0   3.02160519e+03 -1.74323286e+04  3.63e+04 1.90e-01  8.14e+01    57s
   1   2.45228885e+03 -2.01218594e+04  2.74e+04 3.99e-01  5.99e+01    57s
   2   8.53592170e+02 -2.03503382e+04  2.82e+03 1.28e-13  7.03e+00    58s
   3   5.89910647e+02 -1.13320838e+04  1.12e+02 1.60e-14  6.66e-01    58s
   4   4.97526250e+02 -2.65053272e+03  2.19e+01 4.79e-15  1.39e-01    58s
   5   4.66961856e+02 -4.05956655e+02  5.99e+00 1.64e-15  3.60e-02    58s
   6   4.53066585e+02  1.38466112e+02  1.47e+00 1.39e-15  1.25e-02    59s
   7   4.44544086e+02  2.99332439e+02  1.05e-01 1.22e-15  5.63e-03    59s
   8   4.41331988e+02  3.90340792e+02  8.30e-04 1.00e-15  1.97e-03    59s
   9   4.39530331e+02  4.13298615e+02  3.30e-04 6.00e-16  1.01e-03    59s
  10   4.39047558e+02  4.22870530e+02  2.45e-04 2.67e-16  6.22e-04    59s
  11   4.38253057e+02  4.29297270e+02  1.27e-04 1.72e-16  3.44e-04    60s
  12   4.37714084e+02  4.32048367e+02  5.39e-05 1.65e-16  2.18e-04    60s
  13   4.37476891e+02  4.34546189e+02  2.90e-05 2.53e-16  1.13e-04    60s
  14   4.37280513e+02  4.36221276e+02  1.43e-05 1.45e-15  4.07e-05    60s
  15   4.37165997e+02  4.36569003e+02  7.23e-06 5.62e-16  2.29e-05    60s
  16   4.37135570e+02  4.36712589e+02  5.51e-06 9.59e-16  1.63e-05    61s
  17   4.37083223e+02  4.36825629e+02  2.50e-06 5.24e-16  9.90e-06    61s
  18   4.37069777e+02  4.36922091e+02  1.84e-06 2.45e-16  5.68e-06    61s
  19   4.37050082e+02  4.36976803e+02  6.37e-07 3.16e-16  2.82e-06    61s
  20   4.37045524e+02  4.37003938e+02  4.37e-07 2.33e-16  1.60e-06    61s
  21   4.37043756e+02  4.37010017e+02  3.61e-07 2.22e-16  1.30e-06    62s
  22   4.37040888e+02  4.37017912e+02  2.43e-07 2.22e-16  8.83e-07    62s
  23   4.37039893e+02  4.37025128e+02  2.01e-07 2.83e-16  5.67e-07    62s
  24   4.37037614e+02  4.37029193e+02  1.04e-07 2.22e-16  3.24e-07    62s
  25   4.37036613e+02  4.37032314e+02  5.38e-08 2.07e-16  1.65e-07    62s
  26   4.37035738e+02  4.37033968e+02  1.38e-08 1.19e-16  6.80e-08    63s
  27   4.37035393e+02  4.37035031e+02  2.24e-09 8.36e-16  1.39e-08    63s
  28   4.37035338e+02  4.37035255e+02  5.93e-10 3.07e-16  3.19e-09    63s
  29   4.37035325e+02  4.37035280e+02  2.35e-10 4.61e-16  1.74e-09    63s
  30   4.37035318e+02  4.37035309e+02  5.49e-11 5.02e-16  3.35e-10    63s
  31   4.37035316e+02  4.37035315e+02  9.17e-12 1.67e-14  3.50e-11    64s

Barrier solved model in 31 iterations and 63.55 seconds
Optimal objective 4.37035316e+02


Root crossover log...

     703 DPushes remaining with DInf 0.0000000e+00                64s
       0 DPushes remaining with DInf 0.0000000e+00                64s

    4586 PPushes remaining with PInf 4.2297046e-05                64s
       0 PPushes remaining with PInf 0.0000000e+00                65s

  Push phase complete: Pinf 0.0000000e+00, Dinf 1.6954376e-01     65s


Root simplex log...

Iteration    Objective       Primal Inf.    Dual Inf.      Time
    5112    4.3703532e+02   0.000000e+00   1.695438e-01     65s
    5140    4.3703532e+02   0.000000e+00   0.000000e+00     65s
    5141    4.3703532e+02   0.000000e+00   0.000000e+00     65s
Extra simplex iterations after uncrush: 1

Root relaxation: objective 4.370353e+02, 5141 iterations, 11.62 seconds
Total elapsed time = 66.94s

    Nodes    |    Current Node    |     Objective Bounds      |     Work
 Expl Unexpl |  Obj  Depth IntInf | Incumbent    BestBd   Gap | It/Node Time

     0     0  437.03532    0 1860          -  437.03532      -     -   68s
     0     0  445.30425    0 2037          -  445.30425      -     -   77s
     0     0  445.52960    0 2048          -  445.52960      -     -   83s
     0     0  446.75555    0 2066          -  446.75555      -     -   84s
     0     0  446.75693    0 2074          -  446.75693      -     -   85s
     0     0  453.95889    0 2156          -  453.95889      -     -   99s
     0     0  455.92608    0 2177          -  455.92608      -     -  118s
     0     0  456.05121    0 2139          -  456.05121      -     -  130s
     0     0  456.05405    0 2141          -  456.05405      -     -  135s
H    0     0                     555.6343630  457.05022  17.7%     -  163s
H    0     0                     555.6269804  457.05022  17.7%     -  163s
H    0     0                     555.6213562  457.05022  17.7%     -  163s
     0     0  462.55351    0 2123  555.62136  462.55351  16.8%     -  163s
     0     0  462.74104    0 2124  555.62136  462.74104  16.7%     -  168s
     0     0  462.78738    0 2101  555.62136  462.78738  16.7%     -  170s
     0     0  462.78901    0 2099  555.62136  462.78901  16.7%     -  170s
     0     0  469.51870    0 2083  555.62136  469.51870  15.5%     -  182s
H    0     0                     555.5886197  469.51870  15.5%     -  184s
     0     0  469.62303    0 2077  555.58862  469.62303  15.5%     -  187s
     0     0  469.63171    0 2103  555.58862  469.63171  15.5%     -  189s
     0     0  477.27736    0 1978  555.58862  477.27736  14.1%     -  194s
H    0     0                     523.1643954  477.27736  8.77%     -  195s
     0     0  478.92079    0 1960  523.16440  478.92079  8.46%     -  207s
     0     0  479.01593    0 1992  523.16440  479.01593  8.44%     -  211s
     0     0  479.01661    0 1987  523.16440  479.01661  8.44%     -  215s
H    0     0                     522.3278919  479.01661  8.29%     -  258s
     0     0  490.48543    0 1969  522.32789  490.48543  6.10%     -  262s
     0     0  491.11283    0 1988  522.32789  491.11283  5.98%     -  270s
     0     0  491.12832    0 2004  522.32789  491.12832  5.97%     -  272s
H    0     0                     521.7213827  491.12832  5.86%     -  278s
H    0     0                     521.7213760  491.12832  5.86%     -  278s
H    0     0                     521.5489452  491.12832  5.83%     -  278s
     0     0  500.32146    0 2028  521.54895  500.32146  4.07%     -  282s
     0     0  500.40645    0 2021  521.54895  500.40645  4.05%     -  283s
     0     0  500.41263    0 2015  521.54895  500.41263  4.05%     -  284s
     0     0  500.49680    0 1996  521.54895  500.49680  4.04%     -  295s
     0     0  500.49680    0 1996  521.54895  500.49680  4.04%     -  300s
H    0     0                     521.5335857  500.49680  4.03%     -  305s
     0     2  500.49680    0 1996  521.53359  500.49680  4.03%     -  394s
     1     4  500.50137    1 1970  521.53359  500.49976  4.03%   782  397s
     3     8  505.29650    2 1864  521.53359  500.50137  4.03%   964  413s
     7    12     cutoff    3       521.53359  501.40778  3.86%  1469  425s
    15    20  505.47017    4 1553  521.53359  502.15762  3.72%  1617  432s
    27    32  505.60722    5 1537  521.53359  502.99888  3.55%  1511  451s
    47    36  505.94647    6 1537  521.53359  503.07027  3.54%  1181  467s
    79    44  513.54458    7 1483  521.53359  503.26647  3.50%  1298  481s
H   89    44                     521.5312538  504.65217  3.24%  1224  481s
H   90    44                     521.5094048  504.65217  3.23%  1225  481s
   111    48     cutoff    8       521.50940  506.95014  2.79%  1138  486s
H  143    76                     521.4180511  506.95014  2.77%  1005  491s
H  148    76                     520.9843261  506.95014  2.69%   980  491s
   211   140  507.90693   11 1372  520.98433  506.95014  2.69%   782  495s
   436   380  510.50202   13 1369  520.98433  506.95014  2.69%   431  500s
   775   687  510.57368   16 1350  520.98433  506.95014  2.69%   269  506s
H  815   687                     515.2573929  506.95014  1.61%   259  506s
   971   710  511.59728   15 1317  515.25739  506.95014  1.61%   232  514s
  1025   786  514.18905   16 1315  515.25739  506.95014  1.61%   229  535s
  1109   812  511.91428   16 1329  515.25739  506.95014  1.61%   221  572s
H 1112   812                     515.2573929  506.95014  1.61%   221  572s
H 1124   812                     515.2573927  506.95014  1.61%   220  572s
H 1130   812                     515.2573925  506.95014  1.61%   219  572s
H 1142   812                     515.2573922  506.95014  1.61%   218  572s
  1146   875  510.76471   17 1341  515.25739  506.95014  1.61%   218  588s
  1213   998  510.76557   18 1337  515.25739  506.95014  1.61%   213  615s
  1348  1137     cutoff   17       515.25739  506.95014  1.61%   200  736s
H 1368  1137                     512.2024524  506.95014  1.03%   197  736s
H 1387  1137                     512.1437197  506.95014  1.01%   196  736s
H 1465  1137                     512.1147371  506.95014  1.01%   188  736s
  1494  1109     cutoff   20       512.11474  506.95014  1.01%   187  782s
H 1496  1109                     512.1147368  506.95014  1.01%   186  782s
H 1497  1109                     511.9485647  506.95014  0.98%   186  782s
H 1520  1109                     511.6862777  506.95014  0.93%   184  782s

Cutting planes:
  Learned: 54
  Gomory: 32
  Cover: 166
  Implied bound: 368
  Projected implied bound: 173
  Clique: 31
  MIR: 1161
  Flow cover: 4722
  GUB cover: 4
  Inf proof: 2
  Zero half: 26
  RLT: 2989
  Relax-and-lift: 228

Explored 1607 nodes (322671 simplex iterations) in 783.49 seconds
Thread count was 32 (of 32 available processors)

Solution count 10: 511.686 511.949 512.115 ... 521.531

Optimal solution found (tolerance 1.00e-02)
Best objective 5.116862776231e+02, best bound 5.069501388931e+02, gap 0.9256%
