
Gurobi 9.1.0 (linux64) logging started Wed Aug 18 19:27:54 2021

Changed value of parameter LogFile to eab_parasitoid_0.8_0_0_area_street.log
   Prev:   Default: 
Changed value of parameter MIPGap to 0.01
   Prev: 0.0001  Min: 0.0  Max: inf  Default: 0.0001
Changed value of parameter Method to 2
   Prev: -1  Min: -1  Max: 5  Default: -1
Changed value of parameter MIPFocus to 2
   Prev: 0  Min: 0  Max: 3  Default: 0
Changed value of parameter RINS to 100
   Prev: -1  Min: -1  Max: 2000000000  Default: -1
Gurobi Optimizer version 9.1.0 build v9.1.0rc0 (linux64)
Thread count: 32 physical cores, 32 logical processors, using up to 32 threads
Optimize a model with 203386 rows, 134930 columns and 685029 nonzeros
Model fingerprint: 0xfbac0fc8
Variable types: 55774 continuous, 79156 integer (79156 binary)
Coefficient statistics:
  Matrix range     [2e-04, 1e+06]
  Objective range  [2e-07, 9e-01]
  Bounds range     [1e+00, 6e+03]
  RHS range        [1e-04, 1e+06]
Presolve removed 190051 rows and 124303 columns (presolve time = 5s) ...
Presolve removed 194039 rows and 127416 columns (presolve time = 10s) ...
Presolve removed 195151 rows and 128103 columns
Presolve time: 13.64s
Presolved: 8235 rows, 6827 columns, 113840 nonzeros
Variable types: 2731 continuous, 4096 integer (4094 binary)
Presolve removed 20 rows and 14 columns
Presolved: 8215 rows, 6813 columns, 113783 nonzeros

Root barrier log...

Ordering time: 0.61s

Barrier statistics:
 Dense cols : 126
 AA' NZ     : 4.945e+05
 Factor NZ  : 2.110e+06 (roughly 23 MBytes of memory)
 Factor Ops : 1.597e+09 (less than 1 second per iteration)
 Threads    : 31

                  Objective                Residual
Iter       Primal          Dual         Primal    Dual     Compl     Time
   0   7.08414621e+05 -2.01621066e+06  2.51e+04 1.02e+00  1.07e+04    16s
   1   4.84311232e+05 -2.36610951e+06  1.70e+04 5.78e+01  7.01e+03    16s
   2   3.57100440e+04 -2.37681571e+06  1.07e+03 4.37e-11  5.57e+02    17s
   3   4.65523573e+03 -1.11727544e+06  1.12e+02 2.61e-12  8.59e+01    17s
   4   1.20102268e+03 -2.18072692e+05  4.89e+00 7.00e-13  1.08e+01    18s
   5   1.01503474e+03 -2.43256496e+04  2.02e-05 3.26e-13  1.17e+00    18s
   6   9.61235024e+02 -3.31717110e+03  1.90e-06 8.69e-14  1.98e-01    19s
   7   8.38602063e+02 -2.37887092e+02  2.70e-07 4.26e-14  4.99e-02    19s
   8   8.02556887e+02  4.44823969e+02  1.04e-07 2.84e-14  1.66e-02    19s
   9   7.87665322e+02  6.80880347e+02  3.99e-08 2.84e-14  4.95e-03    20s
  10   7.81480716e+02  7.42036088e+02  1.60e-08 2.84e-14  1.83e-03    20s
  11   7.79141275e+02  7.65030893e+02  6.78e-09 2.84e-14  6.54e-04    20s
  12   7.78150034e+02  7.72053108e+02  3.72e-09 2.84e-14  2.83e-04    21s
  13   7.77769167e+02  7.74573496e+02  2.58e-09 2.84e-14  1.48e-04    21s
  14   7.77276887e+02  7.75683547e+02  1.17e-09 2.84e-14  7.39e-05    21s
  15   7.77036520e+02  7.76106305e+02  5.32e-10 2.84e-14  4.31e-05    22s
  16   7.77007535e+02  7.76262946e+02  4.64e-10 2.84e-14  3.45e-05    22s
  17   7.76867293e+02  7.76606546e+02  1.21e-10 2.84e-14  1.21e-05    22s
  18   7.76844112e+02  7.76729660e+02  7.69e-11 4.26e-14  5.31e-06    23s
  19   7.76833271e+02  7.76755947e+02  5.32e-11 2.84e-14  3.58e-06    23s
  20   7.76825156e+02  7.76771819e+02  3.90e-11 2.84e-14  2.47e-06    23s
  21   7.76815189e+02  7.76779446e+02  2.16e-11 2.84e-14  1.66e-06    24s
  22   7.76811342e+02  7.76791570e+02  1.51e-11 8.53e-14  9.17e-07    24s
  23   7.76805680e+02  7.76796933e+02  9.64e-12 2.84e-14  4.05e-07    24s
  24   7.76804457e+02  7.76800376e+02  6.61e-12 4.26e-14  1.89e-07    25s
  25   7.76803992e+02  7.76801124e+02  6.74e-12 5.68e-14  1.33e-07    25s
  26   7.76802976e+02  7.76801910e+02  9.31e-13 2.84e-14  4.94e-08    25s
  27   7.76802705e+02  7.76802341e+02  2.67e-12 2.84e-14  1.69e-08    25s
  28   7.76802650e+02  7.76802488e+02  2.34e-13 2.84e-14  7.53e-09    26s
  29   7.76802551e+02  7.76802530e+02  6.47e-12 2.84e-14  1.02e-09    26s
  30   7.76802544e+02  7.76802541e+02  5.45e-12 2.84e-14  1.81e-10    26s
  31   7.76802544e+02  7.76802542e+02  3.34e-12 2.84e-14  6.28e-11    27s
  32   7.76802544e+02  7.76802543e+02  2.14e-12 2.84e-14  1.05e-11    27s

Barrier solved model in 32 iterations and 26.88 seconds
Optimal objective 7.76802544e+02


Root crossover log...

     638 DPushes remaining with DInf 0.0000000e+00                27s
       0 DPushes remaining with DInf 0.0000000e+00                27s

    3118 PPushes remaining with PInf 2.1413540e-05                27s
       0 PPushes remaining with PInf 0.0000000e+00                27s

  Push phase complete: Pinf 0.0000000e+00, Dinf 1.1945485e-02     27s


Root simplex log...

Iteration    Objective       Primal Inf.    Dual Inf.      Time
    3604    7.7680254e+02   0.000000e+00   1.194549e-02     27s
    3618    7.7680254e+02   0.000000e+00   0.000000e+00     27s
    3618    7.7680254e+02   0.000000e+00   0.000000e+00     27s

Root relaxation: objective 7.768025e+02, 3618 iterations, 13.43 seconds

    Nodes    |    Current Node    |     Objective Bounds      |     Work
 Expl Unexpl |  Obj  Depth IntInf | Incumbent    BestBd   Gap | It/Node Time

     0     0  776.80254    0 1550          -  776.80254      -     -   29s
     0     0  777.42045    0 1818          -  777.42045      -     -   34s
     0     0  778.49124    0 1859          -  778.49124      -     -   36s
     0     0  778.50412    0 1863          -  778.50412      -     -   37s
     0     0  778.50556    0 1871          -  778.50556      -     -   37s
     0     0  778.50559    0 1869          -  778.50559      -     -   37s
     0     0  778.96758    0 1800          -  778.96758      -     -   40s
     0     0  779.15706    0 1776          -  779.15706      -     -   43s
H    0     0                     866.6834333  779.15706  10.1%     -   44s
     0     0  779.17421    0 1742  866.68343  779.17421  10.1%     -   44s
H    0     0                     866.6609837  779.17421  10.1%     -   44s
     0     0  779.17629    0 1738  866.66098  779.17629  10.1%     -   44s
     0     0  779.17692    0 1745  866.66098  779.17692  10.1%     -   45s
     0     0  779.43355    0 1637  866.66098  779.43355  10.1%     -   48s
H    0     0                     866.6609830  779.43355  10.1%     -   48s
     0     0  779.51738    0 1628  866.66098  779.51738  10.1%     -   50s
     0     0  779.52742    0 1620  866.66098  779.52742  10.1%     -   51s
     0     0  779.53043    0 1615  866.66098  779.53043  10.1%     -   52s
     0     0  779.53140    0 1610  866.66098  779.53140  10.1%     -   52s
     0     0  779.66700    0 1585  866.66098  779.66700  10.0%     -   60s
H    0     0                     866.6274429  779.66700  10.0%     -   61s
     0     0  779.70032    0 1596  866.62744  779.70032  10.0%     -   69s
     0     0  779.70488    0 1599  866.62744  779.70488  10.0%     -   71s
     0     0  779.70595    0 1595  866.62744  779.70595  10.0%     -   72s
     0     0  779.75840    0 1562  866.62744  779.75840  10.0%     -   79s
     0     0  779.77969    0 1547  866.62744  779.77969  10.0%     -   82s
     0     0  779.78156    0 1552  866.62744  779.78156  10.0%     -   82s
     0     0  780.00656    0 1548  866.62744  780.00656  10.0%     -   95s
     0     0  780.05072    0 1535  866.62744  780.05072  10.0%     -   99s
     0     0  780.06801    0 1551  866.62744  780.06801  10.0%     -  102s
     0     0  780.07025    0 1556  866.62744  780.07025  10.0%     -  104s
     0     0  780.07069    0 1562  866.62744  780.07069  10.0%     -  104s
     0     0  780.18966    0 1489  866.62744  780.18966  10.0%     -  120s
     0     0  780.20310    0 1502  866.62744  780.20310  10.0%     -  123s
     0     0  780.20501    0 1511  866.62744  780.20501  10.0%     -  124s
     0     0  780.32063    0 1523  866.62744  780.32063  10.0%     -  130s
H    0     0                     866.6230184  780.32063  10.0%     -  131s
     0     0  780.34904    0 1502  866.62302  780.34904  10.0%     -  132s
     0     0  780.35663    0 1506  866.62302  780.35663  10.0%     -  133s
     0     0  780.35771    0 1486  866.62302  780.35771  10.0%     -  134s
H    0     0                     825.4684664  780.35771  5.46%     -  137s
     0     0  780.39073    0 1481  825.46847  780.39073  5.46%     -  140s
H    0     0                     825.4684586  780.39073  5.46%     -  142s
H    0     0                     825.4684550  780.39073  5.46%     -  142s
     0     0  780.40352    0 1478  825.46845  780.40352  5.46%     -  146s
     0     0  780.40677    0 1482  825.46845  780.40677  5.46%     -  147s
     0     0  780.40710    0 1478  825.46845  780.40710  5.46%     -  148s
     0     0  780.41872    0 1441  825.46845  780.41872  5.46%     -  156s
     0     0  780.42200    0 1461  825.46845  780.42200  5.46%     -  159s
     0     0  780.42304    0 1472  825.46845  780.42304  5.46%     -  161s
     0     0  780.42836    0 1478  825.46845  780.42836  5.46%     -  168s
     0     0  780.42836    0 1475  825.46845  780.42836  5.46%     -  170s
H    0     0                     822.9368113  780.42836  5.17%     -  660s
     0     2  780.42836    0 1475  822.93681  780.42836  5.17%     -  664s
     1     4  780.42843    1 1471  822.93681  780.42836  5.17%   264  666s
     3     4 infeasible    2       822.93681  780.42843  5.17%  2827  799s
     7     4  782.06920    3 1438  822.93681  781.17709  5.07%  9247  849s
    11     4 infeasible    4       822.93681  782.06846  4.97%  8086 1010s
    15     4  783.64209    5 1390  822.93681  782.84679  4.87%  7085 1045s
    19     4 infeasible    6       822.93681  783.64284  4.77%  6518 1252s
    23     4  785.14104    7 1396  822.93681  784.37257  4.69%  6048 1274s
    27     4 infeasible    8       822.93681  785.14104  4.59%  5584 1334s
    31     6  786.03109    9 1344  822.93681  785.91292  4.50%  5205 1348s
    35     6 infeasible   10       822.93681  785.92219  4.50%  4942 1574s
    41     6  787.43231   11 1383  822.93681  786.64304  4.41%  4914 1710s
    47     6 infeasible   12       822.93681  787.43231  4.31%  5001 1820s
    53    10  789.05460   13 1353  822.93681  788.23032  4.22%  4969 2000s
    59    18  789.07836   14 1327  822.93681  788.45523  4.19%  4784 2037s
    69    28 infeasible   15       822.93681  788.77485  4.15%  4938 2513s
    87    46  789.72948   16 1230  822.93681  788.90181  4.14%  4963 2706s
H  115    56                     822.5343160  789.72948  3.99%  4585 2789s
H  116    56                     820.0947781  789.72948  3.70%  4577 2789s
   147    62  790.07948   18 1159  820.09478  789.81729  3.69%  4897 3074s
H  179    76                     820.0947699  789.81729  3.69%  4741 3229s
H  185    76                     820.0939024  789.81729  3.69%  4776 3229s
H  195    76                     819.2163239  789.81729  3.59%  4698 3229s
   221    98 infeasible   21       819.21632  789.81729  3.59%  4399 3359s
   265   122 infeasible   20       819.21632  789.81729  3.59%  4155 3540s
H  266   122                     818.3063147  789.81729  3.48%  4139 3540s
H  267   122                     816.5861793  789.81729  3.28%  4128 3540s
H  270   122                     815.0299042  789.81729  3.09%  4098 3540s
H  294   122                     814.9289220  789.81729  3.08%  3964 3540s
H  295   122                     814.7804870  789.81729  3.06%  3954 3540s
   299   162  794.49366   21 1276  814.78049  789.81729  3.06%  3919 7745s
H  300   162                     814.7798899  789.81729  3.06%  3906 7745s
H  357   185                     814.7798896  789.81729  3.06%  3708 9605s
H  358   185                     814.6910141  789.81729  3.05%  3700 9605s
H  360   185                     813.2024362  789.81729  2.88%  3685 9605s
H  368   185                     813.0781109  789.81729  2.86%  3658 9605s
H  390   248                     813.0781055  789.81729  2.86%  3553 10623s
H  391   248                     813.0779098  789.81729  2.86%  3546 10623s
H  392   248                     812.1988183  789.81729  2.76%  3538 10623s
H  402   248                     811.3424784  789.81729  2.65%  3531 10623s
H  426   248                     811.3344195  789.81729  2.65%  3440 10623s
H  435   248                     811.0981012  789.81729  2.62%  3417 10623s
   471   333  794.67676   27 1226  811.09810  789.81729  2.62%  3361 10851s
   564   395  794.79152   30 1202  811.09810  789.81729  2.62%  2981 11170s
   644   500  795.06446   31 1211  811.09810  789.81729  2.62%  2718 11853s
   765   571  795.24306   36 1149  811.09810  789.81729  2.62%  2422 12376s
   878   618  795.89987   41 1120  811.09810  789.81729  2.62%  2313 12728s
H  891   618                     811.0967175  789.81729  2.62%  2352 12728s
   985   693  796.13694   42 1153  811.09672  789.81729  2.62%  2322 13042s
  1110   778 infeasible   46       811.09672  789.81729  2.62%  2276 13631s
  1248   869  796.75630   45 1088  811.09672  789.81729  2.62%  2275 14046s
  1393   970 infeasible   47       811.09672  790.42367  2.55%  2238 16069s
  1421   970  795.95093   40 1175  811.09672  790.42367  2.55%  2262 16070s
  1556  1096  791.39512   19 1234  811.09672  790.42367  2.55%  2191 16349s
  1732  1234  794.03792   24 1136  811.09672  790.42367  2.55%  2131 16918s
  1931  1400  793.96488   27 1081  811.09672  790.42367  2.55%  2109 17283s
  2167  1581  795.76800   30 1126  811.09672  790.42367  2.55%  2021 17757s
  2418  1756  796.11379   36 1076  811.09672  790.42367  2.55%  1988 20068s
  2661  1885  796.19045   42 1050  811.09672  790.42367  2.55%  2071 20542s
  2871  2044  796.34022   48 1025  811.09672  790.42367  2.55%  2018 21207s
  3125  2045  796.56237   39 1475  811.09672  790.42367  2.55%  1968 23740s
  3127  2046  793.86024   39 1741  811.09672  790.42367  2.55%  1966 23751s
  3128  2047  794.44372   48 1765  811.09672  790.42367  2.55%  1966 23756s
  3129  2048  796.43151   38 1662  811.09672  790.42367  2.55%  1965 23761s
  3131  2049  798.69336  122 1543  811.09672  790.42367  2.55%  1964 23767s
  3132  2050  795.98307   64 1487  811.09672  790.42367  2.55%  1963 23770s
  3134  2051  800.36297   56 1394  811.09672  790.42367  2.55%  1962 23778s
  3135  2052  794.98552   28 1365  811.09672  790.42367  2.55%  1961 23781s
  3137  2053  794.09397   23 1368  811.09672  790.42367  2.55%  1960 23785s
  3141  2056  794.38217   31 1335  811.09672  790.42367  2.55%  1958 23790s
  3143  2057  796.42552   50 1294  811.09672  790.42367  2.55%  1956 23814s
  3144  2058  792.99938   21 1289  811.09672  790.42367  2.55%  1956 23823s
  3145  2058  795.75349   54 1281  811.09672  790.42367  2.55%  1955 23835s
  3146  2059  794.60785   28 1280  811.09672  790.42367  2.55%  1954 23858s
  3147  2060  795.90556   63 1303  811.09672  790.42367  2.55%  1954 23888s
  3148  2060  800.34321   56 1301  811.09672  790.42367  2.55%  1953 23898s
  3149  2061  801.38237  166 1301  811.09672  790.42367  2.55%  1953 24927s
  3150  2063 infeasible   12       811.09672  790.42367  2.55%  1962 24964s
  3152  2062  790.42367   13 1257  811.09672  790.42367  2.55%  1962 25006s
  3154  2061 infeasible   14       811.09672  790.42367  2.55%  1963 25072s
  3156  2061  790.42367   15 1274  811.09672  790.42367  2.55%  1962 25130s
  3158  2060 infeasible   16       811.09672  790.42367  2.55%  1963 25265s
  3160  2061  790.42367   17 1278  811.09672  790.42367  2.55%  1962 25367s
  3162  2063  790.42367   18 1275  811.09672  790.42367  2.55%  1961 25457s
  3166  2065  790.42367   19 1283  811.09672  790.42367  2.55%  1960 25490s
  3172  2073  790.42367   20 1274  811.09672  790.42367  2.55%  1960 25504s
  3182  2090  790.42367   21 1273  811.09672  790.42367  2.55%  1955 25513s
  3202  2105  790.42367   22 1262  811.09672  790.42367  2.55%  1945 25788s
H 3220  1995                     808.2575831  790.42367  2.21%  1950 25788s
  3234  2011  790.42367   23 1258  808.25758  790.42367  2.21%  1945 25834s
  3266  2020  790.42367   24 1256  808.25758  790.42367  2.21%  1944 26044s
H 3298  1943                     808.2497629  790.42367  2.21%  1945 26081s
H 3300  1849                     807.7265410  790.42367  2.14%  1944 26081s
H 3305  1759                     807.3575747  790.42367  2.10%  1942 26081s
  3330  1812  790.42367   26 1254  807.35757  790.42367  2.10%  1930 26175s
  3393  1854  790.42367   28 1218  807.35757  790.42367  2.10%  1898 26182s
  3456  1890  790.42367   29 1234  807.35757  790.42367  2.10%  1867 26235s
  3515  1904  790.42367   30 1232  807.35757  790.42367  2.10%  1849 26255s
  3553  1919  790.42367   31 1251  807.35757  790.42367  2.10%  1842 26279s
  3589  1944  790.42367   32 1255  807.35757  790.42367  2.10%  1836 26307s
  3638  2018  790.42367   33 1247  807.35757  790.42367  2.10%  1827 26402s
  3734  2060  790.42367   37 1253  807.35757  790.42367  2.10%  1789 26449s
  3816  2094  790.89881   39 1243  807.35757  790.42367  2.10%  1760 26492s
  3893  2142  791.69084   43 1243  807.35757  790.42367  2.10%  1739 26628s
  3977  2215  791.70549   46 1236  807.35757  790.42367  2.10%  1710 26893s
  4086  2209  792.47328   49 1234  807.35757  790.42367  2.10%  1676 28034s
  4118  2297  792.47444   50 1235  807.35757  790.42367  2.10%  1668 28147s
  4223  2342  792.61157   54 1202  807.35757  790.42367  2.10%  1635 28200s
  4313  2341  792.62426   58 1181  807.35757  790.42367  2.10%  1611 30252s
  4346  2452  792.62670   59 1164  807.35757  790.42367  2.10%  1604 30314s
  4470  2522  793.03549   62 1138  807.35757  790.42367  2.10%  1569 30352s
  4587  2606  793.21349   65 1098  807.35757  790.42367  2.10%  1538 30393s
  4722  2675  794.20253   70 1093  807.35757  790.42367  2.10%  1506 30476s
  4844  2816  795.26927   74 1082  807.35757  790.42367  2.10%  1477 30537s
  5036  2913  795.48288   78 1079  807.35757  790.42367  2.10%  1433 30590s
  5205  3031  796.38370   83 1080  807.35757  790.42367  2.10%  1394 30625s
  5385  3042  796.43355   89 1053  807.35757  790.42367  2.10%  1356 30709s
  5530  3030  797.45191   97 1052  807.35757  790.42367  2.10%  1338 30874s
  5641  3041  797.56305  104 1033  807.35757  790.42367  2.10%  1332 30989s
  5769  3021  797.67596  109 1022  807.35757  790.42367  2.10%  1319 31170s
  5881  3004  798.49487  116 1007  807.35757  790.42367  2.10%  1323 31322s
  5992  3060  798.59802  123  965  807.35757  790.42367  2.10%  1327 31497s
  6127  3132  799.51234  131  945  807.35757  790.42367  2.10%  1321 31566s
  6294  3210  799.53602  141  926  807.35757  790.42367  2.10%  1309 32619s
  6451  3376  799.57319  148  938  807.35757  790.42367  2.10%  1295 32752s
  6706  3554  799.61098  161  911  807.35757  790.42367  2.10%  1266 32818s
  7000  3484  799.61870  172  888  807.35757  790.42367  2.10%  1232 35168s
  7034  3763  799.61981  173  888  807.35757  790.42367  2.10%  1228 35272s
  7366  3965  799.64498  185  844  807.35757  790.42367  2.10%  1189 35426s
  7697  3951  799.66643  199  823  807.35757  790.42367  2.10%  1152 36894s
H 7700  3865                     803.9757230  790.42367  1.69%  1151 36894s
  7818  4171  799.67551  203  826  803.97572  790.42367  1.69%  1140 36971s
  8246  4445  799.70723  217  815  803.97572  790.42367  1.69%  1098 37042s
  8647  4759  800.57973  230  759  803.97572  790.42367  1.69%  1066 37117s
  9025  5357  800.58465  245  734  803.97572  790.42367  1.69%  1038 37217s
  9725  5803  801.45531  282  675  803.97572  790.42367  1.69%   986 37475s
 10267  6188 infeasible  310       803.97572  790.42367  1.69%   969 37863s
H10529  6187                     803.9612733  790.42367  1.68%   957 37863s
 10792  6445 infeasible  306       803.96127  790.42367  1.68%   952 39025s
H11069  6445                     803.9584879  790.42367  1.68%   950 39025s
 11116  7040     cutoff  312       803.95849  790.42367  1.68%   949 39207s
 11791  7196     cutoff  312       803.95849  790.42367  1.68%   922 40366s
H11806  7196                     803.9584871  790.42367  1.68%   922 40366s
H11864  7194                     803.9405793  790.42367  1.68%   921 40366s
 12062  7505  793.58514   70  984  803.94058  790.42367  1.68%   920 40643s
 12470  7922 infeasible   71       803.94058  790.42367  1.68%   910 41112s
H12508  7922                     803.9357022  790.42367  1.68%   909 41112s
H12993  7891                     803.6371930  790.42367  1.64%   891 41112s
 13057  8263 infeasible   68       803.63719  790.42367  1.64%   895 42948s
H13350  8263                     803.6273379  790.42367  1.64%   894 42948s
 13596  8359  793.48255   42 1180  803.62734  790.42367  1.64%   898 47155s
H13600  8359                     803.6263809  790.42367  1.64%   898 47155s
 13745  8737  795.59313   47 1230  803.62638  790.42367  1.64%   925 47689s
 14218  9198  796.80410   51 1254  803.62638  790.42367  1.64%   925 48185s
 14739  9807  800.02119   68 1134  803.62638  790.42367  1.64%   918 48463s
 15438 10313  801.46945  108  989  803.62638  790.42367  1.64%   905 49001s
H15893  9962                     802.7551942  790.42367  1.54%   903 49002s
 16178 10148  793.37376   36 1222  802.75519  790.42367  1.54%   901 50122s
H16211 10148                     802.7551872  790.42367  1.54%   901 50122s
H16522 10147                     802.7489397  790.42367  1.54%   919 50123s
 16566 10611  794.27381   44 1118  802.74894  790.42367  1.54%   919 50782s
H16754 10611                     802.7489391  790.42367  1.54%   919 50783s
H17063 10611                     802.7455917  790.42367  1.53%   926 50783s
 17181 10922  795.13876   54 1042  802.74559  790.42367  1.53%   923 54295s
H17225 10922                     802.7452262  790.42367  1.53%   923 54295s
H17245 10922                     802.7452253  790.42367  1.53%   922 54295s
H17483 10922                     802.7452240  790.42367  1.53%   932 54295s
H17637 10922                     802.7444189  790.42367  1.53%   934 54296s
 17638 11401 infeasible   55       802.74442  790.42367  1.53%   935 55187s
 18261 12016 infeasible   55       802.74442  790.42367  1.53%   948 56526s
H18425 12016                     802.7441336  790.42367  1.53%   945 56526s
H18465 12016                     802.7432283  790.42367  1.53%   944 56526s
 19017 12804  790.42367   34 1268  802.74323  790.42367  1.53%   950 59341s
H19408 12804                     802.7432280  790.42367  1.53%   939 59342s
 20031 13500  795.21808   56 1102  802.74323  790.42367  1.53%   941 60041s
H20267 13500                     802.7432279  790.42367  1.53%   935 60041s
 20898 13611  799.60084  110  924  802.74323  790.42367  1.53%   934 64409s
H21022 13610                     802.7420449  790.42367  1.53%   931 64410s
 21107 14408  799.73905  113  911  802.74204  790.42367  1.53%   936 65078s
 22059 15047  801.05523  149  830  802.74204  790.42367  1.53%   935 68799s
H22207 15047                     802.7420448  790.42367  1.53%   936 68799s
H22321 15047                     802.7418842  790.42367  1.53%   933 68799s
 22884 15292  790.42367   28 1277  802.74188  790.42367  1.53%   938 71542s
H22914 15292                     802.7418814  790.42367  1.53%   940 71542s
H22998 15292                     802.7417697  790.42367  1.53%   941 71542s
 23326 16012  790.42367   29 1276  802.74177  790.42367  1.53%   957 73017s
H23434 16012                     802.7417693  790.42367  1.53%   958 73018s
 24400 16086  790.85699   32 1264  802.74177  790.42367  1.53%   966 78084s
H24429 16086                     802.7417691  790.42367  1.53%   970 78084s
H24471 16086                     802.7417149  790.42367  1.53%   972 78084s
H24608 16003                     802.6494951  790.42367  1.52%   969 78084s
 24660 16748 infeasible   32       802.64950  790.42367  1.52%   979 80621s
H24837 16747                     802.6493280  790.42367  1.52%   979 80622s
H24897 16747                     802.6489028  790.42367  1.52%   979 80622s
H25009 16674                     802.5287035  790.42367  1.51%   979 80622s
H25050 16619                     802.4810853  790.42367  1.50%   979 80622s
H25421 16612                     802.4725771  790.42367  1.50%   978 80622s
 25625 17524  791.66536   34 1259  802.47258  790.42367  1.50%   985 81926s
H25910 17517                     802.4656300  790.42367  1.50%   983 81926s
 26784 17911  795.35412   52 1150  802.46563  790.42367  1.50%   994 87758s
H26800 17910                     802.4649098  790.42367  1.50%   994 87758s
H26851 17910                     802.4649070  790.42367  1.50%   995 87758s
H26902 17910                     802.4649057  790.42367  1.50%   995 87758s
H26959 17903                     802.4609352  790.42367  1.50%   998 87759s
 27314 19399  795.95508   60 1097  802.46094  790.42367  1.50%  1005 89185s
H27400 19399                     802.4609351  790.42367  1.50%  1002 89185s
H27621 19399                     802.4609319  790.42367  1.50%   997 89185s
H27849 19397                     802.4560838  790.42367  1.50%   995 89185s
H28174 19396                     802.4554992  790.42367  1.50%   993 89186s
 29165 20755  796.85456  104  893  802.45550  790.42367  1.50%  1002 92585s
H29275 20755                     802.4554959  790.42367  1.50%  1000 92586s
H29311 20720                     802.3879742  790.42367  1.49%  1000 92586s
 30916 22146 infeasible  136       802.38797  790.42367  1.49%  1004 97354s
H31220 22146                     802.3879728  790.42367  1.49%  1001 97355s
H31328 22146                     802.3872534  790.42367  1.49%  1000 97355s
 32831 23121 infeasible   72       802.38725  790.42367  1.49%  1001 99840s
H32911 23121                     802.3872531  790.42367  1.49%  1001 99841s
H33275 23121                     802.3872530  790.42367  1.49%  1001 99841s
H33492 23113                     802.3800414  790.42367  1.49%   998 99841s
 34145 24474  790.86939   34 1259  802.38004  790.42367  1.49%  1015 104298s
H34413 24474                     802.3800413  790.42367  1.49%  1011 104299s
 34525 24474  794.94831   43 1288  802.38004  790.42367  1.49%  1010 104300s
H34580 24473                     802.3798717  790.42367  1.49%  1009 104300s
H34894 24473                     802.3798706  790.42367  1.49%  1012 104300s
H35106 24467                     802.3770299  790.42367  1.49%  1008 104300s
 35878 25575 infeasible   66       802.37703  790.42367  1.49%  1018 111128s
H35900 25572                     802.3767578  790.42367  1.49%  1019 111129s
H36632 25564                     802.3743273  790.42367  1.49%  1028 111129s
 37253 26544  799.30690   43 1149  802.37433  790.42367  1.49%  1026 115973s
H37342 26544                     802.3743259  790.42367  1.49%  1025 115974s
 37890 26544  795.31948   58 1043  802.37433  790.42367  1.49%  1044 115975s
 38633 27598  795.09340   45 1253  802.37433  790.42367  1.49%  1063 119908s
H38906 27597                     802.3741186  790.42367  1.49%  1061 119909s
H39678 27597                     802.3741183  790.42367  1.49%  1099 119909s
 39987 28296     cutoff  103       802.37412  790.42367  1.49%  1104 124263s
H40006 28296                     802.3741182  790.42367  1.49%  1106 124264s
H40107 27859                     802.2306694  790.42367  1.47%  1105 124264s
 40863 28720  791.11127   50 1202  802.23067  790.42367  1.47%  1139 131773s
H41014 28717                     802.2285779  790.42367  1.47%  1140 131774s
 42108 29616  790.42367   29 1260  802.22858  790.42367  1.47%  1167 136092s
H42200 29611                     802.2260736  790.42367  1.47%  1166 136093s
H43426 29606                     802.2249532  790.42367  1.47%  1198 136094s
 43668 30651  797.74391   77 1051  802.22495  790.42367  1.47%  1204 141664s
H43700 30651                     802.2249532  790.42367  1.47%  1204 141665s
H44051 30651                     802.2249500  790.42367  1.47%  1204 141666s
H44113 30651                     802.2249497  790.42367  1.47%  1205 141666s
H44245 30651                     802.2249496  790.42367  1.47%  1213 141666s
H44665 30651                     802.2249490  790.42367  1.47%  1218 141666s
H44716 30651                     802.2249488  790.42367  1.47%  1218 141666s
 45102 32320 infeasible   34       802.22495  790.42367  1.47%  1228 146472s
H45225 32320                     802.2249486  790.42367  1.47%  1230 146473s
H45399 32320                     802.2249473  790.42367  1.47%  1228 146474s
H45676 32320                     802.2249101  790.42367  1.47%  1226 146474s
H46555 32320                     802.2249050  790.42367  1.47%  1240 146474s
 47332 33025  postponed   30       802.22491  790.42367  1.47%  1247 148755s
H47577 33025                     802.2249049  790.42367  1.47%  1246 148755s

Cutting planes:
  Learned: 63
  Gomory: 41
  Cover: 156
  Implied bound: 87
  Projected implied bound: 252
  Clique: 17
  MIR: 1350
  StrongCG: 4
  Flow cover: 4012
  GUB cover: 8
  Inf proof: 2
  Zero half: 16
  RLT: 2982
  Relax-and-lift: 492

Explored 48588 nodes (61293068 simplex iterations) in 148757.05 seconds
Thread count was 32 (of 32 available processors)

Solution count 10: 802.225 802.225 802.225 ... 802.225

Solve interrupted
Best objective 8.022249049048e+02, best bound 7.904236741438e+02, gap 1.4711%
