
Gurobi 9.1.0 (linux64) logging started Fri Aug  6 11:39:51 2021

Changed value of parameter LogFile to eab_parasitoid_1_1_0.8_bud.log
   Prev:   Default: 
Changed value of parameter MIPGap to 0.01
   Prev: 0.0001  Min: 0.0  Max: inf  Default: 0.0001
Changed value of parameter Method to 2
   Prev: -1  Min: -1  Max: 5  Default: -1
Changed value of parameter MIPFocus to 2
   Prev: 0  Min: 0  Max: 3  Default: 0
Changed value of parameter RINS to 100
   Prev: -1  Min: -1  Max: 2000000000  Default: -1
Gurobi Optimizer version 9.1.0 build v9.1.0rc0 (linux64)
Thread count: 32 physical cores, 32 logical processors, using up to 32 threads
Optimize a model with 203396 rows, 134935 columns and 685039 nonzeros
Model fingerprint: 0xa4fab3d4
Variable types: 55779 continuous, 79156 integer (79156 binary)
Coefficient statistics:
  Matrix range     [2e-04, 6e+05]
  Objective range  [1e-06, 1e-01]
  Bounds range     [1e+00, 6e+03]
  RHS range        [1e-04, 6e+05]
Presolve removed 182122 rows and 116251 columns (presolve time = 5s) ...
Presolve removed 191964 rows and 125289 columns (presolve time = 10s) ...
Presolve removed 193229 rows and 126604 columns (presolve time = 15s) ...
Presolve removed 193492 rows and 126797 columns (presolve time = 20s) ...
Presolve removed 193496 rows and 126799 columns
Presolve time: 20.30s
Presolved: 9900 rows, 8136 columns, 129900 nonzeros
Variable types: 3556 continuous, 4580 integer (4579 binary)
Presolve removed 24 rows and 22 columns
Presolved: 9876 rows, 8114 columns, 129823 nonzeros

Root barrier log...

Ordering time: 0.83s

Barrier statistics:
 Dense cols : 141
 AA' NZ     : 5.593e+05
 Factor NZ  : 2.699e+06 (roughly 30 MBytes of memory)
 Factor Ops : 2.215e+09 (less than 1 second per iteration)
 Threads    : 31

                  Objective                Residual
Iter       Primal          Dual         Primal    Dual     Compl     Time
   0   2.73360948e+03 -1.41840058e+04  3.11e+04 2.11e-01  8.47e+01    23s
   1   2.19096463e+03 -1.64752046e+04  2.17e+04 4.11e-01  5.81e+01    23s
   2   1.10368727e+03 -1.72981878e+04  6.41e+03 9.67e-03  1.84e+01    23s
   3   5.88016416e+02 -1.24277052e+04  1.71e+02 2.29e-05  9.51e-01    24s
   4   5.00501775e+02 -4.90869918e+03  5.02e+01 6.15e-15  2.91e-01    24s
   5   4.68222513e+02 -1.65934142e+03  2.50e+01 3.96e-15  1.08e-01    24s
   6   4.39070003e+02 -4.33999599e+02  6.73e+00 1.36e-15  3.87e-02    24s
   7   4.28121841e+02  2.24215559e+02  1.81e+00 1.39e-15  8.60e-03    25s
   8   4.21188648e+02  3.80292390e+02  3.74e-01 1.09e-15  1.66e-03    25s
   9   4.18879001e+02  4.01050359e+02  1.82e-01 8.83e-16  7.15e-04    25s
  10   4.17817022e+02  4.07993698e+02  1.02e-01 5.50e-16  3.91e-04    25s
  11   4.17638008e+02  4.09920233e+02  8.94e-02 4.61e-16  3.06e-04    25s
  12   4.16905112e+02  4.12135967e+02  3.95e-02 3.50e-16  1.88e-04    26s
  13   4.16514709e+02  4.13509635e+02  1.50e-02 4.44e-16  1.18e-04    26s
  14   4.16330727e+02  4.15043799e+02  5.96e-03 2.22e-16  5.06e-05    26s
  15   4.16218318e+02  4.15589700e+02  8.98e-05 2.22e-16  2.47e-05    26s
  16   4.16154342e+02  4.15781178e+02  4.66e-05 2.22e-16  1.46e-05    27s
  17   4.16118750e+02  4.15913503e+02  2.46e-05 1.11e-16  8.05e-06    27s
  18   4.16103547e+02  4.15989804e+02  1.52e-05 2.22e-16  4.46e-06    27s
  19   4.16090770e+02  4.16024325e+02  8.18e-06 2.61e-16  2.61e-06    27s
  20   4.16081382e+02  4.16050857e+02  2.94e-06 2.29e-16  1.20e-06    28s
  21   4.16078844e+02  4.16060974e+02  1.73e-06 4.03e-15  7.01e-07    28s
  22   4.16078152e+02  4.16066232e+02  1.40e-06 1.11e-16  4.68e-07    28s
  23   4.16077063e+02  4.16069378e+02  8.59e-07 1.11e-16  3.02e-07    28s
  24   4.16075934e+02  4.16071735e+02  3.18e-07 2.22e-16  1.65e-07    28s
  25   4.16075839e+02  4.16072992e+02  2.74e-07 2.22e-16  1.12e-07    29s
  26   4.16075688e+02  4.16073505e+02  2.05e-07 1.11e-16  8.56e-08    29s
  27   4.16075395e+02  4.16074716e+02  6.34e-08 2.75e-16  2.66e-08    29s
  28   4.16075276e+02  4.16075064e+02  1.05e-08 2.53e-15  8.30e-09    29s
  29   4.16075260e+02  4.16075134e+02  4.82e-09 6.39e-15  4.93e-09    30s
  30   4.16075253e+02  4.16075199e+02  2.18e-09 4.86e-15  2.15e-09    30s
  31   4.16075250e+02  4.16075211e+02  1.09e-09 5.70e-13  1.53e-09    30s
  32   4.16075248e+02  4.16075239e+02  4.78e-10 2.04e-15  3.66e-10    30s
  33   4.16075247e+02  4.16075245e+02  1.43e-11 5.24e-13  7.50e-11    31s

Barrier solved model in 33 iterations and 30.55 seconds
Optimal objective 4.16075247e+02


Root crossover log...

     655 DPushes remaining with DInf 0.0000000e+00                31s
       0 DPushes remaining with DInf 0.0000000e+00                31s

    3588 PPushes remaining with PInf 5.0472666e-06                31s
       0 PPushes remaining with PInf 0.0000000e+00                31s

  Push phase complete: Pinf 0.0000000e+00, Dinf 3.3199488e-02     31s


Root simplex log...

Iteration    Objective       Primal Inf.    Dual Inf.      Time
    4116    4.1607525e+02   0.000000e+00   3.319949e-02     31s
    4125    4.1607525e+02   0.000000e+00   0.000000e+00     31s
    4125    4.1607525e+02   0.000000e+00   0.000000e+00     31s

Root relaxation: objective 4.160752e+02, 4125 iterations, 10.24 seconds

    Nodes    |    Current Node    |     Objective Bounds      |     Work
 Expl Unexpl |  Obj  Depth IntInf | Incumbent    BestBd   Gap | It/Node Time

     0     0  416.07525    0 1741          -  416.07525      -     -   32s
     0     0  427.57839    0 1910          -  427.57839      -     -   46s
     0     0  427.93853    0 1870          -  427.93853      -     -   58s
     0     0  428.01821    0 1860          -  428.01821      -     -   61s
     0     0  428.02062    0 1865          -  428.02062      -     -   61s
     0     0  428.02063    0 1865          -  428.02063      -     -   62s
     0     0  435.50011    0 1923          -  435.50011      -     -   89s
     0     0  436.62228    0 1934          -  436.62228      -     -  105s
     0     0  436.68398    0 1874          -  436.68398      -     -  110s
     0     0  436.68608    0 1878          -  436.68608      -     -  111s
     0     0  441.59927    0 1848          -  441.59927      -     -  130s
     0     0  441.90769    0 1840          -  441.90769      -     -  141s
     0     0  441.92107    0 1852          -  441.92107      -     -  147s
     0     0  441.93324    0 1832          -  441.93324      -     -  152s
     0     0  441.93573    0 1837          -  441.93573      -     -  153s
     0     0  445.23581    0 1811          -  445.23581      -     -  178s
H    0     0                     550.5667865  445.23581  19.1%     -  185s
     0     0  445.27493    0 1861  550.56679  445.27493  19.1%     -  185s
     0     0  445.28040    0 1860  550.56679  445.28040  19.1%     -  187s
H    0     0                     482.5437180  445.28040  7.72%     -  191s
H    0     0                     482.5437126  445.28040  7.72%     -  191s
H    0     0                     482.5437124  445.28040  7.72%     -  197s
     0     0  449.25893    0 1789  482.54371  449.25893  6.90%     -  198s
     0     0  450.79225    0 1793  482.54371  450.79225  6.58%     -  206s
     0     0  450.85045    0 1803  482.54371  450.85045  6.57%     -  207s
     0     0  450.85330    0 1802  482.54371  450.85330  6.57%     -  208s
H    0     0                     482.5437059  450.85330  6.57%     -  217s
     0     0  457.82458    0 1845  482.54371  457.82458  5.12%     -  228s
     0     0  458.40773    0 1823  482.54371  458.40773  5.00%     -  233s
     0     0  458.42242    0 1837  482.54371  458.42242  5.00%     -  235s
H    0     0                     481.8744002  458.42242  4.87%     -  243s
H    0     0                     481.8744001  458.42242  4.87%     -  243s
H    0     0                     481.8613444  458.42242  4.86%     -  249s
     0     0  463.04977    0 1773  481.86134  463.04977  3.90%     -  249s
     0     0  463.55976    0 1806  481.86134  463.55976  3.80%     -  253s
     0     0  463.57657    0 1827  481.86134  463.57657  3.79%     -  254s
H    0     0                     481.8379186  463.57657  3.79%     -  257s
H    0     0                     481.8379168  463.57657  3.79%     -  257s
     0     0  470.14079    0 1796  481.83792  470.14079  2.43%     -  263s
H    0     0                     481.8379151  470.14079  2.43%     -  268s
     0     0  470.19942    0 1811  481.83792  470.19942  2.42%     -  268s
     0     0  470.21183    0 1821  481.83792  470.21183  2.41%     -  271s
     0     0  470.36929    0 1743  481.83792  470.36929  2.38%     -  280s
     0     0  470.36929    0 1734  481.83792  470.36929  2.38%     -  285s
H    0     0                     481.7660096  470.36929  2.37%     -  323s
     0     2  470.36929    0 1728  481.76601  470.36929  2.37%     -  324s
     1     4  470.59620    1 1736  481.76601  470.36932  2.37%   586  327s
     3     8  470.60870    2 1737  481.76601  470.56787  2.32%   543  333s
     7    16  477.74981    3 1213  481.76601  470.60885  2.32%  1096  341s
    15    28     cutoff    4       481.76601  471.07965  2.22%  1408  347s
    31    49  477.43381    5 1238  481.76601  471.40420  2.15%  1382  372s
    59    49     cutoff    6       481.76601  471.52346  2.13%  1424  382s
H   91    51                     481.7652885  471.53202  2.12%  1543  397s
H   93    51                     481.7648156  471.53202  2.12%  1555  397s
H   96    51                     481.7646723  471.53202  2.12%  1556  397s
H  103    51                     481.7645118  471.53202  2.12%  1550  397s
H  105    51                     481.7391347  471.53202  2.12%  1552  397s
H  106    51                     481.7364525  471.53202  2.12%  1539  397s
   123    51     cutoff    8       481.73645  471.53202  2.12%  1500  404s
   155    57 infeasible    8       481.73645  472.85561  1.84%  1419  418s
H  156    57                     481.6507145  472.85561  1.83%  1410  418s
H  163    57                     481.3799452  472.85561  1.77%  1386  418s
   187    91  475.86851   10 1098  481.37995  472.85561  1.77%  1294  426s
   226   120  475.95815   12 1077  481.37995  472.85561  1.77%  1149  433s
   259   165  476.29093   13 1087  481.37995  472.85561  1.77%  1072  435s
H  315   192                     481.3799446  472.85561  1.77%   911  456s
H  317   192                     481.3279244  472.85561  1.76%   906  456s
H  320   192                     481.3273925  472.85561  1.76%   899  456s
H  328   192                     481.3040698  472.85561  1.76%   881  456s
   349   234  476.48950   15 1098  481.30407  472.85561  1.76%   840  460s
H  356   234                     481.3040696  472.85561  1.76%   825  460s
H  369   234                     481.3040691  472.85561  1.76%   802  460s
   482   351  476.93450   19 1121  481.30407  472.85561  1.76%   653  466s
   660   499  477.44169   26 1103  481.30407  472.85561  1.76%   515  470s
   848   685  478.66021   35 1073  481.30407  472.85561  1.76%   431  475s
   978   727  478.89312   41 1117  481.30407  472.85561  1.76%   385  504s
H 1003   727                     481.3024291  472.85561  1.75%   377  504s
H 1019   727                     481.2647731  472.85561  1.75%   374  504s
  1044   852  478.89489   43 1077  481.26477  472.85561  1.75%   369  507s
  1197   931  479.59474   50 1062  481.26477  472.85561  1.75%   332  537s
H 1200   931                     481.2582553  472.85561  1.75%   332  537s
H 1233   931                     481.2574425  472.85561  1.75%   325  537s
  1309  1082  479.63957   54 1060  481.25744  472.85561  1.75%   313  542s
  1512  1244  479.70452   63 1040  481.25744  472.85561  1.75%   283  551s
  1715  1414  479.96260   73 1014  481.25744  472.85561  1.75%   259  556s
  2171  1765  480.15739   97  907  481.25744  472.85561  1.75%   221  562s
  2416  1961  480.18427  111  878  481.25744  472.85561  1.75%   206  568s
  2673  2143  480.20998  127  826  481.25744  472.85561  1.75%   191  575s
H 2923  2143                     481.2574404  472.85561  1.75%   181  784s
  2924  2144  480.20821   17 1734  481.25744  472.85561  1.75%   181  895s
H 2925  2037                     481.2574340  472.85561  1.75%   181  924s
  2927  2038  481.18700   85 1697  481.25743  472.85561  1.75%   181  944s
  2928  2039  478.28037   21 1615  481.25743  472.85561  1.75%   181  960s
  2929  2039  478.57632   42 1585  481.25743  472.85561  1.75%   181  972s
  2930  2040  480.20047  126 1496  481.25743  472.85561  1.75%   180  981s
  2931  2041  480.78239   67 1380  481.25743  472.85561  1.75%   180  995s
  2932  2041  478.06520   23 1354  481.25743  472.85561  1.75%   180 1009s
  2933  2042  478.36010   13 1366  481.25743  472.85561  1.75%   180 1016s
  2934  2043  480.07808   40 1375  481.25743  472.85561  1.75%   180 1026s
  2935  2043  480.88641   20 1392  481.25743  472.85561  1.75%   180 1034s
  2936  2044  480.74070   78 1383  481.25743  472.85561  1.75%   180 1043s
H 2936  1942                     481.2574332  472.85561  1.75%   180 1114s
  2937  1943  481.03010   26 1299  481.25743  472.85561  1.75%   180 1156s
H 2937  1845                     481.2574329  472.85561  1.75%   180 1161s
  2939  1846  479.33467   33 1264  481.25743  472.85561  1.75%   180 1168s
H 2939  1754                     481.2574327  472.85561  1.75%   180 1205s
  2941  1755  478.52636   19 1237  481.25743  473.69203  1.57%   180 1253s
H 2941  1667                     481.2574326  473.76691  1.56%   180 1256s
  2944  1669  480.99905   52 1245  481.25743  474.47130  1.41%   180 1262s
H 2944  1585                     481.2574324  474.47130  1.41%   180 1288s
H 2945  1506                     481.2574323  475.39415  1.22%   180 1325s
  2947  1507  478.96764   25 1231  481.25743  475.41244  1.21%   179 1372s
  2948  1508  477.25004   13 1216  481.25743  475.59945  1.18%   179 1442s
  2949  1509  480.46403   61 1205  481.25743  475.76329  1.14%   179 1468s
  2950  1509  479.34419   19 1194  481.25743  475.84130  1.13%   179 1504s
  2951  1510  480.94934   26 1185  481.25743  475.84505  1.12%   179 1506s
  2952  1511  477.80375   29 1206  481.25743  475.87136  1.12%   179 1530s
  2953  1511  479.49420   34 1158  481.25743  475.87136  1.12%   179 1564s
  2954  1512  479.44735   32 1179  481.25743  475.88064  1.12%   179 1602s
  2955  1513  480.33906   87 1171  481.25743  475.91966  1.11%   179 1636s
H 2955  1437                     481.2574322  475.95605  1.10%   179 1662s
  2957  1438  477.79427   16 1167  481.25743  475.99017  1.09%   179 1689s
  2958  1439  479.30910   39 1187  481.25743  476.02283  1.09%   179 1717s
  2959  1439  480.60969   40 1105  481.25743  476.07885  1.08%   179 1768s
  2960  1440  480.48705   24 1105  481.25743  476.07885  1.08%   179 1783s
H 2960  1367                     481.2574320  476.07885  1.08%   179 1841s
  2962  1370  479.63676   14 1086  481.25743  476.07885  1.08%   193 1885s
  2964  1371 infeasible   15       481.25743  476.07885  1.08%   194 1993s
  2967  1374  476.07885   16 1053  481.25743  476.07885  1.08%   194 2018s
  2971  1380  476.71794   17 1003  481.25743  476.07885  1.08%   195 2032s
  2979  1392  479.11792   18 1008  481.25743  476.38637  1.01%   197 2047s
  2995  1392     cutoff   19       481.25743  476.43751  1.00%   199 2062s

Cutting planes:
  Learned: 19
  Gomory: 36
  Cover: 63
  Implied bound: 65
  Projected implied bound: 83
  Clique: 16
  MIR: 350
  Flow cover: 2320
  GUB cover: 1
  Zero half: 19
  RLT: 770
  Relax-and-lift: 175

Explored 3025 nodes (666666 simplex iterations) in 2063.29 seconds
Thread count was 32 (of 32 available processors)

Solution count 10: 481.257 481.257 481.257 ... 481.257

Optimal solution found (tolerance 1.00e-02)
Warning: max constraint violation (9.3179e-06) exceeds tolerance
Warning: max integrality violation (5.5645e-05) exceeds tolerance
Best objective 4.812574320069e+02, best bound 4.772010881114e+02, gap 0.8429%

Gurobi 9.1.0 (linux64) logging started Thu Aug 19 21:25:41 2021

Changed value of parameter LogFile to eab_parasitoid_1_1_0.8_bud.log
   Prev:   Default: 
Changed value of parameter MIPGap to 0.01
   Prev: 0.0001  Min: 0.0  Max: inf  Default: 0.0001
Changed value of parameter Method to 2
   Prev: -1  Min: -1  Max: 5  Default: -1
Changed value of parameter MIPFocus to 2
   Prev: 0  Min: 0  Max: 3  Default: 0
Changed value of parameter RINS to 100
   Prev: -1  Min: -1  Max: 2000000000  Default: -1
Changed value of parameter SolutionLimit to 1
   Prev: 2000000000  Min: 1  Max: 2000000000  Default: 2000000000
Gurobi Optimizer version 9.1.0 build v9.1.0rc0 (linux64)
Thread count: 32 physical cores, 32 logical processors, using up to 32 threads
Optimize a model with 203396 rows, 134935 columns and 685039 nonzeros
Model fingerprint: 0x4327c1bd
Variable types: 55779 continuous, 79156 integer (79156 binary)
Coefficient statistics:
  Matrix range     [2e-04, 6e+05]
  Objective range  [1e-06, 1e-01]
  Bounds range     [1e+00, 6e+03]
  RHS range        [1e-04, 6e+05]

User MIP start produced solution with objective 481.294 (10.10s)
User MIP start produced solution with objective 481.29 (10.19s)
User MIP start produced solution with objective 481.289 (10.25s)
User MIP start produced solution with objective 481.257 (10.34s)
Loaded user MIP start with objective 481.257
Processed MIP start in 10.39 seconds


Explored 0 nodes (0 simplex iterations) in 10.47 seconds
Thread count was 1 (of 32 available processors)

Solution count 5: 481.257 

Solution limit reached
Best objective 4.812574299978e+02, best bound -, gap -
