
Gurobi 9.1.0 (linux64) logging started Fri Aug  6 12:25:35 2021

Changed value of parameter LogFile to eab_parasitoid_1_2_0.2_bud.log
   Prev:   Default: 
Changed value of parameter MIPGap to 0.01
   Prev: 0.0001  Min: 0.0  Max: inf  Default: 0.0001
Changed value of parameter Method to 2
   Prev: -1  Min: -1  Max: 5  Default: -1
Changed value of parameter MIPFocus to 2
   Prev: 0  Min: 0  Max: 3  Default: 0
Changed value of parameter RINS to 100
   Prev: -1  Min: -1  Max: 2000000000  Default: -1
Gurobi Optimizer version 9.1.0 build v9.1.0rc0 (linux64)
Thread count: 32 physical cores, 32 logical processors, using up to 32 threads
Optimize a model with 203396 rows, 134935 columns and 685039 nonzeros
Model fingerprint: 0x00b555b6
Variable types: 55779 continuous, 79156 integer (79156 binary)
Coefficient statistics:
  Matrix range     [2e-04, 6e+05]
  Objective range  [1e-06, 1e-01]
  Bounds range     [1e+00, 6e+03]
  RHS range        [1e-04, 6e+05]
Presolve removed 180167 rows and 114783 columns (presolve time = 5s) ...
Presolve removed 189563 rows and 123546 columns (presolve time = 10s) ...
Presolve removed 191278 rows and 125049 columns (presolve time = 15s) ...
Presolve removed 192593 rows and 126093 columns (presolve time = 20s) ...
Presolve removed 192698 rows and 126130 columns
Presolve time: 21.64s
Presolved: 10698 rows, 8805 columns, 137458 nonzeros
Variable types: 3630 continuous, 5175 integer (5171 binary)
Presolve removed 38 rows and 30 columns
Presolved: 10660 rows, 8775 columns, 137370 nonzeros

Root barrier log...

Ordering time: 0.55s

Barrier statistics:
 Dense cols : 141
 AA' NZ     : 5.910e+05
 Factor NZ  : 2.860e+06 (roughly 30 MBytes of memory)
 Factor Ops : 2.437e+09 (less than 1 second per iteration)
 Threads    : 31

                  Objective                Residual
Iter       Primal          Dual         Primal    Dual     Compl     Time
   0   4.12791388e+03 -2.12626488e+04  7.38e+04 2.73e-01  1.14e+02    24s
   1   3.02805156e+03 -2.57468825e+04  5.03e+04 3.27e-01  7.75e+01    24s
   2   1.05381743e+03 -2.50637065e+04  7.92e+03 5.10e-02  1.30e+01    24s
   3   6.14067049e+02 -1.58031369e+04  5.81e+02 1.86e-03  1.39e+00    24s
   4   5.61273946e+02 -5.75965452e+03  4.26e+02 8.22e-15  5.71e-01    24s
   5   4.21468614e+02 -2.32927165e+03  5.63e+01 3.82e-14  1.28e-01    25s
   6   3.99727013e+02 -5.42173675e+02  1.50e+01 1.78e-15  3.80e-02    25s
   7   3.90173211e+02  7.69655686e+01  2.52e+00 3.55e-15  1.17e-02    25s
   8   3.84960468e+02  3.07079011e+02  2.41e-01 1.04e-15  2.84e-03    25s
   9   3.82342764e+02  3.50083467e+02  2.84e-04 8.88e-16  1.17e-03    25s
  10   3.81480495e+02  3.64358353e+02  1.34e-04 4.84e-16  6.20e-04    25s
  11   3.81066354e+02  3.73957962e+02  8.57e-05 1.55e-15  2.57e-04    25s
  12   3.80553743e+02  3.76600637e+02  4.20e-05 1.11e-15  1.43e-04    25s
  13   3.80251228e+02  3.78440224e+02  1.98e-05 2.22e-16  6.56e-05    26s
  14   3.80080092e+02  3.79440677e+02  9.70e-06 2.22e-16  2.31e-05    26s
  15   3.80037592e+02  3.79634538e+02  7.22e-06 1.11e-16  1.46e-05    26s
  16   3.79978280e+02  3.79717941e+02  4.44e-06 2.22e-16  9.43e-06    26s
  17   3.79944148e+02  3.79752045e+02  2.79e-06 2.22e-16  6.95e-06    26s
  18   3.79936471e+02  3.79766454e+02  2.38e-06 1.11e-16  6.16e-06    26s
  19   3.79907431e+02  3.79817708e+02  8.16e-07 2.22e-16  3.25e-06    26s
  20   3.79900796e+02  3.79850571e+02  5.22e-07 2.22e-16  1.82e-06    27s
  21   3.79900647e+02  3.79856748e+02  5.06e-07 1.67e-16  1.59e-06    27s
  22   3.79894165e+02  3.79870581e+02  2.21e-07 1.11e-16  8.54e-07    27s
  23   3.79892178e+02  3.79874388e+02  1.48e-07 2.22e-16  6.44e-07    27s
  24   3.79891195e+02  3.79881809e+02  1.15e-07 2.22e-16  3.40e-07    27s
  25   3.79890129e+02  3.79884895e+02  7.31e-08 6.66e-16  1.89e-07    27s
  26   3.79889426e+02  3.79885724e+02  4.56e-08 2.22e-16  1.34e-07    27s
  27   3.79888793e+02  3.79886235e+02  1.97e-08 2.22e-16  9.26e-08    28s
  28   3.79888512e+02  3.79886705e+02  9.32e-09 1.11e-16  6.54e-08    28s
  29   3.79888373e+02  3.79887241e+02  3.81e-09 2.22e-16  4.10e-08    28s
  30   3.79888313e+02  3.79887695e+02  1.56e-09 1.11e-16  2.24e-08    28s
  31   3.79888302e+02  3.79888044e+02  1.19e-09 2.22e-16  9.35e-09    28s
  32   3.79888281e+02  3.79888162e+02  4.29e-10 1.11e-16  4.30e-09    28s
  33   3.79888269e+02  3.79888210e+02  8.09e-11 2.22e-16  2.16e-09    28s
  34   3.79888268e+02  3.79888248e+02  3.15e-11 2.22e-16  7.17e-10    28s
  35   3.79888267e+02  3.79888251e+02  2.02e-11 4.44e-16  5.66e-10    28s
  36   3.79888266e+02  3.79888263e+02  3.61e-12 1.11e-16  1.14e-10    29s
  37   3.79888266e+02  3.79888266e+02  5.83e-11 8.12e-15  2.28e-11    29s

Barrier solved model in 37 iterations and 28.72 seconds
Optimal objective 3.79888266e+02


Root crossover log...

     685 DPushes remaining with DInf 0.0000000e+00                29s
       0 DPushes remaining with DInf 0.0000000e+00                29s

    4441 PPushes remaining with PInf 0.0000000e+00                29s
       0 PPushes remaining with PInf 0.0000000e+00                29s

  Push phase complete: Pinf 0.0000000e+00, Dinf 3.9017328e-03     29s


Root simplex log...

Iteration    Objective       Primal Inf.    Dual Inf.      Time
    4942    3.7988827e+02   0.000000e+00   3.901733e-03     29s
    4949    3.7988827e+02   0.000000e+00   0.000000e+00     29s
    4949    3.7988827e+02   0.000000e+00   0.000000e+00     29s

Root relaxation: objective 3.798883e+02, 4949 iterations, 7.18 seconds
Total elapsed time = 30.53s

    Nodes    |    Current Node    |     Objective Bounds      |     Work
 Expl Unexpl |  Obj  Depth IntInf | Incumbent    BestBd   Gap | It/Node Time

     0     0  380.06077    0 1947          -  380.06077      -     -   31s
     0     0  389.34538    0 1906          -  389.34538      -     -   41s
     0     0  389.51988    0 1906          -  389.51988      -     -   47s
     0     0  389.52528    0 1912          -  389.52528      -     -   48s
     0     0  389.52533    0 1902          -  389.52533      -     -   48s
     0     0  395.71336    0 1858          -  395.71336      -     -   56s
     0     0  396.17531    0 1818          -  396.17531      -     -   69s
     0     0  409.15450    0 1774          -  409.15450      -     -   82s
     0     0  409.15450    0 1831          -  409.15450      -     -   86s
     0     0  409.15450    0 1827          -  409.15450      -     -   87s
     0     0  409.15450    0 1828          -  409.15450      -     -   88s
H    0     0                     536.3149986  409.32768  23.7%     -  107s
     0     0  409.32768    0 1829  536.31500  409.32768  23.7%     -  108s
H    0     0                     536.2846112  409.32768  23.7%     -  114s
H    0     0                     536.0681103  409.32768  23.6%     -  114s
     0     0  409.32768    0 1849  536.06811  409.32768  23.6%     -  114s
     0     0  409.32768    0 1831  536.06811  409.32768  23.6%     -  116s
     0     0  409.32768    0 1847  536.06811  409.32768  23.6%     -  118s
     0     0  409.32768    0 1789  536.06811  409.32768  23.6%     -  130s
H    0     0                     536.0245777  409.32768  23.6%     -  131s
     0     0  409.32768    0 1797  536.02458  409.32768  23.6%     -  136s
     0     0  409.32768    0 1861  536.02458  409.32768  23.6%     -  139s
     0     0  409.32768    0 1857  536.02458  409.32768  23.6%     -  140s
H    0     0                     434.8465012  409.32768  5.87%     -  144s
H    0     0                     434.8396679  409.32768  5.87%     -  144s
H    0     0                     434.8392473  409.32768  5.87%     -  144s
     0     0  412.57419    0 1745  434.83925  412.57419  5.12%     -  150s
     0     0  412.65669    0 1821  434.83925  412.65669  5.10%     -  157s
     0     0  412.66617    0 1823  434.83925  412.66617  5.10%     -  159s
     0     0  415.85127    0 1891  434.83925  415.85127  4.37%     -  174s
H    0     0                     434.8389822  415.85127  4.37%     -  178s
     0     0  418.50722    0 1906  434.83898  418.50722  3.76%     -  180s
H    0     0                     434.8387314  418.50722  3.76%     -  185s
     0     0  418.57447    0 1912  434.83873  418.57447  3.74%     -  185s
     0     0  418.57839    0 1912  434.83873  418.57839  3.74%     -  187s
     0     0  422.86967    0 1862  434.83873  422.86967  2.75%     -  199s
H    0     0                     434.4981005  422.86967  2.68%     -  209s
     0     0  422.92324    0 1864  434.49810  422.92324  2.66%     -  209s
     0     0  422.94198    0 1858  434.49810  422.94198  2.66%     -  211s
H    0     0                     434.4976195  422.94198  2.66%     -  214s
     0     0  423.54673    0 1854  434.49762  423.54673  2.52%     -  214s
H    0     0                     434.4975815  423.54673  2.52%     -  215s
H    0     0                     434.4974485  423.54673  2.52%     -  217s
     0     0  423.91618    0 1902  434.49745  423.91618  2.44%     -  217s
     0     0  423.93259    0 1872  434.49745  423.93259  2.43%     -  218s
     0     0  423.95723    0 1881  434.49745  423.95723  2.43%     -  223s
     0     0  423.96531    0 1846  434.49745  423.96531  2.42%     -  225s
     0     0  424.82139    0 1874  434.49745  424.82139  2.23%     -  230s
     0     0  424.82584    0 1868  434.49745  424.82584  2.23%     -  232s
H    0     0                     434.4974187  424.82584  2.23%     -  243s
     0     0  424.85137    0 1772  434.49742  424.85137  2.22%     -  244s
     0     0  424.85137    0 1758  434.49742  424.85137  2.22%     -  249s
H    0     0                     434.4972171  424.85137  2.22%     -  403s
     0     2  424.85143    0 1757  434.49722  424.85143  2.22%     -  407s
     1     4  429.63499    1 1843  434.49722  424.85143  2.22%  3692  416s
     3     8  429.75540    2 1850  434.49722  425.82621  2.00%  2188  425s
     7    10 infeasible    3       434.49722  425.87642  1.98%  1956  440s
    15    18  426.40855    4 1852  434.49722  426.00593  1.95%  1888  446s
    25    36  426.82261    5 1864  434.49722  426.01534  1.95%  1500  462s
    43    54  427.18223    6 1831  434.49722  426.28170  1.89%  2479  506s
    75    80  427.73032    7 1863  434.49722  426.31757  1.88%  2689  572s
   107    86  427.90795    8 1925  434.49722  426.31757  1.88%  2728  617s
   139    80  427.94011    9 1926  434.49722  426.31757  1.88%  2796  668s
   171    88  427.94548   10 1913  434.49722  426.31757  1.88%  2874 1146s
H  182    88                     434.4833183  426.31757  1.88%  2891 1146s
   205    98  429.35080   11 1910  434.48332  426.31757  1.88%  2755 1224s
H  224    98                     434.4613577  426.31757  1.87%  2833 1224s
H  232    98                     434.4495370  426.31757  1.87%  2861 1224s
H  237   107                     434.4250595  426.31757  1.87%  2859 1756s
H  238   107                     434.4120493  426.31757  1.86%  2853 1756s
H  248   107                     434.4111495  426.31757  1.86%  2801 1756s
H  274   130                     434.4107701  426.31757  1.86%  2636 2366s
H  275   130                     434.4107655  426.31757  1.86%  2632 2366s
H  276   130                     434.4107581  426.31757  1.86%  2630 2366s
H  286   130                     434.4073541  426.31757  1.86%  2633 2366s
H  287   130                     434.4072490  426.31757  1.86%  2629 2366s
   307   166  431.06829   14 1880  434.40725  426.31757  1.86%  2552 2378s
   359   216     cutoff   16       434.40725  426.31757  1.86%  2361 2392s
   431   258     cutoff   16       434.40725  426.31757  1.86%  2117 2418s
   506   308  431.07655   15 1875  434.40725  426.31757  1.86%  1941 2469s
   590   353     cutoff   16       434.40725  426.31757  1.86%  1786 2523s
   675   378  433.47613   19 1526  434.40725  426.31757  1.86%  1658 2579s
   769   437  433.83320   20 1469  434.40725  426.31757  1.86%  1559 2725s
   862   495  434.04128   23 1499  434.40725  426.31757  1.86%  1528 2777s
   967   502  434.20556   29 1505  434.40725  426.31757  1.86%  1464 2819s
  1074   531     cutoff   32       434.40725  426.35930  1.85%  1411 2931s
  1181   621  427.30876    8 1959  434.40725  426.35930  1.85%  1381 3108s
  1319   731  427.35956    9 1964  434.40725  426.35930  1.85%  1306 3341s
  1480   842  428.45675   12 1927  434.40725  426.35930  1.85%  1231 3544s
  1641   949  430.77311   13 1697  434.40725  426.35930  1.85%  1175 3737s
  1794  1046  430.77565   14 1718  434.40725  426.35930  1.85%  1130 4037s
H 1807  1046                     434.3850832  426.35930  1.85%  1123 4037s
  1957  1195  431.98731   21 1568  434.38508  426.35930  1.85%  1080 4180s
  2157  1371  432.06069   27 1567  434.38508  426.35930  1.85%  1029 4300s
  2387  1594  433.23161   35 1500  434.38508  426.35930  1.85%   977 4390s
H 2424  1594                     434.3733163  426.35930  1.84%   963 4390s
  2660  1878  433.89226   45 1468  434.37332  426.59029  1.79%   908 4443s
  3002  1863  433.84614  146 1758  434.37332  426.59029  1.79%   833 5210s
  3004  1864  433.90540   96 2093  434.37332  426.59029  1.79%   833 5228s
  3005  1865  433.51980   32 1911  434.37332  426.59029  1.79%   832 5238s
  3006  1866  432.20050   27 1901  434.37332  426.59029  1.79%   832 5243s
  3007  1866  434.34925   53 1753  434.37332  426.59029  1.79%   832 5248s
  3008  1867  433.93450   77 1746  434.37332  426.59029  1.79%   831 5251s
H 3009  1774                     434.3733161  426.59029  1.79%   831 5256s
  3011  1775  433.51971   86 1804  434.37332  426.59029  1.79%   831 5264s
  3012  1776  434.32588  113 1785  434.37332  426.59029  1.79%   830 5276s
  3013  1776  433.77001   47 1880  434.37332  426.59029  1.79%   830 5286s
  3014  1777  434.36415   72 1890  434.37332  426.59029  1.79%   830 5293s
  3015  1778  434.09999  125 1913  434.37332  426.59029  1.79%   830 5300s
  3017  1779  434.01857  115 1921  434.37332  426.59029  1.79%   829 5306s
  3018  1780  433.94161  110 1929  434.37332  426.59029  1.79%   829 5315s
  3019  1780  432.33745   14 1829  434.37332  426.59029  1.79%   828 5480s
  3020  1781  434.15331  141 1819  434.37332  426.59029  1.79%   828 5500s
  3021  1782  433.30415   12 1808  434.37332  426.59029  1.79%   828 5513s
  3022  1782  432.42042   27 1843  434.37332  426.59029  1.79%   828 5539s
  3023  1783  434.03777   52 1864  434.37332  426.59029  1.79%   827 5555s
  3024  1784  433.23124   11 1885  434.37332  426.59029  1.79%   827 5574s
  3025  1784  434.12504   59 1903  434.37332  426.59029  1.79%   827 5675s
  3026  1785  432.29105   36 1877  434.37332  428.64177  1.32%   827 5838s
  3027  1786  433.38445   59 1877  434.37332  428.64177  1.32%   826 5844s
  3028  1786  433.53501   38 1907  434.37332  428.64177  1.32%   826 5849s
  3029  1787  434.37129  153 1881  434.37332  428.64177  1.32%   826 5855s
  3031  1788  434.10427  129 1896  434.37332  428.64177  1.32%   825 5863s
  3032  1789  434.30302   40 1909  434.37332  428.64177  1.32%   825 5922s
  3033  1790  432.18546    9 1887  434.37332  428.64177  1.32%   825 6057s
  3034  1790  434.05740   81 1866  434.37332  428.64177  1.32%   824 6064s
  3035  1791  433.92095  106 1870  434.37332  428.64177  1.32%   824 6076s
  3036  1792  433.86371  136 1893  434.37332  428.64177  1.32%   824 6118s
  3037  1792  433.87734  147 1923  434.37332  428.64177  1.32%   824 6169s
  3038  1793  433.94161  110 1931  434.37332  428.64177  1.32%   823 6210s
  3039  1794  433.47673   12 1941  434.37332  428.64177  1.32%   823 6285s
  3040  1794  434.08293   69 1931  434.37332  428.64177  1.32%   823 6341s
  3041  1795  433.70993   45 1967  434.37332  428.64177  1.32%   822 6406s
  3042  1796  433.18583   15 1966  434.37332  428.64177  1.32%   822 6447s
  3043  1796  433.05905   28 1966  434.37332  428.64177  1.32%   822 6570s
  3044  1800  428.64177   15 1932  434.37332  428.64177  1.32%   842 6833s
  3046  1803  428.64177   16 1950  434.37332  428.64177  1.32%   843 7461s
  3050  1810  429.47015   17 1871  434.37332  428.64177  1.32%   847 7488s
  3058  1813     cutoff   18       434.37332  428.64177  1.32%   853 7502s
  3074  1810  428.64177   19 1911  434.37332  428.64177  1.32%   870 7514s
  3096  1807     cutoff   20       434.37332  428.64177  1.32%   884 7558s
H 3098  1715                     434.3690303  428.64177  1.32%   885 7558s
H 3106  1626                     434.3654869  429.93433  1.02%   888 7558s
H 3120  1539                     434.3654867  429.93433  1.02%   893 7577s
H 3123  1460                     434.3654866  429.94049  1.02%   894 7577s
H 3136  1381                     434.3654863  430.51674  0.89%   898 7577s

Cutting planes:
  Learned: 33
  Gomory: 37
  Cover: 112
  Implied bound: 59
  Projected implied bound: 109
  Clique: 23
  MIR: 634
  Flow cover: 2607
  GUB cover: 2
  Zero half: 25
  RLT: 1083
  Relax-and-lift: 256

Explored 3148 nodes (2897389 simplex iterations) in 7577.37 seconds
Thread count was 32 (of 32 available processors)

Solution count 10: 434.365 434.369 434.373 ... 434.411

Optimal solution found (tolerance 1.00e-02)
Warning: max constraint violation (7.4111e-06) exceeds tolerance
Best objective 4.343654863157e+02, best bound 4.305167403413e+02, gap 0.8861%

Gurobi 9.1.0 (linux64) logging started Thu Aug 19 21:30:59 2021

Changed value of parameter LogFile to eab_parasitoid_1_2_0.2_bud.log
   Prev:   Default: 
Changed value of parameter MIPGap to 0.01
   Prev: 0.0001  Min: 0.0  Max: inf  Default: 0.0001
Changed value of parameter Method to 2
   Prev: -1  Min: -1  Max: 5  Default: -1
Changed value of parameter MIPFocus to 2
   Prev: 0  Min: 0  Max: 3  Default: 0
Changed value of parameter RINS to 100
   Prev: -1  Min: -1  Max: 2000000000  Default: -1
Changed value of parameter SolutionLimit to 1
   Prev: 2000000000  Min: 1  Max: 2000000000  Default: 2000000000
Gurobi Optimizer version 9.1.0 build v9.1.0rc0 (linux64)
Thread count: 32 physical cores, 32 logical processors, using up to 32 threads
Optimize a model with 203396 rows, 134935 columns and 685039 nonzeros
Model fingerprint: 0x9f209afa
Variable types: 55779 continuous, 79156 integer (79156 binary)
Coefficient statistics:
  Matrix range     [2e-04, 6e+05]
  Objective range  [1e-06, 1e-01]
  Bounds range     [1e+00, 6e+03]
  RHS range        [1e-04, 6e+05]

User MIP start produced solution with objective 435.225 (11.58s)
User MIP start produced solution with objective 435.037 (11.67s)
User MIP start produced solution with objective 434.365 (11.96s)
Loaded user MIP start with objective 434.365
Processed MIP start in 12.01 seconds


Explored 0 nodes (0 simplex iterations) in 12.05 seconds
Thread count was 1 (of 32 available processors)

Solution count 4: 434.365 

Solution limit reached
Best objective 4.343654784347e+02, best bound -, gap -
