
Gurobi 9.1.0 (linux64) logging started Thu Aug  5 06:01:49 2021

Changed value of parameter LogFile to eab_parasitoid_0_1_0.8_bud.log
   Prev:   Default: 
Changed value of parameter MIPGap to 0.01
   Prev: 0.0001  Min: 0.0  Max: inf  Default: 0.0001
Changed value of parameter Method to 2
   Prev: -1  Min: -1  Max: 5  Default: -1
Changed value of parameter MIPFocus to 2
   Prev: 0  Min: 0  Max: 3  Default: 0
Changed value of parameter RINS to 100
   Prev: -1  Min: -1  Max: 2000000000  Default: -1
Gurobi Optimizer version 9.1.0 build v9.1.0rc0 (linux64)
Thread count: 32 physical cores, 32 logical processors, using up to 32 threads
Optimize a model with 203396 rows, 134935 columns and 685039 nonzeros
Model fingerprint: 0xe4d3e6cd
Variable types: 55779 continuous, 79156 integer (79156 binary)
Coefficient statistics:
  Matrix range     [2e-04, 1e+06]
  Objective range  [1e-06, 1e-01]
  Bounds range     [1e+00, 6e+03]
  RHS range        [1e-04, 1e+06]
Presolve removed 183126 rows and 117561 columns (presolve time = 5s) ...
Presolve removed 192025 rows and 125380 columns (presolve time = 10s) ...
Presolve removed 193524 rows and 126915 columns (presolve time = 15s) ...
Presolve removed 193749 rows and 127085 columns (presolve time = 20s) ...
Presolve removed 193770 rows and 127101 columns
Presolve time: 21.97s
Presolved: 9626 rows, 7834 columns, 130325 nonzeros
Variable types: 3428 continuous, 4406 integer (4405 binary)
Presolve removed 7 rows and 6 columns
Presolved: 9619 rows, 7828 columns, 130262 nonzeros

Root barrier log...

Ordering time: 0.94s

Barrier statistics:
 Dense cols : 147
 AA' NZ     : 5.665e+05
 Factor NZ  : 2.688e+06 (roughly 30 MBytes of memory)
 Factor Ops : 2.202e+09 (less than 1 second per iteration)
 Threads    : 31

                  Objective                Residual
Iter       Primal          Dual         Primal    Dual     Compl     Time
   0   1.78826719e+03 -2.03082784e+04  1.98e+04 1.18e-01  8.72e+01    25s
   1   1.52956726e+03 -2.26433272e+04  1.30e+04 5.27e-01  5.72e+01    26s
   2   9.64697782e+02 -2.20459286e+04  3.13e+03 9.46e-03  1.50e+01    26s
   3   7.48969030e+02 -1.44568607e+04  1.86e+02 2.10e-14  1.36e+00    26s
   4   6.77512418e+02 -4.87006130e+03  6.93e+01 1.24e-14  3.91e-01    26s
   5   6.31465178e+02 -2.60473115e+03  1.75e+01 5.17e-15  1.63e-01    26s
   6   6.17871800e+02 -4.18610213e+02  6.46e+00 4.88e-15  4.89e-02    27s
   7   6.11168483e+02 -8.27306795e+01  3.22e+00 4.88e-15  3.08e-02    27s
   8   6.03617057e+02  4.03502645e+02  4.54e-01 2.22e-15  8.27e-03    27s
   9   6.01011567e+02  4.81774929e+02  2.44e-01 1.82e-15  4.88e-03    27s
  10   5.99622068e+02  5.08678844e+02  1.69e-01 1.55e-15  3.71e-03    27s
  11   5.98384448e+02  5.39834687e+02  1.13e-01 1.11e-15  2.38e-03    27s
  12   5.96911420e+02  5.58124378e+02  6.02e-02 5.54e-16  1.57e-03    28s
  13   5.95042437e+02  5.78390239e+02  1.31e-02 3.42e-16  6.72e-04    28s
  14   5.94525015e+02  5.85937519e+02  6.65e-03 2.24e-16  3.46e-04    28s
  15   5.94222599e+02  5.87991610e+02  2.93e-03 2.24e-16  2.51e-04    28s
  16   5.94062376e+02  5.89931567e+02  1.21e-03 1.94e-16  1.67e-04    28s
  17   5.93867660e+02  5.91118808e+02  3.36e-05 4.44e-16  1.11e-04    28s
  18   5.93727305e+02  5.92221441e+02  2.31e-05 4.44e-16  6.07e-05    29s
  19   5.93638666e+02  5.92327781e+02  1.68e-05 1.67e-16  5.28e-05    29s
  20   5.93535766e+02  5.92814517e+02  1.02e-05 3.23e-16  2.91e-05    29s
  21   5.93473008e+02  5.93007082e+02  6.28e-06 4.44e-16  1.88e-05    29s
  22   5.93453237e+02  5.93109601e+02  5.17e-06 1.54e-16  1.39e-05    29s
  23   5.93443780e+02  5.93158816e+02  4.61e-06 2.28e-16  1.15e-05    29s
  24   5.93414475e+02  5.93229405e+02  2.96e-06 2.30e-16  7.46e-06    30s
  25   5.93399919e+02  5.93271916e+02  2.12e-06 2.22e-16  5.16e-06    30s
  26   5.93378515e+02  5.93318748e+02  8.67e-07 2.59e-16  2.41e-06    30s
  27   5.93370773e+02  5.93332876e+02  4.30e-07 4.44e-16  1.53e-06    30s
  28   5.93367222e+02  5.93349280e+02  2.28e-07 3.74e-15  7.23e-07    30s
  29   5.93365718e+02  5.93355867e+02  1.44e-07 3.55e-16  3.97e-07    31s
  30   5.93365014e+02  5.93356888e+02  1.09e-07 2.39e-16  3.28e-07    31s
  31   5.93363889e+02  5.93360157e+02  4.94e-08 7.39e-16  1.50e-07    31s
  32   5.93363105e+02  5.93361954e+02  1.05e-08 1.11e-16  4.64e-08    31s
  33   5.93362926e+02  5.93362705e+02  2.41e-09 4.44e-16  8.91e-09    31s
  34   5.93362881e+02  5.93362820e+02  6.78e-10 2.22e-16  2.47e-09    31s
  35   5.93362870e+02  5.93362843e+02  2.49e-10 2.22e-16  1.09e-09    32s
  36   5.93362866e+02  5.93362855e+02  1.14e-10 1.67e-16  4.56e-10    32s
  37   5.93362864e+02  5.93362861e+02  1.99e-11 3.58e-15  9.38e-11    32s

Barrier solved model in 37 iterations and 31.89 seconds
Optimal objective 5.93362864e+02


Root crossover log...

     610 DPushes remaining with DInf 0.0000000e+00                32s
       0 DPushes remaining with DInf 0.0000000e+00                32s

    3506 PPushes remaining with PInf 1.5792342e-05                32s
       0 PPushes remaining with PInf 0.0000000e+00                32s

  Push phase complete: Pinf 0.0000000e+00, Dinf 1.5144993e-02     32s


Root simplex log...

Iteration    Objective       Primal Inf.    Dual Inf.      Time
    3988    5.9336286e+02   0.000000e+00   1.514499e-02     32s
    3997    5.9336286e+02   0.000000e+00   0.000000e+00     32s
    3997    5.9336286e+02   0.000000e+00   0.000000e+00     32s

Root relaxation: objective 5.933629e+02, 3997 iterations, 9.61 seconds

    Nodes    |    Current Node    |     Objective Bounds      |     Work
 Expl Unexpl |  Obj  Depth IntInf | Incumbent    BestBd   Gap | It/Node Time

     0     0  593.36383    0 2058          -  593.36383      -     -   33s
     0     0  639.14584    0 2207          -  639.14584      -     -   50s
     0     0  639.85776    0 2225          -  639.85776      -     -   65s
     0     0  639.89783    0 2208          -  639.89783      -     -   69s
     0     0  639.91161    0 2210          -  639.91161      -     -   69s
     0     0  639.91167    0 2208          -  639.91167      -     -   69s
H    0     0                     724.6708448  639.91167  11.7%     -   90s
     0     0  647.24379    0 2151  724.67084  647.24379  10.7%     -   91s
H    0     0                     724.6180121  647.24379  10.7%     -   92s
     0     0  647.55428    0 2007  724.61801  647.55428  10.6%     -   96s
     0     0  647.61547    0 1966  724.61801  647.61547  10.6%     -   99s
     0     0  647.76395    0 1987  724.61801  647.76395  10.6%     -  100s
     0     0  647.76839    0 1994  724.61801  647.76839  10.6%     -  101s
     0     0  656.42019    0 1933  724.61801  656.42019  9.41%     -  109s
H    0     0                     715.8068837  656.42019  8.30%     -  111s
     0     0  656.58453    0 1963  715.80688  656.58453  8.27%     -  112s
     0     0  656.60896    0 1977  715.80688  656.60896  8.27%     -  113s
     0     0  665.63545    0 1893  715.80688  665.63545  7.01%     -  124s
     0     0  665.88950    0 1876  715.80688  665.88950  6.97%     -  155s
H    0     0                     702.3444315  665.88950  5.19%     -  169s
H    0     0                     702.3444314  665.88950  5.19%     -  169s
     0     0  665.91918    0 1879  702.34443  665.91918  5.19%     -  169s
H    0     0                     702.3444065  665.91918  5.19%     -  179s
H    0     0                     702.3444062  665.91918  5.19%     -  179s
H    0     0                     702.3443964  665.91918  5.19%     -  179s
H    0     0                     702.3443752  665.91918  5.19%     -  198s
     0     0  671.67287    0 1828  702.34438  671.67287  4.37%     -  198s
     0     0  672.96748    0 1833  702.34438  672.96748  4.18%     -  216s
     0     0  672.97850    0 1853  702.34438  672.97850  4.18%     -  219s
H    0     0                     702.3443026  672.97850  4.18%     -  243s
H    0     0                     702.3442937  672.97850  4.18%     -  259s
     0     0  680.73735    0 1744  702.34429  680.73735  3.08%     -  259s
     0     0  680.82504    0 1738  702.34429  680.82504  3.06%     -  267s
     0     0  680.85259    0 1770  702.34429  680.85259  3.06%     -  270s
     0     0  681.48771    0 1775  702.34429  681.48771  2.97%     -  282s
     0     0  681.67506    0 1774  702.34429  681.67506  2.94%     -  290s
     0     0  681.78029    0 1774  702.34429  681.78029  2.93%     -  297s
H    0     0                     701.3142581  681.78029  2.79%     -  300s
     0     0  681.81307    0 1792  701.31426  681.81307  2.78%     -  300s
H    0     0                     701.3142578  681.81307  2.78%     -  305s
     0     0  681.86580    0 1691  701.31426  681.86580  2.77%     -  326s
     0     0  681.86580    0 1686  701.31426  681.86580  2.77%     -  329s
     0     2  681.86580    0 1682  701.31426  681.86580  2.77%     -  429s
     1     4  686.46305    1 1677  701.31426  681.86580  2.77%  1202  430s
     7    16  699.33603    3 1707  701.31426  683.51160  2.54%  1492  437s
    15    32  699.61803    4 1678  701.31426  683.74265  2.51%  1620  443s
    31    62  699.71006    5 1647  701.31426  683.86377  2.49%  2201  484s
    63    94  699.83759    6 1644  701.31426  683.95536  2.48%  2197  492s
    95   126  699.84759    7 1631  701.31426  683.95536  2.48%  1978  519s
   127   158  699.84897    8 1631  701.31426  683.95536  2.48%  1649  549s
H  128   158                     701.3142362  683.95536  2.48%  1636  549s
H  129   158                     701.3142325  683.95536  2.48%  1625  549s
H  133   158                     701.3142261  683.95536  2.48%  1591  549s
H  136   158                     701.3115242  683.95536  2.47%  1564  549s
   159   190  699.85467    9 1614  701.31152  683.95536  2.47%  1504  557s
   191   220  700.31740   10 1587  701.31152  683.95536  2.47%  1374  650s
   231   261  701.12213   10 1537  701.31152  683.95536  2.47%  1352  664s
   272   295  700.34066   11 1574  701.31152  683.95536  2.47%  1251  695s
   314   331  700.36099   12 1560  701.31152  683.95536  2.47%  1175  721s
   354   364  700.45877   14 1549  701.31152  683.95536  2.47%  1117  775s
   401   404  700.56930   16 1540  701.31152  683.95536  2.47%  1079  825s
   455   438  701.10777   18 1506  701.31152  683.95536  2.47%  1040  859s
   501   470     cutoff   18       701.31152  683.95536  2.47%  1018  888s
   558   508     cutoff   19       701.31152  683.95536  2.47%   990  907s
   617   541     cutoff   19       701.31152  683.95536  2.47%   966  921s
   670   568  694.72984   14 1603  701.31152  683.95536  2.47%   945  956s
H  677   568                     701.3115241  683.95536  2.47%   944  956s
   703   622  694.89281   15 1581  701.31152  683.95536  2.47%   941  993s
   779   680  694.92264   16 1544  701.31152  683.95536  2.47%   899 1008s
   851   745  695.35615   18 1555  701.31152  683.95536  2.47%   873 1028s
   937   809  695.38243   19 1513  701.31152  683.95536  2.47%   837 1038s
  1017   880  695.44332   22 1490  701.31152  683.95536  2.47%   801 1053s
H 1089   880                     700.2350503  683.95536  2.32%   772 1053s
  1103   943  695.45504   24 1494  700.23505  683.95536  2.32%   769 1080s
  1231  1041  695.67710   28 1433  700.23505  683.95536  2.32%   721 1156s
  1356  1145  696.22045   31 1387  700.23505  683.95536  2.32%   689 1216s
  1489  1267  696.66261   36 1378  700.23505  683.95536  2.32%   658 1266s
  1623  1400  696.74632   38 1364  700.23505  683.95536  2.32%   629 1339s
H 1774  1424                     699.4471128  683.95536  2.21%   601 2273s
H 1775  1424                     699.4437528  683.95536  2.21%   601 2273s
H 1779  1424                     699.4123673  683.95536  2.21%   600 2273s
H 1784  1424                     698.2915502  683.95536  2.05%   600 2273s
H 1798  1424                     698.0789690  683.95536  2.02%   597 2273s
H 1812  1437                     698.0683020  683.95536  2.02%   596 2861s
H 1814  1437                     698.0368218  683.95536  2.02%   596 2861s
  1863  1556     cutoff   42       698.03682  683.95536  2.02%   589 3010s
  2006  1691  697.61254   41 1319  698.03682  683.95536  2.02%   580 3148s
  2165  1871     cutoff   41       698.03682  684.03131  2.01%   568 3267s
  2358  1979  687.34140    7 1407  698.03682  684.03131  2.01%   546 3418s
  2613  2028  684.97465    7 1399  698.03682  684.03131  2.01%   515 3551s
  2901  2029  686.95324   24 1686  698.03682  684.03131  2.01%   482 4103s
  2903  2030  697.71677   33 2202  698.03682  684.03131  2.01%   482 4117s
  2904  2031  695.35764   20 2138  698.03682  684.03131  2.01%   482 4130s
  2906  2032  688.56067   28 1926  698.03682  684.03131  2.01%   481 4136s
H 2906  1930                     698.0368202  684.03131  2.01%   481 4138s
  2908  1932  688.00774   28 1700  698.03682  684.03131  2.01%   481 4140s
  2911  1934  688.06942   25 1600  698.03682  684.03131  2.01%   480 4145s
  2914  1936  689.03305   29 1638  698.03682  684.03131  2.01%   480 4150s
  2917  1938  686.96065   26 1647  698.03682  684.03131  2.01%   479 4155s
H 2917  1841                     698.0368200  684.03131  2.01%   479 4236s
  2919  1842  687.09090   22 1569  698.03682  684.03131  2.01%   479 4242s
  2920  1843  686.63795   17 1566  698.03682  684.03131  2.01%   479 4247s
  2921  1843  696.51760   63 1550  698.03682  684.03131  2.01%   479 4253s
  2922  1844  687.50147   22 1563  698.03682  684.03131  2.01%   479 4272s
  2923  1845  689.88125   34 1533  698.03682  684.04491  2.00%   478 4316s
  2927  1847  697.26685   29 1464  698.03682  684.62111  1.92%   478 4334s
  2928  1848  689.79451   36 1443  698.03682  685.30675  1.82%   478 4364s
  2929  1849  688.56968   23 1489  698.03682  685.35059  1.82%   477 4366s
  2931  1850  693.16533   59 1506  698.03682  685.84621  1.75%   477 4375s
  2932  1851  692.24673   43 1426  698.03682  685.86117  1.74%   477 4395s
  2935  1853  689.33123   40 1450  698.03682  685.86117  1.74%   476 4411s
  2936  1853  691.46886   40 1445  698.03682  685.86117  1.74%   476 4479s
  2937  1854  695.73148   33 1446  698.03682  685.86117  1.74%   476 4483s
  2938  1855  696.71229   21 1446  698.03682  685.86117  1.74%   476 4511s
  2939  1855  693.62229   27 1412  698.03682  685.86117  1.74%   476 4539s
H 2939  1761                     698.0155300  685.86117  1.74%   476 4540s
  2941  1763  695.52814   73 1433  698.01553  685.86117  1.74%   476 4567s
H 2941  1674                     698.0155294  685.86117  1.74%   476 4596s
  2943  1675  686.34316   23 1432  698.01553  685.89408  1.74%   475 4626s
  2944  1676  688.90682   17 1442  698.01553  685.92592  1.73%   475 4648s
  2945  1676  686.16570   11 1442  698.01553  685.92592  1.73%   475 4661s
  2946  1677  694.31126   48 1442  698.01553  685.92592  1.73%   475 4797s
  2947  1681  685.92592   14 1398  698.01553  685.92592  1.73%   491 5095s
  2949  1684  685.92592   15 1434  698.01553  685.92592  1.73%   492 5603s
  2953  1691  685.92592   16 1444  698.01553  685.92592  1.73%   493 5666s
  2961  1704  687.32709   17 1440  698.01553  685.92592  1.73%   497 5724s
  2977  1729  694.33855   18 1447  698.01553  685.92592  1.73%   504 5792s
  3009  1744     cutoff   19       698.01553  685.92592  1.73%   524 5854s
  3041  1765  688.98813   20 1333  698.01553  685.92592  1.73%   542 5910s
  3073  1785  689.03800   21 1316  698.01553  685.92592  1.73%   558 5976s
  3105  1802  689.21419   22 1301  698.01553  685.92592  1.73%   567 6983s
  3137  1837  689.28752   23 1299  698.01553  685.92592  1.73%   572 7043s
  3191  1858  693.36782   25 1300  698.01553  685.92592  1.73%   581 7092s
  3243  1877  693.93784   26 1290  698.01553  685.92592  1.73%   584 7129s
  3297  1881  694.28864   28 1309  698.01553  685.92592  1.73%   587 7155s
  3356  1895  696.20159   29 1317  698.01553  685.92592  1.73%   592 7180s
  3424  1907  696.28943   31 1317  698.01553  685.92592  1.73%   594 7194s
  3488  1924  696.55146   33 1315  698.01553  685.92592  1.73%   595 7213s
  3553  1926  697.37571   36 1322  698.01553  685.92592  1.73%   599 7251s
  3590  1977     cutoff   37       698.01553  685.92592  1.73%   602 7349s
  3682  1947  697.12905   27 1333  698.01553  685.92592  1.73%   600 7350s
  3686  2008     cutoff   36       698.01553  685.92592  1.73%   602 7390s
  3801  2005  692.89863   28 1341  698.01553  685.92592  1.73%   596 7449s
  3917  2023  693.56523   29 1345  698.01553  685.92592  1.73%   592 7510s
  4026  2036  694.37585   33 1324  698.01553  685.92592  1.73%   588 7609s
  4115  2080  694.64660   34 1338  698.01553  685.92592  1.73%   589 7703s
  4224  2123  694.82799   34 1331  698.01553  685.92592  1.73%   586 7751s
  4346  2161  696.66006   38 1325  698.01553  685.92592  1.73%   584 7809s
  4490  2172  696.67898   41 1291  698.01553  685.92592  1.73%   580 7862s
  4607  2206  697.20620   43 1325  698.01553  685.92592  1.73%   579 7949s
  4753  2251  693.70806   20 1258  698.01553  685.92592  1.73%   576 8041s
  4906  2262  694.59929   21 1226  698.01553  685.92592  1.73%   570 8147s
  5063  2261  695.96749   23 1318  698.01553  685.92592  1.73%   566 8295s
  5233  2256  697.62904   26 1312  698.01553  685.92592  1.73%   563 8454s
  5375  2324     cutoff   26       698.01553  686.80199  1.61%   563 8626s
  5513  2398  694.67022   20 1278  698.01553  686.80199  1.61%   564 8767s
  5661  2424  695.56018   21 1255  698.01553  686.80199  1.61%   562 8875s
  5766  2533  697.33959   23 1327  698.01553  686.80199  1.61%   560 8922s
  5987  2581     cutoff   25       698.01553  687.46081  1.51%   552 8980s
  6253  2652  690.96217   21 1325  698.01553  687.46081  1.51%   544 9009s
  6530  2727  692.14276   22 1329  698.01553  687.46081  1.51%   534 9040s
  6798  2692 infeasible   24       698.01553  687.46081  1.51%   527 9570s
  6898  2726  694.64897   22 1310  698.01553  687.46081  1.51%   529 9766s
  7019  2802 infeasible   23       698.01553  687.55594  1.50%   528 9831s
  7270  2859     cutoff   39       698.01553  688.69398  1.34%   525 9960s
  7574  2915  694.26793   24 1332  698.01553  688.69398  1.34%   521 10160s
  7847  3018  695.94331   27 1266  698.01553  688.69398  1.34%   518 10366s
  8171  3145     cutoff   32       698.01553  689.40427  1.23%   514 11190s
  8538  3271  692.39567   28 1350  698.01553  689.40427  1.23%   508 11327s
  8788  3430  695.35085   33 1266  698.01553  689.80627  1.18%   504 11618s
  9165  3562  694.73403   23 1353  698.01553  689.80627  1.18%   499 11749s
  9593  3637  697.90480   28 1272  698.01553  690.12269  1.13%   493 12080s
  9877  3805  695.61794   25 1336  698.01553  690.12269  1.13%   494 12227s
 10337  3973     cutoff   28       698.01553  690.12269  1.13%   490 12312s
 10830  4274     cutoff   26       698.01553  690.42142  1.09%   484 12418s
 11404  4653  695.62445   37 1262  698.01553  690.90891  1.02%   476 12586s
 12059  4905  697.17880   35 1257  698.01553  690.95519  1.01%   467 12865s

Cutting planes:
  Learned: 12
  Gomory: 27
  Cover: 69
  Implied bound: 54
  Projected implied bound: 267
  MIR: 520
  StrongCG: 1
  Flow cover: 3231
  GUB cover: 3
  Zero half: 7
  RLT: 1356
  Relax-and-lift: 168

Explored 12565 nodes (5853595 simplex iterations) in 12866.17 seconds
Thread count was 32 (of 32 available processors)

Solution count 10: 698.016 698.037 698.037 ... 700.235

Optimal solution found (tolerance 1.00e-02)
Warning: max constraint violation (8.4576e-06) exceeds tolerance
Best objective 6.980155294215e+02, best bound 6.911655829427e+02, gap 0.9813%

Gurobi 9.1.0 (linux64) logging started Thu Aug 19 21:06:41 2021

Changed value of parameter LogFile to eab_parasitoid_0_1_0.8_bud.log
   Prev:   Default: 
Changed value of parameter MIPGap to 0.01
   Prev: 0.0001  Min: 0.0  Max: inf  Default: 0.0001
Changed value of parameter Method to 2
   Prev: -1  Min: -1  Max: 5  Default: -1
Changed value of parameter MIPFocus to 2
   Prev: 0  Min: 0  Max: 3  Default: 0
Changed value of parameter RINS to 100
   Prev: -1  Min: -1  Max: 2000000000  Default: -1
Changed value of parameter SolutionLimit to 1
   Prev: 2000000000  Min: 1  Max: 2000000000  Default: 2000000000
Gurobi Optimizer version 9.1.0 build v9.1.0rc0 (linux64)
Thread count: 32 physical cores, 32 logical processors, using up to 32 threads
Optimize a model with 203396 rows, 134935 columns and 685039 nonzeros
Model fingerprint: 0x9e7c4875
Variable types: 55779 continuous, 79156 integer (79156 binary)
Coefficient statistics:
  Matrix range     [2e-04, 1e+06]
  Objective range  [1e-06, 1e-01]
  Bounds range     [1e+00, 6e+03]
  RHS range        [1e-04, 1e+06]

User MIP start produced solution with objective 698.956 (5.50s)
User MIP start produced solution with objective 698.016 (5.70s)
Loaded user MIP start with objective 698.016
Processed MIP start in 5.73 seconds


Explored 0 nodes (0 simplex iterations) in 5.76 seconds
Thread count was 1 (of 32 available processors)

Solution count 3: 698.016 

Solution limit reached
Best objective 6.980155292714e+02, best bound -, gap -
