
Gurobi 9.1.0 (linux64) logging started Thu Aug 19 01:32:48 2021

Changed value of parameter LogFile to eab_parasitoid0_1_0.4_bud_area.log
   Prev:   Default: 
Changed value of parameter MIPGap to 0.01
   Prev: 0.0001  Min: 0.0  Max: inf  Default: 0.0001
Changed value of parameter Method to 2
   Prev: -1  Min: -1  Max: 5  Default: -1
Changed value of parameter MIPFocus to 2
   Prev: 0  Min: 0  Max: 3  Default: 0
Changed value of parameter RINS to 100
   Prev: -1  Min: -1  Max: 2000000000  Default: -1
Gurobi Optimizer version 9.1.0 build v9.1.0rc0 (linux64)
Thread count: 32 physical cores, 32 logical processors, using up to 32 threads
Optimize a model with 203396 rows, 134935 columns and 685039 nonzeros
Model fingerprint: 0x78b6ce1a
Variable types: 55779 continuous, 79156 integer (79156 binary)
Coefficient statistics:
  Matrix range     [2e-04, 1e+06]
  Objective range  [1e+00, 1e+00]
  Bounds range     [1e+00, 6e+03]
  RHS range        [1e-04, 1e+06]
Presolve removed 194099 rows and 127507 columns (presolve time = 5s) ...
Presolve removed 198074 rows and 130365 columns
Presolve time: 6.24s
Presolved: 5322 rows, 4570 columns, 73744 nonzeros
Variable types: 1881 continuous, 2689 integer (2689 binary)
Presolve removed 16 rows and 9 columns
Presolved: 5306 rows, 4561 columns, 73243 nonzeros

Root barrier log...

Ordering time: 0.33s

Barrier statistics:
 Dense cols : 93
 AA' NZ     : 2.583e+05
 Factor NZ  : 1.103e+06 (roughly 13 MBytes of memory)
 Factor Ops : 6.361e+08 (less than 1 second per iteration)
 Threads    : 31

                  Objective                Residual
Iter       Primal          Dual         Primal    Dual     Compl     Time
   0   6.20692282e+03 -3.55031003e+05  3.24e+03 7.74e-01  6.95e+02     8s
   1   2.86560239e+03 -3.99884879e+05  1.16e+03 1.09e+01  2.50e+02     8s
   2   1.05872565e+03 -2.94270782e+05  6.47e+01 7.39e-13  3.08e+01     8s
   3   9.94467997e+02 -7.93316074e+04  2.17e+01 1.25e-12  6.87e+00     8s
   4   9.62800727e+02 -8.21878639e+03  6.59e-05 1.25e-13  6.50e-01     8s
   5   9.18536583e+02 -1.40417856e+03  6.69e-08 3.31e-14  1.64e-01     8s
   6   8.60096327e+02 -2.31423710e+02  2.09e-08 1.51e-14  7.72e-02     9s
   7   8.24255122e+02  2.29368778e+02  4.97e-09 7.33e-15  4.21e-02     9s
   8   8.11960555e+02  5.53296875e+02  2.76e-09 4.00e-15  1.83e-02     9s
   9   7.98805012e+02  6.85510087e+02  1.00e-09 1.55e-15  8.02e-03     9s
  10   7.95002081e+02  7.64649220e+02  4.54e-10 1.42e-14  2.15e-03     9s
  11   7.92867045e+02  7.77552122e+02  2.13e-10 1.42e-14  1.08e-03     9s
  12   7.92216073e+02  7.85480569e+02  1.35e-10 8.88e-16  4.77e-04    10s
  13   7.91765709e+02  7.88586307e+02  8.35e-11 8.88e-16  2.25e-04    10s
  14   7.91538307e+02  7.90188734e+02  5.53e-11 8.88e-16  9.55e-05    10s
  15   7.91247375e+02  7.90949416e+02  7.42e-12 1.42e-14  2.11e-05    10s
  16   7.91225369e+02  7.91056587e+02  4.50e-12 8.88e-16  1.19e-05    10s
  17   7.91199192e+02  7.91148455e+02  1.08e-12 1.42e-14  3.59e-06    10s
  18   7.91198377e+02  7.91170088e+02  1.42e-12 4.44e-16  2.00e-06    10s
  19   7.91192697e+02  7.91191682e+02  1.36e-11 1.42e-14  7.18e-08    11s
  20   7.91192576e+02  7.91192574e+02  1.28e-11 8.88e-16  1.19e-10    11s
  21   7.91192576e+02  7.91192576e+02  4.50e-12 8.88e-16  1.19e-13    11s

Barrier solved model in 21 iterations and 10.91 seconds
Optimal objective 7.91192576e+02


Root crossover log...

     118 DPushes remaining with DInf 0.0000000e+00                11s
       0 DPushes remaining with DInf 0.0000000e+00                11s

    3992 PPushes remaining with PInf 0.0000000e+00                11s
       0 PPushes remaining with PInf 0.0000000e+00                11s

  Push phase complete: Pinf 0.0000000e+00, Dinf 0.0000000e+00     11s


Root simplex log...

Iteration    Objective       Primal Inf.    Dual Inf.      Time
    4008    7.9119258e+02   0.000000e+00   0.000000e+00     11s
    4008    7.9119258e+02   0.000000e+00   0.000000e+00     11s

Root relaxation: objective 7.911926e+02, 4008 iterations, 4.57 seconds

    Nodes    |    Current Node    |     Objective Bounds      |     Work
 Expl Unexpl |  Obj  Depth IntInf | Incumbent    BestBd   Gap | It/Node Time

     0     0  791.19258    0  180          -  791.19258      -     -   13s
     0     0  791.23156    0  588          -  791.23156      -     -   17s
     0     0  791.23164    0  557          -  791.23164      -     -   18s
     0     0  791.47782    0  721          -  791.47782      -     -   23s
     0     0  791.56441    0  743          -  791.56441      -     -   24s
     0     0  791.57441    0  753          -  791.57441      -     -   24s
     0     0  791.57611    0  753          -  791.57611      -     -   25s
     0     0  791.57619    0  743          -  791.57619      -     -   25s
     0     0  792.45280    0  724          -  792.45280      -     -   26s
     0     0  792.45280    0  718          -  792.45280      -     -   27s
     0     0  792.45280    0  724          -  792.45280      -     -   27s
     0     0  792.45280    0  729          -  792.45280      -     -   27s
     0     0  792.45280    0  731          -  792.45280      -     -   27s
     0     0  792.45280    0  732          -  792.45280      -     -   27s
     0     0  792.63669    0  682          -  792.63669      -     -   29s
     0     0  792.63669    0  695          -  792.63669      -     -   29s
     0     0  792.63669    0  695          -  792.63669      -     -   29s
     0     0  792.63669    0  701          -  792.63669      -     -   30s
     0     0  792.63669    0  701          -  792.63669      -     -   30s
     0     0  793.46325    0  728          -  793.46325      -     -   34s
     0     0  793.46325    0  730          -  793.46325      -     -   37s
     0     0  793.46325    0  739          -  793.46325      -     -   38s
     0     0  793.46325    0  746          -  793.46325      -     -   38s
     0     0  793.46325    0  741          -  793.46325      -     -   39s
     0     0  793.46325    0  740          -  793.46325      -     -   46s
     0     0  793.46325    0  765          -  793.46325      -     -   48s
     0     0  793.46325    0  789          -  793.46325      -     -   49s
     0     0  793.46325    0  799          -  793.46325      -     -   49s
     0     0  793.46325    0  800          -  793.46325      -     -   50s
     0     0  793.46325    0  782          -  793.46325      -     -   56s
     0     0  793.46325    0  796          -  793.46325      -     -   58s
     0     0  793.46325    0  806          -  793.46325      -     -   59s
     0     0  793.46325    0  805          -  793.46325      -     -   59s
H    0     0                     884.2549424  793.46325  10.3%     -   61s
     0     0  793.46325    0  806  884.25494  793.46325  10.3%     -   62s
     0     0  793.46325    0  816  884.25494  793.46325  10.3%     -   63s
H    0     0                     882.1725194  793.46325  10.1%     -   63s
     0     0  793.46325    0  825  882.17252  793.46325  10.1%     -   64s
     0     0  793.49016    0  787  882.17252  793.49016  10.1%     -   66s
     0     0  793.49614    0  799  882.17252  793.49614  10.1%     -   67s
     0     0  793.49739    0  795  882.17252  793.49739  10.1%     -   68s
     0     0  793.52086    0  799  882.17252  793.52086  10.0%     -   71s
     0     0  793.52728    0  800  882.17252  793.52728  10.0%     -   72s
     0     0  793.52861    0  796  882.17252  793.52861  10.0%     -   73s
     0     0  793.57809    0  791  882.17252  793.57809  10.0%     -   76s
     0     0  793.58821    0  805  882.17252  793.58821  10.0%     -   77s
     0     0  793.58919    0  807  882.17252  793.58919  10.0%     -   77s
     0     0  793.59953    0  806  882.17252  793.59953  10.0%     -   80s
     0     0  793.60359    0  806  882.17252  793.60359  10.0%     -   81s
     0     0  793.60440    0  809  882.17252  793.60440  10.0%     -   81s
     0     0  793.61087    0  800  882.17252  793.61087  10.0%     -   84s
     0     0  793.61087    0  779  882.17252  793.61087  10.0%     -   87s
     0     2  793.61087    0  778  882.17252  793.61087  10.0%     -   92s
     3     2  794.56573    2  737  882.17252  793.73002  10.0%  1304  117s
     5     2 infeasible    3       882.17252  794.57237  9.93%  4343  120s
     7     2  796.37145    4  684  882.17252  795.58038  9.82%  3752  155s
     9     2 infeasible    5       882.17252  796.37145  9.73%  4621  168s
    11     2  798.32538    6  662  882.17252  797.40887  9.61%  4199  172s
    13     4  798.79347    7  641  882.17252  798.32538  9.50%  3892  175s
    15     4 infeasible    8       882.17252  798.80718  9.45%  3613  185s
    23     4 infeasible   10       882.17252  800.40136  9.27%  2888  215s
    27     4  802.34594   11  636  882.17252  801.33622  9.16%  3340  237s
    31     4 infeasible   12       882.17252  802.38316  9.04%  3284  340s
    35     4  804.19344   13  637  882.17252  803.23889  8.95%  3156  384s
    39     4 infeasible   14       882.17252  804.19344  8.84%  3056  402s
    43     4  806.26757   15  595  882.17252  805.22136  8.72%  3154  467s
    47     6 infeasible   16       882.17252  806.26757  8.60%  3331  478s
    51    10  808.30366   17  589  882.17252  807.28882  8.49%  3417  485s
    57    18  808.99837   18  678  882.17252  807.97825  8.41%  3428  536s
    67    30  809.80774   19  675  882.17252  808.41973  8.36%  3407  555s
    85    54  810.18090   20  664  882.17252  808.53438  8.35%  3384  604s
H  115    80                     879.0077897  808.99115  7.97%  2984  637s
H  116    80                     876.9668352  808.99115  7.75%  2972  637s
H  132    80                     875.8627082  809.38747  7.59%  3086  637s
   147    94  812.34562   22  648  875.86271  809.38747  7.59%  3121  700s
H  179   114                     861.1420212  809.40790  6.01%  3054  855s
H  185   114                     859.9457941  809.40790  5.88%  3051  855s
   213   141 infeasible   24       859.94579  809.72592  5.84%  2788  945s
   254   163 infeasible   23       859.94579  809.72592  5.84%  2834 1260s
H  256   163                     851.4739620  809.72592  4.90%  2825 1260s
H  257   163                     847.3706155  809.72592  4.44%  2816 1260s
H  267   163                     844.1361120  809.72592  4.08%  2799 1260s
   286   198  811.54108   25  379  844.13611  809.72592  4.08%  2787 1350s
   333   221  811.54108   27  319  844.13611  809.74099  4.07%  2644 1481s
   378   262  811.54108   28  306  844.13611  810.14119  4.03%  2784 1712s
   433   281  811.54108   30  296  844.13611  810.14119  4.03%  2639 2034s
H  434   281                     843.0548181  810.14119  3.90%  2633 2034s
H  438   281                     841.9790076  810.14119  3.78%  2624 2034s
H  444   281                     837.8462613  810.14119  3.31%  2624 2034s
H  466   300                     836.8063388  810.14119  3.19%  2637 2789s
H  474   300                     835.7904638  810.14119  3.07%  2638 2789s
   499   321  811.54108   32  294  835.79046  810.14119  3.07%  2607 3029s
   535   394  811.54108   33  293  835.79046  810.37068  3.04%  2564 3258s
   628   459  811.54108   37  316  835.79046  810.37068  3.04%  2420 3504s
   721   533  811.54108   41  298  835.79046  810.37068  3.04%  2293 3597s
   823   612  811.54108   46  294  835.79046  810.37068  3.04%  2203 3789s
   928   696  811.54108   52  290  835.79046  810.37068  3.04%  2180 4222s
  1038   795  811.54108   58  259  835.79046  810.37068  3.04%  2166 4423s
  1157   903  811.54108   65  269  835.79046  810.37068  3.04%  2157 4779s
  1302  1083  811.54108   73  269  835.79046  810.37068  3.04%  2109 5206s
H 1418  1083                     834.7626225  810.37068  2.92%  2038 5207s
  1524  1298  811.54591   85  391  834.76262  810.37068  2.92%  1965 5442s
  1802  1589  812.63599   97  333  834.76262  810.37068  2.92%  1804 5539s
  2135  1954  812.63599  114  341  834.76262  810.37068  2.92%  1657 5725s
  2545  2351 infeasible  132       834.76262  810.37068  2.92%  1538 6034s
  3035  2352  818.97556   61  779  834.76262  810.37068  2.92%  1425 6255s
  3037  2353  812.63599  109  224  834.76262  810.37068  2.92%  1425 6269s
  3038  2354  816.67425   27  506  834.76262  810.37068  2.92%  1424 6280s
  3042  2357  810.43211   54  633  834.76262  810.37068  2.92%  1422 6304s
  3043  2357  810.46505   73  631  834.76262  810.37068  2.92%  1422 6315s
  3044  2358  813.59183  117  653  834.76262  810.37068  2.92%  1421 6347s
  3045  2359  810.50909   24  652  834.76262  810.37068  2.92%  1421 6362s
  3046  2359  812.67911  103  652  834.76262  810.37068  2.92%  1420 6396s
  3047  2361 infeasible   13       834.76262  810.37068  2.92%  1428 6438s
  3049  2362  810.37068   14  688  834.76262  810.37068  2.92%  1428 6469s
  3051  2364 infeasible   15       834.76262  810.37068  2.92%  1429 6498s
  3055  2364  810.37068   16  692  834.76262  810.37068  2.92%  1429 6566s
  3061  2358 infeasible   17       834.76262  810.37068  2.92%  1434 6585s
  3069  2358  810.37068   18  662  834.76262  810.37068  2.92%  1440 6608s
  3073  2362  810.37068   19  658  834.76262  810.37068  2.92%  1441 6625s
  3079  2360 infeasible   20       834.76262  810.37068  2.92%  1441 6666s
  3091  2356  810.37068   21  662  834.76262  810.37068  2.92%  1444 6736s
  3103  2354 infeasible   22       834.76262  810.37068  2.92%  1446 6789s
H 3105  2235                     832.6608656  810.37068  2.68%  1446 6789s
  3115  2237  810.37068   23  617  832.66087  810.37068  2.68%  1453 6862s
H 3127  2121                     831.5647905  810.37068  2.55%  1451 6862s
  3129  2133 infeasible   24       831.56479  810.37068  2.55%  1451 6876s
  3149  2158  810.37068   25  606  831.56479  810.37068  2.55%  1445 6884s
  3181  2179  810.37068   26  582  831.56479  810.37068  2.55%  1433 6935s
  3213  2213  810.37068   27  613  831.56479  810.37068  2.55%  1422 6947s
  3259  2225  810.37068   28  590  831.56479  810.37068  2.55%  1412 7107s
H 3264  2117                     830.5080475  810.37068  2.42%  1418 7107s
  3293  2144  810.37068   29  604  830.50805  810.37068  2.42%  1415 7296s
  3340  2178  810.37068   30  601  830.50805  810.37068  2.42%  1419 7356s
  3394  2215  810.37068   32  593  830.50805  810.37068  2.42%  1405 7412s
  3453  2246  810.37068   35  585  830.50805  810.37068  2.42%  1394 7521s
  3509  2259  810.37068   37  562  830.50805  810.37068  2.42%  1390 7559s
  3541  2303  810.37068   38  564  830.50805  810.37068  2.42%  1387 7604s
  3598  2350  810.37068   40  592  830.50805  810.37068  2.42%  1382 7661s
  3670  2403  810.37068   42  563  830.50805  810.37068  2.42%  1371 7712s
  3753  2453  810.61505   46  563  830.50805  810.37068  2.42%  1365 7734s
  3848  2496  812.62801   49  548  830.50805  810.37068  2.42%  1356 7751s
  3937  2546  812.62931   52  525  830.50805  810.37068  2.42%  1346 7771s
  4035  2588  814.00104   55  583  830.50805  810.37068  2.42%  1340 7808s
  4121  2674  815.11300   56  598  830.50805  810.37068  2.42%  1335 7857s
  4238  2635 infeasible   59       830.50805  810.37068  2.42%  1324 7916s
  4302  2651 infeasible   59       830.50805  810.37068  2.42%  1345 7973s
H 4347  2535                     829.4368281  810.37068  2.30%  1344 7973s
  4401  2581  816.11773   56  536  829.43683  810.37068  2.30%  1345 8104s
  4498  2612  819.06560   61  493  829.43683  810.37068  2.30%  1358 8197s
  4584  2664  820.48278   64  414  829.43683  810.37068  2.30%  1362 8342s
  4684  2757  821.16119   66  431  829.43683  810.37068  2.30%  1379 8435s
  4849  2809  822.18653   77  525  829.43683  810.37068  2.30%  1374 8479s
  4986  2908  823.12096   78  505  829.43683  810.37068  2.30%  1382 8507s
  5166  2984 infeasible   87       829.43683  810.37068  2.30%  1371 8542s
  5345  3091 infeasible   88       829.43683  810.37068  2.30%  1372 8615s
  5569  3085 infeasible   90       829.43683  810.37068  2.30%  1365 8665s
  5692  3111  postponed   90       829.43683  810.37068  2.30%  1365 8774s
H 5739  3000                     828.4074099  810.37068  2.18%  1365 8774s
  5795  3077 infeasible   91       828.40741  810.37068  2.18%  1374 8944s
H 5906  2948                     827.3524154  810.37068  2.05%  1374 8944s
  5939  3139     cutoff   91       827.35242  810.37068  2.05%  1379 9169s
  6177  3281  810.37068   32  569  827.35242  810.37068  2.05%  1368 9297s
  6441  3452  810.54814   36  516  827.35242  810.37068  2.05%  1355 9462s
  6748  3635  811.57079   41  447  827.35242  810.37068  2.05%  1340 9543s
  7109  3797  811.57079   42  447  827.35242  810.37068  2.05%  1311 9582s
  7464  4045  811.57079   44  413  827.35242  810.37068  2.05%  1287 9618s
  7889  4106  811.57330   50  567  827.35242  810.37068  2.05%  1257 9649s
  8125  4323  811.58249   51  561  827.35242  810.37068  2.05%  1249 9675s
  8477  4563  812.61056   52  446  827.35242  810.37068  2.05%  1234 9790s
  8839  4825  812.62621   58  539  827.35242  810.37068  2.05%  1222 9965s
  9208  5094  813.66468   64  467  827.35242  810.37068  2.05%  1221 10058s
  9550  5408  813.66468   69  451  827.35242  810.37068  2.05%  1219 10121s
  9992  5426  813.66468   86  362  827.35242  810.37068  2.05%  1205 10185s
H 9998  5426                     827.3114402  810.37068  2.05%  1204 10185s
H10002  5316                     826.2598194  810.37068  1.92%  1205 10185s
H10020  4995                     825.2154212  810.37068  1.80%  1207 10185s
 10037  5157  813.66468   87  391  825.21542  810.37068  1.80%  1210 10243s
 10250  5374  813.70390   90  514  825.21542  810.37068  1.80%  1212 10362s
 10534  5677  813.66468   88  384  825.21542  810.37068  1.80%  1219 10657s
 10937  5912 infeasible   91       825.21542  810.37068  1.80%  1222 10848s
 11284  6168  814.76559   92  480  825.21542  810.37068  1.80%  1234 10971s
 11622  6479  815.78617   94  427  825.21542  810.37068  1.80%  1241 11154s
 12031  6728  815.78617  108  392  825.21542  810.37068  1.80%  1247 11495s
 12403  7051  815.79903  109  439  825.21542  810.37068  1.80%  1246 11826s
 12863  7410  817.83625  120  400  825.21542  810.37068  1.80%  1251 12063s
 13346  7705  817.88752  124  428  825.21542  810.37068  1.80%  1252 12165s
 13757  8030 infeasible  125       825.21542  810.37068  1.80%  1258 12237s
 14260  8489 infeasible  130       825.21542  810.37068  1.80%  1258 12399s
 14782  8869  812.63055   45  485  825.21542  810.37068  1.80%  1258 12682s
H15090  8121                     823.1429882  810.37068  1.55%  1259 12682s
 15272  8339  814.76036   56  364  823.14299  810.37068  1.55%  1260 12876s
H15425  7818                     822.0808489  810.37068  1.42%  1260 12876s
 15712  8169  815.77867   75  354  822.08085  810.37068  1.42%  1264 13203s
 16204  8745  postponed   88       822.08085  810.37068  1.42%  1278 13360s
 16933  9391     cutoff   89       822.08085  810.37068  1.42%  1274 13572s
 17716 10006     cutoff   91       822.08085  810.37068  1.42%  1263 13988s
 18601 10519     cutoff   92       822.08085  810.37068  1.42%  1252 14324s
 19324 10902  810.37068   29  586  822.08085  810.37068  1.42%  1257 14533s
 19897 10992  811.57557   39  505  822.08085  810.37068  1.42%  1271 14748s
H20064  6907                     817.8809324  810.37068  0.92%  1276 14748s

Cutting planes:
  Learned: 18
  Gomory: 60
  Cover: 151
  Implied bound: 84
  Projected implied bound: 31
  Clique: 13
  MIR: 521
  StrongCG: 4
  Flow cover: 2703
  GUB cover: 2
  Inf proof: 1
  Zero half: 29
  RLT: 1528
  Relax-and-lift: 225

Explored 20086 nodes (25712842 simplex iterations) in 14748.75 seconds
Thread count was 32 (of 32 available processors)

Solution count 10: 817.881 822.081 823.143 ... 830.508

Optimal solution found (tolerance 1.00e-02)
Best objective 8.178809323857e+02, best bound 8.103706792343e+02, gap 0.9183%
