
Gurobi 9.1.0 (linux64) logging started Mon Aug  2 23:11:07 2021

Changed value of parameter LogFile to eab_parasitoid_0_0_0.2_bud.log
   Prev:   Default: 
Changed value of parameter MIPGap to 0.01
   Prev: 0.0001  Min: 0.0  Max: inf  Default: 0.0001
Changed value of parameter Method to 2
   Prev: -1  Min: -1  Max: 5  Default: -1
Changed value of parameter MIPFocus to 2
   Prev: 0  Min: 0  Max: 3  Default: 0
Changed value of parameter RINS to 100
   Prev: -1  Min: -1  Max: 2000000000  Default: -1
Gurobi Optimizer version 9.1.0 build v9.1.0rc0 (linux64)
Thread count: 32 physical cores, 32 logical processors, using up to 32 threads
Optimize a model with 203396 rows, 134935 columns and 685039 nonzeros
Model fingerprint: 0xc5a07ccd
Variable types: 55779 continuous, 79156 integer (79156 binary)
Coefficient statistics:
  Matrix range     [2e-04, 1e+06]
  Objective range  [1e-06, 1e-01]
  Bounds range     [1e+00, 6e+03]
  RHS range        [1e-04, 1e+06]
Presolve removed 193186 rows and 126703 columns
Presolve time: 4.50s
Presolved: 10210 rows, 8232 columns, 135193 nonzeros
Variable types: 3414 continuous, 4818 integer (4814 binary)
Presolve removed 10 rows and 9 columns
Presolved: 10200 rows, 8223 columns, 135169 nonzeros

Root barrier log...

Ordering time: 0.24s

Barrier statistics:
 Dense cols : 145
 AA' NZ     : 5.858e+05
 Factor NZ  : 2.816e+06 (roughly 30 MBytes of memory)
 Factor Ops : 2.415e+09 (less than 1 second per iteration)
 Threads    : 31

                  Objective                Residual
Iter       Primal          Dual         Primal    Dual     Compl     Time
   0   2.25941568e+03 -9.77125220e+03  3.82e+04 1.38e-01  3.81e+01     5s
   1   1.79004684e+03 -1.13260685e+04  2.65e+04 2.45e-01  2.53e+01     5s
   2   9.07700229e+02 -1.10811212e+04  3.74e+03 3.32e-02  4.12e+00     5s
   3   7.37369979e+02 -7.21382316e+03  4.93e+02 3.62e-13  7.29e-01     5s
   4   6.85990947e+02 -2.68598641e+03  2.16e+02 1.76e-13  2.42e-01     5s
   5   6.44903885e+02 -6.44042023e+02  6.52e+01 2.55e-15  6.81e-02     6s
   6   6.28320221e+02 -8.01434721e+01  2.03e+01 4.44e-15  3.12e-02     6s
   7   6.19953202e+02  2.74334892e+02  4.13e+00 5.77e-15  1.37e-02     6s
   8   6.15289313e+02  5.15394650e+02  1.05e+00 3.55e-15  3.88e-03     6s
   9   6.12574404e+02  5.76560302e+02  3.42e-01 1.33e-15  1.39e-03     6s
  10   6.10936802e+02  5.85822657e+02  1.43e-01 8.33e-16  9.62e-04     6s
  11   6.10348567e+02  6.00854118e+02  8.04e-02 8.88e-15  3.64e-04     6s
  12   6.09568795e+02  6.04904945e+02  2.69e-02 6.22e-15  1.78e-04     6s
  13   6.09085375e+02  6.06877390e+02  1.61e-04 1.33e-15  8.44e-05     6s
  14   6.08660121e+02  6.07457239e+02  5.14e-05 8.88e-16  4.59e-05     6s
  15   6.08562859e+02  6.07929471e+02  3.39e-05 2.66e-15  2.42e-05     6s
  16   6.08515548e+02  6.08041810e+02  2.51e-05 8.88e-16  1.81e-05     6s
  17   6.08495339e+02  6.08124438e+02  2.14e-05 3.55e-15  1.42e-05     6s
  18   6.08456608e+02  6.08197827e+02  1.46e-05 1.67e-16  9.88e-06     6s
  19   6.08414027e+02  6.08248457e+02  7.14e-06 4.44e-15  6.32e-06     6s
  20   6.08397562e+02  6.08318480e+02  4.10e-06 2.33e-16  3.02e-06     6s
  21   6.08386319e+02  6.08344189e+02  1.92e-06 1.11e-16  1.61e-06     7s
  22   6.08383472e+02  6.08352890e+02  1.38e-06 1.11e-16  1.17e-06     7s
  23   6.08381324e+02  6.08358272e+02  9.64e-07 2.66e-15  8.79e-07     7s
  24   6.08380790e+02  6.08360351e+02  8.64e-07 7.77e-16  7.80e-07     7s
  25   6.08379277e+02  6.08364445e+02  5.76e-07 8.88e-16  5.66e-07     7s
  26   6.08378349e+02  6.08368362e+02  3.98e-07 8.88e-15  3.81e-07     7s
  27   6.08377316e+02  6.08372031e+02  2.14e-07 1.78e-15  2.02e-07     7s
  28   6.08376801e+02  6.08373701e+02  1.22e-07 2.22e-16  1.18e-07     7s
  29   6.08376628e+02  6.08374272e+02  9.26e-08 1.78e-15  8.99e-08     7s
  30   6.08376500e+02  6.08374849e+02  7.21e-08 3.27e-16  6.30e-08     7s
  31   6.08376280e+02  6.08375348e+02  3.75e-08 4.44e-16  3.56e-08     7s
  32   6.08376170e+02  6.08375670e+02  2.02e-08 7.99e-15  1.91e-08     7s
  33   6.08376079e+02  6.08375922e+02  6.41e-09 3.76e-16  5.98e-09     7s
  34   6.08376048e+02  6.08375975e+02  2.09e-09 7.09e-16  2.81e-09     7s
  35   6.08376040e+02  6.08376008e+02  9.27e-10 2.22e-16  1.24e-09     7s
  36   6.08376037e+02  6.08376020e+02  4.55e-10 1.11e-16  6.26e-10     7s
  37   6.08376035e+02  6.08376028e+02  1.91e-10 1.89e-15  2.49e-10     7s
  38   6.08376034e+02  6.08376030e+02  1.10e-10 1.78e-15  1.42e-10     8s
  39   6.08376033e+02  6.08376032e+02  1.64e-11 8.11e-15  4.54e-11     8s

Barrier solved model in 39 iterations and 7.60 seconds
Optimal objective 6.08376033e+02


Root crossover log...

     643 DPushes remaining with DInf 0.0000000e+00                 8s
       0 DPushes remaining with DInf 0.0000000e+00                 8s

    4029 PPushes remaining with PInf 0.0000000e+00                 8s
       0 PPushes remaining with PInf 0.0000000e+00                 8s

  Push phase complete: Pinf 0.0000000e+00, Dinf 7.6111507e-04      8s


Root simplex log...

Iteration    Objective       Primal Inf.    Dual Inf.      Time
    4451    6.0837603e+02   0.000000e+00   7.611151e-04      8s
    4469    6.0837603e+02   0.000000e+00   0.000000e+00      8s
    4469    6.0837603e+02   0.000000e+00   0.000000e+00      8s

Root relaxation: objective 6.083760e+02, 4469 iterations, 3.07 seconds

    Nodes    |    Current Node    |     Objective Bounds      |     Work
 Expl Unexpl |  Obj  Depth IntInf | Incumbent    BestBd   Gap | It/Node Time

     0     0  608.37984    0 2384          -  608.37984      -     -    8s
     0     0  673.13803    0 2219          -  673.13803      -     -   13s
     0     0  673.77479    0 2063          -  673.77479      -     -   16s
     0     0  673.86524    0 2051          -  673.86524      -     -   18s
     0     0  673.86778    0 2048          -  673.86778      -     -   18s
     0     0  679.01049    0 2061          -  679.01049      -     -   23s
     0     0  682.44574    0 2050          -  682.44574      -     -   28s
     0     0  682.62384    0 1983          -  682.62384      -     -   31s
     0     0  684.11542    0 1973          -  684.11542      -     -   35s
     0     0  684.11542    0 1959          -  684.11542      -     -   36s
     0     0  701.97895    0 1989          -  701.97895      -     -   48s
     0     0  702.09668    0 1976          -  702.09668      -     -   58s
     0     0  702.14223    0 1970          -  702.14223      -     -   70s
     0     0  713.68159    0 1952          -  713.68159      -     -  105s
     0     0  713.74247    0 1955          -  713.74247      -     -  116s
     0     0  713.85954    0 1912          -  713.85954      -     -  132s
H    0     0                    1039.6383358  713.85954  31.3%     -  134s
     0     0  713.85954    0 1912 1039.63834  713.85954  31.3%     -  134s
H    0     0                     737.9656255  713.85954  3.27%     -  140s
H    0     0                     732.0956447  713.85954  2.49%     -  188s
     0     2  713.85954    0 1908  732.09564  713.85954  2.49%     -  189s
     1     4  720.55733    1 1917  732.09564  713.85954  2.49%  1829  194s
     3     8  725.51587    2 1916  732.09564  714.30160  2.43%  1978  200s
    15    32  729.02744    4 1835  732.09564  716.65393  2.11%  1785  211s
    31    48     cutoff    5       732.09564  718.01570  1.92%  3413  235s
H   35    48                     732.0942076  718.01570  1.92%  3385  235s
H   49    48                     732.0936423  718.73428  1.82%  3703  235s
H   60    48                     732.0912782  718.73428  1.82%  3619  235s
    63    78  723.43124    6 1822  732.09128  718.73428  1.82%  3631  336s
    95    96  723.78072    7 1713  732.09128  718.74893  1.82%  3317  373s
H  127   110                     731.8117207  718.74893  1.78%  3097  416s
H  130   110                     731.4781147  718.74893  1.74%  3084  416s
H  132   110                     731.4620308  718.74893  1.74%  3071  416s
H  133   110                     731.4036433  718.74893  1.73%  3051  416s
H  151   110                     731.4031496  718.74893  1.73%  2887  416s
H  153   110                     731.3856071  718.74893  1.73%  2854  416s
H  159   126                     731.2052725  718.74893  1.70%  2836  501s
H  160   126                     731.1174239  718.74893  1.69%  2847  501s
H  175   126                     731.0975496  718.74893  1.69%  2752  501s
H  176   126                     731.0608167  718.74893  1.68%  2742  501s
   191   149  724.26807    8 1712  731.06082  718.74893  1.68%  2600  534s
H  243   170                     731.0580314  718.74893  1.68%  2311  999s
H  246   170                     731.0542567  718.74893  1.68%  2305  999s
H  263   170                     731.0436797  718.74893  1.68%  2205  999s
H  267   170                     731.0420827  718.74893  1.68%  2196  999s
   276   201  724.61799    7 1678  731.04208  718.74893  1.68%  2189 1080s
   326   242  724.77415    8 1677  731.04208  718.74893  1.68%  2127 1182s
   401   287  730.18788    9 1719  731.04208  718.74893  1.68%  1941 1238s
   476   336  725.11328    8 1712  731.04208  718.74893  1.68%  1759 1273s
   557   387  730.40834    9 1724  731.04208  718.74893  1.68%  1627 1403s
   649   453  729.41817   10 1734  731.04208  718.74893  1.68%  1500 1516s
   761   509  729.70234   10 1748  731.04208  718.74893  1.68%  1354 1609s
   863   571  729.76091   10 1732  731.04208  718.74893  1.68%  1268 1703s
   973   663  729.74894   11 1714  731.04208  718.74893  1.68%  1189 1863s
  1107   747     cutoff   14       731.04208  718.74893  1.68%  1107 1974s
  1233   857  730.17686   12 1715  731.04208  718.74893  1.68%  1043 2101s
  1384   982  730.42570   14 1701  731.04208  718.74893  1.68%   981 2191s
  1530  1145  730.84086   14 1718  731.04208  718.74893  1.68%   930 2234s
  1723  1280     cutoff   14       731.04208  718.74893  1.68%   859 2384s
  1902  1438     cutoff   15       731.04208  718.74893  1.68%   814 2496s
  2096  1534     cutoff   15       731.04208  718.74893  1.68%   772 3644s
H 2103  1534                     731.0381159  718.74893  1.68%   772 3644s
H 2117  1534                     731.0378094  718.74893  1.68%   771 3644s
H 2123  1534                     731.0336014  718.74893  1.68%   770 3644s
H 2144  1534                     731.0242612  718.74893  1.68%   765 3644s
H 2209  1534                     731.0210958  718.74893  1.68%   753 3644s
  2220  1753  724.25004   14 1720  731.02110  718.74893  1.68%   751 3767s
  2465  2025  725.90464   16 1726  731.02110  718.74893  1.68%   704 3842s
  2767  2291  726.74437   23 1706  731.02110  718.74893  1.68%   651 3911s
  3062  2292  726.53340   29 1912  731.02110  718.74893  1.68%   610 5624s
  3064  2293  729.48891   74 2422  731.02110  718.74893  1.68%   610 5640s
  3065  2294  728.61268   74 2165  731.02110  718.74893  1.68%   609 5660s
  3066  2295  730.11264   73 1885  731.02110  718.74893  1.68%   609 5676s
  3067  2295  729.39308   35 1842  731.02110  718.74893  1.68%   609 5706s
  3068  2296  728.28318   71 1867  731.02110  718.74893  1.68%   609 5728s
  3069  2297  730.90450   18 1813  731.02110  718.74893  1.68%   609 5749s
  3070  2297  728.41497   16 1833  731.02110  718.74893  1.68%   608 5780s
  3071  2298  724.53191   28 1823  731.02110  718.74893  1.68%   608 5792s
  3072  2299  727.70467   46 1854  731.02110  718.74893  1.68%   608 5838s
  3073  2299  727.32931   41 1856  731.02110  718.74893  1.68%   608 5854s
  3074  2300  725.56630   18 1882  731.02110  718.74893  1.68%   608 5869s
  3075  2301  728.42342   20 1827  731.02110  718.74893  1.68%   607 5968s
  3076  2301  727.49779   46 1838  731.02110  718.74893  1.68%   607 5975s
  3077  2302  727.63018   33 1824  731.02110  718.74893  1.68%   607 5995s
  3078  2303  728.78185   17 1839  731.02110  718.74893  1.68%   607 6026s
  3079  2303  728.45021  131 1826  731.02110  718.74893  1.68%   607 6138s
  3080  2304  726.83491   32 1808  731.02110  718.74893  1.68%   606 6538s
  3081  2305  730.87643  155 1822  731.02110  718.74893  1.68%   606 6558s
  3082  2305  724.25150   15 1814  731.02110  718.74893  1.68%   606 6599s
  3083  2306  729.68011   88 1808  731.02110  718.74893  1.68%   606 6636s
  3084  2307  728.20085    7 1826  731.02110  718.74893  1.68%   606 6678s
  3085  2307  728.69265   63 1805  731.02110  718.74893  1.68%   605 6680s
  3086  2308  730.56531  125 1811  731.02110  718.74893  1.68%   605 6811s
  3087  2309  729.78703   20 1789  731.02110  718.74893  1.68%   605 7232s
  3088  2309  725.33217   15 1774  731.02110  718.74893  1.68%   605 7261s
  3089  2310  729.39460   67 1795  731.02110  718.74893  1.68%   605 7402s
  3090  2311  729.14631   53 1800  731.02110  718.74893  1.68%   604 7798s
  3091  2311  726.05684   29 1787  731.02110  718.74893  1.68%   604 7938s
  3092  2312  726.22711   10 1758  731.02110  718.74893  1.68%   604 7974s
  3093  2313  730.49071  133 1806  731.02110  718.74893  1.68%   604 8122s
  3094  2313  729.31857   39 1814  731.02110  718.74893  1.68%   604 8343s
  3095  2314  725.91341   34 1795  731.02110  718.74893  1.68%   603 8515s
  3096  2315  730.06750  114 1810  731.02110  718.74893  1.68%   603 8884s
  3097  2315  726.32949   16 1811  731.02110  718.80631  1.67%   603 8961s
  3098  2316  724.90599   40 1826  731.02110  719.32768  1.60%   603 9165s
  3099  2317  725.70433   22 1807  731.02110  719.82018  1.53%   603 9282s
  3100  2317  725.16241   40 1814  731.02110  719.94552  1.52%   603 9409s
  3101  2318  725.35056   40 1813  731.02110  719.94552  1.52%   602 9461s
  3102  2319  727.31834   81 1813  731.02110  719.94552  1.52%   602 10107s
  3103  2322  723.33609   10 1819  731.02110  719.94552  1.52%   623 10791s
  3105  2326  723.36778   11 1797  731.02110  719.94552  1.52%   624 12005s
  3109  2332  724.30535   12 1838  731.02110  719.94552  1.52%   628 12383s
  3117  2346  729.94196   13 1750  731.02110  719.94552  1.52%   638 12799s
  3133  2358     cutoff   14       731.02110  719.94552  1.52%   653 13077s
  3165  2352  724.27562   15 1671  731.02110  720.53676  1.43%   689 13355s
  3197  2351  726.92738   16 1659  731.02110  720.79928  1.40%   711 13553s
  3229  2350  729.29109   16 1641  731.02110  721.47099  1.31%   733 13730s
  3261  2354     cutoff   17       731.02110  722.53114  1.16%   744 14546s
H 3263  2236                     731.0041054  722.53114  1.16%   745 14546s
H 3290  2116                     730.9985652  722.53114  1.16%   756 14546s
  3293  2145  730.67311   17 1655  730.99857  722.53114  1.16%   757 14637s
  3343  2143     cutoff   17       730.99857  722.53114  1.16%   766 16299s
H 3348  2037                     730.9985650  722.53114  1.16%   766 16299s
  3378  2063     cutoff   18       730.99857  722.53114  1.16%   771 16379s
  3440  2084  727.57531   22 1632  730.99857  722.53114  1.16%   774 16485s
  3524  2102  729.89432   25 1609  730.99857  722.53114  1.16%   777 16787s
  3604  2109  730.32082   28 1604  730.99857  722.53114  1.16%   781 17049s
  3679  2112     cutoff   31       730.99857  722.75271  1.13%   789 17190s
  3733  2152  727.09614   18 1656  730.99857  722.75271  1.13%   790 17336s
  3827  2171  728.02464   20 1645  730.99857  722.75271  1.13%   788 17413s
  3921  2177  728.79983   22 1610  730.99857  722.75271  1.13%   790 17470s
  4010  2214  729.61817   25 1658  730.99857  722.75271  1.13%   794 17541s
  4115  2246  730.91028   30 1632  730.99857  722.75271  1.13%   792 17624s
  4230  2267     cutoff   29       730.99857  723.22055  1.06%   789 17684s
  4347  2306  725.22917   19 1666  730.99857  723.22055  1.06%   787 17834s
  4461  2352  726.63614   21 1650  730.99857  723.22055  1.06%   785 17968s
  4565  2389  726.95555   22 1634  730.99857  723.22055  1.06%   787 18056s
  4686  2470  727.99080   25 1608  730.99857  723.22055  1.06%   785 18108s
  4841  2534  729.95903   28 1680  730.99857  723.22055  1.06%   777 18171s
  4997  2536     cutoff   30       730.99857  723.22055  1.06%   771 18692s
  5075  2659  730.14963   29 1659  730.99857  723.22055  1.06%   770 18728s
  5264  2724     cutoff   30       730.99857  723.31533  1.05%   759 19000s
  5439  2760     cutoff   16       730.99857  723.31533  1.05%   762 19132s
  5601  2818  729.28512   35 1651  730.99857  723.31533  1.05%   759 19189s
  5780  2875  730.48497   39 1632  730.99857  723.31533  1.05%   755 19238s
  5945  2974  730.60193   40 1631  730.99857  723.97512  0.96%   752 19347s

Cutting planes:
  Learned: 31
  Gomory: 32
  Cover: 140
  Implied bound: 51
  Projected implied bound: 234
  Clique: 7
  MIR: 603
  Flow cover: 2726
  GUB cover: 14
  Zero half: 20
  RLT: 1668
  Relax-and-lift: 252

Explored 6159 nodes (4634529 simplex iterations) in 19353.71 seconds
Thread count was 32 (of 32 available processors)

Solution count 10: 730.999 730.999 731.004 ... 731.044

Optimal solution found (tolerance 1.00e-02)
Best objective 7.309985652128e+02, best bound 7.239751246723e+02, gap 0.9608%

Gurobi 9.1.0 (linux64) logging started Thu Aug 19 20:56:04 2021

Changed value of parameter LogFile to eab_parasitoid_0_0_0.2_bud.log
   Prev:   Default: 
Changed value of parameter MIPGap to 0.01
   Prev: 0.0001  Min: 0.0  Max: inf  Default: 0.0001
Changed value of parameter Method to 2
   Prev: -1  Min: -1  Max: 5  Default: -1
Changed value of parameter MIPFocus to 2
   Prev: 0  Min: 0  Max: 3  Default: 0
Changed value of parameter RINS to 100
   Prev: -1  Min: -1  Max: 2000000000  Default: -1
Changed value of parameter SolutionLimit to 1
   Prev: 2000000000  Min: 1  Max: 2000000000  Default: 2000000000
Gurobi Optimizer version 9.1.0 build v9.1.0rc0 (linux64)
Thread count: 32 physical cores, 32 logical processors, using up to 32 threads
Optimize a model with 203396 rows, 134935 columns and 685039 nonzeros
Model fingerprint: 0x8b9f34e0
Variable types: 55779 continuous, 79156 integer (79156 binary)
Coefficient statistics:
  Matrix range     [2e-04, 1e+06]
  Objective range  [1e-06, 1e-01]
  Bounds range     [1e+00, 6e+03]
  RHS range        [1e-04, 1e+06]

User MIP start produced solution with objective 731.211 (11.24s)
User MIP start produced solution with objective 730.999 (11.62s)
Loaded user MIP start with objective 730.999
Processed MIP start in 11.70 seconds


Explored 0 nodes (0 simplex iterations) in 11.76 seconds
Thread count was 1 (of 32 available processors)

Solution count 3: 730.999 

Solution limit reached
Best objective 7.309985619616e+02, best bound -, gap -
