
Gurobi 9.1.0 (linux64) logging started Fri Aug 20 12:47:33 2021

Changed value of parameter LogFile to eab_parasitoid_forest_1_0.log
   Prev:   Default: 
Changed value of parameter MIPGap to 0.01
   Prev: 0.0001  Min: 0.0  Max: inf  Default: 0.0001
Changed value of parameter Method to 2
   Prev: -1  Min: -1  Max: 5  Default: -1
Changed value of parameter MIPFocus to 2
   Prev: 0  Min: 0  Max: 3  Default: 0
Changed value of parameter RINS to 100
   Prev: -1  Min: -1  Max: 2000000000  Default: -1
Gurobi Optimizer version 9.1.0 build v9.1.0rc0 (linux64)
Thread count: 32 physical cores, 32 logical processors, using up to 32 threads
Optimize a model with 203386 rows, 134930 columns and 685029 nonzeros
Model fingerprint: 0x99b30f30
Variable types: 55774 continuous, 79156 integer (79156 binary)
Coefficient statistics:
  Matrix range     [2e-04, 6e+05]
  Objective range  [5e-06, 1e+00]
  Bounds range     [1e+00, 6e+03]
  RHS range        [1e-04, 6e+05]
Presolve removed 193418 rows and 126715 columns
Presolve time: 3.29s
Presolved: 9968 rows, 8215 columns, 131897 nonzeros
Variable types: 3540 continuous, 4675 integer (4675 binary)
Presolve removed 10 rows and 10 columns
Presolved: 9958 rows, 8205 columns, 131872 nonzeros

Root barrier log...

Ordering time: 0.21s

Barrier statistics:
 Dense cols : 138
 AA' NZ     : 5.761e+05
 Factor NZ  : 2.830e+06 (roughly 30 MBytes of memory)
 Factor Ops : 2.408e+09 (less than 1 second per iteration)
 Threads    : 31

                  Objective                Residual
Iter       Primal          Dual         Primal    Dual     Compl     Time
   0   8.45306496e+03 -1.06322456e+05  3.45e+04 7.73e-01  4.72e+02     4s
   1   6.44975377e+03 -1.24439363e+05  2.56e+04 1.84e+00  3.51e+02     4s
   2   1.07311217e+03 -1.21460957e+05  1.97e+03 2.54e-12  3.12e+01     4s
   3   3.87951221e+02 -6.09690454e+04  8.38e+01 1.38e-12  3.27e+00     4s
   4   2.45855992e+02 -9.87788628e+03  1.35e+01 8.53e-14  4.43e-01     4s
   5   2.05181016e+02 -3.59446346e+03  3.90e+00 1.69e-14  1.56e-01     4s
   6   1.81198622e+02 -1.19063366e+03  9.85e-01 9.33e-15  5.48e-02     5s
   7   1.69364206e+02 -4.29960749e+02  2.20e-01 5.42e-15  2.36e-02     5s
   8   1.54541847e+02  5.73345702e+01  5.23e-04 7.99e-15  3.77e-03     5s
   9   1.49426513e+02  9.22248237e+01  1.90e-04 4.44e-15  2.21e-03     5s
  10   1.46964083e+02  1.24627561e+02  7.52e-05 1.97e-15  8.63e-04     5s
  11   1.45698053e+02  1.32787033e+02  3.67e-05 1.78e-15  4.98e-04     5s
  12   1.44883518e+02  1.39542126e+02  1.82e-05 1.78e-15  2.06e-04     5s
  13   1.44358349e+02  1.41845563e+02  7.23e-06 8.88e-16  9.70e-05     5s
  14   1.43993260e+02  1.43295350e+02  1.56e-06 1.78e-15  2.69e-05     5s
  15   1.43913634e+02  1.43576469e+02  6.35e-07 8.88e-16  1.30e-05     5s
  16   1.43887447e+02  1.43667985e+02  3.85e-07 8.88e-16  8.47e-06     5s
  17   1.43873663e+02  1.43737240e+02  2.57e-07 8.88e-16  5.27e-06     5s
  18   1.43856770e+02  1.43803905e+02  1.01e-07 8.88e-16  2.04e-06     5s
  19   1.43851759e+02  1.43819850e+02  5.81e-08 2.22e-16  1.23e-06     5s
  20   1.43845518e+02  1.43840423e+02  9.60e-10 8.88e-16  1.97e-07     5s
  21   1.43845329e+02  1.43844135e+02  5.36e-10 8.88e-16  4.61e-08     5s
  22   1.43845167e+02  1.43844822e+02  1.65e-10 2.22e-16  1.33e-08     5s
  23   1.43845108e+02  1.43845033e+02  2.83e-11 1.78e-15  2.90e-09     5s
  24   1.43845098e+02  1.43845092e+02  3.85e-12 1.78e-15  2.48e-10     5s
  25   1.43845097e+02  1.43845095e+02  1.03e-09 2.18e-14  4.34e-11     5s
  26   1.43845096e+02  1.43845096e+02  9.43e-08 2.66e-14  6.73e-12     6s

Barrier solved model in 26 iterations and 5.53 seconds
Optimal objective 1.43845096e+02


Root crossover log...

     573 DPushes remaining with DInf 0.0000000e+00                 6s
       0 DPushes remaining with DInf 0.0000000e+00                 6s

    3866 PPushes remaining with PInf 1.1214910e-06                 6s
       0 PPushes remaining with PInf 0.0000000e+00                 6s

  Push phase complete: Pinf 0.0000000e+00, Dinf 2.4756766e-02      6s


Root simplex log...

Iteration    Objective       Primal Inf.    Dual Inf.      Time
    4266    1.4384510e+02   0.000000e+00   2.475677e-02      6s
    4279    1.4384510e+02   0.000000e+00   0.000000e+00      6s
    4279    1.4384510e+02   0.000000e+00   0.000000e+00      6s

Root relaxation: objective 1.438451e+02, 4279 iterations, 2.22 seconds

    Nodes    |    Current Node    |     Objective Bounds      |     Work
 Expl Unexpl |  Obj  Depth IntInf | Incumbent    BestBd   Gap | It/Node Time

     0     0  143.84510    0 1856          -  143.84510      -     -    6s
     0     0  145.27367    0 2314          -  145.27367      -     -    8s
H    0     0                     233.8851677  145.27367  37.9%     -    9s
H    0     0                     211.7396497  145.27367  31.4%     -   15s
H    0     0                     211.7373712  145.27367  31.4%     -   15s
H    0     0                     211.5670351  145.27367  31.3%     -   15s
     0     0  146.46872    0 2418  211.56704  146.46872  30.8%     -   15s
     0     0  146.78231    0 2431  211.56704  146.78231  30.6%     -   16s
     0     0  146.79133    0 2436  211.56704  146.79133  30.6%     -   16s
     0     0  146.79145    0 2437  211.56704  146.79145  30.6%     -   16s
H    0     0                     180.7650092  146.79145  18.8%     -   19s
     0     0  148.24199    0 2382  180.76501  148.24199  18.0%     -   19s
     0     0  148.76687    0 2308  180.76501  148.76687  17.7%     -   20s
     0     0  149.21942    0 2305  180.76501  149.21942  17.5%     -   22s
     0     0  149.26293    0 2301  180.76501  149.26293  17.4%     -   23s
     0     0  149.26564    0 2311  180.76501  149.26564  17.4%     -   23s
     0     0  149.26598    0 2315  180.76501  149.26598  17.4%     -   23s
     0     0  150.63403    0 2245  180.76501  150.63403  16.7%     -   28s
H    0     0                     177.2052110  150.63403  15.0%     -   29s
     0     0  150.79074    0 2295  177.20521  150.79074  14.9%     -   32s
     0     0  150.80735    0 2276  177.20521  150.80735  14.9%     -   32s
     0     0  150.81049    0 2297  177.20521  150.81049  14.9%     -   33s
     0     0  151.58957    0 2260  177.20521  151.58957  14.5%     -   39s
     0     0  151.63097    0 2260  177.20521  151.63097  14.4%     -   40s
     0     0  151.63683    0 2261  177.20521  151.63683  14.4%     -   41s
     0     0  151.63812    0 2260  177.20521  151.63812  14.4%     -   41s
     0     0  152.08309    0 2200  177.20521  152.08309  14.2%     -   47s
     0     0  152.16971    0 2227  177.20521  152.16971  14.1%     -   51s
     0     0  152.17563    0 2230  177.20521  152.17563  14.1%     -   52s
     0     0  152.17695    0 2223  177.20521  152.17695  14.1%     -   53s
     0     0  152.85723    0 2189  177.20521  152.85723  13.7%     -   62s
     0     0  153.02888    0 2192  177.20521  153.02888  13.6%     -   66s
     0     0  153.06313    0 2192  177.20521  153.06313  13.6%     -   71s
     0     0  153.07008    0 2197  177.20521  153.07008  13.6%     -   74s
     0     0  153.07111    0 2196  177.20521  153.07111  13.6%     -   74s
     0     0  153.41015    0 2218  177.20521  153.41015  13.4%     -   82s
     0     0  153.48882    0 2206  177.20521  153.48882  13.4%     -   86s
     0     0  153.50119    0 2202  177.20521  153.50119  13.4%     -   90s
     0     0  153.50341    0 2204  177.20521  153.50341  13.4%     -   92s
H    0     0                     170.4302244  153.50341  9.93%     -   95s
H    0     0                     170.3174883  153.50341  9.87%     -   95s
H    0     0                     170.3020682  153.50341  9.86%     -   99s
     0     0  153.66809    0 2166  170.30207  153.66809  9.77%     -   99s
H    0     0                     170.2986754  153.66809  9.77%     -   99s
H    0     0                     170.2681265  153.66809  9.75%     -  100s
H    0     0                     170.2681231  153.66809  9.75%     -  100s
     0     0  153.67143    0 2174  170.26812  153.67143  9.75%     -  100s
H    0     0                     170.2592967  153.67143  9.74%     -  102s
     0     0  154.02152    0 2132  170.25930  154.02152  9.54%     -  105s
H    0     0                     170.2526292  154.02152  9.53%     -  106s
     0     0  154.03500    0 2166  170.25263  154.03500  9.53%     -  106s
     0     0  154.03756    0 2169  170.25263  154.03756  9.52%     -  107s
     0     0  154.14780    0 2152  170.25263  154.14780  9.46%     -  110s
H    0     0                     170.2525384  154.14780  9.46%     -  110s
     0     0  154.15039    0 2168  170.25254  154.15039  9.46%     -  111s
H    0     0                     170.2010403  154.15039  9.43%     -  114s
H    0     0                     170.1926794  154.15039  9.43%     -  114s
H    0     0                     170.1252123  154.15039  9.39%     -  114s
     0     0  154.15436    0 2164  170.12521  154.15436  9.39%     -  114s
     0     0  154.15436    0 2164  170.12521  154.15436  9.39%     -  116s
H    0     0                     169.7020276  154.15436  9.16%     -  176s
     0     2  154.15436    0 2164  169.70203  154.15436  9.16%     -  177s
     1     2 infeasible    1       169.70203  154.15464  9.16% 20988  228s
     3     4  156.08618    2 2113  169.70203  155.45211  8.40%  8314  238s
     5     6  163.26401    3 2100  169.70203  156.08905  8.02%  5985  243s
     9     6     cutoff    4       169.70203  156.41286  7.83%  4505  248s
    15     8  156.73565    5 2071  169.70203  156.58780  7.73%  3668  251s
    21    12  161.86402    6 2065  169.70203  156.73679  7.64%  3481  255s
    29    14     cutoff    7       169.70203  156.86446  7.56%  3076  260s
H   32    14                     169.7020272  156.88004  7.56%  2930  260s
    41    20  157.03305    8 2048  169.70203  156.98769  7.49%  2772  266s
    55    32  161.74426    9 2047  169.70203  157.03594  7.46%  2570  276s
    75    56  161.86434   10 2048  169.70203  157.50014  7.19%  2345  280s
H  139   118                     169.5433887  157.50926  7.10%  1816  289s
H  142   118                     169.3910538  157.50926  7.01%  1789  289s
H  151   118                     169.3496932  157.50926  6.99%  1726  289s
H  157   118                     169.3397038  157.50926  6.99%  1690  289s
   171   167  162.09581   13 2025  169.33970  157.50926  6.99%  1614  299s
   228   199  162.19642   15 2009  169.33970  157.50926  6.99%  1276  307s
   269   241  162.22411   16 2011  169.33970  157.50926  6.99%  1149  312s
   313   276  162.46031   17 2011  169.33970  157.50926  6.99%  1050  317s
   354   310  162.51522   18 2012  169.33970  157.50926  6.99%   981  325s
   391   368  162.51781   19 2005  169.33970  157.50926  6.99%   939  335s
   518   496  162.56917   22 1989  169.33970  157.50926  6.99%   777  346s
   601   562  162.58262   24 1975  169.33970  157.50926  6.99%   698  353s
   681   648  162.59853   25 1984  169.33970  157.50926  6.99%   637  356s
   871   845  162.65525   29 1967  169.33970  157.50926  6.99%   534  368s
   992   921  162.69837   33 1966  169.33970  157.50926  6.99%   486  381s
  1078   995  163.30688   35 1959  169.33970  157.50926  6.99%   461  388s
H 1156  1025                     168.7614476  157.50926  6.67%   445  453s
H 1157  1025                     168.7534383  157.50926  6.66%   445  453s
H 1159  1025                     168.6469006  157.50926  6.60%   445  453s
H 1162  1025                     168.5730956  157.50926  6.56%   444  453s
H 1173  1025                     168.4645317  157.50926  6.50%   442  453s
H 1187  1025                     168.4462544  157.50926  6.49%   440  453s
H 1188  1037                     168.1097763  157.50926  6.31%   440  678s
H 1189  1037                     167.5472619  157.50926  5.99%   440  678s
H 1194  1037                     167.4290073  157.50926  5.92%   439  678s
H 1195  1037                     167.3408737  157.50926  5.88%   439  678s
H 1204  1037                     167.3338263  157.50926  5.87%   437  678s
H 1212  1037                     167.1671320  157.50926  5.78%   436  678s
  1240  1055  163.05943   36 1941  167.16713  157.50926  5.78%   431  683s
  1324  1121  163.45029   36 1952  167.16713  157.50926  5.78%   425  691s
  1396  1233  163.20778   35 1957  167.16713  157.50926  5.78%   424  829s
H 1408  1233                     167.0575139  157.50926  5.72%   422  829s
  1508  1409  163.06953   37 1949  167.05751  157.50926  5.72%   407  835s
  1692  1583  163.14877   39 1941  167.05751  157.50926  5.72%   379 1035s
  1870  1852  163.47211   40 1920  167.05751  157.50926  5.72%   360 1053s
  2147  2030  163.77163   40 1923  167.05751  157.50926  5.72%   330 1083s
  2434  2026  163.50052   41 1928  167.05751  157.50926  5.72%   306 1109s
  2707  2225  163.66956   44 1932  167.05751  157.50926  5.72%   290 1126s
  2929  2226  162.68984  118 2164  167.05751  157.50926  5.72%   281 1324s
  2931  2227  162.63327   11 1922  167.05751  157.50926  5.72%   281 1330s
  2933  2229  161.75441   11 2268  167.05751  157.50926  5.72%   281 1335s
  2936  2231  159.97539   70 2000  167.05751  157.50926  5.72%   280 1340s
  2937  2231  165.47189   45 1939  167.05751  157.50926  5.72%   280 1345s
  2939  2233  164.48697   43 2001  167.05751  157.50926  5.72%   280 1350s
  2942  2235  166.06854   55 2037  167.05751  157.50926  5.72%   280 1357s
  2943  2235  166.27158   28 1898  167.05751  157.50926  5.72%   280 1386s
  2944  2236  162.44624   39 1897  167.05751  157.50926  5.72%   280 1392s
  2946  2237  159.17633   27 1864  167.05751  157.50926  5.72%   280 1395s
  2948  2239  166.06764   21 1889  167.05751  157.50926  5.72%   279 1410s
  2949  2239  163.46795   37 1855  167.05751  157.50926  5.72%   279 1448s
  2951  2241  158.65188   29 1818  167.05751  157.50926  5.72%   279 1450s
  2952  2241  163.52869   69 1844  167.05751  157.56813  5.68%   279 1455s
  2953  2242  166.00235   18 1843  167.05751  157.58261  5.67%   279 1467s
  2954  2243  160.95520   54 1835  167.05751  157.64990  5.63%   279 1498s
  2956  2244  160.38565   99 1842  167.05751  157.68959  5.61%   279 1501s
  2957  2245  165.25247   67 1856  167.05751  157.69163  5.61%   278 1511s
  2958  2245  159.03903   20 1843  167.05751  157.72103  5.59%   278 1530s
  2959  2246  158.80099   39 1829  167.05751  157.72682  5.59%   278 1552s
  2960  2247  167.02680   14 1837  167.05751  157.74501  5.57%   278 1588s
  2961  2247  160.18054   70 1837  167.05751  157.74501  5.57%   278 1598s
H 2961  2134                     167.0575138  157.74977  5.57%   278 1712s
  2963  2137     cutoff   13       167.05751  157.74977  5.57%   297 1855s
  2965  2136  158.04018   14 1817  167.05751  158.04018  5.40%   298 2038s
  2967  2137  158.26008   15 1837  167.05751  158.04637  5.39%   300 2136s
  2969  2139  158.38913   16 1866  167.05751  158.09633  5.36%   301 2142s
  2973  2141  158.87436   17 1847  167.05751  158.23599  5.28%   305 2148s
  2979  2147  162.27818   18 1842  167.05751  158.48578  5.13%   309 2157s
  2989  2160  164.05472   19 1851  167.05751  158.64624  5.03%   318 2164s
  3007  2182  164.27530   20 1853  167.05751  159.04723  4.79%   335 2174s
  3039  2203  164.66639   21 1824  167.05751  159.45742  4.55%   351 2194s
  3071  2223  165.04906   21 1822  167.05751  159.45742  4.55%   373 2201s
  3103  2244  164.91691   22 1821  167.05751  159.63845  4.44%   387 2208s
H 3104  2136                     167.0003678  159.63845  4.41%   386 2208s
H 3109  2032                     166.9214850  159.63845  4.36%   387 2208s
  3135  2055  165.19355   22 1810  166.92148  159.63845  4.36%   391 2217s
H 3137  1959                     166.9214849  159.63845  4.36%   391 2217s
H 3140  1866                     166.9214849  159.63845  4.36%   392 2217s
H 3142  1777                     166.9214849  159.63845  4.36%   392 2217s
  3167  1801  164.98871   23 1808  166.92148  159.63845  4.36%   395 2963s
  3199  1846  166.80486   23 1844  166.92148  159.63845  4.36%   396 3079s
  3256  1888  165.11281   24 1807  166.92148  159.63845  4.36%   398 3088s
  3319  1955  165.52901   25 1793  166.92148  159.63845  4.36%   401 3096s
  3408  1955  165.14251   25 1812  166.92148  159.63845  4.36%   400 3104s
  3440  2036  165.26290   26 1815  166.92148  159.63845  4.36%   399 3108s
  3531  2097  165.29525   27 1814  166.92148  159.63845  4.36%   397 3112s
  3628  2157  165.43473   28 1806  166.92148  159.63845  4.36%   395 3121s
  3737  2220  165.67511   28 1793  166.92148  159.63845  4.36%   392 3141s
  3847  2273  165.55717   29 1809  166.92148  159.63845  4.36%   391 3155s
  3967  2281  165.58173   30 1800  166.92148  159.63845  4.36%   389 3170s
  4043  2304  165.78619   31 1798  166.92148  159.63845  4.36%   397 3189s
  4119  2355  165.70988   32 1818  166.92148  159.63845  4.36%   404 3211s
  4216  2402  165.73408   33 1805  166.92148  159.63845  4.36%   407 3238s
  4309  2473  165.76422   34 1803  166.92148  159.63845  4.36%   411 3256s
  4416  2592  165.77375   35 1804  166.92148  159.63845  4.36%   414 3274s
  4583  2718  165.84071   36 1808  166.92148  159.63845  4.36%   411 3284s
  4786  2802  165.88967   37 1799  166.92148  159.63845  4.36%   404 3290s
  4969  2911  165.91015   38 1794  166.92148  159.63845  4.36%   399 3307s
  5172  3001  166.22193   40 1803  166.92148  159.63845  4.36%   394 3321s
  5355  3122  166.21600   41 1802  166.92148  159.63845  4.36%   392 3346s
  5562  3120  166.19894   42 1800  166.92148  159.63845  4.36%   392 3374s
  5640  3329  166.25743   43 1798  166.92148  159.63845  4.36%   390 3390s
  5879  3542  166.15578   45 1790  166.92148  159.63845  4.36%   383 3404s
  6188  3693  166.27450   47 1783  166.92148  159.63845  4.36%   373 3502s
  6493  3752  166.34168   48 1780  166.92148  159.63845  4.36%   364 3645s
  6718  4096  166.44382   50 1785  166.92148  159.63845  4.36%   362 3668s
  7161  4328  166.39021   52 1740  166.92148  159.63845  4.36%   348 3678s
  7609  4626  166.44131   54 1746  166.92148  159.63845  4.36%   337 3687s
  8093  4750  166.57038   57 1726  166.92148  159.63845  4.36%   325 3815s
  8334  5247  166.67690   61 1697  166.92148  159.63845  4.36%   322 3840s
  8860  5761  166.88437   66 1682  166.92148  159.74553  4.30%   311 3852s
  9453  6222  161.73818   22 1759  166.92148  159.74553  4.30%   301 3878s
  9976  6253  162.00689   23 1758  166.92148  159.74553  4.30%   293 3984s
H 9977  5703                     166.5564791  159.74553  4.09%   293 3984s
 10009  5951  162.11792   24 1755  166.55648  159.74553  4.09%   294 4048s
 10326  6479  163.56924   31 1748  166.55648  159.74553  4.09%   296 4073s
 10894  6501  164.48449   44 1683  166.55648  159.74553  4.09%   290 4294s
 10927  7019  164.48881   45 1683  166.55648  159.74553  4.09%   290 4391s
 11556  7488  165.00930   62 1659  166.55648  159.74553  4.09%   286 4467s
H11802  7488                     166.5564791  159.74553  4.09%   285 4467s
H12061  7300                     166.4830701  159.74553  4.05%   283 4467s
 12086  7623  165.73575   86 1615  166.48307  159.74553  4.05%   283 4615s
H12100  7408                     166.4189336  159.74553  4.01%   283 4615s
H12149  7396                     166.4147506  159.74553  4.01%   283 4615s
H12216  7386                     166.4125666  159.74553  4.01%   283 4615s
H12231  7268                     166.3736591  159.74553  3.98%   283 4615s
 12479  7720  166.07577  101 1572  166.37366  160.70151  3.41%   283 4740s
H12560  7720                     166.3736070  160.70151  3.41%   283 4740s
 12977  8221  163.49034   22 1792  166.37361  160.70151  3.41%   283 4838s
H13077  8221                     166.3736017  160.70151  3.41%   283 4838s
 13551  8887  165.02479   23 1795  166.37360  160.70151  3.41%   281 4887s
 14267  9587  163.70709   25 1744  166.37360  160.70151  3.41%   278 5033s
H14340  9587                     166.3736015  160.70151  3.41%   278 5033s
H14422  8783                     166.1423047  160.70151  3.27%   277 5033s
 14991  9057  164.16495   27 1758  166.14230  160.70151  3.27%   275 5267s
H15010  9056                     166.1420027  160.70151  3.27%   275 5267s
H15030  9056                     166.1416840  160.70151  3.27%   275 5267s
H15060  8049                     165.8624860  160.70151  3.11%   275 5267s
 15336  8678  164.62571   30 1750  165.86249  160.96943  2.95%   274 5342s
H15561  8642                     165.8531372  160.96943  2.94%   274 5342s
 16216  9582  161.16092   24 1761  165.85314  160.96943  2.94%   273 5441s
 17231 10632  163.47242   45 1715  165.85314  160.96943  2.94%   268 5537s
H17440 10483                     165.8144639  160.96943  2.92%   268 5537s
H17616 10475                     165.8131704  160.96943  2.92%   266 5537s
 18384 10947  164.91380   75 1615  165.81317  160.96943  2.92%   262 5862s
H18400 10859                     165.7947335  160.96943  2.91%   262 5862s
H18568 10747                     165.7737591  160.96943  2.90%   262 5862s
 18926 11777  165.43321   92 1618  165.77376  161.33607  2.68%   260 5958s
 20184 12300  164.30883   26 1773  165.77376  161.33607  2.68%   254 6238s
H20215 12290                     165.7719907  161.33607  2.68%   254 6238s
H20232 12287                     165.7699647  161.33607  2.67%   254 6238s
 20726 13582  165.54161   41 1759  165.76996  161.59088  2.52%   252 6412s
H21125 13582                     165.7699643  161.59088  2.52%   251 6412s
H21962 13582                     165.7699638  161.59088  2.52%   247 6413s
 22207 15123  161.95528   29 1757  165.76996  161.59088  2.52%   246 6546s
H22726 15059                     165.7581607  161.59088  2.51%   243 6546s
 23940 16200  163.31291   51 1697  165.75816  161.59088  2.51%   238 6702s
H24107 16200                     165.7581601  161.59088  2.51%   237 6702s
 25257 17424  163.94202   73 1639  165.75816  161.59088  2.51%   234 6923s
H25834 17424                     165.7581600  161.59088  2.51%   232 6923s
H26167 17424                     165.7581594  161.59088  2.51%   231 6923s
 26531 18057  164.41621  102 1542  165.75816  161.59088  2.51%   230 7093s
 27171 18995  164.58200  112 1527  165.75816  161.59088  2.51%   227 7436s
H27410 18995                     165.7581591  161.59088  2.51%   227 7436s
H27825 18995                     165.7581590  161.59088  2.51%   226 7437s
H28040 18959                     165.7519188  161.59088  2.51%   225 7437s
 28281 19625  164.76874  127 1502  165.75192  161.59088  2.51%   224 7756s
H28320 19625                     165.7519185  161.59088  2.51%   224 7756s
H28442 19625                     165.7519172  161.59088  2.51%   224 7756s
 29043 21681  164.86987  138 1468  165.75192  161.59088  2.51%   223 8154s
H29100 21681                     165.7519171  161.59088  2.51%   223 8154s
 29493 21681  163.17453   49 1693  165.75192  161.59088  2.51%   221 8155s
H29724 21681                     165.7519170  161.59088  2.51%   221 8155s
H30863 21681                     165.7519166  161.59088  2.51%   220 8155s
H30921 21681                     165.7519165  161.59088  2.51%   220 8155s
 31277 22838  165.22121  188 1329  165.75192  161.59088  2.51%   218 8403s
H31599 22838                     165.7519163  161.59088  2.51%   217 8403s
H32390 22289                     165.7120015  161.59088  2.49%   215 8404s
 32544 24147  165.35022  225 1234  165.71200  161.59088  2.49%   214 8949s
H32600 24147                     165.7120015  161.59088  2.49%   214 8949s
H32757 24147                     165.7120003  161.59088  2.49%   213 8950s
H33099 24147                     165.7120002  161.59088  2.49%   213 8950s
 34588 25409  165.64891  300 1069  165.71200  161.73335  2.40%   209 9373s
H34995 25409                     165.7119993  161.75420  2.39%   208 9373s
H35358 25409                     165.7119992  161.75420  2.39%   207 9373s
 35982 26586  163.56509   64 1669  165.71200  161.75420  2.39%   205 9791s
H36000 26586                     165.7119992  161.75420  2.39%   205 9791s
H36096 26586                     165.7119990  161.75420  2.39%   205 9791s
H36249 26586                     165.7119983  161.75420  2.39%   204 9791s
 37386 28057  164.04728   83 1614  165.71200  161.75420  2.39%   203 10165s
H37400 28057                     165.7119982  161.75420  2.39%   203 10165s
H37643 28057                     165.7119975  161.75420  2.39%   203 10165s
H38951 27635                     165.6925105  161.75420  2.38%   201 10165s
 39082 28529  164.34832   98 1541  165.69251  161.75420  2.38%   201 10647s
H39122 28517                     165.6920447  161.75420  2.38%   201 10647s
 40172 29866  164.68264  120 1509  165.69204  161.75420  2.38%   201 11124s
H40200 29866                     165.6920435  161.75420  2.38%   201 11124s
H40962 29866                     165.6920433  161.75420  2.38%   200 11124s
H41340 29866                     165.6920413  161.75420  2.38%   200 11124s
 41622 32676  165.68573  249 1239  165.69204  161.87695  2.30%   199 11902s
H41779 32676                     165.6920401  161.87695  2.30%   199 11902s
H43005 32676                     165.6920400  161.87695  2.30%   198 11903s
H43492 32676                     165.6920400  161.87695  2.30%   197 11903s
 44728 35345  164.46038   85 1634  165.69204  161.87695  2.30%   196 12478s
H44946 35345                     165.6920399  161.87695  2.30%   196 12478s
H45092 35345                     165.6920397  161.87695  2.30%   196 12478s
 47744 37675  165.05680  129 1484  165.69204  161.98400  2.24%   194 13349s
H47800 37675                     165.6920397  161.98400  2.24%   194 13349s
H49053 37675                     165.6920391  162.00500  2.23%   193 13349s
 50322 40693  163.80140   38 1716  165.69204  162.00932  2.22%   191 13796s
H50479 40693                     165.6920390  162.01270  2.22%   191 13796s
H50558 40693                     165.6920389  162.01755  2.22%   192 13796s
 53851 42917  163.73176   72 1652  165.69204  162.02741  2.21%   190 14009s
 55681 42917  165.26272  119 1495  165.69204  162.02741  2.21%   188 14010s
 56306 45641  165.09418  180 1362  165.69204  162.07168  2.18%   187 14594s
 56609 45641  165.11284   93 1563  165.69204  162.10177  2.17%   187 14595s
H57611 45641                     165.6920389  162.10255  2.17%   188 14595s
 59615 48797  162.59613   32 1750  165.69204  162.10255  2.17%   190 15042s
 63112 51924     cutoff  172       165.69204  162.14995  2.14%   189 15397s
 66431 54900  165.34473  117 1496  165.69204  162.15229  2.14%   188 15747s
 69742 57573  163.88751   68 1652  165.69204  162.16233  2.13%   186 16308s
H70398 57573                     165.6920387  162.16233  2.13%   185 16309s
 72841 59884  165.38072  189 1383  165.69204  162.16851  2.13%   186 17005s
H73459 59884                     165.6920386  162.16851  2.13%   186 17006s
H74988 59884                     165.6920386  162.16851  2.13%   186 17006s
H75506 59884                     165.6920386  162.16851  2.13%   187 17006s
 75677 62266  164.88116  105 1550  165.69204  162.19915  2.11%   188 17339s
 78382 64881  163.64038   48 1702  165.69204  162.20392  2.11%   185 17868s
 81268 67758  164.75840  103 1536  165.69204  162.21117  2.10%   184 18372s
 84608 72227  163.57961   54 1690  165.69204  162.23485  2.09%   183 18948s
 89351 72227  163.57007   51 1711  165.69204  162.24109  2.08%   180 18950s
 89544 76540  163.01477   38 1718  165.69204  162.24109  2.08%   180 19996s
H90564 76540                     165.6920385  162.24109  2.08%   179 19997s
 94362 78574  165.54540  195 1345  165.69204  162.25081  2.08%   177 20948s
 96227 78574  164.20363   65 1664  165.69204  162.26073  2.07%   178 20950s
 96839 81001  163.83829   39 1715  165.69204  162.27410  2.06%   178 21647s
 99709 85638  163.46068   47 1712  165.69204  162.28318  2.06%   179 22600s
 104827 89138  165.09584  156 1440  165.69204  162.29234  2.05%   176 23119s
 105203 89138  165.58200  141 1486  165.69204  162.30522  2.04%   176 23120s
 108646 92281  163.94439   68 1661  165.69204  162.30523  2.04%   174 23840s
 112221 95090  165.62420  223 1258  165.69204  162.31030  2.04%   174 24486s
 115531 98431  164.62011   87 1616  165.69204  162.33080  2.03%   174 25100s
 119364 101358  164.16728   71 1642  165.69204  162.33742  2.02%   173 26063s
 122745 105829  164.35414   61 1687  165.69204  162.34933  2.02%   174 26803s
H123986 105725                     165.6894531  162.35752  2.01%   173 26805s
 127731 109336  164.80497  107 1548  165.68945  162.36503  2.01%   172 28850s
H127800 109336                     165.6894518  162.36503  2.01%   172 28852s
H127900 109336                     165.6894276  162.36503  2.01%   172 28853s
H130554 109336                     165.6894274  162.36503  2.01%   173 28856s
 131855 111762  164.91903   96 1594  165.68943  162.36708  2.01%   173 29703s
H132720 111762                     165.6894272  162.37472  2.00%   173 29704s
 133023 111762  162.65384   32 1747  165.68943  162.37561  2.00%   173 29705s
H133214 111762                     165.6894263  162.37561  2.00%   174 29705s
 134867 114051  164.55432   75 1633  165.68943  162.37784  2.00%   174 30392s
H135090 114051                     165.6894256  162.37784  2.00%   174 30393s
H135282 114051                     165.6894256  162.37784  2.00%   174 30393s
H135664 114051                     165.6894255  162.37784  2.00%   174 30393s
 137552 117584  163.53008   53 1706  165.68943  162.37784  2.00%   174 31526s
H138789 117584                     165.6894249  162.37784  2.00%   174 31528s
 141572 120367  165.52549  202 1307  165.68942  162.38244  2.00%   175 32014s
H142995 120367                     165.6894249  162.38852  1.99%   175 32015s
H143411 119201                     165.6664624  162.38852  1.98%   174 32016s
 144799 121445  165.33213  155 1417  165.66646  162.38881  1.98%   175 32803s
H144900 121445                     165.6664619  162.38881  1.98%   174 32804s
H144960 121445                     165.6664618  162.38881  1.98%   174 32804s
H145475 121445                     165.6664615  162.38881  1.98%   174 32805s
H146664 121445                     165.6664615  162.38881  1.98%   175 32805s
H147164 121445                     165.6664612  162.38881  1.98%   175 32806s
 147345 125782  163.68933   46 1711  165.66646  162.38881  1.98%   175 33415s
H147803 125782                     165.6664606  162.38881  1.98%   174 33415s
H148492 125782                     165.6664605  162.38881  1.98%   174 33415s
H151141 125782                     165.6664605  162.38881  1.98%   173 33415s
 152144 129660  165.13038  101 1549  165.66646  162.39024  1.98%   173 34403s
 154903 129660  164.70534   95 1595  165.66646  162.41461  1.96%   173 34405s
 156781 131465  165.13144   78 1610  165.66646  162.41539  1.96%   174 35275s
H158616 131465                     165.6664600  162.41601  1.96%   174 35277s
 158781 134506  164.68385   86 1614  165.66646  162.41667  1.96%   174 36151s
H158800 134506                     165.6664600  162.41667  1.96%   174 36152s
 162170 137639  163.98899   53 1695  165.66646  162.42106  1.96%   174 36677s
H165595 137639                     165.6664592  162.42328  1.96%   174 36678s
 165907 141476  164.35031   70 1661  165.66646  162.42394  1.96%   174 37534s
 170442 144729  164.82718   61 1678  165.66646  162.43550  1.95%   173 38106s
H170570 144729                     165.6664592  162.43550  1.95%   173 38107s
H172143 144729                     165.6664585  162.43673  1.95%   173 38108s
 174154 147141  163.88375   49 1693  165.66646  162.43673  1.95%   173 38626s
H174539 147141                     165.6664585  162.43673  1.95%   173 38627s
H175618 147141                     165.6664584  162.43673  1.95%   173 38628s
 177126 149682     cutoff  113       165.66646  162.44124  1.95%   175 39154s
H178222 149682                     165.6664584  162.44894  1.94%   175 39155s
 180343 151964  163.21188   46 1713  165.66646  162.44894  1.94%   176 40073s
H180709 151964                     165.6664584  162.44894  1.94%   177 40073s
 183009 155485  164.11103   75 1662  165.66646  162.44894  1.94%   179 40454s
 186880 158318  165.21048  146 1417  165.66646  162.45534  1.94%   181 40967s
H188013 158318                     165.6664583  162.45534  1.94%   180 40968s
 190174 161102  164.91853   70 1671  165.66646  162.45804  1.94%   181 41584s
H190668 161102                     165.6664583  162.45849  1.94%   181 41584s
 193345 164682  164.08518   70 1643  165.66646  162.46228  1.93%   181 42162s
 197386 166704  163.15172   42 1713  165.66646  162.46301  1.93%   180 42789s
 199744 170010  164.92393   94 1596  165.66646  162.46526  1.93%   180 43296s
 203396 172365  165.07761   80 1619  165.66646  162.46921  1.93%   181 44149s
 206094 175491  163.21071   47 1701  165.66646  162.47252  1.93%   181 44684s
H209178 175394                     165.6648410  162.47252  1.93%   182 44684s
 209586 179071  164.07016   77 1617  165.66484  162.47252  1.93%   182 45398s
H209600 179071                     165.6648407  162.47252  1.93%   182 45399s
H209909 179071                     165.6648403  162.47252  1.93%   182 45399s
H210124 179071                     165.6648400  162.47252  1.93%   182 45399s
H212287 179071                     165.6648398  162.47252  1.93%   181 45399s
H213120 179071                     165.6648396  162.47252  1.93%   181 45399s
 213811 182670  165.09183  134 1415  165.66484  162.47334  1.93%   181 45962s
H214236 182670                     165.6648396  162.47334  1.93%   181 45962s
H216680 182670                     165.6648395  162.47334  1.93%   181 45964s
 218170 184659  164.51109   56 1694  165.66484  162.48730  1.92%   182 46541s
H218734 184659                     165.6648378  162.49072  1.92%   182 46541s
 220641 187680  164.66266   44 1713  165.66484  162.49072  1.92%   182 47226s
H220760 187680                     165.6648378  162.49072  1.92%   182 47226s
 224148 191116  164.55706   64 1681  165.66484  162.50316  1.91%   183 47814s
H227578 191115                     165.6648378  162.50316  1.91%   182 47815s
 227821 195310  164.01547   46 1661  165.66484  162.50338  1.91%   182 48319s
 230306 195310  164.71624   91 1586  165.66484  162.50392  1.91%   182 48320s
H232416 195310                     165.6648377  162.50392  1.91%   182 48321s
 232417 198300  164.66723   79 1623  165.66484  162.50402  1.91%   182 49067s
H233409 198300                     165.6648377  162.50697  1.91%   182 49068s
 235837 201496  163.04652   39 1723  165.66484  162.50808  1.91%   182 49438s
 239538 205204  164.15653   63 1681  165.66484  162.50986  1.90%   182 49977s
H240002 205204                     165.6648371  162.51439  1.90%   182 49978s
 243705 209897  163.86905   60 1672  165.66484  162.51635  1.90%   181 50491s
 248733 212667  165.22345  147 1452  165.66484  162.51700  1.90%   180 51193s
H250307 212667                     165.6648370  162.52073  1.90%   180 51196s
H251980 212667                     165.6648365  162.52073  1.90%   180 51198s
 252000 213839  163.76773   62 1677  165.66484  162.52073  1.90%   180 52143s
H252346 213839                     165.6648364  162.52073  1.90%   180 52145s
 253367 216348  164.76939  115 1550  165.66484  162.52529  1.90%   180 52901s
 256196 218492  162.78318   33 1742  165.66484  162.52656  1.89%   180 53884s
 258624 222166  163.65268   47 1705  165.66484  162.52656  1.89%   181 54423s
 262770 225416     cutoff   87       165.66484  162.52770  1.89%   181 55105s
 266529 228312  164.78504  101 1597  165.66484  162.52846  1.89%   181 55572s
 269692 231659  164.01077   53 1691  165.66484  162.53590  1.89%   181 56320s
 273430 233831  163.17655   44 1709  165.66484  162.53590  1.89%   181 56854s
 275953 238464  164.76045  115 1550  165.66484  162.53876  1.89%   180 57691s
 281323 242936  165.64414  103 1589  165.66484  162.55088  1.88%   180 58380s
H285314 242936                     165.6648363  162.55231  1.88%   180 58382s
 286434 246903  163.36750   44 1708  165.66484  162.55668  1.88%   180 59020s
H287134 246903                     165.6648362  162.55748  1.88%   180 59021s
 290921 250473  163.29325   40 1732  165.66484  162.55748  1.88%   179 59727s
 295178 252412 infeasible  160       165.66484  162.56250  1.87%   180 60243s
 297468 255478  164.20953   71 1660  165.66484  162.56564  1.87%   180 60805s
 301036 259437  165.64010  173 1393  165.66484  162.56776  1.87%   180 61668s
 305538 262278  163.58779   40 1719  165.66484  162.57478  1.87%   179 62424s
 308976 265416  164.32873   51 1695  165.66484  162.57779  1.86%   179 63480s
 312634 268934  164.41381   82 1618  165.66484  162.58075  1.86%   181 64671s
 316643 272796  165.23806  166 1423  165.66484  162.58219  1.86%   182 65599s
 319105 272796  165.24402  118 1532  165.66484  162.58219  1.86%   182 65600s
 321290 274921  165.57629   85 1613  165.66484  162.58496  1.86%   182 66436s
 324042 277488  164.67969   45 1700  165.66484  162.58884  1.86%   182 66975s
 327120 282089  164.85990   93 1580  165.66484  162.59554  1.85%   183 67405s
H327563 281937                     165.6632751  162.59554  1.85%   183 67405s
H327925 281932                     165.6632472  162.59554  1.85%   183 67405s
H328348 281904                     165.6628089  162.59554  1.85%   183 67405s
H332037 285981                     165.6628076  162.59554  1.85%   183 68240s
H332201 285981                     165.6628075  162.59554  1.85%   183 68240s
H332355 285981                     165.6628075  162.59554  1.85%   183 68240s
H332496 285329                     165.6565980  162.59554  1.85%   183 68240s
H336183 284631                     165.6511914  162.59554  1.84%   182 68241s
 336551 288245  165.42498  188 1349  165.65119  162.59597  1.84%   182 68939s
H336700 288225                     165.6510749  162.59597  1.84%   182 68941s
H336750 288225                     165.6510718  162.59597  1.84%   182 68942s
H337097 288225                     165.6510706  162.59597  1.84%   182 68943s
H337247 288225                     165.6510642  162.59597  1.84%   182 68944s
H337397 288225                     165.6510629  162.59597  1.84%   182 68944s
H337651 288223                     165.6510580  162.59597  1.84%   182 68945s
H338239 288223                     165.6510525  162.59597  1.84%   182 68946s
 340544 291898  163.27062   38 1718  165.65105  162.59597  1.84%   181 69681s
H343156 291898                     165.6510522  162.59597  1.84%   181 69683s
 344643 294651  165.38092  114 1522  165.65105  162.60276  1.84%   181 70231s
H345785 294651                     165.6510522  162.60377  1.84%   181 70232s
H346245 294650                     165.6510491  162.60377  1.84%   181 70233s
 347706 298767  164.28179   69 1664  165.65105  162.60381  1.84%   180 70736s
H347800 298765                     165.6510428  162.60381  1.84%   180 70738s
 352323 301730  164.33140   82 1618  165.65104  162.61018  1.84%   180 71503s
H352656 301730                     165.6510428  162.61041  1.84%   180 71505s
H352868 301730                     165.6510425  162.61075  1.84%   180 71507s
H353516 301730                     165.6510423  162.61092  1.84%   180 71507s
H353594 301730                     165.6510409  162.61092  1.84%   180 71508s
 355823 304108  165.56746   64 1658  165.65104  162.61213  1.83%   180 72184s
H356142 304108                     165.6510408  162.61335  1.83%   180 72184s
H356702 304108                     165.6510406  162.61403  1.83%   180 72185s
H357660 304108                     165.6510400  162.61408  1.83%   180 72185s
 358592 306478  165.45403   85 1593  165.65104  162.61436  1.83%   180 72689s
H359956 306478                     165.6510399  162.61436  1.83%   180 72690s
 361090 307550  163.50271   46 1723  165.65104  162.61436  1.83%   180 73096s
 362301 311679  163.88510   57 1673  165.65104  162.61660  1.83%   180 74316s
H365451 311679                     165.6510397  162.61985  1.83%   180 74317s
 367347 314725  163.58877   38 1716  165.65104  162.62097  1.83%   180 74972s
 370960 318499  164.84730  121 1539  165.65104  162.62273  1.83%   181 75542s
 375253 321947  163.82254   44 1721  165.65104  162.62711  1.83%   180 75885s
 379162 324866  163.97442   67 1636  165.65104  162.62804  1.82%   180 76684s
 380343 324866  163.99273   59 1669  165.65104  162.62804  1.82%   180 76685s
 382738 326825  165.55824  206 1306  165.65104  162.62857  1.82%   180 77977s
 385319 330000  164.34763   78 1644  165.65104  162.63574  1.82%   181 79157s
 389614 333117  163.86553   55 1668  165.65104  162.63609  1.82%   182 80032s
H392158 333117                     165.6510397  162.63609  1.82%   182 80034s
 393200 335578  165.08161  114 1553  165.65104  162.63609  1.82%   183 81048s
 396177 339785  165.58669  169 1390  165.65104  162.63998  1.82%   183 82065s
H397288 339785                     165.6510395  162.63998  1.82%   183 82066s
 401035 343305  165.49050  147 1419  165.65104  162.64445  1.82%   182 83236s
H401100 343305                     165.6510395  162.64445  1.82%   182 83238s
 405115 346883  164.99908  111 1530  165.65104  162.64695  1.81%   182 84056s
 409224 350364  163.77626   56 1683  165.65104  162.64991  1.81%   182 84443s
 413157 352993  163.33570   35 1743  165.65104  162.65190  1.81%   181 84991s
 415880 356101  164.48304   64 1659  165.65104  162.65190  1.81%   181 85734s
H419179 355855                     165.6495694  162.65190  1.81%   181 85734s
 419389 358358  165.34938  119 1529  165.64957  162.65511  1.81%   181 86570s
H419742 358358                     165.6495694  162.65570  1.81%   181 86572s
H420014 358358                     165.6495693  162.65577  1.81%   181 86573s
H420076 358358                     165.6495691  162.65577  1.81%   181 86574s
H420197 358358                     165.6495686  162.65577  1.81%   181 86575s
 422150 361802  165.32267  105 1580  165.64957  162.65607  1.81%   181 87106s
H422200 361802                     165.6495663  162.65607  1.81%   181 87106s
 426072 365400  164.55006   78 1640  165.64957  162.65914  1.81%   181 88272s
H426100 365400                     165.6495663  162.65914  1.81%   181 88273s
H426358 365400                     165.6495663  162.66005  1.80%   181 88273s
 430170 368350  164.22446   41 1714  165.64957  162.66010  1.80%   180 88901s
H432409 368350                     165.6495663  162.66010  1.80%   180 88903s
 433859 371782  163.49798   54 1685  165.64957  162.66010  1.80%   180 89421s
 437641 375953  165.35131  191 1341  165.64957  162.66274  1.80%   179 90263s
 442341 379448  165.25054  117 1519  165.64957  162.66700  1.80%   179 90826s
 446329 383158  164.57876   85 1641  165.64957  162.66743  1.80%   178 91402s
H448283 383158                     165.6495662  162.66987  1.80%   178 91404s
 449288 383158  164.49197   78 1642  165.64957  162.67070  1.80%   178 91405s
 450596 385698  165.40597  111 1553  165.64957  162.67143  1.80%   178 92261s
H451413 385698                     165.6495661  162.67143  1.80%   178 92261s
 453320 389785  164.68536   93 1593  165.64957  162.67150  1.80%   178 92817s
H453837 389785                     165.6495660  162.67156  1.80%   178 92818s
H454613 389785                     165.6495660  162.67156  1.80%   178 92818s
 457898 391725  163.87500   69 1657  165.64957  162.67156  1.80%   178 93414s
 460177 394873  164.79667  132 1494  165.64957  162.67160  1.80%   178 93874s
 463622 394873  164.73597   89 1571  165.64957  162.67160  1.80%   177 93875s
 463746 398853  164.41832   68 1653  165.64957  162.67363  1.80%   177 94618s
 468448 401489  164.28702   67 1658  165.64957  162.67848  1.79%   178 95017s
H468705 401489                     165.6495660  162.67966  1.79%   178 95019s
 471649 404607  164.75582   72 1650  165.64957  162.68217  1.79%   178 95541s
H471700 404607                     165.6495659  162.68217  1.79%   178 95542s
 475297 407433  164.01559   39 1709  165.64957  162.68232  1.79%   178 96254s
 478519 411896 infeasible   47       165.64957  162.68564  1.79%   178 96685s
 483626 415220  164.80351  118 1547  165.64957  162.68896  1.79%   177 97456s
 487898 417467  164.65673   73 1599  165.64957  162.69101  1.79%   177 97778s
 490569 420515  162.98674   33 1748  165.64957  162.69110  1.79%   177 98451s
 494339 423637  165.49555  165 1403  165.64957  162.69401  1.78%   178 98983s
 497989 426399  164.41576   83 1636  165.64957  162.69785  1.78%   178 99796s
 501145 431054  163.24838   42 1716  165.64957  162.69829  1.78%   178 100241s
 506255 435113  165.63141  211 1288  165.64957  162.70099  1.78%   177 100750s
 510867 437639  165.60254  180 1379  165.64957  162.70320  1.78%   177 101801s
 514045 440646  163.33969   50 1689  165.64957  162.70406  1.78%   177 102540s
H516442 440646                     165.6495658  162.70406  1.78%   177 102541s
 517647 444166  165.34235  206 1305  165.64957  162.70551  1.78%   178 103482s
H520649 444166                     165.6495657  162.70647  1.78%   178 103486s
 521782 446885  163.18992   34 1736  165.64957  162.70721  1.78%   178 104039s
 524773 450658  163.64542   62 1674  165.64957  162.70724  1.78%   177 104584s
 525861 450658  164.26518   68 1647  165.64957  162.71072  1.77%   177 104585s
 529139 454295  162.98496   36 1731  165.64957  162.71089  1.77%   178 105999s
 530480 454295  164.57271   78 1650  165.64957  162.71089  1.77%   178 106000s
 533311 458679  164.23524   68 1635  165.64957  162.71089  1.77%   179 106806s
 538456 462623  165.07480  142 1469  165.64957  162.71089  1.77%   179 107405s
 542873 465789  165.48188  215 1280  165.64957  162.71577  1.77%   178 108052s
 546399 468432  164.41774   74 1656  165.64957  162.71597  1.77%   178 108778s
 549387 471722  163.81826   39 1714  165.64957  162.72021  1.77%   178 109345s
 553174 475044  164.28507   73 1631  165.64957  162.72122  1.77%   178 110211s
 556866 478813  163.77810   49 1698  165.64957  162.72356  1.77%   177 111010s
 561130 483621  163.97409   56 1684  165.64957  162.72621  1.76%   177 111858s
 566359 487106  164.49040   48 1697  165.64957  162.72631  1.76%   177 112429s
 570316 490606  163.94847   69 1665  165.64957  162.72700  1.76%   177 112861s
 574578 493429  164.20636   59 1683  165.64957  162.73084  1.76%   176 113691s
 577816 496901  164.59715   60 1672  165.64957  162.73122  1.76%   176 114550s
 581903 500466  164.14760   54 1698  165.64957  162.73331  1.76%   176 115276s
H585836 503843                     165.6477765  162.73388  1.76%   177 116374s
H587613 503815                     165.6476239  162.73397  1.76%   177 116376s
H588217 503719                     165.6470738  162.73397  1.76%   177 116377s
H589115 503389                     165.6453533  162.73397  1.76%   177 116379s
H590087 505714                     165.6453532  162.73397  1.76%   177 116905s
H590261 505714                     165.6453513  162.73461  1.76%   177 116908s
 592693 508660  163.82743   53 1679  165.64535  162.73613  1.76%   177 117895s
H593260 508660                     165.6453512  162.73613  1.76%   177 117897s
H595406 508660                     165.6453511  162.73613  1.76%   177 117899s
 596226 513193  165.57432  161 1418  165.64535  162.73645  1.76%   177 118986s
H597848 513193                     165.6453511  162.73849  1.75%   177 118989s
H601195 513193                     165.6453510  162.74008  1.75%   177 118990s
 601478 515964     cutoff   57       165.64535  162.74017  1.75%   177 119683s
H602853 515964                     165.6453510  162.74018  1.75%   177 119684s
 604762 519706  164.73359   82 1622  165.64535  162.74035  1.75%   177 120216s
H605413 519706                     165.6453509  162.74241  1.75%   177 120218s
 608931 523994  164.46313   89 1595  165.64535  162.74355  1.75%   177 121441s
H610707 523994                     165.6453509  162.74355  1.75%   177 121447s
 613610 528309  165.55596  198 1330  165.64535  162.74391  1.75%   177 122271s
 618580 531059  163.80719   56 1692  165.64535  162.74460  1.75%   177 123237s
 621910 533339  165.23786  150 1469  165.64535  162.74673  1.75%   177 124206s
 624905 538140  165.53108   60 1669  165.64535  162.74964  1.75%   177 125289s
 625059 538140  163.24860   45 1701  165.64535  162.74985  1.75%   177 125290s
H629968 538140                     165.6453507  162.75123  1.75%   177 125294s
 630770 542053  164.27029   81 1627  165.64535  162.75192  1.75%   177 126168s
 634540 542053  165.47224  181 1369  165.64535  162.75197  1.75%   177 126170s
 635236 545451  164.77573   86 1606  165.64535  162.75259  1.75%   177 126834s
 639350 548955  164.32725   91 1552  165.64535  162.75538  1.74%   177 127406s
 643322 553193  164.40417   73 1622  165.64535  162.75788  1.74%   177 128105s
 648166 557130  165.06410  114 1549  165.64535  162.76014  1.74%   176 128905s
 652666 560269  164.63540   95 1592  165.64535  162.76047  1.74%   176 129549s
 656171 563370  163.79022   39 1714  165.64535  162.76199  1.74%   176 130279s
 659249 563370  164.70985   90 1561  165.64535  162.76244  1.74%   176 130280s
 659708 567022  164.02648   63 1664  165.64535  162.76302  1.74%   176 131192s
 664225 569873  164.50584   45 1690  165.64535  162.76480  1.74%   176 132594s
 667611 574138  165.08378   70 1631  165.64535  162.76670  1.74%   176 133228s
 672507 577903  163.55921   41 1746  165.64535  162.76791  1.74%   176 133701s
 676874 580510  165.45823  134 1512  165.64535  162.77049  1.74%   176 134769s
H678751 580509                     165.6453491  162.77049  1.74%   176 134777s
H679250 580336                     165.6445484  162.77049  1.74%   176 134780s
 679889 582960  164.89607   67 1666  165.64455  162.77072  1.73%   176 135689s
H679900 582945                     165.6444837  162.77072  1.73%   176 135690s
H680000 582936                     165.6444613  162.77072  1.73%   176 135690s
H680012 582936                     165.6444551  162.77097  1.73%   176 135691s
H680217 582936                     165.6444449  162.77127  1.73%   176 135692s
H682226 582936                     165.6444448  162.77214  1.73%   176 135692s
 682988 587084  164.54888   79 1638  165.64444  162.77222  1.73%   176 136707s
H683439 587084                     165.6444444  162.77242  1.73%   176 136712s
H684791 587083                     165.6444419  162.77242  1.73%   176 136715s
H685017 587083                     165.6444415  162.77242  1.73%   176 136717s
H686388 587081                     165.6444386  162.77242  1.73%   176 136720s
 687715 591923  163.20040   44 1694  165.64444  162.77357  1.73%   176 137874s
H687800 591922                     165.6444364  162.77357  1.73%   176 137877s
H688954 591922                     165.6444353  162.77455  1.73%   176 137878s
H690753 591799                     165.6438963  162.77490  1.73%   176 137879s
 693119 595461  163.65455   62 1657  165.64390  162.77557  1.73%   176 138521s
 697254 599358  165.54870  270 1188  165.64390  162.77713  1.73%   176 139571s
 701690 601992  164.05142   42 1691  165.64390  162.77724  1.73%   176 140303s
 704864 605404  164.43425   53 1654  165.64390  162.77756  1.73%   176 141329s
 705817 605404  163.32213   47 1715  165.64390  162.78004  1.73%   176 141330s
 708732 609399  165.06777  110 1551  165.64390  162.78064  1.73%   176 142338s
 713223 612988  163.55479   44 1701  165.64390  162.78199  1.73%   175 143191s
 717422 615979  164.67547   83 1633  165.64390  162.78199  1.73%   176 143920s
 720896 618644  165.20208  123 1530  165.64390  162.78443  1.73%   176 144610s
 723849 622320  163.59579   46 1705  165.64390  162.78508  1.73%   175 145938s
 728286 624520  163.95990   42 1701  165.64390  162.78652  1.73%   176 146689s
 730127 624520  164.04382   68 1664  165.64390  162.78754  1.72%   176 146690s
 731073 627619  163.45569   48 1680  165.64390  162.78754  1.72%   176 147657s
 734680 630704 infeasible  169       165.64390  162.78800  1.72%   176 148580s
H734684 630704                     165.6438960  162.78800  1.72%   176 148582s
H734793 630704                     165.6438954  162.78800  1.72%   176 148582s
H735253 630551                     165.6430942  162.78994  1.72%   176 148583s
 738250 633600  165.22217  147 1482  165.64309  162.79059  1.72%   176 149521s
H738400 633581                     165.6429853  162.79059  1.72%   176 149522s
H738596 633581                     165.6429837  162.79122  1.72%   176 149523s
H739280 633579                     165.6429807  162.79124  1.72%   176 149523s
 741704 637257  165.21523  125 1510  165.64298  162.79138  1.72%   176 150833s
H743187 637257                     165.6429804  162.79271  1.72%   176 150838s
H744156 637257                     165.6429796  162.79308  1.72%   176 150840s
H745455 637257                     165.6429787  162.79378  1.72%   176 150842s
 746431 639664  164.99901   67 1660  165.64298  162.79413  1.72%   176 152202s
H746950 639664                     165.6429787  162.79445  1.72%   176 152208s
H747745 639664                     165.6429787  162.79520  1.72%   177 152211s
H748520 639664                     165.6429777  162.79526  1.72%   177 152213s
 749503 643853  164.88693   86 1604  165.64298  162.79571  1.72%   177 153255s
H749896 643853                     165.6429771  162.79581  1.72%   177 153260s
H752253 643853                     165.6429766  162.79666  1.72%   177 153264s
 754626 647403  164.80750   58 1609  165.64298  162.79791  1.72%   177 154265s
H756118 647403                     165.6429765  162.79804  1.72%   177 154270s
H758708 647403                     165.6429765  162.79804  1.72%   177 154274s
 758888 650041  165.42263   95 1552  165.64298  162.79870  1.72%   177 155168s
H759308 650041                     165.6429765  162.79903  1.72%   177 155169s
H759471 650041                     165.6429761  162.79903  1.72%   177 155169s
H759561 650041                     165.6429758  162.79903  1.72%   177 155170s
 761857 654470  163.70990   51 1696  165.64298  162.80011  1.72%   177 156375s
H763047 654470                     165.6429758  162.80036  1.72%   177 156380s
H763731 654470                     165.6429757  162.80036  1.72%   177 156382s
 766880 657867  163.90107   64 1659  165.64298  162.80036  1.72%   177 157139s
H767121 657867                     165.6429756  162.80036  1.72%   177 157140s
 770727 661881  165.37762  185 1344  165.64298  162.80330  1.71%   177 158541s
H772477 661881                     165.6429756  162.80442  1.71%   177 158550s
 775463 663937  164.85343   94 1581  165.64298  162.80540  1.71%   177 159401s
H775798 663937                     165.6429756  162.80578  1.71%   177 159404s
 776870 663937  164.74333   82 1640  165.64298  162.80579  1.71%   177 159405s
 777988 666878  165.16129   74 1638  165.64298  162.80591  1.71%   177 160509s
H779929 666878                     165.6429755  162.80595  1.71%   177 160513s
H780029 666878                     165.6429752  162.80595  1.71%   177 160515s
 781368 670319  165.00187   67 1667  165.64298  162.80730  1.71%   177 161409s
H781500 670319                     165.6429746  162.80730  1.71%   177 161410s
 785516 673615  163.54411   36 1742  165.64297  162.80992  1.71%   177 162251s
 789466 676984  163.64865   56 1686  165.64297  162.81165  1.71%   177 162956s
H790876 676984                     165.6429744  162.81264  1.71%   177 162958s
 793333 681232  163.78334   36 1709  165.64297  162.81356  1.71%   177 163707s
 798191 684217  164.44577   85 1613  165.64297  162.81471  1.71%   177 164600s
H800921 684217                     165.6429744  162.81491  1.71%   177 164603s
 801713 686631  165.55464   86 1622  165.64297  162.81579  1.71%   177 165188s
 804398 691148  163.61021   44 1709  165.64297  162.81607  1.71%   177 166542s
 809644 695813  163.75005   48 1700  165.64297  162.81772  1.71%   177 167926s
 814912 700704  165.36820  126 1511  165.64297  162.81781  1.71%   178 169120s
 820658 704074  165.31562   68 1668  165.64297  162.82019  1.70%   178 169780s
 824735 708245  164.65088   74 1628  165.64297  162.82227  1.70%   178 170943s
 829374 711836  164.46242   77 1604  165.64297  162.82239  1.70%   178 171995s
 833370 715567  165.45582   75 1628  165.64297  162.82330  1.70%   178 173239s
 837842 718619  164.56737   42 1693  165.64297  162.82520  1.70%   178 174454s
 839094 718619  164.06750   48 1692  165.64297  162.82537  1.70%   178 174455s
 841559 721824  164.19555   34 1704  165.64297  162.82545  1.70%   178 175845s
H844425 721824                     165.6429744  162.82559  1.70%   178 175855s
 845342 725421  163.76274   45 1721  165.64297  162.82647  1.70%   178 176647s
 849516 729469  164.72799   98 1586  165.64297  162.82781  1.70%   178 177540s
 854232 732774  163.44567   49 1704  165.64297  162.83004  1.70%   178 178386s
H855044 732774                     165.6429743  162.83021  1.70%   178 178389s
 858131 736421  165.06713   85 1616  165.64297  162.83071  1.70%   178 179171s
 862507 741048  165.42145   90 1567  165.64297  162.83223  1.70%   178 180036s
 867797 743382  165.13439   90 1618  165.64297  162.83426  1.70%   178 180781s
 870529 748030  164.82787   87 1615  165.64297  162.83433  1.70%   178 181441s
 875714 751634  164.99734  118 1549  165.64297  162.83647  1.69%   178 182125s
 879889 753993     cutoff  103       165.64297  162.83675  1.69%   177 182791s
 882683 756506  163.81004   46 1706  165.64297  162.83712  1.69%   177 183808s
 885835 759827  163.23043   44 1706  165.64297  162.83800  1.69%   178 185000s
 889607 764106  164.75094  107 1549  165.64297  162.83800  1.69%   178 185911s
 894590 767112  165.58434  205 1288  165.64297  162.83967  1.69%   178 187250s
 898118 772069  163.65932   49 1695  165.64297  162.84200  1.69%   178 187885s
 903625 776553  164.72956   96 1586  165.64297  162.84292  1.69%   178 189224s
 904705 776553  165.09440   69 1655  165.64297  162.84292  1.69%   178 189225s
 908796 778858  163.40209   39 1718  165.64297  162.84292  1.69%   178 189653s
 911533 783131  165.21881   90 1597  165.64297  162.84293  1.69%   178 190561s
 916516 787562  165.22199   46 1659  165.64297  162.84582  1.69%   178 191761s
 921612 791872  165.58481  197 1332  165.64297  162.84736  1.69%   178 192264s
 923244 791872  163.58712   58 1676  165.64297  162.84792  1.69%   177 192265s
 926482 795317  165.54288  205 1324  165.64297  162.84868  1.69%   177 193368s
 930540 798655  163.77233   38 1697  165.64297  162.84919  1.69%   177 194638s
 934744 801449  164.44231   38 1702  165.64297  162.85158  1.69%   178 195743s
 938272 801449  165.14233   99 1586  165.64297  162.85296  1.68%   178 195745s
 938429 806047  163.82515   39 1712  165.64297  162.85315  1.68%   178 197208s
 943649 810378  165.34355  117 1502  165.64297  162.85392  1.68%   178 198085s
 948656 813426  165.16001  142 1477  165.64297  162.85495  1.68%   178 199096s
 952265 817443  165.03454  109 1578  165.64297  162.85640  1.68%   178 200401s
 956884 820314  165.06748   96 1540  165.64297  162.85716  1.68%   178 201245s
 960272 824825  165.58655   92 1598  165.64297  162.85750  1.68%   178 202128s
 965321 828793  165.57501  144 1434  165.64297  162.85943  1.68%   178 203337s
 970104 832504  164.48287   46 1727  165.64297  162.85950  1.68%   178 203864s
 974024 832504  163.98175   65 1663  165.64297  162.86132  1.68%   178 203865s
 974484 835891  165.06102  100 1532  165.64297  162.86188  1.68%   178 204508s
 977816 835891  164.14923   55 1680  165.64297  162.86208  1.68%   178 204510s
 978411 840541  164.86240   99 1600  165.64297  162.86235  1.68%   178 205351s
 983660 844348  164.79995  110 1568  165.64297  162.86394  1.68%   178 206186s
 988024 847047  165.51737  191 1334  165.64297  162.86424  1.68%   178 207596s
 991593 849834  163.84096   48 1681  165.64297  162.86638  1.68%   178 208572s
 994940 855576  165.02130  105 1548  165.64297  162.86711  1.68%   179 209644s
 1001350 860087  164.94424   87 1572  165.64297  162.86832  1.68%   178 210839s
 1006542 863710  164.48006   38 1701  165.64297  162.86917  1.67%   178 212179s
H1007509 863710                     165.6429743  162.86983  1.67%   178 212187s
H1008754 863710                     165.6429735  162.87007  1.67%   178 212191s
 1011076 866734  163.74336   44 1732  165.64297  162.87071  1.67%   178 213608s
 1014700 869882  164.87246   66 1657  165.64297  162.87128  1.67%   179 214358s
 1018387 873201  163.31370   42 1697  165.64297  162.87251  1.67%   179 215097s
 1022268 877184  165.29425  120 1514  165.64297  162.87304  1.67%   179 216199s
 1026820 880896  165.35049  162 1393  165.64297  162.87404  1.67%   178 216809s
 1028342 880896  163.87632   50 1704  165.64297  162.87486  1.67%   178 216810s
 1031340 884790  164.84708   89 1591  165.64297  162.87564  1.67%   179 218261s
 1036223 886587  163.98389   41 1699  165.64297  162.87635  1.67%   179 218638s
 1038690 889495  165.59966  119 1516  165.64297  162.87728  1.67%   179 219267s
 1042280 893156  165.11825  144 1481  165.64297  162.87842  1.67%   179 220437s
 1046367 896988  165.37310  101 1544  165.64297  162.87927  1.67%   180 221230s
 1051079 899765  164.57658   55 1687  165.64297  162.87985  1.67%   180 221626s
 1054302 905863  165.33411   77 1626  165.64297  162.88121  1.67%   180 222698s
 1061376 909005  164.67799   38 1684  165.64297  162.88308  1.67%   180 223800s
H1063440 909005                     165.6429735  162.88308  1.67%   180 223805s
 1064994 912006  163.90533   73 1651  165.64297  162.88308  1.67%   180 224435s
 1068759 915600  165.13226  180 1402  165.64297  162.88465  1.67%   179 225232s
 1072919 919884  164.95718  124 1548  165.64297  162.88556  1.66%   179 225987s
 1077920 923870  164.90087   76 1638  165.64297  162.88694  1.66%   179 226836s
 1082529 927500  165.09324   92 1558  165.64297  162.88789  1.66%   179 228244s
 1084792 927500  163.92115   55 1702  165.64297  162.88897  1.66%   179 228245s
 1086918 930984  165.47166   98 1570  165.64297  162.88935  1.66%   179 229571s
 1091575 933627     cutoff  126       165.64297  162.89070  1.66%   180 230430s
 1095111 937274     cutoff  146       165.64297  162.89155  1.66%   180 231490s
 1099436 940896  163.82304   44 1689  165.64297  162.89255  1.66%   180 232221s
 1103565 945069  165.48925  120 1548  165.64297  162.89318  1.66%   180 232883s
 1108151 948816  165.36157  102 1587  165.64297  162.89338  1.66%   180 233897s
 1112476 952276  163.82458   61 1672  165.64297  162.89403  1.66%   180 235396s
 1116625 956922  165.55797  186 1341  165.64297  162.89416  1.66%   180 236606s
 1121885 960456  165.51520  193 1327  165.64297  162.89707  1.66%   180 237928s
 1123830 960456  164.47591   59 1684  165.64297  162.89729  1.66%   180 237930s
 1126105 963726  164.81744   44 1716  165.64297  162.89757  1.66%   180 239594s
 1130045 968144  164.45004   72 1627  165.64297  162.89890  1.66%   180 241234s
 1134084 968144  165.38568   84 1604  165.64297  162.89890  1.66%   180 241236s
 1134974 972055  164.05176   42 1715  165.64297  162.89899  1.66%   180 242175s
 1139705 976238  165.60050   95 1595  165.64297  162.90015  1.66%   180 243241s
 1144594 979512  164.09083   66 1660  165.64297  162.90066  1.66%   180 243815s
 1148273 983463  165.10616  124 1553  165.64297  162.90125  1.66%   180 244937s
 1152824 986495  164.27662   54 1677  165.64297  162.90293  1.65%   180 245636s
 1156329 991603  165.18207  133 1513  165.64297  162.90333  1.65%   180 246377s
 1162100 994550  163.93440   71 1657  165.64297  162.90463  1.65%   180 247256s
 1165724 999033  165.29840  191 1349  165.64297  162.90470  1.65%   180 247967s
 1171125 1003475  165.23812  109 1519  165.64297  162.90650  1.65%   180 248629s
 1174627 1003475  163.73260   57 1676  165.64297  162.90722  1.65%   180 248630s
 1176253 1007165  164.95981   88 1550  165.64297  162.90764  1.65%   180 249872s
 1180501 1011662  165.42182   63 1608  165.64297  162.90790  1.65%   180 250839s
 1185543 1016104  165.10764  138 1505  165.64297  162.90925  1.65%   180 251459s
 1188432 1016104  164.75206  101 1560  165.64297  162.90934  1.65%   180 251461s
 1190651 1019500  163.90679   53 1687  165.64297  162.90941  1.65%   180 252676s
 1194804 1024021  163.90853   59 1676  165.64297  162.91102  1.65%   180 254004s
 1196456 1024021  163.21622   45 1713  165.64297  162.91172  1.65%   180 254005s
 1200146 1027768  164.69431   74 1638  165.64297  162.91218  1.65%   180 255234s
 1203655 1027768  164.01522   55 1693  165.64297  162.91238  1.65%   180 255235s
 1204433 1031724  164.42152   65 1665  165.64297  162.91332  1.65%   180 255945s
 1209157 1035454     cutoff   78       165.64297  162.91426  1.65%   180 256937s
 1213397 1038333  164.17129   72 1657  165.64297  162.91437  1.65%   180 258305s
 1216939 1041916  164.23296   63 1629  165.64297  162.91604  1.65%   180 259595s
 1221471 1045221  163.71242   51 1692  165.64297  162.91746  1.65%   180 261280s
 1225331 1050356  164.98058  116 1533  165.64297  162.91798  1.65%   180 262544s
 1227929 1050356  165.31148  165 1419  165.64297  162.91872  1.64%   180 262545s
 1231466 1054177  164.44928   48 1684  165.64297  162.91907  1.64%   181 263466s
 1236040 1058546  164.93622  122 1567  165.64297  162.91994  1.64%   181 264612s
 1241368 1062169  164.19803   61 1685  165.64297  162.92070  1.64%   181 265081s
 1245545 1066287  165.62396  149 1451  165.64297  162.92095  1.64%   181 266204s
 1248863 1066287  164.83129  118 1551  165.64297  162.92189  1.64%   181 266205s
 1250536 1070652  164.96404  114 1523  165.64297  162.92213  1.64%   181 267259s
 1254454 1070652  165.46046  136 1507  165.64297  162.92327  1.64%   181 267260s
 1255582 1074278  164.01090   64 1666  165.64297  162.92338  1.64%   181 268218s
 1259885 1077547  165.15012  137 1498  165.64297  162.92425  1.64%   181 269117s
 1263817 1082268  164.45778   61 1671  165.64297  162.92500  1.64%   181 269861s
 1269324 1086815  164.89462  107 1576  165.64297  162.92637  1.64%   180 270825s
 1274784 1089602  163.52237   50 1709  165.64297  162.92768  1.64%   181 271970s
 1278312 1094924  164.13057   55 1695  165.64297  162.92853  1.64%   181 272893s
 1280937 1094924 infeasible   48       165.64297  162.92907  1.64%   181 272895s
 1284505 1098621  164.25819   58 1665  165.64297  162.92993  1.64%   181 273954s
 1287760 1098621  165.30963   99 1590  165.64297  162.93009  1.64%   181 273955s
 1288770 1102252  164.29782   46 1731  165.64297  162.93118  1.64%   181 274643s
 1292858 1106183  163.72485   43 1725  165.64297  162.93124  1.64%   181 275701s
 1297385 1109538  164.39750   77 1628  165.64297  162.93188  1.64%   181 276594s
 1301072 1109538  164.66907   66 1650  165.64297  162.93307  1.64%   181 276596s
 1301460 1112639  163.92690   50 1695  165.64297  162.93323  1.64%   181 277709s
 1305581 1115165  164.76350   66 1644  165.64297  162.93409  1.64%   181 278924s
 1305633 1115165  165.48776   47 1699  165.64297  162.93409  1.64%   181 278925s
 1308502 1120630  165.37303   92 1580  165.64297  162.93418  1.64%   181 280661s
 1315155 1125460  165.48030  126 1487  165.64297  162.93576  1.63%   182 281684s
 1320836 1128816  163.93630   51 1683  165.64297  162.93640  1.63%   181 282678s
 1325014 1133561  163.48863   51 1689  165.64297  162.93803  1.63%   182 283488s
 1330519 1137396  164.01263   62 1654  165.64297  162.93872  1.63%   182 284616s
 1335051 1141314  164.85313   74 1628  165.64297  162.93951  1.63%   182 285860s
 1339831 1145434  164.22603   71 1650  165.64297  162.94014  1.63%   182 287282s
 1344597 1148461  164.51131  100 1572  165.64297  162.94155  1.63%   182 288297s
 1347941 1152649  165.63635  289 1112  165.64297  162.94155  1.63%   182 289620s
 1352995 1156053  164.85681  120 1497  165.64297  162.94251  1.63%   182 290759s
 1357050 1160122  164.63807   73 1649  165.64297  162.94311  1.63%   182 292321s
 1361993 1163419  163.78129   49 1692  165.64297  162.94441  1.63%   182 293752s
 1365837 1167841  164.04018   51 1681  165.64297  162.94448  1.63%   182 294675s
 1370663 1171388  165.21860   94 1591  165.64297  162.94448  1.63%   182 296129s
 1372736 1171388  165.49887  161 1411  165.64297  162.94448  1.63%   182 296130s
 1374933 1174850  165.34885  101 1528  165.64297  162.94456  1.63%   182 297789s
 1379179 1177930  163.26346   36 1720  165.64297  162.94662  1.63%   182 298825s
 1382804 1182332  164.79557   53 1673  165.64297  162.94673  1.63%   182 299879s
 1386277 1182332  163.72423   51 1670  165.64297  162.94842  1.63%   182 299880s
 1388080 1185808  164.76103   88 1613  165.64297  162.94875  1.63%   182 301194s
 1391970 1189480  163.77957   50 1692  165.64297  162.94892  1.63%   182 302475s
 1396395 1192487  165.10162  115 1531  165.64297  162.95014  1.63%   182 303872s
 1400058 1197875  164.88734   78 1641  165.64297  162.95038  1.63%   182 304761s
 1406231 1200927  164.21941   72 1632  165.64297  162.95163  1.62%   182 306468s
 1410387 1203751  165.59081   67 1640  165.64297  162.95255  1.62%   182 307448s
 1413874 1207357  165.38593  135 1450  165.64297  162.95295  1.62%   182 309476s
 1418441 1212167  165.23515  115 1518  165.64297  162.95431  1.62%   183 311651s
 1424167 1216072  165.46535  116 1510  165.64297  162.95516  1.62%   183 313690s
 1428702 1220683  165.21020  146 1489  165.64297  162.95609  1.62%   183 315825s
 1434024 1224130  165.39112  179 1371  165.64297  162.95676  1.62%   183 317173s
 1438219 1227396  163.34294   41 1690  165.64297  162.95733  1.62%   183 319688s
 1442192 1230546  163.62782   50 1665  165.64297  162.95866  1.62%   183 320918s
 1445813 1235268  165.16143  100 1535  165.64297  162.95925  1.62%   183 323545s
 1451322 1237480  164.04572   62 1662  165.64297  162.95951  1.62%   183 326398s
 1453940 1241961  164.82262  103 1579  165.64297  162.95961  1.62%   183 329085s
 1459283 1244577  165.17780  136 1478  165.64297  162.96096  1.62%   183 330588s
 1460533 1244577  164.23074   42 1690  165.64297  162.96149  1.62%   183 330590s
 1462512 1250563  163.72490   58 1671  165.64297  162.96163  1.62%   183 335306s
 1469541 1255361  164.69648   56 1663  165.64297  162.96206  1.62%   184 338100s
 1474935 1260198     cutoff   85       165.64297  162.96301  1.62%   183 340315s
 1480659 1264106  164.76925   78 1645  165.64297  162.96327  1.62%   183 342262s
 1482982 1264106     cutoff  147       165.64297  162.96406  1.62%   183 342265s
 1485431 1268194  164.93867  119 1541  165.64297  162.96436  1.62%   183 344359s
 1490592 1271446  164.44104   51 1693  165.64297  162.96497  1.62%   183 345777s
 1494489 1275963  164.81428   62 1672  165.64297  162.96545  1.62%   183 348719s
 1495074 1275963  164.52145  103 1579  165.64297  162.96601  1.62%   184 348720s
 1499724 1281269  165.03808   69 1640  165.64297  162.96663  1.62%   183 350996s
 1505724 1284129  165.60295  106 1566  165.64297  162.96701  1.62%   183 353097s
 1509015 1289601  165.52807  133 1526  165.64297  162.96764  1.62%   183 355217s
 1515171 1293707  164.66611   93 1591  165.64297  162.96833  1.61%   183 358361s
 1520031 1297429  164.43760   71 1645  165.64297  162.96911  1.61%   183 359630s
 1524610 1301949  164.12950   53 1691  165.64297  162.97003  1.61%   183 362329s
 1530013 1305743  163.43013   52 1690  165.64297  162.97102  1.61%   183 363828s
 1534622 1309719  164.14541   61 1684  165.64297  162.97191  1.61%   183 365900s
 1540089 1312849  164.90161   76 1649  165.64297  162.97281  1.61%   183 368373s
 1543820 1316965  164.52194   90 1600  165.64297  162.97345  1.61%   183 371630s
 1548887 1320235  163.96392   56 1676  165.64297  162.97439  1.61%   183 373710s
 1552768 1325538  163.52858   45 1702  165.64297  162.97511  1.61%   184 376515s
 1558881 1329204  165.09706   56 1682  165.64297  162.97597  1.61%   183 378476s
 1563155 1333421     cutoff  104       165.64297  162.97642  1.61%   184 380959s
 1563642 1333421  164.36919   64 1654  165.64297  162.97683  1.61%   184 380960s
 1568129 1338151  163.19472   39 1708  165.64297  162.97686  1.61%   184 383200s
 1573514 1343438  163.94676   60 1660  165.64297  162.97799  1.61%   184 385439s
 1576133 1343438  164.90195   88 1598  165.64297  162.97812  1.61%   184 385440s
 1579578 1346541  163.21357   38 1736  165.64297  162.97813  1.61%   184 387652s
 1583433 1352132  164.83842   47 1683  165.64297  162.97928  1.61%   184 389318s
 1589134 1352132  165.09783   60 1671  165.64297  162.98012  1.61%   184 389320s
 1589897 1355370  165.39302  183 1372  165.64297  162.98023  1.61%   184 390874s
 1591388 1355370  165.34241   63 1652  165.64297  162.98058  1.61%   184 390875s
 1593750 1359339  165.10780  133 1510  165.64297  162.98093  1.61%   184 392391s
 1598689 1362729  163.40731   52 1692  165.64297  162.98178  1.61%   184 394226s
 1602997 1366256  165.23953  164 1434  165.64297  162.98202  1.61%   184 395627s
 1607419 1370061  165.04496   63 1651  165.64297  162.98255  1.61%   184 396285s
 1612831 1373799     cutoff   45       165.64297  162.98396  1.61%   184 396920s
 1617427 1377887  165.19177  110 1536  165.64297  162.98489  1.60%   184 399270s
 1622412 1382033  164.11303   56 1666  165.64297  162.98513  1.60%   185 400565s
 1627310 1385534     cutoff  151       165.64297  162.98599  1.60%   185 402103s
 1632006 1388917     cutoff   56       165.64297  162.98688  1.60%   185 404062s
 1636936 1392729  163.78497   63 1662  165.64297  162.98697  1.60%   186 404722s
 1641844 1397199  163.45327   46 1713  165.64297  162.98814  1.60%   186 405142s
 1646851 1401119  165.26822  118 1562  165.64297  162.98878  1.60%   186 406247s
 1650565 1401119  164.92583   86 1611  165.64297  162.98931  1.60%   186 406250s
 1651709 1405702  165.09794   85 1576  165.64297  162.98944  1.60%   186 407667s
 1657041 1410238  165.05182   80 1621  165.64297  162.99052  1.60%   186 408884s
 1660399 1410238  164.48225   45 1711  165.64297  162.99100  1.60%   186 408885s
 1662325 1413648  164.50769   81 1616  165.64297  162.99140  1.60%   186 410104s
 1666690 1416776  163.96766   57 1676  165.64297  162.99208  1.60%   186 411254s
 1668505 1416776  163.83392   52 1675  165.64297  162.99251  1.60%   186 411256s
 1670455 1420004  163.94958   50 1694  165.64297  162.99280  1.60%   186 412758s
 1674810 1424191  164.35386   48 1682  165.64297  162.99366  1.60%   186 414662s
 1679825 1424191     cutoff   57       165.64297  162.99403  1.60%   186 414665s
 1680016 1428525  163.70300   61 1676  165.64297  162.99449  1.60%   186 415332s
 1685089 1431263  164.93890   76 1641  165.64297  162.99527  1.60%   186 416121s
 1688494 1434898  163.92254   59 1670  165.64297  162.99573  1.60%   186 416461s
 1692537 1439388  165.12439  123 1502  165.64297  162.99582  1.60%   186 418057s
 1698078 1443045  163.99258   67 1642  165.64297  162.99706  1.60%   186 419748s
 1702324 1447569  163.95563   51 1687  165.64297  162.99768  1.60%   186 420839s
 1704572 1447569  165.60668  136 1474  165.64297  162.99801  1.60%   186 420840s
 1707705 1451344  164.39679   75 1621  165.64297  162.99832  1.60%   186 422266s
 1712500 1454231  165.08931   43 1723  165.64297  162.99926  1.60%   187 423979s
 1714160 1454231  164.35653   66 1646  165.64297  162.99953  1.60%   187 423980s
 1715955 1458587  165.33668  118 1571  165.64297  162.99954  1.60%   187 425159s
 1721338 1462765  165.18076  153 1417  165.64297  163.00052  1.60%   187 425628s
 1726360 1466695  165.38244  140 1515  165.64297  163.00131  1.59%   187 426643s
 1730010 1466695  165.46835  125 1474  165.64297  163.00181  1.59%   187 426645s
 1730993 1470502  164.33464   71 1648  165.64297  163.00193  1.59%   187 428039s
 1732942 1470502  164.20843   56 1684  165.64297  163.00218  1.59%   187 428040s
 1735266 1475105  164.63732   88 1622  165.64297  163.00246  1.59%   187 430096s
 1740579 1477671  165.27058   57 1673  165.64297  163.00263  1.59%   187 430776s
 1744279 1482129  164.88674   88 1599  165.64297  163.00296  1.59%   187 431836s
 1749544 1486941  165.39477  106 1491  165.64297  163.00356  1.59%   187 432875s
 1755260 1491443  165.03539  112 1509  165.64297  163.00433  1.59%   187 434364s
 1757290 1491443  165.03428   68 1622  165.64297  163.00468  1.59%   187 434365s
 1760521 1496018  163.87967   61 1652  165.64297  163.00519  1.59%   187 435862s
 1766318 1500069  164.82229   60 1653  165.64297  163.00591  1.59%   187 437275s
 1771623 1504596  164.20698   51 1690  165.64297  163.00614  1.59%   187 438999s
 1772988 1504596     cutoff   47       165.64297  163.00677  1.59%   187 439000s
 1777110 1509005  164.74654   61 1624  165.64297  163.00747  1.59%   187 440419s
 1778268 1509005  163.41735   51 1676  165.64297  163.00790  1.59%   187 440420s
 1782050 1512826  164.97944   81 1626  165.64297  163.00820  1.59%   187 441829s
 1783120 1512826  165.33842   73 1637  165.64297  163.00829  1.59%   187 441830s
 1786557 1515795  165.21358   95 1600  165.64297  163.00845  1.59%   187 443275s
 1790273 1519649  163.50920   61 1653  165.64297  163.00874  1.59%   188 443996s
 1794932 1524294  165.63099  289 1090  165.64297  163.00977  1.59%   188 446695s
 1800473 1527930  164.30595   65 1639  165.64297  163.01064  1.59%   188 448030s
 1804726 1532846  165.46707  137 1500  165.64297  163.01083  1.59%   188 449150s
 1810496 1535664  165.42225   82 1632  165.64297  163.01172  1.59%   188 450469s
 1812800 1535664  163.96010   55 1646  165.64297  163.01241  1.59%   188 450470s
 1814493 1538717  164.24834   62 1658  165.64297  163.01246  1.59%   188 451970s
 1818485 1541516  165.58070  144 1455  165.64297  163.01271  1.59%   188 454641s
 1822294 1545509  164.53398   84 1612  165.64297  163.01358  1.59%   188 456184s
 1826881 1545509  165.18605  119 1518  165.64297  163.01436  1.59%   188 456187s
 1827088 1550238  163.58055   47 1718  165.64297  163.01463  1.59%   188 457828s
 1832815 1554451  165.40347  122 1537  165.64297  163.01527  1.59%   188 459370s
 1838002 1558427  164.83135  104 1580  165.64297  163.01618  1.59%   188 460427s
 1842704 1561142  164.32389   71 1632  165.64297  163.01685  1.59%   188 461649s
 1844801 1561142  165.19213  105 1565  165.64297  163.01685  1.59%   188 461650s
 1845710 1565763  165.17030  123 1548  165.64297  163.01688  1.59%   188 463163s
 1848829 1565763  163.83224   55 1671  165.64297  163.01745  1.59%   188 463165s
 1851383 1568654  164.06931   77 1634  165.64297  163.01787  1.58%   188 464237s
 1855160 1572738  164.62675   42 1717  165.64297  163.01861  1.58%   189 466199s
 1855691 1572738  164.47234   65 1654  165.64297  163.01868  1.58%   189 466200s
 1859798 1577239  165.11227  135 1511  165.64297  163.01911  1.58%   189 467518s
 1864893 1580477  165.55914  118 1559  165.64297  163.01933  1.58%   189 469353s
 1867225 1580477  164.98224   80 1623  165.64297  163.02007  1.58%   189 469355s
 1868850 1585043  163.39446   49 1707  165.64297  163.02029  1.58%   189 471134s
 1870493 1585043  164.61496   64 1685  165.64297  163.02062  1.58%   189 471135s
 1874532 1590350  163.23670   48 1695  165.64297  163.02095  1.58%   189 473541s
 1880614 1594799  164.68910   89 1575  165.64297  163.02191  1.58%   189 475166s
 1885984 1596151  164.71641   64 1670  165.64297  163.02246  1.58%   189 477343s
 1887696 1600108  165.20078   81 1651  165.64297  163.02257  1.58%   189 478921s
 1892429 1605878 infeasible   98       165.64297  163.02340  1.58%   189 480552s
 1899069 1609874  164.72184   72 1640  165.64297  163.02413  1.58%   189 481783s
 1903641 1614734  164.52042   91 1551  165.64297  163.02434  1.58%   189 484042s
 1909390 1618113  165.33875   70 1650  165.64297  163.02508  1.58%   189 486276s
 1913639 1622956  164.20778   60 1661  165.64297  163.02587  1.58%   189 487490s
 1919509 1628043  165.32003   90 1580  165.64297  163.02688  1.58%   189 489090s
 1925495 1631391  165.22882  102 1582  165.64297  163.02747  1.58%   189 490426s
 1929469 1635427  165.29295  122 1528  165.64297  163.02808  1.58%   189 491614s
 1930854 1635427  163.93180   73 1628  165.64297  163.02820  1.58%   189 491615s
 1934258 1639819  165.23486   48 1706  165.64297  163.02865  1.58%   189 492871s
 1939457 1643701  165.44199  148 1445  165.64297  163.02931  1.58%   189 493234s
 1943951 1648988  164.44015   68 1649  165.64297  163.02980  1.58%   189 494219s
 1945033 1648988  165.21427  116 1542  165.64297  163.02992  1.58%   189 494220s
 1949875 1652713  164.86157  110 1553  165.64297  163.03031  1.58%   189 495015s
 1954274 1657169  165.05686   65 1636  165.64297  163.03063  1.58%   189 496134s
 1955778 1657169  164.99726   66 1639  165.64297  163.03103  1.58%   189 496135s
 1959390 1660716  165.58353  122 1527  165.64297  163.03111  1.58%   189 497571s
 1963776 1664739 infeasible   49       165.64297  163.03192  1.58%   189 499120s
 1968566 1669581  165.26498   74 1646  165.64297  163.03258  1.58%   189 501307s
 1974112 1674194  164.79151   77 1619  165.64297  163.03298  1.58%   189 503571s
 1979750 1678784  163.67559   48 1694  165.64297  163.03435  1.57%   189 505351s
