
Gurobi 9.1.0 (linux64) logging started Mon Aug  2 23:11:12 2021

Changed value of parameter LogFile to eab_parasitoid_fastdisp_0_1.log
   Prev:   Default: 
Changed value of parameter MIPGap to 0.01
   Prev: 0.0001  Min: 0.0  Max: inf  Default: 0.0001
Changed value of parameter Method to 2
   Prev: -1  Min: -1  Max: 5  Default: -1
Changed value of parameter MIPFocus to 2
   Prev: 0  Min: 0  Max: 3  Default: 0
Changed value of parameter RINS to 100
   Prev: -1  Min: -1  Max: 2000000000  Default: -1
Gurobi Optimizer version 9.1.0 build v9.1.0rc0 (linux64)
Thread count: 32 physical cores, 32 logical processors, using up to 32 threads
Optimize a model with 205176 rows, 134930 columns and 701600 nonzeros
Model fingerprint: 0x063250f9
Variable types: 55774 continuous, 79156 integer (79156 binary)
Coefficient statistics:
  Matrix range     [2e-04, 1e+06]
  Objective range  [1e-06, 1e-01]
  Bounds range     [1e+00, 6e+03]
  RHS range        [1e-04, 1e+06]
Presolve removed 194800 rows and 126473 columns
Presolve time: 5.00s
Presolved: 10376 rows, 8457 columns, 137514 nonzeros
Variable types: 3426 continuous, 5031 integer (5029 binary)
Presolve removed 20 rows and 14 columns
Presolved: 10356 rows, 8443 columns, 137467 nonzeros

Root barrier log...

Ordering time: 0.26s

Barrier statistics:
 Dense cols : 148
 AA' NZ     : 5.997e+05
 Factor NZ  : 3.341e+06 (roughly 35 MBytes of memory)
 Factor Ops : 3.079e+09 (less than 1 second per iteration)
 Threads    : 31

                  Objective                Residual
Iter       Primal          Dual         Primal    Dual     Compl     Time
   0   2.35063708e+03 -1.11759311e+04  2.50e+04 1.37e-01  4.15e+01     6s
   1   1.86510601e+03 -1.24876654e+04  1.73e+04 2.67e-01  2.74e+01     6s
   2   1.02709077e+03 -1.22250052e+04  3.35e+03 1.13e-14  5.93e+00     6s
   3   7.88329758e+02 -7.52701635e+03  3.81e+02 1.13e-14  8.62e-01     6s
   4   7.12521149e+02 -2.63615562e+03  4.07e+01 1.24e-14  1.61e-01     6s
   5   6.95123558e+02 -5.20080557e+02  1.43e+01 2.16e-15  5.20e-02     6s
   6   6.84138724e+02  1.28641636e+02  3.67e+00 1.06e-15  2.19e-02     6s
   7   6.78873568e+02  5.56279719e+02  7.91e-01 1.49e-15  4.70e-03     6s
   8   6.75056578e+02  6.27196289e+02  2.22e-03 1.16e-15  1.80e-03     6s
   9   6.73365076e+02  6.53392625e+02  7.33e-04 5.08e-16  7.48e-04     6s
  10   6.72725943e+02  6.63652777e+02  4.24e-04 4.88e-15  3.39e-04     7s
  11   6.72265139e+02  6.67400655e+02  2.54e-04 6.22e-15  1.82e-04     7s
  12   6.71736068e+02  6.69591045e+02  8.41e-05 4.00e-15  8.00e-05     7s
  13   6.71591279e+02  6.70353865e+02  5.28e-05 4.00e-15  4.62e-05     7s
  14   6.71517521e+02  6.70700623e+02  3.74e-05 1.11e-16  3.05e-05     7s
  15   6.71451173e+02  6.70894865e+02  2.43e-05 8.88e-16  2.07e-05     7s
  16   6.71388127e+02  6.71120879e+02  1.19e-05 1.11e-16  9.97e-06     7s
  17   6.71361403e+02  6.71181306e+02  6.88e-06 1.33e-15  6.72e-06     7s
  18   6.71340689e+02  6.71291292e+02  3.03e-06 1.11e-16  1.84e-06     7s
  19   6.71335728e+02  6.71302628e+02  2.10e-06 1.11e-16  1.23e-06     7s
  20   6.71328270e+02  6.71316955e+02  6.71e-07 9.33e-15  4.22e-07     7s
  21   6.71326108e+02  6.71322990e+02  2.59e-07 1.78e-15  1.16e-07     7s
  22   6.71325021e+02  6.71323860e+02  6.72e-08 2.22e-15  4.33e-08     7s
  23   6.71324769e+02  6.71324256e+02  2.34e-08 4.88e-15  1.91e-08     7s
  24   6.71324674e+02  6.71324467e+02  7.09e-09 7.12e-17  7.71e-09     7s
  25   6.71324638e+02  6.71324572e+02  1.54e-09 1.39e-16  2.47e-09     8s
  26   6.71324633e+02  6.71324603e+02  7.80e-10 5.77e-15  1.12e-09     8s
  27   6.71324629e+02  6.71324624e+02  1.20e-10 6.66e-15  1.62e-10     8s
  28   6.71324628e+02  6.71324627e+02  2.43e-11 7.78e-14  5.44e-11     8s

Barrier solved model in 28 iterations and 7.71 seconds
Optimal objective 6.71324628e+02


Root crossover log...

     703 DPushes remaining with DInf 0.0000000e+00                 8s
       0 DPushes remaining with DInf 0.0000000e+00                 8s

    4595 PPushes remaining with PInf 6.5944959e-05                 8s
       0 PPushes remaining with PInf 1.1340002e-02                 8s

  Push phase complete: Pinf 1.1340002e-02, Dinf 1.3725787e-03      8s


Root simplex log...

Iteration    Objective       Primal Inf.    Dual Inf.      Time
    5173    6.7132463e+02   0.000000e+00   1.372579e-03      8s
    5187    6.7132463e+02   0.000000e+00   0.000000e+00      8s
    5187    6.7132463e+02   0.000000e+00   0.000000e+00      8s

Root relaxation: objective 6.713246e+02, 5187 iterations, 2.72 seconds

    Nodes    |    Current Node    |     Objective Bounds      |     Work
 Expl Unexpl |  Obj  Depth IntInf | Incumbent    BestBd   Gap | It/Node Time

     0     0  671.34181    0 2084          -  671.34181      -     -    8s
     0     0  673.23571    0 2688          -  673.23571      -     -   13s
     0     0  673.89554    0 2737          -  673.89554      -     -   19s
     0     0  673.98582    0 2759          -  673.98582      -     -   20s
     0     0  673.98979    0 2762          -  673.98979      -     -   21s
     0     0  673.98983    0 2769          -  673.98983      -     -   21s
     0     0  677.06242    0 2686          -  677.06242      -     -   31s
     0     0  677.59236    0 2629          -  677.59236      -     -   44s
     0     0  677.71494    0 2492          -  677.71494      -     -   53s
     0     0  677.76094    0 2489          -  677.76094      -     -   55s
     0     0  677.76245    0 2497          -  677.76245      -     -   59s
H    0     0                     736.4859775  677.76245  7.97%     -   97s
H    0     0                     736.4552805  677.76245  7.97%     -   97s
     0     0  678.60114    0 2554  736.45528  678.60114  7.86%     -   98s
H    0     0                     736.4549773  678.60114  7.86%     -   98s
H    0     0                     736.3619111  678.60114  7.84%     -  102s
     0     0  678.77550    0 2489  736.36191  678.77550  7.82%     -  102s
     0     0  678.84884    0 2480  736.36191  678.84884  7.81%     -  108s
H    0     0                     702.6310423  678.84884  3.38%     -  110s
     0     0  678.85337    0 2456  702.63104  678.85337  3.38%     -  110s
H    0     0                     700.3984488  678.85337  3.08%     -  112s
     0     0  678.85511    0 2464  700.39845  678.85511  3.08%     -  112s
H    0     0                     700.3971348  678.85511  3.08%     -  116s
H    0     0                     700.3641245  678.85511  3.07%     -  123s
H    0     0                     700.3636306  678.85511  3.07%     -  123s
H    0     0                     699.9687854  678.85511  3.02%     -  123s
     0     0  679.06812    0 2409  699.96879  679.06812  2.99%     -  123s
     0     0  679.12529    0 2451  699.96879  679.12529  2.98%     -  126s
H    0     0                     699.9473576  679.12529  2.97%     -  128s
H    0     0                     698.8644287  679.12529  2.82%     -  128s
     0     0  679.14277    0 2442  698.86443  679.14277  2.82%     -  128s
     0     0  679.14947    0 2428  698.86443  679.14947  2.82%     -  129s
H    0     0                     698.8484652  679.14947  2.82%     -  130s
H    0     0                     698.8360039  679.14947  2.82%     -  130s
H    0     0                     698.7676622  679.14947  2.81%     -  130s
     0     0  679.15100    0 2439  698.76766  679.15100  2.81%     -  130s
H    0     0                     698.0728254  679.15100  2.71%     -  134s
H    0     0                     697.9211385  679.15100  2.69%     -  134s
H    0     0                     697.9184121  679.15100  2.69%     -  134s
H    0     0                     697.9181443  679.15100  2.69%     -  140s
H    0     0                     697.9181072  679.15100  2.69%     -  140s
H    0     0                     697.8940069  679.15100  2.69%     -  140s
H    0     0                     697.8912512  679.15100  2.69%     -  140s
H    0     0                     697.8855892  679.15100  2.68%     -  140s
H    0     0                     697.8672156  679.15100  2.68%     -  140s
H    0     0                     697.8523684  679.15100  2.68%     -  140s
     0     0  679.27743    0 2379  697.85237  679.27743  2.66%     -  140s
H    0     0                     697.7713363  679.27743  2.65%     -  147s
H    0     0                     697.7578941  679.27743  2.65%     -  147s
H    0     0                     697.7057430  679.27743  2.64%     -  147s
     0     0  679.31933    0 2348  697.70574  679.31933  2.64%     -  147s
     0     0  679.32603    0 2354  697.70574  679.32603  2.63%     -  149s
     0     0  679.32874    0 2401  697.70574  679.32874  2.63%     -  152s
H    0     0                     697.6899205  679.32874  2.63%     -  160s
     0     0  680.05986    0 2359  697.68992  680.05986  2.53%     -  168s
H    0     0                     697.6778674  680.05986  2.53%     -  173s
     0     0  680.18365    0 2372  697.67787  680.18365  2.51%     -  173s
     0     0  680.20996    0 2348  697.67787  680.20996  2.50%     -  178s
     0     0  680.22350    0 2349  697.67787  680.22350  2.50%     -  183s
     0     0  680.22703    0 2328  697.67787  680.22703  2.50%     -  184s
     0     0  680.58461    0 2294  697.67787  680.58461  2.45%     -  202s
     0     0  680.67091    0 2334  697.67787  680.67091  2.44%     -  211s
     0     0  680.68664    0 2343  697.67787  680.68664  2.44%     -  226s
H    0     0                     697.6716480  680.68664  2.43%     -  229s
     0     0  680.69184    0 2333  697.67165  680.69184  2.43%     -  229s
H    0     0                     697.6399149  680.69184  2.43%     -  234s
     0     0  680.72480    0 2362  697.63991  680.72480  2.42%     -  264s
H    0     0                     697.6399145  680.72480  2.42%     -  267s
     0     0  680.73803    0 2347  697.63991  680.73803  2.42%     -  274s
     0     0  680.74441    0 2388  697.63991  680.74441  2.42%     -  281s
     0     0  680.76563    0 2398  697.63991  680.76563  2.42%     -  295s
     0     0  680.76563    0 2390  697.63991  680.76563  2.42%     -  297s
     0     2  680.76563    0 2390  697.63991  680.76563  2.42%     -  525s
     1     4  684.86777    1 2287  697.63991  680.76563  2.42%  3509  577s
     3     8  690.50777    2 2310  697.63991  681.04896  2.38%  3876  655s
     7    16  691.67298    3 2264  697.63991  682.09604  2.23%  4815  735s
    15    28  692.07395    4 2250  697.63991  682.31774  2.20%  5272  834s
    31    46     cutoff    5       697.63991  682.38302  2.19%  8918  989s
    51    46  691.34494    5 2212  697.63991  682.63785  2.15%  7564  990s
H   59    74                     697.6365093  682.63785  2.15%  7407 1280s
H   61    74                     697.6097372  682.63785  2.15%  7331 1281s
H   70    74                     697.6032908  682.86069  2.11%  6976 1281s
H   91   102                     697.6026800  682.86069  2.11%  6553 1837s
H   92   102                     697.6026519  682.86069  2.11%  6541 1837s
H   96   102                     697.5959291  682.86069  2.11%  6466 1837s
H   98   102                     697.5958743  682.86069  2.11%  6533 1837s
   123   130  684.51428    8 2155  697.59587  682.86069  2.11%  6320 2251s
H  145   130                     696.7129345  682.86069  1.99%  6473 2251s
H  155   160                     696.4800459  682.86069  1.96%  6425 2532s
H  187   192                     696.1635383  682.86069  1.91%  5892 5753s
H  188   192                     696.1283163  682.86069  1.91%  5870 5753s
H  191   192                     696.0882644  682.86069  1.90%  5856 5753s
H  201   192                     695.8742516  682.86069  1.87%  5743 5753s
   219   235  686.91827   11 2129  695.87425  682.86069  1.87%  5586 6006s
   268   283  687.16811   13 2101  695.87425  682.86069  1.87%  5151 6455s
   318   329  687.28232   15 2082  695.87425  682.86069  1.87%  4704 6853s
   370   389  687.34855   17 2136  695.87425  682.86069  1.87%  4314 7424s
   438   447  687.45837   20 2096  695.87425  682.86069  1.87%  3923 8294s
   506   493  689.99363   23 2108  695.87425  682.86069  1.87%  3657 8774s
   574   559  693.08387   25 2082  695.87425  682.86069  1.87%  3447 9161s
   654   617  694.21857   26 2042  695.87425  682.86069  1.87%  3206 9501s
   724   669     cutoff   27       695.87425  682.86069  1.87%  3063 9741s
   810   719     cutoff   27       695.87425  682.86069  1.87%  2895 10014s
   895   772  686.20858   12 2138  695.87425  682.86069  1.87%  2780 10961s
H  902   772                     695.8742392  682.86069  1.87%  2763 10961s
H  918   772                     695.8726461  682.86069  1.87%  2737 10962s
H  924   772                     695.8722927  682.86069  1.87%  2723 10962s
   988   807  686.63410   14 2126  695.87229  682.86069  1.87%  2650 11973s
H 1053   826                     695.8722878  682.86069  1.87%  2674 16195s
H 1056   826                     695.8639504  682.86069  1.87%  2671 16195s
H 1068   826                     695.8486488  682.86069  1.87%  2688 16195s
  1088   909  687.04692   16 2150  695.84865  682.86069  1.87%  2701 16563s
H 1191   937                     695.8466440  682.86069  1.87%  2614 18791s
H 1195   937                     695.8386148  682.86069  1.87%  2610 18791s
H 1197   937                     695.8384112  682.86069  1.87%  2608 18791s
H 1224   937                     695.8384088  682.86069  1.87%  2603 18791s
  1225  1059  687.65521   19 2146  695.83841  682.86069  1.87%  2606 18994s
  1353  1209  689.12946   23 2100  695.83841  682.86069  1.87%  2491 19192s
  1511  1367  690.28750   26 2032  695.83841  682.86069  1.87%  2337 19341s
  1673  1554  691.44757   30 2020  695.83841  682.86069  1.87%  2210 19524s
  1866  1795  691.69093   36 2009  695.83841  682.86069  1.87%  2070 19725s
  2117  2026  692.04021   43 1975  695.83841  682.86069  1.87%  1897 19929s
  2395  2148  692.84169   55 1902  695.83841  682.86069  1.87%  1743 20901s
H 2406  2148                     695.8364322  682.86069  1.86%  1736 20901s
H 2447  2148                     695.8327143  682.86069  1.86%  1719 20901s
  2570  2421  693.46677   61 1912  695.83271  682.86069  1.86%  1669 21231s
H 2925  2421                     695.8327142  682.86069  1.86%  1523 24359s
  2926  2422  694.71185   82 2390  695.83271  682.86069  1.86%  1523 25424s
H 2927  2301                     695.8327140  682.86069  1.86%  1522 25480s
  2928  2301  692.11688   54 2194  695.83271  682.86069  1.86%  1522 25495s
  2929  2302  693.55162   62 2593  695.83271  682.86069  1.86%  1521 25608s
  2930  2303  691.65949   60 2523  695.83271  682.86069  1.86%  1521 25682s
  2931  2303  694.74112   16 2483  695.83271  682.86069  1.86%  1520 25807s
  2932  2304  684.89538   14 2365  695.83271  682.86069  1.86%  1520 25886s
  2933  2305  692.68826    9 2245  695.83271  682.86069  1.86%  1519 25964s
  2934  2305  690.49414   44 2197  695.83271  682.86069  1.86%  1519 26008s
  2935  2306  689.00288   38 2199  695.83271  682.86069  1.86%  1518 26055s
  2936  2307  692.12487   13 2144  695.83271  682.86069  1.86%  1518 26156s
  2937  2307  695.74273   64 2145  695.83271  682.86069  1.86%  1517 26247s
  2938  2308  692.04022   44 2184  695.83271  682.86069  1.86%  1517 26370s
  2939  2309  690.94898   42 2160  695.83271  682.86069  1.86%  1516 26434s
  2940  2309  687.27241   20 2181  695.83271  682.86069  1.86%  1516 26486s
  2941  2310  691.13227   53 2213  695.83271  682.86069  1.86%  1515 26590s
  2942  2311  694.00141   13 2215  695.83271  682.86069  1.86%  1515 26677s
  2943  2311  692.07914   21 2198  695.83271  682.86069  1.86%  1514 26778s
  2944  2312  693.26831   41 2203  695.83271  682.86069  1.86%  1514 26883s
  2945  2313  693.70946   67 2159  695.83271  682.86069  1.86%  1513 27678s
  2946  2313  694.38338   39 2140  695.83271  682.86069  1.86%  1513 27777s
  2947  2314  685.24949   10 2123  695.83271  682.86069  1.86%  1512 27841s
H 2947  2198                     695.8327139  682.86069  1.86%  1512 27918s
  2948  2199  692.37804    7 2149  695.83271  682.86069  1.86%  1512 27960s
  2949  2199  694.61767   51 2148  695.83271  682.86069  1.86%  1511 28074s
  2950  2200  684.78864   15 2163  695.83271  682.86069  1.86%  1511 28225s
  2951  2201  692.07447   48 2139  695.83271  682.86069  1.86%  1510 28681s
  2952  2201  695.73278   44 2132  695.83271  682.86069  1.86%  1510 28824s
  2953  2202  686.73472   23 2131  695.83271  682.86069  1.86%  1509 29020s
  2954  2203  694.67716   23 2161  695.83271  682.86069  1.86%  1508 29405s
  2955  2203  695.24610   70 2103  695.83271  682.86069  1.86%  1508 29427s
  2956  2204  692.27408   80 2159  695.83271  682.86069  1.86%  1507 29457s
  2957  2205  692.43985   47 2167  695.83271  682.86069  1.86%  1507 29544s
  2958  2205  693.81209   61 2184  695.83271  682.86069  1.86%  1506 29769s
  2959  2206  691.79356    8 2227  695.83271  682.86069  1.86%  1506 29832s
  2960  2207  694.47252   66 2171  695.83271  682.86069  1.86%  1505 30052s
  2961  2207  695.30038   88 2171  695.83271  682.86069  1.86%  1505 30145s
  2962  2208  690.59762   48 2171  695.83271  682.86069  1.86%  1504 31538s
  2963  2212  682.86069   12 2120  695.83271  682.86069  1.86%  1541 33948s
  2965  2215  683.80814   13 2136  695.83271  682.86069  1.86%  1544 36204s
  2969  2222  684.11904   14 2164  695.83271  682.86069  1.86%  1558 38301s
  2977  2235  687.97454   15 2048  695.83271  682.86069  1.86%  1574 38704s
  2993  2260  692.93175   16 2062  695.83271  682.86069  1.86%  1610 39310s
H 3007  2144                     695.8327138  682.86069  1.86%  1669 39310s
  3025  2162 infeasible   17       695.83271  683.15262  1.82%  1738 41611s
H 3028  2056                     695.8299093  683.15262  1.82%  1740 41611s
H 3044  1951                     695.8299088  683.15262  1.82%  1774 41611s
  3057  1968  689.76767   18 2027  695.82991  683.15262  1.82%  1802 42009s
H 3070  1868                     695.8299087  683.15262  1.82%  1824 42009s
H 3089  1786                     695.8287145  683.15262  1.82%  1848 42353s
H 3090  1699                     695.8268011  683.15262  1.82%  1848 42353s
H 3092  1617                     695.8251588  683.15262  1.82%  1850 42353s
H 3098  1538                     695.8240072  683.15262  1.82%  1860 42353s
H 3099  1463                     695.8213170  683.15262  1.82%  1862 42353s
H 3100  1393                     695.8199027  683.15262  1.82%  1864 42353s
H 3107  1325                     695.8198963  683.15262  1.82%  1872 42353s
  3121  1340  690.63003   20 2052  695.81990  683.15262  1.82%  1879 43213s
H 3125  1276                     695.8121765  683.15262  1.82%  1881 43213s
  3153  1290  691.40360   21 1982  695.81218  683.15262  1.82%  1899 43759s
  3203  1299  691.40537   22 1958  695.81218  683.15262  1.82%  1923 43991s
  3252  1293  691.92476   24 1935  695.81218  683.15262  1.82%  1942 44401s
  3301  1299  692.85227   26 1900  695.81218  683.15262  1.82%  1965 44914s
  3359  1302  694.83106   28 1915  695.81218  683.15262  1.82%  1984 45495s
  3415  1306     cutoff   30       695.81218  683.15262  1.82%  2002 45848s
  3478  1327     cutoff   31       695.81218  684.66073  1.60%  2017 46234s
  3558  1343  685.04040   18 2127  695.81218  684.66073  1.60%  2021 46591s
  3635  1344  686.01543   20 2028  695.81218  684.66073  1.60%  2031 47157s
  3719  1365  687.23677   22 1931  695.81218  684.66073  1.60%  2042 49338s
  3816  1369  688.03386   24 1955  695.81218  684.66073  1.60%  2044 49845s
  3924  1366  689.36548   26 1884  695.81218  684.66073  1.60%  2033 50615s
  4012  1388  691.01546   29 1901  695.81218  684.66073  1.60%  2047 51096s
  4095  1401  691.49877   31 1875  695.81218  684.66073  1.60%  2053 51833s
H 4100  1340                     695.8121745  684.66073  1.60%  2052 51833s
  4200  1329  692.96812   37 1949  695.81217  684.66073  1.60%  2051 53821s
H 4201  1272                     695.8121743  684.66073  1.60%  2051 53821s
H 4202  1217                     695.8121738  684.66073  1.60%  2051 53821s
H 4246  1168                     695.8121734  684.66073  1.60%  2047 61809s
H 4255  1116                     695.8121733  684.66073  1.60%  2046 61809s
H 4279  1062                     695.8084023  684.66073  1.60%  2045 61809s
H 4284  1016                     695.8073673  684.66073  1.60%  2045 61810s
  4289  1090  694.18699   39 1957  695.80737  684.66073  1.60%  2049 62353s
  4426  1104  695.23305   45 1890  695.80737  684.66073  1.60%  2043 63059s
H 4432  1060                     695.8049717  684.66073  1.60%  2043 63059s
H 4439  1018                     695.8010316  684.66073  1.60%  2048 63059s
  4554  1024     cutoff   45       695.80103  684.95014  1.56%  2042 63411s
  4688  1039  689.18045   18 1998  695.80103  684.95014  1.56%  2047 63802s
  4811  1082  690.61131   21 1946  695.80103  684.95014  1.56%  2058 64435s
  4952  1121  691.73568   24 1937  695.80103  684.95014  1.56%  2055 65156s
  5125  1184  694.37582   31 1963  695.80103  684.95014  1.56%  2050 66037s
  5336  1295     cutoff   35       695.80103  684.95014  1.56%  2028 66871s
  5562  1423  695.36238   33 1942  695.80103  685.56632  1.47%  2004 67371s
  5772  1590  694.84854   19 2006  695.80103  685.56632  1.47%  1990 69098s
H 6000  1609                     695.7984986  685.56632  1.47%  1975 72123s
H 6018  1609                     695.7958622  685.56632  1.47%  1975 72123s
H 6042  1609                     695.7958590  685.56632  1.47%  1974 72124s
  6050  1751     cutoff   20       695.79586  686.52077  1.33%  1975 73823s
  6276  1895  688.24799   18 2119  695.79586  686.52077  1.33%  1969 74794s
  6532  2070  689.27570   20 1948  695.79586  686.52077  1.33%  1948 76552s
  6782  2233  691.07218   24 1886  695.79586  686.52077  1.33%  1937 77940s
H 6831  2233                     695.7958455  686.52077  1.33%  1930 77941s
  7074  2376  693.20200   32 1973  695.79585  686.52077  1.33%  1918 79227s
  7373  2547     cutoff   38       695.79585  686.52077  1.33%  1899 79759s
H 7430  2547                     695.7958450  686.52077  1.33%  1890 79759s
  7650  2772     cutoff   42       695.79584  687.62027  1.17%  1880 80722s
  8009  2951  689.21859   24 1921  695.79584  687.62027  1.17%  1853 82234s
  8326  3212  691.71537   29 1954  695.79584  687.62027  1.17%  1833 83120s
  8700  3245  694.61091   41 1873  695.79584  687.62027  1.17%  1805 85694s
H 8707  3245                     695.7958416  687.62027  1.17%  1806 85694s
  8763  3467  694.76092   42 1862  695.79584  688.14933  1.10%  1813 86771s
H 9140  3627                     695.7958414  688.14933  1.10%  1792 87516s
H 9147  3627                     695.7932106  688.14933  1.10%  1794 87516s
H 9148  3626                     695.7927965  688.14933  1.10%  1794 87516s
H 9210  3626                     695.7905227  688.14933  1.10%  1789 87516s
H 9269  3626                     695.7903962  688.14933  1.10%  1785 87516s
H 9302  3626                     695.7888309  688.14933  1.10%  1785 87516s
  9424  3842 infeasible   23       695.78883  688.14933  1.10%  1782 88625s
  9789  3986  694.28099   39 1922  695.78883  688.69730  1.02%  1773 90747s
 10107  4225  689.36008   24 1970  695.78883  688.76639  1.01%  1771 92741s
 10513  4451  692.58245   33 1958  695.78883  688.76639  1.01%  1765 94273s
 10966  4663     cutoff   62       695.78883  689.45490  0.91%  1757 97137s

Cutting planes:
  Learned: 45
  Gomory: 34
  Cover: 212
  Implied bound: 78
  Projected implied bound: 309
  Clique: 12
  MIR: 818
  StrongCG: 1
  Flow cover: 4128
  GUB cover: 7
  Zero half: 60
  RLT: 1863
  Relax-and-lift: 334

Explored 11371 nodes (20047720 simplex iterations) in 97140.03 seconds
Thread count was 32 (of 32 available processors)

Solution count 10: 695.789 695.79 695.791 ... 695.796

Optimal solution found (tolerance 1.00e-02)
Best objective 6.957888308948e+02, best bound 6.894548988732e+02, gap 0.9103%

Gurobi 9.1.0 (linux64) logging started Wed Aug  4 02:11:22 2021

Changed value of parameter LogFile to eab_parasitoid_fastdisp_0_1.log
   Prev:   Default: 
Changed value of parameter MIPGap to 0.01
   Prev: 0.0001  Min: 0.0  Max: inf  Default: 0.0001
Changed value of parameter Method to 2
   Prev: -1  Min: -1  Max: 5  Default: -1
Changed value of parameter MIPFocus to 2
   Prev: 0  Min: 0  Max: 3  Default: 0
Changed value of parameter RINS to 100
   Prev: -1  Min: -1  Max: 2000000000  Default: -1
Gurobi Optimizer version 9.1.0 build v9.1.0rc0 (linux64)
Thread count: 32 physical cores, 32 logical processors, using up to 32 threads
Optimize a model with 205176 rows, 134930 columns and 701600 nonzeros
Model fingerprint: 0x063250f9
Variable types: 55774 continuous, 79156 integer (79156 binary)
Coefficient statistics:
  Matrix range     [2e-04, 1e+06]
  Objective range  [1e-06, 1e-01]
  Bounds range     [1e+00, 6e+03]
  RHS range        [1e-04, 1e+06]
Presolve removed 181973 rows and 114748 columns (presolve time = 5s) ...
Presolve removed 188488 rows and 120617 columns (presolve time = 10s) ...
Presolve removed 193224 rows and 124970 columns (presolve time = 15s) ...
Presolve removed 194611 rows and 126339 columns (presolve time = 20s) ...
Presolve removed 194740 rows and 126434 columns (presolve time = 25s) ...
Presolve removed 194793 rows and 126477 columns (presolve time = 30s) ...
Presolve removed 194800 rows and 126473 columns
Presolve time: 32.25s
Presolved: 10376 rows, 8457 columns, 137514 nonzeros
Variable types: 3426 continuous, 5031 integer (5029 binary)
Presolve removed 20 rows and 14 columns
Presolved: 10356 rows, 8443 columns, 137467 nonzeros

Root barrier log...

Ordering time: 1.00s

Barrier statistics:
 Dense cols : 148
 AA' NZ     : 5.997e+05
 Factor NZ  : 3.341e+06 (roughly 35 MBytes of memory)
 Factor Ops : 3.079e+09 (less than 1 second per iteration)
 Threads    : 31

                  Objective                Residual
Iter       Primal          Dual         Primal    Dual     Compl     Time
   0   2.35063708e+03 -1.11759311e+04  2.50e+04 1.37e-01  4.15e+01    36s
   1   1.86510601e+03 -1.24876654e+04  1.73e+04 2.67e-01  2.74e+01    36s
   2   1.02709077e+03 -1.22250052e+04  3.35e+03 1.13e-14  5.93e+00    36s
   3   7.88329758e+02 -7.52701635e+03  3.81e+02 1.13e-14  8.62e-01    36s
   4   7.12521149e+02 -2.63615562e+03  4.07e+01 1.24e-14  1.61e-01    37s
   5   6.95123558e+02 -5.20080557e+02  1.43e+01 2.16e-15  5.20e-02    37s
   6   6.84138724e+02  1.28641636e+02  3.67e+00 1.06e-15  2.19e-02    37s
   7   6.78873568e+02  5.56279719e+02  7.91e-01 1.49e-15  4.70e-03    37s
   8   6.75056578e+02  6.27196289e+02  2.22e-03 1.16e-15  1.80e-03    37s
   9   6.73365076e+02  6.53392625e+02  7.33e-04 5.08e-16  7.48e-04    37s
  10   6.72725943e+02  6.63652777e+02  4.24e-04 4.88e-15  3.39e-04    38s
  11   6.72265139e+02  6.67400655e+02  2.54e-04 6.22e-15  1.82e-04    38s
  12   6.71736068e+02  6.69591045e+02  8.41e-05 4.00e-15  8.00e-05    38s
  13   6.71591279e+02  6.70353865e+02  5.28e-05 4.00e-15  4.62e-05    38s
  14   6.71517521e+02  6.70700623e+02  3.74e-05 1.11e-16  3.05e-05    38s
  15   6.71451173e+02  6.70894865e+02  2.43e-05 8.88e-16  2.07e-05    38s
  16   6.71388127e+02  6.71120879e+02  1.19e-05 1.11e-16  9.97e-06    39s
  17   6.71361403e+02  6.71181306e+02  6.88e-06 1.33e-15  6.72e-06    39s
  18   6.71340689e+02  6.71291292e+02  3.03e-06 1.11e-16  1.84e-06    39s
  19   6.71335728e+02  6.71302628e+02  2.10e-06 1.11e-16  1.23e-06    39s
  20   6.71328270e+02  6.71316955e+02  6.71e-07 9.33e-15  4.22e-07    39s
  21   6.71326108e+02  6.71322990e+02  2.59e-07 1.78e-15  1.16e-07    39s
  22   6.71325021e+02  6.71323860e+02  6.72e-08 2.22e-15  4.33e-08    40s
  23   6.71324769e+02  6.71324256e+02  2.34e-08 4.88e-15  1.91e-08    40s
  24   6.71324674e+02  6.71324467e+02  7.09e-09 7.12e-17  7.71e-09    40s
  25   6.71324638e+02  6.71324572e+02  1.54e-09 1.39e-16  2.47e-09    40s
  26   6.71324633e+02  6.71324603e+02  7.80e-10 5.77e-15  1.12e-09    40s
  27   6.71324629e+02  6.71324624e+02  1.20e-10 6.66e-15  1.62e-10    40s
  28   6.71324628e+02  6.71324627e+02  2.43e-11 7.78e-14  5.44e-11    41s

Barrier solved model in 28 iterations and 40.56 seconds
Optimal objective 6.71324628e+02


Root crossover log...

     703 DPushes remaining with DInf 0.0000000e+00                41s
       0 DPushes remaining with DInf 0.0000000e+00                41s

    4595 PPushes remaining with PInf 6.5944959e-05                41s
       0 PPushes remaining with PInf 1.1340002e-02                41s

  Push phase complete: Pinf 1.1340002e-02, Dinf 1.3725787e-03     41s


Root simplex log...

Iteration    Objective       Primal Inf.    Dual Inf.      Time
    5173    6.7132463e+02   0.000000e+00   1.372579e-03     41s
    5187    6.7132463e+02   0.000000e+00   0.000000e+00     41s
    5187    6.7132463e+02   0.000000e+00   0.000000e+00     42s

Root relaxation: objective 6.713246e+02, 5187 iterations, 8.81 seconds

    Nodes    |    Current Node    |     Objective Bounds      |     Work
 Expl Unexpl |  Obj  Depth IntInf | Incumbent    BestBd   Gap | It/Node Time

     0     0  671.34181    0 2084          -  671.34181      -     -   45s
     0     0  673.23571    0 2688          -  673.23571      -     -   74s
     0     0  673.89554    0 2737          -  673.89554      -     -  131s
     0     0  673.98582    0 2759          -  673.98582      -     -  154s
     0     0  673.98979    0 2762          -  673.98979      -     -  158s
     0     0  673.98983    0 2769          -  673.98983      -     -  160s
     0     0  677.06242    0 2686          -  677.06242      -     -  243s
     0     0  677.59236    0 2629          -  677.59236      -     -  327s
     0     0  677.71494    0 2492          -  677.71494      -     -  378s
     0     0  677.76094    0 2489          -  677.76094      -     -  401s
     0     0  677.76245    0 2497          -  677.76245      -     -  412s
H    0     0                     736.4859775  677.76245  7.97%     -  589s
H    0     0                     736.4552805  677.76245  7.97%     -  589s
     0     0  678.60114    0 2554  736.45528  678.60114  7.86%     -  591s
H    0     0                     736.4549773  678.60114  7.86%     -  593s
H    0     0                     736.3619111  678.60114  7.84%     -  681s
     0     0  678.77550    0 2489  736.36191  678.77550  7.82%     -  682s
     0     0  678.84884    0 2480  736.36191  678.84884  7.81%     -  750s
H    0     0                     702.6310423  678.84884  3.38%     -  780s
     0     0  678.85337    0 2456  702.63104  678.85337  3.38%     -  780s
H    0     0                     700.3984488  678.85337  3.08%     -  794s
     0     0  678.85511    0 2464  700.39845  678.85511  3.08%     -  794s
H    0     0                     700.3971348  678.85511  3.08%     -  837s
H    0     0                     700.3641245  678.85511  3.07%     -  951s
H    0     0                     700.3636306  678.85511  3.07%     -  951s
H    0     0                     699.9687854  678.85511  3.02%     -  951s
     0     0  679.06812    0 2409  699.96879  679.06812  2.99%     -  952s
     0     0  679.12529    0 2451  699.96879  679.12529  2.98%     - 1004s
H    0     0                     699.9473576  679.12529  2.97%     - 1051s
H    0     0                     698.8644287  679.12529  2.82%     - 1051s
     0     0  679.14277    0 2442  698.86443  679.14277  2.82%     - 1051s
     0     0  679.14947    0 2428  698.86443  679.14947  2.82%     - 1073s
H    0     0                     698.8484652  679.14947  2.82%     - 1085s
H    0     0                     698.8360039  679.14947  2.82%     - 1085s
H    0     0                     698.7676622  679.14947  2.81%     - 1085s
     0     0  679.15100    0 2439  698.76766  679.15100  2.81%     - 1085s
H    0     0                     698.0728254  679.15100  2.71%     - 1101s
H    0     0                     697.9211385  679.15100  2.69%     - 1101s
H    0     0                     697.9184121  679.15100  2.69%     - 1101s
H    0     0                     697.9181443  679.15100  2.69%     - 1155s
H    0     0                     697.9181072  679.15100  2.69%     - 1155s
H    0     0                     697.8940069  679.15100  2.69%     - 1155s
H    0     0                     697.8912512  679.15100  2.69%     - 1155s
H    0     0                     697.8855892  679.15100  2.68%     - 1155s
H    0     0                     697.8672156  679.15100  2.68%     - 1155s
H    0     0                     697.8523684  679.15100  2.68%     - 1155s
     0     0  679.27743    0 2379  697.85237  679.27743  2.66%     - 1155s
H    0     0                     697.7713363  679.27743  2.65%     - 1204s
H    0     0                     697.7578941  679.27743  2.65%     - 1204s
H    0     0                     697.7057430  679.27743  2.64%     - 1204s
     0     0  679.31933    0 2348  697.70574  679.31933  2.64%     - 1204s
     0     0  679.32603    0 2354  697.70574  679.32603  2.63%     - 1223s
     0     0  679.32874    0 2401  697.70574  679.32874  2.63%     - 1242s
H    0     0                     697.6899205  679.32874  2.63%     - 1338s
     0     0  680.05986    0 2359  697.68992  680.05986  2.53%     - 1508s
H    0     0                     697.6778674  680.05986  2.53%     - 1570s
     0     0  680.18365    0 2372  697.67787  680.18365  2.51%     - 1571s
     0     0  680.20996    0 2348  697.67787  680.20996  2.50%     - 1664s
     0     0  680.22350    0 2349  697.67787  680.22350  2.50%     - 1716s
     0     0  680.22703    0 2328  697.67787  680.22703  2.50%     - 1764s
     0     0  680.58461    0 2294  697.67787  680.58461  2.45%     - 1932s
     0     0  680.67091    0 2334  697.67787  680.67091  2.44%     - 1981s
     0     0  680.68664    0 2343  697.67787  680.68664  2.44%     - 2028s
H    0     0                     697.6716480  680.68664  2.43%     - 2045s
     0     0  680.69184    0 2333  697.67165  680.69184  2.43%     - 2045s
H    0     0                     697.6399149  680.69184  2.43%     - 2070s
     0     0  680.72480    0 2362  697.63991  680.72480  2.42%     - 2132s
H    0     0                     697.6399145  680.72480  2.42%     - 2146s
     0     0  680.73803    0 2347  697.63991  680.73803  2.42%     - 2163s
     0     0  680.74441    0 2388  697.63991  680.74441  2.42%     - 2213s
     0     0  680.76563    0 2398  697.63991  680.76563  2.42%     - 2340s
     0     0  680.76563    0 2390  697.63991  680.76563  2.42%     - 2363s
     0     2  680.76563    0 2390  697.63991  680.76563  2.42%     - 3704s
     1     4  684.86777    1 2287  697.63991  680.76563  2.42%  3509 3764s
     3     8  690.50777    2 2310  697.63991  681.04896  2.38%  3876 3883s
     7    16  691.67298    3 2264  697.63991  682.09604  2.23%  4815 4028s
    15    28  692.07395    4 2250  697.63991  682.31774  2.20%  5272 4308s
    31    46     cutoff    5       697.63991  682.38302  2.19%  8918 4966s
H   59    74                     697.6365093  682.63785  2.15%  7407 5681s
H   61    74                     697.6097372  682.63785  2.15%  7331 5681s
H   70    74                     697.6032908  682.86069  2.11%  6976 5681s
H   91   102                     697.6026800  682.86069  2.11%  6553 6321s
H   92   102                     697.6026519  682.86069  2.11%  6541 6321s
H   96   102                     697.5959291  682.86069  2.11%  6466 6321s
H   98   102                     697.5958743  682.86069  2.11%  6533 6322s
   123   130  684.51428    8 2155  697.59587  682.86069  2.11%  6320 6624s
H  145   130                     696.7129345  682.86069  1.99%  6473 6624s
H  155   160                     696.4800459  682.86069  1.96%  6425 7069s
H  187   192                     696.1635383  682.86069  1.91%  5892 10705s
H  188   192                     696.1283163  682.86069  1.91%  5870 10705s
H  191   192                     696.0882644  682.86069  1.90%  5856 10705s
H  201   192                     695.8742516  682.86069  1.87%  5743 10705s
   219   235  686.91827   11 2129  695.87425  682.86069  1.87%  5586 11280s
   268   283  687.16811   13 2101  695.87425  682.86069  1.87%  5151 11580s
   318   329  687.28232   15 2082  695.87425  682.86069  1.87%  4704 11790s
   370   389  687.34855   17 2136  695.87425  682.86069  1.87%  4314 11966s
   438   447  687.45837   20 2096  695.87425  682.86069  1.87%  3923 12824s
   506   493  689.99363   23 2108  695.87425  682.86069  1.87%  3657 13204s
   574   559  693.08387   25 2082  695.87425  682.86069  1.87%  3447 13814s
   654   617  694.21857   26 2042  695.87425  682.86069  1.87%  3206 14393s
   724   669     cutoff   27       695.87425  682.86069  1.87%  3063 14794s
   810   719     cutoff   27       695.87425  682.86069  1.87%  2895 15373s
   895   772  686.20858   12 2138  695.87425  682.86069  1.87%  2780 17924s
H  902   772                     695.8742392  682.86069  1.87%  2763 17925s
H  918   772                     695.8726461  682.86069  1.87%  2737 17925s
H  924   772                     695.8722927  682.86069  1.87%  2723 17925s
   988   807  686.63410   14 2126  695.87229  682.86069  1.87%  2650 19449s
  1032   807     cutoff   13       695.87229  682.86069  1.87%  2644 19450s
H 1053   826                     695.8722878  682.86069  1.87%  2674 26809s
H 1056   826                     695.8639504  682.86069  1.87%  2671 26809s
H 1068   826                     695.8486488  682.86069  1.87%  2688 26809s
  1088   909  687.04692   16 2150  695.84865  682.86069  1.87%  2701 27045s
H 1191   937                     695.8466440  682.86069  1.87%  2614 31177s
H 1195   937                     695.8386148  682.86069  1.87%  2610 31177s
H 1197   937                     695.8384112  682.86069  1.87%  2608 31177s
H 1224   937                     695.8384088  682.86069  1.87%  2603 31178s
  1225  1059  687.65521   19 2146  695.83841  682.86069  1.87%  2606 31558s
  1353  1209  689.12946   23 2100  695.83841  682.86069  1.87%  2491 32050s
  1511  1367  690.28750   26 2032  695.83841  682.86069  1.87%  2337 32556s
  1673  1554  691.44757   30 2020  695.83841  682.86069  1.87%  2210 33159s
  1866  1795  691.69093   36 2009  695.83841  682.86069  1.87%  2070 33651s
  2117  2026  692.04021   43 1975  695.83841  682.86069  1.87%  1897 33967s
  2395  2148  692.84169   55 1902  695.83841  682.86069  1.87%  1743 34928s
H 2406  2148                     695.8364322  682.86069  1.86%  1736 34928s
H 2447  2148                     695.8327143  682.86069  1.86%  1719 34928s
  2570  2421  693.46677   61 1912  695.83271  682.86069  1.86%  1669 35291s
H 2925  2421                     695.8327142  682.86069  1.86%  1523 37462s
  2926  2422  694.71185   82 2390  695.83271  682.86069  1.86%  1523 38252s
H 2927  2301                     695.8327140  682.86069  1.86%  1522 38269s
  2928  2301  692.11688   54 2194  695.83271  682.86069  1.86%  1522 38274s
  2929  2302  693.55162   62 2593  695.83271  682.86069  1.86%  1521 38294s
  2930  2303  691.65949   60 2523  695.83271  682.86069  1.86%  1521 38310s
  2931  2303  694.74112   16 2483  695.83271  682.86069  1.86%  1520 38338s
  2932  2304  684.89538   14 2365  695.83271  682.86069  1.86%  1520 38357s
  2933  2305  692.68826    9 2245  695.83271  682.86069  1.86%  1519 38374s
  2934  2305  690.49414   44 2197  695.83271  682.86069  1.86%  1519 38396s
  2935  2306  689.00288   38 2199  695.83271  682.86069  1.86%  1518 38437s
  2936  2307  692.12487   13 2144  695.83271  682.86069  1.86%  1518 38455s
  2937  2307  695.74273   64 2145  695.83271  682.86069  1.86%  1517 38465s
  2938  2308  692.04022   44 2184  695.83271  682.86069  1.86%  1517 38521s
  2939  2309  690.94898   42 2160  695.83271  682.86069  1.86%  1516 38530s
  2940  2309  687.27241   20 2181  695.83271  682.86069  1.86%  1516 38535s
  2941  2310  691.13227   53 2213  695.83271  682.86069  1.86%  1515 38540s
  2942  2311  694.00141   13 2215  695.83271  682.86069  1.86%  1515 38546s
  2943  2311  692.07914   21 2198  695.83271  682.86069  1.86%  1514 38573s
  2944  2312  693.26831   41 2203  695.83271  682.86069  1.86%  1514 38584s
  2945  2313  693.70946   67 2159  695.83271  682.86069  1.86%  1513 38650s
  2946  2313  694.38338   39 2140  695.83271  682.86069  1.86%  1513 38658s
  2947  2314  685.24949   10 2123  695.83271  682.86069  1.86%  1512 38662s
H 2947  2198                     695.8327139  682.86069  1.86%  1512 38671s
  2949  2199  694.61767   51 2148  695.83271  682.86069  1.86%  1511 38690s
  2950  2200  684.78864   15 2163  695.83271  682.86069  1.86%  1511 38705s
  2951  2201  692.07447   48 2139  695.83271  682.86069  1.86%  1510 38769s
  2952  2201  695.73278   44 2132  695.83271  682.86069  1.86%  1510 38795s
  2953  2202  686.73472   23 2131  695.83271  682.86069  1.86%  1509 38830s
  2954  2203  694.67716   23 2161  695.83271  682.86069  1.86%  1508 38917s
  2955  2203  695.24610   70 2103  695.83271  682.86069  1.86%  1508 38943s
  2956  2204  692.27408   80 2159  695.83271  682.86069  1.86%  1507 38991s
  2957  2205  692.43985   47 2167  695.83271  682.86069  1.86%  1507 39031s
  2958  2205  693.81209   61 2184  695.83271  682.86069  1.86%  1506 39121s
  2959  2206  691.79356    8 2227  695.83271  682.86069  1.86%  1506 39142s
  2960  2207  694.47252   66 2171  695.83271  682.86069  1.86%  1505 39190s
  2961  2207  695.30038   88 2171  695.83271  682.86069  1.86%  1505 39225s
  2962  2208  690.59762   48 2171  695.83271  682.86069  1.86%  1504 39815s
  2963  2212  682.86069   12 2120  695.83271  682.86069  1.86%  1541 41004s
  2965  2215  683.80814   13 2136  695.83271  682.86069  1.86%  1544 41773s
  2969  2222  684.11904   14 2164  695.83271  682.86069  1.86%  1558 43103s
  2977  2235  687.97454   15 2048  695.83271  682.86069  1.86%  1574 43424s
  2993  2260  692.93175   16 2062  695.83271  682.86069  1.86%  1610 43962s
H 3007  2144                     695.8327138  682.86069  1.86%  1669 43962s
  3025  2162 infeasible   17       695.83271  683.15262  1.82%  1738 46175s
H 3028  2056                     695.8299093  683.15262  1.82%  1740 46175s
H 3044  1951                     695.8299088  683.15262  1.82%  1774 46175s
  3057  1968  689.76767   18 2027  695.82991  683.15262  1.82%  1802 46432s
H 3070  1868                     695.8299087  683.15262  1.82%  1824 46432s
H 3089  1786                     695.8287145  683.15262  1.82%  1848 46798s
H 3090  1699                     695.8268011  683.15262  1.82%  1848 46798s
H 3092  1617                     695.8251588  683.15262  1.82%  1850 46798s
H 3098  1538                     695.8240072  683.15262  1.82%  1860 46798s
H 3099  1463                     695.8213170  683.15262  1.82%  1862 46798s
H 3100  1393                     695.8199027  683.15262  1.82%  1864 46798s
H 3107  1325                     695.8198963  683.15262  1.82%  1872 46798s
  3121  1340  690.63003   20 2052  695.81990  683.15262  1.82%  1879 47347s
H 3125  1276                     695.8121765  683.15262  1.82%  1881 47347s
  3153  1290  691.40360   21 1982  695.81218  683.15262  1.82%  1899 47721s
  3203  1299  691.40537   22 1958  695.81218  683.15262  1.82%  1923 47916s
  3252  1293  691.92476   24 1935  695.81218  683.15262  1.82%  1942 48074s
  3301  1299  692.85227   26 1900  695.81218  683.15262  1.82%  1965 48246s
  3359  1302  694.83106   28 1915  695.81218  683.15262  1.82%  1984 48405s
  3415  1306     cutoff   30       695.81218  683.15262  1.82%  2002 48587s
  3478  1327     cutoff   31       695.81218  684.66073  1.60%  2017 48832s
  3558  1343  685.04040   18 2127  695.81218  684.66073  1.60%  2021 49110s
  3635  1344  686.01543   20 2028  695.81218  684.66073  1.60%  2031 49563s
  3719  1365  687.23677   22 1931  695.81218  684.66073  1.60%  2042 50233s
  3816  1369  688.03386   24 1955  695.81218  684.66073  1.60%  2044 50467s
  3924  1366  689.36548   26 1884  695.81218  684.66073  1.60%  2033 50738s
  4012  1388  691.01546   29 1901  695.81218  684.66073  1.60%  2047 51049s
  4095  1401  691.49877   31 1875  695.81218  684.66073  1.60%  2053 52383s
H 4100  1340                     695.8121745  684.66073  1.60%  2052 52383s
  4200  1329  692.96812   37 1949  695.81217  684.66073  1.60%  2051 53823s
H 4201  1272                     695.8121743  684.66073  1.60%  2051 53823s
H 4202  1217                     695.8121738  684.66073  1.60%  2051 53823s
H 4246  1168                     695.8121734  684.66073  1.60%  2047 60423s
H 4255  1116                     695.8121733  684.66073  1.60%  2046 60423s
H 4279  1062                     695.8084023  684.66073  1.60%  2045 60423s
H 4284  1016                     695.8073673  684.66073  1.60%  2045 60423s
  4289  1090  694.18699   39 1957  695.80737  684.66073  1.60%  2049 60662s
  4426  1104  695.23305   45 1890  695.80737  684.66073  1.60%  2043 61121s
H 4432  1060                     695.8049717  684.66073  1.60%  2043 61121s
H 4439  1018                     695.8010316  684.66073  1.60%  2048 61121s
  4554  1024     cutoff   45       695.80103  684.95014  1.56%  2042 61494s
  4688  1039  689.18045   18 1998  695.80103  684.95014  1.56%  2047 61751s
  4811  1082  690.61131   21 1946  695.80103  684.95014  1.56%  2058 61954s
  4952  1121  691.73568   24 1937  695.80103  684.95014  1.56%  2055 62372s
  5125  1184  694.37582   31 1963  695.80103  684.95014  1.56%  2050 62799s
  5336  1295     cutoff   35       695.80103  684.95014  1.56%  2028 63524s
  5562  1423  695.36238   33 1942  695.80103  685.56632  1.47%  2004 63905s
  5772  1590  694.84854   19 2006  695.80103  685.56632  1.47%  1990 65010s
H 6000  1609                     695.7984986  685.56632  1.47%  1975 66667s
H 6018  1609                     695.7958622  685.56632  1.47%  1975 66668s
H 6042  1609                     695.7958590  685.56632  1.47%  1974 66668s
  6050  1751     cutoff   20       695.79586  686.52077  1.33%  1975 67841s
  6276  1895  688.24799   18 2119  695.79586  686.52077  1.33%  1969 68505s
  6532  2070  689.27570   20 1948  695.79586  686.52077  1.33%  1948 69269s
  6782  2233  691.07218   24 1886  695.79586  686.52077  1.33%  1937 69866s
H 6831  2233                     695.7958455  686.52077  1.33%  1930 69866s
  7074  2376  693.20200   32 1973  695.79585  686.52077  1.33%  1918 70511s
  7373  2547     cutoff   38       695.79585  686.52077  1.33%  1899 70958s
H 7430  2547                     695.7958450  686.52077  1.33%  1890 70958s
  7650  2772     cutoff   42       695.79584  687.62027  1.17%  1880 71273s
  8009  2951  689.21859   24 1921  695.79584  687.62027  1.17%  1853 71992s
  8326  3212  691.71537   29 1954  695.79584  687.62027  1.17%  1833 72297s
  8700  3245  694.61091   41 1873  695.79584  687.62027  1.17%  1805 74608s
H 8707  3245                     695.7958416  687.62027  1.17%  1806 74609s
  8763  3467  694.76092   42 1862  695.79584  688.14933  1.10%  1813 75476s
H 9140  3627                     695.7958414  688.14933  1.10%  1792 76496s
H 9147  3627                     695.7932106  688.14933  1.10%  1794 76497s
H 9148  3626                     695.7927965  688.14933  1.10%  1794 76497s
H 9210  3626                     695.7905227  688.14933  1.10%  1789 76497s
H 9269  3626                     695.7903962  688.14933  1.10%  1785 76497s
H 9302  3626                     695.7888309  688.14933  1.10%  1785 76497s
  9424  3842 infeasible   23       695.78883  688.14933  1.10%  1782 77745s
  9789  3986  694.28099   39 1922  695.78883  688.69730  1.02%  1773 80017s
 10107  4225  689.36008   24 1970  695.78883  688.76639  1.01%  1771 81322s
 10513  4451  692.58245   33 1958  695.78883  688.76639  1.01%  1765 82797s
 10966  4663     cutoff   62       695.78883  689.45490  0.91%  1757 85445s

Cutting planes:
  Learned: 45
  Gomory: 34
  Cover: 212
  Implied bound: 78
  Projected implied bound: 309
  Clique: 12
  MIR: 818
  StrongCG: 1
  Flow cover: 4128
  GUB cover: 7
  Zero half: 60
  RLT: 1863
  Relax-and-lift: 334

Explored 11371 nodes (20047720 simplex iterations) in 85446.98 seconds
Thread count was 32 (of 32 available processors)

Solution count 10: 695.789 695.79 695.791 ... 695.796

Optimal solution found (tolerance 1.00e-02)
Best objective 6.957888308948e+02, best bound 6.894548988732e+02, gap 0.9103%
