
Gurobi 9.1.0 (linux64) logging started Sun Aug 22 09:38:35 2021

Changed value of parameter LogFile to eab_parasitoid_0.4_0_1_area_street.log
   Prev:   Default: 
Changed value of parameter MIPGap to 0.01
   Prev: 0.0001  Min: 0.0  Max: inf  Default: 0.0001
Changed value of parameter Method to 2
   Prev: -1  Min: -1  Max: 5  Default: -1
Changed value of parameter MIPFocus to 2
   Prev: 0  Min: 0  Max: 3  Default: 0
Changed value of parameter RINS to 100
   Prev: -1  Min: -1  Max: 2000000000  Default: -1
Gurobi Optimizer version 9.1.0 build v9.1.0rc0 (linux64)
Thread count: 32 physical cores, 32 logical processors, using up to 32 threads
Optimize a model with 203386 rows, 134930 columns and 685029 nonzeros
Model fingerprint: 0x414c3402
Variable types: 55774 continuous, 79156 integer (79156 binary)
Coefficient statistics:
  Matrix range     [2e-04, 1e+06]
  Objective range  [6e-07, 4e-01]
  Bounds range     [1e+00, 6e+03]
  RHS range        [1e-04, 1e+06]
Presolve removed 190353 rows and 124543 columns (presolve time = 5s) ...
Presolve removed 195175 rows and 128044 columns
Presolve time: 9.52s
Presolved: 8211 rows, 6886 columns, 114678 nonzeros
Variable types: 2755 continuous, 4131 integer (4129 binary)
Presolve removed 26 rows and 14 columns
Presolved: 8185 rows, 6872 columns, 114609 nonzeros

Root barrier log...

Ordering time: 0.42s

Barrier statistics:
 Dense cols : 128
 AA' NZ     : 4.963e+05
 Factor NZ  : 2.116e+06 (roughly 23 MBytes of memory)
 Factor Ops : 1.589e+09 (less than 1 second per iteration)
 Threads    : 31

                  Objective                Residual
Iter       Primal          Dual         Primal    Dual     Compl     Time
   0   3.73082677e+05 -1.08029725e+06  2.64e+04 5.12e-01  5.63e+03    11s
   1   2.54992988e+05 -1.23106604e+06  1.78e+04 3.51e+01  3.68e+03    11s
   2   6.22949851e+04 -1.26834916e+06  3.74e+03 4.37e-11  8.53e+02    11s
   3   3.59002169e+03 -8.79655251e+05  1.66e+02 3.55e-11  7.24e+01    12s
   4   9.72923659e+02 -1.74361091e+05  6.67e+00 1.82e-12  8.62e+00    12s
   5   8.40045264e+02 -3.01175611e+04  2.66e-15 3.20e-13  1.43e+00    12s
   6   8.01729657e+02 -6.32083701e+03  8.88e-16 1.14e-13  3.29e-01    12s
   7   7.57070547e+02 -3.99601831e+02  1.78e-15 4.09e-14  5.34e-02    12s
   8   7.07793301e+02  1.74068436e+02  8.88e-16 2.02e-14  2.46e-02    12s
   9   6.74185613e+02  4.83192645e+02  2.66e-15 2.84e-14  8.82e-03    12s
  10   6.64392181e+02  5.66802311e+02  1.33e-15 1.42e-14  4.51e-03    13s
  11   6.60773221e+02  6.37861778e+02  1.55e-15 1.42e-14  1.06e-03    13s
  12   6.59043750e+02  6.47383853e+02  3.11e-15 1.42e-14  5.38e-04    13s
  13   6.58228408e+02  6.51362266e+02  4.44e-15 1.42e-14  3.17e-04    13s
  14   6.57767963e+02  6.53908770e+02  1.61e-14 1.42e-14  1.78e-04    13s
  15   6.57291449e+02  6.55771936e+02  4.76e-14 1.42e-14  7.02e-05    13s
  16   6.57085754e+02  6.56551232e+02  3.06e-14 1.42e-14  2.47e-05    13s
  17   6.56980986e+02  6.56702777e+02  2.95e-14 1.42e-14  1.28e-05    13s
  18   6.56939807e+02  6.56770634e+02  1.29e-14 1.42e-14  7.81e-06    13s
  19   6.56899747e+02  6.56815188e+02  3.70e-14 2.84e-14  3.90e-06    13s
  20   6.56878350e+02  6.56841849e+02  1.78e-14 1.42e-14  1.69e-06    13s
  21   6.56871214e+02  6.56849601e+02  3.00e-14 1.42e-14  9.98e-07    14s
  22   6.56865179e+02  6.56856102e+02  3.12e-13 1.42e-14  4.19e-07    14s
  23   6.56862956e+02  6.56859494e+02  1.07e-12 1.42e-14  1.60e-07    14s
  24   6.56862164e+02  6.56860554e+02  7.65e-13 1.42e-14  7.44e-08    14s
  25   6.56861840e+02  6.56860909e+02  1.40e-12 1.42e-14  4.30e-08    14s
  26   6.56861746e+02  6.56861297e+02  1.65e-12 1.42e-14  2.08e-08    14s
  27   6.56861717e+02  6.56861583e+02  2.65e-13 2.84e-14  6.19e-09    14s
  28   6.56861700e+02  6.56861662e+02  3.03e-13 1.42e-14  1.75e-09    14s
  29   6.56861699e+02  6.56861691e+02  1.32e-12 1.42e-14  3.60e-10    14s
  30   6.56861699e+02  6.56861693e+02  7.60e-09 1.42e-14  2.52e-10    15s
  31   6.56861698e+02  6.56861698e+02  1.89e-09 1.42e-14  3.73e-11    15s

Barrier solved model in 31 iterations and 14.81 seconds
Optimal objective 6.56861698e+02


Root crossover log...

     587 DPushes remaining with DInf 0.0000000e+00                15s
       0 DPushes remaining with DInf 0.0000000e+00                15s

    3180 PPushes remaining with PInf 7.5906956e-06                15s
     468 PPushes remaining with PInf 0.0000000e+00                15s
       0 PPushes remaining with PInf 0.0000000e+00                15s

  Push phase complete: Pinf 0.0000000e+00, Dinf 6.4391320e-02     15s


Root simplex log...

Iteration    Objective       Primal Inf.    Dual Inf.      Time
    3609    6.5686170e+02   0.000000e+00   6.439132e-02     15s
    3626    6.5686170e+02   0.000000e+00   0.000000e+00     15s
    3626    6.5686170e+02   0.000000e+00   0.000000e+00     15s

Root relaxation: objective 6.568617e+02, 3626 iterations, 5.42 seconds

    Nodes    |    Current Node    |     Objective Bounds      |     Work
 Expl Unexpl |  Obj  Depth IntInf | Incumbent    BestBd   Gap | It/Node Time

     0     0  656.86170    0 1765          -  656.86170      -     -   15s
     0     0  658.93428    0 1893          -  658.93428      -     -   20s
     0     0  659.34064    0 1985          -  659.34064      -     -   25s
     0     0  659.42806    0 1923          -  659.42806      -     -   27s
     0     0  659.50622    0 1914          -  659.50622      -     -   27s
     0     0  659.50662    0 1902          -  659.50662      -     -   27s
     0     0  659.50667    0 1901          -  659.50667      -     -   28s
H    0     0                     732.8716835  659.50667  10.0%     -   39s
H    0     0                     731.9894402  659.50667  9.90%     -   39s
     0     0  660.68042    0 1833  731.98944  660.68042  9.74%     -   40s
     0     0  660.96602    0 1810  731.98944  660.96602  9.70%     -   44s
     0     0  661.01206    0 1756  731.98944  661.01206  9.70%     -   47s
     0     0  661.01970    0 1750  731.98944  661.01970  9.70%     -   47s
     0     0  661.02049    0 1751  731.98944  661.02049  9.70%     -   48s
     0     0  661.42993    0 1668  731.98944  661.42993  9.64%     -   69s
     0     0  661.68543    0 1671  731.98944  661.68543  9.60%     -   78s
     0     0  661.72435    0 1667  731.98944  661.72435  9.60%     -   81s
     0     0  661.72710    0 1666  731.98944  661.72710  9.60%     -   82s
     0     0  661.72727    0 1668  731.98944  661.72727  9.60%     -   83s
     0     0  661.90489    0 1652  731.98944  661.90489  9.57%     -   97s
     0     0  661.93475    0 1598  731.98944  661.93475  9.57%     -  118s
     0     0  661.94435    0 1600  731.98944  661.94435  9.57%     -  122s
     0     0  661.94565    0 1612  731.98944  661.94565  9.57%     -  123s
     0     0  662.06370    0 1621  731.98944  662.06370  9.55%     -  157s
     0     0  662.09495    0 1642  731.98944  662.09495  9.55%     -  165s
     0     0  662.09974    0 1626  731.98944  662.09974  9.55%     -  168s
     0     0  662.10212    0 1618  731.98944  662.10212  9.55%     -  170s
     0     0  662.80646    0 1640  731.98944  662.80646  9.45%     -  281s
     0     0  663.00130    0 1617  731.98944  663.00130  9.42%     -  343s
     0     0  663.02232    0 1615  731.98944  663.02232  9.42%     -  368s
     0     0  663.02472    0 1629  731.98944  663.02472  9.42%     -  377s
     0     0  663.33509    0 1614  731.98944  663.33509  9.38%     -  481s
     0     0  663.37566    0 1642  731.98944  663.37566  9.37%     -  515s
     0     0  663.38249    0 1627  731.98944  663.38249  9.37%     -  526s
     0     0  663.38481    0 1627  731.98944  663.38481  9.37%     -  534s
     0     0  663.46077    0 1630  731.98944  663.46077  9.36%     -  597s
     0     0  663.49664    0 1625  731.98944  663.49664  9.36%     -  619s
     0     0  663.50167    0 1647  731.98944  663.50167  9.36%     -  630s
     0     0  663.50326    0 1655  731.98944  663.50326  9.36%     -  637s
     0     0  663.55630    0 1590  731.98944  663.55630  9.35%     -  684s
H    0     0                     705.6469064  663.55630  5.96%     -  691s
     0     0  663.57063    0 1589  705.64691  663.57063  5.96%     -  722s
     0     0  663.57423    0 1602  705.64691  663.57423  5.96%     -  736s
     0     0  663.59522    0 1632  705.64691  663.59522  5.96%     -  773s
     0     0  663.59522    0 1629  705.64691  663.59522  5.96%     -  778s
H    0     0                     704.5571336  663.59522  5.81%     -  789s
H    0     0                     703.2157087  663.59522  5.63%     - 1765s
H    0     0                     703.2157085  663.59522  5.63%     - 1768s
     0     2  663.59522    0 1629  703.21571  663.59522  5.63%     - 1771s
     1     4  666.65379    1 1569  703.21571  663.59522  5.63%  1816 1781s
     3     8  669.53373    2 1614  703.21571  663.79903  5.61%  1507 1801s
     7    10 infeasible    3       703.21571  664.39882  5.52%  2771 1843s
    15    16  664.85676    4 1555  703.21571  664.75216  5.47%  3516 2141s
    25    16 infeasible    5       703.21571  664.85676  5.45%  4117 2495s
    41    16  665.42093    6 1534  703.21571  665.09953  5.42%  5220 2936s
    57    16 infeasible    7       703.21571  665.42143  5.37%  6312 3681s
    73    16  666.12667    8 1525  703.21571  665.75922  5.33%  7802 4685s
    89    20  667.22082    9 1466  703.21571  666.12856  5.27%  7528 5213s
   105    32 infeasible   10       703.21571  666.47629  5.22%  7909 5359s
   117    32  672.21348   10 1410  703.21571  666.82980  5.17%  7462 5360s
   125    30  667.18590   11 1505  703.21571  666.82980  5.17%  7224 6182s
   157    28 infeasible   12       703.21571  667.18590  5.12%  6983 6811s
   187    39  667.94651   13 1446  703.21571  667.59096  5.07%  7187 8249s
H  218    33                     703.2116289  667.94776  5.01%  7365 9171s
H  222    33                     702.7207078  668.29732  4.90%  7265 9171s
   254    45  668.58420   15 1436  702.72071  668.29732  4.90%  7279 10098s
H  300    71                     702.7207010  668.58558  4.86%  7095 20347s
H  300    71                     699.8526979  668.58558  4.47%  7095 20347s
   332   104 infeasible   17       699.85270  668.98105  4.41%  6930 21286s
   395   130  669.38617   17 1436  699.85270  669.05853  4.40%  6556 27143s
H  396   130                     691.5584684  669.05853  3.25%  6539 27143s
   429   163  670.05299   18 1346  691.55847  669.21848  3.23%  6362 28368s
   508   201  670.17333   19 1437  691.55847  669.21848  3.23%  6239 29642s
   584   249  670.56122   20 1426  691.55847  669.21848  3.23%  6197 30981s
   680   296  671.17464   23 1390  691.55847  669.21848  3.23%  5877 33135s
   779   348  672.12652   26 1360  691.55847  669.21848  3.23%  5741 34911s
   885   373  672.52800   30 1353  691.55847  669.21848  3.23%  5410 36974s
   962   373  681.33039   29 1427  691.55847  669.21848  3.23%  5350 36975s
   982   391  672.53807   31 1347  691.55847  669.21848  3.23%  5330 38513s
  1079   431  672.70889   32 1354  691.55847  669.21848  3.23%  5254 40547s
  1193   507  673.59647   39 1293  691.55847  669.21848  3.23%  5113 44191s
  1337   627  674.38429   46 1233  691.55847  669.21848  3.23%  4925 46704s
  1523   742  674.46492   55 1177  691.55847  669.21848  3.23%  4770 48279s
  1704   876  674.57190   56 1182  691.55847  669.21848  3.23%  4569 50419s
  1903  1029  674.84350   60 1120  691.55847  669.21848  3.23%  4411 52613s
  2124  1159  675.74102   69 1064  691.55847  669.21848  3.23%  4271 55141s
  2344  1269 infeasible   70       691.55847  669.21848  3.23%  4172 58062s
  2556  1416  676.03726   68 1088  691.55847  669.21848  3.23%  4112 60328s
  2804  1565  676.45592   74 1080  691.55847  669.21848  3.23%  4057 64000s
  3042  1566  671.74589   35 1629  691.55847  669.21848  3.23%  4187 69032s
  3044  1567  674.74819   53 1791  691.55847  669.21848  3.23%  4184 69061s
  3045  1568  674.50716   35 1854  691.55847  669.21848  3.23%  4182 69078s
  3046  1569  672.70454   25 1743  691.55847  669.21848  3.23%  4181 69092s
  3047  1569  671.99458   25 1669  691.55847  669.21848  3.23%  4180 69103s
  3048  1570  671.55595   29 1668  691.55847  669.21848  3.23%  4178 69113s
  3049  1571  675.37972   57 1595  691.55847  669.21848  3.23%  4177 69126s
  3050  1571  681.76363   87 1593  691.55847  669.21848  3.23%  4176 69138s
  3051  1572  673.21716   38 1591  691.55847  669.21848  3.23%  4174 69144s
  3052  1573  678.45180   77 1567  691.55847  669.21848  3.23%  4173 69156s
  3053  1573  681.68948   95 1579  691.55847  669.21848  3.23%  4171 69169s
  3054  1574  677.51622   75 1567  691.55847  669.21848  3.23%  4170 69182s
  3055  1575  677.78963   52 1587  691.55847  669.21848  3.23%  4169 69195s
  3056  1575  675.01253   50 1598  691.55847  669.21848  3.23%  4167 69209s
  3057  1576  678.97646   93 1591  691.55847  669.21848  3.23%  4166 69219s
  3058  1577  676.67384   25 1618  691.55847  669.21848  3.23%  4165 69233s
  3059  1577  671.53581   32 1589  691.55847  669.21848  3.23%  4163 69250s
  3060  1578  680.19499   72 1520  691.55847  669.21848  3.23%  4162 69335s
  3062  1579  678.60543   85 1532  691.55847  669.21848  3.23%  4159 69344s
  3063  1580  673.03126   29 1540  691.55847  669.21848  3.23%  4158 69382s
  3064  1581  675.46169   61 1559  691.55847  669.21848  3.23%  4156 69468s
  3065  1581  678.50238   64 1561  691.55847  669.21848  3.23%  4155 69501s
  3066  1582  674.52921   18 1553  691.55847  669.21848  3.23%  4154 69541s
  3067  1583  672.01747   33 1552  691.55847  669.21848  3.23%  4152 69562s
  3068  1583  677.57784   80 1541  691.55847  669.21848  3.23%  4151 69603s
  3069  1584  680.33174   89 1541  691.55847  669.21848  3.23%  4150 69616s
  3070  1585  671.83920   22 1541  691.55847  669.21848  3.23%  4148 70756s
  3071  1586 infeasible   12       691.55847  669.21848  3.23%  4168 71052s
  3073  1588  669.21848   13 1489  691.55847  669.21848  3.23%  4167 71324s
  3075  1591  669.21848   14 1523  691.55847  669.21848  3.23%  4166 71382s
  3079  1598  669.21848   15 1563  691.55847  669.21848  3.23%  4163 71465s
  3087  1611  669.21848   16 1501  691.55847  669.21848  3.23%  4160 71503s
  3103  1638  669.21848   17 1541  691.55847  669.21848  3.23%  4152 71534s
  3135  1659  669.21848   18 1508  691.55847  669.21848  3.23%  4130 75763s
  3167  1680  postponed   18       691.55847  669.21848  3.23%  4125 78963s
  3199  1700 infeasible   19       691.55847  669.21848  3.23%  4095 79023s
  3231  1739 infeasible   19       691.55847  669.21848  3.23%  4076 79173s
  3283  1786  669.21848   19 1501  691.55847  669.21848  3.23%  4031 79220s
  3347  1796  669.21848   20 1459  691.55847  669.21848  3.23%  3968 82248s
  3379  1847  669.21848   21 1456  691.55847  669.21848  3.23%  3935 82352s
  3442  1909  669.23764   22 1450  691.55847  669.21848  3.23%  3902 82472s
  3529  1964  669.50651   23 1453  691.55847  669.21848  3.23%  3846 83123s
  3619  2026  669.84443   24 1450  691.55847  669.21848  3.23%  3804 83512s
  3723  2102  670.13833   25 1433  691.55847  669.21848  3.23%  3735 83968s
  3846  2144  670.19665   26 1415  691.55847  669.21848  3.23%  3650 84249s
  3945  2230  670.21022   27 1418  691.55847  669.21848  3.23%  3608 84924s
  4080  2273  670.71452   30 1407  691.55847  669.21848  3.23%  3538 85329s
  4180  2361  670.73711   31 1410  691.55847  669.21848  3.23%  3507 86117s
  4309  2412 infeasible   32       691.55847  669.21848  3.23%  3456 86380s
  4413  2540  671.75998   33 1388  691.55847  669.21848  3.23%  3422 86444s
  4590  2678 infeasible   34       691.55847  669.21848  3.23%  3329 86562s
  4801  2817  673.47776   35 1389  691.55847  669.21848  3.23%  3211 86979s
  5030  2922  673.85527   36 1400  691.55847  669.21848  3.23%  3096 87156s
  5250  3079  674.42595   37 1415  691.55847  669.21848  3.23%  3003 87265s
  5502  3269 infeasible   39       691.55847  669.21848  3.23%  2893 87420s
  5802  3409  675.92406   41 1371  691.55847  669.21848  3.23%  2770 87859s
  6085  3525  677.13631   42 1399  691.55847  669.21848  3.23%  2674 88607s
  6340  3652  postponed   43       691.55847  669.21848  3.23%  2618 88836s
  6622  3722  677.20080   43 1387  691.55847  669.21848  3.23%  2538 89152s
  6848  3854 infeasible   44       691.55847  669.21848  3.23%  2505 89559s
  7114  3972 infeasible   46       691.55847  669.21848  3.23%  2458 89693s
  7366  4194 infeasible   46       691.55847  669.21848  3.23%  2413 89876s
  7722  4448  676.82214   70 1107  691.55847  669.21848  3.23%  2333 90341s
  8135  4817  680.77867   92 1070  691.55847  669.21848  3.23%  2247 90713s
  8572  5291  683.33903  120 1084  691.55847  669.21848  3.23%  2157 91181s
H 8791  5291                     691.2800703  669.21848  3.19%  2115 91181s
H 8889  5278                     689.7271972  669.21848  2.97%  2098 91181s
  9093  5493  685.10406  149 1036  689.72720  669.21848  2.97%  2062 91917s
H 9100  5481                     688.8099417  669.21848  2.84%  2060 91917s
H 9109  5453                     688.0413139  669.21848  2.74%  2059 91917s
H 9117  5141                     685.5154504  669.21848  2.38%  2058 91917s
  9343  5534     cutoff  157       685.51545  669.21848  2.38%  2025 92329s
  9897  5623  669.21848   20 1495  685.51545  669.21848  2.38%  1947 95649s
H 9904  5528                     685.0203982  669.21848  2.31%  1947 95649s
H 9959  5525                     684.9379066  669.21848  2.30%  1941 95650s
 10031  6027  669.21848   24 1476  684.93791  669.21848  2.30%  1939 96065s
 10639  6740  669.99326   30 1440  684.93791  669.21848  2.30%  1862 96766s
 11428  7156  672.24883   38 1358  684.93791  669.21848  2.30%  1772 97802s
 11993  7259  675.69189   53 1212  684.93791  669.21848  2.30%  1731 100013s
H12000  7032                     684.0654644  669.21848  2.17%  1730 100014s
H12036  6926                     683.5454108  669.21848  2.10%  1735 100014s
H12049  6856                     683.2255586  669.21848  2.05%  1736 100014s
 12180  7113  676.26371   61 1192  683.22556  669.21848  2.05%  1735 101174s
 12363  7113  674.69729   47 1189  683.22556  669.21848  2.05%  1741 101175s
 12516  7666  677.17746   82 1073  683.22556  669.21848  2.05%  1730 101819s
 13113  8425  679.67835  120  979  683.22556  669.21848  2.05%  1687 102036s
 13972  8962  669.21848   21 1509  683.22556  669.21848  2.05%  1621 103181s
H14066  8955                     683.1606962  669.21848  2.04%  1622 103181s
 14631  9860  669.24148   26 1477  683.16070  669.21848  2.04%  1585 103721s
H14828  9744                     682.7622075  669.21848  1.98%  1575 103721s
H15313  9713                     682.7226674  669.21848  1.98%  1541 103721s
H15533  9713                     682.7186548  669.21848  1.98%  1526 103721s
 15637 10642  672.69795   38 1318  682.71865  669.21848  1.98%  1522 104706s
H16001 10634                     682.7110351  669.21848  1.98%  1496 104706s
 16699 10747  677.58420   89 1012  682.71104  669.21848  1.98%  1462 108290s
H16725 10745                     682.7055338  669.21848  1.98%  1461 108290s
 16905 11573  677.59981   91  993  682.70553  669.21848  1.98%  1462 108826s
 17844 12030  679.56932  138  912  682.70553  669.21848  1.98%  1431 110108s
 18530 12409  679.54076  137  911  682.70553  669.21848  1.98%  1427 110638s
H18882 12106                     682.3921261  669.21848  1.93%  1432 110638s
 19058 12549  postponed  143       682.39213  669.21848  1.93%  1438 112189s
 19649 13383  postponed  144       682.39213  669.21848  1.93%  1443 112912s
 20529 14743  postponed  145       682.39213  669.21848  1.93%  1414 115348s
 22019 16074     cutoff  146       682.39213  669.21848  1.93%  1346 116068s
H22118 16069                     682.3631975  669.21848  1.93%  1345 116068s
H22270 15419                     681.8606336  669.21848  1.85%  1340 116068s
 23537 16087     cutoff  147       681.86063  669.21848  1.85%  1292 117875s
H23727 16087                     681.8594559  669.21848  1.85%  1288 117876s
H23917 16087                     681.8574920  669.21848  1.85%  1282 117876s
H24374 16072                     681.8486510  669.21848  1.85%  1285 117876s
 24535 16986 infeasible  145       681.84865  669.21848  1.85%  1281 121064s
H24639 16985                     681.8473562  669.21848  1.85%  1279 121065s
H25251 16983                     681.8466339  669.21848  1.85%  1260 121065s
 25617 18237  669.21848   21 1508  681.84663  669.21848  1.85%  1259 121859s
 27033 19159  669.21848   25 1475  681.84663  669.21848  1.85%  1227 122359s
H27115 19151                     681.8420656  669.21848  1.85%  1226 122359s
 28198 19634  670.40517   30 1452  681.84207  669.21848  1.85%  1211 127398s
 28788 19634  669.21848   23 1475  681.84207  669.21848  1.85%  1201 127400s
 28836 20712  671.71332   33 1407  681.84207  669.21848  1.85%  1207 129231s
 30125 21893  671.49241   31 1513  681.84207  669.21848  1.85%  1199 131674s
H30830 21691                     681.7268021  669.21848  1.83%  1195 131675s
 31796 21736  680.56544   52 1237  681.72680  669.21848  1.83%  1208 140707s
 32003 22868  669.21848   26 1486  681.72680  669.21848  1.83%  1228 143321s
 33514 24846     cutoff  101       681.72680  669.21848  1.83%  1250 145666s
H33954 24842                     681.7217769  669.21848  1.83%  1239 145667s
H34425 24842                     681.7217512  669.21848  1.83%  1225 145667s
 35722 26624  670.04984   33 1403  681.72175  669.21848  1.83%  1229 149785s
H35972 26620                     681.7192440  669.21848  1.83%  1223 149786s
 37975 27301  669.69658   44 1406  681.71924  669.21848  1.83%  1208 154824s
 38865 28295  677.25956   70 1114  681.71924  669.21848  1.83%  1220 164792s
 40128 30597  669.21848   22 1482  681.71924  669.21848  1.83%  1216 174305s
 42630 33704  679.48981   95 1044  681.71924  669.21848  1.83%  1185 179066s
H44527 33676                     681.7118471  669.21848  1.83%  1152 179068s
 46084 34950  681.33673  343  526  681.71185  669.21848  1.83%  1137 184847s
H46240 34950                     681.7118313  669.21848  1.83%  1139 184848s
H46352 34949                     681.7118101  669.21848  1.83%  1140 184848s
H47114 34949                     681.7118099  669.21848  1.83%  1138 184849s
H47131 34949                     681.7118098  669.21848  1.83%  1138 184849s
 47679 36263 infeasible   28       681.71181  669.21848  1.83%  1131 193547s
 49241 38224  669.21848   23 1500  681.71181  669.21848  1.83%  1127 204698s
 50413 38224  677.70924   77 1055  681.71181  669.21848  1.83%  1124 204700s
 51640 39934  678.53758   82 1051  681.71181  669.21848  1.83%  1119 216631s
H52533 37909                     681.3612424  669.21848  1.78%  1120 216633s
 53955 39200 infeasible   42       681.36124  669.21848  1.78%  1129 222732s
H54000 39199                     681.3610398  669.21848  1.78%  1128 222732s
H54046 39199                     681.3610017  669.21848  1.78%  1128 222732s
H54415 39195                     681.3607724  669.21848  1.78%  1135 222733s
H54515 39077                     681.3445365  669.21848  1.78%  1133 222733s
H55313 39053                     681.3412112  669.21848  1.78%  1132 222733s
 55867 40897  677.27553   73 1053  681.34121  669.21848  1.78%  1133 230885s
H56866 40772                     681.3264194  669.21848  1.78%  1132 230885s
H57621 40690                     681.3148376  669.21848  1.78%  1122 230886s
 58132 43004 infeasible   26       681.31484  669.21848  1.78%  1131 235456s
H59423 42974                     681.3116887  669.21848  1.77%  1128 235458s
 61062 45456  679.56715   89 1026  681.31169  669.21848  1.77%  1126 239524s
H61300 45452                     681.3112858  669.21848  1.77%  1121 239525s
H62628 45452                     681.3112853  669.21848  1.77%  1120 239526s
H63061 45449                     681.3111818  669.21848  1.77%  1115 239526s
 64044 47911 infeasible   34       681.31118  669.21848  1.77%  1118 244012s
 67009 49581  669.21848   34 1444  681.31118  669.21848  1.77%  1113 249342s
 69437 51264 infeasible   33       681.31118  669.21848  1.77%  1131 255143s
 70696 51264  669.25749   39 1395  681.31118  669.21848  1.77%  1137 255145s
H71530 51264                     681.3111779  669.21848  1.77%  1142 255146s
H71630 51264                     681.3111760  669.21848  1.77%  1140 255146s
 71954 52775  677.83561   88 1033  681.31118  669.21848  1.77%  1149 260160s
H72080 52770                     681.3108501  669.21848  1.77%  1151 260161s
H73643 52744                     681.3083236  669.21848  1.77%  1167 260161s
 74077 55377  672.84412   40 1355  681.30832  669.21848  1.77%  1173 264595s
H75280 55336                     681.3052385  669.21848  1.77%  1175 264596s
H75652 55252                     681.2989108  669.21848  1.77%  1174 264596s
H76180 55247                     681.2982739  669.21848  1.77%  1178 264597s
 77534 57118 infeasible  313       681.29827  669.21848  1.77%  1171 271587s
H78031 56912                     681.2840203  669.21848  1.77%  1179 271588s
 80441 58680 infeasible   32       681.28402  669.21848  1.77%  1199 276984s
 81016 58680 infeasible   29       681.28402  669.21848  1.77%  1207 276985s
 83100 59689  679.37394   86  998  681.28402  669.21848  1.77%  1228 282565s
 84818 63066  670.04388   45 1391  681.28402  669.21848  1.77%  1254 288468s
H87662 63039                     681.2819647  669.21848  1.77%  1253 288470s
 89229 64930 infeasible   38       681.28196  669.21848  1.77%  1256 293918s
 90503 64930  680.53719  123 1002  681.28196  669.21848  1.77%  1267 293920s
H90825 64930                     681.2819227  669.21848  1.77%  1268 293921s
H91823 64799                     681.2743244  669.21848  1.77%  1283 293922s
 92177 65570  671.33832   33 1502  681.27432  669.21848  1.77%  1281 303584s
 92298 65570     cutoff   90       681.27432  669.21848  1.77%  1282 303585s
H92731 64845                     681.2357617  669.21848  1.76%  1285 303587s
 93556 68300  671.24264   40 1414  681.23576  669.21848  1.76%  1311 320433s
 99275 71261  674.07410   38 1149  681.23576  669.21848  1.76%  1386 335571s
H101885 68560                     681.0811739  669.43621  1.71%  1395 335576s
