
Gurobi 9.1.0 (linux64) logging started Fri Aug 20 21:58:17 2021

Changed value of parameter LogFile to eab_parasitoid_0.4_0_1_streetforest.log
   Prev:   Default: 
Changed value of parameter MIPGap to 0.01
   Prev: 0.0001  Min: 0.0  Max: inf  Default: 0.0001
Changed value of parameter Method to 2
   Prev: -1  Min: -1  Max: 5  Default: -1
Changed value of parameter MIPFocus to 2
   Prev: 0  Min: 0  Max: 3  Default: 0
Changed value of parameter RINS to 100
   Prev: -1  Min: -1  Max: 2000000000  Default: -1
Gurobi Optimizer version 9.1.0 build v9.1.0rc0 (linux64)
Thread count: 32 physical cores, 32 logical processors, using up to 32 threads
Optimize a model with 203386 rows, 134930 columns and 685029 nonzeros
Model fingerprint: 0x558c9d0a
Variable types: 55774 continuous, 79156 integer (79156 binary)
Coefficient statistics:
  Matrix range     [2e-04, 1e+06]
  Objective range  [3e-06, 4e-01]
  Bounds range     [1e+00, 6e+03]
  RHS range        [1e-04, 1e+06]
Presolve removed 182097 rows and 116246 columns (presolve time = 5s) ...
Presolve removed 192026 rows and 125347 columns (presolve time = 10s) ...
Presolve removed 193626 rows and 126975 columns (presolve time = 15s) ...
Presolve removed 193635 rows and 126976 columns
Presolve time: 15.95s
Presolved: 9751 rows, 7954 columns, 132261 nonzeros
Variable types: 3436 continuous, 4518 integer (4517 binary)
Presolve removed 24 rows and 12 columns
Presolved: 9727 rows, 7942 columns, 132206 nonzeros

Root barrier log...

Ordering time: 0.89s

Barrier statistics:
 Dense cols : 151
 AA' NZ     : 5.680e+05
 Factor NZ  : 2.743e+06 (roughly 30 MBytes of memory)
 Factor Ops : 2.296e+09 (less than 1 second per iteration)
 Threads    : 31

                  Objective                Residual
Iter       Primal          Dual         Primal    Dual     Compl     Time
   0   3.73623953e+03 -3.62851115e+04  2.32e+04 3.80e-01  1.24e+02    20s
   1   2.68778420e+03 -3.92271971e+04  1.56e+04 8.60e-01  8.26e+01    20s
   2   1.66019091e+03 -3.91427483e+04  7.12e+03 6.07e-14  3.83e+01    20s
   3   7.21589167e+02 -2.79138449e+04  3.43e+02 2.56e-13  2.79e+00    21s
   4   5.98538231e+02 -1.33633996e+04  7.80e+01 2.48e-11  8.09e-01    21s
   5   5.34691742e+02 -2.83188741e+03  1.87e+01 6.92e-15  1.61e-01    21s
   6   5.07042557e+02 -8.57822978e+02  6.25e+00 2.79e-15  6.01e-02    21s
   7   4.90419225e+02 -1.70679893e+02  8.43e-01 2.51e-15  2.70e-02    22s
   8   4.82335693e+02  2.38854757e+02  1.61e-03 2.97e-15  9.71e-03    22s
   9   4.77963001e+02  3.91269973e+02  3.86e-04 1.21e-15  3.44e-03    22s
  10   4.75658758e+02  4.34238337e+02  1.99e-04 2.00e-15  1.64e-03    23s
  11   4.74391963e+02  4.44386490e+02  1.13e-04 5.08e-16  1.19e-03    23s
  12   4.73351169e+02  4.58367253e+02  7.09e-05 4.44e-16  5.93e-04    23s
  13   4.72293485e+02  4.63141733e+02  3.02e-05 4.44e-16  3.62e-04    23s
  14   4.71687548e+02  4.67860835e+02  1.14e-05 8.88e-16  1.51e-04    24s
  15   4.71488797e+02  4.69288612e+02  7.35e-06 8.88e-16  8.71e-05    24s
  16   4.71415089e+02  4.69949720e+02  5.98e-06 8.88e-16  5.80e-05    24s
  17   4.71248863e+02  4.70376009e+02  3.12e-06 4.44e-16  3.45e-05    25s
  18   4.71184791e+02  4.70482564e+02  2.10e-06 4.44e-16  2.78e-05    25s
  19   4.71140611e+02  4.70814965e+02  1.28e-06 8.88e-16  1.29e-05    25s
  20   4.71093236e+02  4.70919446e+02  5.25e-07 4.44e-16  6.88e-06    26s
  21   4.71080829e+02  4.70967056e+02  3.40e-07 1.78e-15  4.50e-06    26s
  22   4.71072210e+02  4.71005447e+02  2.09e-07 2.22e-15  2.64e-06    26s
  23   4.71067410e+02  4.71018541e+02  1.34e-07 5.77e-15  1.93e-06    27s
  24   4.71062080e+02  4.71033641e+02  5.46e-08 1.33e-15  1.13e-06    27s
  25   4.71061077e+02  4.71044427e+02  4.10e-08 1.33e-15  6.59e-07    27s
  26   4.71059844e+02  4.71050381e+02  2.48e-08 3.31e-15  3.75e-07    28s
  27   4.71059194e+02  4.71054264e+02  1.64e-08 2.07e-15  1.95e-07    28s
  28   4.71058620e+02  4.71056428e+02  7.88e-09 3.71e-15  8.68e-08    29s
  29   4.71058539e+02  4.71056688e+02  6.79e-09 4.44e-16  7.32e-08    29s
  30   4.71058265e+02  4.71057086e+02  2.82e-09 4.44e-16  4.66e-08    29s
  31   4.71058103e+02  4.71057395e+02  8.05e-10 6.83e-16  2.80e-08    29s
  32   4.71058032e+02  4.71057997e+02  7.00e-11 1.35e-14  1.40e-09    30s
  33   4.71058025e+02  4.71058024e+02  2.67e-12 2.15e-15  2.01e-11    30s

Barrier solved model in 33 iterations and 30.47 seconds
Optimal objective 4.71058025e+02


Root crossover log...

     618 DPushes remaining with DInf 0.0000000e+00                31s
       0 DPushes remaining with DInf 0.0000000e+00                31s

    4122 PPushes remaining with PInf 8.7034574e-06                31s
       0 PPushes remaining with PInf 0.0000000e+00                31s

  Push phase complete: Pinf 0.0000000e+00, Dinf 5.6327668e-02     31s


Root simplex log...

Iteration    Objective       Primal Inf.    Dual Inf.      Time
    4594    4.7105802e+02   0.000000e+00   5.632767e-02     31s
    4605    4.7105802e+02   0.000000e+00   0.000000e+00     31s
    4605    4.7105802e+02   0.000000e+00   0.000000e+00     31s

Root relaxation: objective 4.710580e+02, 4605 iterations, 14.36 seconds

    Nodes    |    Current Node    |     Objective Bounds      |     Work
 Expl Unexpl |  Obj  Depth IntInf | Incumbent    BestBd   Gap | It/Node Time

     0     0  471.05816    0 1906          -  471.05816      -     -   32s
     0     0  505.15714    0 2443          -  505.15714      -     -   53s
     0     0  506.41749    0 2624          -  506.41749      -     -   89s
     0     0  506.51335    0 2645          -  506.51335      -     -  104s
     0     0  506.52152    0 2643          -  506.52152      -     -  106s
     0     0  506.52158    0 2645          -  506.52158      -     -  106s
     0     0  514.25322    0 2589          -  514.25322      -     -  141s
     0     0  514.25322    0 2442          -  514.25322      -     -  166s
H    0     0                     675.2453338  514.25322  23.8%     -  174s
H    0     0                     675.1893105  514.25322  23.8%     -  174s
H    0     0                     674.7468610  514.25322  23.8%     -  174s
H    0     0                     674.6577272  514.25322  23.8%     -  174s
     0     0  514.25322    0 2354  674.65773  514.25322  23.8%     -  175s
     0     0  514.25805    0 2307  674.65773  514.25805  23.8%     -  179s
     0     0  514.26038    0 2301  674.65773  514.26038  23.8%     -  180s
     0     0  521.39090    0 2234  674.65773  521.39090  22.7%     -  201s
     0     0  521.65197    0 2214  674.65773  521.65197  22.7%     -  210s
     0     0  521.67129    0 2186  674.65773  521.67129  22.7%     -  212s
     0     0  528.66322    0 2210  674.65773  528.66322  21.6%     -  230s
H    0     0                     674.6315781  528.66322  21.6%     -  232s
     0     0  528.83212    0 2173  674.63158  528.83212  21.6%     -  246s
     0     0  528.85199    0 2190  674.63158  528.85199  21.6%     -  255s
     0     0  533.14361    0 2146  674.63158  533.14361  21.0%     -  286s
     0     0  534.18840    0 2162  674.63158  534.18840  20.8%     -  297s
     0     0  534.19391    0 2160  674.63158  534.19391  20.8%     -  306s
H    0     0                     566.5334827  534.19391  5.71%     -  333s
     0     0  540.44534    0 2158  566.53348  540.44534  4.60%     -  349s
H    0     0                     566.5334825  540.44534  4.60%     -  351s
     0     0  540.59028    0 2149  566.53348  540.59028  4.58%     -  362s
     0     0  540.63118    0 2154  566.53348  540.63118  4.57%     -  365s
H    0     0                     566.0894513  540.63118  4.50%     -  377s
H    0     0                     565.7068000  540.63118  4.43%     -  387s
     0     0  541.14170    0 2128  565.70680  541.14170  4.34%     -  387s
H    0     0                     565.7064920  541.14170  4.34%     -  395s
H    0     0                     565.7055978  541.14170  4.34%     -  395s
     0     0  541.29285    0 2144  565.70560  541.29285  4.32%     -  395s
     0     0  541.33859    0 2134  565.70560  541.33859  4.31%     -  402s
     0     0  541.43829    0 2134  565.70560  541.43829  4.29%     -  440s
     0     0  541.43829    0 2133  565.70560  541.43829  4.29%     -  446s
H    0     0                     565.1358160  541.43829  4.19%     -  679s
     0     2  541.43829    0 2133  565.13582  541.43829  4.19%     -  683s
     1     4  544.40470    1 2022  565.13582  541.43829  4.19%  1838  692s
     3     8  547.39281    2 2111  565.13582  541.50927  4.18%  1413  706s
     7    16  550.76512    3 2110  565.13582  541.62106  4.16%  2115  729s
    15    32  554.45135    4 2103  565.13582  542.69378  3.97%  2619  759s
    31    64  554.55197    5 2127  565.13582  543.16593  3.89%  3394  827s
    63    96  556.56960    6 2022  565.13582  543.37541  3.85%  3637 1336s
    95   126     cutoff    6       565.13582  543.37541  3.85%  4375 1470s
H  115   126                     565.1333466  543.37541  3.85%  4069 1470s
   127   158  557.19192    7 2010  565.13335  543.37541  3.85%  4037 1635s
H  153   158                     565.1233382  543.37541  3.85%  3809 1635s
H  159   188                     565.1232786  543.37541  3.85%  3780 3385s
H  160   188                     564.0160538  543.37541  3.66%  3760 3385s
   191   233  557.30833    8 2017  564.01605  543.37541  3.66%  3514 3499s
   242   285  557.85984   10 2000  564.01605  543.37541  3.66%  3107 3541s
   296   338  558.01563   12 1981  564.01605  543.37541  3.66%  2727 3560s
   355   417  558.32532   14 1981  564.01605  543.37541  3.66%  2402 3573s
   440   504  558.74047   15 1981  564.01605  543.37541  3.66%  2056 3583s
   527   610  559.00053   17 1980  564.01605  543.37541  3.66%  1784 3598s
   639   715  559.18137   21 1968  564.01605  543.37541  3.66%  1535 3620s
   750   840  562.89368   22 1966  564.01605  543.37541  3.66%  1360 3668s
   877   978  559.58132   23 1961  564.01605  543.37541  3.66%  1201 3718s
  1021  1134  560.00972   27 1951  564.01605  543.37541  3.66%  1068 3766s
  1179  1265  560.32951   29 1929  564.01605  543.37541  3.66%   954 3816s
  1319  1387  560.48354   31 1939  564.01605  543.37541  3.66%   881 3896s
  1468  1513  560.42795   34 1949  564.01605  543.37541  3.66%   821 3983s
  1604  1714  560.58862   38 1933  564.01605  543.37541  3.66%   785 4047s
  1807  1942  561.03120   44 1917  564.01605  543.37541  3.66%   718 4113s
  2039  2184  561.35779   47 1900  564.01605  543.37541  3.66%   655 4145s
  2285  2377  561.81304   49 1878  564.01605  543.37541  3.66%   603 4183s
  2491  2568  561.88561   50 1876  564.01605  543.37541  3.66%   571 4612s
H 2530  2568                     564.0160485  543.37541  3.66%   567 4612s
H 2540  2568                     564.0160078  543.37541  3.66%   565 4612s
H 2579  2568                     564.0026207  543.37541  3.66%   560 4612s
H 2635  2500                     563.4200250  543.37541  3.56%   551 4612s
  2703  2687  562.48082   52 1881  563.42003  543.37541  3.56%   541 4679s
  2978  2895     cutoff   57       563.42003  543.37541  3.56%   514 4733s
  3201  3104     cutoff   57       563.42003  543.93496  3.46%   500 4806s
  3440  3296  549.18798    7 1934  563.42003  543.93496  3.46%   484 4877s
  3651  3558  549.54786    8 1934  563.42003  543.93496  3.46%   476 4922s
  3915  3843  549.92140    9 1925  563.42003  543.93496  3.46%   459 4958s
  4206  4140  552.56292   10 1899  563.42003  543.93496  3.46%   441 5005s
  4535  4418  552.68392   11 1896  563.42003  543.93496  3.46%   423 5046s
  4833  4649  553.52433   13 1905  563.42003  543.93496  3.46%   413 5137s
  5082  4888  553.89402   17 1911  563.42003  543.93496  3.46%   408 5341s
H 5211  4886                     563.4060555  543.93496  3.46%   406 5341s
  5341  5199  554.48199   24 1882  563.40606  543.93496  3.46%   401 5382s
H 5668  5198                     563.4016943  543.93496  3.46%   390 6392s
  5669  5199  552.32404   39 2133  563.40169  543.93496  3.46%   390 6582s
H 5670  4940                     563.4016831  543.93496  3.46%   390 6601s
  5672  4941  557.81193  111 2405  563.40168  543.93496  3.46%   390 6608s
  5673  4942  557.56061    9 2490  563.40168  543.93496  3.46%   390 6615s
  5674  4942  559.22238   10 2361  563.40168  543.93496  3.46%   390 6626s
  5675  4943  562.20802   15 2344  563.40168  543.93496  3.46%   390 6631s
  5676  4944  560.08652  227 2258  563.40168  543.93496  3.46%   390 6642s
  5677  4944  563.29345  259 2209  563.40168  543.93496  3.46%   390 6645s
  5678  4945  555.55476   95 2144  563.40168  543.93496  3.46%   390 6652s
  5679  4946  554.62705   99 2094  563.40168  543.93496  3.46%   390 6657s
  5680  4946  554.54912   26 2058  563.40168  543.93496  3.46%   390 6665s
  5681  4947  562.13961   93 2058  563.40168  543.93496  3.46%   390 6670s
  5683  4948  555.86076   28 2072  563.40168  543.93496  3.46%   389 6677s
  5684  4949  552.73962   21 2060  563.40168  543.93496  3.46%   389 6685s
  5687  4951  561.93794  249 2063  563.40168  543.93496  3.46%   389 6691s
  5688  4952  558.88538  183 1930  563.40168  543.93496  3.46%   389 6725s
  5691  4954  563.36910  289 1956  563.40168  543.93496  3.46%   389 6733s
  5692  4954  554.84398   55 1942  563.40168  543.93496  3.46%   389 6735s
  5693  4955  554.40468    9 1965  563.40168  543.93496  3.46%   389 6748s
H 5693  4706                     563.4016785  543.93496  3.46%   389 6763s
  5694  4707  557.45652   80 1953  563.40168  544.47713  3.36%   389 6776s
  5698  4709  553.32997   27 1899  563.40168  544.90083  3.28%   388 6781s
  5703  4713  559.31048  232 1940  563.40168  544.99369  3.27%   388 6786s
  5704  4713  558.37915  136 1951  563.40168  544.99629  3.27%   388 6795s
  5705  4714  557.25561   13 1941  563.40168  545.32262  3.21%   388 6818s
H 5705  4478                     563.4016782  545.32262  3.21%   388 6819s
  5707  4479  558.18224   74 1942  563.40168  545.51506  3.17%   388 6821s
  5710  4481  562.93353   42 1953  563.40168  545.60157  3.16%   388 6833s
H 5710  4256                     563.4016782  545.60157  3.16%   388 6844s
  5711  4257  559.75266   33 1951  563.40168  545.77421  3.13%   388 6845s
  5715  4260  548.60892   15 1962  563.40168  545.91965  3.10%   387 6850s
  5716  4260  559.44067   24 1983  563.40168  545.92567  3.10%   387 6862s
  5717  4261  552.53183   45 1977  563.40168  546.01751  3.09%   387 6879s
  5718  4262  554.90759   34 1957  563.40168  546.03059  3.08%   387 6882s
  5720  4263  554.09716    8 1975  563.40168  546.06016  3.08%   387 6895s
  5721  4264  556.22581  163 1950  563.40168  546.10771  3.07%   387 6908s
  5722  4264  559.05137  197 1950  563.40168  546.11995  3.07%   387 6919s
  5723  4265  559.27549   45 1958  563.40168  546.13323  3.07%   387 6933s
  5724  4266  557.82319   20 1950  563.40168  546.14584  3.06%   387 6935s
  5726  4267  560.55816  275 1970  563.40168  546.16775  3.06%   387 6950s
  5727  4268  560.03053   22 1965  563.40168  546.24180  3.05%   386 6988s
  5728  4268  556.56606   29 1962  563.40168  546.24180  3.05%   386 7000s
  5729  4269  555.05779   48 1962  563.40168  546.24485  3.05%   386 7237s
  5730  4273  557.32891   13 1828  563.40168  546.24485  3.05%   401 7369s
  5732  4276  559.83704   14 1844  563.40168  547.39513  2.84%   402 7737s
  5736  4282  563.15220   15 1884  563.40168  547.69639  2.79%   405 7777s
  5744  4288  563.19338   16 1894  563.40168  547.98547  2.74%   410 7797s
  5759  4294     cutoff   17       563.40168  548.22475  2.69%   420 7808s
  5783  4311  548.84772   18 1920  563.40168  548.82751  2.59%   432 7821s
  5815  4318  550.09336   19 1788  563.40168  548.84784  2.58%   441 7845s
H 5839  4096                     563.4016781  548.84784  2.58%   450 7845s
H 5847  3910                     563.2583484  548.84784  2.56%   454 8113s
H 5850  3715                     563.2124869  548.84784  2.55%   454 8113s
H 5851  3531                     563.1051014  548.84784  2.53%   455 8113s
H 5863  3352                     563.0477770  548.84784  2.52%   458 8113s
H 5871  3184                     562.8957571  548.84784  2.50%   461 8113s
H 5879  3041                     562.8258021  548.84784  2.48%   463 8209s
H 5880  2891                     562.8087084  548.84784  2.48%   463 8209s
H 5885  2747                     562.7981152  548.84784  2.48%   465 8209s
H 5895  2609                     562.7901172  548.84784  2.48%   467 8209s
H 5902  2478                     562.7316398  548.84784  2.47%   469 8209s
H 5903  2356                     562.7189556  548.84784  2.47%   469 8209s
  5911  2380  554.60148   22 1819  562.71896  548.84784  2.47%   471 8260s
  5960  2399  555.28774   24 1809  562.71896  548.84784  2.47%   480 8324s
  6005  2411  556.11899   26 1830  562.71896  548.84784  2.47%   488 8365s
  6046  2417  556.46897   27 1823  562.71896  548.84784  2.47%   496 8412s
  6085  2443  556.55321   28 1829  562.71896  548.84784  2.47%   502 8442s
  6140  2458  557.09460   30 1757  562.71896  548.84784  2.47%   509 8469s
  6198  2493  557.23894   33 1749  562.71896  548.84784  2.47%   517 8672s
H 6200  2376                     562.7189267  548.84784  2.47%   517 8672s
H 6208  2262                     562.7189220  548.84784  2.47%   518 8672s
H 6224  2153                     562.7189202  548.84784  2.47%   524 8672s
H 6234  2051                     562.7189197  548.84784  2.47%   524 8672s
H 6238  1954                     562.7070370  548.84784  2.46%   524 8672s
  6267  1987  558.35603   36 1744  562.70704  548.84784  2.46%   526 8728s
  6359  1990  558.72388   39 1739  562.70704  548.84784  2.46%   530 8798s
H 6450  1885                     562.7069086  548.84784  2.46%   536 9060s
  6493  1942  559.23867   44 1757  562.70691  548.84784  2.46%   540 9088s
  6589  1980  559.68633   49 1753  562.70691  548.84784  2.46%   546 9121s
  6705  1964  560.50312   54 1734  562.70691  548.84784  2.46%   552 9339s
  6741  2043  560.59347   55 1760  562.70691  548.84784  2.46%   553 9405s
  6878  2075  561.18483   61 1746  562.70691  548.84784  2.46%   556 9457s
  7020  2117  561.92093   68 1675  562.70691  548.84784  2.46%   558 9518s
  7178  2164  562.33037   76 1638  562.70691  548.84784  2.46%   560 9579s
  7345  2206  562.65416   85 1614  562.70691  548.84784  2.46%   561 9614s
  7493  2284 infeasible   86       562.70691  551.63366  1.97%   564 9708s
H 7614  2159                     562.6719303  551.63366  1.96%   567 9708s
  7652  2309  555.74324   20 1876  562.67193  551.63366  1.96%   566 9723s
  7841  2398  557.57418   23 1806  562.67193  551.63366  1.96%   566 9735s
  8044  2506  559.08427   27 1788  562.67193  551.63366  1.96%   562 9755s
  8261  2669  560.96724   32 1739  562.67193  552.24410  1.85%   560 9810s
  8564  2836  561.25189   20 1903  562.67193  552.24410  1.85%   555 9897s
  8882  3016     cutoff   22       562.67193  552.24410  1.85%   548 10027s
H 8966  2907                     562.6719281  552.24410  1.85%   549 10027s
  9226  3145     cutoff   21       562.67193  552.24410  1.85%   541 10052s
  9610  3340     cutoff   30       562.67193  552.71879  1.77%   531 10073s
  9967  3489  559.73270   22 1857  562.67193  552.71879  1.77%   525 10148s
 10342  3737  561.57594   25 1833  562.67193  552.76227  1.76%   518 10203s
 10771  4084  557.01926   28 1815  562.67193  552.76227  1.76%   509 10366s
 11197  4186  558.16956   30 1761  562.67193  552.76227  1.76%   501 10913s
H11272  4186                     562.6719281  552.76227  1.76%   502 10913s
H11293  4186                     562.6719278  552.76227  1.76%   502 10913s
 11324  4689  558.81016   32 1781  562.67193  552.76227  1.76%   502 10953s
 11921  5196  559.98876   38 1754  562.67193  552.76227  1.76%   487 10992s
 12538  5813  559.91599   43 1754  562.67193  552.76227  1.76%   473 11032s
 13249  6436  560.73683   49 1731  562.67193  552.76227  1.76%   457 11073s
 13932  7064  561.60050   59 1721  562.67193  552.76227  1.76%   445 11113s
 14616  7653  562.20151   69 1690  562.67193  552.76227  1.76%   433 11194s
 15287  8051     cutoff   76       562.67193  553.75470  1.58%   423 11615s
H15335  8051                     562.6719274  554.02032  1.54%   423 11615s
H15388  8031                     562.6344319  554.02032  1.53%   422 11615s
H15542  7948                     562.5793661  554.02032  1.52%   419 11615s
 15709  8491  555.71798   29 1787  562.57937  554.02032  1.52%   418 11678s
 16355  9092  557.70757   41 1734  562.57937  554.02032  1.52%   411 12245s
H16639  9092                     562.5792143  554.02032  1.52%   408 12245s
H16739  9092                     562.5788418  554.02032  1.52%   407 12245s
 17028  9464  560.36480   59 1728  562.57884  554.02032  1.52%   406 12418s
 17482  9991  560.88175   66 1708  562.57884  554.02032  1.52%   401 12767s
H17517  9990                     562.5787681  554.02032  1.52%   402 12767s
H17806  9879                     562.5386567  554.02032  1.51%   399 12767s
 18092 10191  560.98589   70 1704  562.53866  554.02032  1.51%   397 13442s
H18388 10190                     562.5376002  554.02032  1.51%   394 13442s
 18462 11124  561.86129   79 1668  562.53760  554.02032  1.51%   394 13732s
H18712 11124                     562.5376001  554.02032  1.51%   391 13732s
 19495 11335     cutoff  103       562.53760  554.42678  1.44%   384 14082s
H19553 11335                     562.5374861  554.52809  1.42%   384 14083s
 19754 12360  558.80546   30 1771  562.53749  554.52809  1.42%   382 14304s
 20984 12383     cutoff   41       562.53749  554.63636  1.40%   372 14610s
 21035 12968  555.15075   31 1791  562.53749  554.63636  1.40%   372 14768s
 21678 13677  556.38597   39 1793  562.53749  554.63636  1.40%   367 15231s
H21907 13677                     562.5374860  554.63636  1.40%   365 15231s
 22441 15190  558.69147   62 1702  562.53749  554.63636  1.40%   362 15725s
 24190 15536  560.63202  114 1597  562.53749  554.63636  1.40%   346 16122s
 24593 15891  560.77331  125 1561  562.53749  554.63636  1.40%   344 16735s
 25010 17665  560.84340  133 1490  562.53749  554.63636  1.40%   342 16992s
 27014 19580  561.51714  224 1268  562.53749  554.63636  1.40%   331 17280s
 29125 21661  561.94033  311 1108  562.53749  554.98235  1.34%   319 17513s
 31671 22426  559.22468   29 1796  562.53749  555.12494  1.32%   310 18005s
 32683 23188  561.85597   32 1778  562.53749  555.27185  1.29%   310 18639s
 33710 25593  558.14429   35 1773  562.53749  555.45492  1.26%   309 19230s
 36471 26559  560.64089   65 1726  562.53749  555.45492  1.26%   299 19834s
 37569 27786  562.05947   95 1622  562.53749  555.49840  1.25%   297 20535s
 38947 29515  558.50680   29 1822  562.53749  555.52508  1.25%   292 20969s
H39457 29456                     562.5253399  555.52508  1.24%   291 20969s
 39492 29456  560.66404   60 1703  562.52534  555.52508  1.24%   290 20970s
 41009 31413  559.11869   52 1705  562.52534  555.63927  1.22%   287 21285s
H41578 29045                     562.3540633  555.66078  1.19%   287 21285s
 43343 30625  560.12963   37 1786  562.35406  555.70474  1.18%   286 21908s
H43453 29967                     562.3129796  555.70474  1.18%   286 21908s
H44744 29869                     562.3050186  555.70474  1.17%   284 21908s
 45325 31917  560.79812   63 1741  562.30502  555.73833  1.17%   284 22767s
H45400 31726                     562.2936848  555.73833  1.17%   284 22767s
H45958 31488                     562.2784031  555.73833  1.16%   283 22767s
 47770 32685  556.72337   36 1760  562.27840  555.73833  1.16%   280 23490s
H48264 32685                     562.2784030  555.73833  1.16%   280 23490s
H48539 32685                     562.2784021  555.73833  1.16%   281 23490s
 49161 34083  560.93272   66 1681  562.27840  555.76094  1.16%   279 24278s
H49527 34037                     562.2748867  555.76094  1.16%   278 24279s
H49896 33885                     562.2653583  555.76094  1.16%   279 24279s
 50785 35285  557.98607   38 1746  562.26536  555.76094  1.16%   277 24915s
H51126 35285                     562.2653582  555.76094  1.16%   276 24916s
 52270 37467  559.84446   54 1727  562.26536  555.76094  1.16%   274 25841s
H52837 37467                     562.2653581  555.76094  1.16%   272 25841s
H53835 37467                     562.2653579  555.76094  1.16%   270 25841s
H53866 37467                     562.2653576  555.76094  1.16%   270 25842s
H54071 37460                     562.2650962  555.76094  1.16%   270 25842s
 54706 40904  561.86167   85 1653  562.26510  555.80692  1.15%   268 26864s
H54800 40894                     562.2647404  555.80692  1.15%   268 26864s
H54895 40894                     562.2647402  555.85552  1.14%   268 26865s
 58725 44079  560.51934  112 1592  562.26474  555.85552  1.14%   261 27587s
 62397 44835  561.98122  288 1214  562.26474  555.92647  1.13%   256 28319s
 63378 46368  561.73009   48 1783  562.26474  555.93916  1.13%   255 28750s
H64073 46341                     562.2630330  555.93916  1.12%   256 28750s
 65378 47852  558.22284   47 1752  562.26303  555.93916  1.12%   256 29915s
H65865 47852                     562.2630320  555.93916  1.12%   256 29916s
H66661 47828                     562.2612219  555.93916  1.12%   257 29916s
 67342 50009  560.92348   79 1678  562.26122  556.03660  1.11%   257 31020s
H67956 50009                     562.2612217  556.07022  1.10%   257 31021s
 70440 53372  560.64179   72 1695  562.26122  556.12196  1.09%   258 32178s
H70661 53372                     562.2612215  556.12482  1.09%   258 32178s
H73002 53372                     562.2612214  556.13798  1.09%   256 32178s
H73788 53372                     562.2612208  556.13798  1.09%   255 32179s
 74710 56777  558.82217   39 1734  562.26122  556.14650  1.09%   254 33081s
 78658 59611  559.98926   82 1646  562.26122  556.18255  1.08%   253 33823s
H81355 59611                     562.2612207  556.18255  1.08%   252 33824s
 82130 62098  561.87353  225 1315  562.26122  556.22524  1.07%   252 34361s
 85068 65120  560.14908   63 1730  562.26122  556.24959  1.07%   252 35422s
 88719 69380  561.20310   86 1650  562.26122  556.25583  1.07%   251 36512s
 93769 71627     cutoff   35       562.26122  556.31420  1.06%   247 37393s
H94736 71627                     562.2612206  556.31420  1.06%   247 37393s
H96400 73638                     562.2612205  556.31420  1.06%   247 38078s
 98760 75157  561.15045   95 1627  562.26122  556.31420  1.06%   245 39397s
 100530 78643  561.78142  136 1515  562.26122  556.37137  1.05%   245 40193s
H101083 78643                     562.2612204  556.38093  1.05%   245 40194s
 104896 81554  559.85824   53 1754  562.26122  556.40736  1.04%   245 41383s
H105129 81554                     562.2612203  556.40793  1.04%   245 41384s
 108225 85914  560.31328   57 1748  562.26122  556.41458  1.04%   244 42713s
H109312 85914                     562.2612202  556.43875  1.04%   244 42713s
 113294 88612  561.91168   51 1736  562.26122  556.45018  1.03%   243 43683s
 116415 92665  560.37219   70 1711  562.26122  556.47995  1.03%   242 44868s
 121308 96367  561.60214  128 1533  562.26122  556.50748  1.02%   241 46139s
 121885 96367  558.45601   49 1750  562.26122  556.52429  1.02%   241 46140s
 125707 100181  558.36791   46 1768  562.26122  556.54759  1.02%   241 47228s
 129927 103621  561.72397   67 1690  562.26122  556.55881  1.01%   240 48200s
 133988 105577  560.04254   78 1657  562.26122  556.57649  1.01%   240 49603s
 136415 108833  560.81700  100 1616  562.26122  556.57649  1.01%   240 50715s
 140581 110816  561.92248  207 1316  562.26122  556.60292  1.01%   240 51498s
 142880 113211  560.87904   64 1698  562.26122  556.60600  1.01%   240 52720s
 145712 115314  557.98022   42 1776  562.26122  556.63398  1.00%   240 54022s
 148362 117859  560.53085   65 1707  562.26122  556.63851  1.00%   241 55176s

Cutting planes:
  Learned: 32
  Gomory: 31
  Cover: 392
  Implied bound: 76
  Projected implied bound: 246
  Clique: 10
  MIR: 1047
  Flow cover: 3782
  GUB cover: 5
  Inf proof: 9
  Zero half: 86
  RLT: 1455
  Relax-and-lift: 271

Explored 151638 nodes (36905303 simplex iterations) in 55177.67 seconds
Thread count was 32 (of 32 available processors)

Solution count 10: 562.261 562.261 562.261 ... 562.263

Optimal solution found (tolerance 1.00e-02)
Best objective 5.622612219256e+02, best bound 5.566651487177e+02, gap 0.9953%
