
Gurobi 9.1.0 (linux64) logging started Fri Aug  6 14:32:29 2021

Changed value of parameter LogFile to eab_parasitoid_1_2_0.4_bud.log
   Prev:   Default: 
Changed value of parameter MIPGap to 0.01
   Prev: 0.0001  Min: 0.0  Max: inf  Default: 0.0001
Changed value of parameter Method to 2
   Prev: -1  Min: -1  Max: 5  Default: -1
Changed value of parameter MIPFocus to 2
   Prev: 0  Min: 0  Max: 3  Default: 0
Changed value of parameter RINS to 100
   Prev: -1  Min: -1  Max: 2000000000  Default: -1
Gurobi Optimizer version 9.1.0 build v9.1.0rc0 (linux64)
Thread count: 32 physical cores, 32 logical processors, using up to 32 threads
Optimize a model with 203396 rows, 134935 columns and 685039 nonzeros
Model fingerprint: 0x1defc45a
Variable types: 55779 continuous, 79156 integer (79156 binary)
Coefficient statistics:
  Matrix range     [2e-04, 6e+05]
  Objective range  [1e-06, 1e-01]
  Bounds range     [1e+00, 6e+03]
  RHS range        [1e-04, 6e+05]
Presolve removed 188669 rows and 123167 columns (presolve time = 5s) ...
Presolve removed 190786 rows and 124479 columns (presolve time = 10s) ...
Presolve removed 192858 rows and 126280 columns
Presolve time: 14.98s
Presolved: 10538 rows, 8655 columns, 134924 nonzeros
Variable types: 3613 continuous, 5042 integer (5039 binary)
Presolve removed 18 rows and 21 columns
Presolved: 10520 rows, 8634 columns, 134862 nonzeros

Root barrier log...

Ordering time: 0.54s

Barrier statistics:
 Dense cols : 135
 AA' NZ     : 5.863e+05
 Factor NZ  : 2.899e+06 (roughly 30 MBytes of memory)
 Factor Ops : 2.508e+09 (less than 1 second per iteration)
 Threads    : 31

                  Objective                Residual
Iter       Primal          Dual         Primal    Dual     Compl     Time
   0   3.15957172e+03 -1.71568487e+04  7.14e+04 1.97e-01  9.43e+01    17s
   1   2.44132601e+03 -2.14325171e+04  4.94e+04 1.81e-01  6.49e+01    17s
   2   8.32659857e+02 -1.91775795e+04  5.70e+03 9.33e-15  8.03e+00    17s
   3   5.36792382e+02 -1.11634664e+04  5.07e+02 1.79e-13  9.85e-01    18s
   4   4.49472705e+02 -6.85783949e+03  1.61e+02 4.26e-14  4.04e-01    18s
   5   4.20439792e+02 -4.40955742e+03  6.36e+01 1.60e-14  2.19e-01    18s
   6   4.01804755e+02 -9.55424949e+02  1.34e+01 9.99e-16  5.42e-02    18s
   7   3.91226644e+02  1.06325797e+02  8.36e-01 1.48e-15  1.07e-02    18s
   8   3.85890476e+02  3.21269213e+02  8.42e-02 1.78e-15  2.39e-03    18s
   9   3.83513843e+02  3.51408222e+02  1.85e-02 1.33e-15  1.19e-03    18s
  10   3.82504901e+02  3.67383459e+02  2.98e-04 4.44e-16  5.58e-04    18s
  11   3.81609872e+02  3.71995229e+02  1.22e-04 3.33e-16  3.55e-04    18s
  12   3.81388283e+02  3.75317080e+02  8.72e-05 2.22e-16  2.24e-04    19s
  13   3.80907261e+02  3.78552583e+02  3.09e-05 3.10e-16  8.69e-05    19s
  14   3.80758278e+02  3.79135782e+02  1.44e-05 2.43e-16  5.98e-05    19s
  15   3.80673110e+02  3.79867831e+02  7.21e-06 3.25e-16  2.97e-05    19s
  16   3.80657476e+02  3.80009462e+02  6.00e-06 2.22e-16  2.39e-05    19s
  17   3.80612165e+02  3.80267095e+02  2.89e-06 2.99e-16  1.27e-05    19s
  18   3.80581619e+02  3.80465971e+02  1.13e-06 4.62e-16  4.27e-06    19s
  19   3.80572506e+02  3.80491349e+02  6.45e-07 1.81e-16  2.99e-06    19s
  20   3.80562334e+02  3.80540979e+02  1.67e-07 1.97e-16  7.88e-07    20s
  21   3.80559463e+02  3.80554240e+02  4.95e-08 3.89e-16  1.93e-07    20s
  22   3.80558521e+02  3.80557109e+02  1.35e-08 4.44e-16  5.21e-08    20s
  23   3.80558284e+02  3.80557721e+02  4.98e-09 1.92e-16  2.08e-08    20s
  24   3.80558175e+02  3.80557954e+02  1.18e-09 2.15e-16  8.14e-09    20s
  25   3.80558156e+02  3.80558105e+02  5.45e-10 4.20e-16  1.86e-09    20s
  26   3.80558141e+02  3.80558121e+02  7.00e-11 2.22e-16  7.28e-10    20s
  27   3.80558139e+02  3.80558138e+02  3.39e-11 1.14e-14  2.21e-11    20s

Barrier solved model in 27 iterations and 20.29 seconds
Optimal objective 3.80558139e+02


Root crossover log...

     804 DPushes remaining with DInf 0.0000000e+00                20s
       0 DPushes remaining with DInf 0.0000000e+00                20s

    4253 PPushes remaining with PInf 2.6180614e-06                20s
       0 PPushes remaining with PInf 0.0000000e+00                21s

  Push phase complete: Pinf 0.0000000e+00, Dinf 5.0352381e-01     21s


Root simplex log...

Iteration    Objective       Primal Inf.    Dual Inf.      Time
    4878    3.8055814e+02   0.000000e+00   5.035238e-01     21s
    4897    3.8055814e+02   0.000000e+00   0.000000e+00     21s
    4897    3.8055814e+02   0.000000e+00   0.000000e+00     21s

Root relaxation: objective 3.805581e+02, 4897 iterations, 5.35 seconds

    Nodes    |    Current Node    |     Objective Bounds      |     Work
 Expl Unexpl |  Obj  Depth IntInf | Incumbent    BestBd   Gap | It/Node Time

     0     0  380.55821    0 1625          -  380.55821      -     -   21s
     0     0  391.59962    0 2000          -  391.59962      -     -   25s
     0     0  391.81557    0 2020          -  391.81557      -     -   28s
     0     0  391.84886    0 1975          -  391.84886      -     -   28s
     0     0  391.85287    0 2049          -  391.85287      -     -   28s
     0     0  398.07611    0 1971          -  398.07611      -     -   34s
     0     0  405.94069    0 1956          -  405.94069      -     -   39s
     0     0  406.93097    0 1925          -  406.93097      -     -   43s
     0     0  406.93097    0 1927          -  406.93097      -     -   44s
     0     0  406.93097    0 1939          -  406.93097      -     -   44s
H    0     0                     462.2875469  406.93097  12.0%     -   56s
H    0     0                     462.2163015  406.93097  12.0%     -   56s
H    0     0                     462.1917862  406.93097  12.0%     -   56s
     0     0  406.93097    0 1949  462.19179  406.93097  12.0%     -   56s
     0     0  406.93097    0 1906  462.19179  406.93097  12.0%     -   60s
     0     0  406.93097    0 1907  462.19179  406.93097  12.0%     -   62s
     0     0  406.93097    0 1916  462.19179  406.93097  12.0%     -   62s
H    0     0                     434.2374512  406.93097  6.29%     -   69s
     0     0  410.46824    0 1892  434.23745  410.46824  5.47%     -   70s
H    0     0                     434.2373766  410.46824  5.47%     -   70s
     0     0  410.56287    0 1867  434.23738  410.56287  5.45%     -   75s
     0     0  410.57265    0 1886  434.23738  410.57265  5.45%     -   77s
     0     0  414.04873    0 1709  434.23738  414.04873  4.65%     -   87s
     0     0  414.76036    0 1834  434.23738  414.76036  4.49%     -   91s
     0     0  414.76688    0 1835  434.23738  414.76688  4.48%     -   93s
H    0     0                     434.2373210  414.76688  4.48%     -   99s
H    0     0                     434.2372670  414.76688  4.48%     -  102s
     0     0  419.44026    0 1799  434.23727  419.44026  3.41%     -  102s
     0     0  419.56457    0 1816  434.23727  419.56457  3.38%     -  105s
     0     0  419.57956    0 1809  434.23727  419.57956  3.38%     -  106s
     0     0  422.12818    0 1804  434.23727  422.12818  2.79%     -  114s
     0     0  422.15793    0 1793  434.23727  422.15793  2.78%     -  118s
     0     0  422.16481    0 1820  434.23727  422.16481  2.78%     -  121s
H    0     0                     434.2372101  422.16481  2.78%     -  124s
     0     0  423.69095    0 1811  434.23721  423.69095  2.43%     -  126s
     0     0  424.03479    0 1819  434.23721  424.03479  2.35%     -  127s
     0     0  424.03781    0 1816  434.23721  424.03781  2.35%     -  128s
     0     0  424.68360    0 1802  434.23721  424.68360  2.20%     -  134s
     0     0  424.94886    0 1759  434.23721  424.94886  2.14%     -  137s
     0     0  424.95014    0 1764  434.23721  424.95014  2.14%     -  138s
     0     0  425.32675    0 1767  434.23721  425.32675  2.05%     -  141s
H    0     0                     434.2372003  425.32675  2.05%     -  141s
     0     0  425.36817    0 1742  434.23720  425.36817  2.04%     -  142s
     0     0  425.36889    0 1739  434.23720  425.36889  2.04%     -  142s
H    0     0                     433.5195210  425.36889  1.88%     -  145s
H    0     0                     433.5182119  425.36889  1.88%     -  145s
     0     0  425.38910    0 1778  433.51821  425.38910  1.88%     -  145s
     0     0  425.38910    0 1771  433.51821  425.38910  1.88%     -  147s
H    0     0                     433.3812447  425.38910  1.84%     -  194s
     0     2  425.38910    0 1758  433.38124  425.38910  1.84%     -  196s
     1     4  425.40351    1 1746  433.38124  425.38910  1.84%   493  200s
     3     8  425.47014    2 1753  433.38124  425.40351  1.84%   591  206s
     7    10     cutoff    3       433.38124  425.41217  1.84%   755  211s
    15    10  427.82421    4 1653  433.38124  425.59438  1.80%  1348  217s
    25    14     cutoff    5       433.38124  426.25768  1.64%  1699  223s
    35    26  428.01937    6 1472  433.38124  426.38134  1.62%  1624  234s
    49    34  431.34763    7 1341  433.38124  426.57147  1.57%  1493  249s
    57    34  430.02634    7 1554  433.38124  426.84998  1.51%  1611  250s
H   75    47                     433.3810150  426.84998  1.51%  1688  271s
H   80    47                     433.3810091  428.17011  1.20%  1667  271s
H   93    47                     433.3810048  428.17011  1.20%  1641  271s
   107    61  432.84838    9 1413  433.38100  428.19181  1.20%  1596  291s
   139    53     cutoff   10       433.38100  428.34470  1.16%  1511  302s
H  141    53                     433.3809826  428.34470  1.16%  1498  302s
H  144    53                     433.3809808  428.40425  1.15%  1488  302s
H  146    53                     433.3809807  428.40425  1.15%  1483  302s
H  156    53                     433.3790748  428.40425  1.15%  1462  302s
   171    57     cutoff   10       433.37907  428.40425  1.15%  1456  324s
H  213    67                     433.3790621  428.40425  1.15%  1300  347s
H  214    67                     433.3649443  428.40425  1.14%  1297  347s
H  215    67                     433.3622950  428.40425  1.14%  1297  347s
H  232    67                     433.3535511  428.40425  1.14%  1273  347s
H  239    67                     433.3478858  428.40425  1.14%  1261  347s
H  244    67                     433.3429543  428.40425  1.14%  1259  347s
   247    87  430.58915   14 1327  433.34295  428.40425  1.14%  1256  357s
   292   114  430.68285   15 1311  433.34295  428.40425  1.14%  1174  367s
   336   140  432.02799   17 1344  433.34295  428.40425  1.14%  1105  377s
   394   187  432.06102   18 1353  433.34295  428.40425  1.14%  1008  389s
   432   187  430.78727   14 1465  433.34295  428.40425  1.14%   955  390s
   459   215  433.01389   21 1295  433.34295  428.40425  1.14%   918  398s
   518   248  433.18574   24 1283  433.34295  428.40425  1.14%   862  408s
   583   256     cutoff   24       433.34295  428.40425  1.14%   809  419s
   654   258     cutoff   16       433.34295  428.40425  1.14%   768  430s
   716   292  432.81478   25 1222  433.34295  428.40425  1.14%   746  441s
   773   330  433.00422   27 1209  433.34295  428.40425  1.14%   723  455s
   846   352  433.10507   30 1213  433.34295  428.40425  1.14%   697  469s
H  921   366                     433.3129758  428.40425  1.13%   668  629s
H  956   383                     433.2820368  428.40425  1.13%   661  781s
H  960   383                     433.2787617  428.40425  1.13%   661  781s
H  973   383                     433.2772261  428.40425  1.12%   656  781s
   997   401  433.14302   38 1196  433.27723  428.40425  1.12%   650  878s
H 1016   401                     433.2771928  428.40425  1.12%   643  878s
H 1053   401                     433.2771787  428.40425  1.12%   633  878s
  1074   452     cutoff   39       433.27718  428.61205  1.08%   627  892s
  1218   492     cutoff   28       433.27718  428.96106  1.00%   588  909s

Cutting planes:
  Learned: 51
  Gomory: 27
  Cover: 158
  Implied bound: 313
  Projected implied bound: 171
  Clique: 31
  MIR: 1172
  Flow cover: 4568
  GUB cover: 3
  Zero half: 16
  RLT: 2674
  Relax-and-lift: 299

Explored 1351 nodes (812453 simplex iterations) in 909.73 seconds
Thread count was 32 (of 32 available processors)

Solution count 10: 433.277 433.277 433.277 ... 433.362

Optimal solution found (tolerance 1.00e-02)
Best objective 4.332771786551e+02, best bound 4.297266903844e+02, gap 0.8194%

Gurobi 9.1.0 (linux64) logging started Thu Aug 19 21:32:46 2021

Changed value of parameter LogFile to eab_parasitoid_1_2_0.4_bud.log
   Prev:   Default: 
Changed value of parameter MIPGap to 0.01
   Prev: 0.0001  Min: 0.0  Max: inf  Default: 0.0001
Changed value of parameter Method to 2
   Prev: -1  Min: -1  Max: 5  Default: -1
Changed value of parameter MIPFocus to 2
   Prev: 0  Min: 0  Max: 3  Default: 0
Changed value of parameter RINS to 100
   Prev: -1  Min: -1  Max: 2000000000  Default: -1
Changed value of parameter SolutionLimit to 1
   Prev: 2000000000  Min: 1  Max: 2000000000  Default: 2000000000
Gurobi Optimizer version 9.1.0 build v9.1.0rc0 (linux64)
Thread count: 32 physical cores, 32 logical processors, using up to 32 threads
Optimize a model with 203396 rows, 134935 columns and 685039 nonzeros
Model fingerprint: 0xe6e992ac
Variable types: 55779 continuous, 79156 integer (79156 binary)
Coefficient statistics:
  Matrix range     [2e-04, 6e+05]
  Objective range  [1e-06, 1e-01]
  Bounds range     [1e+00, 6e+03]
  RHS range        [1e-04, 6e+05]

User MIP start produced solution with objective 433.468 (8.13s)
User MIP start produced solution with objective 433.336 (8.22s)
User MIP start produced solution with objective 433.277 (8.45s)
Loaded user MIP start with objective 433.277
Processed MIP start in 8.51 seconds


Explored 0 nodes (0 simplex iterations) in 8.58 seconds
Thread count was 1 (of 32 available processors)

Solution count 4: 433.277 

Solution limit reached
Best objective 4.332771656984e+02, best bound -, gap -
