
Gurobi 9.1.0 (linux64) logging started Fri Aug  6 11:08:12 2021

Changed value of parameter LogFile to eab_parasitoid_1_1_0.6_bud.log
   Prev:   Default: 
Changed value of parameter MIPGap to 0.01
   Prev: 0.0001  Min: 0.0  Max: inf  Default: 0.0001
Changed value of parameter Method to 2
   Prev: -1  Min: -1  Max: 5  Default: -1
Changed value of parameter MIPFocus to 2
   Prev: 0  Min: 0  Max: 3  Default: 0
Changed value of parameter RINS to 100
   Prev: -1  Min: -1  Max: 2000000000  Default: -1
Gurobi Optimizer version 9.1.0 build v9.1.0rc0 (linux64)
Thread count: 32 physical cores, 32 logical processors, using up to 32 threads
Optimize a model with 203396 rows, 134935 columns and 685039 nonzeros
Model fingerprint: 0x652f4087
Variable types: 55779 continuous, 79156 integer (79156 binary)
Coefficient statistics:
  Matrix range     [2e-04, 6e+05]
  Objective range  [1e-06, 1e-01]
  Bounds range     [1e+00, 6e+03]
  RHS range        [1e-04, 6e+05]
Presolve removed 186960 rows and 120963 columns (presolve time = 5s) ...
Presolve removed 193263 rows and 126617 columns (presolve time = 10s) ...
Presolve removed 193379 rows and 126708 columns
Presolve time: 13.23s
Presolved: 10017 rows, 8227 columns, 131378 nonzeros
Variable types: 3573 continuous, 4654 integer (4653 binary)
Presolve removed 22 rows and 23 columns
Presolved: 9995 rows, 8204 columns, 131311 nonzeros

Root barrier log...

Ordering time: 0.58s

Barrier statistics:
 Dense cols : 144
 AA' NZ     : 5.600e+05
 Factor NZ  : 2.761e+06 (roughly 30 MBytes of memory)
 Factor Ops : 2.305e+09 (less than 1 second per iteration)
 Threads    : 31

                  Objective                Residual
Iter       Primal          Dual         Primal    Dual     Compl     Time
   0   3.33565155e+03 -1.48506784e+04  7.98e+04 2.09e-01  1.04e+02    16s
   1   2.68243688e+03 -1.75226891e+04  5.87e+04 4.29e-01  7.50e+01    16s
   2   1.15064911e+03 -1.88149550e+04  1.38e+04 9.02e-02  1.89e+01    16s
   3   7.01847634e+02 -1.45059185e+04  2.51e+03 7.88e-03  3.74e+00    16s
   4   5.19812702e+02 -8.75379938e+03  1.59e+02 1.05e-14  5.45e-01    16s
   5   4.91426154e+02 -2.57268517e+03  5.80e+01 6.47e-15  1.77e-01    17s
   6   4.41874215e+02 -4.26157613e+02  1.01e+01 3.77e-15  4.02e-02    17s
   7   4.28410821e+02  8.04144328e+01  2.95e+00 2.00e-15  1.46e-02    17s
   8   4.22319805e+02  2.67371826e+02  9.20e-01 7.22e-15  6.23e-03    17s
   9   4.19875219e+02  3.54980538e+02  3.62e-01 3.00e-15  2.57e-03    17s
  10   4.18826475e+02  3.88581929e+02  2.31e-01 7.77e-16  1.19e-03    17s
  11   4.17875945e+02  4.00240261e+02  1.37e-01 3.33e-16  6.90e-04    17s
  12   4.17258653e+02  4.07756961e+02  8.21e-02 6.66e-16  3.71e-04    17s
  13   4.16308127e+02  4.12179968e+02  9.31e-03 4.44e-16  1.60e-04    18s
  14   4.16047675e+02  4.14836561e+02  1.35e-04 4.44e-16  4.69e-05    18s
  15   4.15865498e+02  4.15130756e+02  4.77e-05 1.11e-16  2.84e-05    18s
  16   4.15837840e+02  4.15344887e+02  3.75e-05 2.22e-16  1.91e-05    18s
  17   4.15794058e+02  4.15418145e+02  2.18e-05 1.11e-16  1.46e-05    18s
  18   4.15769121e+02  4.15557130e+02  1.37e-05 1.38e-15  8.21e-06    18s
  19   4.15750028e+02  4.15636519e+02  6.90e-06 5.60e-16  4.39e-06    18s
  20   4.15747155e+02  4.15667062e+02  6.10e-06 2.19e-16  3.10e-06    19s
  21   4.15739337e+02  4.15683107e+02  3.75e-06 1.11e-16  2.18e-06    19s
  22   4.15736082e+02  4.15702361e+02  2.81e-06 1.11e-16  1.31e-06    19s
  23   4.15730885e+02  4.15714270e+02  1.30e-06 1.11e-16  6.43e-07    19s
  24   4.15729596e+02  4.15719706e+02  9.33e-07 2.22e-16  3.83e-07    19s
  25   4.15726848e+02  4.15721706e+02  1.40e-07 1.11e-16  1.99e-07    19s
  26   4.15726375e+02  4.15724771e+02  1.63e-08 2.83e-16  6.21e-08    19s
  27   4.15726297e+02  4.15725821e+02  6.21e-10 2.22e-16  1.84e-08    20s
  28   4.15726291e+02  4.15726137e+02  2.68e-10 2.22e-16  5.98e-09    20s
  29   4.15726288e+02  4.15726229e+02  8.41e-11 3.62e-16  2.27e-09    20s
  30   4.15726286e+02  4.15726272e+02  1.15e-11 1.11e-16  5.59e-10    20s
  31   4.15726286e+02  4.15726282e+02  4.89e-11 1.67e-16  1.47e-10    21s
  32   4.15726286e+02  4.15726285e+02  3.14e-11 2.43e-13  8.51e-12    21s

Barrier solved model in 32 iterations and 21.15 seconds
Optimal objective 4.15726286e+02


Root crossover log...

     677 DPushes remaining with DInf 0.0000000e+00                21s
       0 DPushes remaining with DInf 0.0000000e+00                21s

    3560 PPushes remaining with PInf 0.0000000e+00                21s
       0 PPushes remaining with PInf 0.0000000e+00                21s

  Push phase complete: Pinf 0.0000000e+00, Dinf 5.4069120e-05     21s


Root simplex log...

Iteration    Objective       Primal Inf.    Dual Inf.      Time
    4049    4.1572629e+02   0.000000e+00   5.406912e-05     21s
    4051    4.1572629e+02   0.000000e+00   0.000000e+00     21s
    4051    4.1572629e+02   0.000000e+00   0.000000e+00     22s

Root relaxation: objective 4.157263e+02, 4051 iterations, 7.83 seconds

    Nodes    |    Current Node    |     Objective Bounds      |     Work
 Expl Unexpl |  Obj  Depth IntInf | Incumbent    BestBd   Gap | It/Node Time

     0     0  416.08280    0 1733          -  416.08280      -     -   23s
     0     0  427.13197    0 1965          -  427.13197      -     -   37s
     0     0  427.73364    0 1932          -  427.73364      -     -   47s
     0     0  427.78068    0 1928          -  427.78068      -     -   52s
     0     0  427.78184    0 1925          -  427.78184      -     -   53s
     0     0  433.93187    0 2010          -  433.93187      -     -   73s
     0     0  442.06105    0 2004          -  442.06105      -     -   82s
     0     0  443.00527    0 1944          -  443.00527      -     -   93s
     0     0  443.00527    0 1924          -  443.00527      -     -   97s
H    0     0                     553.4622536  443.00527  20.0%     -  104s
H    0     0                     553.4592617  443.00527  20.0%     -  104s
     0     0  443.00527    0 1934  553.45926  443.00527  20.0%     -  119s
     0     0  443.00527    0 1962  553.45926  443.00527  20.0%     -  130s
     0     0  443.00527    0 1964  553.45926  443.00527  20.0%     -  133s
     0     0  443.00527    0 1991  553.45926  443.00527  20.0%     -  135s
     0     0  446.59739    0 1876  553.45926  446.59739  19.3%     -  154s
H    0     0                     553.4576256  446.59739  19.3%     -  156s
     0     0  446.85932    0 1882  553.45763  446.85932  19.3%     -  163s
     0     0  446.88268    0 1909  553.45763  446.88268  19.3%     -  166s
     0     0  446.88600    0 1920  553.45763  446.88600  19.3%     -  169s
H    0     0                     506.7542894  446.88600  11.8%     -  176s
     0     0  449.64358    0 1878  506.75429  449.64358  11.3%     -  191s
     0     0  449.78119    0 1874  506.75429  449.78119  11.2%     -  204s
     0     0  449.79081    0 1893  506.75429  449.79081  11.2%     -  209s
H    0     0                     506.7140444  449.79081  11.2%     -  247s
     0     0  460.52463    0 1896  506.71404  460.52463  9.12%     -  247s
H    0     0                     506.7140302  460.52463  9.12%     -  251s
H    0     0                     506.7140161  460.52463  9.12%     -  251s
     0     0  460.71278    0 1853  506.71402  460.71278  9.08%     -  251s
H    0     0                     494.8668175  460.71278  6.90%     -  257s
H    0     0                     494.8668085  460.71278  6.90%     -  257s
     0     0  460.75295    0 1867  494.86681  460.75295  6.89%     -  258s
     0     0  460.75604    0 1869  494.86681  460.75604  6.89%     -  260s
     0     0  463.27662    0 1854  494.86681  463.27662  6.38%     -  290s
H    0     0                     484.3192386  463.27662  4.34%     -  294s
     0     0  465.12498    0 1865  484.31924  465.12498  3.96%     -  318s
     0     0  466.12447    0 1859  484.31924  466.12447  3.76%     -  323s
     0     0  466.13237    0 1882  484.31924  466.13237  3.76%     -  326s
H    0     0                     480.2740539  466.13237  2.94%     -  353s
     0     0  469.69174    0 1849  480.27405  469.69174  2.20%     -  354s
     0     0  469.74536    0 1884  480.27405  469.74536  2.19%     -  368s
     0     0  469.75340    0 1887  480.27405  469.75340  2.19%     -  372s
     0     0  469.88977    0 1849  480.27405  469.88977  2.16%     -  395s
     0     0  469.88977    0 1827  480.27405  469.88977  2.16%     -  404s
     0     2  469.88977    0 1823  480.27405  469.88977  2.16%     -  484s
     1     4  469.89728    1 1827  480.27405  469.88977  2.16%   588  494s
     3     8  469.94278    2 1824  480.27405  469.90695  2.16%   603  517s
     7    16  470.16759    3 1798  480.27405  469.94278  2.15%  1119  538s
    15    25  471.71859    4 1630  480.27405  470.16764  2.10%  1712  553s
    31    41 infeasible    5       480.27405  470.36789  2.06%  1787  584s
    56    53  472.43124    6 1264  480.27405  470.46795  2.04%  1422  609s
    88    45  476.87148    7 1330  480.27405  471.12080  1.91%  1737  656s
   120    31  476.87172    8 1313  480.27405  471.12080  1.91%  1803  694s
   152    29  477.33353    8 1306  480.27405  471.12080  1.91%  1771  713s
   182    37  478.32225    9 1266  480.27405  471.12080  1.91%  1721  749s
   210    65  479.72288   10 1232  480.27405  471.12080  1.91%  1599  760s
   242   101     cutoff   11       480.27405  471.12080  1.91%  1479  772s
   284   142     cutoff   12       480.27405  471.12080  1.91%  1312  781s
   340   205  476.41169   14 1194  480.27405  471.12080  1.91%  1134  791s
   414   246  476.49977   16 1138  480.27405  471.12080  1.91%   969  800s
   465   297  476.74359   18 1160  480.27405  471.12080  1.91%   888  807s
   543   319  476.50006   15 1166  480.27405  471.12080  1.91%   787  916s
H  547   319                     479.8841652  471.12080  1.83%   781  916s
H  555   319                     479.8745334  471.12080  1.82%   772  916s
H  583   337                     479.8712297  471.12080  1.82%   743  944s
H  584   337                     479.8652724  471.12080  1.82%   742  944s
   625   389  477.14362   16 1123  479.86527  471.12080  1.82%   713  948s
H  725   406                     479.8625416  471.12080  1.82%   641 1058s
H  732   406                     479.8609637  471.12080  1.82%   637 1058s
   767   492  478.55462   17 1158  479.86096  471.12080  1.82%   619 1065s
   892   572  476.56742   16 1128  479.86096  471.12080  1.82%   558 1073s
  1035   648  477.28499   18 1129  479.86096  471.12080  1.82%   501 1082s
  1179   712  478.01216   18 1105  479.86096  471.12080  1.82%   460 1090s
  1332   806  477.01963   17 1156  479.86096  471.12080  1.82%   426 1100s
  1467   946  477.57352   17 1148  479.86096  471.12080  1.82%   405 1108s
  1647  1066  479.73014   18 1149  479.86096  471.12080  1.82%   374 1117s
  1824  1178     cutoff   20       479.86096  471.12080  1.82%   351 1128s
  2009  1303  478.38581   18 1082  479.86096  471.12080  1.82%   332 1140s
  2210  1436  478.30862   19 1120  479.86096  471.12080  1.82%   313 1151s
  2434  1634     cutoff   22       479.86096  471.12080  1.82%   296 1160s
  2730  1835  479.48605   25 1159  479.86096  471.12080  1.82%   272 1178s
H 3045  1828                     479.8609633  471.12080  1.82%   253 1440s
  3046  1829  478.61665   27 1827  479.86096  471.12080  1.82%   253 1544s
H 3047  1738                     479.8609629  471.12080  1.82%   253 1567s
H 3047  1651                     479.8609625  471.12080  1.82%   253 1567s
  3049  1652  479.77018   38 1774  479.86096  471.12080  1.82%   252 1582s
  3050  1653  479.22548   16 1781  479.86096  471.12080  1.82%   252 1591s
  3051  1653  477.83458   28 1619  479.86096  471.12080  1.82%   252 1604s
  3052  1654  478.89413   66 1543  479.86096  471.12080  1.82%   252 1613s
  3053  1655  479.55500   48 1504  479.86096  471.12080  1.82%   252 1621s
  3054  1655  479.30489   26 1444  479.86096  471.13762  1.82%   252 1629s
  3055  1656  479.36362   28 1433  479.86096  471.24057  1.80%   252 1635s
  3056  1657  479.09458   75 1411  479.86096  471.25511  1.79%   252 1641s
  3057  1657  479.32844   38 1428  479.86096  471.28097  1.79%   252 1648s
  3058  1658  478.70448   41 1425  479.86096  471.28360  1.79%   252 1655s
H 3058  1575                     479.8609619  471.28360  1.79%   252 1721s
  3059  1576  477.91082   15 1348  479.86096  471.70349  1.70%   252 1772s
H 3059  1497                     479.8609615  471.70349  1.70%   252 1781s
H 3059  1422                     479.8609612  472.71688  1.49%   252 1781s
  3061  1423  477.17392   27 1337  479.86096  472.82957  1.47%   251 1788s

Cutting planes:
  Learned: 31
  Gomory: 54
  Cover: 84
  Implied bound: 71
  Projected implied bound: 71
  Clique: 16
  MIR: 325
  Flow cover: 2296
  GUB cover: 3
  Zero half: 27
  RLT: 629
  Relax-and-lift: 126

Explored 3061 nodes (840413 simplex iterations) in 1825.60 seconds
Thread count was 32 (of 32 available processors)

Solution count 10: 479.861 479.861 479.861 ... 479.865

Optimal solution found (tolerance 1.00e-02)
Best objective 4.798609611936e+02, best bound 4.751333548034e+02, gap 0.9852%

Gurobi 9.1.0 (linux64) logging started Thu Aug 19 21:23:51 2021

Changed value of parameter LogFile to eab_parasitoid_1_1_0.6_bud.log
   Prev:   Default: 
Changed value of parameter MIPGap to 0.01
   Prev: 0.0001  Min: 0.0  Max: inf  Default: 0.0001
Changed value of parameter Method to 2
   Prev: -1  Min: -1  Max: 5  Default: -1
Changed value of parameter MIPFocus to 2
   Prev: 0  Min: 0  Max: 3  Default: 0
Changed value of parameter RINS to 100
   Prev: -1  Min: -1  Max: 2000000000  Default: -1
Changed value of parameter SolutionLimit to 1
   Prev: 2000000000  Min: 1  Max: 2000000000  Default: 2000000000
Gurobi Optimizer version 9.1.0 build v9.1.0rc0 (linux64)
Thread count: 32 physical cores, 32 logical processors, using up to 32 threads
Optimize a model with 203396 rows, 134935 columns and 685039 nonzeros
Model fingerprint: 0x2c0eeb1e
Variable types: 55779 continuous, 79156 integer (79156 binary)
Coefficient statistics:
  Matrix range     [2e-04, 6e+05]
  Objective range  [1e-06, 1e-01]
  Bounds range     [1e+00, 6e+03]
  RHS range        [1e-04, 6e+05]

User MIP start produced solution with objective 479.925 (17.86s)
User MIP start produced solution with objective 479.886 (17.98s)
User MIP start produced solution with objective 479.861 (18.15s)
Loaded user MIP start with objective 479.861
Processed MIP start in 18.24 seconds


Explored 0 nodes (0 simplex iterations) in 18.35 seconds
Thread count was 1 (of 32 available processors)

Solution count 4: 479.861 

Solution limit reached
Best objective 4.798609600876e+02, best bound -, gap -
