
Gurobi 9.1.0 (linux64) logging started Wed Aug 18 20:18:50 2021

Changed value of parameter LogFile to eab_parasitoid_2_1_area.log
   Prev:   Default: 
Changed value of parameter MIPGap to 0.01
   Prev: 0.0001  Min: 0.0  Max: inf  Default: 0.0001
Changed value of parameter Method to 2
   Prev: -1  Min: -1  Max: 5  Default: -1
Changed value of parameter MIPFocus to 2
   Prev: 0  Min: 0  Max: 3  Default: 0
Changed value of parameter RINS to 100
   Prev: -1  Min: -1  Max: 2000000000  Default: -1
Gurobi Optimizer version 9.1.0 build v9.1.0rc0 (linux64)
Thread count: 32 physical cores, 32 logical processors, using up to 32 threads
Optimize a model with 203386 rows, 134930 columns and 685029 nonzeros
Model fingerprint: 0xca5bd8fd
Variable types: 55774 continuous, 79156 integer (79156 binary)
Coefficient statistics:
  Matrix range     [1e-04, 1e+05]
  Objective range  [1e+00, 1e+00]
  Bounds range     [1e+00, 6e+03]
  RHS range        [1e-04, 1e+05]
Presolve removed 193911 rows and 127157 columns (presolve time = 5s) ...
Presolve removed 196924 rows and 129275 columns (presolve time = 10s) ...
Presolve removed 197011 rows and 129337 columns
Presolve time: 10.30s
Presolved: 6375 rows, 5593 columns, 89172 nonzeros
Variable types: 2051 continuous, 3542 integer (3542 binary)
Presolve removed 8 rows and 0 columns
Presolved: 6367 rows, 5593 columns, 89156 nonzeros

Root barrier log...

Ordering time: 0.35s

Barrier statistics:
 Dense cols : 84
 AA' NZ     : 3.116e+05
 Factor NZ  : 1.282e+06 (roughly 15 MBytes of memory)
 Factor Ops : 8.473e+08 (less than 1 second per iteration)
 Threads    : 31

                  Objective                Residual
Iter       Primal          Dual         Primal    Dual     Compl     Time
   0   3.11422082e+04 -3.53870830e+05  1.36e+04 9.29e-01  1.20e+03    12s
   1   2.08250068e+04 -4.11477599e+05  8.89e+03 5.69e+00  7.74e+02    12s
   2   2.18799170e+03 -3.60524781e+05  6.03e+02 6.25e-13  6.91e+01    12s
   3   8.57907234e+02 -1.26888523e+05  2.01e+01 5.66e-12  8.35e+00    12s
   4   7.99885957e+02 -3.68017112e+03  1.22e-15 7.24e-14  2.60e-01    12s
   5   6.44713515e+02 -1.25648041e+03  1.11e-15 2.71e-14  1.10e-01    12s
   6   5.71166401e+02 -1.47189319e+02  7.77e-16 1.02e-14  4.17e-02    12s
   7   5.23995704e+02  2.76986515e+02  1.33e-15 3.03e-15  1.44e-02    12s
   8   5.10240212e+02  4.25426573e+02  1.33e-15 1.78e-15  4.93e-03    12s
   9   5.04175677e+02  4.91397114e+02  4.44e-15 8.88e-16  7.43e-04    12s
  10   5.01505966e+02  4.98324582e+02  8.34e-14 8.88e-16  1.85e-04    13s
  11   5.00895837e+02  5.00105956e+02  9.79e-14 7.11e-15  4.59e-05    13s
  12   5.00757982e+02  5.00533501e+02  4.25e-14 7.11e-15  1.30e-05    13s
  13   5.00746074e+02  5.00601696e+02  3.42e-13 8.88e-16  8.39e-06    13s
  14   5.00725846e+02  5.00703990e+02  4.63e-13 8.88e-16  1.27e-06    13s
  15   5.00723053e+02  5.00723010e+02  2.02e-12 1.78e-15  2.53e-09    13s
  16   5.00723049e+02  5.00723049e+02  2.03e-10 8.88e-16  3.08e-12    13s
  17   5.00723049e+02  5.00723049e+02  2.33e-06 1.78e-15  3.08e-12    14s
  18   5.00723049e+02  5.00723049e+02  2.33e-06 1.78e-15  3.07e-12    14s
  19   5.00723049e+02  5.00723049e+02  3.31e-06 1.78e-15  3.07e-12    14s
  20   5.00723049e+02  5.00723049e+02  3.40e-06 7.11e-15  3.07e-12    14s
  21   5.00723049e+02  5.00723049e+02  3.40e-06 7.11e-15  3.07e-12    15s

Barrier solved model in 21 iterations and 14.82 seconds
Optimal objective 5.00723049e+02


Root crossover log...

      87 DPushes remaining with DInf 0.0000000e+00                15s
       0 DPushes remaining with DInf 0.0000000e+00                15s

    4691 PPushes remaining with PInf 0.0000000e+00                15s
       0 PPushes remaining with PInf 0.0000000e+00                15s

  Push phase complete: Pinf 0.0000000e+00, Dinf 0.0000000e+00     15s


Root simplex log...

Iteration    Objective       Primal Inf.    Dual Inf.      Time
    4723    5.0072305e+02   0.000000e+00   0.000000e+00     15s
    4723    5.0072305e+02   0.000000e+00   0.000000e+00     15s

Root relaxation: objective 5.007230e+02, 4723 iterations, 4.56 seconds

    Nodes    |    Current Node    |     Objective Bounds      |     Work
 Expl Unexpl |  Obj  Depth IntInf | Incumbent    BestBd   Gap | It/Node Time

     0     0  500.72305    0   76          -  500.72305      -     -   16s
     0     0  500.72305    0  140          -  500.72305      -     -   17s
     0     0  500.72305    0  110          -  500.72305      -     -   17s
     0     0  500.72305    0  157          -  500.72305      -     -   20s
     0     0  500.74352    0  436          -  500.74352      -     -   22s
     0     0  501.22488    0  413          -  501.22488      -     -   24s
     0     0  501.22488    0  340          -  501.22488      -     -   25s
     0     0  501.72285    0  343          -  501.72285      -     -   26s
     0     0  501.72285    0  324          -  501.72285      -     -   27s
H    0     0                     558.0365596  501.72285  10.1%     -   29s
     0     0  501.72285    0  333  558.03656  501.72285  10.1%     -   29s
H    0     0                     532.9191760  501.72285  5.85%     -   29s
     0     0  501.72285    0  337  532.91918  501.72285  5.85%     -   29s
     0     0  501.72285    0  376  532.91918  501.72285  5.85%     -   31s
     0     0  501.72285    0  341  532.91918  501.72285  5.85%     -   33s
     0     2  501.73204    0  328  532.91918  501.73204  5.85%     -   36s
    11    16  501.73204    3  422  532.91918  501.73204  5.85%  1204   40s
    31    59  505.75341    5  433  532.91918  501.73204  5.85%  1980   52s
    62    88  505.78694    6  525  532.91918  501.73204  5.85%  2779   70s
H   63    88                     517.8121803  501.73204  3.11%  2735   70s
H   94   116                     516.8067596  501.73204  2.92%  3097   78s
H   95   116                     516.8031864  501.73204  2.92%  3078   78s
H  102   116                     515.8033865  501.73204  2.73%  2916   78s
H  104   116                     514.8087784  501.73204  2.54%  2871   78s
H  116   116                     514.7979658  501.73204  2.54%  2770   78s
   126   148  505.87345    8  553  514.79797  501.73204  2.54%  2675   83s
H  158   178                     513.7964669  501.73204  2.35%  2332  117s
H  159   178                     511.7808687  501.73204  1.96%  2321  117s
H  172   178                     511.7758801  501.73204  1.96%  2184  117s
   190   221  505.94195   10  583  511.77588  501.73204  1.96%  2056  121s
   237   253  506.00408   11  622  511.77588  501.73204  1.96%  1762  131s
   269   298  506.86119   11  582  511.77588  501.73204  1.96%  1629  135s
   408   405  507.20549   15  622  511.77588  501.73204  1.96%  1215  144s
   460   447  507.96311   15  587  511.77588  501.73204  1.96%  1146  147s
   520   512  507.99413   16  608  511.77588  501.73204  1.96%  1082  152s
   604   579  508.01856   18  631  511.77588  501.73204  1.96%   994  157s
   682   653  508.31185   20  588  511.77588  501.73204  1.96%   925  163s
   760   727  508.80870   21  489  511.77588  501.73204  1.96%   894  166s
   948   892  509.83507   25  505  511.77588  501.73204  1.96%   785  182s
  1054   997  510.79788   25  453  511.77588  501.73204  1.96%   754  221s
  1176  1104 infeasible   26       511.77588  501.73204  1.96%   730  230s
  1295  1181     cutoff   26       511.77588  501.73204  1.96%   709  236s
H 1350  1181                     510.7737785  501.73204  1.77%   707  236s
  1392  1292     cutoff   26       510.77378  501.73204  1.77%   702  244s
H 1428  1292                     509.7722796  501.73204  1.58%   697  244s
  1531  1395  505.75536   21  373  509.77228  501.73204  1.58%   674  250s
  1675  1516  505.75536   22  397  509.77228  501.73204  1.58%   652  255s
  1826  1604  506.25800   23  600  509.77228  501.73204  1.58%   630  261s
  1948  1669 infeasible   24       509.77228  501.73204  1.58%   624  268s
  2039  1729  505.78599   23  490  509.77228  501.73204  1.58%   633  274s
  2141  1825  505.79325   24  458  509.77228  501.73204  1.58%   636  286s
  2261  1868  506.13877   26  554  509.77228  501.73204  1.58%   633  290s
  2358  1977  506.74415   31  551  509.77228  501.73204  1.58%   638  301s
  2493  2044     cutoff   37       509.77228  501.73204  1.58%   633  360s
  2590  2130 infeasible   41       509.77228  501.73204  1.58%   640  366s
  2716  2242     cutoff   44       509.77228  501.73204  1.58%   644  374s
  2866  2328  501.87761    7  609  509.77228  501.73204  1.58%   643  380s
  2986  2329  505.75668   36  341  509.77228  501.73204  1.58%   647  395s
  2989  2331  506.76165  144   61  509.77228  501.73204  1.58%   647  402s
  2991  2332  506.76112   45  394  509.77228  501.73204  1.58%   646  412s
  2992  2333  505.75668   43  330  509.77228  501.73204  1.58%   646  417s
  2993  2334  506.69755   25  300  509.77228  501.73204  1.58%   646  422s
  2994  2334  505.81526   19  321  509.77228  501.99011  1.53%   646  428s
  2995  2335  506.77001   34  324  509.77228  502.23144  1.48%   645  432s
  2996  2336  508.79428   39  323  509.77228  502.62005  1.40%   645  436s
  2997  2336  506.75677   42  325  509.77228  502.72320  1.38%   645  442s
  2998  2337  506.77001   49  320  509.77228  502.72320  1.38%   645  446s
  2999  2338  505.75668   44  336  509.77228  502.72320  1.38%   644  451s
  3000  2338  502.72320   12  323  509.77228  502.72320  1.38%   644  455s
  3001  2339  507.77137   91  355  509.77228  502.72416  1.38%   644  461s
  3002  2340  504.91570   25  327  509.77228  502.72638  1.38%   644  465s
  3003  2340  507.76052  127  311  509.77228  502.72785  1.38%   644  472s
  3004  2341  502.73015   41  343  509.77228  502.72785  1.38%   643  477s
  3005  2342  502.73015   27  332  509.77228  502.72785  1.38%   643  482s
  3006  2342  507.25618   26  332  509.77228  502.72785  1.38%   643  487s
  3007  2343  503.74470   13  332  509.77228  502.72785  1.38%   643  515s
  3008  2347  502.72785   14  444  509.77228  502.72785  1.38%   650  537s
  3010  2350  502.72785   15  539  509.77228  502.72785  1.38%   650  554s
  3014  2355     cutoff   16       509.77228  502.72785  1.38%   654  582s
  3022  2366  502.92184   17  552  509.77228  502.72785  1.38%   654  589s
  3036  2389  502.96226   18  552  509.77228  502.72785  1.38%   656  594s
  3064  2412  502.98956   19  595  509.77228  502.72785  1.38%   655  599s
  3096  2433  503.84530   20  589  509.77228  502.72785  1.38%   662  604s
  3128  2455  503.84904   21  608  509.77228  502.72785  1.38%   667  608s
  3160  2476  503.85369   22  610  509.77228  502.72785  1.38%   673  644s
  3192  2505  505.74046   23  439  509.77228  502.72785  1.38%   681  648s
  3232  2529  505.74046   24  440  509.77228  502.72785  1.38%   683  655s
  3271  2548  505.74046   25  451  509.77228  502.72785  1.38%   687  675s
  3350  2625  506.86971   27  568  509.77228  502.72785  1.38%   687  683s
  3411  2648     cutoff   29       509.77228  502.72785  1.38%   686  688s
  3475  2677  507.77953   29  521  509.77228  502.72785  1.38%   689  692s
  3544  2722     cutoff   32       509.77228  502.72785  1.38%   690  698s
  3637  2746 infeasible   34       509.77228  502.72785  1.38%   685  703s
  3721  2796  508.89020   34  504  509.77228  502.72785  1.38%   681  708s
  3826  2819     cutoff   36       509.77228  502.72785  1.38%   674  714s
  3924  2842  509.03385   38  525  509.77228  502.72785  1.38%   672  719s
  4002  2892  509.76259   40  366  509.77228  502.72785  1.38%   674  724s
  4097  2914 infeasible   42       509.77228  502.72785  1.38%   673  760s
H 4118  2789                     508.7682801  502.72785  1.19%   674  760s
  4187  2800     cutoff   42       508.76828  502.72785  1.19%   671  768s
  4284  2818  503.33232   20  685  508.76828  502.72785  1.19%   677  776s
  4366  2860  503.37506   22  697  508.76828  502.72785  1.19%   684  787s
  4457  2862  503.77437   25  645  508.76828  502.72785  1.19%   692  796s
  4504  2948  503.92544   26  587  508.76828  502.72785  1.19%   701  817s
  4620  3002  504.06781   29  552  508.76828  502.72785  1.19%   705  829s
  4744  3045  504.94761   35  488  508.76828  502.72785  1.19%   708  842s
  4885  3087  505.77823   40  430  508.76828  502.72785  1.19%   712  857s
  5026  3130  506.75199   45  383  508.76828  502.72785  1.19%   712  867s
  5162  3155  506.75199   47  410  508.76828  502.72785  1.19%   715  879s
  5286  3202  506.86062   50  434  508.76828  502.72785  1.19%   721  887s
  5426  3262  506.93682   49  468  508.76828  502.72785  1.19%   727  896s
  5574  3259     cutoff   54       508.76828  502.73015  1.19%   733  904s
  5718  3263  504.14610   23  640  508.76828  502.73015  1.19%   750  911s
  5788  3350  504.33729   24  695  508.76828  502.73015  1.19%   750  918s
  5950  3418  505.31139   29  692  508.76828  502.73015  1.19%   753  927s
  6130  3513     cutoff   34       508.76828  502.73015  1.19%   761  938s
  6348  3606     cutoff   37       508.76828  502.73015  1.19%   765  956s
  6644  3644  502.73867   24  486  508.76828  502.73015  1.19%   769  971s
  6874  3756  503.15753   41  477  508.76828  502.73015  1.19%   778  994s
  7152  3848  504.82278   46  442  508.76828  502.73015  1.19%   783 1037s
H 7255  3682                     508.7653339  502.73015  1.19%   787 1037s
  7404  3892  506.53295   58  431  508.76533  502.73015  1.19%   790 1056s
  7806  3890  504.74190   25  338  508.76533  502.73015  1.19%   793 1079s
  8056  4089  504.74244   31  455  508.76533  502.73015  1.19%   801 1100s
  8425  4248  504.86645   40  528  508.76533  502.73015  1.19%   805 1120s
  8821  4259  506.72733   46  485  508.76533  502.73015  1.19%   807 1144s
  9118  4337  507.75711   53  348  508.76533  502.73015  1.19%   822 1171s
  9421  4548  507.75787   53  344  508.76533  502.73402  1.19%   836 1190s
  9786  4723  503.09495   23  675  508.76533  502.73402  1.19%   845 1216s
 10051  5039  504.05237   30  620  508.76533  502.73402  1.19%   853 1247s
 10558  5343  502.81355   29  625  508.76533  502.73402  1.19%   854 1278s
 11027  5861  503.73516   34  360  508.76533  502.73402  1.19%   863 1305s
 11658  6216  504.74305   57  313  508.76533  502.73402  1.19%   860 1339s
 12191  6492  505.75134   73  361  508.76533  502.73402  1.19%   874 1370s
 12568  6862  507.05095   80  382  508.76533  502.73402  1.19%   889 1414s
 13173  7280  503.77230   31  523  508.76533  502.73402  1.19%   898 1457s
 13795  7676  504.83915   33  539  508.76533  502.73402  1.19%   905 1494s
H14400  7666                     508.7646624  502.73402  1.19%   907 1494s
 14423  8052  508.43905   56  461  508.76466  502.73402  1.19%   907 1546s
 15101  8490  502.83682   34  531  508.76466  502.73402  1.19%   913 1613s
 15780  8937 infeasible   58       508.76466  502.73513  1.19%   911 1714s
H16112  8917                     508.7631517  502.73513  1.18%   916 1714s
 16465  9418  503.73594   35  364  508.76315  502.73513  1.18%   918 1867s
 17156  9932  504.75619   45  502  508.76315  502.73513  1.18%   927 1983s
 17878 10309  505.80555   57  415  508.76315  502.73513  1.18%   933 2077s
 18513 10762  506.74831   66  247  508.76315  502.73513  1.18%   947 2158s
 19151 11244  507.75400  105  192  508.76315  502.73513  1.18%   959 2223s
 19891 11629  508.00535  119  338  508.76315  502.73810  1.18%   976 2328s
H20085 11610                     508.7611591  502.73810  1.18%   983 2329s
 20489 12155  504.76932   48  514  508.76116  502.74134  1.18%   988 2415s
 21312 12681  506.19102   40  491  508.76116  502.74344  1.18%   992 2496s
 22240 13468     cutoff   59       508.76116  502.75536  1.18%   994 2640s
 23510 14025  508.01624   43  404  508.76116  502.75814  1.18%   983 2727s
 24277 14518  507.76151   46  447  508.76116  502.75814  1.18%   994 2815s
 24896 15089     cutoff   52       508.76116  502.76106  1.18%  1012 2917s
 25802 15534  505.79082   44  458  508.76116  502.76559  1.18%  1017 3019s
H25975 15497                     508.7572956  502.76559  1.18%  1018 3019s
 26622 16093  505.79610   45  464  508.75730  502.76957  1.18%  1020 3180s
 27584 16728  503.75445   43  435  508.75730  502.77922  1.18%  1040 3369s
 28373 17353  505.81540   56  458  508.75730  502.77922  1.18%  1056 3465s
 29399 18072  506.77790   70  379  508.75730  502.78084  1.17%  1078 3587s
 30454 18924  505.02393   44  554  508.75730  502.78139  1.17%  1083 3668s
 31841 19774 infeasible   61       508.75730  502.79120  1.17%  1085 3775s
 33398 20497 infeasible   71       508.75730  502.80652  1.17%  1078 3904s
 34755 21237  505.26865   44  422  508.75730  502.80751  1.17%  1074 4153s
 36089 22018 infeasible   57       508.75730  502.82951  1.17%  1071 4499s
 37305 22796     cutoff   62       508.75730  502.83569  1.16%  1073 5175s
 38524 23599  506.75839   68  272  508.75730  502.87860  1.16%  1078 5537s
 39737 24616  504.21795   41  559  508.75730  502.88262  1.15%  1087 5781s
 41463 25808     cutoff   61       508.75730  502.89195  1.15%  1086 5899s
 43742 26772  504.16411   47  437  508.75730  502.94026  1.14%  1072 6219s
 45671 27799  508.46125   56  412  508.75730  503.00130  1.13%  1063 6338s
 47822 28963  507.74077   55  457  508.75730  503.10361  1.11%  1059 6656s
 49939 30293  507.17800   48  627  508.75730  503.14014  1.10%  1062 7084s
 51104 30293  505.83024   41  564  508.75730  503.14014  1.10%  1060 7085s
 52358 31445  504.85786   27  615  508.75730  503.14575  1.10%  1063 7285s
 54545 32776  507.76623   54  295  508.75730  503.16097  1.10%  1072 7714s
 57136 34007  505.75769   51  453  508.75730  503.21007  1.09%  1071 8016s
 59411 35523  505.75144   36  511  508.75730  503.24895  1.08%  1076 8280s
 62104 36696  506.15239   59  550  508.75730  503.43427  1.05%  1080 8535s
 64946 37492  508.14552   58  407  508.75730  503.44347  1.04%  1073 8787s

Cutting planes:
  Learned: 45
  Gomory: 30
  Cover: 662
  Implied bound: 99
  Projected implied bound: 88
  Clique: 60
  MIR: 1379
  Flow cover: 2435
  GUB cover: 1
  Inf proof: 13
  Zero half: 10
  Network: 6
  RLT: 761
  Relax-and-lift: 298

Explored 67480 nodes (72138018 simplex iterations) in 8789.47 seconds
Thread count was 32 (of 32 available processors)

Solution count 10: 508.757 508.761 508.763 ... 511.776

Optimal solution found (tolerance 1.00e-02)
Best objective 5.087572956140e+02, best bound 5.036959905705e+02, gap 0.9948%

Gurobi 9.1.0 (linux64) logging started Fri Aug 20 12:50:13 2021

Changed value of parameter LogFile to eab_parasitoid_2_1_area.log
   Prev:   Default: 
Changed value of parameter MIPGap to 0.01
   Prev: 0.0001  Min: 0.0  Max: inf  Default: 0.0001
Changed value of parameter Method to 2
   Prev: -1  Min: -1  Max: 5  Default: -1
Changed value of parameter MIPFocus to 2
   Prev: 0  Min: 0  Max: 3  Default: 0
Changed value of parameter RINS to 100
   Prev: -1  Min: -1  Max: 2000000000  Default: -1
Changed value of parameter SolutionLimit to 1
   Prev: 2000000000  Min: 1  Max: 2000000000  Default: 2000000000
Gurobi Optimizer version 9.1.0 build v9.1.0rc0 (linux64)
Thread count: 32 physical cores, 32 logical processors, using up to 32 threads
Optimize a model with 203386 rows, 134930 columns and 685029 nonzeros
Model fingerprint: 0x259bd087
Variable types: 55774 continuous, 79156 integer (79156 binary)
Coefficient statistics:
  Matrix range     [1e-04, 1e+05]
  Objective range  [1e+00, 1e+00]
  Bounds range     [1e+00, 6e+03]
  RHS range        [1e-04, 1e+05]

User MIP start produced solution with objective 508.791 (1.58s)
Loaded user MIP start with objective 508.791
Processed MIP start in 1.61 seconds


Explored 0 nodes (0 simplex iterations) in 1.63 seconds
Thread count was 1 (of 32 available processors)

Solution count 2: 508.791 

Solution limit reached
Warning: max constraint violation (9.9761e-06) exceeds tolerance
Warning: max bound violation (3.9322e-06) exceeds tolerance
Best objective 5.087909965463e+02, best bound -, gap -
