
Gurobi 9.1.0 (linux64) logging started Wed Aug 18 20:13:08 2021

Changed value of parameter LogFile to eab_parasitoid_2_0_area.log
   Prev:   Default: 
Changed value of parameter MIPGap to 0.01
   Prev: 0.0001  Min: 0.0  Max: inf  Default: 0.0001
Changed value of parameter Method to 2
   Prev: -1  Min: -1  Max: 5  Default: -1
Changed value of parameter MIPFocus to 2
   Prev: 0  Min: 0  Max: 3  Default: 0
Changed value of parameter RINS to 100
   Prev: -1  Min: -1  Max: 2000000000  Default: -1
Gurobi Optimizer version 9.1.0 build v9.1.0rc0 (linux64)
Thread count: 32 physical cores, 32 logical processors, using up to 32 threads
Optimize a model with 203386 rows, 134930 columns and 685029 nonzeros
Model fingerprint: 0x8ed46a71
Variable types: 55774 continuous, 79156 integer (79156 binary)
Coefficient statistics:
  Matrix range     [1e-04, 1e+05]
  Objective range  [1e+00, 1e+00]
  Bounds range     [1e+00, 6e+03]
  RHS range        [1e-04, 1e+05]
Presolve removed 188518 rows and 123066 columns (presolve time = 5s) ...
Presolve removed 195438 rows and 128322 columns (presolve time = 10s) ...
Presolve removed 196988 rows and 129343 columns
Presolve time: 13.87s
Presolved: 6398 rows, 5587 columns, 87819 nonzeros
Variable types: 2071 continuous, 3516 integer (3516 binary)
Presolve removed 11 rows and 7 columns
Presolved: 6387 rows, 5580 columns, 87301 nonzeros

Root barrier log...

Ordering time: 0.30s

Barrier statistics:
 Dense cols : 84
 AA' NZ     : 3.054e+05
 Factor NZ  : 1.222e+06 (roughly 15 MBytes of memory)
 Factor Ops : 7.594e+08 (less than 1 second per iteration)
 Threads    : 31

                  Objective                Residual
Iter       Primal          Dual         Primal    Dual     Compl     Time
   0   3.86991163e+04 -3.39466465e+05  1.40e+04 9.29e-01  1.23e+03    15s
   1   2.62362255e+04 -3.98796562e+05  9.20e+03 5.79e+00  8.06e+02    15s
   2   2.57508950e+03 -3.54259485e+05  6.26e+02 3.27e-13  7.12e+01    16s
   3   8.81245480e+02 -1.28852909e+05  2.41e+01 3.98e-13  8.69e+00    16s
   4   8.00595474e+02 -4.95484421e+03  4.07e-05 1.10e-12  3.34e-01    16s
   5   6.80856158e+02 -1.25841087e+03  1.29e-07 3.67e-13  1.13e-01    16s
   6   5.80828082e+02 -7.54112926e+01  5.61e-08 1.09e-13  3.81e-02    16s
   7   5.27739528e+02  1.89895465e+02  1.90e-08 5.61e-14  1.96e-02    16s
   8   5.14346843e+02  3.42456318e+02  8.23e-09 2.76e-14  9.99e-03    16s
   9   5.07720636e+02  4.70500025e+02  2.52e-09 5.43e-15  2.16e-03    16s
  10   5.05579810e+02  5.02105710e+02  6.04e-10 1.78e-15  2.02e-04    16s
  11   5.05036109e+02  5.04307647e+02  2.03e-10 3.55e-15  4.23e-05    17s
  12   5.04857868e+02  5.04569269e+02  8.17e-11 1.78e-15  1.68e-05    17s
  13   5.04805157e+02  5.04680344e+02  4.44e-11 1.78e-15  7.25e-06    17s
  14   5.04748152e+02  5.04744761e+02  4.30e-13 1.42e-14  1.97e-07    17s
  15   5.04746302e+02  5.04746269e+02  5.77e-13 3.55e-15  1.96e-09    17s
  16   5.04746300e+02  5.04746300e+02  1.09e-11 1.78e-15  1.90e-12    17s

Barrier solved model in 16 iterations and 17.03 seconds
Optimal objective 5.04746300e+02


Root crossover log...

      73 DPushes remaining with DInf 0.0000000e+00                17s
       0 DPushes remaining with DInf 0.0000000e+00                17s

    4691 PPushes remaining with PInf 0.0000000e+00                17s
       0 PPushes remaining with PInf 0.0000000e+00                17s

  Push phase complete: Pinf 0.0000000e+00, Dinf 0.0000000e+00     17s


Root simplex log...

Iteration    Objective       Primal Inf.    Dual Inf.      Time
    4716    5.0474630e+02   0.000000e+00   0.000000e+00     17s
    4716    5.0474630e+02   0.000000e+00   0.000000e+00     17s

Root relaxation: objective 5.047463e+02, 4716 iterations, 3.17 seconds

    Nodes    |    Current Node    |     Objective Bounds      |     Work
 Expl Unexpl |  Obj  Depth IntInf | Incumbent    BestBd   Gap | It/Node Time

     0     0  504.74630    0   97          -  504.74630      -     -   18s
     0     0  504.74637    0  333          -  504.74637      -     -   19s
     0     0  504.74637    0  321          -  504.74637      -     -   20s
     0     0  504.76040    0  542          -  504.76040      -     -   21s
     0     0  504.76096    0  525          -  504.76096      -     -   21s
     0     0  504.76100    0  509          -  504.76100      -     -   22s
H    0     0                     555.0199109  504.76100  9.06%     -   22s
H    0     0                     552.0091947  504.76100  8.56%     -   23s
H    0     0                     549.9974480  504.76100  8.22%     -   23s
H    0     0                     543.9652534  504.76100  7.21%     -   23s
     0     0  505.75510    0  477  543.96525  505.75510  7.02%     -   23s
H    0     0                     538.9413755  505.75510  6.16%     -   23s
H    0     0                     537.9402815  505.75510  5.98%     -   23s
     0     0  505.75516    0  467  537.94028  505.75516  5.98%     -   23s
     0     0  506.75896    0  325  537.94028  506.75896  5.80%     -   24s
     0     0  506.75896    0  280  537.94028  506.75896  5.80%     -   24s
     0     0  506.75896    0  259  537.94028  506.75896  5.80%     -   25s
     0     0  506.75896    0  295  537.94028  506.75896  5.80%     -   26s
H    0     0                     536.9290361  506.75896  5.62%     -   27s
     0     0  506.75896    0  273  536.92904  506.75896  5.62%     -   27s
     0     0  506.76098    0  307  536.92904  506.76098  5.62%     -   28s
     0     0  506.76176    0  359  536.92904  506.76176  5.62%     -   28s
     0     0  506.76213    0  352  536.92904  506.76213  5.62%     -   28s
     0     0  506.76655    0  313  536.92904  506.76655  5.62%     -   29s
     0     0  506.76655    0  287  536.92904  506.76655  5.62%     -   30s
H    0     0                     534.9219663  507.75868  5.08%     -   31s
     0     2  507.75868    0  286  534.92197  507.75868  5.08%     -   32s
     3     8  507.75868    2  270  534.92197  507.75868  5.08%   495   36s
     7    14  515.04021    3  766  534.92197  507.75868  5.08%  1990   40s
    29    48  525.29486    5  761  534.92197  507.75868  5.08%  1536   46s
    57    80  529.19401    6  712  534.92197  507.76106  5.08%  1802   62s
    89   106 infeasible    7       534.92197  507.76106  5.08%  2804   72s
H   90   106                     531.8990998  507.76106  4.54%  2773   72s
H   91   106                     529.8859291  507.76106  4.18%  2756   72s
H   95   106                     528.8745521  507.76106  3.99%  2745   72s
H  110   106                     527.8726100  507.76106  3.81%  2925   72s
   121   130     cutoff    7       527.87261  507.76106  3.81%  2941   80s
   153   160  509.77131    8  429  527.87261  507.76106  3.81%  2673   93s
H  154   160                     525.8623244  507.76106  3.44%  2656   93s
H  174   160                     525.8616009  507.76106  3.44%  2481   93s
H  184   160                     519.8323252  507.76106  2.32%  2380   93s
   185   157  509.77136    9  451  519.83233  507.76106  2.32%  2391   97s
   238   171  509.77143   10  435  519.83233  507.76106  2.32%  1995  102s
   286   203  509.80616   11  510  519.83233  507.76106  2.32%  1870  107s
   322   247  509.82712   12  531  519.83233  507.76106  2.32%  1847  114s
   366   302  509.82845   13  548  519.83233  507.76106  2.32%  1736  120s
   425   357  509.84736   16  516  519.83233  507.76106  2.32%  1611  127s
   484   435  509.86619   17  525  519.83233  507.76106  2.32%  1526  134s
   562   511  509.88751   19  512  519.83233  507.76106  2.32%  1394  140s
   644   596  509.91767   23  527  519.83233  507.76106  2.32%  1264  153s
H  654   596                     518.8301268  507.76106  2.13%  1252  153s
   737   693 infeasible   27       518.83013  507.76106  2.13%  1165  159s
   847   777  510.94893   30  481  518.83013  507.76106  2.13%  1059  166s
H  937   806                     517.8239899  507.76106  1.94%  1008  205s
H  938   806                     516.8245294  507.76106  1.75%  1007  205s
H  939   806                     514.8118627  507.76106  1.37%  1006  205s
H  940   806                     513.8090802  507.76106  1.18%  1005  205s
H  970   896                     513.8067764  507.76106  1.18%  1004  209s
  1111  1007  511.81954   38  467  513.80678  507.76106  1.18%   934  214s
  1238  1024  512.82560   40  447  513.80678  507.76106  1.18%   888  221s
  1276  1152  512.85130   41  444  513.80678  507.76189  1.18%   891  229s
  1425  1263     cutoff    7       513.80678  507.76189  1.18%   849  241s
  1544  1412  508.76961    7  460  513.80678  507.76189  1.18%   842  256s
  1703  1600  508.77103    8  474  513.80678  507.76189  1.18%   803  266s
  1903  1786  509.39201    9  628  513.80678  507.76189  1.18%   758  272s
  2108  1939  509.86040   10  730  513.80678  507.76189  1.18%   715  279s
  2326  2078  510.09161   11  663  513.80678  507.76189  1.18%   684  286s
  2540  2181  510.19241   12  658  513.80678  507.76189  1.18%   661  293s
  2686  2368  510.27146   14  667  513.80678  507.76189  1.18%   661  298s
H 2764  2317                     512.8013558  507.76189  0.98%   648  298s

Cutting planes:
  Learned: 88
  Gomory: 33
  Cover: 342
  Implied bound: 476
  Projected implied bound: 64
  Clique: 192
  MIR: 2269
  Flow cover: 4053
  GUB cover: 7
  Zero half: 8
  RLT: 1966
  Relax-and-lift: 240

Explored 2918 nodes (1879077 simplex iterations) in 298.46 seconds
Thread count was 32 (of 32 available processors)

Solution count 10: 512.801 513.807 513.809 ... 525.862

Optimal solution found (tolerance 1.00e-02)
Best objective 5.128013557990e+02, best bound 5.077618877039e+02, gap 0.9827%

Gurobi 9.1.0 (linux64) logging started Fri Aug 20 12:49:51 2021

Changed value of parameter LogFile to eab_parasitoid_2_0_area.log
   Prev:   Default: 
Changed value of parameter MIPGap to 0.01
   Prev: 0.0001  Min: 0.0  Max: inf  Default: 0.0001
Changed value of parameter Method to 2
   Prev: -1  Min: -1  Max: 5  Default: -1
Changed value of parameter MIPFocus to 2
   Prev: 0  Min: 0  Max: 3  Default: 0
Changed value of parameter RINS to 100
   Prev: -1  Min: -1  Max: 2000000000  Default: -1
Changed value of parameter SolutionLimit to 1
   Prev: 2000000000  Min: 1  Max: 2000000000  Default: 2000000000
Gurobi Optimizer version 9.1.0 build v9.1.0rc0 (linux64)
Thread count: 32 physical cores, 32 logical processors, using up to 32 threads
Optimize a model with 203386 rows, 134930 columns and 685029 nonzeros
Model fingerprint: 0xe70b0ecc
Variable types: 55774 continuous, 79156 integer (79156 binary)
Coefficient statistics:
  Matrix range     [1e-04, 1e+05]
  Objective range  [1e+00, 1e+00]
  Bounds range     [1e+00, 6e+03]
  RHS range        [1e-04, 1e+05]

User MIP start produced solution with objective 513.812 (1.40s)
User MIP start produced solution with objective 512.804 (1.44s)
Loaded user MIP start with objective 512.804
Processed MIP start in 1.45 seconds


Explored 0 nodes (0 simplex iterations) in 1.46 seconds
Thread count was 1 (of 32 available processors)

Solution count 3: 512.804 

Solution limit reached
Best objective 5.128042235947e+02, best bound -, gap -
