
Gurobi 9.1.0 (linux64) logging started Mon Aug  2 23:11:17 2021

Changed value of parameter LogFile to eab_parasitoid0_0_0.2_bud_area.log
   Prev:   Default: 
Changed value of parameter MIPGap to 0.01
   Prev: 0.0001  Min: 0.0  Max: inf  Default: 0.0001
Changed value of parameter Method to 2
   Prev: -1  Min: -1  Max: 5  Default: -1
Changed value of parameter MIPFocus to 2
   Prev: 0  Min: 0  Max: 3  Default: 0
Changed value of parameter RINS to 100
   Prev: -1  Min: -1  Max: 2000000000  Default: -1
Gurobi Optimizer version 9.1.0 build v9.1.0rc0 (linux64)
Thread count: 32 physical cores, 32 logical processors, using up to 32 threads
Optimize a model with 203396 rows, 134935 columns and 685039 nonzeros
Model fingerprint: 0x2dc4e6ff
Variable types: 55779 continuous, 79156 integer (79156 binary)
Coefficient statistics:
  Matrix range     [2e-04, 1e+06]
  Objective range  [1e+00, 1e+00]
  Bounds range     [1e+00, 6e+03]
  RHS range        [1e-04, 1e+06]
Presolve removed 197314 rows and 129736 columns
Presolve time: 4.19s
Presolved: 6082 rows, 5199 columns, 80352 nonzeros
Variable types: 1840 continuous, 3359 integer (3359 binary)
Presolve removed 13 rows and 10 columns
Presolved: 6069 rows, 5189 columns, 80306 nonzeros

Root barrier log...

Ordering time: 0.32s

Barrier statistics:
 Dense cols : 77
 AA' NZ     : 2.936e+05
 Factor NZ  : 1.187e+06 (roughly 14 MBytes of memory)
 Factor Ops : 7.579e+08 (less than 1 second per iteration)
 Threads    : 31

                  Objective                Residual
Iter       Primal          Dual         Primal    Dual     Compl     Time
   0   2.23810129e+04 -2.12915709e+04  1.79e+04 7.37e-01  1.27e+02     5s
   1   1.59764043e+04 -2.61486719e+04  1.23e+04 1.12e+00  8.43e+01     5s
   2   3.76791204e+03 -2.80427244e+04  2.16e+03 5.01e-02  1.67e+01     5s
   3   1.58885816e+03 -2.05053889e+04  4.82e+02 4.51e-03  4.15e+00     5s
   4   1.26959335e+03 -8.14165958e+03  2.38e+02 3.91e-12  1.34e+00     5s
   5   9.42675859e+02 -2.18130792e+03  5.31e+00 2.56e-13  2.01e-01     5s
   6   8.25683555e+02  3.35220910e+02  1.49e-01 4.60e-14  3.04e-02     5s
   7   7.98449349e+02  6.42752026e+02  1.08e-03 1.16e-14  9.64e-03     5s
   8   7.88813656e+02  6.84289518e+02  4.15e-04 8.38e-15  6.46e-03     6s
   9   7.86058468e+02  7.32787779e+02  2.17e-04 4.14e-15  3.29e-03     6s
  10   7.84751072e+02  7.66080126e+02  1.08e-04 1.31e-15  1.15e-03     6s
  11   7.84052514e+02  7.76788667e+02  5.63e-05 8.88e-16  4.49e-04     6s
  12   7.83714279e+02  7.80735568e+02  2.98e-05 8.88e-16  1.84e-04     6s
  13   7.83487601e+02  7.82469116e+02  9.78e-06 1.33e-15  6.29e-05     6s
  14   7.83400884e+02  7.83040328e+02  3.34e-06 8.88e-16  2.23e-05     6s
  15   7.83367407e+02  7.83238673e+02  1.00e-06 1.33e-15  7.96e-06     6s
  16   7.83357206e+02  7.83352986e+02  3.16e-10 1.78e-15  2.61e-07     6s
  17   7.83354905e+02  7.83354250e+02  1.72e-11 8.88e-16  4.05e-08     6s
  18   7.83354901e+02  7.83354901e+02  8.90e-14 8.88e-16  1.72e-13     6s

Barrier solved model in 18 iterations and 5.77 seconds
Optimal objective 7.83354901e+02


Root crossover log...

      62 DPushes remaining with DInf 0.0000000e+00                 6s
       0 DPushes remaining with DInf 0.0000000e+00                 6s

    4542 PPushes remaining with PInf 0.0000000e+00                 6s
       0 PPushes remaining with PInf 0.0000000e+00                 6s

  Push phase complete: Pinf 0.0000000e+00, Dinf 0.0000000e+00      6s


Root simplex log...

Iteration    Objective       Primal Inf.    Dual Inf.      Time
    4552    7.8335490e+02   0.000000e+00   0.000000e+00      6s
    4552    7.8335490e+02   0.000000e+00   0.000000e+00      6s

Root relaxation: objective 7.833549e+02, 4552 iterations, 1.52 seconds

    Nodes    |    Current Node    |     Objective Bounds      |     Work
 Expl Unexpl |  Obj  Depth IntInf | Incumbent    BestBd   Gap | It/Node Time

     0     0  783.35490    0  136          -  783.35490      -     -    6s
     0     0  783.38084    0  519          -  783.38084      -     -    8s
     0     0  783.38085    0  512          -  783.38085      -     -    9s
     0     0  783.47599    0  716          -  783.47599      -     -   11s
     0     0  783.54022    0  716          -  783.54022      -     -   12s
     0     0  783.54609    0  724          -  783.54609      -     -   12s
     0     0  783.54645    0  732          -  783.54645      -     -   12s
     0     0  783.54648    0  731          -  783.54648      -     -   12s
     0     0  785.41058    0  743          -  785.41058      -     -   14s
     0     0  786.37479    0  748          -  786.37479      -     -   15s
     0     0  786.37479    0  754          -  786.37479      -     -   15s
     0     0  786.37479    0  759          -  786.37479      -     -   15s
     0     0  786.37479    0  755          -  786.37479      -     -   15s
H    0     0                     868.3549007  786.37479  9.44%     -   16s
     0     0  787.36410    0  715  868.35490  787.36410  9.33%     -   17s
     0     0  787.36410    0  734  868.35490  787.36410  9.33%     -   18s
     0     0  787.41107    0  739  868.35490  787.41107  9.32%     -   18s
     0     0  787.41107    0  736  868.35490  787.41107  9.32%     -   18s
     0     0  787.41107    0  746  868.35490  787.41107  9.32%     -   18s
     0     0  787.41107    0  730  868.35490  787.41107  9.32%     -   20s
     0     0  787.41107    0  700  868.35490  787.41107  9.32%     -   23s
     0     2  787.41107    0  699  868.35490  787.41107  9.32%     -   32s
     1     2 infeasible    1       868.35490  787.41107  9.32%  3797   36s
     3     2  787.41107    2  696  868.35490  787.41107  9.32%  1887   41s
     5     2 infeasible    3       868.35490  787.41107  9.32%  4085   54s
     7     2  787.83408    4  780  868.35490  787.41107  9.32%  3496   58s
     9     2 infeasible    5       868.35490  787.83915  9.27%  3086   78s
    11     2  789.66658    6  722  868.35490  788.73697  9.17%  2765   81s
    15     2  791.54075    8  720  868.35490  790.60062  8.95%  2359   86s
    17     2 infeasible    9       868.35490  791.54075  8.85%  2376  104s
    19     4  793.42688   10  721  868.35490  792.47378  8.74%  2341  106s
    25     4  794.39944   12  699  868.35490  793.43322  8.63%  2149  114s
    29     6 infeasible   13       868.35490  794.41041  8.52%  2870  125s
    33     4 infeasible   14       868.35490  795.40097  8.40%  2978  166s
    43    16  797.35490   16  605  868.35490  796.41846  8.28%  2809  173s
    51    28  797.35490   17  508  868.35490  797.35490  8.18%  2823  179s
    67    52  797.35490   18  484  868.35490  797.35490  8.18%  2995  188s
H   68    52                     867.3549007  797.35490  8.07%  2951  188s
H   72    52                     866.3549007  797.35490  7.96%  3216  188s
    95    74  797.35490   19  609  866.35490  797.35490  7.96%  4387  391s
H  127   100                     862.3549007  797.35490  7.54%  3786  407s
   159   132  798.35490   21  614  862.35490  797.35490  7.54%  3752  467s
H  160   132                     834.3549007  797.35490  4.43%  3728  467s
H  162   132                     830.3549007  797.35490  3.97%  3685  467s
H  170   132                     829.3549007  797.35490  3.86%  3549  467s
   191   164  798.35490   22  613  829.35490  797.35490  3.86%  3238  492s
H  216   164                     827.3549007  797.35490  3.63%  2930  492s
   223   196  798.35490   23  612  827.35490  797.35490  3.63%  2856  527s
H  224   196                     824.3549007  797.35490  3.28%  2844  527s
H  253   196                     823.3549007  797.35490  3.16%  2553  527s
   255   257  798.35490   24  617  823.35490  797.35490  3.16%  2536  717s
   318   315  798.35490   26  622  823.35490  797.35490  3.16%  2109  932s
   378   531  798.35490   28  614  823.35490  797.35490  3.16%  1825  952s
   600   593  798.35490   36  588  823.35490  797.35490  3.16%  1268 1113s
H  649   593                     819.3549007  797.35490  2.69%  1205 1113s
   668  1238  798.35490   46  539  819.35490  797.35490  2.69%  1191 1248s
  1323  2214  799.35490   74  591  819.35490  797.35490  2.69%   744 1662s
  2337  3247  800.35490  134  486  819.35490  797.35490  2.69%   537 2302s
  3424  4179  803.35490  186  466  819.35490  797.35490  2.69%   440 3284s
H 3606  4179                     817.3549007  797.35490  2.45%   429 3284s
  3683  4179  801.35490  169  479  817.35490  797.35490  2.45%   425 3285s
H 3759  4179                     816.3549007  797.35490  2.33%   419 3285s
  4431  5313  804.35490  231  408  816.35490  797.35490  2.33%   391 4173s
  5690  6117 infeasible  296       816.35490  797.35490  2.33%   366 4842s
  6565  7085  797.37883   76  549  816.35490  797.35490  2.33%   353 5399s
  6999  7085  805.35490  270  472  816.35490  797.35490  2.33%   347 5400s
  7666  7086  808.35490  495  700  816.35490  797.35490  2.33%   346 5699s
  7668  7087  798.35490   66  142  816.35490  797.35490  2.33%   346 5715s
  7669  7088  799.35490  108  505  816.35490  797.35490  2.33%   346 5735s
  7670  7089  803.35490  327  655  816.35490  797.35490  2.33%   346 5745s
  7671  7089  798.35490  115  600  816.35490  797.35490  2.33%   346 5753s
  7672  7090  804.35490  354  682  816.35490  797.35490  2.33%   346 5760s
  7673  7091  798.35490   93  692  816.35490  797.35490  2.33%   346 5852s
  7674  7091  800.35490  138  691  816.35490  797.35490  2.33%   346 5880s
  7675  7092  808.35490  512  691  816.35490  797.35490  2.33%   346 5912s
  7676  7096  797.35490   12  686  816.35490  797.35490  2.33%   349 5986s
  7678  7097  797.35490   13  659  816.35490  797.35490  2.33%   349 6297s
  7682  7100  797.35490   14  711  816.35490  797.35490  2.33%   351 6582s
  7688  7098 infeasible   15       816.35490  797.35490  2.33%   351 6644s
  7698  7102  797.35490   16  740  816.35490  797.35490  2.33%   356 6834s
  7708  7117  797.35490   17  706  816.35490  797.35490  2.33%   357 6949s
  7726  7135  797.35490   18  693  816.35490  797.35490  2.33%   358 7252s
  7758  7146 infeasible   19       816.35490  797.35490  2.33%   362 7385s
  7790  7162  797.35490   19  704  816.35490  797.35490  2.33%   366 7587s
H 7822  6826                     815.3549007  797.35490  2.21%   375 7732s
  7854  6857  797.35490   21  671  815.35490  797.35490  2.21%   378 8000s
  7904  6864 infeasible   21       815.35490  797.35490  2.21%   381 8098s
  7937  6884  797.35490   22  670  815.35490  797.35490  2.21%   385 8907s
H 7948  6543                     814.3549007  797.35490  2.09%   387 8907s
  7970  6576 infeasible   24       814.35490  797.35490  2.09%   390 9114s
  8020  6591  797.35490   23  661  814.35490  797.35490  2.09%   398 9292s
  8070  6637  797.35490   25  637  814.35490  797.35490  2.09%   404 9450s
  8145  6682 infeasible   25       814.35490  797.35490  2.09%   410 9685s
  8229  6750  797.35490   26  664  814.35490  797.35490  2.09%   411 9724s
  8329  6767 infeasible   27       814.35490  797.35490  2.09%   412 9847s
  8402  6816  797.35490   28  661  814.35490  797.35490  2.09%   420 9955s
  8489  6850  797.35490   29  684  814.35490  797.35490  2.09%   425 10030s
  8562  6900  797.35490   28  698  814.35490  797.35490  2.09%   433 10113s
  8657  6941  798.36175   33  709  814.35490  797.35490  2.09%   442 10167s
  8757  6963  798.35968   35  713  814.35490  797.35490  2.09%   447 10256s
  8845  6968  799.35490   37  675  814.35490  797.35490  2.09%   464 10369s
  8897  7027  799.35490   38  631  814.35490  797.35490  2.09%   489 11272s
H 8920  6699                     813.3549007  797.35490  1.97%   491 11272s
  8979  6732  799.35490   38  567  813.35490  797.35490  1.97%   505 11303s
  9044  6752  799.35490   39  549  813.35490  797.35490  1.97%   520 11441s
  9099  6782  799.35490   40  537  813.35490  797.35490  1.97%   535 11768s
  9164  6857  800.35490   40  692  813.35490  797.35490  1.97%   547 12007s
  9280  6890  800.35490   41  652  813.35490  797.35490  1.97%   568 12283s
  9388  6960  800.35549   42  625  813.35490  797.35490  1.97%   590 12566s
  9522  7047  801.35490   44  585  813.35490  797.35490  1.97%   604 12926s
  9688  7119  801.35490   44  506  813.35490  797.35490  1.97%   622 13229s
  9839  7169  801.44709   46  565  813.35490  797.35490  1.97%   641 13415s
  9971  7225  802.35490   47  457  813.35490  797.35490  1.97%   668 13600s
 10093  7257  802.35490   48  583  813.35490  797.35490  1.97%   689 13701s
H10172  6992                     812.3549007  797.35490  1.85%   702 14072s
 10310  7071  802.35490   51  584  812.35490  797.35490  1.85%   729 14536s
 10485  7074  805.35490   58  479  812.35490  797.35490  1.85%   753 15014s
 10651  7076  805.46430   60  534  812.35490  797.35490  1.85%   776 15379s
 10748  7166  807.39973   63  474  812.35490  797.35490  1.85%   793 15647s
 10912  7250  808.38474   65  489  812.35490  797.35490  1.85%   811 15803s
 11090  7359 infeasible   66       812.35490  797.35490  1.85%   835 15910s
 11292  7388  809.35490   66  542  812.35490  797.35490  1.85%   856 16016s
H11376  7059                     811.3549007  797.35490  1.73%   866 16016s
 11429  7210  807.58071   65  472  811.35490  797.35490  1.73%   871 16174s
 11676  7339  797.35490   23  679  811.35490  797.35490  1.73%   892 16405s
 11930  7496  798.35490   29  585  811.35490  797.35490  1.73%   915 17130s
 12285  7625  799.35490   32  525  811.35490  797.35490  1.73%   924 17497s
 12594  7746  799.35490   43  433  811.35490  797.35490  1.73%   936 17714s
 12868  7931  799.35824   46  562  811.35490  797.35490  1.73%   948 17990s
 13295  8012  799.35490   48  524  811.35490  797.35490  1.73%   959 18107s
 13581  8071  799.35490   48  518  811.35490  797.35490  1.73%   962 18425s
 13882  8242  799.35576   50  548  811.35490  797.35490  1.73%   978 18649s
 14234  8323  800.35906   54  541  811.35490  797.35490  1.73%  1003 18719s
 14624  8393  800.35490   59  509  811.35490  797.35490  1.73%  1023 18877s
 14946  8506  801.38870   65  491  811.35490  797.35490  1.73%  1045 18982s
 15274  8462  802.35490   70  488  811.35490  797.35490  1.73%  1070 19297s
 15496  8544  802.35490   71  500  811.35490  797.35490  1.73%  1089 19381s
 15683  8705  801.40261   71  528  811.35490  797.35490  1.73%  1107 19533s
 15995  8723  802.35490   75  485  811.35490  797.35490  1.73%  1129 19745s
 16215  8921  802.53676   76  518  811.35490  797.35490  1.73%  1147 20080s
 16577  9093 infeasible   78       811.35490  797.35490  1.73%  1170 20639s
 17055  9152 infeasible   87       811.35490  797.35490  1.73%  1189 20915s
 17380  9451  798.36908   32  588  811.35490  797.35490  1.73%  1202 21373s
 17992  9514  800.35490   43  489  811.35490  797.35490  1.73%  1211 25640s
 18394  9628  801.35490   52  441  811.35490  797.35490  1.73%  1219 26443s
 18770  9820  802.45398   58  511  811.35490  797.35490  1.73%  1230 27036s
 19236 10032 infeasible   69       811.35490  797.35490  1.73%  1249 27915s
 19704 10321  804.35490   74  487  811.35490  797.35490  1.73%  1260 28688s
 20317 10515  806.35490   93  390  811.35490  797.35490  1.73%  1275 29524s
 21037 10629  810.35490  116  453  811.35490  797.35490  1.73%  1287 30208s
 21627 10898  797.35490   28  745  811.35490  797.35490  1.73%  1302 30835s
 22370 11090 infeasible   34       811.35490  797.35490  1.73%  1312 31402s
 22961 11420  801.35490   52  418  811.35490  797.35490  1.73%  1335 32546s
 23755 11773  803.36702   69  532  811.35490  797.35490  1.73%  1349 33375s
 24637 12225  799.35490   37  401  811.35490  797.35490  1.73%  1354 34094s
 25479 12225  800.36669   37  588  811.35490  797.35490  1.73%  1359 34095s
 25492 12470  802.35490   58  528  811.35490  797.35490  1.73%  1359 36556s
H25837 11674                     810.3549007  797.35490  1.60%  1370 36557s
 25847 12322  803.35490   67  465  810.35490  797.35490  1.60%  1370 37491s
 26666 13060  806.35490  121  213  810.35490  797.35490  1.60%  1382 38079s
 27588 14097  807.35490  193  188  810.35490  797.35490  1.60%  1386 38628s
 28800 15033  809.35490  318  179  810.35490  797.35490  1.60%  1382 39486s
 29921 16039  809.35490  427  266  810.35490  797.35490  1.60%  1380 41011s
 31349 16420 infeasible  447       810.35490  797.35490  1.60%  1396 41509s
 32053 17106  799.35490   35  432  810.35490  797.35490  1.60%  1410 42467s
 33051 17776  801.35490   51  443  810.35490  797.35490  1.60%  1418 44016s
 33990 18520  804.35490  105  314  810.35490  797.35490  1.60%  1432 45155s
 34938 19605  806.35490  157  227  810.35490  797.35490  1.60%  1438 45921s
 36391 20603  809.35490  310  203  810.35490  797.35490  1.60%  1437 47696s
 37700 22018  799.36218   48  587  810.35490  797.35490  1.60%  1436 50124s
 38962 22018  801.35513   49  532  810.35490  797.35490  1.60%  1430 50125s
 39496 23338  800.52803   57  532  810.35490  797.35490  1.60%  1421 51497s
 41223 23994  808.38021   72  508  810.35490  797.35490  1.60%  1409 52807s
 42271 24992  800.36666   50  621  810.35490  797.35490  1.60%  1423 54786s
 43588 26270  802.35490   63  485  810.35490  797.35490  1.60%  1433 56569s
 44562 26270  799.35490   41  545  810.35490  797.35490  1.60%  1432 56570s
 45307 27453 infeasible   75       810.35490  797.35490  1.60%  1428 57819s
 46580 27453  808.35642  246  421  810.35490  797.35490  1.60%  1430 57820s
 46999 28070  804.35490   82  467  810.35490  797.35490  1.60%  1432 58977s
 47977 28640 infeasible   90       810.35490  797.35490  1.60%  1446 61803s
 48781 29445  807.35565   95  560  810.35490  797.35490  1.60%  1466 63498s
 50119 30682  799.35587   40  680  810.35490  797.38637  1.60%  1480 65831s
 51879 32048  799.35490   40  505  810.35490  797.41084  1.60%  1490 67704s
 53911 33773  801.35490   55  489  810.35490  797.41084  1.60%  1492 69970s
 55961 34985  803.35490   80  333  810.35490  797.41084  1.60%  1504 72432s
 57615 36142  805.35490  109  490  810.35490  797.41084  1.60%  1520 75907s
 59195 37407  808.35490  124  469  810.35490  797.43479  1.59%  1552 80160s
 61020 38890  806.35490   75  462  810.35490  797.44059  1.59%  1580 84824s
 62757 38890  801.35680   51  547  810.35490  797.48658  1.59%  1590 84825s
 63504 40633  800.14451   37  611  810.35490  797.49102  1.59%  1597 88017s
 66183 43070  804.37583   52  701  810.35490  798.36365  1.48%  1599 92675s
 69631 44761  809.35490  256  242  810.35490  798.36459  1.48%  1590 95407s
 72235 46957 infeasible  353       810.35490  798.36791  1.48%  1596 97636s
 75420 49053  801.35490   42  526  810.35490  798.39742  1.48%  1595 100768s
 78494 50449  799.35490   44  570  810.35490  798.41823  1.47%  1599 103726s
 80748 54232  799.35490   45  564  810.35490  798.61047  1.45%  1610 106646s
 84920 59835  802.41267   83  564  810.35490  798.61047  1.45%  1594 109556s
 91959 61654  806.45118  100  531  810.35490  798.61047  1.45%  1534 113920s
 95081 66667  804.35490   88  454  810.35490  799.35490  1.36%  1542 120709s
 99715 66667  806.37146   56  442  810.35490  799.35490  1.36%  1525 120711s
 101186 74141  800.35714   49  517  810.35490  799.35490  1.36%  1525 125220s
 110940 76135  809.35490  413  311  810.35490  799.35490  1.36%  1462 128923s
 113493 78223  799.36131   41  556  810.35490  799.35490  1.36%  1478 131714s
 114208 78223  804.47228   88  522  810.35490  799.35490  1.36%  1482 131715s

Cutting planes:
  Learned: 18
  Gomory: 30
  Cover: 364
  Implied bound: 136
  Projected implied bound: 19
  Clique: 8
  MIR: 890
  StrongCG: 2
  Flow cover: 2487
  GUB cover: 3
  Inf proof: 7
  Zero half: 6
  RLT: 1851
  Relax-and-lift: 144

Explored 116455 nodes (173501577 simplex iterations) in 131718.89 seconds
Thread count was 32 (of 32 available processors)

Solution count 10: 810.355 811.355 812.355 ... 823.355

Solve interrupted
Best objective 8.103549006767e+02, best bound 7.993549006760e+02, gap 1.3574%

Gurobi 9.1.0 (linux64) logging started Wed Aug  4 13:14:41 2021

Changed value of parameter LogFile to eab_parasitoid0_0_0.2_bud_area.log
   Prev:   Default: 
Changed value of parameter MIPGap to 0.01
   Prev: 0.0001  Min: 0.0  Max: inf  Default: 0.0001
Changed value of parameter Method to 2
   Prev: -1  Min: -1  Max: 5  Default: -1
Changed value of parameter MIPFocus to 2
   Prev: 0  Min: 0  Max: 3  Default: 0
Changed value of parameter RINS to 100
   Prev: -1  Min: -1  Max: 2000000000  Default: -1
Gurobi Optimizer version 9.1.0 build v9.1.0rc0 (linux64)
Thread count: 32 physical cores, 32 logical processors, using up to 32 threads
Optimize a model with 203396 rows, 134935 columns and 685039 nonzeros
Model fingerprint: 0xae485b28
Variable types: 55779 continuous, 79156 integer (79156 binary)
Coefficient statistics:
  Matrix range     [2e-04, 1e+06]
  Objective range  [1e+00, 1e+00]
  Bounds range     [1e+00, 6e+03]
  RHS range        [1e-04, 1e+06]
Presolve removed 193650 rows and 127178 columns (presolve time = 5s) ...
Presolve removed 197320 rows and 129733 columns
Presolve time: 6.90s
Presolved: 6076 rows, 5202 columns, 80371 nonzeros
Variable types: 1838 continuous, 3364 integer (3364 binary)
Presolve removed 8 rows and 4 columns
Presolved: 6068 rows, 5198 columns, 80346 nonzeros

Root barrier log...

Ordering time: 0.37s

Barrier statistics:
 Dense cols : 76
 AA' NZ     : 2.943e+05
 Factor NZ  : 1.176e+06 (roughly 14 MBytes of memory)
 Factor Ops : 7.383e+08 (less than 1 second per iteration)
 Threads    : 31

                  Objective                Residual
Iter       Primal          Dual         Primal    Dual     Compl     Time
   0   2.47704555e+04 -2.34978042e+04  1.79e+04 8.20e-01  1.40e+02     8s
   1   1.76026823e+04 -2.88429760e+04  1.23e+04 1.23e+00  9.29e+01     8s
   2   3.77288426e+03 -3.10062941e+04  1.93e+03 1.52e-02  1.66e+01     8s
   3   1.56247534e+03 -2.21362322e+04  3.82e+02 3.78e-04  3.86e+00     8s
   4   1.28315293e+03 -7.51257070e+03  1.88e+02 1.85e-13  1.12e+00     8s
   5   9.86726430e+02 -1.50063089e+03  3.11e+00 1.78e-14  1.58e-01     8s
   6   8.67959284e+02  3.89905958e+02  2.06e-01 3.55e-15  2.96e-02     9s
   7   8.43758388e+02  6.83615306e+02  3.10e-02 1.78e-15  9.90e-03     9s
   8   8.32978188e+02  7.29528674e+02  5.63e-04 1.78e-15  6.39e-03     9s
   9   8.29556711e+02  7.77191459e+02  2.95e-04 8.88e-16  3.23e-03     9s
  10   8.28009394e+02  8.08217594e+02  1.54e-04 1.44e-15  1.22e-03     9s
  11   8.27114353e+02  8.18712465e+02  8.21e-05 8.88e-16  5.19e-04     9s
  12   8.26652452e+02  8.23334469e+02  4.29e-05 1.78e-15  2.05e-04     9s
  13   8.26358731e+02  8.24992667e+02  1.55e-05 8.88e-16  8.43e-05     9s
  14   8.26209275e+02  8.25746686e+02  3.57e-06 8.88e-16  2.86e-05     9s
  15   8.26167473e+02  8.26055598e+02  9.03e-07 8.88e-16  6.91e-06     9s
  16   8.26162382e+02  8.26093310e+02  6.19e-07 1.78e-15  4.26e-06     9s
  17   8.26154242e+02  8.26153520e+02  1.60e-10 8.88e-16  4.46e-08     9s
  18   8.26154208e+02  8.26154208e+02  1.27e-12 1.78e-15  1.57e-12     9s

Barrier solved model in 18 iterations and 9.47 seconds
Optimal objective 8.26154208e+02


Root crossover log...

      62 DPushes remaining with DInf 0.0000000e+00                 9s
       0 DPushes remaining with DInf 0.0000000e+00                 9s

    4524 PPushes remaining with PInf 0.0000000e+00                 9s
       0 PPushes remaining with PInf 0.0000000e+00                10s

  Push phase complete: Pinf 0.0000000e+00, Dinf 0.0000000e+00     10s


Root simplex log...

Iteration    Objective       Primal Inf.    Dual Inf.      Time
    4550    8.2615421e+02   0.000000e+00   0.000000e+00     10s
    4550    8.2615421e+02   0.000000e+00   0.000000e+00     10s

Root relaxation: objective 8.261542e+02, 4550 iterations, 2.68 seconds
Total elapsed time = 11.61s

    Nodes    |    Current Node    |     Objective Bounds      |     Work
 Expl Unexpl |  Obj  Depth IntInf | Incumbent    BestBd   Gap | It/Node Time

     0     0  826.15421    0  133          -  826.15421      -     -   12s
     0     0  826.18185    0  527          -  826.18185      -     -   15s
     0     0  826.18185    0  528          -  826.18185      -     -   15s
     0     0  826.28258    0  695          -  826.28258      -     -   21s
     0     0  826.30351    0  672          -  826.30351      -     -   21s
     0     0  826.30375    0  678          -  826.30375      -     -   22s
     0     0  826.30375    0  678          -  826.30375      -     -   22s
     0     0  827.25539    0  730          -  827.25539      -     -   25s
     0     0  827.25539    0  727          -  827.25539      -     -   27s
     0     0  827.25539    0  747          -  827.25539      -     -   28s
     0     0  827.25539    0  748          -  827.25539      -     -   28s
     0     0  827.25539    0  750          -  827.25539      -     -   28s
     0     0  828.26433    0  755          -  828.26433      -     -   33s
     0     0  828.26433    0  771          -  828.26433      -     -   35s
H    0     0                     909.6413274  828.26433  8.95%     -   35s
     0     0  828.26433    0  785  909.64133  828.26433  8.95%     -   35s
     0     0  828.26433    0  791  909.64133  828.26433  8.95%     -   35s
     0     0  828.26433    0  792  909.64133  828.26433  8.95%     -   35s
     0     0  829.33615    0  768  909.64133  829.33615  8.83%     -   41s
     0     0  830.38027    0  770  909.64133  830.38027  8.71%     -   43s
     0     0  830.38027    0  789  909.64133  830.38027  8.71%     -   43s
     0     0  830.38027    0  799  909.64133  830.38027  8.71%     -   43s
     0     0  830.38027    0  757  909.64133  830.38027  8.71%     -   54s
     0     0  830.38027    0  753  909.64133  830.38027  8.71%     -   58s
     0     0  830.38027    0  749  909.64133  830.38027  8.71%     -   59s
     0     0  830.38027    0  751  909.64133  830.38027  8.71%     -   59s
     0     0  830.38027    0  748  909.64133  830.38027  8.71%     -   60s
     0     0  830.38027    0  790  909.64133  830.38027  8.71%     -   71s
     0     0  830.38027    0  787  909.64133  830.38027  8.71%     -   75s
     0     0  830.38027    0  786  909.64133  830.38027  8.71%     -   77s
     0     0  830.38027    0  791  909.64133  830.38027  8.71%     -   78s
     0     0  830.38027    0  793  909.64133  830.38027  8.71%     -   80s
     0     0  830.38027    0  792  909.64133  830.38027  8.71%     -   81s
     0     0  830.38027    0  778  909.64133  830.38027  8.71%     -   89s
     0     0  830.38027    0  785  909.64133  830.38027  8.71%     -   92s
     0     0  830.38027    0  790  909.64133  830.38027  8.71%     -   93s
     0     0  830.38027    0  795  909.64133  830.38027  8.71%     -   94s
     0     0  830.38027    0  788  909.64133  830.38027  8.71%     -  106s
     0     0  830.38027    0  751  909.64133  830.38027  8.71%     -  124s
H    0     0                     888.4719456  830.38027  6.54%     -  994s
     0     2  830.38027    0  747  888.47195  830.38027  6.54%     -  996s
     1     2 infeasible    1       888.47195  830.38027  6.54%  7748 1006s
     3     2  830.38027    2  741  888.47195  830.38027  6.54%  3329 1014s
     5     2 infeasible    3       888.47195  830.38027  6.54%  2626 1025s
     7     2  830.89907    4  723  888.47195  830.38027  6.54%  2447 1043s
     9     2 infeasible    5       888.47195  830.89907  6.48%  4544 1143s
    11     2  832.85723    6  730  888.47195  831.85593  6.37%  4030 1148s
    13     2 infeasible    7       888.47195  832.88396  6.26%  3639 1161s
    15     2  834.83513    8  722  888.47195  833.85509  6.15%  3428 1199s
    17     2 infeasible    9       888.47195  834.83513  6.04%  3427 1213s
    19     2  836.82385   10  712  888.47195  835.84150  5.92%  3265 1218s
    21     4  836.85599   11  670  888.47195  836.82385  5.81%  3067 1226s
    23     4 infeasible   12       888.47195  836.85599  5.81%  3046 1249s
    27     4  838.92273   13  654  888.47195  837.87654  5.69%  2911 1294s
    31     6 infeasible   14       888.47195  838.92273  5.58%  2943 1324s
    35     8  840.95249   15  553  888.47195  839.91189  5.47%  3068 1386s
    41     8  841.08416   16  580  888.47195  840.95249  5.35%  3285 1421s
    49    12 infeasible   17       888.47195  841.08416  5.33%  3108 1699s
    57    24  841.99575   18  394  888.47195  841.99575  5.23%  3462 1707s
H   59    24                     887.4522832  841.99575  5.12%  3393 1707s
H   69    46                     885.3878884  841.99575  4.90%  3253 1735s
H   70    46                     885.2861376  841.99575  4.89%  3249 1735s
H   74    46                     884.2670519  841.99575  4.78%  3193 1735s
H   85    46                     884.2481122  841.99575  4.78%  3124 1735s
H   86    46                     882.2075946  841.99575  4.56%  3116 1735s
    93    78  841.99575   20  383  882.20759  841.99575  4.56%  3140 1789s
   125   110  841.99575   21  430  882.20759  841.99575  4.56%  4245 1829s
   157   142  841.99575   22  426  882.20759  841.99575  4.56%  3926 1850s
H  189   193                     876.9072379  841.99575  3.98%  3337 1872s
H  218   193                     874.8565379  841.99575  3.76%  2968 1872s
   240   243  841.99575   25  418  874.85654  841.99575  3.76%  2774 1888s
   294   275  841.99575   27  370  874.85654  841.99575  3.76%  2416 1967s
H  321   275                     873.7902306  841.99575  3.64%  2271 1967s
   326   487  841.99575   28  368  873.79023  841.99575  3.64%  2251 2006s
   538   987  841.99575   34  381  873.79023  841.99575  3.64%  1673 2138s
  1048  1834  841.99575   50  422  873.79023  841.99575  3.64%  1168 2490s
  1925  3032  843.09549   76  379  873.79023  841.99575  3.64%   972 3416s
H 3198  3032                     865.3493996  841.99575  2.70%   916 3417s
  3199  4220  843.09549   92  391  865.34940  841.99575  2.70%   917 4270s
  4607  6116  845.21311  112  303  865.34940  841.99575  2.70%   920 5477s
H 4675  6116                     862.1576355  841.99575  2.34%   917 5477s
H 6364  6116                     861.0745017  841.99575  2.22%   862 5478s
  6745  7773  847.31090  171  371  861.07450  841.99575  2.22%   854 6701s
H 6969  7732                     858.9619689  841.99575  1.98%   852 6702s
H 7402  7677                     857.8563706  841.99575  1.85%   823 6702s
  8777  8455  845.08263   77  501  857.85637  841.99575  1.85%   828 7797s
 10365  8454  843.06747   44  751  857.85637  841.99575  1.85%   852 8531s
 10367  8455  843.06747  119  130  857.85637  841.99575  1.85%   852 8536s
 10368  8456  842.02111   98  461  857.85637  841.99575  1.85%   852 8544s
 10369  8457  841.99575   28  664  857.85637  841.99575  1.85%   852 8547s
 10370  8457  854.72639  349  680  857.85637  841.99575  1.85%   852 8550s
 10372  8459  844.14936   73  706  857.85637  841.99575  1.85%   852 8555s
 10373  8459  853.71816  215  691  857.85637  841.99575  1.85%   852 8587s
 10374  8460  856.77579  292  690  857.85637  841.99575  1.85%   852 8596s
 10375  8461  844.11827  100  690  857.85637  841.99575  1.85%   852 8627s
 10376  8464  841.99575   13  690  857.85637  841.99575  1.85%   854 8722s
 10378  8466  841.99575   14  726  857.85637  841.99575  1.85%   854 8854s
 10382  8466 infeasible   15       857.85637  841.99575  1.85%   855 8983s
 10388  8466  841.99575   16  718  857.85637  841.99575  1.85%   855 9111s
 10396  8474  841.99575   17  723  857.85637  841.99575  1.85%   857 9140s
 10406  8482  841.99575   18  719  857.85637  841.99575  1.85%   857 9186s
 10426  8504  841.99575   19  728  857.85637  841.99575  1.85%   859 9244s
 10458  8521  841.99575   20  682  857.85637  841.99575  1.85%   859 9297s
 10490  8538  841.99575   21  702  857.85637  841.99575  1.85%   861 9358s
 10522  8556  841.99575   22  695  857.85637  841.99575  1.85%   863 9849s
H10526  8130                     856.7843992  841.99575  1.73%   863 9849s
 10554  8166  841.99575   23  748  856.78440  841.99575  1.73%   865 9953s
 10605  8181  841.99575   25  766  856.78440  841.99575  1.73%   867 10023s
 10637  8216  841.99575   26  745  856.78440  841.99575  1.73%   868 10074s
 10687  8245  841.99575   28  706  856.78440  841.99575  1.73%   872 10110s
 10744  8282  841.99575   30  712  856.78440  841.99575  1.73%   873 10187s
 10808  8302  841.99575   32  690  856.78440  841.99575  1.73%   876 10263s
 10858  8321  841.99575   33  606  856.78440  841.99575  1.73%   882 10312s
 10903  8360  842.05343   35  580  856.78440  841.99575  1.73%   890 10375s
 10967  8390  843.05271   39  463  856.78440  841.99575  1.73%   896 10448s
 11025  8454  843.05271   40  451  856.78440  841.99575  1.73%   899 10520s
 11118  8520  843.05271   43  405  856.78440  841.99575  1.73%   904 10620s
 11221  8580 infeasible   47       856.78440  841.99575  1.73%   907 10664s
 11321  8682  844.07812   47  456  856.78440  841.99575  1.73%   911 10730s
 11459  8784  844.08159   50  561  856.78440  841.99575  1.73%   909 10877s
 11631  8852  844.10707   56  565  856.78440  841.99575  1.73%   907 11127s
 11794  8884  844.10879   62  567  856.78440  841.99575  1.73%   906 11326s
 11936  8901  845.15847   64  503  856.78440  841.99575  1.73%   909 11632s
 12081  8915  845.15847   65  449  856.78440  841.99575  1.73%   915 12057s
 12217  8929  845.18805   69  550  856.78440  841.99575  1.73%   922 12245s
 12328  8956  846.26706   72  563  856.78440  841.99575  1.73%   933 12533s
 12442  9019  848.33964   76  494  856.78440  841.99575  1.73%   945 12775s
 12587  9089  848.33964   79  466  856.78440  841.99575  1.73%   953 13831s
 12751  9130  848.38427   82  574  856.78440  841.99575  1.73%   961 14183s
 12900  9108  848.41595   83  613  856.78440  841.99575  1.73%   971 14548s
 12948  9198  849.46726   84  629  856.78440  841.99575  1.73%   976 14887s
 13082  9278 infeasible   89       856.78440  841.99575  1.73%   987 15187s
 13225  9404 infeasible   88       856.78440  841.99575  1.73%   999 15466s
 13444  9533  841.99575   26  668  856.78440  841.99575  1.73%  1006 15808s
 13680  9632  842.03737   33  574  856.78440  841.99575  1.73%  1015 16065s
 13898  9640  844.16799   37  481  856.78440  841.99575  1.73%  1025 16395s
 13995  9761  844.16848   40  560  856.78440  841.99575  1.73%  1035 16927s
 14174  9855  845.18793   46  506  856.78440  841.99575  1.73%  1042 17182s
 14352  9996  846.28015   51  512  856.78440  841.99575  1.73%  1056 17530s
 14612 10195  847.31864   54  486  856.78440  841.99575  1.73%  1062 17730s
 14928 10376  847.33674   57  537  856.78440  841.99575  1.73%  1070 18239s
 15270 10633  849.45119   60  478  856.78440  841.99575  1.73%  1074 18348s
H15563 10078                     855.7408127  841.99575  1.61%  1076 18348s
 15689 10149  841.99575   22  722  855.74081  841.99575  1.61%  1074 18412s
 15970 10258  842.02607   30  552  855.74081  841.99575  1.61%  1082 18499s
 16251 10442  844.13306   36  467  855.74081  841.99575  1.61%  1093 18778s
 16591 10445  845.25520   41  537  855.74081  841.99575  1.61%  1104 18917s
H16608  9894                     854.7008902  841.99575  1.49%  1105 18917s
 16721  9948  845.22872   42  534  854.70089  841.99575  1.49%  1111 19132s
 17010 10001  846.31511   49  537  854.70089  841.99575  1.49%  1126 19239s
 17276 10098  847.36819   54  380  854.70089  841.99575  1.49%  1140 19357s
 17626 10155  849.42578   62  321  854.70089  841.99575  1.49%  1150 19563s
 17873 10268  849.42578   69  480  854.70089  841.99575  1.49%  1168 19728s
 18179 10307 infeasible   71       854.70089  841.99575  1.49%  1185 19919s
 18472 10402  849.42578   71  457  854.70089  841.99575  1.49%  1201 20170s
 18809 10461  850.48439   73  394  854.70089  841.99575  1.49%  1214 20311s
 19113 10537  850.48439   79  384  854.70089  841.99575  1.49%  1230 20505s
 19412 10611 infeasible   80       854.70089  841.99575  1.49%  1251 20854s
 19686 10720  841.99575   33  661  854.70089  841.99575  1.49%  1268 21268s
 20041 10837  843.05878   41  572  854.70089  841.99575  1.49%  1284 21669s
 20464 10915  845.22243   51  419  854.70089  841.99575  1.49%  1296 22138s
 20857 11014  848.39360   63  452  854.70089  841.99575  1.49%  1310 22489s
 21272 11047  850.52223   85  234  854.70089  841.99575  1.49%  1325 22707s
 21660 11309  852.57878  107  308  854.70089  841.99575  1.49%  1337 22944s
 22185 11418  853.62514  158  248  854.70089  841.99575  1.49%  1344 23556s
 22627 11651  853.62514  209  282  854.70089  841.99575  1.49%  1349 24019s
 23142 11759  853.62514  252  322  854.70089  841.99575  1.49%  1361 24489s
 23630 11882  853.62514  263  297  854.70089  841.99575  1.49%  1374 24951s
 24207 12000  841.99575   21  740  854.70089  841.99575  1.49%  1383 25844s
 24731 12160  842.03558   32  576  854.70089  841.99575  1.49%  1401 26584s
 25334 12245  848.55255   51  495  854.70089  841.99575  1.49%  1413 26971s
 25838 12469  842.02422   35  589  854.70089  841.99575  1.49%  1435 27556s
 26394 12682  847.32663   58  439  854.70089  841.99575  1.49%  1452 28257s
 27037 12816  844.13117   39  582  854.70089  841.99575  1.49%  1458 29117s
 27708 13153  849.43996   63  384  854.70089  841.99575  1.49%  1467 29714s
 28487 13208  853.62514  121  261  854.70089  841.99575  1.49%  1480 32561s
 29006 13457 infeasible  173       854.70089  841.99575  1.49%  1499 33624s
 29761 13774  844.13306   50  463  854.70089  841.99575  1.49%  1515 34473s
 30627 13944  848.38198   73  518  854.70089  841.99575  1.49%  1530 35663s
 31613 14233 infeasible   35       854.70089  841.99575  1.49%  1542 37085s
 32585 14362 infeasible   39       854.70089  841.99575  1.49%  1553 38363s
 33254 15050  844.14947   37  547  854.70089  841.99575  1.49%  1572 40058s
 34272 15553  847.46751   55  520  854.70089  841.99575  1.49%  1587 42591s
H34912 13454                     853.6205345  841.99575  1.36%  1602 42592s
 35084 14003  850.61612   65  521  853.62053  841.99575  1.36%  1605 44041s
 36026 14629  844.12843   45  439  853.62053  841.99575  1.36%  1628 44852s
 37018 15381  849.50217   78  520  853.62053  841.99575  1.36%  1651 45840s
 38054 16043  843.02821   37  564  853.62053  841.99575  1.36%  1673 46895s
 39032 16450 infeasible   82       853.62053  841.99575  1.36%  1695 47286s
 39663 17420  844.21591   36  603  853.62053  841.99575  1.36%  1711 48320s
 41016 18699 infeasible   68       853.62053  841.99575  1.36%  1731 49556s
 42789 19839  843.03699   44  503  853.62053  841.99575  1.36%  1742 50627s
 44412 20901  847.28224   73  482  853.62053  841.99575  1.36%  1752 52314s
 46076 22366 infeasible   44       853.62053  841.99575  1.36%  1756 53964s
 48023 23810  845.19365   50  594  853.62053  841.99575  1.36%  1754 55458s
 49888 25247  845.11739   46  474  853.62053  841.99575  1.36%  1761 57721s
 51718 26413 infeasible   79       853.62053  841.99575  1.36%  1764 58943s
 53257 27585  847.36634   57  557  853.62053  841.99575  1.36%  1779 61484s
 54387 27585  853.61787  285  332  853.62053  841.99575  1.36%  1790 61485s
 54827 29001  844.03861   46  478  853.62053  841.99575  1.36%  1793 62999s
 56899 30743  846.17782   87  555  853.62053  841.99575  1.36%  1803 64463s
 59252 32125  849.51233   60  601  853.62053  841.99575  1.36%  1818 65100s
 61184 36516  852.60702  147  368  853.62053  841.99717  1.36%  1820 66138s
 66247 38202  846.29950   46  523  853.62053  842.01074  1.36%  1797 68283s
 68665 40276  844.08515   40  563  853.62053  842.02474  1.36%  1800 70134s
 72098 41728  846.20815   47  396  853.62053  842.03055  1.36%  1796 72423s
 74836 43391  844.16360   38  520  853.62053  842.03386  1.36%  1802 74336s
 77436 44771 infeasible   37       853.62053  842.04030  1.36%  1819 76220s
 79877 45744  844.19304   37  583  853.62053  842.05162  1.36%  1847 77613s
 81371 47907     cutoff   51       853.62053  842.06417  1.35%  1860 81290s
 84645 51093  847.30579   82  471  853.62053  842.06980  1.35%  1873 84672s
 88742 58059  848.33108   50  472  853.62053  843.00373  1.24%  1861 87506s
 97115 60605     cutoff   68       853.62053  843.01163  1.24%  1809 90182s
 101058 65428 infeasible   77       853.62053  843.01163  1.24%  1802 91692s
 106530 67358  853.61787  229  278  853.62053  843.01163  1.24%  1776 94003s
 109815 69090  843.01163   43  478  853.62053  843.01163  1.24%  1779 96963s
 112286 71306  847.23345   70  354  853.62053  843.01163  1.24%  1808 99666s
 115329 73620 infeasible   42       853.62053  843.01163  1.24%  1840 102645s
 119000 75953  846.17983   68  492  853.62053  843.01163  1.24%  1858 105979s
 122554 80230  846.17484   54  449  853.62053  843.01163  1.24%  1867 109430s
 128729 83812  844.11208   47  523  853.62053  843.01163  1.24%  1889 112647s
 133581 87830  848.85146  102  457  853.62053  843.01163  1.24%  1907 114984s
 139346 91357  844.03704   48  473  853.62053  843.01163  1.24%  1909 117826s
 144142 93944 infeasible   52       853.62053  843.01163  1.24%  1927 119182s
 147564 98067  852.55741  153  456  853.62053  843.01163  1.24%  1929 121605s
 154475 101743  847.26560   93  333  853.62053  843.01163  1.24%  1919 123786s
 159262 104691  846.17484   58  380  853.62053  843.01163  1.24%  1935 125501s
 162879 110416  847.28118   74  459  853.62053  843.01163  1.24%  1937 128863s
 169954 113891  848.30552  126  326  853.62053  843.01163  1.24%  1935 131203s
 175132 116496  844.15618   52  551  853.62053  843.01163  1.24%  1938 133953s
 179036 119233  847.26885   62  460  853.62053  843.01163  1.24%  1938 135976s
 183578 123938  844.05799   52  567  853.62053  843.01163  1.24%  1939 137902s
 189567 125897  850.48650   86  478  853.62053  843.01163  1.24%  1930 139777s
 193056 127877  847.30748   68  470  853.62053  843.01163  1.24%  1929 142183s
 196133 130986 infeasible   53       853.62053  843.01163  1.24%  1945 144945s
 200715 135489  844.04030   47  497  853.62053  843.01163  1.24%  1960 147563s
 206550 139620 infeasible  141       853.62053  843.01163  1.24%  1950 150279s
 212234 142696  848.36872  136  557  853.62053  843.01164  1.24%  1935 152391s
 216894 146492  844.04267   53  485  853.62053  843.01196  1.24%  1938 154765s
 221690 148607  848.30552   88  382  853.62053  843.01203  1.24%  1945 156680s
 224806 152949 infeasible   52       853.62053  843.01217  1.24%  1951 159683s
 231146 158630  853.57036  156  391  853.62053  843.01225  1.24%  1953 161206s
 238932 162814 infeasible   58       853.62053  843.01244  1.24%  1931 162442s
H242485 148161                     852.5619214  843.01257  1.12%  1922 162443s
 244029 150996  844.10770   52  464  852.56192  843.01260  1.12%  1919 164348s
 248563 154336  848.35960  105  300  852.56192  843.01272  1.12%  1915 166254s
 253842 156150  850.41458   70  414  852.56192  843.01293  1.12%  1911 167893s
 255994 160660  848.27704   91  347  852.56192  843.01294  1.12%  1917 170344s
 262242 163043 infeasible   67       852.56192  843.01306  1.12%  1921 172671s
 265998 166885  844.05799   51  446  852.56192  843.01306  1.12%  1923 174724s
 269561 166885  847.27312   67  444  852.56192  843.01324  1.12%  1918 174725s
 271331 172249 infeasible  158       852.56192  843.01333  1.12%  1917 177367s
 278880 175168  845.13311   51  472  852.56192  843.01349  1.12%  1906 178812s
 283402 178217  847.26885   70  302  852.56192  843.01378  1.12%  1908 181135s
 287667 180043  844.12704   50  500  852.56192  843.01379  1.12%  1912 183094s
 290308 184273  845.20812   62  532  852.56192  843.01387  1.12%  1919 185803s
 296898 188471  845.08341   49  511  852.56192  843.01395  1.12%  1924 187306s
 302646 194204  844.10770   50  479  852.56192  843.01410  1.12%  1924 189421s
 310356 197954  845.14942   53  491  852.56192  843.01427  1.12%  1913 191565s
 315874 200673  848.43999   98  502  852.56192  843.01432  1.12%  1910 193443s
 320233 203491  845.08351   57  469  852.56192  843.01453  1.12%  1909 195393s
 324858 205960  847.25661   50  499  852.56192  843.01470  1.12%  1907 197118s
 328409 208252  847.27091   70  384  852.56192  843.01472  1.12%  1914 199040s
 332024 212196  851.48963  103  368  852.56192  843.01484  1.12%  1922 201251s
 337365 217082  848.35960   77  481  852.56192  843.01491  1.12%  1923 203304s
 340403 217082  848.29423  100  447  852.56192  843.01491  1.12%  1922 203305s
 343809 219441  850.44774  142  267  852.56192  843.01501  1.12%  1920 205723s
 348195 222572  845.15715   50  520  852.56192  843.01508  1.12%  1920 208031s
 352984 227017  845.15584   58  524  852.56192  843.01520  1.12%  1925 210448s
 359033 230063  849.39178   98  278  852.56192  843.01527  1.12%  1925 212262s
 363552 232041  847.25902   69  463  852.56192  843.01530  1.12%  1927 214140s
 366185 235887  846.17484   56  306  852.56192  843.01539  1.12%  1930 216777s
 372321 238733  845.08340   51  465  852.56192  843.01549  1.12%  1927 218392s
 376894 241793  847.25519   80  419  852.56192  843.01574  1.12%  1929 220621s
 381405 246006  852.54494  123  343  852.56192  843.01574  1.12%  1928 222622s
 387869 248287  846.23766   64  461  852.56192  843.01591  1.12%  1923 224945s
 391457 250237  846.19088   80  541  852.56192  843.01598  1.12%  1926 226664s
 392617 250237  847.26932   67  406  852.56192  843.01598  1.12%  1928 226665s
 394457 252303  847.47491  115  441  852.56192  843.01599  1.12%  1931 229218s
 397591 256414  850.44774  163  309  852.56192  843.01605  1.12%  1931 232813s
 403610 260766  850.44774  163  363  852.56192  843.01612  1.12%  1930 235468s
 408414 260766  848.35960   84  299  852.56192  843.01624  1.12%  1927 235470s
 410436 263425  845.13311   57  439  852.56192  843.01625  1.12%  1926 237027s
 414641 266860  850.49157   93  562  852.56192  843.01630  1.12%  1928 239996s
 419761 270491  847.29615   55  482  852.56192  843.01639  1.12%  1932 242246s
 425452 272398  844.10770   49  477  852.56192  843.01648  1.12%  1931 244769s
 427580 272398  845.08340   51  449  852.56192  843.01648  1.12%  1933 244770s
 428449 276233  847.27091   78  315  852.56192  843.01654  1.12%  1934 246356s
 434128 279814  846.30869   66  463  852.56192  843.01662  1.12%  1935 249020s
 439379 282452  843.02277   41  604  852.56192  843.01678  1.12%  1931 251596s
 443706 286154  848.34763   61  475  852.56192  843.01683  1.12%  1930 253227s
 449344 288934  848.35960   77  255  852.56192  843.01690  1.12%  1929 254805s
 453350 291828  847.25480   73  451  852.56192  843.01696  1.12%  1929 257047s
 457521 295169  849.44062   87  406  852.56192  843.01718  1.12%  1935 258271s
 462435 299653 infeasible  120       852.56192  843.01721  1.12%  1938 260438s
 468680 302433  844.10770   42  441  852.56192  843.01734  1.12%  1937 262315s
 473092 304374  843.02479   48  601  852.56192  843.01739  1.12%  1939 264500s
 476265 308043  845.14156   52  538  852.56192  843.01743  1.12%  1940 266997s
 481588 311322  847.26885   79  315  852.56192  843.01757  1.12%  1945 269876s
 486722 314487     cutoff  138       852.56192  843.01762  1.12%  1948 271906s
 491389 318588  848.29709   80  440  852.56192  843.01769  1.12%  1946 274678s
 497380 323152  848.35960   90  312  852.56192  843.01786  1.12%  1945 277568s
 503903 327504  850.44774  140  338  852.56192  843.01797  1.12%  1943 281031s
 509926 330223 infeasible  167       852.56192  843.01806  1.12%  1941 283049s
 510480 330223  844.07671   46  568  852.56192  843.01807  1.12%  1941 283050s
 514074 332325  850.43102  114  396  852.56192  843.01810  1.12%  1941 285479s
 516314 332325  844.09198   46  519  852.56192  843.01817  1.12%  1942 285480s
 517603 335527  846.16475   54  513  852.56192  843.01820  1.12%  1943 287018s
 521787 337799  844.06453   46  588  852.56192  843.01827  1.12%  1945 288568s
 525394 341768  850.92512   67  489  852.56192  843.01830  1.12%  1946 291614s
 525843 341768 infeasible   58       852.56192  843.01832  1.12%  1946 291615s
 531302 343699  844.05799   48  511  852.56192  843.01841  1.12%  1943 293996s
 535047 345669  848.41351   51  464  852.56192  843.01854  1.12%  1942 297328s
 538704 350530 infeasible   58       852.56192  843.01861  1.12%  1940 300522s
 546324 353175  847.25519   58  407  852.56192  843.01870  1.12%  1938 303310s
 550708 356637  849.39872  111  568  852.56192  843.01882  1.12%  1938 305367s
 555546 358967  850.44774  121  315  852.56192  843.01892  1.12%  1936 307037s
 560001 362048 infeasible   51       852.56192  843.01899  1.12%  1935 310568s
 563434 362048  847.26560   71  323  852.56192  843.01907  1.12%  1934 310570s
 565008 364430  851.48767  106  384  852.56192  843.01911  1.12%  1935 314206s
 569197 366492  844.10770   49  532  852.56192  843.01923  1.12%  1935 316388s
 572516 370424  847.26560   55  533  852.56192  843.01929  1.12%  1934 319893s
 578627 373117  846.17504   68  492  852.56192  843.01942  1.12%  1935 321729s
 582244 377622  848.43549   54  471  852.56192  843.01947  1.12%  1936 325448s
 589162 379748  852.55927  205  323  852.56192  843.01951  1.12%  1935 328292s
 592543 383776  845.08340   54  409  852.56192  843.01960  1.12%  1936 331447s
 598259 387323  850.44774  177  353  852.56192  843.01972  1.12%  1936 333216s
 603741 390086  846.18182   59  492  852.56192  843.01978  1.12%  1935 335357s
 607745 393207  845.13327   53  506  852.56192  843.01986  1.12%  1937 337738s
 612410 396874  849.42963   95  293  852.56192  843.01992  1.12%  1938 339756s
 617772 398608  844.10770   48  486  852.56192  843.02000  1.12%  1937 342045s
 620341 401822  846.17947   58  420  852.56192  843.02007  1.12%  1938 345081s
 625203 404529  850.93117   91  449  852.56192  843.02016  1.12%  1939 348036s
 629589 407673  844.10770   52  453  852.56192  843.02022  1.12%  1941 351059s
 633954 411148  849.38981  103  507  852.56192  843.02025  1.12%  1942 353516s
 638987 412911  847.23046   53  564  852.56192  843.02039  1.12%  1943 357235s
 642086 416828  845.03656   49  555  852.56192  843.02042  1.12%  1943 359964s
 643218 416828  846.17947   54  396  852.56192  843.02048  1.12%  1942 359965s
 648232 419273  848.39608   82  537  852.56192  843.02056  1.12%  1942 363958s
 651610 422679  850.41368  155  427  852.56192  843.02056  1.12%  1944 367511s
 657110 425535 infeasible   89       852.56192  843.02068  1.12%  1947 371476s
 661591 428090  851.54382  139  356  852.56192  843.02076  1.12%  1948 374930s
 666530 430306  851.50636  120  283  852.56192  843.02089  1.12%  1947 378139s
 669853 430306 infeasible   67       852.56192  843.02094  1.12%  1949 378141s
 670177 432216  851.48869   95  423  852.56192  843.02096  1.12%  1950 381916s
 673274 435833 infeasible   54       852.56192  843.02104  1.12%  1950 385646s
 679067 437883 infeasible   92       852.56192  843.02115  1.12%  1949 388696s
 682469 441326  846.25029   51  516  852.56192  843.02120  1.12%  1950 391895s
 687675 445580  846.18011   61  489  852.56192  843.02131  1.12%  1952 396693s
 693873 447656 infeasible  228       852.56192  843.02140  1.12%  1950 400523s
 697629 450593  845.08572   52  498  852.56192  843.02147  1.12%  1953 404662s
 702215 453909 infeasible   75       852.56192  843.02159  1.12%  1957 408777s
 707830 456486  844.10770   53  465  852.56192  843.02166  1.12%  1959 411570s
 712786 459414  844.06353   48  564  852.56192  843.02184  1.12%  1960 416033s
 717883 463008 infeasible   46       852.56192  843.02196  1.12%  1960 418547s
 723047 464762 infeasible  100       852.56192  843.02205  1.12%  1961 420774s
 725668 470555  844.10770   47  446  852.56192  843.02206  1.12%  1963 427474s
 734582 471492 infeasible   57       852.56192  843.02222  1.12%  1966 429464s
 735955 475501  846.17484   59  300  852.56192  843.02222  1.12%  1967 434615s
 741905 478416  852.52976  163  483  852.56192  843.02228  1.12%  1970 438175s
 746992 480697  848.34736   75  447  852.56192  843.02238  1.12%  1973 442246s
 750401 484307  843.06709   48  618  852.56192  843.02247  1.12%  1974 445847s
 756182 485283  850.45306  102  291  852.56192  843.02261  1.12%  1975 448821s
 758128 490753  845.13517   58  499  852.56192  843.02267  1.12%  1976 456825s
 767493 494339  848.35127   78  447  852.56192  843.02292  1.12%  1980 461104s
 770037 494339  847.27123   69  500  852.56192  843.02293  1.12%  1982 461105s
 773397 496331  848.40071   63  468  852.56192  843.02302  1.12%  1983 465066s
 776881 499657  845.13311   55  429  852.56192  843.02320  1.12%  1983 470572s
 782496 503135  849.41348   87  505  852.56192  843.02338  1.12%  1984 476528s
 785229 503135 infeasible   59       852.56192  843.02342  1.12%  1986 476530s
 788240 505869  846.17484   52  327  852.56192  843.02349  1.12%  1986 479762s
 792671 509127  851.54382  127  244  852.56192  843.02361  1.12%  1986 482672s
 797582 510774  844.10770   41  431  852.56192  843.02372  1.12%  1987 486472s
 800389 513607  846.17947   51  400  852.56192  843.02372  1.12%  1989 489597s
 804965 516472  845.13341   56  491  852.56192  843.02385  1.12%  1992 494453s
 809852 518447  852.55581  181  388  852.56192  843.02395  1.12%  1993 497608s
 812898 521876  847.31856   79  320  852.56192  843.02415  1.12%  1995 502166s
 818335 524103  845.13988   55  532  852.56192  843.02416  1.12%  1998 505248s
 822437 526866  843.12503   41  530  852.56192  843.02440  1.12%  2000 508104s
 822804 526866 infeasible   56       852.56192  843.02440  1.12%  2000 508105s
 826653 529422 infeasible   57       852.56192  843.02446  1.12%  2001 512890s
 831316 532486  847.27778   56  508  852.56192  843.02457  1.12%  2002 516412s
 836488 535600  848.36598   78  487  852.56192  843.02477  1.12%  2003 521237s
 841403 538496  848.35384   67  381  852.56192  843.02483  1.12%  2007 525651s
 846562 540073 infeasible   85       852.56192  843.02487  1.12%  2010 528733s
 849314 542196  845.15406   54  607  852.56192  843.02493  1.12%  2013 532364s
 853073 544922  846.18130   63  456  852.56192  843.02495  1.12%  2015 535695s
 857689 548749  848.36492  102  398  852.56192  843.02525  1.12%  2018 540460s
 863249 551455  846.22455   59  404  852.56192  843.02539  1.12%  2019 544311s
 868031 554741  844.06731   49  548  852.56192  843.02552  1.12%  2022 549282s
 873385 556979     cutoff   53       852.56192  843.02568  1.12%  2024 552834s
 874096 556979  847.26885   76  316  852.56192  843.02575  1.12%  2024 552835s
 876818 559520 infeasible   70       852.56192  843.02577  1.12%  2026 557991s
 881383 562100  845.13311   54  471  852.56192  843.02596  1.12%  2030 561080s
 885309 564737 infeasible  106       852.56192  843.02618  1.12%  2032 565291s
 890021 568173 infeasible   49       852.56192  843.02638  1.12%  2034 569682s
 895073 571652  844.07330   49  606  852.56192  843.02643  1.12%  2036 572783s
 900819 573981  850.46525   77  518  852.56192  843.02664  1.12%  2037 577853s
 903410 573981  844.10939   51  601  852.56192  843.02681  1.12%  2038 577855s
 905032 575780  846.20392   57  539  852.56192  843.02687  1.12%  2039 580769s
 905171 575780  846.22455   64  441  852.56192  843.02687  1.12%  2039 580770s
 908409 578208 infeasible   51       852.56192  843.02694  1.12%  2041 585836s
 913217 580090  846.20672   49  464  852.56192  843.02709  1.12%  2043 589258s
 916953 582481  845.17924   51  489  852.56192  843.02733  1.12%  2044 594831s
 921667 584019     cutoff   67       852.56192  843.02779  1.12%  2046 599440s
 924835 586566  851.70297   66  452  852.56192  843.02804  1.12%  2048 604368s
 927377 586566  848.35295   69  419  852.56192  843.02823  1.12%  2048 604370s
 930451 589652 infeasible   77       852.56192  843.02863  1.12%  2049 610045s
 935830 591647  844.10848   42  626  852.56192  843.02894  1.12%  2052 615339s
 936124 591647  844.05089   50  626  852.56192  843.02900  1.12%  2052 615340s
 940196 594169  849.40364   65  356  852.56192  843.02946  1.12%  2056 620347s
 945482 594741  844.11475   45  612  852.56192  843.02988  1.12%  2057 623308s
 947158 599389 infeasible   48       852.56192  843.03026  1.12%  2059 634424s
 956774 599389  850.47151   79  381  852.56192  843.03123  1.12%  2064 634428s
 957180 601783  845.14269   54  600  852.56192  843.03133  1.12%  2065 640658s
 960789 601783  843.03699   46  512  852.56192  843.03182  1.12%  2065 640660s
 962669 604103  847.27091   76  307  852.56192  843.03250  1.12%  2066 645593s
 968145 606141  844.30551   52  535  852.56192  843.03360  1.12%  2068 651636s
 973103 609943  845.15406   52  467  852.56192  843.03502  1.12%  2070 655457s
 978763 612699  848.29512   73  393  852.56192  843.03579  1.12%  2074 658855s
 982528 616976  851.61591  110  371  852.56192  843.03633  1.12%  2076 662735s
 988389 619542  851.52810  143  399  852.56192  843.03699  1.12%  2077 665620s
 992523 622948  847.35770   50  602  852.56192  843.03699  1.12%  2079 668634s
 994052 622948 infeasible   77       852.56192  843.03699  1.12%  2080 668635s
 997147 624783  850.41806  104  393  852.56192  843.03699  1.12%  2082 671583s
 999780 627952  845.10876   47  461  852.56192  843.03699  1.12%  2084 675177s
 1004700 630712 infeasible   47       852.56192  843.03699  1.12%  2087 679578s
 1009093 633677  846.20020   65  392  852.56192  843.03699  1.12%  2091 682776s
 1013006 638794  843.03970   42  596  852.56192  843.03699  1.12%  2094 685466s
 1019889 641234  844.08476   48  584  852.56192  843.03699  1.12%  2095 689286s
 1023376 644555  845.10876   47  442  852.56192  843.03699  1.12%  2097 692065s
 1027887 646406  845.10876   45  500  852.56192  843.03699  1.12%  2100 694840s
 1030627 648300  852.52678  113  336  852.56192  843.03699  1.12%  2101 699767s
 1033793 652571 infeasible   59       852.56192  843.03699  1.12%  2102 702413s
 1039976 655121  846.55538   50  541  852.56192  843.03699  1.12%  2102 704412s
 1043215 658683  847.25519   74  334  852.56192  843.03699  1.12%  2107 709849s
 1048322 661754  843.03873   43  623  852.56192  843.03699  1.12%  2111 713489s
 1049929 661754  845.11522   48  556  852.56192  843.03699  1.12%  2113 713490s
 1052492 664716  848.33936   86  508  852.56192  843.03699  1.12%  2115 715907s
 1056546 669275  852.52678  116  402  852.56192  843.03699  1.12%  2116 721085s
 1063443 672498  844.08335   48  470  852.56192  843.03699  1.12%  2116 724789s
 1068112 672498  850.49745   58  499  852.56192  843.03699  1.12%  2119 724790s
 1068383 678897  848.30508   74  496  852.56192  843.03699  1.12%  2119 728353s
 1076286 682654  852.52678  103  304  852.56192  843.03699  1.12%  2119 730878s
 1081343 684835  844.08335   41  472  852.56192  843.03699  1.12%  2119 733738s
 1084733 687638  846.20020   56  415  852.56192  843.03699  1.12%  2122 737098s
 1088848 690215  843.04652   41  572  852.56192  843.03699  1.12%  2126 740951s
 1092946 694523  845.11045   53  468  852.56192  843.03699  1.12%  2128 744255s
 1098766 697568  851.49854  121  427  852.56192  843.03699  1.12%  2129 748797s
 1102852 701003  852.53696  144  422  852.56192  843.03699  1.12%  2133 751425s
 1107743 704121  846.21752   53  496  852.56192  843.03699  1.12%  2133 753711s
 1112236 707067  847.31957   61  505  852.56192  843.03699  1.12%  2133 757380s
 1116840 710281 infeasible  128       852.56192  843.03699  1.12%  2135 760754s
 1121758 713462 infeasible   88       852.56192  843.03699  1.12%  2135 763180s
 1126500 715673  851.52810  143  329  852.56192  843.03699  1.12%  2134 766986s
 1130490 719193  851.60579   56  532  852.56192  843.03699  1.12%  2136 770388s
 1135478 722559 infeasible  127       852.56192  843.03699  1.12%  2137 772918s
 1140650 725524  851.52810  163  430  852.56192  843.03713  1.12%  2136 776451s
 1145495 728775  846.21910   60  528  852.56192  843.03724  1.12%  2136 779159s
 1150155 732574  849.43996   64  411  852.56192  843.03739  1.12%  2135 782693s
 1155825 734984  846.22803   57  485  852.56192  843.03745  1.12%  2134 786081s
 1159894 737927  846.20020   74  386  852.56192  843.03752  1.12%  2135 788385s
 1164135 740810  849.38460  128  450  852.56192  843.03766  1.12%  2136 790657s
 1168360 743749 infeasible   56       852.56192  843.03784  1.12%  2137 795054s
 1173058 747454  845.10876   63  430  852.56192  843.03789  1.12%  2138 797971s
 1178230 750306  848.45142   52  478  852.56192  843.03807  1.12%  2138 801038s
 1182113 753709  852.54355  126  466  852.56192  843.03809  1.12%  2139 804259s
 1186831 757223  847.29421   54  319  852.56192  843.03824  1.12%  2141 806529s
 1191665 760316  851.52810  115  260  852.56192  843.03826  1.12%  2141 810290s
 1195747 763095  849.43996   76  279  852.56192  843.03833  1.12%  2144 813809s
 1199614 766982  850.53108   90  471  852.56192  843.03841  1.12%  2145 816874s
 1201140 766982 infeasible   49       852.56192  843.03847  1.12%  2145 816875s
 1205467 767911  844.08335   44  526  852.56192  843.03860  1.12%  2144 819455s
 1206760 777956 infeasible   59       852.56192  843.03863  1.12%  2144 831683s
 1224138 781209  846.20277   55  477  852.56192  843.03911  1.12%  2145 835857s
 1229447 783283  846.20020   54  380  852.56192  843.03941  1.12%  2146 839447s
 1232686 786011  851.41709   82  498  852.56192  843.03945  1.12%  2147 845186s
 1238242 787594  844.08751   47  635  852.56192  843.03963  1.12%  2147 847952s
 1240735 793582  847.25180   66  517  852.56192  843.03974  1.12%  2149 856266s
 1249969 796849  845.10876   55  444  852.56192  843.03981  1.12%  2150 860820s
 1255631 799696  847.25776   52  380  852.56192  843.04010  1.12%  2150 865850s
 1260514 802446  846.21623   56  555  852.56192  843.04024  1.12%  2151 869892s
 1264813 804982  848.35167  121  514  852.56192  843.04040  1.12%  2154 874414s
 1264974 804982  846.20133   73  560  852.56192  843.04041  1.12%  2154 874415s
 1269146 807339  845.17138   48  569  852.56192  843.04056  1.12%  2155 878414s
 1270185 807339  846.22631   55  506  852.56192  843.04056  1.12%  2155 878415s
 1272988 810179  845.10876   51  434  852.56192  843.04067  1.12%  2156 882908s
 1277919 813595  845.15997   57  574  852.56192  843.04078  1.12%  2157 887302s
 1283172 815458 infeasible   87       852.56192  843.04095  1.12%  2158 892079s
 1285219 815458  850.49857   97  321  852.56192  843.04098  1.12%  2158 892080s
 1286495 817907  851.78768   80  442  852.56192  843.04102  1.12%  2159 896817s
 1290955 820602  849.42165   57  468  852.56192  843.04130  1.12%  2160 902335s
 1295818 823612  850.47988  101  420  852.56192  843.04142  1.12%  2161 907087s
 1300776 825817  849.43073   66  306  852.56192  843.04151  1.12%  2164 910705s
 1304863 828736 infeasible   71       852.56192  843.04156  1.12%  2165 915895s
 1309581 831700  845.25555   49  520  852.56192  843.04170  1.12%  2166 919276s
 1314710 834664  848.68054   52  581  852.56192  843.04189  1.12%  2166 923869s
 1316771 834664  844.13306   40  473  852.56192  843.04193  1.12%  2166 923870s
 1319731 837311  848.32289   73  484  852.56192  843.04202  1.12%  2166 928617s
 1324229 840376  848.33507   85  453  852.56192  843.04217  1.12%  2166 933134s
 1324965 840376 infeasible   54       852.56192  843.04220  1.12%  2167 933135s
 1329349 843174  843.13733   49  581  852.56192  843.04228  1.12%  2166 937249s
 1332460 843174  844.10866   49  572  852.56192  843.04240  1.12%  2167 937251s
 1333864 845162 infeasible   93       852.56192  843.04246  1.12%  2167 940478s
 1337758 847570  851.82538   61  583  852.56192  843.04252  1.12%  2168 945537s
 1342514 849918  847.25519   54  353  852.56192  843.04278  1.12%  2168 950710s
 1346188 852795  849.43996  105  302  852.56192  843.04289  1.12%  2169 954702s
 1351110 856325  847.24012   58  432  852.56192  843.04299  1.12%  2171 959523s
 1357086 859283  845.10876   50  460  852.56192  843.04315  1.12%  2171 964598s
 1361061 859283  845.10876   49  516  852.56192  843.04326  1.12%  2171 964600s
 1362220 862033  849.34503   76  407  852.56192  843.04330  1.12%  2172 967943s
 1367088 863888  846.20337   49  534  852.56192  843.04347  1.12%  2172 972707s
 1370689 866593  844.09227   51  583  852.56192  843.04364  1.12%  2173 976539s
 1371009 866593  848.32111   66  516  852.56192  843.04366  1.12%  2173 976540s
 1375478 869665  847.20453   62  424  852.56192  843.04373  1.12%  2175 981122s
 1380752 870926  849.41377   59  379  852.56192  843.04389  1.12%  2176 985535s
 1383542 871458  844.16611   42  556  852.56192  843.04395  1.12%  2177 986308s

Cutting planes:
  Learned: 33
  Gomory: 28
  Cover: 1441
  Implied bound: 158
  Projected implied bound: 22
  Clique: 12
  MIR: 1111
  StrongCG: 1
  Flow cover: 3027
  GUB cover: 8
  Inf proof: 40
  Zero half: 4
  RLT: 1985
  Relax-and-lift: 148

Explored 1384491 nodes (3014052560 simplex iterations) in 986309.91 seconds
Thread count was 32 (of 32 available processors)

Solution count 10: 852.562 853.621 854.701 ... 865.349

Solve interrupted
Best objective 8.525619214083e+02, best bound 8.430439529031e+02, gap 1.1164%
