
Gurobi 9.1.0 (linux64) logging started Fri Aug  6 16:07:49 2021

Changed value of parameter LogFile to eab_parasitoid_2_0_0.6_bud.log
   Prev:   Default: 
Changed value of parameter MIPGap to 0.01
   Prev: 0.0001  Min: 0.0  Max: inf  Default: 0.0001
Changed value of parameter Method to 2
   Prev: -1  Min: -1  Max: 5  Default: -1
Changed value of parameter MIPFocus to 2
   Prev: 0  Min: 0  Max: 3  Default: 0
Changed value of parameter RINS to 100
   Prev: -1  Min: -1  Max: 2000000000  Default: -1
Gurobi Optimizer version 9.1.0 build v9.1.0rc0 (linux64)
Thread count: 32 physical cores, 32 logical processors, using up to 32 threads
Optimize a model with 203396 rows, 134935 columns and 685039 nonzeros
Model fingerprint: 0x675e84d3
Variable types: 55779 continuous, 79156 integer (79156 binary)
Coefficient statistics:
  Matrix range     [1e-04, 1e+05]
  Objective range  [1e-06, 1e-01]
  Bounds range     [1e+00, 6e+03]
  RHS range        [1e-04, 1e+05]
Presolve removed 176924 rows and 112519 columns (presolve time = 5s) ...
Presolve removed 186953 rows and 120839 columns (presolve time = 10s) ...
Presolve removed 191851 rows and 125100 columns (presolve time = 15s) ...
Presolve removed 192780 rows and 126091 columns (presolve time = 21s) ...
Presolve removed 192948 rows and 126224 columns (presolve time = 25s) ...
Presolve removed 193306 rows and 126493 columns (presolve time = 30s) ...
Presolve removed 193310 rows and 126495 columns
Presolve time: 30.81s
Presolved: 10086 rows, 8440 columns, 126258 nonzeros
Variable types: 3591 continuous, 4849 integer (4849 binary)
Presolve removed 70 rows and 64 columns
Presolved: 10016 rows, 8376 columns, 125851 nonzeros

Root barrier log...

Ordering time: 1.00s

Barrier statistics:
 Dense cols : 123
 AA' NZ     : 5.428e+05
 Factor NZ  : 2.673e+06 (roughly 30 MBytes of memory)
 Factor Ops : 2.242e+09 (less than 1 second per iteration)
 Threads    : 31

                  Objective                Residual
Iter       Primal          Dual         Primal    Dual     Compl     Time
   0   2.37961678e+03 -1.51422811e+04  5.74e+04 1.97e-01  7.62e+01    34s
   1   1.83630756e+03 -1.79259567e+04  3.81e+04 3.07e-01  5.04e+01    35s
   2   7.80512348e+02 -1.71782807e+04  6.21e+03 8.57e-03  8.82e+00    35s
   3   5.24173270e+02 -1.13987752e+04  7.07e+02 1.99e-12  1.28e+00    35s
   4   4.53417546e+02 -8.27907254e+03  2.25e+02 1.25e-12  5.71e-01    36s
   5   4.18969150e+02 -2.65832096e+03  2.82e+01 3.81e-13  1.50e-01    36s
   6   4.02502322e+02 -4.47485835e+02  1.01e+01 6.79e-14  3.83e-02    36s
   7   3.92093112e+02  2.23114897e+02  9.49e-01 1.26e-14  6.74e-03    37s
   8   3.87711964e+02  3.57107973e+02  1.09e-01 1.75e-15  1.18e-03    37s
   9   3.86436899e+02  3.70798626e+02  2.93e-02 9.37e-16  6.01e-04    37s
  10   3.85733621e+02  3.77926930e+02  2.20e-03 4.79e-16  2.99e-04    38s
  11   3.85311592e+02  3.80671543e+02  9.06e-05 2.46e-16  1.78e-04    38s
  12   3.85106300e+02  3.83470044e+02  4.26e-05 2.22e-16  6.26e-05    38s
  13   3.84958649e+02  3.84404593e+02  1.88e-05 1.11e-16  2.12e-05    39s
  14   3.84866954e+02  3.84686775e+02  4.29e-06 2.22e-16  6.89e-06    39s
  15   3.84846715e+02  3.84749657e+02  1.91e-06 2.22e-16  3.71e-06    39s
  16   3.84838523e+02  3.84791320e+02  9.89e-07 4.44e-16  1.81e-06    40s
  17   3.84833719e+02  3.84812659e+02  4.39e-07 1.76e-16  8.06e-07    40s
  18   3.84831169e+02  3.84821831e+02  1.88e-07 2.22e-16  3.57e-07    40s
  19   3.84829712e+02  3.84827433e+02  4.99e-08 1.11e-16  8.72e-08    40s
  20   3.84829267e+02  3.84828539e+02  1.14e-08 2.22e-16  2.79e-08    41s
  21   3.84829193e+02  3.84828857e+02  5.76e-09 1.67e-16  1.29e-08    41s
  22   3.84829148e+02  3.84828936e+02  2.28e-09 1.11e-16  8.11e-09    41s
  23   3.84829131e+02  3.84829028e+02  1.27e-09 1.11e-16  3.96e-09    42s
  24   3.84829112e+02  3.84829091e+02  6.91e-11 4.44e-16  7.75e-10    42s
  25   3.84829110e+02  3.84829104e+02  1.85e-11 6.87e-14  2.11e-10    42s
  26   3.84829109e+02  3.84829109e+02  5.82e-12 3.85e-13  1.91e-11    43s

Barrier solved model in 26 iterations and 42.51 seconds
Optimal objective 3.84829109e+02


Root crossover log...

     766 DPushes remaining with DInf 0.0000000e+00                43s
       0 DPushes remaining with DInf 0.0000000e+00                43s

    4325 PPushes remaining with PInf 2.5573607e-06                43s
       0 PPushes remaining with PInf 0.0000000e+00                43s

  Push phase complete: Pinf 0.0000000e+00, Dinf 1.0619197e-01     43s


Root simplex log...

Iteration    Objective       Primal Inf.    Dual Inf.      Time
    4845    3.8482911e+02   0.000000e+00   1.061920e-01     43s
    4874    3.8482911e+02   0.000000e+00   0.000000e+00     43s
    4874    3.8482911e+02   0.000000e+00   0.000000e+00     43s

Root relaxation: objective 3.848291e+02, 4874 iterations, 11.79 seconds
Total elapsed time = 45.09s

    Nodes    |    Current Node    |     Objective Bounds      |     Work
 Expl Unexpl |  Obj  Depth IntInf | Incumbent    BestBd   Gap | It/Node Time

     0     0  384.90889    0 1606          -  384.90889      -     -   46s
     0     0  386.99987    0 1563          -  386.99987      -     -   53s
     0     0  387.09431    0 1472          -  387.09431      -     -   59s
     0     0  387.09985    0 1478          -  387.09985      -     -   60s
     0     0  387.09990    0 1480          -  387.09990      -     -   61s
     0     0  387.97182    0 1488          -  387.97182      -     -   77s
     0     0  388.32887    0 1548          -  388.32887      -     -   86s
     0     0  388.37728    0 1550          -  388.37728      -     -   91s
     0     0  388.37944    0 1562          -  388.37944      -     -   92s
     0     0  388.37952    0 1563          -  388.37952      -     -   93s
H    0     0                     399.1434685  388.37952  2.70%     -  115s
H    0     0                     399.1381312  388.37952  2.70%     -  115s
     0     0  388.72425    0 1666  399.13813  388.72425  2.61%     -  116s
H    0     0                     396.4473302  388.72425  1.95%     -  118s
     0     0  388.74075    0 1704  396.44733  388.74075  1.94%     -  121s
     0     0  388.74274    0 1715  396.44733  388.74274  1.94%     -  123s
     0     0  388.74320    0 1716  396.44733  388.74320  1.94%     -  124s
     0     0  389.93788    0 1609  396.44733  389.93788  1.64%     -  133s
     0     0  390.02379    0 1643  396.44733  390.02379  1.62%     -  137s
     0     0  390.02998    0 1639  396.44733  390.02998  1.62%     -  138s
     0     0  390.03225    0 1658  396.44733  390.03225  1.62%     -  140s
     0     0  390.03270    0 1651  396.44733  390.03270  1.62%     -  141s
H    0     0                     393.3362099  390.03270  0.84%     -  149s
     0     0  390.60315    0 1659  393.33621  390.60315  0.69%     -  149s

Cutting planes:
  Learned: 35
  Gomory: 23
  Cover: 96
  Implied bound: 137
  Projected implied bound: 47
  Clique: 27
  MIR: 449
  Flow cover: 1209
  GUB cover: 3
  Zero half: 9
  RLT: 437
  Relax-and-lift: 56

Explored 1 nodes (21193 simplex iterations) in 149.29 seconds
Thread count was 32 (of 32 available processors)

Solution count 4: 393.336 396.447 399.138 399.143 

Optimal solution found (tolerance 1.00e-02)
Best objective 3.933362098558e+02, best bound 3.906031528474e+02, gap 0.6948%

Gurobi 9.1.0 (linux64) logging started Thu Aug 19 21:43:36 2021

Changed value of parameter LogFile to eab_parasitoid_2_0_0.6_bud.log
   Prev:   Default: 
Changed value of parameter MIPGap to 0.01
   Prev: 0.0001  Min: 0.0  Max: inf  Default: 0.0001
Changed value of parameter Method to 2
   Prev: -1  Min: -1  Max: 5  Default: -1
Changed value of parameter MIPFocus to 2
   Prev: 0  Min: 0  Max: 3  Default: 0
Changed value of parameter RINS to 100
   Prev: -1  Min: -1  Max: 2000000000  Default: -1
Changed value of parameter SolutionLimit to 1
   Prev: 2000000000  Min: 1  Max: 2000000000  Default: 2000000000
Gurobi Optimizer version 9.1.0 build v9.1.0rc0 (linux64)
Thread count: 32 physical cores, 32 logical processors, using up to 32 threads
Optimize a model with 203396 rows, 134935 columns and 685039 nonzeros
Model fingerprint: 0xf4c18b96
Variable types: 55779 continuous, 79156 integer (79156 binary)
Coefficient statistics:
  Matrix range     [1e-04, 1e+05]
  Objective range  [1e-06, 1e-01]
  Bounds range     [1e+00, 6e+03]
  RHS range        [1e-04, 1e+05]

User MIP start produced solution with objective 395.437 (13.85s)
User MIP start produced solution with objective 393.331 (14.05s)
Loaded user MIP start with objective 393.331
Processed MIP start in 14.13 seconds


Explored 0 nodes (0 simplex iterations) in 14.24 seconds
Thread count was 1 (of 32 available processors)

Solution count 3: 393.331 

Solution limit reached
Best objective 3.933307940902e+02, best bound -, gap -
