
Gurobi 9.1.0 (linux64) logging started Fri Aug  6 09:00:08 2021

Changed value of parameter LogFile to eab_parasitoid_1_1_0.2_bud.log
   Prev:   Default: 
Changed value of parameter MIPGap to 0.01
   Prev: 0.0001  Min: 0.0  Max: inf  Default: 0.0001
Changed value of parameter Method to 2
   Prev: -1  Min: -1  Max: 5  Default: -1
Changed value of parameter MIPFocus to 2
   Prev: 0  Min: 0  Max: 3  Default: 0
Changed value of parameter RINS to 100
   Prev: -1  Min: -1  Max: 2000000000  Default: -1
Gurobi Optimizer version 9.1.0 build v9.1.0rc0 (linux64)
Thread count: 32 physical cores, 32 logical processors, using up to 32 threads
Optimize a model with 203396 rows, 134935 columns and 685039 nonzeros
Model fingerprint: 0x288870a7
Variable types: 55779 continuous, 79156 integer (79156 binary)
Coefficient statistics:
  Matrix range     [2e-04, 6e+05]
  Objective range  [1e-06, 1e-01]
  Bounds range     [1e+00, 6e+03]
  RHS range        [1e-04, 6e+05]
Presolve removed 158376 rows and 102577 columns (presolve time = 5s) ...
Presolve removed 176940 rows and 112524 columns (presolve time = 11s) ...
Presolve removed 180529 rows and 115501 columns (presolve time = 15s) ...
Presolve removed 188609 rows and 123131 columns (presolve time = 20s) ...
Presolve removed 189648 rows and 123571 columns (presolve time = 25s) ...
Presolve removed 190203 rows and 124069 columns (presolve time = 30s) ...
Presolve removed 191323 rows and 125118 columns (presolve time = 35s) ...
Presolve removed 191778 rows and 125592 columns (presolve time = 41s) ...
Presolve removed 192640 rows and 126158 columns (presolve time = 45s) ...
Presolve removed 192744 rows and 126194 columns
Presolve time: 48.70s
Presolved: 10652 rows, 8741 columns, 137250 nonzeros
Variable types: 3603 continuous, 5138 integer (5135 binary)
Presolve removed 34 rows and 29 columns
Presolved: 10618 rows, 8712 columns, 137170 nonzeros

Root barrier log...

Ordering time: 1.34s

Barrier statistics:
 Dense cols : 141
 AA' NZ     : 5.910e+05
 Factor NZ  : 2.869e+06 (roughly 30 MBytes of memory)
 Factor Ops : 2.464e+09 (less than 1 second per iteration)
 Threads    : 31

                  Objective                Residual
Iter       Primal          Dual         Primal    Dual     Compl     Time
   0   4.00915207e+03 -2.10273752e+04  7.33e+04 2.69e-01  1.13e+02    54s
   1   2.98988320e+03 -2.54931034e+04  5.08e+04 3.27e-01  7.84e+01    54s
   2   1.04569729e+03 -2.46679046e+04  7.91e+03 1.88e-02  1.29e+01    54s
   3   6.30721392e+02 -1.51986120e+04  7.02e+02 2.82e-13  1.51e+00    55s
   4   5.16668222e+02 -6.32671822e+03  2.49e+02 7.55e-15  4.62e-01    55s
   5   4.46094466e+02 -1.74252902e+03  6.58e+01 3.39e-15  1.08e-01    55s
   6   4.22507294e+02 -5.77192335e+02  2.10e+01 1.28e-15  4.21e-02    55s
   7   4.10590628e+02  2.77114553e+01  2.66e+00 1.33e-15  1.44e-02    56s
   8   4.05276571e+02  3.36024620e+02  1.78e-01 1.78e-15  2.54e-03    56s
   9   4.02791406e+02  3.70627242e+02  9.33e-03 8.22e-16  1.17e-03    56s
  10   4.01997890e+02  3.84799203e+02  4.17e-04 8.88e-16  6.27e-04    56s
  11   4.01140842e+02  3.93501841e+02  1.95e-04 3.22e-16  2.78e-04    56s
  12   4.00517041e+02  3.96983859e+02  7.59e-05 1.28e-16  1.29e-04    57s
  13   4.00295830e+02  3.98040678e+02  4.16e-05 1.78e-15  8.21e-05    57s
  14   4.00105649e+02  3.99242176e+02  1.56e-05 4.44e-16  3.14e-05    57s
  15   4.00018442e+02  3.99500201e+02  6.41e-06 2.22e-16  1.89e-05    58s
  16   4.00001693e+02  3.99718321e+02  5.01e-06 2.22e-16  1.03e-05    58s
  17   3.99980799e+02  3.99790300e+02  3.12e-06 2.22e-16  6.94e-06    58s
  18   3.99975993e+02  3.99838689e+02  2.60e-06 2.22e-16  5.00e-06    58s
  19   3.99955963e+02  3.99888250e+02  1.11e-06 6.66e-16  2.47e-06    59s
  20   3.99953286e+02  3.99926198e+02  9.14e-07 2.22e-16  9.86e-07    59s
  21   3.99948730e+02  3.99926890e+02  5.76e-07 1.11e-16  7.95e-07    59s
  22   3.99947082e+02  3.99930904e+02  4.50e-07 1.11e-16  5.89e-07    59s
  23   3.99943497e+02  3.99936338e+02  1.83e-07 1.67e-16  2.61e-07    60s
  24   3.99941677e+02  3.99939174e+02  4.59e-08 2.22e-16  9.11e-08    60s
  25   3.99941476e+02  3.99940161e+02  3.07e-08 1.11e-16  4.79e-08    60s
  26   3.99941221e+02  3.99940792e+02  1.13e-08 2.89e-15  1.56e-08    60s
  27   3.99941101e+02  3.99940985e+02  2.63e-09 2.89e-15  4.22e-09    61s
  28   3.99941086e+02  3.99941028e+02  1.58e-09 2.89e-15  2.12e-09    61s
  29   3.99941072e+02  3.99941044e+02  6.54e-10 4.44e-16  9.91e-10    61s
  30   3.99941067e+02  3.99941052e+02  3.73e-10 5.55e-17  5.49e-10    61s
  31   3.99941062e+02  3.99941060e+02  3.71e-11 1.78e-15  7.64e-11    62s

Barrier solved model in 31 iterations and 61.71 seconds
Optimal objective 3.99941062e+02


Root crossover log...

     696 DPushes remaining with DInf 0.0000000e+00                62s
       0 DPushes remaining with DInf 0.0000000e+00                62s

    5110 PPushes remaining with PInf 1.1063826e-05                62s
       0 PPushes remaining with PInf 0.0000000e+00                63s

  Push phase complete: Pinf 0.0000000e+00, Dinf 2.8994439e-01     63s


Root simplex log...

Iteration    Objective       Primal Inf.    Dual Inf.      Time
    5624    3.9994106e+02   0.000000e+00   2.899444e-01     63s
    5665    3.9994106e+02   0.000000e+00   0.000000e+00     63s
    5665    3.9994106e+02   0.000000e+00   0.000000e+00     63s

Root relaxation: objective 3.999411e+02, 5665 iterations, 12.99 seconds
Total elapsed time = 65.02s

    Nodes    |    Current Node    |     Objective Bounds      |     Work
 Expl Unexpl |  Obj  Depth IntInf | Incumbent    BestBd   Gap | It/Node Time

     0     0  415.61055    0 2148          -  415.61055      -     -   66s
     0     0  421.25244    0 2041          -  421.25244      -     -   90s
     0     0  423.61989    0 2092          -  423.61989      -     -  120s
     0     0  423.64301    0 2076          -  423.64301      -     -  124s
     0     0  423.64385    0 2070          -  423.64385      -     -  126s
     0     0  431.33142    0 2001          -  431.33142      -     -  170s
H    0     0                     526.3108383  431.33142  18.0%     -  202s
     0     0  449.20716    0 1957  526.31084  449.20716  14.6%     -  203s
H    0     0                     526.2994577  449.20716  14.6%     -  217s
     0     0  449.30227    0 1905  526.29946  449.30227  14.6%     -  218s
     0     0  449.30227    0 1913  526.29946  449.30227  14.6%     -  224s
     0     0  449.30227    0 1919  526.29946  449.30227  14.6%     -  226s
     0     0  449.30227    0 1893  526.29946  449.30227  14.6%     -  256s
     0     0  449.30227    0 1953  526.29946  449.30227  14.6%     -  271s
     0     0  449.30227    0 1933  526.29946  449.30227  14.6%     -  280s
     0     0  449.30227    0 1930  526.29946  449.30227  14.6%     -  283s
H    0     0                     481.8030377  449.30227  6.75%     -  315s
H    0     0                     481.7841036  449.30227  6.74%     -  315s
     0     0  449.30227    0 1871  481.78410  449.30227  6.74%     -  315s
H    0     0                     481.7837435  449.30227  6.74%     -  317s
     0     0  452.17674    0 1955  481.78374  452.17674  6.15%     -  328s
     0     0  452.17674    0 1970  481.78374  452.17674  6.15%     -  335s
     0     0  452.17674    0 1972  481.78374  452.17674  6.15%     -  338s
     0     0  453.07114    0 1971  481.78374  453.07114  5.96%     -  389s
     0     0  453.07114    0 1962  481.78374  453.07114  5.96%     -  402s
     0     0  453.07114    0 1986  481.78374  453.07114  5.96%     -  414s
     0     0  453.24929    0 1971  481.78374  453.24929  5.92%     -  430s
     0     0  453.24929    0 1998  481.78374  453.24929  5.92%     -  443s
H    0     0                     481.7831197  453.24929  5.92%     -  498s
     0     0  455.30286    0 1965  481.78312  455.30286  5.50%     -  524s
     0     0  455.47613    0 1975  481.78312  455.47613  5.46%     -  538s
     0     0  455.55780    0 1963  481.78312  455.55780  5.44%     -  553s
     0     0  455.56586    0 1981  481.78312  455.56586  5.44%     -  573s
     0     0  462.55836    0 1910  481.78312  462.55836  3.99%     -  652s
     0     0  462.73922    0 1940  481.78312  462.73922  3.95%     -  701s
     0     0  462.76245    0 1960  481.78312  462.76245  3.95%     -  713s
H    0     0                     481.5339782  462.76245  3.90%     -  722s
H    0     0                     481.5339778  462.76245  3.90%     -  752s
     0     0  468.83346    0 1971  481.53398  468.83346  2.64%     -  752s
     0     0  468.84747    0 1949  481.53398  468.84747  2.63%     -  765s
     0     0  468.88337    0 2001  481.53398  468.88337  2.63%     -  786s
     0     0  468.88337    0 2000  481.53398  468.88337  2.63%     -  791s
H    0     0                     481.3862163  468.88337  2.60%     -  906s
     0     2  468.88337    0 2000  481.38622  468.88337  2.60%     -  908s
     1     4  477.06988    1 1785  481.38622  468.88337  2.60%  3073  919s
     3     4 infeasible    2       481.38622  469.52516  2.46%  1949  925s
    11    16  474.58945    4 1728  481.38622  472.00690  1.95%  1674  933s
    19    32  475.92483    5 1729  481.38622  472.15223  1.92%  1913  945s
    35    38     cutoff    6       481.38622  472.60135  1.82%  2256  963s
    67    46  477.40120    7 1667  481.38622  476.05292  1.11%  2565 1007s
    99    50     cutoff    8       481.38622  476.08149  1.10%  2281 1053s
   131    78  476.12520    9 1654  481.38622  476.10739  1.10%  2231 1089s
H  163   103                     481.2975488  476.12524  1.07%  2189 1149s
H  174   103                     481.2767932  476.12527  1.07%  2179 1150s
   195   135  476.37954   11 1619  481.27679  476.12527  1.07%  2176 1187s
H  237   161                     481.2767907  476.12527  1.07%  1947 1458s
H  238   161                     481.2753940  476.12527  1.07%  1943 1458s
H  241   161                     481.2377871  476.12527  1.06%  1929 1458s
H  258   161                     481.2302566  476.12527  1.06%  1846 1458s
H  269   186                     481.2154282  476.12527  1.06%  1803 1540s
H  270   186                     481.2074106  476.12527  1.06%  1796 1540s
   304   231  476.98222   15 1628  481.20741  476.12527  1.06%  1670 1572s
   359   286  477.11964   16 1635  481.20741  476.12527  1.06%  1504 1604s
   426   347  477.12035   17 1631  481.20741  476.12527  1.06%  1337 1640s
   494   378  477.14350   20 1675  481.20741  476.12527  1.06%  1227 1679s
   545   421  477.67511   23 1622  481.20741  476.12527  1.06%  1179 1715s
   615   444  478.13491   24 1590  481.20741  476.12527  1.06%  1117 1747s
   675   478  478.14235   25 1584  481.20741  476.12527  1.06%  1087 1784s
   740   505  479.97179   28 1541  481.20741  476.12527  1.06%  1051 1818s
   816   564  480.12363   33 1548  481.20741  476.12527  1.06%  1013 1846s
   911   639  480.48478   39 1528  481.20741  476.12527  1.06%   956 1873s
  1012   702  480.85427   44 1522  481.20741  476.12527  1.06%   903 1899s
  1065   702  480.73671   16 1668  481.20741  476.12527  1.06%   867 1900s
  1125   806  481.06375   51 1507  481.20741  476.12527  1.06%   851 1921s
  1260   872  481.07377   56 1517  481.20741  476.12527  1.06%   793 1942s
  1395   957  481.13102   60 1497  481.20741  476.12527  1.06%   750 2023s
  1522  1086     cutoff   59       481.20741  476.37717  1.00%   711 2046s
  1713  1196  477.52592   11 1631  481.20741  476.37717  1.00%   661 2071s
  1860  1366  477.52790   12 1576  481.20741  476.37717  1.00%   637 2094s
  2092  1531  478.61290   15 1586  481.20741  476.37717  1.00%   591 2143s
H 2139  1531                     481.1966875  476.37717  1.00%   581 2143s
  2299  1582  478.84925   21 1597  481.19669  476.37717  1.00%   556 2706s
  2363  1892  479.79358   23 1564  481.19669  476.37717  1.00%   552 2767s
  2712  2226  480.08149   34 1571  481.19669  476.37717  1.00%   496 2835s
  3092  2227  480.75278   46 2000  481.19669  476.37717  1.00%   449 3389s
  3094  2228  480.46513   93 2183  481.19669  476.37717  1.00%   448 3403s
  3095  2229  479.52327   40 1978  481.19669  476.37717  1.00%   448 3412s
  3097  2230  480.50053   42 1789  481.19669  476.37717  1.00%   448 3419s
  3098  2231  480.87427   77 1747  481.19669  476.37717  1.00%   448 3424s
  3099  2232  480.62517   67 1738  481.19669  476.37717  1.00%   448 3433s
  3100  2232  479.64416   55 1749  481.19669  476.37717  1.00%   448 3441s
  3101  2233  480.90352   56 1754  481.19669  476.37717  1.00%   447 3447s
  3102  2234  480.67103   72 1772  481.19669  476.37717  1.00%   447 3452s
  3103  2234  479.90909   17 1799  481.19669  476.37717  1.00%   447 3460s
  3104  2235  480.62706   59 1643  481.19669  476.37717  1.00%   447 3529s
  3105  2236  479.77256   18 1585  481.19669  476.37717  1.00%   447 3536s
  3106  2236  480.52800  118 1690  481.19669  476.37717  1.00%   447 3541s
  3107  2237  477.43014    9 1674  481.19669  476.37717  1.00%   447 3563s
  3108  2238  478.42910   24 1678  481.19669  476.37717  1.00%   446 3611s
  3109  2238  480.46391   49 1661  481.19669  476.37717  1.00%   446 3628s
  3110  2239  479.93564   58 1659  481.19669  476.37717  1.00%   446 3661s
  3111  2240  480.58897   49 1647  481.19669  476.37717  1.00%   446 3679s
  3112  2240  478.75398   28 1647  481.19669  476.37717  1.00%   446 3880s
  3113  2243  477.93133   10 1672  481.19669  476.37717  1.00%   460 4173s
  3115  2243     cutoff   11       481.19669  476.37717  1.00%   461 4693s
  3118  2243  476.37717   12 1649  481.19669  476.37717  1.00%   461 4823s
  3122  2247  476.80628   13 1624  481.19669  476.37717  1.00%   464 4836s
  3127  2252  478.34753   14 1655  481.19669  476.37717  1.00%   467 4840s
  3137  2254  479.73657   15 1676  481.19669  476.37717  1.00%   468 4847s
  3154  2250     cutoff   16       481.19669  476.37717  1.00%   468 4861s

Cutting planes:
  Learned: 33
  Gomory: 51
  Cover: 108
  Implied bound: 74
  Projected implied bound: 113
  Clique: 15
  MIR: 416
  StrongCG: 2
  Flow cover: 2169
  GUB cover: 4
  Zero half: 39
  RLT: 1180
  Relax-and-lift: 246

Explored 3176 nodes (1576691 simplex iterations) in 4863.36 seconds
Thread count was 32 (of 32 available processors)

Solution count 10: 481.197 481.207 481.215 ... 481.386

Optimal solution found (tolerance 1.00e-02)
Best objective 4.811966825132e+02, best bound 4.766475797719e+02, gap 0.9454%

Gurobi 9.1.0 (linux64) logging started Thu Aug 19 21:20:35 2021

Changed value of parameter LogFile to eab_parasitoid_1_1_0.2_bud.log
   Prev:   Default: 
Changed value of parameter MIPGap to 0.01
   Prev: 0.0001  Min: 0.0  Max: inf  Default: 0.0001
Changed value of parameter Method to 2
   Prev: -1  Min: -1  Max: 5  Default: -1
Changed value of parameter MIPFocus to 2
   Prev: 0  Min: 0  Max: 3  Default: 0
Changed value of parameter RINS to 100
   Prev: -1  Min: -1  Max: 2000000000  Default: -1
Changed value of parameter SolutionLimit to 1
   Prev: 2000000000  Min: 1  Max: 2000000000  Default: 2000000000
Gurobi Optimizer version 9.1.0 build v9.1.0rc0 (linux64)
Thread count: 32 physical cores, 32 logical processors, using up to 32 threads
Optimize a model with 203396 rows, 134935 columns and 685039 nonzeros
Model fingerprint: 0x16a1f3bf
Variable types: 55779 continuous, 79156 integer (79156 binary)
Coefficient statistics:
  Matrix range     [2e-04, 6e+05]
  Objective range  [1e-06, 1e-01]
  Bounds range     [1e+00, 6e+03]
  RHS range        [1e-04, 6e+05]

User MIP start produced solution with objective 481.696 (13.51s)
User MIP start produced solution with objective 481.618 (13.66s)
User MIP start produced solution with objective 481.197 (13.98s)
Loaded user MIP start with objective 481.197
Processed MIP start in 14.07 seconds


Explored 0 nodes (0 simplex iterations) in 14.17 seconds
Thread count was 1 (of 32 available processors)

Solution count 4: 481.197 

Solution limit reached
Best objective 4.811966628729e+02, best bound -, gap -
