
Gurobi 9.1.0 (linux64) logging started Thu Aug  5 22:12:19 2021

Changed value of parameter LogFile to eab_parasitoid_0.4_0_0_area_street.log
   Prev:   Default: 
Changed value of parameter MIPGap to 0.01
   Prev: 0.0001  Min: 0.0  Max: inf  Default: 0.0001
Changed value of parameter Method to 2
   Prev: -1  Min: -1  Max: 5  Default: -1
Changed value of parameter MIPFocus to 2
   Prev: 0  Min: 0  Max: 3  Default: 0
Changed value of parameter RINS to 100
   Prev: -1  Min: -1  Max: 2000000000  Default: -1
Gurobi Optimizer version 9.1.0 build v9.1.0rc0 (linux64)
Thread count: 32 physical cores, 32 logical processors, using up to 32 threads
Optimize a model with 203386 rows, 134930 columns and 685029 nonzeros
Model fingerprint: 0x0c03b5f8
Variable types: 55774 continuous, 79156 integer (79156 binary)
Coefficient statistics:
  Matrix range     [2e-04, 1e+06]
  Objective range  [6e-07, 4e-01]
  Bounds range     [1e+00, 6e+03]
  RHS range        [1e-04, 1e+06]
Presolve removed 168834 rows and 104159 columns (presolve time = 5s) ...
Presolve removed 181220 rows and 116445 columns (presolve time = 10s) ...
Presolve removed 190634 rows and 124860 columns (presolve time = 15s) ...
Presolve removed 195153 rows and 128102 columns (presolve time = 20s) ...
Presolve removed 195152 rows and 128103 columns
Presolve time: 20.14s
Presolved: 8234 rows, 6827 columns, 113842 nonzeros
Variable types: 2731 continuous, 4096 integer (4095 binary)
Presolve removed 20 rows and 14 columns
Presolved: 8214 rows, 6813 columns, 113785 nonzeros

Root barrier log...

Ordering time: 0.65s

Barrier statistics:
 Dense cols : 127
 AA' NZ     : 4.938e+05
 Factor NZ  : 2.106e+06 (roughly 23 MBytes of memory)
 Factor Ops : 1.562e+09 (less than 1 second per iteration)
 Threads    : 31

                  Objective                Residual
Iter       Primal          Dual         Primal    Dual     Compl     Time
   0   3.55108288e+05 -1.00850630e+06  2.51e+04 5.12e-01  5.37e+03    23s
   1   2.42871913e+05 -1.18328035e+06  1.70e+04 2.89e+01  3.50e+03    23s
   2   1.82154062e+04 -1.18838616e+06  1.07e+03 4.18e-11  2.79e+02    23s
   3   2.66529333e+03 -5.58067703e+05  1.12e+02 1.31e-12  4.29e+01    23s
   4   9.36053927e+02 -1.08544755e+05  4.89e+00 8.05e-13  5.38e+00    24s
   5   8.28035439e+02 -2.46810525e+04  5.95e-05 8.24e-13  1.18e+00    24s
   6   7.97460884e+02 -3.75402559e+03  1.80e-05 3.06e-13  2.11e-01    24s
   7   7.46122165e+02 -2.53603335e+02  5.62e-06 2.84e-14  4.63e-02    24s
   8   7.11679365e+02  3.47038623e+02  2.20e-06 2.04e-14  1.69e-02    24s
   9   6.90118639e+02  5.84434334e+02  4.84e-07 1.42e-14  4.90e-03    24s
  10   6.83642381e+02  6.41623655e+02  1.57e-07 1.42e-14  1.95e-03    24s
  11   6.81211204e+02  6.64111861e+02  7.32e-08 1.42e-14  7.93e-04    25s
  12   6.80099118e+02  6.70280487e+02  4.05e-08 1.42e-14  4.55e-04    25s
  13   6.79399351e+02  6.73828419e+02  2.19e-08 1.42e-14  2.58e-04    25s
  14   6.79295101e+02  6.74720553e+02  1.83e-08 1.42e-14  2.12e-04    25s
  15   6.78848928e+02  6.76742298e+02  7.91e-09 1.42e-14  9.77e-05    25s
  16   6.78595868e+02  6.77538124e+02  2.63e-09 1.42e-14  4.90e-05    25s
  17   6.78479236e+02  6.78171668e+02  1.03e-09 1.42e-14  1.43e-05    25s
  18   6.78472204e+02  6.78235271e+02  9.19e-10 1.42e-14  1.10e-05    26s
  19   6.78441237e+02  6.78303965e+02  5.43e-10 1.42e-14  6.36e-06    26s
  20   6.78413545e+02  6.78338370e+02  1.99e-10 1.42e-14  3.48e-06    26s
  21   6.78407904e+02  6.78357340e+02  1.42e-10 1.42e-14  2.34e-06    26s
  22   6.78403317e+02  6.78378889e+02  9.41e-11 1.42e-14  1.13e-06    26s
  23   6.78397265e+02  6.78389533e+02  3.27e-11 1.42e-14  3.58e-07    26s
  24   6.78394616e+02  6.78392638e+02  4.21e-12 1.42e-14  9.17e-08    27s
  25   6.78394329e+02  6.78393452e+02  1.60e-12 7.11e-15  4.07e-08    27s
  26   6.78394270e+02  6.78393853e+02  1.09e-12 1.42e-14  1.93e-08    27s
  27   6.78394190e+02  6.78394039e+02  4.33e-13 1.42e-14  7.04e-09    27s
  28   6.78394139e+02  6.78394112e+02  6.86e-14 1.42e-14  1.24e-09    27s
  29   6.78394136e+02  6.78394132e+02  5.17e-14 1.42e-14  1.56e-10    27s
  30   6.78394135e+02  6.78394135e+02  5.15e-14 1.42e-14  1.34e-11    27s

Barrier solved model in 30 iterations and 27.27 seconds
Optimal objective 6.78394135e+02


Root crossover log...

     641 DPushes remaining with DInf 0.0000000e+00                27s
       0 DPushes remaining with DInf 0.0000000e+00                27s

    2998 PPushes remaining with PInf 2.0046605e-06                27s
       0 PPushes remaining with PInf 0.0000000e+00                28s

  Push phase complete: Pinf 0.0000000e+00, Dinf 1.5946984e-02     28s


Root simplex log...

Iteration    Objective       Primal Inf.    Dual Inf.      Time
    3449    6.7839414e+02   0.000000e+00   1.594698e-02     28s
    3461    6.7839414e+02   0.000000e+00   0.000000e+00     28s
    3461    6.7839414e+02   0.000000e+00   0.000000e+00     28s

Root relaxation: objective 6.783941e+02, 3461 iterations, 6.73 seconds

    Nodes    |    Current Node    |     Objective Bounds      |     Work
 Expl Unexpl |  Obj  Depth IntInf | Incumbent    BestBd   Gap | It/Node Time

     0     0  678.39414    0 1546          -  678.39414      -     -   29s
     0     0  680.28083    0 1863          -  680.28083      -     -   34s
     0     0  681.08208    0 1981          -  681.08208      -     -   39s
     0     0  681.10551    0 1981          -  681.10551      -     -   40s
     0     0  681.10917    0 1985          -  681.10917      -     -   41s
     0     0  681.10921    0 1984          -  681.10921      -     -   41s
     0     0  682.18484    0 1845          -  682.18484      -     -   49s
H    0     0                     738.5193491  682.18484  7.63%     -   60s
H    0     0                     738.5130843  682.18484  7.63%     -   60s
     0     0  682.50005    0 1828  738.51308  682.50005  7.58%     -   64s
H    0     0                     738.4416621  682.50005  7.58%     -   68s
     0     0  682.53553    0 1770  738.44166  682.53553  7.57%     -   78s
     0     0  682.53931    0 1790  738.44166  682.53931  7.57%     -   81s
     0     0  682.54009    0 1788  738.44166  682.54009  7.57%     -   82s
     0     0  683.04670    0 1716  738.44166  683.04670  7.50%     -  107s
     0     0  683.13383    0 1680  738.44166  683.13383  7.49%     -  123s
     0     0  683.14908    0 1694  738.44166  683.14908  7.49%     -  125s
     0     0  683.15405    0 1697  738.44166  683.15405  7.49%     -  126s
     0     0  683.15428    0 1702  738.44166  683.15428  7.49%     -  127s
     0     0  683.34529    0 1602  738.44166  683.34529  7.46%     -  144s
H    0     0                     738.0337762  683.34529  7.41%     -  145s
     0     0  683.39100    0 1619  738.03378  683.39100  7.40%     -  154s
     0     0  683.39984    0 1617  738.03378  683.39984  7.40%     -  157s
     0     0  683.40107    0 1617  738.03378  683.40107  7.40%     -  159s
     0     0  683.48971    0 1572  738.03378  683.48971  7.39%     -  173s
H    0     0                     720.6206988  683.48971  5.15%     -  176s
     0     0  683.50563    0 1542  720.62070  683.50563  5.15%     -  190s
     0     0  683.50728    0 1548  720.62070  683.50728  5.15%     -  191s
     0     0  684.19923    0 1586  720.62070  684.19923  5.05%     -  215s
     0     0  684.34643    0 1572  720.62070  684.34643  5.03%     -  230s
     0     0  684.35442    0 1596  720.62070  684.35442  5.03%     -  242s
     0     0  684.35597    0 1578  720.62070  684.35597  5.03%     -  250s
H    0     0                     716.2527499  684.35597  4.45%     -  260s
H    0     0                     716.2527005  684.35597  4.45%     -  260s
H    0     0                     716.2525294  684.35597  4.45%     -  260s
H    0     0                     716.2522099  684.35597  4.45%     -  260s
     0     0  684.66475    0 1566  716.25221  684.66475  4.41%     -  293s
     0     0  684.70475    0 1562  716.25221  684.70475  4.40%     -  296s
     0     0  684.71188    0 1567  716.25221  684.71188  4.40%     -  298s
     0     0  684.71309    0 1569  716.25221  684.71309  4.40%     -  299s
     0     0  684.82164    0 1553  716.25221  684.82164  4.39%     -  319s
     0     0  684.83423    0 1563  716.25221  684.83423  4.39%     -  323s
     0     0  684.83703    0 1560  716.25221  684.83703  4.39%     -  325s
     0     0  684.86665    0 1564  716.25221  684.86665  4.38%     -  340s
     0     0  684.86665    0 1563  716.25221  684.86665  4.38%     -  343s
H    0     0                     716.2478813  684.86665  4.38%     -  349s
H    0     0                     711.2459200  684.86665  3.71%     - 1010s
     0     2  684.86665    0 1563  711.24592  684.86665  3.71%     - 1014s
     1     4  687.77050    1 1537  711.24592  684.86720  3.71%  1583 1021s
     3     8  690.71113    2 1539  711.24592  685.40724  3.63%  1435 1067s
     7    16  690.89232    3 1509  711.24592  685.45973  3.63%  1415 1083s
    15    32  691.09393    4 1521  711.24592  685.64918  3.60%  1616 1108s
    31    40 infeasible    5       711.24592  685.85981  3.57%  2532 1476s
H   35    40                     711.2459175  685.85981  3.57%  2590 1476s
H   36    40                     711.2458955  685.85981  3.57%  2645 1476s
H   41    40                     711.2458901  685.85981  3.57%  3376 1476s
H   42    40                     711.2458851  685.85981  3.57%  3411 1476s
H   50    40                     711.2458790  685.94500  3.56%  3549 1476s
H   55    40                     711.2458780  686.30440  3.51%  3465 1477s
    63    34  686.69321    6 1481  711.24588  686.30440  3.51%  3427 2419s
    95    40 infeasible    7       711.24588  686.69335  3.45%  4308 2787s
   127    42  687.35145    8 1481  711.24588  687.00951  3.41%  4105 4023s
H  159    56                     710.2115676  687.18155  3.24%  4533 4746s
H  160    56                     709.5907360  687.18155  3.16%  4515 4746s
H  183    56                     709.3311165  687.45559  3.08%  4423 4746s
   191    54 infeasible   10       709.33112  687.45869  3.08%  4390 6747s
H  193    54                     708.7754640  687.45929  3.01%  4380 6747s
H  194    54                     708.7048220  687.45929  3.00%  4368 6747s
H  201    54                     708.5888047  687.45929  2.98%  4351 6747s
H  216    54                     708.4295636  687.45929  2.96%  4774 6747s
H  217    54                     708.4263430  687.45929  2.96%  4762 6747s
H  224    54                     708.4037789  687.45929  2.96%  4741 6747s
   225    69  687.85011   10 1478  708.40378  687.46331  2.96%  4735 7169s
H  228    69                     707.8328175  687.57147  2.86%  4704 7169s
H  234    69                     707.4339006  687.57147  2.81%  4723 7169s
H  248    69                     706.6112798  687.85014  2.66%  4713 7169s
   264    58 infeasible   11       706.61128  687.85515  2.65%  4649 8938s
H  311    74                     706.6112697  687.85515  2.65%  5064 11814s
H  316    74                     706.3758376  687.95231  2.61%  5009 11814s
H  318    74                     705.8307142  687.95231  2.53%  4985 11814s
H  331    74                     705.2079811  688.21671  2.41%  5146 11814s
   345    57 infeasible   12       705.20798  688.21671  2.41%  5081 12515s
   394    62  688.59538   12 1469  705.20798  688.33767  2.39%  5261 13947s
   463    70  689.28204   13 1422  705.20798  688.67360  2.34%  5179 14829s
   537    92  689.65024   14 1433  705.20798  688.67360  2.34%  5018 15890s
   605   130  690.04238   15 1428  705.20798  688.67360  2.34%  5071 16970s
   687   163  690.44546   16 1421  705.20798  688.67360  2.34%  4792 17500s
   792   226  691.48327   20 1357  705.20798  688.67360  2.34%  4638 19320s
   907   305  691.71399   23 1325  705.20798  688.67360  2.34%  4417 19925s
  1042   370  692.11993   24 1327  705.20798  688.67360  2.34%  4131 20585s
  1171   529  695.15762   29 1244  705.20798  688.67360  2.34%  3912 20968s
  1380   618  694.09672   35 1177  705.20798  688.67360  2.34%  3519 22633s
  1545   698  694.35754   38 1141  705.20798  688.67360  2.34%  3346 23298s
  1705   810  694.44702   43 1143  705.20798  688.67360  2.34%  3223 24556s
  1888   954  694.94510   52 1094  705.20798  688.67360  2.34%  3089 25373s
  2108  1126  695.46211   62 1158  705.20798  688.67360  2.34%  2915 26005s
  2346  1279 infeasible   70       705.20798  688.67360  2.34%  2768 26758s
  2577  1468  696.19280   71 1122  705.20798  688.67360  2.34%  2666 28892s
  2846  1585 infeasible   75       705.20798  688.67360  2.34%  2620 30989s
H 3081  1585                     705.2045799  688.67360  2.34%  2587 40715s
  3082  1586  691.96894   23 1563  705.20458  688.67360  2.34%  2587 40912s
H 3083  1507                     705.2045754  688.67360  2.34%  2586 40925s
  3085  1508  696.39124   41 1857  705.20458  688.67360  2.34%  2584 40935s
  3087  1509  700.73232   43 1664  705.20458  688.67360  2.34%  2582 40940s
  3088  1510  703.40329   64 1659  705.20458  688.67360  2.34%  2582 40948s
  3089  1511  699.49134   45 1572  705.20458  688.67360  2.34%  2581 40952s
  3090  1511  693.53231   28 1573  705.20458  688.67360  2.34%  2580 40957s
  3092  1513  696.75164   62 1516  705.20458  688.67360  2.34%  2578 40960s
  3095  1515  697.18972   34 1462  705.20458  688.67360  2.34%  2576 40968s
  3096  1515  696.68596   23 1446  705.20458  688.67360  2.34%  2575 40971s
  3097  1516  698.59995   54 1448  705.20458  688.67360  2.34%  2574 40975s
H 3098  1441                     705.2045724  688.67360  2.34%  2573 40982s
  3100  1442  696.50769   19 1466  705.20457  688.67360  2.34%  2572 40989s
H 3100  1370                     705.2045719  688.67360  2.34%  2572 41003s
H 3100  1301                     705.2045627  688.67360  2.34%  2572 41003s
  3101  1302  696.61276   21 1382  705.20456  688.67360  2.34%  2571 41018s
  3102  1302  697.52878   58 1367  705.20456  688.67360  2.34%  2570 41051s
  3103  1303  692.60688   24 1357  705.20456  688.67360  2.34%  2569 41124s
  3104  1304  694.35810   41 1354  705.20456  688.67360  2.34%  2568 41158s
  3105  1304  699.32304   79 1312  705.20456  688.67360  2.34%  2567 41260s
H 3105  1238                     705.2045626  688.67360  2.34%  2567 41305s
  3106  1239  692.51779   24 1359  705.20456  688.67360  2.34%  2567 41435s
  3107  1240  697.49499   26 1358  705.20456  688.67360  2.34%  2566 41464s
H 3107  1178                     705.2007871  688.67360  2.34%  2566 41472s
H 3107  1118                     705.2006928  688.67360  2.34%  2566 42360s
  3109  1120 infeasible   12       705.20069  688.67360  2.34%  2577 42450s
  3111  1119  688.67360   13 1335  705.20069  688.67360  2.34%  2576 42630s
  3113  1119 infeasible   14       705.20069  688.67360  2.34%  2576 42925s
  3115  1118  688.67360   15 1338  705.20069  688.67360  2.34%  2575 43359s
  3117  1119  688.67360   16 1331  705.20069  688.67360  2.34%  2576 43638s
  3119  1123  690.78010   17 1332  705.20069  688.67360  2.34%  2576 43709s
  3123  1129  690.84012   18 1322  705.20069  688.67360  2.34%  2574 43727s
  3131  1143  690.91741   19 1342  705.20069  688.67360  2.34%  2572 43737s
  3147  1169  691.13812   20 1335  705.20069  688.67360  2.34%  2566 43749s
  3179  1191  693.38331   21 1288  705.20069  688.67360  2.34%  2555 43754s
  3211  1212  693.89852   21 1365  705.20069  688.67360  2.34%  2547 43760s
H 3226  1151                     705.2006923  688.67360  2.34%  2538 43760s
  3275  1200  693.39693   23 1282  705.20069  688.67360  2.34%  2506 43820s
H 3282  1143                     704.6429462  688.67360  2.27%  2501 43820s
H 3300  1087                     704.2422038  688.67360  2.21%  2490 43820s
  3308  1137  693.41972   24 1279  704.24220  688.67360  2.21%  2485 43835s
H 3360  1100                     704.2422033  688.67360  2.21%  2459 43859s
H 3362  1054                     704.2422032  688.67360  2.21%  2459 43859s
H 3374  1007                     704.2422031  688.67360  2.21%  2453 43859s
  3392  1052  694.15459   27 1292  704.24220  688.67360  2.21%  2446 43903s
  3445  1083  694.47721   29 1220  704.24220  688.67360  2.21%  2421 44093s
  3498  1110  694.47799   32 1223  704.24220  688.67360  2.21%  2399 47278s
  3549  1162  694.49014   31 1225  704.24220  688.67360  2.21%  2378 47433s
  3624  1221 infeasible   33       704.24220  688.67360  2.21%  2344 47506s
  3718  1271  695.20701   35 1212  704.24220  688.67360  2.21%  2300 47719s
  3805  1342  postponed   35       704.24220  688.67360  2.21%  2275 48493s
  3913  1376     cutoff   35       704.24220  688.67360  2.21%  2237 48795s
  3993  1454 infeasible   36       704.24220  688.67360  2.21%  2217 48860s
  4110  1568  695.73702   36 1199  704.24220  688.67360  2.21%  2169 48887s
  4271  1650  695.20920   35 1209  704.24220  688.67360  2.21%  2096 48969s
  4428  1788  695.77597   37 1211  704.24220  688.67360  2.21%  2045 48993s
  4630  1868  696.12421   38 1208  704.24220  688.67360  2.21%  1976 49052s
  4824  1937  696.48764   39 1226  704.24220  688.67360  2.21%  1912 49430s
  5015  1999 infeasible   39       704.24220  688.67360  2.21%  1864 50005s
  5204  2094  698.67763   44 1147  704.24220  688.67360  2.21%  1826 50247s
  5431  2100  699.33489   49 1091  704.24220  688.67360  2.21%  1778 50440s
  5579  2202  700.07912   51 1075  704.24220  688.67360  2.21%  1752 50863s
  5785  2380  700.29009   59 1028  704.24220  688.67360  2.21%  1718 53359s
  5910  2380 infeasible   64       704.24220  688.67360  2.21%  1690 53360s
  6032  2502  702.10824   67  994  704.24220  688.67360  2.21%  1680 53644s
  6219  2773  702.48479   75  990  704.24220  688.67360  2.21%  1657 53870s
  6539  3085  703.25734   82  948  704.24220  688.67360  2.21%  1595 53893s
  6905  3445  688.93014   23 1299  704.24220  688.67360  2.21%  1531 54084s
  7305  3724  690.78177   28 1301  704.24220  688.67360  2.21%  1466 54535s
  7642  4001  692.16320   32 1254  704.24220  688.67360  2.21%  1422 55206s
  7961  4316  693.65938   35 1215  704.24220  688.67360  2.21%  1382 55666s
  8337  4661  695.61938   47 1081  704.24220  688.67360  2.21%  1346 55784s
  8610  4661 infeasible   61       704.24220  688.67360  2.21%  1315 55785s
  8802  4992 infeasible   53       704.24220  688.67360  2.21%  1301 56031s
  9316  5345 infeasible   52       704.24220  688.67360  2.21%  1252 56613s
  9763  5679  688.91516   24 1281  704.24220  688.67360  2.21%  1214 57413s
H10191  5674                     704.1730981  688.67360  2.20%  1188 57413s
 10196  5782  689.67965   26 1272  704.17310  688.67360  2.20%  1187 59978s
H10204  5780                     704.1445845  688.67360  2.20%  1190 59978s
H10210  5610                     703.3326344  688.67360  2.08%  1190 59978s
 10388  5742  690.00107   27 1283  703.33263  688.67360  2.08%  1191 61904s
H10665  5911                     703.3326214  688.67360  2.08%  1184 62250s
H10671  5907                     703.3134473  688.67360  2.08%  1185 62250s
H10672  5887                     703.1571667  688.67360  2.06%  1185 62250s
H10788  5883                     703.1376804  688.67360  2.06%  1180 62250s
H10877  5882                     703.1337025  688.67360  2.06%  1175 62250s
 10901  6237  690.76206   29 1308  703.13370  688.67360  2.06%  1176 62426s
 11378  6507  691.10473   30 1292  703.13370  688.67360  2.06%  1158 63929s
H11423  6372                     702.9083914  688.67360  2.03%  1157 63929s
 11593  6372  696.01692   54 1133  702.90839  688.67360  2.03%  1151 63930s
 11767  6711  692.58099   33 1269  702.90839  688.67360  2.03%  1147 65127s
H11845  6697                     702.8561496  688.67360  2.02%  1144 65127s
 12219  7003  693.20544   38 1152  702.85615  688.67360  2.02%  1128 65693s
 12677  7384  695.05707   44 1154  702.85615  688.67360  2.02%  1119 67642s
H12700  7384                     702.8540735  688.67360  2.02%  1118 67642s
H12748  7317                     702.6296660  688.67360  1.99%  1114 67642s
H13148  7337                     702.6245780  688.67360  1.99%  1104 68356s
H13153  7222                     702.3851301  688.67360  1.95%  1104 68356s
H13173  7222                     702.3841697  688.67360  1.95%  1105 68356s
H13178  7221                     702.3758843  688.67360  1.95%  1108 68356s
H13199  7170                     702.2416171  688.67360  1.93%  1107 68356s
 13230  7792  696.44660   56 1083  702.24162  688.67360  1.93%  1108 68516s
 13947  8498 infeasible   69       702.24162  688.67360  1.93%  1074 70176s
H14005  8411                     702.0310477  688.67360  1.90%  1070 70177s
 14809  9098 infeasible   69       702.03105  688.67360  1.90%  1045 70587s
 15704  9634  690.42647   28 1303  702.03105  688.67360  1.90%  1014 71211s
 16473  9905  697.26404   40 1158  702.03105  688.67360  1.90%   993 72903s
H16500  9891                     702.0245871  688.67360  1.90%   992 72903s
H16621  9882                     702.0191085  688.67360  1.90%   992 72903s
H16649  9880                     702.0180040  688.67360  1.90%   991 72903s
 16958 10388     cutoff   68       702.01800  688.67360  1.90%   991 74028s
H17092 10388                     702.0180008  688.67360  1.90%   989 74029s
H17184 10388                     702.0179937  688.67360  1.90%   988 74029s
H17507 10387                     702.0165559  688.67360  1.90%   980 74029s
 17630 11144 infeasible   27       702.01656  688.67360  1.90%   982 75181s
H17848 11142                     702.0156818  688.67360  1.90%   976 75182s
 18681 11423  694.86968   43 1106  702.01568  688.67360  1.90%   964 78166s
H18700 11411                     702.0095774  688.67360  1.90%   963 78166s
H18783 11410                     702.0086396  688.67360  1.90%   965 78166s
H18997 11409                     702.0078624  688.67360  1.90%   965 78167s
 19152 11885  698.90515   60 1039  702.00786  688.67360  1.90%   962 79638s
H19701 11885                     702.0078604  688.67360  1.90%   958 79638s
H19750 11885                     702.0078392  688.67360  1.90%   956 79638s
 19916 12538 infeasible   60       702.00784  688.67360  1.90%   956 80298s
H20430 12534                     702.0040665  688.67360  1.90%   954 80298s
 20907 13218 infeasible   25       702.00407  688.67360  1.90%   946 81367s
H20910 13218                     702.0040658  688.67360  1.90%   946 81367s
H20917 13218                     702.0040629  688.67360  1.90%   947 81367s
H20988 13216                     702.0022875  688.67360  1.90%   945 81367s
H21117 13214                     702.0011527  688.67360  1.90%   943 81368s
 21869 13729  694.43761   41 1073  702.00115  688.67360  1.90%   937 84112s
H21930 13729                     702.0011406  688.67360  1.90%   936 84112s
H22013 13729                     702.0011331  688.67360  1.90%   936 84113s
H22053 13729                     702.0011329  688.67360  1.90%   937 84113s
H22252 13727                     702.0003210  688.67360  1.90%   937 84113s
 22622 14276  699.24034   69 1030  702.00032  688.67360  1.90%   945 84883s
 23468 14738  699.71289   69 1034  702.00032  688.67360  1.90%   947 87219s
H23524 14738                     702.0003207  688.67360  1.90%   947 87219s
H23740 14738                     702.0003182  688.67360  1.90%   955 87219s
H23827 14738                     702.0003156  688.67360  1.90%   953 87219s
 23870 14738  694.46709   43 1124  702.00032  688.67360  1.90%   956 87220s
 24139 15559  698.97687   38 1208  702.00032  688.67360  1.90%   955 89539s
H24431 15559                     702.0003129  688.67360  1.90%   956 89539s
 24497 15559  693.95148   38 1140  702.00031  688.67360  1.90%   955 89540s
 25263 16201  690.85229   29 1324  702.00031  688.67360  1.90%   957 93291s
 26183 16585 infeasible   58       702.00031  688.67360  1.90%   958 96204s
H26397 16585                     702.0003117  688.67360  1.90%   959 96204s
 26711 17594  699.07726   72  966  702.00031  688.67360  1.90%   960 97643s
H27091 17317                     701.8848115  688.67360  1.88%   954 97643s
 28253 18160  701.62227  100 1012  701.88481  688.67360  1.88%   950 100153s
H28437 18160                     701.8848108  689.01712  1.83%   949 100153s
H29172 18160                     701.8848107  689.01712  1.83%   942 100154s
H29249 18024                     701.8088722  689.01712  1.82%   941 100154s
 29501 19001  699.85483   41 1204  701.80887  689.33918  1.78%   942 101979s
 31036 19938  699.34253   40 1211  701.80887  689.43262  1.76%   940 103809s
H32051 19938                     701.8088721  689.72441  1.72%   938 103809s
H32116 19938                     701.8088712  689.72441  1.72%   936 103809s
 32365 20322  694.00360   41 1096  701.80887  689.72441  1.72%   934 107742s
 33169 20315 infeasible   70       701.80887  689.72441  1.72%   951 109234s
 33238 20359 infeasible   70       701.80887  689.72441  1.72%   958 114620s
 33296 20556 infeasible   70       701.80887  689.75254  1.72%   958 118654s
 33573 21052  694.48386   35 1265  701.80887  689.80016  1.71%   959 123308s
 34571 21869  699.05495   38 1195  701.80887  689.80375  1.71%   968 128387s
 35937 23026  691.64204   33 1245  701.80887  690.07574  1.67%   976 135052s
 37913 25207     cutoff   68       701.80887  690.07574  1.67%   997 139674s
H39966 25202                     701.8056269  690.90689  1.55%   996 139675s
H40773 24661                     701.6284884  690.90689  1.53%   984 139676s
 40892 25598  697.90656   39 1106  701.62849  690.90960  1.53%   983 143045s
H40900 25598                     701.6284866  690.90960  1.53%   983 143045s
H40949 25592                     701.6275166  690.90960  1.53%   984 143045s
H40958 25584                     701.6260813  690.90960  1.53%   984 143045s
 42260 27178  698.64708   35 1255  701.62608  690.92155  1.53%   977 147839s
H43559 27170                     701.6250155  690.93407  1.52%   983 147839s
 44472 28645  696.92071   49 1185  701.62502  690.93407  1.52%   974 152627s
H44559 28645                     701.6249982  690.97745  1.52%   974 152627s
H44738 28635                     701.6231769  690.97745  1.52%   971 152627s
 46693 29682  692.06275   37 1257  701.62318  690.97745  1.52%   971 158141s
H46700 29682                     701.6231765  690.97745  1.52%   971 158141s
H46722 29682                     701.6231764  690.97745  1.52%   971 158141s
H46930 29682                     701.6231760  690.97745  1.52%   968 158141s
H47038 29682                     701.6231553  690.97745  1.52%   969 158141s
H47046 29682                     701.6231460  690.97745  1.52%   968 158142s
H47223 29682                     701.6231403  690.97745  1.52%   971 158142s
H47444 29680                     701.6221090  690.97745  1.52%   968 158142s
H48027 29680                     701.6220783  690.97745  1.52%   964 158142s
 48144 31682  696.55925   50 1167  701.62208  691.24672  1.48%   962 163273s
H48906 31682                     701.6220779  691.36165  1.46%   961 163273s
H50614 31682                     701.6220778  691.36165  1.46%   958 163274s
 51091 32362  700.64098   75 1030  701.62208  691.42827  1.45%   954 169386s
 52306 34603  694.15251   41 1175  701.62208  691.51836  1.44%   961 174866s
 55565 36770  698.29157   72 1006  701.62208  691.74106  1.41%   969 181333s
H55680 36770                     701.6220771  691.74106  1.41%   969 181334s
 57593 36770  697.24258   58 1130  701.62208  691.74106  1.41%   964 181335s
 58602 38027  693.98493   43 1103  701.62208  691.80511  1.40%   958 189015s
 61111 40110 infeasible   37       701.62208  692.03365  1.37%   982 196676s
 64531 42122  700.76907  109  853  701.62208  692.13556  1.35%   993 202530s
 67692 43654  699.01107   70 1071  701.62208  692.19318  1.34%   989 207731s
 70225 45563  701.16567   59 1078  701.62208  692.24318  1.34%   984 215116s
 73397 46886  699.07645   54 1120  701.62208  692.44490  1.31%   995 220347s
H73942 46881                     701.6212679  692.50100  1.30%   992 220348s
H74426 46881                     701.6212667  692.50100  1.30%   995 220348s
 75415 49510  698.51883   61 1087  701.62127  692.51780  1.30%   998 227848s
H75721 49510                     701.6212663  692.52145  1.30%   996 227849s
H79222 49510                     701.6212662  692.52602  1.30%  1000 227851s
 79531 52886  693.91332   40 1177  701.62127  692.59437  1.29%   998 234788s
 84511 56795  697.06923   56 1117  701.62127  692.67302  1.28%   982 241562s
H87192 56795                     701.6212658  692.78322  1.26%   976 241565s
 89582 59325  698.48032   46 1092  701.62127  692.81989  1.25%   965 249505s
 93178 62305  695.57194   45 1141  701.62127  692.85437  1.25%   961 258753s
 97349 65230  698.17436   54 1148  701.62127  692.98739  1.23%   952 265929s
 101462 67026  700.08410   62 1073  701.62127  693.05494  1.22%   937 272806s
 104239 69712 infeasible   52       701.62127  693.09101  1.22%   939 283898s
 108242 71411     cutoff   41       701.62127  693.12433  1.21%   934 292684s
 111243 73971  694.26298   41 1076  701.62127  693.17640  1.20%   944 301522s
 115491 75548     cutoff   70       701.62127  693.26770  1.19%   939 311281s
 118144 78000  698.92762   71 1094  701.62127  693.35275  1.18%   949 319766s
H120906 77999                     701.6209877  693.36372  1.18%   957 319768s
 122453 80219     cutoff   60       701.62099  693.38050  1.17%   956 327784s
H122600 80219                     701.6209847  693.38050  1.17%   956 327787s
H122700 80219                     701.6209843  693.38050  1.17%   955 327787s
H122800 80219                     701.6209836  693.38050  1.17%   954 327788s
H123455 80219                     701.6209836  693.42703  1.17%   953 327789s
H123999 80219                     701.6209823  693.42703  1.17%   953 327789s
 124456 80219  700.17746   64 1100  701.62098  693.42703  1.17%   959 327790s
 126134 82407  696.96745   45 1149  701.62098  693.45714  1.16%   955 335719s
 127261 82407  698.61435   63 1072  701.62098  693.48857  1.16%   955 335720s
 129880 84389 infeasible   68       701.62098  693.51963  1.15%   959 343346s
 133193 86071  695.67597   57 1058  701.62098  693.57140  1.15%   956 353670s
 136152 88443  697.66003   74 1026  701.62098  693.61663  1.14%   959 362702s
 139862 90701  700.61449   80  956  701.62098  693.65531  1.14%   966 370931s
 143327 94117  698.94424   65 1087  701.62098  693.67848  1.13%   968 379643s
 148462 96648  694.23374   46 1184  701.62098  693.73642  1.12%   959 389077s
 151547 96648 infeasible   77       701.62098  693.75531  1.12%   957 389080s
 152370 98993 infeasible   69       701.62098  693.76235  1.12%   960 397766s
 155496 101543  698.85801   82  996  701.62098  693.78700  1.12%   959 408552s
 159241 104238 infeasible   66       701.62098  693.79646  1.12%   961 417527s
 163687 106260  696.92538   72 1064  701.62098  693.79831  1.11%   963 425329s
 165306 106260  697.35544   57 1039  701.62098  693.79831  1.11%   962 425330s
 167181 108576  700.61201  111  939  701.62098  693.86979  1.10%   963 434028s
 170334 108576     cutoff   62       701.62098  693.90673  1.10%   964 434030s
 171356 110858  699.71775   58 1094  701.62098  693.93283  1.10%   964 443726s
 175146 113632  701.46853   61 1118  701.62098  693.96441  1.09%   965 454079s
 177178 113632     cutoff   59       701.62098  693.97979  1.09%   968 454080s
H178014 113417                     701.5967275  693.98266  1.09%   967 454081s
 179412 115990     cutoff   64       701.59673  693.99517  1.08%   965 461534s
H179500 115990                     701.5967264  693.99517  1.08%   965 461534s
H179601 115969                     701.5944880  693.99517  1.08%   964 461534s
H179971 115893                     701.5872761  693.99644  1.08%   964 461534s
H184309 117656                     701.5872760  693.99860  1.08%   966 470937s
H184494 117656                     701.5872757  694.02173  1.08%   966 470937s
H185618 117656                     701.5872747  694.02396  1.08%   968 470938s
H186993 117655                     701.5869388  694.02396  1.08%   968 470939s
 187177 120907  697.63755   60 1085  701.58694  694.04375  1.08%   967 483715s
H188920 120890                     701.5857770  694.05274  1.07%   964 483718s
 192832 124172     cutoff   48       701.58578  694.06026  1.07%   964 492513s
H192900 124172                     701.5857763  694.06026  1.07%   964 492517s
H193722 124172                     701.5857759  694.06576  1.07%   964 492518s
H195587 124170                     701.5855527  694.06819  1.07%   962 492521s
 198005 127535  694.39801   43 1109  701.58555  694.07543  1.07%   959 502923s
H198270 127525                     701.5848415  694.07699  1.07%   959 502925s
H198407 127525                     701.5848397  694.07770  1.07%   959 502926s
H199677 127525                     701.5848388  694.08344  1.07%   959 502926s
 202991 129482 infeasible   51       701.58484  694.09090  1.07%   955 510631s
H204387 129482                     701.5848386  694.10660  1.07%   954 510635s
 205939 133283     cutoff   94       701.58484  694.11238  1.07%   955 519597s
H207366 133283                     701.5848385  694.11812  1.06%   954 519603s
H208157 133283                     701.5847987  694.11812  1.06%   952 519604s
 209648 133283  696.22629   57 1135  701.58480  694.11812  1.06%   950 519605s
 211221 136508  694.84111   49 1166  701.58480  694.12708  1.06%   949 527303s
H211300 136508                     701.5847981  694.12708  1.06%   949 527305s
H213422 136508                     701.5847977  694.13278  1.06%   946 527308s
H214181 136508                     701.5847970  694.13333  1.06%   944 527310s
 215999 138260  695.41464   49 1119  701.58480  694.13796  1.06%   943 536213s
 218234 138260  695.54403   40 1123  701.58480  694.13796  1.06%   942 536215s
 218874 141592 infeasible   95       701.58480  694.14456  1.06%   942 547377s
 222543 141592  699.81899   98  968  701.58480  694.14960  1.06%   940 547380s
 223705 146117  698.12044   76 1011  701.58480  694.15490  1.06%   940 557230s
 230363 148132  700.57218   68 1075  701.58480  694.17095  1.06%   933 565625s
 233782 150205  697.77849   69 1035  701.58480  694.18056  1.06%   935 573872s
 237077 152438  697.14230   71 1009  701.58480  694.18445  1.05%   938 585549s
 240676 155068  697.79265   72 1078  701.58480  694.19753  1.05%   939 596996s
 245082 157293 infeasible   53       701.58480  694.21041  1.05%   942 607476s
 248525 161125  697.22477   42 1117  701.58480  694.21585  1.05%   944 616216s
 253165 161125  697.40956   66 1099  701.58480  694.22402  1.05%   945 616221s
 254580 163216 infeasible   60       701.58480  694.22966  1.05%   944 625401s
H257037 163137                     701.5778629  694.23278  1.05%   947 625403s
 258102 166341  postponed   71       701.57786  694.23466  1.05%   948 634903s
H258200 166324                     701.5766415  694.23466  1.05%   948 634905s
H258649 166324                     701.5766409  694.23788  1.05%   949 634905s
H258777 166190                     701.5677319  694.23802  1.04%   949 634905s
H259237 165919                     701.5524419  694.23957  1.04%   950 634905s
 263148 169532  699.89974   95  976  701.55244  694.24305  1.04%   950 643906s
H263200 169532                     701.5524410  694.24305  1.04%   950 643907s
H263300 169532                     701.5524335  694.24305  1.04%   950 643907s
H263462 169514                     701.5516262  694.24306  1.04%   951 643908s
H265403 169514                     701.5516215  694.24557  1.04%   950 643908s
 268284 172127 infeasible   65       701.55162  694.24666  1.04%   950 652362s
H269264 172127                     701.5516213  694.24931  1.04%   950 652366s
H269466 172117                     701.5511321  694.24931  1.04%   951 652367s
H270299 172102                     701.5505409  694.24931  1.04%   950 652369s
 272179 174948  695.72545   53 1064  701.55054  694.25099  1.04%   949 661293s
H272200 174948                     701.5505383  694.25099  1.04%   949 661295s
H272417 174948                     701.5505374  694.25174  1.04%   949 661296s
H275913 174912                     701.5485440  694.25687  1.04%   948 661298s
 276657 177957     cutoff   89       701.54854  694.25714  1.04%   948 672180s
H277332 177957                     701.5485354  694.25783  1.04%   947 672183s
H279554 177932                     701.5469725  694.26149  1.04%   945 672185s
 281507 182475  700.29248   90  976  701.54697  694.26560  1.04%   945 680423s
H281600 182455                     701.5461354  694.26560  1.04%   945 680425s
H281849 182455                     701.5461332  694.26656  1.04%   945 680426s
H282680 182447                     701.5454797  694.26819  1.04%   944 680426s
 287787 184032     cutoff   95       701.54548  694.27241  1.04%   938 689046s
H287900 184032                     701.5454796  694.27241  1.04%   938 689049s
 287946 184032  698.39231   88  968  701.54548  694.27246  1.04%   938 689050s
H288827 184032                     701.5454792  694.27638  1.04%   939 689051s
 290576 185645  697.64617   78 1040  701.54548  694.27859  1.04%   942 698073s
 293725 188816  696.60846   65 1070  701.54548  694.28331  1.04%   948 709383s
H294955 188765                     701.5426364  694.28410  1.03%   948 709387s
H295586 188760                     701.5423924  694.28464  1.03%   948 709388s
 299052 192411 infeasible   86       701.54239  694.29176  1.03%   949 719188s
 304352 195301  699.60769   86  982  701.54239  694.29533  1.03%   947 728898s
H305523 195301                     701.5423825  694.29776  1.03%   948 728901s
 309073 197999  694.40681   39 1109  701.54238  694.30311  1.03%   948 740642s
H309200 197999                     701.5423793  694.30311  1.03%   948 740645s
H311312 197999                     701.5423781  694.30578  1.03%   949 740646s
 313762 200887  694.66403   51 1031  701.54238  694.30832  1.03%   950 752741s
H313939 200887                     701.5423776  694.30861  1.03%   951 752743s
H314178 200887                     701.5423772  694.30881  1.03%   951 752743s
 318712 205630  697.82223   66 1070  701.54238  694.31397  1.03%   953 765424s
 319304 205630 infeasible   58       701.54238  694.31560  1.03%   953 765425s
 325454 208457  695.44659   51 1156  701.54238  694.31810  1.03%   949 777295s
 330067 211340  697.47661   67 1079  701.54238  694.32236  1.03%   949 789050s
H333496 211340                     701.5423770  694.32564  1.03%   950 789056s
 334574 214772  697.34836   51 1168  701.54238  694.32655  1.03%   954 801045s
H337764 214772                     701.5423762  694.32861  1.03%   953 801050s
 340004 219691  696.14165   51 1136  701.54238  694.33232  1.03%   953 812631s
 346662 221492 infeasible   55       701.54238  694.33594  1.03%   947 823951s
 350031 224072 infeasible   66       701.54238  694.33628  1.03%   948 836807s
 354800 228207  694.74116   52 1101  701.54238  694.34129  1.03%   951 848558s
 360734 230836     cutoff   82       701.54238  694.34424  1.03%   947 860437s
 365105 234265  697.70876   57 1136  701.54238  694.34721  1.03%   950 867689s
 366687 234265 infeasible   51       701.54238  694.34855  1.03%   950 867690s

Cutting planes:
  Learned: 72
  Gomory: 51
  Cover: 938
  Implied bound: 120
  Projected implied bound: 268
  Clique: 18
  MIR: 1093
  StrongCG: 1
  Flow cover: 3947
  GUB cover: 18
  Inf proof: 31
  Zero half: 16
  RLT: 2516
  Relax-and-lift: 440

Explored 370120 nodes (350948098 simplex iterations) in 867691.27 seconds
Thread count was 32 (of 32 available processors)

Solution count 10: 701.542 701.542 701.542 ... 701.545

Solve interrupted
Best objective 7.015423762049e+02, best bound 6.943510726581e+02, gap 1.0251%
