
Gurobi 9.1.0 (linux64) logging started Fri Aug  6 03:23:30 2021

Changed value of parameter LogFile to eab_parasitoid_0_2_0.8_bud.log
   Prev:   Default: 
Changed value of parameter MIPGap to 0.01
   Prev: 0.0001  Min: 0.0  Max: inf  Default: 0.0001
Changed value of parameter Method to 2
   Prev: -1  Min: -1  Max: 5  Default: -1
Changed value of parameter MIPFocus to 2
   Prev: 0  Min: 0  Max: 3  Default: 0
Changed value of parameter RINS to 100
   Prev: -1  Min: -1  Max: 2000000000  Default: -1
Gurobi Optimizer version 9.1.0 build v9.1.0rc0 (linux64)
Thread count: 32 physical cores, 32 logical processors, using up to 32 threads
Optimize a model with 203396 rows, 134935 columns and 685039 nonzeros
Model fingerprint: 0x49b90381
Variable types: 55779 continuous, 79156 integer (79156 binary)
Coefficient statistics:
  Matrix range     [2e-04, 1e+06]
  Objective range  [1e-06, 1e-01]
  Bounds range     [1e+00, 6e+03]
  RHS range        [1e-04, 1e+06]
Presolve removed 192893 rows and 126304 columns (presolve time = 5s) ...
Presolve removed 193633 rows and 126977 columns (presolve time = 10s) ...
Presolve removed 193630 rows and 126968 columns
Presolve time: 10.32s
Presolved: 9766 rows, 7967 columns, 130796 nonzeros
Variable types: 3478 continuous, 4489 integer (4486 binary)
Presolve removed 7 rows and 6 columns
Presolved: 9759 rows, 7961 columns, 130733 nonzeros

Root barrier log...

Ordering time: 0.80s

Barrier statistics:
 Dense cols : 144
 AA' NZ     : 5.720e+05
 Factor NZ  : 2.707e+06 (roughly 30 MBytes of memory)
 Factor Ops : 2.262e+09 (less than 1 second per iteration)
 Threads    : 31

                  Objective                Residual
Iter       Primal          Dual         Primal    Dual     Compl     Time
   0   1.69075847e+03 -2.28343476e+04  1.68e+04 1.40e-01  7.47e+01    13s
   1   1.31185852e+03 -2.51005349e+04  8.36e+03 4.72e-01  3.60e+01    13s
   2   8.23326764e+02 -2.05004771e+04  1.08e+03 4.41e-03  5.28e+00    13s
   3   6.59023247e+02 -1.07403249e+04  1.40e+02 1.87e-14  9.17e-01    13s
   4   5.83587533e+02 -4.30786966e+03  3.81e+01 1.32e-14  2.76e-01    14s
   5   5.60442059e+02 -2.63696068e+03  1.53e+01 7.82e-15  1.53e-01    14s
   6   5.46767533e+02 -6.74440105e+02  3.81e+00 2.89e-15  5.24e-02    14s
   7   5.39823023e+02  3.45420312e+02  1.17e+00 2.29e-15  8.20e-03    14s
   8   5.35089678e+02  4.47065903e+02  5.23e-01 1.38e-15  3.63e-03    14s
   9   5.32591227e+02  4.75096483e+02  2.64e-01 9.21e-16  2.33e-03    14s
  10   5.31392851e+02  4.85004344e+02  1.76e-01 8.88e-16  1.87e-03    15s
  11   5.30545245e+02  4.98141007e+02  1.22e-01 6.30e-16  1.30e-03    15s
  12   5.30181100e+02  5.01956939e+02  1.00e-01 4.44e-16  1.13e-03    15s
  13   5.28936548e+02  5.10727847e+02  3.46e-02 4.84e-16  7.26e-04    15s
  14   5.28630375e+02  5.16870534e+02  2.32e-02 2.78e-16  4.68e-04    15s
  15   5.28361549e+02  5.20782256e+02  1.48e-02 2.22e-16  3.02e-04    16s
  16   5.28221937e+02  5.22636404e+02  1.09e-02 2.22e-16  2.22e-04    16s
  17   5.28123464e+02  5.23739590e+02  8.34e-03 4.44e-16  1.74e-04    16s
  18   5.27891918e+02  5.25004838e+02  2.74e-03 2.22e-16  1.15e-04    16s
  19   5.27655372e+02  5.25902294e+02  2.82e-05 2.22e-16  6.96e-05    16s
  20   5.27570539e+02  5.26691152e+02  1.63e-05 4.44e-16  3.49e-05    16s
  21   5.27547441e+02  5.26778712e+02  1.33e-05 4.44e-16  3.05e-05    17s
  22   5.27510571e+02  5.27044760e+02  9.18e-06 2.22e-16  1.85e-05    17s
  23   5.27490996e+02  5.27201177e+02  7.07e-06 4.44e-16  1.15e-05    17s
  24   5.27460497e+02  5.27250623e+02  3.95e-06 2.22e-16  8.33e-06    17s
  25   5.27448708e+02  5.27314629e+02  2.77e-06 4.44e-16  5.32e-06    17s
  26   5.27435838e+02  5.27362477e+02  1.47e-06 1.11e-16  2.91e-06    17s
  27   5.27427398e+02  5.27391576e+02  6.26e-07 2.22e-16  1.42e-06    18s
  28   5.27423464e+02  5.27406118e+02  2.76e-07 1.11e-16  6.89e-07    18s
  29   5.27422055e+02  5.27411622e+02  1.60e-07 1.11e-16  4.14e-07    18s
  30   5.27421598e+02  5.27414278e+02  1.22e-07 4.44e-16  2.91e-07    18s
  31   5.27420698e+02  5.27418191e+02  4.99e-08 2.22e-16  9.95e-08    18s
  32   5.27420241e+02  5.27419695e+02  1.60e-08 4.44e-16  2.17e-08    19s
  33   5.27420085e+02  5.27419958e+02  4.52e-09 2.22e-16  5.07e-09    19s
  34   5.27420026e+02  5.27420003e+02  6.98e-10 4.44e-16  9.07e-10    19s
  35   5.27420017e+02  5.27420012e+02  1.46e-10 2.22e-16  2.00e-10    19s
  36   5.27420015e+02  5.27420014e+02  2.41e-11 5.02e-15  2.80e-11    19s

Barrier solved model in 36 iterations and 19.40 seconds
Optimal objective 5.27420015e+02


Root crossover log...

     680 DPushes remaining with DInf 0.0000000e+00                20s
       0 DPushes remaining with DInf 0.0000000e+00                20s

    3379 PPushes remaining with PInf 1.9933705e-06                20s
       0 PPushes remaining with PInf 0.0000000e+00                20s

  Push phase complete: Pinf 0.0000000e+00, Dinf 4.2488851e-02     20s


Root simplex log...

Iteration    Objective       Primal Inf.    Dual Inf.      Time
    3863    5.2742001e+02   0.000000e+00   4.248885e-02     20s
    3870    5.2742001e+02   0.000000e+00   0.000000e+00     20s
    3870    5.2742001e+02   0.000000e+00   0.000000e+00     20s

Root relaxation: objective 5.274200e+02, 3870 iterations, 9.57 seconds

    Nodes    |    Current Node    |     Objective Bounds      |     Work
 Expl Unexpl |  Obj  Depth IntInf | Incumbent    BestBd   Gap | It/Node Time

     0     0  527.42007    0 2133          -  527.42007      -     -   22s
     0     0  573.12961    0 2185          -  573.12961      -     -   38s
     0     0  573.80591    0 2190          -  573.80591      -     -   51s
     0     0  573.95539    0 2151          -  573.95539      -     -   59s
     0     0  573.95689    0 2153          -  573.95689      -     -   61s
     0     0  579.93835    0 2092          -  579.93835      -     -   92s
H    0     0                     659.3014561  579.93835  12.0%     -  100s
H    0     0                     659.2363736  579.93835  12.0%     -  100s
     0     0  580.25401    0 2116  659.23637  580.25401  12.0%     -  100s
     0     0  580.36128    0 1954  659.23637  580.36128  12.0%     -  104s
     0     0  580.39683    0 1959  659.23637  580.39683  12.0%     -  108s
     0     0  580.39741    0 1957  659.23637  580.39741  12.0%     -  109s
     0     0  584.96620    0 1853  659.23637  584.96620  11.3%     -  128s
H    0     0                     637.0543996  584.96620  8.18%     -  132s
     0     0  585.23669    0 1866  637.05440  585.23669  8.13%     -  139s
     0     0  585.25453    0 1824  637.05440  585.25453  8.13%     -  146s
H    0     0                     623.7571556  585.25453  6.17%     -  163s
H    0     0                     623.7570430  585.25453  6.17%     -  184s
H    0     0                     623.7570220  585.25453  6.17%     -  184s
H    0     0                     623.7570219  585.25453  6.17%     -  184s
H    0     0                     623.7556549  585.25453  6.17%     -  184s
H    0     0                     623.7556278  585.25453  6.17%     -  184s
H    0     0                     623.7556248  585.25453  6.17%     -  184s
H    0     0                     623.7556145  585.25453  6.17%     -  184s
H    0     0                     623.7556143  585.25453  6.17%     -  184s
     0     0  592.41696    0 1841  623.75561  592.41696  5.02%     -  185s
H    0     0                     623.7556141  592.41696  5.02%     -  205s
H    0     0                     623.7556118  592.41696  5.02%     -  205s
H    0     0                     623.7555811  592.41696  5.02%     -  205s
H    0     0                     623.7555524  592.41696  5.02%     -  205s
H    0     0                     623.7555511  592.41696  5.02%     -  205s
     0     0  592.55280    0 1817  623.75555  592.55280  5.00%     -  205s
     0     0  592.56865    0 1831  623.75555  592.56865  5.00%     -  208s
     0     0  595.78463    0 1820  623.75555  595.78463  4.48%     -  227s
     0     0  598.06431    0 1801  623.75555  598.06431  4.12%     -  237s
     0     0  598.07484    0 1799  623.75555  598.07484  4.12%     -  240s
     0     0  601.32659    0 1761  623.75555  601.32659  3.60%     -  272s
     0     0  601.50443    0 1771  623.75555  601.50443  3.57%     -  282s
     0     0  601.64182    0 1777  623.75555  601.64182  3.55%     -  286s
     0     0  601.65897    0 1781  623.75555  601.65897  3.54%     -  291s
     0     0  601.93671    0 1691  623.75555  601.93671  3.50%     -  322s
     0     0  601.96385    0 1699  623.75555  601.96385  3.49%     -  332s
     0     0  602.02588    0 1690  623.75555  602.02588  3.48%     -  343s
     0     0  602.02588    0 1681  623.75555  602.02588  3.48%     -  345s
H    0     0                     622.1178538  602.02588  3.23%     -  546s
H    0     0                     622.1178536  602.02588  3.23%     -  550s
     0     2  602.02588    0 1681  622.11785  602.02588  3.23%     -  555s
     1     4  606.00160    1 1675  622.11785  602.02609  3.23%  1399  564s
     3     8  612.15488    2 1731  622.11785  602.08329  3.22%  1180  796s
     7    10     cutoff    3       622.11785  603.49349  2.99%  1682  827s
    15    18  603.97069    4 1516  622.11785  603.67506  2.96%  1704  870s
    25    32  604.00864    5 1515  622.11785  603.97076  2.92%  2060  906s
    43    60  604.10776    6 1485  622.11785  604.01240  2.91%  1651  972s
    75    90  606.84634    7 1470  622.11785  604.10878  2.89%  1728 1005s
H  107   122                     622.1178366  604.15699  2.89%  1636 1065s
H  112   122                     622.1177467  604.15699  2.89%  1614 1065s
H  114   122                     622.1175736  604.15699  2.89%  1615 1065s
H  116   122                     622.1163459  604.15699  2.89%  1598 1065s
   139   154  607.39130    9 1422  622.11635  604.15699  2.89%  1449 1080s
   171   191  607.62797   10 1434  622.11635  604.15699  2.89%  1281 1102s
   208   236  607.63478   11 1406  622.11635  604.15699  2.89%  1179 1118s
   255   278  607.65741   12 1397  622.11635  604.15699  2.89%  1052 1135s
   299   317  608.58873   14 1415  622.11635  604.15699  2.89%   968 1903s
H  302   317                     620.9908126  604.15699  2.71%   963 1903s
H  304   317                     620.9908124  604.15699  2.71%   957 1903s
H  314   317                     620.4161018  604.15699  2.62%   943 1903s
H  333   317                     618.6776870  604.15699  2.35%   918 1903s
   344   359  608.78802   15 1390  618.67769  604.15699  2.35%   905 1928s
   420   384  608.79126   16 1387  618.67769  604.15699  2.35%   787 1978s
H  430   384                     618.6776868  604.15699  2.35%   778 1978s
H  431   384                     618.6776868  604.15699  2.35%   777 1978s
H  432   384                     618.6776867  604.15699  2.35%   776 1978s
H  451   384                     618.6776860  604.15699  2.35%   763 1978s
   455   454  610.11548   17 1403  618.67769  604.15699  2.35%   767 1998s
   525   530  610.58015   18 1367  618.67769  604.15699  2.35%   712 2019s
   607   604  613.82199   20 1346  618.67769  604.15699  2.35%   662 2037s
   695   674  614.26403   22 1343  618.67769  604.15699  2.35%   619 2051s
   793   734  616.28466   25 1341  618.67769  604.15699  2.35%   579 2065s
   877   793  616.63999   30 1317  618.67769  604.15699  2.35%   558 2086s
   966   859  617.75585   36 1302  618.67769  604.15699  2.35%   540 2118s
  1056   919     cutoff   43       618.67769  604.23441  2.33%   522 2150s
  1143   986  604.35781    8 1429  618.67769  604.23441  2.33%   517 2177s
  1233  1066  605.37358   10 1435  618.67769  604.23441  2.33%   511 2207s
  1331  1209  606.55345   12 1473  618.67769  604.23441  2.33%   504 2228s
  1478  1351  607.80137   15 1466  618.67769  604.23441  2.33%   475 2250s
  1636  1507  607.94648   16 1462  618.67769  604.23441  2.33%   450 2271s
  1809  1654  608.39077   19 1454  618.67769  604.23441  2.33%   425 2290s
  1999  1696  608.42890   27 1423  618.67769  604.23441  2.33%   405 3310s
H 2017  1696                     618.5211670  604.23441  2.31%   406 3310s
H 2023  1696                     618.2630634  604.23441  2.27%   405 3310s
H 2066  1719                     618.2618355  604.23441  2.27%   403 3849s
H 2068  1719                     618.2466234  604.23441  2.27%   403 3849s
H 2071  1719                     618.2347109  604.23441  2.26%   404 3849s
H 2082  1719                     618.2302627  604.23441  2.26%   405 3849s
H 2086  1719                     618.1464995  604.23441  2.25%   405 3849s
  2106  1871  608.59706   30 1397  618.14650  604.23441  2.25%   404 3895s
  2294  1889  609.57430   40 1394  618.14650  604.23441  2.25%   389 4399s
H 2310  1889                     618.1464987  604.23441  2.25%   390 4399s
H 2324  1889                     618.1464985  604.23441  2.25%   389 4399s
H 2336  1887                     618.1245659  604.23441  2.25%   389 4399s
  2451  2056  611.77355   43 1442  618.12457  604.23441  2.25%   382 4438s
  2666  2269  612.41061   48 1461  618.12457  604.23441  2.25%   370 4474s
  2918  2270  614.80312   12 1681  618.12457  604.23441  2.25%   356 4664s
  2920  2271  613.05694   22 2153  618.12457  604.23441  2.25%   356 4676s
  2921  2272  610.82882   27 2121  618.12457  604.23441  2.25%   355 4683s
H 2921  2158                     618.1245648  604.23441  2.25%   355 4684s
H 2922  2051                     618.1245644  604.23441  2.25%   355 4686s
  2926  2053  617.04190   64 1691  618.12456  604.23441  2.25%   355 4692s
  2928  2055  607.08054   20 1569  618.12456  604.23441  2.25%   355 4696s
  2931  2057  616.42799  102 1604  618.12456  604.23441  2.25%   354 4701s
  2934  2059  607.42505   15 1610  618.12456  604.23441  2.25%   354 4707s
  2935  2059  613.01412   25 1583  618.12456  604.23441  2.25%   354 4786s
H 2935  1956                     618.1245643  604.23441  2.25%   354 4791s
  2936  1957  614.41266   36 1550  618.12456  604.23441  2.25%   354 4798s
  2937  1958  614.28996   30 1544  618.12456  604.23441  2.25%   354 4804s
  2938  1958  616.43993   46 1555  618.12456  604.23441  2.25%   353 4809s
H 2938  1859                     618.1245640  604.23441  2.25%   353 4813s
  2940  1861  616.21471   83 1566  618.12456  604.23441  2.25%   353 4844s
H 2940  1768                     618.1241093  604.23441  2.25%   353 4907s
  2941  1768  608.26976   24 1530  618.12411  604.23441  2.25%   353 5075s
H 2941  1679                     618.1241090  604.23441  2.25%   353 5090s
H 2941  1595                     618.1241089  604.23441  2.25%   353 5090s
  2942  1596  613.87570   28 1520  618.12411  604.23441  2.25%   353 5095s
  2943  1597  614.68506   45 1530  618.12411  604.23441  2.25%   353 5110s
  2944  1597  616.26450   95 1535  618.12411  604.23441  2.25%   353 5117s
  2945  1598  617.12665   18 1527  618.12411  604.23441  2.25%   353 5131s
  2946  1599  617.96215   24 1507  618.12411  604.23441  2.25%   352 5142s
  2947  1599  610.93682   17 1491  618.12411  604.23441  2.25%   352 5189s
  2948  1600  614.25997   29 1539  618.12411  604.24962  2.24%   352 5319s
  2949  1601  617.69689   97 1513  618.12411  604.28658  2.24%   352 5328s
  2950  1601  612.39618   33 1537  618.12411  604.29876  2.24%   352 5339s
  2951  1602  607.71514    7 1563  618.12411  604.31384  2.23%   352 5348s
  2952  1603  607.49496   16 1564  618.12411  604.31993  2.23%   352 5400s
  2953  1603  607.15617   16 1483  618.12411  604.35206  2.23%   352 5469s
  2954  1604  608.34336   27 1506  618.12411  604.36625  2.23%   351 5475s
  2955  1605  615.72915   43 1499  618.12411  604.52629  2.20%   351 5524s
  2956  1605  607.20155   11 1464  618.12411  604.68453  2.17%   351 5584s
  2957  1606  613.77096   39 1473  618.12411  604.71793  2.17%   351 5634s
  2958  1607  609.90910   35 1450  618.12411  604.71793  2.17%   351 5715s
  2959  1607  617.03006   59 1450  618.12411  604.71793  2.17%   351 5742s
  2960  1608  615.43847   47 1450  618.12411  604.71793  2.17%   351 5857s
  2961  1612  604.71793   12 1426  618.12411  604.71793  2.17%   366 6397s
  2963  1615  611.19645   13 1457  618.12411  604.71793  2.17%   366 6614s
  2967  1616  614.94704   14 1461  618.12411  604.72690  2.17%   367 6630s
  2975  1611     cutoff   15       618.12411  604.88644  2.14%   372 6640s
  2985  1614  605.35073   16 1460  618.12411  604.89639  2.14%   377 6648s
  2993  1625  608.79023   17 1459  618.12411  605.35170  2.07%   382 6657s
  3007  1640  617.40889   18 1560  618.12411  606.27965  1.92%   389 6666s
  3035  1651     cutoff   19       618.12411  606.60561  1.86%   403 6724s
H 3044  1567                     618.1219705  606.60561  1.86%   405 6724s
  3067  1577  608.45387   20 1430  618.12197  606.60561  1.86%   412 6776s
  3099  1581  608.98520   21 1417  618.12197  606.60561  1.86%   422 6829s
  3131  1579  609.14997   22 1404  618.12197  607.17278  1.77%   432 6862s
H 3164  1505                     617.6586369  607.17278  1.70%   439 7324s
H 3168  1430                     617.5498333  607.17278  1.68%   440 7324s
H 3189  1354                     617.5281198  607.17278  1.68%   442 7324s
  3199  1364  609.89888   24 1421  617.52812  607.17278  1.68%   444 7855s
H 3200  1298                     617.5281074  607.17278  1.68%   444 7855s
H 3202  1234                     617.5246720  607.17278  1.68%   444 7855s
H 3207  1173                     617.5246640  607.17278  1.68%   444 7855s
H 3215  1114                     617.5238237  607.17278  1.68%   446 7855s
H 3225  1057                     617.5237985  607.17278  1.68%   445 7855s
  3257  1079  610.35160   26 1438  617.52380  607.17278  1.68%   449 7887s
  3316  1103  610.92749   28 1429  617.52380  607.17278  1.68%   453 7936s
  3394  1145     cutoff   31       617.52380  607.17278  1.68%   456 7962s
  3482  1208  612.12021   33 1434  617.52380  607.17278  1.68%   456 7994s
  3588  1235  612.70441   36 1382  617.52380  607.17278  1.68%   453 8033s
  3680  1254  613.74945   38 1370  617.52380  607.17278  1.68%   452 8056s
  3811  1237  616.82817   41 1404  617.52380  607.17278  1.68%   447 8080s
  3935  1254  617.42787   46 1386  617.52380  607.17278  1.68%   444 8111s
H 3941  1201                     617.5237833  607.17278  1.68%   444 8111s
  4052  1225     cutoff   48       617.52378  607.54033  1.62%   441 8148s
  4185  1249  612.14630   20 1432  617.52378  607.54033  1.62%   437 8201s
  4298  1269  612.71294   21 1456  617.52378  607.54033  1.62%   434 8866s
H 4303  1218                     617.5229402  607.54033  1.62%   434 8866s
H 4306  1171                     617.5229400  607.54033  1.62%   434 8866s
H 4323  1122                     617.5048022  607.54033  1.61%   434 8866s
H 4329  1079                     617.4723401  607.54033  1.61%   433 8866s
H 4336  1036                     617.4586335  607.54033  1.61%   433 8866s
  4398  1096  614.19227   23 1371  617.45863  607.54033  1.61%   431 9341s
H 4402  1056                     617.4586267  607.54033  1.61%   431 9341s
H 4405  1020                     617.4586252  607.54033  1.61%   431 9341s
H 4411   984                     617.4586248  607.54033  1.61%   431 9341s
H 4417   950                     617.4586245  607.54033  1.61%   431 9341s
H 4432   914                     617.4502383  607.54033  1.60%   430 9341s
  4497   997  615.24551   25 1364  617.45024  607.54033  1.60%   428 9593s
H 4500   967                     617.4502104  607.54033  1.60%   428 9593s
H 4524   942                     617.4365075  607.54033  1.60%   428 9593s
  4632  1148  615.90845   29 1377  617.43651  607.54033  1.60%   425 9619s
  4910  1332     cutoff   33       617.43651  608.79303  1.40%   413 9645s
  5189  1514  609.39692   22 1408  617.43651  608.80138  1.40%   402 9776s
H 5202  1514                     617.4365023  608.80138  1.40%   401 9776s
H 5235  1514                     617.4320846  608.80138  1.40%   401 9776s
  5438  1613  610.15949   24 1397  617.43208  608.80138  1.40%   394 9834s
  5580  1858  610.99082   26 1394  617.43208  608.80138  1.40%   389 9903s
  5882  2158  612.60465   31 1349  617.43208  608.80138  1.40%   381 10000s
  6257  2458  614.17017   37 1392  617.43208  608.80138  1.40%   368 10039s
  6650  2721  616.02780   45 1398  617.43208  608.80138  1.40%   355 10073s
  6981  2959  616.60257   54 1371  617.43208  608.80138  1.40%   347 10192s
  7284  3252  617.27394   74 1304  617.43208  609.21392  1.33%   340 10419s
H 7349  3252                     617.4320843  609.21392  1.33%   340 10419s
H 7407  3252                     617.4316273  609.21392  1.33%   337 10419s
H 7429  3244                     617.4147317  609.21392  1.33%   337 10419s
  7717  3547  611.34887   24 1398  617.41473  609.21392  1.33%   330 10484s
  8147  3950  612.81850   28 1362  617.41473  609.21392  1.33%   323 10567s
  8681  4245  613.97571   33 1379  617.41473  609.21392  1.33%   313 11254s
  9190  4495     cutoff   40       617.41473  610.74548  1.08%   305 12125s
H 9441  4490                     617.4128349  610.82592  1.07%   303 12125s
  9579  4843  612.16471   24 1455  617.41283  610.82592  1.07%   301 12330s
 10126  4910  614.25577   29 1369  617.41283  610.82592  1.07%   296 12531s
 10205  5343  614.67865   30 1356  617.41283  610.82592  1.07%   295 12572s
 10868  5689  615.63048   35 1349  617.41283  610.82592  1.07%   288 12614s
 11407  6227  617.01265   41 1359  617.41283  611.42980  0.97%   285 12663s

Cutting planes:
  Learned: 12
  Gomory: 34
  Cover: 81
  Implied bound: 60
  Projected implied bound: 204
  Clique: 6
  MIR: 558
  StrongCG: 2
  Flow cover: 3484
  GUB cover: 2
  Zero half: 14
  RLT: 1375
  Relax-and-lift: 229

Explored 12201 nodes (3432883 simplex iterations) in 12663.57 seconds
Thread count was 32 (of 32 available processors)

Solution count 10: 617.413 617.415 617.432 ... 617.459

Optimal solution found (tolerance 1.00e-02)
Best objective 6.174128349138e+02, best bound 6.118606385299e+02, gap 0.8993%

Gurobi 9.1.0 (linux64) logging started Thu Aug 19 21:09:08 2021

Changed value of parameter LogFile to eab_parasitoid_0_2_0.8_bud.log
   Prev:   Default: 
Changed value of parameter MIPGap to 0.01
   Prev: 0.0001  Min: 0.0  Max: inf  Default: 0.0001
Changed value of parameter Method to 2
   Prev: -1  Min: -1  Max: 5  Default: -1
Changed value of parameter MIPFocus to 2
   Prev: 0  Min: 0  Max: 3  Default: 0
Changed value of parameter RINS to 100
   Prev: -1  Min: -1  Max: 2000000000  Default: -1
Changed value of parameter SolutionLimit to 1
   Prev: 2000000000  Min: 1  Max: 2000000000  Default: 2000000000
Gurobi Optimizer version 9.1.0 build v9.1.0rc0 (linux64)
Thread count: 32 physical cores, 32 logical processors, using up to 32 threads
Optimize a model with 203396 rows, 134935 columns and 685039 nonzeros
Model fingerprint: 0x409ef7eb
Variable types: 55779 continuous, 79156 integer (79156 binary)
Coefficient statistics:
  Matrix range     [2e-04, 1e+06]
  Objective range  [1e-06, 1e-01]
  Bounds range     [1e+00, 6e+03]
  RHS range        [1e-04, 1e+06]

User MIP start produced solution with objective 627.811 (1.88s)
User MIP start produced solution with objective 625.161 (1.90s)
User MIP start produced solution with objective 617.413 (2.02s)
Loaded user MIP start with objective 617.413
Processed MIP start in 2.06 seconds


Explored 0 nodes (0 simplex iterations) in 2.07 seconds
Thread count was 1 (of 32 available processors)

Solution count 4: 617.413 

Solution limit reached
Best objective 6.174128230940e+02, best bound -, gap -
