
Gurobi 9.1.0 (linux64) logging started Thu Aug 19 05:38:59 2021

Changed value of parameter LogFile to eab_parasitoid0_1_0.6_bud_area.log
   Prev:   Default: 
Changed value of parameter MIPGap to 0.01
   Prev: 0.0001  Min: 0.0  Max: inf  Default: 0.0001
Changed value of parameter Method to 2
   Prev: -1  Min: -1  Max: 5  Default: -1
Changed value of parameter MIPFocus to 2
   Prev: 0  Min: 0  Max: 3  Default: 0
Changed value of parameter RINS to 100
   Prev: -1  Min: -1  Max: 2000000000  Default: -1
Gurobi Optimizer version 9.1.0 build v9.1.0rc0 (linux64)
Thread count: 32 physical cores, 32 logical processors, using up to 32 threads
Optimize a model with 203396 rows, 134935 columns and 685039 nonzeros
Model fingerprint: 0x3e82eca7
Variable types: 55779 continuous, 79156 integer (79156 binary)
Coefficient statistics:
  Matrix range     [2e-04, 1e+06]
  Objective range  [1e+00, 1e+00]
  Bounds range     [1e+00, 6e+03]
  RHS range        [1e-04, 1e+06]
Presolve removed 198085 rows and 130374 columns
Presolve time: 2.81s
Presolved: 5311 rows, 4561 columns, 73590 nonzeros
Variable types: 1878 continuous, 2683 integer (2683 binary)
Presolve removed 4 rows and 2 columns
Presolved: 5307 rows, 4559 columns, 73215 nonzeros

Root barrier log...

Ordering time: 0.14s

Barrier statistics:
 Dense cols : 93
 AA' NZ     : 2.582e+05
 Factor NZ  : 1.070e+06 (roughly 13 MBytes of memory)
 Factor Ops : 6.418e+08 (less than 1 second per iteration)
 Threads    : 31

                  Objective                Residual
Iter       Primal          Dual         Primal    Dual     Compl     Time
   0   7.10989873e+03 -3.59894415e+05  3.85e+03 7.78e-01  8.18e+02     3s
   1   3.07210523e+03 -4.11043487e+05  1.30e+03 1.06e+01  2.81e+02     3s
   2   1.07837053e+03 -3.22051878e+05  8.04e+01 1.08e-12  3.60e+01     3s
   3   9.85127059e+02 -1.22945944e+05  1.86e+01 1.13e-12  1.03e+01     3s
   4   9.60613837e+02 -1.29788003e+04  2.22e-15 2.02e-13  9.87e-01     3s
   5   9.34399020e+02 -1.57072073e+03  4.14e-15 3.55e-14  1.77e-01     3s
   6   8.63669103e+02 -6.68820746e+01  1.41e-15 1.24e-14  6.59e-02     3s
   7   8.22460222e+02  2.37873930e+02  8.88e-16 9.59e-15  4.14e-02     3s
   8   8.08966278e+02  5.05124765e+02  1.78e-15 3.81e-15  2.15e-02     3s
   9   8.01353437e+02  6.10491318e+02  1.95e-15 2.54e-15  1.35e-02     3s
  10   7.97098943e+02  6.80105975e+02  8.88e-16 1.65e-15  8.28e-03     4s
  11   7.94207506e+02  7.06981220e+02  1.72e-15 1.02e-15  6.17e-03     4s
  12   7.92779505e+02  7.46803830e+02  1.33e-15 6.41e-16  3.25e-03     4s
  13   7.92302664e+02  7.67491768e+02  4.66e-15 8.88e-16  1.76e-03     4s
  14   7.91814084e+02  7.75814117e+02  1.89e-15 8.88e-16  1.13e-03     4s
  15   7.91513493e+02  7.86897192e+02  2.22e-15 4.44e-16  3.27e-04     4s
  16   7.91368939e+02  7.88935024e+02  2.89e-15 9.97e-16  1.72e-04     4s
  17   7.91251568e+02  7.90351057e+02  1.57e-13 4.44e-16  6.37e-05     4s
  18   7.91202897e+02  7.90962277e+02  5.26e-14 1.42e-14  1.70e-05     4s
  19   7.91194740e+02  7.91116134e+02  1.37e-13 4.44e-16  5.56e-06     4s
  20   7.91193821e+02  7.91151635e+02  1.49e-13 4.44e-16  2.99e-06     4s
  21   7.91192870e+02  7.91191619e+02  1.79e-11 8.88e-16  8.85e-08     4s
  22   7.91192577e+02  7.91192535e+02  4.31e-12 8.88e-16  2.99e-09     4s
  23   7.91192576e+02  7.91192576e+02  8.60e-12 1.42e-14  2.99e-12     4s
  24   7.91192576e+02  7.91192576e+02  4.58e-12 4.44e-16  2.99e-15     4s

Barrier solved model in 24 iterations and 3.83 seconds
Optimal objective 7.91192576e+02


Root relaxation: objective 7.911926e+02, 4006 iterations, 0.96 seconds

    Nodes    |    Current Node    |     Objective Bounds      |     Work
 Expl Unexpl |  Obj  Depth IntInf | Incumbent    BestBd   Gap | It/Node Time

     0     0  791.19258    0  204          -  791.19258      -     -    4s
     0     0  791.24270    0  646          -  791.24270      -     -    6s
     0     0  791.24282    0  643          -  791.24282      -     -    6s
     0     0  791.46817    0  748          -  791.46817      -     -    9s
     0     0  791.65649    0  750          -  791.65649      -     -   10s
     0     0  791.66897    0  748          -  791.66897      -     -   10s
     0     0  791.66990    0  750          -  791.66990      -     -   10s
     0     0  791.66991    0  750          -  791.66991      -     -   10s
     0     0  792.47052    0  781          -  792.47052      -     -   13s
     0     0  792.47052    0  784          -  792.47052      -     -   14s
     0     0  792.47052    0  804          -  792.47052      -     -   15s
     0     0  792.47052    0  804          -  792.47052      -     -   15s
     0     0  792.47052    0  810          -  792.47052      -     -   15s
     0     0  792.64640    0  798          -  792.64640      -     -   19s
     0     0  793.47857    0  807          -  793.47857      -     -   21s
     0     0  793.47857    0  815          -  793.47857      -     -   21s
     0     0  793.47857    0  817          -  793.47857      -     -   21s
     0     0  793.47857    0  816          -  793.47857      -     -   22s
     0     0  793.47857    0  786          -  793.47857      -     -   26s
     0     0  793.47857    0  796          -  793.47857      -     -   28s
     0     0  793.47857    0  818          -  793.47857      -     -   28s
     0     0  793.47857    0  826          -  793.47857      -     -   29s
     0     0  793.47857    0  826          -  793.47857      -     -   29s
     0     0  793.47857    0  811          -  793.47857      -     -   38s
     0     0  793.47857    0  826          -  793.47857      -     -   40s
     0     0  793.47857    0  820          -  793.47857      -     -   40s
     0     0  793.47857    0  822          -  793.47857      -     -   41s
H    0     0                     899.0900229  793.47857  11.7%     -   41s
     0     0  793.47857    0  839  899.09002  793.47857  11.7%     -   41s
     0     0  794.17045    0  798  899.09002  794.17045  11.7%     -   48s
     0     0  794.24665    0  808  899.09002  794.24665  11.7%     -   51s
     0     0  794.25802    0  819  899.09002  794.25802  11.7%     -   52s
     0     0  794.25951    0  830  899.09002  794.25951  11.7%     -   53s
     0     0  794.28104    0  813  899.09002  794.28104  11.7%     -   57s
     0     0  794.28578    0  819  899.09002  794.28578  11.7%     -   58s
     0     0  794.28753    0  823  899.09002  794.28753  11.7%     -   59s
     0     0  794.29978    0  828  899.09002  794.29978  11.7%     -   62s
     0     0  794.29978    0  815  899.09002  794.29978  11.7%     -   67s
H    0     0                     875.7472345  794.29978  9.30%     -  544s
     0     2  794.29978    0  811  875.74723  794.29978  9.30%     -  545s
     3     2  795.34732    2  778  875.74723  794.40159  9.29%  1129  558s
     5     2 infeasible    3       875.74723  795.34732  9.18%  2710  567s
     7     2  797.40531    4  751  875.74723  796.44282  9.06%  2403  579s
H    9     4                     868.3971679  797.40531  8.18%  2536  589s
    11     4 infeasible    6       868.39717  797.85626  8.12%  2690  647s
    15     4  799.50455    7  724  868.39717  798.71409  8.02%  2699  652s
    19     4 infeasible    8       868.39717  799.50455  7.93%  3120  768s
    23     4  801.34124    9  700  868.39717  800.44763  7.82%  2921  795s
    27     5 infeasible   10       868.39717  801.34124  7.72%  3262  816s
    31     6  803.18357   11  703  868.39717  802.24439  7.62%  3152  827s
    36     6 infeasible   12       868.39717  803.18357  7.51%  3022  883s
    42     8  805.23369   13  717  868.39717  804.19804  7.39%  3112  893s
    48     8 infeasible   14       868.39717  804.46154  7.36%  3055 1033s
H   56     8                     868.3645189  805.50273  7.24%  3103 1104s
H   57     8                     867.3394031  805.50273  7.13%  3082 1104s
H   60     8                     867.3160198  806.25115  7.04%  3016 1104s
    64     6 infeasible   16       867.31602  806.52037  7.01%  3067 1143s
    72    10  809.05520   17  767  867.31602  807.99143  6.84%  3076 1172s
    78    18 infeasible   18       867.31602  808.28157  6.81%  3233 1180s
    88    28  808.64631   19  613  867.31602  808.54206  6.78%  3304 1191s
H   89    28                     866.2881785  808.54206  6.67%  3267 1191s
H   91    28                     865.2700620  808.54206  6.56%  3228 1191s
   106    50  808.84326   20  595  865.27006  808.64631  6.54%  3231 1208s
   134    80  809.81868   21  625  865.27006  808.84326  6.52%  3402 1266s
H  166   110                     861.0930650  809.40012  6.00%  3115 1315s
H  185   110                     860.0391073  809.40012  5.89%  2910 1315s
H  191   110                     856.8719382  809.40012  5.54%  2862 1315s
H  200   140                     852.7055645  809.40012  5.08%  2890 3568s
H  200   140                     850.5660938  809.40012  4.84%  2890 3568s
H  201   140                     848.5678975  809.40012  4.62%  2879 3568s
H  202   140                     848.4105295  809.40012  4.60%  2867 3568s
H  209   140                     847.4829908  809.40012  4.49%  2824 3568s
H  212   140                     844.2985801  809.40012  4.13%  2815 3568s
   232   177  810.14134   24  625  844.29858  809.40012  4.13%  2720 3880s
H  283   193                     843.2704884  809.40012  4.02%  2699 4037s
H  285   193                     842.1572409  809.40012  3.89%  2684 4037s
H  299   193                     840.0041788  809.40012  3.64%  2683 4037s
   317   201 infeasible   27       840.00418  809.40012  3.64%  2648 4100s
   357   223 infeasible   27       840.00418  809.40012  3.64%  2660 4556s
   391   274 infeasible   26       840.00418  809.40012  3.64%  2673 5016s
   458   332  813.17658   25  591  840.00418  809.40012  3.64%  2466 5110s
   532   396 infeasible   26       840.00418  809.40012  3.64%  2296 5248s
   612   513 infeasible   26       840.00418  809.40012  3.64%  2233 5763s
   759   751  809.40012   25  545  840.00418  809.40012  3.64%  2110 5968s
  1040  1104  809.40012   35  572  840.00418  809.40012  3.64%  1858 6084s
  1419  1586  810.49685   37  532  840.00418  809.40012  3.64%  1667 6134s
  1932  2032  810.49685   66  481  840.00418  809.40012  3.64%  1455 6418s
  2422  2363  812.63205   93  442  840.00418  809.40012  3.64%  1332 6814s
  2879  2664 infeasible  119       840.00418  809.40012  3.64%  1284 7030s
  3307  2665  810.47406   38  815  840.00418  809.40012  3.64%  1238 7218s
  3309  2666  810.49685   57  218  840.00418  809.40012  3.64%  1237 7228s
  3310  2667  813.65553   62  555  840.00418  809.40012  3.64%  1236 7236s
  3312  2668  813.71390  110  740  840.00418  809.40012  3.64%  1236 7241s
  3314  2670  811.54182   23  718  840.00418  809.40012  3.64%  1235 7246s
  3315  2670  811.56710   80  702  840.00418  809.40012  3.64%  1235 7273s
  3316  2671  810.47072   70  747  840.00418  809.40012  3.64%  1234 7291s
  3317  2672  814.70887  124  722  840.00418  809.40012  3.64%  1234 7319s
  3318  2672  810.46632   82  721  840.00418  809.40012  3.64%  1233 7334s
  3319  2673  816.79525  145  721  840.00418  809.40012  3.64%  1233 7350s
  3320  2675 infeasible   15       840.00418  809.40012  3.64%  1242 7392s
  3322  2674  809.40012   16  787  840.00418  809.40012  3.64%  1242 7419s
  3324  2673 infeasible   17       840.00418  809.40012  3.64%  1245 7446s
  3326  2673  809.40012   18  823  840.00418  809.40012  3.64%  1245 7538s
  3328  2674  809.40012   19  799  840.00418  809.40012  3.64%  1245 7581s
  3330  2677  809.40012   20  791  840.00418  809.40012  3.64%  1244 7646s
  3334  2678  809.40012   21  791  840.00418  809.40012  3.64%  1244 7664s
  3342  2685  809.40012   22  802  840.00418  809.40012  3.64%  1244 7671s
  3352  2702  809.40012   23  804  840.00418  809.40012  3.64%  1242 7680s
  3372  2725  809.40012   24  814  840.00418  809.40012  3.64%  1238 7688s
  3404  2745  809.40012   25  805  840.00418  809.40012  3.64%  1234 7726s
  3436  2764  809.40012   26  802  840.00418  809.40012  3.64%  1235 7732s
  3468  2783  809.40012   27  798  840.00418  809.40012  3.64%  1231 7741s
  3500  2801  809.40012   28  787  840.00418  809.40012  3.64%  1227 8761s
  3532  2822  809.40012   29  785  840.00418  809.40012  3.64%  1225 8772s
H 3533  2688                     838.9512788  809.40012  3.52%  1225 8772s
H 3535  2559                     838.9431953  809.40012  3.52%  1225 8772s
H 3562  2430                     838.9115828  809.40012  3.52%  1226 8772s
  3564  2453  809.40012   30  777  838.91158  809.40012  3.52%  1226 8800s
  3596  2470  809.40012   31  777  838.91158  809.40012  3.52%  1232 8815s
H 3603  2352                     837.8518299  809.40012  3.40%  1232 8815s
  3629  2387  809.40012   32  775  837.85183  809.40012  3.40%  1235 8848s
  3680  2447  809.40012   34  769  837.85183  809.40012  3.40%  1238 8869s
  3763  2493  809.40012   34  773  837.85183  809.40012  3.40%  1225 8888s
  3845  2498  809.40012   37  747  837.85183  809.40012  3.40%  1213 8947s
H 3846  2388                     836.8224118  809.40012  3.28%  1213 8947s
H 3848  2284                     836.7850188  809.40012  3.27%  1213 8947s
H 3864  2180                     836.7274383  809.40012  3.27%  1211 8947s
H 3871  2084                     835.7500730  809.40012  3.15%  1210 8947s
  3877  2184  809.40012   38  746  835.75007  809.40012  3.15%  1209 8960s
  3989  2221  809.40012   42  748  835.75007  809.40012  3.15%  1188 8973s
  4073  2281  809.40012   42  752  835.75007  809.40012  3.15%  1181 8999s
  4167  2315 infeasible   44       835.75007  809.40012  3.15%  1174 9023s
  4253  2347 infeasible   43       835.75007  809.40012  3.15%  1175 9043s
  4333  2422  809.49397   45  727  835.75007  809.40012  3.15%  1178 9054s
  4439  2527  812.61278   48  637  835.75007  809.40012  3.15%  1170 9078s
  4587  2580  813.66975   52  647  835.75007  809.40012  3.15%  1152 9118s
  4700  2572  814.75438   55  590  835.75007  809.40012  3.15%  1152 9550s
  4735  2695  814.74270   56  606  835.75007  809.40012  3.15%  1150 9605s
  4890  2797 infeasible   57       835.75007  809.40012  3.15%  1139 9649s
  5058  2872  815.77168   57  589  835.75007  809.40012  3.15%  1120 9698s
  5217  2932  815.78392   59  529  835.75007  809.40012  3.15%  1111 9769s
  5360  3008  815.78392   65  487  835.75007  809.40012  3.15%  1108 9801s
  5521  2986  815.78392   67  464  835.75007  809.40012  3.15%  1107 9870s
  5632  3027  815.78392   69  488  835.75007  809.40012  3.15%  1123 9901s
  5758  3106  815.78392   69  496  835.75007  809.40012  3.15%  1132 9939s
  5905  3116  815.78392   73  484  835.75007  809.40012  3.15%  1142 9973s
  6026  3165  815.79733   76  647  835.75007  809.40012  3.15%  1157 10002s
  6145  3192  815.78392   76  476  835.75007  809.40012  3.15%  1170 10026s
  6228  3319  815.78392   77  468  835.75007  809.40012  3.15%  1180 10059s
  6389  3419  816.80182   80  520  835.75007  809.40012  3.15%  1181 10107s
  6556  3518  816.88948   83  614  835.75007  809.40012  3.15%  1187 10169s
  6727  3627  817.84622   83  499  835.75007  809.40012  3.15%  1187 10235s
  6915  3710  816.80182   90  494  835.75007  809.40012  3.15%  1191 10333s
  7109  3770  816.80182   94  495  835.75007  809.40012  3.15%  1194 10426s
  7302  3861  816.80182   95  516  835.75007  809.40012  3.15%  1199 10453s
  7518  3965  816.80182   97  537  835.75007  809.40012  3.15%  1205 10504s
  7749  3970  816.80268   96  594  835.75007  809.40012  3.15%  1209 10616s
  7867  4146  816.80182   98  542  835.75007  809.40012  3.15%  1218 10710s
  8122  4400  816.80304  104  561  835.75007  809.40012  3.15%  1214 11001s
  8522  4580  817.86396  118  438  835.75007  809.40012  3.15%  1198 11172s
  8884  4839  817.86396  128  448  835.75007  809.40012  3.15%  1188 11279s
  9260  5141 infeasible  141       835.75007  809.40012  3.15%  1175 11351s
  9646  5518 infeasible  139       835.75007  809.40012  3.15%  1166 11482s
 10057  5748 infeasible  148       835.75007  809.40012  3.15%  1157 11693s
 10337  6088  809.40012   26  818  835.75007  809.40012  3.15%  1148 11767s
 10764  6475  809.40012   31  737  835.75007  809.40012  3.15%  1144 11863s
 11221  6879  810.52845   40  668  835.75007  809.40012  3.15%  1134 12098s
 11705  7224  813.72476   51  556  835.75007  809.40012  3.15%  1128 12210s
 12154  7621  814.79552   65  389  835.75007  809.40012  3.15%  1121 12303s
 12603  8030  815.87683   70  445  835.75007  809.40012  3.15%  1119 12510s
 13064  8339  817.96100   79  493  835.75007  809.40012  3.15%  1116 12677s
 13474  8692  818.97930   98  425  835.75007  809.40012  3.15%  1122 12910s
 13901  8929  821.03005  117  422  835.75007  809.40012  3.15%  1129 13039s
 14180  9318  821.03005  123  444  835.75007  809.40012  3.15%  1128 13272s
H14291  8497                     832.5922939  809.40012  2.79%  1128 13272s
 14617  8870  825.23086  142  413  832.59229  809.40012  2.79%  1132 13353s
 15076  9586  827.39315  185  342  832.59229  809.40012  2.79%  1135 13429s
 15818 10146  831.57684  259  214  832.59229  809.40012  2.79%  1124 13730s
 16506 10603  809.40012   30  773  832.59229  809.40012  2.79%  1118 14077s
 17140 10973  809.40012   36  734  832.59229  809.40012  2.79%  1115 14497s
 17678 11265  812.62492   52  486  832.59229  809.40012  2.79%  1118 14734s
 18090 11613  815.87363   64  630  832.59229  809.40012  2.79%  1130 15335s
H18198 11037                     831.5768422  809.40012  2.67%  1132 15335s
H18299 10363                     829.4325017  809.40012  2.42%  1130 15335s
 18464 10873  817.91408   74  625  829.43250  809.40012  2.42%  1136 15398s
 19067 11261  822.18303   96  495  829.43250  809.40012  2.42%  1143 15470s
 19575 11622  824.69562  109  536  829.43250  809.40012  2.42%  1156 15661s
H19963 10540                     825.2901193  809.40012  1.93%  1165 15661s
 20046 10965     cutoff  112       825.29012  809.40012  1.93%  1170 15847s
 20636 11380  809.40012   31  732  825.29012  809.40012  1.93%  1181 16153s
H20979 11094                     824.1993607  809.40012  1.80%  1187 16153s
 21115 11773  810.47384   36  676  824.19936  809.40012  1.80%  1187 16334s
H21393 10867                     822.0254530  809.40012  1.54%  1188 16334s
 21914 11351  812.57887   45  614  822.02545  809.40012  1.54%  1196 16509s
 22656 11682  813.61563   50  469  822.02545  809.40012  1.54%  1204 16841s
 23186 12069  813.61563   56  482  822.02545  809.40012  1.54%  1220 17021s
 23725 12593  813.62782   61  590  822.02545  809.40012  1.54%  1235 17497s
 24395 12945  814.62632   70  429  822.02545  809.40012  1.54%  1247 18408s
H24754 12282                     820.9496425  809.40012  1.41%  1244 18408s
 24821 12753  814.62632   73  435  820.94964  809.40012  1.41%  1245 18905s
 25525 12748  815.68373   84  553  820.94964  809.40012  1.41%  1251 19273s
 25589 13362  816.77203   84  519  820.94964  809.40012  1.41%  1255 19814s
 26323 14158  818.76226  108  527  820.94964  809.40012  1.41%  1270 20333s
 27347 14931  819.09320  121  534  820.94964  809.40012  1.41%  1281 20832s
 28414 15620  810.50884   44  643  820.94964  809.40012  1.41%  1289 21288s
 29385 16101  815.29023   76  608  820.94964  809.40012  1.41%  1306 21788s
H30093 15190                     819.9389559  809.40012  1.29%  1315 21788s
 30112 16872  810.51637   38  684  819.93896  809.40012  1.29%  1315 22974s
 32544 17836  809.42231   35  692  819.93896  809.40012  1.29%  1361 24391s
 33977 18929  810.52829   45  639  819.93896  809.40012  1.29%  1389 25382s
 35570 19716  816.86694  113  617  819.93896  809.40012  1.29%  1401 26526s
 36953 20580  810.48794   39  630  819.93896  809.40012  1.29%  1411 27505s
 38324 21700  816.86908   65  521  819.93896  809.40012  1.29%  1434 28384s
 39808 23066  810.51138   44  626  819.93896  809.40012  1.29%  1461 29233s
 41657 23949 infeasible   97       819.93896  809.40012  1.29%  1479 29959s
 41909 23949 infeasible   69       819.93896  809.40012  1.29%  1482 29960s
 43064 24772 infeasible   61       819.93896  809.40012  1.29%  1503 31119s
 44558 25599  812.52333   48  751  819.93896  809.40012  1.29%  1523 32246s
 46034 26664  813.68572   53  470  819.93896  809.40012  1.29%  1549 33400s
 47685 27508 infeasible   73       819.93896  809.40012  1.29%  1570 35446s
 49044 28766  813.66120   53  620  819.93896  809.40012  1.29%  1572 36986s
 51024 30211  815.75225   83  529  819.93896  809.40012  1.29%  1589 38779s
 53423 31559  816.86296   69  546  819.93896  809.40012  1.29%  1602 39936s
 55688 32819  814.78421   53  590  819.93896  809.40012  1.29%  1614 40998s
 57877 33941  813.75420   43  603  819.93896  809.40012  1.29%  1625 42123s
 59884 35001  813.67194   46  465  819.93896  809.40012  1.29%  1634 43542s
 61863 36675  811.69424   49  664  819.93896  809.40012  1.29%  1643 46131s
 64371 38697 infeasible   70       819.93896  809.40012  1.29%  1656 48326s
 67323 40348  818.88161  159  311  819.93896  809.40012  1.29%  1664 49931s
 70057 42273  811.76485   44  610  819.93896  809.40012  1.29%  1673 51661s
 73070 43910  813.64282   48  530  819.93896  809.44195  1.28%  1675 54058s
 75454 46892  816.81518  141  437  819.93896  809.44205  1.28%  1679 55862s
 79597 49420  817.83989   91  485  819.93896  809.45328  1.28%  1679 58840s
 83476 51277  810.52598   36  668  819.93896  809.45531  1.28%  1688 61350s
 86641 52973     cutoff   55       819.93896  809.46135  1.28%  1704 64246s
 89959 54540  812.62110   43  584  819.93896  809.46135  1.28%  1715 66356s
 92947 55975  817.84775   99  524  819.93896  809.47256  1.28%  1721 69547s
 95982 57364  814.73590   58  500  819.93896  809.52234  1.27%  1734 71880s
 98919 58298  818.05602   65  613  819.93896  809.56123  1.27%  1750 74468s
 101601 60748     cutoff   75       819.93896  809.93356  1.22%  1768 77480s
 105541 64524 infeasible   80       819.93896  810.46651  1.16%  1775 81517s
 110854 66824  814.72946   54  601  819.93896  810.46988  1.15%  1802 85408s
 114681 70900  812.53681   50  421  819.93896  810.47147  1.15%  1817 89534s
 119662 70900 infeasible   64       819.93896  810.47325  1.15%  1817 89535s
 120501 73755  postponed   61       819.93896  810.47350  1.15%  1819 92596s
 124606 76807  818.94039   74  602  819.93896  810.47576  1.15%  1836 96484s
 126147 76807  813.66393   62  571  819.93896  810.47631  1.15%  1835 96485s
 129721 80403  812.53681   48  472  819.93896  810.47724  1.15%  1847 100632s
 134819 82950  815.70355  105  464  819.93896  810.47942  1.15%  1862 104347s
 139351 85699  814.01455   50  646  819.93896  810.48198  1.15%  1873 108907s
 143756 88031  814.79736   54  639  819.93896  810.48495  1.15%  1887 112057s

Cutting planes:
  Learned: 25
  Gomory: 61
  Cover: 853
  Implied bound: 206
  Projected implied bound: 37
  Clique: 10
  MIR: 954
  StrongCG: 10
  Flow cover: 4128
  GUB cover: 2
  Inf proof: 13
  Zero half: 23
  RLT: 2365
  Relax-and-lift: 426

Explored 147763 nodes (278743198 simplex iterations) in 112061.89 seconds
Thread count was 32 (of 32 available processors)

Solution count 10: 819.939 820.95 822.025 ... 836.727

Solve interrupted
Best objective 8.199389558811e+02, best bound 8.104890307316e+02, gap 1.1525%
