
Gurobi 9.1.0 (linux64) logging started Sun Aug 15 23:14:16 2021

Changed value of parameter LogFile to eab_parasitoid_0.6_0_0_area_street.log
   Prev:   Default: 
Changed value of parameter MIPGap to 0.01
   Prev: 0.0001  Min: 0.0  Max: inf  Default: 0.0001
Changed value of parameter Method to 2
   Prev: -1  Min: -1  Max: 5  Default: -1
Changed value of parameter MIPFocus to 2
   Prev: 0  Min: 0  Max: 3  Default: 0
Changed value of parameter RINS to 100
   Prev: -1  Min: -1  Max: 2000000000  Default: -1
Gurobi Optimizer version 9.1.0 build v9.1.0rc0 (linux64)
Thread count: 32 physical cores, 32 logical processors, using up to 32 threads
Optimize a model with 203386 rows, 134930 columns and 685029 nonzeros
Model fingerprint: 0xc1ff82df
Variable types: 55774 continuous, 79156 integer (79156 binary)
Coefficient statistics:
  Matrix range     [2e-04, 1e+06]
  Objective range  [4e-07, 7e-01]
  Bounds range     [1e+00, 6e+03]
  RHS range        [1e-04, 1e+06]
Presolve removed 195152 rows and 128103 columns
Presolve time: 3.73s
Presolved: 8234 rows, 6827 columns, 113842 nonzeros
Variable types: 2731 continuous, 4096 integer (4095 binary)
Presolve removed 20 rows and 14 columns
Presolved: 8214 rows, 6813 columns, 113785 nonzeros

Root barrier log...

Ordering time: 0.18s

Barrier statistics:
 Dense cols : 127
 AA' NZ     : 4.938e+05
 Factor NZ  : 2.106e+06 (roughly 23 MBytes of memory)
 Factor Ops : 1.562e+09 (less than 1 second per iteration)
 Threads    : 31

                  Objective                Residual
Iter       Primal          Dual         Primal    Dual     Compl     Time
   0   5.31769813e+05 -1.51309240e+06  2.51e+04 7.68e-01  8.06e+03     4s
   1   3.63598554e+05 -1.77525204e+06  1.70e+04 4.33e+01  5.25e+03     4s
   2   2.69629916e+04 -1.78291922e+06  1.07e+03 2.46e-11  4.18e+02     5s
   3   3.65865606e+03 -8.37539957e+05  1.12e+02 1.74e-12  6.44e+01     5s
   4   1.06904736e+03 -1.63195046e+05  4.89e+00 5.57e-13  8.08e+00     5s
   5   9.23562032e+02 -3.06280972e+04  4.88e-05 4.55e-13  1.46e+00     5s
   6   8.91578248e+02 -5.48445147e+03  7.73e-06 1.20e-13  2.96e-01     5s
   7   8.11530131e+02 -5.82849082e+02  2.04e-06 4.26e-14  6.46e-02     5s
   8   7.62636284e+02  2.69142516e+02  6.74e-07 3.46e-14  2.29e-02     5s
   9   7.40752556e+02  6.17820599e+02  2.00e-07 2.84e-14  5.70e-03     5s
  10   7.32255135e+02  6.84121393e+02  5.50e-08 2.84e-14  2.23e-03     5s
  11   7.30189749e+02  7.12280809e+02  2.62e-08 2.84e-14  8.30e-04     5s
  12   7.29154002e+02  7.21149872e+02  1.42e-08 2.84e-14  3.71e-04     5s
  13   7.28785241e+02  7.23777667e+02  1.04e-08 1.42e-14  2.32e-04     5s
  14   7.28408627e+02  7.25351441e+02  6.86e-09 2.84e-14  1.42e-04     5s
  15   7.28009772e+02  7.26581101e+02  3.24e-09 2.84e-14  6.62e-05     5s
  16   7.27719562e+02  7.27162094e+02  8.63e-10 2.84e-14  2.58e-05     5s
  17   7.27665806e+02  7.27515882e+02  4.57e-10 4.26e-14  6.95e-06     5s
  18   7.27643118e+02  7.27537464e+02  2.94e-10 2.84e-14  4.90e-06     5s
  19   7.27634743e+02  7.27564331e+02  2.39e-10 2.84e-14  3.26e-06     5s
  20   7.27617298e+02  7.27581170e+02  1.21e-10 2.84e-14  1.67e-06     5s
  21   7.27613393e+02  7.27586627e+02  9.57e-11 2.84e-14  1.24e-06     5s
  22   7.27607976e+02  7.27591931e+02  6.17e-11 2.84e-14  7.44e-07     6s
  23   7.27603123e+02  7.27596812e+02  3.09e-11 2.84e-14  2.93e-07     6s
  24   7.27599869e+02  7.27597961e+02  1.82e-11 2.84e-14  8.85e-08     6s
  25   7.27599047e+02  7.27598347e+02  5.69e-12 2.84e-14  3.24e-08     6s
  26   7.27598798e+02  7.27598512e+02  1.84e-12 2.84e-14  1.33e-08     6s
  27   7.27598695e+02  7.27598585e+02  9.49e-13 2.84e-14  5.11e-09     6s
  28   7.27598633e+02  7.27598616e+02  5.92e-13 2.84e-14  7.98e-10     6s
  29   7.27598629e+02  7.27598628e+02  1.26e-13 5.68e-14  5.70e-11     6s
  30   7.27598629e+02  7.27598629e+02  2.28e-13 3.17e-14  4.59e-12     6s

Barrier solved model in 30 iterations and 5.98 seconds
Optimal objective 7.27598629e+02


Root crossover log...

     637 DPushes remaining with DInf 0.0000000e+00                 6s
       0 DPushes remaining with DInf 0.0000000e+00                 6s

    2899 PPushes remaining with PInf 4.0624724e-06                 6s
       0 PPushes remaining with PInf 0.0000000e+00                 6s

  Push phase complete: Pinf 0.0000000e+00, Dinf 8.0495662e-05      6s


Root simplex log...

Iteration    Objective       Primal Inf.    Dual Inf.      Time
    3354    7.2759863e+02   0.000000e+00   8.049566e-05      6s
    3362    7.2759863e+02   0.000000e+00   0.000000e+00      6s
    3362    7.2759863e+02   0.000000e+00   0.000000e+00      6s

Root relaxation: objective 7.275986e+02, 3362 iterations, 2.20 seconds

    Nodes    |    Current Node    |     Objective Bounds      |     Work
 Expl Unexpl |  Obj  Depth IntInf | Incumbent    BestBd   Gap | It/Node Time

     0     0  727.59863    0 1596          -  727.59863      -     -    6s
     0     0  728.60744    0 1869          -  728.60744      -     -    8s
     0     0  729.80747    0 1981          -  729.80747      -     -   11s
     0     0  729.84804    0 1957          -  729.84804      -     -   12s
     0     0  729.85093    0 1953          -  729.85093      -     -   12s
     0     0  729.85107    0 1950          -  729.85107      -     -   12s
     0     0  730.59865    0 1895          -  730.59865      -     -   15s
H    0     0                     814.2590659  730.59865  10.3%     -   17s
     0     0  730.78197    0 1843  814.25907  730.78197  10.3%     -   17s
     0     0  730.87947    0 1795  814.25907  730.87947  10.2%     -   19s
     0     0  730.88585    0 1793  814.25907  730.88585  10.2%     -   19s
     0     0  730.88614    0 1797  814.25907  730.88614  10.2%     -   20s
     0     0  731.23877    0 1665  814.25907  731.23877  10.2%     -   23s
H    0     0                     783.6157831  731.23877  6.68%     -   25s
     0     0  731.34080    0 1657  783.61578  731.34080  6.67%     -   30s
     0     0  731.35268    0 1666  783.61578  731.35268  6.67%     -   31s
     0     0  731.35410    0 1666  783.61578  731.35410  6.67%     -   32s
     0     0  731.48739    0 1595  783.61578  731.48739  6.65%     -   39s
H    0     0                     783.6155050  731.48739  6.65%     -   40s
     0     0  731.53537    0 1585  783.61551  731.53537  6.65%     -   42s
     0     0  731.54168    0 1599  783.61551  731.54168  6.65%     -   43s
     0     0  731.54398    0 1600  783.61551  731.54398  6.65%     -   44s
     0     0  731.64435    0 1586  783.61551  731.64435  6.63%     -   51s
     0     0  731.65605    0 1615  783.61551  731.65605  6.63%     -   53s
     0     0  731.65853    0 1608  783.61551  731.65853  6.63%     -   54s
     0     0  732.07372    0 1576  783.61551  732.07372  6.58%     -   65s
     0     0  732.19757    0 1546  783.61551  732.19757  6.56%     -   68s
     0     0  732.20807    0 1546  783.61551  732.20807  6.56%     -   71s
     0     0  732.21099    0 1559  783.61551  732.21099  6.56%     -   72s
     0     0  732.41934    0 1561  783.61551  732.41934  6.53%     -   84s
H    0     0                     778.2238060  732.41934  5.89%     -   85s
     0     0  732.44812    0 1534  778.22381  732.44812  5.88%     -   90s
     0     0  732.45663    0 1564  778.22381  732.45663  5.88%     -   92s
     0     0  732.45804    0 1561  778.22381  732.45804  5.88%     -   94s
H    0     0                     775.9081720  732.45804  5.60%     -   97s
H    0     0                     775.9081600  732.45804  5.60%     -   97s
     0     0  732.48100    0 1542  775.90816  732.48100  5.60%     -  102s
H    0     0                     775.9081416  732.48100  5.60%     -  102s
H    0     0                     775.9075446  732.48100  5.60%     -  103s
H    0     0                     775.9075403  732.48100  5.60%     -  103s
     0     0  732.48793    0 1559  775.90754  732.48793  5.60%     -  105s
     0     0  732.48943    0 1568  775.90754  732.48943  5.60%     -  107s
     0     0  732.50431    0 1538  775.90754  732.50431  5.59%     -  115s
     0     0  732.50431    0 1536  775.90754  732.50431  5.59%     -  117s
H    0     0                     771.9450014  732.50431  5.11%     - 1000s
     0     2  732.50431    0 1536  771.94500  732.50431  5.11%     - 1002s
     1     4  732.50438    1 1534  771.94500  732.50437  5.11%   241 1005s
     3     8  734.41340    2 1530  771.94500  732.50448  5.11%   584 1012s
     7    16  736.73030    3 1482  771.94500  732.68445  5.09%  1206 1028s
    15    16 infeasible    4       771.94500  733.28970  5.01%  2373 1179s
H   31    16                     771.9449279  733.93425  4.92%  2915 1248s
H   32    16                     771.9449237  733.93462  4.92%  2898 1248s
H   34    16                     771.9447629  733.93462  4.92%  2864 1248s
H   35    16                     771.9447252  733.93462  4.92%  2831 1248s
H   36    16                     771.9445529  733.93462  4.92%  2870 1249s
    47    16 infeasible    6       771.94455  734.54849  4.84%  3221 2183s
    63    16  735.68628    7 1399  771.94455  735.13752  4.77%  4016 2458s
    79    16 infeasible    8       771.94455  735.68628  4.70%  4224 2562s
H   87    16                     771.2122977  735.68628  4.61%  4614 2562s
    95    28  736.82032    9 1402  771.21230  736.23893  4.53%  4403 2941s
   111    30 infeasible   10       771.21230  736.82182  4.46%  4825 3202s
H  139    30                     771.2122910  737.34695  4.39%  4905 3486s
H  140    30                     771.2122783  737.34695  4.39%  4878 3486s
H  143    30                     771.2111086  737.34695  4.39%  4800 3486s
   169    31 infeasible   12       771.21111  737.88294  4.32%  5094 3852s
   202    39 infeasible   14       771.21111  738.44836  4.25%  5396 4118s
H  203    39                     771.2111077  738.44836  4.25%  5369 4118s
H  206    39                     771.2111069  738.44836  4.25%  5347 4118s
H  210    39                     771.2110924  738.44836  4.25%  5262 4118s
H  213    39                     771.2110917  738.44836  4.25%  5216 4118s
H  216    39                     771.2085057  738.44997  4.25%  5213 4118s
H  217    39                     770.5820637  738.90811  4.11%  5195 4118s
H  237    39                     770.5459433  738.90811  4.11%  5550 4118s
H  240    50                     770.5436471  738.90811  4.11%  5528 4482s
H  245    50                     770.4627079  738.90811  4.10%  5705 4482s
   283    46 infeasible   15       770.46271  739.51634  4.02%  5448 4817s
H  284    46                     768.5092355  739.51634  3.77%  5429 4817s
H  311    46                     767.8898444  739.51634  3.69%  5494 4817s
   317    47  740.05217   15 1295  767.88984  739.51634  3.69%  5503 5760s
   366    59 infeasible   16       767.88984  740.06110  3.62%  5647 6719s
H  368    59                     765.2704435  740.06110  3.29%  5670 6719s
H  368    59                     764.5173020  740.06110  3.20%  5670 6719s
H  383    59                     764.3284171  740.26728  3.15%  5689 6719s
H  389    59                     764.2585691  740.26728  3.14%  5778 6719s
   398    70  740.66946   17 1282  764.25857  740.26728  3.14%  5735 8751s
H  399    70                     762.4185942  740.26728  2.91%  5720 8751s
H  401    70                     761.9825783  740.46585  2.82%  5699 8751s
H  402    70                     760.7109855  740.46585  2.66%  5688 8751s
H  433    94                     759.5318184  740.46585  2.51%  5672 10122s
H  434    94                     759.0273550  740.46585  2.45%  5662 10122s
H  435    94                     758.2691272  740.46585  2.35%  5657 10122s
H  437    94                     758.0199166  740.46585  2.32%  5639 10122s
H  443    94                     757.9138343  740.46585  2.30%  5599 10122s
H  455    94                     756.6514679  740.46585  2.14%  5529 10122s
   467   148  741.25995   18 1262  756.65147  740.46585  2.14%  5540 10745s
   551   212  741.82951   19 1279  756.65147  740.46585  2.14%  5082 11650s
   651   317  742.56513   22 1294  756.65147  740.46585  2.14%  4639 12431s
H  786   346                     756.6496506  740.46585  2.14%  4091 13507s
H  788   346                     756.6479077  740.46585  2.14%  4084 13507s
H  792   346                     756.1138063  740.46585  2.07%  4070 13507s
H  794   346                     755.4647437  740.46585  1.99%  4061 13507s
   819   500  742.60705   24 1253  755.46474  740.46585  1.99%  3989 14040s
   995   610  742.84872   27 1223  755.46474  740.46585  1.99%  3486 18879s
H 1006   610                     754.4173930  740.46585  1.85%  3458 18879s
  1143   753  742.99030   29 1217  754.41739  740.46585  1.85%  3193 19981s
  1326   904  744.49489   32 1227  754.41739  740.46585  1.85%  2941 21296s
  1527  1065  746.49440   36 1204  754.41739  740.46585  1.85%  2687 22481s
  1746  1213  746.81670   42 1145  754.41739  740.46585  1.85%  2471 23723s
  1976  1369  747.50869   45 1152  754.41739  740.46585  1.85%  2293 25461s
  2207  1485  747.81183   52 1076  754.41739  740.46585  1.85%  2217 26458s
  2415  1555  747.84979   53 1041  754.41739  740.46585  1.85%  2166 28245s
  2601  1672 infeasible   55       754.41739  740.46585  1.85%  2148 30904s
  2840  1836  748.04667   54 1027  754.41739  740.64462  1.83%  2119 31738s
  3105  1837  745.07993   22 1536  754.41739  740.64462  1.83%  2061 40530s
  3107  1838  745.21718   26 1710  754.41739  740.64462  1.83%  2059 40547s
  3108  1839  743.71281   46 1780  754.41739  740.64462  1.83%  2059 40555s
  3110  1840  742.68561   41 1704  754.41739  740.64462  1.83%  2057 40562s
  3111  1841  748.54245   52 1581  754.41739  740.64462  1.83%  2057 40565s
  3113  1842  746.53584   34 1511  754.41739  740.64462  1.83%  2055 40573s
  3114  1843  743.59925   45 1496  754.41739  740.64462  1.83%  2055 40577s
  3115  1844  742.03385   29 1464  754.41739  740.64462  1.83%  2054 40582s
  3116  1844  746.72460   42 1446  754.41739  740.64462  1.83%  2053 40585s
  3117  1845  744.62043   22 1451  754.41739  740.64462  1.83%  2053 40591s
  3118  1846  747.02373   44 1456  754.41739  740.64462  1.83%  2052 40595s
  3119  1846  753.98867  132 1443  754.41739  740.64462  1.83%  2051 40600s
  3121  1848  748.64429  107 1436  754.41739  740.64462  1.83%  2050 40609s
  3122  1848  743.00841   35 1430  754.41739  740.64462  1.83%  2050 40612s
  3123  1849  743.99659   44 1437  754.41739  740.64462  1.83%  2049 40618s
  3124  1850  747.55382   49 1436  754.41739  740.64462  1.83%  2048 40628s
  3125  1850  742.01933   36 1449  754.41739  740.64462  1.83%  2048 40637s
  3126  1851  742.47497   31 1407  754.41739  740.64462  1.83%  2047 40701s
  3127  1852  746.10579   30 1419  754.41739  740.64462  1.83%  2046 40741s
  3128  1852  748.61011  105 1385  754.41739  740.64462  1.83%  2046 40846s
  3129  1853  746.78624   25 1386  754.41739  740.64462  1.83%  2045 40977s
  3130  1854  747.59996   52 1342  754.41739  740.64462  1.83%  2044 41215s
  3131  1854  747.25672   48 1342  754.41739  740.64462  1.83%  2044 41249s
  3132  1855  745.98467   33 1342  754.41739  740.64462  1.83%  2043 42268s
  3133  1857 infeasible   15       754.41739  740.64462  1.83%  2055 42474s
  3135  1856  740.64462   16 1367  754.41739  740.64462  1.83%  2054 42599s
  3137  1857  740.64462   17 1412  754.41739  740.64462  1.83%  2057 42758s
  3139  1861  740.64462   18 1401  754.41739  740.64462  1.83%  2057 42934s
  3143  1863 infeasible   19       754.41739  740.64462  1.83%  2056 43521s
  3151  1873  740.64462   20 1418  754.41739  740.64462  1.83%  2055 43777s
  3163  1877 infeasible   21       754.41739  740.64462  1.83%  2056 44528s
  3187  1883  740.64462   22 1363  754.41739  740.64462  1.83%  2062 44912s
  3219  1888 infeasible   23       754.41739  740.64462  1.83%  2059 45114s
  3251  1891  740.64462   24 1296  754.41739  740.64462  1.83%  2057 45386s
  3283  1901  740.64462   25 1305  754.41739  740.64462  1.83%  2064 45509s
  3315  1918  740.64462   26 1257  754.41739  740.64462  1.83%  2079 45850s
H 3361  1836                     754.1892602  740.64462  1.80%  2078 46532s
  3396  1860  740.64462   28 1235  754.18926  740.64462  1.80%  2080 47081s
  3450  1889  740.64462   29 1202  754.18926  740.64462  1.80%  2076 47549s
  3511  1919  740.64462   31 1176  754.18926  740.64462  1.80%  2066 47686s
  3579  1969  741.24491   33 1221  754.18926  740.64462  1.80%  2055 47792s
  3664  2044  741.26516   35 1198  754.18926  740.64462  1.80%  2022 48962s
  3773  2146  741.29635   39 1199  754.18926  740.64462  1.80%  1988 49425s
  3918  2198  741.29994   44 1186  754.18926  740.64462  1.80%  1924 49803s
  4038  2251  741.30250   49 1175  754.18926  740.64462  1.80%  1893 50017s
H 4041  2162                     754.1874818  740.64462  1.80%  1892 50017s
H 4055  2073                     754.1874817  740.64462  1.80%  1888 50017s
H 4068  1989                     754.1874816  740.64462  1.80%  1885 50017s
  4139  2039  742.43886   52 1259  754.18748  740.64462  1.80%  1866 50386s
  4219  2120  743.00815   54 1280  754.18748  740.64462  1.80%  1850 50543s
  4336  2111  743.45071   60 1211  754.18748  740.64462  1.80%  1820 55092s
  4370  2218  743.89888   61 1139  754.18748  740.64462  1.80%  1812 55447s
  4493  2286  744.47873   66 1080  754.18748  740.64462  1.80%  1781 56725s
  4614  2388  postponed   68       754.18748  740.64462  1.80%  1768 57183s
  4785  2484     cutoff   69       754.18748  740.64462  1.80%  1730 57746s
  4978  2583     cutoff   68       754.18748  740.64462  1.80%  1687 58483s
  5201  2659  745.75334   71 1044  754.18748  740.64462  1.80%  1637 59088s
  5385  2760 infeasible   73       754.18748  740.64462  1.80%  1626 60376s
  5605  2820 infeasible   70       754.18748  740.64462  1.80%  1598 61247s
  5802  2923  748.80911   83  989  754.18748  740.64462  1.80%  1576 61736s
  6047  3143  749.46193   91  938  754.18748  740.64462  1.80%  1544 63014s
  6431  3226  750.45147  108  884  754.18748  740.64462  1.80%  1483 63697s
  6741  3412  752.06357  126  876  754.18748  740.64462  1.80%  1447 64802s
H 7097  3233                     754.1759378  740.64462  1.79%  1420 65162s
H 7098  3154                     754.1101597  740.64462  1.79%  1420 65162s
H 7110  3110                     754.0944707  740.64462  1.78%  1430 65162s
H 7112  3092                     753.8503215  740.64462  1.75%  1430 65162s
H 7121  3075                     753.5887086  740.64462  1.72%  1429 65162s
H 7135  3074                     753.5711061  740.64462  1.72%  1428 65162s
  7144  3232     cutoff  132       753.57111  740.64462  1.72%  1427 65744s
  7416  3474  740.64462   24 1367  753.57111  740.64462  1.72%  1404 66473s
  7772  3796  740.64462   28 1378  753.57111  740.64462  1.72%  1368 69817s
H 7926  3767                     753.3363146  740.64462  1.68%  1350 69818s
H 8168  3742                     753.0186367  740.64462  1.64%  1322 69818s
  8176  4080  740.67556   31 1312  753.01864  740.64462  1.64%  1322 78584s
H 8211  4080                     753.0186352  740.64462  1.64%  1319 78584s
H 8600  4076                     752.9596652  740.64462  1.64%  1277 78585s
  8612  4356  743.24385   37 1384  752.95967  740.64462  1.64%  1281 79421s
  8998  4411  745.16996   45 1164  752.95967  740.64462  1.64%  1263 90493s
H 9015  4402                     752.9418386  740.64462  1.63%  1266 90494s
  9127  4858  746.68630   48 1116  752.94184  740.64462  1.63%  1275 91622s
  9727  5307  751.66430   82 1097  752.94184  740.64462  1.63%  1239 92484s
 10371  5740     cutoff  110       752.94184  740.64462  1.63%  1208 95423s
H10452  5740                     752.9418380  740.64462  1.63%  1203 95423s
H10482  5740                     752.9406262  740.64462  1.63%  1200 95423s
H10742  5740                     752.9395713  740.64462  1.63%  1191 95423s
 10924  6285     cutoff  113       752.93957  740.64462  1.63%  1180 97113s
 11651  6762  746.24944   60 1019  752.93957  740.64462  1.63%  1145 99665s
H11720  6762                     752.9395711  740.64462  1.63%  1140 99665s
H11774  6762                     752.9390944  740.64462  1.63%  1135 99665s
H12153  6762                     752.9387772  740.64462  1.63%  1128 99666s
 12350  7224 infeasible   78       752.93878  740.64462  1.63%  1121 102643s
H12403  7224                     752.9387770  740.64462  1.63%  1117 102643s
H12525  7224                     752.9387769  740.64462  1.63%  1123 102643s
H12620  7224                     752.9383126  740.64462  1.63%  1119 102644s
H12815  7199                     752.9028307  740.64462  1.63%  1113 102644s
H12977  7368                     752.9023465  740.64462  1.63%  1112 108988s
H12983  7367                     752.9021238  740.64462  1.63%  1112 108988s
H12992  7364                     752.9009042  740.64462  1.63%  1111 108988s
H13017  7364                     752.8988640  740.64462  1.63%  1110 108988s
H13206  6823                     752.3132354  740.64462  1.55%  1108 108989s
 13298  6776 infeasible   61       752.31324  740.64462  1.55%  1109 117609s
H13310  6776                     752.3132352  740.64462  1.55%  1110 117610s
H13338  6776                     752.3132349  740.64462  1.55%  1108 117610s
H13344  6763                     752.3062301  740.64462  1.55%  1111 117610s
 13453  7213  746.07309   49 1120  752.30623  740.64462  1.55%  1126 121072s
H13672  7213                     752.3062222  740.64462  1.55%  1118 121073s
H13773  7213                     752.3060502  740.64462  1.55%  1115 121073s
 14091  7285  746.59980   63 1012  752.30605  740.64462  1.55%  1113 126905s
H14112  7285                     752.3060409  740.64462  1.55%  1113 126905s
H14145  7285                     752.3060362  740.64462  1.55%  1113 126905s
H14248  7282                     752.3058383  740.64462  1.55%  1123 126906s
 14323  7748  746.61535   64 1021  752.30584  740.64462  1.55%  1130 128496s
 14980  7992 infeasible   66       752.30584  740.64462  1.55%  1120 132879s
 15382  8316 infeasible   65       752.30584  740.64462  1.55%  1119 139075s
 15822  9223  745.38915   49 1124  752.30584  740.64462  1.55%  1116 140448s
 16933 10110  745.70347   52 1095  752.30584  740.64462  1.55%  1078 141433s
 17992 10292 infeasible   54       752.30584  740.64462  1.55%  1049 145718s
 18335 11146 infeasible   66       752.30584  740.64462  1.55%  1060 147009s
 19116 11146  745.07825   49 1029  752.30584  740.64462  1.55%  1043 147010s
 19417 12103  743.50887   50 1246  752.30584  740.64462  1.55%  1050 149051s
 20624 12907  746.76151   44 1105  752.30584  740.64462  1.55%  1037 150393s
H21400 12907                     752.3058077  740.64462  1.55%  1022 150394s
 21755 13546  751.04099  102  915  752.30581  740.64462  1.55%  1030 153847s
H21841 13546                     752.3058063  740.64462  1.55%  1028 153847s
H21936 13546                     752.3058061  740.64462  1.55%  1027 153847s
H22266 13546                     752.3058059  740.64462  1.55%  1023 153847s
H22489 13546                     752.3058057  740.64462  1.55%  1021 153847s
 22736 14121  751.34372  110  958  752.30581  740.64462  1.55%  1025 155437s
 23610 15363  744.43614   54 1120  752.30581  740.70304  1.54%  1024 156899s
 25020 15363  750.43292  123  861  752.30581  740.70304  1.54%  1013 156900s
 25142 16808  748.39565  100  964  752.30581  740.70304  1.54%  1010 161710s
 26850 16835  748.76410  129  919  752.30581  740.70304  1.54%   982 165351s
 26887 17538  748.73032  130  930  752.30581  740.70304  1.54%   986 172396s
H27149 17536                     752.3053609  740.70304  1.54%   979 172397s
H27249 17536                     752.3048576  740.70304  1.54%   976 172397s
 27705 19859  748.80004  143  884  752.30486  740.70304  1.54%   973 175572s
H27971 19859                     752.3048575  740.70304  1.54%   966 175573s
H28384 19859                     752.3048505  740.70304  1.54%   957 175573s
H29332 19856                     752.3040676  740.70304  1.54%   938 175574s
 30309 22237  749.13589  180  794  752.30407  740.78031  1.53%   921 178318s
H30561 22237                     752.3040664  740.78167  1.53%   917 178319s
H30885 22237                     752.3040633  740.78167  1.53%   910 178319s
 31586 22237  745.75719   48 1035  752.30406  740.78167  1.53%   899 178320s
H32040 22237                     752.3040562  740.78167  1.53%   895 178320s
 33350 23002  746.28428   58 1090  752.30406  740.78167  1.53%   881 180369s
H33400 23002                     752.3040531  740.78167  1.53%   880 180369s
 34537 23878  748.16427  103  938  752.30405  740.78167  1.53%   871 181829s
H34673 23878                     752.3040529  740.78167  1.53%   869 181830s
H35633 23878                     752.3040528  740.78167  1.53%   867 181830s
 35757 24700 infeasible  166       752.30405  740.78475  1.53%   867 188302s
 36936 25690  742.52108   42 1131  752.30405  740.88777  1.52%   868 191192s
 38365 26792  743.27904   40 1176  752.30405  741.11398  1.49%   868 196470s
 39688 27592  743.22526   48 1185  752.30405  741.17109  1.48%   862 203632s
 40665 29037  747.42046   61 1042  752.30405  741.18203  1.48%   858 207335s
 42375 30126  745.19752   50 1105  752.30405  741.21889  1.47%   843 216701s
 43729 32192  746.58436   63 1124  752.30405  741.21889  1.47%   831 220786s
 46363 33169  748.57398   99  945  752.30405  741.21889  1.47%   811 226554s
 47828 35013  748.92864  118  918  752.30405  741.21889  1.47%   824 231930s
H48653 35010                     752.3036798  741.21889  1.47%   832 231931s
 50329 35383  743.06006   54 1251  752.30368  741.21889  1.47%   830 241572s
H50428 35374                     752.3027460  741.21889  1.47%   831 241573s
H50429 35374                     752.3027456  741.21889  1.47%   831 241573s
H50437 35374                     752.3027392  741.21889  1.47%   831 241573s
H50752 35363                     752.3019861  741.21889  1.47%   831 241573s
H50753 35351                     752.3010764  741.21889  1.47%   831 241573s
 50825 37505  743.36568   55 1175  752.30108  741.21889  1.47%   831 244867s
 53534 40362 infeasible  124       752.30108  741.30077  1.46%   821 245591s
H53770 40350                     752.3004657  741.33122  1.46%   818 245591s

Cutting planes:
  Learned: 70
  Gomory: 48
  Cover: 324
  Implied bound: 112
  Projected implied bound: 291
  Clique: 20
  MIR: 1471
  Flow cover: 4895
  GUB cover: 12
  Inf proof: 5
  Zero half: 43
  RLT: 3041
  Relax-and-lift: 564

Explored 56814 nodes (44630411 simplex iterations) in 245592.48 seconds
Thread count was 32 (of 32 available processors)

Solution count 10: 752.3 752.301 752.302 ... 752.304

Solve interrupted
Best objective 7.523004657146e+02, best bound 7.413419682753e+02, gap 1.4567%
