
Gurobi 9.1.0 (linux64) logging started Wed Aug 18 19:28:00 2021

Changed value of parameter LogFile to eab_parasitoid_forest_0_2.log
   Prev:   Default: 
Changed value of parameter MIPGap to 0.01
   Prev: 0.0001  Min: 0.0  Max: inf  Default: 0.0001
Changed value of parameter Method to 2
   Prev: -1  Min: -1  Max: 5  Default: -1
Changed value of parameter MIPFocus to 2
   Prev: 0  Min: 0  Max: 3  Default: 0
Changed value of parameter RINS to 100
   Prev: -1  Min: -1  Max: 2000000000  Default: -1
Gurobi Optimizer version 9.1.0 build v9.1.0rc0 (linux64)
Thread count: 32 physical cores, 32 logical processors, using up to 32 threads
Optimize a model with 203386 rows, 134930 columns and 685029 nonzeros
Model fingerprint: 0xee789470
Variable types: 55774 continuous, 79156 integer (79156 binary)
Coefficient statistics:
  Matrix range     [2e-04, 1e+06]
  Objective range  [5e-06, 1e+00]
  Bounds range     [1e+00, 6e+03]
  RHS range        [1e-04, 1e+06]
Presolve removed 183118 rows and 117559 columns (presolve time = 5s) ...
Presolve removed 193300 rows and 126692 columns (presolve time = 10s) ...
Presolve removed 193492 rows and 126833 columns
Presolve time: 14.94s
Presolved: 9894 rows, 8097 columns, 132788 nonzeros
Variable types: 3487 continuous, 4610 integer (4607 binary)
Presolve removed 23 rows and 14 columns
Presolved: 9871 rows, 8083 columns, 132734 nonzeros

Root barrier log...

Ordering time: 0.79s

Barrier statistics:
 Dense cols : 143
 AA' NZ     : 5.813e+05
 Factor NZ  : 2.734e+06 (roughly 30 MBytes of memory)
 Factor Ops : 2.308e+09 (less than 1 second per iteration)
 Threads    : 31

                  Objective                Residual
Iter       Primal          Dual         Primal    Dual     Compl     Time
   0   7.88197133e+03 -1.52275084e+05  3.01e+04 9.39e-01  6.08e+02    18s
   1   5.62713961e+03 -1.72372623e+05  2.03e+04 2.60e+00  3.95e+02    18s
   2   1.07177705e+03 -1.60650365e+05  1.40e+03 4.26e-13  3.36e+01    18s
   3   5.11272232e+02 -8.39012570e+04  7.40e+01 2.90e-12  4.49e+00    19s
   4   3.45168649e+02 -1.09372619e+04  1.38e+01 1.35e-11  5.11e-01    19s
   5   2.86672362e+02 -2.97526257e+03  3.28e+00 4.00e-12  1.37e-01    19s
   6   2.62071633e+02 -7.90788652e+02  6.70e-01 1.16e-12  4.26e-02    19s
   7   2.46234441e+02 -3.03575238e+01  5.04e-02 2.39e-13  1.10e-02    19s
   8   2.37147749e+02  1.64262510e+02  5.18e-04 5.57e-14  2.85e-03    20s
   9   2.33746557e+02  1.97130855e+02  2.54e-04 2.51e-14  1.43e-03    20s
  10   2.31432437e+02  2.13304914e+02  1.35e-04 8.88e-15  7.07e-04    20s
  11   2.29748175e+02  2.20595818e+02  5.16e-05 5.11e-15  3.57e-04    20s
  12   2.29275555e+02  2.24681327e+02  3.34e-05 2.44e-15  1.79e-04    20s
  13   2.28825648e+02  2.26829359e+02  1.74e-05 2.44e-15  7.78e-05    20s
  14   2.28494275e+02  2.27606857e+02  5.56e-06 8.88e-16  3.46e-05    21s
  15   2.28394343e+02  2.27927466e+02  2.66e-06 8.88e-16  1.82e-05    21s
  16   2.28353776e+02  2.28041244e+02  1.66e-06 8.88e-16  1.22e-05    21s
  17   2.28335328e+02  2.28101220e+02  1.19e-06 8.88e-16  9.12e-06    21s
  18   2.28326277e+02  2.28118264e+02  9.52e-07 8.88e-16  8.10e-06    21s
  19   2.28320712e+02  2.28165970e+02  8.07e-07 8.88e-16  6.03e-06    22s
  20   2.28304327e+02  2.28179070e+02  4.09e-07 1.78e-15  4.88e-06    22s
  21   2.28295769e+02  2.28223793e+02  2.26e-07 8.88e-16  2.80e-06    22s
  22   2.28293150e+02  2.28246058e+02  1.69e-07 8.88e-16  1.83e-06    22s
  23   2.28292088e+02  2.28248816e+02  1.49e-07 8.88e-16  1.69e-06    22s
  24   2.28290653e+02  2.28263220e+02  1.18e-07 2.22e-15  1.07e-06    23s
  25   2.28288837e+02  2.28269797e+02  7.95e-08 1.33e-15  7.42e-07    23s
  26   2.28288498e+02  2.28273148e+02  7.17e-08 8.88e-16  5.98e-07    23s
  27   2.28286401e+02  2.28278849e+02  2.64e-08 8.88e-16  2.94e-07    23s
  28   2.28285873e+02  2.28281042e+02  1.59e-08 6.66e-16  1.88e-07    24s
  29   2.28285682e+02  2.28283332e+02  1.21e-08 8.88e-16  9.15e-08    24s
  30   2.28285252e+02  2.28283703e+02  4.05e-09 1.78e-15  6.03e-08    24s
  31   2.28285221e+02  2.28284243e+02  3.46e-09 1.78e-15  3.81e-08    24s
  32   2.28285093e+02  2.28284736e+02  9.34e-10 1.33e-15  1.39e-08    24s
  33   2.28285077e+02  2.28284797e+02  6.42e-10 1.78e-15  1.09e-08    25s
  34   2.28285068e+02  2.28285019e+02  3.15e-10 8.88e-16  1.91e-09    25s
  35   2.28285049e+02  2.28285037e+02  5.86e-11 1.78e-15  4.93e-10    25s
  36   2.28285044e+02  2.28285044e+02  1.22e-13 1.78e-15  1.64e-11    25s

Barrier solved model in 36 iterations and 25.16 seconds
Optimal objective 2.28285044e+02


Root crossover log...

     524 DPushes remaining with DInf 0.0000000e+00                25s
       0 DPushes remaining with DInf 0.0000000e+00                25s

    3952 PPushes remaining with PInf 0.0000000e+00                25s
       0 PPushes remaining with PInf 0.0000000e+00                25s

  Push phase complete: Pinf 0.0000000e+00, Dinf 2.0887359e-02     25s


Root simplex log...

Iteration    Objective       Primal Inf.    Dual Inf.      Time
    4311    2.2828504e+02   0.000000e+00   2.088736e-02     25s
    4326    2.2828504e+02   0.000000e+00   0.000000e+00     25s
    4326    2.2828504e+02   0.000000e+00   0.000000e+00     26s

Root relaxation: objective 2.282850e+02, 4326 iterations, 10.10 seconds

    Nodes    |    Current Node    |     Objective Bounds      |     Work
 Expl Unexpl |  Obj  Depth IntInf | Incumbent    BestBd   Gap | It/Node Time

     0     0  228.28505    0 2056          -  228.28505      -     -   26s
     0     0  232.91277    0 2360          -  232.91277      -     -   30s
     0     0  234.71803    0 2722          -  234.71803      -     -   37s
     0     0  234.91312    0 2769          -  234.91312      -     -   39s
     0     0  234.92055    0 2763          -  234.92055      -     -   40s
     0     0  234.92146    0 2759          -  234.92146      -     -   40s
H    0     0                     403.7906559  234.92146  41.8%     -   49s
H    0     0                     403.6219542  234.92146  41.8%     -   49s
     0     0  236.90228    0 2471  403.62195  236.90228  41.3%     -   50s
H    0     0                     403.4458266  236.90228  41.3%     -   51s
H    0     0                     403.4027320  236.90228  41.3%     -   57s
H    0     0                     402.9595516  236.90228  41.2%     -   57s
     0     0  237.96427    0 2418  402.95955  237.96427  40.9%     -   57s
     0     0  238.62918    0 2362  402.95955  238.62918  40.8%     -   62s
     0     0  238.72447    0 2345  402.95955  238.72447  40.8%     -   63s
     0     0  238.73050    0 2358  402.95955  238.73050  40.8%     -   63s
     0     0  238.73157    0 2361  402.95955  238.73157  40.8%     -   63s
     0     0  239.93154    0 2259  402.95955  239.93154  40.5%     -   69s
     0     0  240.13203    0 2232  402.95955  240.13203  40.4%     -   72s
     0     0  240.14949    0 2240  402.95955  240.14949  40.4%     -   73s
     0     0  240.15234    0 2225  402.95955  240.15234  40.4%     -   73s
     0     0  240.82676    0 2186  402.95955  240.82676  40.2%     -   79s
     0     0  240.88162    0 2178  402.95955  240.88162  40.2%     -   81s
     0     0  240.88774    0 2180  402.95955  240.88774  40.2%     -   81s
     0     0  241.23752    0 2153  402.95955  241.23752  40.1%     -   87s
     0     0  241.34488    0 2169  402.95955  241.34488  40.1%     -   88s
     0     0  241.34892    0 2164  402.95955  241.34892  40.1%     -   89s
H    0     0                     328.9126316  241.34892  26.6%     -   98s
H    0     0                     328.9007810  241.34892  26.6%     -   98s
     0     0  241.98603    0 2177  328.90078  241.98603  26.4%     -   98s
H    0     0                     328.8958074  241.98603  26.4%     -   99s
     0     0  242.06159    0 2167  328.89581  242.06159  26.4%     -  105s
     0     0  242.08862    0 2165  328.89581  242.08862  26.4%     -  116s
     0     0  242.09333    0 2179  328.89581  242.09333  26.4%     -  120s
     0     0  242.30678    0 2147  328.89581  242.30678  26.3%     -  153s
     0     0  242.36289    0 2171  328.89581  242.36289  26.3%     -  166s
     0     0  242.37935    0 2127  328.89581  242.37935  26.3%     -  177s
     0     0  242.38212    0 2125  328.89581  242.38212  26.3%     -  183s
     0     0  242.46513    0 2147  328.89581  242.46513  26.3%     -  207s
H    0     0                     328.8929133  242.46513  26.3%     -  207s
     0     0  242.49649    0 2128  328.89291  242.49649  26.3%     -  216s
     0     0  242.50220    0 2144  328.89291  242.50220  26.3%     -  222s
     0     0  242.55603    0 2137  328.89291  242.55603  26.3%     -  239s
H    0     0                     266.4795371  242.55603  8.98%     -  241s
H    0     0                     266.4752923  242.55603  8.98%     -  241s
H    0     0                     266.4745958  242.55603  8.98%     -  241s
     0     0  242.55603    0 2136  266.47460  242.55603  8.98%     -  242s
H    0     0                     265.7159111  242.55603  8.72%     -  396s
     0     2  242.55609    0 2136  265.71591  242.55609  8.72%     -  398s
     1     4  247.68926    1 2055  265.71591  242.55631  8.72%  5972  406s
     3     8  250.06629    2 2061  265.71591  242.90515  8.58%  4969  451s
     7    16  255.98690    3 2094  265.71591  243.15482  8.49%  4749  471s
    15    24  264.21519    4 2070  265.71591  245.55260  7.59%  5234  486s
    31    32     cutoff    5       265.71591  246.55872  7.21%  5042  546s
    55    46  247.29567    6 1999  265.71591  247.12262  7.00%  5112  602s
    87    67  254.56801    7 1991  265.71591  247.29603  6.93%  4534  646s
   119    79  255.79244    8 1996  265.71591  247.71691  6.77%  4009  656s
   151   104  256.12868    9 1992  265.71591  247.82596  6.73%  3377  686s
H  152   104                     264.8922539  247.82596  6.44%  3354  686s
H  153   104                     264.5764677  247.82596  6.33%  3344  686s
H  155   104                     264.3801638  247.82596  6.26%  3315  686s
H  179   104                     264.1484769  248.08682  6.08%  3161  686s
   183   130  256.17331   10 1993  264.14848  248.08682  6.08%  3145  702s
H  217   153                     263.6978645  248.09494  5.92%  2795  786s
H  220   153                     263.5602479  248.09494  5.87%  2776  786s
H  221   153                     263.5308729  248.09494  5.86%  2767  786s
H  234   153                     263.2527392  248.09494  5.76%  2679  786s
   250   192  256.58297   12 1985  263.25274  248.09494  5.76%  2582  811s
   307   217  256.82529   13 1981  263.25274  248.09494  5.76%  2187  838s
   343   253  256.84900   14 1977  263.25274  248.09494  5.76%  2084  848s
   380   283  256.88391   15 1974  263.25274  248.09494  5.76%  1995  861s
   412   333  256.89910   16 1942  263.25274  248.09494  5.76%  1966  889s
   468   381  259.07638   17 1940  263.25274  248.09494  5.76%  1821  912s
   518   426  259.17562   19 1920  263.25274  248.09494  5.76%  1723  932s
   571   463  259.47393   20 1909  263.25274  248.09494  5.76%  1638 1005s
H  578   463                     262.4151500  248.09494  5.46%  1623 1005s
H  596   463                     262.3733678  248.09494  5.44%  1587 1005s
   612   474  259.49703   21 1909  262.37337  248.09494  5.44%  1568 1807s
H  614   474                     262.3626368  248.09494  5.44%  1564 1807s
H  619   474                     262.2877552  248.09494  5.41%  1555 1807s
H  659   504                     262.2276767  248.09494  5.39%  1486 2205s
H  660   504                     262.2276766  248.09494  5.39%  1484 2205s
H  663   504                     262.2275949  248.09494  5.39%  1480 2205s
   693   625  259.57743   23 1912  262.22759  248.09494  5.39%  1454 2220s
   815   763  260.68214   28 1895  262.22759  248.09494  5.39%  1317 2231s
   954   901  261.24770   32 1883  262.22759  248.09494  5.39%  1184 2269s
  1107  1077  261.40359   36 1923  262.22759  248.09494  5.39%  1068 2312s
  1285  1282     cutoff   42       262.22759  248.13959  5.37%   962 2333s
  1502  1470  248.59574   11 1994  262.22759  248.13959  5.37%   860 2350s
  1708  1687  248.80917   12 1991  262.22759  248.13959  5.37%   788 2383s
  1936  1926  248.35917   11 1990  262.22759  248.13959  5.37%   723 2405s
  2177  2172  248.83650   13 1990  262.22759  248.13959  5.37%   667 2412s
  2469  2469  248.88798   13 1959  262.22759  248.13959  5.37%   610 2422s
  2786  2755  248.96392   14 1977  262.22759  248.13959  5.37%   560 2883s
H 2900  2755                     262.2246101  248.13959  5.37%   543 2883s
  3103  2756  254.51119  109 2136  262.22461  248.13959  5.37%   526 3467s
  3105  2757  258.81314   13 2132  262.22461  248.13959  5.37%   525 3471s
  3106  2758  261.30487   93 2485  262.22461  248.13959  5.37%   525 3478s
  3107  2759  252.99844   37 2461  262.22461  248.13959  5.37%   525 3481s
  3109  2760  260.97714   80 2216  262.22461  248.13959  5.37%   525 3487s
  3111  2761  257.28514   48 2023  262.22461  248.13959  5.37%   524 3496s
  3112  2762  254.57076    9 2009  262.22461  248.13959  5.37%   524 3500s
  3114  2763  255.67966   54 1987  262.22461  248.13959  5.37%   524 3506s
  3116  2765  252.59862   16 1956  262.22461  248.13959  5.37%   524 3511s
  3118  2766  256.06114   71 1948  262.22461  248.13959  5.37%   523 3516s
  3119  2767  261.20662   92 1784  262.22461  248.13959  5.37%   523 3558s
  3120  2767  254.47342  108 1779  262.22461  248.13959  5.37%   523 3560s
  3122  2769  251.09019  100 1770  262.22461  248.13959  5.37%   523 3565s
  3123  2769  260.74549   52 1769  262.22461  248.13959  5.37%   522 3591s
  3124  2770  262.11539   14 1741  262.22461  248.13959  5.37%   522 3638s
  3125  2771  257.01287   70 1738  262.22461  248.13959  5.37%   522 3643s
  3126  2771  257.29963   45 1729  262.22461  248.13959  5.37%   522 3648s
  3127  2772  256.94099   28 1752  262.22461  248.13959  5.37%   522 3650s
  3128  2773  261.01872   87 1774  262.22461  248.13959  5.37%   522 3684s
  3129  2773  256.67681   54 1737  262.22461  248.13959  5.37%   521 3728s
  3130  2774  259.21924   26 1730  262.22461  248.13959  5.37%   521 3731s
  3131  2775  254.57077  113 1745  262.22461  248.13959  5.37%   521 3750s
  3132  2775  257.79517   74 1786  262.22461  248.13959  5.37%   521 3794s
  3133  2776  260.20326   12 1747  262.22461  248.13959  5.37%   521 3796s
  3135  2777  249.85517   30 1725  262.22461  248.13959  5.37%   520 3809s
  3136  2778  258.29852   39 1781  262.22461  248.13959  5.37%   520 3848s
  3137  2779  258.46862  103 1753  262.22461  248.13959  5.37%   520 3864s
H 3137  2639                     262.2246100  248.13959  5.37%   520 3901s
  3138  2639  255.72952   16 1747  262.22461  248.13959  5.37%   520 3917s
  3139  2640  258.52561   79 1746  262.22461  248.13959  5.37%   520 3933s
  3140  2641  259.69075   43 1746  262.22461  248.13959  5.37%   520 4119s
  3141  2642     cutoff   10       262.22461  248.13959  5.37%   542 4258s
  3143  2644  249.15241   11 1759  262.22461  248.72195  5.15%   543 4381s
  3145  2643     cutoff   12       262.22461  249.18554  4.97%   546 4532s
  3149  2646  250.40323   13 1715  262.22461  249.85705  4.72%   549 4545s
  3153  2650  256.95958   14 1717  262.22461  250.40399  4.51%   553 4569s
  3161  2649     cutoff   15       262.22461  250.49419  4.47%   558 4587s
  3175  2655  250.66211   16 1726  262.22461  250.64189  4.42%   566 4596s
  3190  2676  251.07793   17 1733  262.22461  250.66254  4.41%   571 4613s
  3216  2697  251.15566   18 1710  262.22461  250.69712  4.40%   576 4648s
  3248  2717  251.26670   19 1737  262.22461  250.69712  4.40%   586 4656s
  3280  2738  251.66833   19 1732  262.22461  250.78486  4.36%   595 4673s
H 3286  2603                     262.2246099  250.78486  4.36%   595 4673s
H 3289  2476                     262.2246093  250.78486  4.36%   596 4673s
H 3290  2357                     262.1431284  250.78486  4.33%   596 4673s
H 3294  2241                     262.1416079  250.78486  4.33%   596 4673s
H 3297  2132                     262.1235894  250.78486  4.33%   596 4673s
H 3306  2026                     262.0940067  250.78486  4.31%   596 4673s
  3312  2054  251.34289   20 1732  262.09401  250.78486  4.31%   597 4688s
H 3344  1977                     261.8293460  250.78513  4.22%   601 5973s
H 3349  1882                     261.7413566  250.78513  4.19%   602 5973s
H 3376  1799                     261.5561932  250.78513  4.12%   608 6012s
H 3378  1714                     261.5148891  250.78513  4.10%   609 6012s
H 3383  1634                     261.4903116  250.78513  4.09%   611 6012s
H 3387  1556                     261.3170953  250.78513  4.03%   612 6012s
  3414  1581  251.67206   21 1722  261.31710  250.78513  4.03%   612 6022s
H 3468  1524                     261.3170916  250.78513  4.03%   612 6045s
H 3474  1454                     261.2680566  250.78513  4.01%   614 6045s
H 3488  1385                     261.2196279  250.78513  3.99%   617 6045s
H 3499  1319                     261.2094053  250.78513  3.99%   620 6045s
H 3500  1291                     261.2093782  250.78513  3.99%   620 6933s
H 3503  1235                     261.2093775  250.78513  3.99%   622 6933s
H 3504  1181                     261.1318763  250.78513  3.96%   622 6933s
H 3519  1126                     261.1099913  250.83573  3.93%   628 6933s
H 3526  1076                     261.1077156  250.83573  3.93%   631 6933s
  3532  1118  252.05919   23 1735  261.10772  250.83573  3.93%   634 6944s
  3588  1145  251.99244   24 1721  261.10772  250.83573  3.93%   642 6960s
  3646  1149  252.14963   25 1696  261.10772  250.83573  3.93%   653 7055s
  3683  1197  252.42768   25 1726  261.10772  250.83573  3.93%   661 7106s
  3749  1252  252.33547   26 1714  261.10772  250.83573  3.93%   671 7143s
  3836  1308  252.49386   27 1718  261.10772  250.83573  3.93%   675 7171s
  3925  1365  252.61917   28 1716  261.10772  250.83573  3.93%   677 7189s
  4024  1405  252.66428   30 1721  261.10772  250.83573  3.93%   677 7202s
  4117  1437  252.70685   31 1725  261.10772  250.83573  3.93%   679 7228s
  4199  1467  252.79306   32 1723  261.10772  250.83573  3.93%   686 8724s
H 4200  1421                     261.1077143  250.83573  3.93%   686 8724s
H 4202  1378                     261.1077115  250.83573  3.93%   686 8724s
H 4212  1333                     261.1077043  250.83573  3.93%   688 8724s
H 4250  1283                     261.0927887  250.83573  3.93%   693 8724s
  4263  1382  252.83853   33 1712  261.09279  250.83573  3.93%   693 8751s
  4386  1451  252.96588   35 1746  261.09279  250.83573  3.93%   695 8778s
  4511  1534  253.01026   36 1737  261.09279  250.83573  3.93%   697 8959s
  4623  1496  261.07588   69 1647  261.09279  250.83573  3.93%   693 8960s
  4669  1621  253.13445   38 1734  261.09279  250.83573  3.93%   695 9063s
  4813  1730  253.53156   40 1740  261.09279  250.83573  3.93%   694 9117s
  4981  1811  253.32721   42 1734  261.09279  250.83573  3.93%   687 9158s
  5126  1911  253.41855   44 1721  261.09279  250.83573  3.93%   684 9218s
  5292  1993  253.53425   46 1727  261.09279  250.83573  3.93%   681 9336s
H 5438  1986                     261.0803690  250.83573  3.92%   679 9336s
  5456  2156  253.68046   48 1721  261.08037  250.83573  3.92%   679 9367s
  5650  2319  254.05134   50 1643  261.08037  250.83573  3.92%   676 9384s
  5848  2472  253.89820   51 1709  261.08037  250.83573  3.92%   670 9570s
  6026  2495  253.89138   53 1703  261.08037  250.83573  3.92%   670 10116s
  6062  2688  254.22219   53 1708  261.08037  250.83573  3.92%   671 10134s
  6283  2912  254.36310   55 1693  261.08037  250.83573  3.92%   665 10175s
  6527  3147  254.47191   59 1662  261.08037  250.83573  3.92%   660 10221s
  6777  3519  254.55600   61 1638  261.08037  250.83573  3.92%   653 10241s
  7166  3911  254.74404   66 1617  261.08037  250.83573  3.92%   639 10262s
  7599  3977  254.90649   72 1604  261.08037  250.83573  3.92%   623 10897s
H 7608  3977                     261.0803601  250.83573  3.92%   624 10897s
H 7664  3977                     261.0803597  250.83573  3.92%   623 10897s
  7689  4293  254.93127   73 1613  261.08036  250.83573  3.92%   622 11302s
H 7794  4293                     261.0803597  250.83573  3.92%   622 11302s
H 7866  4293                     261.0803596  250.83573  3.92%   620 11302s
  8015  4389  255.04312   79 1598  261.08036  250.83573  3.92%   614 11407s
  8165  4941  255.08141   80 1612  261.08036  250.83573  3.92%   609 11470s
  8756  5599  255.36835   91 1603  261.08036  250.83573  3.92%   590 11544s
  9455  6222  255.46012   97 1586  261.08036  250.83573  3.92%   566 11643s
 10137  6869  255.69614  107 1559  261.08036  250.83573  3.92%   545 11780s
 10812  7189 infeasible  119       261.08036  250.83573  3.92%   532 12213s
 11152  8032  256.00142  125 1553  261.08036  250.83573  3.92%   532 12284s
H11769  8027                     261.0360139  250.83573  3.91%   519 12284s
 12009  9007  256.18389  137 1559  261.03601  250.83573  3.91%   511 12386s
 13039  9825  256.36618  151 1532  261.03601  250.83573  3.91%   485 12634s
H13667  9743                     260.8734958  250.83573  3.85%   475 12634s
H13778  9683                     260.7812082  250.83573  3.81%   472 12634s
H13900  9703                     260.7735917  250.83573  3.81%   472 13147s
H13935  9702                     260.7734766  250.83573  3.81%   472 13147s
 13977 10302  256.57158  159 1521  260.77348  250.83573  3.81%   472 13392s
H14092 10302                     260.7734766  250.83573  3.81%   470 13392s
H14116 10302                     260.7734765  250.83573  3.81%   469 13392s
H14175 10292                     260.7609876  250.83573  3.81%   469 13392s
 14608 11412 infeasible  171       260.76099  250.83573  3.81%   464 13565s
H14609 11408                     260.7581940  250.83573  3.81%   464 13565s
H14659 11373                     260.7299492  250.83573  3.79%   463 13565s
H14775 11368                     260.7262122  250.83573  3.79%   460 13565s
H14847 11302                     260.6717339  250.83573  3.77%   458 13565s
 15831 12147  256.86003  197 1459  260.67173  250.83573  3.77%   441 13638s
H16022 12146                     260.6701542  250.83573  3.77%   439 13638s
H16182 12024                     260.5926764  250.83573  3.74%   436 13638s
 16803 13084  257.03165  215 1404  260.59268  250.83573  3.74%   432 13702s
 18033 13974  257.28323  245 1319  260.59268  250.83573  3.74%   418 14025s
H18573 13974                     260.5926757  250.83573  3.74%   414 14025s
H18916 13969                     260.5918419  250.83573  3.74%   420 14025s
 19002 14940  257.69635  274 1307  260.59184  250.83573  3.74%   420 14316s
H19198 14919                     260.5782100  250.83573  3.74%   417 14316s
H19568 14875                     260.5509776  250.83573  3.73%   415 14316s
 20061 15736  257.61845  296 1253  260.55098  250.83573  3.73%   412 14519s
H20100 15736                     260.5508642  250.83573  3.73%   411 14519s
H20412 15736                     260.5508626  250.83573  3.73%   408 14519s
 20991 16040  257.75947  316 1244  260.55086  250.83573  3.73%   408 15772s
H21010 16031                     260.5461701  250.83573  3.73%   408 15772s
 21305 17471  257.78144  321 1212  260.54617  250.83573  3.73%   418 15853s
H21876 17470                     260.5453338  250.83573  3.73%   411 15853s
H22770 17971                     260.5453337  250.83573  3.73%   405 15928s
H22773 17903                     260.5183420  250.83573  3.72%   405 15928s
H22779 17863                     260.5088253  250.83573  3.71%   405 15928s
H22805 17817                     260.4896910  250.83573  3.71%   404 15928s
H22861 17790                     260.4762951  250.83573  3.70%   404 15928s
H22864 17779                     260.4738737  250.83573  3.70%   404 15928s
H22903 17697                     260.4461907  250.83573  3.69%   403 15928s
H23006 17687                     260.4424083  250.83573  3.69%   402 15928s
 23315 19334  258.16814  371 1096  260.44241  250.83573  3.69%   401 16187s
H23970 19334                     260.4421276  250.83573  3.69%   393 16188s
 25038 20841  258.52482  412 1005  260.44213  250.83573  3.69%   385 16282s
H25100 20840                     260.4419858  250.83573  3.69%   384 16282s
H25283 20840                     260.4419820  250.83573  3.69%   383 16282s
H25544 20840                     260.4419807  250.83573  3.69%   380 16282s
 26622 22612  258.64280  443  926  260.44198  250.83573  3.69%   372 16633s
H27184 22577                     260.4284653  250.83573  3.68%   367 16634s
 28460 23868  258.82311  482  885  260.42847  250.83573  3.68%   358 16915s
H28650 23141                     260.1883000  250.83573  3.59%   357 16916s
 29781 24415  258.90901  503  835  260.18830  250.83573  3.59%   349 17438s
H29800 24409                     260.1866795  250.83573  3.59%   349 17438s
H29900 23870                     259.9874747  250.83573  3.52%   348 17438s
H30156 22883                     259.6882832  250.83573  3.41%   346 17438s
 31432 24585  259.29656  563  728  259.68828  251.07783  3.32%   343 17815s
H31544 24585                     259.6882827  251.07783  3.32%   343 17815s
H31671 24582                     259.6859762  251.07783  3.31%   344 17815s
H32975 24557                     259.6800376  251.07783  3.31%   346 17815s
H33087 24480                     259.6638980  251.07783  3.31%   347 17815s
H33225 24385                     259.6389620  251.07783  3.30%   346 17815s
H33567 24356                     259.6309889  251.07783  3.29%   347 17815s
 33706 27143  257.42175   41 1702  259.63099  251.43189  3.16%   347 18345s
H33877 27143                     259.6309750  251.43189  3.16%   347 18345s
H33972 27072                     259.6125091  251.43189  3.15%   346 18345s
H35801 27034                     259.6030598  251.43189  3.15%   343 18345s
 36730 29124  252.86925   29 1718  259.60306  251.43189  3.15%   341 18802s
H36800 29078                     259.5933234  251.43189  3.14%   342 18802s
H37051 29001                     259.5786560  251.43189  3.14%   341 18802s
H38844 28774                     259.5345271  251.43189  3.12%   338 18802s
 39028 31115  257.60229  100 1550  259.53453  251.45899  3.11%   338 19146s
H39224 31077                     259.5268094  251.45899  3.11%   337 19146s
H39416 31049                     259.5202364  251.45899  3.11%   336 19146s
H39696 31042                     259.5179301  251.45899  3.11%   337 19146s
H40061 30958                     259.4962122  251.45899  3.10%   335 19146s
 41518 33679  255.29784   50 1638  259.49621  251.48233  3.09%   332 19736s
H41677 33673                     259.4939057  251.48233  3.09%   332 19736s
H41777 33673                     259.4938981  251.48233  3.09%   331 19736s
H43069 33202                     259.4036367  251.48233  3.05%   328 19736s
 44437 35649  252.53778   26 1723  259.40364  251.48233  3.05%   324 20456s
H44500 35508                     259.3783090  251.48233  3.04%   324 20456s
H44628 35508                     259.3782725  251.48233  3.04%   324 20456s
H45613 34991                     259.2926659  251.48233  3.01%   321 20457s
H45713 34971                     259.2886023  251.48233  3.01%   320 20457s
 46976 37110  255.44656   90 1609  259.28860  251.48233  3.01%   316 20955s
H47077 37110                     259.2886023  251.48233  3.01%   316 20955s
H47478 37110                     259.2886020  251.48233  3.01%   314 20956s
H47921 36943                     259.2630132  251.48233  3.00%   312 20956s
H48021 36938                     259.2625385  251.48233  3.00%   312 20956s
 49232 40420  256.74928  142 1535  259.26254  251.48233  3.00%   307 21826s
H49300 40417                     259.2619607  251.48233  3.00%   307 21826s
H50093 40417                     259.2619575  251.48233  3.00%   304 21826s
H50588 40417                     259.2619476  251.48233  3.00%   302 21827s
 52896 42144  258.40564  228 1407  259.26195  251.87459  2.85%   296 22138s
H52900 42144                     259.2619470  251.87459  2.85%   296 22138s
H52967 42144                     259.2619459  251.87700  2.85%   296 22138s
H52972 42144                     259.2619413  251.87700  2.85%   296 22138s
H53178 41994                     259.2410873  251.87700  2.84%   295 22138s
 55035 44837  253.48029   34 1722  259.24109  251.87700  2.84%   292 22583s
H55100 44836                     259.2409460  251.87700  2.84%   292 22583s
 58011 48627  256.01771  100 1567  259.24095  251.87700  2.84%   289 22840s
H58831 48627                     259.2409454  251.87700  2.84%   287 22840s
H60690 48627                     259.2409448  251.87700  2.84%   282 22840s
H61184 48627                     259.2409446  251.87700  2.84%   284 22840s
H61838 48627                     259.2409443  251.87700  2.84%   284 22840s
 62105 52772  258.83823  191 1412  259.24094  251.92334  2.82%   283 23339s
H62845 52772                     259.2409436  251.96309  2.81%   284 23339s
 66818 55153  256.80530   99 1568  259.24094  251.96309  2.81%   281 23834s
H67489 55153                     259.2409435  251.96309  2.81%   282 23834s
H68324 55153                     259.2409435  251.96309  2.81%   283 23834s
H69465 55153                     259.2409435  251.96309  2.81%   286 23834s
 69632 57892  258.96180  206 1362  259.24094  252.11209  2.75%   286 24674s
H71613 57892                     259.2409433  252.23436  2.70%   287 24674s
 72612 62764  254.31451   55 1664  259.24094  252.23436  2.70%   287 25157s
H72789 62764                     259.2409432  252.23436  2.70%   287 25157s
H73655 62716                     259.2343092  252.23436  2.70%   285 25157s
 77738 66092  256.01503  111 1489  259.23431  252.23436  2.70%   280 25663s
H77800 66092                     259.2343090  252.23436  2.70%   280 25664s
H79551 65950                     259.2202127  252.23436  2.69%   277 25664s
 81319 70622  257.02492  161 1471  259.22021  252.23436  2.69%   278 26508s
H81582 70622                     259.2202126  252.23436  2.69%   278 26509s
H83806 70622                     259.2202115  252.23436  2.69%   276 26509s
H84442 70613                     259.2194419  252.23436  2.69%   276 26509s
 86178 73572  257.86687  235 1337  259.21944  252.23436  2.69%   274 27715s
H86300 73572                     259.2194407  252.23436  2.69%   273 27715s
H87345 73572                     259.2194406  252.23436  2.69%   273 27716s
H87660 73572                     259.2194404  252.23436  2.69%   274 27716s
 89504 77990  258.15384  272 1250  259.21944  252.23436  2.69%   274 28483s
H91086 77990                     259.2194403  252.23436  2.69%   274 28483s
 94244 81899  258.70921  365 1046  259.21944  252.25576  2.69%   276 29888s
H94500 81899                     259.2194402  252.25576  2.69%   275 29888s
 98367 84878  256.52277   29 1562  259.21944  252.35619  2.65%   277 30718s
 101534 89212  253.33345   31 1696  259.21944  252.35619  2.65%   276 31570s
H102826 89212                     259.2194389  252.35619  2.65%   276 31570s
 106267 92189  257.06849   98 1528  259.21944  252.37198  2.64%   275 32090s
 109521 97145  254.29413   27 1632  259.21944  252.37198  2.64%   275 32916s
H111178 97145                     259.2194386  252.37198  2.64%   274 32917s
 114852 101375  258.70013  105 1461  259.21944  252.43001  2.62%   271 34114s
H118978 101160                     259.2032447  252.43001  2.61%   268 34115s
 119599 102971  253.34509   31 1724  259.20324  252.43001  2.61%   268 34645s
H119600 102960                     259.2025890  252.43001  2.61%   268 34646s
H119602 102960                     259.2025883  252.43001  2.61%   268 34646s
H121562 102960                     259.2025873  252.43001  2.61%   267 34646s
 121597 105454  253.48681   33 1703  259.20259  252.43001  2.61%   267 35717s
H121620 105454                     259.2025872  252.43001  2.61%   267 35718s
H121791 105454                     259.2025872  252.43001  2.61%   267 35718s
H122238 105454                     259.2025872  252.43001  2.61%   267 35719s
H122446 105454                     259.2025870  252.43001  2.61%   266 35719s
H122816 105454                     259.2025869  252.43001  2.61%   266 35719s
 124169 108582  253.70452   37 1686  259.20259  252.43001  2.61%   265 36665s
H124200 108582                     259.2025857  252.43001  2.61%   265 36665s
 127545 112798  255.05472   68 1610  259.20259  252.43001  2.61%   266 37315s
H129411 112798                     259.2025856  252.43001  2.61%   267 37315s
H130054 112798                     259.2025855  252.43001  2.61%   268 37315s
 131995 115364  257.08708  144 1541  259.20259  252.43001  2.61%   267 38300s
H132100 115364                     259.2025854  252.43001  2.61%   267 38301s
H133013 115364                     259.2025847  252.43001  2.61%   268 38301s
H133149 115364                     259.2025846  252.43001  2.61%   268 38302s
 134762 119323  257.81816  192 1453  259.20258  252.43001  2.61%   268 39339s
 138889 120915  258.89432  296 1289  259.20258  252.48853  2.59%   269 39910s
H139840 120915                     259.2025846  252.48853  2.59%   269 39910s
H140113 120915                     259.2025844  252.48853  2.59%   269 39910s
 140648 125439  253.06651   32 1725  259.20258  252.48853  2.59%   269 40850s
 145676 128204  256.33151  128 1494  259.20258  252.48853  2.59%   268 41816s
 148769 131439  259.07154  353 1102  259.20258  252.51734  2.58%   270 42819s
 152425 135458  257.74436   30 1714  259.20258  252.51734  2.58%   272 44112s
 157114 138681  257.50482   70 1644  259.20258  252.54626  2.57%   277 45285s
 160755 141361  257.03686  128 1543  259.20258  252.54626  2.57%   281 46195s
 163825 144350  259.05162  274 1306  259.20258  252.58511  2.55%   289 47347s
 167059 148506  257.29406   49 1629  259.20258  252.59299  2.55%   297 48502s
 171442 153609 infeasible   38       259.20258  252.59299  2.55%   298 49948s
 176882 156835  255.47856   68 1612  259.20258  252.59299  2.55%   297 51417s
 180712 161228  256.44605  104 1518  259.20258  252.59299  2.55%   297 52450s
 185607 165019  258.08071  198 1398  259.20258  252.61254  2.54%   298 53642s
 189917 168346  255.04084   29 1638  259.20258  252.65499  2.53%   300 54966s
 193885 170504  253.85238   40 1676  259.20258  252.66073  2.52%   302 55926s
 196229 175199  254.76044   56 1638  259.20258  252.66073  2.52%   303 57227s
 201425 178663  256.76742  128 1508  259.20258  252.67024  2.52%   302 58294s
 205316 182850  254.28923   49 1667  259.20258  252.69744  2.51%   304 59759s
 207941 182850  257.59059  188 1405  259.20258  252.69744  2.51%   304 59760s
 209876 185653  256.85795  134 1525  259.20258  252.70211  2.51%   303 61482s
 213098 187657  253.87105   40 1678  259.20258  252.70211  2.51%   302 63385s
 215402 192245  256.25345   98 1575  259.20258  252.71852  2.50%   303 65752s
 220405 196863  254.50027   53 1655  259.20258  252.72838  2.50%   303 66612s
 225487 198394  257.18692  149 1498  259.20258  252.72838  2.50%   301 67744s
 227171 202090  257.39906  163 1453  259.20258  252.74456  2.49%   301 68819s
 231066 205764  253.25110   25 1719  259.20258  252.74456  2.49%   298 70193s
 235042 208944  255.21502   60 1624  259.20258  252.74456  2.49%   297 71316s
 238482 211599  257.68394  180 1413  259.20258  252.75944  2.49%   297 71782s
 241269 214760  255.13998   74 1596  259.20258  252.76851  2.48%   296 72934s
 242375 214760  253.28929   30 1708  259.20258  252.76900  2.48%   295 72935s
 244743 218729  253.49826   36 1704  259.20258  252.76900  2.48%   295 75087s
 249032 223056  255.74341   94 1613  259.20258  252.76900  2.48%   294 76694s
 253706 226851  257.87601  213 1390  259.20258  252.78450  2.48%   294 78861s
 258166 228599  255.54360   59 1627  259.20258  252.79461  2.47%   296 81035s
 260307 233380  253.96612   34 1707  259.20258  252.79461  2.47%   297 82166s
 265395 236478  258.50209  228 1390  259.20258  252.81068  2.47%   297 83916s
 268788 238635  255.66952   65 1595  259.20258  252.81068  2.47%   295 85162s
 271365 241829  259.07547  126 1518  259.20258  252.81192  2.47%   295 86856s
 274832 246048  254.82782   62 1588  259.20258  252.82485  2.46%   295 89297s
 279567 248992  258.01523  231 1344  259.20258  252.83081  2.46%   295 91166s
 282972 251007  257.63517   75 1573  259.20258  252.83767  2.46%   296 92507s
 285266 256090  254.35134   46 1672  259.20258  252.85475  2.45%   296 95037s
 290754 261482  254.78247   53 1648  259.20258  252.85475  2.45%   296 96355s
 296317 266515  258.93570  199 1385  259.20258  252.85652  2.45%   293 98117s
 301779 269533  254.94454   71 1633  259.20258  252.86778  2.44%   292 99663s
 305066 272594  253.84909   38 1716  259.20258  252.86866  2.44%   291 101162s
 308420 277937  255.63332   73 1625  259.20258  252.86866  2.44%   290 102836s
 314308 281137  258.31596  223 1325  259.20258  252.87404  2.44%   288 104155s
 317951 284318  258.44568  110 1466  259.20258  252.89053  2.44%   290 106077s
 321487 286919  253.86013   33 1716  259.20258  252.89882  2.43%   289 107657s
 324353 290304  254.64931   47 1661  259.20258  252.89882  2.43%   289 109739s
 327626 290304  257.81973  180 1400  259.20258  252.89882  2.43%   290 109740s
 328291 292400  258.10562  195 1361  259.20258  252.90011  2.43%   290 111225s
H328668 292400                     259.2025842  252.90764  2.43%   290 111229s
 330844 295825 infeasible  100       259.20258  252.91292  2.43%   291 114034s
H334252 295825                     259.2025785  252.91292  2.43%   293 114034s
 334508 295825  257.11466  101 1538  259.20258  252.91292  2.43%   293 114035s
 334758 298567  256.13201  109 1513  259.20258  252.91292  2.43%   293 115683s
 337713 304756  256.99123  163 1523  259.20258  252.91374  2.43%   293 118480s
 344379 307243  255.66720   80 1564  259.20258  252.91936  2.42%   292 119570s
 347142 312779  257.09067  144 1482  259.20258  252.91936  2.42%   292 121552s
 352915 317734  258.05943  209 1428  259.20258  252.91936  2.42%   290 122581s
 358126 322641  258.84293  292 1245  259.20258  252.93413  2.42%   289 123883s
 363500 324529  256.03508  115 1535  259.20258  252.94119  2.42%   287 125322s
 365647 327118  256.06856  116 1532  259.20258  252.94119  2.42%   286 127540s
 368542 330542  258.30674  235 1298  259.20258  252.94128  2.42%   287 128768s
 372243 333878  256.21520   86 1572  259.20258  252.94310  2.41%   287 130653s
 376038 336496  258.32135  201 1355  259.20258  252.94640  2.41%   288 132761s
 379107 341384  256.22295  107 1574  259.20258  252.95214  2.41%   289 135856s
 384507 345315  253.29892   40 1675  259.20258  252.96223  2.41%   290 138435s
 388963 347800  256.82944   53 1605  259.20258  252.97142  2.40%   291 140573s
 391898 349606  255.47125   39 1601  259.20258  252.97171  2.40%   292 141582s
H392280 349606                     259.2025783  252.97173  2.40%   292 141586s
 393938 353863  254.44850   47 1679  259.20258  252.97173  2.40%   292 143844s
 395461 353863  254.71407   52 1616  259.20258  252.97173  2.40%   292 143845s
 398554 357928  258.09452  210 1356  259.20258  252.98031  2.40%   291 145705s
 403061 361835  255.60050   71 1657  259.20258  252.98708  2.40%   292 148431s
 407337 363390  258.77791   80 1640  259.20258  252.98708  2.40%   291 148735s

Cutting planes:
  Learned: 18
  Gomory: 24
  Cover: 611
  Implied bound: 114
  Projected implied bound: 228
  Clique: 11
  MIR: 775
  StrongCG: 2
  Flow cover: 3109
  Inf proof: 3
  Zero half: 95
  RLT: 995
  Relax-and-lift: 214

Explored 409021 nodes (119182702 simplex iterations) in 148736.60 seconds
Thread count was 32 (of 32 available processors)

Solution count 10: 259.203 259.203 259.203 ... 259.203

Solve interrupted
Best objective 2.592025783334e+02, best bound 2.529870832581e+02, gap 2.3979%
