
Gurobi 9.1.0 (linux64) logging started Wed Aug 18 19:28:54 2021

Changed value of parameter LogFile to eab_parasitoid0_0_1_bud_area.log
   Prev:   Default: 
Changed value of parameter MIPGap to 0.01
   Prev: 0.0001  Min: 0.0  Max: inf  Default: 0.0001
Changed value of parameter Method to 2
   Prev: -1  Min: -1  Max: 5  Default: -1
Changed value of parameter MIPFocus to 2
   Prev: 0  Min: 0  Max: 3  Default: 0
Changed value of parameter RINS to 100
   Prev: -1  Min: -1  Max: 2000000000  Default: -1
Gurobi Optimizer version 9.1.0 build v9.1.0rc0 (linux64)
Thread count: 32 physical cores, 32 logical processors, using up to 32 threads
Optimize a model with 203396 rows, 134935 columns and 685039 nonzeros
Model fingerprint: 0x316e7e67
Variable types: 55779 continuous, 79156 integer (79156 binary)
Coefficient statistics:
  Matrix range     [2e-04, 1e+06]
  Objective range  [1e+00, 1e+00]
  Bounds range     [1e+00, 6e+03]
  RHS range        [1e-04, 1e+06]
Presolve removed 199205 rows and 131390 columns (presolve time = 5s) ...
Presolve removed 199965 rows and 131949 columns
Presolve time: 5.97s
Presolved: 3431 rows, 2986 columns, 61070 nonzeros
Variable types: 1516 continuous, 1470 integer (1470 binary)
Presolve removed 89 rows and 87 columns
Presolved: 3342 rows, 2899 columns, 60101 nonzeros

Root barrier log...

Ordering time: 0.07s

Barrier statistics:
 Dense cols : 133
 AA' NZ     : 1.867e+05
 Factor NZ  : 6.459e+05 (roughly 8 MBytes of memory)
 Factor Ops : 2.769e+08 (less than 1 second per iteration)
 Threads    : 31

                  Objective                Residual
Iter       Primal          Dual         Primal    Dual     Compl     Time
   0   4.00140583e+03 -2.86141128e+04  8.91e+01 4.13e-01  8.50e+01     7s
   1   1.30361465e+03 -3.40070875e+04  7.61e+00 1.07e-13  1.14e+01     7s
   2   9.49705745e+02 -1.29804514e+04  1.66e-01 2.88e-13  1.72e+00     7s
   3   9.26100320e+02 -1.73573305e+03  4.07e-02 2.78e-14  3.05e-01     7s
   4   8.77525450e+02 -4.29418161e+00  4.04e-04 9.33e-15  9.77e-02     7s
   5   8.52928167e+02  5.98023331e+02  1.08e-04 3.55e-15  2.82e-02     7s
   6   8.44744927e+02  7.44556505e+02  4.88e-05 1.78e-15  1.11e-02     7s
   7   8.42502808e+02  7.88357681e+02  3.22e-05 1.78e-15  6.00e-03     7s
   8   8.40288962e+02  8.11274252e+02  1.37e-05 1.78e-15  3.21e-03     7s
   9   8.39303736e+02  8.32241785e+02  2.88e-06 1.78e-15  7.82e-04     8s
  10   8.39047739e+02  8.37299717e+02  1.44e-06 1.78e-15  1.94e-04     8s
  11   8.38885637e+02  8.38301876e+02  3.60e-07 8.88e-16  6.47e-05     8s
  12   8.38841764e+02  8.38655271e+02  1.14e-07 1.78e-15  2.07e-05     8s
  13   8.38833964e+02  8.38706125e+02  8.02e-08 1.78e-15  1.42e-05     8s
  14   8.38821273e+02  8.38778703e+02  2.94e-08 8.88e-16  4.72e-06     8s
  15   8.38816686e+02  8.38798711e+02  1.29e-08 1.78e-15  1.99e-06     8s
  16   8.38813529e+02  8.38808719e+02  1.73e-09 1.78e-15  5.33e-07     8s
  17   8.38813022e+02  8.38812598e+02  4.29e-11 3.55e-15  4.70e-08     8s
  18   8.38813003e+02  8.38812957e+02  9.89e-13 1.78e-15  5.11e-09     9s
  19   8.38813002e+02  8.38812994e+02  2.09e-13 1.78e-15  9.22e-10     9s
  20   8.38813002e+02  8.38813002e+02  3.22e-14 7.46e-15  3.14e-12     9s
  21   8.38813002e+02  8.38813002e+02  1.42e-13 2.44e-15  8.65e-18     9s

Barrier solved model in 21 iterations and 9.04 seconds
Optimal objective 8.38813002e+02


Root crossover log...

     127 DPushes remaining with DInf 0.0000000e+00                 9s
       0 DPushes remaining with DInf 0.0000000e+00                 9s

    2382 PPushes remaining with PInf 0.0000000e+00                 9s
       0 PPushes remaining with PInf 0.0000000e+00                 9s

  Push phase complete: Pinf 0.0000000e+00, Dinf 2.0299010e-16      9s


Root simplex log...

Iteration    Objective       Primal Inf.    Dual Inf.      Time
    2455    8.3881300e+02   0.000000e+00   0.000000e+00      9s
    2455    8.3881300e+02   0.000000e+00   0.000000e+00      9s

Root relaxation: objective 8.388130e+02, 2455 iterations, 2.80 seconds

    Nodes    |    Current Node    |     Objective Bounds      |     Work
 Expl Unexpl |  Obj  Depth IntInf | Incumbent    BestBd   Gap | It/Node Time

     0     0  838.81300    0  132          -  838.81300      -     -    9s
     0     0  839.86598    0  385          -  839.86598      -     -   11s
     0     0  839.86600    0  383          -  839.86600      -     -   11s
     0     0  839.95890    0  528          -  839.95890      -     -   12s
     0     0  839.97908    0  534          -  839.97908      -     -   12s
     0     0  839.98182    0  534          -  839.98182      -     -   12s
     0     0  839.98210    0  535          -  839.98210      -     -   12s
     0     0  840.21164    0  512          -  840.21164      -     -   13s
     0     0  841.00972    0  532          -  841.00972      -     -   14s
     0     0  841.00972    0  542          -  841.00972      -     -   15s
     0     0  841.84581    0  546          -  841.84581      -     -   15s
     0     0  841.84581    0  547          -  841.84581      -     -   15s
     0     0  841.84581    0  541          -  841.84581      -     -   17s
     0     0  841.84581    0  538          -  841.84581      -     -   18s
     0     0  841.84581    0  541          -  841.84581      -     -   18s
     0     0  841.84581    0  543          -  841.84581      -     -   18s
     0     0  841.84581    0  518          -  841.84581      -     -   20s
H    0     0                     894.8415070  841.84581  5.92%     -   20s
H    0     0                     893.8157814  841.84581  5.81%     -   20s
     0     0  841.84581    0  524  893.81578  841.84581  5.81%     -   20s
     0     0  841.84581    0  518  893.81578  841.84581  5.81%     -   21s
     0     0  841.84581    0  523  893.81578  841.84581  5.81%     -   21s
     0     0  841.84581    0  529  893.81578  841.84581  5.81%     -   21s
H    0     0                     892.7896076  841.84581  5.71%     -   22s
     0     0  841.84581    0  521  892.78961  841.84581  5.71%     -   24s
     0     0  841.84581    0  539  892.78961  841.84581  5.71%     -   25s
     0     0  841.84581    0  539  892.78961  841.84581  5.71%     -   25s
     0     0  841.84581    0  540  892.78961  841.84581  5.71%     -   26s
     0     0  841.84581    0  535  892.78961  841.84581  5.71%     -   28s
     0     0  841.84581    0  542  892.78961  841.84581  5.71%     -   29s
     0     0  841.84581    0  537  892.78961  841.84581  5.71%     -   30s
     0     0  841.84581    0  537  892.78961  841.84581  5.71%     -   31s
     0     0  841.84581    0  530  892.78961  841.84581  5.71%     -   33s
     0     2  841.84581    0  530  892.78961  841.84581  5.71%     -   38s
     5     4  843.88519    3  521  892.78961  843.54327  5.52%  1086   40s
     9     4 infeasible    4       892.78961  843.88519  5.48%   867   46s
    13     2 infeasible    5       892.78961  844.51103  5.41%  1294   57s
    17     2  847.59145    6  539  892.78961  846.56149  5.18%  1247   64s
    19     4  847.62412    7  546  892.78961  847.59145  5.06%  1264   65s
    33    12 infeasible   10       892.78961  848.23084  4.99%  1333   84s
H   40    12                     891.7508655  848.61504  4.84%  1576   84s
    47    12  850.56216   11  486  891.75087  849.59688  4.73%  1682   90s
    59    12 infeasible   12       891.75087  850.56239  4.62%  1617   98s
H   68    12                     883.2906369  850.71268  3.69%  1550   99s
    71    16  852.60884   13  483  883.29064  851.57725  3.59%  1547  111s
    83    16  852.62634   14  486  883.29064  852.59885  3.47%  1511  116s
    99    20 infeasible   15       883.29064  852.62634  3.47%  1587  138s
   115    26  854.70278   16  524  883.29064  853.65726  3.35%  1751  165s
   135    32 infeasible   17       883.29064  853.71500  3.35%  1850  176s
H  142    32                     882.1916043  854.70695  3.12%  1853  176s
   161    36  855.77049   18  400  882.19160  854.76398  3.11%  2048  203s
   193    46 infeasible   19       882.19160  855.77049  2.99%  2083  223s
   227    66  857.81474   20  366  882.19160  856.79963  2.88%  2073  320s
H  259    90                     881.1774562  856.79972  2.77%  2105  376s
H  264    90                     877.9745897  856.79972  2.41%  2075  376s
H  294    90                     877.9393262  856.79972  2.41%  1986  376s
   299   114  858.87213   23  359  877.93933  856.79972  2.41%  1965  415s
H  349   127                     875.8435926  856.79972  2.17%  1783  497s
H  363   127                     874.7859854  856.79972  2.06%  1737  497s
   386   165  858.87213   26  288  874.78599  857.81474  1.94%  1738  647s
   454   217  858.87213   29  294  874.78599  857.81474  1.94%  1617  740s
   524   312  859.96201   32  309  874.78599  857.81474  1.94%  1485  795s
   627   399  861.02020   35  332  874.78599  857.81474  1.94%  1299  847s
   722   506  861.02020   39  265  874.78599  857.81474  1.94%  1184  881s
   837   700  861.02020   44  295  874.78599  857.81474  1.94%  1063  982s
  1045   836  862.05238   52  326  874.78599  857.81474  1.94%   914 1053s
  1219  1004  862.24172   58  279  874.78599  857.81474  1.94%   843 1217s
  1409  1189  863.12240   63  248  874.78599  857.81474  1.94%   780 1264s
  1614  1379 infeasible   66       874.78599  857.81474  1.94%   725 1337s
  1835  1538  865.22914   75  263  874.78599  857.81474  1.94%   677 1403s
  2037  1817  865.27218   80  288  874.78599  857.81474  1.94%   649 1483s
  2354  1855 infeasible   92       874.78599  857.81474  1.94%   600 1521s
H 2385  1855                     872.7534608  857.81474  1.71%   601 1521s
  2416  2099  866.75663   93  250  872.75346  857.81474  1.71%   599 1553s
  2710  2323  866.31317  106  250  872.75346  857.81474  1.71%   570 1614s
  3007  2324  858.91849   24  530  872.75346  857.81474  1.71%   553 2225s
  3009  2325  863.17901  117  135  872.75346  857.81474  1.71%   553 2238s
  3010  2326  858.90168   84  445  872.75346  857.81474  1.71%   553 2247s
  3012  2327  862.16022   55  471  872.75346  857.81474  1.71%   552 2251s
  3016  2330  863.10709  132  534  872.75346  857.81474  1.71%   551 2255s
  3017  2331  862.08273   69  532  872.75346  857.81474  1.71%   551 2276s
  3020  2333  858.90168  101  535  872.75346  857.81474  1.71%   551 2283s
  3021  2333  858.90959   32  548  872.75346  857.81474  1.71%   551 2293s
  3022  2334  858.87213   50  548  872.75346  857.81474  1.71%   550 2301s
  3023  2335  858.93180   30  548  872.75346  857.81474  1.71%   550 2329s
  3024  2336 infeasible   12       872.75346  857.81474  1.71%   556 2349s
  3026  2336  857.81474   13  501  872.75346  857.81474  1.71%   556 2362s
  3028  2335 infeasible   14       872.75346  857.81474  1.71%   556 2385s
  3030  2334  857.81474   15  513  872.75346  857.81474  1.71%   556 2418s
  3032  2334 infeasible   16       872.75346  857.81474  1.71%   556 2442s
  3034  2333  857.81474   17  516  872.75346  857.81474  1.71%   556 2470s
  3036  2332 infeasible   18       872.75346  857.81474  1.71%   557 2504s
  3038  2332  857.81474   19  506  872.75346  857.81474  1.71%   557 2513s
  3040  2333  857.81474   20  514  872.75346  857.81474  1.71%   557 2518s
  3042  2336  857.81474   21  546  872.75346  857.81474  1.71%   557 2523s
  3046  2341  857.81474   22  552  872.75346  857.81474  1.71%   557 2529s
  3054  2338 infeasible   23       872.75346  857.81474  1.71%   558 2560s
  3082  2363  857.81474   25  470  872.75346  857.81474  1.71%   562 2567s
  3106  2367 infeasible   26       872.75346  857.81474  1.71%   561 2580s
  3138  2384  857.81474   27  468  872.75346  857.81474  1.71%   569 2585s
H 3170  2289                     871.6573857  857.81474  1.59%   574 2592s
  3202  2326  857.81474   29  441  871.65739  857.81474  1.59%   576 2595s
  3256  2338  857.81474   30  439  871.65739  857.81474  1.59%   573 2603s
  3288  2366  857.81474   31  423  871.65739  857.81474  1.59%   571 2612s
  3331  2386  857.81474   32  408  871.65739  857.81474  1.59%   573 2617s
  3381  2409  857.81474   33  403  871.65739  857.81474  1.59%   573 2623s
  3433  2458  857.81474   34  411  871.65739  857.81474  1.59%   575 2629s
  3511  2480  858.03804   36  362  871.65739  857.81474  1.59%   571 2633s
  3571  2505  859.12370   38  402  871.65739  857.81474  1.59%   575 2641s
  3634  2528  860.17133   39  389  871.65739  857.81474  1.59%   578 2645s
  3772  2576  862.43047   45  387  871.65739  857.81474  1.59%   582 2679s
  3838  2597  863.37024   47  381  871.65739  857.81474  1.59%   585 2704s
  3915  2605 infeasible   50       871.65739  857.81474  1.59%   585 2713s
  3975  2639  865.41183   50  363  871.65739  857.81474  1.59%   584 2743s
  4069  2679 infeasible   55       871.65739  857.81474  1.59%   588 2765s
  4170  2706 infeasible   55       871.65739  857.81474  1.59%   592 2774s
  4269  2687 infeasible   56       871.65739  857.81474  1.59%   597 2810s
H 4274  2574                     870.5762375  857.81474  1.47%   597 2810s
H 4280  2467                     870.5675068  857.81474  1.46%   598 2810s
H 4307  2357                     870.5613106  857.81474  1.46%   600 2810s
  4309  2440  859.95991   38  366  870.56131  857.81474  1.46%   600 2822s
  4421  2493  859.96179   40  421  870.56131  857.81474  1.46%   605 2833s
  4525  2578  859.96370   41  412  870.56131  857.81474  1.46%   611 2853s
  4663  2678  861.07312   44  407  870.56131  857.81474  1.46%   616 2865s
  4827  2660  862.10562   48  422  870.56131  857.81474  1.46%   619 2875s
  4876  2791  862.10562   49  421  870.56131  857.81474  1.46%   619 2881s
  5059  2861  863.12351   57  391  870.56131  857.81474  1.46%   617 2898s
  5238  2972  864.19369   59  414  870.56131  857.81474  1.46%   617 2933s
  5451  3062 infeasible   63       870.56131  857.81474  1.46%   611 2943s
  5675  3143  867.46254  114  193  870.56131  857.81474  1.46%   606 2960s
  5884  3095  867.46737  128  252  870.56131  857.81474  1.46%   604 3134s
H 5887  2985                     869.5035458  857.81474  1.34%   604 3134s
  5926  3145  867.52604  129  250  869.50355  857.81474  1.34%   607 3148s
  6171  3219  865.19831   64  211  869.50355  857.81474  1.34%   605 3165s
  6421  3256  866.29972   69  242  869.50355  857.81474  1.34%   603 3179s
  6605  3346 infeasible   73       869.50355  857.81474  1.34%   605 3192s
  6853  3421  864.17627   51  285  869.50355  857.81474  1.34%   602 3204s
  7097  3429  866.32564   56  263  869.50355  857.81474  1.34%   603 3216s
  7246  3405  866.32564   60  261  869.50355  857.81474  1.34%   606 3241s
  7282  3591  866.32564   61  260  869.50355  857.81474  1.34%   607 3256s
H 7557  3197                     868.4506458  857.81474  1.22%   607 3256s
  7572  3416 infeasible   71       868.45065  857.81474  1.22%   606 3273s
  7881  3560 infeasible   31       868.45065  857.81474  1.22%   604 3291s
  8219  3701  857.81474   31  440  868.45065  857.81474  1.22%   603 3303s
  8572  3915  858.91851   36  342  868.45065  857.81474  1.22%   601 3331s
  8888  4086  861.02782   41  288  868.45065  857.81474  1.22%   601 3346s
  9135  4337  862.12099   42  307  868.45065  857.81474  1.22%   607 3365s
  9518  4625  863.18710   48  283  868.45065  857.81474  1.22%   606 3376s
  9924  4921  863.20135   59  244  868.45065  857.81474  1.22%   603 3387s
 10312  5228  863.20135   73  238  868.45065  857.81474  1.22%   604 3402s
 10732  5542  864.26987   74  215  868.45065  857.81474  1.22%   603 3417s
 11164  5847  864.30109   76  231  868.45065  857.81474  1.22%   602 3442s
 11623  6122 infeasible   79       868.45065  857.81474  1.22%   600 3462s
 12139  6403  864.30109   80  239  868.45065  857.81474  1.22%   600 3483s
 12536  6747  865.36961   82  199  868.45065  857.81474  1.22%   604 3510s
 12982  6985  865.36961   83  231  868.45065  857.81474  1.22%   604 3560s
 13361  7236  865.36961   91  215  868.45065  857.81474  1.22%   609 3604s
 13774  7554  865.36961   93  228  868.45065  857.81474  1.22%   612 3656s
H14084  5444                     865.2288180  857.81474  0.86%   614 3657s

Cutting planes:
  Learned: 1
  Gomory: 32
  Cover: 131
  Implied bound: 83
  Projected implied bound: 15
  Clique: 4
  MIR: 522
  StrongCG: 1
  Flow cover: 2163
  GUB cover: 1
  Zero half: 11
  RLT: 1239
  Relax-and-lift: 196

Explored 14266 nodes (8763204 simplex iterations) in 3657.38 seconds
Thread count was 32 (of 32 available processors)

Solution count 10: 865.229 868.451 869.504 ... 874.786

Optimal solution found (tolerance 1.00e-02)
Best objective 8.652288179877e+02, best bound 8.578147434492e+02, gap 0.8569%
