
Gurobi 9.1.0 (linux64) logging started Fri Aug  6 16:30:47 2021

Changed value of parameter LogFile to eab_parasitoid_2_2_0.2_bud.log
   Prev:   Default: 
Changed value of parameter MIPGap to 0.01
   Prev: 0.0001  Min: 0.0  Max: inf  Default: 0.0001
Changed value of parameter Method to 2
   Prev: -1  Min: -1  Max: 5  Default: -1
Changed value of parameter MIPFocus to 2
   Prev: 0  Min: 0  Max: 3  Default: 0
Changed value of parameter RINS to 100
   Prev: -1  Min: -1  Max: 2000000000  Default: -1
Gurobi Optimizer version 9.1.0 build v9.1.0rc0 (linux64)
Thread count: 32 physical cores, 32 logical processors, using up to 32 threads
Optimize a model with 203396 rows, 134935 columns and 685039 nonzeros
Model fingerprint: 0xcf40af2d
Variable types: 55779 continuous, 79156 integer (79156 binary)
Coefficient statistics:
  Matrix range     [1e-04, 1e+05]
  Objective range  [1e-06, 1e-01]
  Bounds range     [1e+00, 6e+03]
  RHS range        [1e-04, 1e+05]
Presolve removed 176924 rows and 112519 columns (presolve time = 5s) ...
Presolve removed 185571 rows and 120000 columns (presolve time = 10s) ...
Presolve removed 189422 rows and 123349 columns (presolve time = 15s) ...
Presolve removed 190443 rows and 124093 columns (presolve time = 20s) ...
Presolve removed 191301 rows and 125012 columns (presolve time = 25s) ...
Presolve removed 192036 rows and 125521 columns (presolve time = 30s) ...
Presolve removed 192370 rows and 125751 columns
Presolve time: 33.19s
Presolved: 11026 rows, 9184 columns, 136137 nonzeros
Variable types: 3686 continuous, 5498 integer (5494 binary)
Presolve removed 35 rows and 28 columns
Presolved: 10991 rows, 9156 columns, 136062 nonzeros

Root barrier log...

Ordering time: 1.09s

Barrier statistics:
 Dense cols : 133
 AA' NZ     : 5.794e+05
 Factor NZ  : 2.861e+06 (roughly 30 MBytes of memory)
 Factor Ops : 2.441e+09 (less than 1 second per iteration)
 Threads    : 31

                  Objective                Residual
Iter       Primal          Dual         Primal    Dual     Compl     Time
   0   2.42414340e+03 -2.56600689e+04  3.84e+04 2.42e-01  6.14e+01    37s
   1   1.82958802e+03 -2.71888308e+04  2.50e+04 2.94e-01  3.92e+01    37s
   2   7.48497257e+02 -2.23949377e+04  2.49e+03 1.42e-03  4.48e+00    37s
   3   4.55174916e+02 -1.09387788e+04  1.39e+02 5.33e-14  5.57e-01    38s
   4   3.74241141e+02 -2.72623282e+03  1.94e+01 7.55e-15  1.18e-01    38s
   5   3.58188483e+02 -6.36080378e+02  5.85e+00 2.66e-15  3.61e-02    38s
   6   3.49421074e+02  8.22126232e+00  1.69e+00 1.33e-15  1.21e-02    38s
   7   3.43589101e+02  2.70325674e+02  1.95e-01 1.22e-15  2.58e-03    38s
   8   3.40738004e+02  3.20125201e+02  2.30e-02 8.82e-16  7.23e-04    39s
   9   3.39272391e+02  3.32241007e+02  1.74e-04 2.42e-16  2.46e-04    39s
  10   3.38681768e+02  3.35419967e+02  9.51e-05 4.44e-16  1.14e-04    39s
  11   3.38205927e+02  3.36501645e+02  3.82e-05 2.06e-16  5.97e-05    39s
  12   3.38015237e+02  3.37394678e+02  1.58e-05 2.22e-16  2.17e-05    39s
  13   3.37919463e+02  3.37600081e+02  5.34e-06 1.80e-16  1.12e-05    40s
  14   3.37881711e+02  3.37791130e+02  1.49e-06 9.44e-16  3.17e-06    40s
  15   3.37872002e+02  3.37831043e+02  6.64e-07 3.33e-16  1.43e-06    40s
  16   3.37867366e+02  3.37847957e+02  3.07e-07 2.22e-16  6.80e-07    40s
  17   3.37865239e+02  3.37855609e+02  1.49e-07 2.22e-16  3.37e-07    40s
  18   3.37864087e+02  3.37859214e+02  6.71e-08 2.22e-16  1.71e-07    41s
  19   3.37863451e+02  3.37861549e+02  2.26e-08 2.22e-16  6.66e-08    41s
  20   3.37863192e+02  3.37862580e+02  6.13e-09 2.22e-16  2.14e-08    41s
  21   3.37863118e+02  3.37862782e+02  2.27e-09 2.22e-16  1.18e-08    41s
  22   3.37863106e+02  3.37862848e+02  1.69e-09 2.22e-16  9.03e-09    41s
  23   3.37863095e+02  3.37862927e+02  1.14e-09 2.22e-16  5.86e-09    42s
  24   3.37863083e+02  3.37862974e+02  6.26e-10 2.22e-16  3.82e-09    42s
  25   3.37863078e+02  3.37863024e+02  3.27e-10 4.56e-16  1.88e-09    42s
  26   3.37863073e+02  3.37863042e+02  1.02e-10 1.37e-16  1.06e-09    42s
  27   3.37863071e+02  3.37863055e+02  2.40e-11 2.32e-15  5.54e-10    43s
  28   3.37863071e+02  3.37863058e+02  1.70e-11 2.33e-14  4.62e-10    43s
  29   3.37863071e+02  3.37863058e+02  7.63e-12 2.68e-14  4.35e-10    43s
  30   3.37863071e+02  3.37863068e+02  4.30e-12 1.32e-13  8.74e-11    43s
  31   3.37863071e+02  3.37863069e+02  1.65e-09 7.82e-14  4.55e-11    43s

Barrier solved model in 31 iterations and 43.35 seconds
Optimal objective 3.37863071e+02


Root crossover log...

     909 DPushes remaining with DInf 0.0000000e+00                43s
       0 DPushes remaining with DInf 0.0000000e+00                44s

    4792 PPushes remaining with PInf 1.5841605e-06                44s
       0 PPushes remaining with PInf 6.1398858e-01                44s

  Push phase complete: Pinf 6.1398858e-01, Dinf 3.0762287e-02     44s


Root simplex log...

Iteration    Objective       Primal Inf.    Dual Inf.      Time
    5509    3.3786307e+02   0.000000e+00   3.076229e-02     44s
    5543    3.3786307e+02   0.000000e+00   0.000000e+00     44s
    5543    3.3786307e+02   0.000000e+00   0.000000e+00     44s

Root relaxation: objective 3.378631e+02, 5543 iterations, 10.31 seconds
Total elapsed time = 45.71s

    Nodes    |    Current Node    |     Objective Bounds      |     Work
 Expl Unexpl |  Obj  Depth IntInf | Incumbent    BestBd   Gap | It/Node Time

     0     0  339.41535    0 1733          -  339.41535      -     -   46s
     0     0  341.53595    0 1730          -  341.53595      -     -   57s
     0     0  341.61243    0 1753          -  341.61243      -     -   67s
     0     0  341.61979    0 1757          -  341.61979      -     -   68s
     0     0  341.61990    0 1760          -  341.61990      -     -   69s
H    0     0                     368.8047669  341.61990  7.37%     -   85s
H    0     0                     368.5059021  341.61990  7.30%     -   85s
     0     0  342.85125    0 1643  368.50590  342.85125  6.96%     -   86s
H    0     0                     368.5058679  342.85125  6.96%     -   87s
H    0     0                     348.4007687  342.85125  1.59%     -   96s
     0     0  342.99119    0 1638  348.40077  342.99119  1.55%     -   97s
     0     0  343.15385    0 1649  348.40077  343.15385  1.51%     -  103s
     0     0  343.17379    0 1662  348.40077  343.17379  1.50%     -  104s
     0     0  343.17406    0 1670  348.40077  343.17406  1.50%     -  105s
H    0     0                     347.3879382  343.17406  1.21%     -  125s
H    0     0                     346.8573418  343.17406  1.06%     -  125s
     0     0  343.56245    0 1570  346.85734  343.56245  0.95%     -  125s

Cutting planes:
  Learned: 52
  Gomory: 12
  Cover: 86
  Implied bound: 248
  Projected implied bound: 70
  Clique: 33
  MIR: 466
  Flow cover: 1137
  GUB cover: 2
  Zero half: 10
  RLT: 361
  Relax-and-lift: 89

Explored 1 nodes (20360 simplex iterations) in 125.91 seconds
Thread count was 32 (of 32 available processors)

Solution count 5: 346.857 347.388 348.401 ... 368.805

Optimal solution found (tolerance 1.00e-02)
Warning: max constraint violation (8.8036e-06) exceeds tolerance
Best objective 3.468573418061e+02, best bound 3.435624525595e+02, gap 0.9499%

Gurobi 9.1.0 (linux64) logging started Thu Aug 19 21:52:41 2021

Changed value of parameter LogFile to eab_parasitoid_2_2_0.2_bud.log
   Prev:   Default: 
Changed value of parameter MIPGap to 0.01
   Prev: 0.0001  Min: 0.0  Max: inf  Default: 0.0001
Changed value of parameter Method to 2
   Prev: -1  Min: -1  Max: 5  Default: -1
Changed value of parameter MIPFocus to 2
   Prev: 0  Min: 0  Max: 3  Default: 0
Changed value of parameter RINS to 100
   Prev: -1  Min: -1  Max: 2000000000  Default: -1
Changed value of parameter SolutionLimit to 1
   Prev: 2000000000  Min: 1  Max: 2000000000  Default: 2000000000
Gurobi Optimizer version 9.1.0 build v9.1.0rc0 (linux64)
Thread count: 32 physical cores, 32 logical processors, using up to 32 threads
Optimize a model with 203396 rows, 134935 columns and 685039 nonzeros
Model fingerprint: 0xe7d80d10
Variable types: 55779 continuous, 79156 integer (79156 binary)
Coefficient statistics:
  Matrix range     [1e-04, 1e+05]
  Objective range  [1e-06, 1e-01]
  Bounds range     [1e+00, 6e+03]
  RHS range        [1e-04, 1e+05]

User MIP start produced solution with objective 346.939 (6.47s)
User MIP start produced solution with objective 346.846 (6.53s)
User MIP start produced solution with objective 346.553 (7.06s)
Loaded user MIP start with objective 346.553
Processed MIP start in 7.09 seconds


Explored 0 nodes (0 simplex iterations) in 7.13 seconds
Thread count was 1 (of 32 available processors)

Solution count 4: 346.553 

Solution limit reached
Best objective 3.465530169372e+02, best bound -, gap -
