
Gurobi 9.1.0 (linux64) logging started Wed Aug 18 20:30:59 2021

Changed value of parameter LogFile to eab_parasitoid0_1_0.2_bud_area.log
   Prev:   Default: 
Changed value of parameter MIPGap to 0.01
   Prev: 0.0001  Min: 0.0  Max: inf  Default: 0.0001
Changed value of parameter Method to 2
   Prev: -1  Min: -1  Max: 5  Default: -1
Changed value of parameter MIPFocus to 2
   Prev: 0  Min: 0  Max: 3  Default: 0
Changed value of parameter RINS to 100
   Prev: -1  Min: -1  Max: 2000000000  Default: -1
Gurobi Optimizer version 9.1.0 build v9.1.0rc0 (linux64)
Thread count: 32 physical cores, 32 logical processors, using up to 32 threads
Optimize a model with 203396 rows, 134935 columns and 685039 nonzeros
Model fingerprint: 0x925e8be6
Variable types: 55779 continuous, 79156 integer (79156 binary)
Coefficient statistics:
  Matrix range     [2e-04, 1e+06]
  Objective range  [1e+00, 1e+00]
  Bounds range     [1e+00, 6e+03]
  RHS range        [1e-04, 1e+06]
Presolve removed 197251 rows and 129620 columns (presolve time = 5s) ...
Presolve removed 197355 rows and 129683 columns
Presolve time: 5.40s
Presolved: 6041 rows, 5252 columns, 81737 nonzeros
Variable types: 1830 continuous, 3422 integer (3421 binary)
Presolve removed 6 rows and 8 columns
Presolved: 6035 rows, 5244 columns, 81712 nonzeros

Root barrier log...

Ordering time: 0.29s

Barrier statistics:
 Dense cols : 77
 AA' NZ     : 3.004e+05
 Factor NZ  : 1.184e+06 (roughly 14 MBytes of memory)
 Factor Ops : 7.250e+08 (less than 1 second per iteration)
 Threads    : 31

                  Objective                Residual
Iter       Primal          Dual         Primal    Dual     Compl     Time
   0   2.27518245e+04 -2.33489731e+04  1.89e+04 7.72e-01  1.38e+02     7s
   1   1.60487458e+04 -2.85252290e+04  1.30e+04 1.16e+00  9.13e+01     7s
   2   3.31325359e+03 -3.05313027e+04  1.94e+03 5.20e-12  1.56e+01     7s
   3   1.65538264e+03 -2.13587768e+04  5.54e+02 8.67e-13  4.67e+00     7s
   4   1.00898043e+03 -9.71524414e+03  1.54e+01 8.53e-13  7.15e-01     7s
   5   9.47497509e+02 -1.14207140e+03  7.84e-01 2.06e-13  1.29e-01     7s
   6   8.53157116e+02 -4.23088784e+01  1.68e-01 8.48e-14  5.52e-02     7s
   7   8.09694991e+02  5.05379696e+02  4.32e-04 1.93e-14  1.87e-02     7s
   8   8.04134069e+02  6.56112813e+02  2.99e-04 8.55e-15  9.11e-03     7s
   9   7.97848490e+02  6.99726010e+02  1.51e-04 5.77e-15  6.04e-03     7s
  10   7.93302989e+02  7.65721641e+02  3.90e-05 1.08e-15  1.70e-03     7s
  11   7.92237798e+02  7.78900426e+02  1.92e-05 8.88e-16  8.21e-04     7s
  12   7.91697836e+02  7.84855664e+02  1.07e-05 4.44e-16  4.21e-04     7s
  13   7.91520648e+02  7.86382121e+02  7.25e-06 8.88e-16  3.16e-04     7s
  14   7.91438487e+02  7.89293207e+02  5.15e-06 8.88e-16  1.32e-04     7s
  15   7.91262235e+02  7.90802420e+02  1.16e-06 8.88e-16  2.83e-05     8s
  16   7.91211517e+02  7.91042718e+02  3.29e-07 8.88e-16  1.04e-05     8s
  17   7.91202612e+02  7.91142918e+02  2.05e-07 8.88e-16  3.67e-06     8s
  18   7.91193220e+02  7.91180345e+02  4.68e-09 8.88e-16  7.92e-07     8s
  19   7.91192597e+02  7.91192382e+02  1.26e-11 1.78e-15  1.32e-08     8s
  20   7.91192576e+02  7.91192576e+02  1.78e-11 8.88e-16  5.14e-13     8s

Barrier solved model in 20 iterations and 7.88 seconds
Optimal objective 7.91192576e+02


Root crossover log...

      72 DPushes remaining with DInf 0.0000000e+00                 8s
       0 DPushes remaining with DInf 0.0000000e+00                 8s

    4530 PPushes remaining with PInf 0.0000000e+00                 8s
       0 PPushes remaining with PInf 0.0000000e+00                 8s

  Push phase complete: Pinf 0.0000000e+00, Dinf 0.0000000e+00      8s


Root simplex log...

Iteration    Objective       Primal Inf.    Dual Inf.      Time
    4548    7.9119258e+02   0.000000e+00   0.000000e+00      8s
    4548    7.9119258e+02   0.000000e+00   0.000000e+00      8s

Root relaxation: objective 7.911926e+02, 4548 iterations, 2.54 seconds

    Nodes    |    Current Node    |     Objective Bounds      |     Work
 Expl Unexpl |  Obj  Depth IntInf | Incumbent    BestBd   Gap | It/Node Time

     0     0  791.19258    0  185          -  791.19258      -     -    9s
     0     0  791.23604    0  627          -  791.23604      -     -   13s
     0     0  791.23604    0  621          -  791.23604      -     -   13s
     0     0  791.40168    0  831          -  791.40168      -     -   17s
     0     0  791.45477    0  772          -  791.45477      -     -   18s
     0     0  791.45780    0  779          -  791.45780      -     -   18s
     0     0  791.45810    0  773          -  791.45810      -     -   18s
     0     0  791.45815    0  771          -  791.45815      -     -   18s
     0     0  792.37049    0  803          -  792.37049      -     -   21s
     0     0  792.37049    0  827          -  792.37049      -     -   22s
     0     0  792.38012    0  814          -  792.38012      -     -   22s
     0     0  792.38012    0  824          -  792.38012      -     -   23s
     0     0  792.38012    0  831          -  792.38012      -     -   23s
     0     0  792.91551    0  832          -  792.91551      -     -   26s
     0     0  792.91551    0  817          -  792.91551      -     -   28s
H    0     0                     890.7316680  792.91551  11.0%     -   28s
     0     0  792.91551    0  811  890.73167  792.91551  11.0%     -   28s
     0     0  792.91551    0  821  890.73167  792.91551  11.0%     -   28s
     0     0  792.91551    0  822  890.73167  792.91551  11.0%     -   28s
     0     0  792.91551    0  817  890.73167  792.91551  11.0%     -   31s
     0     0  792.91551    0  800  890.73167  792.91551  11.0%     -   31s
     0     0  793.39992    0  803  890.73167  793.39992  10.9%     -   32s
     0     0  793.39992    0  821  890.73167  793.39992  10.9%     -   32s
     0     0  793.39992    0  824  890.73167  793.39992  10.9%     -   32s
     0     0  793.39992    0  837  890.73167  793.39992  10.9%     -   43s
     0     0  793.39992    0  838  890.73167  793.39992  10.9%     -   45s
     0     0  793.39992    0  856  890.73167  793.39992  10.9%     -   46s
     0     0  793.39992    0  860  890.73167  793.39992  10.9%     -   46s
     0     0  793.39992    0  859  890.73167  793.39992  10.9%     -   47s
     0     0  793.39992    0  853  890.73167  793.39992  10.9%     -   56s
     0     0  793.39992    0  847  890.73167  793.39992  10.9%     -   59s
     0     0  793.39992    0  859  890.73167  793.39992  10.9%     -   60s
     0     0  793.39992    0  865  890.73167  793.39992  10.9%     -   61s
     0     0  793.39992    0  858  890.73167  793.39992  10.9%     -   62s
     0     0  793.39992    0  863  890.73167  793.39992  10.9%     -   63s
     0     0  793.39992    0  853  890.73167  793.39992  10.9%     -   70s
     0     0  793.39992    0  860  890.73167  793.39992  10.9%     -   73s
     0     0  793.39992    0  867  890.73167  793.39992  10.9%     -   74s
     0     0  793.39992    0  883  890.73167  793.39992  10.9%     -   74s
     0     0  793.39992    0  846  890.73167  793.39992  10.9%     -   81s
     0     0  793.39992    0  856  890.73167  793.39992  10.9%     -   86s
     0     0  793.39992    0  865  890.73167  793.39992  10.9%     -   87s
     0     0  793.39992    0  861  890.73167  793.39992  10.9%     -   88s
     0     0  793.39992    0  879  890.73167  793.39992  10.9%     -   96s
     0     0  793.39992    0  874  890.73167  793.39992  10.9%     -   98s
     0     0  793.39992    0  878  890.73167  793.39992  10.9%     -   98s
     0     0  793.39992    0  881  890.73167  793.39992  10.9%     -   99s
     0     0  793.39992    0  859  890.73167  793.39992  10.9%     -  106s
H    0     0                     845.3362262  793.39992  6.14%     -  107s
     0     0  793.39992    0  854  845.33623  793.39992  6.14%     -  108s
     0     0  793.39992    0  876  845.33623  793.39992  6.14%     -  108s
     0     0  793.39992    0  826  845.33623  793.39992  6.14%     -  112s
     0     0  793.39992    0  850  845.33623  793.39992  6.14%     -  115s
     0     0  793.39992    0  843  845.33623  793.39992  6.14%     -  117s
     0     0  793.39992    0  843  845.33623  793.39992  6.14%     -  121s
     0     0  793.39992    0  834  845.33623  793.39992  6.14%     -  124s
     0     0  793.39992    0  842  845.33623  793.39992  6.14%     -  126s
     0     0  793.39992    0  851  845.33623  793.39992  6.14%     -  134s
     0     0  793.39992    0  828  845.33623  793.39992  6.14%     -  140s
H    0     0                     842.1930438  793.39992  5.79%     -  142s
H    0     0                     838.9918881  793.39992  5.43%     -  458s
     0     2  793.39992    0  828  838.99189  793.39992  5.43%     -  458s
     1     2 infeasible    1       838.99189  793.39992  5.43%  4045  462s
     3     2  794.56293    2  786  838.99189  793.60082  5.41%  2273  472s
     5     4  795.11313    3  741  838.99189  794.56294  5.30%  3519  477s
     7     4 infeasible    4       838.99189  795.11514  5.23%  2899  481s
    11     4  796.85973    5  710  838.99189  795.78098  5.15%  2292  487s
    15     4 infeasible    6       838.99189  796.85973  5.02%  2994  493s
    19     4  798.63379    7  721  838.99189  797.77911  4.91%  2736  539s
    23     4 infeasible    8       838.99189  798.63924  4.81%  3939  542s
    31     6 infeasible   10       838.99189  800.48741  4.59%  3292  547s
    35     6  802.35618   11  751  838.99189  801.51222  4.47%  3143  585s
H   41     8                     837.9160776  802.32904  4.25%  2950  610s
    47     8 infeasible   13       837.91608  802.69632  4.20%  3753  637s
H   55    12                     836.8631775  803.42878  4.00%  3751  651s
H   56    12                     836.8574644  803.42878  3.99%  3714  651s
H   62    12                     835.7717385  804.39690  3.75%  3575  652s
    63    16  805.77303   15  733  835.77174  804.39690  3.75%  3702  708s
    75    22 infeasible   16       835.77174  805.40645  3.63%  3382  721s
    91    24  806.77172   17  761  835.77174  806.15070  3.54%  3518  764s
   113    32  807.59366   18  787  835.77174  806.77622  3.47%  3428 1069s
   137    36  807.84309   19  802  835.77174  807.61403  3.37%  4256 1220s
   169    43  808.33149   20  752  835.77174  807.84341  3.34%  4498 1360s
H  190    43                     834.7281521  807.99105  3.20%  4478 1360s
H  197    43                     834.7266553  807.99105  3.20%  4515 1360s
   202    65 infeasible   21       834.72666  807.99105  3.20%  4486 1517s
H  244    90                     832.5960031  809.08385  2.82%  4381 1804s
H  275    90                     830.4989642  809.08575  2.58%  4589 1804s
   283   121  810.46505   25  345  830.49896  809.08575  2.58%  4515 1890s
H  292   121                     829.4810607  809.65928  2.39%  4427 1890s
H  293   121                     829.4481634  809.65928  2.39%  4412 1890s
H  313   121                     828.4011425  810.25940  2.19%  4206 1890s
   328   147  810.46505   27  319  828.40114  810.25940  2.19%  4100 1971s
   360   201  810.46505   28  322  828.40114  810.26244  2.19%  3914 2118s
   426   263  810.46505   30  295  828.40114  810.26244  2.19%  3561 2208s
   492   330  810.46505   33  325  828.40114  810.26244  2.19%  3360 2744s
   573   404  810.46505   37  356  828.40114  810.26244  2.19%  3038 2897s
   659   477  810.46505   40  393  828.40114  810.38580  2.17%  2774 2925s
   740   669  810.46505   42  373  828.40114  810.38580  2.17%  2563 2998s
   950   940  810.46505   46  398  828.40114  810.38580  2.17%  2155 3058s
  1225  1374  811.50482   49  431  828.40114  810.38580  2.17%  1835 3221s
  1678  1769  811.50482   61  299  828.40114  810.38580  2.17%  1526 3457s
  2115  2264  811.50482   73  380  828.40114  810.38580  2.17%  1372 3919s
H 2680  2612                     826.2969914  810.38580  1.93%  1271 4800s
H 2711  2611                     824.1561915  810.38580  1.67%  1275 4800s
H 2770  2611                     823.1468527  810.38580  1.55%  1272 4800s
H 3012  2611                     822.1431924  810.38580  1.43%  1272 4800s
  3097  2609  811.42171   80  828  822.14319  810.38580  1.43%  1262 5023s
  3099  2610  811.55784  126  171  822.14319  810.38580  1.43%  1262 5030s
  3100  2611  811.52884   27  622  822.14319  810.38580  1.43%  1261 5045s
  3102  2612  810.46505   41  776  822.14319  810.38580  1.43%  1260 5054s
  3103  2613  810.49685   65  747  822.14319  810.38580  1.43%  1260 5056s
  3105  2614  811.53324   85  682  822.14319  810.38580  1.43%  1259 5097s
  3106  2615  815.67280   90  680  822.14319  810.38580  1.43%  1259 5113s
  3107  2616  812.56861   44  680  822.14319  810.38580  1.43%  1258 5130s
  3108  2619  810.38580   15  692  822.14319  810.38580  1.43%  1269 5151s
  3110  2621  810.38580   16  806  822.14319  810.38580  1.43%  1269 5248s
  3114  2621  810.38580   17  775  822.14319  810.38580  1.43%  1273 5349s
  3120  2617 infeasible   18       822.14319  810.38580  1.43%  1275 5414s
  3128  2615  810.38580   19  790  822.14319  810.38580  1.43%  1275 5443s
  3134  2615  810.38580   20  787  822.14319  810.38580  1.43%  1277 5477s
  3140  2617  810.38580   21  779  822.14319  810.38580  1.43%  1278 5481s
  3148  2614 infeasible   22       822.14319  810.38580  1.43%  1277 5527s
  3160  2614  810.38580   23  772  822.14319  810.38580  1.43%  1279 5539s
H 3167  2481                     821.0987942  810.38580  1.30%  1283 5539s
  3172  2487 infeasible   24       821.09879  810.38580  1.30%  1288 5548s
  3188  2498  810.38580   25  756  821.09879  810.38580  1.30%  1287 5563s
  3212  2510  810.38580   26  759  821.09879  810.38580  1.30%  1283 5580s
  3244  2515  810.38580   27  744  821.09879  810.38580  1.30%  1283 5596s
  3276  2533  810.38580   28  753  821.09879  810.38580  1.30%  1286 5695s
  3311  2557  810.38580   29  760  821.09879  810.38580  1.30%  1285 5716s
  3356  2571  810.38580   30  750  821.09879  810.38580  1.30%  1290 5743s
  3391  2589  810.38580   31  746  821.09879  810.38580  1.30%  1304 5783s
  3423  2617  810.38580   32  706  821.09879  810.38580  1.30%  1308 5800s
  3466  2634  810.38580   33  704  821.09879  810.38580  1.30%  1313 5860s
  3499  2666  810.38580   34  664  821.09879  810.38580  1.30%  1309 6537s
  3558  2721  810.38580   35  658  821.09879  810.38580  1.30%  1300 6759s
  3641  2768  810.38580   38  643  821.09879  810.38580  1.30%  1284 6931s
  3729  2768  810.38580   42  674  821.09879  810.38580  1.30%  1284 7129s
  3761  2862  810.38580   43  628  821.09879  810.38580  1.30%  1282 7163s
  3873  2895  811.48317   47  672  821.09879  810.38580  1.30%  1274 7209s
  3951  2902  811.48318   48  671  821.09879  810.38580  1.30%  1282 7248s
  3986  2953  812.53681   50  329  821.09879  810.38580  1.30%  1283 7351s
  4072  3010  812.55725   56  616  821.09879  810.38580  1.30%  1309 7401s
  4180  3040  813.63289   63  407  821.09879  810.38580  1.30%  1311 7468s
  4298  3056  813.69199   66  586  821.09879  810.38580  1.30%  1323 7544s
  4377  3104  814.70858   67  585  821.09879  810.38580  1.30%  1350 7675s
  4509  3083  814.70880   73  604  821.09879  810.38580  1.30%  1361 8006s
  4620  3141  814.71010   74  581  821.09879  810.38580  1.30%  1383 8027s
  4745  3175  815.80349   81  340  821.09879  810.38580  1.30%  1397 8108s
  4854  3252  816.89608   83  561  821.09879  810.38580  1.30%  1424 8196s
  5019  3257  816.89608   93  331  821.09879  810.38580  1.30%  1428 8297s
  5143  3334  816.89628   96  612  821.09879  810.38580  1.30%  1444 8358s
  5340  3370  817.90677  109  345  821.09879  810.38580  1.30%  1444 8412s
  5508  3429  817.90677  122  252  821.09879  810.38580  1.30%  1455 8451s
  5671  3508  817.90677  138  255  821.09879  810.38580  1.30%  1470 8483s
  5830  3608  817.90677  154  235  821.09879  810.38580  1.30%  1493 8557s
  6017  3730  817.90677  167  275  821.09879  810.38580  1.30%  1510 8700s
  6246  3833  817.90677  186  269  821.09879  810.38580  1.30%  1523 8724s
  6462  3849  817.90677  205  277  821.09879  810.38580  1.30%  1539 8747s
  6564  3959  818.98808  209  383  821.09879  810.38580  1.30%  1542 8820s
  6766  4086  818.98808  231  255  821.09879  810.38580  1.30%  1565 8880s
  7032  4219  818.98808  254  170  821.09879  810.38580  1.30%  1573 9042s
  7337  4338  818.98808  279  218  821.09879  810.38580  1.30%  1575 9144s
  7640  4487  818.98808  306  198  821.09879  810.38580  1.30%  1576 9224s
  7960  4510  818.98808  335  193  821.09879  810.38580  1.30%  1581 9323s
  8146  4803  820.01750  353  232  821.09879  810.38580  1.30%  1577 9365s
  8523  5020  820.01750  385  164  821.09879  810.38580  1.30%  1568 9428s
  8903  5244  821.06190  416  132  821.09879  810.38580  1.30%  1565 9481s
  9337  5450  821.06190  449  125  821.09879  810.38580  1.30%  1551 9539s
  9811  5632  810.38580   34  690  821.09879  810.38580  1.30%  1538 9617s
 10236  5827  811.64903   40  630  821.09879  810.38580  1.30%  1534 9669s
 10685  6032  813.75227   48  600  821.09879  810.38580  1.30%  1521 9753s
H10847  5113                     820.0175004  810.38580  1.17%  1522 9753s
 11105  4965 infeasible   57       820.01750  810.38580  1.17%  1523 9836s
 11288  5215  810.38580   32  735  820.01750  810.38580  1.17%  1536 9929s
 11606  5474  814.56001   38  728  820.01750  810.38580  1.17%  1552 10099s
 11973  5551  813.84554   40  728  820.01750  810.38580  1.17%  1567 10148s
 12115  5736 infeasible   43       820.01750  810.38580  1.17%  1580 10192s
 12406  6067 infeasible   42       820.01750  810.38580  1.17%  1605 10274s
 12797  6329  816.02270   43  741  820.01750  810.38580  1.17%  1621 10485s
 13118  6642 infeasible   47       820.01750  810.38580  1.17%  1628 10662s
 13515  6873 infeasible   46       820.01750  810.38580  1.17%  1648 10823s
 13790  7209  810.38580   35  661  820.01750  810.38580  1.17%  1658 11083s
 14229  7585  811.50893   44  535  820.01750  810.38580  1.17%  1672 11219s
 14705  7978  814.70510   51  350  820.01750  810.38580  1.17%  1682 11411s
 15207  8425  816.82943   81  333  820.01750  810.38580  1.17%  1699 11538s
 15853  8813  817.84011  129  276  820.01750  810.38580  1.17%  1701 11641s
 16419  9199  817.84011  177  288  820.01750  810.38580  1.17%  1711 11778s
 16979  9597  818.92143  208  228  820.01750  810.38580  1.17%  1721 12228s
 17562  9984 infeasible  260       820.01750  810.38580  1.17%  1724 12349s
 18121 10267  810.46321   40  575  820.01750  810.38580  1.17%  1742 12622s
 18620 10558  813.66169   55  547  820.01750  810.38580  1.17%  1761 12906s
 19077 10851  810.46191   44  597  820.01750  810.38580  1.17%  1791 13082s
 19545 11109  813.55814   52  437  820.01750  810.38580  1.17%  1812 13271s
 20036 11401  815.68016   58  538  820.01750  810.38580  1.17%  1833 13411s
 20478 11769 infeasible   67       820.01750  810.38580  1.17%  1860 13538s
 20994 11914  813.62941   45  403  820.01750  810.38580  1.17%  1885 14647s
 21245 12393  814.70510   52  351  820.01750  810.38580  1.17%  1899 14891s
 21968 12925  815.80001   87  318  820.01750  810.38580  1.17%  1910 15006s
 22717 13418  816.81070  141  288  820.01750  810.38580  1.17%  1924 15189s
 23453 13925  810.38580   43  585  820.01750  810.38580  1.17%  1943 15389s
 24130 14527  815.83244   60  614  820.01750  810.38580  1.17%  1970 15620s
 24959 15143  813.67576   49  439  820.01750  810.38580  1.17%  1987 15967s
 25838 15927  812.54850   53  573  820.01750  810.38580  1.17%  2022 16285s
 26899 16219  816.81070   81  282  820.01750  810.38580  1.17%  2040 17324s
 27219 17300  817.90677  109  344  820.01750  810.38580  1.17%  2032 17725s
H27300 15381                     818.9880823  810.38580  1.05%  2028 17725s
 28672 16346     cutoff  185       818.98808  810.38580  1.05%  2026 18073s
H29278 14247                     817.8920072  810.38580  0.92%  2030 18073s

Cutting planes:
  Learned: 25
  Gomory: 36
  Cover: 240
  Implied bound: 111
  Projected implied bound: 24
  Clique: 14
  MIR: 827
  StrongCG: 1
  Flow cover: 2582
  GUB cover: 8
  Zero half: 21
  RLT: 1933
  Relax-and-lift: 102

Explored 30128 nodes (61168028 simplex iterations) in 18073.93 seconds
Thread count was 32 (of 32 available processors)

Solution count 10: 817.892 818.988 820.018 ... 829.448

Optimal solution found (tolerance 1.00e-02)
Best objective 8.178920071836e+02, best bound 8.103857987649e+02, gap 0.9178%
