
Gurobi 9.1.0 (linux64) logging started Wed Aug 18 20:30:20 2021

Changed value of parameter LogFile to eab_parasitoid0_1_0_bud_area.log
   Prev:   Default: 
Changed value of parameter MIPGap to 0.01
   Prev: 0.0001  Min: 0.0  Max: inf  Default: 0.0001
Changed value of parameter Method to 2
   Prev: -1  Min: -1  Max: 5  Default: -1
Changed value of parameter MIPFocus to 2
   Prev: 0  Min: 0  Max: 3  Default: 0
Changed value of parameter RINS to 100
   Prev: -1  Min: -1  Max: 2000000000  Default: -1
Gurobi Optimizer version 9.1.0 build v9.1.0rc0 (linux64)
Thread count: 32 physical cores, 32 logical processors, using up to 32 threads
Optimize a model with 203396 rows, 134935 columns and 685039 nonzeros
Model fingerprint: 0x022c1d42
Variable types: 55779 continuous, 79156 integer (79156 binary)
Coefficient statistics:
  Matrix range     [2e-04, 1e+06]
  Objective range  [1e+00, 1e+00]
  Bounds range     [1e+00, 6e+03]
  RHS range        [1e-04, 1e+06]
Presolve removed 196099 rows and 129209 columns
Presolve time: 3.01s
Presolved: 7297 rows, 5726 columns, 58678 nonzeros
Variable types: 2143 continuous, 3583 integer (3583 binary)
Presolve removed 66 rows and 92 columns
Presolved: 7231 rows, 5634 columns, 56368 nonzeros

Root barrier log...

Ordering time: 0.25s

Barrier statistics:
 Dense cols : 11
 AA' NZ     : 2.256e+05
 Factor NZ  : 7.550e+05 (roughly 11 MBytes of memory)
 Factor Ops : 3.043e+08 (less than 1 second per iteration)
 Threads    : 31

                  Objective                Residual
Iter       Primal          Dual         Primal    Dual     Compl     Time
   0   1.01683401e+06 -6.95893853e+05  9.77e+05 1.14e+00  6.12e+03     4s
   1   6.32018081e+05 -7.99977064e+05  5.45e+05 8.87e-01  3.49e+03     4s
   2   4.92823190e+04 -7.65981341e+05  3.61e+04 2.31e-14  2.74e+02     5s
   3   9.19498713e+03 -3.98874675e+05  5.66e+03 1.29e-13  5.35e+01     5s
   4   3.11188434e+03 -1.51790497e+05  1.04e+03 9.39e-14  1.27e+01     5s
   5   2.51574146e+03 -9.25975009e+04  5.88e+02 4.86e-14  7.09e+00     5s
   6   1.90140306e+03 -2.93048039e+04  1.25e+02 3.49e-14  1.96e+00     5s
   7   1.72167390e+03 -6.59502011e+03  2.43e+01 7.66e-15  4.81e-01     5s
   8   1.42574756e+03 -5.11296692e+02  7.93e-04 6.22e-15  1.07e-01     5s
   9   1.07599523e+03  5.02662542e+02  1.03e-04 2.22e-15  3.16e-02     5s
  10   1.02160230e+03  7.14091862e+02  3.39e-05 1.33e-15  1.70e-02     5s
  11   9.99249986e+02  8.45361990e+02  1.32e-05 2.47e-15  8.49e-03     5s
  12   9.89881063e+02  8.96147497e+02  5.80e-06 3.14e-15  5.17e-03     5s
  13   9.86325318e+02  9.43857825e+02  3.26e-06 2.83e-15  2.34e-03     5s
  14   9.83284120e+02  9.56466908e+02  1.52e-06 1.83e-15  1.48e-03     5s
  15   9.82460578e+02  9.57227670e+02  1.16e-06 1.32e-15  1.39e-03     5s
  16   9.81830641e+02  9.63239815e+02  9.15e-07 8.53e-16  1.03e-03     5s
  17   9.80101966e+02  9.74657113e+02  2.37e-07 8.97e-16  3.01e-04     5s
  18   9.79952632e+02  9.78287517e+02  1.83e-07 6.66e-16  9.19e-05     5s
  19   9.79709662e+02  9.78575958e+02  7.84e-08 6.66e-16  6.26e-05     5s
  20   9.79660540e+02  9.78804135e+02  6.37e-08 6.66e-16  4.73e-05     6s
  21   9.79593767e+02  9.79016684e+02  4.17e-08 8.88e-16  3.19e-05     6s
  22   9.79543446e+02  9.79124284e+02  1.65e-08 8.88e-16  2.31e-05     6s
  23   9.79521934e+02  9.79209570e+02  7.50e-09 8.88e-16  1.72e-05     6s
  24   9.79513096e+02  9.79355741e+02  4.40e-09 6.66e-16  8.69e-06     6s
  25   9.79507811e+02  9.79392947e+02  2.54e-09 8.88e-16  6.34e-06     6s
  26   9.79505320e+02  9.79415483e+02  1.61e-09 6.66e-16  4.96e-06     6s
  27   9.79504555e+02  9.79440936e+02  1.37e-09 4.44e-16  3.51e-06     6s
  28   9.79502531e+02  9.79476249e+02  8.21e-10 6.66e-16  1.45e-06     6s
  29   9.79501626e+02  9.79490451e+02  4.98e-10 6.66e-16  6.17e-07     6s
  30   9.79500575e+02  9.79495805e+02  1.59e-10 6.66e-16  2.63e-07     6s
  31   9.79500113e+02  9.79498609e+02  1.61e-12 4.44e-16  8.30e-08     7s
  32   9.79500059e+02  9.79500021e+02  2.00e-12 8.88e-16  2.10e-09     7s
  33   9.79500053e+02  9.79500053e+02  3.07e-13 2.57e-14  3.82e-12     7s

Barrier solved model in 33 iterations and 6.66 seconds
Optimal objective 9.79500053e+02


Root crossover log...

     523 DPushes remaining with DInf 0.0000000e+00                 7s
       0 DPushes remaining with DInf 0.0000000e+00                 7s

    3849 PPushes remaining with PInf 3.8047775e-02                 7s
       0 PPushes remaining with PInf 0.0000000e+00                 7s

  Push phase complete: Pinf 0.0000000e+00, Dinf 0.0000000e+00      7s


Root simplex log...

Iteration    Objective       Primal Inf.    Dual Inf.      Time
    3954    9.7950005e+02   0.000000e+00   0.000000e+00      7s
    3954    9.7950005e+02   0.000000e+00   0.000000e+00      7s

Root relaxation: objective 9.795001e+02, 3954 iterations, 3.62 seconds

    Nodes    |    Current Node    |     Objective Bounds      |     Work
 Expl Unexpl |  Obj  Depth IntInf | Incumbent    BestBd   Gap | It/Node Time

     0     0  979.50005    0   20          -  979.50005      -     -    8s
H    0     0                     981.5996066  979.50005  0.21%     -    8s

Explored 1 nodes (11060 simplex iterations) in 8.64 seconds
Thread count was 32 (of 32 available processors)

Solution count 1: 981.6 

Optimal solution found (tolerance 1.00e-02)
Best objective 9.815996065654e+02, best bound 9.795000531693e+02, gap 0.2139%
