
Gurobi 9.1.0 (linux64) logging started Fri Aug  6 15:10:40 2021

Changed value of parameter LogFile to eab_parasitoid_1_2_0.8_bud.log
   Prev:   Default: 
Changed value of parameter MIPGap to 0.01
   Prev: 0.0001  Min: 0.0  Max: inf  Default: 0.0001
Changed value of parameter Method to 2
   Prev: -1  Min: -1  Max: 5  Default: -1
Changed value of parameter MIPFocus to 2
   Prev: 0  Min: 0  Max: 3  Default: 0
Changed value of parameter RINS to 100
   Prev: -1  Min: -1  Max: 2000000000  Default: -1
Gurobi Optimizer version 9.1.0 build v9.1.0rc0 (linux64)
Thread count: 32 physical cores, 32 logical processors, using up to 32 threads
Optimize a model with 203396 rows, 134935 columns and 685039 nonzeros
Model fingerprint: 0xb3e6aada
Variable types: 55779 continuous, 79156 integer (79156 binary)
Coefficient statistics:
  Matrix range     [2e-04, 6e+05]
  Objective range  [1e-06, 1e-01]
  Bounds range     [1e+00, 6e+03]
  RHS range        [1e-04, 6e+05]
Presolve removed 178690 rows and 115614 columns (presolve time = 5s) ...
Presolve removed 190532 rows and 124696 columns (presolve time = 10s) ...
Presolve removed 192016 rows and 125313 columns (presolve time = 15s) ...
Presolve removed 193264 rows and 126606 columns (presolve time = 20s) ...
Presolve removed 193311 rows and 126647 columns
Presolve time: 23.38s
Presolved: 10085 rows, 8288 columns, 131046 nonzeros
Variable types: 3604 continuous, 4684 integer (4683 binary)
Presolve removed 50 rows and 43 columns
Presolved: 10035 rows, 8245 columns, 130817 nonzeros

Root barrier log...

Ordering time: 0.96s

Barrier statistics:
 Dense cols : 143
 AA' NZ     : 5.614e+05
 Factor NZ  : 2.724e+06 (roughly 30 MBytes of memory)
 Factor Ops : 2.248e+09 (less than 1 second per iteration)
 Threads    : 31

                  Objective                Residual
Iter       Primal          Dual         Primal    Dual     Compl     Time
   0   2.75291799e+03 -1.52034930e+04  3.05e+04 2.00e-01  8.44e+01    27s
   1   2.10902502e+03 -1.76553491e+04  2.08e+04 3.21e-01  5.69e+01    27s
   2   9.99763270e+02 -1.76593283e+04  4.86e+03 2.26e-12  1.47e+01    28s
   3   5.39461360e+02 -1.20830965e+04  1.51e+02 1.47e-14  8.86e-01    28s
   4   4.58143122e+02 -4.93805266e+03  4.64e+01 6.56e-15  2.85e-01    28s
   5   4.26089966e+02 -3.80116290e+03  2.26e+01 4.90e-15  1.96e-01    28s
   6   4.03289612e+02 -1.12198093e+03  5.92e+00 3.58e-15  6.40e-02    29s
   7   3.92492085e+02 -1.52714392e+02  1.21e+00 1.80e-15  2.17e-02    29s
   8   3.86929070e+02  2.23636855e+02  4.62e-02 1.49e-15  6.32e-03    29s
   9   3.84524430e+02  3.05783314e+02  1.45e-02 8.41e-16  3.04e-03    29s
  10   3.83518061e+02  3.35371103e+02  8.21e-03 5.99e-16  1.86e-03    30s
  11   3.82413779e+02  3.54226697e+02  2.88e-03 3.77e-16  1.09e-03    30s
  12   3.81727629e+02  3.67284005e+02  1.87e-04 2.32e-16  5.58e-04    30s
  13   3.80806768e+02  3.71927446e+02  2.99e-05 3.37e-16  3.43e-04    30s
  14   3.80278924e+02  3.77164720e+02  1.09e-05 1.28e-16  1.20e-04    30s
  15   3.80010028e+02  3.78040245e+02  5.13e-06 3.05e-16  7.60e-05    31s
  16   3.79919699e+02  3.78718469e+02  3.53e-06 2.29e-16  4.64e-05    31s
  17   3.79867078e+02  3.78992961e+02  2.67e-06 2.24e-16  3.37e-05    31s
  18   3.79787815e+02  3.79222586e+02  1.44e-06 2.22e-16  2.18e-05    31s
  19   3.79737044e+02  3.79494513e+02  7.18e-07 8.86e-16  9.36e-06    31s
  20   3.79717750e+02  3.79568516e+02  4.55e-07 2.22e-16  5.76e-06    32s
  21   3.79712689e+02  3.79613636e+02  3.87e-07 2.23e-15  3.82e-06    32s
  22   3.79704430e+02  3.79636306e+02  2.76e-07 5.45e-15  2.63e-06    32s
  23   3.79694702e+02  3.79657108e+02  1.47e-07 4.49e-15  1.45e-06    32s
  24   3.79690733e+02  3.79674402e+02  9.48e-08 1.59e-15  6.30e-07    33s
  25   3.79686955e+02  3.79679408e+02  4.42e-08 2.94e-15  2.91e-07    33s
  26   3.79684302e+02  3.79681954e+02  6.98e-09 1.67e-16  9.06e-08    33s
  27   3.79683857e+02  3.79683295e+02  1.01e-09 4.44e-16  2.17e-08    33s
  28   3.79683779e+02  3.79683574e+02  1.63e-10 2.33e-16  7.88e-09    33s
  29   3.79683765e+02  3.79683693e+02  4.24e-11 2.27e-15  2.77e-09    34s
  30   3.79683761e+02  3.79683711e+02  1.37e-11 6.06e-15  1.92e-09    34s
  31   3.79683760e+02  3.79683735e+02  7.64e-12 7.83e-15  9.83e-10    34s
  32   3.79683759e+02  3.79683743e+02  5.23e-12 1.00e-15  6.14e-10    34s
  33   3.79683759e+02  3.79683754e+02  1.93e-11 7.30e-13  1.78e-10    34s
  34   3.79683759e+02  3.79683756e+02  2.11e-11 4.24e-13  9.91e-11    35s
  35   3.79683759e+02  3.79683757e+02  1.57e-11 6.82e-12  4.36e-11    35s

Barrier solved model in 35 iterations and 34.88 seconds
Optimal objective 3.79683759e+02


Root crossover log...

     641 DPushes remaining with DInf 0.0000000e+00                35s
     194 DPushes remaining with DInf 0.0000000e+00                35s
       0 DPushes remaining with DInf 0.0000000e+00                35s

    3510 PPushes remaining with PInf 0.0000000e+00                35s
       0 PPushes remaining with PInf 0.0000000e+00                35s

  Push phase complete: Pinf 0.0000000e+00, Dinf 5.5650628e-03     35s


Root simplex log...

Iteration    Objective       Primal Inf.    Dual Inf.      Time
    4028    3.7968376e+02   0.000000e+00   5.565063e-03     35s
    4033    3.7968376e+02   0.000000e+00   0.000000e+00     35s
    4033    3.7968376e+02   0.000000e+00   0.000000e+00     35s

Root relaxation: objective 3.796838e+02, 4033 iterations, 11.26 seconds

    Nodes    |    Current Node    |     Objective Bounds      |     Work
 Expl Unexpl |  Obj  Depth IntInf | Incumbent    BestBd   Gap | It/Node Time

     0     0  380.56540    0 1629          -  380.56540      -     -   37s
     0     0  392.36208    0 1918          -  392.36208      -     -   48s
     0     0  392.66871    0 1906          -  392.66871      -     -   58s
     0     0  392.67537    0 1883          -  392.67537      -     -   60s
     0     0  392.67549    0 1886          -  392.67549      -     -   60s
     0     0  399.17951    0 1821          -  399.17951      -     -   84s
     0     0  400.13974    0 1895          -  400.13974      -     -   95s
     0     0  400.20563    0 1854          -  400.20563      -     -  101s
     0     0  400.20918    0 1855          -  400.20918      -     -  102s
     0     0  404.63327    0 1870          -  404.63327      -     -  120s
     0     0  404.73334    0 1837          -  404.73334      -     -  134s
     0     0  404.81395    0 1845          -  404.81395      -     -  139s
     0     0  404.83998    0 1844          -  404.83998      -     -  143s
     0     0  404.84364    0 1842          -  404.84364      -     -  145s
H    0     0                     436.6176266  404.84364  7.28%     -  177s
H    0     0                     436.6174038  404.84364  7.28%     -  177s
H    0     0                     436.2237164  404.84364  7.19%     -  177s
H    0     0                     436.2236778  404.84364  7.19%     -  177s
H    0     0                     436.2236651  404.84364  7.19%     -  177s
H    0     0                     436.2236542  404.84364  7.19%     -  177s
H    0     0                     436.2236537  404.84364  7.19%     -  177s
H    0     0                     436.2236439  404.84364  7.19%     -  177s
H    0     0                     436.2236437  404.84364  7.19%     -  177s
     0     0  411.08706    0 1776  436.22364  411.08706  5.76%     -  177s
H    0     0                     436.2236420  411.08706  5.76%     -  178s
H    0     0                     436.2236408  411.08706  5.76%     -  190s
H    0     0                     436.2236398  411.08706  5.76%     -  190s
H    0     0                     436.2236397  411.08706  5.76%     -  190s
H    0     0                     436.2224743  411.08706  5.76%     -  190s
H    0     0                     436.2224740  411.08706  5.76%     -  190s
H    0     0                     436.2224739  411.08706  5.76%     -  190s
H    0     0                     436.2221790  411.08706  5.76%     -  190s
     0     0  411.19478    0 1770  436.22218  411.19478  5.74%     -  190s
     0     0  411.20490    0 1760  436.22218  411.20490  5.73%     -  192s
     0     0  415.30302    0 1745  436.22218  415.30302  4.80%     -  204s
     0     0  416.78622    0 1758  436.22218  416.78622  4.46%     -  211s
     0     0  416.79153    0 1773  436.22218  416.79153  4.45%     -  213s
H    0     0                     436.2221790  416.79153  4.45%     -  222s
     0     0  421.35046    0 1616  436.22218  421.35046  3.41%     -  232s
H    0     0                     436.2221786  421.35046  3.41%     -  235s
     0     0  422.45646    0 1656  436.22218  422.45646  3.16%     -  238s
     0     0  422.50822    0 1691  436.22218  422.50822  3.14%     -  241s
     0     0  422.51621    0 1702  436.22218  422.51621  3.14%     -  242s
H    0     0                     436.1934219  422.51621  3.14%     -  257s
     0     0  424.82926    0 1669  436.19342  424.82926  2.61%     -  257s
     0     0  424.90073    0 1639  436.19342  424.90073  2.59%     -  261s
H    0     0                     436.1934218  424.90073  2.59%     -  263s
     0     0  424.91852    0 1658  436.19342  424.91852  2.58%     -  263s
     0     0  425.29321    0 1634  436.19342  425.29321  2.50%     -  274s
H    0     0                     436.1934217  425.29321  2.50%     -  276s
     0     0  425.30884    0 1667  436.19342  425.30884  2.50%     -  280s
     0     0  426.23771    0 1671  436.19342  426.23771  2.28%     -  286s
     0     0  426.25088    0 1695  436.19342  426.25088  2.28%     -  297s
     0     0  426.28156    0 1675  436.19342  426.28156  2.27%     -  303s
     0     0  426.28156    0 1646  436.19342  426.28156  2.27%     -  308s
H    0     0                     435.3440372  426.28156  2.08%     -  349s
     0     2  426.28186    0 1640  435.34404  426.28186  2.08%     -  351s
     1     4  426.29209    1 1620  435.34404  426.28526  2.08%   470  356s
     3     8  427.21579    2 1652  435.34404  426.29209  2.08%   721  361s
     7    16  427.96725    3 1615  435.34404  426.35113  2.07%   953  368s
    15    30  428.04012    4 1603  435.34404  426.40454  2.05%  1164  374s
    31    44  429.14095    5 1585  435.34404  426.75757  1.97%  1613  396s
    61    60  429.21027    6 1608  435.34404  427.74375  1.75%  1583  422s
    93    66  432.60032    7 1414  435.34404  427.74537  1.75%  1647  459s
   125    78     cutoff    7       435.34404  427.74537  1.75%  1610  494s
H  157    90                     435.3429056  427.74537  1.75%  1564  522s
H  158    90                     435.3414803  427.74537  1.74%  1565  522s
H  159    90                     435.3350044  427.74537  1.74%  1562  522s
H  165    90                     435.3322451  427.74537  1.74%  1548  522s
H  166    90                     435.3320458  427.74537  1.74%  1540  522s
H  175    90                     435.3293567  427.74537  1.74%  1511  522s
   189    95  433.39451    9 1155  435.32936  427.74537  1.74%  1477  550s
   234   113     cutoff   10       435.32936  427.74537  1.74%  1351  565s
   282   126     cutoff   10       435.32936  427.74537  1.74%  1232  594s
   319   135     cutoff   10       435.32936  427.74537  1.74%  1178  682s
H  320   135                     435.3241624  427.74537  1.74%  1174  682s
H  324   135                     435.3241614  427.74537  1.74%  1163  682s
H  325   135                     435.3102160  427.74537  1.74%  1161  682s
H  336   135                     435.3102150  427.74537  1.74%  1151  682s
   356   185  433.27626   16 1119  435.31021  427.74537  1.74%  1117  698s
H  432   200                     435.3102140  427.74537  1.74%   980  767s
H  436   200                     435.3090264  427.74537  1.74%   974  767s
H  437   200                     435.3076375  427.74537  1.74%   972  767s
H  445   200                     435.3062640  427.74537  1.74%   962  767s
H  453   200                     435.3061484  427.74537  1.74%   956  767s
   471   250  434.85273   19 1123  435.30615  427.74537  1.74%   935  782s
   553   301  435.06858   21 1133  435.30615  427.74537  1.74%   836  795s
   647   352  435.21703   25 1090  435.30615  427.74537  1.74%   760  812s
   747   401  435.19150   25 1080  435.30615  427.74537  1.74%   701  837s
   853   468  435.22267   30 1060  435.30615  427.74537  1.74%   651  856s
   968   532  435.24006   30 1060  435.30615  427.74537  1.74%   600  875s
  1085   601  435.24761   30 1038  435.30615  428.32593  1.60%   559  914s
  1217   718  433.53883   24 1125  435.30615  428.32593  1.60%   529  930s
  1392   806  434.47207   31 1118  435.30615  428.32593  1.60%   484  995s
H 1438   806                     435.3061476  428.32593  1.60%   476  995s
H 1488   806                     435.3061470  428.32593  1.60%   466  995s
  1550   825  434.86647   37 1117  435.30615  428.32593  1.60%   455 1083s
  1589   938  435.18629   38 1123  435.30615  428.32593  1.60%   453 1090s
  1771  1011     cutoff   43       435.30615  428.77408  1.50%   427 1098s
  1931  1137  434.47125   31 1021  435.30615  428.77408  1.50%   413 1105s
  2155  1281  435.30460   36 1030  435.30615  428.77408  1.50%   389 1110s
  2357  1411  435.28329   40 1039  435.30615  428.77448  1.50%   373 1116s
  2550  1547  429.02683   12 1057  435.30615  428.77448  1.50%   362 1121s
  2762  1719  430.44284   15 1073  435.30615  428.77448  1.50%   349 1126s
  2992  1720  433.03866   23 1646  435.30615  428.77448  1.50%   337 1209s
H 2993  1634                     435.3061309  428.77448  1.50%   337 1215s
  2996  1636  433.22844   35 1707  435.30613  428.77448  1.50%   336 1220s
  3000  1638  433.19396   40 1671  435.30613  428.77448  1.50%   336 1225s
  3004  1641  430.65058   27 1618  435.30613  428.77448  1.50%   335 1230s
H 3005  1560                     435.3061303  428.77448  1.50%   335 1241s
  3006  1560  431.02455   21 1471  435.30613  428.77448  1.50%   335 1252s
  3007  1561  433.27302   30 1466  435.30613  428.77448  1.50%   335 1255s
H 3007  1483                     435.3061294  428.77448  1.50%   335 1268s
H 3008  1409                     435.3061290  428.77448  1.50%   335 1280s
H 3008  1339                     435.3061288  428.77448  1.50%   335 1280s
  3009  1339  435.28216   24 1438  435.30613  428.77448  1.50%   335 1303s
  3011  1341  431.25020   14 1438  435.30613  428.77448  1.50%   335 1305s
  3012  1341  433.94747   28 1427  435.30613  428.77448  1.50%   335 1314s
  3013  1342  434.73904  100 1373  435.30613  428.77448  1.50%   334 1326s
H 3014  1275                     435.3061284  428.86404  1.48%   334 1352s
  3016  1276  434.85698   36 1398  435.30613  429.03236  1.44%   334 1381s
H 3016  1212                     435.3019353  429.03236  1.44%   334 1387s
H 3016  1151                     435.3019346  429.16503  1.41%   334 1422s
  3018  1152  431.24497   20 1377  435.30193  429.21645  1.40%   334 1474s
H 3018  1094                     435.3019345  429.21645  1.40%   334 1514s
H 3019  1040                     435.3019342  429.21645  1.40%   334 1567s
  3021  1041  434.30964   41 1409  435.30193  429.21645  1.40%   334 1600s
H 3021   988                     435.3019341  429.21645  1.40%   334 1606s
  3022   989  433.81352   36 1409  435.30193  429.21645  1.40%   333 1718s
  3023   993  429.21645   16 1396  435.30193  429.21645  1.40%   346 1930s
  3025   996  431.91444   17 1284  435.30193  429.21645  1.40%   346 2222s
  3029   997 infeasible   18       435.30193  429.21645  1.40%   347 2270s
  3037   996  429.70296   19 1124  435.30193  429.21645  1.40%   351 2301s
  3047   994 infeasible   20       435.30193  429.70357  1.29%   354 2329s
  3059   995  430.56606   21 1075  435.30193  430.38924  1.13%   357 2345s
  3072   998  430.84406   22 1139  435.30193  430.66470  1.07%   358 2370s
  3090  1004  431.01006   23 1102  435.30193  430.84601  1.02%   359 2379s

Cutting planes:
  Learned: 11
  Gomory: 30
  Cover: 65
  Implied bound: 58
  Projected implied bound: 106
  Clique: 16
  MIR: 430
  Flow cover: 2267
  GUB cover: 1
  Zero half: 18
  RLT: 710
  Relax-and-lift: 156

Explored 3116 nodes (1162325 simplex iterations) in 2380.08 seconds
Thread count was 32 (of 32 available processors)

Solution count 10: 435.302 435.302 435.302 ... 435.306

Optimal solution found (tolerance 1.00e-02)
Best objective 4.353019341035e+02, best bound 4.310117860726e+02, gap 0.9856%

Gurobi 9.1.0 (linux64) logging started Thu Aug 19 21:36:13 2021

Changed value of parameter LogFile to eab_parasitoid_1_2_0.8_bud.log
   Prev:   Default: 
Changed value of parameter MIPGap to 0.01
   Prev: 0.0001  Min: 0.0  Max: inf  Default: 0.0001
Changed value of parameter Method to 2
   Prev: -1  Min: -1  Max: 5  Default: -1
Changed value of parameter MIPFocus to 2
   Prev: 0  Min: 0  Max: 3  Default: 0
Changed value of parameter RINS to 100
   Prev: -1  Min: -1  Max: 2000000000  Default: -1
Changed value of parameter SolutionLimit to 1
   Prev: 2000000000  Min: 1  Max: 2000000000  Default: 2000000000
Gurobi Optimizer version 9.1.0 build v9.1.0rc0 (linux64)
Thread count: 32 physical cores, 32 logical processors, using up to 32 threads
Optimize a model with 203396 rows, 134935 columns and 685039 nonzeros
Model fingerprint: 0x7eaf2d12
Variable types: 55779 continuous, 79156 integer (79156 binary)
Coefficient statistics:
  Matrix range     [2e-04, 6e+05]
  Objective range  [1e-06, 1e-01]
  Bounds range     [1e+00, 6e+03]
  RHS range        [1e-04, 6e+05]

User MIP start produced solution with objective 435.672 (13.13s)
User MIP start produced solution with objective 435.567 (13.22s)
User MIP start produced solution with objective 435.302 (13.41s)
Loaded user MIP start with objective 435.302
Processed MIP start in 13.46 seconds


Explored 0 nodes (0 simplex iterations) in 13.56 seconds
Thread count was 1 (of 32 available processors)

Solution count 4: 435.302 

Solution limit reached
Best objective 4.353019324830e+02, best bound -, gap -
