
Gurobi 9.1.0 (linux64) logging started Fri Aug  6 10:21:37 2021

Changed value of parameter LogFile to eab_parasitoid_1_1_0.4_bud.log
   Prev:   Default: 
Changed value of parameter MIPGap to 0.01
   Prev: 0.0001  Min: 0.0  Max: inf  Default: 0.0001
Changed value of parameter Method to 2
   Prev: -1  Min: -1  Max: 5  Default: -1
Changed value of parameter MIPFocus to 2
   Prev: 0  Min: 0  Max: 3  Default: 0
Changed value of parameter RINS to 100
   Prev: -1  Min: -1  Max: 2000000000  Default: -1
Gurobi Optimizer version 9.1.0 build v9.1.0rc0 (linux64)
Thread count: 32 physical cores, 32 logical processors, using up to 32 threads
Optimize a model with 203396 rows, 134935 columns and 685039 nonzeros
Model fingerprint: 0xcc2267f1
Variable types: 55779 continuous, 79156 integer (79156 binary)
Coefficient statistics:
  Matrix range     [2e-04, 6e+05]
  Objective range  [1e-06, 1e-01]
  Bounds range     [1e+00, 6e+03]
  RHS range        [1e-04, 6e+05]
Presolve removed 192911 rows and 126340 columns
Presolve time: 4.81s
Presolved: 10485 rows, 8595 columns, 134700 nonzeros
Variable types: 3586 continuous, 5009 integer (5006 binary)
Presolve removed 16 rows and 21 columns
Presolved: 10469 rows, 8574 columns, 134642 nonzeros

Root barrier log...

Ordering time: 0.23s

Barrier statistics:
 Dense cols : 135
 AA' NZ     : 5.861e+05
 Factor NZ  : 2.867e+06 (roughly 30 MBytes of memory)
 Factor Ops : 2.447e+09 (less than 1 second per iteration)
 Threads    : 31

                  Objective                Residual
Iter       Primal          Dual         Primal    Dual     Compl     Time
   0   3.00330375e+03 -1.63859237e+04  6.95e+04 2.07e-01  9.00e+01     6s
   1   2.36542580e+03 -2.05516599e+04  4.91e+04 1.95e-01  6.34e+01     6s
   2   8.51207534e+02 -1.87031518e+04  6.00e+03 3.72e-03  8.29e+00     6s
   3   5.79011437e+02 -1.15532266e+04  5.32e+02 2.74e-13  1.03e+00     6s
   4   4.85178069e+02 -7.18734296e+03  1.35e+02 1.99e-13  3.99e-01     6s
   5   4.52125946e+02 -3.87279786e+03  3.51e+01 8.88e-14  1.81e-01     6s
   6   4.38375076e+02 -8.97411930e+02  1.05e+01 2.24e-14  5.28e-02     6s
   7   4.27490813e+02  1.67667062e+02  1.25e+00 1.94e-15  9.92e-03     6s
   8   4.21006968e+02  3.50635192e+02  1.30e-01 1.49e-15  2.63e-03     6s
   9   4.19333079e+02  3.93782100e+02  5.47e-02 6.60e-16  9.51e-04     6s
  10   4.18133450e+02  4.05355670e+02  1.80e-02 3.56e-16  4.75e-04     6s
  11   4.17284082e+02  4.09853884e+02  2.90e-04 3.56e-16  2.76e-04     6s
  12   4.16706312e+02  4.13217789e+02  1.26e-04 2.22e-16  1.30e-04     6s
  13   4.16382216e+02  4.15275441e+02  5.13e-05 2.51e-16  4.11e-05     6s
  14   4.16217294e+02  4.15752044e+02  1.81e-05 3.09e-16  1.73e-05     6s
  15   4.16137627e+02  4.15957916e+02  4.00e-06 2.73e-16  6.67e-06     6s
  16   4.16119898e+02  4.16039890e+02  1.89e-06 4.44e-16  2.97e-06     6s
  17   4.16110654e+02  4.16065978e+02  7.86e-07 2.22e-16  1.66e-06     7s
  18   4.16106464e+02  4.16081188e+02  2.81e-07 2.22e-16  9.38e-07     7s
  19   4.16104975e+02  4.16092481e+02  1.20e-07 2.74e-16  4.64e-07     7s
  20   4.16103955e+02  4.16101894e+02  1.78e-08 2.84e-16  7.65e-08     7s
  21   4.16103746e+02  4.16103283e+02  4.70e-09 3.54e-16  1.72e-08     8s
  22   4.16103688e+02  4.16103475e+02  1.35e-09 1.45e-16  7.89e-09     8s
  23   4.16103673e+02  4.16103626e+02  5.32e-10 2.22e-16  1.76e-09     8s
  24   4.16103665e+02  4.16103649e+02  1.14e-10 1.11e-16  5.62e-10     8s
  25   4.16103662e+02  4.16103659e+02  1.95e-11 2.22e-16  1.35e-10     8s
  26   4.16103662e+02  4.16103662e+02  6.03e-11 2.31e-13  1.15e-11     9s

Barrier solved model in 26 iterations and 8.68 seconds
Optimal objective 4.16103662e+02


Root crossover log...

     773 DPushes remaining with DInf 0.0000000e+00                 9s
       0 DPushes remaining with DInf 0.0000000e+00                 9s

    3993 PPushes remaining with PInf 1.0890302e-06                 9s
       0 PPushes remaining with PInf 1.6439139e-02                 9s

  Push phase complete: Pinf 1.6439139e-02, Dinf 5.7365598e-02      9s


Root simplex log...

Iteration    Objective       Primal Inf.    Dual Inf.      Time
    4572    4.1610366e+02   0.000000e+00   5.736560e-02      9s
    4581    4.1610366e+02   0.000000e+00   0.000000e+00      9s
    4581    4.1610366e+02   0.000000e+00   0.000000e+00      9s

Root relaxation: objective 4.161037e+02, 4581 iterations, 4.16 seconds
Total elapsed time = 10.24s

    Nodes    |    Current Node    |     Objective Bounds      |     Work
 Expl Unexpl |  Obj  Depth IntInf | Incumbent    BestBd   Gap | It/Node Time

     0     0  416.10381    0 1662          -  416.10381      -     -   10s
     0     0  427.12816    0 2092          -  427.12816      -     -   14s
     0     0  427.53863    0 2070          -  427.53863      -     -   18s
     0     0  428.22016    0 2061          -  428.22016      -     -   19s
     0     0  428.22324    0 2061          -  428.22324      -     -   19s
     0     0  434.26401    0 2041          -  434.26401      -     -   23s
     0     0  436.50878    0 2103          -  436.50878      -     -   26s
     0     0  436.50878    0 2006          -  436.50878      -     -   29s
     0     0  436.50878    0 1995          -  436.50878      -     -   30s
     0     0  436.50878    0 1991          -  436.50878      -     -   31s
     0     0  438.79735    0 2058          -  438.79735      -     -   47s
H    0     0                     513.3932838  438.79735  14.5%     -   53s
H    0     0                     513.3896269  438.79735  14.5%     -   53s
     0     0  438.91087    0 2047  513.38963  438.91087  14.5%     -   53s
H    0     0                     513.3615782  438.91087  14.5%     -   56s
     0     0  438.94639    0 2011  513.36158  438.94639  14.5%     -   56s
     0     0  438.96146    0 2008  513.36158  438.96146  14.5%     -   57s
     0     0  438.96777    0 2015  513.36158  438.96777  14.5%     -   58s
     0     0  443.67316    0 2062  513.36158  443.67316  13.6%     -   73s
H    0     0                     480.2781804  443.67316  7.62%     -   79s
H    0     0                     480.2781215  443.67316  7.62%     -   79s
H    0     0                     480.2754870  443.67316  7.62%     -   79s
     0     0  446.83771    0 2093  480.27549  446.83771  6.96%     -   79s
     0     0  448.41896    0 2049  480.27549  448.41896  6.63%     -   85s
     0     0  448.41896    0 2074  480.27549  448.41896  6.63%     -  112s
     0     0  448.72650    0 2076  480.27549  448.72650  6.57%     -  118s
     0     0  448.72650    0 2053  480.27549  448.72650  6.57%     -  120s
     0     0  448.72650    0 2082  480.27549  448.72650  6.57%     -  120s
H    0     0                     480.2754601  448.72650  6.57%     -  125s
H    0     0                     480.2750948  448.72650  6.57%     -  125s
     0     0  455.00177    0 1932  480.27509  455.00177  5.26%     -  128s
     0     0  455.69609    0 1954  480.27509  455.69609  5.12%     -  130s
     0     0  455.72817    0 1939  480.27509  455.72817  5.11%     -  131s
     0     0  455.73187    0 1942  480.27509  455.73187  5.11%     -  132s
     0     0  458.97158    0 1919  480.27509  458.97158  4.44%     -  140s
     0     0  460.60773    0 1938  480.27509  460.60773  4.10%     -  145s
     0     0  460.63826    0 1939  480.27509  460.63826  4.09%     -  149s
     0     0  460.64190    0 1932  480.27509  460.64190  4.09%     -  151s
     0     0  465.54829    0 1959  480.27509  465.54829  3.07%     -  158s
     0     0  465.60637    0 1952  480.27509  465.60637  3.05%     -  160s
     0     0  465.61543    0 1948  480.27509  465.61543  3.05%     -  161s
     0     0  467.80850    0 1952  480.27509  467.80850  2.60%     -  165s
     0     0  467.81809    0 1952  480.27509  467.81809  2.59%     -  169s
     0     0  469.84253    0 1924  480.27509  469.84253  2.17%     -  178s
     0     0  469.84672    0 1952  480.27509  469.84672  2.17%     -  183s
     0     0  469.87962    0 1902  480.27509  469.87962  2.16%     -  193s
     0     0  469.87962    0 1904  480.27509  469.87962  2.16%     -  202s
H    0     0                     480.0174270  469.87962  2.11%     -  472s
     0     2  469.87962    0 1904  480.01743  469.87962  2.11%     -  476s
     1     4  477.74201    1 1745  480.01743  469.87974  2.11%  2931  498s
H    2     4                     480.0174269  469.87974  2.11%  1466  498s
     3     4 infeasible    2       480.01743  470.37822  2.01%  2035  517s
     7     8  472.17193    3 1505  480.01743  472.17193  1.63%  1740  522s
    11    14  472.46359    4 1427  480.01743  472.38256  1.59%  1327  537s
    19    24  475.53974    5 1381  480.01743  472.46723  1.57%  1193  551s
    33    24  478.88688    6 1317  480.01743  472.59627  1.55%  1245  589s
    57    41     cutoff    7       480.01743  472.85166  1.49%  1460  610s
    81    53  473.24362    8 1423  480.01743  473.06789  1.45%  1476  652s
   113    67  475.74528    9 1448  480.01743  473.24373  1.41%  1400  669s
H  145    91                     480.0174254  474.09622  1.23%  1323  709s
H  148    91                     480.0163143  474.09622  1.23%  1306  709s
H  150    91                     480.0137929  474.09622  1.23%  1295  709s
H  152    91                     480.0130815  474.09622  1.23%  1289  709s
H  157    91                     479.9951248  474.09622  1.23%  1255  709s
H  170    91                     479.9905187  474.09622  1.23%  1237  710s
   177   114  475.75582   11 1402  479.99052  474.09622  1.23%  1211  735s
   216   131  475.75882   13 1352  479.99052  474.09622  1.23%  1106  757s
   249   151  477.97134   15 1336  479.99052  474.09622  1.23%  1048  778s
   299   152  478.24942   17 1338  479.99052  474.09622  1.23%   967  980s
H  303   152                     479.9860540  474.09622  1.23%   962  980s
H  310   152                     479.9310334  474.09622  1.22%   948  980s
H  314   152                     479.9265173  474.09622  1.21%   943  980s
H  325   152                     479.8984566  474.09622  1.21%   926  980s
   342   156  478.29606   18 1323  479.89846  474.09622  1.21%   931  997s
   400   161  478.57643   20 1344  479.89846  474.09622  1.21%   862 1180s
H  401   161                     479.8887205  474.09622  1.21%   860 1180s
H  402   161                     479.8697326  474.09622  1.20%   860 1180s
H  422   161                     479.8626217  474.09622  1.20%   853 1180s
   435   185     cutoff   20       479.86262  474.09622  1.20%   850 1198s
   496   199     cutoff   20       479.86262  474.09622  1.20%   797 1216s
   558   218  478.81980   18 1294  479.86262  474.09622  1.20%   758 1239s
   604   218  479.72910   22 1191  479.86262  474.09622  1.20%   728 1240s
   643   226  479.77022   20 1282  479.86262  474.09622  1.20%   711 1259s
   717   256     cutoff   20       479.86262  474.84736  1.05%   685 1282s
   812   283  476.98339   10 1374  479.86262  474.84736  1.05%   649 1304s
   917   309  479.51213   15 1286  479.86262  474.84736  1.05%   618 1325s
  1009   353     cutoff   14       479.86262  474.84736  1.05%   592 1342s
  1121   377  477.85201   18 1316  479.86262  474.84736  1.05%   562 1363s
  1213   405  478.09527   19 1322  479.86262  474.84736  1.05%   551 1383s
  1315   425  478.96693   19 1318  479.86262  474.84736  1.05%   537 1401s
  1428   478     cutoff   21       479.86262  474.84736  1.05%   525 1421s
  1533   484     cutoff   23       479.86262  474.84736  1.05%   518 1534s
H 1535   484                     479.8568729  474.84736  1.04%   518 1534s
H 1536   484                     479.8415081  474.84736  1.04%   517 1534s
H 1543   484                     479.8248754  474.84736  1.04%   518 1534s
H 1556   484                     479.8224356  474.84736  1.04%   518 1534s
  1580   506  475.60237   13 1223  479.82244  474.84736  1.04%   517 1635s
H 1584   506                     479.8067683  474.84736  1.03%   517 1635s
H 1594   506                     479.8057042  474.84736  1.03%   516 1635s
  1616   611  477.58269   14 1184  479.80570  474.84736  1.03%   516 1645s
  1793   679  477.86599   18 1198  479.80570  474.84736  1.03%   490 1676s
H 1865   679                     479.7993958  474.84736  1.03%   483 1676s
H 1947   679                     479.7973114  474.84736  1.03%   473 1676s
  1960   755  478.39929   24 1215  479.79731  474.84736  1.03%   473 1685s
  2140   847  479.23194   32 1197  479.79731  474.84736  1.03%   458 1695s
  2323   958     cutoff   38       479.79731  474.92090  1.02%   445 1704s
  2523  1079  474.92610   12 1259  479.79731  474.92090  1.02%   431 1718s
  2717  1166  476.66050   17 1249  479.79731  474.92090  1.02%   418 1738s
  2942  1305  477.18695   23 1206  479.79731  474.92090  1.02%   404 1758s
  3179  1290  478.28586   27 1904  479.79731  474.92090  1.02%   392 2011s
  3181  1291  478.88883   25 1717  479.79731  474.92090  1.02%   392 2025s
  3182  1292  479.73203   57 2027  479.79731  474.92090  1.02%   392 2038s
  3183  1293  479.68863   20 1915  479.79731  474.92090  1.02%   391 2044s
  3184  1293  478.45621   17 1911  479.79731  474.92090  1.02%   391 2052s
  3185  1294  478.84193   36 1832  479.79731  474.92090  1.02%   391 2058s
  3186  1295  478.74651   19 1775  479.79731  474.92090  1.02%   391 2064s
  3187  1295  479.68545   32 1742  479.79731  474.92090  1.02%   391 2070s
  3189  1297  479.71120   26 1686  479.79731  474.92090  1.02%   391 2080s
  3190  1297  479.73194   22 1692  479.79731  474.92090  1.02%   391 2088s
  3191  1298  479.36056   50 1627  479.79731  474.92090  1.02%   390 2154s
  3192  1299  478.48754   20 1595  479.79731  474.92090  1.02%   390 2157s
  3194  1300  478.78917   20 1633  479.79731  474.92090  1.02%   390 2185s
  3195  1301  478.34567   14 1621  479.79731  474.92090  1.02%   390 2234s
  3196  1301  479.63108   58 1663  479.79731  474.92090  1.02%   390 2237s
  3197  1302  479.54952   37 1658  479.79731  474.92090  1.02%   390 2262s
  3198  1303  478.20554   28 1623  479.79731  474.92090  1.02%   390 2302s
  3199  1303  478.78226   23 1590  479.79731  474.92090  1.02%   389 2313s
  3200  1304  478.00007   20 1591  479.79731  474.92090  1.02%   389 2345s
  3201  1305  479.57576   21 1587  479.79731  474.92090  1.02%   389 2369s
  3202  1305  478.50681   20 1587  479.79731  474.92090  1.02%   389 2460s
  3203  1306     cutoff   14       479.79731  474.92090  1.02%   403 2546s
  3206  1308  474.92090   16 1270  479.79731  474.92090  1.02%   403 2627s
  3208  1311  477.74131   17 1256  479.79731  474.92090  1.02%   403 2692s
  3212  1315  477.88998   18 1234  479.79731  474.92090  1.02%   404 2718s
  3220  1321  478.89809   19 1220  479.79731  474.92090  1.02%   405 2738s

Cutting planes:
  Learned: 32
  Gomory: 31
  Cover: 78
  Implied bound: 71
  Projected implied bound: 97
  Clique: 22
  MIR: 349
  StrongCG: 1
  Flow cover: 2154
  GUB cover: 2
  Zero half: 21
  RLT: 819
  Relax-and-lift: 161

Explored 3233 nodes (1371204 simplex iterations) in 2738.96 seconds
Thread count was 32 (of 32 available processors)

Solution count 10: 479.797 479.799 479.806 ... 479.87

Optimal solution found (tolerance 1.00e-02)
Warning: max constraint violation (8.5897e-06) exceeds tolerance
Best objective 4.797973113614e+02, best bound 4.758318756964e+02, gap 0.8265%

Gurobi 9.1.0 (linux64) logging started Thu Aug 19 21:22:11 2021

Changed value of parameter LogFile to eab_parasitoid_1_1_0.4_bud.log
   Prev:   Default: 
Changed value of parameter MIPGap to 0.01
   Prev: 0.0001  Min: 0.0  Max: inf  Default: 0.0001
Changed value of parameter Method to 2
   Prev: -1  Min: -1  Max: 5  Default: -1
Changed value of parameter MIPFocus to 2
   Prev: 0  Min: 0  Max: 3  Default: 0
Changed value of parameter RINS to 100
   Prev: -1  Min: -1  Max: 2000000000  Default: -1
Changed value of parameter SolutionLimit to 1
   Prev: 2000000000  Min: 1  Max: 2000000000  Default: 2000000000
Gurobi Optimizer version 9.1.0 build v9.1.0rc0 (linux64)
Thread count: 32 physical cores, 32 logical processors, using up to 32 threads
Optimize a model with 203396 rows, 134935 columns and 685039 nonzeros
Model fingerprint: 0xa7750cda
Variable types: 55779 continuous, 79156 integer (79156 binary)
Coefficient statistics:
  Matrix range     [2e-04, 6e+05]
  Objective range  [1e-06, 1e-01]
  Bounds range     [1e+00, 6e+03]
  RHS range        [1e-04, 6e+05]

User MIP start produced solution with objective 479.95 (8.47s)
User MIP start produced solution with objective 479.89 (8.56s)
User MIP start produced solution with objective 479.797 (8.76s)
Loaded user MIP start with objective 479.797
Processed MIP start in 8.82 seconds


Explored 0 nodes (0 simplex iterations) in 8.89 seconds
Thread count was 1 (of 32 available processors)

Solution count 4: 479.797 

Solution limit reached
Best objective 4.797973113071e+02, best bound -, gap -
