
Gurobi 9.1.0 (linux64) logging started Fri Aug 20 23:59:05 2021

Changed value of parameter LogFile to eab_parasitoid_0.2_0_1_area_street.log
   Prev:   Default: 
Changed value of parameter MIPGap to 0.01
   Prev: 0.0001  Min: 0.0  Max: inf  Default: 0.0001
Changed value of parameter Method to 2
   Prev: -1  Min: -1  Max: 5  Default: -1
Changed value of parameter MIPFocus to 2
   Prev: 0  Min: 0  Max: 3  Default: 0
Changed value of parameter RINS to 100
   Prev: -1  Min: -1  Max: 2000000000  Default: -1
Gurobi Optimizer version 9.1.0 build v9.1.0rc0 (linux64)
Thread count: 32 physical cores, 32 logical processors, using up to 32 threads
Optimize a model with 203386 rows, 134930 columns and 685029 nonzeros
Model fingerprint: 0x54bc036b
Variable types: 55774 continuous, 79156 integer (79156 binary)
Coefficient statistics:
  Matrix range     [2e-04, 1e+06]
  Objective range  [8e-07, 2e-01]
  Bounds range     [1e+00, 6e+03]
  RHS range        [1e-04, 1e+06]
Presolve removed 195172 rows and 128042 columns
Presolve time: 4.84s
Presolved: 8214 rows, 6888 columns, 114688 nonzeros
Variable types: 2755 continuous, 4133 integer (4130 binary)
Presolve removed 27 rows and 14 columns
Presolved: 8187 rows, 6874 columns, 114617 nonzeros

Root barrier log...

Ordering time: 0.21s

Barrier statistics:
 Dense cols : 128
 AA' NZ     : 4.963e+05
 Factor NZ  : 2.082e+06 (roughly 23 MBytes of memory)
 Factor Ops : 1.537e+09 (less than 1 second per iteration)
 Threads    : 31

                  Objective                Residual
Iter       Primal          Dual         Primal    Dual     Compl     Time
   0   1.87200032e+05 -5.35145175e+05  2.64e+04 2.56e-01  2.81e+03     6s
   1   1.28046575e+05 -6.12040106e+05  1.78e+04 1.75e+01  1.83e+03     6s
   2   3.14803674e+04 -6.32086378e+05  3.73e+03 9.44e-13  4.25e+02     6s
   3   2.16584704e+03 -4.39376982e+05  1.69e+02 2.45e-12  3.65e+01     6s
   4   8.26237849e+02 -8.52501878e+04  6.71e+00 6.03e-13  4.23e+00     6s
   5   7.35006646e+02 -1.90199875e+04  1.95e-05 1.99e-13  9.12e-01     6s
   6   7.09176520e+02 -4.11505550e+03  6.97e-06 8.53e-14  2.23e-01     6s
   7   6.68048841e+02 -1.13993851e+02  8.98e-07 4.98e-14  3.61e-02     7s
   8   6.42998419e+02  3.70807715e+02  3.30e-07 3.56e-14  1.26e-02     7s
   9   6.23143048e+02  5.01548283e+02  4.76e-08 1.42e-14  5.61e-03     7s
  10   6.16961413e+02  5.71637504e+02  1.18e-08 7.15e-15  2.09e-03     7s
  11   6.14728861e+02  5.90948887e+02  5.29e-09 7.11e-15  1.10e-03     8s
  12   6.13915653e+02  6.00763881e+02  3.27e-09 7.11e-15  6.07e-04     8s
  13   6.13547437e+02  6.04872886e+02  2.44e-09 7.11e-15  4.00e-04     8s
  14   6.13170021e+02  6.06562638e+02  1.66e-09 7.11e-15  3.05e-04     8s
  15   6.12706563e+02  6.09717201e+02  8.03e-10 7.11e-15  1.38e-04     8s
  16   6.12434855e+02  6.11333591e+02  3.86e-10 7.11e-15  5.08e-05     8s
  17   6.12368660e+02  6.11789481e+02  2.95e-10 7.11e-15  2.67e-05     9s
  18   6.12269204e+02  6.11933397e+02  1.79e-10 3.55e-15  1.55e-05     9s
  19   6.12230887e+02  6.12004216e+02  1.31e-10 7.11e-15  1.05e-05     9s
  20   6.12170861e+02  6.12068100e+02  5.69e-11 7.11e-15  4.74e-06     9s
  21   6.12147394e+02  6.12095487e+02  2.71e-11 7.11e-15  2.40e-06     9s
  22   6.12138656e+02  6.12114418e+02  1.65e-11 7.11e-15  1.12e-06     9s
  23   6.12130023e+02  6.12119893e+02  5.22e-12 7.11e-15  4.68e-07    10s
  24   6.12127202e+02  6.12122729e+02  1.78e-12 7.11e-15  2.06e-07    10s
  25   6.12126650e+02  6.12124012e+02  1.16e-12 7.11e-15  1.22e-07    10s
  26   6.12126072e+02  6.12125059e+02  5.14e-13 7.11e-15  4.67e-08    10s
  27   6.12125816e+02  6.12125171e+02  2.16e-13 7.11e-15  2.98e-08    10s
  28   6.12125627e+02  6.12125465e+02  1.07e-13 7.11e-15  7.48e-09    11s
  29   6.12125604e+02  6.12125575e+02  1.53e-14 7.11e-15  1.35e-09    11s
  30   6.12125602e+02  6.12125595e+02  9.77e-14 7.11e-15  3.25e-10    11s
  31   6.12125601e+02  6.12125599e+02  3.06e-14 7.11e-15  8.98e-11    11s

Barrier solved model in 31 iterations and 11.39 seconds
Optimal objective 6.12125601e+02


Root crossover log...

     602 DPushes remaining with DInf 0.0000000e+00                11s
       0 DPushes remaining with DInf 0.0000000e+00                11s

    3141 PPushes remaining with PInf 4.8375316e-05                11s
       0 PPushes remaining with PInf 0.0000000e+00                12s

  Push phase complete: Pinf 0.0000000e+00, Dinf 1.1523296e-01     12s


Root simplex log...

Iteration    Objective       Primal Inf.    Dual Inf.      Time
    3583    6.1212560e+02   0.000000e+00   1.152330e-01     12s
    3599    6.1212560e+02   0.000000e+00   0.000000e+00     12s
    3599    6.1212560e+02   0.000000e+00   0.000000e+00     12s

Root relaxation: objective 6.121256e+02, 3599 iterations, 6.59 seconds

    Nodes    |    Current Node    |     Objective Bounds      |     Work
 Expl Unexpl |  Obj  Depth IntInf | Incumbent    BestBd   Gap | It/Node Time

     0     0  612.12560    0 1642          -  612.12560      -     -   12s
     0     0  614.88584    0 1918          -  614.88584      -     -   15s
     0     0  615.28449    0 1982          -  615.28449      -     -   17s
     0     0  615.31334    0 1953          -  615.31334      -     -   18s
     0     0  615.32403    0 1943          -  615.32403      -     -   18s
     0     0  615.32943    0 1946          -  615.32943      -     -   18s
     0     0  615.32967    0 1945          -  615.32967      -     -   18s
     0     0  616.49604    0 1896          -  616.49604      -     -   23s
H    0     0                     673.9492267  616.49604  8.52%     -   27s
     0     0  616.72433    0 1796  673.94923  616.72433  8.49%     -   27s
     0     0  616.76064    0 1809  673.94923  616.76064  8.49%     -   28s
     0     0  616.76432    0 1810  673.94923  616.76432  8.49%     -   28s
     0     0  616.76499    0 1808  673.94923  616.76499  8.48%     -   29s
     0     0  617.46578    0 1749  673.94923  617.46578  8.38%     -   37s
H    0     0                     673.6173742  617.46578  8.34%     -   40s
     0     0  617.62494    0 1758  673.61737  617.62494  8.31%     -   44s
     0     0  617.64106    0 1760  673.61737  617.64106  8.31%     -   45s
     0     0  617.64475    0 1748  673.61737  617.64475  8.31%     -   46s
     0     0  617.64498    0 1760  673.61737  617.64498  8.31%     -   46s
     0     0  618.12087    0 1724  673.61737  618.12087  8.24%     -   55s
H    0     0                     673.4492021  618.12087  8.22%     -   56s
     0     0  618.20115    0 1669  673.44920  618.20115  8.20%     -   59s
     0     0  618.22437    0 1671  673.44920  618.22437  8.20%     -   60s
     0     0  618.22813    0 1683  673.44920  618.22813  8.20%     -   60s
     0     0  618.46577    0 1655  673.44920  618.46577  8.16%     -   65s
     0     0  618.49555    0 1648  673.44920  618.49555  8.16%     -   67s
     0     0  618.49997    0 1659  673.44920  618.49997  8.16%     -   67s
     0     0  618.50133    0 1645  673.44920  618.50133  8.16%     -   68s
     0     0  619.10849    0 1701  673.44920  619.10849  8.07%     -   83s
     0     0  619.42708    0 1664  673.44920  619.42708  8.02%     -   90s
     0     0  619.44664    0 1652  673.44920  619.44664  8.02%     -   93s
     0     0  619.44864    0 1671  673.44920  619.44864  8.02%     -   98s
     0     0  620.04959    0 1674  673.44920  620.04959  7.93%     -  130s
     0     0  620.09379    0 1695  673.44920  620.09379  7.92%     -  138s
     0     0  620.11577    0 1701  673.44920  620.11577  7.92%     -  145s
H    0     0                     647.5277693  620.11577  4.23%     -  146s
     0     0  620.12189    0 1709  647.52777  620.12189  4.23%     -  148s
H    0     0                     647.5260737  620.12189  4.23%     -  149s
     0     0  620.12236    0 1703  647.52607  620.12236  4.23%     -  149s
     0     0  620.29746    0 1667  647.52607  620.29746  4.21%     -  175s
H    0     0                     647.5066933  620.29746  4.20%     -  183s
     0     0  620.31386    0 1671  647.50669  620.31386  4.20%     -  216s
     0     0  620.31809    0 1670  647.50669  620.31809  4.20%     -  228s
     0     0  620.36405    0 1649  647.50669  620.36405  4.19%     -  261s
     0     0  620.37184    0 1645  647.50669  620.37184  4.19%     -  276s
     0     0  620.37465    0 1655  647.50669  620.37465  4.19%     -  287s
     0     0  620.41991    0 1649  647.50669  620.41991  4.18%     -  311s
     0     0  620.41991    0 1648  647.50669  620.41991  4.18%     -  319s
     0     2  620.41991    0 1648  647.50669  620.41991  4.18%     - 1317s
     1     4  624.51408    1 1591  647.50669  620.41991  4.18%  2186 1324s
     3     8  628.40643    2 1618  647.50669  620.70247  4.14%  1865 1333s
     7    16  628.64404    3 1607  647.50669  621.42950  4.03%  2226 1346s
    15    32  628.94988    4 1584  647.50669  621.63808  4.00%  2327 1368s
    31    64  629.13093    5 1636  647.50669  621.89292  3.96%  3130 1418s
    63    82  629.36928    6 1664  647.50669  622.30109  3.89%  3436 1567s
    95   100 infeasible    7       647.50669  622.30114  3.89%  4106 1744s
H   97   100                     647.4756773  622.30114  3.89%  4154 1744s
H   98   100                     647.4628476  622.30114  3.89%  4131 1744s
H   99   100                     647.2276808  622.30114  3.85%  4094 1744s
H  105   100                     647.0916053  622.30114  3.83%  3952 1744s
H  120   100                     646.7008521  622.30114  3.77%  3781 1744s
H  127   120                     646.4610643  622.30114  3.74%  3803 2128s
H  137   120                     644.7869829  622.30114  3.49%  3681 2128s
H  145   120                     644.5883321  622.30114  3.46%  3904 2128s
   159   128 infeasible    8       644.58833  622.30114  3.46%  3722 2395s
   191   148  629.52050    8 1639  644.58833  622.30114  3.46%  3622 2548s
   227   146 infeasible    9       644.58833  622.30114  3.46%  3545 2932s
   269   197  629.64415    9 1616  644.58833  622.30114  3.46%  3748 3927s
H  326   219                     643.2946825  622.30114  3.26%  3583 4293s
H  327   219                     643.0954148  622.30114  3.23%  3576 4293s
H  329   219                     641.5513049  622.30114  3.00%  3625 4293s
H  331   219                     639.9022124  622.30114  2.75%  3696 4293s
   358   253  630.06831   12 1589  639.90221  622.30114  2.75%  3646 5195s
   418   282  631.03293   12 1572  639.90221  622.30114  2.75%  3704 5891s
   477   326 infeasible   13       639.90221  622.30114  2.75%  3668 6428s
   543   380  630.25598   13 1571  639.90221  622.30114  2.75%  3646 7205s
   628   448  630.27355   16 1542  639.90221  622.30114  2.75%  3616 8275s
H  718   499                     639.8901751  622.30114  2.75%  3534 9366s
H  721   499                     639.8857180  622.30114  2.75%  3581 9366s
H  735   499                     639.6811089  622.30114  2.72%  3559 9366s
H  791   499                     639.6661470  622.30114  2.71%  3640 9366s
   811   557  630.47722   20 1502  639.66615  622.30114  2.71%  3645 10264s
H  819   557                     639.2572046  622.30114  2.65%  3756 10264s
   911   629  postponed   22       639.25720  622.30114  2.65%  3718 10836s
  1035   651     cutoff   23       639.25720  622.36354  2.64%  3487 13986s
  1069   751  625.38508   17 1392  639.25720  622.36354  2.64%  3494 14722s
  1224   765 infeasible   24       639.25720  622.36354  2.64%  3309 15336s
H 1225   765                     637.7016351  622.36354  2.41%  3306 15336s
  1260   871  627.20613   24 1325  637.70164  622.36354  2.41%  3265 16077s
  1428   943  627.37484   25 1311  637.70164  622.36354  2.41%  3121 17429s
  1576  1061  627.76353   28 1304  637.70164  622.36354  2.41%  3134 18520s
  1752  1199  629.59722   38 1242  637.70164  622.36354  2.41%  3028 19536s
  1957  1365 infeasible   43       637.70164  622.36354  2.41%  2934 20777s
  2181  1559  633.67184   42 1218  637.70164  622.36354  2.41%  2817 21479s
  2448  1784  633.05503   77 1124  637.70164  622.36354  2.41%  2666 22886s
  2753  2050  633.26635   93 1090  637.70164  622.36354  2.41%  2542 24047s
H 3138  2047                     637.6631903  622.36354  2.40%  2378 26804s
  3139  2048  636.07153   61 1648  637.66319  622.36354  2.40%  2377 26892s
H 3140  1946                     637.6631895  622.36354  2.40%  2377 26910s
H 3140  1849                     637.6631859  622.36354  2.40%  2377 26913s
  3142  1850  633.33709  110 1865  637.66319  622.36354  2.40%  2375 26922s
  3143  1851  637.13778   66 1784  637.66319  622.36354  2.40%  2374 26931s
  3144  1851  634.85667   55 1717  637.66319  622.36354  2.40%  2374 26936s
  3145  1852  636.03271   51 1701  637.66319  622.36354  2.40%  2373 26943s
  3146  1853  634.25275   54 1690  637.66319  622.36354  2.40%  2372 26956s
  3147  1853  628.46826   39 1595  637.66319  622.36354  2.40%  2371 26965s
  3148  1854  626.67096   20 1572  637.66319  622.36354  2.40%  2371 26970s
  3149  1855  633.66927   41 1551  637.66319  622.36354  2.40%  2370 26977s
  3150  1855  625.79231   21 1596  637.66319  622.36354  2.40%  2369 26984s
  3151  1856  637.53890   70 1580  637.66319  622.36354  2.40%  2368 26989s
  3152  1857  630.77150   10 1541  637.66319  622.36354  2.40%  2368 26995s
  3154  1858  625.34498    6 1575  637.66319  622.36354  2.40%  2366 27005s
  3155  1859  636.52081   61 1562  637.66319  622.36354  2.40%  2365 27015s
H 3155  1766                     637.6631833  622.36354  2.40%  2365 27039s
  3156  1766  637.40729  113 1525  637.66318  622.36354  2.40%  2365 27060s
H 3156  1677                     637.6631830  622.36354  2.40%  2365 27061s
  3160  1680  624.71618   21 1550  637.66318  622.36354  2.40%  2362 27065s
  3161  1681  627.80366   15 1568  637.66318  622.36354  2.40%  2361 27074s
  3162  1681  634.01685   32 1547  637.66318  622.63175  2.36%  2360 27086s
  3165  1683  635.07471   36 1561  637.66318  622.75787  2.34%  2358 27096s
  3166  1684  637.44365  117 1569  637.66318  623.16544  2.27%  2357 27117s
  3168  1685  629.94125   14 1583  637.66318  623.40380  2.24%  2356 27142s
  3169  1686  634.81182   36 1527  637.66318  623.59611  2.21%  2355 27203s
  3170  1687  623.59611   11 1578  637.66318  623.59611  2.21%  2354 27215s
  3171  1687  636.06177   51 1556  637.66318  623.69187  2.19%  2353 27290s
  3172  1688  634.34383   20 1563  637.66318  623.76576  2.18%  2353 27346s
  3173  1689  630.29569   43 1541  637.66318  623.76576  2.18%  2352 27354s
  3174  1689  628.49354   41 1567  637.66318  623.76576  2.18%  2351 27394s
  3175  1690  633.09265   37 1549  637.66318  623.76576  2.18%  2350 27461s
  3176  1691  634.47358   29 1545  637.66318  623.76576  2.18%  2350 27497s
H 3176  1606                     637.6630283  623.76576  2.18%  2350 28655s
H 3177  1527                     637.6630282  623.76576  2.18%  2369 28668s
  3178  1529  625.87905   15 1516  637.66303  623.76576  2.18%  2368 28934s
  3180  1532  629.70528   16 1543  637.66303  623.76576  2.18%  2368 29207s
  3184  1537  629.84258   17 1523  637.66303  623.76576  2.18%  2367 29401s
  3192  1546  630.43170   18 1473  637.66303  623.76576  2.18%  2367 29930s
  3206  1564  630.52239   19 1500  637.66303  623.76576  2.18%  2390 29966s
  3232  1587  630.54801   20 1472  637.66303  623.76576  2.18%  2389 30018s
  3264  1608  630.55327   21 1473  637.66303  623.76576  2.18%  2391 30051s
  3296  1630  630.55503   21 1479  637.66303  623.76576  2.18%  2389 30070s
  3328  1649  630.55998   22 1480  637.66303  623.76576  2.18%  2378 30268s
H 3330  1571                     637.3911973  623.76576  2.14%  2377 30268s
H 3334  1497                     637.1512806  623.76576  2.10%  2376 30268s
H 3351  1421                     636.9760661  623.76576  2.07%  2372 30268s
  3360  1458  630.65425   22 1454  636.97607  623.76576  2.07%  2368 30298s
H 3402  1408                     636.9760652  623.76576  2.07%  2355 30386s
  3434  1443 infeasible   23       636.97607  623.76576  2.07%  2346 30730s
  3485  1478  630.68453   24 1441  636.97607  623.76576  2.07%  2329 30784s
  3543  1511  630.92478   25 1432  636.97607  623.76576  2.07%  2306 31018s
  3602  1550 infeasible   25       636.97607  623.76576  2.07%  2291 31365s
  3668  1577 infeasible   26       636.97607  623.76576  2.07%  2282 31725s
  3731  1602 infeasible   27       636.97607  623.76576  2.07%  2270 31962s
  3791  1639  631.44550   28 1403  636.97607  623.76576  2.07%  2260 32290s
  3856  1694  631.59901   29 1400  636.97607  623.76576  2.07%  2246 32630s
  3957  1740  632.36919   30 1363  636.97607  623.76576  2.07%  2214 33018s
  4067  1795  632.54876   31 1370  636.97607  623.76576  2.07%  2179 33593s
  4194  1810  633.29268   33 1341  636.97607  623.76576  2.07%  2143 33960s
  4311  1822  634.00601   34 1275  636.97607  623.76576  2.07%  2123 34143s
  4431  1885  634.05001   35 1274  636.97607  623.76576  2.07%  2101 34485s
  4588  1972  634.47668   38 1259  636.97607  623.76576  2.07%  2063 34782s
  4775  2087     cutoff   40       636.97607  623.76576  2.07%  2014 35200s
  4989  2146  635.32312   40 1258  636.97607  623.76576  2.07%  1961 35457s
  5193  2234  635.67913   42 1246  636.97607  623.76576  2.07%  1912 36270s
  5400  2187  635.82724   43 1252  636.97607  623.76576  2.07%  1871 38251s
  5456  2442  636.16486   43 1264  636.97607  623.76576  2.07%  1861 38594s
  5789  2555  636.57379   47 1202  636.97607  623.76576  2.07%  1786 39649s
  6079  2727  635.50840   48 1251  636.97607  623.76576  2.07%  1736 40165s
  6439  2973 infeasible   53       636.97607  623.76576  2.07%  1681 40767s
  6890  2839  633.55858   87 1077  636.97607  623.76576  2.07%  1609 41435s
  6931  3247  633.84251   88 1079  636.97607  623.76576  2.07%  1605 41868s
  7390  3462  634.32870  112 1026  636.97607  623.76576  2.07%  1541 43144s
  7658  3970  634.89598  123 1009  636.97607  623.76576  2.07%  1512 43586s
  8276  4345  635.94876  152  970  636.97607  623.76576  2.07%  1436 44199s
  8772  4738  636.55977  177  949  636.97607  623.76576  2.07%  1390 44972s
H 9319  5114                     636.7515625  623.76576  2.04%  1361 45706s
H 9622  5106                     636.6943795  623.76576  2.03%  1333 45706s
  9893  5194     cutoff  190       636.69438  623.76576  2.03%  1331 46917s
H10000  5194                     636.6928277  623.76576  2.03%  1328 46917s
 10087  5213  625.14156   28 1433  636.69283  623.76576  2.03%  1334 47754s
 10126  5571  625.32083   29 1450  636.69283  623.76576  2.03%  1343 47912s
 10610  6073  629.33432   41 1255  636.69283  623.76576  2.03%  1331 48262s
 11271  6449  634.16798   88 1087  636.69283  623.76576  2.03%  1298 48772s
 11833  6931  635.33958  118 1048  636.69283  623.76576  2.03%  1271 49312s
 12486  7268  635.74908  173  945  636.69283  623.76576  2.03%  1238 50520s
 12937  8021  636.33102  232  815  636.69283  623.76576  2.03%  1230 51385s
 13931  8715     cutoff  277       636.69283  623.76576  2.03%  1190 51977s
H13934  8715                     636.6928274  623.76576  2.03%  1189 51977s
H14342  8715                     636.6928272  623.76576  2.03%  1173 51978s
 14798  8960  625.00672   25 1505  636.69283  623.76576  2.03%  1155 53567s
H14806  8350                     636.1575624  623.76576  1.95%  1156 53567s
H15025  7761                     635.7303495  623.76576  1.88%  1153 53567s
 15099  7687 infeasible   27       635.73035  623.76576  1.88%  1148 54718s
H15192  7600                     635.6514364  623.76576  1.87%  1154 54719s
 15267  8234 infeasible   26       635.65144  623.76576  1.87%  1152 55404s
H15306  8176                     635.6151624  623.76576  1.86%  1154 55404s
H15577  8159                     635.6032981  623.76576  1.86%  1141 55404s
H15782  8156                     635.6024987  623.76576  1.86%  1139 55404s
 16071  8572  628.70626   30 1339  635.60250  623.76576  1.86%  1137 56347s
 16774  9017  634.18221   32 1278  635.60250  623.76576  1.86%  1130 57704s
 17077  9017  630.28338   34 1318  635.60250  623.76576  1.86%  1126 57705s
 17485  9343  634.53361   42 1227  635.60250  623.76576  1.86%  1117 60007s
 17981  9632  628.18794   35 1303  635.60250  623.76576  1.86%  1109 62753s
 18483  9996  634.93153   54 1216  635.60250  623.76576  1.86%  1111 64591s
 18999 10135  631.19121   55 1176  635.60250  624.10877  1.81%  1109 67928s
 19215 11027  632.51535   38 1266  635.60250  624.54970  1.74%  1107 69102s
 20710 12268     cutoff   60       635.60250  624.55017  1.74%  1081 70405s
 22286 12783  633.88107   54 1186  635.60250  624.55017  1.74%  1050 72636s
 22978 13616     cutoff   66       635.60250  624.94979  1.68%  1038 74162s
H23184 13045                     635.3633228  624.94989  1.64%  1034 74163s
 24117 14380  630.80737   47 1217  635.36332  624.94989  1.64%  1017 75622s
H24544 14378                     635.3623690  624.94989  1.64%  1014 75622s
H24679 14227                     635.3150769  624.94989  1.63%  1011 75622s
 26073 15383 infeasible   29       635.31508  625.31839  1.57%   987 77671s
H26100 15357                     635.3085965  625.31839  1.57%   987 77671s
H26290 15337                     635.3036009  625.41273  1.56%   984 77671s
H26446 15253                     635.2854240  625.41273  1.55%   979 77671s
H26702 14517                     635.0965597  625.41273  1.52%   974 77671s
 27458 15742  634.44528   56 1132  635.09656  625.43774  1.52%   960 79815s
H27573 15742                     635.0965499  625.52686  1.51%   960 79815s
H27642 15732                     635.0942034  625.55211  1.50%   960 79815s
H27941 15651                     635.0679066  625.55211  1.50%   957 79815s
H29104 17500                     635.0679011  625.55211  1.50%   937 81727s
H29105 17479                     635.0622661  625.62826  1.49%   937 81727s
H29203 17450                     635.0566006  625.63748  1.48%   935 81727s
H29649 16451                     634.8742311  625.73674  1.44%   932 81727s
H30331 16439                     634.8718577  625.73674  1.44%   923 81727s
H31455 16400                     634.8632770  625.73674  1.44%   912 81727s
 31745 17243  633.94027  111 1109  634.86328  625.78359  1.43%   908 83551s
 33162 17922  632.43254   49 1199  634.86328  626.01822  1.39%   902 85523s
 34219 19440  630.67579   32 1338  634.86328  626.25297  1.36%   904 86621s
 36374 20409  631.11566   37 1286  634.86328  626.45232  1.32%   894 89252s
H37382 19949                     634.7927627  626.57442  1.29%   887 89252s
 37721 21714  632.35632   45 1238  634.79276  626.58427  1.29%   884 91116s
H37981 21402                     634.7491214  626.60519  1.28%   883 91116s
H40032 21369                     634.7467478  626.60519  1.28%   870 91117s
 40297 21772  629.34947   53 1228  634.74675  626.60519  1.28%   869 93684s
H40300 21772                     634.7467464  626.60519  1.28%   869 93684s
H40332 21772                     634.7467462  626.60519  1.28%   870 93684s
H40340 21591                     634.7225662  626.60519  1.28%   870 93684s
H40670 21578                     634.7208399  626.60519  1.28%   868 93684s
 40700 21578  630.23458   44 1255  634.72084  626.60519  1.28%   867 93685s
 40910 22951  630.32504   57 1187  634.72084  626.80130  1.25%   867 96128s
H41297 21135                     634.4898375  626.84346  1.21%   865 96128s
 43091 21388  628.11141   42 1285  634.48984  626.84346  1.21%   866 98758s
H43100 21345                     634.4860246  626.84346  1.20%   866 98759s
H43120 21317                     634.4832395  626.84346  1.20%   867 98759s
H43130 21305                     634.4819966  626.84346  1.20%   867 98759s
H43202 21133                     634.4656418  626.84346  1.20%   866 98759s
 43694 21575  631.51254   52 1213  634.46564  626.95096  1.18%   864 100896s
H43700 21575                     634.4656348  626.95096  1.18%   864 100896s
H43767 21575                     634.4656329  626.95096  1.18%   863 100896s
H43815 21575                     634.4656312  626.95096  1.18%   863 100896s
H43991 21575                     634.4656286  626.95096  1.18%   865 100896s
H44164 21575                     634.4656273  626.95096  1.18%   864 100896s
H44311 21564                     634.4647885  626.95096  1.18%   864 100896s
 44378 22448  630.20079   43 1193  634.46479  627.18251  1.15%   863 104017s
H44400 22448                     634.4647751  627.18251  1.15%   862 104018s
H44439 22448                     634.4647724  627.18400  1.15%   862 104018s
H44462 22448                     634.4647710  627.18400  1.15%   862 104018s
H44485 22448                     634.4647708  627.18400  1.15%   862 104018s
 45930 23955  632.48975   36 1320  634.46477  627.19018  1.15%   861 106962s
H46075 23955                     634.4647704  627.19018  1.15%   865 106962s
H46677 23955                     634.4647702  627.19018  1.15%   864 106962s
H47042 23955                     634.4647698  627.19018  1.15%   864 106963s
H47329 23955                     634.4647685  627.19018  1.15%   862 106963s
H48188 23955                     634.4647642  627.19018  1.15%   857 106963s
 48409 25505  632.79031   51 1322  634.46476  627.21389  1.14%   857 109634s
H48835 25505                     634.4647641  627.53112  1.09%   858 109634s
H49462 25505                     634.4647627  627.59800  1.08%   859 109634s
H49719 25505                     634.4647626  627.61327  1.08%   858 109634s
 50170 25505  632.19208   58 1142  634.46476  627.65158  1.07%   860 109635s
 51005 28274     cutoff   79       634.46476  627.74095  1.06%   858 112260s
 54764 29481  632.37054   57 1142  634.46476  627.84289  1.04%   838 114886s
H55508 29481                     634.4647622  627.84289  1.04%   837 114886s
 56657 31269  633.35378   53 1183  634.46476  628.00887  1.02%   833 117403s
H57371 31269                     634.4647621  628.09425  1.00%   831 117403s
 59416 34073  632.31377   62 1075  634.46476  628.13722  1.00%   822 121132s

Cutting planes:
  Learned: 68
  Gomory: 28
  Cover: 373
  Implied bound: 101
  Projected implied bound: 259
  Clique: 27
  MIR: 791
  Flow cover: 3653
  GUB cover: 20
  Inf proof: 1
  Zero half: 54
  RLT: 1901
  Relax-and-lift: 331

Explored 63547 nodes (51292391 simplex iterations) in 121134.63 seconds
Thread count was 32 (of 32 available processors)

Solution count 10: 634.465 634.465 634.465 ... 634.465

Optimal solution found (tolerance 1.00e-02)
Best objective 6.344647623203e+02, best bound 6.281590920005e+02, gap 0.9939%
