
Gurobi 9.1.0 (linux64) logging started Tue Aug 17 13:57:15 2021

Changed value of parameter LogFile to eab_parasitoid_0_1_area.log
   Prev:   Default: 
Changed value of parameter MIPGap to 0.01
   Prev: 0.0001  Min: 0.0  Max: inf  Default: 0.0001
Changed value of parameter Method to 2
   Prev: -1  Min: -1  Max: 5  Default: -1
Changed value of parameter MIPFocus to 2
   Prev: 0  Min: 0  Max: 3  Default: 0
Changed value of parameter RINS to 100
   Prev: -1  Min: -1  Max: 2000000000  Default: -1
Gurobi Optimizer version 9.1.0 build v9.1.0rc0 (linux64)
Thread count: 32 physical cores, 32 logical processors, using up to 32 threads
Optimize a model with 203386 rows, 134930 columns and 685029 nonzeros
Model fingerprint: 0xb32d151d
Variable types: 55774 continuous, 79156 integer (79156 binary)
Coefficient statistics:
  Matrix range     [2e-04, 1e+06]
  Objective range  [1e+00, 1e+00]
  Bounds range     [1e+00, 6e+03]
  RHS range        [1e-04, 1e+06]
Presolve removed 182341 rows and 119107 columns (presolve time = 6s) ...
Presolve removed 185924 rows and 121000 columns (presolve time = 11s) ...
Presolve removed 192567 rows and 126303 columns (presolve time = 15s) ...
Presolve removed 194365 rows and 127662 columns (presolve time = 20s) ...
Presolve removed 196276 rows and 129087 columns (presolve time = 25s) ...
Presolve removed 197708 rows and 130017 columns (presolve time = 30s) ...
Presolve removed 197731 rows and 130039 columns
Presolve time: 31.75s
Presolved: 5655 rows, 4891 columns, 80006 nonzeros
Variable types: 1829 continuous, 3062 integer (3062 binary)
Presolve removed 37 rows and 24 columns
Presolved: 5618 rows, 4867 columns, 78919 nonzeros

Root barrier log...

Ordering time: 0.68s

Barrier statistics:
 Dense cols : 77
 AA' NZ     : 2.924e+05
 Factor NZ  : 1.178e+06 (roughly 14 MBytes of memory)
 Factor Ops : 7.514e+08 (less than 1 second per iteration)
 Threads    : 31

                  Objective                Residual
Iter       Primal          Dual         Primal    Dual     Compl     Time
   0   1.58894098e+04 -2.56845806e+04  1.40e+04 7.40e-01  1.46e+02    35s
   1   1.12136191e+04 -3.02100479e+04  9.38e+03 9.96e-01  9.48e+01    35s
   2   1.60263666e+03 -3.05772197e+04  5.66e+02 2.66e-14  7.72e+00    35s
   3   9.34365499e+02 -1.57040331e+04  1.78e+01 6.39e-14  1.22e+00    36s
   4   8.88974512e+02 -1.09637393e+03  1.48e-03 6.66e-13  1.31e-01    36s
   5   7.92553144e+02  4.55170381e+02  1.85e-05 6.88e-14  2.22e-02    37s
   6   7.66850023e+02  5.90170769e+02  3.53e-06 3.51e-14  1.17e-02    38s
   7   7.61344208e+02  6.23603537e+02  1.95e-06 2.80e-14  9.08e-03    38s
   8   7.57143161e+02  6.68339997e+02  8.62e-07 1.80e-14  5.86e-03    39s
   9   7.55773289e+02  6.97604183e+02  4.63e-07 1.20e-14  3.84e-03    39s
  10   7.55032993e+02  7.12003898e+02  2.60e-07 8.55e-15  2.84e-03    39s
  11   7.54527586e+02  7.30937893e+02  1.21e-07 4.72e-15  1.56e-03    40s
  12   7.54261027e+02  7.45509517e+02  5.76e-08 1.61e-15  5.77e-04    40s
  13   7.54165878e+02  7.51655536e+02  3.24e-08 8.88e-16  1.66e-04    41s
  14   7.54092939e+02  7.52720678e+02  1.15e-08 4.44e-16  9.05e-05    41s
  15   7.54057567e+02  7.53062143e+02  2.49e-09 8.88e-16  6.56e-05    42s
  16   7.54043627e+02  7.53698621e+02  7.43e-10 8.88e-16  2.28e-05    42s
  17   7.54041603e+02  7.53859073e+02  5.69e-10 8.88e-16  1.20e-05    43s
  18   7.54039893e+02  7.53987573e+02  1.18e-10 8.88e-16  3.45e-06    43s
  19   7.54038104e+02  7.54031458e+02  5.26e-12 8.88e-16  4.38e-07    43s
  20   7.54038002e+02  7.54037995e+02  4.74e-12 8.88e-16  4.48e-10    44s
  21   7.54038002e+02  7.54038002e+02  1.10e-11 8.88e-16  4.39e-13    45s

Barrier solved model in 21 iterations and 44.65 seconds
Optimal objective 7.54038002e+02


Root crossover log...

      85 DPushes remaining with DInf 0.0000000e+00                45s
       0 DPushes remaining with DInf 0.0000000e+00                45s

    4331 PPushes remaining with PInf 0.0000000e+00                45s
       0 PPushes remaining with PInf 0.0000000e+00                45s

  Push phase complete: Pinf 0.0000000e+00, Dinf 0.0000000e+00     45s


Root simplex log...

Iteration    Objective       Primal Inf.    Dual Inf.      Time
    4340    7.5403800e+02   0.000000e+00   0.000000e+00     45s
    4340    7.5403800e+02   0.000000e+00   0.000000e+00     45s

Root relaxation: objective 7.540380e+02, 4340 iterations, 12.39 seconds
Total elapsed time = 47.35s

    Nodes    |    Current Node    |     Objective Bounds      |     Work
 Expl Unexpl |  Obj  Depth IntInf | Incumbent    BestBd   Gap | It/Node Time

     0     0  754.03800    0  175          -  754.03800      -     -   49s
     0     0  754.08509    0  558          -  754.08509      -     -   54s
     0     0  754.08509    0  540          -  754.08509      -     -   55s
     0     0  754.25148    0  740          -  754.25148      -     -   67s
     0     0  754.29940    0  758          -  754.29940      -     -   69s
     0     0  754.30288    0  754          -  754.30288      -     -   70s
     0     0  754.30295    0  759          -  754.30295      -     -   70s
     0     0  755.16452    0  847          -  755.16452      -     -   79s
     0     0  755.16452    0  829          -  755.16452      -     -   86s
     0     0  755.31331    0  842          -  755.31331      -     -   88s
     0     0  755.31331    0  836          -  755.31331      -     -   89s
     0     0  755.31331    0  834          -  755.31331      -     -   90s
     0     0  756.11979    0  804          -  756.11979      -     -  102s
     0     0  756.11979    0  826          -  756.11979      -     -  106s
     0     0  756.11979    0  821          -  756.11979      -     -  107s
     0     0  756.11979    0  834          -  756.11979      -     -  107s
     0     0  756.11979    0  835          -  756.11979      -     -  118s
H    0     0                     852.5961983  756.11979  11.3%     -  121s
     0     0  756.11979    0  837  852.59620  756.11979  11.3%     -  121s
H    0     0                     849.5794040  756.11979  11.0%     -  123s
     0     0  756.11979    0  851  849.57940  756.11979  11.0%     -  123s
     0     0  756.11979    0  838  849.57940  756.11979  11.0%     -  124s
     0     0  756.11979    0  868  849.57940  756.11979  11.0%     -  141s
     0     0  756.11979    0  848  849.57940  756.11979  11.0%     -  147s
     0     0  756.11979    0  847  849.57940  756.11979  11.0%     -  148s
     0     0  756.11979    0  857  849.57940  756.11979  11.0%     -  148s
     0     0  756.11979    0  856  849.57940  756.11979  11.0%     -  149s
     0     0  756.11979    0  830  849.57940  756.11979  11.0%     -  167s
     0     0  756.11979    0  842  849.57940  756.11979  11.0%     -  171s
     0     0  756.11979    0  840  849.57940  756.11979  11.0%     -  173s
     0     0  756.11979    0  858  849.57940  756.11979  11.0%     -  174s
     0     0  756.11979    0  860  849.57940  756.11979  11.0%     -  175s
H    0     0                     804.3215958  756.11979  5.99%     -  187s
H    0     0                     803.3123909  756.11979  5.87%     -  187s
     0     0  756.11979    0  846  803.31239  756.11979  5.87%     -  188s
     0     0  756.11979    0  836  803.31239  756.11979  5.87%     -  192s
     0     0  756.11979    0  843  803.31239  756.11979  5.87%     -  194s
     0     0  756.11979    0  857  803.31239  756.11979  5.87%     -  195s
     0     0  756.11979    0  856  803.31239  756.11979  5.87%     -  196s
     0     0  758.08421    0  806  803.31239  758.08421  5.63%     -  225s
     0     0  758.08421    0  829  803.31239  758.08421  5.63%     -  236s
     0     0  758.08421    0  816  803.31239  758.08421  5.63%     -  240s
     0     0  758.08421    0  809  803.31239  758.08421  5.63%     -  244s
     0     0  758.08421    0  824  803.31239  758.08421  5.63%     -  249s
     0     0  758.08421    0  810  803.31239  758.08421  5.63%     -  277s
     0     0  758.08421    0  837  803.31239  758.08421  5.63%     -  287s
     0     0  759.07255    0  841  803.31239  759.07255  5.51%     -  290s
     0     0  759.07255    0  837  803.31239  759.07255  5.51%     -  309s
     0     0  760.07626    0  796  803.31239  760.07626  5.38%     -  323s
     0     2  760.07626    0  793  803.31239  760.07626  5.38%     -  377s
     1     2 infeasible    1       803.31239  760.07626  5.38%   216  384s
     3     2  760.07626    2  789  803.31239  760.07626  5.38%  1223  399s
     5     2 infeasible    3       803.31239  760.07626  5.38%  2302  417s
     7     4  760.07626    4  819  803.31239  760.07626  5.38%  2276  428s
     9     4 infeasible    5       803.31239  760.07626  5.38%  2477  451s
    13     6  760.07626    6  827  803.31239  760.07626  5.38%  2415  462s
    17     6 infeasible    7       803.31239  760.07626  5.38%  2220  476s
    23     6  761.22016    8  668  803.31239  760.34597  5.35%  2111  741s
    29     6 infeasible    9       803.31239  761.29232  5.23%  2416 1005s
    35     6  762.77860   10  705  803.31239  762.04617  5.14%  3090 1034s
    41     8 infeasible   11       803.31239  762.77860  5.05%  3157 1042s
    47    10  764.56774   12  674  803.31239  763.66940  4.93%  3165 1060s
    55    10 infeasible   13       803.31239  764.56774  4.82%  3466 1114s
    65    12  766.38283   14  642  803.31239  765.44714  4.71%  3371 1190s
    75     6 infeasible   15       803.31239  766.12451  4.63%  3421 1291s
    87     8  768.23192   16  638  803.31239  767.26958  4.49%  3243 1342s
    93    14 infeasible   17       803.31239  768.23192  4.37%  3372 1436s
   101    26  770.15719   18  613  803.31239  769.19034  4.25%  3540 2391s
   115    42  771.58174   19  660  803.31239  769.81059  4.17%  3769 2466s
H  117    42                     802.3043896  769.81059  4.05%  3751 2466s
   141    62  771.98683   20  655  802.30439  770.15042  4.01%  3761 2801s
   173    89  772.86264   21  665  802.30439  770.15046  4.01%  3579 2878s
   206   111 infeasible   22       802.30439  770.15046  4.01%  3412 3027s
H  208   111                     801.2968119  770.15046  3.89%  3398 3027s
H  208   111                     798.2734570  770.15046  3.52%  3398 3027s
H  216   111                     796.2725620  770.15046  3.28%  3514 3027s
H  233   111                     795.2562140  770.24256  3.15%  3622 3027s
   238   132  773.18847   22  661  795.25621  770.24256  3.15%  3627 3310s
   277   161  773.43394   21  660  795.25621  770.24256  3.15%  3598 4095s
H  278   161                     793.2476418  770.24256  2.90%  3585 4095s
H  307   161                     793.2465631  770.24256  2.90%  3345 4095s
   310   196  773.60035   22  683  793.24656  770.24256  2.90%  3331 4953s
   361   263  774.52360   23  667  793.24656  770.24256  2.90%  3119 5062s
   440   287  776.34165   25  694  793.24656  770.24256  2.90%  2713 5122s
H  447   287                     792.2453389  770.24256  2.78%  2679 5122s
H  453   287                     792.2446170  770.24256  2.78%  2650 5122s
H  455   287                     791.2407721  770.24256  2.65%  2639 5122s
   472   344  777.30897   26  681  791.24077  770.24256  2.65%  2574 6136s
   545   415 infeasible   26       791.24077  770.24256  2.65%  2435 6343s
   634   492  775.67820   25  733  791.24077  770.24256  2.65%  2201 7531s
H  723   570                     790.2316856  770.24256  2.53%  2031 8226s
H  732   570                     788.2255571  770.24256  2.28%  2015 8226s
H  806   570                     788.2242464  770.24256  2.28%  1888 8226s
   821   678  779.28669   28  685  788.22425  770.24256  2.28%  1872 8762s
   949   783  780.25907   29  664  788.22425  770.24256  2.28%  1775 9338s
  1074   888  780.67074   30  656  788.22425  770.24256  2.28%  1672 10046s
H 1078   888                     788.2182613  770.24256  2.28%  1682 10046s
H 1095   888                     787.2207305  770.24256  2.16%  1662 10046s
H 1114   888                     787.2156765  770.24256  2.16%  1645 10046s
H 1163   888                     787.2140972  770.24256  2.16%  1603 10046s
  1203  1001  779.34708   29  703  787.21410  770.24256  2.16%  1566 10506s
  1345  1140 infeasible   30       787.21410  770.24256  2.16%  1498 10971s
H 1383  1140                     785.1974255  770.24256  1.90%  1464 10971s
H 1513  1159                     782.1777991  770.24256  1.53%  1386 11357s
  1548  1339 infeasible   30       782.17780  770.24256  1.53%  1377 12319s
  1766  1529  781.48825   31  636  782.17780  770.24256  1.53%  1282 12699s
  1997  1567     cutoff   31       782.17780  770.24256  1.53%  1178 12934s
H 2042  1567                     782.1759483  770.24256  1.53%  1180 12934s
H 2044  1567                     781.1721034  770.24256  1.40%  1180 12934s
  2067  1823     cutoff   32       781.17210  770.30603  1.39%  1170 13192s
  2354  2096  772.12817   52  543  781.17210  770.30603  1.39%  1080 13527s
  2675  2360  772.12817   67  479  781.17210  770.30603  1.39%  1010 14287s
  2979  2361  773.13472   26  796  781.17210  770.30603  1.39%   950 17001s
  2981  2362  772.12817   81  190  781.17210  770.30603  1.39%   950 17010s
  2982  2363  772.12817   62  531  781.17210  770.30603  1.39%   949 17018s
  2984  2364  771.12433   52  734  781.17210  770.30603  1.39%   949 17021s
  2986  2366  773.12948   77  716  781.17210  770.30603  1.39%   948 17026s
  2987  2366  771.12707  106  714  781.17210  770.30603  1.39%   948 17053s
  2988  2367  772.12817   86  712  781.17210  770.30603  1.39%   947 17062s
  2989  2368  771.16974   42  712  781.17210  770.30603  1.39%   947 17071s
  2990  2371  770.30603   11  689  781.17210  770.30603  1.39%   954 17110s
  2992  2371 infeasible   12       781.17210  770.30603  1.39%   954 17207s
  2996  2369  770.30603   13  779  781.17210  770.30603  1.39%   956 17345s
  3000  2370 infeasible   14       781.17210  770.30603  1.39%   957 17481s
  3004  2369  770.30603   15  770  781.17210  770.30603  1.39%   958 17496s
  3010  2365 infeasible   16       781.17210  770.30603  1.39%   962 17511s
  3016  2363  770.30603   17  774  781.17210  770.30603  1.39%   964 17523s
  3020  2365  770.30603   18  742  781.17210  770.30603  1.39%   969 17542s
  3024  2372  770.30603   19  725  781.17210  770.30603  1.39%   969 17566s
  3032  2361 infeasible   20       781.17210  770.30603  1.39%   971 17667s
  3048  2356  770.30603   21  699  781.17210  770.30603  1.39%   985 17721s
  3056  2353 infeasible   22       781.17210  770.30603  1.39%   991 17743s
  3064  2351  770.30603   23  644  781.17210  770.30603  1.39%   996 17757s
  3072  2348 infeasible   24       781.17210  770.30603  1.39%  1000 17831s
  3080  2353  770.30603   25  588  781.17210  770.30603  1.39%  1008 17841s
  3088  2367  770.30603   26  626  781.17210  770.30603  1.39%  1008 17861s
  3104  2393  770.30603   27  655  781.17210  770.30603  1.39%  1010 17889s
  3136  2415  770.30603   28  679  781.17210  770.30603  1.39%  1010 17898s
  3168  2450  770.30603   29  667  781.17210  770.30603  1.39%  1009 17909s
  3214  2488  770.30603   30  681  781.17210  770.30603  1.39%  1003 17918s
  3267  2526  770.30603   32  647  781.17210  770.30603  1.39%   994 17930s
  3323  2539  770.30603   34  630  781.17210  770.30603  1.39%   989 17969s
  3355  2601  770.30603   35  643  781.17210  770.30603  1.39%   986 17998s
  3431  2596  770.30603   36  641  781.17210  770.30603  1.39%   979 18119s
H 3434  2476                     780.1708792  770.30603  1.26%   981 18119s
H 3441  2361                     780.1686394  770.30603  1.26%   985 18119s
  3466  2380  770.30603   37  649  780.16864  770.30603  1.26%   993 18175s
  3527  2426  770.45609   38  646  780.16864  770.30603  1.26%   999 18204s
  3602  2487  772.44073   41  625  780.16864  770.30603  1.26%  1000 18278s
  3700  2480 infeasible   45       780.16864  770.30603  1.26%   994 18316s
  3737  2542  774.21556   45  597  780.16864  770.30603  1.26%   992 18337s
  3818  2613  775.17644   47  556  780.16864  770.30603  1.26%   994 18386s
  3926  2665  776.14638   50  494  780.16864  770.30603  1.26%   989 18457s
  4022  2729  776.14638   51  491  780.16864  770.30603  1.26%  1003 18531s
  4134  2768  776.14638   53  465  780.16864  770.30603  1.26%  1001 18821s
  4223  2806  776.14936   59  655  780.16864  770.30603  1.26%  1008 18944s
  4320  2846 infeasible   60       780.16864  770.30603  1.26%  1012 19294s
  4430  2832  777.15433   62  561  780.16864  770.30603  1.26%  1034 19366s
  4475  2879  postponed   63       780.16864  770.30603  1.26%  1042 19431s
  4559  2895     cutoff   64       780.16864  770.30603  1.26%  1058 19568s
  4650  2932  778.17810   64  563  780.16864  770.30603  1.26%  1081 19730s
  4770  2951  770.30603   29  638  780.16864  770.30603  1.26%  1094 20068s
  4872  3005  771.14860   31  575  780.16864  770.30603  1.26%  1112 20177s
  4988  3027  772.13088   33  400  780.16864  770.30603  1.26%  1126 20335s
  5120  3059  772.13088   36  411  780.16864  770.30603  1.26%  1136 20388s
  5242  3118  772.16430   39  552  780.16864  770.30603  1.26%  1157 20421s
  5392  3163  773.14024   41  495  780.16864  770.30603  1.26%  1168 20446s
  5527  3223  773.14024   44  465  780.16864  770.30603  1.26%  1184 20491s
  5671  3180 infeasible   48       780.16864  770.30603  1.26%  1209 20508s
  5727  3239 infeasible   48       780.16864  770.30603  1.26%  1219 20565s
  5858  3271  773.14134   47  568  780.16864  770.30603  1.26%  1243 20902s
  5994  3337  773.14024   46  437  780.16864  770.30603  1.26%  1267 21167s
  6143  3389 infeasible   50       780.16864  770.30603  1.26%  1285 21291s
  6313  3436 infeasible   50       780.16864  770.30603  1.26%  1300 21468s
  6467  3481 infeasible   50       780.16864  770.30603  1.26%  1329 21764s
  6658  3522 infeasible   48       780.16864  770.30603  1.26%  1346 22035s
  6808  3529  770.30603   30  637  780.16864  770.30603  1.26%  1371 22232s
  6893  3555  771.14997   31  577  780.16864  770.30603  1.26%  1388 22275s
  7039  3607  772.13088   33  522  780.16864  770.30603  1.26%  1410 22296s
  7219  3654  773.13472   36  521  780.16864  770.30603  1.26%  1434 22316s
  7383  3753  773.13472   37  552  780.16864  770.30603  1.26%  1456 22627s
  7600  3734 infeasible   41       780.16864  770.30603  1.26%  1476 23131s
  7691  3815  774.37289   42  560  780.16864  770.30603  1.26%  1495 23386s
H 7735  3339                     778.1554271  770.30603  1.01%  1496 23386s
  7885  3436  777.16008   47  443  778.15543  770.30603  1.01%  1514 24746s
  8131  3427 infeasible   50       778.15543  770.30603  1.01%  1541 24917s
  8246  3522  770.30603   29  623  778.15543  770.30603  1.01%  1556 25046s
  8475  3586  772.13088   33  463  778.15543  770.30603  1.01%  1577 25282s
  8702  3658  773.18639   38  639  778.15543  770.30603  1.01%  1597 25518s
  8975  3695  774.17231   40  570  778.15543  770.30603  1.01%  1608 25680s
  9204  3776 infeasible   42       778.15543  770.30603  1.01%  1625 25784s
  9398  3893  773.13903   37  440  778.15543  770.30603  1.01%  1629 25878s
  9597  4069  773.13903   43  518  778.15543  770.30603  1.01%  1643 25951s
  9839  4181 infeasible   50       778.15543  770.30603  1.01%  1647 26643s
 10049  4418  775.89311   51  522  778.15543  770.30603  1.01%  1670 27192s
 10445  4583  773.13883   33  470  778.15543  770.30603  1.01%  1671 27733s
 10736  4772  774.17566   41  536  778.15543  770.30603  1.01%  1694 28361s
 11042  4885     cutoff   47       778.15543  770.30603  1.01%  1716 28710s
 11376  5033  775.14842   38  542  778.15543  770.30603  1.01%  1726 28965s
 11660  5167  777.14900   51  328  778.15543  770.30603  1.01%  1738 29340s
 11957  5398  778.15470   65  340  778.15543  770.30603  1.01%  1763 29806s
 12302  5605  774.60734   50  622  778.15543  770.30603  1.01%  1781 30168s
 12702  5773  774.15303   40  554  778.15543  770.30603  1.01%  1797 30532s
 13084  6058 infeasible   51       778.15543  770.30603  1.01%  1808 31183s
 13544  6301  773.31974   39  632  778.15543  770.30603  1.01%  1824 31667s
 14002  6575  774.14484   37  490  778.15543  770.30603  1.01%  1831 32143s
 14447  6857     cutoff   45       778.15543  770.30603  1.01%  1845 32473s
 15002  7129  777.19222   51  545  778.15543  770.30603  1.01%  1845 32578s
 15490  7371     cutoff   54       778.15543  770.30603  1.01%  1849 32813s
 15966  7385  774.34166   34  730  778.15543  770.30603  1.01%  1856 33696s
H15980  6668                     777.1542028  770.30603  0.88%  1860 33696s

Cutting planes:
  Learned: 17
  Gomory: 45
  Cover: 186
  Implied bound: 165
  Projected implied bound: 27
  Clique: 17
  MIR: 951
  StrongCG: 3
  Flow cover: 2605
  GUB cover: 5
  Zero half: 17
  RLT: 1700
  Relax-and-lift: 117

Explored 16036 nodes (29992903 simplex iterations) in 33697.51 seconds
Thread count was 32 (of 32 available processors)

Solution count 10: 777.154 778.155 780.169 ... 787.216

Optimal solution found (tolerance 1.00e-02)
Best objective 7.771542028415e+02, best bound 7.703060251294e+02, gap 0.8812%

Gurobi 9.1.0 (linux64) logging started Fri Aug 20 12:47:45 2021

Changed value of parameter LogFile to eab_parasitoid_0_1_area.log
   Prev:   Default: 
Changed value of parameter MIPGap to 0.01
   Prev: 0.0001  Min: 0.0  Max: inf  Default: 0.0001
Changed value of parameter Method to 2
   Prev: -1  Min: -1  Max: 5  Default: -1
Changed value of parameter MIPFocus to 2
   Prev: 0  Min: 0  Max: 3  Default: 0
Changed value of parameter RINS to 100
   Prev: -1  Min: -1  Max: 2000000000  Default: -1
Changed value of parameter SolutionLimit to 1
   Prev: 2000000000  Min: 1  Max: 2000000000  Default: 2000000000
Gurobi Optimizer version 9.1.0 build v9.1.0rc0 (linux64)
Thread count: 32 physical cores, 32 logical processors, using up to 32 threads
Optimize a model with 203386 rows, 134930 columns and 685029 nonzeros
Model fingerprint: 0x0d793df5
Variable types: 55774 continuous, 79156 integer (79156 binary)
Coefficient statistics:
  Matrix range     [2e-04, 1e+06]
  Objective range  [1e+00, 1e+00]
  Bounds range     [1e+00, 6e+03]
  RHS range        [1e-04, 1e+06]

User MIP start produced solution with objective 777.223 (1.47s)
Loaded user MIP start with objective 777.223
Processed MIP start in 1.48 seconds


Explored 0 nodes (0 simplex iterations) in 1.49 seconds
Thread count was 1 (of 32 available processors)

Solution count 2: 777.223 

Solution limit reached
Warning: max constraint violation (3.6524e-06) exceeds tolerance
Best objective 7.772227639798e+02, best bound -, gap -
