
Gurobi 9.1.0 (linux64) logging started Fri Aug  6 16:23:12 2021

Changed value of parameter LogFile to eab_parasitoid_2_1_0.6_bud.log
   Prev:   Default: 
Changed value of parameter MIPGap to 0.01
   Prev: 0.0001  Min: 0.0  Max: inf  Default: 0.0001
Changed value of parameter Method to 2
   Prev: -1  Min: -1  Max: 5  Default: -1
Changed value of parameter MIPFocus to 2
   Prev: 0  Min: 0  Max: 3  Default: 0
Changed value of parameter RINS to 100
   Prev: -1  Min: -1  Max: 2000000000  Default: -1
Gurobi Optimizer version 9.1.0 build v9.1.0rc0 (linux64)
Thread count: 32 physical cores, 32 logical processors, using up to 32 threads
Optimize a model with 203396 rows, 134935 columns and 685039 nonzeros
Model fingerprint: 0xc716aa74
Variable types: 55779 continuous, 79156 integer (79156 binary)
Coefficient statistics:
  Matrix range     [1e-04, 1e+05]
  Objective range  [1e-06, 1e-01]
  Bounds range     [1e+00, 6e+03]
  RHS range        [1e-04, 1e+05]
Presolve removed 182817 rows and 116706 columns (presolve time = 5s) ...
Presolve removed 192767 rows and 126084 columns (presolve time = 10s) ...
Presolve removed 193214 rows and 126425 columns
Presolve time: 15.23s
Presolved: 10182 rows, 8510 columns, 127298 nonzeros
Variable types: 3601 continuous, 4909 integer (4908 binary)
Presolve removed 70 rows and 63 columns
Presolved: 10112 rows, 8447 columns, 126888 nonzeros

Root barrier log...

Ordering time: 0.50s

Barrier statistics:
 Dense cols : 124
 AA' NZ     : 5.450e+05
 Factor NZ  : 2.592e+06 (roughly 30 MBytes of memory)
 Factor Ops : 2.074e+09 (less than 1 second per iteration)
 Threads    : 31

                  Objective                Residual
Iter       Primal          Dual         Primal    Dual     Compl     Time
   0   2.45827513e+03 -1.61481549e+04  5.75e+04 2.19e-01  7.56e+01    17s
   1   1.89250558e+03 -1.88478498e+04  3.81e+04 2.77e-01  4.97e+01    17s
   2   7.85877361e+02 -1.75086537e+04  5.93e+03 6.25e-03  8.33e+00    18s
   3   5.15948465e+02 -1.12623850e+04  6.43e+02 3.46e-14  1.18e+00    18s
   4   4.32118307e+02 -7.84148133e+03  1.24e+02 1.77e-14  4.43e-01    18s
   5   3.99931562e+02 -3.25828178e+03  1.23e+01 7.71e-15  1.53e-01    18s
   6   3.84607536e+02 -3.09057225e+02  2.66e+00 3.33e-15  2.75e-02    18s
   7   3.76173882e+02  2.47461482e+02  4.86e-01 1.38e-15  4.98e-03    18s
   8   3.71395316e+02  3.44480071e+02  7.40e-02 1.33e-15  1.03e-03    18s
   9   3.70076054e+02  3.62286659e+02  2.93e-02 4.95e-16  2.97e-04    19s
  10   3.69159160e+02  3.65410960e+02  3.77e-03 2.17e-16  1.42e-04    19s
  11   3.68896699e+02  3.67207768e+02  8.55e-05 4.44e-16  6.42e-05    19s
  12   3.68646467e+02  3.67829939e+02  3.67e-05 2.22e-16  3.10e-05    19s
  13   3.68562429e+02  3.68260750e+02  2.10e-05 2.22e-16  1.15e-05    19s
  14   3.68468654e+02  3.68378565e+02  4.17e-06 1.11e-16  3.42e-06    20s
  15   3.68450651e+02  3.68419830e+02  1.49e-06 1.11e-16  1.17e-06    20s
  16   3.68446332e+02  3.68428889e+02  9.08e-07 2.22e-16  6.62e-07    20s
  17   3.68442455e+02  3.68435235e+02  3.87e-07 2.22e-16  2.74e-07    20s
  18   3.68440753e+02  3.68438039e+02  1.60e-07 2.22e-16  1.03e-07    20s
  19   3.68439838e+02  3.68438988e+02  3.69e-08 2.22e-16  3.23e-08    20s
  20   3.68439598e+02  3.68439437e+02  5.71e-09 3.33e-16  6.13e-09    21s
  21   3.68439573e+02  3.68439514e+02  2.72e-09 2.22e-16  2.21e-09    21s
  22   3.68439554e+02  3.68439536e+02  6.44e-10 2.22e-16  6.93e-10    21s
  23   3.68439549e+02  3.68439546e+02  9.99e-11 8.39e-13  1.14e-10    21s
  24   3.68439549e+02  3.68439548e+02  3.00e-11 4.78e-13  1.37e-11    21s

Barrier solved model in 24 iterations and 21.12 seconds
Optimal objective 3.68439549e+02


Root crossover log...

     789 DPushes remaining with DInf 0.0000000e+00                21s
       0 DPushes remaining with DInf 0.0000000e+00                21s

    3945 PPushes remaining with PInf 5.7135647e-06                21s
       0 PPushes remaining with PInf 0.0000000e+00                21s

  Push phase complete: Pinf 0.0000000e+00, Dinf 5.9193097e-01     21s


Root simplex log...

Iteration    Objective       Primal Inf.    Dual Inf.      Time
    4526    3.6843955e+02   0.000000e+00   5.919310e-01     21s
    4549    3.6843955e+02   0.000000e+00   0.000000e+00     21s
    4549    3.6843955e+02   0.000000e+00   0.000000e+00     21s

Root relaxation: objective 3.684395e+02, 4549 iterations, 5.83 seconds

    Nodes    |    Current Node    |     Objective Bounds      |     Work
 Expl Unexpl |  Obj  Depth IntInf | Incumbent    BestBd   Gap | It/Node Time

     0     0  368.44140    0 1521          -  368.44140      -     -   22s
H    0     0                     410.1218502  368.44140  10.2%     -   24s
H    0     0                     410.1205719  368.44140  10.2%     -   24s
     0     0  370.42210    0 1552  410.12057  370.42210  9.68%     -   26s
H    0     0                     409.4831373  370.42210  9.54%     -   28s
H    0     0                     389.0355263  370.42210  4.78%     -   28s
     0     0  370.66160    0 1520  389.03553  370.66160  4.72%     -   28s
     0     0  370.67494    0 1592  389.03553  370.67494  4.72%     -   28s
     0     0  370.67559    0 1553  389.03553  370.67559  4.72%     -   28s
     0     0  370.67559    0 1553  389.03553  370.67559  4.72%     -   28s
     0     0  371.94735    0 1591  389.03553  371.94735  4.39%     -   32s
H    0     0                     379.5870523  371.94735  2.01%     -   35s
     0     0  372.22561    0 1576  379.58705  372.22561  1.94%     -   35s
     0     0  372.25038    0 1579  379.58705  372.25038  1.93%     -   36s
     0     0  372.25155    0 1591  379.58705  372.25155  1.93%     -   36s
H    0     0                     379.2477358  372.25155  1.84%     -   37s
H    0     0                     375.8421532  372.25155  0.96%     -   38s
     0     0  372.45637    0 1554  375.84215  372.45637  0.90%     -   38s

Cutting planes:
  Learned: 51
  Gomory: 5
  Cover: 81
  Implied bound: 224
  Projected implied bound: 55
  Clique: 25
  MIR: 320
  Flow cover: 1108
  GUB cover: 6
  Zero half: 6
  RLT: 372
  Relax-and-lift: 80

Explored 1 nodes (14616 simplex iterations) in 38.83 seconds
Thread count was 32 (of 32 available processors)

Solution count 7: 375.842 379.248 379.587 ... 410.122

Optimal solution found (tolerance 1.00e-02)
Warning: max constraint violation (4.7836e-06) exceeds tolerance
Best objective 3.758421532191e+02, best bound 3.724563662062e+02, gap 0.9009%

Gurobi 9.1.0 (linux64) logging started Thu Aug 19 21:50:22 2021

Changed value of parameter LogFile to eab_parasitoid_2_1_0.6_bud.log
   Prev:   Default: 
Changed value of parameter MIPGap to 0.01
   Prev: 0.0001  Min: 0.0  Max: inf  Default: 0.0001
Changed value of parameter Method to 2
   Prev: -1  Min: -1  Max: 5  Default: -1
Changed value of parameter MIPFocus to 2
   Prev: 0  Min: 0  Max: 3  Default: 0
Changed value of parameter RINS to 100
   Prev: -1  Min: -1  Max: 2000000000  Default: -1
Changed value of parameter SolutionLimit to 1
   Prev: 2000000000  Min: 1  Max: 2000000000  Default: 2000000000
Gurobi Optimizer version 9.1.0 build v9.1.0rc0 (linux64)
Thread count: 32 physical cores, 32 logical processors, using up to 32 threads
Optimize a model with 203396 rows, 134935 columns and 685039 nonzeros
Model fingerprint: 0x6dd85a91
Variable types: 55779 continuous, 79156 integer (79156 binary)
Coefficient statistics:
  Matrix range     [1e-04, 1e+05]
  Objective range  [1e-06, 1e-01]
  Bounds range     [1e+00, 6e+03]
  RHS range        [1e-04, 1e+05]

User MIP start produced solution with objective 383.147 (4.69s)
User MIP start produced solution with objective 383.139 (4.73s)
User MIP start produced solution with objective 377.161 (6.86s)
User MIP start produced solution with objective 377.149 (6.88s)
User MIP start did not produce a new incumbent solution
Processed MIP start in 6.96 seconds


Explored 0 nodes (0 simplex iterations) in 6.98 seconds
Thread count was 1 (of 32 available processors)

Solution count 4: 377.149 

Solution limit reached
Best objective 3.771488288112e+02, best bound -, gap -
