
Gurobi 9.1.0 (linux64) logging started Thu Aug  5 03:00:37 2021

Changed value of parameter LogFile to eab_parasitoid_fastdisp_fastgrowth_1_1.log
   Prev:   Default: 
Changed value of parameter MIPGap to 0.01
   Prev: 0.0001  Min: 0.0  Max: inf  Default: 0.0001
Changed value of parameter Method to 2
   Prev: -1  Min: -1  Max: 5  Default: -1
Changed value of parameter MIPFocus to 2
   Prev: 0  Min: 0  Max: 3  Default: 0
Changed value of parameter RINS to 100
   Prev: -1  Min: -1  Max: 2000000000  Default: -1
Gurobi Optimizer version 9.1.0 build v9.1.0rc0 (linux64)
Thread count: 32 physical cores, 32 logical processors, using up to 32 threads
Optimize a model with 196148 rows, 134930 columns and 678180 nonzeros
Model fingerprint: 0xfd67f956
Variable types: 55774 continuous, 79156 integer (79156 binary)
Coefficient statistics:
  Matrix range     [2e-04, 6e+05]
  Objective range  [1e-06, 1e-01]
  Bounds range     [1e+00, 6e+03]
  RHS range        [1e-04, 6e+05]
Presolve removed 121446 rows and 72571 columns (presolve time = 5s) ...
Presolve removed 138217 rows and 77617 columns (presolve time = 10s) ...
Presolve removed 139438 rows and 85737 columns (presolve time = 15s) ...
Presolve removed 147480 rows and 88110 columns (presolve time = 22s) ...
Presolve removed 159643 rows and 100000 columns (presolve time = 26s) ...
Presolve removed 164947 rows and 103927 columns (presolve time = 30s) ...
Presolve removed 166461 rows and 105339 columns (presolve time = 35s) ...
Presolve removed 166593 rows and 105472 columns (presolve time = 41s) ...
Presolve removed 166639 rows and 105475 columns (presolve time = 45s) ...
Presolve removed 167125 rows and 105852 columns (presolve time = 51s) ...
Presolve removed 167277 rows and 105984 columns (presolve time = 56s) ...
Presolve removed 167526 rows and 106137 columns (presolve time = 60s) ...
Presolve removed 167546 rows and 106167 columns (presolve time = 65s) ...
Presolve removed 167546 rows and 106167 columns
Presolve time: 65.39s
Presolved: 28602 rows, 28763 columns, 229351 nonzeros
Variable types: 4278 continuous, 24485 integer (24483 binary)
Presolve removed 1182 rows and 1178 columns
Presolved: 27420 rows, 27585 columns, 228124 nonzeros

Root barrier log...

Ordering time: 3.84s

Barrier statistics:
 Dense cols : 104
 AA' NZ     : 9.713e+05
 Factor NZ  : 6.078e+06 (roughly 70 MBytes of memory)
 Factor Ops : 6.464e+09 (less than 1 second per iteration)
 Threads    : 31

                  Objective                Residual
Iter       Primal          Dual         Primal    Dual     Compl     Time
   0   5.56340555e+03 -6.82026024e+04  3.22e+05 2.95e-01  1.73e+02    76s
   1   3.98641417e+03 -7.60786344e+04  2.14e+05 4.59e-01  1.13e+02    76s
   2   1.14256446e+03 -7.68003385e+04  2.48e+04 4.94e-13  1.43e+01    76s
   3   6.66513742e+02 -4.73716400e+04  1.83e+03 8.17e-14  1.51e+00    77s
   4   5.06853992e+02 -1.78597357e+04  2.42e+02 6.04e-14  3.06e-01    77s
   5   4.54823275e+02 -6.61639341e+03  5.75e+01 1.95e-14  9.75e-02    78s
   6   4.37689489e+02 -1.86406962e+03  1.56e+01 5.77e-15  2.97e-02    78s
   7   4.27624075e+02 -3.01665340e+02  2.63e+00 1.78e-15  9.20e-03    78s
   8   4.23379882e+02  1.51907126e+02  9.65e-01 8.88e-16  3.41e-03    79s
   9   4.18876540e+02  2.99084719e+02  1.72e-01 1.11e-15  1.50e-03    79s
  10   4.17575304e+02  3.46910895e+02  1.01e-01 4.44e-16  8.86e-04    80s
  11   4.16471907e+02  3.69575374e+02  5.30e-02 2.22e-16  5.88e-04    80s
  12   4.15253476e+02  3.82528442e+02  1.33e-02 4.44e-16  4.10e-04    80s
  13   4.15067118e+02  3.88571724e+02  9.94e-03 2.22e-16  3.32e-04    81s
  14   4.14063949e+02  3.98667448e+02  3.41e-05 2.22e-16  1.93e-04    81s
  15   4.13204140e+02  4.04810372e+02  1.49e-05 4.44e-16  1.05e-04    82s
  16   4.12907462e+02  4.06854529e+02  1.04e-05 2.22e-16  7.58e-05    82s
  17   4.12790854e+02  4.07834396e+02  8.88e-06 1.67e-16  6.21e-05    82s
  18   4.12541021e+02  4.08737488e+02  5.61e-06 1.39e-16  4.77e-05    83s
  19   4.12341430e+02  4.10354464e+02  3.22e-06 1.20e-16  2.49e-05    83s
  20   4.12199297e+02  4.11040149e+02  1.70e-06 6.66e-16  1.45e-05    84s
  21   4.12159462e+02  4.11322924e+02  1.32e-06 4.44e-16  1.05e-05    84s
  22   4.12114199e+02  4.11503809e+02  8.99e-07 4.44e-16  7.65e-06    84s
  23   4.12087859e+02  4.11603708e+02  6.68e-07 6.66e-16  6.07e-06    85s
  24   4.12072008e+02  4.11683299e+02  5.37e-07 2.22e-16  4.87e-06    85s
  25   4.12048874e+02  4.11809167e+02  3.40e-07 2.22e-16  3.00e-06    86s
  26   4.12039543e+02  4.11834109e+02  2.70e-07 2.22e-16  2.57e-06    86s
  27   4.12029319e+02  4.11901099e+02  1.96e-07 1.11e-16  1.61e-06    86s
  28   4.12022811e+02  4.11919921e+02  1.51e-07 1.11e-16  1.29e-06    87s
  29   4.12017038e+02  4.11955438e+02  1.10e-07 1.67e-16  7.72e-07    87s
  30   4.12011131e+02  4.11967640e+02  7.27e-08 2.22e-16  5.45e-07    88s
  31   4.12007151e+02  4.11977316e+02  4.82e-08 1.11e-16  3.74e-07    88s
  32   4.12005718e+02  4.11981731e+02  3.95e-08 2.22e-16  3.01e-07    89s
  33   4.12003783e+02  4.11983040e+02  2.83e-08 1.30e-16  2.60e-07    89s
  34   4.12001652e+02  4.11986375e+02  1.61e-08 2.22e-16  1.91e-07    89s
  35   4.12000489e+02  4.11992706e+02  9.53e-09 1.55e-15  9.75e-08    90s
  36   4.11999588e+02  4.11995476e+02  4.72e-09 2.22e-16  5.15e-08    90s
  37   4.11999360e+02  4.11997272e+02  3.54e-09 2.22e-16  2.62e-08    91s
  38   4.11998999e+02  4.11997787e+02  1.70e-09 2.22e-16  1.52e-08    91s
  39   4.11998861e+02  4.11998105e+02  9.97e-10 1.11e-16  9.47e-09    91s
  40   4.11998796e+02  4.11998273e+02  6.82e-10 1.11e-15  6.55e-09    92s
  41   4.11998773e+02  4.11998349e+02  5.74e-10 1.11e-16  5.32e-09    92s
  42   4.11998748e+02  4.11998362e+02  4.56e-10 2.22e-16  4.83e-09    92s
  43   4.11998745e+02  4.11998388e+02  4.42e-10 1.67e-16  4.47e-09    93s
  44   4.11998722e+02  4.11998449e+02  3.39e-10 2.22e-16  3.43e-09    93s
  45   4.11998676e+02  4.11998489e+02  1.22e-10 1.11e-16  2.34e-09    94s
  46   4.11998658e+02  4.11998565e+02  3.92e-11 2.30e-15  1.17e-09    94s
  47   4.11998654e+02  4.11998586e+02  5.75e-11 4.95e-16  8.44e-10    95s
  48   4.11998652e+02  4.11998621e+02  4.80e-11 2.22e-16  3.89e-10    95s
  49   4.11998650e+02  4.11998643e+02  1.07e-10 1.58e-14  8.37e-11    95s
  50   4.11998649e+02  4.11998645e+02  1.14e-10 1.75e-13  4.74e-11    95s
  51   4.11998649e+02  4.11998646e+02  1.18e-10 1.70e-13  3.89e-11    96s
  52   4.11998649e+02  4.11998647e+02  9.22e-11 1.98e-13  1.94e-11    96s

Barrier solved model in 52 iterations and 96.29 seconds
Optimal objective 4.11998649e+02


Root crossover log...

    5120 DPushes remaining with DInf 0.0000000e+00                97s
       0 DPushes remaining with DInf 0.0000000e+00                97s

   11675 PPushes remaining with PInf 3.4542986e-05                97s
       0 PPushes remaining with PInf 2.0671058e-06                98s

  Push phase complete: Pinf 2.0671058e-06, Dinf 1.3375924e-02     98s


Root simplex log...

Iteration    Objective       Primal Inf.    Dual Inf.      Time
   13908    4.1199865e+02   0.000000e+00   1.337492e-02     98s
   13936    4.1199865e+02   0.000000e+00   0.000000e+00     98s
   13936    4.1199865e+02   0.000000e+00   0.000000e+00     98s

Root relaxation: objective 4.119986e+02, 13936 iterations, 31.37 seconds

    Nodes    |    Current Node    |     Objective Bounds      |     Work
 Expl Unexpl |  Obj  Depth IntInf | Incumbent    BestBd   Gap | It/Node Time

     0     0  414.42298    0 3069          -  414.42298      -     -  111s
     0     0  424.77036    0 3038          -  424.77036      -     -  210s
     0     0  425.94790    0 2589          -  425.94790      -     -  251s
     0     0  426.02238    0 2565          -  426.02238      -     -  257s
     0     0  426.02280    0 2568          -  426.02280      -     -  259s
     0     0  429.04752    0 2618          -  429.04752      -     -  319s
     0     0  434.07315    0 2590          -  434.07315      -     -  373s
     0     0  434.07315    0 2340          -  434.07315      -     -  414s
     0     0  434.07315    0 2324          -  434.07315      -     -  423s
     0     0  434.07315    0 2335          -  434.07315      -     -  426s
     0     0  438.80828    0 2284          -  438.80828      -     -  468s
H    0     0                     516.4407577  438.80828  15.0%     -  470s
     0     0  439.22468    0 2244  516.44076  439.22468  15.0%     -  491s
     0     0  439.24408    0 2234  516.44076  439.24408  14.9%     -  494s
     0     0  439.24599    0 2259  516.44076  439.24599  14.9%     -  496s
H    0     0                     480.9090717  439.24599  8.66%     -  502s
H    0     0                     480.9036481  439.24599  8.66%     -  526s
H    0     0                     480.9036462  439.24599  8.66%     -  526s
H    0     0                     480.9006127  439.24599  8.66%     -  526s
     0     0  441.53824    0 2186  480.90061  441.53824  8.19%     -  526s
     0     0  441.78566    0 2204  480.90061  441.78566  8.13%     -  532s
     0     0  441.79798    0 2203  480.90061  441.79798  8.13%     -  535s
     0     0  441.80166    0 2212  480.90061  441.80166  8.13%     -  538s
     0     0  447.47517    0 2147  480.90061  447.47517  6.95%     -  549s
     0     0  447.58313    0 2153  480.90061  447.58313  6.93%     -  552s
     0     0  447.59534    0 2114  480.90061  447.59534  6.93%     -  573s
     0     0  447.59710    0 2130  480.90061  447.59710  6.93%     -  577s
     0     0  453.65562    0 2186  480.90061  453.65562  5.67%     -  610s
     0     0  455.01448    0 2170  480.90061  455.01448  5.38%     -  624s
     0     0  455.05597    0 2203  480.90061  455.05597  5.37%     -  627s
     0     0  455.05847    0 2212  480.90061  455.05847  5.37%     -  632s
H    0     0                     480.9005013  455.05847  5.37%     -  694s
H    0     0                     480.8914270  455.05847  5.37%     -  694s
     0     0  463.85722    0 2166  480.89143  463.85722  3.54%     -  714s
H    0     0                     480.8914059  463.85722  3.54%     -  745s
     0     0  463.95967    0 2135  480.89141  463.95967  3.52%     -  745s
     0     0  463.97456    0 2077  480.89141  463.97456  3.52%     -  759s
H    0     0                     480.6476704  463.97456  3.47%     -  805s
H    0     0                     480.6476454  463.97456  3.47%     -  805s
     0     0  467.98320    0 2149  480.64765  467.98320  2.63%     -  805s
     0     0  468.01169    0 2112  480.64765  468.01169  2.63%     -  824s
     0     0  468.01426    0 2117  480.64765  468.01426  2.63%     -  835s
     0     0  468.25209    0 2157  480.64765  468.25209  2.58%     -  857s
     0     0  468.28532    0 2153  480.64765  468.28532  2.57%     -  860s
     0     0  468.28774    0 2135  480.64765  468.28774  2.57%     -  861s
     0     0  468.45559    0 2085  480.64765  468.45559  2.54%     -  907s
     0     0  468.45559    0 2083  480.64765  468.45559  2.54%     -  932s
H    0     0                     480.6476444  468.45559  2.54%     -  952s
H    0     0                     478.8318723  468.45559  2.17%     - 1237s
H    0     0                     478.8318697  468.45559  2.17%     - 1431s
     0     2  468.45559    0 2083  478.83187  468.45559  2.17%     - 1441s
     1     4  468.45817    1 2051  478.83187  468.45817  2.17%  2101 1478s
     3     8  474.66541    2 1648  478.83187  468.45840  2.17%  2516 1519s
     7    14  477.09777    3 1603  478.83187  470.52774  1.73%  1653 1561s
    15    24 infeasible    4       478.83187  470.80409  1.68%  1371 1596s
    29    26  473.69134    5 1644  478.83187  471.12531  1.61%  1619 1668s
    53    22  475.14036    6 1644  478.83187  472.76889  1.27%  1630 1721s
    79    22  476.51472    7 1611  478.83187  473.86042  1.04%  1644 1763s
   101    22     cutoff    8       478.83187  473.94942  1.02%  1577 1781s
   123    38  474.47734    9 1579  478.83187  473.96532  1.02%  1355 1818s

Cutting planes:
  Learned: 78
  Gomory: 16
  Cover: 150
  Implied bound: 385
  Projected implied bound: 179
  Clique: 33
  MIR: 992
  Flow cover: 3748
  GUB cover: 4
  Zero half: 30
  RLT: 2375
  Relax-and-lift: 195

Explored 145 nodes (259187 simplex iterations) in 1818.55 seconds
Thread count was 32 (of 32 available processors)

Solution count 10: 478.832 478.832 480.648 ... 480.909

Optimal solution found (tolerance 1.00e-02)
Best objective 4.788318696876e+02, best bound 4.742101207840e+02, gap 0.9652%

Gurobi 9.1.0 (linux64) logging started Thu Aug  5 03:32:32 2021

Changed value of parameter LogFile to eab_parasitoid_fastdisp_fastgrowth_1_1.log
   Prev:   Default: 
Changed value of parameter MIPGap to 0.01
   Prev: 0.0001  Min: 0.0  Max: inf  Default: 0.0001
Changed value of parameter Method to 2
   Prev: -1  Min: -1  Max: 5  Default: -1
Changed value of parameter MIPFocus to 2
   Prev: 0  Min: 0  Max: 3  Default: 0
Changed value of parameter RINS to 100
   Prev: -1  Min: -1  Max: 2000000000  Default: -1
Gurobi Optimizer version 9.1.0 build v9.1.0rc0 (linux64)
Thread count: 32 physical cores, 32 logical processors, using up to 32 threads
Optimize a model with 196148 rows, 134930 columns and 678180 nonzeros
Model fingerprint: 0xfd67f956
Variable types: 55774 continuous, 79156 integer (79156 binary)
Coefficient statistics:
  Matrix range     [2e-04, 6e+05]
  Objective range  [1e-06, 1e-01]
  Bounds range     [1e+00, 6e+03]
  RHS range        [1e-04, 6e+05]
Presolve removed 116230 rows and 70000 columns (presolve time = 6s) ...
Presolve removed 138214 rows and 77617 columns (presolve time = 11s) ...
Presolve removed 138733 rows and 85737 columns (presolve time = 16s) ...
Presolve removed 147480 rows and 88110 columns (presolve time = 22s) ...
Presolve removed 163506 rows and 103866 columns (presolve time = 26s) ...
Presolve removed 166357 rows and 105337 columns (presolve time = 30s) ...
Presolve removed 166563 rows and 105456 columns (presolve time = 35s) ...
Presolve removed 166639 rows and 105475 columns (presolve time = 40s) ...
Presolve removed 167277 rows and 105984 columns (presolve time = 45s) ...
Presolve removed 167499 rows and 106125 columns (presolve time = 51s) ...
Presolve removed 167541 rows and 106147 columns (presolve time = 56s) ...
Presolve removed 167546 rows and 106167 columns
Presolve time: 56.66s
Presolved: 28602 rows, 28763 columns, 229351 nonzeros
Variable types: 4278 continuous, 24485 integer (24483 binary)
Presolve removed 1182 rows and 1178 columns
Presolved: 27420 rows, 27585 columns, 228124 nonzeros

Root barrier log...

Ordering time: 3.20s

Barrier statistics:
 Dense cols : 104
 AA' NZ     : 9.713e+05
 Factor NZ  : 6.078e+06 (roughly 70 MBytes of memory)
 Factor Ops : 6.464e+09 (less than 1 second per iteration)
 Threads    : 31

                  Objective                Residual
Iter       Primal          Dual         Primal    Dual     Compl     Time
   0   5.56340555e+03 -6.82026024e+04  3.22e+05 2.95e-01  1.73e+02    66s
   1   3.98641417e+03 -7.60786344e+04  2.14e+05 4.59e-01  1.13e+02    67s
   2   1.14256446e+03 -7.68003385e+04  2.48e+04 4.94e-13  1.43e+01    67s
   3   6.66513742e+02 -4.73716400e+04  1.83e+03 8.17e-14  1.51e+00    68s
   4   5.06853992e+02 -1.78597357e+04  2.42e+02 6.04e-14  3.06e-01    68s
   5   4.54823275e+02 -6.61639341e+03  5.75e+01 1.95e-14  9.75e-02    68s
   6   4.37689489e+02 -1.86406962e+03  1.56e+01 5.77e-15  2.97e-02    69s
   7   4.27624075e+02 -3.01665340e+02  2.63e+00 1.78e-15  9.20e-03    69s
   8   4.23379882e+02  1.51907126e+02  9.65e-01 8.88e-16  3.41e-03    69s
   9   4.18876540e+02  2.99084719e+02  1.72e-01 1.11e-15  1.50e-03    70s
  10   4.17575304e+02  3.46910895e+02  1.01e-01 4.44e-16  8.86e-04    70s
  11   4.16471907e+02  3.69575374e+02  5.30e-02 2.22e-16  5.88e-04    70s
  12   4.15253476e+02  3.82528442e+02  1.33e-02 4.44e-16  4.10e-04    71s
  13   4.15067118e+02  3.88571724e+02  9.94e-03 2.22e-16  3.32e-04    71s
  14   4.14063949e+02  3.98667448e+02  3.41e-05 2.22e-16  1.93e-04    71s
  15   4.13204140e+02  4.04810372e+02  1.49e-05 4.44e-16  1.05e-04    71s
  16   4.12907462e+02  4.06854529e+02  1.04e-05 2.22e-16  7.58e-05    72s
  17   4.12790854e+02  4.07834396e+02  8.88e-06 1.67e-16  6.21e-05    72s
  18   4.12541021e+02  4.08737488e+02  5.61e-06 1.39e-16  4.77e-05    72s
  19   4.12341430e+02  4.10354464e+02  3.22e-06 1.20e-16  2.49e-05    73s
  20   4.12199297e+02  4.11040149e+02  1.70e-06 6.66e-16  1.45e-05    73s
  21   4.12159462e+02  4.11322924e+02  1.32e-06 4.44e-16  1.05e-05    73s
  22   4.12114199e+02  4.11503809e+02  8.99e-07 4.44e-16  7.65e-06    74s
  23   4.12087859e+02  4.11603708e+02  6.68e-07 6.66e-16  6.07e-06    74s
  24   4.12072008e+02  4.11683299e+02  5.37e-07 2.22e-16  4.87e-06    74s
  25   4.12048874e+02  4.11809167e+02  3.40e-07 2.22e-16  3.00e-06    74s
  26   4.12039543e+02  4.11834109e+02  2.70e-07 2.22e-16  2.57e-06    75s
  27   4.12029319e+02  4.11901099e+02  1.96e-07 1.11e-16  1.61e-06    75s
  28   4.12022811e+02  4.11919921e+02  1.51e-07 1.11e-16  1.29e-06    75s
  29   4.12017038e+02  4.11955438e+02  1.10e-07 1.67e-16  7.72e-07    76s
  30   4.12011131e+02  4.11967640e+02  7.27e-08 2.22e-16  5.45e-07    76s
  31   4.12007151e+02  4.11977316e+02  4.82e-08 1.11e-16  3.74e-07    76s
  32   4.12005718e+02  4.11981731e+02  3.95e-08 2.22e-16  3.01e-07    77s
  33   4.12003783e+02  4.11983040e+02  2.83e-08 1.30e-16  2.60e-07    77s
  34   4.12001652e+02  4.11986375e+02  1.61e-08 2.22e-16  1.91e-07    77s
  35   4.12000489e+02  4.11992706e+02  9.53e-09 1.55e-15  9.75e-08    78s
  36   4.11999588e+02  4.11995476e+02  4.72e-09 2.22e-16  5.15e-08    78s
  37   4.11999360e+02  4.11997272e+02  3.54e-09 2.22e-16  2.62e-08    78s
  38   4.11998999e+02  4.11997787e+02  1.70e-09 2.22e-16  1.52e-08    78s
  39   4.11998861e+02  4.11998105e+02  9.97e-10 1.11e-16  9.47e-09    79s
  40   4.11998796e+02  4.11998273e+02  6.82e-10 1.11e-15  6.55e-09    79s
  41   4.11998773e+02  4.11998349e+02  5.74e-10 1.11e-16  5.32e-09    79s
  42   4.11998748e+02  4.11998362e+02  4.56e-10 2.22e-16  4.83e-09    79s
  43   4.11998745e+02  4.11998388e+02  4.42e-10 1.67e-16  4.47e-09    80s
  44   4.11998722e+02  4.11998449e+02  3.39e-10 2.22e-16  3.43e-09    80s
  45   4.11998676e+02  4.11998489e+02  1.22e-10 1.11e-16  2.34e-09    81s
  46   4.11998658e+02  4.11998565e+02  3.92e-11 2.30e-15  1.17e-09    81s
  47   4.11998654e+02  4.11998586e+02  5.75e-11 4.95e-16  8.44e-10    81s
  48   4.11998652e+02  4.11998621e+02  4.80e-11 2.22e-16  3.89e-10    81s
  49   4.11998650e+02  4.11998643e+02  1.07e-10 1.58e-14  8.37e-11    82s
  50   4.11998649e+02  4.11998645e+02  1.14e-10 1.75e-13  4.74e-11    82s
  51   4.11998649e+02  4.11998646e+02  1.18e-10 1.70e-13  3.89e-11    82s
  52   4.11998649e+02  4.11998647e+02  9.22e-11 1.98e-13  1.94e-11    83s

Barrier solved model in 52 iterations and 82.70 seconds
Optimal objective 4.11998649e+02


Root crossover log...

    5120 DPushes remaining with DInf 0.0000000e+00                83s
       0 DPushes remaining with DInf 0.0000000e+00                83s

   11675 PPushes remaining with PInf 3.4542986e-05                83s
       0 PPushes remaining with PInf 2.0671058e-06                84s

  Push phase complete: Pinf 2.0671058e-06, Dinf 1.3375924e-02     84s


Root simplex log...

Iteration    Objective       Primal Inf.    Dual Inf.      Time
   13908    4.1199865e+02   0.000000e+00   1.337492e-02     84s
   13936    4.1199865e+02   0.000000e+00   0.000000e+00     85s
   13936    4.1199865e+02   0.000000e+00   0.000000e+00     85s

Root relaxation: objective 4.119986e+02, 13936 iterations, 25.94 seconds

    Nodes    |    Current Node    |     Objective Bounds      |     Work
 Expl Unexpl |  Obj  Depth IntInf | Incumbent    BestBd   Gap | It/Node Time

     0     0  414.42298    0 3069          -  414.42298      -     -  100s
     0     0  424.77036    0 3038          -  424.77036      -     -  142s
     0     0  425.94790    0 2589          -  425.94790      -     -  190s
     0     0  426.02238    0 2565          -  426.02238      -     -  197s
     0     0  426.02280    0 2568          -  426.02280      -     -  200s
     0     0  429.04752    0 2618          -  429.04752      -     -  274s
     0     0  434.07315    0 2590          -  434.07315      -     -  309s
     0     0  434.07315    0 2340          -  434.07315      -     -  324s
     0     0  434.07315    0 2324          -  434.07315      -     -  328s
     0     0  434.07315    0 2335          -  434.07315      -     -  328s
     0     0  438.80828    0 2284          -  438.80828      -     -  356s
H    0     0                     516.4407577  438.80828  15.0%     -  358s
     0     0  439.22468    0 2244  516.44076  439.22468  15.0%     -  402s
     0     0  439.24408    0 2234  516.44076  439.24408  14.9%     -  426s
     0     0  439.24599    0 2259  516.44076  439.24599  14.9%     -  434s
H    0     0                     480.9090717  439.24599  8.66%     -  460s
H    0     0                     480.9036481  439.24599  8.66%     -  523s
H    0     0                     480.9036462  439.24599  8.66%     -  523s
H    0     0                     480.9006127  439.24599  8.66%     -  523s
     0     0  441.53824    0 2186  480.90061  441.53824  8.19%     -  523s
     0     0  441.78566    0 2204  480.90061  441.78566  8.13%     -  535s
     0     0  441.79798    0 2203  480.90061  441.79798  8.13%     -  543s
     0     0  441.80166    0 2212  480.90061  441.80166  8.13%     -  546s
     0     0  447.47517    0 2147  480.90061  447.47517  6.95%     -  585s
     0     0  447.58313    0 2153  480.90061  447.58313  6.93%     -  601s
     0     0  447.59534    0 2114  480.90061  447.59534  6.93%     -  634s
     0     0  447.59710    0 2130  480.90061  447.59710  6.93%     -  647s
     0     0  453.65562    0 2186  480.90061  453.65562  5.67%     -  735s
     0     0  455.01448    0 2170  480.90061  455.01448  5.38%     -  751s
     0     0  455.05597    0 2203  480.90061  455.05597  5.37%     -  759s
     0     0  455.05847    0 2212  480.90061  455.05847  5.37%     -  761s
H    0     0                     480.9005013  455.05847  5.37%     -  819s
H    0     0                     480.8914270  455.05847  5.37%     -  819s
     0     0  463.85722    0 2166  480.89143  463.85722  3.54%     -  837s
H    0     0                     480.8914059  463.85722  3.54%     -  865s
     0     0  463.95967    0 2135  480.89141  463.95967  3.52%     -  866s
     0     0  463.97456    0 2077  480.89141  463.97456  3.52%     -  892s
H    0     0                     480.6476704  463.97456  3.47%     -  959s
H    0     0                     480.6476454  463.97456  3.47%     -  959s
     0     0  467.98320    0 2149  480.64765  467.98320  2.63%     -  960s
     0     0  468.01169    0 2112  480.64765  468.01169  2.63%     -  981s
     0     0  468.01426    0 2117  480.64765  468.01426  2.63%     -  997s
     0     0  468.25209    0 2157  480.64765  468.25209  2.58%     - 1037s
     0     0  468.28532    0 2153  480.64765  468.28532  2.57%     - 1051s
     0     0  468.28774    0 2135  480.64765  468.28774  2.57%     - 1060s
     0     0  468.45559    0 2085  480.64765  468.45559  2.54%     - 1094s
     0     0  468.45559    0 2083  480.64765  468.45559  2.54%     - 1129s
H    0     0                     480.6476444  468.45559  2.54%     - 1161s
H    0     0                     478.8318723  468.45559  2.17%     - 1608s
H    0     0                     478.8318697  468.45559  2.17%     - 1804s
     0     2  468.45559    0 2083  478.83187  468.45559  2.17%     - 1815s
     1     4  468.45817    1 2051  478.83187  468.45817  2.17%  2101 1826s
     3     8  474.66541    2 1648  478.83187  468.45840  2.17%  2516 1866s
     7    14  477.09777    3 1603  478.83187  470.52774  1.73%  1653 1900s
    15    24 infeasible    4       478.83187  470.80409  1.68%  1371 1932s
    29    26  473.69134    5 1644  478.83187  471.12531  1.61%  1619 1991s
    53    22  475.14036    6 1644  478.83187  472.76889  1.27%  1630 2018s
    79    22  476.51472    7 1611  478.83187  473.86042  1.04%  1644 2047s
   101    22     cutoff    8       478.83187  473.94942  1.02%  1577 2059s
   123    38  474.47734    9 1579  478.83187  473.96532  1.02%  1355 2087s

Cutting planes:
  Learned: 78
  Gomory: 16
  Cover: 150
  Implied bound: 385
  Projected implied bound: 179
  Clique: 33
  MIR: 992
  Flow cover: 3748
  GUB cover: 4
  Zero half: 30
  RLT: 2375
  Relax-and-lift: 195

Explored 145 nodes (259187 simplex iterations) in 2087.53 seconds
Thread count was 32 (of 32 available processors)

Solution count 10: 478.832 478.832 480.648 ... 480.909

Optimal solution found (tolerance 1.00e-02)
Best objective 4.788318696876e+02, best bound 4.742101207840e+02, gap 0.9652%
