
Gurobi 9.1.0 (linux64) logging started Fri Aug 20 12:47:23 2021

Changed value of parameter LogFile to eab_parasitoid0_1_0.8_bud_area.log
   Prev:   Default: 
Changed value of parameter MIPGap to 0.01
   Prev: 0.0001  Min: 0.0  Max: inf  Default: 0.0001
Changed value of parameter Method to 2
   Prev: -1  Min: -1  Max: 5  Default: -1
Changed value of parameter MIPFocus to 2
   Prev: 0  Min: 0  Max: 3  Default: 0
Changed value of parameter RINS to 100
   Prev: -1  Min: -1  Max: 2000000000  Default: -1
Gurobi Optimizer version 9.1.0 build v9.1.0rc0 (linux64)
Thread count: 32 physical cores, 32 logical processors, using up to 32 threads
Optimize a model with 203396 rows, 134935 columns and 685039 nonzeros
Model fingerprint: 0x2865354f
Variable types: 55779 continuous, 79156 integer (79156 binary)
Coefficient statistics:
  Matrix range     [2e-04, 1e+06]
  Objective range  [1e+00, 1e+00]
  Bounds range     [1e+00, 6e+03]
  RHS range        [1e-04, 1e+06]
Presolve removed 198054 rows and 130352 columns
Presolve time: 3.03s
Presolved: 5342 rows, 4583 columns, 74228 nonzeros
Variable types: 1881 continuous, 2702 integer (2702 binary)
Presolve removed 33 rows and 24 columns
Presolved: 5309 rows, 4559 columns, 73254 nonzeros

Root barrier log...

Ordering time: 0.13s

Barrier statistics:
 Dense cols : 93
 AA' NZ     : 2.584e+05
 Factor NZ  : 1.099e+06 (roughly 13 MBytes of memory)
 Factor Ops : 6.349e+08 (less than 1 second per iteration)
 Threads    : 31

                  Objective                Residual
Iter       Primal          Dual         Primal    Dual     Compl     Time
   0   1.18703471e+04 -3.63415932e+05  6.81e+03 7.77e-01  1.42e+03     4s
   1   4.78567688e+03 -4.37706517e+05  2.34e+03 1.14e+01  4.96e+02     4s
   2   1.48286354e+03 -3.62288177e+05  3.26e+02 2.63e-12  8.31e+01     4s
   3   1.02274855e+03 -1.77306691e+05  4.72e+01 1.16e-12  1.78e+01     4s
   4   9.71891067e+02 -5.14150563e+04  8.30e+00 4.33e-13  4.10e+00     4s
   5   9.59752688e+02 -5.68108775e+03  3.47e-02 9.86e-14  4.70e-01     4s
   6   9.12313840e+02 -8.10023893e+02  4.14e-07 2.85e-14  1.22e-01     4s
   7   8.39926965e+02  3.87577527e+02  5.28e-08 1.42e-14  3.20e-02     4s
   8   8.27511414e+02  5.79094019e+02  3.40e-08 3.80e-15  1.76e-02     4s
   9   8.15737556e+02  6.62397171e+02  1.42e-08 2.66e-15  1.09e-02     4s
  10   8.10121995e+02  7.18117030e+02  9.17e-09 1.78e-15  6.51e-03     4s
  11   8.04199935e+02  7.66076494e+02  5.05e-09 9.49e-16  2.70e-03     4s
  12   8.00353602e+02  7.84224151e+02  2.47e-09 4.44e-16  1.14e-03     4s
  13   7.98897970e+02  7.91653504e+02  1.67e-09 8.88e-16  5.13e-04     4s
  14   7.98244302e+02  7.94260668e+02  1.29e-09 8.88e-16  2.82e-04     4s
  15   7.97421877e+02  7.95222773e+02  6.95e-10 6.66e-16  1.56e-04     4s
  16   7.97121883e+02  7.95653039e+02  5.08e-10 8.88e-16  1.04e-04     4s
  17   7.96821407e+02  7.96056662e+02  3.26e-10 8.88e-16  5.41e-05     4s
  18   7.96411531e+02  7.96195914e+02  4.52e-11 1.42e-14  1.53e-05     4s
  19   7.96384745e+02  7.96271511e+02  2.91e-11 8.88e-16  8.01e-06     4s
  20   7.96364381e+02  7.96303967e+02  1.69e-11 8.88e-16  4.27e-06     4s
  21   7.96343112e+02  7.96317776e+02  4.39e-12 4.44e-16  1.79e-06     4s
  22   7.96338914e+02  7.96329836e+02  2.00e-12 8.88e-16  6.42e-07     4s
  23   7.96337361e+02  7.96334298e+02  1.15e-12 8.88e-16  2.17e-07     4s
  24   7.96335647e+02  7.96335100e+02  4.51e-13 8.88e-16  3.88e-08     4s
  25   7.96335474e+02  7.96335193e+02  1.84e-13 6.21e-16  1.99e-08     4s
  26   7.96335393e+02  7.96335212e+02  2.96e-13 9.65e-16  1.28e-08     4s
  27   7.96335276e+02  7.96335226e+02  2.32e-13 8.88e-16  3.52e-09     4s
  28   7.96335243e+02  7.96335231e+02  2.63e-13 6.84e-16  8.35e-10     4s
  29   7.96335233e+02  7.96335232e+02  1.85e-13 8.88e-16  7.28e-11     4s
  30   7.96335233e+02  7.96335233e+02  1.08e-12 1.57e-14  2.08e-11     4s
  31   7.96335233e+02  7.96335233e+02  1.56e-07 2.00e-14  4.05e-12     4s

Barrier solved model in 31 iterations and 4.22 seconds
Optimal objective 7.96335233e+02


Root relaxation: objective 7.963352e+02, 2923 iterations, 1.12 seconds

    Nodes    |    Current Node    |     Objective Bounds      |     Work
 Expl Unexpl |  Obj  Depth IntInf | Incumbent    BestBd   Gap | It/Node Time

     0     0  796.33523    0  552          -  796.33523      -     -    4s
     0     0  803.29603    0  748          -  803.29603      -     -    6s
     0     0  803.38366    0  796          -  803.38366      -     -    7s
     0     0  803.39505    0  814          -  803.39505      -     -    7s
     0     0  803.39579    0  808          -  803.39579      -     -    7s
     0     0  807.82441    0  716          -  807.82441      -     -    8s
     0     0  807.95184    0  718          -  807.95184      -     -    9s
     0     0  807.95762    0  728          -  807.95762      -     -    9s
     0     0  807.95843    0  726          -  807.95843      -     -    9s
H    0     0                     910.6027830  807.95843  11.3%     -   11s
     0     0  808.56360    0  739  910.60278  808.56360  11.2%     -   11s
     0     0  808.75899    0  729  910.60278  808.75899  11.2%     -   11s
     0     0  808.77432    0  746  910.60278  808.77432  11.2%     -   12s
     0     0  808.77507    0  757  910.60278  808.77507  11.2%     -   12s
     0     0  809.04355    0  736  910.60278  809.04355  11.2%     -   13s
     0     0  809.34258    0  715  910.60278  809.34258  11.1%     -   14s
     0     0  809.35880    0  730  910.60278  809.35880  11.1%     -   14s
     0     0  809.36095    0  731  910.60278  809.36095  11.1%     -   14s
     0     0  809.39057    0  731  910.60278  809.39057  11.1%     -   16s
     0     0  809.39597    0  725  910.60278  809.39597  11.1%     -   17s
     0     0  809.48994    0  718  910.60278  809.48994  11.1%     -   20s
     0     0  809.50264    0  723  910.60278  809.50264  11.1%     -   21s
     0     0  809.50583    0  729  910.60278  809.50583  11.1%     -   22s
     0     0  809.57971    0  723  910.60278  809.57971  11.1%     -   26s
     0     0  809.58916    0  749  910.60278  809.58916  11.1%     -   27s
     0     0  809.59232    0  746  910.60278  809.59232  11.1%     -   27s
     0     0  809.61328    0  737  910.60278  809.61328  11.1%     -   29s
     0     0  809.61346    0  736  910.60278  809.61346  11.1%     -   32s
     0     2  809.61346    0  736  910.60278  809.61346  11.1%     -   38s
     1     4  809.80646    1  642  910.60278  809.61346  11.1%  1375   40s
    15    32  811.17013    4  673  910.60278  810.06229  11.0%  1359   45s
    31    64  811.26440    5  694  910.60278  810.80627  11.0%  1618   51s
H   59    64                     885.3102628  810.95475  8.40%  1628   51s
    63    96  811.71288    6  686  885.31026  810.95475  8.40%  1654   75s
H   95   128                     884.2585722  810.95475  8.29%  1626   92s
H   95   128                     879.9717921  810.95475  7.84%  1626   92s
H   96   128                     872.4703271  810.95475  7.05%  1627   92s
H   97   128                     872.4274356  810.95475  7.05%  1622   92s
H   98   128                     869.3835075  810.95475  6.72%  1630   92s
H  119   128                     869.3767352  810.95475  6.72%  1521   92s
   127   158  811.87710    7  686  869.37674  810.95475  6.72%  1461   97s
H  159   186                     867.2766722  810.95475  6.49%  1296  105s
H  161   186                     864.1107532  810.95475  6.15%  1295  105s
H  165   186                     860.8420736  810.95475  5.80%  1280  105s
   191   218  811.98164    9  652  860.84207  810.95475  5.80%  1190  110s
   288   277  812.12789   11  637  860.84207  810.95475  5.80%   978  128s
H  323   277                     858.7572389  810.95475  5.57%   956  128s
   338   318  812.41358   12  584  858.75724  810.95475  5.57%   929  134s
   399   361  812.57558   13  569  858.75724  810.95475  5.57%   877  156s
H  401   361                     856.6671925  810.95475  5.34%   872  156s
H  414   361                     856.6289344  810.95475  5.33%   854  156s
H  445   361                     856.6010528  810.95475  5.33%   826  156s
   454   408  812.57610   14  563  856.60105  810.95475  5.33%   819  168s
   537   462  812.59278   17  560  856.60105  810.95475  5.33%   756  177s
   623   516 infeasible   19       856.60105  810.95475  5.33%   715  181s
   709   568  812.60780   19  572  856.60105  810.95475  5.33%   683  187s
   799   601 infeasible   21       856.60105  810.95475  5.33%   667  211s
   862   617  813.58639   21  559  856.60105  810.95475  5.33%   661  227s
H  865   617                     854.4256900  810.95475  5.09%   659  227s
   900   628 infeasible   22       854.42569  810.95475  5.09%   670  269s
   943   657 infeasible   23       854.42569  810.95475  5.09%   684  298s
  1038   713  815.01480   23  555  854.42569  810.95475  5.09%   696  331s
  1158   749 infeasible   25       854.42569  810.95475  5.09%   685  385s
  1250   815  817.84465   26  525  854.42569  810.95475  5.09%   707  419s
  1374   855  819.46535   29  528  854.42569  810.95475  5.09%   714  527s
  1494   909  819.84868   29  510  854.42569  810.95475  5.09%   709  635s
  1626   985  820.88351   30  518  854.42569  810.95475  5.09%   708  680s
  1781  1066  821.93637   32  492  854.42569  810.95475  5.09%   695  697s
  1936  1133  822.95305   33  481  854.42569  810.95475  5.09%   692  733s
  2049  1209  824.02918   35  465  854.42569  810.95475  5.09%   708  769s
H 2167  1291                     853.3872643  810.95475  4.97%   719  806s
H 2186  1291                     853.3740692  810.95475  4.97%   726  806s
H 2251  1291                     852.3491168  810.95475  4.86%   731  806s
H 2253  1291                     852.3151136  810.95475  4.85%   732  806s
  2297  1340  824.03074   36  462  852.31511  810.95475  4.85%   732  833s
  2389  1381  824.07176   40  458  852.31511  810.95475  4.85%   749  891s
  2453  1476  824.22275   41  453  852.31511  810.95475  4.85%   758  943s
  2592  1576  824.73644   42  472  852.31511  810.95475  4.85%   763 1058s
  2734  1697  825.40413   44  464  852.31511  810.95475  4.85%   777 1222s
  2928  1819 infeasible   50       852.31511  811.12711  4.83%   787 1295s
  3126  2025  812.74206    8  694  852.31511  811.12711  4.83%   784 1430s
  3387  2127  813.39575   11  627  852.31511  811.12711  4.83%   778 1542s
  3549  2306  813.65953   13  615  852.31511  811.12711  4.83%   789 1621s
H 3557  2306                     851.2967371  811.12711  4.72%   789 1621s
H 3774  2306                     851.2880312  811.12711  4.72%   785 1621s
  3799  2307  832.47190   93  736  851.28803  811.12711  4.72%   784 1643s
  3801  2308  813.01560   14  536  851.28803  811.12711  4.72%   784 1647s
  3802  2309  830.87815  104  586  851.28803  811.12711  4.72%   784 1652s
  3810  2314  823.04210   42  656  851.28803  811.28638  4.70%   782 1655s
  3814  2317  815.49351   27  652  851.28803  812.78425  4.52%   781 1667s
  3816  2318  815.60349   31  657  851.28803  812.81353  4.52%   781 1672s
  3817  2319  826.37157   38  672  851.28803  812.86050  4.51%   781 1683s
  3821  2322  816.35891   43  682  851.28803  812.91559  4.51%   780 1688s
  3822  2322  814.39862   31  674  851.28803  812.92665  4.51%   780 1701s
  3823  2323  814.88929   26  686  851.28803  812.93038  4.51%   780 1708s
  3824  2324  831.35945  127  695  851.28803  812.94320  4.50%   779 1720s
  3826  2325  812.94945   24  694  851.28803  812.94945  4.50%   779 1746s
  3827  2329  812.96617   15  688  851.28803  812.94945  4.50%   784 1781s
  3829  2332  813.11015   16  702  851.28803  812.95121  4.50%   784 1847s
  3833  2335  813.12258   17  721  851.28803  812.97360  4.50%   784 1898s
  3841  2340  814.12471   18  713  851.28803  813.12258  4.48%   785 1909s
  3853  2352  814.20295   19  685  851.28803  813.14245  4.48%   786 1935s
  3873  2377  814.25898   20  701  851.28803  813.21445  4.47%   788 1942s
  3905  2397  814.27749   21  706  851.28803  813.26262  4.47%   787 2015s
H 3909  2278                     851.2753340  813.26262  4.47%   787 2015s
H 3914  2166                     849.1330388  813.26262  4.22%   786 2015s
H 3915  2060                     847.0211940  813.26262  3.99%   786 2015s
H 3935  1954                     845.9602105  813.26262  3.87%   787 2015s
  3937  1985  814.27858   21  707  845.96021  813.26262  3.87%   787 2021s
  3969  2006  815.05540   22  698  845.96021  813.26262  3.87%   790 2067s
  4001  2039 infeasible   22       845.96021  813.26262  3.87%   787 2071s
  4054  2081  815.05563   23  697  845.96021  813.26262  3.87%   787 2075s
  4174  2171  815.11399   25  716  845.96021  813.26262  3.87%   780 2084s
  4254  2216  815.15117   26  712  845.96021  813.26262  3.87%   771 2103s
  4332  2249  815.38520   27  705  845.96021  813.26262  3.87%   767 2111s
  4395  2287  822.04200   28  729  845.96021  813.26262  3.87%   767 2124s
  4460  2325  817.11651   29  651  845.96021  813.26262  3.87%   767 2131s
  4531  2383  818.01846   30  640  845.96021  813.26262  3.87%   765 2135s
  4617  2449  818.15217   31  631  845.96021  813.26262  3.87%   759 2147s
  4722  2516  818.85038   32  661  845.96021  813.26262  3.87%   753 2161s
  4832  2591 infeasible   32       845.96021  813.26262  3.87%   746 2266s
  4955  2665 infeasible   34       845.96021  813.26262  3.87%   749 2311s
  5086  2758  819.93203   36  646  845.96021  813.26262  3.87%   748 2346s
H 5090  2662                     845.9337748  813.26262  3.86%   748 2346s
  5229  2766  820.90107   38  646  845.93377  813.26262  3.86%   745 2378s
  5402  2752  821.97769   40  677  845.93377  813.26262  3.86%   732 2399s
H 5424  2653                     844.9429534  813.26262  3.75%   733 2399s
  5449  2774 infeasible   40       844.94295  813.26262  3.75%   732 2417s
  5594  2876  822.99462   42  673  844.94295  813.26262  3.75%   724 2487s
H 5710  2751                     843.8993670  813.26262  3.63%   717 2488s
  5760  2923 infeasible   44       843.89937  813.26262  3.63%   715 2522s
  5966  2914  824.21864   46  668  843.89937  813.26262  3.63%   704 2537s
  6031  3124  824.21880   47  662  843.89937  813.26262  3.63%   701 2560s
  6280  3242  825.52123   51  650  843.89937  813.26262  3.63%   685 2579s
  6497  3277  826.07572   53  645  843.89937  813.26262  3.63%   674 2610s
  6622  3490  826.36735   55  586  843.89937  813.26262  3.63%   670 2648s
  6911  3635  830.92507   60  611  843.89937  813.26262  3.63%   657 2673s
  7180  3776  828.34288   63  627  843.89937  813.26262  3.63%   645 2693s
  7461  3921  828.34300   64  625  843.89937  813.26262  3.63%   636 2755s
  7784  3996  829.49481   70  617  843.89937  813.26262  3.63%   626 2864s
  8048  4031 infeasible   71       843.89937  813.26262  3.63%   628 2921s
  8249  4142 infeasible   71       843.89937  813.26276  3.63%   629 2945s
  8490  4209  814.97158   23  678  843.89937  813.26276  3.63%   630 3191s
H 8587  4144                     842.8180553  813.26276  3.51%   633 3191s
  8699  4202  815.87671   24  673  842.81806  813.26276  3.51%   634 3300s
  8803  4454  817.37523   26  634  842.81806  813.26276  3.51%   641 3416s
  9103  4693  817.05949   26  674  842.81806  813.26276  3.51%   647 3448s
  9396  4787  817.96041   29  634  842.81806  813.26276  3.51%   645 3577s
  9556  4958  818.32216   30  576  842.81806  813.26276  3.51%   650 3610s
  9761  5205 infeasible   31       842.81806  813.26276  3.51%   648 3646s
 10086  5435  821.13650   35  658  842.81806  813.26276  3.51%   647 3717s
 10380  5742  822.19199   40  639  842.81806  813.26276  3.51%   651 4006s
 10748  6029  822.47425   43  629  842.81806  813.26276  3.51%   650 4045s
 11131  6305  825.13142   50  649  842.81806  813.26276  3.51%   649 4153s
 11531  6556  827.34622   56  650  842.81806  813.26276  3.51%   648 4226s
H11704  6556                     842.7858892  813.26276  3.50%   648 4226s
 11900  6588  830.03993   63  615  842.78589  813.26276  3.50%   650 4798s
H11914  6546                     841.7047411  813.26276  3.38%   650 4798s
 11942  6802  830.18310   64  607  841.70474  813.26276  3.38%   651 4860s
 12272  6862  830.75331   70  548  841.70474  813.26276  3.38%   654 4901s
 12364  7295  832.33274   71  564  841.70474  813.26276  3.38%   654 4967s
 12887  7609  832.92699   74  530  841.70474  813.26276  3.38%   651 5053s
 13273  8041     cutoff   77       841.70474  813.26276  3.38%   650 5117s
 13753  8411 infeasible   79       841.70474  813.26276  3.38%   650 5216s
 14278  8735 infeasible   83       841.70474  813.28735  3.38%   652 5303s
 14747  9188  817.14528   29  669  841.70474  813.28735  3.38%   657 5366s
 15306  9549  825.12513   45  638  841.70474  813.28735  3.38%   656 5512s
 15750 10018  832.45903   58  640  841.70474  813.28735  3.38%   659 5585s
 16299 10329  836.99757   74  645  841.70474  813.28735  3.38%   662 5808s
 16666 10866 infeasible   86       841.70474  813.94423  3.30%   662 5932s
 17348 11342  818.11267   30  660  841.70474  813.94423  3.30%   661 6089s
 18028 11562  826.82341   51  630  841.70474  813.94423  3.30%   661 6190s
 18390 11822  830.99932   60  614  841.70474  813.94423  3.30%   666 7090s
 18732 12430  834.06469   71  601  841.70474  813.98321  3.29%   670 7294s
 19473 12949  816.48079   27  673  841.70474  813.98321  3.29%   672 7392s
 20132 13491  824.71187   46  624  841.70474  813.98321  3.29%   676 7576s
 20766 14047  829.58952   65  608  841.70474  813.98321  3.29%   675 7759s
 21511 14751  833.24019  100  661  841.70474  813.98321  3.29%   675 7938s
 22413 15436 infeasible  139       841.70474  813.98499  3.29%   675 8180s
 23330 16017  820.34059   37  676  841.70474  813.99440  3.29%   674 8353s
H23706 15825                     840.6905930  813.99440  3.18%   675 8353s
 24135 16274  829.62816   61  596  840.69059  813.99440  3.18%   678 8420s
 24710 17163  835.01444   88  595  840.69059  814.05321  3.17%   679 8727s
 25811 17811  820.05289   36  589  840.69059  814.05321  3.17%   679 8934s
 26797 18344  827.38620   61  575  840.69059  814.05321  3.17%   681 9213s
 27531 19420  831.36567   81  415  840.69059  814.05321  3.17%   683 9368s
 28774 20286  834.52916  151  314  840.69059  814.05321  3.17%   682 9601s
 29936 21177  838.63522  256  218  840.69059  814.73860  3.09%   679 10014s
 31303 22106  830.69364   67  576  840.69059  815.09579  3.04%   685 10382s
 32642 23082     cutoff  156       840.69059  815.13603  3.04%   692 11086s
 33887 23939  820.19290   35  617  840.69059  815.16269  3.04%   698 11671s
 35056 24691  835.46241   71  473  840.69059  815.22569  3.03%   699 12205s
 36246 26027 infeasible   33       840.69059  815.43130  3.00%   705 12618s
 37913 27133  835.25289   88  375  840.69059  815.72555  2.97%   705 13095s
 39520 28643  819.04044   34  676  840.69059  815.89268  2.95%   707 13985s
H41174 28256                     839.6506705  815.89268  2.83%   704 13985s
 41363 29368  816.09996   25  660  839.65067  815.89268  2.83%   705 14505s
 42976 30725  820.47704   36  651  839.65067  815.89268  2.83%   710 14995s
 44796 31947 infeasible   52       839.65067  815.89268  2.83%   710 15407s
 46449 33180  830.61287   80  521  839.65067  815.89268  2.83%   712 15836s
 48267 34216  835.77440  106  455  839.65067  815.89268  2.83%   718 16291s
 49956 35658  836.84366  119  456  839.65067  815.99126  2.82%   724 16803s
 51861 37061  820.34492   38  614  839.65067  816.22899  2.79%   730 17266s
 53871 38474 infeasible   38       839.65067  816.54695  2.75%   732 17875s
 55874 39912  825.50562   52  647  839.65067  816.54695  2.75%   738 18458s
 57996 41695 infeasible   64       839.65067  816.60842  2.74%   742 19410s
 60392 43475 infeasible   35       839.65067  816.87730  2.71%   744 20205s
 62813 44909  822.61733   42  604  839.65067  816.97462  2.70%   746 21125s
 65093 47062  823.57588   42  638  839.65067  817.03966  2.69%   754 22167s
 67955 48080 infeasible   41       839.65067  817.08020  2.69%   754 24124s
 69539 50563  827.52039   66  562  839.65067  817.10175  2.69%   757 25261s
 73182 52180  834.73675  137  414  839.65067  817.21261  2.67%   760 26636s
 75842 53921  829.51916   68  516  839.65067  817.32597  2.66%   770 27763s
 78476 56744 infeasible   32       839.65067  817.54020  2.63%   781 28802s
 82355 57943  831.48763   75  481  839.65067  817.57349  2.63%   782 30964s
 83429 57943 infeasible   35       839.65067  817.57349  2.63%   782 30965s
 84067 60612  826.38358   61  647  839.65067  817.70308  2.61%   783 32106s
 87736 63508  834.68927   89  446  839.65067  817.88962  2.59%   784 33465s
 91749 66472  829.38436   71  465  839.65067  817.89090  2.59%   789 34451s
 95796 68753  835.20317   91  502  839.65067  817.92203  2.59%   790 35763s
 98928 70756  828.43493   64  596  839.65067  817.95698  2.58%   791 36644s
 101938 72949  826.43591   57  596  839.65067  817.98338  2.58%   796 37783s
 105308 75325  832.46468   90  437  839.65067  818.03354  2.57%   798 38511s
 108656 77517  826.94303   58  578  839.65067  818.06697  2.57%   798 39140s
 111782 79446  821.72996   44  636  839.65067  818.09188  2.57%   800 39897s
 114731 81511 infeasible   49       839.65067  818.11646  2.56%   804 40324s
 117714 83461  834.88958   90  509  839.65067  818.12258  2.56%   808 40879s
 119382 83461  819.21393   39  714  839.65067  818.14318  2.56%   811 40880s
 120599 85399 infeasible   33       839.65067  818.16703  2.56%   814 41780s
 123575 86098  823.22702   48  528  839.65067  818.27534  2.55%   817 43168s
 124654 90093     cutoff   51       839.65067  818.27763  2.55%   820 44683s
 130389 92748     cutoff  105       839.65067  818.44396  2.53%   824 45708s
 134339 95585  819.45948   38  666  839.65067  818.54876  2.51%   826 46641s
 138584 98481  837.85719   82  465  839.65067  818.67425  2.50%   827 47416s
 142627 101569  829.58185   66  599  839.65067  818.74215  2.49%   826 48292s
 146732 104035     cutoff   80       839.65067  818.78337  2.49%   825 49516s
 150278 106474  828.33123   73  338  839.65067  818.79646  2.48%   826 50489s
 152033 106474  832.85801   88  435  839.65067  818.79646  2.48%   827 50490s
 153699 109088  830.48290   79  486  839.65067  818.80617  2.48%   827 51675s
 157571 111193  819.54184   36  603  839.65067  818.80878  2.48%   825 53187s
 160781 113503  834.57613   83  386  839.65067  818.83068  2.48%   827 54364s
 164217 116603  825.48756   65  603  839.65067  818.86031  2.48%   828 55579s
 166106 116603  831.96733   67  441  839.65067  818.86046  2.48%   827 55580s
 168559 119502  820.88121   50  630  839.65067  818.86169  2.48%   825 56745s
 172442 121473 infeasible   56       839.65067  818.86241  2.48%   825 57840s
 175493 123780  820.44889   49  612  839.65067  818.89878  2.47%   827 59034s
 178869 126117  827.89625   65  630  839.65067  818.90019  2.47%   829 60324s
 179909 126117  832.47870   71  496  839.65067  818.90019  2.47%   829 60325s
 182680 126782  819.89994   37  606  839.65067  818.90019  2.47%   831 62073s
 183700 132495 infeasible   47       839.65067  818.90757  2.47%   831 67504s
 186194 132495 infeasible  114       839.65067  818.91730  2.47%   832 67505s
 193083 138425  836.71787   94  306  839.65067  818.92469  2.47%   838 70700s
 202122 142747 infeasible   77       839.65067  818.94301  2.47%   842 73077s
 208598 145618  822.75283   50  593  839.65067  818.96155  2.46%   848 74522s
 212890 146150  832.30005   75  506  839.65067  818.96155  2.46%   848 76443s
 213751 166508  832.17289   79  484  839.65067  818.96908  2.46%   850 84766s
 243498 170096  834.57954   97  429  839.65067  819.01237  2.46%   855 86076s
 248477 172202  823.44137   54  590  839.65067  819.02446  2.46%   854 87299s
 251853 174984  822.21838   41  631  839.65067  819.02764  2.46%   855 88306s
 255861 177851 infeasible   84       839.65067  819.03925  2.45%   856 89325s
 259911 180667 infeasible  110       839.65067  819.05093  2.45%   857 91040s
 264116 183516  822.87350   42  649  839.65067  819.05585  2.45%   858 92834s
 266459 183516  823.71777   56  594  839.65067  819.05843  2.45%   858 92835s
 268552 186185  824.58598   53  639  839.65067  819.05846  2.45%   858 94097s
 272602 189874  823.56275   59  620  839.65067  819.06266  2.45%   860 95272s
 277784 192593  835.80274  129  381  839.65067  819.06750  2.45%   861 96383s
 281810 194825  826.44340   65  538  839.65067  819.07363  2.45%   861 98940s
 284980 195617  822.24690   53  620  839.65067  819.07363  2.45%   862 100874s
 286153 200448  827.71840   74  645  839.65067  819.07525  2.45%   863 102579s
 293183 203777     cutoff  121       839.65067  819.08423  2.45%   863 104570s
 298244 207198 infeasible   50       839.65067  819.08955  2.45%   867 106460s
 303319 210402 infeasible   45       839.65067  819.09457  2.45%   869 107521s
 308073 213492     cutoff  106       839.65067  819.09983  2.45%   870 109304s
 312784 215822  823.65479   55  625  839.65067  819.10457  2.45%   872 111348s
 314385 215822  838.83426  117  395  839.65067  819.10695  2.45%   873 111350s
 316813 218680 infeasible   45       839.65067  819.10950  2.45%   875 112894s
 318950 218680  833.66228   92  383  839.65067  819.11065  2.45%   876 112895s
 321294 221988  836.06826   80  570  839.65067  819.11065  2.45%   879 114977s
 326347 225534  820.30879   43  670  839.65067  819.12140  2.44%   880 116745s
 331606 228899     cutoff  117       839.65067  819.12716  2.44%   881 118812s
 336852 231677  821.38207   45  675  839.65067  819.13066  2.44%   882 120203s
 341237 235075 infeasible  142       839.65067  819.13401  2.44%   885 122505s
 346516 238406  824.51299   58  611  839.65067  819.13586  2.44%   887 124487s
 351565 239874  836.84679  156  320  839.65067  819.14104  2.44%   889 127861s
 354035 242120  839.16230   98  442  839.65067  819.14199  2.44%   891 131091s
 357751 246816 infeasible   74       839.65067  819.14679  2.44%   893 133680s
 364721 251129 infeasible   40       839.65067  819.15227  2.44%   894 136186s
 370942 253851  827.72673   64  598  839.65067  819.15383  2.44%   895 138404s
 374076 253851     cutoff   43       839.65067  819.15858  2.44%   896 138405s
 375282 257619  832.62588   83  495  839.65067  819.15858  2.44%   897 140439s
 376542 257619  824.80856   60  564  839.65067  819.15858  2.44%   898 140440s
 381048 260412  838.71453  114  370  839.65067  819.16084  2.44%   898 142802s
 385201 264328  835.19119   82  500  839.65067  819.16739  2.44%   898 144571s
 390824 267987  830.52347   85  555  839.65067  819.17336  2.44%   899 146501s
 396081 271343 infeasible   83       839.65067  819.17437  2.44%   899 148968s
 400229 271343  822.34216   55  601  839.65067  819.17772  2.44%   899 148971s
 401047 274829 infeasible  114       839.65067  819.17791  2.44%   900 151211s
 406168 277924  839.03180   96  463  839.65067  819.18128  2.44%   901 153490s
 410723 281632 infeasible  113       839.65067  819.18305  2.44%   901 155239s
 413758 281632  837.75565  105  346  839.65067  819.18439  2.44%   901 155240s
 415839 284482  824.61329   60  573  839.65067  819.18603  2.44%   901 157286s
 420274 288147 infeasible  100       839.65067  819.18802  2.44%   902 159775s
 425397 292073  835.12422   94  419  839.65067  819.18987  2.44%   902 161500s
 430718 295817  837.04766   92  495  839.65067  819.19135  2.44%   902 163371s
 436126 298676 infeasible  127       839.65067  819.19380  2.44%   901 164896s
 440329 301620  838.36387   80  481  839.65067  819.19619  2.44%   902 166490s
 444511 305020  838.27208   96  513  839.65067  819.19756  2.44%   903 168378s
 449443 308187  831.70621   74  550  839.65067  819.20076  2.44%   904 170278s
 453861 308187  836.72977  113  357  839.65067  819.20150  2.44%   905 170280s
 454166 311789 infeasible   99       839.65067  819.20150  2.44%   905 172471s
 459138 315976  824.90118   58  561  839.65067  819.20416  2.44%   905 174732s
 464753 319376  825.70989   61  539  839.65067  819.20573  2.43%   904 176778s
 469713 322534     cutoff   88       839.65067  819.20679  2.43%   904 178735s
 474391 326052 infeasible   45       839.65067  819.20971  2.43%   905 180270s
 479296 330079  838.74933   89  466  839.65067  819.21096  2.43%   904 181883s
 484590 330837  821.55896   50  641  839.65067  819.21275  2.43%   903 185792s
 485678 335511  825.46863   61  595  839.65067  819.21296  2.43%   903 187893s
 491790 336621  824.25353   58  559  839.65067  819.21508  2.43%   903 190239s
 491913 336621 infeasible   99       839.65067  819.21508  2.43%   903 190240s
 493249 341426  826.34131   69  554  839.65067  819.21538  2.43%   903 192240s
 499734 345065  836.59070   95  483  839.65067  819.21697  2.43%   902 194124s
 504923 348521  832.69981   90  465  839.65067  819.21843  2.43%   903 195551s
 509418 351915 infeasible   41       839.65067  819.22016  2.43%   902 197400s
 514251 355131  839.06793  106  512  839.65067  819.22144  2.43%   903 199065s
 519009 358476  822.23034   53  580  839.65067  819.22327  2.43%   903 201422s
 523760 359699  835.12665   86  483  839.65067  819.22413  2.43%   903 204049s
 525591 363667  821.92170   42  690  839.65067  819.22449  2.43%   903 206212s
 531390 364885  822.44188   40  619  839.65067  819.22651  2.43%   903 208754s
 533403 376327  822.59013   56  659  839.65067  819.22693  2.43%   903 214745s
 542930 376327  836.88939  121  408  839.65067  819.22774  2.43%   904 214750s
 549574 380480  836.74069  121  395  839.65067  819.23326  2.43%   905 216696s
 555395 381098     cutoff  120       839.65067  819.23521  2.43%   905 219317s
 556345 383810  820.61664   46  661  839.65067  819.23521  2.43%   905 221922s
 559949 388742 infeasible  101       839.65067  819.23746  2.43%   905 224678s
 566775 389907  837.55228   88  527  839.65067  819.23808  2.43%   906 226924s
 568463 404141  819.67147   43  627  839.65067  819.23924  2.43%   906 233021s
 587551 404141 infeasible   57       839.65067  819.24528  2.43%   907 233030s
 588157 407601  836.29631   81  582  839.65067  819.24557  2.43%   907 236006s
 593150 409226  834.59458   93  495  839.65067  819.24728  2.43%   908 239532s
 595311 412917  820.61828   44  661  839.65067  819.24885  2.43%   908 242166s
 600557 416407 infeasible   79       839.65067  819.25093  2.43%   909 244106s
 605378 420748  835.87782   90  448  839.65067  819.25224  2.43%   909 246136s
 610905 422827  838.18375  115  501  839.65067  819.25402  2.43%   909 248777s
 613980 424513  821.11882   48  619  839.65067  819.25476  2.43%   910 251172s
 616322 429962  828.62413   69  609  839.65067  819.25584  2.43%   910 253077s
 623726 433933 infeasible  126       839.65067  819.25872  2.43%   910 255293s
 629581 437317  835.68855   96  461  839.65067  819.26176  2.43%   911 257267s
 634546 440199  823.70551   51  556  839.65067  819.26339  2.43%   911 259322s
 638626 443441  831.04541   78  534  839.65067  819.26419  2.43%   911 261598s
 643619 447325 infeasible   48       839.65067  819.26651  2.43%   912 263332s
 648769 451011 infeasible   48       839.65067  819.26651  2.43%   913 264967s
 653922 454617  823.40569   48  585  839.65067  819.26981  2.43%   913 266890s
 658689 458296  833.64401   98  451  839.65067  819.27180  2.43%   915 268954s
 663644 462025 infeasible  175       839.65067  819.27189  2.43%   915 270524s
 664010 462025 infeasible  109       839.65067  819.27315  2.43%   915 270525s
 668716 465793  831.84559   81  503  839.65067  819.27428  2.43%   916 272465s
 673626 469325 infeasible   99       839.65067  819.27535  2.43%   916 274348s
 678510 471282  822.34711   52  593  839.65067  819.27646  2.43%   916 277597s
 681638 474892  833.62465   83  439  839.65067  819.27890  2.43%   917 280066s
 686709 479598  837.66948   99  219  839.65067  819.28004  2.43%   918 281940s
 693150 481437 infeasible   49       839.65067  819.28356  2.43%   918 283845s
 695560 485013  836.66532   93  422  839.65067  819.28388  2.43%   918 288587s
H698571 484859                     839.6107554  819.28556  2.42%   918 288592s
 700669 493955  822.37607   57  622  839.61076  819.28625  2.42%   918 295221s
 706794 493955 infeasible   47       839.61076  819.28808  2.42%   918 295226s
 713191 498768  835.91916   92  475  839.61076  819.29112  2.42%   920 298690s
 720229 502932  838.75768  104  410  839.61076  819.29480  2.42%   921 301468s
 726284 505933  830.86510   77  519  839.61076  819.29740  2.42%   921 304365s
 730600 506916  830.45787   79  538  839.61076  819.29824  2.42%   922 307310s
 732181 511842  829.56561   79  562  839.61076  819.29861  2.42%   923 312295s
 739467 515678  837.89996   95  412  839.61076  819.30210  2.42%   924 316375s
 744998 520276     cutoff   98       839.61076  819.30380  2.42%   925 320213s
 751251 523673  823.75146   52  612  839.61076  819.30723  2.42%   925 323478s
 756345 525330  833.60305  109  374  839.61076  819.30858  2.42%   926 329741s
 758717 534669  829.00897   71  576  839.61076  819.31047  2.42%   927 340379s
 759844 534669  829.55390   58  574  839.61076  819.31104  2.42%   927 340380s
 772073 537104  822.75580   49  658  839.61076  819.31702  2.42%   928 345256s
 775367 541887  826.18882   57  606  839.61076  819.31820  2.42%   928 350928s
 782019 546103  832.11725   79  513  839.61076  819.32319  2.42%   928 355279s
 782203 546103     cutoff  117       839.61076  819.32326  2.42%   928 355280s
 787926 549266     cutoff   96       839.61076  819.32589  2.42%   929 359393s
 792029 553189 infeasible   43       839.61076  819.32640  2.42%   929 363687s
 795540 553189 infeasible   65       839.61076  819.32784  2.42%   929 363690s
 797577 557247  828.57285   76  518  839.61076  819.32941  2.42%   930 368794s
 798807 557247  826.81996   53  657  839.61076  819.33061  2.42%   930 368795s
 803122 560837  837.40896  105  556  839.61076  819.33198  2.42%   930 373636s
 808105 563378  820.21832   39  721  839.61076  819.33433  2.41%   930 379833s
 809165 563378 infeasible  153       839.61076  819.33481  2.41%   930 379835s
 811758 567929  832.72880   68  622  839.61076  819.33628  2.41%   931 384468s
 814289 567929  833.47308   87  407  839.61076  819.33758  2.41%   931 384470s
 818071 571423 infeasible   46       839.61076  819.33886  2.41%   931 388732s
 823021 574799  835.14641   98  486  839.61076  819.34101  2.41%   931 390790s
 827797 578245  820.39060   47  708  839.61076  819.34339  2.41%   931 394100s
 832500 579100  820.07289   42  682  839.61076  819.34453  2.41%   932 396838s
H833714 565682                     838.5941357  819.34453  2.30%   932 396841s
 833782 570070  820.07850   43  680  838.59414  819.34526  2.30%   932 399495s
 839782 573405  820.67069   46  614  838.59414  819.35001  2.29%   933 402090s
 844700 574124     cutoff   47       838.59414  819.35225  2.29%   933 405231s
H845123 573968                     838.5800751  819.35225  2.29%   933 405235s
 845658 578299  827.82595   67  609  838.58008  819.35264  2.29%   933 408674s
 851759 581733  836.44820  105  429  838.58008  819.35472  2.29%   934 410399s
 856634 585140 infeasible  124       838.58008  819.35788  2.29%   934 412758s
 861611 588316  830.41834   74  423  838.58008  819.35794  2.29%   934 415269s
 866204 591938  836.93621   98  464  838.58008  819.36259  2.29%   935 416572s
 871299 594947  837.61711  123  252  838.58008  819.36439  2.29%   935 419546s
 875790 596012 infeasible   84       838.58008  819.36611  2.29%   935 423014s
 877430 598164  823.57817   58  567  838.58008  819.36629  2.29%   936 426967s
 880525 600533  821.12216   45  621  838.58008  819.36980  2.29%   936 431542s
H882103 600345                     838.5658919  819.37009  2.29%   937 431548s
 884059 603461  819.41528   39  648  838.56589  819.37036  2.29%   937 433314s
 884624 603461  822.95382   57  598  838.56589  819.37141  2.29%   937 433315s
 888620 605508 infeasible   43       838.56589  819.37235  2.29%   937 437733s
 890170 605508  837.87785   92  477  838.56589  819.37235  2.29%   938 437735s
 891751 610323  836.08162   85  549  838.56589  819.37237  2.29%   938 440920s
 898710 612527  827.43708   68  559  838.56589  819.37851  2.29%   939 444699s
 900734 612527  821.47824   48  601  838.56589  819.37950  2.29%   939 444701s
 902043 616982 infeasible   67       838.56589  819.37988  2.29%   939 448351s
 908695 617997     cutoff   91       838.56589  819.38391  2.29%   940 453599s
 910215 620622  819.71629   44  633  838.56589  819.38428  2.29%   940 457882s
 911722 620622  820.43910   44  669  838.56589  819.38559  2.29%   940 457885s
 914172 623941 infeasible   68       838.56589  819.38701  2.29%   940 460423s
 918942 627510 infeasible  126       838.56589  819.38975  2.29%   940 462447s
 924046 630543  820.50949   49  650  838.56589  819.39270  2.29%   941 464269s
 926267 630543  829.61887   70  626  838.56589  819.39394  2.29%   941 464271s
 928726 633407  824.79297   58  603  838.56589  819.39558  2.29%   941 467689s
 929458 633407  838.16472   94  464  838.56589  819.39602  2.29%   941 467690s
 933184 636681  834.60658   94  378  838.56589  819.39824  2.29%   942 471128s
 937242 636681  830.64052   76  530  838.56589  819.39963  2.29%   942 471131s
 937938 640522  821.59042   36  667  838.56589  819.40007  2.29%   943 474400s
 943112 643792  834.57303   90  427  838.56589  819.40240  2.29%   943 477940s
 947648 647408  835.22572  119  524  838.56589  819.40443  2.29%   944 480323s
 952946 650319  820.55059   44  717  838.56589  819.40494  2.28%   944 482574s
 955156 650319  835.67366   88  429  838.56589  819.40742  2.28%   944 482577s
 957545 652023  822.38485   50  653  838.56589  819.40841  2.28%   944 487764s
 958207 652023  822.53704   52  613  838.56589  819.40841  2.28%   945 487765s
 960153 655306  834.90956   87  527  838.56589  819.41123  2.28%   945 490622s
 965075 656869  824.61829   53  586  838.56589  819.41396  2.28%   945 493511s
H965657 623178                     837.5842198  819.41396  2.17%   945 493519s
 966143 623178     cutoff   90       837.58422  819.41396  2.17%   946 493520s
 967458 628081  820.54917   36  643  837.58422  819.41614  2.17%   946 496424s
 969981 628081  825.94721   60  613  837.58422  819.41702  2.17%   946 496425s
H973910 589450                     836.5683447  819.41793  2.05%   946 496435s
 974295 590520  825.07730   56  606  836.56834  819.41941  2.05%   946 499885s
