
Gurobi 9.1.0 (linux64) logging started Fri Aug 20 15:26:17 2021

Changed value of parameter LogFile to eab_parasitoid_0.2_0_1_streetforest.log
   Prev:   Default: 
Changed value of parameter MIPGap to 0.01
   Prev: 0.0001  Min: 0.0  Max: inf  Default: 0.0001
Changed value of parameter Method to 2
   Prev: -1  Min: -1  Max: 5  Default: -1
Changed value of parameter MIPFocus to 2
   Prev: 0  Min: 0  Max: 3  Default: 0
Changed value of parameter RINS to 100
   Prev: -1  Min: -1  Max: 2000000000  Default: -1
Gurobi Optimizer version 9.1.0 build v9.1.0rc0 (linux64)
Thread count: 32 physical cores, 32 logical processors, using up to 32 threads
Optimize a model with 203386 rows, 134930 columns and 685029 nonzeros
Model fingerprint: 0x90b047cd
Variable types: 55774 continuous, 79156 integer (79156 binary)
Coefficient statistics:
  Matrix range     [2e-04, 1e+06]
  Objective range  [2e-06, 2e-01]
  Bounds range     [1e+00, 6e+03]
  RHS range        [1e-04, 1e+06]
Presolve removed 187201 rows and 121026 columns (presolve time = 5s) ...
Presolve removed 193394 rows and 126791 columns (presolve time = 10s) ...
Presolve removed 193637 rows and 126975 columns
Presolve time: 14.62s
Presolved: 9749 rows, 7955 columns, 132256 nonzeros
Variable types: 3436 continuous, 4519 integer (4518 binary)
Presolve removed 22 rows and 12 columns
Presolved: 9727 rows, 7943 columns, 132205 nonzeros

Root barrier log...

Ordering time: 0.66s

Barrier statistics:
 Dense cols : 152
 AA' NZ     : 5.665e+05
 Factor NZ  : 2.685e+06 (roughly 30 MBytes of memory)
 Factor Ops : 2.175e+09 (less than 1 second per iteration)
 Threads    : 31

                  Objective                Residual
Iter       Primal          Dual         Primal    Dual     Compl     Time
   0   3.01298372e+03 -1.81521627e+04  2.32e+04 2.01e-01  6.30e+01    17s
   1   2.23062736e+03 -1.96264073e+04  1.56e+04 4.38e-01  4.20e+01    17s
   2   1.44238552e+03 -1.95515394e+04  7.09e+03 8.81e-13  1.94e+01    17s
   3   7.26844315e+02 -1.38581405e+04  3.37e+02 2.06e-11  1.40e+00    18s
   4   6.12024562e+02 -6.55942437e+03  6.30e+01 1.38e-11  3.90e-01    18s
   5   5.69210517e+02 -1.38618964e+03  1.62e+01 2.13e-14  9.00e-02    18s
   6   5.51160012e+02 -2.72880322e+02  5.50e+00 1.69e-15  3.55e-02    18s
   7   5.38720271e+02  1.35138851e+02  7.14e-01 1.69e-15  1.64e-02    18s
   8   5.32308110e+02  4.37338386e+02  9.78e-04 2.20e-15  3.78e-03    19s
   9   5.29288279e+02  4.96457245e+02  4.03e-04 6.66e-16  1.30e-03    19s
  10   5.27117329e+02  5.07400849e+02  2.16e-04 4.81e-16  7.81e-04    19s
  11   5.26281155e+02  5.13222934e+02  1.43e-04 3.66e-16  5.17e-04    19s
  12   5.25799201e+02  5.17934622e+02  1.06e-04 2.22e-16  3.11e-04    20s
  13   5.24999195e+02  5.21291976e+02  4.66e-05 2.22e-16  1.47e-04    20s
  14   5.24717302e+02  5.23055495e+02  2.77e-05 3.32e-16  6.58e-05    20s
  15   5.24428182e+02  5.23834534e+02  8.58e-06 2.22e-16  2.35e-05    21s
  16   5.24409148e+02  5.23892554e+02  7.59e-06 2.22e-16  2.04e-05    21s
  17   5.24326368e+02  5.24036391e+02  3.08e-06 2.22e-16  1.15e-05    21s
  18   5.24316473e+02  5.24048352e+02  2.59e-06 2.22e-16  1.06e-05    21s
  19   5.24283563e+02  5.24201257e+02  9.17e-07 2.22e-16  3.26e-06    21s
  20   5.24273032e+02  5.24230333e+02  4.21e-07 2.13e-15  1.69e-06    22s
  21   5.24268002e+02  5.24246431e+02  1.89e-07 7.69e-15  8.54e-07    22s
  22   5.24266023e+02  5.24255649e+02  1.09e-07 8.25e-15  4.11e-07    22s
  23   5.24264945e+02  5.24258434e+02  6.43e-08 6.30e-15  2.58e-07    22s
  24   5.24264581e+02  5.24259008e+02  4.85e-08 5.72e-15  2.21e-07    23s
  25   5.24263926e+02  5.24262460e+02  1.77e-08 8.88e-16  5.80e-08    23s
  26   5.24263607e+02  5.24263145e+02  6.41e-09 1.61e-16  1.83e-08    23s
  27   5.24263436e+02  5.24263367e+02  6.42e-10 1.34e-14  2.72e-09    23s
  28   5.24263416e+02  5.24263412e+02  2.84e-11 9.67e-16  1.63e-10    23s
  29   5.24263415e+02  5.24263415e+02  6.19e-10 6.88e-15  8.67e-14    24s

Barrier solved model in 29 iterations and 23.66 seconds
Optimal objective 5.24263415e+02


Root crossover log...

     614 DPushes remaining with DInf 0.0000000e+00                24s
       0 DPushes remaining with DInf 0.0000000e+00                24s

    3513 PPushes remaining with PInf 0.0000000e+00                24s
       0 PPushes remaining with PInf 0.0000000e+00                24s

  Push phase complete: Pinf 0.0000000e+00, Dinf 1.4776122e-15     24s


Root simplex log...

Iteration    Objective       Primal Inf.    Dual Inf.      Time
    3950    5.2426342e+02   0.000000e+00   0.000000e+00     24s
    3950    5.2426342e+02   0.000000e+00   0.000000e+00     24s

Root relaxation: objective 5.242634e+02, 3950 iterations, 9.09 seconds

    Nodes    |    Current Node    |     Objective Bounds      |     Work
 Expl Unexpl |  Obj  Depth IntInf | Incumbent    BestBd   Gap | It/Node Time

     0     0  524.26343    0 1937          -  524.26343      -     -   25s
     0     0  568.25375    0 2350          -  568.25375      -     -   34s
     0     0  569.25862    0 2604          -  569.25862      -     -   53s
     0     0  569.37644    0 2630          -  569.37644      -     -   58s
     0     0  569.38161    0 2628          -  569.38161      -     -   59s
H    0     0                     687.4462411  569.38161  17.2%     -   79s
H    0     0                     687.3920377  569.38161  17.2%     -   79s
     0     0  578.55592    0 2549  687.39204  578.55592  15.8%     -   80s
H    0     0                     687.3172610  578.55592  15.8%     -   82s
H    0     0                     687.2672099  578.55592  15.8%     -   97s
     0     0  578.55592    0 2415  687.26721  578.55592  15.8%     -   97s
     0     0  578.55592    0 2370  687.26721  578.55592  15.8%     -  105s
     0     0  578.55592    0 2363  687.26721  578.55592  15.8%     -  108s
     0     0  578.55592    0 2368  687.26721  578.55592  15.8%     -  109s
     0     0  586.19071    0 2304  687.26721  586.19071  14.7%     -  142s
     0     0  586.33206    0 2291  687.26721  586.33206  14.7%     -  156s
     0     0  586.36490    0 2289  687.26721  586.36490  14.7%     -  161s
     0     0  595.20588    0 2253  687.26721  595.20588  13.4%     -  182s
     0     0  595.34907    0 2220  687.26721  595.34907  13.4%     -  194s
     0     0  595.36853    0 2231  687.26721  595.36853  13.4%     -  201s
     0     0  601.60734    0 2178  687.26721  601.60734  12.5%     -  223s
     0     0  602.11450    0 2188  687.26721  602.11450  12.4%     -  234s
     0     0  602.12496    0 2175  687.26721  602.12496  12.4%     -  251s
H    0     0                     641.7655053  602.12496  6.18%     -  267s
H    0     0                     641.7625285  602.12496  6.18%     -  267s
H    0     0                     641.7624551  602.12496  6.18%     -  267s
H    0     0                     641.7621023  602.12496  6.18%     -  267s
H    0     0                     632.3058064  602.12496  4.77%     -  331s
H    0     0                     632.3058053  602.12496  4.77%     -  331s
     0     0  609.91145    0 2222  632.30581  609.91145  3.54%     -  401s
H    0     0                     632.3049242  609.91145  3.54%     -  403s
     0     0  610.06287    0 2192  632.30492  610.06287  3.52%     -  427s
H    0     0                     632.3048173  610.06287  3.52%     -  446s
     0     0  610.09624    0 2203  632.30482  610.09624  3.51%     -  447s
H    0     0                     632.3028387  610.09624  3.51%     -  465s
H    0     0                     632.3028385  610.09624  3.51%     -  465s
H    0     0                     632.3027675  610.09624  3.51%     -  477s
     0     0  610.76900    0 2199  632.30277  610.76900  3.41%     -  477s
H    0     0                     632.3027450  610.76900  3.41%     -  487s
H    0     0                     631.8507457  610.76900  3.34%     -  487s
H    0     0                     631.3754769  610.76900  3.26%     -  487s
H    0     0                     631.3455703  610.76900  3.26%     -  487s
     0     0  610.83875    0 2213  631.34557  610.83875  3.25%     -  487s
H    0     0                     630.9189426  610.83875  3.18%     -  501s
H    0     0                     630.8930197  610.83875  3.18%     -  501s
     0     0  610.86170    0 2193  630.89302  610.86170  3.18%     -  501s
H    0     0                     630.8851340  610.86170  3.17%     -  518s
     0     0  610.94911    0 2158  630.88513  610.94911  3.16%     -  571s
     0     0  610.94911    0 2156  630.88513  610.94911  3.16%     -  581s
H    0     0                     630.7773663  610.94911  3.14%     -  795s
     0     2  610.94911    0 2156  630.77737  610.94911  3.14%     -  804s
     1     4  615.16744    1 2051  630.77737  610.94911  3.14%  2147  818s
     3     8  618.94122    2 2100  630.77737  611.34933  3.08%  1762  885s
     7    16  624.82984    3 2115  630.77737  612.18040  2.95%  2297  908s
    15    32  626.98650    4 2119  630.77737  612.49605  2.90%  2385  945s
    31    64  627.14457    5 2092  630.77737  612.63755  2.88%  3473  991s
    63    96  627.31579    6 2072  630.77737  612.91887  2.83%  3082 1014s
    95   128  627.69518    7 2088  630.77737  612.91887  2.83%  3163 1068s
H   96   128                     630.6732177  612.91887  2.82%  3130 1068s
   127   158  628.96598    7 2082  630.67322  612.91887  2.82%  3001 1126s
   159   190  628.41853    8 2046  630.67322  612.91887  2.82%  3023 1185s
   191   218     cutoff    8       630.67322  612.91887  2.82%  2894 1275s
H  223   248                     630.2144877  612.91887  2.74%  2724 1562s
H  226   248                     630.1700891  612.91887  2.74%  2699 1562s
H  227   248                     630.1403765  612.91887  2.73%  2701 1562s
H  230   248                     630.1087295  612.91887  2.73%  2676 1562s
H  236   248                     630.0899596  612.91887  2.73%  2679 1562s
H  247   248                     629.9245993  612.91887  2.70%  2618 1562s
   255   305  628.46558   10 2029  629.92460  612.91887  2.70%  2563 1738s
H  312   331                     629.9143720  612.91887  2.70%  2280 2786s
H  316   331                     629.9079360  612.91887  2.70%  2263 2786s
H  321   331                     629.5701494  612.91887  2.64%  2237 2786s
H  346   362                     629.5701473  612.91887  2.64%  2132 3523s
H  347   362                     629.5623106  612.91887  2.64%  2129 3523s
H  351   362                     629.5454896  612.91887  2.64%  2118 3523s
H  355   362                     629.5409606  612.91887  2.64%  2100 3523s
H  356   362                     629.3844978  612.91887  2.62%  2094 3523s
   379   430     cutoff   13       629.38450  612.91887  2.62%  2026 3577s
   455   503  629.04191   16 2009  629.38450  612.91887  2.62%  1843 3654s
   538   590     cutoff   18       629.38450  612.91887  2.62%  1719 3708s
   645   658  629.08946   17 1998  629.38450  612.91887  2.62%  1562 3756s
   735   740     cutoff   18       629.38450  612.91887  2.62%  1502 3789s
   835   868  619.52500   18 1961  629.38450  612.91887  2.62%  1433 3812s
   967   976  619.63473   21 1951  629.38450  612.91887  2.62%  1321 3846s
  1085  1102  619.95282   23 1912  629.38450  612.91887  2.62%  1264 3881s
  1230  1236  619.91829   22 1933  629.38450  612.91887  2.62%  1182 3917s
  1397  1311  623.39682   24 1902  629.38450  612.91887  2.62%  1093 4676s
H 1403  1311                     629.3844724  612.91887  2.62%  1091 4676s
H 1407  1311                     629.3744219  612.91887  2.61%  1089 4676s
H 1501  1311                     629.3533085  612.91887  2.61%  1060 4676s
  1506  1461  623.56946   24 1923  629.35331  612.91887  2.61%  1058 4802s
  1692  1590  623.52024   25 1914  629.35331  612.91887  2.61%  1005 5052s
H 1704  1590                     629.3532929  612.91887  2.61%  1001 5052s
  1866  1740  628.09407   28 1819  629.35329  612.91887  2.61%   969 5161s
  2071  1911  626.96330   29 1803  629.35329  612.91887  2.61%   928 5233s
  2256  2128  628.60479   29 1797  629.35329  612.91887  2.61%   898 5392s
  2481  2381  627.91427   32 1796  629.35329  612.91887  2.61%   865 5437s
  2744  2641  628.19564   37 1801  629.35329  612.91887  2.61%   818 5494s
H 3026  2640                     629.3468598  612.91887  2.61%   776 6673s
  3027  2641  625.77293  153 2156  629.34686  612.91887  2.61%   776 6723s
H 3028  2509                     629.3468567  612.91887  2.61%   775 6733s
H 3028  2384                     629.3468529  612.91887  2.61%   775 6734s
  3030  2385  627.05011   80 2531  629.34685  612.91887  2.61%   775 6738s
  3031  2386  623.46256   47 2370  629.34685  612.91887  2.61%   775 6740s
  3033  2387  620.41902   30 2157  629.34685  612.91887  2.61%   774 6745s
  3034  2388  624.13238   67 2125  629.34685  612.91887  2.61%   774 6750s
  3036  2389  625.67170   96 2053  629.34685  612.91887  2.61%   773 6756s
  3038  2390  617.35757   18 2028  629.34685  612.91887  2.61%   773 6762s
  3039  2391  617.74713   13 2044  629.34685  612.91887  2.61%   773 6767s
  3040  2392  625.44865   27 2037  629.34685  612.91887  2.61%   772 6773s
  3041  2392  616.56560   16 2042  629.34685  612.91887  2.61%   772 6781s
H 3041  2272                     629.3468501  612.91887  2.61%   772 6783s
  3043  2274  620.80933   39 2054  629.34685  612.91887  2.61%   772 6792s
H 3043  2160                     629.3468497  612.91887  2.61%   772 6846s
H 3043  2052                     629.3468483  612.91887  2.61%   772 6846s
  3044  2052  625.76655  111 1925  629.34685  612.91887  2.61%   771 6897s
  3045  2053  625.09477   31 1893  629.34685  612.91887  2.61%   771 6917s
  3046  2054  627.42221   45 1904  629.34685  612.91887  2.61%   771 6932s
  3047  2054  621.58454   15 1926  629.34685  612.91887  2.61%   771 6946s
H 3047  1951                     629.3468479  612.91887  2.61%   771 6961s
  3049  1953  621.91923   11 1930  629.34685  612.91887  2.61%   770 6978s
  3050  1953  626.43702   24 1934  629.34685  613.29230  2.55%   770 7028s
  3051  1954  623.58087   25 1893  629.34685  613.67959  2.49%   770 7092s
  3052  1955  625.66137   34 1904  629.34685  613.67959  2.49%   769 7106s
  3053  1955  618.60979   37 1917  629.34685  613.67959  2.49%   769 7126s
  3054  1956  618.61492   28 1916  629.34685  613.67959  2.49%   769 7135s
  3055  1957  617.90816   26 1977  629.34685  613.67959  2.49%   769 7148s
  3056  1957  628.24787   20 1951  629.34685  613.67959  2.49%   768 7175s
  3057  1958  616.07343   15 1932  629.34685  613.94402  2.45%   768 7228s
  3058  1959  622.51370   20 1951  629.34685  614.26816  2.40%   768 7232s
  3060  1960  618.24250   32 1971  629.34685  614.47149  2.36%   767 7251s
  3061  1961  628.22945   22 1963  629.34685  615.04504  2.27%   767 7286s
  3062  1961  617.73685   22 1973  629.34685  615.13234  2.26%   767 7303s
  3063  1962  627.23876   86 1936  629.34685  615.21372  2.25%   767 7338s
  3064  1963  628.24556   54 1971  629.34685  615.25455  2.24%   766 7364s
H 3064  1864                     629.3468478  615.51406  2.20%   766 7389s
  3066  1865  628.14342   54 1962  629.34685  615.63237  2.18%   766 7423s
  3067  1866  628.96696    8 1980  629.34685  615.67461  2.17%   766 7449s
  3068  1866  621.10053    8 1952  629.34685  615.90225  2.14%   765 7520s
  3069  1867  627.59415  145 1950  629.34685  615.90225  2.14%   765 7549s
H 3069  1773                     629.3468465  615.90225  2.14%   765 7715s
  3071  1777  620.64447   11 1912  629.34685  615.90225  2.14%   789 8137s
  3073  1781  620.71865   12 1934  629.34685  615.90225  2.14%   789 8677s
  3077  1787  621.05642   13 1969  629.34685  615.90225  2.14%   793 8759s
  3085  1801  623.06080   14 1950  629.34685  615.90225  2.14%   802 8810s
  3101  1819     cutoff   15       629.34685  615.90225  2.14%   819 8848s
  3133  1835  622.24217   16 1871  629.34685  615.90225  2.14%   877 8914s
  3165  1854  622.47822   17 1907  629.34685  615.90225  2.14%   904 8997s
  3197  1871  622.68278   17 1910  629.34685  615.90225  2.14%   922 9076s
  3229  1889  623.81845   18 1831  629.34685  615.90225  2.14%   939 9289s
H 3247  1793                     629.3178469  615.90225  2.13%   942 9289s
H 3249  1708                     629.2301607  615.90225  2.12%   942 9289s
  3261  1726     cutoff   18       629.23016  615.90225  2.12%   946 9362s
H 3297  1658                     629.2249989  615.90225  2.12%   959 10599s
H 3304  1579                     629.2249823  615.90225  2.12%   963 10599s
  3330  1609  623.82295   19 1830  629.22498  615.90225  2.12%   970 10637s
  3383  1629  624.21962   20 1818  629.22498  615.90225  2.12%   978 10682s
  3441  1636  624.63296   21 1797  629.22498  615.90225  2.12%   983 10808s
  3509  1636  625.65834   20 1833  629.22498  615.90225  2.12%   991 10900s
  3577  1633     cutoff   19       629.22498  615.90225  2.12%   993 11000s
  3643  1665  625.53495   22 1829  629.22498  615.90225  2.12%   997 11101s
  3714  1675  627.42007   22 1828  629.22498  615.90225  2.12%  1000 11189s
  3794  1675  626.04467   23 1819  629.22498  615.90225  2.12%  1003 11280s
  3848  1712  626.83913   24 1804  629.22498  615.90225  2.12%  1007 11365s
  3951  1709  628.21449   24 1803  629.22498  615.90225  2.12%  1006 11417s
  4038  1720  628.35237   27 1717  629.22498  615.90225  2.12%  1010 11504s
  4143  1752  628.86754   28 1741  629.22498  615.90225  2.12%  1009 11588s
  4249  1786     cutoff   30       629.22498  615.90225  2.12%  1008 11729s
  4351  1843  622.39386   17 1835  629.22498  615.90225  2.12%  1009 11886s
  4477  1887  622.83506   18 1807  629.22498  615.90225  2.12%  1008 11926s
  4612  1935  623.71027   19 1842  629.22498  615.90225  2.12%   999 12030s
  4768  1978  627.51216   21 1801  629.22498  615.90225  2.12%   992 12111s
  4901  2026  629.07274   23 1765  629.22498  615.90225  2.12%   989 12188s
  5053  1983  625.60945   29 1747  629.22498  615.90225  2.12%   982 12853s
  5097  2047  625.61859   30 1748  629.22498  615.90225  2.12%   983 13245s
H 5100  1973                     629.2249784  615.90225  2.12%   983 13245s
H 5112  1900                     629.2249782  615.90225  2.12%   982 13245s
  5214  2007  627.55994   33 1730  629.22498  615.90225  2.12%   982 13355s
  5423  2081     cutoff   36       629.22498  617.14414  1.92%   971 13457s
  5640  2205  623.42078   17 1849  629.22498  617.14414  1.92%   956 13522s
  5895  2243  624.23100   19 1869  629.22498  617.14414  1.92%   936 14046s
  6070  2413  626.76583   23 1776  629.22498  617.14414  1.92%   928 14133s
  6380  2541  628.83002   29 1730  629.22498  617.14414  1.92%   907 14232s
  6687  2635  628.79083   31 1730  629.22498  617.19616  1.91%   888 14589s
  6974  2807  622.54348   19 1844  629.22498  617.88414  1.80%   873 14724s
  7297  2895  624.66753   21 1762  629.22498  617.88414  1.80%   855 15451s
  7421  3270  625.53110   23 1778  629.22498  617.88414  1.80%   854 15557s
  7879  3539  626.43981   26 1749  629.22498  617.88414  1.80%   827 15822s
  8314  3849  627.57657   31 1742  629.22498  617.88414  1.80%   808 16023s
  8773  4154  628.73358   38 1783  629.22498  618.38632  1.72%   787 16271s
  9176  4413  623.41598   22 1831  629.22498  618.38632  1.72%   777 16474s
H 9214  4403                     629.1966301  618.38632  1.72%   775 16474s
  9551  4792  627.06032   28 1759  629.19663  618.38632  1.72%   770 16680s
 10067  5216     cutoff   36       629.19663  618.44909  1.71%   754 16952s
H10121  5146                     629.1469297  618.44909  1.70%   751 16952s
 10632  5643  625.92431   22 1779  629.14693  618.44909  1.70%   736 17055s
 11322  6177     cutoff   30       629.14693  619.21380  1.58%   714 17267s
 11996  6317     cutoff   22       629.14693  619.29799  1.57%   696 17948s
H12005  6314                     629.1447432  619.29799  1.57%   696 17948s
H12148  6314                     629.1447134  619.29799  1.57%   694 17948s
 12251  6810  626.15056   22 1779  629.14471  619.29799  1.57%   694 18137s
H12440  6810                     629.1447134  619.29799  1.57%   689 18137s
 12959  7259  627.30430   23 1775  629.14471  619.29799  1.57%   678 18346s
 13593  7450     cutoff   25       629.14471  619.29799  1.57%   666 18876s
 13921  8181  627.15863   24 1780  629.14471  619.29799  1.57%   663 19082s
 14959  8647  628.84101   30 1748  629.14471  620.24866  1.41%   639 19289s
 15742  8994  624.89847   29 1707  629.14471  620.24866  1.41%   628 19615s
 16374  9478  628.87645   44 1731  629.14471  622.02215  1.13%   627 20228s
 17002 10131  627.01307   29 1716  629.14471  622.25076  1.10%   626 20691s
 17888 10441  624.37774   29 1694  629.14471  622.26309  1.09%   618 21097s
 18349 11381  627.24070   42 1755  629.14471  622.33018  1.08%   613 21514s
H18843 11381                     629.1445786  622.60747  1.04%   608 21514s
 19576 11877  628.06380   41 1752  629.14458  622.63546  1.03%   595 21939s
H19869 11877                     629.1445783  622.74518  1.02%   594 21939s
 20348 11899     cutoff   29       629.14458  622.74518  1.02%   589 22418s
 20390 12143  629.01410   28 1716  629.14458  622.78492  1.01%   590 23439s
 20431 12143  626.15408   35 1730  629.14458  622.85400  1.00%   590 23440s

Cutting planes:
  Learned: 30
  Gomory: 36
  Cover: 263
  Implied bound: 70
  Projected implied bound: 296
  Clique: 15
  MIR: 879
  Flow cover: 3937
  GUB cover: 11
  Zero half: 94
  RLT: 1497
  Relax-and-lift: 293

Explored 20808 nodes (12376432 simplex iterations) in 23440.87 seconds
Thread count was 32 (of 32 available processors)

Solution count 10: 629.145 629.145 629.145 ... 629.225

Optimal solution found (tolerance 1.00e-02)
Best objective 6.291445783035e+02, best bound 6.228539962976e+02, gap 0.9999%
