
Gurobi 9.1.0 (linux64) logging started Fri Aug  6 00:03:38 2021

Changed value of parameter LogFile to eab_parasitoid_0_2_0.6_bud.log
   Prev:   Default: 
Changed value of parameter MIPGap to 0.01
   Prev: 0.0001  Min: 0.0  Max: inf  Default: 0.0001
Changed value of parameter Method to 2
   Prev: -1  Min: -1  Max: 5  Default: -1
Changed value of parameter MIPFocus to 2
   Prev: 0  Min: 0  Max: 3  Default: 0
Changed value of parameter RINS to 100
   Prev: -1  Min: -1  Max: 2000000000  Default: -1
Gurobi Optimizer version 9.1.0 build v9.1.0rc0 (linux64)
Thread count: 32 physical cores, 32 logical processors, using up to 32 threads
Optimize a model with 203396 rows, 134935 columns and 685039 nonzeros
Model fingerprint: 0xce4d1c09
Variable types: 55779 continuous, 79156 integer (79156 binary)
Coefficient statistics:
  Matrix range     [2e-04, 1e+06]
  Objective range  [1e-06, 1e-01]
  Bounds range     [1e+00, 6e+03]
  RHS range        [1e-04, 1e+06]
Presolve removed 192068 rows and 125403 columns (presolve time = 5s) ...
Presolve removed 193538 rows and 126896 columns
Presolve time: 7.42s
Presolved: 9858 rows, 8039 columns, 132144 nonzeros
Variable types: 3494 continuous, 4545 integer (4542 binary)
Presolve removed 20 rows and 17 columns
Presolved: 9838 rows, 8022 columns, 132045 nonzeros

Root barrier log...

Ordering time: 0.55s

Barrier statistics:
 Dense cols : 145
 AA' NZ     : 5.747e+05
 Factor NZ  : 2.733e+06 (roughly 30 MBytes of memory)
 Factor Ops : 2.278e+09 (less than 1 second per iteration)
 Threads    : 31

                  Objective                Residual
Iter       Primal          Dual         Primal    Dual     Compl     Time
   0   3.49951779e+03 -2.91114503e+04  9.36e+04 1.71e-01  1.97e+02     9s
   1   2.77145588e+03 -3.37964408e+04  6.31e+04 4.40e-01  1.28e+02    10s
   2   1.09591620e+03 -3.09844590e+04  8.84e+03 2.78e-02  1.95e+01    10s
   3   7.66337045e+02 -1.78856613e+04  2.80e+02 2.13e-13  1.29e+00    10s
   4   6.42147396e+02 -4.10906574e+03  4.18e+01 8.70e-14  2.66e-01    10s
   5   5.64604837e+02 -1.92936082e+03  9.94e+00 2.31e-14  1.11e-01    10s
   6   5.46096349e+02 -2.61313745e+02  2.81e+00 5.77e-15  3.38e-02    10s
   7   5.36197391e+02  3.03271861e+02  6.91e-01 1.83e-15  9.42e-03    10s
   8   5.31009314e+02  4.67004635e+02  1.45e-01 1.44e-15  2.54e-03    11s
   9   5.28286647e+02  5.00750741e+02  3.97e-02 1.02e-15  1.09e-03    11s
  10   5.27090228e+02  5.15349033e+02  1.49e-02 8.00e-16  4.63e-04    11s
  11   5.26548522e+02  5.18522252e+02  5.43e-03 5.78e-16  3.16e-04    11s
  12   5.26376452e+02  5.20640588e+02  2.63e-03 4.12e-16  2.26e-04    11s
  13   5.25861696e+02  5.23352201e+02  3.84e-05 3.07e-16  9.88e-05    11s
  14   5.25635819e+02  5.24112143e+02  1.64e-05 2.22e-16  6.00e-05    12s
  15   5.25522157e+02  5.24892437e+02  7.94e-06 4.44e-16  2.48e-05    12s
  16   5.25492380e+02  5.25030694e+02  6.00e-06 4.44e-16  1.82e-05    12s
  17   5.25467599e+02  5.25089122e+02  4.46e-06 1.39e-16  1.49e-05    12s
  18   5.25433911e+02  5.25177373e+02  2.42e-06 4.44e-16  1.01e-05    12s
  19   5.25409411e+02  5.25312104e+02  9.06e-07 2.22e-16  3.83e-06    12s
  20   5.25397704e+02  5.25363407e+02  3.24e-07 2.22e-16  1.35e-06    13s
  21   5.25393478e+02  5.25380788e+02  1.25e-07 2.22e-16  5.00e-07    13s
  22   5.25392381e+02  5.25384597e+02  7.63e-08 2.22e-16  3.06e-07    13s
  23   5.25391896e+02  5.25386403e+02  5.44e-08 2.22e-16  2.16e-07    13s
  24   5.25391282e+02  5.25388711e+02  2.72e-08 2.89e-16  1.01e-07    13s
  25   5.25390947e+02  5.25389638e+02  1.30e-08 4.44e-16  5.15e-08    14s
  26   5.25390727e+02  5.25390328e+02  3.94e-09 3.31e-16  1.57e-08    14s
  27   5.25390660e+02  5.25390548e+02  1.38e-09 6.14e-16  4.41e-09    14s
  28   5.25390643e+02  5.25390606e+02  7.31e-10 2.22e-16  1.43e-09    14s
  29   5.25390632e+02  5.25390614e+02  3.49e-10 7.67e-16  7.10e-10    14s
  30   5.25390624e+02  5.25390620e+02  7.54e-11 3.50e-14  1.66e-10    14s
  31   5.25390623e+02  5.25390622e+02  2.68e-11 2.75e-14  4.54e-11    15s

Barrier solved model in 31 iterations and 14.55 seconds
Optimal objective 5.25390623e+02


Root crossover log...

     684 DPushes remaining with DInf 0.0000000e+00                15s
       0 DPushes remaining with DInf 0.0000000e+00                15s

    4145 PPushes remaining with PInf 3.2280738e-05                15s
       0 PPushes remaining with PInf 0.0000000e+00                15s

  Push phase complete: Pinf 0.0000000e+00, Dinf 2.9292714e-01     15s


Root simplex log...

Iteration    Objective       Primal Inf.    Dual Inf.      Time
    4682    5.2539062e+02   0.000000e+00   2.929271e-01     15s
    4702    5.2539062e+02   0.000000e+00   0.000000e+00     15s
    4702    5.2539062e+02   0.000000e+00   0.000000e+00     15s

Root relaxation: objective 5.253906e+02, 4702 iterations, 7.26 seconds
Total elapsed time = 15.42s

    Nodes    |    Current Node    |     Objective Bounds      |     Work
 Expl Unexpl |  Obj  Depth IntInf | Incumbent    BestBd   Gap | It/Node Time

     0     0  527.12627    0 2183          -  527.12627      -     -   16s
     0     0  572.25553    0 2326          -  572.25553      -     -   24s
     0     0  572.75620    0 2304          -  572.75620      -     -   31s
     0     0  572.84935    0 2295          -  572.84935      -     -   33s
     0     0  572.85116    0 2314          -  572.85116      -     -   33s
     0     0  577.81316    0 2365          -  577.81316      -     -   49s
     0     0  579.07399    0 2305          -  579.07399      -     -   56s
H    0     0                     658.2290648  579.07399  12.0%     -   57s
H    0     0                     658.2263508  579.07399  12.0%     -   57s
     0     0  579.15625    0 2296  658.22635  579.15625  12.0%     -   57s
H    0     0                     658.2028072  579.15625  12.0%     -   59s
     0     0  579.30659    0 2167  658.20281  579.30659  12.0%     -   59s
     0     0  579.31036    0 2146  658.20281  579.31036  12.0%     -   59s
     0     0  583.50029    0 2083  658.20281  583.50029  11.3%     -   76s
H    0     0                     637.2000363  583.50029  8.43%     -   83s
     0     0  583.63429    0 2054  637.20004  583.63429  8.41%     -   91s
     0     0  583.89174    0 2061  637.20004  583.89174  8.37%     -  101s
     0     0  583.89629    0 2076  637.20004  583.89629  8.37%     -  104s
H    0     0                     616.7092840  583.89629  5.32%     -  133s
     0     0  589.95604    0 2072  616.70928  589.95604  4.34%     -  133s
     0     0  591.77921    0 2099  616.70928  591.77921  4.04%     -  135s
     0     0  591.78710    0 2112  616.70928  591.78710  4.04%     -  136s
     0     0  594.21722    0 2058  616.70928  594.21722  3.65%     -  147s
     0     0  596.43704    0 2046  616.70928  596.43704  3.29%     -  156s
     0     0  596.45006    0 2048  616.70928  596.45006  3.29%     -  159s
     0     0  599.37735    0 2059  616.70928  599.37735  2.81%     -  216s
     0     0  599.60717    0 2043  616.70928  599.60717  2.77%     -  247s
     0     0  599.64916    0 2060  616.70928  599.64916  2.77%     -  266s
     0     0  600.48432    0 2039  616.70928  600.48432  2.63%     -  306s
     0     0  600.54509    0 2070  616.70928  600.54509  2.62%     -  327s
     0     0  600.57087    0 2074  616.70928  600.57087  2.62%     -  342s
     0     0  600.66007    0 1946  616.70928  600.66007  2.60%     -  370s
     0     0  600.66007    0 1941  616.70928  600.66007  2.60%     -  378s
     0     2  600.66007    0 1941  616.70928  600.66007  2.60%     -  496s
     1     4  610.75783    1 1925  616.70928  600.66058  2.60%  2263  552s
     3     8  611.89635    2 1969  616.70928  600.90673  2.56%  1617  599s
     7    12     cutoff    3       616.70928  601.84660  2.41%  2103  689s
    15    24  602.11655    4 1763  616.70928  602.00591  2.38%  2249  744s
    27    40  612.68515    5 1829  616.70928  602.11771  2.37%  2318 1282s
    51    67  613.00942    6 1794  616.70928  602.68948  2.27%  2576 1350s
    83    91  614.00726    7 1679  616.70928  603.08930  2.21%  2538 1456s
   115   115  614.03077    8 1677  616.70928  603.12082  2.20%  2474 1509s
   147   144  614.03976    9 1676  616.70928  603.12082  2.20%  2302 1588s
   179   179  614.94666   10 1734  616.70928  603.12082  2.20%  2141 1692s
   226   205  614.97717   11 1732  616.70928  603.12082  2.20%  1951 2745s
H  230   205                     615.8758747  603.12082  2.07%  1938 2745s
H  234   205                     614.1471952  603.12082  1.80%  1937 2745s
   258   195     cutoff   12       614.14720  603.12082  1.80%  1900 2854s
   315   191     cutoff   11       614.14720  603.15640  1.79%  1658 2961s
   363   229  603.22685    9 1623  614.14720  603.15640  1.79%  1535 3050s
H  417   259                     614.0516987  603.15640  1.77%  1471 3462s
H  418   259                     614.0160782  603.15640  1.77%  1470 3462s
H  435   259                     614.0097294  603.15640  1.77%  1449 3462s
H  448   259                     614.0028918  603.15640  1.77%  1432 3462s
   451   314  604.09258   12 1654  614.00289  603.15640  1.77%  1436 3497s
   522   372  604.09626   13 1649  614.00289  603.15640  1.77%  1367 3523s
   607   441  608.59183   15 1682  614.00289  603.15640  1.77%  1270 3564s
   694   534  608.74282   16 1662  614.00289  603.15640  1.77%  1191 3620s
   796   645  609.18509   19 1677  614.00289  603.15640  1.77%  1113 4478s
   917   785  609.76620   22 1611  614.00289  603.15640  1.77%  1026 4605s
  1063   933  610.49431   26 1650  614.00289  603.15640  1.77%   942 4696s
  1231  1122  611.52192   29 1613  614.00289  603.15640  1.77%   853 4815s
  1428  1341  611.84227   36 1611  614.00289  603.15640  1.77%   768 4929s
  1663  1550  612.71342   45 1594  614.00289  603.15640  1.77%   686 5007s
  1917  1779  613.26301   56 1561  614.00289  603.15640  1.77%   617 5089s
  2183  2015  613.63660   68 1529  614.00289  603.15640  1.77%   566 5155s
  2489  2196  613.76623   82 1508  614.00289  603.18945  1.76%   518 5610s
H 2657  2187                     613.9848247  603.18945  1.76%   502 5610s
  2740  2453  603.34392   11 1737  613.98482  603.18945  1.76%   493 5686s
  3037  2454  612.11101   88 1941  613.98482  603.18945  1.76%   465 6990s
  3039  2455  612.63512  119 1900  613.98482  603.18945  1.76%   465 7013s
  3040  2456  612.06111  101 2224  613.98482  603.18945  1.76%   465 7026s
  3041  2457  610.50712   89 2177  613.98482  603.18945  1.76%   465 7037s
  3042  2457  613.94597   21 2113  613.98482  603.18945  1.76%   464 7051s
H 3042  2334                     613.9848202  603.18945  1.76%   464 7060s
  3044  2336  613.60022   98 1998  613.98482  603.18945  1.76%   464 7071s
  3045  2336  609.88615   41 1920  613.98482  603.18945  1.76%   464 7082s
  3046  2337  611.81432   93 1846  613.98482  603.18945  1.76%   464 7090s
  3047  2338  610.82738   65 1875  613.98482  603.18945  1.76%   464 7102s
  3048  2338  607.16759   15 1872  613.98482  603.18945  1.76%   464 7106s
  3049  2339  609.92850   25 1862  613.98482  603.18945  1.76%   463 7112s
  3050  2340  613.37395   53 1908  613.98482  603.18945  1.76%   463 7117s
  3051  2340  612.67456  130 1909  613.98482  603.18945  1.76%   463 7123s
  3052  2341  612.88177   74 1774  613.98482  603.18945  1.76%   463 7249s
  3053  2342  612.52229   55 1786  613.98482  603.18945  1.76%   463 7259s
  3054  2342  610.67512   45 1775  613.98482  603.18945  1.76%   463 7283s
  3055  2343  612.75792   72 1822  613.98482  603.18945  1.76%   462 7290s
  3056  2344  610.95736   62 1804  613.98482  603.18945  1.76%   462 7304s
  3057  2344  611.38452   66 1789  613.98482  603.18945  1.76%   462 7376s
  3058  2345  609.44176   15 1716  613.98482  603.30217  1.74%   462 7510s
  3059  2346  612.19458   39 1751  613.98482  603.73837  1.67%   462 7544s
  3060  2346  611.24656   69 1740  613.98482  603.97297  1.63%   462 7553s
  3061  2347  612.81434   82 1730  613.98482  604.14284  1.60%   462 7558s
  3062  2348  611.75841   22 1727  613.98482  604.14284  1.60%   461 7565s
  3063  2348  612.87827   56 1758  613.98482  604.14284  1.60%   461 7596s
  3064  2349  613.74494   66 1716  613.98482  604.14284  1.60%   461 7671s
  3066  2350  613.26986  105 1731  613.98482  604.14284  1.60%   461 7675s
  3068  2352  608.79774   30 1738  613.98482  604.41990  1.56%   461 7694s
  3069  2352  609.21238   29 1726  613.98482  604.65542  1.52%   460 7730s
  3070  2353  607.43597   25 1721  613.98482  604.73454  1.51%   460 7736s
  3071  2354  610.59436   53 1749  613.98482  604.77406  1.50%   460 7752s
  3072  2354  605.12682   16 1702  613.98482  604.92866  1.47%   460 7772s
  3074  2356  607.11836   17 1724  613.98482  605.01579  1.46%   460 7784s
  3075  2356  610.89285   94 1738  613.98482  605.02939  1.46%   459 7797s
  3076  2357  613.73945   11 1737  613.98482  605.02939  1.46%   459 7807s
  3077  2358  612.13633  110 1737  613.98482  605.02939  1.46%   459 7965s
  3078  2361  605.12833   11 1745  613.98482  605.02939  1.46%   478 8554s
  3080  2365  605.21438   12 1743  613.98482  605.02939  1.46%   478 8748s
  3084  2369     cutoff   13       613.98482  605.02939  1.46%   481 8774s
  3092  2371  605.02939   14 1783  613.98482  605.02939  1.46%   485 8832s
  3106  2368  612.41877   15 1563  613.98482  605.02939  1.46%   495 8920s
  3124  2362     cutoff   16       613.98482  605.02939  1.46%   512 8985s
  3144  2367  606.02231   17 1595  613.98482  605.03223  1.46%   524 9050s
  3164  2383  606.09760   18 1572  613.98482  606.03752  1.29%   534 9094s
  3196  2391  608.09964   19 1673  613.98482  606.09770  1.28%   545 9129s
H 3228  2279                     613.9839645  606.72308  1.18%   552 9173s
H 3229  2166                     613.9807649  606.72308  1.18%   552 9173s
H 3233  2058                     613.9795859  606.72308  1.18%   553 9173s
H 3239  1955                     613.9793411  606.72308  1.18%   554 9173s
H 3255  1852                     613.9769499  606.72308  1.18%   558 9173s
  3260  1884  608.72959   21 1656  613.97695  606.72308  1.18%   560 9217s
  3309  1882  609.76490   23 1648  613.97695  606.72308  1.18%   564 9923s
H 3310  1790                     613.9769347  606.72308  1.18%   564 9923s
H 3330  1696                     613.9693730  606.72308  1.18%   566 9923s
  3344  1720  610.01817   24 1626  613.96937  606.72308  1.18%   566 9939s
H 3400  1627                     613.9674125  606.72308  1.18%   568 10069s
H 3405  1546                     613.9637742  606.72308  1.18%   568 10069s
H 3436  1461                     613.9599194  606.72308  1.18%   569 10069s
  3446  1503  610.64929   26 1619  613.95992  606.72308  1.18%   569 10093s
  3531  1518  611.56636   28 1636  613.95992  606.72308  1.18%   569 10119s
  3614  1518  611.87933   30 1650  613.95992  606.72308  1.18%   569 10170s
  3686  1492  612.39427   32 1622  613.95992  606.72308  1.18%   578 10209s
  3734  1518  612.69124   33 1613  613.95992  606.72308  1.18%   582 10236s
  3820  1541  613.25798   38 1607  613.95992  606.72308  1.18%   585 10269s
  3909  1527  613.49550   42 1622  613.95992  606.72308  1.18%   588 10313s
  3997  1535     cutoff   43       613.95992  606.72308  1.18%   590 10558s
H 4048  1447                     613.9598782  606.72308  1.18%   592 10558s
  4090  1466  613.69807   41 1628  613.95988  606.72308  1.18%   593 10583s
  4192  1484  613.17752   24 1625  613.95988  606.72308  1.18%   596 10605s
  4295  1520     cutoff   25       613.95988  606.72308  1.18%   598 10654s
H 4388  1422                     613.9598606  606.72308  1.18%   600 10654s
  4404  1489  613.49235   25 1665  613.95986  606.72308  1.18%   600 10704s
  4521  1516     cutoff   27       613.95986  607.46903  1.06%   602 10737s
  4663  1516  608.22022   20 1663  613.95986  607.46903  1.06%   601 10774s
  4790  1507  608.92983   22 1667  613.95986  607.46903  1.06%   603 10902s
  4857  1529  609.99758   20 1643  613.95986  607.46903  1.06%   607 10982s
  5002  1576  609.35279   23 1619  613.95986  607.46903  1.06%   608 11099s
  5163  1620  610.13490   26 1633  613.95986  607.46903  1.06%   607 11173s
  5347  1653  610.90859   28 1638  613.95986  607.46903  1.06%   603 11244s
  5550  1704  611.04745   30 1626  613.95986  607.46903  1.06%   598 11306s
  5773  1760  612.13747   33 1576  613.95986  607.46903  1.06%   589 11387s
  5984  1802  612.56087   38 1605  613.95986  607.46903  1.06%   583 11467s
  6178  1949  613.88468   41 1600  613.95986  607.46903  1.06%   577 11551s
  6467  2052  613.47482   51 1597  613.95986  607.46903  1.06%   565 11622s
  6769  2121  613.71427   61 1557  613.95986  607.46903  1.06%   553 11688s
  7083  2255  613.84264   77 1524  613.95986  607.75048  1.01%   542 11783s
  7373  2326  610.23163   22 1675  613.95986  607.75048  1.01%   534 11830s
  7540  2461  610.97033   24 1632  613.95986  607.75048  1.01%   531 11872s
  7838  2613  612.12688   28 1621  613.95986  607.75048  1.01%   526 11913s
  8150  2718     cutoff   39       613.95986  608.84697  0.83%   521 11955s

Cutting planes:
  Learned: 23
  Gomory: 31
  Cover: 123
  Implied bound: 68
  Projected implied bound: 247
  Clique: 5
  MIR: 608
  StrongCG: 2
  Flow cover: 3486
  Zero half: 25
  RLT: 1274
  Relax-and-lift: 210

Explored 8385 nodes (4438044 simplex iterations) in 11955.76 seconds
Thread count was 32 (of 32 available processors)

Solution count 10: 613.96 613.96 613.96 ... 613.98

Optimal solution found (tolerance 1.00e-02)
Best objective 6.139598605909e+02, best bound 6.088469742008e+02, gap 0.8328%

Gurobi 9.1.0 (linux64) logging started Thu Aug 19 21:08:46 2021

Changed value of parameter LogFile to eab_parasitoid_0_2_0.6_bud.log
   Prev:   Default: 
Changed value of parameter MIPGap to 0.01
   Prev: 0.0001  Min: 0.0  Max: inf  Default: 0.0001
Changed value of parameter Method to 2
   Prev: -1  Min: -1  Max: 5  Default: -1
Changed value of parameter MIPFocus to 2
   Prev: 0  Min: 0  Max: 3  Default: 0
Changed value of parameter RINS to 100
   Prev: -1  Min: -1  Max: 2000000000  Default: -1
Changed value of parameter SolutionLimit to 1
   Prev: 2000000000  Min: 1  Max: 2000000000  Default: 2000000000
Gurobi Optimizer version 9.1.0 build v9.1.0rc0 (linux64)
Thread count: 32 physical cores, 32 logical processors, using up to 32 threads
Optimize a model with 203396 rows, 134935 columns and 685039 nonzeros
Model fingerprint: 0x8e91fc92
Variable types: 55779 continuous, 79156 integer (79156 binary)
Coefficient statistics:
  Matrix range     [2e-04, 1e+06]
  Objective range  [1e-06, 1e-01]
  Bounds range     [1e+00, 6e+03]
  RHS range        [1e-04, 1e+06]

User MIP start produced solution with objective 616.444 (1.58s)
User MIP start produced solution with objective 615.792 (1.59s)
User MIP start produced solution with objective 613.96 (1.66s)
Loaded user MIP start with objective 613.96
Processed MIP start in 1.67 seconds


Explored 0 nodes (0 simplex iterations) in 1.68 seconds
Thread count was 1 (of 32 available processors)

Solution count 4: 613.96 

Solution limit reached
Best objective 6.139598578651e+02, best bound -, gap -
