
Gurobi 9.1.0 (linux64) logging started Fri Aug 20 12:47:35 2021

Changed value of parameter LogFile to eab_parasitoid_1_0_0_area_street.log
   Prev:   Default: 
Changed value of parameter MIPGap to 0.01
   Prev: 0.0001  Min: 0.0  Max: inf  Default: 0.0001
Changed value of parameter Method to 2
   Prev: -1  Min: -1  Max: 5  Default: -1
Changed value of parameter MIPFocus to 2
   Prev: 0  Min: 0  Max: 3  Default: 0
Changed value of parameter RINS to 100
   Prev: -1  Min: -1  Max: 2000000000  Default: -1
Gurobi Optimizer version 9.1.0 build v9.1.0rc0 (linux64)
Thread count: 32 physical cores, 32 logical processors, using up to 32 threads
Optimize a model with 203386 rows, 134930 columns and 685029 nonzeros
Model fingerprint: 0xe13964bf
Variable types: 55774 continuous, 79156 integer (79156 binary)
Coefficient statistics:
  Matrix range     [2e-04, 1e+06]
  Objective range  [1e+00, 1e+00]
  Bounds range     [1e+00, 6e+03]
  RHS range        [1e-04, 1e+06]
Presolve removed 197834 rows and 130143 columns
Presolve time: 3.74s
Presolved: 5552 rows, 4787 columns, 77708 nonzeros
Variable types: 1823 continuous, 2964 integer (2964 binary)
Presolve removed 22 rows and 15 columns
Presolved: 5530 rows, 4772 columns, 77149 nonzeros

Root barrier log...

Ordering time: 0.28s

Barrier statistics:
 Dense cols : 74
 AA' NZ     : 2.877e+05
 Factor NZ  : 1.154e+06 (roughly 14 MBytes of memory)
 Factor Ops : 7.410e+08 (less than 1 second per iteration)
 Threads    : 31

                  Objective                Residual
Iter       Primal          Dual         Primal    Dual     Compl     Time
   0   2.28318227e+04 -5.66972119e+04  1.32e+04 8.05e-01  3.25e+02     5s
   1   1.60989447e+04 -6.69112329e+04  8.87e+03 2.30e+00  2.12e+02     5s
   2   1.77037853e+03 -6.80056793e+04  3.97e+02 1.93e-12  1.40e+01     5s
   3   1.07765215e+03 -2.41162457e+04  4.93e+01 1.14e-13  2.32e+00     5s
   4   9.70304383e+02 -2.44736983e+03  2.75e-02 3.05e-14  2.30e-01     5s
   5   8.99166961e+02 -1.47759146e+02  3.56e-04 5.27e-15  7.03e-02     5s
   6   8.50149768e+02  4.90577238e+02  1.44e-04 1.78e-15  2.41e-02     5s
   7   8.37015106e+02  6.85423633e+02  6.74e-05 1.78e-15  1.02e-02     5s
   8   8.30581023e+02  7.34410890e+02  2.51e-05 1.78e-15  6.46e-03     5s
   9   8.28246576e+02  8.03208308e+02  1.33e-05 1.78e-15  1.68e-03     5s
  10   8.27258414e+02  8.15739857e+02  7.15e-06 1.78e-15  7.73e-04     5s
  11   8.26601569e+02  8.23275460e+02  3.63e-06 1.78e-15  2.23e-04     5s
  12   8.26416363e+02  8.25100661e+02  2.60e-06 1.78e-15  8.83e-05     5s
  13   8.26125315e+02  8.25733611e+02  7.25e-07 1.78e-15  2.63e-05     5s
  14   8.26067310e+02  8.25881840e+02  3.71e-07 1.78e-15  1.25e-05     5s
  15   8.26035617e+02  8.25927101e+02  1.95e-07 1.78e-15  7.29e-06     5s
  16   8.26029949e+02  8.25954963e+02  1.60e-07 1.78e-15  5.03e-06     5s
  17   8.26008422e+02  8.25999312e+02  1.35e-10 3.55e-15  6.12e-07     5s
  18   8.26007621e+02  8.26007299e+02  8.16e-13 1.78e-15  2.16e-08     5s
  19   8.26007600e+02  8.26007600e+02  3.00e-13 3.55e-15  1.91e-12     5s

Barrier solved model in 19 iterations and 5.07 seconds
Optimal objective 8.26007600e+02


Root crossover log...

      76 DPushes remaining with DInf 0.0000000e+00                 5s
       0 DPushes remaining with DInf 0.0000000e+00                 5s

    4286 PPushes remaining with PInf 0.0000000e+00                 5s
       0 PPushes remaining with PInf 0.0000000e+00                 5s

  Push phase complete: Pinf 0.0000000e+00, Dinf 0.0000000e+00      5s


Root simplex log...

Iteration    Objective       Primal Inf.    Dual Inf.      Time
    4318    8.2600760e+02   0.000000e+00   0.000000e+00      5s
    4318    8.2600760e+02   0.000000e+00   0.000000e+00      5s

Root relaxation: objective 8.260076e+02, 4318 iterations, 1.25 seconds

    Nodes    |    Current Node    |     Objective Bounds      |     Work
 Expl Unexpl |  Obj  Depth IntInf | Incumbent    BestBd   Gap | It/Node Time

     0     0  826.00760    0  128          -  826.00760      -     -    5s
     0     0  826.03317    0  440          -  826.03317      -     -    7s
     0     0  826.03325    0  441          -  826.03325      -     -    7s
     0     0  826.12828    0  620          -  826.12828      -     -    8s
     0     0  826.15290    0  653          -  826.15290      -     -    8s
     0     0  826.15400    0  661          -  826.15400      -     -    8s
     0     0  826.15427    0  659          -  826.15427      -     -    8s
     0     0  826.15428    0  659          -  826.15428      -     -    8s
     0     0  827.12861    0  641          -  827.12861      -     -    9s
     0     0  827.12861    0  647          -  827.12861      -     -   10s
     0     0  827.12861    0  661          -  827.12861      -     -   10s
     0     0  827.12861    0  668          -  827.12861      -     -   10s
     0     0  827.12861    0  670          -  827.12861      -     -   10s
     0     0  829.27160    0  720          -  829.27160      -     -   11s
     0     0  830.35920    0  747          -  830.35920      -     -   12s
     0     0  830.35920    0  769          -  830.35920      -     -   12s
     0     0  830.35920    0  772          -  830.35920      -     -   12s
     0     0  830.35920    0  758          -  830.35920      -     -   13s
     0     0  830.35920    0  782          -  830.35920      -     -   14s
     0     0  830.35920    0  824          -  830.35920      -     -   14s
     0     0  830.35920    0  822          -  830.35920      -     -   14s
     0     0  830.35920    0  820          -  830.35920      -     -   14s
H    0     0                     922.2974820  830.35920  10.0%     -   16s
     0     0  830.35920    0  763  922.29748  830.35920  10.0%     -   17s
     0     0  830.35920    0  776  922.29748  830.35920  10.0%     -   18s
     0     0  830.35920    0  769  922.29748  830.35920  10.0%     -   18s
     0     0  830.35920    0  769  922.29748  830.35920  10.0%     -   18s
     0     0  830.35920    0  735  922.29748  830.35920  10.0%     -   21s
H    0     0                     889.5707059  830.35920  6.66%     -   21s
     0     0  830.35920    0  729  889.57071  830.35920  6.66%     -   22s
     0     0  830.35920    0  749  889.57071  830.35920  6.66%     -   22s
     0     0  830.35920    0  760  889.57071  830.35920  6.66%     -   22s
     0     0  830.35920    0  766  889.57071  830.35920  6.66%     -   23s
     0     0  830.35920    0  764  889.57071  830.35920  6.66%     -   24s
     0     0  830.35920    0  769  889.57071  830.35920  6.66%     -   24s
     0     0  830.35920    0  758  889.57071  830.35920  6.66%     -   25s
     0     0  830.35920    0  756  889.57071  830.35920  6.66%     -   26s
     0     0  830.35920    0  761  889.57071  830.35920  6.66%     -   26s
     0     0  830.35920    0  755  889.57071  830.35920  6.66%     -   28s
     0     0  830.35920    0  715  889.57071  830.35920  6.66%     -   31s
H    0     0                     884.2077262  830.35920  6.09%     -   33s
H    0     0                     883.1331487  830.35920  5.98%     -   43s
     0     2  830.35920    0  711  883.13315  830.35920  5.98%     -   44s
     1     2 infeasible    1       883.13315  830.35920  5.98%  2781   47s
     3     2  830.35920    2  725  883.13315  830.35920  5.98%  1267   51s
     5     2 infeasible    3       883.13315  830.35920  5.98%  3215   58s
     7     4  832.16503    4  737  883.13315  830.35920  5.98%  2943   60s
     9     6 infeasible    5       883.13315  830.47831  5.96%  2684   70s
    13     4  831.97100    6  716  883.13315  831.03224  5.90%  2313   80s
    27     4 infeasible    9       883.13315  833.99735  5.56%  1727   86s
    35     4 infeasible   11       883.13315  835.89240  5.35%  1584   90s
    43     6 infeasible   13       883.13315  836.91624  5.23%  1587   95s
    49     6  838.91273   14  633  883.13315  837.90536  5.12%  1580  155s
    61     8  840.94095   16  436  883.13315  839.96359  4.89%  2140  181s
    67    16  841.17545   17  518  883.13315  840.94095  4.78%  2221  185s
    75    28 infeasible   18       883.13315  841.17545  4.75%  2349  226s
    91    56  841.93631   19  370  883.13315  841.93631  4.66%  2275  234s
   119    84  841.93631   20  368  883.13315  841.93631  4.66%  2350  285s
H  151   108                     877.8591164  841.93631  4.09%  2342  316s
H  161   108                     871.5195464  841.93631  3.39%  2332  317s
   183   151  841.93631   22  332  871.51955  841.93631  3.39%  2327  323s
H  228   181                     868.3332626  841.93631  3.04%  2040  337s
H  231   181                     866.3063133  841.93631  2.81%  2023  337s
   260   233  841.93631   24  376  866.30631  841.93631  2.81%  1916  345s
H  312   273                     865.2096967  841.93631  2.69%  1705  384s
H  313   273                     864.1702738  841.93631  2.57%  1710  384s
H  314   273                     864.1180675  841.93631  2.57%  1704  384s
   354   346  841.93631   26  370  864.11807  841.93631  2.57%  1604  393s
   427   421  841.93631   27  415  864.11807  841.93631  2.57%  1434  400s
   506   587  841.93631   28  410  864.11807  841.93631  2.57%  1272  433s
   674   839  841.93702   35  487  864.11807  841.93631  2.57%  1076  479s
   930  1127 infeasible   38       864.11807  841.93631  2.57%   923  537s
  1223  1578 infeasible   38       864.11807  841.93631  2.57%   789  617s
  1686  2028 infeasible   37       864.11807  841.93631  2.57%   701  687s
H 1719  2028                     860.9631673  841.93631  2.21%   703  687s
  2162  2357  842.96864   36  484  860.96317  841.93631  2.21%   648  732s
  2509  3068 infeasible   44       860.96317  841.93631  2.21%   642  779s
  3279  3069  844.17849   21  715  860.96317  841.93631  2.21%   613  795s
  3281  3070  845.22112   49  108  860.96317  841.93631  2.21%   613  804s
  3282  3071  845.21752   52  342  860.96317  841.93631  2.21%   613  807s
  3286  3074  846.35467   35  656  860.96317  841.93631  2.21%   612  810s
  3288  3075  844.17849   26  627  860.96317  841.93631  2.21%   612  825s
  3289  3076  841.99912   61  626  860.96317  841.93631  2.21%   611  833s
  3290  3076  845.14314   33  626  860.96317  841.93631  2.21%   611  844s
  3291  3080  841.93631   10  606  860.96317  841.93631  2.21%   617  859s
  3293  3079 infeasible   11       860.96317  841.93631  2.21%   617  885s
  3297  3078  841.93631   12  657  860.96317  841.93631  2.21%   618  926s
  3301  3077 infeasible   13       860.96317  841.93631  2.21%   619  942s
  3305  3075  841.93631   14  676  860.96317  841.93631  2.21%   619  949s
  3309  3074 infeasible   15       860.96317  841.93631  2.21%   619  953s
  3313  3075  841.93631   16  692  860.96317  841.93631  2.21%   620  957s
  3317  3075 infeasible   17       860.96317  841.93631  2.21%   621  963s
  3323  3075  841.93631   18  704  860.96317  841.93631  2.21%   621  978s
  3331  3073 infeasible   19       860.96317  841.93631  2.21%   622  988s
  3341  3069  841.93631   20  683  860.96317  841.93631  2.21%   623 1012s
  3351  3066 infeasible   21       860.96317  841.93631  2.21%   632 1019s
  3361  3073  841.93631   22  711  860.96317  841.93631  2.21%   633 1023s
  3371  3073 infeasible   23       860.96317  841.93631  2.21%   634 1058s
  3391  3091  841.93631   24  637  860.96317  841.93631  2.21%   637 1081s
H 3411  2930                     859.8734839  841.93631  2.09%   643 1081s
  3415  2935  841.93631   25  616  859.87348  841.93631  2.09%   643 1123s
H 3423  2785                     858.8527925  841.93631  1.97%   644 1123s
  3447  2787  841.93631   26  620  858.85279  841.93631  1.97%   648 1140s
  3540  2847  841.93631   29  555  858.85279  841.93631  1.97%   644 1165s
  3572  2875 infeasible   30       858.85279  841.93631  1.97%   643 1170s
  3625  2891  841.93631   29  606  858.85279  841.93631  1.97%   644 1186s
  3684  2990  841.97940   30  565  858.85279  841.93631  1.97%   651 1204s
  3813  3208  841.97945   31  563  858.85279  841.93631  1.97%   662 1226s
  4106  3322  843.10612   35  550  858.85279  841.93631  1.97%   651 1248s
  4366  3333 infeasible   36       858.85279  841.93631  1.97%   644 1272s
  4559  3374  846.34265   41  498  858.85279  841.93631  1.97%   651 1302s
  4715  3433  847.19905   42  427  858.85279  841.93631  1.97%   659 1318s
  4885  3573 infeasible   44       858.85279  841.93631  1.97%   666 1339s
  5159  3599 infeasible   50       858.85279  841.93631  1.97%   659 1354s
  5337  3778  841.96968   28  565  858.85279  841.93631  1.97%   669 1380s
  5613  3926  844.05568   34  499  858.85279  841.93631  1.97%   664 1409s
  5931  4098  846.13058   46  363  858.85279  841.93631  1.97%   658 1470s
  6259  4271  846.13058   61  329  858.85279  841.93631  1.97%   656 1511s
  6613  4381  847.16291   74  305  858.85279  841.93631  1.97%   650 1563s
  6934  4480  849.31917   78  328  858.85279  841.93631  1.97%   651 1608s
H 7074  4294                     858.8469596  841.93631  1.97%   654 1608s
  7212  4609  849.31997   97  357  858.84696  841.93631  1.97%   649 1633s
H 7235  4469                     857.8659447  841.93631  1.86%   647 1633s
H 7342  4308                     857.7979237  841.93631  1.85%   642 1633s
H 7511  4132                     857.7617909  841.93631  1.84%   647 1633s
H 7593  3991                     857.7530216  841.93631  1.84%   644 1633s
  7646  4327  853.52989  130  222  857.75302  841.93631  1.84%   643 1650s
  8078  4533  842.01104   30  539  857.75302  841.93631  1.84%   639 1679s
H 8097  4415                     856.6543623  841.93631  1.72%   640 1679s
  8495  4465  844.04701   38  565  856.65436  841.93631  1.72%   635 1701s
H 8547  4243                     855.6140956  841.93631  1.60%   633 1701s
  8779  4345  845.11188   43  535  855.61410  841.93631  1.60%   636 1743s
H 8814  4056                     854.5766482  841.93631  1.48%   635 1743s
  9132  4339  851.40889   57  430  854.57665  841.93631  1.48%   642 1790s
H 9454  4120                     853.5206888  841.93631  1.36%   642 1790s
  9490  4191  851.40889   61  471  853.52069  841.93631  1.36%   646 1814s
  9633  4299 infeasible   63       853.52069  841.93631  1.36%   644 1849s
  9785  4610 infeasible   61       853.52069  841.93631  1.36%   652 1891s
 10165  4865  843.02924   35  513  853.52069  841.93631  1.36%   651 1969s
 10550  5160  848.28175   50  483  853.52069  841.93631  1.36%   658 2022s
 10948  5377 infeasible   57       853.52069  841.93631  1.36%   662 2074s
 11287  5618  851.51617   65  452  853.52069  841.93631  1.36%   674 2171s
 11605  5891 infeasible   76       853.52069  841.93631  1.36%   686 2207s
 12035  6244  846.13058   47  320  853.52069  841.93631  1.36%   687 2250s
 12494  6574  847.23947   55  509  853.52069  841.93631  1.36%   688 2318s
 12888  6976  850.42726   61  440  853.52069  841.93631  1.36%   687 2406s
 13395  7122 infeasible   63       853.52069  841.93631  1.36%   685 2532s
 13654  7441 infeasible   63       853.52069  841.93631  1.36%   678 2598s
 14148  7861 infeasible   63       853.52069  841.93631  1.36%   684 2660s
 14691  8172 infeasible   64       853.52069  841.93631  1.36%   689 2694s
 15131  8561  845.14876   35  550  853.52069  841.93631  1.36%   689 2803s
 15701  8885  848.32084   48  476  853.52069  841.93631  1.36%   693 2882s
 16171  9203  849.43155   53  529  853.52069  841.93631  1.36%   704 2951s
H16316  8537                     852.4977082  841.93631  1.24%   708 2951s
 16631  8921  851.50842   60  449  852.49771  841.93631  1.24%   714 3013s
 17245  9309  851.51280   64  429  852.49771  841.93631  1.24%   724 3074s
 17799  9622 infeasible   68       852.49771  841.93631  1.24%   735 3110s
 18205 10073  851.51280   70  414  852.49771  841.93631  1.24%   740 3197s
 18813 10550  844.18115   34  576  852.49771  841.93631  1.24%   746 3328s
 19478 10929  845.19201   42  415  852.49771  841.93631  1.24%   753 3435s
 20056 11272  845.19593   46  584  852.49771  841.93631  1.24%   765 3524s
 20562 11721  846.33070   49  421  852.49771  841.93631  1.24%   768 3627s
 21190 12073  847.26118   63  406  852.49771  841.93631  1.24%   780 3694s
 21645 12491  848.32341   72  362  852.49771  841.93631  1.24%   795 3778s
 22220 13023  848.35524   95  340  852.49771  841.93631  1.24%   812 3846s
 22943 13445  844.11627   34  492  852.49771  841.93631  1.24%   825 3965s
 23557 13946  846.25961   49  566  852.49771  841.93631  1.24%   838 4058s
 24251 14478  841.93631   29  608  852.49771  841.93631  1.24%   852 4242s
 25018 15029  846.24860   40  542  852.49771  841.93631  1.24%   866 4363s
 25822 15420 infeasible   49       852.49771  841.93631  1.24%   879 4464s
 26423 15926  847.29641   49  487  852.49771  841.93631  1.24%   888 4590s
 27272 16641  848.38385   61  583  852.49771  841.93631  1.24%   899 4750s
 28250 17454  849.34586   70  428  852.49771  841.93631  1.24%   898 4834s
 29413 18056  849.34587   84  450  852.49771  841.93631  1.24%   895 4991s
 30527 18937  850.44517  105  298  852.49771  841.93631  1.24%   897 5133s
 31774 19616  850.44517  121  381  852.49771  841.93631  1.24%   898 5312s
 32976 20163  850.44517  133  410  852.49771  841.93631  1.24%   900 5538s
 33971 21362 infeasible  136       852.49771  841.99379  1.23%   909 5859s
 35574 22612  849.36839   82  442  852.49771  842.02060  1.23%   905 6145s
 37297 22896  844.06999   39  488  852.49771  842.02603  1.23%   899 6666s
 37825 24215  845.33430   43  418  852.49771  842.06277  1.22%   906 6934s
 39507 25207  844.05345   38  431  852.49771  842.06277  1.22%   909 7223s
 40784 25804 infeasible   56       852.49771  842.96377  1.12%   899 7497s
 41789 26820  postponed   47       852.49771  842.96377  1.12%   909 7935s
 43553 28839  postponed   59       852.49771  842.96377  1.12%   923 8453s
 46036 30777  847.21118   65  428  852.49771  842.96399  1.12%   932 8902s
 48669 31983  849.31622  103  446  852.49771  842.96593  1.12%   939 9470s
 50801 33712  849.67428   51  517  852.49771  842.96910  1.12%   949 10017s
 53488 35362 infeasible   47       852.49771  842.97189  1.12%   949 10537s
 56144 37483  844.02195   38  485  852.49771  842.97436  1.12%   946 11105s
 59271 39424  849.24556   69  525  852.49771  842.97840  1.12%   949 11866s
 62367 40345 infeasible   67       852.49771  842.99655  1.11%   947 12632s
 63929 42944 infeasible   46       852.49771  843.01889  1.11%   950 13518s
 67838 45331  848.50200   55  518  852.49771  843.02092  1.11%   948 14054s
 70947 47212 infeasible   68       852.49771  843.02658  1.11%   960 14812s
 73692 48629  844.16680   47  582  852.49771  843.02658  1.11%   968 15602s
 75748 51133 infeasible   60       852.49771  843.02658  1.11%   968 16376s
 79632 53152  844.07862   37  555  852.49771  843.02658  1.11%   970 17270s
 82518 55626 infeasible   56       852.49771  843.02688  1.11%   990 18726s
 86790 57757 infeasible  118       852.49771  843.02985  1.11%  1006 20230s
 90400 59990  846.28295   45  509  852.49771  843.03148  1.11%  1021 21454s
 93783 59990  849.44706   56  399  852.49771  843.03148  1.11%  1029 21455s
 93916 62787 infeasible   44       852.49771  843.03361  1.11%  1031 23008s
 98074 65997 infeasible   73       852.49771  843.03364  1.11%  1045 23899s
 102519 68560  847.40354   60  517  852.49771  843.03558  1.11%  1051 25076s
 106286 70551 infeasible   58       852.49771  843.03923  1.11%  1063 26570s
 109897 71832  844.11860   34  565  852.49771  843.04212  1.11%  1069 27730s
 111889 74150  844.04944   37  544  852.49771  843.04592  1.11%  1073 28815s
 115549 76364  849.36982  109  289  852.49771  843.05864  1.11%  1076 30473s
 119722 77828  844.05169   36  532  852.49771  843.07208  1.11%  1076 31979s
 122433 79383  847.32675   66  416  852.49771  843.09185  1.10%  1077 33891s
 126088 81792 infeasible   56       852.49771  843.12569  1.10%  1082 35652s
 130262 82746  851.46866   58  539  852.49771  843.27872  1.08%  1084 36728s
 131769 86451  848.52484   50  530  852.49771  843.28555  1.08%  1093 38054s

Cutting planes:
  Learned: 14
  Gomory: 38
  Cover: 407
  Implied bound: 231
  Projected implied bound: 13
  Clique: 10
  MIR: 811
  StrongCG: 2
  Flow cover: 2781
  GUB cover: 8
  Inf proof: 8
  Zero half: 10
  RLT: 1627
  Relax-and-lift: 158

Explored 136985 nodes (149737790 simplex iterations) in 38057.94 seconds
Thread count was 32 (of 32 available processors)

Solution count 10: 852.498 853.521 854.577 ... 858.847

Optimal solution found (tolerance 1.00e-02)
Best objective 8.524977081689e+02, best bound 8.440158018728e+02, gap 0.9949%
