
Gurobi 9.1.0 (linux64) logging started Tue Aug  3 04:34:21 2021

Changed value of parameter LogFile to eab_parasitoid_0_0_0.4_bud.log
   Prev:   Default: 
Changed value of parameter MIPGap to 0.01
   Prev: 0.0001  Min: 0.0  Max: inf  Default: 0.0001
Changed value of parameter Method to 2
   Prev: -1  Min: -1  Max: 5  Default: -1
Changed value of parameter MIPFocus to 2
   Prev: 0  Min: 0  Max: 3  Default: 0
Changed value of parameter RINS to 100
   Prev: -1  Min: -1  Max: 2000000000  Default: -1
Gurobi Optimizer version 9.1.0 build v9.1.0rc0 (linux64)
Thread count: 32 physical cores, 32 logical processors, using up to 32 threads
Optimize a model with 203396 rows, 134935 columns and 685039 nonzeros
Model fingerprint: 0x4b488f1a
Variable types: 55779 continuous, 79156 integer (79156 binary)
Coefficient statistics:
  Matrix range     [2e-04, 1e+06]
  Objective range  [1e-06, 1e-01]
  Bounds range     [1e+00, 6e+03]
  RHS range        [1e-04, 1e+06]
Presolve removed 184332 rows and 119124 columns (presolve time = 5s) ...
Presolve removed 189716 rows and 123688 columns (presolve time = 10s) ...
Presolve removed 191595 rows and 125440 columns (presolve time = 15s) ...
Presolve removed 192959 rows and 126537 columns (presolve time = 20s) ...
Presolve removed 193277 rows and 126803 columns
Presolve time: 24.02s
Presolved: 10119 rows, 8132 columns, 133671 nonzeros
Variable types: 3418 continuous, 4714 integer (4708 binary)
Presolve removed 41 rows and 38 columns
Presolved: 10078 rows, 8094 columns, 133513 nonzeros

Root barrier log...

Ordering time: 0.72s

Barrier statistics:
 Dense cols : 146
 AA' NZ     : 5.767e+05
 Factor NZ  : 2.788e+06 (roughly 30 MBytes of memory)
 Factor Ops : 2.313e+09 (less than 1 second per iteration)
 Threads    : 31

                  Objective                Residual
Iter       Primal          Dual         Primal    Dual     Compl     Time
   0   1.88391446e+03 -1.96690476e+04  4.49e+04 1.37e-01  9.36e+01    27s
   1   1.58712147e+03 -2.42495805e+04  3.04e+04 4.42e-01  6.33e+01    27s
   2   8.87168833e+02 -2.34499511e+04  3.67e+03 3.78e-03  8.52e+00    27s
   3   7.72755603e+02 -1.73965686e+04  4.53e+02 1.02e-12  1.55e+00    27s
   4   7.31813180e+02 -9.45192760e+03  1.77e+02 4.26e-13  6.35e-01    27s
   5   6.86267865e+02 -3.30171111e+03  3.36e+01 1.67e-13  1.82e-01    28s
   6   6.65264419e+02 -5.55336160e+02  5.82e+00 6.84e-14  5.07e-02    28s
   7   6.53914059e+02  3.39423284e+02  5.49e-01 1.55e-14  1.24e-02    28s
   8   6.47169084e+02  5.21629609e+02  1.88e-02 6.99e-15  4.88e-03    28s
   9   6.44518632e+02  5.74229379e+02  8.58e-05 4.16e-15  2.73e-03    28s
  10   6.43642591e+02  5.97170959e+02  4.46e-05 2.66e-15  1.81e-03    29s
  11   6.42839612e+02  6.05784373e+02  2.09e-05 2.39e-15  1.44e-03    29s
  12   6.42594507e+02  6.17283986e+02  1.58e-05 1.14e-15  9.83e-04    29s
  13   6.42026700e+02  6.25442195e+02  4.97e-06 7.77e-16  6.44e-04    29s
  14   6.41627873e+02  6.37499426e+02  1.06e-06 3.33e-16  1.60e-04    29s
  15   6.41462018e+02  6.38525868e+02  5.98e-07 2.36e-16  1.14e-04    30s
  16   6.41432383e+02  6.39114726e+02  5.36e-07 4.44e-16  9.00e-05    30s
  17   6.41287088e+02  6.39589545e+02  2.62e-07 4.44e-16  6.60e-05    30s
  18   6.41230989e+02  6.40611286e+02  1.72e-07 3.33e-16  2.41e-05    30s
  19   6.41192631e+02  6.40757611e+02  1.10e-07 2.22e-16  1.69e-05    30s
  20   6.41170106e+02  6.40878594e+02  7.38e-08 4.44e-16  1.13e-05    31s
  21   6.41136365e+02  6.40946963e+02  2.99e-08 2.22e-16  7.36e-06    31s
  22   6.41130733e+02  6.41000755e+02  2.27e-08 2.22e-16  5.05e-06    31s
  23   6.41124507e+02  6.41014138e+02  1.51e-08 2.22e-16  4.29e-06    31s
  24   6.41120077e+02  6.41054186e+02  1.03e-08 4.44e-16  2.56e-06    31s
  25   6.41117539e+02  6.41081696e+02  7.89e-09 4.44e-16  1.39e-06    32s
  26   6.41113487e+02  6.41090329e+02  3.49e-09 2.22e-16  9.00e-07    32s
  27   6.41112528e+02  6.41093902e+02  2.63e-09 2.22e-16  7.24e-07    32s
  28   6.41110612e+02  6.41099848e+02  6.27e-10 4.44e-16  4.18e-07    32s
  29   6.41110187e+02  6.41103278e+02  3.16e-10 2.22e-16  2.68e-07    32s
  30   6.41110023e+02  6.41104817e+02  2.14e-10 1.39e-16  2.02e-07    33s
  31   6.41109905e+02  6.41107036e+02  1.43e-10 2.22e-16  1.11e-07    33s
  32   6.41109803e+02  6.41107672e+02  8.03e-11 1.11e-16  8.28e-08    33s
  33   6.41109722e+02  6.41108814e+02  2.99e-11 2.22e-16  3.53e-08    33s
  34   6.41109683e+02  6.41109195e+02  6.32e-12 2.31e-16  1.90e-08    34s
  35   6.41109673e+02  6.41109521e+02  3.47e-12 4.44e-16  5.89e-09    34s
  36   6.41109668e+02  6.41109564e+02  1.68e-12 4.44e-16  4.03e-09    34s
  37   6.41109667e+02  6.41109613e+02  1.34e-12 1.11e-16  2.10e-09    34s
  38   6.41109665e+02  6.41109629e+02  7.61e-13 2.22e-16  1.38e-09    34s
  39   6.41109664e+02  6.41109641e+02  5.21e-13 4.44e-16  9.09e-10    34s
  40   6.41109664e+02  6.41109653e+02  4.51e-13 4.44e-16  4.16e-10    35s
  41   6.41109663e+02  6.41109655e+02  4.10e-13 4.44e-16  3.26e-10    35s
  42   6.41109663e+02  6.41109655e+02  3.09e-13 4.44e-16  2.85e-10    35s
  43   6.41109663e+02  6.41109660e+02  2.16e-12 2.31e-16  1.03e-10    35s

Barrier solved model in 43 iterations and 35.06 seconds
Optimal objective 6.41109663e+02


Root crossover log...

     762 DPushes remaining with DInf 0.0000000e+00                35s
       0 DPushes remaining with DInf 0.0000000e+00                35s

    4001 PPushes remaining with PInf 1.4152976e-06                35s
       0 PPushes remaining with PInf 0.0000000e+00                36s

  Push phase complete: Pinf 0.0000000e+00, Dinf 1.9867503e-01     36s


Root simplex log...

Iteration    Objective       Primal Inf.    Dual Inf.      Time
    4549    6.4110966e+02   0.000000e+00   1.986750e-01     36s
    4568    6.4110966e+02   0.000000e+00   0.000000e+00     36s
    4568    6.4110966e+02   0.000000e+00   0.000000e+00     36s

Root relaxation: objective 6.411097e+02, 4568 iterations, 11.41 seconds

    Nodes    |    Current Node    |     Objective Bounds      |     Work
 Expl Unexpl |  Obj  Depth IntInf | Incumbent    BestBd   Gap | It/Node Time

     0     0  641.11251    0 2131          -  641.11251      -     -   39s
     0     0  702.56905    0 2310          -  702.56905      -     -   53s
     0     0  703.47690    0 2463          -  703.47690      -     -   83s
     0     0  703.56691    0 2402          -  703.56691      -     -   99s
     0     0  703.56832    0 2394          -  703.56832      -     -  100s
H    0     0                     754.6805572  703.56832  6.77%     -  122s
H    0     0                     754.6387574  703.56832  6.77%     -  122s
     0     0  708.74785    0 2403  754.63876  708.74785  6.08%     -  123s
H    0     0                     754.5412821  708.74785  6.07%     -  124s
     0     0  711.34120    0 2291  754.54128  711.34120  5.73%     -  129s
     0     0  711.40432    0 2286  754.54128  711.40432  5.72%     -  134s
     0     0  711.40432    0 2287  754.54128  711.40432  5.72%     -  141s
     0     0  711.40432    0 2297  754.54128  711.40432  5.72%     -  145s
     0     0  714.07037    0 2186  754.54128  714.07037  5.36%     -  200s
     0     0  714.24864    0 2151  754.54128  714.24864  5.34%     -  249s
     0     0  714.28631    0 2169  754.54128  714.28631  5.34%     -  265s
H    0     0                     730.9261166  714.28631  2.28%     -  299s
     0     0  714.60019    0 2108  730.92612  714.60019  2.23%     -  299s
H    0     0                     730.9242126  714.60019  2.23%     -  304s
H    0     0                     730.9241904  714.60019  2.23%     -  304s
H    0     0                     730.9218134  714.60019  2.23%     -  304s
H    0     0                     730.9206179  714.60019  2.23%     -  304s
H    0     0                     730.9199615  714.60019  2.23%     -  304s
H    0     0                     730.9199539  714.60019  2.23%     -  304s
     0     0  714.69666    0 2115  730.91995  714.69666  2.22%     -  304s
H    0     0                     730.9036543  714.69666  2.22%     -  310s
     0     0  714.70804    0 2122  730.90365  714.70804  2.22%     -  310s
     0     0  715.23992    0 2105  730.90365  715.23992  2.14%     -  337s
     0     0  715.34072    0 2097  730.90365  715.34072  2.13%     -  357s
     0     0  715.37906    0 2055  730.90365  715.37906  2.12%     -  361s
     0     0  715.75007    0 2034  730.90365  715.75007  2.07%     -  437s
     0     0  715.75007    0 2034  730.90365  715.75007  2.07%     -  462s
H    0     0                     730.8897198  715.75007  2.07%     - 1031s
     0     2  715.75007    0 2034  730.88972  715.75007  2.07%     - 1038s
H    1     4                     730.8897197  715.75818  2.07%   238 1061s
H    2     4                     730.8897195  715.75818  2.07%   904 1061s
     3     8  726.55830    2 2025  730.88972  716.68485  1.94%  1979 1087s
     7    16  726.71875    3 2015  730.88972  717.67354  1.81%  2090 1120s
    15    32  727.18642    4 1989  730.88972  718.21801  1.73%  1971 1215s
    31    64  727.27149    5 1984  730.88972  718.46019  1.70%  2656 1312s
    63    96  727.51357    6 1956  730.88972  718.54521  1.69%  2205 1413s
    95   128  728.21976    6 1959  730.88972  718.55512  1.69%  2232 1447s
   127   160  727.98670    7 1970  730.88972  718.55512  1.69%  2081 1487s
   159   192  729.21087    7 1956  730.88972  718.55512  1.69%  1899 1745s
H  171   192                     730.5723226  718.55512  1.64%  1848 1745s
H  190   192                     730.5570470  718.55512  1.64%  1774 1745s
   191   232  728.23119    8 1974  730.55705  718.55512  1.64%  1774 1806s
   233   276  728.37115    9 1963  730.55705  718.55512  1.64%  1644 1853s
   283   317  728.48423   10 1943  730.55705  718.55512  1.64%  1509 1891s
   334   347  728.67905   12 1889  730.55705  718.55512  1.64%  1401 1945s
H  340   347                     730.5570278  718.55512  1.64%  1396 1945s
   370   360  728.68644   13 1909  730.55703  718.55512  1.64%  1342 2049s
   413   386  729.15788   15 1874  730.55703  718.55512  1.64%  1373 2155s
H  459   404                     730.5437445  718.55512  1.64%  1374 3300s
H  460   404                     730.1491407  718.55512  1.59%  1374 3300s
H  461   404                     730.0458806  718.55512  1.57%  1374 3300s
H  462   404                     730.0357121  718.55512  1.57%  1372 3300s
H  475   404                     730.0014593  718.55512  1.57%  1370 3300s
H  479   404                     730.0010190  718.55512  1.57%  1362 3300s
H  481   404                     729.9992122  718.55512  1.57%  1363 3300s
   491   411     cutoff   16       729.99921  718.55512  1.57%  1360 3334s
   566   429  729.76096   17 1796  729.99921  718.55512  1.57%  1288 4947s
   601   468     cutoff   17       729.99921  718.55512  1.57%  1309 5003s
   650   507  729.81655   18 1786  729.99921  718.55512  1.57%  1325 5132s
   703   564  729.93457   20 1775  729.99921  718.55512  1.57%  1343 5781s
   783   615     cutoff   21       729.99921  718.55512  1.57%  1327 5993s
H  788   615                     729.9991645  718.55512  1.57%  1323 5993s
   846   670     cutoff   21       729.99916  718.66013  1.55%  1331 6335s
   929   749  719.31432    7 1796  729.99916  718.66013  1.55%  1319 6544s
   971   749  724.37997   25 1705  729.99916  718.66013  1.55%  1304 6545s
  1021   832  719.32862    8 1795  729.99916  718.66013  1.55%  1275 6721s
  1118   915  719.54593   10 1808  729.99916  718.66013  1.55%  1248 6888s
  1231  1016  719.82109   13 1770  729.99916  718.66013  1.55%  1207 7020s
  1352  1132  723.13919   16 1672  729.99916  718.66013  1.55%  1178 7119s
  1502  1280  724.93626   17 1705  729.99916  718.66013  1.55%  1117 7345s
  1664  1453  727.28795   19 1606  729.99916  718.66234  1.55%  1066 7536s
  1871  1666  719.53610    9 1758  729.99916  718.66234  1.55%  1000 7723s
  2106  1899  719.77961   12 1735  729.99916  718.66234  1.55%   930 7964s
  2370  1916  719.99889   14 1704  729.99916  718.66234  1.55%   862 10523s
  2403  2178  720.43787   15 1688  729.99916  718.66234  1.55%   860 10680s
  2717  2421  722.40086   17 1637  729.99916  718.66234  1.55%   794 10809s
  2993  2422  729.83061   19 2034  729.99916  718.66234  1.55%   748 14035s
  2995  2423  725.45806   30 2262  729.99916  718.66234  1.55%   748 14076s
  2996  2424  721.82486   11 2244  729.99916  718.66234  1.55%   748 14129s
  2997  2425  728.02912  102 2203  729.99916  718.66234  1.55%   747 14182s
  2998  2425  725.06829   37 2048  729.99916  718.66234  1.55%   747 14215s
  2999  2426  728.42181   17 2003  729.99916  718.66234  1.55%   747 14237s
  3000  2427  724.55500   29 1938  729.99916  718.66234  1.55%   747 14264s
  3001  2427  728.86451   42 1896  729.99916  718.66234  1.55%   746 14333s
  3002  2428  727.64472   68 1887  729.99916  718.66234  1.55%   746 14364s
  3003  2429  728.42028   13 1923  729.99916  718.66234  1.55%   746 14382s
  3004  2429  728.27397   62 1918  729.99916  718.66234  1.55%   746 14385s
  3005  2430  728.88743   10 1938  729.99916  718.66234  1.55%   745 14397s
  3006  2431  722.63080   20 1948  729.99916  718.66234  1.55%   745 14408s
  3007  2431  725.54701   47 1950  729.99916  718.66234  1.55%   745 14423s
  3008  2432  727.30862   80 1806  729.99916  718.66234  1.55%   745 14534s
  3009  2433  725.74345   43 1764  729.99916  718.66234  1.55%   744 14543s
  3010  2433  729.10653   42 1724  729.99916  718.66234  1.55%   744 14552s
  3011  2434  728.78519   22 1804  729.99916  718.66234  1.55%   744 14563s
  3012  2435  727.27655   83 1790  729.99916  718.66234  1.55%   744 14566s
  3013  2435  720.68473   16 1782  729.99916  718.66234  1.55%   743 14609s
  3014  2436  727.27039   75 1753  729.99916  718.83551  1.53%   743 14884s
  3015  2437  725.46123   38 1751  729.99916  718.83551  1.53%   743 14927s
  3016  2437  729.63305   80 1750  729.99916  718.83551  1.53%   743 14951s
  3017  2438  726.39188   21 1759  729.99916  718.83551  1.53%   742 14967s
  3018  2439  727.39128   27 1788  729.99916  718.83551  1.53%   742 15016s
  3019  2439  726.04802   24 1778  729.99916  718.83551  1.53%   742 15037s
  3020  2440  727.41021   91 1806  729.99916  718.83551  1.53%   742 15063s
  3021  2441  726.87094   51 1810  729.99916  718.83551  1.53%   741 15080s
  3022  2441  728.64193   80 1822  729.99916  719.59928  1.42%   741 15219s
  3023  2442  722.25210   16 1783  729.99916  720.21756  1.34%   741 15611s
  3024  2443  721.84023   13 1813  729.99916  720.61905  1.28%   741 15655s
  3025  2443  728.60578  115 1792  729.99916  720.62603  1.28%   740 15677s
  3026  2444  722.33187   17 1803  729.99916  720.87499  1.25%   740 15753s
  3027  2445  728.04159  109 1797  729.99916  721.07702  1.22%   740 15880s
  3028  2445  729.26539   35 1739  729.99916  721.07702  1.22%   740 15886s
  3029  2446  728.36692    9 1747  729.99916  721.07984  1.22%   739 15898s
  3030  2447  725.99515   59 1763  729.99916  721.22473  1.20%   739 15915s
  3031  2447  727.15894   46 1796  729.99916  721.39541  1.18%   739 15968s
  3032  2448  727.51296   61 1804  729.99916  721.39730  1.18%   739 16088s
  3033  2449  727.16093   34 1781  729.99916  721.39730  1.18%   738 16099s
  3034  2449  726.11532   44 1794  729.99916  721.39730  1.18%   738 16154s
  3035  2450  728.26763    8 1738  729.99916  721.39730  1.18%   738 16197s
  3036  2451  722.44164   16 1747  729.99916  721.39730  1.18%   738 16216s
  3037  2451  727.29444    6 1763  729.99916  721.39730  1.18%   737 16283s
  3038  2452  726.74582   63 1735  729.99916  721.40769  1.18%   737 16344s
  3039  2453  726.95951   41 1736  729.99916  721.40769  1.18%   737 16358s
  3040  2453  721.45228   12 1724  729.99916  721.45228  1.17%   737 16378s
  3041  2454  722.30430   13 1706  729.99916  721.59513  1.15%   737 16456s
  3042  2455  726.73362   78 1789  729.99916  721.65323  1.14%   736 16573s
  3043  2455  727.90655   65 1789  729.99916  721.65323  1.14%   736 16665s
  3044  2456  725.88472   26 1789  729.99916  721.65323  1.14%   736 17558s
  3045  2460  721.86992   13 1718  729.99916  721.65323  1.14%   762 18361s
  3047  2463  723.99805   14 1763  729.99916  721.65323  1.14%   763 19037s
  3051  2470  724.36394   15 1747  729.99916  721.65323  1.14%   765 19195s
  3059  2481 infeasible   16       729.99916  721.65323  1.14%   770 19276s
  3075  2478  721.65323   17 1613  729.99916  721.65323  1.14%   785 19491s
  3105  2476  723.10454   18 1634  729.99916  721.65323  1.14%   814 20791s
  3137  2493  723.78837   19 1644  729.99916  721.65323  1.14%   835 20872s
  3169  2510  724.95710   20 1637  729.99916  721.65323  1.14%   836 21019s
  3201  2517  724.98925   21 1637  729.99916  721.65323  1.14%   852 21116s
  3233  2519  725.80489   22 1693  729.99916  721.65323  1.14%   857 22029s
  3267  2523  725.81273   23 1688  729.99916  721.65323  1.14%   859 22071s
  3304  2537  727.85309   24 1677  729.99916  721.65323  1.14%   869 22108s
  3357  2553  728.24855   26 1675  729.99916  721.65323  1.14%   870 22118s
  3408  2548  728.68065   28 1688  729.99916  721.65323  1.14%   872 23884s
  3444  2588  728.99837   29 1702  729.99916  721.65323  1.14%   877 24034s
  3527  2580  729.88493   31 1682  729.99916  721.65323  1.14%   870 24270s
  3630  2570     cutoff   31       729.99916  721.75563  1.13%   868 24362s
  3721  2601  724.70969   21 1656  729.99916  721.75563  1.13%   863 24493s
  3820  2636  726.02732   23 1682  729.99916  721.75563  1.13%   853 24571s
  3918  2635  727.23921   26 1666  729.99916  721.75563  1.13%   844 24669s
  3950  2624  726.62928   24 1686  729.99916  721.75563  1.13%   842 24670s
  3960  2706  727.65983   27 1642  729.99916  721.75563  1.13%   842 24802s
  4079  2747  728.11548   29 1591  729.99916  721.75563  1.13%   831 24893s
  4214  2799  728.98993   34 1568  729.99916  721.75563  1.13%   818 25102s
  4362  2817  728.85368   34 1567  729.99916  721.75563  1.13%   805 25283s
  4519  2839  725.85486   27 1575  729.99916  721.75563  1.13%   791 25533s
  4657  2855  726.50108   30 1578  729.99916  721.75563  1.13%   782 25756s
  4787  2898  727.37831   33 1569  729.99916  721.75563  1.13%   775 25856s
  4919  2938     cutoff   36       729.99916  722.41227  1.04%   767 25936s
  5095  2989  724.84765   21 1664  729.99916  722.41227  1.04%   755 26086s
  5245  3065  725.71147   23 1676  729.99916  722.41227  1.04%   745 26253s
  5451  3096  726.66588   27 1639  729.99916  722.41227  1.04%   729 26359s
  5639  3120  727.78284   30 1580  729.99916  722.41227  1.04%   720 26478s
  5840  3180  729.44077   36 1548  729.99916  723.71933  0.86%   710 26644s

Cutting planes:
  Learned: 33
  Gomory: 39
  Cover: 100
  Implied bound: 44
  Projected implied bound: 271
  Clique: 8
  MIR: 585
  StrongCG: 1
  Flow cover: 3269
  GUB cover: 12
  Zero half: 24
  RLT: 1424
  Relax-and-lift: 246

Explored 6059 nodes (4270970 simplex iterations) in 26645.85 seconds
Thread count was 32 (of 32 available processors)

Solution count 10: 729.999 729.999 730.001 ... 730.572

Optimal solution found (tolerance 1.00e-02)
Warning: max constraint violation (3.3458e-06) exceeds tolerance
Best objective 7.299991644516e+02, best bound 7.237193337784e+02, gap 0.8603%

Gurobi 9.1.0 (linux64) logging started Thu Aug 19 20:57:32 2021

Changed value of parameter LogFile to eab_parasitoid_0_0_0.4_bud.log
   Prev:   Default: 
Changed value of parameter MIPGap to 0.01
   Prev: 0.0001  Min: 0.0  Max: inf  Default: 0.0001
Changed value of parameter Method to 2
   Prev: -1  Min: -1  Max: 5  Default: -1
Changed value of parameter MIPFocus to 2
   Prev: 0  Min: 0  Max: 3  Default: 0
Changed value of parameter RINS to 100
   Prev: -1  Min: -1  Max: 2000000000  Default: -1
Changed value of parameter SolutionLimit to 1
   Prev: 2000000000  Min: 1  Max: 2000000000  Default: 2000000000
Gurobi Optimizer version 9.1.0 build v9.1.0rc0 (linux64)
Thread count: 32 physical cores, 32 logical processors, using up to 32 threads
Optimize a model with 203396 rows, 134935 columns and 685039 nonzeros
Model fingerprint: 0xe0c9ed5a
Variable types: 55779 continuous, 79156 integer (79156 binary)
Coefficient statistics:
  Matrix range     [2e-04, 1e+06]
  Objective range  [1e-06, 1e-01]
  Bounds range     [1e+00, 6e+03]
  RHS range        [1e-04, 1e+06]

User MIP start produced solution with objective 730.403 (9.11s)
User MIP start produced solution with objective 730.296 (9.19s)
User MIP start produced solution with objective 730.295 (9.24s)
User MIP start produced solution with objective 729.999 (9.42s)
Loaded user MIP start with objective 729.999
Processed MIP start in 9.46 seconds


Explored 0 nodes (0 simplex iterations) in 9.52 seconds
Thread count was 1 (of 32 available processors)

Solution count 5: 729.999 

Solution limit reached
Best objective 7.299991636053e+02, best bound -, gap -
