
Gurobi 9.1.0 (linux64) logging started Wed Aug  4 18:44:00 2021

Changed value of parameter LogFile to eab_parasitoid_nothresh_2_0.log
   Prev:   Default: 
Changed value of parameter MIPGap to 0.01
   Prev: 0.0001  Min: 0.0  Max: inf  Default: 0.0001
Changed value of parameter Method to 2
   Prev: -1  Min: -1  Max: 5  Default: -1
Changed value of parameter MIPFocus to 2
   Prev: 0  Min: 0  Max: 3  Default: 0
Changed value of parameter RINS to 100
   Prev: -1  Min: -1  Max: 2000000000  Default: -1
Gurobi Optimizer version 9.1.0 build v9.1.0rc0 (linux64)
Thread count: 32 physical cores, 32 logical processors, using up to 32 threads
Optimize a model with 203323 rows, 134930 columns and 684966 nonzeros
Model fingerprint: 0x80553e82
Variable types: 55774 continuous, 79156 integer (79156 binary)
Coefficient statistics:
  Matrix range     [1e-04, 1e+05]
  Objective range  [1e-06, 1e-01]
  Bounds range     [1e+00, 6e+03]
  RHS range        [1e-04, 1e+05]
Presolve removed 155517 rows and 100000 columns (presolve time = 5s) ...
Presolve removed 183071 rows and 116968 columns (presolve time = 10s) ...
Presolve removed 191254 rows and 124876 columns (presolve time = 15s) ...
Presolve removed 191716 rows and 125016 columns (presolve time = 20s) ...
Presolve removed 192696 rows and 126065 columns (presolve time = 25s) ...
Presolve removed 193049 rows and 126323 columns
Presolve time: 26.85s
Presolved: 10274 rows, 8607 columns, 129999 nonzeros
Variable types: 3610 continuous, 4997 integer (4997 binary)
Presolve removed 17 rows and 16 columns
Presolved: 10257 rows, 8591 columns, 129888 nonzeros

Root barrier log...

Ordering time: 0.55s

Barrier statistics:
 Dense cols : 131
 AA' NZ     : 5.584e+05
 Factor NZ  : 2.751e+06 (roughly 30 MBytes of memory)
 Factor Ops : 2.329e+09 (less than 1 second per iteration)
 Threads    : 31

                  Objective                Residual
Iter       Primal          Dual         Primal    Dual     Compl     Time
   0   1.93653702e+03 -1.76949483e+04  2.06e+04 1.96e-01  4.52e+01    29s
   1   1.52066170e+03 -1.91168635e+04  1.33e+04 3.94e-01  2.87e+01    29s
   2   7.33330753e+02 -1.73103544e+04  1.93e+03 3.33e-14  4.64e+00    29s
   3   5.06582054e+02 -9.26539387e+03  2.18e+02 6.91e-14  7.21e-01    30s
   4   4.26679740e+02 -2.77597165e+03  2.07e+01 5.10e-14  1.38e-01    30s
   5   4.06781695e+02 -5.34350559e+02  5.67e+00 1.27e-14  3.76e-02    30s
   6   3.97000232e+02  1.74093578e+01  1.24e+00 4.68e-15  1.46e-02    30s
   7   3.90315487e+02  3.06839179e+02  1.30e-03 1.53e-15  3.13e-03    30s
   8   3.87268670e+02  3.66558859e+02  1.80e-04 8.95e-16  7.72e-04    30s
   9   3.85973523e+02  3.79251723e+02  5.96e-05 3.84e-16  2.50e-04    30s
  10   3.85473356e+02  3.82355688e+02  3.20e-05 4.44e-16  1.16e-04    30s
  11   3.85057507e+02  3.83750185e+02  1.31e-05 2.22e-16  4.87e-05    30s
  12   3.84876994e+02  3.84343045e+02  5.35e-06 1.11e-16  1.99e-05    30s
  13   3.84797397e+02  3.84555485e+02  1.73e-06 3.44e-16  9.01e-06    31s
  14   3.84759089e+02  3.84694638e+02  3.40e-07 2.22e-16  2.40e-06    31s
  15   3.84750818e+02  3.84721173e+02  1.21e-07 2.22e-16  1.10e-06    31s
  16   3.84749880e+02  3.84726354e+02  1.00e-07 2.22e-16  8.76e-07    31s
  17   3.84748028e+02  3.84737860e+02  5.64e-08 2.22e-16  3.79e-07    31s
  18   3.84746573e+02  3.84741834e+02  1.88e-08 2.22e-16  1.76e-07    31s
  19   3.84745933e+02  3.84744693e+02  3.73e-09 4.44e-16  4.62e-08    31s
  20   3.84745773e+02  3.84745521e+02  5.57e-10 2.22e-16  9.39e-09    31s
  21   3.84745744e+02  3.84745682e+02  1.27e-10 6.16e-16  2.34e-09    32s
  22   3.84745741e+02  3.84745704e+02  8.76e-11 9.04e-16  1.36e-09    32s
  23   3.84745735e+02  3.84745726e+02  1.92e-11 2.40e-14  3.18e-10    32s
  24   3.84745733e+02  3.84745731e+02  4.52e-12 2.10e-13  6.15e-11    32s
  25   3.84745733e+02  3.84745733e+02  8.66e-11 3.03e-13  1.16e-11    32s

Barrier solved model in 25 iterations and 31.92 seconds
Optimal objective 3.84745733e+02


Root crossover log...

     740 DPushes remaining with DInf 0.0000000e+00                32s
       0 DPushes remaining with DInf 0.0000000e+00                32s

    4407 PPushes remaining with PInf 9.0246455e-05                32s
       0 PPushes remaining with PInf 0.0000000e+00                32s

  Push phase complete: Pinf 0.0000000e+00, Dinf 8.3827144e-03     32s


Root simplex log...

Iteration    Objective       Primal Inf.    Dual Inf.      Time
    4895    3.8474573e+02   0.000000e+00   8.382714e-03     32s
    4908    3.8474573e+02   0.000000e+00   0.000000e+00     32s
    4908    3.8474573e+02   0.000000e+00   0.000000e+00     32s

Root relaxation: objective 3.847457e+02, 4908 iterations, 4.92 seconds

    Nodes    |    Current Node    |     Objective Bounds      |     Work
 Expl Unexpl |  Obj  Depth IntInf | Incumbent    BestBd   Gap | It/Node Time

     0     0  384.74680    0 1646          -  384.74680      -     -   34s
H    0     0                     426.2599440  384.74680  9.74%     -   37s
     0     0  386.82372    0 1671  426.25994  386.82372  9.25%     -   38s
     0     0  386.85184    0 1756  426.25994  386.85184  9.25%     -   40s
     0     0  386.85527    0 1772  426.25994  386.85527  9.24%     -   40s
     0     0  386.85585    0 1776  426.25994  386.85585  9.24%     -   41s
     0     0  386.85585    0 1777  426.25994  386.85585  9.24%     -   41s
     0     0  388.17155    0 1725  426.25994  388.17155  8.94%     -   45s
     0     0  388.45167    0 1776  426.25994  388.45167  8.87%     -   48s
     0     0  388.51327    0 1772  426.25994  388.51327  8.86%     -   49s
     0     0  388.51600    0 1766  426.25994  388.51600  8.85%     -   49s
     0     0  388.51721    0 1773  426.25994  388.51721  8.85%     -   49s
     0     0  388.51736    0 1781  426.25994  388.51736  8.85%     -   49s
     0     0  389.20290    0 1876  426.25994  389.20290  8.69%     -   55s
H    0     0                     395.6366230  389.20290  1.63%     -   65s
H    0     0                     395.6366229  389.20290  1.63%     -   65s
     0     0  389.22494    0 1907  395.63662  389.22494  1.62%     -   84s
     0     0  389.23581    0 1885  395.63662  389.23581  1.62%     -   88s
     0     0  389.23835    0 1895  395.63662  389.23835  1.62%     -   91s
     0     0  389.24033    0 1899  395.63662  389.24033  1.62%     -   92s
     0     0  389.24058    0 1908  395.63662  389.24058  1.62%     -   93s
     0     0  390.59103    0 1833  395.63662  390.59103  1.28%     -  113s
     0     0  390.60918    0 1861  395.63662  390.60918  1.27%     -  123s
     0     0  390.61333    0 1808  395.63662  390.61333  1.27%     -  124s
     0     0  390.61347    0 1819  395.63662  390.61347  1.27%     -  125s
     0     0  390.69640    0 1867  395.63662  390.69640  1.25%     -  136s
     0     0  390.71216    0 1897  395.63662  390.71216  1.24%     -  144s
     0     0  390.72060    0 1900  395.63662  390.72060  1.24%     -  145s
     0     0  390.72201    0 1879  395.63662  390.72201  1.24%     -  146s
     0     0  390.86137    0 1877  395.63662  390.86137  1.21%     -  170s
H    0     0                     394.1860466  390.86137  0.84%     -  175s

Cutting planes:
  Learned: 50
  Gomory: 7
  Cover: 92
  Implied bound: 140
  Projected implied bound: 34
  Clique: 26
  MIR: 338
  Flow cover: 1001
  GUB cover: 5
  Zero half: 12
  RLT: 273
  Relax-and-lift: 42

Explored 1 nodes (26586 simplex iterations) in 179.28 seconds
Thread count was 32 (of 32 available processors)

Solution count 3: 394.186 395.637 426.26 

Optimal solution found (tolerance 1.00e-02)
Best objective 3.941860468403e+02, best bound 3.908613654690e+02, gap 0.8434%
