
Gurobi 9.1.0 (linux64) logging started Wed Aug  4 23:05:48 2021

Changed value of parameter LogFile to eab_parasitoid_0_1_0.6_bud.log
   Prev:   Default: 
Changed value of parameter MIPGap to 0.01
   Prev: 0.0001  Min: 0.0  Max: inf  Default: 0.0001
Changed value of parameter Method to 2
   Prev: -1  Min: -1  Max: 5  Default: -1
Changed value of parameter MIPFocus to 2
   Prev: 0  Min: 0  Max: 3  Default: 0
Changed value of parameter RINS to 100
   Prev: -1  Min: -1  Max: 2000000000  Default: -1
Gurobi Optimizer version 9.1.0 build v9.1.0rc0 (linux64)
Thread count: 32 physical cores, 32 logical processors, using up to 32 threads
Optimize a model with 203396 rows, 134935 columns and 685039 nonzeros
Model fingerprint: 0xef278f71
Variable types: 55779 continuous, 79156 integer (79156 binary)
Coefficient statistics:
  Matrix range     [2e-04, 1e+06]
  Objective range  [1e-06, 1e-01]
  Bounds range     [1e+00, 6e+03]
  RHS range        [1e-04, 1e+06]
Presolve removed 158376 rows and 102577 columns (presolve time = 5s) ...
Presolve removed 182719 rows and 116698 columns (presolve time = 10s) ...
Presolve removed 191958 rows and 125337 columns (presolve time = 15s) ...
Presolve removed 193451 rows and 126856 columns (presolve time = 20s) ...
Presolve removed 193667 rows and 127033 columns (presolve time = 25s) ...
Presolve removed 193706 rows and 127049 columns
Presolve time: 28.32s
Presolved: 9690 rows, 7886 columns, 131493 nonzeros
Variable types: 3437 continuous, 4449 integer (4448 binary)
Presolve removed 16 rows and 14 columns
Presolved: 9674 rows, 7872 columns, 131408 nonzeros

Root barrier log...

Ordering time: 1.04s

Barrier statistics:
 Dense cols : 151
 AA' NZ     : 5.648e+05
 Factor NZ  : 2.680e+06 (roughly 30 MBytes of memory)
 Factor Ops : 2.172e+09 (less than 1 second per iteration)
 Threads    : 31

                  Objective                Residual
Iter       Primal          Dual         Primal    Dual     Compl     Time
   0   2.50955978e+03 -2.10890782e+04  6.65e+04 1.33e-01  1.39e+02    32s
   1   2.01465602e+03 -2.51362753e+04  4.50e+04 5.51e-01  9.39e+01    32s
   2   9.61223057e+02 -2.57841013e+04  6.13e+03 1.96e-02  1.43e+01    32s
   3   7.57699863e+02 -1.55037598e+04  2.79e+02 6.54e-11  1.22e+00    32s
   4   7.00535651e+02 -3.78760699e+03  6.57e+01 1.78e-14  3.10e-01    33s
   5   6.36877376e+02 -1.31267660e+03  1.89e+01 1.47e-12  1.03e-01    33s
   6   6.15311549e+02 -2.00626060e+02  5.95e+00 1.29e-13  3.77e-02    33s
   7   6.04287989e+02  3.33529075e+02  1.04e+00 4.28e-15  1.13e-02    33s
   8   6.00418731e+02  5.09951134e+02  3.17e-01 1.89e-15  3.71e-03    33s
   9   5.96922625e+02  5.52358360e+02  9.45e-02 1.55e-15  1.80e-03    33s
  10   5.95307930e+02  5.72231764e+02  2.68e-02 7.77e-16  9.28e-04    33s
  11   5.94567501e+02  5.79585138e+02  2.79e-03 6.66e-16  6.01e-04    33s
  12   5.94196782e+02  5.83858144e+02  7.83e-05 4.86e-16  4.14e-04    34s
  13   5.93995901e+02  5.91020010e+02  4.82e-05 4.44e-16  1.19e-04    34s
  14   5.93689138e+02  5.92659114e+02  1.51e-05 4.44e-16  4.13e-05    34s
  15   5.93602752e+02  5.93062256e+02  9.32e-06 2.22e-16  2.17e-05    34s
  16   5.93558271e+02  5.93164753e+02  6.36e-06 4.44e-16  1.58e-05    34s
  17   5.93532243e+02  5.93263196e+02  4.61e-06 7.35e-16  1.08e-05    34s
  18   5.93498927e+02  5.93352969e+02  2.59e-06 2.22e-16  5.85e-06    34s
  19   5.93476258e+02  5.93408251e+02  1.11e-06 4.44e-16  2.72e-06    35s
  20   5.93462077e+02  5.93434345e+02  1.93e-07 2.22e-16  1.11e-06    35s
  21   5.93460515e+02  5.93443122e+02  1.12e-07 4.44e-16  6.97e-07    35s
  22   5.93459615e+02  5.93448586e+02  6.82e-08 1.48e-14  4.42e-07    35s
  23   5.93458981e+02  5.93449197e+02  3.73e-08 1.72e-15  3.92e-07    35s
  24   5.93458616e+02  5.93453461e+02  1.82e-08 4.11e-16  2.06e-07    35s
  25   5.93458533e+02  5.93455064e+02  1.44e-08 5.77e-16  1.39e-07    35s
  26   5.93458339e+02  5.93455935e+02  5.86e-09 6.26e-15  9.62e-08    36s
  27   5.93458232e+02  5.93456556e+02  2.39e-09 9.75e-15  6.71e-08    36s
  28   5.93458219e+02  5.93457322e+02  1.99e-09 5.19e-13  3.59e-08    36s
  29   5.93458196e+02  5.93457630e+02  1.27e-09 3.19e-13  2.27e-08    36s
  30   5.93458190e+02  5.93457882e+02  1.08e-09 3.32e-13  1.23e-08    36s
  31   5.93458183e+02  5.93457911e+02  8.85e-10 2.85e-13  1.09e-08    36s
  32   5.93458172e+02  5.93458037e+02  5.71e-10 1.34e-13  5.43e-09    36s
  33   5.93458156e+02  5.93458131e+02  1.38e-10 4.44e-16  1.01e-09    37s
  34   5.93458152e+02  5.93458145e+02  4.84e-11 7.20e-14  2.95e-10    37s
  35   5.93458151e+02  5.93458149e+02  1.90e-11 7.24e-14  8.71e-11    37s

Barrier solved model in 35 iterations and 36.82 seconds
Optimal objective 5.93458151e+02


Root crossover log...

     636 DPushes remaining with DInf 0.0000000e+00                37s
       0 DPushes remaining with DInf 0.0000000e+00                37s

    3987 PPushes remaining with PInf 1.1022405e-06                37s
       0 PPushes remaining with PInf 0.0000000e+00                37s

  Push phase complete: Pinf 0.0000000e+00, Dinf 1.3012498e-01     37s


Root simplex log...

Iteration    Objective       Primal Inf.    Dual Inf.      Time
    4487    5.9345815e+02   0.000000e+00   1.301250e-01     37s
    4499    5.9345815e+02   0.000000e+00   0.000000e+00     38s
    4499    5.9345815e+02   0.000000e+00   0.000000e+00     38s

Root relaxation: objective 5.934582e+02, 4499 iterations, 8.72 seconds

    Nodes    |    Current Node    |     Objective Bounds      |     Work
 Expl Unexpl |  Obj  Depth IntInf | Incumbent    BestBd   Gap | It/Node Time

     0     0  593.45816    0 1978          -  593.45816      -     -   40s
     0     0  638.87114    0 2214          -  638.87114      -     -   83s
     0     0  639.72943    0 2413          -  639.72943      -     -  104s
     0     0  639.80030    0 2374          -  639.80030      -     -  116s
     0     0  639.80133    0 2374          -  639.80133      -     -  118s
H    0     0                     726.1790146  639.80133  11.9%     -  151s
     0     0  646.24530    0 2361  726.17901  646.24530  11.0%     -  151s
H    0     0                     726.1697170  646.24530  11.0%     -  152s
     0     0  647.18868    0 2196  726.16972  647.18868  10.9%     -  159s
     0     0  647.31956    0 2186  726.16972  647.31956  10.9%     -  165s
     0     0  647.44777    0 2196  726.16972  647.44777  10.8%     -  169s
     0     0  647.44867    0 2207  726.16972  647.44867  10.8%     -  170s
     0     0  656.36658    0 2090  726.16972  656.36658  9.61%     -  182s
H    0     0                     707.6210953  656.36658  7.24%     -  183s
     0     0  656.49753    0 2124  707.62110  656.49753  7.22%     -  185s
     0     0  656.54100    0 2117  707.62110  656.54100  7.22%     -  186s
     0     0  656.54578    0 2119  707.62110  656.54578  7.22%     -  187s
     0     0  665.73378    0 2091  707.62110  665.73378  5.92%     -  204s
     0     0  666.09780    0 2108  707.62110  666.09780  5.87%     -  228s
H    0     0                     696.8822469  666.09780  4.42%     -  242s
     0     0  666.11807    0 2093  696.88225  666.11807  4.41%     -  243s
     0     0  671.80597    0 2040  696.88225  671.80597  3.60%     -  318s
     0     0  673.00549    0 2059  696.88225  673.00549  3.43%     -  358s
     0     0  673.01643    0 2052  696.88225  673.01643  3.42%     -  375s
     0     0  680.00217    0 2057  696.88225  680.00217  2.42%     -  453s
     0     0  680.05534    0 2041  696.88225  680.05534  2.41%     -  477s
     0     0  680.29136    0 2003  696.88225  680.29136  2.38%     -  539s
     0     0  680.29136    0 2001  696.88225  680.29136  2.38%     -  555s
     0     2  680.29136    0 2001  696.88225  680.29136  2.38%     -  924s
     1     4  686.61650    1 1996  696.88225  680.29265  2.38%  1766  987s
     3     8  691.48961    2 2072  696.88225  681.48248  2.21%  1582 1060s
     7    16  691.78110    3 2051  696.88225  682.62988  2.05%  1917 1108s
    15    32  692.67887    4 2070  696.88225  682.79660  2.02%  1806 1228s
    31    64  695.28986    5 1965  696.88225  683.23378  1.96%  2610 1603s
    63    96  695.86331    6 2006  696.88225  683.58784  1.91%  2630 1880s
    95   128  696.51039    6 1977  696.88225  683.58788  1.91%  2711 2240s
H   96   128                     696.8812826  683.58788  1.91%  2682 2240s
H  102   128                     696.8738923  683.58788  1.91%  2742 2240s
H  115   128                     696.8349389  683.58788  1.90%  2547 2240s
   127   160  695.86397    7 2017  696.83494  683.58788  1.90%  2397 2342s
   159   192  696.01406    8 2000  696.83494  683.58788  1.90%  2183 2422s
H  170   192                     696.7421476  683.58788  1.89%  2106 2422s
   191   232  695.99205    8 1962  696.74215  683.58788  1.89%  1969 2473s
   231   277  696.69881    9 1971  696.74215  683.58788  1.89%  1785 2605s
   278   315     cutoff    9       696.74215  683.58788  1.89%  1608 2706s
H  322   343                     696.0387021  683.58788  1.79%  1492 4722s
H  325   343                     695.7897963  683.58788  1.75%  1495 4722s
H  335   343                     695.7468005  683.58788  1.75%  1467 4722s
H  338   343                     695.6757718  683.58788  1.74%  1462 4722s
H  346   343                     695.6400420  683.58788  1.73%  1446 4722s
   354   350     cutoff   11       695.64004  683.58788  1.73%  1425 5549s
H  359   350                     695.5768582  683.58788  1.72%  1406 5549s
H  361   350                     695.5464307  683.58788  1.72%  1400 5549s
   399   377  689.93863   14 1824  695.54643  683.58788  1.72%  1323 7361s
H  419   377                     695.5464157  683.58788  1.72%  1291 7361s
   454   409  690.52794   15 1835  695.54642  683.58788  1.72%  1269 7456s
   515   420  690.37605   17 1829  695.54642  683.58788  1.72%  1234 9014s
   548   470  690.33022   16 1755  695.54642  683.58788  1.72%  1244 9131s
   628   529  691.42778   18 1753  695.54642  683.58788  1.72%  1198 9230s
   703   631  691.41261   18 1745  695.54642  683.58788  1.72%  1169 9459s
   813   758  691.74228   22 1711  695.54642  683.58788  1.72%  1096 9604s
   942   897  691.72173   21 1715  695.54642  683.58788  1.72%  1023 9735s
  1087  1043  693.46830   23 1731  695.54642  683.58788  1.72%   946 9858s
  1248  1200  692.15370   24 1719  695.54642  683.58788  1.72%   870 9959s
  1427  1377  692.38690   26 1716  695.54642  683.58788  1.72%   803 10075s
  1618  1576  692.44891   28 1726  695.54642  683.58788  1.72%   741 10134s
  1830  1790     cutoff   29       695.54642  683.58788  1.72%   687 10178s
  2065  2004  693.00852   29 1741  695.54642  683.58788  1.72%   634 10229s
  2314  2216     cutoff   28       695.54642  683.58788  1.72%   589 10311s
  2597  2319  693.50934   30 1720  695.54642  683.58788  1.72%   545 11388s
H 2697  2317                     695.5364233  683.58788  1.72%   535 11388s
H 2714  2305                     695.5065735  683.58788  1.71%   533 11388s
  2719  2586  694.67241   31 1718  695.50657  683.58788  1.71%   533 11475s
H 3021  2586                     695.5065723  683.58788  1.71%   496 12259s
  3022  2587  693.59752   53 2001  695.50657  683.58788  1.71%   496 12477s
H 3023  2458                     695.5065719  683.58788  1.71%   496 12499s
H 3023  2335                     695.5065701  683.58788  1.71%   496 12502s
  3025  2336  694.77580   99 2205  695.50657  683.58788  1.71%   495 12530s
  3026  2337  692.70770   31 2168  695.50657  683.58788  1.71%   495 12548s
  3027  2337  692.46697   43 2124  695.50657  683.58788  1.71%   495 12569s
  3028  2338  686.33851   12 1987  695.50657  683.58788  1.71%   495 12594s
  3029  2339  691.63288   20 1928  695.50657  683.58788  1.71%   495 12604s
  3030  2339  693.81025   64 1910  695.50657  683.58788  1.71%   494 12615s
  3031  2340  693.86707  125 1903  695.50657  683.58788  1.71%   494 12627s
  3032  2341  691.86777   23 1920  695.50657  683.58788  1.71%   494 12638s
  3033  2341  684.72258   10 1921  695.50657  683.58788  1.71%   494 12645s
  3034  2342  693.51091   49 1903  695.50657  683.58788  1.71%   494 12657s
  3035  2343  690.29257   38 1901  695.50657  683.58788  1.71%   494 12668s
  3036  2343  693.77370    9 1909  695.50657  683.58788  1.71%   493 12677s
H 3036  2226                     695.5065700  683.58788  1.71%   493 12685s
  3037  2227  694.49021  115 1923  695.50657  683.58788  1.71%   493 12692s
  3038  2228  693.84336   32 1804  695.50657  683.58788  1.71%   493 12803s
  3039  2228  693.81243  112 1790  695.50657  683.58788  1.71%   493 12819s
  3040  2229  694.83050   41 1799  695.50657  683.58788  1.71%   493 12827s
  3042  2230  686.02867   15 1801  695.50657  683.58788  1.71%   492 12832s
  3043  2231  688.83527   20 1850  695.50657  683.58788  1.71%   492 12847s
  3044  2232  686.80782   15 1727  695.50657  683.67929  1.70%   492 12948s
  3045  2232  691.38984    6 1714  695.50657  683.74112  1.69%   492 12956s
  3046  2233  695.39930    7 1703  695.50657  684.66374  1.56%   492 12966s
  3047  2234  688.85225   26 1710  695.50657  684.66374  1.56%   492 12971s
  3049  2235  692.56786   62 1745  695.50657  684.89154  1.53%   491 12992s
  3050  2236  694.61160   59 1724  695.50657  685.63312  1.42%   491 13039s
  3051  2236  687.50700   10 1725  695.50657  685.72846  1.41%   491 13046s
  3052  2237  694.60282   15 1740  695.50657  685.95524  1.37%   491 13075s
  3053  2238  692.81818   62 1712  695.50657  686.10744  1.35%   491 13127s
  3054  2238  691.29746   39 1702  695.50657  686.10744  1.35%   490 13150s
  3055  2239  691.47360   19 1724  695.50657  686.10744  1.35%   490 13194s
  3056  2240  686.26135   18 1752  695.50657  686.26135  1.33%   490 13273s
  3057  2240  693.50710   68 1662  695.50657  686.26135  1.33%   490 13337s
  3058  2241  688.50397   18 1655  695.50657  686.26135  1.33%   490 13405s
  3059  2242  691.02406   29 1695  695.50657  686.26135  1.33%   490 13528s
  3060  2242  694.83050   41 1694  695.50657  686.26135  1.33%   490 13585s
  3061  2243  692.68088   19 1694  695.50657  686.26135  1.33%   489 14120s
  3062  2247  686.26135   16 1656  695.50657  686.26135  1.33%   509 14980s
  3064  2250  686.26135   17 1726  695.50657  686.26135  1.33%   510 16338s
  3068  2257  686.26135   18 1761  695.50657  686.26135  1.33%   512 16495s
  3076  2270  689.63197   19 1703  695.50657  686.26135  1.33%   520 16615s
  3092  2297  692.89396   20 1716  695.50657  686.26135  1.33%   534 16778s
H 3093  2183                     695.5065699  686.26135  1.33%   534 16778s
  3124  2192     cutoff   21       695.50657  686.26135  1.33%   565 18303s
H 3130  2083                     695.5065698  686.26135  1.33%   569 18303s
  3156  2090     cutoff   21       695.50657  686.26135  1.33%   590 18396s
  3188  2086     cutoff   22       695.50657  686.26135  1.33%   612 18453s
  3220  2093  689.48079   24 1595  695.50657  686.26135  1.33%   625 18604s
H 3229  1988                     695.4947357  686.26135  1.33%   628 18604s
  3252  2012  689.93643   25 1573  695.49474  686.26135  1.33%   635 18793s
H 3300  1916                     695.4947283  686.26135  1.33%   652 19710s
H 3301  1824                     695.4904077  686.26135  1.33%   652 19710s
H 3302  1737                     695.4881083  686.26135  1.33%   652 19710s
H 3313  1650                     695.4807697  686.26135  1.33%   655 19710s
  3335  1663  692.93168   28 1605  695.48077  686.26135  1.33%   659 20202s
H 3348  1579                     695.4807050  686.26135  1.33%   663 20202s
  3369  1614  693.23633   29 1607  695.48070  686.26135  1.33%   668 20400s
  3431  1657  693.47106   31 1597  695.48070  686.26135  1.33%   675 20740s
  3518  1672  693.93126   34 1567  695.48070  686.26135  1.33%   679 20968s
  3607  1691  694.45827   37 1595  695.48070  686.26135  1.33%   679 21185s
  3701  1683     cutoff   41       695.48070  686.26135  1.33%   684 21426s
  3818  1717     cutoff   41       695.48070  686.26135  1.33%   692 21534s
  3931  1740  689.13503   23 1515  695.48070  686.26135  1.33%   693 21638s
  4039  1767  693.35596   25 1651  695.48070  686.26135  1.33%   696 21758s
  4144  1744  694.09603   28 1640  695.48070  686.26135  1.33%   699 21921s
  4185  1800  694.22979   29 1633  695.48070  686.26135  1.33%   705 22096s
  4314  1812     cutoff   34       695.48070  686.26135  1.33%   703 22161s
  4451  1822  689.68726   23 1517  695.48070  686.26135  1.33%   703 22240s
  4583  1877  693.24884   24 1612  695.48070  686.26135  1.33%   703 22333s
  4726  1963  693.93351   25 1631  695.48070  686.26135  1.33%   700 22407s
  4894  2010  694.74884   27 1635  695.48070  686.26135  1.33%   693 22592s
H 4915  1928                     695.4807041  686.26135  1.33%   692 22592s
  5057  1994     cutoff   29       695.48070  686.26135  1.33%   686 22642s
  5272  2048     cutoff   27       695.48070  687.02746  1.22%   676 22672s
  5466  2116  689.68730   24 1605  695.48070  687.02746  1.22%   671 22687s
  5651  2220  690.73275   26 1664  695.48070  687.02746  1.22%   666 22786s
  5904  2256  691.82952   30 1684  695.48070  687.02746  1.22%   654 22818s
H 5907  2184                     695.4807032  687.02746  1.22%   654 22818s
  6113  2278  693.16484   36 1624  695.48070  687.02746  1.22%   648 22891s
  6361  2324  695.08269   47 1667  695.48070  687.24348  1.18%   640 23069s
  6520  2471  689.71817   25 1608  695.48070  687.24348  1.18%   636 23197s
  6767  2626  690.67517   27 1583  695.48070  687.24348  1.18%   628 23325s
  7068  2787  691.97539   31 1605  695.48070  687.24348  1.18%   617 23522s
  7425  3144  693.50401   36 1603  695.48070  687.24348  1.18%   602 23721s
  7910  3320  695.17117   47 1655  695.48070  687.62522  1.13%   582 23929s
  8285  3558  689.60715   25 1617  695.48070  687.62522  1.13%   574 24287s
H 8386  3558                     695.4807031  687.62522  1.13%   571 24287s
H 8573  3558                     695.4807017  687.62522  1.13%   569 24287s
  8588  3787  691.08597   30 1616  695.48070  687.62522  1.13%   569 24754s
H 8842  3787                     695.4802438  687.62522  1.13%   564 24754s
  8941  4275  693.99245   42 1558  695.48024  687.97140  1.08%   562 24914s

Cutting planes:
  Learned: 26
  Gomory: 39
  Cover: 126
  Implied bound: 69
  Projected implied bound: 249
  Clique: 7
  MIR: 577
  StrongCG: 2
  Flow cover: 3440
  Zero half: 21
  RLT: 1391
  Relax-and-lift: 260

Explored 9580 nodes (5209529 simplex iterations) in 24914.62 seconds
Thread count was 32 (of 32 available processors)

Solution count 10: 695.48 695.481 695.481 ... 695.495

Optimal solution found (tolerance 1.00e-02)
Warning: max constraint violation (2.5473e-06) exceeds tolerance
Best objective 6.954802437860e+02, best bound 6.885317329856e+02, gap 0.9991%

Gurobi 9.1.0 (linux64) logging started Thu Aug 19 21:06:05 2021

Changed value of parameter LogFile to eab_parasitoid_0_1_0.6_bud.log
   Prev:   Default: 
Changed value of parameter MIPGap to 0.01
   Prev: 0.0001  Min: 0.0  Max: inf  Default: 0.0001
Changed value of parameter Method to 2
   Prev: -1  Min: -1  Max: 5  Default: -1
Changed value of parameter MIPFocus to 2
   Prev: 0  Min: 0  Max: 3  Default: 0
Changed value of parameter RINS to 100
   Prev: -1  Min: -1  Max: 2000000000  Default: -1
Changed value of parameter SolutionLimit to 1
   Prev: 2000000000  Min: 1  Max: 2000000000  Default: 2000000000
Gurobi Optimizer version 9.1.0 build v9.1.0rc0 (linux64)
Thread count: 32 physical cores, 32 logical processors, using up to 32 threads
Optimize a model with 203396 rows, 134935 columns and 685039 nonzeros
Model fingerprint: 0x25333c46
Variable types: 55779 continuous, 79156 integer (79156 binary)
Coefficient statistics:
  Matrix range     [2e-04, 1e+06]
  Objective range  [1e-06, 1e-01]
  Bounds range     [1e+00, 6e+03]
  RHS range        [1e-04, 1e+06]

User MIP start produced solution with objective 696.883 (2.09s)
User MIP start produced solution with objective 696.797 (2.12s)
User MIP start produced solution with objective 695.48 (2.18s)
Loaded user MIP start with objective 695.48
Processed MIP start in 2.19 seconds


Explored 0 nodes (0 simplex iterations) in 2.20 seconds
Thread count was 1 (of 32 available processors)

Solution count 4: 695.48 

Solution limit reached
Best objective 6.954802408521e+02, best bound -, gap -
