
Gurobi 9.1.0 (linux64) logging started Fri Aug  6 08:10:00 2021

Changed value of parameter LogFile to eab_parasitoid_1_0_0.4_bud.log
   Prev:   Default: 
Changed value of parameter MIPGap to 0.01
   Prev: 0.0001  Min: 0.0  Max: inf  Default: 0.0001
Changed value of parameter Method to 2
   Prev: -1  Min: -1  Max: 5  Default: -1
Changed value of parameter MIPFocus to 2
   Prev: 0  Min: 0  Max: 3  Default: 0
Changed value of parameter RINS to 100
   Prev: -1  Min: -1  Max: 2000000000  Default: -1
Gurobi Optimizer version 9.1.0 build v9.1.0rc0 (linux64)
Thread count: 32 physical cores, 32 logical processors, using up to 32 threads
Optimize a model with 203396 rows, 134935 columns and 685039 nonzeros
Model fingerprint: 0x0ff2d6e5
Variable types: 55779 continuous, 79156 integer (79156 binary)
Coefficient statistics:
  Matrix range     [2e-04, 6e+05]
  Objective range  [1e-06, 1e-01]
  Bounds range     [1e+00, 6e+03]
  RHS range        [1e-04, 6e+05]
Presolve removed 192860 rows and 126370 columns
Presolve time: 4.24s
Presolved: 10536 rows, 8565 columns, 134513 nonzeros
Variable types: 3573 continuous, 4992 integer (4986 binary)
Presolve removed 33 rows and 34 columns
Presolved: 10503 rows, 8531 columns, 134418 nonzeros

Root barrier log...

Ordering time: 0.27s

Barrier statistics:
 Dense cols : 133
 AA' NZ     : 5.873e+05
 Factor NZ  : 2.851e+06 (roughly 30 MBytes of memory)
 Factor Ops : 2.430e+09 (less than 1 second per iteration)
 Threads    : 31

                  Objective                Residual
Iter       Primal          Dual         Primal    Dual     Compl     Time
   0   2.94704423e+03 -1.55090582e+04  6.76e+04 1.83e-01  8.79e+01     5s
   1   2.32422815e+03 -1.97088474e+04  4.80e+04 2.09e-01  6.24e+01     5s
   2   8.52769333e+02 -1.84250067e+04  6.48e+03 8.79e-03  8.98e+00     5s
   3   5.70854707e+02 -1.15038681e+04  4.99e+02 1.10e-13  1.00e+00     6s
   4   4.72152463e+02 -6.84623332e+03  9.57e+01 4.22e-15  3.52e-01     6s
   5   4.49194519e+02 -3.84729625e+03  3.13e+01 2.78e-15  1.78e-01     6s
   6   4.36575388e+02 -9.37633616e+02  8.33e+00 1.33e-15  5.37e-02     6s
   7   4.26435950e+02  1.45240576e+02  9.22e-01 1.33e-15  1.07e-02     6s
   8   4.19729916e+02  3.58268555e+02  1.50e-01 1.55e-15  2.30e-03     6s
   9   4.17392342e+02  3.94227514e+02  5.99e-02 8.20e-16  8.65e-04     6s
  10   4.16300404e+02  4.00114313e+02  3.00e-02 8.20e-16  6.04e-04     6s
  11   4.15325106e+02  4.05085993e+02  5.14e-03 4.87e-16  3.81e-04     6s
  12   4.14595734e+02  4.09393974e+02  2.07e-04 2.65e-16  1.94e-04     7s
  13   4.14034318e+02  4.11787121e+02  6.16e-05 4.44e-16  8.36e-05     7s
  14   4.13880489e+02  4.12881883e+02  3.41e-05 1.11e-16  3.71e-05     7s
  15   4.13760816e+02  4.13253067e+02  1.41e-05 2.22e-16  1.89e-05     7s
  16   4.13743514e+02  4.13384709e+02  1.14e-05 1.25e-16  1.33e-05     7s
  17   4.13702551e+02  4.13463274e+02  4.64e-06 1.11e-16  8.90e-06     7s
  18   4.13689223e+02  4.13576855e+02  3.00e-06 2.22e-16  4.18e-06     7s
  19   4.13678629e+02  4.13613909e+02  1.57e-06 2.22e-16  2.41e-06     7s
  20   4.13672467e+02  4.13631729e+02  8.20e-07 2.22e-16  1.51e-06     8s
  21   4.13670622e+02  4.13650339e+02  5.74e-07 2.22e-16  7.54e-07     8s
  22   4.13669806e+02  4.13654552e+02  4.78e-07 2.22e-16  5.67e-07     8s
  23   4.13668439e+02  4.13658541e+02  3.20e-07 1.25e-16  3.68e-07     8s
  24   4.13666645e+02  4.13662360e+02  1.39e-07 2.22e-16  1.59e-07     8s
  25   4.13666429e+02  4.13663414e+02  1.16e-07 2.22e-16  1.12e-07     8s
  26   4.13665481e+02  4.13664696e+02  1.81e-08 3.88e-16  2.92e-08     8s
  27   4.13665320e+02  4.13665074e+02  3.55e-09 1.11e-16  9.16e-09     9s
  28   4.13665298e+02  4.13665134e+02  1.69e-09 2.22e-16  6.08e-09     9s
  29   4.13665293e+02  4.13665222e+02  1.27e-09 2.22e-16  2.63e-09     9s
  30   4.13665279e+02  4.13665263e+02  2.22e-10 1.67e-16  6.01e-10     9s
  31   4.13665276e+02  4.13665272e+02  4.21e-11 2.22e-16  1.46e-10     9s
  32   4.13665276e+02  4.13665276e+02  1.10e-10 1.59e-15  9.67e-12     9s

Barrier solved model in 32 iterations and 9.18 seconds
Optimal objective 4.13665276e+02


Root crossover log...

     778 DPushes remaining with DInf 0.0000000e+00                 9s
       0 DPushes remaining with DInf 0.0000000e+00                 9s

    3875 PPushes remaining with PInf 1.5104150e-06                 9s
       0 PPushes remaining with PInf 0.0000000e+00                 9s

  Push phase complete: Pinf 0.0000000e+00, Dinf 3.4925902e-02      9s


Root simplex log...

Iteration    Objective       Primal Inf.    Dual Inf.      Time
    4498    4.1366528e+02   0.000000e+00   3.492590e-02      9s
    4503    4.1366528e+02   0.000000e+00   0.000000e+00      9s
    4503    4.1366528e+02   0.000000e+00   0.000000e+00      9s

Root relaxation: objective 4.136653e+02, 4503 iterations, 4.98 seconds
Total elapsed time = 10.14s

    Nodes    |    Current Node    |     Objective Bounds      |     Work
 Expl Unexpl |  Obj  Depth IntInf | Incumbent    BestBd   Gap | It/Node Time

     0     0  437.46325    0 1967          -  437.46325      -     -   10s
     0     0  449.20188    0 2168          -  449.20188      -     -   13s
     0     0  449.58922    0 2152          -  449.58922      -     -   15s
     0     0  449.59563    0 2144          -  449.59563      -     -   16s
     0     0  449.59577    0 2147          -  449.59577      -     -   16s
     0     0  453.49986    0 2112          -  453.49986      -     -   20s
H    0     0                     604.5915941  453.49986  25.0%     -   22s
H    0     0                     604.5743011  453.49986  25.0%     -   22s
     0     0  453.77910    0 2099  604.57430  453.77910  24.9%     -   22s
     0     0  454.28294    0 2003  604.57430  454.28294  24.9%     -   23s
     0     0  454.28586    0 1991  604.57430  454.28586  24.9%     -   23s
     0     0  460.76619    0 2038  604.57430  460.76619  23.8%     -   27s
     0     0  461.00367    0 2085  604.57430  461.00367  23.7%     -   29s
H    0     0                     513.3372029  461.00367  10.2%     -   29s
     0     0  461.02071    0 2084  513.33720  461.02071  10.2%     -   29s
     0     0  461.02385    0 2081  513.33720  461.02385  10.2%     -   29s
H    0     0                     513.1084536  461.02385  10.2%     -   31s
H    0     0                     513.1070604  461.02385  10.2%     -   34s
     0     0  468.20789    0 1994  513.10706  468.20789  8.75%     -   34s
     0     0  468.32698    0 1974  513.10706  468.32698  8.73%     -   35s
     0     0  468.33656    0 1990  513.10706  468.33656  8.73%     -   35s
     0     0  474.29296    0 1940  513.10706  474.29296  7.56%     -   39s
     0     0  474.29296    0 1961  513.10706  474.29296  7.56%     -   40s
     0     0  474.29296    0 1967  513.10706  474.29296  7.56%     -   40s
     0     0  480.15786    0 1891  513.10706  480.15786  6.42%     -   46s
     0     0  480.48579    0 1915  513.10706  480.48579  6.36%     -   47s
     0     0  480.50525    0 1903  513.10706  480.50525  6.35%     -   48s
H    0     0                     512.5927564  480.50525  6.26%     -   52s
     0     0  494.67108    0 1937  512.59276  494.67108  3.50%     -   54s
     0     0  495.25343    0 1871  512.59276  495.25343  3.38%     -   56s
H    0     0                     512.5918637  495.25343  3.38%     -   57s
     0     0  497.65325    0 1907  512.59186  497.65325  2.91%     -   57s
     0     0  497.68829    0 1907  512.59186  497.68829  2.91%     -   58s
     0     0  497.69697    0 1906  512.59186  497.69697  2.91%     -   58s
H    0     0                     512.5917437  497.69697  2.91%     -   60s
     0     0  499.64219    0 1830  512.59174  499.64219  2.53%     -   61s
     0     0  499.66788    0 1851  512.59174  499.66788  2.52%     -   62s
     0     0  501.48852    0 1858  512.59174  501.48852  2.17%     -   65s
     0     0  501.50551    0 1852  512.59174  501.50551  2.16%     -   66s
     0     0  501.53662    0 1788  512.59174  501.53662  2.16%     -   69s
     0     0  501.53662    0 1787  512.59174  501.53662  2.16%     -   71s
H    0     0                     512.5350043  501.53662  2.15%     -  104s
     0     2  501.53662    0 1787  512.53500  501.53662  2.15%     -  106s
     3     8  507.44235    2 1533  512.53500  501.54046  2.15%  1373  118s
     7    12 infeasible    3       512.53500  502.13956  2.03%  1564  123s
    15    20  503.67160    4 1463  512.53500  503.58771  1.75%  1438  128s
    27    32  503.99306    5 1385  512.53500  503.67217  1.73%  1350  137s
H   29    32                     512.5350040  503.67217  1.73%  1283  137s
H   32    32                     512.5350023  503.74672  1.71%  1262  137s
    47    33  507.42743    6 1433  512.53500  503.99404  1.67%  1263  145s
    79    62  507.43686    7 1427  512.53500  505.91913  1.29%  1604  150s
   111    70  508.09621    8 1411  512.53500  505.95084  1.28%  1271  160s
   143    73  508.11188    9 1395  512.53500  505.95084  1.28%  1230  168s
H  147    73                     512.5169244  505.95084  1.28%  1215  168s
   175    92  511.78138   10 1382  512.51692  505.95084  1.28%  1126  174s
   214   106     cutoff   12       512.51692  505.95084  1.28%  1000  182s
   248   137  512.19232   11 1367  512.51692  505.95084  1.28%   935  186s
   295   154  512.29595   12 1330  512.51692  505.95084  1.28%   827  192s
   337   195  512.31600   13 1342  512.51692  505.95084  1.28%   776  197s
   394   207     cutoff   15       512.51692  505.95084  1.28%   698  240s
H  398   207                     512.5124142  505.95084  1.28%   693  240s
H  400   207                     512.4829841  505.95084  1.27%   691  240s
   431   249  510.64510   17 1264  512.48298  505.95084  1.27%   663  247s
H  493   263                     512.4756963  505.95084  1.27%   608  292s
H  496   263                     512.4727370  505.95084  1.27%   605  292s
H  502   263                     512.4706607  505.95084  1.27%   601  292s
H  512   263                     512.4677882  505.95084  1.27%   598  292s
   526   329  510.96462   19 1230  512.46779  505.95084  1.27%   587  307s
   627   370  510.97292   20 1226  512.46779  505.95084  1.27%   519  319s
   712   415  512.07590   23 1253  512.46779  505.95084  1.27%   479  331s
   815   429  512.25667   28 1231  512.46779  505.95084  1.27%   441  391s
H  820   429                     512.4677815  505.95084  1.27%   441  391s
H  821   429                     512.4677299  505.95084  1.27%   441  391s
H  831   429                     512.1662671  505.95084  1.21%   439  391s
H  837   429                     512.1516506  505.95084  1.21%   441  391s
H  851   429                     512.1494572  505.95084  1.21%   437  391s
   854   437     cutoff   29       512.14946  505.95771  1.21%   437  406s
   948   461     cutoff    9       512.14946  506.51378  1.10%   422  430s
  1025   534  510.69812    9 1299  512.14946  506.51378  1.10%   415  446s
  1144   630  511.10529   10 1287  512.14946  506.51378  1.10%   390  465s
  1298   679     cutoff   12       512.14946  506.51378  1.10%   360  584s
H 1314   679                     512.1494464  506.51378  1.10%   358  584s
H 1317   679                     512.1494230  506.51378  1.10%   357  584s
H 1323   679                     512.1494221  506.51378  1.10%   356  584s
  1392   795  510.78739   10 1281  512.14942  506.51378  1.10%   349  639s
H 1433   795                     512.1494213  506.51378  1.10%   343  639s
H 1452   795                     512.1494211  506.51378  1.10%   340  639s
H 1510   795                     512.1493307  506.51378  1.10%   331  639s
H 1531   795                     512.1493020  506.51378  1.10%   327  639s
  1578   921     cutoff   11       512.14930  506.51378  1.10%   322  649s
  1770  1077  511.45080   19 1222  512.14930  506.51378  1.10%   300  659s
  1999  1107     cutoff   20       512.14930  506.70248  1.06%   279  865s
H 2000  1107                     512.1492903  506.70248  1.06%   279  865s
H 2015  1107                     512.1492896  506.70248  1.06%   280  865s
H 2038  1107                     512.1492892  506.70248  1.06%   279  865s
H 2054  1107                     512.1492843  506.70248  1.06%   278  865s
H 2060  1107                     512.1492840  506.70248  1.06%   277  865s
  2071  1299  510.17208    9 1284  512.14928  506.70248  1.06%   276  890s
  2358  1465  510.17363   10 1284  512.14928  506.70248  1.06%   255  920s
  2655  1612  510.79481   12 1263  512.14928  506.70248  1.06%   237  936s
H 2922  1570                     512.1492763  506.70248  1.06%   226 1160s
  2923  1571  509.50012   15 1787  512.14928  506.70248  1.06%   226 1205s
H 2924  1493                     512.1492744  506.70248  1.06%   226 1220s
  2926  1494  511.33955   17 1883  512.14927  506.70248  1.06%   226 1232s
  2927  1495  511.57315   43 1802  512.14927  506.70248  1.06%   225 1235s
  2929  1496  508.98019   20 1576  512.14927  506.70248  1.06%   225 1244s
  2930  1497  511.31989   38 1506  512.14927  506.70248  1.06%   225 1248s
  2931  1497  511.62728   12 1473  512.14927  506.70248  1.06%   225 1253s
  2932  1498  511.76649   46 1474  512.14927  506.70248  1.06%   225 1257s
  2934  1499  511.48872   22 1514  512.14927  506.70248  1.06%   225 1263s
  2935  1500  510.68777   26 1415  512.14927  506.70248  1.06%   225 1327s
H 2935  1425                     512.1492742  506.70248  1.06%   225 1330s
H 2937  1354                     512.1492737  506.70248  1.06%   225 1362s
H 2937  1286                     512.1492733  506.70248  1.06%   225 1362s
H 2938  1223                     512.1492720  506.70248  1.06%   225 1393s
  2939  1224  511.46171   57 1412  512.14927  506.70248  1.06%   225 1423s
  2940  1224  511.58648   65 1401  512.14927  506.70248  1.06%   224 1425s

Cutting planes:
  Learned: 47
  Gomory: 63
  Cover: 82
  Implied bound: 95
  Projected implied bound: 72
  Clique: 21
  MIR: 352
  StrongCG: 2
  Flow cover: 2242
  GUB cover: 6
  Zero half: 14
  RLT: 662
  Relax-and-lift: 160

Explored 2941 nodes (743495 simplex iterations) in 1455.75 seconds
Thread count was 32 (of 32 available processors)

Solution count 10: 512.149 512.149 512.149 ... 512.149

Optimal solution found (tolerance 1.00e-02)
Best objective 5.121492719894e+02, best bound 5.070393230339e+02, gap 0.9977%

Gurobi 9.1.0 (linux64) logging started Thu Aug 19 21:12:13 2021

Changed value of parameter LogFile to eab_parasitoid_1_0_0.4_bud.log
   Prev:   Default: 
Changed value of parameter MIPGap to 0.01
   Prev: 0.0001  Min: 0.0  Max: inf  Default: 0.0001
Changed value of parameter Method to 2
   Prev: -1  Min: -1  Max: 5  Default: -1
Changed value of parameter MIPFocus to 2
   Prev: 0  Min: 0  Max: 3  Default: 0
Changed value of parameter RINS to 100
   Prev: -1  Min: -1  Max: 2000000000  Default: -1
Changed value of parameter SolutionLimit to 1
   Prev: 2000000000  Min: 1  Max: 2000000000  Default: 2000000000
Gurobi Optimizer version 9.1.0 build v9.1.0rc0 (linux64)
Thread count: 32 physical cores, 32 logical processors, using up to 32 threads
Optimize a model with 203396 rows, 134935 columns and 685039 nonzeros
Model fingerprint: 0x334558d4
Variable types: 55779 continuous, 79156 integer (79156 binary)
Coefficient statistics:
  Matrix range     [2e-04, 6e+05]
  Objective range  [1e-06, 1e-01]
  Bounds range     [1e+00, 6e+03]
  RHS range        [1e-04, 6e+05]

User MIP start produced solution with objective 512.208 (17.65s)
User MIP start produced solution with objective 512.201 (17.76s)
User MIP start produced solution with objective 512.149 (17.97s)
Loaded user MIP start with objective 512.149
Processed MIP start in 18.03 seconds


Explored 0 nodes (0 simplex iterations) in 18.13 seconds
Thread count was 1 (of 32 available processors)

Solution count 4: 512.149 

Solution limit reached
Warning: max constraint violation (9.0862e-06) exceeds tolerance
Warning: max bound violation (4.5322e-06) exceeds tolerance
Best objective 5.121492249961e+02, best bound -, gap -
