
Gurobi 9.1.0 (linux64) logging started Sun Aug 15 23:14:02 2021

Changed value of parameter LogFile to eab_parasitoid0_0_0.4_bud_area.log
   Prev:   Default: 
Changed value of parameter MIPGap to 0.01
   Prev: 0.0001  Min: 0.0  Max: inf  Default: 0.0001
Changed value of parameter Method to 2
   Prev: -1  Min: -1  Max: 5  Default: -1
Changed value of parameter MIPFocus to 2
   Prev: 0  Min: 0  Max: 3  Default: 0
Changed value of parameter RINS to 100
   Prev: -1  Min: -1  Max: 2000000000  Default: -1
Gurobi Optimizer version 9.1.0 build v9.1.0rc0 (linux64)
Thread count: 32 physical cores, 32 logical processors, using up to 32 threads
Optimize a model with 203396 rows, 134935 columns and 685039 nonzeros
Model fingerprint: 0xa8d082c7
Variable types: 55779 continuous, 79156 integer (79156 binary)
Coefficient statistics:
  Matrix range     [2e-04, 1e+06]
  Objective range  [1e+00, 1e+00]
  Bounds range     [1e+00, 6e+03]
  RHS range        [1e-04, 1e+06]
Presolve removed 198159 rows and 130450 columns
Presolve time: 3.35s
Presolved: 5237 rows, 4485 columns, 71980 nonzeros
Variable types: 1878 continuous, 2607 integer (2607 binary)
Presolve removed 21 rows and 13 columns
Presolved: 5216 rows, 4472 columns, 71243 nonzeros

Root barrier log...

Ordering time: 0.13s

Barrier statistics:
 Dense cols : 94
 AA' NZ     : 2.496e+05
 Factor NZ  : 1.028e+06 (roughly 12 MBytes of memory)
 Factor Ops : 5.760e+08 (less than 1 second per iteration)
 Threads    : 31

                  Objective                Residual
Iter       Primal          Dual         Primal    Dual     Compl     Time
   0   1.44292196e+04 -3.32437241e+05  6.34e+03 7.69e-01  1.33e+03     4s
   1   4.99370037e+03 -4.03635096e+05  1.79e+03 1.47e+01  3.90e+02     4s
   2   1.22010671e+03 -3.49914625e+05  1.17e+02 1.39e-12  4.64e+01     4s
   3   9.75542900e+02 -1.31936538e+05  6.80e+00 3.77e-13  1.02e+01     4s
   4   9.60251217e+02 -2.07542519e+03  2.26e-15 1.24e-13  2.19e-01     4s
   5   8.87106126e+02 -2.02618026e+02  2.66e-15 4.33e-14  7.86e-02     4s
   6   8.50259036e+02  2.13967684e+02  1.11e-15 2.37e-14  4.59e-02     4s
   7   8.40177156e+02  5.13499676e+02  4.42e-15 1.17e-14  2.36e-02     4s
   8   8.33414379e+02  6.85176935e+02  4.70e-15 4.95e-15  1.07e-02     4s
   9   8.30797691e+02  7.74026743e+02  3.83e-15 1.90e-15  4.09e-03     4s
  10   8.28547005e+02  7.92787079e+02  2.66e-15 1.78e-15  2.58e-03     4s
  11   8.27163975e+02  8.14790753e+02  6.00e-15 1.78e-15  8.92e-04     4s
  12   8.26640052e+02  8.22898144e+02  1.52e-14 1.78e-15  2.70e-04     4s
  13   8.26406450e+02  8.25508568e+02  6.46e-14 1.78e-15  6.47e-05     4s
  14   8.26297324e+02  8.25857773e+02  8.37e-14 1.42e-14  3.17e-05     4s
  15   8.26203828e+02  8.26040472e+02  1.69e-13 1.42e-14  1.18e-05     4s
  16   8.26180412e+02  8.26102541e+02  1.23e-13 1.78e-15  5.61e-06     4s
  17   8.26167393e+02  8.26131456e+02  6.24e-13 1.78e-15  2.59e-06     4s
  18   8.26154264e+02  8.26154135e+02  2.77e-11 3.55e-15  9.24e-09     4s
  19   8.26154208e+02  8.26154208e+02  1.76e-11 1.42e-14  9.24e-12     4s
  20   8.26154208e+02  8.26154208e+02  1.98e-11 1.78e-15  1.15e-17     4s

Barrier solved model in 20 iterations and 4.17 seconds
Optimal objective 8.26154208e+02


Root relaxation: objective 8.261542e+02, 3986 iterations, 0.76 seconds

    Nodes    |    Current Node    |     Objective Bounds      |     Work
 Expl Unexpl |  Obj  Depth IntInf | Incumbent    BestBd   Gap | It/Node Time

     0     0  826.15421    0  136          -  826.15421      -     -    4s
     0     0  826.18286    0  450          -  826.18286      -     -    5s
     0     0  826.18307    0  447          -  826.18307      -     -    5s
     0     0  826.18307    0  449          -  826.18307      -     -    5s
     0     0  826.30806    0  585          -  826.30806      -     -    7s
     0     0  826.35135    0  597          -  826.35135      -     -    7s
     0     0  826.35374    0  613          -  826.35374      -     -    7s
     0     0  826.35375    0  616          -  826.35375      -     -    7s
     0     0  828.28756    0  587          -  828.28756      -     -    9s
     0     0  828.33052    0  619          -  828.33052      -     -    9s
     0     0  828.33052    0  614          -  828.33052      -     -    9s
     0     0  829.34037    0  623          -  829.34037      -     -    9s
     0     0  830.38027    0  627          -  830.38027      -     -   10s
     0     0  830.38027    0  640          -  830.38027      -     -   11s
     0     0  830.38027    0  647          -  830.38027      -     -   11s
     0     0  830.38027    0  649          -  830.38027      -     -   11s
     0     0  830.38027    0  659          -  830.38027      -     -   12s
     0     0  830.38027    0  610          -  830.38027      -     -   13s
     0     0  830.38027    0  597          -  830.38027      -     -   14s
     0     0  830.38027    0  610          -  830.38027      -     -   14s
     0     0  830.38027    0  612          -  830.38027      -     -   14s
     0     0  830.38027    0  612          -  830.38027      -     -   15s
H    0     0                     903.1945726  830.38027  8.06%     -   16s
     0     0  830.38027    0  617  903.19457  830.38027  8.06%     -   18s
     0     0  830.38027    0  625  903.19457  830.38027  8.06%     -   20s
     0     0  830.38027    0  632  903.19457  830.38027  8.06%     -   20s
     0     0  830.38027    0  631  903.19457  830.38027  8.06%     -   20s
     0     0  830.38027    0  637  903.19457  830.38027  8.06%     -   20s
     0     0  830.38027    0  637  903.19457  830.38027  8.06%     -   20s
     0     0  830.38027    0  600  903.19457  830.38027  8.06%     -   24s
     0     0  830.38027    0  639  903.19457  830.38027  8.06%     -   25s
     0     0  830.38027    0  633  903.19457  830.38027  8.06%     -   26s
     0     0  830.38027    0  645  903.19457  830.38027  8.06%     -   26s
     0     0  830.38027    0  606  903.19457  830.38027  8.06%     -   28s
     0     0  830.38027    0  615  903.19457  830.38027  8.06%     -   29s
     0     0  830.38027    0  619  903.19457  830.38027  8.06%     -   29s
     0     0  830.38027    0  624  903.19457  830.38027  8.06%     -   30s
H    0     0                     873.7654663  830.38027  4.97%     -   31s
     0     0  830.38027    0  629  873.76547  830.38027  4.97%     -   31s
     0     0  830.38027    0  630  873.76547  830.38027  4.97%     -   31s
     0     0  830.38027    0  636  873.76547  830.38027  4.97%     -   33s
     0     0  830.38027    0  597  873.76547  830.38027  4.97%     -   38s
     0     2  830.38027    0  594  873.76547  830.38027  4.97%     -   44s
     1     2 infeasible    1       873.76547  830.38027  4.97%  2583   46s
     7     2  831.08894    4  532  873.76547  830.38027  4.97%  1223   59s
     9     2 infeasible    5       873.76547  831.08894  4.88%  1916   62s
H   10     2                     869.5170353  831.08894  4.42%  1724   62s
    19     4 infeasible   10       869.51704  834.98125  3.97%  1441   69s
    23     4  836.94372   11  535  869.51704  835.92215  3.86%  1366   81s
    27     4 infeasible   12       869.51704  836.94372  3.75%  1768   88s
    31     4  838.93140   13  497  869.51704  837.91348  3.63%  1709  100s
    35     4 infeasible   14       869.51704  838.93140  3.52%  1758  106s
    43     8  841.92587   16  436  869.51704  840.96927  3.28%  1787  111s
    47    12 infeasible   17       869.51704  841.92587  3.17%  1771  131s
    55    24  841.99575   18  340  869.51704  841.99575  3.17%  1841  136s
    67    46  841.99575   19  350  869.51704  841.99575  3.17%  1800  140s
    91    78  841.99575   20  341  869.51704  841.99575  3.17%  1623  145s
   123   104  841.99575   21  362  869.51704  841.99575  3.17%  1748  197s
H  124   104                     868.4342685  841.99575  3.04%  1734  197s
   155   136  841.99575   22  359  868.43427  841.99575  3.04%  1820  206s
H  187   168                     867.3955264  841.99575  2.93%  1622  219s
H  188   168                     867.3531204  841.99575  2.92%  1613  219s
H  189   168                     866.2908006  841.99575  2.80%  1605  219s
H  198   168                     865.2337990  841.99575  2.69%  1546  219s
   219   226  841.99575   24  355  865.23380  841.99575  2.69%  1469  221s
   277   258  841.99575   26  331  865.23380  841.99575  2.69%  1241  235s
H  284   258                     860.9728109  841.99575  2.20%  1211  235s
   309   433  841.99575   27  329  860.97281  841.99575  2.20%  1148  246s
   484   851  841.99575   34  309  860.97281  841.99575  2.20%   856  404s
H  539   851                     857.8164798  841.99575  1.84%   818  404s
H  556   851                     854.5917024  841.99575  1.47%   797  404s
   905  2350  841.99575   46  365  854.59170  841.99575  1.47%   658  708s
  2501  4295 infeasible   97       854.59170  841.99575  1.47%   494  918s
  4668  6296  842.30389   56  434  854.59170  841.99575  1.47%   487 1130s
  7036  6297  845.22333   69  597  854.59170  841.99575  1.47%   456 1164s
  7038  6298  842.02111  114  128  854.59170  841.99575  1.47%   456 1170s
  7040  6300  843.08719   41  536  854.59170  841.99575  1.47%   456 1177s
  7041  6300  845.18132   68  632  854.59170  841.99575  1.47%   456 1181s
  7043  6302  842.02111   75  571  854.59170  841.99575  1.47%   456 1185s
  7048  6305  843.01163   50  612  854.59170  841.99575  1.47%   456 1191s
  7049  6306  845.18132   32  588  854.59170  841.99575  1.47%   455 1237s
  7050  6306  852.61751  153  587  854.59170  841.99575  1.47%   455 1248s
  7051  6307  845.18132   25  587  854.59170  841.99575  1.47%   455 1291s
  7052  6309 infeasible   12       854.59170  841.99575  1.47%   458 1329s
  7054  6308  841.99575   13  550  854.59170  841.99575  1.47%   458 1373s
  7056  6307 infeasible   14       854.59170  841.99575  1.47%   459 1420s
  7058  6307  841.99575   15  581  854.59170  841.99575  1.47%   459 1452s
  7060  6306 infeasible   16       854.59170  841.99575  1.47%   459 1487s
  7062  6305  841.99575   17  555  854.59170  841.99575  1.47%   459 1519s
  7064  6305 infeasible   18       854.59170  841.99575  1.47%   459 1543s
  7066  6304  841.99575   19  612  854.59170  841.99575  1.47%   459 1633s
  7068  6303 infeasible   20       854.59170  841.99575  1.47%   459 1665s
  7070  6305  841.99575   21  609  854.59170  841.99575  1.47%   459 1695s
  7072  6302 infeasible   22       854.59170  841.99575  1.47%   460 1706s
  7076  6301  841.99575   23  571  854.59170  841.99575  1.47%   460 1729s
  7078  6300 infeasible   24       854.59170  841.99575  1.47%   461 1776s
  7080  6301  841.99575   25  467  854.59170  841.99575  1.47%   461 1786s
  7082  6305  841.99575   26  485  854.59170  841.99575  1.47%   461 1796s
  7086  6311  841.99575   27  495  854.59170  841.99575  1.47%   461 1806s
  7094  6325  841.99575   28  498  854.59170  841.99575  1.47%   461 1811s
  7110  6351  841.99575   29  531  854.59170  841.99575  1.47%   461 1817s
  7142  6373  841.99575   30  541  854.59170  841.99575  1.47%   461 1823s
  7174  6394  841.99575   31  540  854.59170  841.99575  1.47%   462 1905s
  7206  6415  841.99575   32  544  854.59170  841.99575  1.47%   461 1910s
  7238  6437  841.99575   33  554  854.59170  841.99575  1.47%   461 2039s
  7270  6484  841.99575   34  544  854.59170  841.99575  1.47%   460 2050s
  7330  6513  842.13800   35  547  854.59170  841.99575  1.47%   460 2059s
  7379  6643  843.21116   37  527  854.59170  841.99575  1.47%   462 2096s
  7541  6788  844.19386   40  554  854.59170  841.99575  1.47%   465 2134s
  7762  6945  847.08592   48  526  854.59170  841.99575  1.47%   469 2181s
  8125  7069 infeasible   53       854.59170  841.99575  1.47%   473 2213s
  8443  7199 infeasible   53       854.59170  841.99575  1.47%   475 2231s
  8754  7296  842.02111   32  449  854.59170  841.99575  1.47%   479 2246s
  9028  7421  842.02445   36  525  854.59170  841.99575  1.47%   485 2262s
  9333  7555  843.12246   41  512  854.59170  841.99575  1.47%   488 2323s
  9658  7687  845.21109   45  386  854.59170  841.99575  1.47%   493 2618s
  9971  7795  846.22696   49  420  854.59170  841.99575  1.47%   497 2820s
 10270  8087  847.27332   53  368  854.59170  841.99575  1.47%   500 2853s
H10456  7705                     853.5197310  841.99575  1.35%   498 2853s
 10708  7907  847.27332   62  335  853.51973  841.99575  1.35%   497 2879s
 11152  8043  849.35373   81  404  853.51973  841.99575  1.35%   499 2915s
 11519  8361  850.37184  107  486  853.51973  841.99575  1.35%   501 2957s
 12028  8624  850.37184  150  253  853.51973  841.99575  1.35%   501 3028s
 12541  8931  851.46585  197  147  853.51973  841.99575  1.35%   500 3055s
 13106  9249  851.46585  242  180  853.51973  841.99575  1.35%   494 3091s
 13729  9506  851.46585  290  130  853.51973  841.99575  1.35%   486 3118s
 14296  9613  852.50428  342  105  853.51973  841.99575  1.35%   484 3139s
 14678  9905  842.01238   32  501  853.51973  841.99575  1.35%   479 3221s
H15094  9004                     852.4813053  841.99575  1.23%   480 3221s
 15196  9210  843.01163   37  427  852.48131  841.99575  1.23%   480 3254s
H15230  7711                     851.4658537  841.99575  1.11%   480 3254s
 15539  7822  843.03809   42  530  851.46585  841.99575  1.11%   479 3274s
 15988  7957  846.24876   54  483  851.46585  841.99575  1.11%   485 3426s
 16387  8121  848.38214   67  422  851.46585  841.99575  1.11%   489 3468s
 16767  8304 infeasible   70       851.46585  841.99575  1.11%   496 3508s
 17199  8217 infeasible   72       851.46585  841.99575  1.11%   501 3554s
 17325  8454  842.01480   32  515  851.46585  841.99575  1.11%   505 3594s
 17730  8572  843.01905   39  468  851.46585  841.99575  1.11%   515 3663s
 18134  8584  850.40727   52  416  851.46585  841.99575  1.11%   523 3717s
 18478  8740  851.45807   55  411  851.46585  841.99575  1.11%   534 3757s
 18839  9050 infeasible   56       851.46585  841.99575  1.11%   543 3798s
 19389  9208  844.36905   37  535  851.46585  841.99575  1.11%   548 3839s
 19857  9372 infeasible   50       851.46585  841.99575  1.11%   550 3882s
 20363  9257  846.29837   42  423  851.46585  841.99575  1.11%   558 3928s
 20475  9644  846.29837   43  412  851.46585  841.99575  1.11%   561 3962s
 21038  9757     cutoff   63       851.46585  841.99575  1.11%   566 4002s
 21552  9902  844.10913   35  428  851.46585  841.99575  1.11%   572 4056s
 22109 10053  847.34279   60  396  851.46585  841.99575  1.11%   577 4110s
 22620 10246  850.51789   72  292  851.46585  841.99575  1.11%   586 4176s
 23162 10480  843.05335   33  428  851.46585  841.99575  1.11%   595 4222s
 23774 10893  847.39798   46  402  851.46585  841.99575  1.11%   601 4284s
 24438 11184  850.52918   70  374  851.46585  841.99575  1.11%   608 4351s
 25051 11598  844.10813   34  442  851.46585  841.99575  1.11%   616 4408s
 25776 11990 infeasible   53       851.46585  841.99575  1.11%   621 4462s
 26440 12745  848.35473   48  472  851.46585  841.99575  1.11%   627 4547s
 27448 13266  845.22141   40  501  851.46585  841.99575  1.11%   626 4638s
 28274 13906 infeasible   48       851.46585  841.99575  1.11%   633 4699s
 29108 14609 infeasible   47       851.46585  841.99575  1.11%   638 4803s
 30147 15149  846.28118   45  392  851.46585  841.99575  1.11%   639 4965s
 31028 15689  844.16617   37  487  851.46585  841.99575  1.11%   643 5086s
 31995 16000  843.18911   41  507  851.46585  841.99575  1.11%   652 5191s
 32544 16389 infeasible   57       851.46585  841.99575  1.11%   661 5336s
 33321 17404  844.33055   38  488  851.46585  841.99575  1.11%   673 5562s
 34787 18621  845.29212   49  484  851.46585  842.01642  1.11%   680 6027s
 36701 19582 infeasible   40       851.46585  842.02793  1.11%   675 6294s
 38054 21194  849.58059   65  475  851.46585  842.03032  1.11%   682 6604s
 40241 22198  851.22796   52  483  851.46585  842.03261  1.11%   676 7453s
 41856 22715  846.24586   51  410  851.46585  842.03345  1.11%   682 8018s
 42917 23231  843.07832   37  525  851.46585  842.03979  1.11%   697 8410s
 44031 23811  843.08519   35  516  851.46585  842.04517  1.11%   711 8752s
 45209 24537  844.17012   37  429  851.46585  842.05781  1.10%   724 9538s
 46624 24953  849.42347   47  334  851.46585  842.06488  1.10%   730 10044s
 47795 25946 infeasible   39       851.46585  842.09363  1.10%   742 10391s
 49430 26985 infeasible   36       851.46585  842.12858  1.10%   747 10844s
 51329 27699  843.02412   38  465  851.46585  842.44758  1.06%   748 11461s

Cutting planes:
  Learned: 11
  Gomory: 29
  Cover: 249
  Implied bound: 126
  Projected implied bound: 15
  Clique: 8
  MIR: 477
  StrongCG: 1
  Flow cover: 2403
  GUB cover: 3
  Inf proof: 7
  Zero half: 10
  RLT: 1532
  Relax-and-lift: 114

Explored 52702 nodes (40145661 simplex iterations) in 11465.23 seconds
Thread count was 32 (of 32 available processors)

Solution count 10: 851.466 852.481 853.52 ... 867.396

Optimal solution found (tolerance 1.00e-02)
Best objective 8.514658536878e+02, best bound 8.430116255076e+02, gap 0.9929%
