
Gurobi 9.1.0 (linux64) logging started Wed Aug 18 19:28:28 2021

Changed value of parameter LogFile to eab_parasitoid_1_0_0_streetforest.log
   Prev:   Default: 
Changed value of parameter MIPGap to 0.01
   Prev: 0.0001  Min: 0.0  Max: inf  Default: 0.0001
Changed value of parameter Method to 2
   Prev: -1  Min: -1  Max: 5  Default: -1
Changed value of parameter MIPFocus to 2
   Prev: 0  Min: 0  Max: 3  Default: 0
Changed value of parameter RINS to 100
   Prev: -1  Min: -1  Max: 2000000000  Default: -1
Gurobi Optimizer version 9.1.0 build v9.1.0rc0 (linux64)
Thread count: 32 physical cores, 32 logical processors, using up to 32 threads
Optimize a model with 203386 rows, 134930 columns and 685029 nonzeros
Model fingerprint: 0x72c8e058
Variable types: 55774 continuous, 79156 integer (79156 binary)
Coefficient statistics:
  Matrix range     [2e-04, 1e+06]
  Objective range  [5e-06, 1e+00]
  Bounds range     [1e+00, 6e+03]
  RHS range        [1e-04, 1e+06]
Presolve removed 193797 rows and 127102 columns
Presolve time: 3.55s
Presolved: 9589 rows, 7828 columns, 130940 nonzeros
Variable types: 3397 continuous, 4431 integer (4431 binary)
Presolve removed 12 rows and 12 columns
Presolved: 9577 rows, 7816 columns, 130909 nonzeros

Root barrier log...

Ordering time: 0.22s

Barrier statistics:
 Dense cols : 148
 AA' NZ     : 5.675e+05
 Factor NZ  : 2.712e+06 (roughly 30 MBytes of memory)
 Factor Ops : 2.308e+09 (less than 1 second per iteration)
 Threads    : 31

                  Objective                Residual
Iter       Primal          Dual         Primal    Dual     Compl     Time
   0   6.21754738e+03 -7.58072814e+04  2.42e+04 7.99e-01  2.98e+02     4s
   1   4.42107035e+03 -8.67013363e+04  1.66e+04 1.57e+00  1.96e+02     4s
   2   1.12141066e+03 -8.31432971e+04  1.64e+03 6.78e-12  2.30e+01     4s
   3   6.25464827e+02 -4.75671790e+04  2.19e+02 3.42e-12  4.17e+00     5s
   4   4.96544508e+02 -1.89753750e+04  3.70e+01 1.34e-12  1.00e+00     5s
   5   4.70228650e+02 -7.51693984e+03  1.07e+01 5.41e-13  3.59e-01     5s
   6   4.51929604e+02 -2.64015364e+03  2.87e+00 1.76e-13  1.31e-01     5s
   7   4.31118026e+02 -3.64016767e+02  1.86e-03 4.22e-14  3.22e-02     5s
   8   4.21493240e+02  2.46083177e+02  5.59e-04 7.99e-15  7.07e-03     5s
   9   4.12821099e+02  3.49436868e+02  1.58e-04 4.55e-15  2.55e-03     5s
  10   4.10236313e+02  3.69908108e+02  6.52e-05 3.28e-15  1.62e-03     5s
  11   4.08501855e+02  3.91371211e+02  2.37e-05 1.78e-15  6.89e-04     5s
  12   4.07435979e+02  3.99739350e+02  1.05e-05 8.88e-16  3.09e-04     5s
  13   4.06728777e+02  4.03126103e+02  3.77e-06 8.88e-16  1.45e-04     5s
  14   4.06361487e+02  4.05230706e+02  9.30e-07 8.88e-16  4.54e-05     5s
  15   4.06258858e+02  4.05685410e+02  3.57e-07 1.78e-15  2.30e-05     5s
  16   4.06244674e+02  4.05809365e+02  2.88e-07 8.88e-16  1.75e-05     5s
  17   4.06214899e+02  4.06007729e+02  1.40e-07 8.88e-16  8.33e-06     5s
  18   4.06203185e+02  4.06078316e+02  8.73e-08 8.88e-16  5.02e-06     5s
  19   4.06196833e+02  4.06133316e+02  5.96e-08 1.78e-15  2.55e-06     5s
  20   4.06190170e+02  4.06150251e+02  3.14e-08 8.88e-16  1.60e-06     6s
  21   4.06187326e+02  4.06160465e+02  1.85e-08 8.88e-16  1.08e-06     6s
  22   4.06186452e+02  4.06165076e+02  1.46e-08 8.88e-16  8.59e-07     6s
  23   4.06185534e+02  4.06170787e+02  1.06e-08 1.78e-15  5.93e-07     6s
  24   4.06183628e+02  4.06176279e+02  2.87e-09 4.44e-16  2.95e-07     6s
  25   4.06183431e+02  4.06178969e+02  2.16e-09 8.88e-16  1.79e-07     6s
  26   4.06183188e+02  4.06180823e+02  1.02e-09 8.88e-16  9.50e-08     6s
  27   4.06182995e+02  4.06181422e+02  3.78e-10 8.88e-16  6.32e-08     6s
  28   4.06182935e+02  4.06182139e+02  1.86e-10 8.88e-16  3.20e-08     6s
  29   4.06182910e+02  4.06182488e+02  1.22e-10 8.88e-16  1.70e-08     6s
  30   4.06182894e+02  4.06182583e+02  8.50e-11 8.88e-16  1.25e-08     6s
  31   4.06182870e+02  4.06182673e+02  2.61e-11 1.55e-15  7.91e-09     6s
  32   4.06182868e+02  4.06182732e+02  2.18e-11 1.78e-15  5.47e-09     6s
  33   4.06182861e+02  4.06182784e+02  7.58e-12 8.88e-16  3.10e-09     6s
  34   4.06182859e+02  4.06182843e+02  2.48e-13 8.88e-16  6.52e-10     6s
  35   4.06182858e+02  4.06182844e+02  1.21e-13 1.78e-15  5.74e-10     6s
  36   4.06182858e+02  4.06182853e+02  1.69e-14 8.88e-16  2.02e-10     6s
  37   4.06182858e+02  4.06182856e+02  1.80e-14 6.89e-14  9.85e-11     7s

Barrier solved model in 37 iterations and 6.54 seconds
Optimal objective 4.06182858e+02


Root crossover log...

     495 DPushes remaining with DInf 0.0000000e+00                 7s
       0 DPushes remaining with DInf 0.0000000e+00                 7s

    3903 PPushes remaining with PInf 0.0000000e+00                 7s
       0 PPushes remaining with PInf 0.0000000e+00                 7s

  Push phase complete: Pinf 0.0000000e+00, Dinf 6.6509722e-03      7s


Root simplex log...

Iteration    Objective       Primal Inf.    Dual Inf.      Time
    4252    4.0618286e+02   0.000000e+00   6.650972e-03      7s
    4262    4.0618286e+02   0.000000e+00   0.000000e+00      7s
    4262    4.0618286e+02   0.000000e+00   0.000000e+00      7s

Root relaxation: objective 4.061829e+02, 4262 iterations, 2.95 seconds

    Nodes    |    Current Node    |     Objective Bounds      |     Work
 Expl Unexpl |  Obj  Depth IntInf | Incumbent    BestBd   Gap | It/Node Time

     0     0  406.18286    0 2185          -  406.18286      -     -    7s
     0     0  412.60519    0 2508          -  412.60519      -     -    9s
     0     0  414.21150    0 2580          -  414.21150      -     -   13s
     0     0  414.46979    0 2550          -  414.46979      -     -   16s
     0     0  414.49334    0 2555          -  414.49334      -     -   16s
     0     0  414.49379    0 2562          -  414.49379      -     -   16s
     0     0  417.36320    0 2551          -  417.36320      -     -   26s
H    0     0                     553.7094380  417.36320  24.6%     -   31s
H    0     0                     553.6938686  417.36320  24.6%     -   31s
H    0     0                     553.6040556  417.36320  24.6%     -   31s
     0     0  420.04471    0 2512  553.60406  420.04471  24.1%     -   31s
     0     0  421.38588    0 2367  553.60406  421.38588  23.9%     -   35s
     0     0  421.58933    0 2358  553.60406  421.58933  23.8%     -   37s
     0     0  421.60979    0 2346  553.60406  421.60979  23.8%     -   38s
     0     0  421.61614    0 2347  553.60406  421.61614  23.8%     -   38s
     0     0  421.61644    0 2347  553.60406  421.61644  23.8%     -   38s
     0     0  423.46640    0 2275  553.60406  423.46640  23.5%     -   43s
     0     0  423.78902    0 2230  553.60406  423.78902  23.4%     -   46s
     0     0  423.82711    0 2210  553.60406  423.82711  23.4%     -   47s
     0     0  423.83206    0 2232  553.60406  423.83206  23.4%     -   48s
     0     0  424.79187    0 2178  553.60406  424.79187  23.3%     -   54s
H    0     0                     553.1792140  424.79187  23.2%     -   54s
     0     0  424.86882    0 2180  553.17921  424.86882  23.2%     -   56s
     0     0  424.87420    0 2171  553.17921  424.87420  23.2%     -   57s
     0     0  425.05713    0 2143  553.17921  425.05713  23.2%     -   62s
     0     0  425.09612    0 2109  553.17921  425.09612  23.2%     -   65s
     0     0  425.10514    0 2117  553.17921  425.10514  23.2%     -   66s
H    0     0                     506.3540628  425.10514  16.0%     -   73s
H    0     0                     506.3528108  425.10514  16.0%     -   73s
H    0     0                     506.3517075  425.10514  16.0%     -   73s
     0     0  425.64701    0 2075  506.35171  425.64701  15.9%     -   77s
     0     0  425.83077    0 2096  506.35171  425.83077  15.9%     -   80s
     0     0  425.91379    0 2103  506.35171  425.91379  15.9%     -   84s
     0     0  425.92311    0 2094  506.35171  425.92311  15.9%     -   87s
     0     0  426.19154    0 2075  506.35171  426.19154  15.8%     -   99s
     0     0  426.28576    0 2068  506.35171  426.28576  15.8%     -  101s
H    0     0                     470.3905047  426.28576  9.38%     -  104s
     0     0  426.32037    0 2078  470.39050  426.32037  9.37%     -  104s
     0     0  426.32645    0 2077  470.39050  426.32645  9.37%     -  105s
     0     0  426.49185    0 2041  470.39050  426.49185  9.33%     -  112s
     0     0  426.52801    0 2064  470.39050  426.52801  9.32%     -  114s
     0     0  426.53656    0 2058  470.39050  426.53656  9.32%     -  116s
     0     0  426.64307    0 2014  470.39050  426.64307  9.30%     -  121s
     0     0  426.64307    0 2013  470.39050  426.64307  9.30%     -  123s
H    0     0                     469.0909284  426.64307  9.05%     -  234s
     0     2  426.64307    0 2013  469.09093  426.64307  9.05%     -  236s
     1     4  442.87052    1 1998  469.09093  426.64337  9.05%  4424  240s
     3     8  452.98042    2 2018  469.09093  426.91802  8.99%  2938  251s
     7    16  465.19891    3 2015  469.09093  427.44289  8.88%  4288  266s
    15    30     cutoff    4       469.09093  428.26156  8.70%  4632  277s
H   31    52                     469.0909280  429.58273  8.42%  5785  303s
    61    82  430.69027    6 2000  469.09093  430.57730  8.21%  5819  346s
    93   114  431.02308    7 1984  469.09093  430.68595  8.19%  4883  381s
   125   146  431.13542    8 1982  469.09093  430.75578  8.17%  4424  414s
H  157   176                     465.7856721  430.75578  7.52%  3996  457s
   189   196  431.63084   10 1983  465.78567  430.75578  7.52%  3810  570s
H  229   219                     465.7682175  430.75578  7.52%  3496  835s
H  229   219                     464.1498591  430.75578  7.19%  3496  835s
H  230   219                     463.4972569  430.75578  7.06%  3506  835s
H  231   219                     462.4993200  430.75578  6.86%  3513  835s
H  247   219                     462.1317430  430.75578  6.79%  3477  835s
   264   243  453.55241   12 1887  462.13174  430.75578  6.79%  3423  912s
   301   269     cutoff   13       462.13174  430.75578  6.79%  3450  992s
   343   309     cutoff   13       462.13174  430.75578  6.79%  3436 1091s
   397   355     cutoff   12       462.13174  430.75578  6.79%  3220 1203s
H  399   355                     462.1317183  430.75578  6.79%  3218 1203s
   457   413  451.19771   15 1900  462.13172  430.75578  6.79%  2976 1293s
   521   492  451.30807   17 1892  462.13172  430.75578  6.79%  2779 1399s
   606   520  451.63838   20 1890  462.13172  430.75578  6.79%  2523 1701s
   640   609  452.06591   21 1880  462.13172  430.75578  6.79%  2457 1736s
   743   684  452.87782   25 1874  462.13172  430.75578  6.79%  2239 1769s
   846   755  459.74598   29 1832  462.13172  430.75578  6.79%  2072 1867s
   949   843  459.88590   34 1822  462.13172  430.75578  6.79%  1940 1924s
  1067   958  460.44187   40 1818  462.13172  430.75578  6.79%  1802 2028s
  1211  1047  460.62357   47 1815  462.13172  430.75578  6.79%  1652 2127s
  1343  1124  461.53696   52 1807  462.13172  430.75578  6.79%  1567 2162s
  1468  1225  462.04567   61 1776  462.13172  430.88063  6.76%  1502 2220s
  1630  1344  436.13774    8 1982  462.13172  430.88063  6.76%  1414 2321s
  1773  1462  436.80923   10 1984  462.13172  430.88063  6.76%  1356 2398s
  1933  1598  436.90274   11 1980  462.13172  430.88063  6.76%  1300 2492s
  2106  1744  440.86500   13 1907  462.13172  430.88063  6.76%  1247 2563s
  2293  1848  440.89198   14 1899  462.13172  430.88063  6.76%  1191 2908s
H 2388  1848                     462.1310909  430.88063  6.76%  1179 2908s
H 2439  1848                     462.1310836  430.88063  6.76%  1163 2908s
  2462  2007  441.20363   18 1895  462.13108  430.88063  6.76%  1155 2977s
  2684  2158  441.60565   22 1863  462.13108  430.88063  6.76%  1113 3257s
H 2708  2150                     462.0311465  430.88063  6.74%  1108 3257s
  2894  2150  451.46420   15 2013  462.03115  430.88063  6.74%  1082 3828s
H 2895  2043                     462.0311431  430.88063  6.74%  1082 3840s
H 2895  1941                     462.0311421  430.88063  6.74%  1082 3841s
  2897  1942  449.81975   29 2529  462.03114  430.88063  6.74%  1081 3850s
  2899  1943  448.21731   23 2318  462.03114  430.88063  6.74%  1081 3858s
  2900  1944  457.86113   53 2261  462.03114  430.88063  6.74%  1080 3862s
  2901  1945  455.59922   33 2104  462.03114  430.88063  6.74%  1080 3872s
  2902  1945  441.98154   24 2022  462.03114  430.88063  6.74%  1079 3881s
  2903  1946  460.48777  113 1983  462.03114  430.88063  6.74%  1079 3886s
  2904  1947  462.01178  120 1972  462.03114  430.88063  6.74%  1079 3895s
  2906  1948  459.00304   40 2004  462.03114  430.88063  6.74%  1078 3905s
H 2907  1851                     462.0311297  430.88063  6.74%  1078 3912s
  2908  1851  449.49479   55 1988  462.03113  430.88063  6.74%  1077 3915s
  2910  1853  460.62362   37 2005  462.03113  430.88063  6.74%  1076 3923s
  2911  1853  460.15037   54 1872  462.03113  430.88063  6.74%  1076 3972s
  2912  1854  456.68844   23 1857  462.03113  430.88063  6.74%  1076 3976s
  2914  1855  457.10056   45 1858  462.03113  430.88063  6.74%  1075 3986s
  2915  1856  448.23777   24 1850  462.03113  430.88063  6.74%  1075 3990s
  2916  1857  456.28740   27 1864  462.03113  430.88063  6.74%  1074 4008s
  2917  1857  453.51254    7 1845  462.03113  430.88063  6.74%  1074 4031s
  2919  1859  458.25715   54 1842  462.03113  430.88063  6.74%  1073 4035s
  2922  1861  456.53686    8 1832  462.03113  430.88063  6.74%  1072 4050s
  2923  1861  459.39833   77 1887  462.03113  433.37482  6.20%  1072 4081s
  2925  1863  453.73419   46 1872  462.03113  433.37482  6.20%  1071 4098s
  2926  1863  460.47772   77 1860  462.03113  433.37482  6.20%  1071 4120s
  2928  1865  448.78926   24 1854  462.03113  433.37482  6.20%  1070 4125s
  2929  1865  451.83832  141 1853  462.03113  433.37482  6.20%  1069 4141s
  2930  1866  455.83470   18 1838  462.03113  433.37482  6.20%  1069 4179s
  2931  1867  461.50163   20 1837  462.03113  433.37482  6.20%  1069 4190s
H 2931  1773                     461.8827561  433.37482  6.17%  1069 4392s
H 2931  1684                     461.8827166  433.37482  6.17%  1069 4393s
H 2932  1601                     461.8827147  433.37482  6.17%  1095 4396s
  2933  1603  451.38239   13 1739  461.88271  433.37482  6.17%  1096 4581s
  2935  1602     cutoff   14       461.88271  433.37482  6.17%  1097 4890s
  2939  1605  434.64879   15 1811  461.88271  434.64879  5.90%  1102 5239s
  2943  1606  439.53870   16 1810  461.88271  434.66012  5.89%  1105 5270s
  2951  1609  439.57556   17 1830  461.88271  434.69109  5.89%  1110 5324s
  2961  1610 infeasible   18       461.88271  439.54985  4.84%  1122 5350s
H 2963  1528                     461.8827129  439.54985  4.84%  1124 5350s
H 2968  1450                     461.8827097  439.61119  4.82%  1129 5350s
  2977  1451  445.06094   19 1814  461.88271  439.62537  4.82%  1140 5411s
H 2982  1377                     461.8360292  439.62537  4.81%  1146 5411s
H 2995  1303                     461.7970193  441.68740  4.35%  1161 5411s
  2997  1307  458.15682   20 1800  461.79702  441.68740  4.35%  1165 5439s
  3021  1307     cutoff   21       461.79702  443.46344  3.97%  1186 5501s
H 3023  1240                     461.7970190  443.46474  3.97%  1186 5501s
H 3027  1177                     461.7970189  444.18372  3.81%  1191 5501s
H 3030  1117                     461.7970181  444.18372  3.81%  1194 5501s
H 3033  1059                     461.7970180  444.18372  3.81%  1196 5501s
  3049  1070  444.59498   22 1793  461.79702  444.18531  3.81%  1208 5520s
  3081  1076 infeasible   23       461.79702  444.59537  3.72%  1218 5559s
H 3085  1021                     461.7680002  444.59537  3.72%  1218 5559s
  3113  1038  448.89935   24 1777  461.76800  444.63924  3.71%  1220 5587s
H 3156   995                     461.1389532  444.64939  3.58%  1221 5634s
H 3162   945                     461.0121262  444.64939  3.55%  1221 5634s
H 3163   898                     460.8708509  444.64939  3.52%  1221 5634s
H 3190   853                     460.3921795  444.64939  3.42%  1221 5661s
H 3194   811                     460.1041745  444.64939  3.36%  1220 5661s
H 3205   768                     460.0397626  444.64939  3.35%  1219 5661s
  3229   780  449.97369   27 1756  460.03976  444.64939  3.35%  1216 5685s
  3287   791 infeasible   28       460.03976  444.64939  3.35%  1209 5734s
  3345   816  450.41842   27 1754  460.03976  444.64939  3.35%  1212 5820s
  3405   843  450.45352   28 1753  460.03976  444.64939  3.35%  1210 5827s
  3456   869  450.67618   30 1763  460.03976  444.64939  3.35%  1209 5835s
  3517   902  451.03990   32 1739  460.03976  444.64939  3.35%  1204 5850s
  3587   944  451.51131   34 1733  460.03976  444.64939  3.35%  1196 5881s
  3669   980  451.73098   36 1728  460.03976  444.64939  3.35%  1185 6018s
  3755  1027  452.27363   39 1721  460.03976  444.64939  3.35%  1175 6051s
  3843  1076  452.78953   43 1713  460.03976  444.64939  3.35%  1163 6098s
  3939  1113  452.98152   46 1724  460.03976  444.64939  3.35%  1150 6141s
H 3941  1074                     460.0395589  444.64939  3.35%  1149 6141s
  4038  1107  453.08764   50 1717  460.03956  444.64939  3.35%  1134 6168s
  4124  1170  453.59885   53 1703  460.03956  444.64939  3.35%  1128 6198s
  4245  1242  454.13686   56 1700  460.03956  444.64939  3.35%  1114 6244s
  4385  1224  454.51170   60 1688  460.03956  444.64939  3.35%  1095 6324s
  4438  1332  454.64229   62 1689  460.03956  444.64939  3.35%  1091 6357s
  4586  1438  455.19906   66 1692  460.03956  444.64939  3.35%  1073 6461s
  4757  1548  455.59923   72 1682  460.03956  444.64939  3.35%  1050 6477s
  4949  1650  456.20348   82 1664  460.03956  444.64939  3.35%  1024 6491s
  5125  1846  456.42440   87 1667  460.03956  444.64939  3.35%  1003 6532s
  5353  2039  456.79245   99 1663  460.03956  444.64939  3.35%   972 6573s
  5586  2249  457.17812  107 1653  460.03956  444.64939  3.35%   946 6713s
  5831  2420  457.54041  115 1624  460.03956  444.64939  3.35%   919 6857s
  6021  2642  457.77109  118 1625  460.03956  444.64939  3.35%   910 6896s
  6270  2780  458.11971  132 1572  460.03956  444.64939  3.35%   890 6922s
  6473  2964     cutoff  135       460.03956  444.64939  3.35%   879 7059s
  6717  3197     cutoff  140       460.03956  444.64939  3.35%   866 7119s
  6920  3197  454.79662   62 1663  460.03956  444.64939  3.35%   853 7120s
  7006  3401  458.58105  152 1528  460.03956  444.64939  3.35%   846 7281s
  7259  3686  458.84605  161 1500  460.03956  444.64939  3.35%   829 7415s
  7605  4018  459.45659  186 1483  460.03956  444.64939  3.35%   807 7482s
  7959  4366     cutoff  204       460.03956  445.51653  3.16%   786 7537s
  8360  4812  445.92075   25 1765  460.03956  445.51653  3.16%   762 7619s
  8832  5229  446.87610   29 1760  460.03956  445.51653  3.16%   734 7712s
  9292  5481  447.56983   33 1752  460.03956  445.51653  3.16%   711 8629s
H 9307  5481                     460.0035223  445.51653  3.15%   710 8629s
H 9340  5481                     459.9952753  445.51653  3.15%   709 8629s
H 9554  5583                     459.9210186  445.51653  3.13%   701 8779s
H 9555  5543                     459.8300301  445.51653  3.11%   701 8779s
H 9570  5497                     459.7685881  445.51653  3.10%   700 8779s
H 9601  5464                     459.6930150  445.51653  3.08%   699 8779s
H 9624  5441                     459.6626708  445.51653  3.08%   701 8779s
  9675  5730  448.61335   41 1734  459.66267  445.51653  3.08%   699 8901s
H 9840  5730                     459.6626658  445.51653  3.08%   690 8901s
H 9983  5705                     459.6280832  445.51653  3.07%   684 8901s
 10003  6277  448.96838   44 1731  459.62808  445.51653  3.07%   683 8926s
 10612  6819  450.65635   59 1695  459.62808  445.51653  3.07%   657 9016s
 11207  7408  451.65781   72 1673  459.62808  445.51653  3.07%   637 9116s
 11842  8069  452.65678   92 1635  459.62808  445.51653  3.07%   616 9178s
 12536  8822  453.32012  110 1607  459.62808  445.51653  3.07%   595 9348s
 13332  9599  454.65930  143 1550  459.62808  445.51653  3.07%   574 9470s
 14129 10445  455.40733  172 1472  459.62808  445.51653  3.07%   554 9521s
 15049 11225  456.16962  208 1416  459.62808  445.51653  3.07%   531 9787s
H15566 11224                     459.6264629  445.51653  3.07%   520 9787s
 15949 11950  456.85258  259 1279  459.62646  445.51653  3.07%   513 10265s
H16081 11845                     459.5208164  445.51653  3.05%   511 10265s
 16790 12179  458.12919  311 1185  459.52082  445.51653  3.05%   504 10957s
H16800 12087                     459.4402648  445.51653  3.03%   504 10957s
H16850 12052                     459.4164879  445.51653  3.03%   504 10957s
H16894 12052                     459.4164764  445.51653  3.03%   503 10957s
H16936 12045                     459.4131704  445.51653  3.02%   503 10957s
 17132 13079  458.25804  322 1144  459.41317  445.51653  3.02%   501 11197s
H17332 12987                     459.3434732  445.51653  3.01%   497 11197s
H18015 12672                     459.1132087  445.51653  2.96%   487 11197s
 18214 12870     cutoff  389       459.11321  446.02561  2.85%   484 11419s
 18491 13158  446.49922   28 1768  459.11321  446.02561  2.85%   479 11823s
H18505 13129                     459.0988569  446.02561  2.85%   479 11823s
H18515 13124                     459.0956276  446.02561  2.85%   479 11823s
H18613 13101                     459.0791021  446.02561  2.84%   479 11823s
H18785 13066                     459.0565885  446.02561  2.84%   478 11823s
 18806 14215 infeasible   30       459.05659  446.02561  2.84%   478 11952s
H19270 14110                     458.9867834  446.02561  2.82%   471 11952s
 20078 14671  447.81783   35 1750  458.98678  446.02561  2.82%   460 12122s
H20112 14431                     458.8594268  446.02561  2.80%   460 12122s
H20192 14423                     458.8557219  446.02561  2.80%   459 12122s
 20713 15711  448.64502   39 1740  458.85572  446.02561  2.80%   456 12237s
 22081 16305  450.71206   43 1726  458.85572  446.02561  2.80%   444 12507s
H22118 16272                     458.8434869  446.02561  2.79%   443 12507s
H22183 15890                     458.6626405  446.02561  2.76%   444 12507s
 22694 16112  451.87279   52 1712  458.66264  446.02561  2.76%   440 12807s
H22700 15998                     458.6065840  446.02561  2.74%   440 12807s
H22812 15950                     458.5850855  446.02561  2.74%   439 12807s
H22918 15981                     458.5848887  446.02561  2.74%   438 13005s
 22950 17361  453.46271   56 1706  458.58489  446.02561  2.74%   438 13281s
H23599 17361                     458.5848884  446.02561  2.74%   431 13281s
H24162 17324                     458.5714750  446.02561  2.74%   426 13281s
 24410 19100  453.29254   61 1681  458.57148  446.02561  2.74%   423 13415s
H24934 19100                     458.5714749  446.02561  2.74%   418 13415s
 26350 20356  453.94654   67 1651  458.57147  446.02561  2.74%   405 13679s
H26713 20333                     458.5628819  446.02561  2.73%   403 13680s
 27756 21416  456.08533   79 1636  458.56288  446.17228  2.70%   396 14012s
H27934 21416                     458.5628797  446.43978  2.64%   395 14012s
H28424 21148                     458.4847888  446.43978  2.63%   391 14012s
 29054 22273  446.77883   31 1763  458.48479  446.44048  2.63%   390 14463s
H29149 22251                     458.4766976  446.44048  2.63%   391 14463s
H29266 21234                     458.2128610  446.44048  2.57%   390 14463s
 30363 22618  447.97241   39 1750  458.21286  446.44048  2.57%   385 14964s
H30400 22617                     458.2126214  446.44048  2.57%   385 14964s
H30608 22617                     458.2126000  446.44048  2.57%   388 14964s
H32010 24881                     458.1382056  446.44048  2.55%   380 15309s
H32689 24759                     458.1093711  446.44048  2.55%   378 15309s
H32780 24661                     458.0859794  446.44048  2.54%   378 15309s
H33131 24591                     458.0671357  446.44048  2.54%   375 15309s
H34063 24560                     458.0586597  446.44048  2.54%   370 15309s
 34823 26742  455.42925  168 1414  458.05866  446.44048  2.54%   365 15636s
H34900 26742                     458.0586138  446.44048  2.54%   364 15636s
H35392 26667                     458.0446464  446.44048  2.53%   363 15636s
H37327 26653                     458.0429901  446.44048  2.53%   354 15636s
 37406 29432  456.74259  246 1275  458.04299  446.53618  2.51%   354 15853s
H37500 29431                     458.0427516  446.53618  2.51%   353 15853s
H37748 29430                     458.0427164  446.53618  2.51%   351 15853s
H38114 29430                     458.0427128  446.53618  2.51%   350 15853s
H38209 29430                     458.0427123  446.53618  2.51%   349 15853s
H39660 29430                     458.0427061  446.53618  2.51%   342 15853s
H40300 29404                     458.0392198  446.53618  2.51%   340 15853s
 40496 30386  447.61661   32 1764  458.03922  446.53618  2.51%   339 16270s
H40500 30385                     458.0389626  446.53618  2.51%   339 16270s
H40731 30385                     458.0389445  446.53618  2.51%   338 16270s
H40736 30183                     458.0115684  446.53618  2.51%   338 16270s
 41591 30579  447.93221   35 1745  458.01157  446.53618  2.51%   334 17785s
H41608 30579                     458.0115267  446.53618  2.51%   334 17786s
H41686 30579                     458.0115250  446.53618  2.51%   334 17786s
H41758 30579                     458.0115189  446.53618  2.51%   334 17786s
H41768 30579                     458.0115086  446.53618  2.51%   334 17786s
H41807 30579                     458.0114957  446.53618  2.51%   334 17786s
 42115 33171  449.09738   43 1722  458.01150  446.53618  2.51%   338 18238s
H42227 33171                     458.0114937  446.53618  2.51%   338 18238s
H42524 33171                     458.0114834  446.53618  2.51%   337 18238s
H43302 33171                     458.0114830  446.53618  2.51%   336 18238s
H44025 33171                     458.0114814  446.53618  2.51%   336 18238s
 44956 35147  452.08438   69 1650  458.01148  446.53618  2.51%   332 19357s
H45090 35147                     458.0114813  446.53618  2.51%   332 19357s
H46758 34913                     457.9843986  446.53618  2.50%   334 19357s
 47181 35856  456.52177  114 1557  457.98440  446.53618  2.50%   332 20076s
 48311 38188  457.88243  138 1517  457.98440  447.10880  2.37%   334 20899s
 50270 38188  454.39433   76 1595  457.98440  447.64170  2.26%   338 20900s
 51094 38796  448.22514   36 1747  457.98440  447.64170  2.26%   339 21431s
 51821 41997  449.28578   43 1726  457.98440  447.64170  2.26%   338 21983s
 55418 44252  456.85830  123 1518  457.98440  447.65963  2.25%   336 22976s
 58115 47144  453.12820   88 1636  457.98440  447.71504  2.24%   342 23582s
 61570 48652  456.96638  174 1469  457.98440  447.71504  2.24%   340 24119s
 63323 52705  457.77840  205 1369  457.98440  447.72749  2.24%   337 24973s
 67787 54326  456.88025   81 1639  457.98440  447.85260  2.21%   330 25595s
 69764 57010  455.73750   89 1575  457.98440  447.89579  2.20%   329 26281s
 72748 59995  450.16497   52 1694  457.98440  447.95545  2.19%   326 27346s
 76168 63467  454.23422  111 1591  457.98440  447.98903  2.18%   328 27882s
 80039 66742  450.62489   53 1679  457.98440  447.98903  2.18%   323 28608s
 83818 71198  455.65541  144 1463  457.98440  448.05018  2.17%   320 29665s
 88749 74466  449.58796   40 1748  457.98440  448.08601  2.16%   314 30407s
 92635 77037  452.08640   42 1744  457.98440  448.12986  2.15%   314 32140s
 95673 80135  450.09505   52 1688  457.98440  448.13388  2.15%   323 33183s
 99212 83832  457.81256  180 1383  457.98440  448.13831  2.15%   321 34509s
 103675 86716  455.18655   64 1661  457.98440  448.19165  2.14%   321 35233s
 106763 90552  457.83120  102 1605  457.98440  448.23745  2.13%   319 37065s
 111016 94263  455.59418   73 1648  457.98440  448.27386  2.12%   317 38802s
 115163 97759  454.39998  136 1499  457.98440  448.27386  2.12%   319 39641s
 119017 102103  456.83475  274 1222  457.98440  448.27558  2.12%   315 40295s
 123963 104201  456.56231  100 1555  457.98440  448.30532  2.11%   313 40879s
 125713 104201  455.09713   95 1599  457.98440  448.30532  2.11%   313 40880s
 126478 106387  454.35503   53 1681  457.98440  448.30532  2.11%   312 41750s
 128937 110974  456.40694   76 1639  457.98440  448.34402  2.10%   311 43687s
H132502 110806                     457.9731618  448.34747  2.10%   311 43688s
 134072 113126  451.37596   56 1675  457.97316  448.34747  2.10%   308 44539s
 136710 117596  453.87935   86 1627  457.97316  448.34747  2.10%   309 45683s
 141602 122112  456.89520  167 1433  457.97316  448.35058  2.10%   307 46656s
 146683 122976  450.33657   49 1712  457.97316  448.39850  2.09%   305 47192s
 147681 125701  452.54119   67 1644  457.97316  448.39850  2.09%   304 48002s
 150696 127801  457.54128  186 1358  457.97316  448.40448  2.09%   303 49003s
 153227 132656     cutoff   60       457.97316  448.44065  2.08%   303 50327s
 158830 136503  449.37307   44 1711  457.97316  448.48222  2.07%   305 52171s
 163332 139869  457.40375  160 1420  457.97316  448.49911  2.07%   307 53062s
 167309 143108 infeasible   44       457.97316  448.52637  2.06%   308 53848s
 171102 147473  452.24077   67 1646  457.97316  448.55161  2.06%   311 55583s
 173785 147473  452.96348   79 1631  457.97316  448.55606  2.06%   311 55585s
 176231 150235  451.05599   54 1679  457.97316  448.56772  2.05%   312 57011s
 179814 153246  451.69532   53 1690  457.97316  448.59244  2.05%   316 58176s
 183532 158006  453.39327   90 1647  457.97316  448.61897  2.04%   319 59682s
 188969 159417  451.85327   46 1740  457.97316  448.62565  2.04%   317 61560s
 190751 161742     cutoff   51       457.97316  448.63121  2.04%   319 63044s
 193424 165225  454.66832   58 1674  457.97316  448.64786  2.04%   322 63992s
 197285 168420  451.49738   56 1675  457.97316  448.64798  2.04%   322 65345s
 200808 173529  453.23745   72 1654  457.97316  448.64949  2.04%   319 66660s
 206503 176099  453.14993   80 1665  457.97316  448.67194  2.03%   316 67862s
 209497 178419  452.62748   40 1740  457.97316  448.68195  2.03%   315 69872s
 212101 184858     cutoff   87       457.97316  448.69059  2.03%   314 71588s
 215635 184858  451.12745   51 1684  457.97316  448.70575  2.02%   312 71590s
 219373 187166  449.31796   38 1742  457.97316  448.70575  2.02%   312 72844s
 221502 187166  455.92163  128 1481  457.97316  448.70575  2.02%   312 72845s
 222062 190584  454.99766   65 1651  457.97316  448.73066  2.02%   312 74419s
 222613 190584  454.28784   81 1645  457.97316  448.73066  2.02%   312 74420s
 225851 193817  453.74569   75 1595  457.97316  448.73504  2.02%   310 76055s
H227345 193670                     457.9678648  448.74058  2.01%   311 76057s
 229682 196472  451.90267   58 1669  457.96786  448.74058  2.01%   310 77409s
 231134 196472  451.33116   39 1736  457.96786  448.74058  2.01%   310 77410s
 232741 199886  457.60959  177 1375  457.96786  448.76043  2.01%   310 78746s
 236719 204359  455.86852  139 1470  457.96786  448.76355  2.01%   310 80199s
 241021 204359  452.79071   70 1633  457.96786  448.76355  2.01%   309 80200s
 241879 206997  456.39040  110 1538  457.96786  448.77302  2.01%   308 81935s
 244913 211290  455.24620  125 1506  457.96786  448.79267  2.00%   308 84193s
 249914 214861  450.78294   67 1643  457.96786  448.80140  2.00%   308 85550s
 253770 218400  453.25860  109 1582  457.96786  448.80140  2.00%   309 86653s
 257720 223553  455.67236  203 1371  457.96786  448.80140  2.00%   309 88335s
 263251 227358  456.78124  318 1158  457.96786  448.80140  2.00%   306 89801s
 267540 230633  457.24157  385 1054  457.96786  448.82089  2.00%   305 90921s
 271370 233071  449.27265   45 1726  457.96786  448.84045  1.99%   305 93445s
 274362 237150  449.36654   51 1687  457.96786  448.85065  1.99%   307 95269s
 279081 240939  455.97519  190 1366  457.96786  448.86589  1.99%   307 97138s
 283415 245425  450.21015   51 1702  457.96786  448.87167  1.99%   305 98302s
 288399 248282  457.56453  237 1300  457.96786  448.89106  1.98%   305 99655s
 291595 251325  454.67442   80 1628  457.96786  448.89995  1.98%   304 101980s
 295125 255586  454.03136   67 1640  457.96786  448.90761  1.98%   304 103089s
 298067 255586  456.29428  155 1422  457.96786  448.91518  1.98%   303 103090s
 300079 258655  457.46080  128 1541  457.96786  448.93042  1.97%   303 104569s
 303727 263122  450.20245   61 1660  457.96786  448.93042  1.97%   303 106974s
 308684 264902  456.77004  235 1286  457.96786  448.93181  1.97%   302 108073s
 310787 267146  449.92752   45 1702  457.96786  448.93181  1.97%   302 108874s
 313322 270776  451.78906   62 1672  457.96786  448.93181  1.97%   302 110443s
 317533 274479  457.92717  241 1306  457.96786  448.93917  1.97%   302 111407s
 321820 278686  455.49909  135 1479  457.96786  448.96432  1.97%   301 113358s
 326644 281554  456.93651   67 1522  457.96786  448.98033  1.96%   299 114294s
 329701 281554  456.48271  206 1350  457.96786  448.98395  1.96%   299 114295s
 330072 284478  455.04081   91 1588  457.96786  448.99338  1.96%   299 115428s
 333347 288852  450.97571   56 1693  457.96786  448.99338  1.96%   298 116987s
 338188 291335  457.49692  210 1364  457.96786  448.99958  1.96%   296 118086s
 341036 295018  450.06693   50 1678  457.96786  449.00585  1.96%   296 121043s
 345261 297753  456.40048  184 1386  457.96786  449.02070  1.95%   296 121806s
 348433 301645  453.29616   89 1622  457.96786  449.02192  1.95%   296 122501s
 352748 305131  457.78264  257 1244  457.96786  449.02289  1.95%   295 123764s
 354353 305131  456.69670  218 1331  457.96786  449.03307  1.95%   295 123765s
 356683 307709  454.66308  102 1587  457.96786  449.03307  1.95%   294 125187s
H357655 307709                     457.9678646  449.03307  1.95%   294 125188s
 359543 311616  457.74062  207 1345  457.96786  449.03844  1.95%   293 126717s
 363997 313765  456.39323  124 1446  457.96786  449.04669  1.95%   292 128426s
H366449 318062                     457.9567562  449.04669  1.95%   292 130144s
H367966 317793                     457.9508405  449.05856  1.94%   292 130145s
H371418 317681                     457.9490493  449.06636  1.94%   292 130146s
H371822 317674                     457.9489520  449.06636  1.94%   292 130146s
 372073 321211  454.98050  134 1505  457.94895  449.06636  1.94%   292 132500s
 376049 325898  457.37973  262 1266  457.94895  449.06909  1.94%   293 134699s
H376558 325737                     457.9466386  449.07331  1.94%   293 134701s
 381376 329164  457.77487  208 1358  457.94664  449.07602  1.94%   293 136861s
H381400 329164                     457.9466377  449.07602  1.94%   293 136864s
H382558 329164                     457.9466376  449.07971  1.94%   292 136865s
H383798 329164                     457.9466374  449.07971  1.94%   292 136866s
 385258 332348  453.21863   62 1677  457.94664  449.07997  1.94%   292 139451s
 389051 335735  456.66145   68 1646  457.94664  449.09302  1.93%   293 141089s
 392825 339702  456.02576   59 1505  457.94664  449.09543  1.93%   294 144047s
 397147 343268  454.30892   89 1610  457.94664  449.10033  1.93%   294 145806s
 401158 347332  457.32132  180 1369  457.94664  449.10723  1.93%   295 147665s
 405647 351259  453.45871   97 1625  457.94664  449.11005  1.93%   294 148733s

Cutting planes:
  Learned: 20
  Gomory: 25
  Cover: 689
  Implied bound: 45
  Projected implied bound: 304
  Clique: 6
  MIR: 719
  StrongCG: 1
  Flow cover: 3527
  GUB cover: 2
  Inf proof: 5
  Zero half: 102
  RLT: 1344
  Relax-and-lift: 285

Explored 410026 nodes (119982377 simplex iterations) in 148734.66 seconds
Thread count was 32 (of 32 available processors)

Solution count 10: 457.947 457.947 457.947 ... 457.968

Solve interrupted
Warning: max constraint violation (2.2061e-06) exceeds tolerance
Best objective 4.579466374344e+02, best bound 4.491100544687e+02, gap 1.9296%
