
Gurobi 9.1.0 (linux64) logging started Sun Aug 15 23:14:31 2021

Changed value of parameter LogFile to eab_parasitoid_forest_0_1.log
   Prev:   Default: 
Changed value of parameter MIPGap to 0.01
   Prev: 0.0001  Min: 0.0  Max: inf  Default: 0.0001
Changed value of parameter Method to 2
   Prev: -1  Min: -1  Max: 5  Default: -1
Changed value of parameter MIPFocus to 2
   Prev: 0  Min: 0  Max: 3  Default: 0
Changed value of parameter RINS to 100
   Prev: -1  Min: -1  Max: 2000000000  Default: -1
Gurobi Optimizer version 9.1.0 build v9.1.0rc0 (linux64)
Thread count: 32 physical cores, 32 logical processors, using up to 32 threads
Optimize a model with 203386 rows, 134930 columns and 685029 nonzeros
Model fingerprint: 0x4f03dc5b
Variable types: 55774 continuous, 79156 integer (79156 binary)
Coefficient statistics:
  Matrix range     [2e-04, 1e+06]
  Objective range  [5e-06, 1e+00]
  Bounds range     [1e+00, 6e+03]
  RHS range        [1e-04, 1e+06]
Presolve removed 193635 rows and 126977 columns
Presolve time: 3.40s
Presolved: 9751 rows, 7953 columns, 132256 nonzeros
Variable types: 3436 continuous, 4517 integer (4516 binary)
Presolve removed 25 rows and 12 columns
Presolved: 9726 rows, 7941 columns, 132199 nonzeros

Root barrier log...

Ordering time: 0.30s

Barrier statistics:
 Dense cols : 151
 AA' NZ     : 5.680e+05
 Factor NZ  : 2.744e+06 (roughly 30 MBytes of memory)
 Factor Ops : 2.284e+09 (less than 1 second per iteration)
 Threads    : 31

                  Objective                Residual
Iter       Primal          Dual         Primal    Dual     Compl     Time
   0   5.91026779e+03 -8.87436050e+04  2.32e+04 9.16e-01  3.00e+02     4s
   1   4.03920943e+03 -9.60426058e+04  1.56e+04 2.08e+00  2.00e+02     5s
   2   2.26071501e+03 -9.59937928e+04  7.12e+03 1.05e-11  9.30e+01     5s
   3   5.98404074e+02 -6.75581339e+04  3.44e+02 1.11e-10  6.69e+00     5s
   4   4.16252108e+02 -3.34578680e+04  3.60e+01 1.46e-11  1.63e+00     5s
   5   3.82505288e+02 -9.07668161e+03  1.16e+01 7.03e-12  4.18e-01     5s
   6   3.60825749e+02 -4.65248148e+03  4.08e+00 3.99e-12  2.09e-01     5s
   7   3.41450683e+02 -2.29999173e+03  6.85e-01 1.93e-12  1.06e-01     5s
   8   3.30778862e+02 -9.08468482e+01  5.20e-04 2.57e-13  1.67e-02     6s
   9   3.22403121e+02  2.00932441e+02  1.65e-04 6.39e-14  4.81e-03     6s
  10   3.17672646e+02  2.39857153e+02  6.67e-05 4.11e-14  3.08e-03     6s
  11   3.14478684e+02  2.62854128e+02  2.22e-05 2.71e-14  2.04e-03     6s
  12   3.13522200e+02  2.90508798e+02  8.83e-06 1.42e-14  9.11e-04     6s
  13   3.12049124e+02  3.03617874e+02  2.50e-06 5.33e-15  3.34e-04     6s
  14   3.11474857e+02  3.08621834e+02  1.06e-06 2.22e-15  1.13e-04     6s
  15   3.11164363e+02  3.09817861e+02  4.25e-07 2.00e-15  5.33e-05     6s
  16   3.11091067e+02  3.10298911e+02  2.89e-07 8.88e-16  3.14e-05     6s
  17   3.11042702e+02  3.10424842e+02  2.08e-07 4.44e-16  2.45e-05     7s
  18   3.10988810e+02  3.10590305e+02  1.16e-07 2.22e-16  1.58e-05     7s
  19   3.10950281e+02  3.10748851e+02  5.01e-08 1.33e-15  7.97e-06     7s
  20   3.10935368e+02  3.10841330e+02  2.72e-08 8.88e-16  3.72e-06     7s
  21   3.10928338e+02  3.10871073e+02  1.76e-08 8.88e-16  2.27e-06     7s
  22   3.10927037e+02  3.10877829e+02  1.58e-08 8.88e-16  1.95e-06     7s
  23   3.10923728e+02  3.10882189e+02  1.17e-08 8.88e-16  1.64e-06     7s
  24   3.10920872e+02  3.10887955e+02  7.80e-09 8.88e-16  1.30e-06     8s
  25   3.10920330e+02  3.10891947e+02  7.11e-09 8.88e-16  1.12e-06     8s
  26   3.10917039e+02  3.10905302e+02  2.95e-09 1.11e-16  4.65e-07     8s
  27   3.10915010e+02  3.10911873e+02  5.58e-10 8.88e-16  1.24e-07     8s
  28   3.10914668e+02  3.10913172e+02  1.81e-10 8.88e-16  5.92e-08     8s
  29   3.10914595e+02  3.10913926e+02  1.11e-10 1.78e-15  2.65e-08     8s
  30   3.10914509e+02  3.10914209e+02  2.66e-11 8.88e-16  1.19e-08     8s
  31   3.10914495e+02  3.10914433e+02  1.31e-11 8.88e-16  2.45e-09     8s
  32   3.10914480e+02  3.10914478e+02  1.21e-12 2.52e-15  8.50e-11     8s

Barrier solved model in 32 iterations and 8.42 seconds
Optimal objective 3.10914480e+02


Root crossover log...

     500 DPushes remaining with DInf 0.0000000e+00                 8s
       0 DPushes remaining with DInf 0.0000000e+00                 9s

    3984 PPushes remaining with PInf 1.0691904e-05                 9s
       0 PPushes remaining with PInf 0.0000000e+00                 9s

  Push phase complete: Pinf 0.0000000e+00, Dinf 7.7282281e-02      9s


Root simplex log...

Iteration    Objective       Primal Inf.    Dual Inf.      Time
    4345    3.1091448e+02   0.000000e+00   7.728228e-02      9s
    4361    3.1091448e+02   0.000000e+00   0.000000e+00      9s
    4361    3.1091448e+02   0.000000e+00   0.000000e+00      9s

Root relaxation: objective 3.109145e+02, 4361 iterations, 5.21 seconds

    Nodes    |    Current Node    |     Objective Bounds      |     Work
 Expl Unexpl |  Obj  Depth IntInf | Incumbent    BestBd   Gap | It/Node Time

     0     0  310.91490    0 2018          -  310.91490      -     -    9s
     0     0  315.79295    0 2594          -  315.79295      -     -   14s
     0     0  317.65512    0 2791          -  317.65512      -     -   25s
H    0     0                     528.4733026  317.65512  39.9%     -   30s
H    0     0                     528.3921928  317.65512  39.9%     -   30s
H    0     0                     528.2092120  317.65512  39.9%     -   30s
H    0     0                     528.0932577  317.65512  39.8%     -   30s
     0     0  317.94695    0 2773  528.09326  317.94695  39.8%     -   31s
     0     0  317.96233    0 2784  528.09326  317.96233  39.8%     -   31s
     0     0  317.96272    0 2786  528.09326  317.96272  39.8%     -   32s
     0     0  319.44495    0 2558  528.09326  319.44495  39.5%     -   39s
H    0     0                     528.0164348  319.44495  39.5%     -   39s
     0     0  322.31135    0 2371  528.01643  322.31135  39.0%     -   44s
     0     0  322.76116    0 2376  528.01643  322.76116  38.9%     -   46s
     0     0  322.84341    0 2365  528.01643  322.84341  38.9%     -   47s
     0     0  322.86365    0 2379  528.01643  322.86365  38.9%     -   47s
     0     0  322.86480    0 2373  528.01643  322.86480  38.9%     -   47s
     0     0  324.82291    0 2294  528.01643  324.82291  38.5%     -   56s
     0     0  325.17327    0 2294  528.01643  325.17327  38.4%     -   59s
     0     0  325.21947    0 2274  528.01643  325.21947  38.4%     -   60s
     0     0  325.22176    0 2273  528.01643  325.22176  38.4%     -   60s
     0     0  326.12082    0 2247  528.01643  326.12082  38.2%     -   67s
     0     0  326.27530    0 2253  528.01643  326.27530  38.2%     -   69s
     0     0  326.28451    0 2251  528.01643  326.28451  38.2%     -   70s
     0     0  326.87814    0 2237  528.01643  326.87814  38.1%     -   76s
H    0     0                     424.7553325  326.87814  23.0%     -   79s
H    0     0                     424.6420557  326.87814  23.0%     -   79s
H    0     0                     424.6360773  326.87814  23.0%     -   79s
H    0     0                     424.6346883  326.87814  23.0%     -   79s
     0     0  327.03159    0 2232  424.63469  327.03159  23.0%     -   79s
     0     0  327.04267    0 2218  424.63469  327.04267  23.0%     -   79s
H    0     0                     359.1050390  327.04267  8.93%     -   89s
H    0     0                     359.1050375  327.04267  8.93%     -   89s
     0     0  327.91842    0 2175  359.10504  327.91842  8.68%     -   94s
     0     0  328.09288    0 2201  359.10504  328.09288  8.64%     -   98s
     0     0  328.15101    0 2203  359.10504  328.15101  8.62%     -  100s
     0     0  328.15967    0 2224  359.10504  328.15967  8.62%     -  101s
     0     0  328.37535    0 2167  359.10504  328.37535  8.56%     -  120s
     0     0  328.44228    0 2186  359.10504  328.44228  8.54%     -  124s
     0     0  328.47061    0 2187  359.10504  328.47061  8.53%     -  126s
H    0     0                     359.1045647  328.47061  8.53%     -  127s
     0     0  328.49449    0 2189  359.10456  328.49449  8.52%     -  127s
     0     0  328.49603    0 2178  359.10456  328.49603  8.52%     -  128s
     0     0  328.60140    0 2143  359.10456  328.60140  8.49%     -  135s
H    0     0                     359.0933401  328.60140  8.49%     -  137s
     0     0  328.62943    0 2195  359.09334  328.62943  8.48%     -  137s
     0     0  328.63469    0 2183  359.09334  328.63469  8.48%     -  138s
H    0     0                     359.0929929  328.63469  8.48%     -  145s
     0     0  328.69512    0 2189  359.09299  328.69512  8.47%     -  145s
     0     0  328.69512    0 2188  359.09299  328.69512  8.47%     -  147s
H    0     0                     358.7295132  328.69512  8.37%     -  154s
H    0     0                     358.6802698  328.69512  8.36%     -  274s
     0     2  328.69512    0 2188  358.68027  328.69512  8.36%     -  277s
     1     4  340.00279    1 2138  358.68027  328.69571  8.36%  5600  295s
     3     8  346.92334    2 2134  358.68027  328.87935  8.31%  3752  325s
     7    14  356.54847    3 2129  358.68027  330.84968  7.76%  4630  378s
    15    20     cutoff    4       358.68027  332.24538  7.37%  5384  487s
    29    28  333.85872    5 2083  358.68027  333.00125  7.16%  6021  587s
    49    30  344.96192    6 2061  358.68027  333.85934  6.92%  5553  712s
H   77    38                     358.6786495  337.48617  5.91%  5052  757s
H   82    38                     358.6780747  337.48617  5.91%  4977  757s
H   86    38                     358.6748111  337.77627  5.83%  4930  757s
H   93    38                     358.6694305  337.77627  5.83%  4837  757s
   107    60  349.07333    8 2036  358.66943  337.77627  5.83%  4672  848s
   139    88  349.21532    9 2064  358.66943  338.03638  5.75%  4464  875s
H  141    88                     358.5107729  338.03638  5.71%  4420  875s
H  142    88                     358.4686862  338.03638  5.70%  4402  875s
H  146    88                     358.4202384  338.04111  5.69%  4344  875s
H  151    88                     358.2685393  338.04111  5.65%  4278  875s
H  159    88                     358.2626996  338.04111  5.64%  4214  875s
H  164    88                     358.1354566  338.04111  5.61%  4177  875s
   171   118  349.53167   10 2039  358.13546  338.04111  5.61%  4124  919s
   203   148  349.58710   11 2041  358.13546  338.04111  5.61%  3733 1001s
H  235   178                     358.1350293  338.04111  5.61%  3395 1146s
H  236   178                     358.0860765  338.04111  5.60%  3383 1146s
H  238   178                     357.7913044  338.04111  5.52%  3370 1146s
H  240   178                     357.4246880  338.04111  5.42%  3347 1146s
H  244   178                     357.3601334  338.04111  5.41%  3302 1146s
H  267   200                     357.0006504  338.04111  5.31%  3077 2238s
H  278   200                     356.9998708  338.04111  5.31%  2986 2238s
H  281   200                     356.9952834  338.04111  5.31%  2960 2238s
H  302   220                     356.9806293  338.04111  5.31%  2793 3252s
H  304   220                     356.9735803  338.04111  5.30%  2777 3252s
H  317   220                     356.9735789  338.04111  5.30%  2696 3252s
H  331   220                     356.9627925  338.04111  5.30%  2597 3252s
   338   303  349.76936   15 2043  356.96279  338.04111  5.30%  2551 3297s
   429   380  350.27076   18 1985  356.96279  338.04111  5.30%  2196 3323s
   510   479  350.42087   20 1957  356.96279  338.04111  5.30%  1999 3347s
   619   578  351.44980   23 1939  356.96279  338.04111  5.30%  1744 3369s
   732   693  351.87886   27 1946  356.96279  338.04111  5.30%  1549 3387s
   868   800  352.12017   32 1931  356.96279  338.04111  5.30%  1357 3418s
  1011   880  353.03182   38 1952  356.96279  338.04111  5.30%  1228 3454s
  1111  1007  353.53746   42 1933  356.96279  338.04111  5.30%  1185 3488s
  1251  1176  353.96713   49 1928  356.96279  338.04111  5.30%  1100 3546s
  1429  1372  354.43642   57 1890  356.96279  338.04111  5.30%  1016 3583s
  1635  1556  354.75123   66 1869  356.96279  338.04111  5.30%   922 3629s
  1854  1756  354.86787   77 1838  356.96279  338.04111  5.30%   848 3674s
  2067  1979  355.07434   89 1811  356.96279  338.04111  5.30%   792 3707s
  2314  2250  356.51269  102 1778  356.96279  338.04111  5.30%   735 3737s
  2617  2475  356.84813  117 1731  356.96279  338.17670  5.26%   671 3799s
  2871  2709  339.12983   10 2036  356.96279  338.17670  5.26%   640 3829s
  3122  2710  348.24263   54 2188  356.96279  338.17670  5.26%   612 4371s
H 3123  2575                     356.9627817  338.17670  5.26%   611 4377s
  3125  2576  353.78456  109 2678  356.96278  338.17670  5.26%   611 4382s
  3127  2577  352.78702   21 2514  356.96278  338.17670  5.26%   611 4394s
  3128  2578  352.31837   72 2449  356.96278  338.17670  5.26%   610 4397s
  3129  2579  351.43745   45 2207  356.96278  338.17670  5.26%   610 4403s
  3130  2579  350.33646  130 2191  356.96278  338.17670  5.26%   610 4409s
  3131  2580  345.67846  110 2175  356.96278  338.17670  5.26%   610 4418s
  3132  2581  353.72569   60 2115  356.96278  338.17670  5.26%   610 4423s
  3133  2581  350.82869   11 2098  356.96278  338.17670  5.26%   609 4427s
  3134  2582  341.45719   21 2088  356.96278  338.17670  5.26%   609 4431s
  3136  2583  356.93584   68 2081  356.96278  338.17670  5.26%   609 4445s
H 3136  2454                     356.9626697  338.17670  5.26%   609 4485s
  3137  2455  349.22689   30 1973  356.96267  338.17670  5.26%   609 4509s
  3138  2456  353.20747   24 1933  356.96267  338.17670  5.26%   608 4513s
  3139  2456  353.54975   29 1946  356.96267  338.17670  5.26%   608 4515s
H 3139  2332                     356.9626696  338.17670  5.26%   608 4545s
  3141  2334  349.22359   40 1959  356.96267  338.17670  5.26%   608 4586s
  3143  2335  344.55312   93 1956  356.96267  338.17670  5.26%   608 4601s
  3144  2336  344.43881   57 1954  356.96267  338.17670  5.26%   607 4626s
  3146  2337  353.33414   32 1988  356.96267  338.17670  5.26%   607 4648s
  3147  2338  350.16943   18 1955  356.96267  338.17670  5.26%   607 4672s
  3148  2338  349.96409   35 1965  356.96267  338.17670  5.26%   607 4675s
  3150  2340  355.39588   22 1957  356.96267  338.17670  5.26%   606 4696s
  3151  2340  353.72569   60 1934  356.96267  338.17670  5.26%   606 4755s
  3152  2341  347.66543   37 1962  356.96267  338.17670  5.26%   606 4770s
  3153  2342  354.24086   32 1887  356.96267  338.17670  5.26%   606 4907s
  3154  2342  348.81677  107 1886  356.96267  338.17670  5.26%   605 4931s
H 3154  2225                     356.9626696  338.17670  5.26%   605 4938s
H 3154  2113                     356.9626695  338.17670  5.26%   605 5207s
  3156  2118  341.50068   12 1874  356.96267  338.17670  5.26%   630 5478s
  3158  2120  353.67686   13 1889  356.96267  338.17670  5.26%   633 6018s
  3162  2126  353.80291   14 1909  356.96267  338.17670  5.26%   638 6171s
  3169  2125     cutoff   15       356.96267  338.17670  5.26%   649 6322s
H 3183  2019                     356.9626693  338.28477  5.23%   672 6430s
H 3199  1912                     356.7602908  339.67969  4.79%   688 6508s
H 3215  1811                     356.5543484  341.00656  4.36%   719 6508s
  3219  1812     cutoff   18       356.55435  341.00656  4.36%   729 6546s
  3239  1810  341.77033   19 1817  356.55435  341.27030  4.29%   742 6578s
  3261  1828  342.27162   20 1801  356.55435  341.77053  4.15%   759 6653s
H 3288  1756                     356.5543285  342.12898  4.05%   771 6722s
H 3289  1668                     356.5543284  342.12898  4.05%   771 6722s
H 3304  1581                     356.5123430  342.12898  4.03%   776 6722s
  3320  1601  342.65994   22 1811  356.51234  342.46450  3.94%   781 6847s
  3355  1617  342.70747   23 1806  356.51234  342.46482  3.94%   785 6964s
H 3359  1538                     356.3049262  342.46482  3.88%   786 6964s
  3361  1537  354.53883   24 1775  356.30493  342.46482  3.88%   786 6965s
  3391  1544  343.00386   24 1790  356.30493  342.46482  3.88%   788 7035s
  3432  1555  343.15225   25 1782  356.30493  342.46482  3.88%   789 10786s
H 3449  1475                     356.3049234  342.46482  3.88%   790 10787s
H 3465  1399                     356.3049145  342.46482  3.88%   789 10787s
  3466  1421  343.30168   26 1781  356.30491  342.46482  3.88%   790 11767s
H 3469  1353                     356.2863258  342.46482  3.88%   790 11767s
H 3501  1303                     355.6185970  342.46482  3.70%   790 11849s
H 3512  1239                     355.5033956  342.46482  3.67%   793 11849s
  3538  1259  344.65455   28 1790  355.50340  342.46482  3.67%   799 11905s
  3611  1299  344.92461   30 1778  355.50340  342.46482  3.67%   803 11977s
  3687  1344  348.43984   33 1767  355.50340  342.46482  3.67%   807 12063s
  3759  1393  349.00145   36 1760  355.50340  342.46482  3.67%   816 12111s
  3836  1455  349.10915   38 1737  355.50340  342.46482  3.67%   820 12176s
  3930  1513  349.32143   41 1727  355.50340  342.46482  3.67%   820 12280s
  4027  1511  349.92235   44 1709  355.50340  342.46482  3.67%   826 12415s
  4061  1575  350.10359   45 1711  355.50340  342.46482  3.67%   830 12620s
  4156  1643  350.79670   49 1693  355.50340  342.46482  3.67%   837 12803s
  4273  1725  351.62710   54 1678  355.50340  342.46482  3.67%   835 13010s
  4415  1832  352.06873   61 1653  355.50340  342.46482  3.67%   827 13102s
  4583  1940  352.35539   68 1659  355.50340  342.46482  3.67%   815 13199s
  4751  2039  352.68789   75 1652  355.50340  342.46482  3.67%   799 13257s
  4917  2130  353.19813   80 1650  355.50340  342.46482  3.67%   785 13329s
  5096  2182     cutoff   86       355.50340  342.46482  3.67%   774 13864s
H 5214  2086                     355.4594610  342.46482  3.66%   769 13864s
H 5224  2027                     355.4594344  342.46482  3.66%   767 13864s
  5233  2221  353.36473   86 1652  355.45943  342.46482  3.66%   770 13936s
  5453  2318  353.62874   97 1601  355.45943  342.46482  3.66%   754 14181s
  5653  2456  353.90412  107 1511  355.45943  342.46482  3.66%   754 14480s
  5890  2576  354.09714  118 1497  355.45943  342.46482  3.66%   748 15181s
H 6015  2483                     355.4594344  342.46482  3.66%   744 15181s
  6117  2710  354.40399  128 1506  355.45943  342.46482  3.66%   744 15353s
  6388  2985  354.65110  142 1474  355.45943  342.46482  3.66%   729 15827s
  6664  3478  354.97197  155 1484  355.45943  342.46482  3.66%   711 15960s
  7205  3947     cutoff  169       355.45943  342.49763  3.65%   679 16316s
  7747  4463  343.86742   25 1786  355.45943  342.49763  3.65%   654 16510s
  8314  5000  345.04889   32 1800  355.45943  342.49763  3.65%   628 16656s
  8880  5398  345.84017   37 1752  355.45943  342.49763  3.65%   605 17197s
H 9164  4752                     354.4930484  342.49763  3.38%   605 17197s
  9312  5170  347.17766   48 1728  354.49305  342.49763  3.38%   611 17408s
  9822  5612  347.80278   60 1720  354.49305  342.49763  3.38%   601 17550s
H 9862  5561                     354.4383110  342.49763  3.37%   600 17550s
 10271  5591  349.09541   77 1697  354.43831  342.49763  3.37%   590 17948s
 10304  6288  349.13083   78 1696  354.43831  342.49763  3.37%   589 18082s
 11047  7029  349.73451   98 1673  354.43831  342.49763  3.37%   566 18452s
H11866  7502                     354.3378782  342.49763  3.34%   545 18680s
H11901  7435                     354.2742186  342.49763  3.32%   544 18680s
H11920  7380                     354.2242400  342.49763  3.31%   544 18680s
H12049  7321                     354.1427440  342.49763  3.29%   540 18680s
 12474  7914  351.14346  135 1553  354.14274  342.49763  3.29%   533 19274s
H12651  7914                     354.1427438  342.49763  3.29%   532 19274s
H12773  7914                     354.1427322  342.49763  3.29%   529 19274s
H12818  7783                     354.0102327  342.49763  3.25%   528 19274s
 13097  7940  351.91058  159 1508  354.01023  342.49763  3.25%   524 20229s
H13100  7940                     354.0102315  342.49763  3.25%   524 20229s
H13112  7939                     354.0089740  342.49763  3.25%   524 20229s
H13135  7939                     354.0089738  342.49763  3.25%   524 20229s
H13179  7913                     353.9665127  342.49763  3.24%   524 20229s
 13313  8739  352.02141  163 1503  353.96651  342.49763  3.24%   523 20524s
 14231  9419  353.70043  214 1366  353.96651  342.65998  3.19%   507 20881s
H14856  9419                     353.9665013  342.65998  3.19%   499 20881s
 15010  9997  344.06603   28 1752  353.96650  342.65998  3.19%   501 21565s
 15704 10906  344.10829   29 1747  353.96650  342.65998  3.19%   498 22057s
 16662 11634  346.00430   41 1703  353.96650  342.65998  3.19%   486 22566s
H16719 11311                     353.8154864  342.65998  3.15%   485 22566s
 17517 12462  348.05002   60 1659  353.81549  342.65998  3.15%   478 22728s
H17644 12408                     353.7918784  342.65998  3.15%   475 22728s
 18688 12844  349.86927  104 1583  353.79188  342.65998  3.15%   462 24086s
H18713 12774                     353.7617174  342.65998  3.14%   461 24086s
H18746 12753                     353.7553531  342.65998  3.14%   463 24086s
 19130 14106  350.26397  117 1556  353.75535  342.65998  3.14%   458 25097s
H19271 14106                     353.7553505  342.65998  3.14%   455 25098s
H19557 14106                     353.7553428  342.65998  3.14%   453 25098s
H19961 14106                     353.7553278  342.65998  3.14%   448 25098s
 20614 15180  351.57004  188 1437  353.75533  342.65998  3.14%   440 26071s
H20772 15180                     353.7553275  342.65998  3.14%   438 26071s
 21835 16115  352.53503  258 1272  353.75533  342.65998  3.14%   439 27004s
 22865 16849  353.74586  322 1120  353.75533  342.93491  3.06%   439 27410s
 23668 17645  344.84661   37 1717  353.75533  342.93491  3.06%   443 28332s
H24568 18086                     353.6664489  342.93491  3.03%   442 29136s
H24634 18041                     353.6586301  342.93491  3.03%   441 29136s
H24768 17985                     353.6453302  342.93491  3.03%   443 29136s
H24769 17816                     353.6101060  342.93491  3.02%   443 29137s
 25421 19232  348.63322   96 1514  353.61011  342.93491  3.02%   443 29913s
 26984 19842  350.63973  176 1484  353.61011  342.93491  3.02%   438 31725s
 27618 21776  350.90251  193 1453  353.61011  342.93491  3.02%   438 32174s
 29705 24287  351.74692  276 1262  353.61011  342.94943  3.01%   426 33282s
 32445 25769  345.71180   40 1735  353.61011  342.94943  3.01%   413 33642s
H32535 25077                     353.4811687  342.94943  2.98%   412 33642s
 34046 25998  349.14057   75 1671  353.48117  342.94943  2.98%   408 33882s
H34253 25994                     353.4807556  342.94943  2.98%   407 33883s
H34583 25812                     353.4538434  342.94943  2.97%   409 33883s
 35197 26051  351.16364  111 1544  353.45384  342.94943  2.97%   407 35022s
 35493 26419  351.23938  115 1542  353.45384  342.94943  2.97%   409 35535s
H35882 26969                     353.4263621  342.94943  2.96%   411 36842s
H35885 26946                     353.4221073  342.94943  2.96%   411 36842s
H35902 26736                     353.3885341  342.94943  2.95%   411 36842s
H35943 26433                     353.3377446  342.94943  2.94%   411 36842s
H36312 26161                     353.2922409  342.94943  2.93%   411 36842s
 36713 28752  352.90839  140 1499  353.29224  343.29665  2.83%   410 38542s
H36847 28752                     353.2922406  343.29665  2.83%   410 38542s
H36935 28752                     353.2922403  343.29665  2.83%   409 38542s
H37066 28752                     353.2922402  343.29665  2.83%   409 38542s
H37170 28752                     353.2922400  343.29665  2.83%   410 38542s
H37291 28748                     353.2913414  343.29665  2.83%   410 38542s
H37745 28698                     353.2824348  343.29665  2.83%   408 38543s
H39298 28698                     353.2824032  343.29665  2.83%   399 38543s
H39500 29443                     353.2824029  343.29665  2.83%   399 39591s
 40328 31876  346.87675   46 1715  353.28240  343.29665  2.83%   394 40696s
 42988 33484  350.01853  119 1513  353.28240  343.29665  2.83%   388 41775s
 44782 35191  351.85317  200 1415  353.28240  343.67550  2.72%   382 42988s
 46796 36114  345.70854   44 1726  353.28240  343.67601  2.72%   377 44723s
 47831 38007  346.57552   49 1701  353.28240  343.67601  2.72%   376 46567s
 50058 39779  349.24644  119 1488  353.28240  343.67601  2.72%   380 48541s
 51943 42070  351.32864  213 1372  353.28240  343.72531  2.71%   387 51048s
H54473 43237                     353.2806190  343.92263  2.65%   393 54219s
H54502 43214                     353.2776758  343.92263  2.65%   393 54220s
H54524 43157                     353.2697667  343.92263  2.65%   394 54220s
H54553 43142                     353.2678468  343.92263  2.65%   394 54220s
H54554 43061                     353.2581857  343.92263  2.64%   394 54220s
H54582 42998                     353.2490191  343.92263  2.64%   394 54220s
H54670 42900                     353.2391769  343.92263  2.64%   394 54221s
H54865 42805                     353.2282854  343.92263  2.63%   394 54221s
H54978 42532                     353.2031889  343.92263  2.63%   394 54221s
H55254 42386                     353.1900216  343.92263  2.62%   394 54221s
 55847 43727  351.92300   66 1641  353.19002  343.99685  2.60%   400 56680s
H55900 43727                     353.1900213  343.99685  2.60%   401 56680s
H55996 43727                     353.1900115  343.99685  2.60%   402 56680s
H56082 43726                     353.1899711  343.99685  2.60%   403 56680s
H56271 43726                     353.1899709  343.99685  2.60%   405 56681s
H56621 43726                     353.1899598  343.99685  2.60%   409 56681s
H56859 43725                     353.1898724  343.99685  2.60%   409 56681s
 57457 45790  348.39146   63 1654  353.18987  343.99685  2.60%   418 59204s
H57500 45790                     353.1898220  343.99685  2.60%   418 59204s
H57810 45790                     353.1898217  343.99685  2.60%   417 59204s
 59019 45790  347.04680   46 1702  353.18982  343.99685  2.60%   418 59205s
H59062 45788                     353.1896496  343.99685  2.60%   418 59205s
 59666 49116  351.94858  207 1343  353.18965  344.12169  2.57%   423 61288s
 63237 52360  348.24244   93 1514  353.18965  344.12169  2.57%   418 63924s
 66768 55392  351.31837  257 1250  353.18965  344.12169  2.57%   413 65916s
 70177 57674  352.85588  534  672  353.18965  344.12169  2.57%   402 68178s
H70200 57521                     353.1764740  344.12169  2.56%   402 68179s
H70400 57425                     353.1692853  344.12169  2.56%   401 68179s
 72734 59839  353.16827  953   76  353.16929  344.12169  2.56%   397 70178s
H72754 59828                     353.1688267  344.12169  2.56%   397 70178s
H73235 59822                     353.1684315  344.12169  2.56%   395 70178s
H73302 59822                     353.1684068  344.12169  2.56%   395 70179s
H75442 59821                     353.1684054  344.12169  2.56%   393 70179s
 75563 61769     cutoff 1164       353.16841  344.13562  2.56%   393 73679s
H75772 61768                     353.1684031  344.13562  2.56%   395 73680s
 77979 63442  348.76151   70 1653  353.16840  344.19309  2.54%   394 76956s
 79968 65860  345.16219   38 1746  353.16840  344.24385  2.53%   397 79183s
H79969 65728                     353.1654740  344.24385  2.53%   397 79184s
H79972 65588                     353.1571866  344.24385  2.52%   397 79184s
H79973 65309                     353.1418051  344.24385  2.52%   397 79184s
H80033 65296                     353.1410013  344.24385  2.52%   397 79184s
H80036 64803                     353.1150047  344.24385  2.51%   397 79185s
H80040 64803                     353.1150043  344.24385  2.51%   397 79185s
H80102 64784                     353.1140622  344.24385  2.51%   397 79185s
H80104 64210                     353.0877592  344.24385  2.50%   397 79186s
H81326 64151                     353.0849825  344.24385  2.50%   394 79186s
 82492 67373  349.02005  102 1559  353.08498  344.24385  2.50%   394 82229s
 85050 67373  351.06276  177 1497  353.08498  344.24385  2.50%   390 82230s
 86102 70624  352.09458  211 1407  353.08498  344.27416  2.50%   388 86734s
 86805 70624  349.42757   46 1705  353.08498  344.31326  2.48%   388 86735s
 90074 73623  344.97544   39 1708  353.08498  344.31326  2.48%   396 89627s
 93387 76758  348.60684  100 1623  353.08498  344.31326  2.48%   397 92843s
 97034 81896  351.85213  214 1416  353.08498  344.43354  2.45%   396 96176s
 102630 85831  352.66418   90 1570  353.08498  344.44284  2.45%   391 100413s
H106181 85503                     353.0709938  344.47836  2.43%   389 100415s
 106958 87943  352.71356   60 1575  353.07099  344.48342  2.43%   389 103303s
H107000 87918                     353.0697829  344.48342  2.43%   389 103303s
H108001 87915                     353.0696661  344.48342  2.43%   388 103304s
H108578 87900                     353.0692459  344.48342  2.43%   388 103304s
 109806 91202  352.09179   66 1648  353.06925  344.49228  2.43%   389 106766s
H109995 91202                     353.0692458  344.49837  2.43%   389 106767s
H110655 91202                     353.0692456  344.49837  2.43%   390 106767s
H112162 91202                     353.0692448  344.49837  2.43%   391 106768s
 113579 93579  352.41468  110 1602  353.06924  344.51015  2.42%   392 110048s
H113700 93579                     353.0692425  344.51015  2.42%   392 110051s
 116331 97854  349.78413  131 1570  353.06924  344.55106  2.41%   393 112940s
 121033 102177  348.48452   68 1646  353.06924  344.55106  2.41%   391 115876s
 125731 105461     cutoff  248       353.06924  344.58049  2.40%   388 118591s
 129394 107643  349.32609   97 1619  353.06924  344.58049  2.40%   387 121583s
H131870 110429                     353.0645262  344.58049  2.40%   387 124448s
H131872 110298                     353.0594108  344.59696  2.40%   387 124448s
H133204 110194                     353.0552610  344.59696  2.40%   385 124449s
H133789 110169                     353.0542473  344.59696  2.40%   385 124449s
 134431 110169  352.60994  220 1404  353.05425  344.59696  2.40%   385 124450s
 135055 113050  346.10261   47 1714  353.05425  344.59696  2.40%   385 127380s
H135100 113050                     353.0542470  344.59696  2.40%   385 127381s
H137351 113050                     353.0542447  344.59696  2.40%   384 127381s
 138348 116339  349.03895  113 1565  353.05424  344.59696  2.40%   384 130035s
 141920 120796  352.24053  282 1263  353.05424  344.62326  2.39%   383 133346s
 146805 123996  348.83787   95 1624  353.05424  344.64068  2.38%   380 136423s
 149254 123996  349.12254   44 1685  353.05424  344.67508  2.37%   381 136425s
 150544 127439  345.42266   37 1727  353.05424  344.67508  2.37%   381 139102s
 154224 132204  349.52235   94 1628  353.05424  344.67508  2.37%   379 140506s
H158872 132184                     353.0530339  344.67508  2.37%   374 140506s
 159379 134441  352.93259  271 1295  353.05303  344.68508  2.37%   374 142803s
H159500 134285                     353.0477479  344.68508  2.37%   374 142804s
H159522 134284                     353.0477107  344.68508  2.37%   374 142804s
H160376 134283                     353.0476895  344.68967  2.37%   374 142804s
 161899 136399  350.20388  134 1495  353.04769  344.70370  2.36%   374 144533s
 164319 140779  344.94291   32 1762  353.04769  344.70370  2.36%   374 145843s
 169064 143779  350.06549  114 1538  353.04769  344.71177  2.36%   371 147692s
H169065 143779                     353.0476857  344.71177  2.36%   371 147693s
H169068 143642                     353.0423615  344.71177  2.36%   371 147693s
H169079 143621                     353.0416408  344.71177  2.36%   371 147694s
H169302 143568                     353.0397316  344.71177  2.36%   371 147694s
H169826 143437                     353.0357367  344.71177  2.36%   371 147695s
H169842 143429                     353.0353170  344.71177  2.36%   371 147695s
H170002 141875                     352.9938351  344.71177  2.35%   371 147695s
 172437 145279  346.94053   56 1730  352.99384  344.71177  2.35%   369 150232s
H172500 145249                     352.9932843  344.71177  2.35%   369 150233s
H172701 145249                     352.9932741  344.71177  2.35%   369 150233s
H173618 145249                     352.9932712  344.71177  2.35%   369 150234s
H173891 145249                     352.9932700  344.71177  2.35%   369 150234s
H175337 145231                     352.9927820  344.71177  2.35%   368 150234s
 176090 147962  350.28900  157 1521  352.99278  344.71177  2.35%   367 152316s
 179076 150624  352.83844  350 1145  352.99278  344.72474  2.34%   366 154212s
 182078 153639  352.37435   97 1578  352.99278  344.74641  2.34%   368 157700s
 185238 158408  349.37642   70 1612  352.99278  344.75580  2.33%   368 159936s
 190437 163061  351.12143   49 1729  352.99278  344.76442  2.33%   366 162723s
 195451 166667  350.83247   52 1676  352.99278  344.76676  2.33%   364 165588s
 198788 166667  352.74864   69 1644  352.99278  344.77142  2.33%   363 165590s
 199553 168928  345.64689   34 1752  352.99278  344.77142  2.33%   363 168432s
 202271 171770  349.88841   82 1643  352.99278  344.78320  2.33%   364 170081s
 205380 173691  346.80328   40 1741  352.99278  344.78320  2.33%   364 172000s
 207583 176434  349.69011   68 1653  352.99278  344.78320  2.33%   364 174232s
 210565 180032  351.51191  112 1561  352.99278  344.78320  2.33%   364 177121s
 214334 184251     cutoff  117       352.99278  344.81422  2.32%   362 181720s
 219051 186544  350.88618   86 1623  352.99278  344.83554  2.31%   362 184216s
H219052 186422                     352.9905309  344.83554  2.31%   362 184217s
H219053 186268                     352.9871092  344.83554  2.31%   362 184218s
H219062 186192                     352.9855775  344.83554  2.31%   362 184218s
H219152 186132                     352.9843210  344.83554  2.31%   362 184219s
H219273 186038                     352.9819973  344.83554  2.31%   362 184219s
H219334 184876                     352.9596106  344.83554  2.30%   362 184220s
H219609 184609                     352.9548385  344.83554  2.30%   362 184220s
 221589 186717 infeasible   37       352.95484  344.83827  2.30%   362 186466s
H221600 186710                     352.9546936  344.83827  2.30%   362 186468s
 224125 190066  347.18996   43 1688  352.95469  344.83872  2.30%   363 189321s
 227919 193446  351.23472   52 1712  352.95469  344.84221  2.30%   365 191954s
 228260 193446 infeasible   41       352.95469  344.86304  2.29%   365 191955s
 231777 196911  347.21058   46 1692  352.95469  344.86304  2.29%   366 194383s
 235488 200167  351.40120  167 1470  352.95469  344.87421  2.29%   364 196065s
 239216 203668  345.09725   34 1764  352.95469  344.88151  2.29%   363 199837s
 243174 206428  351.12753  179 1466  352.95469  344.88213  2.29%   364 202068s
 246257 209849 infeasible   39       352.95469  344.89363  2.28%   365 204986s
 249942 213469  348.22867   70 1687  352.95469  344.89363  2.28%   365 208017s
 253907 217779  349.72920  112 1604  352.95469  344.89363  2.28%   364 210672s
 258555 221078  351.38374  182 1467  352.95469  344.89363  2.28%   363 212780s
 262152 224077  352.10633  229 1318  352.95469  344.90948  2.28%   362 214924s
 262844 224077  352.36236  240 1316  352.95469  344.91555  2.28%   362 214925s
 265587 225960  347.56087   49 1697  352.95469  344.91555  2.28%   363 217116s
 267728 228808  351.12373  143 1517  352.95469  344.91555  2.28%   363 219682s
 271076 231077  350.08920   94 1640  352.95469  344.92888  2.27%   365 222992s
 273845 234232  348.10245   35 1736  352.95469  344.93147  2.27%   366 224741s
 277403 238722  347.90572   49 1737  352.95469  344.94737  2.27%   366 227277s
 282356 240945  346.01551   36 1746  352.95469  344.94737  2.27%   365 230223s
 284962 243348  349.98121  105 1609  352.95469  344.94737  2.27%   365 232914s
 285219 243348  349.32330   99 1594  352.95469  344.94737  2.27%   365 232915s
 287586 245988  352.71514  223 1348  352.95469  344.95770  2.27%   366 235879s
 288190 245988  351.43004  151 1498  352.95469  344.96122  2.26%   366 235880s
 290483 249563  349.48261  128 1539  352.95469  344.96122  2.26%   365 237624s
 294410 253136  352.79793  446  851  352.95469  344.96304  2.26%   363 239883s
 298544 255504  346.23174   42 1718  352.95469  344.97580  2.26%   364 242075s
 301293 257493  350.59724   99 1621  352.95469  344.97580  2.26%   365 244927s
 303652 258741  352.19181  142 1504  352.95469  344.97580  2.26%   366 245565s

Cutting planes:
  Learned: 20
  Gomory: 23
  Cover: 781
  Implied bound: 59
  Projected implied bound: 279
  Clique: 10
  MIR: 924
  Flow cover: 3427
  GUB cover: 1
  Inf proof: 4
  Zero half: 93
  RLT: 1290
  Relax-and-lift: 253

Explored 304963 nodes (111643211 simplex iterations) in 245567.75 seconds
Thread count was 32 (of 32 available processors)

Solution count 10: 352.955 352.955 352.96 ... 352.993

Solve interrupted
Warning: max constraint violation (2.5060e-06) exceeds tolerance
Best objective 3.529546935572e+02, best bound 3.449758029037e+02, gap 2.2606%
