
Gurobi 9.1.0 (linux64) logging started Fri Aug  6 16:04:17 2021

Changed value of parameter LogFile to eab_parasitoid_2_0_0.2_bud.log
   Prev:   Default: 
Changed value of parameter MIPGap to 0.01
   Prev: 0.0001  Min: 0.0  Max: inf  Default: 0.0001
Changed value of parameter Method to 2
   Prev: -1  Min: -1  Max: 5  Default: -1
Changed value of parameter MIPFocus to 2
   Prev: 0  Min: 0  Max: 3  Default: 0
Changed value of parameter RINS to 100
   Prev: -1  Min: -1  Max: 2000000000  Default: -1
Gurobi Optimizer version 9.1.0 build v9.1.0rc0 (linux64)
Thread count: 32 physical cores, 32 logical processors, using up to 32 threads
Optimize a model with 203396 rows, 134935 columns and 685039 nonzeros
Model fingerprint: 0xdb7f7248
Variable types: 55779 continuous, 79156 integer (79156 binary)
Coefficient statistics:
  Matrix range     [1e-04, 1e+05]
  Objective range  [1e-06, 1e-01]
  Bounds range     [1e+00, 6e+03]
  RHS range        [1e-04, 1e+05]
Presolve removed 192364 rows and 125816 columns
Presolve time: 3.89s
Presolved: 11032 rows, 9119 columns, 135665 nonzeros
Variable types: 3648 continuous, 5471 integer (5467 binary)
Presolve removed 12 rows and 12 columns
Presolved: 11020 rows, 9107 columns, 135635 nonzeros

Root barrier log...

Ordering time: 0.23s

Barrier statistics:
 Dense cols : 132
 AA' NZ     : 5.795e+05
 Factor NZ  : 2.843e+06 (roughly 30 MBytes of memory)
 Factor Ops : 2.412e+09 (less than 1 second per iteration)
 Threads    : 31

                  Objective                Residual
Iter       Primal          Dual         Primal    Dual     Compl     Time
   0   2.27099203e+03 -2.40857208e+04  3.67e+04 2.14e-01  6.13e+01     5s
   1   1.71459097e+03 -2.66539454e+04  2.39e+04 3.31e-01  3.94e+01     5s
   2   7.76386098e+02 -2.31617473e+04  2.93e+03 3.25e-03  5.41e+00     5s
   3   5.20978651e+02 -1.32812462e+04  4.50e+02 5.47e-12  1.06e+00     5s
   4   4.17066861e+02 -4.14972618e+03  3.43e+01 8.55e-15  1.84e-01     5s
   5   3.96965375e+02 -1.12819211e+03  1.39e+01 2.97e-15  5.77e-02     5s
   6   3.83949151e+02 -2.58703200e+02  4.87e+00 1.59e-15  2.34e-02     5s
   7   3.74833865e+02  2.52689364e+02  5.38e-01 2.30e-15  4.33e-03     5s
   8   3.70247929e+02  3.42333723e+02  8.36e-02 1.29e-15  9.84e-04     5s
   9   3.68095611e+02  3.53923948e+02  1.03e-02 7.06e-16  4.98e-04     5s
  10   3.67285742e+02  3.61819560e+02  9.67e-05 5.00e-16  1.92e-04     5s
  11   3.66876485e+02  3.64553492e+02  5.00e-05 5.55e-16  8.15e-05     5s
  12   3.66553470e+02  3.65563742e+02  2.10e-05 2.22e-16  3.47e-05     5s
  13   3.66401628e+02  3.66003589e+02  7.08e-06 2.22e-16  1.40e-05     5s
  14   3.66340724e+02  3.66192038e+02  1.79e-06 2.22e-16  5.22e-06     5s
  15   3.66325424e+02  3.66257605e+02  7.35e-07 2.22e-16  2.38e-06     6s
  16   3.66319294e+02  3.66283820e+02  3.71e-07 6.66e-16  1.24e-06     6s
  17   3.66315771e+02  3.66299582e+02  1.75e-07 2.22e-16  5.68e-07     6s
  18   3.66314210e+02  3.66305965e+02  8.69e-08 4.44e-16  2.89e-07     6s
  19   3.66313208e+02  3.66309772e+02  3.12e-08 2.78e-16  1.21e-07     6s
  20   3.66312827e+02  3.66311248e+02  1.18e-08 3.89e-16  5.54e-08     6s
  21   3.66312675e+02  3.66311832e+02  4.70e-09 2.22e-16  2.96e-08     6s
  22   3.66312641e+02  3.66312085e+02  3.21e-09 4.44e-16  1.95e-08     6s
  23   3.66312610e+02  3.66312323e+02  1.81e-09 3.89e-16  1.01e-08     6s
  24   3.66312582e+02  3.66312406e+02  5.78e-10 5.55e-16  6.16e-09     6s
  25   3.66312579e+02  3.66312476e+02  4.70e-10 1.11e-16  3.61e-09     6s
  26   3.66312573e+02  3.66312497e+02  2.21e-10 2.22e-16  2.69e-09     6s
  27   3.66312570e+02  3.66312553e+02  3.93e-11 2.78e-16  5.73e-10     6s
  28   3.66312569e+02  3.66312564e+02  4.22e-11 3.68e-14  1.51e-10     6s
  29   3.66312569e+02  3.66312566e+02  3.00e-11 2.90e-14  9.82e-11     6s
  30   3.66312569e+02  3.66312568e+02  8.62e-12 2.53e-14  2.38e-11     6s

Barrier solved model in 30 iterations and 6.39 seconds
Optimal objective 3.66312569e+02


Root crossover log...

     999 DPushes remaining with DInf 0.0000000e+00                 6s
       0 DPushes remaining with DInf 0.0000000e+00                 6s

    4579 PPushes remaining with PInf 0.0000000e+00                 6s
       0 PPushes remaining with PInf 0.0000000e+00                 7s

  Push phase complete: Pinf 0.0000000e+00, Dinf 1.0120204e-02      7s


Root simplex log...

Iteration    Objective       Primal Inf.    Dual Inf.      Time
    5394    3.6631257e+02   0.000000e+00   1.012020e-02      7s
    5407    3.6631257e+02   0.000000e+00   0.000000e+00      7s
    5407    3.6631257e+02   0.000000e+00   0.000000e+00      7s

Root relaxation: objective 3.663126e+02, 5407 iterations, 2.53 seconds

    Nodes    |    Current Node    |     Objective Bounds      |     Work
 Expl Unexpl |  Obj  Depth IntInf | Incumbent    BestBd   Gap | It/Node Time

     0     0  384.74231    0 1837          -  384.74231      -     -    7s
     0     0  386.74829    0 1773          -  386.74829      -     -    9s
H    0     0                     405.9518441  386.74829  4.73%     -   11s
     0     0  386.79149    0 1789  405.95184  386.79149  4.72%     -   11s
     0     0  386.79312    0 1798  405.95184  386.79312  4.72%     -   11s
     0     0  386.79320    0 1799  405.95184  386.79320  4.72%     -   11s
     0     0  388.09595    0 1733  405.95184  388.09595  4.40%     -   20s
     0     0  388.31996    0 1692  405.95184  388.31996  4.34%     -   27s
     0     0  388.42316    0 1701  405.95184  388.42316  4.32%     -   30s
     0     0  388.43115    0 1741  405.95184  388.43115  4.32%     -   31s
     0     0  388.43126    0 1744  405.95184  388.43126  4.32%     -   31s
H    0     0                     402.5980434  388.43126  3.52%     -   45s
H    0     0                     394.0950254  388.43126  1.44%     -   45s
     0     0  389.18229    0 1743  394.09503  389.18229  1.25%     -   45s
H    0     0                     393.1055454  389.18229  1.00%     -   50s
H    0     0                     393.1050649  389.18229  1.00%     -   50s
H    0     0                     393.1047693  389.18229  1.00%     -   50s
H    0     0                     393.1046686  389.18229  1.00%     -   50s
     0     0  389.23705    0 1787  393.10467  389.23705  0.98%     -   50s

Cutting planes:
  Learned: 56
  Gomory: 28
  Cover: 101
  Implied bound: 256
  Projected implied bound: 64
  Clique: 35
  MIR: 499
  Flow cover: 1185
  Zero half: 11
  RLT: 436
  Relax-and-lift: 147

Explored 1 nodes (23345 simplex iterations) in 50.45 seconds
Thread count was 32 (of 32 available processors)

Solution count 7: 393.105 393.105 393.105 ... 405.952

Optimal solution found (tolerance 1.00e-02)
Best objective 3.931046685878e+02, best bound 3.892370456948e+02, gap 0.9839%

Gurobi 9.1.0 (linux64) logging started Thu Aug 19 21:40:53 2021

Changed value of parameter LogFile to eab_parasitoid_2_0_0.2_bud.log
   Prev:   Default: 
Changed value of parameter MIPGap to 0.01
   Prev: 0.0001  Min: 0.0  Max: inf  Default: 0.0001
Changed value of parameter Method to 2
   Prev: -1  Min: -1  Max: 5  Default: -1
Changed value of parameter MIPFocus to 2
   Prev: 0  Min: 0  Max: 3  Default: 0
Changed value of parameter RINS to 100
   Prev: -1  Min: -1  Max: 2000000000  Default: -1
Changed value of parameter SolutionLimit to 1
   Prev: 2000000000  Min: 1  Max: 2000000000  Default: 2000000000
Gurobi Optimizer version 9.1.0 build v9.1.0rc0 (linux64)
Thread count: 32 physical cores, 32 logical processors, using up to 32 threads
Optimize a model with 203396 rows, 134935 columns and 685039 nonzeros
Model fingerprint: 0x2f908ff0
Variable types: 55779 continuous, 79156 integer (79156 binary)
Coefficient statistics:
  Matrix range     [1e-04, 1e+05]
  Objective range  [1e-06, 1e-01]
  Bounds range     [1e+00, 6e+03]
  RHS range        [1e-04, 1e+05]

User MIP start produced solution with objective 393.132 (5.76s)
User MIP start produced solution with objective 393.132 (5.82s)
Loaded user MIP start with objective 393.132
Processed MIP start in 5.92 seconds


Explored 0 nodes (0 simplex iterations) in 5.96 seconds
Thread count was 1 (of 32 available processors)

Solution count 3: 393.132 

Solution limit reached
Best objective 3.931315991171e+02, best bound -, gap -
