
Gurobi 9.1.0 (linux64) logging started Fri Aug  6 08:43:29 2021

Changed value of parameter LogFile to eab_parasitoid_1_0_0.8_bud.log
   Prev:   Default: 
Changed value of parameter MIPGap to 0.01
   Prev: 0.0001  Min: 0.0  Max: inf  Default: 0.0001
Changed value of parameter Method to 2
   Prev: -1  Min: -1  Max: 5  Default: -1
Changed value of parameter MIPFocus to 2
   Prev: 0  Min: 0  Max: 3  Default: 0
Changed value of parameter RINS to 100
   Prev: -1  Min: -1  Max: 2000000000  Default: -1
Gurobi Optimizer version 9.1.0 build v9.1.0rc0 (linux64)
Thread count: 32 physical cores, 32 logical processors, using up to 32 threads
Optimize a model with 203396 rows, 134935 columns and 685039 nonzeros
Model fingerprint: 0xdc2c2bb6
Variable types: 55779 continuous, 79156 integer (79156 binary)
Coefficient statistics:
  Matrix range     [2e-04, 6e+05]
  Objective range  [1e-06, 1e-01]
  Bounds range     [1e+00, 6e+03]
  RHS range        [1e-04, 6e+05]
Presolve removed 193420 rows and 126789 columns (presolve time = 5s) ...
Presolve removed 193624 rows and 126894 columns
Presolve time: 6.14s
Presolved: 9772 rows, 8041 columns, 128766 nonzeros
Variable types: 3533 continuous, 4508 integer (4508 binary)
Presolve removed 22 rows and 22 columns
Presolved: 9750 rows, 8019 columns, 128694 nonzeros

Root barrier log...

Ordering time: 0.56s

Barrier statistics:
 Dense cols : 136
 AA' NZ     : 5.630e+05
 Factor NZ  : 2.694e+06 (roughly 30 MBytes of memory)
 Factor Ops : 2.182e+09 (less than 1 second per iteration)
 Threads    : 31

                  Objective                Residual
Iter       Primal          Dual         Primal    Dual     Compl     Time
   0   2.62026954e+03 -1.36959952e+04  3.03e+04 1.91e-01  8.32e+01     8s
   1   1.84816105e+03 -1.64596742e+04  1.75e+04 3.84e-01  4.86e+01     8s
   2   9.73279016e+02 -1.62560422e+04  4.96e+03 3.27e-12  1.45e+01     8s
   3   5.73154421e+02 -1.15395007e+04  1.74e+02 1.83e-14  9.26e-01     8s
   4   5.10409600e+02 -5.01897085e+03  5.90e+01 3.31e-13  3.17e-01     9s
   5   4.76610490e+02 -3.76294959e+03  1.99e+01 2.70e-13  1.97e-01     9s
   6   4.62367596e+02 -1.52747216e+03  6.52e+00 1.10e-13  8.51e-02     9s
   7   4.51949047e+02  7.54159343e+00  1.39e+00 1.00e-14  1.83e-02     9s
   8   4.43837417e+02  3.17691892e+02  1.35e-01 4.06e-15  5.03e-03     9s
   9   4.41223704e+02  3.97304428e+02  4.64e-02 8.14e-16  1.75e-03     9s
  10   4.39703318e+02  4.18229195e+02  1.53e-02 5.92e-16  8.53e-04     9s
  11   4.39164457e+02  4.24856596e+02  8.44e-03 4.81e-16  5.68e-04     9s
  12   4.38891896e+02  4.29403982e+02  4.65e-03 2.95e-16  3.77e-04     9s
  13   4.38572450e+02  4.32921612e+02  1.92e-03 2.59e-16  2.24e-04     9s
  14   4.38225091e+02  4.35324130e+02  6.34e-05 3.33e-16  1.15e-04    10s
  15   4.37849186e+02  4.36478397e+02  2.80e-05 2.22e-16  5.44e-05    10s
  16   4.37716803e+02  4.37041356e+02  1.77e-05 2.61e-16  2.68e-05    10s
  17   4.37628740e+02  4.37218327e+02  1.08e-05 2.22e-16  1.63e-05    10s
  18   4.37593172e+02  4.37280881e+02  7.97e-06 2.22e-16  1.24e-05    10s
  19   4.37530159e+02  4.37376197e+02  3.12e-06 2.22e-16  6.11e-06    10s
  20   4.37514737e+02  4.37429130e+02  1.91e-06 2.22e-16  3.40e-06    10s
  21   4.37512119e+02  4.37438697e+02  1.72e-06 2.22e-16  2.91e-06    10s
  22   4.37504262e+02  4.37448675e+02  1.11e-06 2.22e-16  2.21e-06    10s
  23   4.37501368e+02  4.37464296e+02  8.95e-07 1.74e-16  1.47e-06    10s
  24   4.37497437e+02  4.37475689e+02  5.76e-07 2.22e-16  8.63e-07    10s
  25   4.37493149e+02  4.37478291e+02  2.43e-07 2.51e-16  5.90e-07    11s
  26   4.37491391e+02  4.37486028e+02  1.06e-07 2.21e-16  2.13e-07    11s
  27   4.37490344e+02  4.37488420e+02  2.22e-08 2.22e-16  7.63e-08    11s
  28   4.37490244e+02  4.37489512e+02  1.46e-08 4.44e-16  2.90e-08    11s
  29   4.37490113e+02  4.37489791e+02  4.74e-09 4.44e-16  1.28e-08    11s
  30   4.37490082e+02  4.37489936e+02  2.49e-09 1.31e-16  5.80e-09    11s
  31   4.37490057e+02  4.37489965e+02  5.50e-10 2.22e-16  3.63e-09    11s
  32   4.37490051e+02  4.37490001e+02  1.28e-10 2.54e-15  1.98e-09    11s
  33   4.37490051e+02  4.37490009e+02  1.17e-10 1.13e-13  1.67e-09    11s
  34   4.37490050e+02  4.37490023e+02  5.15e-11 2.07e-13  1.06e-09    11s
  35   4.37490049e+02  4.37490030e+02  3.05e-11 3.51e-13  7.52e-10    11s
  36   4.37490049e+02  4.37490033e+02  1.50e-11 4.17e-13  6.17e-10    12s
  37   4.37490049e+02  4.37490043e+02  1.46e-11 1.86e-11  2.13e-10    12s
  38   4.37490048e+02  4.37490048e+02  1.04e-12 9.74e-13  1.17e-11    12s

Barrier solved model in 38 iterations and 11.69 seconds
Optimal objective 4.37490048e+02


Root crossover log...

     648 DPushes remaining with DInf 0.0000000e+00                12s
       0 DPushes remaining with DInf 0.0000000e+00                12s

    3130 PPushes remaining with PInf 1.2057226e-06                12s
       0 PPushes remaining with PInf 0.0000000e+00                12s

  Push phase complete: Pinf 0.0000000e+00, Dinf 1.1423626e-05     12s


Root simplex log...

Iteration    Objective       Primal Inf.    Dual Inf.      Time
    3618    4.3749005e+02   0.000000e+00   1.142363e-05     12s
    3623    4.3749005e+02   0.000000e+00   0.000000e+00     12s
    3623    4.3749005e+02   0.000000e+00   0.000000e+00     12s

Root relaxation: objective 4.374900e+02, 3623 iterations, 5.52 seconds

    Nodes    |    Current Node    |     Objective Bounds      |     Work
 Expl Unexpl |  Obj  Depth IntInf | Incumbent    BestBd   Gap | It/Node Time

     0     0  437.49006    0 1736          -  437.49006      -     -   12s
H    0     0                     622.4261804  437.49006  29.7%     -   14s
     0     0  448.31848    0 1948  622.42618  448.31848  28.0%     -   16s
     0     0  449.09609    0 1968  622.42618  449.09609  27.8%     -   19s
     0     0  449.12090    0 1971  622.42618  449.12090  27.8%     -   19s
     0     0  449.12227    0 1971  622.42618  449.12227  27.8%     -   20s
     0     0  459.26783    0 1936  622.42618  459.26783  26.2%     -   24s
     0     0  469.64442    0 1941  622.42618  469.64442  24.5%     -   26s
     0     0  469.64442    0 1948  622.42618  469.64442  24.5%     -   27s
     0     0  469.64442    0 1951  622.42618  469.64442  24.5%     -   27s
     0     0  473.50758    0 1882  622.42618  473.50758  23.9%     -   31s
     0     0  473.50758    0 1919  622.42618  473.50758  23.9%     -   32s
     0     0  473.50758    0 1930  622.42618  473.50758  23.9%     -   33s
     0     0  473.50758    0 1889  622.42618  473.50758  23.9%     -   36s
     0     0  473.50758    0 1875  622.42618  473.50758  23.9%     -   38s
     0     0  473.50758    0 1901  622.42618  473.50758  23.9%     -   38s
H    0     0                     512.6222350  473.50758  7.63%     -   41s
     0     0  476.60144    0 1806  512.62224  476.60144  7.03%     -   41s
     0     0  476.81001    0 1792  512.62224  476.81001  6.99%     -   43s
     0     0  476.81748    0 1817  512.62224  476.81748  6.98%     -   44s
H    0     0                     512.6222344  476.81748  6.98%     -   48s
H    0     0                     512.6222341  476.81748  6.98%     -   51s
H    0     0                     512.6161120  476.81748  6.98%     -   51s
H    0     0                     512.6160003  476.81748  6.98%     -   51s
H    0     0                     512.6159409  476.81748  6.98%     -   51s
H    0     0                     512.6159255  476.81748  6.98%     -   51s
H    0     0                     512.6159092  476.81748  6.98%     -   51s
     0     0  490.33822    0 1798  512.61591  490.33822  4.35%     -   51s
H    0     0                     512.6159017  490.33822  4.35%     -   53s
H    0     0                     512.6158990  490.33822  4.35%     -   53s
H    0     0                     512.6158981  490.33822  4.35%     -   53s
     0     0  490.93419    0 1760  512.61590  490.93419  4.23%     -   53s
H    0     0                     512.5932676  490.93419  4.23%     -   54s
     0     0  490.96033    0 1765  512.59327  490.96033  4.22%     -   54s
H    0     0                     512.5932618  490.96033  4.22%     -   58s
     0     0  494.17825    0 1755  512.59326  494.17825  3.59%     -   59s
     0     0  497.52737    0 1721  512.59326  497.52737  2.94%     -   61s
     0     0  497.54873    0 1729  512.59326  497.54873  2.93%     -   61s
     0     0  501.74737    0 1733  512.59326  501.74737  2.12%     -   63s
     0     0  501.77580    0 1744  512.59326  501.77580  2.11%     -   64s
     0     0  501.89931    0 1729  512.59326  501.89931  2.09%     -   66s
     0     0  501.89931    0 1728  512.59326  501.89931  2.09%     -   68s
H    0     0                     512.5932495  501.89931  2.09%     -   83s
     0     2  501.89931    0 1728  512.59325  501.89931  2.09%     -   84s
H    1     4                     512.5932491  501.89931  2.09%   339   85s
H    2     4                     512.5932489  501.89947  2.09%   210   85s
     7    12  505.17724    3 1389  512.59325  502.10585  2.05%   709   90s
    25    22  502.98806    5 1609  512.59325  502.22058  2.02%  1196   96s
    65    16     cutoff    7       512.59325  505.57282  1.37%  1344  102s

Cutting planes:
  Learned: 28
  Gomory: 21
  Cover: 109
  Implied bound: 287
  Projected implied bound: 148
  Clique: 31
  MIR: 1138
  Flow cover: 3874
  GUB cover: 6
  Zero half: 16
  RLT: 2493
  Relax-and-lift: 195

Explored 89 nodes (140741 simplex iterations) in 102.55 seconds
Thread count was 32 (of 32 available processors)

Solution count 10: 512.593 512.593 512.593 ... 512.616

Optimal solution found (tolerance 1.00e-02)
Warning: max constraint violation (9.1832e-06) exceeds tolerance
Best objective 5.125932488616e+02, best bound 5.086169447847e+02, gap 0.7757%

Gurobi 9.1.0 (linux64) logging started Thu Aug 19 21:15:51 2021

Changed value of parameter LogFile to eab_parasitoid_1_0_0.8_bud.log
   Prev:   Default: 
Changed value of parameter MIPGap to 0.01
   Prev: 0.0001  Min: 0.0  Max: inf  Default: 0.0001
Changed value of parameter Method to 2
   Prev: -1  Min: -1  Max: 5  Default: -1
Changed value of parameter MIPFocus to 2
   Prev: 0  Min: 0  Max: 3  Default: 0
Changed value of parameter RINS to 100
   Prev: -1  Min: -1  Max: 2000000000  Default: -1
Changed value of parameter SolutionLimit to 1
   Prev: 2000000000  Min: 1  Max: 2000000000  Default: 2000000000
Gurobi Optimizer version 9.1.0 build v9.1.0rc0 (linux64)
Thread count: 32 physical cores, 32 logical processors, using up to 32 threads
Optimize a model with 203396 rows, 134935 columns and 685039 nonzeros
Model fingerprint: 0x2bfa43a8
Variable types: 55779 continuous, 79156 integer (79156 binary)
Coefficient statistics:
  Matrix range     [2e-04, 6e+05]
  Objective range  [1e-06, 1e-01]
  Bounds range     [1e+00, 6e+03]
  RHS range        [1e-04, 6e+05]

User MIP start produced solution with objective 512.621 (6.86s)
User MIP start produced solution with objective 512.589 (6.99s)
Loaded user MIP start with objective 512.589
Processed MIP start in 7.06 seconds


Explored 0 nodes (0 simplex iterations) in 7.10 seconds
Thread count was 1 (of 32 available processors)

Solution count 3: 512.589 

Solution limit reached
Best objective 5.125891777444e+02, best bound -, gap -
