
Gurobi 9.1.0 (linux64) logging started Fri Aug 20 12:47:52 2021

Changed value of parameter LogFile to eab_parasitoid_0_0_1_streetforest.log
   Prev:   Default: 
Changed value of parameter MIPGap to 0.01
   Prev: 0.0001  Min: 0.0  Max: inf  Default: 0.0001
Changed value of parameter Method to 2
   Prev: -1  Min: -1  Max: 5  Default: -1
Changed value of parameter MIPFocus to 2
   Prev: 0  Min: 0  Max: 3  Default: 0
Changed value of parameter RINS to 100
   Prev: -1  Min: -1  Max: 2000000000  Default: -1
Gurobi Optimizer version 9.1.0 build v9.1.0rc0 (linux64)
Thread count: 32 physical cores, 32 logical processors, using up to 32 threads
Optimize a model with 203386 rows, 134930 columns and 685029 nonzeros
Model fingerprint: 0xea87cbf4
Variable types: 55774 continuous, 79156 integer (79156 binary)
Coefficient statistics:
  Matrix range     [2e-04, 1e+06]
  Objective range  [1e-06, 1e-01]
  Bounds range     [1e+00, 6e+03]
  RHS range        [1e-04, 1e+06]
Presolve removed 193637 rows and 126975 columns
Presolve time: 3.08s
Presolved: 9749 rows, 7955 columns, 132256 nonzeros
Variable types: 3436 continuous, 4519 integer (4518 binary)
Presolve removed 22 rows and 12 columns
Presolved: 9727 rows, 7943 columns, 132205 nonzeros

Root barrier log...

Ordering time: 0.21s

Barrier statistics:
 Dense cols : 152
 AA' NZ     : 5.665e+05
 Factor NZ  : 2.685e+06 (roughly 30 MBytes of memory)
 Factor Ops : 2.175e+09 (less than 1 second per iteration)
 Threads    : 31

                  Objective                Residual
Iter       Primal          Dual         Primal    Dual     Compl     Time
   0   2.28940856e+03 -1.08911144e+04  2.32e+04 1.45e-01  3.89e+01     4s
   1   1.76612893e+03 -1.18160800e+04  1.56e+04 2.71e-01  2.59e+01     4s
   2   1.21632516e+03 -1.17774783e+04  7.09e+03 7.50e-13  1.20e+01     4s
   3   7.16497001e+02 -8.15103541e+03  3.58e+02 2.99e-12  8.89e-01     4s
   4   6.53245650e+02 -3.79326218e+03  1.32e+02 8.49e-13  3.14e-01     4s
   5   6.09065972e+02 -9.06088098e+02  2.86e+01 3.48e-12  7.62e-02     4s
   6   5.95135257e+02  3.42550488e+01  7.68e+00 1.89e-12  2.48e-02     4s
   7   5.86758651e+02  3.81597624e+02  7.39e-01 3.86e-13  8.35e-03     4s
   8   5.82765116e+02  4.99478597e+02  1.60e-03 1.99e-13  3.32e-03     4s
   9   5.80070338e+02  5.25364386e+02  1.91e-04 1.39e-13  2.17e-03     4s
  10   5.79357126e+02  5.51878727e+02  9.87e-05 7.28e-14  1.09e-03     4s
  11   5.78671895e+02  5.61900664e+02  4.80e-05 4.09e-14  6.64e-04     4s
  12   5.78180176e+02  5.69762883e+02  1.98e-05 8.88e-15  3.33e-04     4s
  13   5.77973301e+02  5.72630904e+02  1.14e-05 5.33e-15  2.11e-04     4s
  14   5.77758737e+02  5.73716674e+02  5.15e-06 8.88e-16  1.60e-04     4s
  15   5.77684989e+02  5.74962154e+02  3.51e-06 5.76e-16  1.08e-04     5s
  16   5.77620246e+02  5.75253530e+02  2.32e-06 4.44e-15  9.37e-05     5s
  17   5.77579007e+02  5.76259314e+02  1.67e-06 2.50e-16  5.22e-05     5s
  18   5.77536005e+02  5.76690615e+02  1.12e-06 1.18e-16  3.35e-05     5s
  19   5.77514979e+02  5.76877046e+02  8.34e-07 8.88e-16  2.52e-05     5s
  20   5.77478799e+02  5.77132269e+02  4.10e-07 1.11e-16  1.37e-05     5s
  21   5.77455983e+02  5.77228229e+02  1.98e-07 1.45e-16  9.01e-06     5s
  22   5.77449290e+02  5.77281731e+02  1.42e-07 1.11e-16  6.63e-06     5s
  23   5.77444317e+02  5.77313626e+02  1.03e-07 2.25e-16  5.17e-06     5s
  24   5.77439575e+02  5.77328441e+02  6.43e-08 1.99e-16  4.40e-06     5s
  25   5.77434959e+02  5.77375410e+02  2.95e-08 4.70e-15  2.36e-06     5s
  26   5.77430924e+02  5.77417315e+02  6.09e-09 2.32e-14  5.39e-07     5s
  27   5.77430150e+02  5.77421552e+02  3.10e-09 6.22e-15  3.40e-07     5s
  28   5.77429769e+02  5.77424902e+02  1.58e-09 3.55e-15  1.93e-07     5s
  29   5.77429666e+02  5.77427086e+02  1.14e-09 1.39e-16  1.02e-07     5s
  30   5.77429528e+02  5.77428717e+02  5.96e-10 3.66e-15  3.21e-08     5s
  31   5.77429397e+02  5.77429129e+02  1.10e-10 1.21e-16  1.06e-08     5s
  32   5.77429371e+02  5.77429184e+02  2.33e-11 2.66e-15  7.41e-09     5s
  33   5.77429366e+02  5.77429280e+02  1.06e-11 1.78e-15  3.41e-09     5s
  34   5.77429363e+02  5.77429327e+02  3.86e-12 5.33e-15  1.40e-09     5s
  35   5.77429361e+02  5.77429353e+02  8.21e-13 2.66e-15  3.47e-10     5s
  36   5.77429361e+02  5.77429357e+02  5.67e-13 5.10e-14  1.72e-10     5s
  37   5.77429361e+02  5.77429361e+02  3.14e-13 3.79e-15  4.69e-12     6s

Barrier solved model in 37 iterations and 5.51 seconds
Optimal objective 5.77429361e+02


Root crossover log...

     624 DPushes remaining with DInf 0.0000000e+00                 6s
       0 DPushes remaining with DInf 0.0000000e+00                 6s

    3667 PPushes remaining with PInf 2.3239381e-06                 6s
       0 PPushes remaining with PInf 0.0000000e+00                 6s

  Push phase complete: Pinf 0.0000000e+00, Dinf 8.3501870e-04      6s


Root simplex log...

Iteration    Objective       Primal Inf.    Dual Inf.      Time
    4087    5.7742936e+02   0.000000e+00   8.350187e-04      6s
    4091    5.7742936e+02   0.000000e+00   0.000000e+00      6s
    4091    5.7742936e+02   0.000000e+00   0.000000e+00      6s

Root relaxation: objective 5.774294e+02, 4091 iterations, 2.49 seconds

    Nodes    |    Current Node    |     Objective Bounds      |     Work
 Expl Unexpl |  Obj  Depth IntInf | Incumbent    BestBd   Gap | It/Node Time

     0     0  577.42938    0 1940          -  577.42938      -     -    6s
     0     0  631.06811    0 2324          -  631.06811      -     -    9s
     0     0  631.68448    0 2542          -  631.68448      -     -   14s
     0     0  631.74054    0 2514          -  631.74054      -     -   15s
     0     0  631.74312    0 2513          -  631.74312      -     -   15s
     0     0  640.19270    0 2459          -  640.19270      -     -   21s
     0     0  641.97539    0 2448          -  641.97539      -     -   27s
     0     0  641.97539    0 2396          -  641.97539      -     -   32s
     0     0  641.97539    0 2317          -  641.97539      -     -   35s
     0     0  641.97539    0 2318          -  641.97539      -     -   36s
H    0     0                     733.7577857  641.97539  12.5%     -   44s
H    0     0                     733.7463028  641.97539  12.5%     -   44s
H    0     0                     733.7149770  641.97539  12.5%     -   44s
H    0     0                     733.5296451  641.97539  12.5%     -   44s
     0     0  651.33893    0 2255  733.52965  651.33893  11.2%     -   44s
     0     0  651.46180    0 2226  733.52965  651.46180  11.2%     -   46s
     0     0  651.47784    0 2199  733.52965  651.47784  11.2%     -   48s
     0     0  662.09907    0 2214  733.52965  662.09907  9.74%     -   56s
H    0     0                     733.4949976  662.09907  9.73%     -   57s
     0     0  662.22481    0 2204  733.49500  662.22481  9.72%     -   59s
     0     0  662.23863    0 2213  733.49500  662.23863  9.71%     -   61s
     0     0  669.57790    0 2180  733.49500  669.57790  8.71%     -   68s
     0     0  671.23437    0 2183  733.49500  671.23437  8.49%     -   75s
     0     0  671.27454    0 2160  733.49500  671.27454  8.48%     -   81s
H    0     0                     705.3710555  671.27454  4.83%     -   88s
H    0     0                     705.3700157  671.27454  4.83%     -   88s
H    0     0                     705.3328787  671.27454  4.83%     -   88s
H    0     0                     697.2976965  671.27454  3.73%     -   93s
H    0     0                     697.2913560  671.27454  3.73%     -  107s
     0     0  680.25468    0 2095  697.29136  680.25468  2.44%     -  107s
     0     0  680.36749    0 2129  697.29136  680.36749  2.43%     -  115s
     0     0  680.50455    0 2105  697.29136  680.50455  2.41%     -  124s
     0     0  680.52529    0 2120  697.29136  680.52529  2.40%     -  130s
H    0     0                     697.2913558  680.52529  2.40%     -  144s
H    0     0                     697.2906526  680.52529  2.40%     -  150s
     0     0  680.85282    0 2120  697.29065  680.85282  2.36%     -  150s
     0     0  680.85282    0 2111  697.29065  680.85282  2.36%     -  153s
H    0     0                     695.5303858  680.85282  2.11%     -  280s
     0     2  680.85282    0 2107  695.53039  680.85282  2.11%     -  285s
     1     4  685.94961    1 2079  695.53039  680.85569  2.11%  2477  294s
     3     8  690.74321    2 2113  695.53039  681.56842  2.01%  2230  307s
     7    16  690.88344    3 2027  695.53039  681.73327  1.98%  2844  320s
    15    32  691.82249    4 1997  695.53039  681.92383  1.96%  2841  340s
H   31    56                     695.5303626  682.17424  1.92%  4432  379s
H   32    56                     695.5303532  682.17424  1.92%  4409  379s
H   34    56                     695.5299793  682.17424  1.92%  4327  379s
    63    88  694.63590    6 1965  695.52998  682.46145  1.88%  3845  848s
    95   114     cutoff    7       695.52998  682.49020  1.87%  3604  871s
   127   134     cutoff    7       695.52998  682.49020  1.87%  3652  904s
H  128   134                     695.3049680  682.49020  1.84%  3624  904s
H  159   162                     695.1868061  682.49020  1.83%  3423  940s
H  160   162                     695.1860792  682.49020  1.83%  3416  940s
H  161   162                     695.1760842  682.49020  1.82%  3416  940s
H  164   162                     695.1692191  682.49020  1.82%  3379  940s
H  165   162                     695.1550524  682.49020  1.82%  3381  940s
H  168   162                     695.1054627  682.49020  1.81%  3371  940s
H  191   187                     695.0284750  682.49020  1.80%  3180 1348s
H  204   187                     695.0226566  682.49020  1.80%  3117 1348s
   223   225  691.77726   10 1903  695.02266  682.49020  1.80%  3062 1363s
   273   273  692.13971   11 1862  695.02266  682.49020  1.80%  2786 1381s
   329   324  692.50732   13 1810  695.02266  682.49020  1.80%  2571 1394s
   394   377  693.57878   16 1817  695.02266  682.49020  1.80%  2380 1419s
   463   433     cutoff   19       695.02266  682.49020  1.80%  2204 1432s
   537   492     cutoff   21       695.02266  682.49020  1.80%  2038 1443s
   620   542     cutoff   22       695.02266  682.49020  1.80%  1904 1453s
   699   585     cutoff   22       695.02266  682.49977  1.80%  1802 1708s
H  703   585                     695.0223240  682.49977  1.80%  1801 1708s
H  707   585                     695.0193010  682.49977  1.80%  1797 1708s
H  714   585                     694.9341871  682.49977  1.79%  1799 1708s
H  716   585                     694.9285591  682.49977  1.79%  1796 1708s
H  762   611                     694.9285381  682.49977  1.79%  1753 2303s
H  763   611                     694.9285149  682.49977  1.79%  1757 2303s
H  764   611                     694.9047176  682.49977  1.79%  1755 2303s
H  781   611                     694.8867872  682.49977  1.78%  1745 2303s
H  784   611                     694.8797935  682.49977  1.78%  1742 2303s
H  800   641                     694.8797122  682.49977  1.78%  1741 2674s
H  803   641                     694.8797048  682.49977  1.78%  1738 2674s
H  805   641                     694.8797037  682.49977  1.78%  1737 2674s
   836   673  691.96493    9 1806  694.87970  682.49977  1.78%  1714 3110s
H  838   673                     694.8796998  682.49977  1.78%  1710 3110s
   868   810  692.40966   10 1836  694.87970  682.49977  1.78%  1684 3144s
  1023   948  693.70585   13 1804  694.87970  682.49977  1.78%  1549 3178s
  1189  1087  694.18970   15 1822  694.87970  682.49977  1.78%  1425 3228s
  1389  1209  694.71545   22 1806  694.87970  682.49977  1.78%  1309 3281s
  1578  1327  694.86030   25 1785  694.87970  682.49977  1.78%  1225 3311s
  1760  1472  694.70970   21 1815  694.87970  682.49977  1.78%  1174 3361s
  1926  1614     cutoff   22       694.87970  683.11789  1.69%  1130 3389s
  2126  1757  690.03647    7 1861  694.87970  683.11789  1.69%  1082 3430s
  2329  1890  691.19031    9 1817  694.87970  683.11789  1.69%  1043 3489s
  2516  2077  691.23270   10 1821  694.87970  683.11789  1.69%  1017 3538s
  2730  2279  691.98177   12 1823  694.87970  683.11789  1.69%   983 3598s
  2968  2280  693.79386   41 2111  694.87970  683.11789  1.69%   948 4034s
  2970  2281  692.50630   11 2063  694.87970  683.11789  1.69%   947 4043s
  2971  2282  693.28299   73 2389  694.87970  683.11789  1.69%   947 4048s
  2972  2283  692.05861   28 2172  694.87970  683.11789  1.69%   946 4050s
  2974  2284  693.42381   37 2113  694.87970  683.11789  1.69%   946 4061s
  2975  2285  690.60887   21 2098  694.87970  683.11789  1.69%   945 4071s
  2976  2285  688.88669   29 2052  694.87970  683.11789  1.69%   945 4078s
  2977  2286  694.25082   52 1989  694.87970  683.11789  1.69%   945 4093s
  2978  2287  691.11795   41 1971  694.87970  683.11789  1.69%   944 4103s
  2979  2287  690.56230   41 1999  694.87970  683.11789  1.69%   944 4112s
  2980  2288  694.61915   18 1971  694.87970  683.11789  1.69%   944 4123s
  2981  2289  689.45055   17 2000  694.87970  683.11789  1.69%   944 4149s
  2982  2289  687.25531   13 1958  694.87970  683.11789  1.69%   943 4164s
  2983  2290  694.22683   17 1955  694.87970  683.11789  1.69%   943 4183s
H 2983  2175                     694.8796985  683.11789  1.69%   943 4238s
  2985  2176  689.43688   18 1866  694.87970  683.11789  1.69%   942 4246s
  2986  2177  692.70285    6 1852  694.87970  683.11789  1.69%   942 4261s
  2987  2178  692.50534   55 1869  694.87970  683.11789  1.69%   942 4271s
  2988  2178  694.17476  157 1864  694.87970  683.11789  1.69%   941 4294s
  2989  2179  691.18378   39 1887  694.87970  683.11789  1.69%   941 4318s
  2990  2180  691.59843   26 1786  694.87970  683.40754  1.65%   941 4359s
  2991  2180  689.86718   34 1818  694.87970  683.40754  1.65%   940 4363s
  2992  2181  694.00592   44 1842  694.87970  683.40754  1.65%   940 4367s
  2993  2182  690.42095   30 1854  694.87970  683.62426  1.62%   940 4399s
  2994  2182  693.70215   50 1818  694.87970  683.73616  1.60%   939 4423s
  2995  2183  692.02407   13 1813  694.87970  683.98809  1.57%   939 4433s
  2996  2184  694.04410   34 1795  694.87970  684.07354  1.56%   939 4471s
  2997  2184  691.69082   26 1826  694.87970  684.18765  1.54%   938 4496s
  2998  2185  690.26347   21 1810  694.87970  684.45943  1.50%   938 4516s
  2999  2186  693.49039   39 1809  694.87970  684.49377  1.49%   938 4536s
  3000  2186  690.61448   32 1829  694.87970  684.70521  1.46%   938 4550s
  3001  2187  691.33793   17 1833  694.87970  684.70521  1.46%   937 4560s
  3002  2188  694.42345   98 1783  694.87970  684.70521  1.46%   937 4587s
  3003  2188  692.06835   52 1778  694.87970  684.70521  1.46%   937 4610s
  3004  2189  689.60657   26 1778  694.87970  684.70521  1.46%   936 4721s
  3005  2193  687.20050   14 1764  694.87970  684.70521  1.46%   961 4907s
  3007  2196  691.91592   15 1803  694.87970  684.70521  1.46%   961 5084s
  3011  2201     cutoff   16       694.87970  684.70521  1.46%   965 5238s
  3019  2212  684.70521   17 1718  694.87970  684.70521  1.46%   970 5269s
  3033  2223  692.70843   18 1802  694.87970  684.70521  1.46%   985 5308s
  3061  2230     cutoff   19       694.87970  684.70521  1.46%  1007 5366s
  3093  2239  685.17707   20 1563  694.87970  684.70521  1.46%  1034 5403s
  3125  2239  685.20913   21 1562  694.87970  684.70521  1.46%  1048 5438s
  3157  2240  687.55353   22 1625  694.87970  684.70521  1.46%  1063 5473s
H 3189  2129                     694.8772057  684.70521  1.46%  1072 5612s
H 3190  2024                     694.8766558  684.70521  1.46%  1072 5612s
H 3191  1925                     694.8709201  684.70521  1.46%  1072 5612s
H 3192  1829                     694.8640976  684.70521  1.46%  1074 5612s
H 3193  1740                     694.8605577  684.70521  1.46%  1074 5612s
H 3218  1647                     694.8572346  684.70521  1.46%  1081 5612s
  3221  1666     cutoff   24       694.85723  684.70521  1.46%  1082 5958s
  3255  1684  689.23910   24 1641  694.85723  684.70521  1.46%  1086 6007s
  3302  1698  689.30785   25 1655  694.85723  684.70521  1.46%  1098 6045s
  3357  1713  690.06373   27 1696  694.85723  684.70521  1.46%  1106 6084s
  3431  1709  690.52369   30 1688  694.85723  684.70521  1.46%  1109 6124s
  3495  1716  691.59512   32 1668  694.85723  684.70521  1.46%  1122 6238s
  3562  1694  691.79359   34 1651  694.85723  684.70521  1.46%  1137 6324s
  3606  1748  691.79359   35 1649  694.85723  684.70521  1.46%  1140 6380s
  3695  1790  694.13042   39 1633  694.85723  684.70521  1.46%  1138 6429s
  3804  1785     cutoff   41       694.85723  684.70521  1.46%  1125 6511s
  3918  1790  688.65459   21 1632  694.85723  684.70521  1.46%  1122 6563s
  4014  1810  689.96254   23 1636  694.85723  684.70521  1.46%  1123 6593s
  4104  1821  693.48912   25 1585  694.85723  684.70521  1.46%  1126 6616s
  4219  1823  694.09865   28 1613  694.85723  684.70521  1.46%  1120 6635s
  4335  1840 infeasible   31       694.85723  684.70521  1.46%  1118 6649s
  4465  1853  688.46000   20 1710  694.85723  684.70521  1.46%  1112 6722s
  4583  1895  689.12342   21 1688  694.85723  684.70521  1.46%  1112 6777s
  4723  1852  691.79007   22 1617  694.85723  684.70521  1.46%  1107 6906s
  4764  1963  692.46066   23 1618  694.85723  684.70521  1.46%  1110 6939s
  4938  1998  694.27585   26 1628  694.85723  684.70521  1.46%  1094 7047s
  5127  2045     cutoff   27       694.85723  685.58522  1.33%  1080 7069s
  5336  2051  691.03401   22 1637  694.85723  685.58522  1.33%  1066 7124s
  5498  2044  691.47821   23 1667  694.85723  685.58522  1.33%  1060 7346s
H 5500  1962                     694.8572258  685.58522  1.33%  1060 7346s
H 5513  1881                     694.8566008  685.58522  1.33%  1060 7346s
H 5596  1780                     694.8565942  685.58522  1.33%  1058 7346s
  5600  1802  693.33650   26 1620  694.85659  685.58522  1.33%  1058 7740s
H 5611  1728                     694.8565480  685.58522  1.33%  1058 7740s
H 5617  1661                     694.8565473  685.58522  1.33%  1059 7740s
  5637  1785  693.66085   27 1593  694.85655  685.58522  1.33%  1060 7826s
  5862  1884     cutoff   29       694.85655  685.58522  1.33%  1045 7885s
  6123  1961     cutoff   32       694.85655  686.45908  1.21%  1023 7942s
  6396  1978  688.79344   23 1655  694.85655  686.45908  1.21%  1005 8379s
H 6412  1910                     694.8565466  686.45908  1.21%  1006 8379s
H 6437  1869                     694.8565456  686.45908  1.21%  1004 8380s
  6543  2101  691.03802   26 1644  694.85655  686.45908  1.21%   999 8471s
  6853  2322  693.22824   32 1665  694.85655  686.45908  1.21%   975 8563s
  7157  2645     cutoff   38       694.85655  686.81602  1.16%   953 8651s
  7533  3091  689.78178   24 1624  694.85655  686.81602  1.16%   924 8738s
  8088  3321  691.29396   26 1626  694.85655  686.81602  1.16%   881 8879s
  8407  3789  693.29927   29 1646  694.85655  686.81602  1.16%   867 8923s
  9002  4093  693.93797   83 1523  694.85655  686.81602  1.16%   830 9064s
  9457  4531  694.17491  100 1492  694.85655  686.81602  1.16%   812 9197s
 10054  5041  694.45618  141 1399  694.85655  686.81602  1.16%   784 9312s
 10711  5489  694.77975  184 1281  694.85655  686.81602  1.16%   756 9341s
 11331  5999  694.85138  229 1184  694.85655  688.21746  0.96%   734 9447s

Cutting planes:
  Learned: 37
  Gomory: 28
  Cover: 174
  Implied bound: 66
  Projected implied bound: 261
  Clique: 8
  MIR: 673
  StrongCG: 1
  Flow cover: 3640
  GUB cover: 6
  Zero half: 35
  RLT: 1689
  Relax-and-lift: 260

Explored 12037 nodes (8608182 simplex iterations) in 9447.81 seconds
Thread count was 32 (of 32 available processors)

Solution count 10: 694.857 694.857 694.857 ... 694.864

Optimal solution found (tolerance 1.00e-02)
Warning: max constraint violation (2.5395e-06) exceeds tolerance
Best objective 6.948565456488e+02, best bound 6.882174646242e+02, gap 0.9555%
