
Gurobi 9.1.0 (linux64) logging started Wed Aug 18 15:25:58 2021

Changed value of parameter LogFile to eab_parasitoid_1_1_area.log
   Prev:   Default: 
Changed value of parameter MIPGap to 0.01
   Prev: 0.0001  Min: 0.0  Max: inf  Default: 0.0001
Changed value of parameter Method to 2
   Prev: -1  Min: -1  Max: 5  Default: -1
Changed value of parameter MIPFocus to 2
   Prev: 0  Min: 0  Max: 3  Default: 0
Changed value of parameter RINS to 100
   Prev: -1  Min: -1  Max: 2000000000  Default: -1
Gurobi Optimizer version 9.1.0 build v9.1.0rc0 (linux64)
Thread count: 32 physical cores, 32 logical processors, using up to 32 threads
Optimize a model with 203386 rows, 134930 columns and 685029 nonzeros
Model fingerprint: 0x1a3b99b9
Variable types: 55774 continuous, 79156 integer (79156 binary)
Coefficient statistics:
  Matrix range     [2e-04, 6e+05]
  Objective range  [1e+00, 1e+00]
  Bounds range     [1e+00, 6e+03]
  RHS range        [1e-04, 6e+05]
Presolve removed 185996 rows and 120569 columns (presolve time = 5s) ...
Presolve removed 193701 rows and 127126 columns (presolve time = 10s) ...
Presolve removed 196044 rows and 128933 columns (presolve time = 15s) ...
Presolve removed 197356 rows and 129728 columns
Presolve time: 18.95s
Presolved: 6030 rows, 5202 columns, 81636 nonzeros
Variable types: 1947 continuous, 3255 integer (3255 binary)
Presolve removed 10 rows and 4 columns
Presolved: 6020 rows, 5198 columns, 81609 nonzeros

Root barrier log...

Ordering time: 0.54s

Barrier statistics:
 Dense cols : 76
 AA' NZ     : 3.054e+05
 Factor NZ  : 1.225e+06 (roughly 15 MBytes of memory)
 Factor Ops : 7.947e+08 (less than 1 second per iteration)
 Threads    : 31

                  Objective                Residual
Iter       Primal          Dual         Primal    Dual     Compl     Time
   0   3.36986892e+04 -6.43362738e+04  2.32e+04 8.91e-01  4.62e+02    21s
   1   2.35229016e+04 -7.52340455e+04  1.57e+04 2.50e+00  3.05e+02    22s
   2   3.49660982e+03 -7.85019919e+04  1.74e+03 8.17e-14  3.87e+01    22s
   3   9.67988889e+02 -4.93372148e+04  7.75e+01 1.55e-12  4.33e+00    22s
   4   8.53918743e+02 -8.54219234e+03  5.79e+00 1.17e-13  6.06e-01    22s
   5   7.75677200e+02 -1.25535994e+03  7.53e-06 2.80e-14  1.26e-01    22s
   6   6.94544381e+02  1.06242033e+02  2.60e-06 9.77e-15  3.64e-02    22s
   7   6.48942549e+02  4.69740258e+02  8.07e-07 1.11e-15  1.11e-02    22s
   8   6.38481627e+02  5.75530127e+02  3.91e-07 4.44e-16  3.90e-03    23s
   9   6.32285505e+02  6.04615411e+02  1.18e-07 8.88e-16  1.71e-03    23s
  10   6.30621345e+02  6.23396930e+02  4.93e-08 4.44e-16  4.47e-04    23s
  11   6.29889691e+02  6.26250147e+02  1.96e-08 8.88e-16  2.25e-04    23s
  12   6.29738166e+02  6.27933186e+02  1.32e-08 4.44e-16  1.12e-04    23s
  13   6.29605985e+02  6.28672993e+02  8.29e-09 4.44e-16  5.78e-05    23s
  14   6.29402239e+02  6.29309183e+02  4.07e-10 8.88e-16  5.76e-06    23s
  15   6.29388788e+02  6.29388316e+02  5.78e-13 8.88e-16  2.93e-08    24s
  16   6.29388763e+02  6.29388763e+02  5.50e-13 8.88e-16  2.93e-11    24s
  17   6.29388763e+02  6.29388763e+02  2.74e-13 8.88e-16  2.93e-14    24s

Barrier solved model in 17 iterations and 23.95 seconds
Optimal objective 6.29388763e+02


Root crossover log...

     107 DPushes remaining with DInf 0.0000000e+00                24s

    4528 PPushes remaining with PInf 0.0000000e+00                24s
       0 PPushes remaining with PInf 0.0000000e+00                24s

  Push phase complete: Pinf 0.0000000e+00, Dinf 0.0000000e+00     24s


Root simplex log...

Iteration    Objective       Primal Inf.    Dual Inf.      Time
    4531    6.2938876e+02   0.000000e+00   0.000000e+00     24s
    4531    6.2938876e+02   0.000000e+00   0.000000e+00     24s

Root relaxation: objective 6.293888e+02, 4531 iterations, 4.68 seconds
Total elapsed time = 26.88s

    Nodes    |    Current Node    |     Objective Bounds      |     Work
 Expl Unexpl |  Obj  Depth IntInf | Incumbent    BestBd   Gap | It/Node Time

     0     0  629.38876    0  109          -  629.38876      -     -   28s
     0     0  629.38876    0  283          -  629.38876      -     -   30s
     0     0  629.38876    0  271          -  629.38876      -     -   31s
     0     0  629.38887    0  410          -  629.38887      -     -   35s
     0     0  629.38971    0  406          -  629.38971      -     -   36s
     0     0  629.38981    0  404          -  629.38981      -     -   36s
     0     0  629.40103    0  541          -  629.40103      -     -   41s
     0     0  629.40824    0  531          -  629.40824      -     -   42s
     0     0  629.40857    0  551          -  629.40857      -     -   42s
     0     0  629.40866    0  552          -  629.40866      -     -   43s
     0     0  630.42562    0  500          -  630.42562      -     -   48s
     0     0  630.42815    0  503          -  630.42815      -     -   49s
     0     0  630.42852    0  510          -  630.42852      -     -   49s
     0     0  630.42854    0  515          -  630.42854      -     -   50s
     0     0  630.44191    0  491          -  630.44191      -     -   52s
     0     0  630.44248    0  497          -  630.44248      -     -   53s
     0     0  630.44271    0  516          -  630.44271      -     -   53s
     0     0  630.44871    0  523          -  630.44871      -     -   57s
     0     0  630.45047    0  519          -  630.45047      -     -   58s
     0     0  630.45098    0  530          -  630.45098      -     -   58s
     0     0  630.45106    0  545          -  630.45106      -     -   58s
     0     0  630.45481    0  543          -  630.45481      -     -   64s
     0     0  630.45834    0  544          -  630.45834      -     -   67s
     0     0  630.45930    0  539          -  630.45930      -     -   68s
     0     0  630.45944    0  549          -  630.45944      -     -   68s
     0     0  630.46041    0  544          -  630.46041      -     -   71s
     0     0  630.46046    0  536          -  630.46046      -     -   72s
H    0     0                     719.8742954  630.46046  12.4%     -   74s
H    0     0                     719.8742855  630.46046  12.4%     -   74s
     0     0  630.46095    0  536  719.87429  630.46095  12.4%     -   75s
     0     0  630.46098    0  533  719.87429  630.46098  12.4%     -   76s
     0     0  630.46128    0  543  719.87429  630.46128  12.4%     -   81s
     0     0  630.46128    0  543  719.87429  630.46128  12.4%     -   84s
H    0     0                     697.7572863  631.46725  9.50%     -   97s
     0     2  631.46725    0  543  697.75729  631.46725  9.50%     -   99s
     1     2 infeasible    1       697.75729  631.46725  9.50%  2814  102s
     3     4  632.43676    2  504  697.75729  631.46725  9.50%  1766  105s
     5     4 infeasible    3       697.75729  632.26864  9.39%  2202  111s
     9     6  634.46316    4  504  697.75729  633.43222  9.22%  2074  118s
    13     8  634.49577    5  503  697.75729  634.46316  9.07%  2731  140s
    19    16  635.44324    6  418  697.75729  634.49577  9.07%  2401  147s
    27    26  636.03063    7  452  697.75729  635.44160  8.93%  2270  156s
    43    46 infeasible    8       697.75729  636.02899  8.85%  2038  179s
H   69    70                     694.7441230  636.45033  8.39%  1838  204s
H   81    70                     694.7357398  636.45340  8.39%  1783  204s
H   86    70                     692.7275184  636.45340  8.12%  1732  204s
   101   100  637.61685   10  413  692.72752  636.45340  8.12%  1831  249s
H  133   126                     670.6290891  636.46447  5.09%  1787  283s
H  149   126                     670.6269395  636.46447  5.09%  1683  283s
H  161   126                     668.5983137  636.46447  4.81%  1630  283s
   165   157  637.68914   12  394  668.59831  636.46447  4.81%  1630  302s
H  166   157                     655.5299945  636.46447  2.91%  1620  302s
H  174   157                     655.5277836  636.46447  2.91%  1604  302s
H  180   157                     654.5291433  636.46447  2.76%  1621  302s
H  181   157                     646.4913426  636.46447  1.55%  1618  302s
   198   187  637.70668   13  349  646.49134  636.46447  1.55%  1592  330s
H  200   187                     645.4855782  636.46447  1.40%  1584  330s
   230   218  637.92402   14  420  645.48558  636.46447  1.40%  1542  351s
   273   243  638.44242   15  349  645.48558  636.46447  1.40%  1456  376s
   317   266  638.70746   16  354  645.48558  636.46447  1.40%  1419  788s
   366   285  639.20381   18  376  645.48558  636.46447  1.40%  1489  820s
   429   322  639.55819   21  373  645.48558  636.46447  1.40%  1435  879s
   496   352  640.75675   20  423  645.48558  636.46447  1.40%  1344  898s
   565   386 infeasible   22       645.48558  636.46643  1.40%  1304  960s
   645   415  637.61529   11  362  645.48558  636.46643  1.40%  1290 1049s
   716   474  637.65178   12  350  645.48558  636.46643  1.40%  1258 1133s
H  799   495                     641.4579342  636.46643  0.78%  1223 1491s
H  817   495                     640.4597180  636.46643  0.62%  1238 1491s
H  833   495                     640.4567383  636.46643  0.62%  1239 1491s

Cutting planes:
  Learned: 61
  Gomory: 67
  Cover: 209
  Implied bound: 502
  Projected implied bound: 30
  Clique: 70
  MIR: 1730
  StrongCG: 6
  Flow cover: 4347
  GUB cover: 13
  Zero half: 23
  RLT: 3158
  Relax-and-lift: 267

Explored 836 nodes (1063162 simplex iterations) in 1492.08 seconds
Thread count was 32 (of 32 available processors)

Solution count 10: 640.457 640.46 641.458 ... 670.627

Optimal solution found (tolerance 1.00e-02)
Best objective 6.404567383241e+02, best bound 6.364664269567e+02, gap 0.6230%

Gurobi 9.1.0 (linux64) logging started Fri Aug 20 12:49:02 2021

Changed value of parameter LogFile to eab_parasitoid_1_1_area.log
   Prev:   Default: 
Changed value of parameter MIPGap to 0.01
   Prev: 0.0001  Min: 0.0  Max: inf  Default: 0.0001
Changed value of parameter Method to 2
   Prev: -1  Min: -1  Max: 5  Default: -1
Changed value of parameter MIPFocus to 2
   Prev: 0  Min: 0  Max: 3  Default: 0
Changed value of parameter RINS to 100
   Prev: -1  Min: -1  Max: 2000000000  Default: -1
Changed value of parameter SolutionLimit to 1
   Prev: 2000000000  Min: 1  Max: 2000000000  Default: 2000000000
Gurobi Optimizer version 9.1.0 build v9.1.0rc0 (linux64)
Thread count: 32 physical cores, 32 logical processors, using up to 32 threads
Optimize a model with 203386 rows, 134930 columns and 685029 nonzeros
Model fingerprint: 0xd47e70e0
Variable types: 55774 continuous, 79156 integer (79156 binary)
Coefficient statistics:
  Matrix range     [2e-04, 6e+05]
  Objective range  [1e+00, 1e+00]
  Bounds range     [1e+00, 6e+03]
  RHS range        [1e-04, 6e+05]

User MIP start produced solution with objective 640.49 (3.00s)
Loaded user MIP start with objective 640.49
Processed MIP start in 3.02 seconds


Explored 0 nodes (0 simplex iterations) in 3.04 seconds
Thread count was 1 (of 32 available processors)

Solution count 2: 640.49 

Solution limit reached
Warning: max constraint violation (2.6150e-06) exceeds tolerance
Warning: max bound violation (6.8156e-06) exceeds tolerance
Best objective 6.404895007091e+02, best bound -, gap -
