
Gurobi 9.1.0 (linux64) logging started Wed Aug  4 15:23:25 2021

Changed value of parameter LogFile to eab_parasitoid_0_1_0.4_bud.log
   Prev:   Default: 
Changed value of parameter MIPGap to 0.01
   Prev: 0.0001  Min: 0.0  Max: inf  Default: 0.0001
Changed value of parameter Method to 2
   Prev: -1  Min: -1  Max: 5  Default: -1
Changed value of parameter MIPFocus to 2
   Prev: 0  Min: 0  Max: 3  Default: 0
Changed value of parameter RINS to 100
   Prev: -1  Min: -1  Max: 2000000000  Default: -1
Gurobi Optimizer version 9.1.0 build v9.1.0rc0 (linux64)
Thread count: 32 physical cores, 32 logical processors, using up to 32 threads
Optimize a model with 203396 rows, 134935 columns and 685039 nonzeros
Model fingerprint: 0x3ab2f3de
Variable types: 55779 continuous, 79156 integer (79156 binary)
Coefficient statistics:
  Matrix range     [2e-04, 1e+06]
  Objective range  [1e-06, 1e-01]
  Bounds range     [1e+00, 6e+03]
  RHS range        [1e-04, 1e+06]
Presolve removed 158376 rows and 102577 columns (presolve time = 5s) ...
Presolve removed 180150 rows and 114783 columns (presolve time = 10s) ...
Presolve removed 188201 rows and 122693 columns (presolve time = 15s) ...
Presolve removed 189750 rows and 123702 columns (presolve time = 20s) ...
Presolve removed 190790 rows and 124481 columns (presolve time = 25s) ...
Presolve removed 192179 rows and 125921 columns (presolve time = 30s) ...
Presolve removed 192959 rows and 126481 columns (presolve time = 35s) ...
Presolve removed 193263 rows and 126720 columns
Presolve time: 37.46s
Presolved: 10133 rows, 8215 columns, 134620 nonzeros
Variable types: 3453 continuous, 4762 integer (4759 binary)
Presolve removed 36 rows and 33 columns
Presolved: 10097 rows, 8182 columns, 134473 nonzeros

Root barrier log...

Ordering time: 1.18s

Barrier statistics:
 Dense cols : 141
 AA' NZ     : 5.895e+05
 Factor NZ  : 2.865e+06 (roughly 30 MBytes of memory)
 Factor Ops : 2.474e+09 (less than 1 second per iteration)
 Threads    : 31

                  Objective                Residual
Iter       Primal          Dual         Primal    Dual     Compl     Time
   0   2.25953106e+03 -2.19693848e+04  5.87e+04 1.20e-01  1.22e+02    42s
   1   1.86227964e+03 -2.67733026e+04  3.97e+04 4.23e-01  7.91e+01    42s
   2   8.87807366e+02 -2.57336110e+04  3.57e+03 1.85e-14  8.22e+00    42s
   3   7.46460632e+02 -1.61266204e+04  3.23e+02 2.91e-13  1.22e+00    42s
   4   6.97091583e+02 -5.79076642e+03  1.42e+02 8.53e-14  3.92e-01    42s
   5   6.24739898e+02 -2.33420453e+03  2.95e+01 2.31e-14  1.36e-01    42s
   6   6.02595244e+02 -1.15153715e+03  5.22e+00 1.95e-14  7.22e-02    43s
   7   5.92426878e+02  2.41138557e+02  4.76e-01 7.55e-15  1.37e-02    43s
   8   5.86080543e+02  4.51286599e+02  1.09e-01 1.78e-15  5.22e-03    43s
   9   5.83252595e+02  5.35394548e+02  3.97e-03 1.46e-15  1.85e-03    43s
  10   5.82079609e+02  5.51024896e+02  1.09e-04 7.45e-16  1.20e-03    43s
  11   5.81744703e+02  5.56058346e+02  8.79e-05 5.74e-16  9.91e-04    43s
  12   5.81055513e+02  5.65573092e+02  5.37e-05 4.12e-16  5.97e-04    44s
  13   5.80521051e+02  5.70733099e+02  3.07e-05 4.44e-16  3.78e-04    44s
  14   5.80048624e+02  5.75284495e+02  1.57e-05 9.44e-16  1.84e-04    44s
  15   5.79825967e+02  5.78149624e+02  9.55e-06 3.33e-16  6.47e-05    45s
  16   5.79636925e+02  5.78690087e+02  5.28e-06 4.44e-16  3.65e-05    45s
  17   5.79495461e+02  5.79028488e+02  2.49e-06 2.22e-16  1.80e-05    45s
  18   5.79478344e+02  5.79124596e+02  2.16e-06 3.33e-16  1.36e-05    45s
  19   5.79442073e+02  5.79175318e+02  1.40e-06 2.22e-16  1.03e-05    45s
  20   5.79417107e+02  5.79273303e+02  9.09e-07 4.44e-16  5.55e-06    46s
  21   5.79388976e+02  5.79326137e+02  3.23e-07 8.88e-16  2.42e-06    46s
  22   5.79380993e+02  5.79346328e+02  1.64e-07 2.22e-16  1.34e-06    46s
  23   5.79377194e+02  5.79351697e+02  8.50e-08 4.44e-16  9.84e-07    47s
  24   5.79374386e+02  5.79366074e+02  3.03e-08 2.22e-16  3.21e-07    47s
  25   5.79374078e+02  5.79367991e+02  2.45e-08 4.44e-16  2.35e-07    47s
  26   5.79373233e+02  5.79369165e+02  8.33e-09 2.22e-16  1.57e-07    47s
  27   5.79373080e+02  5.79371488e+02  5.53e-09 4.44e-16  6.14e-08    47s
  28   5.79372878e+02  5.79372531e+02  1.71e-09 4.44e-16  1.34e-08    48s
  29   5.79372827e+02  5.79372648e+02  7.53e-10 4.44e-16  6.89e-09    48s
  30   5.79372801e+02  5.79372709e+02  2.78e-10 3.33e-16  3.54e-09    48s
  31   5.79372791e+02  5.79372755e+02  9.94e-11 4.16e-16  1.40e-09    48s
  32   5.79372790e+02  5.79372765e+02  6.97e-11 6.00e-16  9.47e-10    49s
  33   5.79372787e+02  5.79372774e+02  2.86e-11 4.44e-16  4.89e-10    49s
  34   5.79372786e+02  5.79372778e+02  1.05e-11 1.11e-16  2.88e-10    49s
  35   5.79372786e+02  5.79372783e+02  7.32e-12 5.75e-15  1.21e-10    49s

Barrier solved model in 35 iterations and 49.21 seconds
Optimal objective 5.79372786e+02


Root crossover log...

     737 DPushes remaining with DInf 0.0000000e+00                49s
       0 DPushes remaining with DInf 0.0000000e+00                49s

    3930 PPushes remaining with PInf 0.0000000e+00                49s
       0 PPushes remaining with PInf 0.0000000e+00                50s

  Push phase complete: Pinf 0.0000000e+00, Dinf 5.1537829e-01     50s


Root simplex log...

Iteration    Objective       Primal Inf.    Dual Inf.      Time
    4466    5.7937279e+02   0.000000e+00   5.153783e-01     50s
    4481    5.7937279e+02   0.000000e+00   0.000000e+00     50s
    4481    5.7937279e+02   0.000000e+00   0.000000e+00     50s

Root relaxation: objective 5.793728e+02, 4481 iterations, 11.45 seconds

    Nodes    |    Current Node    |     Objective Bounds      |     Work
 Expl Unexpl |  Obj  Depth IntInf | Incumbent    BestBd   Gap | It/Node Time

     0     0  593.22150    0 2290          -  593.22150      -     -   53s
     0     0  639.00635    0 2346          -  639.00635      -     -   70s
     0     0  639.61809    0 2448          -  639.61809      -     -   91s
     0     0  639.70852    0 2415          -  639.70852      -     -  106s
     0     0  639.71003    0 2424          -  639.71003      -     -  108s
     0     0  646.62182    0 2451          -  646.62182      -     -  213s
H    0     0                     723.0286487  646.62182  10.6%     -  303s
H    0     0                     723.0062740  646.62182  10.6%     -  303s
     0     0  647.02199    0 2457  723.00627  647.02199  10.5%     -  303s
H    0     0                     722.8853064  647.02199  10.5%     -  320s
H    0     0                     722.7023030  647.02199  10.5%     -  320s
     0     0  647.14724    0 2297  722.70230  647.14724  10.5%     -  320s
     0     0  647.18722    0 2265  722.70230  647.18722  10.4%     -  333s
     0     0  647.18843    0 2263  722.70230  647.18843  10.4%     -  336s
     0     0  655.85322    0 2125  722.70230  655.85322  9.25%     -  367s
     0     0  656.04327    0 2150  722.70230  656.04327  9.22%     -  389s
     0     0  656.16948    0 2166  722.70230  656.16948  9.21%     -  409s
     0     0  656.18521    0 2183  722.70230  656.18521  9.20%     -  415s
     0     0  665.26809    0 2113  722.70230  665.26809  7.95%     -  458s
H    0     0                     722.6687922  665.26809  7.94%     -  460s
     0     0  665.44319    0 2067  722.66879  665.44319  7.92%     -  481s
H    0     0                     696.9332956  665.44319  4.52%     -  488s
     0     0  665.46117    0 2094  696.93330  665.46117  4.52%     -  489s
     0     0  671.58875    0 2060  696.93330  671.58875  3.64%     -  559s
     0     0  672.92094    0 2065  696.93330  672.92094  3.45%     -  638s
     0     0  672.94653    0 2076  696.93330  672.94653  3.44%     -  658s
     0     0  680.88860    0 2062  696.93330  680.88860  2.30%     -  698s
     0     0  681.06500    0 2057  696.93330  681.06500  2.28%     -  714s
     0     0  681.11689    0 2076  696.93330  681.11689  2.27%     -  747s
     0     0  681.35709    0 2032  696.93330  681.35709  2.23%     -  774s
     0     0  681.35709    0 2028  696.93330  681.35709  2.23%     -  780s
     0     2  681.35709    0 2028  696.93330  681.35709  2.23%     -  874s
     1     4  685.44103    1 1983  696.93330  681.35856  2.23%  2263  878s
     3     8  691.27151    2 2069  696.93330  681.58041  2.20%  2354  894s
     7    12     cutoff    3       696.93330  682.37650  2.09%  2974  928s
    15    24  682.64127    4 1857  696.93330  682.64127  2.05%  2994  939s
    27    40  682.90297    5 1890  696.93330  682.65150  2.05%  3287 1401s
    51    72  686.07838    6 1912  696.93330  682.90297  2.01%  3258 1452s
    83   104  686.22304    7 1870  696.93330  683.00889  2.00%  3413 1541s
   115   136  686.49516    8 1877  696.93330  683.00889  2.00%  3670 1749s
   147   164  686.80361    9 1834  696.93330  683.00889  2.00%  3384 3104s
H  149   164                     695.4474567  683.00889  1.79%  3358 3104s
H  150   164                     695.2334012  683.00889  1.76%  3353 3104s
H  163   164                     695.1925383  683.00889  1.75%  3299 3104s
H  179   191                     695.1416138  683.00889  1.75%  3177 3245s
H  180   191                     695.1273328  683.00889  1.74%  3171 3245s
H  181   191                     695.1212175  683.00889  1.74%  3161 3245s
H  212   218                     695.1166994  683.00889  1.74%  2970 5112s
H  244   244                     695.1145008  683.00889  1.74%  2819 5314s
H  247   244                     695.1058864  683.00889  1.74%  2814 5314s
H  262   244                     695.1019626  683.00889  1.74%  2779 5314s
   278   284  690.83956   13 1819  695.10196  683.00889  1.74%  2764 5504s
   330   334  691.42475   15 1796  695.10196  683.00889  1.74%  2636 5731s
   404   370  692.08610   18 1795  695.10196  683.00889  1.74%  2477 5869s
   478   413  693.32186   20 1808  695.10196  683.00889  1.74%  2322 6223s
   553   450     cutoff   23       695.10196  683.00889  1.74%  2246 6492s
   634   493  694.35401   22 1796  695.10196  683.00889  1.74%  2155 6710s
   715   520     cutoff   24       695.10196  683.01545  1.74%  2080 7090s
   801   558  684.80508    8 1842  695.10196  683.01545  1.74%  2029 7339s
   887   619  685.10920   10 1838  695.10196  683.01545  1.74%  1980 7833s
   974   700  685.51946   12 1824  695.10196  683.01545  1.74%  1942 8072s
  1081   762  686.11256   14 1786  695.10196  683.01545  1.74%  1873 8225s
  1181   862  687.57189   16 1824  695.10196  683.01545  1.74%  1808 8375s
  1328   976  687.87628   19 1796  695.10196  683.01545  1.74%  1718 8564s
  1464  1088  689.39408   22 1769  695.10196  683.01545  1.74%  1646 8859s
H 1621  1126                     695.1019621  683.01545  1.74%  1575 9144s
H 1622  1126                     695.1019615  683.01545  1.74%  1574 9144s
H 1625  1126                     695.0998937  683.01545  1.74%  1576 9144s
H 1626  1126                     695.0989302  683.01545  1.74%  1577 9144s
  1682  1243  690.72666   27 1739  695.09893  683.01545  1.74%  1554 9344s
  1840  1377  693.21485   36 1685  695.09893  683.01545  1.74%  1501 9602s
  2030  1523  693.77500   48 1705  695.09893  683.01545  1.74%  1431 9751s
  2232  1670  694.68304   61 1657  695.09893  683.01545  1.74%  1368 9956s
  2448  1803     cutoff   73       695.09893  683.44207  1.68%  1313 10161s
  2658  1920  684.81570    8 1823  695.09893  683.44207  1.68%  1274 10407s
  2843  2059  684.88369   12 1832  695.09893  683.44207  1.68%  1253 10591s
H 3013  2059                     695.0925929  683.44207  1.68%  1241 11978s
  3014  2060  694.30007   46 2028  695.09259  683.44207  1.68%  1240 12083s
H 3015  1957                     695.0925654  683.44207  1.68%  1240 12101s
  3017  1958  693.84929   22 2305  695.09257  683.44207  1.68%  1239 12125s
  3018  1959  687.36561   20 2241  695.09257  683.44207  1.68%  1239 12145s
  3019  1959  694.78045   55 2131  695.09257  683.44207  1.68%  1238 12177s
  3020  1960  690.43091   17 2047  695.09257  683.44207  1.68%  1238 12182s
  3021  1961  694.49982   23 1959  695.09257  683.44207  1.68%  1238 12192s
  3022  1961  689.77048   25 1887  695.09257  683.44207  1.68%  1237 12205s
  3023  1962  693.65132  100 1827  695.09257  683.44207  1.68%  1237 12232s
  3024  1963  693.47948   52 1870  695.09257  683.44207  1.68%  1236 12251s
  3025  1963  687.83085   13 1921  695.09257  683.44207  1.68%  1236 12260s
  3026  1964  693.91746   17 1941  695.09257  683.44207  1.68%  1236 12306s
  3027  1965  691.98590   54 1918  695.09257  683.44207  1.68%  1235 12313s
H 3027  1867                     695.0925612  683.44207  1.68%  1235 12324s
  3028  1867  688.62948   18 1953  695.09256  683.44207  1.68%  1235 12325s
  3029  1868  689.23008   23 1950  695.09256  683.44207  1.68%  1234 12341s
  3030  1869  693.56338   33 1965  695.09256  683.44207  1.68%  1234 12353s
H 3030  1775                     695.0925603  683.44207  1.68%  1234 12444s
H 3030  1686                     695.0925579  683.44207  1.68%  1234 12444s
  3031  1686  694.38645   40 1892  695.09256  683.44207  1.68%  1234 12481s
  3032  1687  689.08470   14 1905  695.09256  683.44207  1.68%  1233 12490s
H 3032  1603                     695.0925090  683.44207  1.68%  1233 12504s
  3033  1604  694.17714   36 1874  695.09251  683.44207  1.68%  1233 12505s
H 3033  1523                     695.0925061  683.44207  1.68%  1233 12509s
  3034  1523  692.16196    8 1862  695.09251  683.71644  1.64%  1232 12510s
  3037  1525  692.09686   27 1902  695.09251  683.75788  1.63%  1231 12526s
  3038  1526  694.37799   49 1852  695.09251  683.81011  1.62%  1231 12638s
  3039  1527  693.43941   35 1863  695.09251  684.67389  1.50%  1230 12659s
  3040  1527  693.03686   21 1913  695.09251  684.67770  1.50%  1230 12675s
  3042  1529  688.77945   22 1910  695.09251  684.99527  1.45%  1229 12683s
  3043  1529  693.82710   34 1919  695.09251  685.04297  1.45%  1229 12697s
  3044  1530  694.42631   28 1919  695.09251  685.31937  1.41%  1228 12703s
  3045  1531  686.07838    7 1910  695.09251  685.38682  1.40%  1228 12721s
H 3045  1454                     695.0925059  685.58615  1.37%  1228 12761s
  3048  1456  692.85673   18 1918  695.09251  685.74882  1.34%  1227 12808s
  3049  1456  688.18591   12 1909  695.09251  685.92489  1.32%  1226 12961s
  3050  1457  694.90424   67 1892  695.09251  686.04742  1.30%  1226 12992s
  3051  1458  689.96747   27 1895  695.09251  686.11601  1.29%  1225 13079s
H 3051  1384                     695.0925049  686.11601  1.29%  1225 13125s
  3053  1385  691.95995   10 1877  695.09250  686.11601  1.29%  1225 13198s
  3054  1386  686.53371   17 1853  695.09250  686.11601  1.29%  1224 13293s
  3055  1386  691.57980   27 1834  695.09250  686.11601  1.29%  1224 13365s
  3056  1387  694.93274   37 1852  695.09250  686.11601  1.29%  1223 13468s
  3057  1388  690.41054   21 1850  695.09250  686.11601  1.29%  1223 13499s
H 3057  1318                     695.0925040  686.11601  1.29%  1223 13507s
  3058  1318  693.46251   34 1850  695.09250  686.11601  1.29%  1223 14098s
  3059  1322  686.11601   15 1806  695.09250  686.11601  1.29%  1252 14813s
  3061  1325  686.11601   16 1842  695.09250  686.11601  1.29%  1253 15470s
  3065  1332  686.11601   17 1892  695.09250  686.11601  1.29%  1256 16698s
  3073  1343  689.52997   18 1900  695.09250  686.11601  1.29%  1264 16750s
  3089  1366  693.76773   19 1908  695.09250  686.11601  1.29%  1274 16854s
H 3092  1299                     695.0925036  686.11601  1.29%  1276 16854s
H 3100  1232                     695.0925029  686.11601  1.29%  1288 16854s
  3111  1229  686.11601   19 1912  695.09250  686.11601  1.29%  1306 16855s
H 3118  1166                     695.0925028  686.11601  1.29%  1310 16855s
  3119  1196     cutoff   20       695.09250  686.11601  1.29%  1313 16997s
H 3151  1153                     695.0925026  686.11601  1.29%  1333 18888s
H 3160  1096                     695.0905793  686.11601  1.29%  1340 18888s
  3183  1117  688.81756   22 1824  695.09058  686.11601  1.29%  1360 19018s
  3215  1126  690.73417   23 1715  695.09058  686.11601  1.29%  1386 19163s
H 3217  1073                     695.0838411  686.11601  1.29%  1386 19163s
H 3241  1016                     695.0813350  686.11601  1.29%  1404 19163s
  3247  1044  690.79014   24 1703  695.08133  686.11601  1.29%  1408 19335s
  3291  1065  691.38457   26 1697  695.08133  686.11601  1.29%  1426 19537s
  3342  1080  691.77258   28 1734  695.08133  686.11601  1.29%  1440 19642s
  3392  1086  693.50380   30 1747  695.08133  686.11601  1.29%  1459 19722s
  3441  1098  694.31994   32 1745  695.08133  686.11601  1.29%  1475 19790s
  3501  1105     cutoff   34       695.08133  686.11601  1.29%  1486 19939s
  3564  1107  691.31477   26 1841  695.08133  686.11601  1.29%  1499 20088s
  3633  1108  693.55252   28 1761  695.08133  686.11601  1.29%  1513 20233s
  3699  1112     cutoff   30       695.08133  686.11601  1.29%  1521 21545s
H 3703  1063                     695.0785399  686.11601  1.29%  1522 21545s
H 3744  1006                     695.0785390  686.11601  1.29%  1529 21546s
  3759  1015     cutoff   28       695.07854  686.11601  1.29%  1537 21691s
H 3762   972                     695.0760160  686.11601  1.29%  1538 21691s
H 3775   927                     695.0750696  686.11601  1.29%  1545 21691s
H 3798   882                     695.0747663  686.11601  1.29%  1547 21691s
  3804   948  693.52003   21 1791  695.07477  686.11601  1.29%  1549 21788s
  3908   979  694.44545   22 1760  695.07477  686.11601  1.29%  1549 22024s
  4029  1017     cutoff   23       695.07477  686.11601  1.29%  1539 22192s
  4150  1052  693.66497   21 1923  695.07477  686.11601  1.29%  1535 22552s
  4290  1076  694.02288   22 1899  695.07477  686.11601  1.29%  1524 22810s
  4418  1098     cutoff   23       695.07477  686.11601  1.29%  1518 22933s
  4555  1133  693.57325   46 1670  695.07477  686.11601  1.29%  1514 23088s
  4734  1162  694.19407   56 1652  695.07477  686.11601  1.29%  1496 23325s
  4898  1151  694.99841   67 1648  695.07477  686.11601  1.29%  1482 24093s
H 4900  1114                     695.0747478  686.11601  1.29%  1482 24093s
H 4965  1059                     695.0747468  686.11601  1.29%  1485 24094s
  4986  1186  695.01462   70 1636  695.07475  686.11601  1.29%  1486 24330s
  5170  1341  692.77961   21 1739  695.07475  686.11601  1.29%  1470 24510s
H 5377  1477                     695.0747467  686.11601  1.29%  1448 24687s
H 5379  1477                     695.0730249  686.11601  1.29%  1449 24687s
H 5395  1477                     695.0715140  686.11601  1.29%  1448 24687s
  5581  1643  694.19216   24 1719  695.07151  686.11601  1.29%  1421 24771s
  5852  1858  694.55674   24 1724  695.07151  686.11601  1.29%  1388 24974s
  6085  1858  694.26412   37 1737  695.07151  686.11601  1.29%  1357 24975s
  6175  2181  694.07657   93 1601  695.07151  686.11601  1.29%  1345 25279s
  6289  2181  690.37127   25 1798  695.07151  686.11601  1.29%  1327 25280s
  6535  2363  694.15488  112 1572  695.07151  686.11601  1.29%  1291 25501s
  6872  2554  694.91848  130 1431  695.07151  686.11601  1.29%  1256 25768s
  7184  2711  694.97957  153 1371  695.07151  686.11601  1.29%  1234 26115s
H 7200  2710                     695.0714292  686.11601  1.29%  1232 26115s
  7416  2987  695.00497  170 1325  695.07143  686.11601  1.29%  1223 26329s
  7615  2987     cutoff   37       695.07143  686.11601  1.29%  1201 26330s
  7832  3265  695.04346  198 1279  695.07143  687.30893  1.12%  1183 26449s
  8220  3515  691.46328   21 1879  695.07143  687.30893  1.12%  1151 26536s
  8552  3756  693.88404   23 1763  695.07143  687.30893  1.12%  1130 26719s
  8907  4051     cutoff   25       695.07143  687.30893  1.12%  1111 27081s
  9308  4497 infeasible   40       695.07143  688.54943  0.94%  1091 27625s

Cutting planes:
  Learned: 33
  Gomory: 33
  Cover: 152
  Implied bound: 65
  Projected implied bound: 283
  Clique: 13
  MIR: 696
  Flow cover: 3605
  GUB cover: 5
  Zero half: 32
  RLT: 1403
  Relax-and-lift: 246

Explored 9864 nodes (10457594 simplex iterations) in 27626.80 seconds
Thread count was 32 (of 32 available processors)

Solution count 10: 695.071 695.072 695.073 ... 695.079

Optimal solution found (tolerance 1.00e-02)
Warning: max constraint violation (2.5736e-06) exceeds tolerance
Best objective 6.950714291659e+02, best bound 6.885494268258e+02, gap 0.9383%

Gurobi 9.1.0 (linux64) logging started Thu Aug 19 21:05:05 2021

Changed value of parameter LogFile to eab_parasitoid_0_1_0.4_bud.log
   Prev:   Default: 
Changed value of parameter MIPGap to 0.01
   Prev: 0.0001  Min: 0.0  Max: inf  Default: 0.0001
Changed value of parameter Method to 2
   Prev: -1  Min: -1  Max: 5  Default: -1
Changed value of parameter MIPFocus to 2
   Prev: 0  Min: 0  Max: 3  Default: 0
Changed value of parameter RINS to 100
   Prev: -1  Min: -1  Max: 2000000000  Default: -1
Changed value of parameter SolutionLimit to 1
   Prev: 2000000000  Min: 1  Max: 2000000000  Default: 2000000000
Gurobi Optimizer version 9.1.0 build v9.1.0rc0 (linux64)
Thread count: 32 physical cores, 32 logical processors, using up to 32 threads
Optimize a model with 203396 rows, 134935 columns and 685039 nonzeros
Model fingerprint: 0x02039dcf
Variable types: 55779 continuous, 79156 integer (79156 binary)
Coefficient statistics:
  Matrix range     [2e-04, 1e+06]
  Objective range  [1e-06, 1e-01]
  Bounds range     [1e+00, 6e+03]
  RHS range        [1e-04, 1e+06]

User MIP start produced solution with objective 695.233 (8.65s)
User MIP start produced solution with objective 695.174 (8.71s)
User MIP start produced solution with objective 695.071 (9.24s)
Loaded user MIP start with objective 695.071
Processed MIP start in 9.27 seconds


Explored 0 nodes (0 simplex iterations) in 9.33 seconds
Thread count was 1 (of 32 available processors)

Solution count 4: 695.071 

Solution limit reached
Best objective 6.950714060501e+02, best bound -, gap -
