
Gurobi 9.1.0 (linux64) logging started Mon Aug 16 08:13:12 2021

Changed value of parameter LogFile to eab_parasitoid0_0_0.8_bud_area.log
   Prev:   Default: 
Changed value of parameter MIPGap to 0.01
   Prev: 0.0001  Min: 0.0  Max: inf  Default: 0.0001
Changed value of parameter Method to 2
   Prev: -1  Min: -1  Max: 5  Default: -1
Changed value of parameter MIPFocus to 2
   Prev: 0  Min: 0  Max: 3  Default: 0
Changed value of parameter RINS to 100
   Prev: -1  Min: -1  Max: 2000000000  Default: -1
Gurobi Optimizer version 9.1.0 build v9.1.0rc0 (linux64)
Thread count: 32 physical cores, 32 logical processors, using up to 32 threads
Optimize a model with 203396 rows, 134935 columns and 685039 nonzeros
Model fingerprint: 0xc32504a3
Variable types: 55779 continuous, 79156 integer (79156 binary)
Coefficient statistics:
  Matrix range     [2e-04, 1e+06]
  Objective range  [1e+00, 1e+00]
  Bounds range     [1e+00, 6e+03]
  RHS range        [1e-04, 1e+06]
Presolve removed 186055 rows and 121127 columns (presolve time = 5s) ...
Presolve removed 194352 rows and 127691 columns (presolve time = 10s) ...
Presolve removed 197494 rows and 130004 columns (presolve time = 15s) ...
Presolve removed 198186 rows and 130469 columns
Presolve time: 17.53s
Presolved: 5210 rows, 4466 columns, 71244 nonzeros
Variable types: 1871 continuous, 2595 integer (2595 binary)
Presolve removed 7 rows and 4 columns
Presolved: 5203 rows, 4462 columns, 71202 nonzeros

Root barrier log...

Ordering time: 0.35s

Barrier statistics:
 Dense cols : 94
 AA' NZ     : 2.495e+05
 Factor NZ  : 1.027e+06 (roughly 12 MBytes of memory)
 Factor Ops : 6.039e+08 (less than 1 second per iteration)
 Threads    : 31

                  Objective                Residual
Iter       Primal          Dual         Primal    Dual     Compl     Time
   0   1.42749572e+04 -3.29735170e+05  6.34e+03 7.69e-01  1.33e+03    19s
   1   4.93786771e+03 -4.01454113e+05  1.79e+03 1.39e+01  3.90e+02    19s
   2   1.26955503e+03 -3.27893052e+05  1.33e+02 1.33e-12  4.69e+01    19s
   3   1.02672101e+03 -1.47569555e+05  2.68e+01 3.69e-13  1.35e+01    19s
   4   9.75214150e+02 -2.21751362e+04  1.23e+00 2.18e-13  1.71e+00    19s
   5   9.62142961e+02 -1.82005525e+03  1.34e-05 8.04e-14  2.01e-01    19s
   6   9.01457802e+02 -2.49922547e+02  2.73e-06 3.87e-14  8.32e-02    19s
   7   8.47502704e+02  3.53118824e+02  3.76e-07 1.33e-14  3.57e-02    20s
   8   8.38500300e+02  5.63914539e+02  1.62e-07 8.14e-15  1.98e-02    20s
   9   8.32990278e+02  7.02153766e+02  6.99e-08 4.06e-15  9.45e-03    20s
  10   8.29198359e+02  7.80508023e+02  2.53e-08 3.55e-15  3.52e-03    20s
  11   8.27632978e+02  8.02080225e+02  1.32e-08 1.42e-14  1.85e-03    20s
  12   8.26810518e+02  8.10601152e+02  7.64e-09 1.42e-14  1.17e-03    20s
  13   8.26590293e+02  8.17710551e+02  5.65e-09 1.78e-15  6.42e-04    20s
  14   8.26458313e+02  8.22529687e+02  3.94e-09 1.42e-14  2.84e-04    20s
  15   8.26437822e+02  8.24088611e+02  3.68e-09 1.78e-15  1.70e-04    21s
  16   8.26268512e+02  8.25279208e+02  1.49e-09 1.78e-15  7.15e-05    21s
  17   8.26185278e+02  8.25940750e+02  3.85e-10 1.78e-15  1.77e-05    21s
  18   8.26160551e+02  8.26090280e+02  9.66e-11 1.78e-15  5.08e-06    21s
  19   8.26160709e+02  8.26111024e+02  9.38e-11 1.78e-15  3.59e-06    21s
  20   8.26155187e+02  8.26151294e+02  8.18e-12 1.42e-14  2.81e-07    21s
  21   8.26154209e+02  8.26154182e+02  1.42e-12 3.55e-15  1.96e-09    21s
  22   8.26154208e+02  8.26154208e+02  7.69e-12 1.42e-14  1.98e-15    21s

Barrier solved model in 22 iterations and 21.36 seconds
Optimal objective 8.26154208e+02


Root crossover log...

      87 DPushes remaining with DInf 0.0000000e+00                21s
       0 DPushes remaining with DInf 0.0000000e+00                21s

    3947 PPushes remaining with PInf 0.0000000e+00                21s
       0 PPushes remaining with PInf 0.0000000e+00                21s

  Push phase complete: Pinf 0.0000000e+00, Dinf 0.0000000e+00     21s


Root simplex log...

Iteration    Objective       Primal Inf.    Dual Inf.      Time
    3958    8.2615421e+02   0.000000e+00   0.000000e+00     21s
    3958    8.2615421e+02   0.000000e+00   0.000000e+00     21s

Root relaxation: objective 8.261542e+02, 3958 iterations, 3.73 seconds

    Nodes    |    Current Node    |     Objective Bounds      |     Work
 Expl Unexpl |  Obj  Depth IntInf | Incumbent    BestBd   Gap | It/Node Time

     0     0  826.15421    0  126          -  826.15421      -     -   22s
     0     0  826.18243    0  459          -  826.18243      -     -   26s
     0     0  826.18249    0  445          -  826.18249      -     -   27s
     0     0  826.33424    0  561          -  826.33424      -     -   32s
     0     0  826.34121    0  567          -  826.34121      -     -   33s
     0     0  826.34238    0  569          -  826.34238      -     -   33s
     0     0  826.34243    0  569          -  826.34243      -     -   33s
     0     0  828.29399    0  563          -  828.29399      -     -   38s
     0     0  828.29399    0  569          -  828.29399      -     -   39s
     0     0  828.29399    0  599          -  828.29399      -     -   39s
     0     0  828.29399    0  610          -  828.29399      -     -   39s
     0     0  830.38027    0  630          -  830.38027      -     -   43s
     0     0  830.38027    0  645          -  830.38027      -     -   44s
     0     0  830.38027    0  663          -  830.38027      -     -   44s
     0     0  830.38027    0  673          -  830.38027      -     -   44s
     0     0  830.38027    0  679          -  830.38027      -     -   45s
H    0     0                     904.2999312  830.38027  8.17%     -   48s
     0     0  830.38027    0  652  904.29993  830.38027  8.17%     -   48s
     0     0  830.38027    0  671  904.29993  830.38027  8.17%     -   50s
     0     0  830.38027    0  681  904.29993  830.38027  8.17%     -   50s
     0     0  830.38027    0  685  904.29993  830.38027  8.17%     -   51s
     0     0  830.38027    0  626  904.29993  830.38027  8.17%     -   57s
     0     0  830.38027    0  639  904.29993  830.38027  8.17%     -   58s
     0     0  830.38027    0  654  904.29993  830.38027  8.17%     -   58s
     0     0  830.38027    0  662  904.29993  830.38027  8.17%     -   58s
     0     0  830.38027    0  662  904.29993  830.38027  8.17%     -   58s
     0     0  830.38027    0  662  904.29993  830.38027  8.17%     -   59s
     0     0  830.38027    0  630  904.29993  830.38027  8.17%     -   63s
     0     0  830.38027    0  637  904.29993  830.38027  8.17%     -   64s
     0     0  830.38027    0  639  904.29993  830.38027  8.17%     -   65s
     0     0  830.38027    0  638  904.29993  830.38027  8.17%     -   65s
     0     0  830.38027    0  638  904.29993  830.38027  8.17%     -   65s
     0     0  830.38027    0  626  904.29993  830.38027  8.17%     -   68s
     0     0  830.38027    0  624  904.29993  830.38027  8.17%     -   69s
     0     0  830.38027    0  634  904.29993  830.38027  8.17%     -   69s
     0     0  830.38027    0  644  904.29993  830.38027  8.17%     -   69s
H    0     0                     872.6070892  830.38027  4.84%     -   71s
     0     0  830.38027    0  643  872.60709  830.38027  4.84%     -   72s
     0     0  830.38027    0  648  872.60709  830.38027  4.84%     -   73s
     0     0  830.38027    0  648  872.60709  830.38027  4.84%     -   73s
     0     0  830.38027    0  656  872.60709  830.38027  4.84%     -   76s
     0     0  830.38027    0  657  872.60709  830.38027  4.84%     -   77s
     0     0  830.38027    0  658  872.60709  830.38027  4.84%     -   77s
     0     0  830.38027    0  662  872.60709  830.38027  4.84%     -   78s
     0     0  830.38027    0  656  872.60709  830.38027  4.84%     -   80s
     0     0  830.38027    0  648  872.60709  830.38027  4.84%     -   86s
H    0     0                     870.4767786  830.38027  4.61%     -  133s
     0     2  830.38027    0  648  870.47678  830.38027  4.61%     -  135s
     3     2  830.38027    2  618  870.47678  830.38027  4.61%   756  142s
     5     2 infeasible    3       870.47678  830.38027  4.61%  3524  206s
     7     4  831.10539    4  623  870.47678  830.38027  4.61%  2977  211s
     9     4 infeasible    5       870.47678  830.38027  4.61%  2622  236s
    13     4  832.28262    6  628  870.47678  831.18939  4.51%  2699  241s
    21     4  834.20347    8  611  870.47678  833.24653  4.28%  2092  247s
    25     4 infeasible    9       870.47678  834.21263  4.17%  1978  268s
    29     4  836.05879   10  584  870.47678  835.10121  4.06%  1861  273s
    33     4 infeasible   11       870.47678  836.06445  3.95%  1812  285s
    41     4 infeasible   13       870.47678  837.94187  3.74%  1836  292s
    45     4  839.92470   14  549  870.47678  838.94947  3.62%  1771  356s
    49     4 infeasible   15       870.47678  839.92470  3.51%  2219  399s
    53     8  841.99575   16  490  870.47678  840.96778  3.39%  2215  402s
    57    12  841.99575   17  462  870.47678  841.17022  3.37%  2113  412s
    77    48  841.99575   19  440  870.47678  841.99575  3.27%  1718  420s
   101    80  841.99575   20  479  870.47678  841.99575  3.27%  1915  492s
   133   112  841.99575   21  453  870.47678  841.99575  3.27%  1659  511s
   165   144  841.99575   22  443  870.47678  841.99575  3.27%  1645  556s
H  173   144                     869.4626306  841.99575  3.16%  1610  556s
H  188   144                     869.4584021  841.99575  3.16%  1553  556s
H  195   144                     869.4385576  841.99575  3.16%  1510  556s
   197   198  841.99575   23  440  869.43856  841.99575  3.16%  1497  563s
   251   229  841.99575   25  451  869.43856  841.99575  3.16%  1296  583s
   283   259  841.99575   26  450  869.43856  841.99575  3.16%  1248  836s
   315   439  841.99575   27  449  869.43856  841.99575  3.16%  1235 1023s
   499   835  843.01163   34  385  869.43856  841.99575  3.16%  1007 1275s
   907  2000  843.01163   60  351  869.43856  841.99575  3.16%   788 1344s
  2145  3036  844.10563  101  363  869.43856  841.99575  3.16%   638 1513s
  3344  4436  846.24343  165  278  869.43856  841.99575  3.16%   660 1898s
  5078  5492  855.69368  277  258  869.43856  841.99575  3.16%   617 3030s
H 5100  5492                     864.1699236  841.99575  2.57%   616 3030s
H 6074  5492                     862.0975094  841.99575  2.33%   597 3030s
  6337  5265  842.02111   24  648  862.09751  841.99575  2.33%   590 3064s
  6339  5266  855.83700  240  132  862.09751  841.99575  2.33%   590 3071s
  6340  5267  845.16150   89  378  862.09751  841.99575  2.33%   590 3077s
  6341  5268  859.93705  329  581  862.09751  841.99575  2.33%   590 3081s
  6344  5270  842.02111   94  562  862.09751  841.99575  2.33%   589 3085s
  6345  5270  843.01163   58  602  862.09751  841.99575  2.33%   589 3113s
  6346  5271  842.02111   69  599  862.09751  841.99575  2.33%   589 3119s
  6347  5272  859.93705  352  599  862.09751  841.99575  2.33%   589 3127s
  6348  5275  841.99575   10  587  862.09751  841.99575  2.33%   592 3142s
  6350  5277  841.99575   11  617  862.09751  841.99575  2.33%   592 3163s
  6354  5275 infeasible   12       862.09751  841.99575  2.33%   592 3188s
  6360  5273  841.99575   13  677  862.09751  841.99575  2.33%   593 3218s
  6366  5271 infeasible   14       862.09751  841.99575  2.33%   596 3242s
  6372  5275  841.99575   15  679  862.09751  841.99575  2.33%   596 3253s
  6378  5285  841.99575   16  679  862.09751  841.99575  2.33%   596 3260s
  6390  5305  841.99575   17  682  862.09751  841.99575  2.33%   595 3268s
  6414  5325  841.99575   18  630  862.09751  841.99575  2.33%   595 3280s
  6446  5331 infeasible   19       862.09751  841.99575  2.33%   596 3351s
  6478  5336 infeasible   19       862.09751  841.99575  2.33%   602 3430s
  6510  5366  841.99575   21  623  862.09751  841.99575  2.33%   602 3473s
H 6511  5102                     862.0829098  841.99575  2.33%   602 3473s
H 6513  4850                     862.0754819  841.99575  2.33%   602 3473s
H 6530  4607                     862.0547643  841.99575  2.33%   603 3473s
H 6543  4376                     862.0393127  841.99575  2.33%   603 3473s
  6551  4419  841.99575   22  630  862.03931  841.99575  2.33%   603 3482s
  6602  4434  841.99575   24  620  862.03931  841.99575  2.33%   602 3568s
  6634  4471  841.99575   25  608  862.03931  841.99575  2.33%   601 3586s
  6688  4500  841.99575   27  603  862.03931  841.99575  2.33%   601 3630s
  6743  4529  841.99575   29  568  862.03931  841.99575  2.33%   603 3713s
  6800  4535  841.99575   30  556  862.03931  841.99575  2.33%   604 3762s
  6839  4599  841.99884   31  535  862.03931  841.99575  2.33%   605 3829s
  6936  4655  842.00045   32  551  862.03931  841.99575  2.33%   602 3919s
  7035  4741  843.04163   36  525  862.03931  841.99575  2.33%   600 3946s
  7172  4771  843.04282   41  518  862.03931  841.99575  2.33%   593 3989s
  7259  4824  844.07725   44  506  862.03931  841.99575  2.33%   593 4042s
  7363  4838  845.13672   48  500  862.03931  841.99575  2.33%   591 4147s
  7446  4876  846.13443   50  442  862.03931  841.99575  2.33%   593 4220s
  7550  4918  846.13469   57  426  862.03931  841.99575  2.33%   593 4271s
  7674  4879  846.28119   61  440  862.03931  841.99575  2.33%   593 4311s
  7743  4870  849.31701   65  347  862.03931  841.99575  2.33%   601 4346s
  7817  4893  849.31701   66  348  862.03931  841.99575  2.33%   610 4372s
  7904  4939  849.31701   67  374  862.03931  841.99575  2.33%   617 4395s
  8003  5027  849.34526   68  439  862.03931  841.99575  2.33%   620 4412s
  8148  5095  849.35087   69  438  862.03931  841.99575  2.33%   617 4441s
  8294  5120  850.46729   73  420  862.03931  841.99575  2.33%   618 4637s
  8413  5178  851.45949   76  394  862.03931  841.99575  2.33%   624 4996s
  8543  5214  852.47471   80  374  862.03931  841.99575  2.33%   631 5206s
  8672  5249  853.53569   85  341  862.03931  841.99575  2.33%   638 5433s
  8810  5301  853.56822   89  407  862.03931  841.99575  2.33%   646 5661s
  8947  5390  854.58859   92  391  862.03931  841.99575  2.33%   651 5783s
  9126  5506  854.58859   95  367  862.03931  841.99575  2.33%   656 5836s
  9330  5624  856.71840  103  427  862.03931  841.99575  2.33%   657 5881s
  9588  5700  856.71840  107  384  862.03931  841.99575  2.33%   656 5936s
  9799  5687  857.73651  111  411  862.03931  841.99575  2.33%   656 7103s
H 9810  5468                     860.9985395  841.99575  2.21%   656 7103s
H 9874  5239                     858.8683714  841.99575  1.96%   657 7103s
  9875  5382  857.73651  113  405  858.86837  841.99575  1.96%   657 7124s
 10055  5498  857.73651  113  389  858.86837  841.99575  1.96%   661 7210s
 10247  5708  858.80503  115  367  858.86837  841.99575  1.96%   663 7415s
 10565  5819 infeasible  116       858.86837  841.99575  1.96%   663 7550s
 10847  5945  857.87005  119  407  858.86837  841.99575  1.96%   662 7717s
 11141  6087  849.39036   60  491  858.86837  841.99575  1.96%   664 7839s
 11473  6262  854.69755   71  491  858.86837  841.99575  1.96%   665 7928s
 11840  6407  855.76757   79  413  858.86837  841.99575  1.96%   665 8026s
 12187  6387  856.79975   91  372  858.86837  841.99575  1.96%   663 8063s
 12396  6420  856.85209  100  470  858.86837  841.99575  1.96%   667 8103s
 12574  6547  858.13584  104  466  858.86837  841.99575  1.96%   673 8161s
 12864  6688  841.99575   24  587  858.86837  841.99575  1.96%   681 8267s
 13152  6808 infeasible   30       858.86837  841.99575  1.96%   688 8381s
 13418  6970  843.07676   30  516  858.86837  841.99575  1.96%   696 8601s
 13718  7095  845.16788   34  500  858.86837  841.99575  1.96%   703 8782s
 14014  7260  846.20126   37  495  858.86837  841.99575  1.96%   713 9021s
 14372  7209  847.29667   40  507  858.86837  841.99575  1.96%   717 9082s
 14514  7308  847.29682   40  511  858.86837  841.99575  1.96%   721 9196s
 14807  7554  850.53367   44  475  858.86837  841.99575  1.96%   729 9261s
 15249  7743  849.50914   44  482  858.86837  841.99575  1.96%   732 9335s
 15653  8014  854.80537   52  389  858.86837  841.99575  1.96%   737 9404s
 16161  8205 infeasible   53       858.86837  841.99575  1.96%   738 9484s
 16652  8465  841.99575   26  600  858.86837  841.99575  1.96%   742 9792s
 17152  8705  846.48665   50  475  858.86837  841.99575  1.96%   748 10017s
 17707  8819  844.49984   33  571  858.86837  841.99575  1.96%   752 10165s
 18169  9159  841.99575   22  627  858.86837  841.99575  1.96%   760 10305s
 18743  9572  847.38693   41  477  858.86837  841.99575  1.96%   765 10430s
 19305 10028  853.77212   60  414  858.86837  841.99575  1.96%   769 10555s
 19873 10397 infeasible   60       858.86837  841.99575  1.96%   771 10721s
 20466 10873  844.08779   37  462  858.86837  841.99575  1.96%   771 11134s
 21047 11451  845.13415   40  484  858.86837  841.99575  1.96%   775 11489s
 21735 11857  846.16072   61  471  858.86837  841.99575  1.96%   779 11812s
 22327 12317  847.25206   65  474  858.86837  841.99575  1.96%   786 12177s
 22911 12687  847.21915   65  439  858.86837  841.99575  1.96%   793 12511s
 23473 13207  848.25895   69  385  858.86837  841.99575  1.96%   804 12747s
 24167 13782  849.40037   68  289  858.86837  841.99575  1.96%   811 12990s
 24953 14412  849.31394   79  340  858.86837  841.99575  1.96%   811 13154s
 25833 15016  849.31948   80  434  858.86837  841.99575  1.96%   812 13491s
 26652 15611  850.40795   95  376  858.86837  841.99575  1.96%   814 13981s
 27472 16039  850.40795  101  369  858.86837  841.99575  1.96%   819 14424s
 28257 16536  850.40803  104  480  858.86837  841.99575  1.96%   825 14984s
 29054 17117 infeasible  105       858.86837  841.99575  1.96%   831 15357s
 29893 17994  851.50157  115  477  858.86837  841.99575  1.96%   839 15584s
 31149 18824  852.56873  122  415  858.86837  841.99575  1.96%   846 15993s
H32027 18293                     857.8247849  841.99575  1.85%   853 15994s
 32265 18685  852.65198  124  431  857.82478  841.99575  1.85%   856 16713s
 33150 19670  853.60695  128  387  857.82478  841.99575  1.85%   865 17453s
 34518 20473  854.67182  138  416  857.82478  841.99575  1.85%   874 17791s
 35700 21128 infeasible  153       857.82478  841.99575  1.85%   878 18460s
 36772 22164  856.77638  158  462  857.82478  841.99575  1.85%   881 19472s
 38326 23087 infeasible  169       857.82478  841.99575  1.85%   878 20544s
 39747 24089  844.05942   34  537  857.82478  841.99575  1.85%   886 21246s
 41046 25287  846.12182   44  414  857.82478  841.99575  1.85%   894 21721s
 42626 26707  844.06337   41  486  857.82478  841.99575  1.85%   901 22583s
 44508 28491  846.20020   70  415  857.82478  841.99575  1.85%   903 23422s
 46826 29706  848.27331  124  387  857.82478  841.99575  1.85%   898 23929s
 48464 30525  852.44285  139  432  857.82478  841.99575  1.85%   904 24681s
 49755 31655  843.04080   35  539  857.82478  841.99575  1.85%   908 25751s
 51521 33015 infeasible   39       857.82478  841.99575  1.85%   914 26757s
 53376 34553  850.39638   74  305  857.82478  841.99575  1.85%   919 27268s
H53500 32831                     856.7444293  841.99575  1.72%   918 27268s
 55367 34333  848.32747   41  388  856.74443  841.99575  1.72%   919 28334s
 57561 35977  850.53891   50  448  856.74443  841.99575  1.72%   920 29099s
 59809 37678 infeasible   39       856.74443  841.99575  1.72%   928 30368s
H61159 37448                     856.7267095  841.99575  1.72%   933 30368s
 62167 39997     cutoff   52       856.72671  841.99575  1.72%   936 30964s
 65476 41665  843.04358   37  556  856.72671  841.99575  1.72%   932 32288s
 68141 42999  849.34558   66  353  856.72671  842.01170  1.72%   928 32982s
 70137 44464  846.17581   55  474  856.72671  842.01380  1.72%   933 34147s
 72197 46175  850.45983  100  305  856.72671  842.01380  1.72%   944 35309s
 74830 48388 infeasible  145       856.72671  842.02519  1.72%   948 36338s
 77993 49953  postponed   59       856.72671  842.05282  1.71%   947 38138s
 80542 51965  846.16610   44  481  856.72671  842.08676  1.71%   949 39328s
 83227 54562 infeasible   85       856.72671  842.10220  1.71%   952 40436s
 86880 56366  850.54090   67  307  856.72671  842.17548  1.70%   954 41745s
 89616 58091  843.02236   35  525  856.72671  842.42574  1.67%   958 43167s
 92253 59911  849.38754   64  422  856.72671  843.01163  1.60%   964 44347s
 95166 62532  847.22564   82  389  856.72671  843.01381  1.60%   971 46808s
 99008 65280  852.46915  124  279  856.72671  843.01389  1.60%   982 49834s
 103131 68254     cutoff   99       856.72671  843.01496  1.60%   993 52750s
 107894 69758  849.63592   48  483  856.72671  843.01744  1.60%  1002 54893s
H109967 69210                     856.7080858  843.01744  1.60%  1006 54895s
 110290 72303  844.03897   43  503  856.70809  843.01744  1.60%  1007 57262s
 114904 74882 infeasible   99       856.70809  843.01744  1.60%  1015 60118s
 118481 77662  854.64507  134  486  856.70809  843.02808  1.60%  1020 62419s
 122532 80694  852.54467   98  372  856.70809  843.03699  1.60%  1022 63887s
 127001 84074  855.78354  101  334  856.70809  843.03699  1.60%  1020 66419s
 131933 86596  844.06332   42  525  856.70809  843.03699  1.60%  1015 68180s
 135616 88583 infeasible   50       856.70809  843.03699  1.60%  1020 70322s
 138971 91287  845.10876   46  506  856.70809  843.03699  1.60%  1026 73077s
 142834 93057  844.06240   40  542  856.70809  843.03699  1.60%  1033 74560s
 145405 96100  844.06240   41  443  856.70809  843.04135  1.60%  1037 77614s
 147794 96100  853.76235   55  412  856.70809  843.04201  1.60%  1040 77615s
 150266 98618  853.59504  113  360  856.70809  843.04249  1.60%  1043 80141s
 154302 100983  846.16375   51  387  856.70809  843.04307  1.60%  1043 83093s
 157984 102639  849.47526   93  429  856.70809  843.04593  1.59%  1048 86348s
 160513 106266 infeasible   57       856.70809  843.04593  1.59%  1050 89871s
 166042 109178  844.10251   46  520  856.70809  843.04760  1.59%  1053 92472s
 170578 111301  852.64234   65  419  856.70809  843.04919  1.59%  1057 95441s
 174310 113537  847.28296   62  409  856.70809  843.05113  1.59%  1061 97801s
 178201 116044 infeasible   52       856.70809  843.05267  1.59%  1069 100450s
 182681 117977  849.78264   56  475  856.70809  843.05712  1.59%  1069 102715s
 185833 120864 infeasible   39       856.70809  843.06623  1.59%  1072 104790s
 189935 124580  844.03998   42  532  856.70809  843.07246  1.59%  1076 106877s
 194629 126875  855.67426  164  316  856.70809  843.07362  1.59%  1078 108467s
 197730 129358  845.15314   45  519  856.70809  843.08150  1.59%  1081 110368s
 201593 132271  845.73505   42  524  856.70809  843.08307  1.59%  1083 111904s
 205954 133326  848.43557   67  494  856.70809  843.08559  1.59%  1084 113139s
 207201 133326 infeasible   68       856.70809  843.08858  1.59%  1085 113140s
 208084 133443  854.85837   55  380  856.70809  843.08966  1.59%  1086 114900s
 208392 135776 infeasible   35       856.70809  843.09064  1.59%  1086 116816s
 212180 137611  851.50098   72  398  856.70809  843.09546  1.59%  1090 118609s
 212587 137611 infeasible   94       856.70809  843.09669  1.59%  1090 118610s
 215080 139752  851.73115   44  492  856.70809  843.09741  1.59%  1092 120208s
 218789 140669 infeasible   40       856.70809  843.13542  1.58%  1094 121681s
 220598 142282 infeasible   53       856.70809  843.14396  1.58%  1096 124126s
 224065 143839 infeasible   38       856.70809  843.15237  1.58%  1099 125479s
 225774 143839  846.45154   45  536  856.70809  843.16296  1.58%  1100 125480s
 227729 145171  849.53540   48  517  856.70809  843.18365  1.58%  1101 127558s
 230593 146849 infeasible   54       856.70809  843.31641  1.56%  1103 129382s
 233698 150280 infeasible   77       856.70809  843.53007  1.54%  1108 131891s
 238090 152524 infeasible  157       856.70809  843.76801  1.51%  1112 133073s
 241149 153875  848.31552   83  455  856.70809  843.90120  1.49%  1115 134787s
 242952 159062  849.55632   96  473  856.70809  844.03704  1.48%  1118 137756s
 250474 160544  844.03735   47  521  856.70809  844.03704  1.48%  1120 140013s
 252769 163418  845.41260   47  516  856.70809  844.03704  1.48%  1123 142142s
 256747 168430  849.42045   82  323  856.70809  844.03704  1.48%  1123 146120s
 263174 171746  845.13528   65  507  856.70809  844.03704  1.48%  1131 148075s
 267397 175576  850.46431   89  372  856.70809  844.03704  1.48%  1132 151373s
 272981 178263  853.73150  119  388  856.70809  844.03704  1.48%  1136 153613s
 277249 180568  845.08340   48  354  856.70809  844.03704  1.48%  1141 155380s
 280724 183230  845.08340   48  419  856.70809  844.03704  1.48%  1142 158449s
 283273 183230  853.61078  115  467  856.70809  844.03704  1.48%  1145 158450s
 285017 188588 infeasible   70       856.70809  844.03704  1.48%  1148 160664s
 292267 194075  844.04496   39  502  856.70809  844.03704  1.48%  1148 162703s
 298973 197630  849.37105  122  399  856.70809  844.03704  1.48%  1152 164517s
 303973 201297  845.08340   53  375  856.70809  844.03704  1.48%  1156 166780s
 309010 203730  848.35384   66  443  856.70809  844.03704  1.48%  1159 168347s
 312703 208672  845.13367   53  473  856.70809  844.03704  1.48%  1161 170073s
 319395 212167  854.79749  146  407  856.70809  844.03704  1.48%  1160 172318s
 324076 216224  853.59366  105  369  856.70809  844.03704  1.48%  1163 175242s
 329394 217689  849.41822  100  286  856.70809  844.03704  1.48%  1164 177801s
 331856 220411  845.08340   48  416  856.70809  844.03704  1.48%  1165 180214s
 335988 223039  849.44607  133  450  856.70809  844.03704  1.48%  1169 182177s
 339888 226378 infeasible   77       856.70809  844.03704  1.48%  1172 184120s
 345225 228929  844.04295   44  507  856.70809  844.03704  1.48%  1174 186913s
 349610 233736  850.50128   79  446  856.70809  844.03704  1.48%  1178 189283s
 356009 235968  856.68313  190  247  856.70809  844.03704  1.48%  1176 191757s
 359512 240449  848.21083   52  445  856.70809  844.03704  1.48%  1179 194313s
 365673 243631  850.43633  108  389  856.70809  844.03704  1.48%  1179 197441s
 370587 246362  851.52230   83  373  856.70809  844.03704  1.48%  1179 199798s
 374658 251650  853.63252  128  334  856.70809  844.03704  1.48%  1181 202766s
 381691 254347 infeasible   53       856.70809  844.03704  1.48%  1177 204727s
 385840 258310  847.27348   66  437  856.70809  844.03704  1.48%  1178 206825s
 390996 260409  849.53707   78  454  856.70809  844.03704  1.48%  1176 208411s
 394377 263455  844.04141   41  524  856.70809  844.03704  1.48%  1179 210821s
 398664 265298  850.46731   80  370  856.70809  844.03704  1.48%  1182 212577s
 401250 266778  854.74444  104  430  856.70809  844.03704  1.48%  1183 213316s

Cutting planes:
  Learned: 5
  Gomory: 42
  Cover: 713
  Implied bound: 167
  Projected implied bound: 20
  Clique: 9
  MIR: 699
  StrongCG: 1
  Flow cover: 2929
  GUB cover: 3
  Inf proof: 35
  Zero half: 4
  RLT: 2089
  Relax-and-lift: 173

Explored 403202 nodes (477870257 simplex iterations) in 213316.97 seconds
Thread count was 32 (of 32 available processors)

Solution count 10: 856.708 856.727 856.744 ... 862.083

Solve interrupted
Best objective 8.567080858244e+02, best bound 8.440370375613e+02, gap 1.4790%
