
Gurobi 9.1.0 (linux64) logging started Fri Aug  6 16:24:33 2021

Changed value of parameter LogFile to eab_parasitoid_2_1_0.8_bud.log
   Prev:   Default: 
Changed value of parameter MIPGap to 0.01
   Prev: 0.0001  Min: 0.0  Max: inf  Default: 0.0001
Changed value of parameter Method to 2
   Prev: -1  Min: -1  Max: 5  Default: -1
Changed value of parameter MIPFocus to 2
   Prev: 0  Min: 0  Max: 3  Default: 0
Changed value of parameter RINS to 100
   Prev: -1  Min: -1  Max: 2000000000  Default: -1
Gurobi Optimizer version 9.1.0 build v9.1.0rc0 (linux64)
Thread count: 32 physical cores, 32 logical processors, using up to 32 threads
Optimize a model with 203396 rows, 134935 columns and 685039 nonzeros
Model fingerprint: 0xdd7dedd2
Variable types: 55779 continuous, 79156 integer (79156 binary)
Coefficient statistics:
  Matrix range     [1e-04, 1e+05]
  Objective range  [1e-06, 1e-01]
  Bounds range     [1e+00, 6e+03]
  RHS range        [1e-04, 1e+05]
Presolve removed 181510 rows and 115614 columns (presolve time = 5s) ...
Presolve removed 191775 rows and 125036 columns (presolve time = 10s) ...
Presolve removed 192819 rows and 126138 columns (presolve time = 15s) ...
Presolve removed 193316 rows and 126507 columns (presolve time = 20s) ...
Presolve removed 193547 rows and 126683 columns
Presolve time: 24.42s
Presolved: 9849 rows, 8252 columns, 123807 nonzeros
Variable types: 3559 continuous, 4693 integer (4692 binary)
Presolve removed 54 rows and 50 columns
Presolved: 9795 rows, 8202 columns, 123448 nonzeros

Root barrier log...

Ordering time: 0.57s

Barrier statistics:
 Dense cols : 118
 AA' NZ     : 5.405e+05
 Factor NZ  : 2.628e+06 (roughly 30 MBytes of memory)
 Factor Ops : 2.161e+09 (less than 1 second per iteration)
 Threads    : 31

                  Objective                Residual
Iter       Primal          Dual         Primal    Dual     Compl     Time
   0   1.51988974e+03 -1.40482741e+04  1.38e+04 2.20e-01  3.94e+01    28s
   1   1.06064606e+03 -1.48664879e+04  6.40e+03 4.57e-01  1.87e+01    28s
   2   6.88051998e+02 -1.35372808e+04  1.80e+03 1.78e-13  5.63e+00    28s
   3   4.60932794e+02 -8.85145935e+03  2.13e+02 2.20e-14  8.90e-01    28s
   4   4.05488614e+02 -3.11221291e+03  4.31e+01 1.03e-14  2.04e-01    29s
   5   3.86370701e+02 -1.18448000e+03  1.34e+01 3.06e-14  7.52e-02    29s
   6   3.77883049e+02 -2.64772334e+01  2.97e+00 5.69e-15  1.75e-02    29s
   7   3.73585014e+02  2.64976486e+02  2.89e-01 1.92e-15  4.35e-03    29s
   8   3.71448144e+02  3.45164200e+02  8.68e-02 1.04e-15  1.04e-03    29s
   9   3.70201008e+02  3.54886408e+02  3.37e-02 5.94e-16  6.04e-04    30s
  10   3.69634754e+02  3.61148256e+02  1.66e-02 3.72e-16  3.34e-04    30s
  11   3.69185441e+02  3.63888502e+02  5.41e-03 2.61e-16  2.08e-04    30s
  12   3.68844605e+02  3.67054670e+02  4.80e-05 3.07e-16  7.03e-05    30s
  13   3.68623705e+02  3.68001227e+02  1.55e-05 2.29e-16  2.44e-05    30s
  14   3.68542328e+02  3.68296152e+02  6.30e-06 4.44e-16  9.67e-06    31s
  15   3.68494816e+02  3.68355521e+02  1.89e-06 2.22e-16  5.47e-06    31s
  16   3.68481550e+02  3.68413739e+02  8.29e-07 2.22e-16  2.66e-06    31s
  17   3.68474754e+02  3.68448004e+02  3.44e-07 2.26e-16  1.05e-06    31s
  18   3.68471835e+02  3.68460086e+02  1.50e-07 2.45e-16  4.61e-07    32s
  19   3.68470158e+02  3.68466052e+02  4.21e-08 1.11e-16  1.61e-07    32s
  20   3.68469574e+02  3.68469088e+02  7.43e-09 6.66e-16  1.91e-08    32s
  21   3.68469456e+02  3.68469306e+02  1.84e-09 2.22e-16  5.89e-09    32s
  22   3.68469433e+02  3.68469382e+02  8.70e-10 2.22e-16  1.99e-09    32s
  23   3.68469416e+02  3.68469402e+02  1.98e-10 2.22e-16  5.45e-10    33s
  24   3.68469411e+02  3.68469410e+02  1.20e-11 1.57e-15  5.18e-11    33s

Barrier solved model in 24 iterations and 32.82 seconds
Optimal objective 3.68469411e+02


Root crossover log...

     770 DPushes remaining with DInf 0.0000000e+00                33s
       0 DPushes remaining with DInf 0.0000000e+00                33s

    3942 PPushes remaining with PInf 1.6306216e-06                33s
       0 PPushes remaining with PInf 0.0000000e+00                34s

  Push phase complete: Pinf 0.0000000e+00, Dinf 7.1115362e-01     34s


Root simplex log...

Iteration    Objective       Primal Inf.    Dual Inf.      Time
    4435    3.6846941e+02   0.000000e+00   7.111536e-01     34s
    4466    3.6846941e+02   0.000000e+00   0.000000e+00     34s
    4466    3.6846941e+02   0.000000e+00   0.000000e+00     34s

Root relaxation: objective 3.684694e+02, 4466 iterations, 8.60 seconds
Total elapsed time = 35.10s

    Nodes    |    Current Node    |     Objective Bounds      |     Work
 Expl Unexpl |  Obj  Depth IntInf | Incumbent    BestBd   Gap | It/Node Time

     0     0  368.47323    0 1400          -  368.47323      -     -   35s
     0     0  370.62525    0 1472          -  370.62525      -     -   39s
     0     0  370.68141    0 1452          -  370.68141      -     -   43s
     0     0  370.68706    0 1470          -  370.68706      -     -   43s
     0     0  370.68786    0 1476          -  370.68786      -     -   43s
     0     0  370.68845    0 1475          -  370.68845      -     -   43s
     0     0  371.83106    0 1530          -  371.83106      -     -   50s
H    0     0                     382.0100570  371.83106  2.66%     -   54s
H    0     0                     381.9930017  371.83106  2.66%     -   54s
     0     0  372.30686    0 1611  381.99300  372.30686  2.54%     -   54s
     0     0  372.33705    0 1590  381.99300  372.33705  2.53%     -   56s
     0     0  372.33854    0 1589  381.99300  372.33854  2.53%     -   56s
     0     0  372.33864    0 1585  381.99300  372.33864  2.53%     -   57s
     0     0  372.50976    0 1513  381.99300  372.50976  2.48%     -   63s
H    0     0                     376.7828412  372.50976  1.13%     -   65s
     0     0  372.54954    0 1529  376.78284  372.54954  1.12%     -   67s
     0     0  372.55211    0 1507  376.78284  372.55211  1.12%     -   67s
     0     0  372.55233    0 1512  376.78284  372.55233  1.12%     -   68s
H    0     0                     375.6439071  372.55233  0.82%     -   78s
     0     0  373.50111    0 1442  375.64391  373.50111  0.57%     -   78s

Cutting planes:
  Learned: 48
  Gomory: 8
  Cover: 88
  Implied bound: 192
  Projected implied bound: 49
  Clique: 27
  MIR: 427
  Flow cover: 1131
  GUB cover: 2
  Zero half: 12
  RLT: 411
  Relax-and-lift: 68

Explored 1 nodes (16709 simplex iterations) in 78.38 seconds
Thread count was 32 (of 32 available processors)

Solution count 4: 375.644 376.783 381.993 382.01 

Optimal solution found (tolerance 1.00e-02)
Warning: max constraint violation (7.6219e-06) exceeds tolerance
Best objective 3.756439070960e+02, best bound 3.735011145256e+02, gap 0.5704%

Gurobi 9.1.0 (linux64) logging started Thu Aug 19 21:50:54 2021

Changed value of parameter LogFile to eab_parasitoid_2_1_0.8_bud.log
   Prev:   Default: 
Changed value of parameter MIPGap to 0.01
   Prev: 0.0001  Min: 0.0  Max: inf  Default: 0.0001
Changed value of parameter Method to 2
   Prev: -1  Min: -1  Max: 5  Default: -1
Changed value of parameter MIPFocus to 2
   Prev: 0  Min: 0  Max: 3  Default: 0
Changed value of parameter RINS to 100
   Prev: -1  Min: -1  Max: 2000000000  Default: -1
Changed value of parameter SolutionLimit to 1
   Prev: 2000000000  Min: 1  Max: 2000000000  Default: 2000000000
Gurobi Optimizer version 9.1.0 build v9.1.0rc0 (linux64)
Thread count: 32 physical cores, 32 logical processors, using up to 32 threads
Optimize a model with 203396 rows, 134935 columns and 685039 nonzeros
Model fingerprint: 0x7e7d370a
Variable types: 55779 continuous, 79156 integer (79156 binary)
Coefficient statistics:
  Matrix range     [1e-04, 1e+05]
  Objective range  [1e-06, 1e-01]
  Bounds range     [1e+00, 6e+03]
  RHS range        [1e-04, 1e+05]

User MIP start produced solution with objective 375.754 (2.29s)
User MIP start produced solution with objective 375.71 (2.32s)
User MIP start produced solution with objective 375.644 (2.37s)
Loaded user MIP start with objective 375.644
Processed MIP start in 2.39 seconds


Explored 0 nodes (0 simplex iterations) in 2.41 seconds
Thread count was 1 (of 32 available processors)

Solution count 4: 375.644 

Solution limit reached
Best objective 3.756436888020e+02, best bound -, gap -
