
Gurobi 9.1.0 (linux64) logging started Thu Aug  5 19:35:40 2021

Changed value of parameter LogFile to eab_parasitoid_fastdisp_1_2.log
   Prev:   Default: 
Changed value of parameter MIPGap to 0.01
   Prev: 0.0001  Min: 0.0  Max: inf  Default: 0.0001
Changed value of parameter Method to 2
   Prev: -1  Min: -1  Max: 5  Default: -1
Changed value of parameter MIPFocus to 2
   Prev: 0  Min: 0  Max: 3  Default: 0
Changed value of parameter RINS to 100
   Prev: -1  Min: -1  Max: 2000000000  Default: -1
Gurobi Optimizer version 9.1.0 build v9.1.0rc0 (linux64)
Thread count: 32 physical cores, 32 logical processors, using up to 32 threads
Optimize a model with 205176 rows, 134930 columns and 701600 nonzeros
Model fingerprint: 0xe8974429
Variable types: 55774 continuous, 79156 integer (79156 binary)
Coefficient statistics:
  Matrix range     [2e-04, 6e+05]
  Objective range  [1e-06, 1e-01]
  Bounds range     [1e+00, 6e+03]
  RHS range        [1e-04, 6e+05]
Presolve removed 192715 rows and 124734 columns (presolve time = 5s) ...
Presolve removed 194193 rows and 125904 columns (presolve time = 10s) ...
Presolve removed 194302 rows and 125978 columns
Presolve time: 13.39s
Presolved: 10874 rows, 8952 columns, 139761 nonzeros
Variable types: 3602 continuous, 5350 integer (5349 binary)
Presolve removed 24 rows and 19 columns
Presolved: 10850 rows, 8933 columns, 139704 nonzeros

Root barrier log...

Ordering time: 0.60s

Barrier statistics:
 Dense cols : 144
 AA' NZ     : 6.048e+05
 Factor NZ  : 3.353e+06 (roughly 35 MBytes of memory)
 Factor Ops : 3.049e+09 (less than 1 second per iteration)
 Threads    : 31

                  Objective                Residual
Iter       Primal          Dual         Primal    Dual     Compl     Time
   0   3.37774393e+03 -2.30894550e+04  3.57e+04 2.78e-01  9.20e+01    16s
   1   2.59780529e+03 -2.65525393e+04  2.56e+04 3.16e-01  6.56e+01    16s
   2   8.13599195e+02 -2.55429292e+04  1.94e+03 2.10e-13  5.85e+00    16s
   3   5.65267905e+02 -1.17768061e+04  1.71e+02 1.78e-14  7.79e-01    16s
   4   4.31415390e+02 -5.55956458e+03  1.83e+01 6.66e-15  2.37e-01    17s
   5   4.04134034e+02 -3.12280723e+03  6.59e+00 3.77e-15  1.31e-01    17s
   6   3.91668800e+02 -6.24877709e+02  1.59e+00 1.67e-15  3.68e-02    17s
   7   3.81902839e+02  8.28285375e+01  7.47e-02 1.43e-15  1.07e-02    17s
   8   3.77017630e+02  3.00002938e+02  7.11e-04 1.78e-15  2.74e-03    18s
   9   3.74525925e+02  3.48711781e+02  3.27e-04 3.27e-16  9.18e-04    18s
  10   3.72671346e+02  3.60592362e+02  1.45e-04 1.55e-15  4.29e-04    18s
  11   3.71525561e+02  3.65410971e+02  5.70e-05 4.44e-16  2.17e-04    18s
  12   3.71133075e+02  3.67640055e+02  3.16e-05 2.22e-16  1.24e-04    18s
  13   3.70777551e+02  3.69265471e+02  1.10e-05 2.22e-16  5.37e-05    19s
  14   3.70650529e+02  3.70102097e+02  4.68e-06 4.44e-16  1.95e-05    19s
  15   3.70589455e+02  3.70259804e+02  2.23e-06 2.22e-15  1.17e-05    19s
  16   3.70563029e+02  3.70405297e+02  1.32e-06 3.46e-16  5.60e-06    19s
  17   3.70557411e+02  3.70443926e+02  1.12e-06 2.22e-16  4.03e-06    19s
  18   3.70543311e+02  3.70473106e+02  6.31e-07 2.22e-16  2.49e-06    20s
  19   3.70535115e+02  3.70484449e+02  3.77e-07 1.54e-16  1.80e-06    20s
  20   3.70530991e+02  3.70506134e+02  2.43e-07 2.66e-15  8.83e-07    20s
  21   3.70525492e+02  3.70513599e+02  6.55e-08 4.44e-16  4.23e-07    20s
  22   3.70525258e+02  3.70519937e+02  5.86e-08 3.55e-15  1.89e-07    20s
  23   3.70524391e+02  3.70521220e+02  3.03e-08 2.89e-15  1.13e-07    21s
  24   3.70523845e+02  3.70522347e+02  1.51e-08 4.44e-16  5.33e-08    21s
  25   3.70523445e+02  3.70522845e+02  3.79e-09 1.11e-16  2.13e-08    21s
  26   3.70523372e+02  3.70523009e+02  1.87e-09 2.22e-16  1.29e-08    21s
  27   3.70523323e+02  3.70523211e+02  6.12e-10 2.22e-16  4.01e-09    22s
  28   3.70523301e+02  3.70523286e+02  5.63e-11 2.22e-16  5.26e-10    22s
  29   3.70523298e+02  3.70523295e+02  1.15e-11 3.31e-15  9.92e-11    22s
  30   3.70523298e+02  3.70523297e+02  3.93e-12 1.25e-13  1.77e-11    23s

Barrier solved model in 30 iterations and 22.50 seconds
Optimal objective 3.70523298e+02


Root crossover log...

     858 DPushes remaining with DInf 0.0000000e+00                23s
       0 DPushes remaining with DInf 0.0000000e+00                23s

    4778 PPushes remaining with PInf 4.4068850e-05                23s
       0 PPushes remaining with PInf 0.0000000e+00                23s

  Push phase complete: Pinf 0.0000000e+00, Dinf 1.4768670e-01     23s


Root simplex log...

Iteration    Objective       Primal Inf.    Dual Inf.      Time
    5474    3.7052330e+02   0.000000e+00   1.476867e-01     23s
    5496    3.7052330e+02   0.000000e+00   0.000000e+00     23s
    5496    3.7052330e+02   0.000000e+00   0.000000e+00     23s

Root relaxation: objective 3.705233e+02, 5496 iterations, 9.63 seconds
Total elapsed time = 25.09s

    Nodes    |    Current Node    |     Objective Bounds      |     Work
 Expl Unexpl |  Obj  Depth IntInf | Incumbent    BestBd   Gap | It/Node Time

     0     0  380.01897    0 1738          -  380.01897      -     -   25s
     0     0  386.60945    0 2222          -  386.60945      -     -   30s
     0     0  387.21198    0 2312          -  387.21198      -     -   38s
     0     0  387.23281    0 2309          -  387.23281      -     -   39s
     0     0  387.23292    0 2315          -  387.23292      -     -   40s
     0     0  390.96842    0 2272          -  390.96842      -     -   51s
     0     0  395.13725    0 2357          -  395.13725      -     -   57s
     0     0  396.66551    0 2211          -  396.66551      -     -   68s
     0     0  396.66551    0 2215          -  396.66551      -     -   69s
     0     0  396.66551    0 2226          -  396.66551      -     -   70s
H    0     0                     527.2605916  402.77645  23.6%     -   84s
H    0     0                     527.2602299  402.77645  23.6%     -   84s
H    0     0                     525.4257437  402.77645  23.3%     -   84s
     0     0  402.77645    0 2247  525.42574  402.77645  23.3%     -   84s
H    0     0                     477.7233755  402.77645  15.7%     -   86s
     0     0  402.77645    0 2248  477.72338  402.77645  15.7%     -   89s
     0     0  402.77645    0 2245  477.72338  402.77645  15.7%     -   90s
     0     0  402.77645    0 2231  477.72338  402.77645  15.7%     -   92s
H    0     0                     434.6465718  402.77645  7.33%     -   96s
H    0     0                     434.6463688  402.77645  7.33%     -   96s
     0     0  404.17037    0 2160  434.64637  404.17037  7.01%     -   98s
H    0     0                     434.6463516  404.17037  7.01%     -   98s
     0     0  405.78686    0 2114  434.64635  405.78686  6.64%     -  100s
     0     0  405.84735    0 2158  434.64635  405.84735  6.63%     -  101s
     0     0  405.84735    0 2175  434.64635  405.84735  6.63%     -  102s
     0     0  411.41851    0 2144  434.64635  411.41851  5.34%     -  107s
     0     0  411.41851    0 2120  434.64635  411.41851  5.34%     -  110s
     0     0  411.49073    0 2198  434.64635  411.49073  5.33%     -  111s
H    0     0                     434.6422557  411.49073  5.33%     -  117s
     0     0  412.55919    0 2076  434.64226  412.55919  5.08%     -  121s
H    0     0                     434.6419525  412.55919  5.08%     -  121s
H    0     0                     434.6321457  412.55919  5.08%     -  124s
H    0     0                     434.6310059  412.55919  5.08%     -  124s
     0     0  413.92066    0 2069  434.63101  413.92066  4.77%     -  124s
     0     0  413.95289    0 2062  434.63101  413.95289  4.76%     -  126s
H    0     0                     434.6278604  413.95289  4.76%     -  129s
     0     0  413.96086    0 2086  434.62786  413.96086  4.76%     -  129s
     0     0  417.43839    0 2105  434.62786  417.43839  3.95%     -  151s
H    0     0                     434.6278379  417.43839  3.95%     -  156s
     0     0  417.78619    0 2052  434.62784  417.78619  3.87%     -  156s
     0     0  417.83631    0 2102  434.62784  417.83631  3.86%     -  160s
     0     0  417.84052    0 2134  434.62784  417.84052  3.86%     -  164s
     0     0  420.55861    0 2075  434.62784  420.55861  3.24%     -  170s
     0     0  420.59237    0 2063  434.62784  420.59237  3.23%     -  172s
     0     0  420.59405    0 2074  434.62784  420.59405  3.23%     -  174s
     0     0  423.96552    0 2032  434.62784  423.96552  2.45%     -  186s
     0     0  423.98039    0 2082  434.62784  423.98039  2.45%     -  192s
     0     0  424.26596    0 2084  434.62784  424.26596  2.38%     -  205s
     0     0  424.27426    0 2104  434.62784  424.27426  2.38%     -  211s
H    0     0                     434.6277660  424.27426  2.38%     -  217s
     0     0  424.29680    0 2120  434.62777  424.29680  2.38%     -  227s
     0     0  424.29697    0 2089  434.62777  424.29697  2.38%     -  234s
H    0     0                     434.1016745  424.29697  2.26%     -  335s
     0     2  424.29697    0 2083  434.10167  424.29697  2.26%     -  337s
     1     2 infeasible    1       434.10167  424.29758  2.26%  4411  347s
     3     4  425.07127    2 1903  434.10167  425.07127  2.08%  2509  353s
     5     8  425.35394    3 1826  434.10167  425.07137  2.08%  2169  363s
     9    16  432.16666    4 1534  434.10167  425.35394  2.02%  2200  372s
    17    23  432.53707    5 1615  434.10167  425.50191  1.98%  2003  381s
    33    42  433.22354    6 1630  434.10167  427.43209  1.54%  2188  388s
    56    64     cutoff    7       434.10167  427.47994  1.53%  1562  401s
    88    57     cutoff    8       434.10167  427.62755  1.49%  1535  410s
   120    54  429.61340    9 1646  434.10167  427.62755  1.49%  1676  423s
H  152    72                     434.0968128  427.62755  1.49%  1565  436s
H  157    72                     434.0386792  427.93497  1.41%  1575  436s
   184    87  431.05044   11 1559  434.03868  427.93497  1.41%  1626  446s
   218   109  432.09821   12 1546  434.03868  428.24076  1.34%  1501  476s
H  219   109                     433.8806939  428.24076  1.30%  1495  476s
   257   133  432.17410   13 1595  433.88069  428.24076  1.30%  1333  485s
H  266   133                     433.8806937  428.24076  1.30%  1303  485s
H  293   158                     433.8806875  428.24076  1.30%  1216  496s
H  294   158                     433.8692997  428.24076  1.30%  1214  496s
H  302   158                     433.8561287  428.24076  1.29%  1190  496s
   325   207  432.94864   15 1530  433.85613  428.24076  1.29%  1131  503s
   390   259  433.42529   18 1545  433.85613  428.24076  1.29%   994  512s
   449   312  433.57824   21 1557  433.85613  428.24076  1.29%   908  522s
   513   367  433.58201   24 1541  433.85613  428.24076  1.29%   826  532s
   591   408     cutoff   25       433.85613  428.24076  1.29%   751  700s
   659   422     cutoff   24       433.85613  428.24076  1.29%   763 1223s
H  660   422                     433.8561164  428.24076  1.29%   761 1223s
H  669   422                     433.8561097  428.24076  1.29%   753 1223s
H  671   422                     433.8519134  428.24076  1.29%   752 1223s
   697   486  431.49462   27 1516  433.85191  428.24076  1.29%   739 1298s
H  706   486                     433.8519070  428.24076  1.29%   733 1298s
H  740   486                     433.8519068  428.24076  1.29%   710 1298s
   777   551  431.53698   29 1502  433.85191  428.24076  1.29%   692 1314s
   880   597  431.72307   32 1509  433.85191  428.24076  1.29%   644 1337s
   965   689  431.94722   35 1501  433.85191  428.24076  1.29%   613 1353s
  1115   773     cutoff   40       433.85191  428.24076  1.29%   558 1368s
  1242   856  433.20885   41 1467  433.85191  428.24076  1.29%   527 1382s
  1388   950  433.25658   49 1440  433.85191  428.24076  1.29%   495 1397s
  1529  1060  433.44676   53 1432  433.85191  428.24076  1.29%   469 1412s
  1691  1169  433.54920   63 1436  433.85191  428.24076  1.29%   442 1457s
H 1715  1169                     433.8292807  428.24076  1.29%   438 1457s
H 1754  1169                     433.8242209  428.24076  1.29%   435 1457s
  1867  1295  433.64484   73 1399  433.82422  428.24076  1.29%   420 1481s
  2067  1317  433.70650   85 1368  433.82422  428.24076  1.29%   396 3156s
  2104  1479  433.70694   86 1366  433.82422  428.24076  1.29%   395 3193s
  2326  1637  433.79488  100 1315  433.82422  428.24076  1.29%   373 3236s
  2552  1776  433.80357  108 1292  433.82422  429.62855  0.97%   354 3272s

Cutting planes:
  Learned: 65
  Gomory: 19
  Cover: 218
  Implied bound: 370
  Projected implied bound: 223
  Clique: 27
  MIR: 1427
  StrongCG: 1
  Flow cover: 4819
  GUB cover: 5
  Zero half: 42
  RLT: 3073
  Relax-and-lift: 332

Explored 2791 nodes (1009711 simplex iterations) in 3272.24 seconds
Thread count was 32 (of 32 available processors)

Solution count 10: 433.824 433.829 433.852 ... 433.881

Optimal solution found (tolerance 1.00e-02)
Best objective 4.338242209454e+02, best bound 4.296285472005e+02, gap 0.9671%
