
Gurobi 9.1.0 (linux64) logging started Thu Aug  5 04:08:08 2021

Changed value of parameter LogFile to eab_parasitoid_fastdisp_fastgrowth_1_2.log
   Prev:   Default: 
Changed value of parameter MIPGap to 0.01
   Prev: 0.0001  Min: 0.0  Max: inf  Default: 0.0001
Changed value of parameter Method to 2
   Prev: -1  Min: -1  Max: 5  Default: -1
Changed value of parameter MIPFocus to 2
   Prev: 0  Min: 0  Max: 3  Default: 0
Changed value of parameter RINS to 100
   Prev: -1  Min: -1  Max: 2000000000  Default: -1
Gurobi Optimizer version 9.1.0 build v9.1.0rc0 (linux64)
Thread count: 32 physical cores, 32 logical processors, using up to 32 threads
Optimize a model with 196148 rows, 134930 columns and 678180 nonzeros
Model fingerprint: 0xd86610cb
Variable types: 55774 continuous, 79156 integer (79156 binary)
Coefficient statistics:
  Matrix range     [2e-04, 6e+05]
  Objective range  [1e-06, 1e-01]
  Bounds range     [1e+00, 6e+03]
  RHS range        [1e-04, 6e+05]
Presolve removed 138231 rows and 77619 columns (presolve time = 6s) ...
Presolve removed 159643 rows and 100000 columns (presolve time = 10s) ...
Presolve removed 166645 rows and 105472 columns (presolve time = 15s) ...
Presolve removed 167228 rows and 105933 columns (presolve time = 20s) ...
Presolve removed 167455 rows and 106057 columns (presolve time = 26s) ...
Presolve removed 167809 rows and 106738 columns
Presolve time: 29.18s
Presolved: 28339 rows, 28192 columns, 227434 nonzeros
Variable types: 4306 continuous, 23886 integer (23884 binary)
Presolve removed 1171 rows and 1171 columns
Presolved: 27168 rows, 27021 columns, 226229 nonzeros

Root barrier log...

Ordering time: 2.31s

Barrier statistics:
 Dense cols : 104
 AA' NZ     : 9.700e+05
 Factor NZ  : 6.072e+06 (roughly 70 MBytes of memory)
 Factor Ops : 6.424e+09 (less than 1 second per iteration)
 Threads    : 31

                  Objective                Residual
Iter       Primal          Dual         Primal    Dual     Compl     Time
   0   6.02109681e+03 -7.67135498e+04  3.22e+05 3.12e-01  1.80e+02    35s
   1   4.30771520e+03 -8.41467614e+04  2.14e+05 4.75e-01  1.18e+02    35s
   2   1.19395283e+03 -8.29420000e+04  2.53e+04 1.69e-14  1.52e+01    35s
   3   6.52971645e+02 -5.21323458e+04  1.83e+03 6.85e-14  1.61e+00    36s
   4   4.65976982e+02 -1.95636205e+04  2.28e+02 6.22e-14  3.29e-01    36s
   5   4.26342958e+02 -5.04570570e+03  1.02e+02 9.31e-15  8.26e-02    36s
   6   3.91994501e+02 -1.54291859e+03  2.49e+01 3.60e-15  2.59e-02    37s
   7   3.81399173e+02 -2.38673714e+02  1.03e+01 1.78e-15  8.09e-03    37s
   8   3.73339601e+02  1.62088179e+02  1.51e+00 6.54e-16  2.70e-03    37s
   9   3.69510743e+02  2.59670121e+02  3.12e-01 8.88e-16  1.40e-03    38s
  10   3.68350289e+02  3.03742289e+02  1.75e-01 6.66e-16  8.21e-04    38s
  11   3.67334620e+02  3.24893608e+02  9.76e-02 4.44e-16  5.39e-04    38s
  12   3.66222821e+02  3.40155302e+02  3.66e-02 4.44e-16  3.31e-04    38s
  13   3.65795507e+02  3.47898324e+02  2.09e-02 4.44e-16  2.27e-04    39s
  14   3.65102015e+02  3.52297718e+02  3.44e-03 2.22e-16  1.63e-04    39s
  15   3.64431732e+02  3.57375788e+02  2.87e-05 6.66e-16  8.96e-05    39s
  16   3.64186682e+02  3.59556785e+02  2.14e-05 1.11e-16  5.88e-05    40s
  17   3.63884341e+02  3.60255099e+02  1.32e-05 2.22e-16  4.61e-05    40s
  18   3.63715163e+02  3.61500750e+02  8.63e-06 2.22e-16  2.81e-05    40s
  19   3.63575728e+02  3.62228757e+02  5.15e-06 8.88e-16  1.71e-05    40s
  20   3.63495909e+02  3.62454435e+02  3.24e-06 4.44e-16  1.32e-05    41s
  21   3.63475145e+02  3.62654865e+02  2.76e-06 2.22e-16  1.04e-05    41s
  22   3.63424688e+02  3.62918560e+02  1.65e-06 2.22e-16  6.43e-06    41s
  23   3.63413436e+02  3.62993760e+02  1.43e-06 2.22e-16  5.33e-06    42s
  24   3.63400608e+02  3.63045742e+02  1.18e-06 2.24e-16  4.51e-06    42s
  25   3.63384879e+02  3.63131353e+02  8.87e-07 1.16e-16  3.22e-06    42s
  26   3.63379636e+02  3.63158113e+02  7.90e-07 4.44e-16  2.81e-06    42s
  27   3.63367704e+02  3.63222484e+02  5.63e-07 2.22e-16  1.84e-06    43s
  28   3.63358884e+02  3.63246840e+02  4.07e-07 2.22e-16  1.42e-06    43s
  29   3.63350719e+02  3.63279532e+02  2.62e-07 2.22e-16  9.04e-07    43s
  30   3.63343553e+02  3.63294900e+02  1.46e-07 2.22e-16  6.18e-07    44s
  31   3.63341393e+02  3.63302819e+02  1.14e-07 4.44e-16  4.90e-07    44s
  32   3.63339565e+02  3.63311021e+02  8.79e-08 7.20e-17  3.63e-07    44s
  33   3.63337509e+02  3.63316798e+02  5.83e-08 2.22e-16  2.63e-07    44s
  34   3.63336282e+02  3.63322577e+02  4.15e-08 2.22e-16  1.74e-07    45s
  35   3.63334966e+02  3.63325793e+02  2.45e-08 1.11e-15  1.16e-07    45s
  36   3.63334071e+02  3.63328366e+02  1.33e-08 2.22e-16  7.25e-08    45s
  37   3.63333767e+02  3.63330098e+02  9.58e-09 2.22e-16  4.66e-08    46s
  38   3.63333583e+02  3.63330967e+02  7.35e-09 2.22e-16  3.32e-08    46s
  39   3.63333356e+02  3.63331391e+02  4.57e-09 2.22e-16  2.50e-08    46s
  40   3.63333180e+02  3.63332320e+02  2.47e-09 2.22e-16  1.09e-08    46s
  41   3.63333018e+02  3.63332555e+02  6.52e-10 2.22e-16  5.88e-09    47s
  42   3.63332996e+02  3.63332758e+02  4.48e-10 2.22e-16  3.02e-09    47s
  43   3.63332980e+02  3.63332813e+02  2.96e-10 6.66e-16  2.12e-09    47s
  44   3.63332957e+02  3.63332887e+02  7.90e-11 5.55e-17  8.90e-10    48s
  45   3.63332953e+02  3.63332905e+02  5.31e-11 2.22e-16  6.08e-10    48s
  46   3.63332953e+02  3.63332919e+02  4.74e-11 1.40e-15  4.22e-10    48s
  47   3.63332949e+02  3.63332936e+02  1.26e-10 2.13e-14  1.64e-10    49s
  48   3.63332948e+02  3.63332938e+02  7.67e-11 3.73e-14  1.28e-10    49s
  49   3.63332948e+02  3.63332943e+02  8.60e-11 1.16e-13  6.35e-11    49s
  50   3.63332948e+02  3.63332943e+02  5.28e-09 1.15e-13  6.26e-11    50s
  51   3.63332948e+02  3.63332943e+02  5.28e-09 1.15e-13  6.26e-11    50s
  52   3.63332948e+02  3.63332943e+02  5.28e-09 1.15e-13  6.26e-11    50s

Barrier solved model in 52 iterations and 50.27 seconds
Optimal objective 3.63332948e+02


Root crossover log...

    4845 DPushes remaining with DInf 0.0000000e+00                50s
       0 DPushes remaining with DInf 0.0000000e+00                50s

   12963 PPushes remaining with PInf 2.9011513e-04                50s
       0 PPushes remaining with PInf 2.0671118e-06                51s

  Push phase complete: Pinf 2.0671118e-06, Dinf 2.0368789e-02     51s


Root simplex log...

Iteration    Objective       Primal Inf.    Dual Inf.      Time
   15491    3.6333295e+02   0.000000e+00   2.036279e-02     51s
   15639    3.6333295e+02   0.000000e+00   0.000000e+00     51s
   15639    3.6333295e+02   0.000000e+00   0.000000e+00     51s

Root relaxation: objective 3.633329e+02, 15639 iterations, 20.97 seconds

    Nodes    |    Current Node    |     Objective Bounds      |     Work
 Expl Unexpl |  Obj  Depth IntInf | Incumbent    BestBd   Gap | It/Node Time

     0     0  364.64262    0 2906          -  364.64262      -     -   54s
     0     0  388.32153    0 2845          -  388.32153      -     -   85s
     0     0  389.14425    0 2516          -  389.14425      -     -  125s
     0     0  389.19090    0 2509          -  389.19090      -     -  131s
     0     0  389.19171    0 2505          -  389.19171      -     -  133s
     0     0  393.52052    0 2539          -  393.52052      -     -  243s
     0     0  394.52077    0 2454          -  394.52077      -     -  299s
     0     0  394.77994    0 2302          -  394.77994      -     -  310s
     0     0  394.78846    0 2269          -  394.78846      -     -  312s
     0     0  394.78871    0 2311          -  394.78871      -     -  322s
     0     0  400.36343    0 2246          -  400.36343      -     -  464s
H    0     0                     433.6083817  400.36343  7.67%     -  536s
H    0     0                     433.6083794  400.36343  7.67%     -  536s
H    0     0                     433.6083745  400.36343  7.67%     -  536s
     0     0  401.00414    0 2309  433.60837  401.00414  7.52%     -  538s
     0     0  401.13262    0 2282  433.60837  401.13262  7.49%     -  593s
     0     0  401.13401    0 2300  433.60837  401.13401  7.49%     -  598s
H    0     0                     433.6083738  401.13401  7.49%     -  625s
H    0     0                     433.6083561  401.13401  7.49%     -  732s
     0     0  407.32956    0 2261  433.60836  407.32956  6.06%     -  734s
H    0     0                     433.6083551  407.32956  6.06%     -  739s
H    0     0                     433.6083343  407.32956  6.06%     -  818s
     0     0  407.61842    0 2205  433.60833  407.61842  5.99%     -  818s
     0     0  407.64629    0 2240  433.60833  407.64629  5.99%     -  851s
     0     0  407.65101    0 2234  433.60833  407.65101  5.99%     -  872s
H    0     0                     433.6083297  407.65101  5.99%     -  994s
     0     0  412.60023    0 2226  433.60833  412.60023  4.84%     -  995s
     0     0  412.63916    0 2253  433.60833  412.63916  4.84%     - 1042s
     0     0  412.64611    0 2210  433.60833  412.64611  4.83%     - 1058s
H    0     0                     433.5084957  412.64611  4.81%     - 1117s
     0     0  418.20643    0 2066  433.50850  418.20643  3.53%     - 1226s
     0     0  418.38056    0 2043  433.50850  418.38056  3.49%     - 1258s
     0     0  418.41556    0 2099  433.50850  418.41556  3.48%     - 1292s
     0     0  418.42143    0 2080  433.50850  418.42143  3.48%     - 1309s
     0     0  423.86241    0 2094  433.50850  423.86241  2.23%     - 1360s
     0     0  423.90549    0 2117  433.50850  423.90549  2.22%     - 1379s
     0     0  423.91280    0 2091  433.50850  423.91280  2.21%     - 1386s
H    0     0                     433.5084880  423.91280  2.21%     - 1401s
     0     0  424.27703    0 2054  433.50849  424.27703  2.13%     - 1415s
H    0     0                     432.2731587  424.27703  1.85%     - 1422s
     0     0  424.28482    0 2065  432.27316  424.28482  1.85%     - 1422s
     0     0  424.54734    0 2084  432.27316  424.54734  1.79%     - 1440s
     0     0  424.55455    0 2067  432.27316  424.55455  1.79%     - 1449s
H    0     0                     432.2731520  424.55455  1.79%     - 1456s
     0     0  424.61170    0 2089  432.27315  424.61170  1.77%     - 1467s
H    0     0                     432.2731515  424.61170  1.77%     - 1468s
     0     0  424.62436    0 2081  432.27315  424.62436  1.77%     - 1476s
     0     0  424.63955    0 1999  432.27315  424.63955  1.77%     - 1492s
     0     0  424.63955    0 1998  432.27315  424.63955  1.77%     - 1499s
H    0     0                     432.2731491  424.63955  1.77%     - 1693s
H    0     0                     432.2731428  424.63955  1.77%     - 1839s
     0     2  424.63955    0 1998  432.27314  424.63955  1.77%     - 1843s
     1     2 infeasible    1       432.27314  424.63955  1.77%  7810 1851s
     3     4  426.59793    2 1701  432.27314  425.04820  1.67%  3921 1865s
H    5     6                     432.2731424  426.59813  1.31%  2751 1875s
     9     9  430.17626    4 1608  432.27314  426.65671  1.30%  1731 1895s
    15    12  431.43460    5 1624  432.27314  426.80964  1.26%  1461 1923s
    24    16  431.79205    6 1632  432.27314  426.94480  1.23%  1227 1968s
    36    30     cutoff    7       432.27314  427.16029  1.18%  1113 1993s
    52    50  427.80418    8 1624  432.27314  427.17357  1.18%   994 2024s
H   82    58                     432.2731423  427.20591  1.17%   835 2057s
H   83    58                     432.2731401  427.20591  1.17%   834 2057s
H   84    58                     432.2731397  427.20591  1.17%   833 2057s
H   87    58                     432.2731391  427.34757  1.14%   834 2057s
H  104    58                     432.2731387  427.34757  1.14%   875 2057s
   114    60  429.25586   10 1476  432.27314  427.34757  1.14%   952 2146s
H  116    60                     432.2675308  427.34757  1.14%   944 2146s
H  146    74                     432.2674926  427.37702  1.13%   996 2182s
H  149    74                     432.2674924  427.37702  1.13%   984 2182s
H  152    74                     432.2674886  427.37702  1.13%   993 2182s
H  158    74                     432.2674876  427.37702  1.13%   991 2182s
H  170    74                     432.2674873  427.37702  1.13%   967 2182s
H  172    74                     432.2674863  427.37702  1.13%   963 2182s
   178    91  430.83205   12 1544  432.26749  427.37702  1.13%   944 2215s
   210   103  431.32059   13 1517  432.26749  427.37702  1.13%   960 2267s
   242   118     cutoff   14       432.26749  427.37702  1.13%   957 2319s
   281   130  431.21948   14 1534  432.26749  427.37702  1.13%   937 2657s
H  283   130                     432.2475760  427.37702  1.13%   932 2657s
   315   155  431.43698   15 1528  432.24758  427.37702  1.13%   899 2713s
   357   147  431.44077   17 1513  432.24758  427.37702  1.13%   858 2759s
   424   151     cutoff   20       432.24758  427.37702  1.13%   776 2796s
   483   158  431.99106   16 1569  432.24758  427.37702  1.13%   734 2855s
   559   177     cutoff   18       432.24758  427.92341  1.00%   683 2901s
   637   214  429.40460   11 1559  432.24758  427.92341  1.00%   647 2941s
   712   259  429.90130   12 1522  432.24758  427.92341  1.00%   619 2973s
   793   280  429.99475   13 1522  432.24758  427.92341  1.00%   586 2997s
   879   320  430.42988   15 1510  432.24758  427.92341  1.00%   556 3024s
   979   374  431.28563   18 1514  432.24758  427.92341  1.00%   526 3076s
H 1092   388                     432.2474289  427.92341  1.00%   498 3359s
H 1107   388                     432.2447463  427.92341  1.00%   497 3359s
H 1122   388                     432.2430172  427.92341  1.00%   493 3359s

Cutting planes:
  Learned: 55
  Gomory: 19
  Cover: 159
  Implied bound: 324
  Projected implied bound: 182
  Clique: 21
  MIR: 911
  Flow cover: 3762
  GUB cover: 9
  Zero half: 25
  RLT: 2268
  Relax-and-lift: 177

Explored 1134 nodes (645362 simplex iterations) in 3360.48 seconds
Thread count was 32 (of 32 available processors)

Solution count 10: 432.243 432.245 432.247 ... 432.267

Optimal solution found (tolerance 1.00e-02)
Best objective 4.322430172306e+02, best bound 4.279234109756e+02, gap 0.9993%
