
Gurobi 9.1.0 (linux64) logging started Thu Aug  5 10:25:10 2021

Changed value of parameter LogFile to eab_parasitoid_0_2_0.2_bud.log
   Prev:   Default: 
Changed value of parameter MIPGap to 0.01
   Prev: 0.0001  Min: 0.0  Max: inf  Default: 0.0001
Changed value of parameter Method to 2
   Prev: -1  Min: -1  Max: 5  Default: -1
Changed value of parameter MIPFocus to 2
   Prev: 0  Min: 0  Max: 3  Default: 0
Changed value of parameter RINS to 100
   Prev: -1  Min: -1  Max: 2000000000  Default: -1
Gurobi Optimizer version 9.1.0 build v9.1.0rc0 (linux64)
Thread count: 32 physical cores, 32 logical processors, using up to 32 threads
Optimize a model with 203396 rows, 134935 columns and 685039 nonzeros
Model fingerprint: 0x6132616c
Variable types: 55779 continuous, 79156 integer (79156 binary)
Coefficient statistics:
  Matrix range     [2e-04, 1e+06]
  Objective range  [1e-06, 1e-01]
  Bounds range     [1e+00, 6e+03]
  RHS range        [1e-04, 1e+06]
Presolve removed 180150 rows and 114695 columns (presolve time = 5s) ...
Presolve removed 189636 rows and 123643 columns (presolve time = 10s) ...
Presolve removed 191864 rows and 125654 columns (presolve time = 15s) ...
Presolve removed 193008 rows and 126458 columns (presolve time = 20s) ...
Presolve removed 193055 rows and 126493 columns
Presolve time: 21.52s
Presolved: 10341 rows, 8442 columns, 136483 nonzeros
Variable types: 3501 continuous, 4941 integer (4938 binary)
Presolve removed 14 rows and 14 columns
Presolved: 10327 rows, 8428 columns, 136447 nonzeros

Root barrier log...

Ordering time: 1.25s

Barrier statistics:
 Dense cols : 144
 AA' NZ     : 5.909e+05
 Factor NZ  : 2.837e+06 (roughly 30 MBytes of memory)
 Factor Ops : 2.409e+09 (less than 1 second per iteration)
 Threads    : 31

                  Objective                Residual
Iter       Primal          Dual         Primal    Dual     Compl     Time
   0   2.15525531e+03 -1.38557845e+04  3.31e+04 1.70e-01  3.76e+01    26s
   1   1.71408687e+03 -1.47563536e+04  2.28e+04 2.74e-01  2.46e+01    26s
   2   8.58305643e+02 -1.32670339e+04  3.03e+03 1.71e-02  3.83e+00    26s
   3   7.05993283e+02 -8.72011764e+03  9.94e+02 2.57e-03  1.30e+00    26s
   4   6.54877959e+02 -4.15160695e+03  6.45e+02 1.69e-13  6.12e-01    27s
   5   5.60988375e+02 -2.52166332e+03  1.85e+02 3.89e-15  2.13e-01    27s
   6   5.31045646e+02 -6.05059794e+02  4.96e+01 1.07e-14  5.66e-02    27s
   7   5.19312613e+02  5.48182405e+01  1.28e+01 1.22e-15  1.95e-02    27s
   8   5.12205844e+02  3.84628066e+02  1.23e+00 1.24e-14  4.89e-03    27s
   9   5.09250384e+02  4.33126111e+02  3.96e-01 1.24e-14  2.88e-03    28s
  10   5.07716610e+02  4.67914485e+02  1.25e-01 1.24e-14  1.50e-03    28s
  11   5.06709496e+02  4.89458436e+02  3.64e-02 4.38e-16  6.49e-04    28s
  12   5.05700325e+02  4.95146199e+02  3.11e-04 4.44e-15  3.96e-04    28s
  13   5.05296776e+02  5.01189689e+02  2.06e-04 2.66e-15  1.54e-04    28s
  14   5.04823958e+02  5.02974216e+02  9.35e-05 2.22e-16  6.93e-05    29s
  15   5.04630232e+02  5.03600773e+02  5.25e-05 2.22e-16  3.86e-05    29s
  16   5.04521461e+02  5.03827200e+02  3.39e-05 2.22e-16  2.60e-05    29s
  17   5.04460208e+02  5.03971854e+02  2.35e-05 8.88e-16  1.83e-05    29s
  18   5.04416191e+02  5.04058856e+02  1.61e-05 2.66e-15  1.34e-05    29s
  19   5.04378962e+02  5.04184332e+02  9.96e-06 1.78e-15  7.29e-06    30s
  20   5.04348812e+02  5.04255217e+02  4.97e-06 2.22e-16  3.51e-06    30s
  21   5.04339630e+02  5.04284548e+02  3.48e-06 8.88e-16  2.06e-06    30s
  22   5.04332153e+02  5.04289512e+02  2.27e-06 9.99e-16  1.60e-06    30s
  23   5.04327079e+02  5.04298138e+02  1.42e-06 4.44e-16  1.08e-06    30s
  24   5.04323056e+02  5.04306632e+02  7.40e-07 9.99e-16  6.15e-07    31s
  25   5.04321806e+02  5.04310742e+02  5.37e-07 1.11e-16  4.14e-07    31s
  26   5.04320095e+02  5.04312982e+02  2.55e-07 1.74e-16  2.66e-07    31s
  27   5.04319368e+02  5.04316225e+02  1.27e-07 4.44e-15  1.18e-07    31s
  28   5.04319091e+02  5.04317258e+02  8.13e-08 1.11e-16  6.87e-08    31s
  29   5.04318960e+02  5.04317629e+02  6.05e-08 8.88e-16  4.98e-08    32s
  30   5.04318856e+02  5.04317986e+02  4.43e-08 2.22e-16  3.26e-08    32s
  31   5.04318780e+02  5.04318061e+02  3.25e-08 2.22e-16  2.69e-08    32s
  32   5.04318657e+02  5.04318291e+02  1.23e-08 1.11e-16  1.37e-08    32s
  33   5.04318594e+02  5.04318483e+02  2.68e-09 2.22e-16  4.17e-09    32s
  34   5.04318579e+02  5.04318548e+02  6.40e-10 1.15e-14  1.16e-09    33s
  35   5.04318576e+02  5.04318565e+02  2.51e-10 5.33e-15  4.08e-10    33s
  36   5.04318574e+02  5.04318572e+02  3.81e-11 2.22e-16  5.99e-11    33s

Barrier solved model in 36 iterations and 32.91 seconds
Optimal objective 5.04318574e+02


Root crossover log...

     654 DPushes remaining with DInf 0.0000000e+00                33s
       0 DPushes remaining with DInf 0.0000000e+00                33s

    4217 PPushes remaining with PInf 0.0000000e+00                33s
       0 PPushes remaining with PInf 0.0000000e+00                33s

  Push phase complete: Pinf 0.0000000e+00, Dinf 1.8260877e-01     33s


Root simplex log...

Iteration    Objective       Primal Inf.    Dual Inf.      Time
    4672    5.0431857e+02   0.000000e+00   1.826088e-01     33s
    4705    5.0431857e+02   0.000000e+00   0.000000e+00     33s
    4705    5.0431857e+02   0.000000e+00   0.000000e+00     33s

Root relaxation: objective 5.043186e+02, 4705 iterations, 11.41 seconds

    Nodes    |    Current Node    |     Objective Bounds      |     Work
 Expl Unexpl |  Obj  Depth IntInf | Incumbent    BestBd   Gap | It/Node Time

     0     0  505.36668    0 2358          -  505.36668      -     -   35s
     0     0  564.14478    0 2098          -  564.14478      -     -   67s
     0     0  564.84359    0 2120          -  564.84359      -     -  107s
     0     0  564.88754    0 2133          -  564.88754      -     -  115s
     0     0  564.88827    0 2128          -  564.88827      -     -  119s
H    0     0                     660.9921243  564.88827  14.5%     -  154s
H    0     0                     659.8551498  564.88827  14.4%     -  154s
     0     0  573.25016    0 2132  659.85515  573.25016  13.1%     -  155s
H    0     0                     659.7822099  573.25016  13.1%     -  156s
H    0     0                     659.4594028  573.25016  13.1%     -  175s
     0     0  574.79805    0 2147  659.45940  574.79805  12.8%     -  175s
     0     0  574.96131    0 2150  659.45940  574.96131  12.8%     -  184s
     0     0  575.12390    0 2105  659.45940  575.12390  12.8%     -  194s
     0     0  575.12526    0 2116  659.45940  575.12526  12.8%     -  196s
     0     0  586.52064    0 2020  659.45940  586.52064  11.1%     -  228s
     0     0  586.62035    0 2046  659.45940  586.62035  11.0%     -  246s
     0     0  586.64182    0 2049  659.45940  586.64182  11.0%     -  263s
     0     0  593.81714    0 1968  659.45940  593.81714  10.0%     -  296s
     0     0  593.90507    0 2065  659.45940  593.90507  9.94%     -  305s
     0     0  593.91628    0 2060  659.45940  593.91628  9.94%     -  309s
H    0     0                     621.7071972  593.91628  4.47%     -  359s
H    0     0                     621.6841250  593.91628  4.47%     -  359s
     0     0  596.23563    0 2099  621.68413  596.23563  4.09%     -  359s
     0     0  596.28912    0 2062  621.68413  596.28912  4.08%     -  367s
     0     0  599.64309    0 2073  621.68413  599.64309  3.55%     -  412s
H    0     0                     619.6124941  599.64309  3.22%     -  415s
H    0     0                     619.6113016  599.64309  3.22%     -  415s
     0     0  599.93148    0 2059  619.61130  599.93148  3.18%     -  436s
     0     0  599.99041    0 2084  619.61130  599.99041  3.17%     -  442s
     0     0  600.65232    0 2018  619.61130  600.65232  3.06%     -  459s
     0     0  600.69256    0 2009  619.61130  600.69256  3.05%     -  464s
H    0     0                     613.6556334  600.69256  2.11%     -  496s
H    0     0                     613.6555672  600.69256  2.11%     -  496s
     0     0  600.78431    0 2007  613.65557  600.78431  2.10%     -  496s
     0     0  600.78431    0 2000  613.65557  600.78431  2.10%     -  502s
H    0     0                     613.6336214  600.78431  2.09%     -  798s
     0     2  600.78466    0 2000  613.63362  600.78466  2.09%     -  801s
     1     4  605.77764    1 1977  613.63362  600.78466  2.09%  2212  806s
     3     8  610.60989    2 1980  613.63362  601.56054  1.97%  2353  856s
     7    16  610.76015    3 1971  613.63362  601.67742  1.95%  2613  879s
    15    32  612.07383    4 2015  613.63362  601.91452  1.91%  3200  891s
    31    40     cutoff    5       613.63362  602.36170  1.84%  4295  916s
    63    64  602.75774    6 1967  613.63362  602.64356  1.79%  4078 1277s
    95    84  603.12257    7 1969  613.63362  602.75774  1.77%  4061 1416s
H  127   102                     613.5050210  602.75774  1.75%  3942 1661s
H  130   102                     613.5041461  602.75774  1.75%  3943 1661s
H  131   102                     613.4830844  602.75774  1.75%  3922 1661s
H  133   102                     613.4608363  602.75774  1.74%  3898 1661s
   159   124  606.90497    8 1877  613.46084  602.75774  1.74%  3677 1842s
H  161   124                     613.4409607  602.75774  1.74%  3642 1842s
H  163   124                     613.4340186  602.75774  1.74%  3617 1842s
H  165   124                     613.4263271  602.75774  1.74%  3585 1842s
   191   153  604.24614    9 1919  613.42633  602.75774  1.74%  3390 1949s
   230   181  604.27289   10 1951  613.42633  602.75774  1.74%  3084 4333s
H  232   181                     613.3825727  602.75774  1.73%  3062 4333s
H  262   202                     613.3451044  602.75774  1.73%  2960 7105s
H  279   202                     613.3319073  602.75774  1.72%  2906 7105s
   296   233  604.31302   12 1930  613.33191  602.75774  1.72%  2836 7265s
H  354   249                     613.3319049  602.75774  1.72%  2630 9317s
H  371   249                     613.2970050  602.75774  1.72%  2618 9317s
   388   312  604.72110   14 1929  613.29701  602.75774  1.72%  2589 9578s
   469   372  605.34335   16 1919  613.29701  602.75774  1.72%  2435 9777s
   545   449  606.00195   16 1934  613.29701  602.75774  1.72%  2331 9946s
   638   529  605.42201   17 1904  613.29701  602.75774  1.72%  2165 10136s
   741   626  606.08900   18 1903  613.29701  602.75774  1.72%  2027 10303s
   852   731  605.53044   17 1911  613.29701  602.75774  1.72%  1893 10443s
   987   835  607.04133   18 1943  613.29701  602.75774  1.72%  1737 10616s
  1123   961  606.74501   18 1921  613.29701  602.75774  1.72%  1609 10688s
  1277  1080  606.98510   19 1913  613.29701  602.75774  1.72%  1487 10716s
  1427  1211  607.07150   20 1902  613.29701  602.75774  1.72%  1393 10738s
  1599  1259  609.16373   21 1911  613.29701  602.75774  1.72%  1302 15065s
H 1614  1259                     613.2947499  602.75774  1.72%  1295 15065s
  1667  1397  607.75925   21 1908  613.29475  602.75774  1.72%  1288 15131s
  1849  1600  609.55541   21 1892  613.29475  602.75774  1.72%  1225 15162s
  2065  1763  609.77996   21 1907  613.29475  602.75774  1.72%  1142 15191s
  2255  1982  607.44402   25 1912  613.29475  602.75774  1.72%  1093 15282s
  2492  2136  608.32491   26 1898  613.29475  602.75774  1.72%  1031 18906s
H 2507  2136                     613.2947476  602.75774  1.72%  1027 18906s
H 2525  2136                     613.2868507  602.75774  1.72%  1020 18906s
H 2548  2133                     613.2478919  602.75774  1.71%  1015 18907s
  2675  2366     cutoff   25       613.24789  602.75774  1.71%   995 19159s
  2840  2366     cutoff   25       613.24789  602.75774  1.71%   964 19160s
H 2959  2363                     613.2387234  602.75774  1.71%   942 22563s
  2960  2363  610.56589   50 2000  613.23872  602.75774  1.71%   942 22801s
H 2961  2245                     613.2387164  602.75774  1.71%   942 22821s
  2963  2246  610.16272   23 2022  613.23872  602.75774  1.71%   941 22841s
  2964  2247  610.53130   40 2043  613.23872  602.75774  1.71%   941 22845s
  2965  2247  609.58540   36 1903  613.23872  602.75774  1.71%   940 22850s
  2966  2248  608.11116   13 1829  613.23872  602.75774  1.71%   940 22858s
  2967  2249  612.44613  125 1824  613.23872  602.75774  1.71%   940 22870s
  2968  2249  607.94834   22 1824  613.23872  602.75774  1.71%   939 22887s
  2969  2250  607.81734   20 1772  613.23872  602.75774  1.71%   939 22901s
  2970  2251  612.14748   32 1849  613.23872  602.75774  1.71%   939 22910s
  2971  2251  610.71316   29 1877  613.23872  602.75774  1.71%   938 22918s
  2972  2252  612.69979   94 1891  613.23872  602.75774  1.71%   938 22923s
  2973  2253  610.15401   29 1933  613.23872  602.75774  1.71%   938 22933s
  2974  2253  613.00642   45 1967  613.23872  602.75774  1.71%   937 22942s
  2975  2254  612.43898    7 1964  613.23872  602.75774  1.71%   937 22953s
  2976  2255  606.64265   17 1903  613.23872  603.46402  1.59%   937 23047s
  2977  2255  610.34587   52 1921  613.23872  603.51292  1.59%   936 23087s
  2978  2256  612.71330   54 1950  613.23872  603.56860  1.58%   936 23113s
  2979  2257  612.52348  143 1975  613.23872  603.59390  1.57%   936 23125s
  2980  2257  612.90024  131 1978  613.23872  603.61489  1.57%   936 23140s
  2981  2258  611.06724  108 1977  613.23872  603.61937  1.57%   935 23194s
  2982  2259  608.12750   16 1935  613.23872  603.82905  1.53%   935 23298s
H 2982  2146                     613.2387130  603.82905  1.53%   935 23322s
  2984  2147  611.37554   67 1925  613.23871  603.90519  1.52%   934 23339s
  2985  2148  607.08521   22 1907  613.23871  603.94141  1.52%   934 23353s
  2986  2148  606.84667   17 1908  613.23871  603.95523  1.51%   934 23363s
  2987  2149  609.11218   21 1893  613.23871  603.96876  1.51%   933 23373s
  2988  2150  611.43079   64 1912  613.23871  603.97543  1.51%   933 23424s
H 2988  2042                     613.2387127  603.97543  1.51%   933 23513s
  2989  2042  611.30817   71 1924  613.23871  604.09970  1.49%   933 23520s
  2990  2043  608.85568   11 1882  613.23871  604.11069  1.49%   932 23539s
  2991  2044  613.20349  108 1897  613.23871  604.13472  1.48%   932 23566s
  2992  2044  611.91173   94 1893  613.23871  604.13861  1.48%   932 23628s
H 2992  1941                     613.2387125  604.13861  1.48%   932 23722s
  2993  1942  609.26735   23 1876  613.23871  604.16591  1.48%   931 23727s
  2994  1943  611.12252  130 1908  613.23871  604.33168  1.45%   931 23770s
  2995  1943  611.94344   29 1891  613.23871  604.40832  1.44%   931 23848s
  2996  1944  611.19090   38 1868  613.23871  604.40832  1.44%   931 23872s
  2997  1945  606.98158   18 1916  613.23871  604.53064  1.42%   930 23975s
  2998  1945  612.57591   43 1877  613.23871  604.57866  1.41%   930 24134s
  2999  1946  611.98885   23 1891  613.23871  604.72410  1.39%   930 24241s
  3000  1947  609.78411   22 1958  613.23871  604.80277  1.38%   929 24356s
  3001  1947  612.11905   96 1958  613.23871  604.80277  1.38%   929 24404s
  3002  1948  607.99400   15 1958  613.23871  604.80277  1.38%   929 25346s
H 3002  1852                     613.2387125  604.80277  1.38%   953 25357s
  3003  1854  604.80277   15 1909  613.23871  604.80277  1.38%   953 25944s
  3005  1857  606.77707   16 1896  613.23871  604.80277  1.38%   955 26428s
  3009  1864  609.10466   17 1951  613.23871  604.80277  1.38%   955 27379s
  3017  1875  609.60592   18 1908  613.23871  604.80277  1.38%   963 27635s
  3033  1874     cutoff   19       613.23871  604.80442  1.38%   979 27856s
H 3056  1773                     613.2387120  604.98495  1.35%  1001 27857s
  3063  1771  604.99071   20 1931  613.23871  604.99071  1.34%  1003 28088s
  3095  1762     cutoff   21       613.23871  604.99161  1.34%  1029 28248s
  3127  1773  606.29872   22 1829  613.23871  606.20016  1.15%  1081 28897s
H 3131  1683                     613.2351066  606.29872  1.13%  1082 28897s
H 3154  1591                     613.2281777  606.29872  1.13%  1089 28897s
  3159  1616  608.02512   23 1796  613.22818  606.29872  1.13%  1092 28968s
  3191  1634  609.02176   24 1812  613.22818  606.37946  1.12%  1100 29032s
  3232  1644  609.11878   25 1824  613.22818  606.38046  1.12%  1114 31954s
  3264  1656  609.73216   26 1855  613.22818  607.05425  1.01%  1124 32077s

Cutting planes:
  Learned: 25
  Gomory: 42
  Cover: 188
  Implied bound: 63
  Projected implied bound: 124
  Clique: 13
  MIR: 527
  Flow cover: 2768
  GUB cover: 7
  Zero half: 36
  Mod-K: 1
  RLT: 1249
  Relax-and-lift: 270

Explored 3314 nodes (3826753 simplex iterations) in 32078.35 seconds
Thread count was 32 (of 32 available processors)

Solution count 10: 613.228 613.235 613.239 ... 613.248

Optimal solution found (tolerance 1.00e-02)
Warning: max constraint violation (2.0547e-06) exceeds tolerance
Best objective 6.132281776958e+02, best bound 6.071258283929e+02, gap 0.9951%

Gurobi 9.1.0 (linux64) logging started Thu Aug 19 21:08:01 2021

Changed value of parameter LogFile to eab_parasitoid_0_2_0.2_bud.log
   Prev:   Default: 
Changed value of parameter MIPGap to 0.01
   Prev: 0.0001  Min: 0.0  Max: inf  Default: 0.0001
Changed value of parameter Method to 2
   Prev: -1  Min: -1  Max: 5  Default: -1
Changed value of parameter MIPFocus to 2
   Prev: 0  Min: 0  Max: 3  Default: 0
Changed value of parameter RINS to 100
   Prev: -1  Min: -1  Max: 2000000000  Default: -1
Changed value of parameter SolutionLimit to 1
   Prev: 2000000000  Min: 1  Max: 2000000000  Default: 2000000000
Gurobi Optimizer version 9.1.0 build v9.1.0rc0 (linux64)
Thread count: 32 physical cores, 32 logical processors, using up to 32 threads
Optimize a model with 203396 rows, 134935 columns and 685039 nonzeros
Model fingerprint: 0xf0a2534f
Variable types: 55779 continuous, 79156 integer (79156 binary)
Coefficient statistics:
  Matrix range     [2e-04, 1e+06]
  Objective range  [1e-06, 1e-01]
  Bounds range     [1e+00, 6e+03]
  RHS range        [1e-04, 1e+06]

User MIP start produced solution with objective 613.754 (1.49s)
User MIP start produced solution with objective 613.531 (1.52s)
User MIP start produced solution with objective 613.228 (1.64s)
Loaded user MIP start with objective 613.228
Processed MIP start in 1.65 seconds


Explored 0 nodes (0 simplex iterations) in 1.66 seconds
Thread count was 1 (of 32 available processors)

Solution count 4: 613.228 

Solution limit reached
Best objective 6.132281556303e+02, best bound -, gap -
