
Gurobi 9.1.0 (linux64) logging started Fri Aug  6 14:48:30 2021

Changed value of parameter LogFile to eab_parasitoid_1_2_0.6_bud.log
   Prev:   Default: 
Changed value of parameter MIPGap to 0.01
   Prev: 0.0001  Min: 0.0  Max: inf  Default: 0.0001
Changed value of parameter Method to 2
   Prev: -1  Min: -1  Max: 5  Default: -1
Changed value of parameter MIPFocus to 2
   Prev: 0  Min: 0  Max: 3  Default: 0
Changed value of parameter RINS to 100
   Prev: -1  Min: -1  Max: 2000000000  Default: -1
Gurobi Optimizer version 9.1.0 build v9.1.0rc0 (linux64)
Thread count: 32 physical cores, 32 logical processors, using up to 32 threads
Optimize a model with 203396 rows, 134935 columns and 685039 nonzeros
Model fingerprint: 0x014c61a5
Variable types: 55779 continuous, 79156 integer (79156 binary)
Coefficient statistics:
  Matrix range     [2e-04, 6e+05]
  Objective range  [1e-06, 1e-01]
  Bounds range     [1e+00, 6e+03]
  RHS range        [1e-04, 6e+05]
Presolve removed 190537 rows and 124699 columns (presolve time = 5s) ...
Presolve removed 193204 rows and 126549 columns (presolve time = 10s) ...
Presolve removed 193257 rows and 126595 columns
Presolve time: 12.12s
Presolved: 10139 rows, 8340 columns, 132149 nonzeros
Variable types: 3610 continuous, 4730 integer (4729 binary)
Presolve removed 19 rows and 18 columns
Presolved: 10120 rows, 8322 columns, 132101 nonzeros

Root barrier log...

Ordering time: 0.88s

Barrier statistics:
 Dense cols : 144
 AA' NZ     : 5.644e+05
 Factor NZ  : 2.758e+06 (roughly 30 MBytes of memory)
 Factor Ops : 2.305e+09 (less than 1 second per iteration)
 Threads    : 31

                  Objective                Residual
Iter       Primal          Dual         Primal    Dual     Compl     Time
   0   3.60380018e+03 -1.60394076e+04  8.50e+04 1.99e-01  1.14e+02    15s
   1   2.74748604e+03 -1.98740530e+04  5.90e+04 2.74e-01  7.87e+01    15s
   2   9.86498440e+02 -1.97667256e+04  9.58e+03 1.45e-02  1.39e+01    15s
   3   5.65083876e+02 -1.26443515e+04  4.03e+02 6.04e-13  1.01e+00    16s
   4   4.65055156e+02 -5.57103967e+03  5.84e+01 1.94e-13  3.29e-01    16s
   5   4.29874461e+02 -3.64852074e+03  2.77e+01 1.20e-13  1.92e-01    16s
   6   4.03368426e+02 -1.38427328e+03  6.63e+00 4.57e-14  7.37e-02    16s
   7   3.91835995e+02 -5.77191794e+01  9.17e-01 9.66e-15  1.75e-02    17s
   8   3.86284394e+02  1.92034806e+02  6.19e-02 4.00e-15  7.43e-03    17s
   9   3.84329844e+02  2.92128824e+02  1.41e-02 2.05e-15  3.52e-03    17s
  10   3.83254352e+02  3.42979123e+02  3.37e-03 8.60e-16  1.54e-03    17s
  11   3.82475882e+02  3.63330018e+02  9.09e-05 3.89e-16  7.31e-04    17s
  12   3.81474208e+02  3.70465440e+02  3.87e-05 2.16e-16  4.20e-04    17s
  13   3.80893768e+02  3.77281445e+02  1.28e-05 1.11e-16  1.38e-04    18s
  14   3.80598465e+02  3.79390372e+02  5.46e-06 4.44e-16  4.61e-05    18s
  15   3.80512945e+02  3.79992807e+02  3.68e-06 4.44e-16  1.99e-05    18s
  16   3.80474653e+02  3.80153999e+02  2.87e-06 1.18e-15  1.22e-05    18s
  17   3.80414136e+02  3.80222771e+02  1.60e-06 9.32e-16  7.31e-06    18s
  18   3.80385896e+02  3.80274374e+02  1.01e-06 1.11e-16  4.26e-06    19s
  19   3.80358719e+02  3.80316206e+02  4.38e-07 1.11e-16  1.62e-06    19s
  20   3.80344917e+02  3.80330048e+02  1.33e-07 2.22e-16  5.68e-07    19s
  21   3.80341047e+02  3.80333604e+02  5.27e-08 2.22e-16  2.84e-07    19s
  22   3.80340077e+02  3.80335627e+02  3.32e-08 1.11e-16  1.70e-07    19s
  23   3.80339043e+02  3.80337693e+02  1.06e-08 2.22e-16  5.15e-08    19s
  24   3.80338574e+02  3.80338294e+02  9.54e-10 7.39e-16  1.07e-08    20s
  25   3.80338546e+02  3.80338425e+02  4.61e-10 7.21e-16  4.62e-09    20s
  26   3.80338521e+02  3.80338506e+02  2.81e-11 3.85e-15  5.76e-10    20s
  27   3.80338519e+02  3.80338518e+02  1.86e-12 6.29e-15  2.83e-11    20s

Barrier solved model in 27 iterations and 20.09 seconds
Optimal objective 3.80338519e+02


Root crossover log...

     672 DPushes remaining with DInf 0.0000000e+00                20s
       0 DPushes remaining with DInf 0.0000000e+00                20s

    3827 PPushes remaining with PInf 0.0000000e+00                20s
       0 PPushes remaining with PInf 0.0000000e+00                20s

  Push phase complete: Pinf 0.0000000e+00, Dinf 2.8948884e-02     20s


Root simplex log...

Iteration    Objective       Primal Inf.    Dual Inf.      Time
    4311    3.8033852e+02   0.000000e+00   2.894888e-02     20s
    4323    3.8033852e+02   0.000000e+00   0.000000e+00     20s
    4323    3.8033852e+02   0.000000e+00   0.000000e+00     20s

Root relaxation: objective 3.803385e+02, 4323 iterations, 7.82 seconds

    Nodes    |    Current Node    |     Objective Bounds      |     Work
 Expl Unexpl |  Obj  Depth IntInf | Incumbent    BestBd   Gap | It/Node Time

     0     0  380.55666    0 1612          -  380.55666      -     -   21s
     0     0  391.92976    0 2022          -  391.92976      -     -   28s
     0     0  392.27405    0 1979          -  392.27405      -     -   34s
     0     0  392.28043    0 1963          -  392.28043      -     -   35s
     0     0  392.28076    0 1972          -  392.28076      -     -   35s
     0     0  398.17422    0 1988          -  398.17422      -     -   49s
H    0     0                     506.8209946  398.17422  21.4%     -   56s
H    0     0                     506.8174338  398.17422  21.4%     -   56s
H    0     0                     506.8123848  398.17422  21.4%     -   56s
     0     0  406.08973    0 2002  506.81238  406.08973  19.9%     -   56s
     0     0  406.08973    0 1956  506.81238  406.08973  19.9%     -   59s
     0     0  406.08973    0 1955  506.81238  406.08973  19.9%     -   60s
     0     0  408.51244    0 1950  506.81238  408.51244  19.4%     -   69s
     0     0  408.51244    0 1918  506.81238  408.51244  19.4%     -   75s
     0     0  408.51244    0 1938  506.81238  408.51244  19.4%     -   76s
     0     0  408.51244    0 1940  506.81238  408.51244  19.4%     -   76s
     0     0  409.08394    0 1858  506.81238  409.08394  19.3%     -   80s
H    0     0                     506.6958736  409.08394  19.3%     -   81s
     0     0  409.35416    0 1884  506.69587  409.35416  19.2%     -   82s
     0     0  409.36688    0 1908  506.69587  409.36688  19.2%     -   82s
H    0     0                     433.6808277  409.36688  5.61%     -   93s
H    0     0                     433.6808275  409.36688  5.61%     -   93s
H    0     0                     433.6806832  409.36688  5.61%     -   93s
     0     0  415.05545    0 1845  433.68068  415.05545  4.29%     -   97s
     0     0  415.63392    0 1832  433.68068  415.63392  4.16%     -  101s
     0     0  415.64282    0 1855  433.68068  415.64282  4.16%     -  104s
H    0     0                     433.6806693  415.64282  4.16%     -  118s
     0     0  418.91920    0 1829  433.68067  418.91920  3.40%     -  119s
     0     0  420.44685    0 1796  433.68067  420.44685  3.05%     -  120s
H    0     0                     433.6806015  420.44685  3.05%     -  121s
     0     0  420.50778    0 1796  433.68060  420.50778  3.04%     -  121s
     0     0  420.53469    0 1775  433.68060  420.53469  3.03%     -  121s
     0     0  420.53889    0 1781  433.68060  420.53889  3.03%     -  122s
H    0     0                     433.6806000  420.53889  3.03%     -  127s
H    0     0                     433.6805998  420.53889  3.03%     -  127s
H    0     0                     433.6603196  420.53889  3.03%     -  131s
H    0     0                     433.6534126  420.53889  3.02%     -  131s
H    0     0                     433.6508010  420.53889  3.02%     -  131s
H    0     0                     433.6485453  420.53889  3.02%     -  131s
H    0     0                     433.6350190  420.53889  3.02%     -  131s
     0     0  423.55558    0 1802  433.63502  423.55558  2.32%     -  131s
H    0     0                     433.6327967  423.55558  2.32%     -  134s
     0     0  424.08640    0 1747  433.63280  424.08640  2.20%     -  134s
H    0     0                     433.5926846  424.08640  2.19%     -  135s
H    0     0                     433.5872541  424.08640  2.19%     -  135s
H    0     0                     433.5819896  424.08640  2.19%     -  135s
H    0     0                     433.5681679  424.08640  2.19%     -  135s
     0     0  424.10530    0 1763  433.56817  424.10530  2.18%     -  135s
H    0     0                     433.5680163  424.10530  2.18%     -  138s
H    0     0                     433.5679378  424.10530  2.18%     -  138s
     0     0  424.94667    0 1751  433.56794  424.94667  1.99%     -  140s
     0     0  425.20883    0 1751  433.56794  425.20883  1.93%     -  143s
     0     0  425.21007    0 1759  433.56794  425.21007  1.93%     -  144s
H    0     0                     433.5409900  425.21007  1.92%     -  150s
H    0     0                     433.5409113  425.21007  1.92%     -  150s
H    0     0                     433.5408642  425.21007  1.92%     -  150s
     0     0  425.58282    0 1691  433.54086  425.58282  1.84%     -  150s
     0     0  425.58907    0 1747  433.54086  425.58907  1.83%     -  154s
H    0     0                     433.5408113  425.58907  1.83%     -  157s
H    0     0                     433.5374355  425.58907  1.83%     -  159s
H    0     0                     433.5312195  425.58907  1.83%     -  159s
     0     0  425.59665    0 1708  433.53122  425.59665  1.83%     -  159s
H    0     0                     433.5312193  425.59665  1.83%     -  161s
     0     0  425.59665    0 1689  433.53122  425.59665  1.83%     -  163s
H    0     0                     433.4551738  425.59665  1.81%     -  208s
H    0     2                     433.4551734  425.59665  1.81%     -  213s
     0     2  425.59665    0 1685  433.45517  425.59665  1.81%     -  213s
     1     4  425.60316    1 1684  433.45517  425.59740  1.81%   436  216s
     3     8  430.69235    2 1645  433.45517  425.60316  1.81%  1072  227s
     7    10 infeasible    3       433.45517  425.88755  1.75%  1101  242s
    15    10  427.59116    4 1516  433.45517  426.33981  1.64%  1542  251s
    25    14     cutoff    5       433.45517  427.59163  1.35%  1602  264s
    35    26  428.06379    6 1306  433.45517  428.06091  1.24%  1517  270s
    49    40  430.19992    7 1208  433.45517  428.07030  1.24%  1249  278s
    75    44  431.01756    8 1276  433.45517  428.22378  1.21%  1106  293s
   107    72  432.07349    9 1285  433.45517  428.23582  1.20%  1141  309s
   139    89     cutoff   10       433.45517  428.83819  1.07%  1037  327s
H  140    89                     433.4551638  428.83819  1.07%  1029  327s
H  141    89                     433.4545628  428.83819  1.07%  1027  327s
H  146    89                     433.4524968  428.83819  1.06%  1010  327s
H  157    89                     433.4504301  428.83819  1.06%   975  327s
   171   114     cutoff   10       433.45043  428.92849  1.04%   949  338s
   216   149  431.03491    9 1226  433.45043  428.92849  1.04%   853  345s
   259   190  431.70038    9 1294  433.45043  428.92849  1.04%   797  352s
   313   231  432.10997   10 1208  433.45043  428.92849  1.04%   695  358s
   366   257  431.61596   10 1214  433.45043  428.92849  1.04%   623  366s
   417   278  432.65744   11 1194  433.45043  428.92849  1.04%   595  373s
   471   280     cutoff   11       433.45043  428.92849  1.04%   557  379s
   515   301  431.74137   10 1270  433.45043  428.92849  1.04%   544  387s
   565   333  433.37045   11 1296  433.45043  428.92849  1.04%   529  396s
   629   351     cutoff   11       433.45043  428.92849  1.04%   500  408s
   697   384     cutoff   11       433.45043  428.92849  1.04%   475  549s
H  701   384                     433.4435111  428.92849  1.04%   473  549s
H  716   384                     433.4381755  428.92849  1.04%   470  549s
H  722   384                     433.3865888  428.92849  1.03%   467  549s
   757   425  432.17636   10 1262  433.38659  428.92849  1.03%   463  570s
   827   449  433.31983   11 1236  433.38659  428.92849  1.03%   447  588s
H  828   449                     433.3865887  428.92849  1.03%   447  588s
H  829   449                     433.3865887  428.92849  1.03%   446  588s
H  838   449                     433.3865885  428.92849  1.03%   445  589s
   863   531  432.79801   11 1243  433.38659  428.92849  1.03%   440  599s
   977   621  431.23226   17 1216  433.38659  428.92849  1.03%   409  611s
  1092   716  431.28880   18 1201  433.38659  428.92849  1.03%   383  625s
  1221   820  431.53498   20 1209  433.38659  428.92849  1.03%   357  637s
  1379   934  431.87139   25 1205  433.38659  428.92849  1.03%   329  672s
  1536  1074  432.88594   30 1195  433.38659  428.92849  1.03%   310  686s
  1712  1209  433.20155   40 1151  433.38659  428.92849  1.03%   290  702s
  1894  1318  433.26187   51 1134  433.38659  428.92849  1.03%   273  855s
H 1900  1318                     433.3672903  428.92849  1.02%   272  855s
  2055  1483  433.30607   56 1129  433.36729  428.92849  1.02%   262  871s
  2296  1569  432.87222   28 1187  433.36729  428.92849  1.02%   244 1038s
H 2423  1569                     433.3669969  428.92849  1.02%   239 1038s
  2441  1765  432.99622   33 1181  433.36700  428.92849  1.02%   238 1055s
  2696  1857     cutoff   40       433.36700  428.92849  1.02%   225 1231s
H 2708  1857                     433.3669958  428.92849  1.02%   225 1231s
H 2724  1857                     433.3669907  428.92849  1.02%   224 1231s
H 2814  1857                     433.3667361  428.92849  1.02%   223 1231s
  2830  2108  433.36145   39 1182  433.36674  429.68366  0.85%   222 1249s

Cutting planes:
  Learned: 35
  Gomory: 25
  Cover: 136
  Implied bound: 381
  Projected implied bound: 151
  Clique: 24
  MIR: 1246
  Flow cover: 4564
  GUB cover: 4
  Zero half: 22
  RLT: 2450
  Relax-and-lift: 288

Explored 3149 nodes (697841 simplex iterations) in 1250.29 seconds
Thread count was 32 (of 32 available processors)

Solution count 10: 433.367 433.367 433.367 ... 433.452

Optimal solution found (tolerance 1.00e-02)
Best objective 4.333667361277e+02, best bound 4.297032521649e+02, gap 0.8454%

Gurobi 9.1.0 (linux64) logging started Thu Aug 19 21:34:22 2021

Changed value of parameter LogFile to eab_parasitoid_1_2_0.6_bud.log
   Prev:   Default: 
Changed value of parameter MIPGap to 0.01
   Prev: 0.0001  Min: 0.0  Max: inf  Default: 0.0001
Changed value of parameter Method to 2
   Prev: -1  Min: -1  Max: 5  Default: -1
Changed value of parameter MIPFocus to 2
   Prev: 0  Min: 0  Max: 3  Default: 0
Changed value of parameter RINS to 100
   Prev: -1  Min: -1  Max: 2000000000  Default: -1
Changed value of parameter SolutionLimit to 1
   Prev: 2000000000  Min: 1  Max: 2000000000  Default: 2000000000
Gurobi Optimizer version 9.1.0 build v9.1.0rc0 (linux64)
Thread count: 32 physical cores, 32 logical processors, using up to 32 threads
Optimize a model with 203396 rows, 134935 columns and 685039 nonzeros
Model fingerprint: 0x02dbb27a
Variable types: 55779 continuous, 79156 integer (79156 binary)
Coefficient statistics:
  Matrix range     [2e-04, 6e+05]
  Objective range  [1e-06, 1e-01]
  Bounds range     [1e+00, 6e+03]
  RHS range        [1e-04, 6e+05]

User MIP start produced solution with objective 433.474 (17.86s)
User MIP start produced solution with objective 433.411 (17.99s)
User MIP start produced solution with objective 433.367 (18.25s)
Loaded user MIP start with objective 433.367
Processed MIP start in 18.34 seconds


Explored 0 nodes (0 simplex iterations) in 18.44 seconds
Thread count was 1 (of 32 available processors)

Solution count 4: 433.367 

Solution limit reached
Warning: max constraint violation (7.9980e-06) exceeds tolerance
Best objective 4.333667329324e+02, best bound -, gap -
