
Gurobi 9.1.0 (linux64) logging started Wed Aug 18 15:51:37 2021

Changed value of parameter LogFile to eab_parasitoid_1_2_area.log
   Prev:   Default: 
Changed value of parameter MIPGap to 0.01
   Prev: 0.0001  Min: 0.0  Max: inf  Default: 0.0001
Changed value of parameter Method to 2
   Prev: -1  Min: -1  Max: 5  Default: -1
Changed value of parameter MIPFocus to 2
   Prev: 0  Min: 0  Max: 3  Default: 0
Changed value of parameter RINS to 100
   Prev: -1  Min: -1  Max: 2000000000  Default: -1
Gurobi Optimizer version 9.1.0 build v9.1.0rc0 (linux64)
Thread count: 32 physical cores, 32 logical processors, using up to 32 threads
Optimize a model with 203386 rows, 134930 columns and 685029 nonzeros
Model fingerprint: 0x0879ea75
Variable types: 55774 continuous, 79156 integer (79156 binary)
Coefficient statistics:
  Matrix range     [2e-04, 6e+05]
  Objective range  [1e+00, 1e+00]
  Bounds range     [1e+00, 6e+03]
  RHS range        [1e-04, 6e+05]
Presolve removed 185992 rows and 120565 columns (presolve time = 5s) ...
Presolve removed 194150 rows and 127527 columns (presolve time = 10s) ...
Presolve removed 196235 rows and 129154 columns (presolve time = 15s) ...
Presolve removed 197299 rows and 129655 columns
Presolve time: 18.78s
Presolved: 6087 rows, 5275 columns, 83201 nonzeros
Variable types: 1949 continuous, 3326 integer (3326 binary)
Presolve removed 11 rows and 4 columns
Presolved: 6076 rows, 5271 columns, 83173 nonzeros

Root barrier log...

Ordering time: 0.55s

Barrier statistics:
 Dense cols : 80
 AA' NZ     : 3.115e+05
 Factor NZ  : 1.265e+06 (roughly 15 MBytes of memory)
 Factor Ops : 8.310e+08 (less than 1 second per iteration)
 Threads    : 31

                  Objective                Residual
Iter       Primal          Dual         Primal    Dual     Compl     Time
   0   3.28491432e+04 -6.71595633e+04  2.35e+04 8.92e-01  4.62e+02    21s
   1   2.32890843e+04 -7.88143346e+04  1.61e+04 2.53e+00  3.11e+02    21s
   2   3.22541972e+03 -8.13928440e+04  1.48e+03 5.06e-14  3.32e+01    21s
   3   9.11811309e+02 -4.46671213e+04  2.69e+01 8.51e-13  3.16e+00    21s
   4   8.54417225e+02 -4.11922703e+03  1.78e-15 5.51e-14  3.04e-01    22s
   5   7.52129174e+02 -2.18218863e+03  3.55e-15 3.11e-14  1.79e-01    22s
   6   6.90077909e+02 -4.61996442e+02  1.78e-15 6.88e-15  7.05e-02    22s
   7   6.40541327e+02  1.48268678e+02  3.55e-15 2.00e-15  3.01e-02    22s
   8   6.24918575e+02  4.07212593e+02  6.66e-15 1.78e-15  1.33e-02    22s
   9   6.14006901e+02  5.51822561e+02  6.88e-15 1.78e-15  3.80e-03    22s
  10   6.08606481e+02  5.80942811e+02  8.66e-15 8.88e-16  1.69e-03    22s
  11   6.05374583e+02  5.94195990e+02  1.18e-14 1.78e-15  6.84e-04    23s
  12   6.04521951e+02  5.98843481e+02  2.80e-14 3.00e-16  3.47e-04    23s
  13   6.03850364e+02  6.01241182e+02  3.71e-14 4.44e-16  1.60e-04    23s
  14   6.03665526e+02  6.02104792e+02  6.22e-14 4.44e-16  9.55e-05    23s
  15   6.03397876e+02  6.02906945e+02  3.18e-13 8.88e-16  3.00e-05    23s
  16   6.03381263e+02  6.03023403e+02  3.33e-13 4.44e-16  2.19e-05    23s
  17   6.03246948e+02  6.03229362e+02  1.29e-12 4.44e-16  1.08e-06    23s
  18   6.03245100e+02  6.03245077e+02  2.26e-13 8.88e-16  1.39e-09    23s
  19   6.03245098e+02  6.03245098e+02  1.61e-12 4.44e-16  1.40e-15    24s

Barrier solved model in 19 iterations and 23.60 seconds
Optimal objective 6.03245098e+02


Root crossover log...

     128 DPushes remaining with DInf 0.0000000e+00                24s
       0 DPushes remaining with DInf 0.0000000e+00                24s

    4544 PPushes remaining with PInf 0.0000000e+00                24s
       0 PPushes remaining with PInf 0.0000000e+00                24s

  Push phase complete: Pinf 0.0000000e+00, Dinf 0.0000000e+00     24s


Root simplex log...

Iteration    Objective       Primal Inf.    Dual Inf.      Time
    4548    6.0324510e+02   0.000000e+00   0.000000e+00     24s
    4548    6.0324510e+02   0.000000e+00   0.000000e+00     24s

Root relaxation: objective 6.032451e+02, 4548 iterations, 4.60 seconds
Total elapsed time = 26.09s

    Nodes    |    Current Node    |     Objective Bounds      |     Work
 Expl Unexpl |  Obj  Depth IntInf | Incumbent    BestBd   Gap | It/Node Time

     0     0  603.24510    0  130          -  603.24510      -     -   27s
     0     0  603.24510    0  302          -  603.24510      -     -   28s
     0     0  603.24510    0  273          -  603.24510      -     -   29s
     0     0  603.27258    0  473          -  603.27258      -     -   34s
     0     0  603.27577    0  471          -  603.27577      -     -   35s
     0     0  603.27585    0  467          -  603.27585      -     -   35s
     0     0  603.83495    0  527          -  603.83495      -     -   40s
     0     0  603.84228    0  508          -  603.84228      -     -   42s
     0     0  603.84243    0  514          -  603.84243      -     -   42s
     0     0  604.74244    0  555          -  604.74244      -     -   47s
     0     0  604.85701    0  516          -  604.85701      -     -   49s
     0     0  604.93719    0  531          -  604.93719      -     -   50s
     0     0  604.94673    0  549          -  604.94673      -     -   51s
     0     0  604.94710    0  549          -  604.94710      -     -   51s
     0     0  605.44728    0  556          -  605.44728      -     -   57s
     0     0  605.46518    0  571          -  605.46518      -     -   58s
     0     0  605.47060    0  577          -  605.47060      -     -   59s
     0     0  605.47125    0  581          -  605.47125      -     -   60s
     0     0  605.76413    0  544          -  605.76413      -     -   66s
     0     0  605.83155    0  553          -  605.83155      -     -   68s
H    0     0                     725.8755190  605.83155  16.5%     -   68s
     0     0  605.88719    0  569  725.87552  605.88719  16.5%     -   68s
H    0     0                     723.8659056  605.88719  16.3%     -   69s
     0     0  605.89648    0  557  723.86591  605.89648  16.3%     -   69s
     0     0  605.89696    0  555  723.86591  605.89696  16.3%     -   69s
     0     0  606.39296    0  542  723.86591  606.39296  16.2%     -   75s
     0     0  606.41056    0  529  723.86591  606.41056  16.2%     -   77s
     0     0  606.41687    0  518  723.86591  606.41687  16.2%     -   77s
     0     0  606.41812    0  532  723.86591  606.41812  16.2%     -   77s
     0     0  606.41845    0  527  723.86591  606.41845  16.2%     -   78s
     0     0  606.49754    0  544  723.86591  606.49754  16.2%     -   80s
     0     0  606.50320    0  547  723.86591  606.50320  16.2%     -   81s
     0     0  606.50468    0  545  723.86591  606.50468  16.2%     -   82s
     0     0  606.50497    0  555  723.86591  606.50497  16.2%     -   82s
     0     0  606.70647    0  547  723.86591  606.70647  16.2%     -   84s
     0     0  606.70922    0  562  723.86591  606.70922  16.2%     -   85s
     0     0  606.70975    0  558  723.86591  606.70975  16.2%     -   85s
     0     0  607.38475    0  559  723.86591  607.38475  16.1%     -   87s
     0     0  607.38815    0  538  723.86591  607.38815  16.1%     -   88s
     0     0  607.38922    0  532  723.86591  607.38922  16.1%     -   88s
     0     0  607.39452    0  559  723.86591  607.39452  16.1%     -   89s
     0     0  607.39452    0  500  723.86591  607.39452  16.1%     -   93s
H    0     0                     709.7956443  607.39452  14.4%     -  114s
     0     2  607.39452    0  499  709.79564  607.39452  14.4%     -  116s
     1     2 infeasible    1       709.79564  607.39452  14.4%  3504  120s
     5     6  610.13946    3  607  709.79564  607.45082  14.4%  2045  129s
     9     6 infeasible    4       709.79564  607.48488  14.4%  2020  134s
    15    10  608.36959    5  417  709.79564  608.36311  14.3%  2107  139s
    21    12  609.47973    6  441  709.79564  608.36959  14.3%  1978  144s
    31    20 infeasible    7       709.79564  609.33691  14.2%  1862  153s
    43    26  610.41713    8  519  709.79564  609.66600  14.1%  1949  166s
    63    44  610.73919    9  518  709.79564  610.41713  14.0%  1814  179s
    89    62  611.44804   10  531  709.79564  610.73919  14.0%  1704  329s
H   91    62                     707.7878550  610.73919  13.7%  1680  329s
H  105    62                     707.7801046  611.27402  13.6%  1709  330s
H  121    80                     683.6543500  611.27402  10.6%  1776  933s
H  127    80                     672.6077113  611.27402  9.12%  1949  933s
H  153    92                     661.5404455  611.27402  7.60%  1911 1085s
H  160    92                     659.5430310  611.27402  7.32%  1892 1085s
H  169    92                     658.5347436  611.27402  7.18%  1921 1085s
H  185   112                     653.5046717  611.27402  6.46%  1881 1438s
H  192   112                     652.5011585  611.27402  6.32%  1899 1438s
   219   129 infeasible   14       652.50116  611.27402  6.32%  1983 2207s
H  220   129                     645.4701605  611.27402  5.30%  1974 2207s
H  233   129                     644.4625016  611.27402  5.15%  1931 2207s
   252   139 infeasible   14       644.46250  611.27402  5.15%  1893 2420s
H  264   139                     643.4563318  611.27402  5.00%  1880 2421s
   286   158  613.80347   16  441  643.45633  611.27402  5.00%  1820 2441s
   333   190  613.82041   17  457  643.45633  611.27402  5.00%  1711 2563s
   387   215  614.49084   20  440  643.45633  611.27402  5.00%  1592 2612s
H  402   215                     640.4411336  611.27402  4.55%  1601 2612s
   421   250  614.60761   21  439  640.44113  611.27402  4.55%  1581 2678s
   495   290  621.61965   23  474  640.44113  611.27402  4.55%  1463 2909s
   581   341  614.63416   21  413  640.44113  611.27402  4.55%  1408 3039s
   662   379 infeasible   24       640.44113  611.27402  4.55%  1370 3698s
   744   440  postponed   25       640.44113  611.27402  4.55%  1573 4059s
   837   474     cutoff   26       640.44113  611.27402  4.55%  1493 4396s
   934   531  623.09240   25  448  640.44113  611.27402  4.55%  1466 4757s
  1036   607  624.66222   28  406  640.44113  611.27402  4.55%  1466 5288s
  1143   699 infeasible   29       640.44113  611.27402  4.55%  1460 5386s
  1271   767 infeasible   33       640.44113  611.27402  4.55%  1405 5887s
  1386   838     cutoff   33       640.44113  611.50452  4.52%  1390 6085s
  1505   929  626.38632   26  376  640.44113  611.50452  4.52%  1376 6249s
  1649   968  626.38632   27  390  640.44113  611.50452  4.52%  1347 6310s
H 1655   968                     636.4223886  611.50452  3.92%  1356 6310s
H 1669   968                     624.3617049  611.50452  2.06%  1368 6310s
  1730  1012     cutoff   28       624.36170  611.97520  1.98%  1358 6446s
  1910  1113  621.34378   25  274  624.36170  611.99674  1.98%  1313 6544s
  2081  1216  621.34378   31  282  624.36170  611.99674  1.98%  1274 6856s
  2270  1304  621.34378   37  225  624.36170  611.99674  1.98%  1237 7064s
  2462  1456  621.34378   44  246  624.36170  611.99674  1.98%  1216 7258s
  2677  1478  621.34378   51  252  624.36170  611.99674  1.98%  1180 7511s
  2721  1669  621.34378   52  231  624.36170  611.99674  1.98%  1189 7660s
  2977  1539  622.36079  174  500  624.36170  611.99674  1.98%  1145 7756s
  2979  1540  619.22568   32  133  624.36170  611.99674  1.98%  1145 7768s
  2980  1541  615.47679   13  395  624.36170  611.99674  1.98%  1144 7777s
  2981  1542  621.35489   86  471  624.36170  611.99674  1.98%  1144 7784s
  2982  1542  622.21569   14  476  624.36170  611.99674  1.98%  1144 7788s
  2983  1543  623.20501   36  506  624.36170  611.99674  1.98%  1143 7790s
  2985  1544  623.36819  157  445  624.36170  611.99674  1.98%  1142 7819s
  2986  1545  617.36270   24  455  624.36170  611.99674  1.98%  1142 7831s
  2987  1546  619.10034   17  431  624.36170  611.99674  1.98%  1142 7866s
  2988  1546  622.35607   74  463  624.36170  611.99674  1.98%  1141 7879s
  2989  1547  621.34378   35  465  624.36170  611.99674  1.98%  1141 7902s
  2990  1548  618.06761   18  472  624.36170  611.99674  1.98%  1141 7943s
  2991  1548  623.32569   23  472  624.36170  611.99674  1.98%  1140 7952s
  2992  1549  622.35607   64  472  624.36170  611.99674  1.98%  1140 8054s
  2993  1553  611.99674   16  403  624.36170  611.99674  1.98%  1148 8067s
  2995  1556  611.99674   17  493  624.36170  611.99674  1.98%  1149 8081s
  2999  1563  611.99674   18  506  624.36170  611.99674  1.98%  1149 8100s
  3007  1576  611.99674   19  539  624.36170  611.99674  1.98%  1149 8107s
  3023  1599  611.99674   20  550  624.36170  611.99674  1.98%  1150 8123s
H 3026  1520                     623.3575193  611.99674  1.82%  1150 8123s
H 3033  1443                     623.3558016  611.99674  1.82%  1150 8123s
  3055  1462 infeasible   21       623.35580  611.99674  1.82%  1154 8132s
  3087  1475  615.83983   22  556  623.35580  611.99674  1.82%  1155 8147s
  3119  1497  615.88435   23  558  623.35580  611.99674  1.82%  1158 8153s
  3151  1514  615.90486   24  555  623.35580  611.99674  1.82%  1153 8168s
H 3153  1443                     623.3526132  611.99674  1.82%  1152 8168s
H 3164  1373                     622.3539021  611.99674  1.66%  1149 8168s
  3183  1416  615.92216   25  555  622.35390  611.99674  1.66%  1146 8172s
  3239  1448  618.26684   27  549  622.35390  611.99674  1.66%  1132 8226s
  3293  1488  618.45165   29  502  622.35390  611.99674  1.66%  1122 8233s
  3353  1531  619.61343   31  489  622.35390  611.99674  1.66%  1107 8244s
  3432  1561     cutoff   34       622.35390  611.99674  1.66%  1088 8267s
  3507  1592  620.73236   36  473  622.35390  611.99674  1.66%  1075 8305s
  3585  1591  620.80457   38  478  622.35390  611.99674  1.66%  1059 8344s
H 3617  1518                     621.3497164  611.99674  1.51%  1056 8344s
  3621  1535  620.96724   39  470  621.34972  611.99674  1.51%  1055 8380s
  3663  1565  621.11595   40  468  621.34972  611.99674  1.51%  1049 8398s
  3741  1598  615.54454   29  506  621.34972  611.99674  1.51%  1042 8412s
  3825  1604  617.44812   30  492  621.34972  611.99674  1.51%  1034 8428s
  3896  1631  618.43979   31  461  621.34972  611.99674  1.51%  1033 8516s
  3975  1663     cutoff   33       621.34972  611.99674  1.51%  1030 8533s
  4066  1709  619.49029   34  432  621.34972  611.99674  1.51%  1021 8569s
  4181  1716  619.71640   38  422  621.34972  611.99674  1.51%  1010 8598s
  4301  1726  619.71973   38  427  621.34972  611.99674  1.51%   999 8627s
  4403  1744 infeasible   40       621.34972  611.99674  1.51%   993 8666s
  4519  1760     cutoff   40       621.34972  611.99674  1.51%   983 8698s
  4636  1773  611.99674   22  418  621.34972  611.99674  1.51%   979 8713s
  4746  1797  611.99674   24  417  621.34972  611.99674  1.51%   974 8787s
  4864  1833  613.34029   26  427  621.34972  611.99674  1.51%   971 8805s
  4981  1851  614.31296   28  413  621.34972  611.99674  1.51%   969 8824s
  5071  1907  614.31305   29  406  621.34972  611.99674  1.51%   969 8862s
  5210  1878  615.33030   35  318  621.34972  611.99674  1.51%   963 8895s
H 5243  1807                     620.3446092  611.99674  1.35%   964 8895s
  5255  1883  615.33030   36  317  620.34461  611.99674  1.35%   963 8935s
  5421  1900  617.34625   51  363  620.34461  611.99674  1.35%   956 9017s
  5544  1952  618.33929   52  346  620.34461  611.99674  1.35%   961 9060s
  5696  1952  619.33424   56  299  620.34461  611.99674  1.35%   956 9182s
  5827  1992 infeasible   60       620.34461  611.99674  1.35%   959 9338s
  5993  1969     cutoff   40       620.34461  611.99674  1.35%   962 9381s
  6144  2019  612.60296   25  506  620.34461  611.99674  1.35%   963 9427s
  6397  2013     cutoff   30       620.34461  611.99674  1.35%   950 9572s
H 6404  1834                     619.3425061  611.99674  1.19%   949 9572s
  6522  1855  618.64229   34  413  619.34251  611.99674  1.19%   949 9697s
  6699  1916  611.99674   22  498  619.34251  611.99674  1.19%   948 9760s
  6782  2059  612.32367   24  459  619.34251  611.99674  1.19%   947 9812s
  6971  2149  615.31732   27  366  619.34251  611.99674  1.19%   947 10086s
  7169  2283     cutoff   29       619.34251  611.99674  1.19%   952 10154s
  7410  2414  617.03862   27  533  619.34251  611.99674  1.19%   950 10211s
  7648  2541  615.33989   29  386  619.34251  611.99674  1.19%   951 10264s
  7863  2541  618.33629   50  363  619.34251  611.99674  1.19%   946 10265s
  7934  2627  617.33608   45  334  619.34251  611.99674  1.19%   948 10322s
  8170  2761  617.33077   49  195  619.34251  611.99674  1.19%   950 10381s
  8469  2884  617.33077   51  198  619.34251  611.99674  1.19%   946 10414s
  8695  2965  617.33077   62  222  619.34251  611.99674  1.19%   946 10462s
  8891  3072  617.34091   64  238  619.34251  611.99674  1.19%   946 10658s
  9088  3236  617.34536   66  298  619.34251  611.99674  1.19%   954 10744s
  9389  3326  618.36860   72  219  619.34251  611.99674  1.19%   951 10967s
  9610  3408  617.34082   41  342  619.34251  611.99674  1.19%   960 11208s
  9785  3484     cutoff   45       619.34251  611.99674  1.19%   971 11562s
 10011  3585  612.33633   26  411  619.34251  611.99674  1.19%   982 11747s
 10212  3649  615.74736   31  410  619.34251  611.99674  1.19%   995 11846s
 10402  3739  617.33456   33  358  619.34251  611.99674  1.19%   999 12031s
 10632  3856  618.33938   46  209  619.34251  611.99674  1.19%  1008 12074s
 10899  3943  619.22961   57  232  619.34251  611.99674  1.19%  1015 12132s
 11109  4020  614.33590   38  380  619.34251  611.99674  1.19%  1021 12183s
 11332  4125  617.94597   44  340  619.34251  611.99674  1.19%  1031 12216s
 11614  4244     cutoff   46       619.34251  611.99674  1.19%  1042 12235s
 11885  4398  613.87431   24  482  619.34251  611.99674  1.19%  1049 12638s
 12245  4541  618.34992   31  412  619.34251  611.99674  1.19%  1051 12979s
 12545  4654     cutoff   32       619.34251  611.99674  1.19%  1056 13033s
 12849  4804  619.18998   25  495  619.34251  611.99674  1.19%  1064 13088s
 13184  4926  616.39876   57  294  619.34251  611.99674  1.19%  1073 13151s
 13480  5033     cutoff   62       619.34251  611.99674  1.19%  1081 13170s
 13690  5354  614.34051   33  382  619.34251  611.99674  1.19%  1083 13192s
 14198  5550  619.34155   46  260  619.34251  611.99674  1.19%  1079 13220s
H14508  4401                     619.3359973  611.99674  1.19%  1081 13220s
 14577  4407  616.83169   45  286  619.33600  611.99674  1.19%  1076 13314s
 14977  4511  617.71007   42  433  619.33600  611.99674  1.19%  1084 13388s
 15304  4701  616.33731   29  498  619.33600  611.99674  1.19%  1097 13468s
 15764  4810  617.33836   31  452  619.33600  611.99674  1.19%  1104 13539s
 16142  4915  617.32784   37  364  619.33600  611.99674  1.19%  1116 13679s
 16510  4970 infeasible   42       619.33600  611.99674  1.19%  1137 13903s
 16815  5030  612.66242   22  543  619.33600  611.99674  1.19%  1159 14098s
 17187  5066  616.74376   26  551  619.33600  611.99674  1.19%  1178 14348s
 17526  5133  617.33176   33  326  619.33600  612.03635  1.18%  1192 14604s
 17907  5277 infeasible   36       619.33600  612.34061  1.13%  1209 14651s
 18386  5383  618.32983   37  378  619.33600  612.35824  1.13%  1220 14726s
 18785  5476  616.32839   38  309  619.33600  612.36825  1.13%  1235 14803s
 19282  5634  618.33938   59  217  619.33600  612.40065  1.12%  1245 14976s
 19739  5673     cutoff   39       619.33600  612.63483  1.08%  1259 15212s
 20168  5760  617.62081   32  478  619.33600  612.69965  1.07%  1273 15425s
 20680  5743  616.81963   26  485  619.33600  612.97056  1.03%  1286 15660s

Cutting planes:
  Learned: 50
  Gomory: 55
  Cover: 504
  Implied bound: 129
  Projected implied bound: 21
  Clique: 67
  MIR: 880
  StrongCG: 15
  Flow cover: 2679
  GUB cover: 9
  Inf proof: 3
  Zero half: 88
  RLT: 1768
  Relax-and-lift: 278

Explored 21178 nodes (27607980 simplex iterations) in 15661.13 seconds
Thread count was 32 (of 32 available processors)

Solution count 10: 619.336 619.343 620.345 ... 636.422

Optimal solution found (tolerance 1.00e-02)
Best objective 6.193359972723e+02, best bound 6.131893600534e+02, gap 0.9925%

Gurobi 9.1.0 (linux64) logging started Fri Aug 20 12:49:29 2021

Changed value of parameter LogFile to eab_parasitoid_1_2_area.log
   Prev:   Default: 
Changed value of parameter MIPGap to 0.01
   Prev: 0.0001  Min: 0.0  Max: inf  Default: 0.0001
Changed value of parameter Method to 2
   Prev: -1  Min: -1  Max: 5  Default: -1
Changed value of parameter MIPFocus to 2
   Prev: 0  Min: 0  Max: 3  Default: 0
Changed value of parameter RINS to 100
   Prev: -1  Min: -1  Max: 2000000000  Default: -1
Changed value of parameter SolutionLimit to 1
   Prev: 2000000000  Min: 1  Max: 2000000000  Default: 2000000000
Gurobi Optimizer version 9.1.0 build v9.1.0rc0 (linux64)
Thread count: 32 physical cores, 32 logical processors, using up to 32 threads
Optimize a model with 203386 rows, 134930 columns and 685029 nonzeros
Model fingerprint: 0xd448d136
Variable types: 55774 continuous, 79156 integer (79156 binary)
Coefficient statistics:
  Matrix range     [2e-04, 6e+05]
  Objective range  [1e+00, 1e+00]
  Bounds range     [1e+00, 6e+03]
  RHS range        [1e-04, 6e+05]

User MIP start produced solution with objective 619.365 (1.40s)
Loaded user MIP start with objective 619.365
Processed MIP start in 1.40 seconds


Explored 0 nodes (0 simplex iterations) in 1.42 seconds
Thread count was 1 (of 32 available processors)

Solution count 2: 619.365 

Solution limit reached
Best objective 6.193651484788e+02, best bound -, gap -
