
Gurobi 9.1.0 (linux64) logging started Wed Aug  4 13:44:03 2021

Changed value of parameter LogFile to eab_parasitoid_fastdisp_fastgrowth_0_2.log
   Prev:   Default: 
Changed value of parameter MIPGap to 0.01
   Prev: 0.0001  Min: 0.0  Max: inf  Default: 0.0001
Changed value of parameter Method to 2
   Prev: -1  Min: -1  Max: 5  Default: -1
Changed value of parameter MIPFocus to 2
   Prev: 0  Min: 0  Max: 3  Default: 0
Changed value of parameter RINS to 100
   Prev: -1  Min: -1  Max: 2000000000  Default: -1
Gurobi Optimizer version 9.1.0 build v9.1.0rc0 (linux64)
Thread count: 32 physical cores, 32 logical processors, using up to 32 threads
Optimize a model with 196148 rows, 134930 columns and 678180 nonzeros
Model fingerprint: 0x16c5bc6d
Variable types: 55774 continuous, 79156 integer (79156 binary)
Coefficient statistics:
  Matrix range     [2e-04, 1e+06]
  Objective range  [1e-06, 1e-01]
  Bounds range     [1e+00, 6e+03]
  RHS range        [1e-04, 1e+06]
Presolve removed 110553 rows and 61179 columns (presolve time = 7s) ...
Presolve removed 131000 rows and 72572 columns (presolve time = 10s) ...
Presolve removed 138726 rows and 85737 columns (presolve time = 15s) ...
Presolve removed 147480 rows and 88140 columns (presolve time = 20s) ...
Presolve removed 166469 rows and 105472 columns (presolve time = 25s) ...
Presolve removed 166720 rows and 105610 columns (presolve time = 30s) ...
Presolve removed 166886 rows and 105749 columns (presolve time = 36s) ...
Presolve removed 167627 rows and 106296 columns (presolve time = 40s) ...
Presolve removed 167902 rows and 106471 columns (presolve time = 45s) ...
Presolve removed 167943 rows and 106521 columns
Presolve time: 48.47s
Presolved: 28205 rows, 28409 columns, 227519 nonzeros
Variable types: 4187 continuous, 24222 integer (24219 binary)
Presolve removed 1181 rows and 1177 columns
Presolved: 27024 rows, 27232 columns, 226294 nonzeros

Root barrier log...

Ordering time: 2.15s

Barrier statistics:
 Dense cols : 108
 AA' NZ     : 9.620e+05
 Factor NZ  : 6.023e+06 (roughly 70 MBytes of memory)
 Factor Ops : 6.484e+09 (less than 1 second per iteration)
 Threads    : 31

                  Objective                Residual
Iter       Primal          Dual         Primal    Dual     Compl     Time
   0   4.45660451e+03 -4.33438784e+04  2.64e+05 1.35e-01  9.47e+01    54s
   1   3.37145244e+03 -4.78822765e+04  1.83e+05 2.40e-01  6.40e+01    55s
   2   1.12240541e+03 -4.78445555e+04  2.11e+04 1.78e-14  8.26e+00    55s
   3   7.64279557e+02 -3.42717638e+04  1.60e+03 2.40e-14  9.94e-01    56s
   4   6.89790470e+02 -1.31322184e+04  5.71e+02 3.93e-14  3.05e-01    56s
   5   6.24837785e+02 -6.35701544e+03  1.43e+02 2.08e-14  1.10e-01    56s
   6   6.02926248e+02 -2.43340356e+03  5.44e+01 7.32e-15  4.29e-02    56s
   7   5.89970209e+02 -7.70786148e+02  1.53e+01 7.32e-15  1.79e-02    57s
   8   5.84878328e+02 -8.48552263e+01  5.03e+00 3.22e-15  8.61e-03    57s
   9   5.81327933e+02  2.67999145e+02  1.64e+00 3.55e-15  3.99e-03    57s
  10   5.79023122e+02  4.25963937e+02  7.16e-01 6.66e-16  1.95e-03    58s
  11   5.77862234e+02  4.77171294e+02  4.42e-01 4.44e-16  1.28e-03    58s
  12   5.76206870e+02  5.19387535e+02  1.79e-01 4.44e-16  7.21e-04    58s
  13   5.75538466e+02  5.37481680e+02  1.26e-01 2.22e-15  4.83e-04    58s
  14   5.74687215e+02  5.52307241e+02  6.85e-02 1.33e-15  2.84e-04    59s
  15   5.74129131e+02  5.58819640e+02  4.14e-02 1.33e-15  1.94e-04    59s
  16   5.73484040e+02  5.63113208e+02  1.37e-02 4.44e-16  1.32e-04    59s
  17   5.73233265e+02  5.64995379e+02  5.37e-03 1.11e-16  1.04e-04    60s
  18   5.72884130e+02  5.67599853e+02  3.51e-05 8.88e-16  6.70e-05    60s
  19   5.72800999e+02  5.68571042e+02  3.13e-05 1.49e-16  5.36e-05    60s
  20   5.72490244e+02  5.69543275e+02  1.68e-05 8.88e-16  3.74e-05    60s
  21   5.72339068e+02  5.70568413e+02  1.06e-05 2.22e-16  2.24e-05    61s
  22   5.72212327e+02  5.70996278e+02  5.81e-06 1.69e-16  1.54e-05    61s
  23   5.72188694e+02  5.71215583e+02  4.97e-06 4.44e-16  1.23e-05    61s
  24   5.72175256e+02  5.71327967e+02  4.52e-06 1.78e-15  1.07e-05    61s
  25   5.72113270e+02  5.71444584e+02  2.45e-06 1.19e-16  8.48e-06    62s
  26   5.72084092e+02  5.71629033e+02  1.52e-06 1.17e-16  5.77e-06    62s
  27   5.72072761e+02  5.71712235e+02  1.21e-06 1.11e-16  4.57e-06    62s
  28   5.72055446e+02  5.71792852e+02  7.49e-07 1.29e-16  3.33e-06    62s
  29   5.72046690e+02  5.71841835e+02  5.30e-07 2.22e-16  2.60e-06    63s
  30   5.72038652e+02  5.71894248e+02  3.38e-07 1.43e-16  1.83e-06    63s
  31   5.72033553e+02  5.71921304e+02  2.31e-07 9.07e-17  1.42e-06    63s
  32   5.72030364e+02  5.71941617e+02  1.71e-07 1.33e-15  1.13e-06    63s
  33   5.72027594e+02  5.71968169e+02  1.24e-07 4.44e-16  7.53e-07    63s
  34   5.72025954e+02  5.71986141e+02  9.81e-08 2.22e-16  5.05e-07    64s
  35   5.72023692e+02  5.71994459e+02  6.60e-08 2.22e-16  3.71e-07    64s
  36   5.72022372e+02  5.72002529e+02  4.97e-08 1.78e-15  2.52e-07    64s
  37   5.72021527e+02  5.72005987e+02  3.98e-08 1.78e-15  1.97e-07    64s
  38   5.72020521e+02  5.72008958e+02  2.87e-08 2.22e-16  1.47e-07    65s
  39   5.72019386e+02  5.72011479e+02  1.59e-08 1.11e-16  1.00e-07    65s
  40   5.72018822e+02  5.72013896e+02  1.01e-08 8.88e-16  6.25e-08    65s
  41   5.72018525e+02  5.72014911e+02  7.12e-09 1.33e-15  4.58e-08    65s
  42   5.72018389e+02  5.72015815e+02  5.77e-09 1.11e-16  3.26e-08    65s
  43   5.72018111e+02  5.72016459e+02  3.07e-09 1.37e-16  2.09e-08    66s
  44   5.72018092e+02  5.72016677e+02  2.90e-09 8.88e-16  1.79e-08    66s
  45   5.72017901e+02  5.72017226e+02  1.12e-09 1.11e-16  8.56e-09    66s
  46   5.72017852e+02  5.72017473e+02  6.97e-10 2.22e-16  4.81e-09    66s
  47   5.72017836e+02  5.72017511e+02  5.67e-10 2.22e-16  4.11e-09    66s
  48   5.72017798e+02  5.72017644e+02  2.75e-10 4.44e-16  1.96e-09    66s
  49   5.72017788e+02  5.72017692e+02  1.94e-10 2.93e-16  1.21e-09    67s
  50   5.72017784e+02  5.72017698e+02  1.62e-10 1.11e-16  1.09e-09    67s
  51   5.72017771e+02  5.72017721e+02  6.64e-11 1.32e-16  6.33e-10    67s
  52   5.72017767e+02  5.72017731e+02  4.73e-11 1.33e-15  4.62e-10    67s
  53   5.72017763e+02  5.72017740e+02  2.49e-11 2.26e-14  2.99e-10    67s
  54   5.72017762e+02  5.72017744e+02  1.11e-11 3.44e-14  2.39e-10    68s
  55   5.72017762e+02  5.72017752e+02  9.08e-12 2.60e-14  1.36e-10    68s
  56   5.72017762e+02  5.72017757e+02  2.75e-11 3.70e-14  6.38e-11    68s
  57   5.72017762e+02  5.72017760e+02  1.46e-11 4.46e-14  2.07e-11    68s

Barrier solved model in 57 iterations and 68.26 seconds
Optimal objective 5.72017762e+02


Root crossover log...

    5125 DPushes remaining with DInf 0.0000000e+00                68s
       0 DPushes remaining with DInf 0.0000000e+00                69s

   12225 PPushes remaining with PInf 1.0730460e-04                69s
      16 PPushes remaining with PInf 0.0000000e+00                70s
       0 PPushes remaining with PInf 0.0000000e+00                70s

  Push phase complete: Pinf 0.0000000e+00, Dinf 1.7583922e-02     70s


Root simplex log...

Iteration    Objective       Primal Inf.    Dual Inf.      Time
   14786    5.7201776e+02   0.000000e+00   1.758292e-02     70s
   14855    5.7201776e+02   0.000000e+00   0.000000e+00     71s
   14855    5.7201776e+02   0.000000e+00   0.000000e+00     71s

Root relaxation: objective 5.720178e+02, 14855 iterations, 20.20 seconds
Total elapsed time = 75.04s

    Nodes    |    Current Node    |     Objective Bounds      |     Work
 Expl Unexpl |  Obj  Depth IntInf | Incumbent    BestBd   Gap | It/Node Time

     0     0  574.58470    0 2319          -  574.58470      -     -   75s
     0     0  590.77223    0 2908          -  590.77223      -     -  105s
     0     0  591.38320    0 2930          -  591.38320      -     -  118s
     0     0  591.97495    0 2889          -  591.97495      -     -  123s
     0     0  591.97563    0 2904          -  591.97563      -     -  124s
H    0     0                     660.1410891  591.97563  10.3%     -  146s
H    0     0                     647.7562838  591.97563  8.61%     -  146s
     0     0  595.46951    0 2917  647.75628  595.46951  8.07%     -  146s
H    0     0                     647.7562812  595.46951  8.07%     -  148s
     0     0  595.79624    0 2604  647.75628  595.79624  8.02%     -  153s
H    0     0                     626.9878446  595.79624  4.97%     -  174s
H    0     0                     626.9877811  595.79624  4.97%     -  174s
H    0     0                     626.9877099  595.79624  4.97%     -  174s
H    0     0                     626.9876977  595.79624  4.97%     -  174s
     0     0  595.98829    0 2578  626.98770  595.98829  4.94%     -  174s
     0     0  596.02205    0 2593  626.98770  596.02205  4.94%     -  176s
     0     0  596.02268    0 2591  626.98770  596.02268  4.94%     -  176s
     0     0  596.95398    0 2561  626.98770  596.95398  4.79%     -  196s
H    0     0                     621.1540085  596.95398  3.90%     -  198s
     0     0  597.18012    0 2577  621.15401  597.18012  3.86%     -  202s
     0     0  597.20648    0 2537  621.15401  597.20648  3.86%     -  204s
     0     0  597.21049    0 2517  621.15401  597.21049  3.85%     -  206s
H    0     0                     615.3762043  597.21049  2.95%     -  238s
H    0     0                     615.3761855  597.21049  2.95%     -  238s
H    0     0                     615.3761586  597.21049  2.95%     -  238s
H    0     0                     615.3761339  597.21049  2.95%     -  238s
     0     0  597.39901    0 2441  615.37613  597.39901  2.92%     -  238s
     0     0  597.51286    0 2384  615.37613  597.51286  2.90%     -  243s
     0     0  597.52847    0 2379  615.37613  597.52847  2.90%     -  249s
     0     0  597.53195    0 2383  615.37613  597.53195  2.90%     -  259s
     0     0  597.66612    0 2385  615.37613  597.66612  2.88%     -  325s
     0     0  597.69980    0 2381  615.37613  597.69980  2.87%     -  342s
H    0     0                     613.8992230  597.69980  2.64%     -  349s
H    0     0                     613.8074049  597.69980  2.62%     -  349s
     0     0  597.70512    0 2421  613.80740  597.70512  2.62%     -  349s
H    0     0                     613.7514470  597.70512  2.61%     -  374s
H    0     0                     613.7279908  597.70512  2.61%     -  401s
H    0     0                     613.6842745  597.70512  2.60%     -  401s
H    0     0                     613.6842008  597.70512  2.60%     -  401s
     0     0  598.83384    0 2353  613.68420  598.83384  2.42%     -  401s
H    0     0                     613.6841983  598.83384  2.42%     -  403s
H    0     0                     613.6841898  598.83384  2.42%     -  447s
H    0     0                     613.6841888  598.83384  2.42%     -  447s
H    0     0                     613.6796184  598.83384  2.42%     -  447s
H    0     0                     613.6796182  598.83384  2.42%     -  447s
     0     0  598.92731    0 2375  613.67962  598.92731  2.40%     -  448s
     0     0  598.98534    0 2361  613.67962  598.98534  2.39%     -  498s
H    0     0                     613.6794246  598.98534  2.39%     -  505s
     0     0  598.99365    0 2339  613.67942  598.99365  2.39%     -  505s
H    0     0                     613.6794033  598.99365  2.39%     -  581s
     0     0  599.43747    0 2418  613.67940  599.43747  2.32%     -  581s
     0     0  599.50777    0 2423  613.67940  599.50777  2.31%     -  645s
     0     0  599.55464    0 2484  613.67940  599.55464  2.30%     -  679s
     0     0  599.55990    0 2456  613.67940  599.55990  2.30%     -  694s
     0     0  599.72115    0 2419  613.67940  599.72115  2.27%     -  809s
H    0     0                     613.6793987  599.72115  2.27%     -  816s
H    0     0                     613.6793839  599.72115  2.27%     -  892s
     0     0  599.75148    0 2382  613.67938  599.75148  2.27%     -  893s
     0     0  599.76580    0 2353  613.67938  599.76580  2.27%     -  950s
     0     0  599.76825    0 2388  613.67938  599.76825  2.27%     - 1004s
     0     0  599.85136    0 2359  613.67938  599.85136  2.25%     - 1148s
     0     0  599.86476    0 2320  613.67938  599.86476  2.25%     - 1212s
     0     0  599.86760    0 2329  613.67938  599.86760  2.25%     - 1226s
     0     0  599.91784    0 2316  613.67938  599.91784  2.24%     - 1244s
     0     0  599.91784    0 2300  613.67938  599.91784  2.24%     - 1252s
H    0     0                     612.0232765  599.91784  1.98%     - 1479s
H    0     0                     612.0232059  599.91784  1.98%     - 2249s
     0     2  599.91784    0 2297  612.02321  599.91784  1.98%     - 2266s
     1     4  604.61207    1 2195  612.02321  599.91805  1.98%  3452 2328s
     3     8  609.70672    2 2214  612.02321  600.20378  1.93%  3058 2394s
H    7    16                     611.9692405  600.96106  1.80%  3216 2453s
H   12    16                     611.9598544  601.13307  1.77%  3535 2453s
    15    32  610.79037    4 2073  611.95985  601.13307  1.77%  3559 2566s
    31    48  611.87157    5 2196  611.95985  601.35920  1.73%  3429 2737s
H   32    48                     611.9598524  601.35920  1.73%  3322 2737s
H   37    48                     611.9598504  601.35920  1.73%  3361 2737s
H   38    48                     611.9598437  601.35920  1.73%  3354 2737s
H   51    48                     611.9598040  601.38890  1.73%  3487 2738s
    63    56     cutoff    6       611.95980  601.38890  1.73%  3518 3127s
    95    81  601.61472    7 2016  611.95980  601.38890  1.73%  4209 3424s
H   96    81                     611.9504848  601.38890  1.73%  4166 3424s
H   97    81                     611.9262038  601.38890  1.72%  4145 3424s
H   98    81                     611.9220627  601.38890  1.72%  4138 3424s
H   99    81                     611.9092646  601.38890  1.72%  4119 3424s
   116    81  609.93538    6 2129  611.90926  601.38890  1.72%  3959 3425s
   127   109  602.10463    8 2121  611.90926  601.38890  1.72%  4183 3655s
   159   133  602.20199    9 2122  611.90926  601.38890  1.72%  4327 4027s
   191   156  602.27189   10 2109  611.90926  601.38890  1.72%  4053 4196s
   224   173  602.93042   11 2087  611.90926  601.38890  1.72%  3772 4344s
   259   186  604.36755   12 2073  611.90926  601.38890  1.72%  3513 4523s
   292   201  604.37572   13 2035  611.90926  601.38890  1.72%  3469 4608s
   333   212  606.18969   15 2077  611.90926  601.38890  1.72%  3368 4760s
H  372   232                     611.8836527  601.38890  1.72%  3280 6908s
H  373   232                     611.8625539  601.38890  1.71%  3274 6908s
H  374   232                     611.7839874  601.38890  1.70%  3268 6908s
H  379   232                     611.7727547  601.38890  1.70%  3255 6908s
H  385   232                     611.7579398  601.38890  1.69%  3238 6908s
H  395   232                     611.7529767  601.38890  1.69%  3210 6908s
   404   247  606.24983   17 2021  611.75298  601.38890  1.69%  3200 7429s
H  410   247                     611.7529145  601.38890  1.69%  3175 7429s
   438   247  604.25887   11 2041  611.75291  601.38890  1.69%  3117 7430s
H  443   268                     611.7529071  601.38890  1.69%  3090 9513s
H  444   268                     611.7527927  601.38890  1.69%  3085 9513s
H  445   268                     611.7527575  601.38890  1.69%  3080 9513s
H  446   268                     611.7406624  601.38890  1.69%  3083 9513s
H  476   289                     611.7404849  601.38890  1.69%  3072 12836s
H  480   289                     611.7404846  601.38890  1.69%  3066 12836s
H  483   289                     611.7377599  601.38890  1.69%  3057 12836s
H  509   289                     611.7367613  601.38890  1.69%  3013 12837s
   511   377  606.92170   20 1994  611.73676  601.38890  1.69%  3006 13218s
   607   471  608.47557   24 1965  611.73676  601.38890  1.69%  2763 13497s
   715   575  608.50462   28 1876  611.73676  601.38890  1.69%  2496 13896s
   835   697  609.89538   33 1853  611.73676  601.38890  1.69%  2299 14179s
   983   812  610.33966   39 1775  611.73676  601.38890  1.69%  2057 14394s
  1142   922  611.00225   46 1756  611.73676  601.38890  1.69%  1868 14652s
  1312  1055  611.41755   54 1734  611.73676  601.38890  1.69%  1705 15009s
  1498  1116  611.54678   63 1697  611.73676  601.38890  1.69%  1562 16641s
H 1500  1116                     611.7367496  601.38890  1.69%  1560 16641s
H 1503  1116                     611.7367494  601.38890  1.69%  1557 16641s
H 1567  1116                     611.7367491  601.38890  1.69%  1538 16641s
  1587  1275  611.63776   66 1682  611.73675  601.38890  1.69%  1528 16733s
  1766  1411     cutoff   71       611.73675  601.38890  1.69%  1438 16958s
  1954  1577 infeasible   69       611.73675  601.38890  1.69%  1367 17144s
  2136  1747  610.36470   23 1956  611.73675  601.38890  1.69%  1307 17331s
  2347  1942     cutoff   25       611.73675  601.38890  1.69%  1245 17445s
  2601  2172     cutoff   25       611.73675  601.38890  1.69%  1177 17564s
  2872  2457  611.16012   26 1975  611.73675  601.38890  1.69%  1107 17666s
H 3181  2457                     611.7367488  601.38890  1.69%  1035 20373s
  3182  2458  608.51975   23 2300  611.73675  601.38890  1.69%  1035 20784s
  3184  2459  611.05277   49 2318  611.73675  601.38890  1.69%  1034 20810s
  3185  2460  610.41091   31 2773  611.73675  601.38890  1.69%  1034 20841s
  3186  2461  609.75837   26 2679  611.73675  601.38890  1.69%  1034 20859s
  3187  2461  610.27010   60 2611  611.73675  601.38890  1.69%  1033 20888s
  3188  2462  607.08733   27 2535  611.73675  601.38890  1.69%  1033 20912s
  3189  2463  611.56386   39 2486  611.73675  601.38890  1.69%  1033 20932s
  3190  2463  609.81255  117 2375  611.73675  601.38890  1.69%  1032 20945s
  3191  2464  604.04768   11 2361  611.73675  601.38890  1.69%  1032 20967s
  3192  2465  611.43382    8 2427  611.73675  601.38890  1.69%  1032 21007s
  3193  2465  609.64598   87 2369  611.73675  601.38890  1.69%  1032 21046s
  3194  2466  606.17255   15 2338  611.73675  601.38890  1.69%  1031 21056s
  3195  2467  607.08636   25 2277  611.73675  601.38890  1.69%  1031 21073s
  3196  2467  608.98729   48 2208  611.73675  601.38890  1.69%  1031 21086s
  3197  2468  609.64730   88 2205  611.73675  601.38890  1.69%  1030 21112s
H 3197  2344                     611.7367487  601.38890  1.69%  1030 21659s
  3198  2345  604.97011    9 2165  611.73675  601.38890  1.69%  1030 21907s
  3199  2345  605.02987   15 2122  611.73675  601.38890  1.69%  1030 22110s
  3200  2346  605.76204   14 2092  611.73675  601.48639  1.68%  1029 22155s
  3201  2347  607.85738   20 2127  611.73675  601.77526  1.63%  1029 22173s
  3202  2347  609.03316   25 2095  611.73675  601.78366  1.63%  1029 22193s
  3203  2348  611.01267   48 2074  611.73675  602.82523  1.46%  1028 22350s
  3204  2349  611.62610   83 2132  611.73675  602.97072  1.43%  1028 22642s
  3205  2349  610.97957  159 2054  611.73675  603.06015  1.42%  1028 22668s
  3206  2350  603.97679   14 2163  611.73675  603.13297  1.41%  1027 22700s
  3208  2351  610.93944   91 2172  611.73675  603.17099  1.40%  1027 22710s
  3209  2352  611.18853   16 2217  611.73675  603.43419  1.36%  1026 22816s
H 3209  2234                     611.7362265  604.03554  1.26%  1026 23076s
  3210  2235  610.07661  144 2165  611.73623  604.03554  1.26%  1026 23083s
  3211  2235  609.78423   67 2139  611.73623  604.03554  1.26%  1026 23111s
H 3211  2123                     611.7362263  604.35586  1.21%  1026 23323s
H 3211  2016                     611.7362262  604.35586  1.21%  1026 23323s
  3213  2018  610.60318   22 2128  611.73623  604.52643  1.18%  1025 23763s
H 3213  1916                     611.7362257  604.57366  1.17%  1025 23814s
  3214  1916  609.12810   21 2115  611.73623  604.57366  1.17%  1025 23816s
  3215  1917  611.10355   35 2116  611.73623  604.60557  1.17%  1024 23855s
  3216  1918  610.96038   93 2087  611.73623  604.60557  1.17%  1024 23884s
H 3216  1822                     611.7362253  604.60579  1.17%  1024 24113s
H 3217  1730                     611.7362251  604.60579  1.17%  1024 24451s
  3218  1731  604.60579   12 2084  611.73623  604.60579  1.17%  1024 24460s
  3219  1732  604.60579   20 2108  611.73623  604.60579  1.17%  1023 24677s
  3220  1732  610.70773   97 2113  611.73623  604.66230  1.16%  1023 24869s
  3221  1733  607.30623   24 2112  611.73623  604.66230  1.16%  1023 25062s
  3222  1734  609.45063   59 2112  611.73623  604.66230  1.16%  1022 26198s
  3223  1737  604.66230   13 2142  611.73623  604.66230  1.16%  1061 29139s
  3225  1741  604.66230   14 2125  611.73623  604.66230  1.16%  1063 33706s
H 3229  1660                     611.7352799  604.66230  1.16%  1065 33942s
H 3230  1577                     611.7328477  604.66230  1.16%  1066 33943s
H 3233  1497                     611.7290073  604.66230  1.16%  1069 33943s
  3237  1512  611.07863   16 2114  611.72901  604.66230  1.16%  1077 34504s
  3253  1518     cutoff   17       611.72901  604.66230  1.16%  1100 35091s
H 3257  1442                     611.7290070  604.66230  1.16%  1104 35091s
H 3261  1370                     611.7290030  604.66230  1.16%  1110 35091s
H 3265  1300                     611.7290030  604.66230  1.16%  1117 35091s
H 3269  1235                     611.7290028  604.66230  1.16%  1125 35091s
H 3273  1173                     611.7290025  604.66230  1.16%  1131 35091s
H 3274  1114                     611.7289998  604.66230  1.16%  1133 35091s
  3285  1111  604.66230   18 1933  611.72900  604.66230  1.16%  1147 35662s
H 3317  1051                     611.7289974  604.66230  1.16%  1177 37679s
H 3317   999                     611.7263642  604.66230  1.15%  1177 37680s
H 3326   946                     611.7224303  604.66230  1.15%  1188 37680s
  3349   952     cutoff   20       611.72243  604.66230  1.15%  1218 37978s
H 3381   913                     611.7223323  604.66230  1.15%  1235 40144s
  3382   912  606.92105   21 1948  611.72233  604.66230  1.15%  1236 40145s
H 3385   866                     611.7223272  604.66230  1.15%  1236 40145s
H 3395   820                     611.7223270  604.66230  1.15%  1240 40145s
  3413   856  605.14292   22 1938  611.72233  604.66230  1.15%  1250 40532s
H 3473   822                     611.7223263  604.66230  1.15%  1270 42653s
H 3474   783                     611.7223260  604.66230  1.15%  1270 42653s
H 3475   746                     611.7223234  604.66230  1.15%  1269 42653s
H 3479   710                     611.7223229  604.66230  1.15%  1270 42653s
H 3481   676                     611.7223227  604.66230  1.15%  1270 42653s
H 3484   644                     611.7223224  604.66230  1.15%  1271 42653s
H 3486   614                     611.7202767  604.66230  1.15%  1271 42653s
H 3505   579                     611.7141664  604.66230  1.15%  1276 42653s
  3507   613  607.43177   25 1898  611.71417  604.66230  1.15%  1277 42772s
  3570   630  608.74186   27 1883  611.71417  604.66230  1.15%  1282 42916s
  3659   640  609.85167   30 1845  611.71417  604.66230  1.15%  1278 43023s
  3746   664  611.06807   33 1850  611.71417  604.66230  1.15%  1278 43061s
  3845   670 infeasible   34       611.71417  604.66230  1.15%  1279 43250s
  3934   672  608.93334   28 1862  611.71417  604.66230  1.15%  1285 43470s
  4029   657  609.75654   31 1855  611.71417  604.66230  1.15%  1285 43687s
  4073   706  610.06285   32 1839  611.71417  604.66230  1.15%  1287 43812s
  4174   729     cutoff   38       611.71417  604.66230  1.15%  1289 43885s
  4292   738     cutoff   39       611.71417  604.66230  1.15%  1285 43974s
H 4400   693                     611.7124630  604.66230  1.15%  1286 45227s
H 4418   661                     611.7115230  604.66230  1.15%  1287 45227s
  4442   726  610.40707   32 1850  611.71152  604.66230  1.15%  1290 45363s
  4576   751  611.40003   37 1821  611.71152  604.66230  1.15%  1287 45439s
  4740   792     cutoff   38       611.71152  604.66230  1.15%  1275 45481s
  4888   894  605.13538   21 1968  611.71152  604.66230  1.15%  1272 45500s
  5087   973  606.36638   23 1913  611.71152  604.66230  1.15%  1252 45530s
  5286  1091  608.39062   25 1867  611.71152  604.66230  1.15%  1232 45758s
  5497  1152  610.09789   29 1855  611.71152  604.66230  1.15%  1211 46421s
H 5504  1152                     611.7115227  604.66230  1.15%  1210 46421s
H 5515  1152                     611.7115194  604.66230  1.15%  1210 46422s
H 5529  1152                     611.7115192  604.66230  1.15%  1208 46422s
H 5594  1152                     611.7102949  604.66230  1.15%  1204 46422s
  5652  1268     cutoff   33       611.71029  604.66230  1.15%  1203 46505s
  5878  1443  609.14496   23 1918  611.71029  604.66230  1.15%  1185 46566s
  6161  1479  611.17475   25 1898  611.71029  604.66230  1.15%  1157 46713s
  6247  1592  611.54853   26 1898  611.71029  604.66230  1.15%  1152 46814s
  6533  1706     cutoff   41       611.71029  605.13884  1.07%  1130 47047s
  6786  1819  606.81854   23 1895  611.71029  605.18374  1.07%  1114 47299s
  7035  1987  608.82221   26 1873  611.71029  605.18374  1.07%  1100 47515s
  7319  2170  610.57853   32 1813  611.71029  606.10507  0.92%  1078 47755s

Cutting planes:
  Learned: 43
  Gomory: 28
  Cover: 161
  Implied bound: 94
  Projected implied bound: 176
  Clique: 21
  MIR: 626
  StrongCG: 1
  Flow cover: 3397
  GUB cover: 12
  Zero half: 60
  RLT: 1445
  Relax-and-lift: 399

Explored 7657 nodes (8169305 simplex iterations) in 47756.36 seconds
Thread count was 32 (of 32 available processors)

Solution count 10: 611.71 611.712 611.712 ... 611.722

Optimal solution found (tolerance 1.00e-02)
Best objective 6.117102949305e+02, best bound 6.061050726053e+02, gap 0.9163%
