
Gurobi 9.1.0 (linux64) logging started Tue Aug  3 18:56:52 2021

Changed value of parameter LogFile to eab_parasitoid_0_0_0.8_bud.log
   Prev:   Default: 
Changed value of parameter MIPGap to 0.01
   Prev: 0.0001  Min: 0.0  Max: inf  Default: 0.0001
Changed value of parameter Method to 2
   Prev: -1  Min: -1  Max: 5  Default: -1
Changed value of parameter MIPFocus to 2
   Prev: 0  Min: 0  Max: 3  Default: 0
Changed value of parameter RINS to 100
   Prev: -1  Min: -1  Max: 2000000000  Default: -1
Gurobi Optimizer version 9.1.0 build v9.1.0rc0 (linux64)
Thread count: 32 physical cores, 32 logical processors, using up to 32 threads
Optimize a model with 203396 rows, 134935 columns and 685039 nonzeros
Model fingerprint: 0xaed14590
Variable types: 55779 continuous, 79156 integer (79156 binary)
Coefficient statistics:
  Matrix range     [2e-04, 1e+06]
  Objective range  [1e-06, 1e-01]
  Bounds range     [1e+00, 6e+03]
  RHS range        [1e-04, 1e+06]
Presolve removed 155588 rows and 100000 columns (presolve time = 6s) ...
Presolve removed 178430 rows and 115614 columns (presolve time = 10s) ...
Presolve removed 183126 rows and 117070 columns (presolve time = 15s) ...
Presolve removed 190565 rows and 124775 columns (presolve time = 20s) ...
Presolve removed 192021 rows and 125379 columns (presolve time = 25s) ...
Presolve removed 192086 rows and 125414 columns (presolve time = 30s) ...
Presolve removed 193025 rows and 126427 columns (presolve time = 36s) ...
Presolve removed 193589 rows and 126989 columns (presolve time = 41s) ...
Presolve removed 193708 rows and 127058 columns (presolve time = 45s) ...
Presolve removed 193809 rows and 127132 columns (presolve time = 50s) ...
Presolve removed 193928 rows and 127222 columns (presolve time = 55s) ...
Presolve removed 193941 rows and 127231 columns
Presolve time: 57.55s
Presolved: 9455 rows, 7704 columns, 128893 nonzeros
Variable types: 3389 continuous, 4315 integer (4315 binary)
Presolve removed 8 rows and 6 columns
Presolved: 9447 rows, 7698 columns, 128827 nonzeros

Root barrier log...

Ordering time: 1.86s

Barrier statistics:
 Dense cols : 149
 AA' NZ     : 5.580e+05
 Factor NZ  : 2.646e+06 (roughly 30 MBytes of memory)
 Factor Ops : 2.191e+09 (less than 1 second per iteration)
 Threads    : 31

                  Objective                Residual
Iter       Primal          Dual         Primal    Dual     Compl     Time
   0   1.73854456e+03 -1.77040968e+04  1.95e+04 1.30e-01  8.64e+01    64s
   1   1.53559347e+03 -2.12097539e+04  1.46e+04 4.80e-01  6.42e+01    65s
   2   9.93343480e+02 -2.03506847e+04  3.83e+03 3.91e-02  1.78e+01    65s
   3   7.69066587e+02 -1.41939538e+04  1.77e+02 1.31e-04  1.33e+00    65s
   4   7.16061453e+02 -3.93629092e+03  4.54e+01 9.49e-15  2.94e-01    66s
   5   6.71339446e+02 -2.09573169e+03  1.25e+01 4.83e-15  1.36e-01    66s
   6   6.59864587e+02 -9.25863999e+02  3.79e+00 2.55e-15  6.99e-02    66s
   7   6.52173374e+02  2.96214691e+02  6.64e-01 2.95e-15  1.50e-02    66s
   8   6.46764651e+02  5.09050714e+02  1.14e-01 1.48e-15  5.68e-03    67s
   9   6.44316440e+02  5.66052380e+02  4.17e-02 1.04e-15  3.22e-03    67s
  10   6.42555972e+02  5.95531763e+02  1.47e-02 6.07e-16  1.93e-03    67s
  11   6.41720458e+02  6.19235557e+02  6.72e-03 4.44e-16  9.22e-04    67s
  12   6.40977689e+02  6.23211481e+02  1.99e-03 2.98e-16  7.29e-04    68s
  13   6.40585220e+02  6.30806746e+02  5.77e-05 4.44e-16  4.01e-04    68s
  14   6.40085421e+02  6.33200767e+02  3.28e-05 2.22e-16  2.82e-04    68s
  15   6.40041650e+02  6.34145966e+02  3.06e-05 4.44e-16  2.42e-04    68s
  16   6.39628623e+02  6.35513193e+02  1.24e-05 2.22e-16  1.69e-04    68s
  17   6.39492346e+02  6.37025688e+02  8.12e-06 2.22e-16  1.01e-04    69s
  18   6.39381299e+02  6.38053486e+02  5.05e-06 4.44e-16  5.44e-05    69s
  19   6.39310651e+02  6.38453646e+02  3.26e-06 4.89e-16  3.51e-05    69s
  20   6.39275307e+02  6.38678353e+02  2.50e-06 7.04e-16  2.45e-05    69s
  21   6.39219781e+02  6.38843909e+02  1.29e-06 1.30e-15  1.54e-05    70s
  22   6.39189587e+02  6.38945067e+02  6.87e-07 4.44e-16  1.00e-05    70s
  23   6.39176250e+02  6.39061569e+02  4.51e-07 7.30e-16  4.70e-06    70s
  24   6.39158829e+02  6.39117235e+02  1.51e-07 2.22e-16  1.70e-06    70s
  25   6.39155604e+02  6.39133831e+02  9.99e-08 2.78e-16  8.92e-07    71s
  26   6.39152909e+02  6.39140278e+02  5.92e-08 1.11e-16  5.18e-07    71s
  27   6.39152034e+02  6.39145041e+02  4.59e-08 4.44e-16  2.87e-07    71s
  28   6.39150698e+02  6.39146209e+02  2.55e-08 2.22e-16  1.84e-07    71s
  29   6.39150218e+02  6.39147925e+02  1.84e-08 4.44e-16  9.40e-08    71s
  30   6.39149332e+02  6.39148447e+02  4.93e-09 2.22e-16  3.63e-08    72s
  31   6.39149190e+02  6.39148741e+02  3.18e-09 2.22e-16  1.84e-08    72s
  32   6.39149108e+02  6.39148936e+02  1.90e-09 2.22e-16  7.08e-09    72s
  33   6.39149025e+02  6.39148971e+02  5.79e-10 2.22e-16  2.19e-09    72s
  34   6.39148997e+02  6.39148985e+02  1.38e-10 1.65e-14  4.83e-10    73s
  35   6.39148988e+02  6.39148987e+02  2.28e-12 1.23e-14  2.45e-11    73s

Barrier solved model in 35 iterations and 72.84 seconds
Optimal objective 6.39148988e+02


Root crossover log...

     586 DPushes remaining with DInf 0.0000000e+00                73s
       0 DPushes remaining with DInf 0.0000000e+00                73s

    3125 PPushes remaining with PInf 9.4370938e-06                73s
       0 PPushes remaining with PInf 0.0000000e+00                74s

  Push phase complete: Pinf 0.0000000e+00, Dinf 2.3317361e-02     74s


Root simplex log...

Iteration    Objective       Primal Inf.    Dual Inf.      Time
    3568    6.3914899e+02   0.000000e+00   2.331736e-02     74s
    3571    6.3914899e+02   0.000000e+00   0.000000e+00     74s
    3571    6.3914899e+02   0.000000e+00   0.000000e+00     74s

Root relaxation: objective 6.391490e+02, 3571 iterations, 14.41 seconds
Total elapsed time = 75.76s

    Nodes    |    Current Node    |     Objective Bounds      |     Work
 Expl Unexpl |  Obj  Depth IntInf | Incumbent    BestBd   Gap | It/Node Time

     0     0  641.24039    0 1920          -  641.24039      -     -   78s
     0     0  701.63634    0 2174          -  701.63634      -     -  117s
     0     0  702.50350    0 2211          -  702.50350      -     -  146s
     0     0  702.58180    0 2173          -  702.58180      -     -  158s
     0     0  702.60323    0 2190          -  702.60323      -     -  161s
     0     0  702.60338    0 2193          -  702.60338      -     -  162s
     0     0  709.32462    0 2175          -  709.32462      -     -  231s
     0     0  709.66848    0 2145          -  709.66848      -     -  270s
H    0     0                     757.0980910  709.66848  6.26%     -  292s
H    0     0                     756.9961951  709.66848  6.25%     -  292s
     0     0  709.74811    0 2083  756.99620  709.74811  6.24%     -  293s
     0     0  709.77555    0 2057  756.99620  709.77555  6.24%     -  300s
H    0     0                     756.8192138  709.77555  6.22%     -  311s
H    0     0                     756.6466592  709.77555  6.19%     -  311s
H    0     0                     756.3996606  709.77555  6.16%     -  311s
     0     0  714.55027    0 1978  756.39966  714.55027  5.53%     -  350s
H    0     0                     739.0982792  714.55027  3.32%     -  361s
     0     0  714.72878    0 1984  739.09828  714.72878  3.30%     -  378s
     0     0  714.75650    0 2012  739.09828  714.75650  3.29%     -  384s
     0     0  715.04633    0 1884  739.09828  715.04633  3.25%     -  432s
H    0     0                     739.0952835  715.04633  3.25%     -  435s
     0     0  715.23320    0 1915  739.09528  715.23320  3.23%     -  453s
     0     0  715.26292    0 1910  739.09528  715.26292  3.22%     -  464s
     0     0  715.43941    0 1886  739.09528  715.43941  3.20%     -  507s
     0     0  715.43941    0 1883  739.09528  715.43941  3.20%     -  529s
H    0     0                     731.0172190  715.43967  2.13%     -  962s
     0     2  715.43967    0 1883  731.01722  715.43967  2.13%     -  971s
     1     4  721.42843    1 1828  731.01722  715.43967  2.13%  1457 1011s
     3     8  726.80484    2 1860  731.01722  716.55526  1.98%  1347 1091s
     7    16  727.75989    3 1831  731.01722  717.89884  1.79%  1358 1194s
    15    32  727.95723    4 1836  731.01722  718.41245  1.72%  1446 1320s
    31    60  728.25392    5 1817  731.01722  718.78166  1.67%  1982 1513s
    63    86     cutoff    6       731.01722  718.93493  1.65%  1956 2301s
H   95   112                     731.0163082  718.93945  1.65%  1702 2413s
H   96   112                     731.0157441  718.93945  1.65%  1700 2413s
H   97   112                     731.0149842  718.93945  1.65%  1684 2413s
H   98   112                     731.0134591  718.93945  1.65%  1683 2413s
H  106   112                     731.0130367  718.93945  1.65%  1604 2413s
H  108   112                     731.0109999  718.93945  1.65%  1594 2413s
H  115   112                     731.0103126  718.93945  1.65%  1534 2413s
   127   140  721.96033    8 1538  731.01031  718.93945  1.65%  1463 2468s
H  159   156                     730.9886248  718.93945  1.65%  1420 2544s
H  161   156                     730.9792931  718.93945  1.65%  1404 2544s
H  167   156                     730.9727717  718.93945  1.65%  1404 2544s
H  191   178                     730.9727709  718.93945  1.65%  1370 4397s
H  192   178                     730.9517473  718.93945  1.64%  1364 4397s
H  209   178                     730.9307461  718.93945  1.64%  1311 4397s
H  225   199                     730.9306662  718.93945  1.64%  1283 6783s
H  227   199                     730.9306626  718.93945  1.64%  1287 6783s
H  228   199                     730.9306042  718.93945  1.64%  1289 6783s
H  229   199                     730.9305990  718.93945  1.64%  1286 6783s
H  233   199                     730.9305983  718.93945  1.64%  1284 6783s
H  234   199                     730.9293627  718.93945  1.64%  1282 6783s
H  245   199                     730.8811142  718.93945  1.63%  1257 6784s
   258   221  723.77173   12 1634  730.88111  718.93945  1.63%  1253 8506s
H  260   221                     730.8628718  718.93945  1.63%  1252 8506s
H  264   221                     730.8598714  718.93945  1.63%  1253 8506s
H  271   221                     730.8375970  718.93945  1.63%  1243 8506s
H  282   221                     730.8321573  718.93945  1.63%  1238 8506s
   294   267  723.77644   13 1631  730.83216  718.93945  1.63%  1234 8570s
   358   318  724.14489   15 1704  730.83216  718.93945  1.63%  1165 8625s
   445   382  724.46447   18 1691  730.83216  718.93945  1.63%  1075 8736s
   531   434  724.92016   21 1652  730.83216  718.93945  1.63%   984 8854s
   621   503  725.41180   25 1621  730.83216  718.93945  1.63%   929 9001s
   718   594  726.30043   29 1629  730.83216  718.93945  1.63%   877 9184s
   839   688  726.62482   31 1542  730.83216  718.93945  1.63%   808 9312s
   974   808  726.63795   37 1507  730.83216  718.93945  1.63%   749 9473s
  1122   911  727.30344   44 1559  730.83216  718.93945  1.63%   695 9580s
  1267  1051  727.84458   52 1605  730.83216  718.93945  1.63%   656 9760s
  1432  1208  728.64065   60 1553  730.83216  718.93945  1.63%   612 9979s
  1628  1396  728.67666   69 1535  730.83216  718.93945  1.63%   566 10109s
  1830  1601  728.72689   80 1520  730.83216  718.93945  1.63%   527 10255s
  2059  1795  728.90524   92 1393  730.83216  718.93945  1.63%   491 10447s
  2278  2064  729.77579  105 1349  730.83216  718.93945  1.63%   464 10585s
  2564  2375  729.92850  120 1310  730.83216  718.93945  1.63%   427 10671s
H 2895  2375                     730.8318217  718.93945  1.63%   391 12610s
  2896  2376  725.33947   26 1883  730.83182  718.93945  1.63%   391 12858s
H 2897  2258                     730.8318109  718.93945  1.63%   391 12886s
H 2897  2145                     730.8318095  718.93945  1.63%   391 12893s
H 2897  2037                     730.8318056  718.93945  1.63%   391 12898s
  2899  2038  730.08713   92 2137  730.83181  718.93945  1.63%   390 12993s
  2900  2039  724.32028   25 2079  730.83181  718.93945  1.63%   390 13072s
  2901  2039  727.48590   57 1964  730.83181  718.93945  1.63%   390 13113s
  2902  2040  725.07899   24 1855  730.83181  718.93945  1.63%   390 13138s
  2903  2041  724.24386   13 1792  730.83181  718.93945  1.63%   390 13150s
  2904  2041  727.95308   75 1731  730.83181  718.93945  1.63%   390 13179s
  2905  2042  726.95244   38 1759  730.83181  718.93945  1.63%   389 13234s
  2906  2043  725.99150   38 1714  730.83181  718.93945  1.63%   389 13269s
  2907  2043  723.44620   15 1743  730.83181  718.93945  1.63%   389 13287s
  2908  2044  728.07217    6 1750  730.83181  718.93945  1.63%   389 13312s
  2909  2045  730.80846  129 1741  730.83181  718.93945  1.63%   389 13323s
  2910  2045  726.75647   19 1741  730.83181  718.93945  1.63%   389 13353s
H 2910  1943                     730.8318031  718.93945  1.63%   389 13503s
H 2910  1846                     730.8317996  718.93945  1.63%   389 13508s
H 2910  1753                     730.8317924  718.93945  1.63%   389 13508s
  2911  1754  730.47047   64 1582  730.83179  718.93945  1.63%   389 13602s
  2912  1755  725.99735   18 1587  730.83179  718.93945  1.63%   389 13641s
  2913  1755  725.93628   31 1562  730.83179  718.93945  1.63%   388 13661s
  2914  1756  722.90892   19 1561  730.83179  718.93945  1.63%   388 13681s
  2915  1757  729.55320   27 1579  730.83179  718.93945  1.63%   388 13694s
  2916  1757  728.17619   81 1596  730.83179  718.93945  1.63%   388 13708s
H 2916  1669                     730.8317676  718.93945  1.63%   388 13831s
H 2916  1585                     730.8317370  718.93945  1.63%   388 13831s
  2917  1586  727.68723   40 1625  730.83174  718.93945  1.63%   388 13969s
  2918  1587  726.66554   36 1539  730.83174  720.38882  1.43%   388 14287s
  2919  1587  726.63327   35 1530  730.83174  721.56073  1.27%   388 14296s
  2920  1588  724.21063   23 1568  730.83174  721.56073  1.27%   387 14322s
  2921  1589  729.78472   77 1537  730.83174  721.66365  1.25%   387 14342s
  2922  1589  726.20616   37 1557  730.83174  721.66365  1.25%   387 14356s
  2923  1590  730.38343   28 1591  730.83174  721.66580  1.25%   387 14368s
  2924  1591  727.64938   37 1593  730.83174  722.00390  1.21%   387 14422s
H 2924  1511                     730.8317342  722.35228  1.16%   387 14648s
  2926  1512  722.54009   11 1489  730.83173  722.52960  1.14%   387 14658s
  2927  1513  725.81141   40 1514  730.83173  722.52960  1.14%   387 14685s
  2928  1513  724.99687   39 1510  730.83173  722.52960  1.14%   386 14700s
  2929  1514  729.97971   20 1475  730.83173  722.52960  1.14%   386 14777s
  2930  1515  727.21377   58 1493  730.83173  722.52960  1.14%   386 14902s
  2931  1515  722.52960   13 1448  730.83173  722.52960  1.14%   386 14911s
  2932  1516  722.92021   20 1488  730.83173  722.52960  1.14%   386 14995s
H 2932  1439                     730.8317314  722.52960  1.14%   386 15170s
H 2933  1368                     730.7779726  722.52960  1.13%   386 15276s
  2935  1369  727.68723   40 1480  730.77797  722.52960  1.13%   385 15404s
  2936  1370  730.77797  129 1461  730.77797  722.57792  1.12%   385 15467s
H 2936  1301                     730.7779337  722.57792  1.12%   385 15521s
  2937  1301  726.60808   41 1458  730.77793  722.57792  1.12%   385 15526s
  2938  1302  730.07250   87 1458  730.77793  722.57792  1.12%   385 15583s
H 2938  1236                     730.7779330  722.57792  1.12%   385 16201s
H 2938  1173                     730.7779316  722.57792  1.12%   385 16201s
  2940  1177  722.57792   14 1469  730.77793  722.57792  1.12%   401 17037s
  2942  1181  722.57792   15 1502  730.77793  722.57792  1.12%   402 18840s
  2946  1187  722.57792   16 1502  730.77793  722.57792  1.12%   404 19006s
  2954  1201  725.43250   17 1502  730.77793  722.57792  1.12%   408 19163s
  2970  1211     cutoff   18       730.77793  722.57792  1.12%   421 19328s
H 2971  1152                     730.7779314  722.57792  1.12%   421 19328s
  3002  1144  723.68341   19 1331  730.77793  722.57792  1.12%   446 19468s
  3034  1145  726.79234   20 1417  730.77793  722.57792  1.12%   461 19562s
  3066  1153  729.20076   20 1412  730.77793  722.57792  1.12%   479 19628s
  3098  1163  727.15061   21 1430  730.77793  722.72970  1.10%   481 21372s
H 3099  1105                     730.7772525  722.72970  1.10%   481 21372s
H 3111  1048                     730.7747006  722.72970  1.10%   482 21372s
  3130  1071  727.81119   22 1446  730.77470  722.72970  1.10%   484 21444s
H 3177  1029                     730.7746556  722.72970  1.10%   487 23057s
H 3179   980                     730.7746525  722.72970  1.10%   488 23057s
H 3181   933                     730.7746504  722.72970  1.10%   488 23057s
H 3186   888                     730.7746489  722.72970  1.10%   488 23057s
H 3190   845                     730.7746479  722.72970  1.10%   488 23057s
  3210   877  729.48141   23 1414  730.77465  722.72970  1.10%   488 23096s
H 3271   847                     730.7737130  722.72970  1.10%   488 23177s
H 3272   809                     730.7732744  722.72970  1.10%   488 23177s
H 3275   773                     730.7726513  722.72970  1.10%   489 23177s
  3311   808  729.09224   25 1406  730.77265  722.72970  1.10%   490 23319s
  3396   828  729.39073   26 1444  730.77265  722.72970  1.10%   490 23454s
  3482   833     cutoff   26       730.77265  722.72970  1.10%   489 23554s
  3576   798     cutoff   27       730.77265  722.72970  1.10%   485 23689s
  3633   813     cutoff   28       730.77265  722.81648  1.09%   484 23816s
  3743   835  723.82301   22 1427  730.77265  722.81648  1.09%   479 23998s
  3849   860  724.71267   24 1398  730.77265  722.81648  1.09%   477 24114s
  3958   903  725.73418   26 1457  730.77265  722.81648  1.09%   475 24168s
  4074   939  726.53581   29 1425  730.77265  722.81648  1.09%   470 24235s
  4216   998  727.55899   33 1380  730.77265  722.81648  1.09%   465 24327s
  4367  1039  728.11529   36 1424  730.77265  722.81648  1.09%   457 24366s
  4510  1132  728.46359   41 1420  730.77265  722.81648  1.09%   450 24416s
  4676  1200  728.70456   51 1402  730.77265  722.81648  1.09%   440 24478s
  4842  1282  729.03452   59 1372  730.77265  722.81648  1.09%   432 24557s
  5038  1324  729.21400   65 1355  730.77265  722.81648  1.09%   422 24606s
  5223  1521  729.70903   71 1327  730.77265  722.81648  1.09%   415 24666s
  5477  1673  729.79791   85 1286  730.77265  722.81648  1.09%   403 24759s
  5737  1831  730.50233   98 1227  730.77265  722.81648  1.09%   393 24856s
  5995  1922  730.73801  116 1185  730.77265  722.83897  1.09%   384 25190s
  6167  2086  723.31787   23 1431  730.77265  722.83897  1.09%   381 25225s
  6459  2221  724.41521   25 1437  730.77265  722.83897  1.09%   372 25265s
  6744  2330  725.39330   28 1445  730.77265  722.83897  1.09%   365 25328s
  6940  2425  726.40412   32 1389  730.77265  722.83897  1.09%   360 25409s
  7245  2537  728.33765   39 1349  730.77265  722.83897  1.09%   354 25493s
  7513  2633  730.05654   66 1295  730.77265  722.83897  1.09%   351 25582s
  7721  2796  730.28949   88 1241  730.77265  722.83897  1.09%   351 25688s
  8028  2946  730.46922  118 1170  730.77265  722.83897  1.09%   347 25760s
  8412  3091  730.58427  150 1119  730.77265  722.83897  1.09%   340 25853s
  8721  3154  730.72736  185 1053  730.77265  722.83897  1.09%   337 25948s
  9046  3203  730.76530  211  980  730.77265  724.52387  0.86%   334 26100s

Cutting planes:
  Learned: 13
  Gomory: 37
  Cover: 67
  Implied bound: 64
  Projected implied bound: 210
  Clique: 4
  MIR: 519
  Flow cover: 3117
  GUB cover: 3
  Zero half: 8
  RLT: 1366
  Relax-and-lift: 223

Explored 9389 nodes (3151372 simplex iterations) in 26101.00 seconds
Thread count was 32 (of 32 available processors)

Solution count 10: 730.773 730.773 730.774 ... 730.777

Optimal solution found (tolerance 1.00e-02)
Best objective 7.307726513356e+02, best bound 7.245259525561e+02, gap 0.8548%

Gurobi 9.1.0 (linux64) logging started Thu Aug 19 21:00:19 2021

Changed value of parameter LogFile to eab_parasitoid_0_0_0.8_bud.log
   Prev:   Default: 
Changed value of parameter MIPGap to 0.01
   Prev: 0.0001  Min: 0.0  Max: inf  Default: 0.0001
Changed value of parameter Method to 2
   Prev: -1  Min: -1  Max: 5  Default: -1
Changed value of parameter MIPFocus to 2
   Prev: 0  Min: 0  Max: 3  Default: 0
Changed value of parameter RINS to 100
   Prev: -1  Min: -1  Max: 2000000000  Default: -1
Changed value of parameter SolutionLimit to 1
   Prev: 2000000000  Min: 1  Max: 2000000000  Default: 2000000000
Gurobi Optimizer version 9.1.0 build v9.1.0rc0 (linux64)
Thread count: 32 physical cores, 32 logical processors, using up to 32 threads
Optimize a model with 203396 rows, 134935 columns and 685039 nonzeros
Model fingerprint: 0x21d95665
Variable types: 55779 continuous, 79156 integer (79156 binary)
Coefficient statistics:
  Matrix range     [2e-04, 1e+06]
  Objective range  [1e-06, 1e-01]
  Bounds range     [1e+00, 6e+03]
  RHS range        [1e-04, 1e+06]

User MIP start produced solution with objective 730.877 (10.41s)
User MIP start produced solution with objective 730.876 (10.51s)
User MIP start produced solution with objective 730.773 (10.70s)
Loaded user MIP start with objective 730.773
Processed MIP start in 10.76 seconds


Explored 0 nodes (0 simplex iterations) in 10.87 seconds
Thread count was 1 (of 32 available processors)

Solution count 4: 730.773 

Solution limit reached
Best objective 7.307726506676e+02, best bound -, gap -
