
Gurobi 9.1.0 (linux64) logging started Tue Aug 17 23:20:37 2021

Changed value of parameter LogFile to eab_parasitoid_0_2_area.log
   Prev:   Default: 
Changed value of parameter MIPGap to 0.01
   Prev: 0.0001  Min: 0.0  Max: inf  Default: 0.0001
Changed value of parameter Method to 2
   Prev: -1  Min: -1  Max: 5  Default: -1
Changed value of parameter MIPFocus to 2
   Prev: 0  Min: 0  Max: 3  Default: 0
Changed value of parameter RINS to 100
   Prev: -1  Min: -1  Max: 2000000000  Default: -1
Gurobi Optimizer version 9.1.0 build v9.1.0rc0 (linux64)
Thread count: 32 physical cores, 32 logical processors, using up to 32 threads
Optimize a model with 203386 rows, 134930 columns and 685029 nonzeros
Model fingerprint: 0xce497f8c
Variable types: 55774 continuous, 79156 integer (79156 binary)
Coefficient statistics:
  Matrix range     [2e-04, 1e+06]
  Objective range  [1e+00, 1e+00]
  Bounds range     [1e+00, 6e+03]
  RHS range        [1e-04, 1e+06]
Presolve removed 178484 rows and 113742 columns (presolve time = 5s) ...
Presolve removed 185924 rows and 121000 columns (presolve time = 11s) ...
Presolve removed 192780 rows and 126497 columns (presolve time = 15s) ...
Presolve removed 194437 rows and 127684 columns (presolve time = 20s) ...
Presolve removed 196091 rows and 128987 columns (presolve time = 25s) ...
Presolve removed 197240 rows and 129647 columns (presolve time = 30s) ...
Presolve removed 197483 rows and 129830 columns
Presolve time: 34.98s
Presolved: 5903 rows, 5100 columns, 84094 nonzeros
Variable types: 1867 continuous, 3233 integer (3232 binary)
Presolve removed 10 rows and 3 columns
Presolved: 5893 rows, 5097 columns, 84070 nonzeros

Root barrier log...

Ordering time: 0.75s

Barrier statistics:
 Dense cols : 80
 AA' NZ     : 3.174e+05
 Factor NZ  : 1.344e+06 (roughly 15 MBytes of memory)
 Factor Ops : 9.067e+08 (less than 1 second per iteration)
 Threads    : 31

                  Objective                Residual
Iter       Primal          Dual         Primal    Dual     Compl     Time
   0   2.17970667e+04 -3.04713430e+04  2.01e+04 7.40e-01  1.98e+02    38s
   1   1.52167199e+04 -3.52213677e+04  1.35e+04 9.96e-01  1.30e+02    39s
   2   1.65327242e+03 -3.55426677e+04  6.33e+02 6.24e-12  8.36e+00    39s
   3   9.67463840e+02 -1.39530081e+04  5.88e+01 4.35e-14  1.28e+00    40s
   4   8.83905219e+02 -2.37261604e+03  3.45e+00 1.11e-14  2.11e-01    40s
   5   8.00584065e+02 -2.25489560e+02  2.64e-01 3.05e-15  6.48e-02    40s
   6   7.43100669e+02  3.28075234e+02  1.76e-03 1.36e-15  2.62e-02    41s
   7   7.20022876e+02  5.33085825e+02  7.58e-04 6.28e-16  1.18e-02    41s
   8   7.13568562e+02  6.19140599e+02  4.57e-04 4.82e-16  5.95e-03    41s
   9   7.09202761e+02  6.74806156e+02  2.05e-04 4.48e-16  2.17e-03    42s
  10   7.06739216e+02  6.99904587e+02  6.49e-05 6.69e-16  4.30e-04    42s
  11   7.06203873e+02  7.03685926e+02  3.56e-05 8.88e-16  1.59e-04    43s
  12   7.05893992e+02  7.04956334e+02  1.58e-05 4.44e-16  5.90e-05    43s
  13   7.05731249e+02  7.05358853e+02  6.54e-06 8.88e-16  2.34e-05    43s
  14   7.05709272e+02  7.05420419e+02  5.33e-06 8.88e-16  1.82e-05    44s
  15   7.05705167e+02  7.05465318e+02  5.12e-06 4.44e-16  1.51e-05    44s
  16   7.05649425e+02  7.05537106e+02  2.03e-06 4.44e-16  7.07e-06    45s
  17   7.05620023e+02  7.05615303e+02  3.98e-13 6.66e-16  2.97e-07    45s
  18   7.05617492e+02  7.05616895e+02  1.03e-11 4.44e-16  3.76e-08    45s
  19   7.05617343e+02  7.05617342e+02  1.71e-12 6.66e-16  5.62e-11    46s
  20   7.05617343e+02  7.05617343e+02  1.34e-10 4.44e-16  1.32e-15    46s

Barrier solved model in 20 iterations and 46.05 seconds
Optimal objective 7.05617343e+02


Root crossover log...

      97 DPushes remaining with DInf 0.0000000e+00                46s
       0 DPushes remaining with DInf 0.0000000e+00                46s

    4501 PPushes remaining with PInf 0.0000000e+00                46s
       0 PPushes remaining with PInf 0.0000000e+00                47s

  Push phase complete: Pinf 0.0000000e+00, Dinf 2.2204460e-16     47s


Root simplex log...

Iteration    Objective       Primal Inf.    Dual Inf.      Time
    4510    7.0561734e+02   0.000000e+00   0.000000e+00     47s
    4510    7.0561734e+02   0.000000e+00   0.000000e+00     47s

Root relaxation: objective 7.056173e+02, 4510 iterations, 10.82 seconds
Total elapsed time = 51.64s

    Nodes    |    Current Node    |     Objective Bounds      |     Work
 Expl Unexpl |  Obj  Depth IntInf | Incumbent    BestBd   Gap | It/Node Time

     0     0  705.61734    0  154          -  705.61734      -     -   53s
     0     0  706.80868    0  617          -  706.80868      -     -   64s
     0     0  706.80884    0  581          -  706.80884      -     -   65s
     0     0  706.84049    0  757          -  706.84049      -     -   86s
     0     0  706.85099    0  771          -  706.85099      -     -   91s
     0     0  706.85138    0  776          -  706.85138      -     -   92s
     0     0  706.85155    0  775          -  706.85155      -     -   92s
     0     0  706.90309    0  776          -  706.90309      -     -  112s
     0     0  706.96354    0  769          -  706.96354      -     -  126s
     0     0  706.97880    0  778          -  706.97880      -     -  129s
     0     0  706.97941    0  779          -  706.97941      -     -  130s
     0     0  706.97962    0  782          -  706.97962      -     -  131s
     0     0  707.07951    0  759          -  707.07951      -     -  152s
     0     0  707.07951    0  758          -  707.07951      -     -  160s
     0     0  707.07951    0  765          -  707.07951      -     -  164s
     0     0  707.07951    0  769          -  707.07951      -     -  165s
     0     0  707.07951    0  772          -  707.07951      -     -  165s
     0     0  707.12215    0  788          -  707.12215      -     -  185s
     0     0  707.12613    0  768          -  707.12613      -     -  189s
     0     0  707.12750    0  796          -  707.12750      -     -  190s
     0     0  707.12788    0  788          -  707.12788      -     -  192s
     0     0  707.21244    0  768          -  707.21244      -     -  223s
H    0     0                     810.3461392  707.21244  12.7%     -  229s
     0     0  707.22869    0  758  810.34614  707.22869  12.7%     -  229s
     0     0  707.23358    0  769  810.34614  707.23358  12.7%     -  232s
     0     0  707.23572    0  772  810.34614  707.23572  12.7%     -  234s
     0     0  707.23710    0  793  810.34614  707.23710  12.7%     -  236s
     0     0  707.23729    0  798  810.34614  707.23729  12.7%     -  237s
     0     0  707.27595    0  781  810.34614  707.27595  12.7%     -  254s
     0     0  707.28462    0  796  810.34614  707.28462  12.7%     -  266s
     0     0  707.28845    0  807  810.34614  707.28845  12.7%     -  271s
     0     0  707.29015    0  814  810.34614  707.29015  12.7%     -  277s
     0     0  707.29030    0  813  810.34614  707.29030  12.7%     -  279s
     0     0  707.29820    0  786  810.34614  707.29820  12.7%     -  295s
     0     0  707.29918    0  804  810.34614  707.29918  12.7%     -  305s
     0     0  707.29939    0  816  810.34614  707.29939  12.7%     -  308s
     0     0  707.30481    0  815  810.34614  707.30481  12.7%     -  326s
     0     0  707.30481    0  761  810.34614  707.30481  12.7%     -  347s
     0     2  707.30650    0  761  810.34614  707.30650  12.7%     -  862s
     1     2 infeasible    1       810.34614  707.30650  12.7%  6835  872s
     3     4  709.09229    2  749  810.34614  708.21362  12.6%  4034  884s
     5     4 infeasible    3       810.34614  708.50294  12.6%  4610  896s
     9     6  710.26460    4  742  810.34614  710.07958  12.4%  3924  955s
    13    10  712.53789    5  715  810.34614  710.26460  12.4%  3956  961s
    19     2 infeasible    6       810.34614  712.03342  12.1%  3534 1033s
    29     4  713.89225    7  648  810.34614  712.94596  12.0%  3272 1035s
    31     8  714.33869    8  712  810.34614  713.04019  12.0%  3423 1079s
    35    10 infeasible    9       810.34614  713.04019  12.0%  4216 1167s
    43    14  716.64056   10  712  810.34614  714.77222  11.8%  4765 1668s
    53    22 infeasible   11       810.34614  715.11976  11.8%  4275 1759s
H   67    40                     809.3449536  715.25303  11.6%  4619 2327s
H   68    40                     807.3221826  715.25303  11.4%  4572 2327s
    89    54 infeasible   13       807.32218  715.85658  11.3%  4102 2723s
   121    74 infeasible   14       807.32218  716.22759  11.3%  4121 3540s
   153    93  716.84629   15  631  807.32218  716.71663  11.2%  4164 3912s
H  185   126                     777.1661647  716.84572  7.76%  4933 4240s
H  197   126                     776.1442889  716.84572  7.64%  4672 4240s
H  199   126                     771.1358575  716.84572  7.04%  4631 4240s
   230   173  716.84629   18  625  771.13586  716.84572  7.04%  4174 4898s
H  285   191                     766.0892184  716.84572  6.43%  3572 6919s
H  289   191                     750.0303700  716.84572  4.42%  3531 6919s
   317   217  716.84630   20  669  750.03037  716.84572  4.42%  3471 7146s
H  321   217                     749.0174482  716.84572  4.30%  3430 7146s
H  333   217                     748.0182487  716.84572  4.17%  3360 7146s
   349   286  716.84665   21  678  748.01825  716.84572  4.17%  3285 7492s
   430   488  717.84933   24  662  748.01825  716.84572  4.17%  2841 8030s
   642   849  717.84933   32  692  748.01825  716.84572  4.17%  2131 8788s
  1031  1444 infeasible   48       748.01825  716.84572  4.17%  1557 10206s
H 1184  1444                     746.0108764  716.84572  3.91%  1403 10206s
  1680  1917  717.84933   48  661  746.01088  716.84572  3.91%  1120 13039s
H 1865  1917                     743.9981696  716.84572  3.65%  1075 13039s
H 2174  1917                     739.9805199  716.84572  3.13%   985 13039s
  2205  3220  717.86695   51  680  739.98052  716.84572  3.13%   985 14956s
H 2653  3220                     738.9708958  716.84572  2.99%   900 14956s
H 3060  3220                     731.9345686  716.84572  2.06%   874 14956s
  3669  3128  716.85157  121  761  731.93457  716.84572  2.06%   813 15116s
  3671  3129  716.84572   65  208  731.93457  716.84572  2.06%   813 15131s
  3672  3130  718.86600   56  545  731.93457  716.84572  2.06%   813 15156s
  3673  3131  716.84572   30  779  731.93457  716.84572  2.06%   813 15168s
  3674  3131  716.85157   37  691  731.93457  716.84572  2.06%   812 15274s
  3675  3132  719.87358   51  691  731.93457  716.84572  2.06%   812 15313s
H 3675  2975                     730.9249446  716.84572  1.93%   812 15316s
  3676  2976  722.92661   86  691  730.92494  716.84572  1.93%   812 15380s
  3677  2979  716.84572   15  660  730.92494  716.84572  1.93%   818 15506s
  3679  2983  716.84572   16  728  730.92494  716.84572  1.93%   818 15674s
  3683  2989  716.84572   17  793  730.92494  716.84572  1.93%   820 15929s
  3691  2997  716.84572   18  828  730.92494  716.84572  1.93%   826 15973s
  3707  3013 infeasible   19       730.92494  716.84572  1.93%   839 16087s
  3733  3037  716.84572   20  814  730.92494  716.84572  1.93%   854 16656s
  3765  3058  716.84572   21  813  730.92494  716.84572  1.93%   857 16723s
  3797  3079  716.84572   22  815  730.92494  716.84572  1.93%   859 16742s
  3829  3097  716.84572   23  800  730.92494  716.84572  1.93%   857 16797s
  3861  3131  716.84572   24  806  730.92494  716.84572  1.93%   869 16864s
  3918  3135  716.84572   26  794  730.92494  716.84572  1.93%   876 17211s
H 3949  2976                     730.9240613  716.84572  1.93%   890 17211s
  3951  3020  716.84572   27  791  730.92406  716.84572  1.93%   890 17369s
  4010  3060  716.84572   29  763  730.92406  716.84572  1.93%   906 17459s
  4076  3083  716.84572   31  669  730.92406  716.84572  1.93%   923 17582s
  4131  3132  716.84572   32  676  730.92406  716.84572  1.93%   939 17597s
  4208  3180  716.84572   34  633  730.92406  716.84572  1.93%   947 17664s
  4294  3228  716.84572   36  632  730.92406  716.84572  1.93%   956 17706s
  4386  3277  716.84572   40  629  730.92406  716.84572  1.93%   961 17767s
  4478  3333  716.95822   42  619  730.92406  716.84572  1.93%   972 17800s
  4587  3394  716.98411   47  641  730.92406  716.84572  1.93%   980 17865s
  4696  3429  717.97907   49  615  730.92406  716.84572  1.93%   983 17923s
  4781  3501  719.09842   52  640  730.92406  716.84572  1.93%   998 17942s
  4886  3570  719.20342   54  649  730.92406  716.84572  1.93%  1007 18005s
  5008  3606  720.17734   57  638  730.92406  716.84572  1.93%  1014 18092s
  5104  3666  721.14946   60  677  730.92406  716.84572  1.93%  1017 18729s
  5236  3654  722.94059   64  644  730.92406  716.84572  1.93%  1048 19070s
  5292  3778  723.26779   66  638  730.92406  716.84572  1.93%  1060 19376s
  5479  3836  725.07290   75  665  730.92406  716.84572  1.93%  1071 19641s
  5644  3872  728.68150   79  656  730.92406  716.84572  1.93%  1097 19775s
  5775  3982 infeasible   84       730.92406  716.84572  1.93%  1115 19850s
  5961  4039     cutoff   86       730.92406  716.84572  1.93%  1132 20021s
  6121  4147 infeasible   83       730.92406  716.84572  1.93%  1157 20403s
  6331  4248  716.84572   22  852  730.92406  716.84572  1.93%  1169 20554s
  6536  4298  716.84572   25  782  730.92406  716.84572  1.93%  1181 20820s
  6703  4391  716.84572   29  719  730.92406  716.84572  1.93%  1204 20925s
  6897  4398  716.86899   33  674  730.92406  716.84572  1.93%  1226 21070s
  6992  4484  717.95945   37  672  730.92406  716.84572  1.93%  1240 21128s
  7154  4569  719.85952   43  570  730.92406  716.84572  1.93%  1259 21177s
  7345  4690  720.85893   56  546  730.92406  716.84572  1.93%  1285 21254s
  7582  4787  721.86668   67  447  730.92406  716.84572  1.93%  1313 21362s
H 7798  4570                     729.9174878  716.84572  1.79%  1333 21362s
  7820  4672  721.88097   74  548  729.91749  716.84572  1.79%  1332 21597s
  8039  4766  725.89170   90  513  729.91749  716.84572  1.79%  1354 21809s
  8268  4839  725.89170  118  351  729.91749  716.84572  1.79%  1372 21980s
  8453  5017  726.89813  130  316  729.91749  716.84572  1.79%  1382 22513s
  8760  5189  726.89813  160  262  729.91749  716.84572  1.79%  1394 22637s
  9066  5388  727.90453  192  273  729.91749  716.84572  1.79%  1404 22741s
  9411  5535  727.90453  226  219  729.91749  716.84572  1.79%  1410 22829s
  9748  5724  727.90453  262  192  729.91749  716.84572  1.79%  1424 22948s
 10109  5751  728.91136  300  184  729.91749  716.84572  1.79%  1430 23298s
 10361  5864  729.91682  341  146  729.91749  716.84572  1.79%  1440 23960s
H10400  5583                     728.9099915  716.84572  1.66%  1435 23960s
 10678  5547     cutoff  383       728.90999  716.84572  1.66%  1449 24520s
 10917  5675  716.84572   26  730  728.90999  716.84572  1.66%  1476 25036s
H11228  5491                     728.9074379  716.84572  1.65%  1498 25944s
H11267  4645                     726.8983325  716.84572  1.38%  1505 25945s
 11294  4823  717.85200   35  653  726.89833  716.84572  1.38%  1505 26213s
 11552  5093  719.86076   42  669  726.89833  716.84572  1.38%  1518 26485s
 11892  5220  postponed   52       726.89833  716.84572  1.38%  1530 26943s
 12096  5422  postponed   53       726.89833  716.84572  1.38%  1549 27174s
 12360  5664     cutoff   54       726.89833  716.84572  1.38%  1553 27749s
 12681  5931  716.84572   29  821  726.89833  716.84572  1.38%  1570 28305s
 13043  6236  716.94357   38  670  726.89833  716.84572  1.38%  1581 28583s
 13471  6489  719.86202   49  612  726.89833  716.84572  1.38%  1596 28764s
 13857  6659  720.86089   53  573  726.89833  716.84572  1.38%  1617 29747s
 14151  6947  720.86089   62  463  726.89833  716.84572  1.38%  1647 30153s
 14565  7232  721.86277   72  551  726.89833  716.84572  1.38%  1665 30800s
 14985  7577  721.86277   91  473  726.89833  716.84572  1.38%  1691 31375s
 15455  7932  721.86277  100  604  726.89833  716.84572  1.38%  1710 32131s
 15907  8234  721.86566  107  594  726.89833  716.84572  1.38%  1721 32846s
 16347  8667  722.90622  118  556  726.89833  716.84572  1.38%  1745 33676s
 16925  9011 infeasible  122       726.89833  716.84572  1.38%  1761 34149s
 17371  9356     cutoff  123       726.89833  716.84572  1.38%  1784 34967s
 17896  9720  postponed  123       726.89833  716.84572  1.38%  1804 36450s
 18399 10054     cutoff  125       726.89833  716.84572  1.38%  1812 36769s
 18894 10375  718.25558   43  630  726.89833  716.84572  1.38%  1831 37581s
 19334 10661  postponed   50       726.89833  716.84572  1.38%  1854 38422s
 19856 10898 infeasible   50       726.89833  716.84572  1.38%  1881 39310s
 20284 11256  717.04565   40  692  726.89833  716.84572  1.38%  1912 40234s
 20788 11516  725.45704   55  738  726.89833  716.84572  1.38%  1937 41221s
H21035 10599                     725.8927846  716.84572  1.25%  1950 41221s
 21178 10802     cutoff   55       725.89278  716.84572  1.25%  1954 41769s
H21600  7748                     723.8759844  716.84572  0.97%  1975 41770s

Cutting planes:
  Learned: 27
  Gomory: 70
  Cover: 353
  Implied bound: 131
  Projected implied bound: 21
  Clique: 19
  MIR: 681
  StrongCG: 4
  Flow cover: 2452
  GUB cover: 2
  Inf proof: 1
  Zero half: 42
  Mod-K: 1
  RLT: 1534
  Relax-and-lift: 99

Explored 21657 nodes (42893421 simplex iterations) in 41770.39 seconds
Thread count was 32 (of 32 available processors)

Solution count 10: 723.876 725.893 726.898 ... 731.935

Optimal solution found (tolerance 1.00e-02)
Best objective 7.238759844412e+02, best bound 7.168457151318e+02, gap 0.9712%

Gurobi 9.1.0 (linux64) logging started Fri Aug 20 12:48:08 2021

Changed value of parameter LogFile to eab_parasitoid_0_2_area.log
   Prev:   Default: 
Changed value of parameter MIPGap to 0.01
   Prev: 0.0001  Min: 0.0  Max: inf  Default: 0.0001
Changed value of parameter Method to 2
   Prev: -1  Min: -1  Max: 5  Default: -1
Changed value of parameter MIPFocus to 2
   Prev: 0  Min: 0  Max: 3  Default: 0
Changed value of parameter RINS to 100
   Prev: -1  Min: -1  Max: 2000000000  Default: -1
Changed value of parameter SolutionLimit to 1
   Prev: 2000000000  Min: 1  Max: 2000000000  Default: 2000000000
Gurobi Optimizer version 9.1.0 build v9.1.0rc0 (linux64)
Thread count: 32 physical cores, 32 logical processors, using up to 32 threads
Optimize a model with 203386 rows, 134930 columns and 685029 nonzeros
Model fingerprint: 0x0cb73b05
Variable types: 55774 continuous, 79156 integer (79156 binary)
Coefficient statistics:
  Matrix range     [2e-04, 1e+06]
  Objective range  [1e+00, 1e+00]
  Bounds range     [1e+00, 6e+03]
  RHS range        [1e-04, 1e+06]

User MIP start produced solution with objective 723.958 (1.53s)
Loaded user MIP start with objective 723.958
Processed MIP start in 1.54 seconds


Explored 0 nodes (0 simplex iterations) in 1.56 seconds
Thread count was 1 (of 32 available processors)

Solution count 2: 723.958 

Solution limit reached
Best objective 7.239579476046e+02, best bound -, gap -
