
Gurobi 9.1.0 (linux64) logging started Sat Aug 21 13:18:25 2021

Changed value of parameter LogFile to eab_parasitoid_0.6_0_1_streetforest.log
   Prev:   Default: 
Changed value of parameter MIPGap to 0.01
   Prev: 0.0001  Min: 0.0  Max: inf  Default: 0.0001
Changed value of parameter Method to 2
   Prev: -1  Min: -1  Max: 5  Default: -1
Changed value of parameter MIPFocus to 2
   Prev: 0  Min: 0  Max: 3  Default: 0
Changed value of parameter RINS to 100
   Prev: -1  Min: -1  Max: 2000000000  Default: -1
Gurobi Optimizer version 9.1.0 build v9.1.0rc0 (linux64)
Thread count: 32 physical cores, 32 logical processors, using up to 32 threads
Optimize a model with 203386 rows, 134930 columns and 685029 nonzeros
Model fingerprint: 0x522f6a5e
Variable types: 55774 continuous, 79156 integer (79156 binary)
Coefficient statistics:
  Matrix range     [2e-04, 1e+06]
  Objective range  [4e-06, 6e-01]
  Bounds range     [1e+00, 6e+03]
  RHS range        [1e-04, 1e+06]
Presolve removed 193633 rows and 126978 columns
Presolve time: 3.12s
Presolved: 9753 rows, 7952 columns, 132260 nonzeros
Variable types: 3436 continuous, 4516 integer (4515 binary)
Presolve removed 25 rows and 12 columns
Presolved: 9728 rows, 7940 columns, 132203 nonzeros

Root barrier log...

Ordering time: 0.24s

Barrier statistics:
 Dense cols : 151
 AA' NZ     : 5.680e+05
 Factor NZ  : 2.741e+06 (roughly 30 MBytes of memory)
 Factor Ops : 2.252e+09 (less than 1 second per iteration)
 Threads    : 31

                  Objective                Residual
Iter       Primal          Dual         Primal    Dual     Compl     Time
   0   4.47518212e+03 -5.36874579e+04  2.33e+04 5.58e-01  1.84e+02     4s
   1   3.15608443e+03 -5.82450678e+04  1.57e+04 1.27e+00  1.23e+02     4s
   2   1.87061174e+03 -5.82198552e+04  7.15e+03 1.17e-12  5.67e+01     4s
   3   6.89124579e+02 -4.10758793e+04  3.45e+02 7.70e-11  4.10e+00     4s
   4   5.37396070e+02 -1.95519519e+04  2.94e+01 2.84e-14  9.38e-01     4s
   5   4.97082234e+02 -5.03900392e+03  1.11e+01 1.34e-11  2.43e-01     4s
   6   4.69754711e+02 -2.19890463e+03  4.80e+00 6.16e-12  1.13e-01     4s
   7   4.44433409e+02 -8.91664861e+02  5.82e-01 2.92e-12  5.38e-02     5s
   8   4.34835070e+02 -2.08165931e+01  1.13e-03 9.38e-13  1.81e-02     5s
   9   4.28330721e+02  2.54271025e+02  3.02e-04 3.39e-13  6.90e-03     5s
  10   4.24939933e+02  3.29272242e+02  1.26e-04 1.88e-13  3.79e-03     5s
  11   4.23428716e+02  3.77648780e+02  7.99e-05 7.95e-14  1.81e-03     5s
  12   4.21226940e+02  3.85872976e+02  3.67e-05 6.08e-14  1.40e-03     5s
  13   4.20010206e+02  4.02439360e+02  1.91e-05 3.38e-14  6.96e-04     5s
  14   4.19019601e+02  4.09400462e+02  7.36e-06 1.51e-14  3.81e-04     5s
  15   4.18649218e+02  4.13089854e+02  4.51e-06 7.11e-15  2.20e-04     5s
  16   4.18402150e+02  4.13961974e+02  2.97e-06 4.88e-15  1.76e-04     5s
  17   4.18295434e+02  4.15843937e+02  2.33e-06 2.22e-15  9.70e-05     5s
  18   4.18072142e+02  4.16696798e+02  1.15e-06 5.33e-15  5.44e-05     5s
  19   4.17952154e+02  4.17179974e+02  5.17e-07 1.02e-14  3.06e-05     6s
  20   4.17915042e+02  4.17578973e+02  3.36e-07 5.33e-15  1.33e-05     6s
  21   4.17872783e+02  4.17647766e+02  1.54e-07 3.11e-15  8.91e-06     6s
  22   4.17859463e+02  4.17742761e+02  9.59e-08 4.44e-16  4.62e-06     6s
  23   4.17852333e+02  4.17772146e+02  6.62e-08 8.88e-16  3.17e-06     6s
  24   4.17843279e+02  4.17795151e+02  3.12e-08 1.61e-15  1.91e-06     6s
  25   4.17839680e+02  4.17816136e+02  1.64e-08 2.61e-15  9.32e-07     6s
  26   4.17837271e+02  4.17829775e+02  6.55e-09 3.72e-15  2.97e-07     6s
  27   4.17835955e+02  4.17833309e+02  1.29e-09 1.24e-15  1.05e-07     6s
  28   4.17835759e+02  4.17834727e+02  5.38e-10 1.33e-15  4.09e-08     7s
  29   4.17835655e+02  4.17835422e+02  1.50e-10 8.88e-16  9.22e-09     7s
  30   4.17835612e+02  4.17835600e+02  2.13e-11 4.00e-15  4.81e-10     7s
  31   4.17835605e+02  4.17835605e+02  1.13e-13 2.43e-15  1.77e-12     7s

Barrier solved model in 31 iterations and 6.73 seconds
Optimal objective 4.17835605e+02


Root crossover log...

     605 DPushes remaining with DInf 0.0000000e+00                 7s
       0 DPushes remaining with DInf 0.0000000e+00                 7s

    3624 PPushes remaining with PInf 6.2151987e-04                 7s
       0 PPushes remaining with PInf 0.0000000e+00                 7s

  Push phase complete: Pinf 0.0000000e+00, Dinf 1.3140125e-02      7s


Root simplex log...

Iteration    Objective       Primal Inf.    Dual Inf.      Time
    4069    4.1783561e+02   0.000000e+00   1.314012e-02      7s
    4076    4.1783561e+02   0.000000e+00   0.000000e+00      7s
    4076    4.1783561e+02   0.000000e+00   0.000000e+00      7s

Root relaxation: objective 4.178356e+02, 4076 iterations, 3.58 seconds

    Nodes    |    Current Node    |     Objective Bounds      |     Work
 Expl Unexpl |  Obj  Depth IntInf | Incumbent    BestBd   Gap | It/Node Time

     0     0  417.83656    0 1892          -  417.83656      -     -    7s
     0     0  451.28255    0 2420          -  451.28255      -     -   10s
     0     0  452.47202    0 2636          -  452.47202      -     -   14s
     0     0  452.56034    0 2638          -  452.56034      -     -   16s
     0     0  452.56477    0 2638          -  452.56477      -     -   17s
H    0     0                     557.9485473  452.56477  18.9%     -   23s
H    0     0                     557.8603476  452.56477  18.9%     -   23s
H    0     0                     557.8122500  452.56477  18.9%     -   23s
H    0     0                     557.7611193  452.56477  18.9%     -   23s
     0     0  456.66269    0 2528  557.76112  456.66269  18.1%     -   23s
H    0     0                     557.7472158  456.66269  18.1%     -   24s
     0     0  458.17782    0 2354  557.74722  458.17782  17.9%     -   30s
     0     0  458.53050    0 2358  557.74722  458.53050  17.8%     -   34s
     0     0  458.55419    0 2365  557.74722  458.55419  17.8%     -   35s
     0     0  458.55811    0 2365  557.74722  458.55811  17.8%     -   36s
     0     0  461.88348    0 2265  557.74722  461.88348  17.2%     -   73s
     0     0  462.27818    0 2262  557.74722  462.27818  17.1%     -   86s
     0     0  462.30975    0 2269  557.74722  462.30975  17.1%     -   90s
     0     0  462.31413    0 2269  557.74722  462.31413  17.1%     -   91s
     0     0  463.63232    0 2244  557.74722  463.63232  16.9%     -  111s
     0     0  463.75007    0 2198  557.74722  463.75007  16.9%     -  119s
     0     0  463.77037    0 2214  557.74722  463.77037  16.8%     -  121s
     0     0  464.46487    0 2146  557.74722  464.46487  16.7%     -  145s
H    0     0                     499.7809053  464.46487  7.07%     -  182s
     0     0  464.58250    0 2127  499.78091  464.58250  7.04%     -  182s
     0     0  464.59406    0 2145  499.78091  464.59406  7.04%     -  187s
     0     0  466.79979    0 2109  499.78091  466.79979  6.60%     -  312s
     0     0  467.10017    0 2114  499.78091  467.10017  6.54%     -  349s
H    0     0                     499.7797317  467.10017  6.54%     -  366s
     0     0  467.13050    0 2121  499.77973  467.13050  6.53%     -  366s
H    0     0                     499.7786306  467.13050  6.53%     -  435s
H    0     0                     499.7227174  467.13050  6.52%     -  465s
H    0     0                     499.7226987  467.13050  6.52%     -  465s
H    0     0                     499.7225437  467.13050  6.52%     -  465s
     0     0  468.39552    0 2096  499.72254  468.39552  6.27%     -  465s
H    0     0                     499.7188680  468.39552  6.27%     -  488s
     0     0  468.44490    0 2114  499.71887  468.44490  6.26%     -  489s
H    0     0                     499.7183741  468.44490  6.26%     -  512s
H    0     0                     499.7183734  468.44490  6.26%     -  512s
H    0     0                     499.7183708  468.44490  6.26%     -  512s
H    0     0                     499.7156766  468.44490  6.26%     -  512s
     0     0  468.47162    0 2124  499.71568  468.47162  6.25%     -  513s
H    0     0                     499.7001684  468.47162  6.25%     -  535s
H    0     0                     499.7001684  468.47162  6.25%     -  535s
     0     0  469.10417    0 2130  499.70017  469.10417  6.12%     -  536s
     0     0  469.13018    0 2133  499.70017  469.13018  6.12%     -  555s
H    0     0                     499.6989578  469.13018  6.12%     -  579s
     0     0  469.64024    0 2136  499.69896  469.64024  6.02%     -  579s
     0     0  469.65992    0 2133  499.69896  469.65992  6.01%     -  593s
H    0     0                     499.5604926  469.65992  5.99%     -  602s
H    0     0                     499.5400714  469.65992  5.98%     -  613s
H    0     0                     499.3560638  469.65992  5.95%     -  613s
     0     0  470.42013    0 2132  499.35606  470.42013  5.79%     -  613s
H    0     0                     499.0801548  470.42013  5.74%     -  622s
H    0     0                     499.0702597  470.42013  5.74%     -  622s
H    0     0                     499.0361551  470.42013  5.73%     -  622s
H    0     0                     498.9969410  470.42013  5.73%     -  622s
H    0     0                     498.9717330  470.42013  5.72%     -  622s
     0     0  470.44834    0 2140  498.97173  470.44834  5.72%     -  622s
H    0     0                     498.9289449  470.44834  5.71%     -  627s
H    0     0                     498.6968649  470.44834  5.66%     -  633s
H    0     0                     498.6284312  470.44834  5.65%     -  633s
     0     0  470.91015    0 2120  498.62843  470.91015  5.56%     -  633s
H    0     0                     498.2617342  470.91015  5.49%     -  640s
H    0     0                     497.9629072  470.91015  5.43%     -  640s
     0     0  470.93025    0 2108  497.96291  470.93025  5.43%     -  641s
H    0     0                     497.9464149  470.93025  5.43%     -  675s
     0     0  470.96378    0 2097  497.94641  470.96378  5.42%     -  676s
     0     0  470.96378    0 2096  497.94641  470.96378  5.42%     -  686s
H    0     0                     497.8559066  470.96378  5.40%     -  967s
H    0     0                     497.8559064  470.96378  5.40%     -  967s
     0     2  470.96378    0 2096  497.85591  470.96378  5.40%     -  971s
     1     4  473.28704    1 2063  497.85591  470.96378  5.40%  1544  977s
     3     8  475.34308    2 2100  497.85591  471.12673  5.37%  1188  986s
     7    16  484.74430    3 2051  497.85591  472.14981  5.16%  2091 1002s
    15    32  497.71432    4 2024  497.85591  472.78386  5.04%  3146 1016s
    31    52     cutoff    5       497.85591  474.58887  4.67%  3840 1047s
    63    82  483.98650    6 2076  497.85591  476.38526  4.31%  3755 1696s
H   95   110                     497.5333663  476.38628  4.25%  3934 2101s
H   96   110                     497.3418198  476.38628  4.21%  3926 2101s
H   97   110                     496.4481349  476.38628  4.04%  3917 2101s
H  104   110                     495.9005007  476.38628  3.94%  3933 2101s
H  111   110                     495.7170002  476.38628  3.90%  3917 2101s
H  127   132                     495.7165984  476.38628  3.90%  3768 2393s
H  128   132                     495.6806481  476.38628  3.89%  3764 2393s
H  130   132                     495.5818468  476.38628  3.87%  3765 2393s
H  133   132                     495.4882744  476.38628  3.86%  3729 2393s
H  135   132                     495.4229856  476.38628  3.84%  3688 2393s
H  136   132                     495.3693417  476.38628  3.83%  3674 2393s
H  159   154                     495.2971076  476.38628  3.82%  3414 2498s
H  160   154                     495.2807353  476.38628  3.81%  3406 2498s
H  161   154                     495.1485459  476.38628  3.79%  3391 2498s
H  188   154                     495.0799666  476.38628  3.78%  3111 2498s
   191   186  484.68519    9 2075  495.07997  476.38628  3.78%  3082 2536s
   243   232  484.77702    9 2076  495.07997  476.38628  3.78%  2746 2568s
   302   265  484.63276    9 2065  495.07997  476.38628  3.78%  2483 2666s
   349   330  485.14382   11 2046  495.07997  476.38628  3.78%  2425 2729s
   418   388  485.22071   13 2050  495.07997  476.38628  3.78%  2207 2779s
   490   432  485.79543   15 2037  495.07997  476.38628  3.78%  2022 2861s
   556   505  485.41008   14 2035  495.07997  476.38628  3.78%  1933 2946s
   642   590  486.40811   15 2019  495.07997  476.38628  3.78%  1794 3027s
   739   681  485.56779   15 2041  495.07997  476.38628  3.78%  1673 3079s
   842   803  485.75955   13 2064  495.07997  476.38628  3.78%  1558 3127s
   974   925  485.59209   16 2032  495.07997  476.38628  3.78%  1419 3202s
  1097  1023  485.61721   18 2003  495.07997  476.38628  3.78%  1321 4054s
H 1103  1023                     495.0204427  476.38628  3.76%  1318 4054s
  1205  1198  485.66004   19 1999  495.02044  476.38628  3.76%  1255 4136s
  1395  1328     cutoff   20       495.02044  476.38628  3.76%  1141 5097s
H 1407  1328                     495.0204414  476.38628  3.76%  1133 5097s
H 1471  1328                     495.0204406  476.38628  3.76%  1119 5097s
  1546  1547     cutoff   20       495.02044  476.38628  3.76%  1085 5140s
  1777  1821  485.83374   18 2005  495.02044  476.38628  3.76%   996 5256s
  2057  2133  486.44504   21 1995  495.02044  476.38628  3.76%   901 5312s
  2372  2488  487.38000   23 2001  495.02044  476.38628  3.76%   815 5385s
  2733  2882  486.47945   22 1995  495.02044  476.38628  3.76%   733 5441s
  3163  3290  486.78513   24 1988  495.02044  476.38628  3.76%   656 5492s
H 3602  3290                     495.0176681  476.38628  3.76%   595 7277s
  3603  3291  480.21716   10 2096  495.01767  476.38628  3.76%   595 7430s
H 3604  3127                     495.0176660  476.38628  3.76%   594 7446s
H 3604  2971                     495.0176657  476.38628  3.76%   594 7451s
  3606  2972  485.45465   93 2557  495.01767  476.38628  3.76%   594 7472s
  3607  2973  491.50419   52 2489  495.01767  476.38628  3.76%   594 7486s
  3608  2973  494.67099   98 2379  495.01767  476.38628  3.76%   594 7496s
  3609  2974  490.45161   15 2243  495.01767  476.38628  3.76%   594 7522s
  3610  2975  494.04585  138 2129  495.01767  476.38628  3.76%   593 7545s
  3611  2975  481.47460   26 2104  495.01767  476.38628  3.76%   593 7565s
  3612  2976  491.42097   20 2102  495.01767  476.38628  3.76%   593 7577s
  3613  2977  488.93789   24 2071  495.01767  476.38628  3.76%   593 7594s
  3614  2977  493.22662  102 2059  495.01767  476.38628  3.76%   593 7609s
  3615  2978  488.33109   20 2062  495.01767  476.38628  3.76%   593 7622s
  3616  2979  486.84204   33 2092  495.01767  476.38628  3.76%   592 7636s
  3617  2979  494.22639  138 2103  495.01767  476.38628  3.76%   592 7651s
  3618  2980  487.17837   75 2079  495.01767  476.38628  3.76%   592 7666s
  3619  2981  487.20037   26 2087  495.01767  476.38628  3.76%   592 7689s
H 3619  2831                     495.0176650  476.38628  3.76%   592 7762s
  3620  2831  490.41231  100 2006  495.01766  476.38628  3.76%   592 7802s
H 3620  2689                     495.0148262  476.38628  3.76%   592 7841s
  3622  2691  493.60035   85 1933  495.01483  476.38628  3.76%   591 7858s
  3623  2691  490.27839  105 1933  495.01483  476.38628  3.76%   591 7888s
  3624  2692  484.90167   13 1968  495.01483  476.38628  3.76%   591 7908s
  3625  2693  487.90101  119 1972  495.01483  476.38628  3.76%   591 7939s
  3626  2693  490.16485   50 1941  495.01483  476.38628  3.76%   591 7987s
  3628  2695  489.20585   91 1955  495.01483  476.38628  3.76%   591 7992s
  3630  2696  488.06306   58 1928  495.01483  476.38628  3.76%   590 7997s
  3631  2697  491.85633   57 1952  495.01483  476.38628  3.76%   590 8000s
  3632  2697  489.78224   38 1949  495.01483  476.38628  3.76%   590 8023s
  3633  2698  491.75684    9 1962  495.01483  476.38628  3.76%   590 8052s
  3634  2699  486.83360   39 1956  495.01483  476.38628  3.76%   590 8057s
  3636  2700  494.24848  133 1950  495.01483  476.38628  3.76%   589 8066s
  3637  2701  485.29278   89 1954  495.01483  476.38628  3.76%   589 8084s
  3638  2701  479.78995   16 1924  495.01483  476.38628  3.76%   589 8107s
  3639  2702  487.88000  110 1946  495.01483  476.38628  3.76%   589 8111s
  3640  2703  492.93353  123 1946  495.01483  476.38628  3.76%   589 8126s
  3641  2703  493.75790   21 1949  495.01483  476.38628  3.76%   588 8192s
  3642  2704  486.43359   16 1949  495.01483  476.38628  3.76%   588 8220s
H 3642  2568                     495.0148254  476.38628  3.76%   588 8646s
  3644  2572  483.55428   12 1845  495.01483  476.38628  3.76%   608 9150s
  3646  2576  484.81166   13 1889  495.01483  476.38628  3.76%   609 9437s
  3650  2579     cutoff   14       495.01483  477.51367  3.54%   613 9470s
  3658  2580  478.45440   15 1868  495.01483  477.63646  3.51%   620 9491s
  3671  2587  481.53510   16 1872  495.01483  478.45445  3.35%   633 9505s
H 3687  2477                     494.9919093  478.54644  3.32%   650 9540s
H 3688  2355                     494.9615129  478.54644  3.32%   650 9540s
H 3691  2237                     494.9409958  478.54644  3.31%   653 9540s
H 3692  2125                     494.9198857  478.54644  3.31%   653 9540s
H 3708  2015                     494.8969037  478.92201  3.23%   660 9540s
  3715  2035  482.18794   18 1902  494.89690  478.92201  3.23%   663 9594s
H 3721  1933                     494.8969029  478.92201  3.23%   664 9594s
  3747  1944  482.59515   19 1930  494.89690  478.93978  3.22%   678 9626s
  3779  1955  483.76777   20 1849  494.89690  478.93978  3.22%   698 9672s
  3811  1968  484.13899   21 1839  494.89690  478.93978  3.22%   714 9705s
  3844  1983  484.22748   22 1856  494.89690  478.93978  3.22%   727 9775s
  3880  1997  484.60594   23 1860  494.89690  478.93978  3.22%   740 9843s
H 3919  1916                     494.8385622  478.93978  3.21%   753 9903s
  3960  1915  484.85329   25 1850  494.83856  478.93978  3.21%   765 10003s
  3994  1935  485.53817   26 1849  494.83856  478.93978  3.21%   778 10042s
H 4029  1852                     494.7910400  478.93978  3.20%   783 10070s
H 4033  1765                     494.7850294  478.93978  3.20%   784 10070s
H 4035  1683                     494.7660267  478.93978  3.20%   785 10070s
  4070  1721  486.65621   28 1850  494.76603  478.93978  3.20%   795 10100s
H 4132  1642                     494.7659776  478.93978  3.20%   802 10812s
H 4135  1567                     494.7659528  478.93978  3.20%   802 10813s
  4170  1581  487.15361   30 1808  494.76595  478.93978  3.20%   810 10966s
H 4173  1510                     494.7659427  478.93978  3.20%   810 10966s
H 4180  1442                     494.7348527  478.93978  3.19%   810 10966s
H 4185  1377                     494.6997575  478.93978  3.19%   811 10966s
H 4196  1313                     494.6706571  478.93978  3.18%   812 10966s
  4204  1382  487.30560   31 1795  494.67066  478.93978  3.18%   813 11055s
H 4300  1305                     494.6704781  478.93978  3.18%   820 11645s
H 4301  1250                     494.6647351  478.93978  3.18%   819 11645s
H 4302  1199                     494.6425167  478.93978  3.17%   819 11645s
H 4307  1148                     494.6425154  478.93978  3.17%   819 11645s
H 4317  1099                     494.6412949  478.93978  3.17%   820 11645s
  4350  1175  488.65383   36 1782  494.64129  478.93978  3.17%   820 11701s
  4482  1188  489.23472   41 1802  494.64129  478.93978  3.17%   815 11754s
  4598  1210  489.78578   46 1778  494.64129  478.93978  3.17%   820 12138s
H 4600  1166                     494.6412942  478.93978  3.17%   820 12138s
H 4611  1120                     494.6379783  478.93978  3.17%   819 12138s
  4681  1221  489.96567   49 1794  494.63798  478.93978  3.17%   826 12218s
  4823  1307  491.58378   54 1793  494.63798  478.93978  3.17%   828 12309s
  4990  1364  493.13719   60 1716  494.63798  478.93978  3.17%   826 12368s
  5126  1458  493.57467   66 1700  494.63798  478.93978  3.17%   822 12421s
  5323  1511  494.55262   76 1712  494.63798  479.66689  3.03%   817 12477s
  5501  1470  484.07910   19 1884  494.63798  479.66689  3.03%   817 12735s
  5539  1599  484.44788   20 1870  494.63798  479.66689  3.03%   821 12857s
H 5724  1522                     494.6374415  479.66689  3.03%   820 13736s
H 5726  1483                     494.6374408  479.66689  3.03%   820 13736s
H 5728  1475                     494.6371479  479.66689  3.03%   820 13736s
H 5732  1475                     494.6340275  479.66689  3.03%   820 13736s
H 5746  1475                     494.6220399  479.66689  3.02%   823 13736s
H 5748  1475                     494.6200201  479.66689  3.02%   823 13736s
  5759  1628  485.64717   24 1834  494.62002  479.66689  3.02%   823 13835s
  5965  1789  489.23084   27 1820  494.62002  479.66689  3.02%   820 13943s
  6181  1969  492.80118   34 1793  494.62002  479.66689  3.02%   816 14033s
  6390  2169  494.16684   40 1773  494.62002  480.15444  2.92%   814 14203s
H 6428  2169                     494.6195487  480.15444  2.92%   813 14203s
H 6439  2169                     494.6195327  480.15444  2.92%   812 14203s
H 6506  2169                     494.6192162  480.15444  2.92%   811 14203s
  6620  2440  488.97566   20 1881  494.61922  480.15444  2.92%   810 14228s
  6959  2686  489.64691   22 1853  494.61922  480.15444  2.92%   792 14256s
  7288  2904  491.21161   25 1822  494.61922  480.15444  2.92%   780 14669s
H 7496  2904                     494.6190895  480.15444  2.92%   776 14669s
  7582  3215  491.77938   27 1805  494.61909  480.15444  2.92%   773 15589s
  7914  3496  493.47978   33 1791  494.61909  480.19373  2.92%   763 15700s
  8306  3831  481.12123   20 1864  494.61909  480.19493  2.92%   750 15754s
  8668  4171  483.51605   22 1876  494.61909  480.19493  2.92%   740 15785s
  9065  4572  483.20960   24 1855  494.61909  480.19493  2.92%   729 15858s
  9523  5139  484.87752   27 1855  494.61909  480.19493  2.92%   713 15940s
 10154  5689  486.40600   34 1811  494.61909  480.19493  2.92%   690 16039s
 10814  6220  487.89051   43 1780  494.61909  480.19493  2.92%   669 16122s
 11391  6540  488.78118   50 1796  494.61909  480.19493  2.92%   654 16522s
H11440  6540                     494.6190894  480.19493  2.92%   652 16522s
H11450  6540                     494.6190886  480.19493  2.92%   652 16522s
H11680  6540                     494.6190881  480.19493  2.92%   647 16522s
H11690  6540                     494.6190876  480.19493  2.92%   646 16522s
 11711  6619  489.42158   54 1777  494.61909  480.19493  2.92%   646 16798s
H11733  6619                     494.6190872  480.19493  2.92%   645 16798s
H11764  6618                     494.5986030  480.19493  2.91%   644 16798s
 11800  6650  489.41977   54 1786  494.59860  480.19493  2.91%   643 17604s
H11803  6650                     494.5972051  480.19493  2.91%   643 17604s
 11832  7120  489.44896   53 1791  494.59721  480.19493  2.91%   642 17709s
 12388  7534  490.34796   66 1760  494.59721  480.19493  2.91%   632 18381s
H12439  7486                     494.5127420  480.19493  2.90%   630 18381s
 12832  8429  490.71024   71 1734  494.51274  480.19493  2.90%   622 18659s
 13872  9089  491.41015   87 1698  494.51274  480.19493  2.90%   597 19104s
H13900  9058                     494.4750368  480.19493  2.89%   597 19104s
H13976  9027                     494.4374315  480.19493  2.88%   595 19104s
 14674  9739  491.63807  100 1643  494.43743  480.19493  2.88%   583 19473s
H14700  9739                     494.4373312  480.19493  2.88%   582 19473s
H14735  9739                     494.4373305  480.19493  2.88%   582 19473s
H14881  9739                     494.4373301  480.19493  2.88%   578 19474s
 15500  9850  491.79444  107 1633  494.43733  480.19493  2.88%   567 20426s
H15569  9850                     494.4373288  480.19493  2.88%   565 20427s
 15668 10727  491.80763  107 1637  494.43733  480.19493  2.88%   564 20903s
H16150 10727                     494.4373285  480.19493  2.88%   555 20903s
H16507 10727                     494.4373280  480.19493  2.88%   549 20903s
 16683 11262  491.98095  120 1608  494.43733  480.19493  2.88%   548 22055s
H16815 11262                     494.4373276  480.19493  2.88%   547 22055s
 17255 12583  492.11968  126 1616  494.43733  480.19493  2.88%   539 22882s
 18674 12680  492.34101  136 1567  494.43733  480.19493  2.88%   513 23363s
 18786 13087  492.34200  136 1569  494.43733  480.19493  2.88%   510 24210s
 19273 13849  492.40106  136 1568  494.43733  480.19493  2.88%   503 24750s
 20158 15096  492.54876  149 1542  494.43733  480.19493  2.88%   495 25679s
 21535 16881  492.77633  166 1510  494.43733  480.19493  2.88%   481 26200s
 23488 17455  493.00371  190 1449  494.43733  480.19493  2.88%   460 27129s
 24120 19625  493.21116  214 1416  494.43733  480.19493  2.88%   455 27975s
 26485 20382  493.74441  255 1273  494.43733  480.19493  2.88%   433 28584s
 27277 21388  493.57319  261 1274  494.43733  480.19493  2.88%   427 29432s
 28425 23744  493.81481  289 1228  494.43733  480.19493  2.88%   419 30127s
 30910 27169  494.19230  306 1200  494.43733  482.70533  2.37%   402 31111s
 34815 29103  488.05049   31 1847  494.43733  482.70811  2.37%   382 31494s
 36995 29580  493.00906   69 1757  494.43733  482.70811  2.37%   372 32034s
 37553 31097  493.52623   75 1763  494.43733  483.35615  2.24%   370 32883s
H37901 31077                     494.4272213  483.35615  2.24%   368 32883s
 39291 31947  490.39323   23 1851  494.42722  483.35615  2.24%   363 33795s
H39300 31250                     494.3245014  483.35615  2.22%   363 33795s
H39310 31242                     494.3237020  483.35615  2.22%   363 33795s
H39440 30920                     494.2846591  483.35615  2.21%   362 33795s
H40152 30756                     494.2650772  483.35615  2.21%   358 33795s
 40349 32715  493.51109   33 1833  494.26508  484.31544  2.01%   357 34676s
H40556 32714                     494.2650516  484.52557  1.97%   357 34676s
H40936 32714                     494.2649544  484.52557  1.97%   355 34676s
 42498 33824  492.92421   35 1805  494.26495  484.52557  1.97%   349 35564s
H42500 33824                     494.2649366  484.52557  1.97%   349 35564s
H42751 33824                     494.2649362  484.52557  1.97%   347 35564s
H42854 33782                     494.2601167  484.52557  1.97%   346 35564s
H42857 33766                     494.2584844  484.52557  1.97%   346 35564s
 43694 35185  493.34130   38 1813  494.25848  484.58469  1.96%   342 36763s
H43790 35185                     494.2584822  484.58469  1.96%   342 36763s
H43797 35185                     494.2584653  484.58469  1.96%   342 36763s
H43897 35170                     494.2559185  484.58469  1.96%   341 36763s
 45259 37315  492.63899  104 1659  494.25592  484.58469  1.96%   333 37454s
H45300 37289                     494.2526066  484.58469  1.96%   333 37454s
H45342 37289                     494.2526012  484.58469  1.96%   333 37454s
H46529 37289                     494.2525991  484.58469  1.96%   327 37455s
H46851 37272                     494.2506684  484.58469  1.96%   327 37455s
 47689 38239  493.89982  146 1538  494.25067  484.67414  1.94%   324 38123s
H47831 38239                     494.2506680  484.67414  1.94%   324 38124s
 48885 39473  488.06950   40 1813  494.25067  484.67414  1.94%   322 38777s
H48900 39473                     494.2506680  484.67414  1.94%   323 38777s
H49606 39473                     494.2506678  484.67414  1.94%   320 38778s
 50186 40619  490.29985   56 1796  494.25067  484.67414  1.94%   319 39572s
H50545 40619                     494.2506678  484.67414  1.94%   319 39572s
H50982 40619                     494.2506674  484.67414  1.94%   318 39572s
 51531 43518  491.60449   71 1748  494.25067  485.08109  1.86%   317 40512s
 54609 46750  490.08123   25 1863  494.25067  485.20200  1.83%   315 41289s
H57665 46750                     494.2506669  485.20659  1.83%   310 41290s
 58222 50947  491.83258  105 1678  494.25067  485.20659  1.83%   310 42134s
 61825 50947  492.75496  120 1606  494.25067  485.20659  1.83%   301 42135s
 62704 55700  494.05947  284 1220  494.25067  485.27930  1.82%   299 43715s
H66418 55700                     494.2506669  485.36005  1.80%   295 43718s
 68250 57906  490.41875   40 1796  494.25067  485.37284  1.80%   295 44998s
H68854 57888                     494.2488585  485.40316  1.79%   295 44999s
 70894 59294  489.20600   39 1812  494.24886  485.40316  1.79%   295 45718s
H70900 59294                     494.2488116  485.40316  1.79%   295 45718s
H71021 59239                     494.2445904  485.40316  1.79%   295 45718s
H71249 58528                     494.2061879  485.40316  1.78%   295 45719s
H71449 58093                     494.1886671  485.40316  1.78%   294 45719s
 72513 61079  490.68376   46 1816  494.18867  485.51005  1.76%   293 47557s
H72600 61079                     494.1886645  485.51005  1.76%   293 47558s
H72688 61079                     494.1886643  485.51150  1.76%   294 47558s
H73574 61072                     494.1883812  485.54965  1.75%   292 47558s
H75602 61033                     494.1870902  485.54965  1.75%   293 47559s
H76054 61033                     494.1870901  485.54965  1.75%   293 47559s
 76143 63169     cutoff   77       494.18709  485.62209  1.73%   293 49414s
H76200 63164                     494.1868081  485.62209  1.73%   293 49414s
H76466 63164                     494.1868068  485.64852  1.73%   293 49415s
H78632 65897                     494.1852639  485.65081  1.73%   295 50775s
H78801 65012                     494.1458924  485.65081  1.72%   294 50775s
H79476 64970                     494.1437658  485.65081  1.72%   295 50775s
H80723 64408                     494.1212639  485.65081  1.71%   296 50776s
 81991 66588  492.57457  222 1437  494.12126  485.65081  1.71%   295 52140s
H82000 66584                     494.1208366  485.65081  1.71%   295 52141s
H82100 66584                     494.1208355  485.65081  1.71%   295 52141s
H83998 66584                     494.1208354  485.65081  1.71%   295 52141s
 84630 69809  493.96690  431  861  494.12084  485.74298  1.70%   296 54004s
H88536 69809                     494.1208342  485.75705  1.69%   297 54005s
 88537 73163  490.52047   61 1774  494.12083  485.77009  1.69%   297 55461s
 92355 77214  489.94192   46 1792  494.12083  485.81652  1.68%   296 57744s
H92400 77214                     494.1208340  485.81652  1.68%   297 57745s
H94450 76649                     494.1003583  485.83810  1.67%   296 57746s
 97232 80012  493.47275   42 1795  494.10036  485.83931  1.67%   297 59123s
H97300 80012                     494.1003576  485.83931  1.67%   297 59124s
H97983 80008                     494.1002502  485.83931  1.67%   296 59124s
 98518 80008  490.54533   47 1799  494.10025  485.83931  1.67%   296 59125s
H100333 80005                     494.1001498  485.83931  1.67%   297 59125s
 101351 83541  493.78207   87 1735  494.10015  485.88439  1.66%   296 60366s
H101450 83541                     494.1001497  485.91226  1.66%   296 60367s
H102116 83541                     494.1001483  485.91226  1.66%   295 60367s
H104424 83096                     494.0858407  485.91226  1.65%   294 60369s
 105356 86100     cutoff   68       494.08584  485.91871  1.65%   292 62354s
H105400 85553                     494.0691313  485.91871  1.65%   292 62355s
H105445 85553                     494.0691278  485.91871  1.65%   292 62355s
H105697 85553                     494.0691213  485.91871  1.65%   292 62355s
H105822 85417                     494.0659072  485.91871  1.65%   292 62355s
 108779 86858  490.85061   50 1812  494.06591  485.91871  1.65%   291 63373s
H108800 86858                     494.0659047  485.91871  1.65%   291 63373s
H108951 86857                     494.0659030  485.91871  1.65%   291 63373s
H109533 86857                     494.0659001  485.91871  1.65%   291 63374s
 110772 89723  491.93625   67 1768  494.06590  485.91871  1.65%   291 64453s
H110800 89723                     494.0658998  485.91871  1.65%   291 64453s
H111280 89723                     494.0658986  485.91871  1.65%   291 64454s
H111604 89723                     494.0658979  485.91871  1.65%   290 64454s
 113797 92674  493.69160  106 1694  494.06590  485.96967  1.64%   289 65873s
H114789 92674                     494.0658978  485.98088  1.64%   288 65873s
H115290 92674                     494.0658975  485.98088  1.64%   288 65874s
 116899 95863  490.29557   44 1806  494.06590  485.98088  1.64%   287 67135s
H119033 95863                     494.0658974  485.98088  1.64%   285 67137s
H119855 95863                     494.0658974  485.98088  1.64%   284 67137s
H120157 95783                     494.0636408  485.98088  1.64%   283 67138s
 120429 100169  487.24719   36 1798  494.06364  485.98088  1.64%   283 68996s
H122898 100169                     494.0636403  485.98088  1.64%   281 68997s
H123142 100169                     494.0636400  485.98088  1.64%   281 68997s
 125237 105021  492.83664  108 1699  494.06364  486.02082  1.63%   280 71150s
H125562 105021                     494.0636399  486.02082  1.63%   280 71151s
 130626 108342  492.65827  127 1604  494.06364  486.02744  1.63%   277 72759s
 132733 108342  491.61134   86 1717  494.06364  486.06605  1.62%   276 72760s
 134483 110734  489.73749   53 1786  494.06364  486.06605  1.62%   275 73258s
 137026 114392  491.52210   71 1744  494.06364  486.07126  1.62%   273 74587s
 141235 116637  488.54736   49 1804  494.06364  486.10265  1.61%   273 75939s
 142735 116637  488.70921   49 1811  494.06364  486.10265  1.61%   275 75940s
H142800 116637                     494.0636396  486.10265  1.61%   275 75940s
 143760 120217  491.01150   82 1717  494.06364  486.10265  1.61%   276 76925s
H144727 120217                     494.0636395  486.10265  1.61%   276 76925s
H147448 120217                     494.0636395  486.10265  1.61%   275 76926s
 147535 125086     cutoff  145       494.06364  486.10265  1.61%   276 78222s
H151105 125086                     494.0636389  486.10265  1.61%   273 78222s
H151737 125076                     494.0633790  486.10265  1.61%   273 78223s
H152069 124114                     494.0392670  486.10265  1.61%   273 78223s
 152875 126269     cutoff  278       494.03927  486.11261  1.60%   272 79784s
H152900 126242                     494.0386822  486.11261  1.60%   272 79784s
H153308 126242                     494.0386820  486.12516  1.60%   273 79785s
H154639 126242                     494.0386819  486.12516  1.60%   273 79785s
H155398 126242                     494.0386817  486.12516  1.60%   273 79786s
 155550 128822  488.76724   41 1791  494.03868  486.12752  1.60%   273 81395s
H157538 128822                     494.0386815  486.13271  1.60%   275 81395s
 158594 132533  486.97667   41 1812  494.03868  486.13271  1.60%   275 82723s
H162373 132533                     494.0386811  486.13271  1.60%   275 82725s
 162856 136785     cutoff  138       494.03868  486.14913  1.60%   275 84729s
H162945 136785                     494.0386810  486.15028  1.60%   275 84730s
 168013 140070  488.15172   43 1797  494.03868  486.15116  1.60%   274 86767s
H171084 140070                     494.0386809  486.15116  1.60%   275 86770s
 171757 143913  491.38576   84 1726  494.03868  486.15116  1.60%   276 88596s
 175831 147918  492.85904  140 1593  494.03868  486.15116  1.60%   275 89953s
H177133 147918                     494.0386808  486.15116  1.60%   274 89953s
 180395 149736  493.88146  225 1307  494.03868  486.20345  1.59%   274 90645s
H180689 149736                     494.0386807  486.20345  1.59%   274 90646s
H181056 149736                     494.0386800  486.20345  1.59%   274 90646s
 182496 151075  490.33527   67 1738  494.03868  486.20345  1.59%   274 91761s
H183013 151075                     494.0386798  486.20345  1.59%   273 91761s
 183939 155883  491.84206   97 1675  494.03868  486.21136  1.58%   274 92983s
H184000 155883                     494.0386798  486.21136  1.58%   274 92983s
H186967 155883                     494.0386797  486.23749  1.58%   272 92984s
 188562 155883  491.33222   84 1725  494.03868  486.23749  1.58%   272 92985s
 189110 161537  488.69273   49 1790  494.03868  486.24043  1.58%   272 94273s
 195340 164180  491.36747   81 1732  494.03868  486.25189  1.58%   268 95467s
 198274 166162  493.03717  142 1577  494.03868  486.25360  1.58%   268 96477s
 200687 167616  492.11216   35 1817  494.03868  486.26478  1.57%   267 97834s
H201188 167616                     494.0386796  486.26478  1.57%   267 97836s
 202404 170760  487.45668   35 1834  494.03868  486.26478  1.57%   267 99635s
 205926 173525  493.34261  132 1602  494.03868  486.28215  1.57%   267 101270s
H208213 173525                     494.0386796  486.29232  1.57%   268 101271s
 209143 175741  487.07631   42 1801  494.03868  486.29232  1.57%   269 102536s
H210221 175741                     494.0386795  486.29232  1.57%   269 102538s
 211667 179170  489.89025   71 1738  494.03868  486.29232  1.57%   271 104701s
 215333 183206  490.75337   88 1717  494.03868  486.29232  1.57%   271 105895s
 219771 187841  491.96169  137 1603  494.03868  486.29232  1.57%   270 107320s
 225104 191103  493.09634  231 1317  494.03868  486.29232  1.57%   268 108599s
 228855 194067  493.83968  329 1064  494.03868  486.34916  1.56%   268 109407s
 232227 196947  489.89521   64 1757  494.03868  486.35720  1.55%   267 110996s
 235719 199417     cutoff  212       494.03868  486.36241  1.55%   267 112883s
 238830 203239  492.34665  123 1618  494.03868  486.39378  1.55%   269 114040s
 243087 205692  489.78936   63 1773  494.03868  486.39378  1.55%   267 115234s
 243811 205692  492.33878  138 1585  494.03868  486.39378  1.55%   268 115235s
 245980 208034  492.39641  112 1646  494.03868  486.39665  1.55%   267 115824s
H246292 208034                     494.0386786  486.39665  1.55%   267 115825s
 248674 211565  489.67547   67 1743  494.03868  486.39665  1.55%   267 117144s
H248700 211565                     494.0386781  486.39665  1.55%   267 117145s
 252695 214698  493.22845  235 1314  494.03868  486.41102  1.54%   266 118431s
H253515 214698                     494.0386781  486.41385  1.54%   266 118433s
 256124 218467  491.32981   95 1704  494.03868  486.42750  1.54%   265 119390s
 260528 220754  488.98705   44 1805  494.03868  486.43583  1.54%   264 120441s
 262879 224755  492.51398   85 1683  494.03868  486.43583  1.54%   265 121611s
 266893 229835  493.75998  140 1575  494.03868  486.43634  1.54%   264 123248s
 272331 233310  493.09692   74 1749  494.03868  486.43959  1.54%   262 124646s
 276429 237199  491.49483  113 1625  494.03868  486.45441  1.54%   261 125641s
 280843 240925  489.18071   54 1779  494.03868  486.46067  1.53%   260 126975s
 284986 243598  493.39440  212 1424  494.03868  486.46255  1.53%   259 128100s
 288039 247562  487.11516   40 1821  494.03868  486.46255  1.53%   259 129316s
 292506 251556  493.85428  202 1382  494.03868  486.47455  1.53%   258 130353s
 296948 254243  493.75844  107 1665  494.03868  486.48411  1.53%   258 131377s
 300366 256763  492.17233   85 1721  494.03868  486.49858  1.53%   259 133214s
 303261 260481  491.01800   77 1745  494.03868  486.50500  1.52%   259 134439s
 306610 260481  492.08616   98 1650  494.03868  486.50500  1.52%   258 134440s
 307556 263185  488.45704   49 1807  494.03868  486.50574  1.52%   258 136062s
 310708 268006  487.48490   43 1792  494.03868  486.51943  1.52%   258 136920s
 316118 271251  493.50280  236 1401  494.03868  486.53019  1.52%   258 137733s
 319688 273131  487.46125   41 1799  494.03868  486.53192  1.52%   257 138310s
 321860 275282  488.82306   51 1788  494.03868  486.53192  1.52%   257 138555s
 324127 278761  490.95887   78 1744  494.03868  486.53192  1.52%   257 139549s
 327841 282440  492.21613  114 1654  494.03868  486.53192  1.52%   257 140688s
 331819 286500  493.21923  170 1543  494.03868  486.53192  1.52%   256 141766s
 336320 290390  494.00346  276 1208  494.03868  486.53911  1.52%   256 142862s
 340627 294714  492.47353  122 1610  494.03868  486.56028  1.51%   255 143935s
 345549 297496  491.19521   80 1746  494.03868  486.57173  1.51%   254 145085s
 348608 300483  493.85487  208 1367  494.03868  486.57539  1.51%   254 146862s
 352085 303132  491.51797  102 1690  494.03868  486.58021  1.51%   254 148030s
 355001 307309  494.00092  218 1268  494.03868  486.58751  1.51%   253 149473s
 359881 308997  492.88166  130 1574  494.03868  486.59500  1.51%   253 150727s
 361843 312012  488.58073   55 1789  494.03868  486.59916  1.51%   253 152111s
 365573 313675  492.88996  142 1574  494.03868  486.60064  1.51%   254 153844s
 367654 316197  488.23629   38 1833  494.03868  486.60620  1.50%   255 155433s
 370503 319955  490.87402   70 1750  494.03868  486.61091  1.50%   257 157063s
 374929 322549  489.19437   43 1809  494.03868  486.61738  1.50%   258 158729s
 376146 322549  493.60995   69 1754  494.03868  486.61738  1.50%   258 158730s
 378187 324444  493.51977   60 1768  494.03868  486.62599  1.50%   259 159719s
 378376 324444  491.77931   66 1759  494.03868  486.62695  1.50%   259 159720s
 380449 328274  488.71338   41 1809  494.03868  486.63317  1.50%   259 160813s
 384694 331446  489.26369   57 1769  494.03868  486.63317  1.50%   259 162175s
 388114 336413  492.46709  132 1608  494.03868  486.63399  1.50%   259 163204s
 390656 336413  491.28857   79 1733  494.03868  486.63619  1.50%   258 163205s
 393657 338702  491.74891  113 1648  494.03868  486.63619  1.50%   258 164758s
 396399 340655  493.09818  210 1406  494.03868  486.65052  1.50%   258 166090s
 398871 342527  491.55259   49 1801  494.03868  486.65363  1.49%   259 167335s
 401326 345648  492.47133   60 1780  494.03868  486.65571  1.49%   260 169009s
 405169 348179  492.21774   79 1737  494.03868  486.67283  1.49%   262 170472s
 407994 351781  487.83095   42 1792  494.03868  486.67283  1.49%   263 171893s
 411717 357107  490.05022   63 1768  494.03868  486.67283  1.49%   262 173401s
 417518 361705  492.60777  112 1660  494.03868  486.67283  1.49%   262 175194s
H418206 361705                     494.0386778  486.67283  1.49%   262 175195s
 422919 365352  493.73850  188 1446  494.03868  486.68528  1.49%   261 176796s
 427158 368339  488.47671   47 1809  494.03868  486.68528  1.49%   261 178165s
 430525 371446  493.13398  153 1534  494.03868  486.69296  1.49%   261 179897s
 434323 375027  490.67892   72 1751  494.03868  486.70216  1.49%   262 181950s
 438520 377740  487.55561   42 1791  494.03868  486.70457  1.48%   263 184190s
 441864 378726  493.43840   79 1734  494.03868  486.71056  1.48%   264 185906s
 443134 382132  488.49054   43 1834  494.03868  486.71414  1.48%   265 188032s
 447282 384811  492.34511   50 1781  494.03868  486.72492  1.48%   266 189615s
 450509 389770  488.74606   53 1791  494.03868  486.72783  1.48%   267 191746s
 456058 393542  488.52863   54 1802  494.03868  486.73733  1.48%   266 193015s
 460375 396757  493.05054  197 1467  494.03868  486.73803  1.48%   266 193642s
 463998 399673  492.79377   93 1704  494.03868  486.74252  1.48%   266 195378s
 467337 405306  491.01266   78 1733  494.03868  486.74561  1.48%   266 197758s
 473185 405306     cutoff   73       494.03868  486.75105  1.48%   265 197761s
 473566 408266  492.04360   83 1743  494.03868  486.75159  1.48%   265 199182s
 477077 410856  491.61788   74 1743  494.03868  486.75500  1.47%   265 200168s
 480044 414900  492.58084   84 1709  494.03868  486.75833  1.47%   266 202094s
 484562 417699  493.52000   99 1653  494.03868  486.76489  1.47%   265 204583s
 487887 420895  488.20789   46 1809  494.03868  486.76916  1.47%   266 206172s
 491489 423595  492.29634  115 1642  494.03868  486.77174  1.47%   265 207616s
 494546 427364  490.12077   61 1799  494.03868  486.77553  1.47%   265 210102s
 499046 429675  493.96036   92 1663  494.03868  486.78453  1.47%   265 211528s
 501830 434741  490.04347   64 1769  494.03868  486.78577  1.47%   266 212897s
 507308 439698  491.75517   92 1708  494.03868  486.78939  1.47%   266 214525s
 512823 444311  489.45828   53 1796  494.03868  486.79487  1.47%   265 215825s
 518243 447190  488.57259   44 1813  494.03868  486.80382  1.46%   265 217960s
 521468 450879  493.72732  137 1583  494.03868  486.80433  1.46%   265 218857s
 525661 454292  490.15548   63 1745  494.03868  486.80907  1.46%   264 220965s
 529778 456186  493.96305  187 1403  494.03868  486.81412  1.46%   265 224443s
 532229 460197  493.34718  122 1598  494.03868  486.81667  1.46%   265 227786s
 537026 464436  491.40641  103 1659  494.03868  486.82028  1.46%   265 230558s
 541726 467109  493.67283  278 1198  494.03868  486.83064  1.46%   265 233593s
 543178 467109  488.75950   47 1800  494.03868  486.83176  1.46%   265 233595s
 545273 469269  488.11323   45 1823  494.03868  486.83176  1.46%   266 235532s
 547912 469269  493.37084   77 1737  494.03868  486.83176  1.46%   266 235535s
 548282 472470  492.39163  136 1570  494.03868  486.83842  1.46%   266 238671s
 552003 476469  491.54553   82 1739  494.03868  486.84032  1.46%   266 241312s
 556448 479976  492.56694   99 1663  494.03868  486.84767  1.46%   266 244149s
 557600 479976  492.72740  149 1556  494.03868  486.84769  1.46%   266 244150s
 560542 482740  490.52559   63 1782  494.03868  486.85323  1.45%   266 246632s
 563782 486114  488.80122   49 1803  494.03868  486.85494  1.45%   266 250326s
 567551 489821  493.89193  168 1470  494.03868  486.85700  1.45%   265 253040s
 571956 492019  493.05985   96 1673  494.03868  486.86546  1.45%   265 256314s
 572707 492019  488.77941   40 1805  494.03868  486.86546  1.45%   266 256315s
 574784 494110  493.07480  175 1447  494.03868  486.86567  1.45%   266 259525s
 577392 496977  488.00512   39 1807  494.03868  486.87142  1.45%   267 263636s
 580666 500830  491.88313   73 1753  494.03868  486.87517  1.45%   267 267034s
 585338 504047  488.69258   51 1790  494.03868  486.87886  1.45%   267 271674s
 586017 504047  490.51249   56 1787  494.03868  486.87886  1.45%   267 271675s
 589369 507451  493.34857  214 1341  494.03868  486.88072  1.45%   267 274991s
 593313 511698  488.19973   44 1815  494.03868  486.88250  1.45%   267 277794s
 593501 511698  491.73532   74 1749  494.03868  486.88250  1.45%   267 277795s
 598173 513812  494.01460  225 1325  494.03868  486.89207  1.45%   267 281985s
 600721 517147  488.95591   47 1784  494.03868  486.89267  1.45%   267 285308s
 604832 520904  490.38870   60 1763  494.03868  486.90262  1.44%   268 288986s
 609102 525333  491.49589   77 1752  494.03868  486.90277  1.44%   268 291568s
 613761 528894  493.37079  136 1569  494.03868  486.90477  1.44%   268 294223s
H616682 528894                     494.0386776  486.90922  1.44%   268 294229s
 617074 528894  493.07272  136 1581  494.03868  486.90922  1.44%   268 294230s
 617619 534032 infeasible   69       494.03868  486.90938  1.44%   267 296609s
 620234 534032  491.10436   91 1708  494.03868  486.91352  1.44%   267 296611s
 623330 537197  492.21954   94 1677  494.03868  486.91466  1.44%   267 299483s
 626595 540489  493.34839  143 1563  494.03868  486.91466  1.44%   267 301004s
 630014 545197  493.93762  193 1389  494.03868  486.91479  1.44%   267 302537s
 635283 547957  492.02973  110 1658  494.03868  486.91479  1.44%   266 304424s
 638665 550130  493.66322  228 1316  494.03868  486.91598  1.44%   266 306499s
 639228 550130  492.89343  160 1498  494.03868  486.91598  1.44%   266 306500s
 641450 552507  492.75520  120 1641  494.03868  486.92261  1.44%   266 308052s
 644475 555731     cutoff   73       494.03868  486.92821  1.44%   267 309230s
 647950 559506  492.31171  105 1679  494.03868  486.93147  1.44%   267 311058s
 652473 562008  493.32472   62 1773  494.03868  486.93388  1.44%   267 312543s
 655364 565686  489.30117   53 1786  494.03868  486.94076  1.44%   267 314445s
 659271 570018  492.23804  109 1652  494.03868  486.94076  1.44%   267 316108s
 664022 574438  493.27256  168 1480  494.03868  486.94227  1.44%   266 317050s
 669102 578555  493.55981  132 1581  494.03868  486.94680  1.44%   266 319457s
 672667 578555  491.13328   84 1704  494.03868  486.95277  1.43%   266 319460s
 674141 581747  488.63323   36 1823  494.03868  486.95346  1.43%   266 321241s
 677793 584670  489.18383   52 1793  494.03868  486.95366  1.43%   267 322251s
 680927 590072  491.36062   87 1725  494.03868  486.95366  1.43%   267 325007s
 686818 594018  492.80803  150 1530  494.03868  486.95366  1.43%   267 328104s
H687915 593044                     494.0257178  486.95366  1.43%   267 328106s
H688585 592050                     494.0153893  486.95366  1.43%   267 328106s
H689215 591536                     494.0110814  486.95366  1.43%   267 328107s
 691207 595480  493.59426  209 1358  494.01108  486.95645  1.43%   267 330638s
H691400 595409                     494.0105485  486.95645  1.43%   267 330643s
H691882 595400                     494.0104759  486.95791  1.43%   267 330646s
H695849 597842                     494.0076531  486.95983  1.43%   267 332442s
H696688 597291                     494.0041103  486.96101  1.43%   267 332444s
H697498 597114                     494.0029320  486.96101  1.43%   267 332446s
H698179 596899                     494.0014576  486.96101  1.43%   268 332448s
 699261 600169  491.06346   97 1690  494.00146  486.96101  1.43%   268 333911s
H699300 599978                     494.0000793  486.96101  1.42%   268 333913s
H699639 599977                     494.0000760  486.96101  1.42%   268 333914s
H700032 599977                     494.0000758  486.96101  1.42%   268 333915s
H700245 599977                     494.0000757  486.96101  1.42%   268 333916s
 703309 603877     cutoff  186       494.00008  486.96565  1.42%   268 335458s
H703890 603877                     494.0000757  486.96709  1.42%   268 335462s
H704184 603877                     494.0000756  486.96709  1.42%   268 335463s
H705647 603877                     494.0000747  486.96709  1.42%   268 335465s
 707844 607148  493.72189  150 1539  494.00007  486.97019  1.42%   268 337263s
H709398 607148                     494.0000746  486.97257  1.42%   268 337264s
H709621 607148                     494.0000742  486.97257  1.42%   268 337264s
 711712 610615  490.41435   50 1784  494.00007  486.97257  1.42%   268 340041s
H712691 610615                     494.0000741  486.97257  1.42%   268 340051s
H714578 610615                     494.0000736  486.97257  1.42%   269 340055s
 715489 614168  493.12906   89 1710  494.00007  486.97387  1.42%   269 342522s
H715500 614168                     494.0000733  486.97387  1.42%   269 342524s
 719302 618866  489.08348   44 1797  494.00007  486.97481  1.42%   269 344389s
H719602 618866                     494.0000724  486.97484  1.42%   269 344391s
 725119 623042  493.32205   85 1725  494.00007  486.97666  1.42%   269 345767s
H725318 623042                     494.0000723  486.97716  1.42%   269 345772s
H729235 623042                     494.0000721  486.98504  1.42%   269 345776s
 729867 626660  492.80360  137 1596  494.00007  486.98552  1.42%   269 347485s
H730737 626660                     494.0000720  486.98622  1.42%   269 347487s
 733956 629756  491.99965   75 1751  494.00007  486.98628  1.42%   269 349001s
H737163 629756                     494.0000720  486.99035  1.42%   269 349003s
 737739 633057  493.85666  112 1657  494.00007  486.99065  1.42%   269 350391s
 741516 637958  488.55440   51 1797  494.00007  486.99361  1.42%   269 352134s
 743686 637958  490.91437   96 1688  494.00007  486.99361  1.42%   269 352135s
 747094 640714  491.93794  130 1598  494.00007  486.99361  1.42%   269 354082s
 750279 642855  492.48103  167 1557  494.00007  486.99361  1.42%   269 356155s
 752800 645482  493.32817  259 1272  494.00007  486.99898  1.42%   269 358156s
H755614 645482                     494.0000719  486.99998  1.42%   269 358165s
 755835 650077  490.92222   82 1731  494.00007  487.00358  1.42%   269 360308s
 761181 653236  489.74724   57 1792  494.00007  487.00801  1.42%   269 362315s
 764807 657194  493.97176  177 1462  494.00007  487.00803  1.42%   269 364572s
 769330 661779  493.29508   95 1682  494.00007  487.01256  1.41%   270 365533s
 774141 665493  488.63355   52 1796  494.00007  487.01256  1.41%   270 367062s
 778202 669731  490.63782   82 1744  494.00007  487.01256  1.41%   269 369166s
 783105 673696  492.07255  131 1594  494.00007  487.01396  1.41%   269 371454s
 784432 673696     cutoff  218       494.00007  487.01989  1.41%   269 371455s
 787677 675088  491.52560   90 1691  494.00007  487.02028  1.41%   269 372728s
 789292 677945  492.42099  124 1600  494.00007  487.02186  1.41%   269 374210s
 792681 680172  488.10510   43 1812  494.00007  487.02394  1.41%   269 375985s
 795602 683039  493.19506   45 1783  494.00007  487.02819  1.41%   269 379137s
 799077 686447  491.97518   82 1712  494.00007  487.03049  1.41%   271 381655s
 802515 692280  493.02890  114 1615  494.00007  487.03283  1.41%   271 384306s
 808680 697005  491.49313   67 1748  494.00007  487.03283  1.41%   270 386046s
 813745 701371  493.78876  122 1599  494.00007  487.03292  1.41%   270 388583s
 818782 703728  488.00487   51 1786  494.00007  487.03292  1.41%   269 390920s
 821584 705891  493.56235   64 1758  494.00007  487.03513  1.41%   270 392175s
 824106 711588  492.56868   90 1720  494.00007  487.03668  1.41%   270 393779s
 825777 711588  490.83569   72 1747  494.00007  487.03933  1.41%   269 393780s
 830436 715338  492.08295  106 1666  494.00007  487.03955  1.41%   269 396430s
 834947 718295  490.66018   73 1752  494.00007  487.04479  1.41%   269 397788s
 838335 722302  492.82803   75 1743  494.00007  487.04507  1.41%   269 399480s
 842995 724222  489.04661   49 1792  494.00007  487.04843  1.41%   269 401445s
 845388 725769  491.43153   65 1767  494.00007  487.04843  1.41%   270 403141s
 847321 729432  492.35346   69 1759  494.00007  487.04938  1.41%   270 404992s
 851689 732433  493.00950  129 1583  494.00007  487.05127  1.41%   271 406770s
 855222 736984  490.83805   58 1792  494.00007  487.05771  1.41%   271 408420s
 860820 740760  491.83988   48 1793  494.00007  487.06354  1.40%   271 411216s
 865386 742438  492.92438   92 1707  494.00007  487.06815  1.40%   271 414123s
