
Gurobi 9.1.0 (linux64) logging started Mon Aug 16 02:26:16 2021

Changed value of parameter LogFile to eab_parasitoid0_0_0.6_bud_area.log
   Prev:   Default: 
Changed value of parameter MIPGap to 0.01
   Prev: 0.0001  Min: 0.0  Max: inf  Default: 0.0001
Changed value of parameter Method to 2
   Prev: -1  Min: -1  Max: 5  Default: -1
Changed value of parameter MIPFocus to 2
   Prev: 0  Min: 0  Max: 3  Default: 0
Changed value of parameter RINS to 100
   Prev: -1  Min: -1  Max: 2000000000  Default: -1
Gurobi Optimizer version 9.1.0 build v9.1.0rc0 (linux64)
Thread count: 32 physical cores, 32 logical processors, using up to 32 threads
Optimize a model with 203396 rows, 134935 columns and 685039 nonzeros
Model fingerprint: 0x45b82730
Variable types: 55779 continuous, 79156 integer (79156 binary)
Coefficient statistics:
  Matrix range     [2e-04, 1e+06]
  Objective range  [1e+00, 1e+00]
  Bounds range     [1e+00, 6e+03]
  RHS range        [1e-04, 1e+06]
Presolve removed 184758 rows and 119585 columns (presolve time = 5s) ...
Presolve removed 193485 rows and 127190 columns (presolve time = 10s) ...
Presolve removed 195652 rows and 128778 columns (presolve time = 15s) ...
Presolve removed 198018 rows and 130351 columns (presolve time = 20s) ...
Presolve removed 198188 rows and 130472 columns
Presolve time: 21.24s
Presolved: 5208 rows, 4463 columns, 71237 nonzeros
Variable types: 1870 continuous, 2593 integer (2593 binary)
Presolve removed 6 rows and 3 columns
Presolved: 5202 rows, 4460 columns, 71197 nonzeros

Root barrier log...

Ordering time: 0.45s

Barrier statistics:
 Dense cols : 94
 AA' NZ     : 2.495e+05
 Factor NZ  : 1.035e+06 (roughly 12 MBytes of memory)
 Factor Ops : 5.777e+08 (less than 1 second per iteration)
 Threads    : 31

                  Objective                Residual
Iter       Primal          Dual         Primal    Dual     Compl     Time
   0   1.41143598e+04 -3.30499885e+05  6.26e+03 7.69e-01  1.31e+03    23s
   1   4.88910818e+03 -4.01394496e+05  1.76e+03 1.43e+01  3.85e+02    23s
   2   1.25484421e+03 -3.29725506e+05  1.24e+02 8.84e-12  4.56e+01    23s
   3   1.09923460e+03 -1.05142392e+05  5.68e+01 7.46e-13  1.21e+01    23s
   4   9.75398717e+02 -2.60361821e+04  2.80e-02 2.28e-13  1.95e+00    23s
   5   9.65043748e+02 -1.96333884e+03  1.09e-06 3.84e-14  2.12e-01    24s
   6   9.02933338e+02 -2.26303577e+02  1.96e-07 1.33e-14  8.16e-02    24s
   7   8.48261161e+02  2.26628026e+02  2.63e-08 7.88e-15  4.49e-02    24s
   8   8.37265844e+02  5.16622332e+02  1.16e-08 3.50e-15  2.32e-02    24s
   9   8.31234258e+02  7.22965141e+02  5.16e-09 1.42e-14  7.83e-03    24s
  10   8.28883530e+02  7.61588053e+02  2.75e-09 1.78e-15  4.86e-03    24s
  11   8.27485409e+02  7.87521929e+02  1.34e-09 1.42e-14  2.89e-03    24s
  12   8.26719615e+02  8.18656352e+02  5.37e-10 1.78e-15  5.83e-04    24s
  13   8.26441987e+02  8.23616030e+02  2.86e-10 1.78e-15  2.04e-04    24s
  14   8.26340708e+02  8.25143179e+02  1.65e-10 1.78e-15  8.66e-05    24s
  15   8.26212564e+02  8.25779854e+02  5.03e-11 2.84e-14  3.13e-05    24s
  16   8.26184288e+02  8.25977388e+02  2.59e-11 3.55e-15  1.50e-05    24s
  17   8.26161144e+02  8.26100639e+02  7.46e-12 1.78e-15  4.37e-06    25s
  18   8.26161069e+02  8.26122668e+02  6.77e-12 1.78e-15  2.78e-06    25s
  19   8.26154585e+02  8.26152575e+02  1.40e-11 1.78e-15  1.45e-07    25s
  20   8.26154208e+02  8.26154203e+02  4.85e-12 1.78e-15  3.72e-10    25s
  21   8.26154208e+02  8.26154208e+02  5.26e-11 1.78e-15  3.72e-13    25s

Barrier solved model in 21 iterations and 24.91 seconds
Optimal objective 8.26154208e+02


Root crossover log...

     103 DPushes remaining with DInf 0.0000000e+00                25s
       0 DPushes remaining with DInf 0.0000000e+00                25s

    3935 PPushes remaining with PInf 0.0000000e+00                25s
     442 PPushes remaining with PInf 0.0000000e+00                25s
       0 PPushes remaining with PInf 0.0000000e+00                25s

  Push phase complete: Pinf 0.0000000e+00, Dinf 0.0000000e+00     25s


Root simplex log...

Iteration    Objective       Primal Inf.    Dual Inf.      Time
    3973    8.2615421e+02   0.000000e+00   0.000000e+00     25s
    3973    8.2615421e+02   0.000000e+00   0.000000e+00     25s

Root relaxation: objective 8.261542e+02, 3973 iterations, 3.54 seconds

    Nodes    |    Current Node    |     Objective Bounds      |     Work
 Expl Unexpl |  Obj  Depth IntInf | Incumbent    BestBd   Gap | It/Node Time

     0     0  826.15421    0  126          -  826.15421      -     -   28s
     0     0  826.18090    0  434          -  826.18090      -     -   31s
     0     0  826.18090    0  431          -  826.18090      -     -   31s
     0     0  826.31400    0  553          -  826.31400      -     -   35s
     0     0  826.34544    0  579          -  826.34544      -     -   36s
     0     0  826.35411    0  577          -  826.35411      -     -   36s
     0     0  826.35614    0  586          -  826.35614      -     -   36s
     0     0  826.35619    0  584          -  826.35619      -     -   36s
     0     0  827.27944    0  659          -  827.27944      -     -   40s
     0     0  827.62002    0  654          -  827.62002      -     -   41s
     0     0  827.62002    0  659          -  827.62002      -     -   41s
     0     0  827.62002    0  660          -  827.62002      -     -   42s
     0     0  827.62002    0  662          -  827.62002      -     -   42s
     0     0  829.34063    0  593          -  829.34063      -     -   46s
     0     0  830.38027    0  606          -  830.38027      -     -   48s
     0     0  830.38027    0  616          -  830.38027      -     -   48s
     0     0  830.38027    0  621          -  830.38027      -     -   49s
     0     0  830.38027    0  626          -  830.38027      -     -   49s
     0     0  830.38027    0  606          -  830.38027      -     -   55s
H    0     0                     906.3626067  830.38027  8.38%     -   56s
H    0     0                     905.3199399  830.38027  8.28%     -   56s
     0     0  830.38027    0  627  905.31994  830.38027  8.28%     -   56s
     0     0  830.38027    0  626  905.31994  830.38027  8.28%     -   56s
     0     0  830.38027    0  632  905.31994  830.38027  8.28%     -   56s
     0     0  830.38027    0  655  905.31994  830.38027  8.28%     -   62s
     0     0  830.38027    0  683  905.31994  830.38027  8.28%     -   64s
     0     0  830.38027    0  666  905.31994  830.38027  8.28%     -   65s
     0     0  830.38027    0  661  905.31994  830.38027  8.28%     -   65s
     0     0  830.38027    0  663  905.31994  830.38027  8.28%     -   65s
     0     0  830.38027    0  654  905.31994  830.38027  8.28%     -   71s
     0     0  830.38027    0  659  905.31994  830.38027  8.28%     -   73s
     0     0  830.38027    0  660  905.31994  830.38027  8.28%     -   74s
     0     0  830.38027    0  657  905.31994  830.38027  8.28%     -   74s
     0     0  830.38027    0  658  905.31994  830.38027  8.28%     -   75s
     0     0  830.38027    0  640  905.31994  830.38027  8.28%     -   78s
     0     0  830.38027    0  645  905.31994  830.38027  8.28%     -   80s
     0     0  830.38027    0  663  905.31994  830.38027  8.28%     -   80s
     0     0  830.38027    0  650  905.31994  830.38027  8.28%     -   80s
     0     0  830.38027    0  620  905.31994  830.38027  8.28%     -   83s
     0     0  830.38027    0  639  905.31994  830.38027  8.28%     -   85s
     0     0  830.38027    0  635  905.31994  830.38027  8.28%     -   85s
     0     0  830.38027    0  643  905.31994  830.38027  8.28%     -   89s
     0     0  830.38027    0  651  905.31994  830.38027  8.28%     -   90s
     0     0  830.38027    0  651  905.31994  830.38027  8.28%     -   90s
H    0     0                     903.1856099  830.38027  8.06%     -   92s
H    0     0                     902.1215633  830.38027  7.95%     -   92s
H    0     0                     901.0592436  830.38027  7.84%     -   93s
     0     0  830.38027    0  647  901.05924  830.38027  7.84%     -   93s
     0     0  830.38027    0  632  901.05924  830.38027  7.84%     -   94s
     0     0  830.38027    0  651  901.05924  830.38027  7.84%     -   95s
     0     0  830.38027    0  642  901.05924  830.38027  7.84%     -   98s
     0     0  830.38027    0  636  901.05924  830.38027  7.84%     -  104s
     0     2  830.38027    0  630  901.05924  830.38027  7.84%     -  116s
     3     2  830.38027    2  616  901.05924  830.38027  7.84%  1360  121s
     5     2 infeasible    3       901.05924  830.38027  7.84%  2336  127s
     7     2  831.12580    4  620  901.05924  830.38027  7.84%  2266  134s
     9     2 infeasible    5       901.05924  831.12580  7.76%  2063  165s
    13     2 infeasible    7       901.05924  833.05276  7.55%  1877  198s
    15     2  834.90757    8  617  901.05924  834.00358  7.44%  1757  226s
    19     2  836.86862   10  639  901.05924  835.88986  7.23%  1725  231s
    23     4 infeasible   12       901.05924  836.91034  7.12%  1762  254s
    27     4  838.92756   13  503  901.05924  837.90613  7.01%  1859  355s
    31     4 infeasible   14       901.05924  838.92756  6.90%  2074  384s
    35     4  840.96843   15  454  901.05924  839.91103  6.79%  2001  391s
    39     8  841.15324   16  495  901.05924  840.96843  6.67%  2029  395s
    51    26  841.99575   18  357  901.05924  841.99575  6.55%  1868  492s
    65    48  841.99575   19  364  901.05924  841.99575  6.55%  1977  536s
    91    74  841.99575   20  316  901.05924  841.99575  6.55%  1821  545s
H  123   104                     897.9361666  841.99575  6.23%  1945  551s
H  128   104                     878.8879959  841.99575  4.20%  1931  551s
H  187   166                     867.2614072  841.99575  2.91%  1597  642s
H  190   166                     865.2343930  841.99575  2.69%  1592  642s
   219   221  841.99575   24  356  865.23439  841.99575  2.69%  1481  650s
   274   279  841.99575   26  353  865.23439  841.99575  2.69%  1239  656s
   332   572  841.99876   28  445  865.23439  841.99575  2.69%  1069  672s
   627  1148  842.10343   29  476  865.23439  841.99575  2.69%   670  743s
H 1207  1175                     863.1074957  841.99575  2.45%   484 1028s
H 1244  1953                     862.0933476  841.99575  2.33%   485 1302s
  2066  3007  841.99575   30  314  862.09335  841.99575  2.33%   408 1549s
H 2197  3007                     859.9231131  841.99575  2.08%   402 1549s
  3323  4624  843.06655   55  434  859.92311  841.99575  2.08%   415 1890s
H 4845  4624                     858.8723123  841.99575  1.96%   417 1890s
  5261  4625  841.99575   66  636  858.87231  841.99575  1.96%   411 1915s
  5263  4626  842.02111  138  115  858.87231  841.99575  1.96%   411 1924s
  5264  4627  842.02111   96  420  858.87231  841.99575  1.96%   411 1931s
  5266  4628  842.02111   61  587  858.87231  841.99575  1.96%   411 1935s
  5269  4630  841.99575   32  588  858.87231  841.99575  1.96%   411 1957s
  5270  4631  842.02111   24  588  858.87231  841.99575  1.96%   410 1965s
  5271  4632  842.02111   27  588  858.87231  841.99575  1.96%   410 2008s
  5272  4635  841.99575   10  588  858.87231  841.99575  1.96%   414 2064s
  5274  4635 infeasible   11       858.87231  841.99575  1.96%   414 2119s
  5278  4633  841.99575   12  626  858.87231  841.99575  1.96%   416 2169s
  5282  4632 infeasible   13       858.87231  841.99575  1.96%   417 2198s
  5286  4633  841.99575   14  623  858.87231  841.99575  1.96%   417 2203s
  5290  4635  841.99575   15  632  858.87231  841.99575  1.96%   418 2206s
  5296  4633 infeasible   16       858.87231  841.99575  1.96%   418 2212s
  5306  4630  841.99575   17  594  858.87231  841.99575  1.96%   419 2219s
  5316  4625 infeasible   18       858.87231  841.99575  1.96%   423 2227s
  5326  4621  841.99575   19  587  858.87231  841.99575  1.96%   425 2243s
  5334  4619 infeasible   20       858.87231  841.99575  1.96%   428 2256s
  5342  4616  841.99575   21  580  858.87231  841.99575  1.96%   431 2266s
  5350  4621  841.99575   22  594  858.87231  841.99575  1.96%   433 2283s
  5358  4627  841.99575   23  639  858.87231  841.99575  1.96%   434 2369s
  5374  4615 infeasible   24       858.87231  841.99575  1.96%   440 2457s
H 5383  4380                     857.8461385  841.99575  1.85%   446 2457s
  5398  4393  841.99575   25  531  857.84614  841.99575  1.85%   453 2462s
  5416  4385 infeasible   26       857.84614  841.99575  1.85%   453 2499s
  5448  4409  841.99575   27  533  857.84614  841.99575  1.85%   458 2507s
  5484  4448  841.99575   28  526  857.84614  841.99575  1.85%   459 2545s
  5537  4460  841.99575   29  490  857.84614  841.99575  1.85%   463 2606s
  5569  4489  841.99575   30  485  857.84614  841.99575  1.85%   469 2626s
  5611  4550  842.02001   31  478  857.84614  841.99575  1.85%   475 2638s
  5688  4605  842.02891   33  501  857.84614  841.99575  1.85%   476 2654s
  5772  4620  842.03112   36  482  857.84614  841.99575  1.85%   476 2710s
  5847  4653  843.01862   37  432  857.84614  841.99575  1.85%   483 2775s
  5915  4708  842.03792   35  504  857.84614  841.99575  1.85%   491 2812s
  6002  4750  844.10770   38  340  857.84614  841.99575  1.85%   495 2853s
  6082  4777  843.02553   38  452  857.84614  841.99575  1.85%   498 2929s
  6156  4823  844.05799   40  335  857.84614  841.99575  1.85%   503 3070s
  6234  4869  844.06823   42  457  857.84614  841.99575  1.85%   509 3139s
  6324  4913  845.15199   45  342  857.84614  841.99575  1.85%   519 3266s
  6412  4974  845.11963   43  465  857.84614  841.99575  1.85%   525 3328s
  6515  5046  845.09898   46  441  857.84614  841.99575  1.85%   530 3377s
  6637  5136  845.11692   47  442  857.84614  841.99575  1.85%   532 3406s
  6788  5192  845.15571   49  497  857.84614  841.99575  1.85%   534 3450s
  6920  5278  846.21939   49  428  857.84614  841.99575  1.85%   543 3564s
  7080  5338 infeasible   49       857.84614  841.99575  1.85%   546 3727s
  7244  5365  846.23729   51  478  857.84614  841.99575  1.85%   549 3798s
H 7352  5198                     857.8190772  841.99575  1.84%   557 3824s
H 7377  4980                     856.8084717  841.99575  1.73%   556 3824s
H 7386  4779                     856.7471059  841.99575  1.72%   557 3824s
H 7431  4575                     855.7384496  841.99575  1.61%   560 3824s
  7437  4573  846.37660   57  436  855.73845  841.99575  1.61%   560 3825s
  7499  4572  846.30612   51  424  855.73845  841.99575  1.61%   562 3885s
  7563  4568  847.35038   52  446  855.73845  841.99575  1.61%   574 4009s
H 7568  4387                     854.6394169  841.99575  1.48%   574 4009s
H 7600  4205                     854.6282909  841.99575  1.48%   577 4009s
  7602  4319  848.32583   53  435  854.62829  841.99575  1.48%   578 4056s
  7752  4362  849.36865   56  424  854.62829  841.99575  1.48%   581 4116s
  7877  4520  850.38350   57  371  854.62829  841.99575  1.48%   586 4180s
  8129  4607 infeasible   58       854.62829  841.99575  1.48%   585 4249s
  8358  4729  850.43633  135  186  854.62829  841.99575  1.48%   590 4293s
  8591  4842  851.47711  153  188  854.62829  841.99575  1.48%   595 4356s
H 8620  4562                     853.5847045  841.99575  1.36%   594 4356s
  8816  4562  851.49201  159  343  853.58470  841.99575  1.36%   601 4388s
  9068  4652  853.56258  171  292  853.58470  841.99575  1.36%   607 4439s
  9297  4633  853.56258  194  211  853.58470  841.99575  1.36%   612 4602s
  9382  4807  853.56258  205  190  853.58470  841.99575  1.36%   618 4726s
  9629  4910  853.56258  225  162  853.58470  841.99575  1.36%   629 4828s
  9884  4977  853.56258  239  208  853.58470  841.99575  1.36%   633 4950s
 10086  5103  841.99575   30  498  853.58470  841.99575  1.36%   645 5024s
 10343  5168  842.20338   34  512  853.58470  841.99575  1.36%   652 5190s
 10609  5309  843.03961   36  405  853.58470  841.99575  1.36%   659 5323s
 10883  5401  844.12843   41  326  853.58470  841.99575  1.36%   668 5473s
 11136  5494  845.18342   41  506  853.58470  841.99575  1.36%   679 5587s
 11404  5405  841.99575   30  488  853.58470  841.99575  1.36%   687 5658s
 11458  5478  842.00944   31  478  853.58470  841.99575  1.36%   692 5731s
 11656  5576  843.01369   36  477  853.58470  841.99575  1.36%   710 5826s
 11925  5629  845.12848   44  379  853.58470  841.99575  1.36%   722 5933s
 12127  5775  846.22249   50  364  853.58470  841.99575  1.36%   734 6058s
 12427  5924  849.49105   74  323  853.58470  841.99575  1.36%   743 6235s
 12818  5968 infeasible   88       853.58470  841.99575  1.36%   747 6303s
 13162  5998  842.01232   31  474  853.58470  841.99575  1.36%   760 6407s
 13380  6184  843.01163   35  369  853.58470  841.99575  1.36%   766 6517s
 13754  6334 infeasible   56       853.58470  841.99575  1.36%   773 6576s
 14139  6482  846.15465   56  312  853.58470  841.99575  1.36%   783 6818s
 14553  6684  850.44783   62  416  853.58470  841.99575  1.36%   784 6920s
 14997  6843  844.12708   42  443  853.58470  841.99575  1.36%   790 7110s
 15267  7188  843.07538   42  454  853.58470  841.99575  1.36%   796 7168s
 15724  7262  846.22969   50  456  853.58470  841.99575  1.36%   806 7333s
 15851  7561  847.27224   52  342  853.58470  841.99575  1.36%   811 7550s
 16272  7857  847.30975   53  453  853.58470  841.99575  1.36%   821 7755s
 16711  8159  845.14337   39  393  853.58470  841.99575  1.36%   833 7924s
 17155  8396  847.39797   54  453  853.58470  841.99575  1.36%   848 8029s
 17565  8675  849.43089   58  378  853.58470  841.99575  1.36%   864 8377s
 18022  9051  849.51410   60  347  853.58470  841.99575  1.36%   873 8620s
 18548  9411 infeasible   64       853.58470  841.99575  1.36%   883 8739s
 19114  9700 infeasible   35       853.58470  841.99575  1.36%   893 9019s
 19576 10029 infeasible   53       853.58470  841.99575  1.36%   909 9253s
 20073 10391  843.06747   36  399  853.58470  841.99575  1.36%   920 9521s
H20131  9116                     852.5260914  841.99575  1.24%   919 9521s
 20599  9441  849.44447   60  383  852.52609  841.99575  1.24%   925 9907s
 21091  9914  851.56064   81  390  852.52609  841.99575  1.24%   929 10048s
 21679 10332  851.56064  101  367  852.52609  841.99575  1.24%   931 10379s
 22338 10777  845.09016   35  344  852.52609  841.99575  1.24%   941 10907s
 23023 11173  851.47992   84  231  852.52609  841.99575  1.24%   952 11238s
 23672 11581 infeasible   44       852.52609  842.02111  1.23%   966 11905s
 24415 12049  844.12687   33  430  852.52609  842.02111  1.23%   976 12337s
 25091 12445  847.35067   54  477  852.52609  842.02111  1.23%   989 12670s
 25810 12964  842.02533   35  516  852.52609  842.02111  1.23%  1000 13095s
 26556 13500  845.17479   48  362  852.52609  842.02111  1.23%  1015 13362s
 27388 13797  846.25514   58  261  852.52609  842.02111  1.23%  1029 14183s
 27905 14274  846.25514   64  324  852.52609  842.02111  1.23%  1040 14616s
 28623 14698  848.29867   74  464  852.52609  842.02111  1.23%  1056 14818s
 29403 15262 infeasible   88       852.52609  842.02111  1.23%  1074 15224s
 30335 15921  844.08335   46  406  852.52609  842.02221  1.23%  1088 15690s
 31483 16427  844.08335   41  344  852.52609  842.02221  1.23%  1098 16648s
H32144 15057                     851.4861688  842.02221  1.11%  1104 16648s
 32263 15960  846.22559   52  313  851.48617  842.02221  1.11%  1103 17476s
 33527 17488  848.37459   64  295  851.48617  842.02221  1.11%  1110 18326s
 35503 18743  851.45804  105  312  851.48617  842.02221  1.11%  1125 19041s
 37419 20556 infeasible  124       851.48617  842.02822  1.11%  1132 19720s
 39740 22225  844.05799   40  382  851.48617  842.03980  1.11%  1125 20272s
 42011 23098  850.46225   81  268  851.48617  843.01163  1.00%  1114 20760s

Cutting planes:
  Learned: 9
  Gomory: 35
  Cover: 161
  Implied bound: 150
  Projected implied bound: 20
  Clique: 11
  MIR: 518
  StrongCG: 1
  Flow cover: 2645
  GUB cover: 3
  Inf proof: 1
  Zero half: 14
  RLT: 1565
  Relax-and-lift: 116

Explored 43523 nodes (48578110 simplex iterations) in 20762.76 seconds
Thread count was 32 (of 32 available processors)

Solution count 10: 851.486 852.526 853.585 ... 857.846

Optimal solution found (tolerance 1.00e-02)
Best objective 8.514861688376e+02, best bound 8.430116255076e+02, gap 0.9953%
