
Gurobi 9.1.0 (linux64) logging started Fri Aug 20 23:22:33 2021

Changed value of parameter LogFile to eab_parasitoid_0_0_1_area_street.log
   Prev:   Default: 
Changed value of parameter MIPGap to 0.01
   Prev: 0.0001  Min: 0.0  Max: inf  Default: 0.0001
Changed value of parameter Method to 2
   Prev: -1  Min: -1  Max: 5  Default: -1
Changed value of parameter MIPFocus to 2
   Prev: 0  Min: 0  Max: 3  Default: 0
Changed value of parameter RINS to 100
   Prev: -1  Min: -1  Max: 2000000000  Default: -1
Gurobi Optimizer version 9.1.0 build v9.1.0rc0 (linux64)
Thread count: 32 physical cores, 32 logical processors, using up to 32 threads
Optimize a model with 203386 rows, 134930 columns and 685029 nonzeros
Model fingerprint: 0x51ba552a
Variable types: 55774 continuous, 79156 integer (79156 binary)
Coefficient statistics:
  Matrix range     [2e-04, 1e+06]
  Objective range  [1e-06, 1e-01]
  Bounds range     [1e+00, 6e+03]
  RHS range        [1e-04, 1e+06]
Presolve removed 183321 rows and 117227 columns (presolve time = 5s) ...
Presolve removed 194438 rows and 127191 columns (presolve time = 10s) ...
Presolve removed 195761 rows and 128534 columns (presolve time = 15s) ...
Presolve removed 195820 rows and 128573 columns
Presolve time: 17.43s
Presolved: 7566 rows, 6357 columns, 112557 nonzeros
Variable types: 2687 continuous, 3670 integer (3669 binary)
Presolve removed 11 rows and 11 columns
Presolved: 7555 rows, 6346 columns, 112533 nonzeros

Root barrier log...

Ordering time: 0.66s

Barrier statistics:
 Dense cols : 155
 AA' NZ     : 4.504e+05
 Factor NZ  : 1.929e+06 (roughly 20 MBytes of memory)
 Factor Ops : 1.324e+09 (less than 1 second per iteration)
 Threads    : 31

                  Objective                Residual
Iter       Primal          Dual         Primal    Dual     Compl     Time
   0   2.19354656e+03 -7.36729720e+03  3.01e+04 1.37e-01  5.09e+01    20s
   1   1.67534388e+03 -8.54153850e+03  2.03e+04 2.55e-01  3.30e+01    21s
   2   7.60403748e+02 -8.76767418e+03  2.65e+03 1.60e-13  4.93e+00    21s
   3   5.84201489e+02 -5.24808647e+03  2.41e+02 3.52e-13  6.35e-01    21s
   4   5.38631871e+02 -1.81495541e+03  7.73e+01 2.20e-13  1.83e-01    21s
   5   5.17256259e+02 -3.77406088e+02  2.55e+01 5.06e-14  5.66e-02    21s
   6   5.06947597e+02  1.13976851e+02  7.42e+00 1.75e-14  2.20e-02    22s
   7   5.00962744e+02  4.16633030e+02  1.28e+00 7.99e-15  4.50e-03    22s
   8   4.97508753e+02  4.54424171e+02  4.52e-01 7.11e-15  2.24e-03    22s
   9   4.95146401e+02  4.76266286e+02  1.55e-02 3.55e-15  9.65e-04    22s
  10   4.93579471e+02  4.86540727e+02  2.46e-04 8.88e-15  3.53e-04    22s
  11   4.93282095e+02  4.90596061e+02  1.34e-04 5.33e-15  1.35e-04    23s
  12   4.93043754e+02  4.91831286e+02  7.67e-05 3.55e-15  6.08e-05    23s
  13   4.92897923e+02  4.92103064e+02  4.67e-05 8.88e-15  3.98e-05    23s
  14   4.92812382e+02  4.92267192e+02  2.90e-05 3.70e-16  2.73e-05    23s
  15   4.92787610e+02  4.92384758e+02  2.33e-05 2.81e-15  2.02e-05    24s
  16   4.92767278e+02  4.92511566e+02  1.92e-05 5.47e-15  1.28e-05    24s
  17   4.92700880e+02  4.92577730e+02  3.95e-06 2.89e-16  6.17e-06    24s
  18   4.92696263e+02  4.92602934e+02  2.93e-06 1.73e-16  4.67e-06    24s
  19   4.92692376e+02  4.92623649e+02  2.14e-06 7.76e-15  3.44e-06    25s
  20   4.92687881e+02  4.92647510e+02  1.33e-06 9.22e-15  2.02e-06    25s
  21   4.92684703e+02  4.92665693e+02  7.48e-07 1.08e-14  9.52e-07    25s
  22   4.92681365e+02  4.92676002e+02  1.73e-07 8.84e-15  2.68e-07    25s
  23   4.92680462e+02  4.92678971e+02  2.52e-08 4.10e-15  7.46e-08    26s
  24   4.92680316e+02  4.92679803e+02  7.18e-09 1.74e-14  2.57e-08    26s
  25   4.92680277e+02  4.92680093e+02  2.73e-09 4.98e-15  9.21e-09    26s
  26   4.92680258e+02  4.92680190e+02  8.49e-10 1.46e-15  3.40e-09    26s
  27   4.92680250e+02  4.92680242e+02  1.28e-10 1.09e-15  4.02e-10    27s
  28   4.92680248e+02  4.92680248e+02  7.68e-12 3.55e-15  1.64e-11    27s

Barrier solved model in 28 iterations and 26.93 seconds
Optimal objective 4.92680248e+02


Root crossover log...

     633 DPushes remaining with DInf 0.0000000e+00                27s
       0 DPushes remaining with DInf 0.0000000e+00                27s

    2949 PPushes remaining with PInf 2.1470764e-05                27s
       0 PPushes remaining with PInf 0.0000000e+00                27s

  Push phase complete: Pinf 0.0000000e+00, Dinf 1.9815746e-02     27s


Root simplex log...

Iteration    Objective       Primal Inf.    Dual Inf.      Time
    3389    4.9268025e+02   0.000000e+00   1.981575e-02     27s
    3396    4.9268025e+02   0.000000e+00   0.000000e+00     27s
    3396    4.9268025e+02   0.000000e+00   0.000000e+00     27s

Root relaxation: objective 4.926802e+02, 3396 iterations, 9.11 seconds

    Nodes    |    Current Node    |     Objective Bounds      |     Work
 Expl Unexpl |  Obj  Depth IntInf | Incumbent    BestBd   Gap | It/Node Time

     0     0  494.07160    0 1694          -  494.07160      -     -   28s
     0     0  547.21506    0 1929          -  547.21506      -     -   34s
     0     0  547.60538    0 2011          -  547.60538      -     -   43s
     0     0  547.68595    0 2032          -  547.68595      -     -   47s
     0     0  547.69074    0 2035          -  547.69074      -     -   48s
H    0     0                     618.0169834  547.69074  11.4%     -   64s
H    0     0                     617.9379498  547.69074  11.4%     -   64s
     0     0  555.99100    0 2074  617.93795  555.99100  10.0%     -   64s
H    0     0                     617.8829498  555.99100  10.0%     -   65s
     0     0  556.78928    0 1948  617.88295  556.78928  9.89%     -   70s
     0     0  556.84036    0 2001  617.88295  556.84036  9.88%     -   73s
     0     0  556.84453    0 1968  617.88295  556.84453  9.88%     -   74s
H    0     0                     592.7100961  556.84453  6.05%     -   93s
     0     0  567.01011    0 1866  592.71010  567.01011  4.34%     -   93s
H    0     0                     590.0375692  567.01011  3.90%     -  106s
     0     0  567.14563    0 1864  590.03757  567.14563  3.88%     -  106s
     0     0  567.18322    0 1871  590.03757  567.18322  3.87%     -  116s
H    0     0                     589.1916728  567.18322  3.74%     -  126s
H    0     0                     589.1800868  567.18322  3.73%     -  126s
     0     0  573.90664    0 1802  589.18009  573.90664  2.59%     -  126s
     0     0  573.93983    0 1789  589.18009  573.93983  2.59%     -  133s
     0     0  574.06368    0 1806  589.18009  574.06368  2.57%     -  149s
     0     0  574.06368    0 1801  589.18009  574.06368  2.57%     -  153s
H    0     0                     586.0703506  574.06368  2.05%     -  231s
     0     2  574.06368    0 1801  586.07035  574.06368  2.05%     -  234s
H    1     4                     586.0703505  574.07224  2.05%   297  242s
H    2     4                     586.0703503  574.07224  2.05%   896  242s
     3     8  585.69288    2 1754  586.07035  574.90420  1.91%  1914  304s
     7    12     cutoff    3       586.07035  576.47063  1.64%  2356  318s
    15    11  577.80275    4 1584  586.07035  576.71152  1.60%  1795  329s
    27    18  578.03516    5 1610  586.07035  577.79511  1.41%  2325  336s
    38    34  578.15104    6 1603  586.07035  578.03955  1.37%  2291  343s
    56    62  578.33521    7 1578  586.07035  578.15891  1.35%  2368  352s
    88    94  578.69532    8 1587  586.07035  578.41835  1.31%  2004  359s
   120   126  578.77331    9 1592  586.07035  578.41835  1.31%  1866  365s
   152   158  579.11247   10 1526  586.07035  578.41835  1.31%  1671  372s
   184   198  579.69659   11 1521  586.07035  578.41835  1.31%  1497  377s
   224   232  579.82502   12 1500  586.07035  578.41835  1.31%  1355  381s
   258   274  579.87797   13 1491  586.07035  578.41835  1.31%  1273  437s
H  302   300                     585.7908708  578.41835  1.26%  1276  712s
H  310   300                     585.7782617  578.41835  1.26%  1251  713s
   335   348  581.47966   16 1474  585.77826  578.41835  1.26%  1199  798s
   397   374  582.60028   18 1387  585.77826  578.41835  1.26%  1104  828s
H  404   374                     585.7782613  578.41835  1.26%  1093  828s
H  414   374                     585.7766099  578.41835  1.26%  1077  828s
   431   402 infeasible   19       585.77661  578.41835  1.26%  1051  855s
H  432   402                     585.7557709  578.41835  1.25%  1048  855s
H  433   402                     585.7531221  578.41835  1.25%  1047  855s
H  465   402                     585.7508730  578.41835  1.25%  1008  855s
   467   467  582.65692   20 1397  585.75087  578.41835  1.25%  1010  876s
   545   495  583.53550   23 1361  585.75087  578.41835  1.25%   921  904s
H  546   495                     585.7445971  578.41835  1.25%   920  904s
H  555   495                     585.7429317  578.41835  1.25%   915  904s
   581   573  583.78653   24 1377  585.74293  578.41835  1.25%   897  919s
   681   626  584.40761   28 1390  585.74293  578.41835  1.25%   808  933s
   778   699  585.68411   30 1357  585.74293  578.41835  1.25%   749  943s
   884   770     cutoff   31       585.74293  578.41835  1.25%   688  954s
   975   833     cutoff   30       585.74293  578.41835  1.25%   657  964s
  1058   914  585.67506   17 1444  585.74293  578.41835  1.25%   633  973s
  1171   983  585.69009   18 1429  585.74293  578.41835  1.25%   608  981s
  1284  1052     cutoff   20       585.74293  578.75130  1.19%   584  996s
  1393  1121  578.96493    9 1547  585.74293  578.75130  1.19%   578 1020s
H 1456  1121                     585.7411338  578.75130  1.19%   570 1020s
  1483  1227  579.36448   10 1559  585.74113  578.75130  1.19%   572 1025s
  1600  1253  579.82740   11 1521  585.74113  578.75130  1.19%   558 1599s
  1636  1373  579.83655   12 1536  585.74113  578.75130  1.19%   554 1616s
  1779  1500  580.09736   15 1475  585.74113  578.75130  1.19%   537 1639s
  1953  1660  580.44180   18 1502  585.74113  578.75130  1.19%   516 1648s
  2148  1831  581.12447   22 1459  585.74113  578.75130  1.19%   491 1672s
  2385  2013  582.07059   24 1432  585.74113  578.75130  1.19%   467 1681s
  2628  2210  583.03588   28 1440  585.74113  578.75130  1.19%   441 1693s
  2890  2211  585.71957  153 1801  585.74113  578.75130  1.19%   419 1905s
  2892  2212  585.16871   14 1773  585.74113  578.75130  1.19%   419 1917s
H 2892  2101                     585.7411240  578.75130  1.19%   419 1928s
  2894  2103  584.75531  146 1813  585.74112  578.75130  1.19%   419 1932s
H 2894  1998                     585.7411237  578.75130  1.19%   419 1934s
H 2894  1898                     585.7411232  578.75130  1.19%   419 1934s
  2896  1899  581.42080   10 1681  585.74112  578.75130  1.19%   418 1936s
  2898  1900  585.19736   66 1641  585.74112  578.75130  1.19%   418 1942s
  2900  1902  585.47647  146 1654  585.74112  578.75130  1.19%   418 1946s
  2902  1903  583.89854   48 1695  585.74112  578.75130  1.19%   418 1953s
  2903  1904  583.45174   15 1548  585.74112  578.75130  1.19%   417 1972s
  2904  1904  584.44221  106 1565  585.74112  578.75130  1.19%   417 1976s
  2906  1906  583.92645   33 1590  585.74112  578.75130  1.19%   417 1984s
  2907  1906  583.81639   34 1587  585.74112  578.75130  1.19%   417 2003s
  2908  1907  580.72363   19 1595  585.74112  578.75130  1.19%   417 2047s
  2909  1908  585.07619   40 1569  585.74112  578.75130  1.19%   417 2051s
  2910  1908  585.54834   63 1561  585.74112  578.75130  1.19%   416 2056s
  2911  1909  584.38590   19 1588  585.74112  578.75130  1.19%   416 2060s
  2912  1910  584.58293   17 1589  585.74112  578.75130  1.19%   416 2071s
  2913  1910  585.05507   39 1549  585.74112  578.75130  1.19%   416 2091s
  2914  1911  582.32266   23 1554  585.74112  578.92262  1.16%   416 2109s
  2915  1912  585.08394   24 1573  585.74112  579.62758  1.04%   416 2129s
  2916  1912  581.33721   25 1568  585.74112  579.77764  1.02%   416 2141s

Cutting planes:
  Learned: 32
  Gomory: 25
  Cover: 76
  Implied bound: 43
  Projected implied bound: 112
  Clique: 8
  MIR: 296
  StrongCG: 1
  Flow cover: 2129
  GUB cover: 12
  Zero half: 18
  RLT: 768
  Relax-and-lift: 108

Explored 2916 nodes (1292374 simplex iterations) in 2152.90 seconds
Thread count was 32 (of 32 available processors)

Solution count 10: 585.741 585.741 585.743 ... 585.778

Optimal solution found (tolerance 1.00e-02)
Warning: max constraint violation (4.1087e-06) exceeds tolerance
Best objective 5.857411232395e+02, best bound 5.798908285324e+02, gap 0.9988%
