
Gurobi 9.1.0 (linux64) logging started Mon Aug  2 23:10:27 2021

Changed value of parameter LogFile to eab_parasitoid_0_0_area.log
   Prev:   Default: 
Changed value of parameter MIPGap to 0.01
   Prev: 0.0001  Min: 0.0  Max: inf  Default: 0.0001
Changed value of parameter Method to 2
   Prev: -1  Min: -1  Max: 5  Default: -1
Changed value of parameter MIPFocus to 2
   Prev: 0  Min: 0  Max: 3  Default: 0
Changed value of parameter RINS to 100
   Prev: -1  Min: -1  Max: 2000000000  Default: -1
Gurobi Optimizer version 9.1.0 build v9.1.0rc0 (linux64)
Thread count: 32 physical cores, 32 logical processors, using up to 32 threads
Optimize a model with 203386 rows, 134930 columns and 685029 nonzeros
Model fingerprint: 0x594096df
Variable types: 55774 continuous, 79156 integer (79156 binary)
Coefficient statistics:
  Matrix range     [2e-04, 1e+06]
  Objective range  [1e+00, 1e+00]
  Bounds range     [1e+00, 6e+03]
  RHS range        [1e-04, 1e+06]
Presolve removed 197834 rows and 130155 columns
Presolve time: 3.23s
Presolved: 5552 rows, 4775 columns, 77676 nonzeros
Variable types: 1823 continuous, 2952 integer (2952 binary)
Presolve removed 22 rows and 15 columns
Presolved: 5530 rows, 4760 columns, 77117 nonzeros

Root barrier log...

Ordering time: 0.14s

Barrier statistics:
 Dense cols : 74
 AA' NZ     : 2.877e+05
 Factor NZ  : 1.152e+06 (roughly 14 MBytes of memory)
 Factor Ops : 7.399e+08 (less than 1 second per iteration)
 Threads    : 31

                  Objective                Residual
Iter       Primal          Dual         Primal    Dual     Compl     Time
   0   2.16694813e+04 -5.25021247e+04  1.29e+04 7.37e-01  3.07e+02     4s
   1   1.52833258e+04 -6.23619062e+04  8.70e+03 2.16e+00  2.01e+02     4s
   2   1.67958815e+03 -6.36330868e+04  3.89e+02 4.38e-12  1.32e+01     4s
   3   1.02108643e+03 -2.28380214e+04  4.83e+01 1.19e-13  2.21e+00     4s
   4   9.18874475e+02 -2.28466245e+03  2.43e-02 7.82e-14  2.16e-01     4s
   5   8.50804044e+02 -1.24209072e+02  3.29e-04 4.66e-15  6.56e-02     4s
   6   8.05351562e+02  4.69933202e+02  1.34e-04 5.33e-15  2.26e-02     4s
   7   7.93115307e+02  6.52502220e+02  6.10e-05 2.44e-15  9.46e-03     4s
   8   7.87050286e+02  6.94744019e+02  2.07e-05 2.66e-15  6.21e-03     4s
   9   7.85592746e+02  7.53148202e+02  1.23e-05 2.66e-15  2.18e-03     4s
  10   7.84630523e+02  7.68484303e+02  6.43e-06 1.78e-15  1.09e-03     4s
  11   7.83934140e+02  7.78915084e+02  3.07e-06 2.66e-15  3.37e-04     4s
  12   7.83738983e+02  7.81673667e+02  2.07e-06 8.88e-16  1.39e-04     4s
  13   7.83464135e+02  7.82843830e+02  5.49e-07 1.78e-15  4.17e-05     4s
  14   7.83397253e+02  7.83169453e+02  1.99e-07 1.33e-15  1.53e-05     4s
  15   7.83378225e+02  7.83285980e+02  1.09e-07 8.88e-16  6.20e-06     4s
  16   7.83359596e+02  7.83349699e+02  1.93e-11 2.66e-15  6.66e-07     4s
  17   7.83359453e+02  7.83359432e+02  4.20e-11 2.66e-15  1.42e-09     4s
  18   7.83359442e+02  7.83359442e+02  3.80e-11 2.66e-15  1.43e-14     4s

Barrier solved model in 18 iterations and 4.10 seconds
Optimal objective 7.83359442e+02


Root relaxation: objective 7.833594e+02, 4317 iterations, 0.82 seconds

    Nodes    |    Current Node    |     Objective Bounds      |     Work
 Expl Unexpl |  Obj  Depth IntInf | Incumbent    BestBd   Gap | It/Node Time

     0     0  783.35944    0  122          -  783.35944      -     -    4s
     0     0  783.38769    0  466          -  783.38769      -     -    6s
     0     0  783.38769    0  463          -  783.38769      -     -    6s
     0     0  783.48146    0  626          -  783.48146      -     -    7s
     0     0  783.50465    0  634          -  783.50465      -     -    7s
     0     0  783.50670    0  652          -  783.50670      -     -    7s
     0     0  783.50690    0  655          -  783.50690      -     -    7s
     0     0  783.50690    0  657          -  783.50690      -     -    7s
     0     0  784.35944    0  586          -  784.35944      -     -    9s
     0     0  784.46623    0  622          -  784.46623      -     -    9s
     0     0  784.46623    0  649          -  784.46623      -     -    9s
     0     0  785.37341    0  648          -  785.37341      -     -    9s
     0     0  785.37341    0  652          -  785.37341      -     -    9s
     0     0  785.37341    0  659          -  785.37341      -     -    9s
     0     0  786.36361    0  681          -  786.36361      -     -   11s
     0     0  787.35944    0  717          -  787.35944      -     -   11s
     0     0  787.35944    0  730          -  787.35944      -     -   11s
     0     0  787.35944    0  738          -  787.35944      -     -   11s
     0     0  787.35944    0  740          -  787.35944      -     -   11s
     0     0  787.35944    0  751          -  787.35944      -     -   11s
     0     0  787.35944    0  739          -  787.35944      -     -   13s
     0     0  787.35944    0  758          -  787.35944      -     -   13s
     0     0  787.35944    0  771          -  787.35944      -     -   14s
     0     0  787.35944    0  778          -  787.35944      -     -   14s
H    0     0                     867.3594421  787.35944  9.22%     -   15s
     0     0  787.35944    0  733  867.35944  787.35944  9.22%     -   16s
     0     0  787.35944    0  766  867.35944  787.35944  9.22%     -   17s
     0     0  787.35944    0  767  867.35944  787.35944  9.22%     -   17s
     0     0  787.35944    0  772  867.35944  787.35944  9.22%     -   17s
     0     0  787.35944    0  771  867.35944  787.35944  9.22%     -   17s
     0     0  787.35944    0  732  867.35944  787.35944  9.22%     -   20s
     0     0  787.35944    0  703  867.35944  787.35944  9.22%     -   20s
     0     0  787.35944    0  703  867.35944  787.35944  9.22%     -   21s
     0     0  787.35944    0  702  867.35944  787.35944  9.22%     -   21s
     0     0  787.35944    0  708  867.35944  787.35944  9.22%     -   21s
     0     0  787.35944    0  721  867.35944  787.35944  9.22%     -   22s
     0     0  787.35944    0  728  867.35944  787.35944  9.22%     -   23s
     0     0  787.35944    0  736  867.35944  787.35944  9.22%     -   23s
     0     0  787.35944    0  737  867.35944  787.35944  9.22%     -   23s
     0     0  787.35944    0  710  867.35944  787.35944  9.22%     -   24s
     0     0  787.35944    0  679  867.35944  787.35944  9.22%     -   27s
H    0     0                     838.3594421  787.35944  6.08%     -   28s
H    0     0                     830.3594421  787.35944  5.18%     -  173s
     0     2  787.35944    0  677  830.35944  787.35944  5.18%     -  174s
     1     2 infeasible    1       830.35944  787.35944  5.18%  1766  175s
     7     2  788.00867    4  703  830.35944  787.35944  5.18%  1485  193s
     9     2 infeasible    5       830.35944  788.01026  5.10%  2490  199s
    11     2  789.81371    6  707  830.35944  788.90224  4.99%  2295  208s
    15     2  791.61325    8  723  830.35944  790.73672  4.77%  2465  210s
    21     2 infeasible   11       830.35944  793.48318  4.44%  2173  222s
    25     2 infeasible   13       830.35944  795.39572  4.21%  2080  226s
    27     2  797.36518   14  476  830.35944  796.37984  4.09%  2094  253s
    29     4  797.37032   15  439  830.35944  797.36518  3.97%  2181  255s
    35    16  798.28503   17  531  830.35944  797.51972  3.95%  2106  265s
    43    24 infeasible   18       830.35944  798.28503  3.86%  2002  277s
    59    48  798.35944   19  363  830.35944  798.35944  3.85%  2113  285s
H   63    48                     829.3594421  798.35944  3.74%  2081  285s
    83    78  800.35944   20  339  829.35944  798.35944  3.74%  2019  297s
   115   102  800.35944   21  322  829.35944  798.35944  3.74%  2420  353s
   147   134  800.35944   22  317  829.35944  798.35944  3.74%  2401  364s
H  179   167                     827.3594421  798.35944  3.51%  2063  370s
H  180   167                     825.3594421  798.35944  3.27%  2051  370s
H  182   167                     823.3594421  798.35944  3.04%  2030  370s
H  193   167                     822.3594421  798.35944  2.92%  1932  370s
H  201   167                     821.3594421  798.35944  2.80%  1867  370s
   212   219  800.35944   24  313  821.35944  798.35944  2.80%  1785  382s
   265   272  800.35944   26  305  821.35944  798.35944  2.80%  1538  399s
   318   330  800.35944   28  309  821.35944  798.35944  2.80%  1343  405s
   376   478  800.35944   29  305  821.35944  798.35944  2.80%  1169  411s
   524   680  800.35944   34  341  821.35944  798.35944  2.80%   925  427s
   732   964  801.35944   49  391  821.35944  798.35944  2.80%   785  457s
  1029  1321  802.35944   54  320  821.35944  798.35944  2.80%   678  589s
  1420  1696  802.35944   80  305  821.35944  798.35944  2.80%   607  787s

Cutting planes:
  Learned: 13
  Gomory: 32
  Cover: 81
  Implied bound: 314
  Projected implied bound: 22
  Clique: 21
  MIR: 1651
  StrongCG: 1
  Flow cover: 4026
  GUB cover: 21
  Zero half: 16
  RLT: 2337
  Relax-and-lift: 62

Explored 1824 nodes (1100701 simplex iterations) in 787.51 seconds
Thread count was 32 (of 32 available processors)

Solution count 9: 821.359 822.359 823.359 ... 867.359

Solve interrupted
Best objective 8.213594421401e+02, best bound 7.983594421394e+02, gap 2.8002%

Gurobi 9.1.0 (linux64) logging started Mon Aug  2 23:24:33 2021

Changed value of parameter LogFile to eab_parasitoid_0_0_area.log
   Prev:   Default: 
Changed value of parameter MIPGap to 0.01
   Prev: 0.0001  Min: 0.0  Max: inf  Default: 0.0001
Changed value of parameter Method to 2
   Prev: -1  Min: -1  Max: 5  Default: -1
Changed value of parameter MIPFocus to 2
   Prev: 0  Min: 0  Max: 3  Default: 0
Changed value of parameter RINS to 100
   Prev: -1  Min: -1  Max: 2000000000  Default: -1
Gurobi Optimizer version 9.1.0 build v9.1.0rc0 (linux64)
Thread count: 32 physical cores, 32 logical processors, using up to 32 threads
Optimize a model with 203386 rows, 134930 columns and 685029 nonzeros
Model fingerprint: 0x83bf70eb
Variable types: 55774 continuous, 79156 integer (79156 binary)
Coefficient statistics:
  Matrix range     [2e-04, 1e+06]
  Objective range  [1e+00, 1e+00]
  Bounds range     [1e+00, 6e+03]
  RHS range        [1e-04, 1e+06]
Presolve removed 185924 rows and 120538 columns (presolve time = 5s) ...
Presolve removed 194324 rows and 127663 columns (presolve time = 10s) ...
Presolve removed 197737 rows and 130095 columns (presolve time = 15s) ...
Presolve removed 197834 rows and 130155 columns
Presolve time: 15.31s
Presolved: 5552 rows, 4775 columns, 77676 nonzeros
Variable types: 1823 continuous, 2952 integer (2952 binary)
Presolve removed 22 rows and 15 columns
Presolved: 5530 rows, 4760 columns, 77117 nonzeros

Root barrier log...

Ordering time: 0.29s

Barrier statistics:
 Dense cols : 74
 AA' NZ     : 2.877e+05
 Factor NZ  : 1.152e+06 (roughly 14 MBytes of memory)
 Factor Ops : 7.399e+08 (less than 1 second per iteration)
 Threads    : 31

                  Objective                Residual
Iter       Primal          Dual         Primal    Dual     Compl     Time
   0   2.16694740e+04 -5.25021320e+04  1.29e+04 7.37e-01  3.07e+02    17s
   1   1.52833185e+04 -6.23619135e+04  8.70e+03 2.16e+00  2.01e+02    17s
   2   1.67958085e+03 -6.36330941e+04  3.89e+02 4.38e-12  1.32e+01    17s
   3   1.02107913e+03 -2.28380287e+04  4.83e+01 1.19e-13  2.21e+00    17s
   4   9.18867177e+02 -2.28466975e+03  2.43e-02 7.82e-14  2.16e-01    17s
   5   8.50796746e+02 -1.24216370e+02  3.29e-04 4.66e-15  6.56e-02    17s
   6   8.05344264e+02  4.69925904e+02  1.34e-04 5.33e-15  2.26e-02    17s
   7   7.93108009e+02  6.52494922e+02  6.10e-05 2.44e-15  9.46e-03    17s
   8   7.87042988e+02  6.94736721e+02  2.07e-05 2.66e-15  6.21e-03    17s
   9   7.85585448e+02  7.53140904e+02  1.23e-05 2.66e-15  2.18e-03    17s
  10   7.84623225e+02  7.68477005e+02  6.43e-06 1.78e-15  1.09e-03    17s
  11   7.83926842e+02  7.78907786e+02  3.07e-06 2.66e-15  3.37e-04    17s
  12   7.83731686e+02  7.81666369e+02  2.07e-06 8.88e-16  1.39e-04    17s
  13   7.83456837e+02  7.82836532e+02  5.49e-07 1.78e-15  4.17e-05    18s
  14   7.83389955e+02  7.83162155e+02  1.99e-07 1.33e-15  1.53e-05    18s
  15   7.83370927e+02  7.83278682e+02  1.09e-07 8.88e-16  6.20e-06    18s
  16   7.83352298e+02  7.83342401e+02  1.93e-11 2.66e-15  6.66e-07    18s
  17   7.83352155e+02  7.83352134e+02  4.20e-11 2.66e-15  1.42e-09    18s
  18   7.83352144e+02  7.83352144e+02  3.80e-11 2.66e-15  1.43e-14    18s

Barrier solved model in 18 iterations and 17.88 seconds
Optimal objective 7.83352144e+02


Root crossover log...

      76 DPushes remaining with DInf 0.0000000e+00                18s
       0 DPushes remaining with DInf 0.0000000e+00                18s

    4312 PPushes remaining with PInf 0.0000000e+00                18s
       0 PPushes remaining with PInf 0.0000000e+00                18s

  Push phase complete: Pinf 0.0000000e+00, Dinf 0.0000000e+00     18s


Root simplex log...

Iteration    Objective       Primal Inf.    Dual Inf.      Time
    4317    7.8335214e+02   0.000000e+00   0.000000e+00     18s
    4317    7.8335214e+02   0.000000e+00   0.000000e+00     18s

Root relaxation: objective 7.833521e+02, 4317 iterations, 2.54 seconds

    Nodes    |    Current Node    |     Objective Bounds      |     Work
 Expl Unexpl |  Obj  Depth IntInf | Incumbent    BestBd   Gap | It/Node Time

     0     0  783.35214    0  122          -  783.35214      -     -   19s
     0     0  783.38039    0  466          -  783.38039      -     -   22s
     0     0  783.38039    0  463          -  783.38039      -     -   22s
     0     0  783.47417    0  626          -  783.47417      -     -   25s
     0     0  783.49736    0  634          -  783.49736      -     -   25s
     0     0  783.49940    0  652          -  783.49940      -     -   25s
     0     0  783.49960    0  655          -  783.49960      -     -   25s
     0     0  783.49961    0  657          -  783.49961      -     -   26s
     0     0  784.35214    0  586          -  784.35214      -     -   28s
     0     0  784.45893    0  622          -  784.45893      -     -   29s
     0     0  784.45893    0  649          -  784.45893      -     -   30s
     0     0  785.36611    0  648          -  785.36611      -     -   30s
     0     0  785.36611    0  652          -  785.36611      -     -   30s
     0     0  785.36611    0  659          -  785.36611      -     -   30s
     0     0  786.35631    0  681          -  786.35631      -     -   34s
     0     0  787.35214    0  717          -  787.35214      -     -   36s
     0     0  787.35214    0  730          -  787.35214      -     -   36s
     0     0  787.35214    0  738          -  787.35214      -     -   36s
     0     0  787.35214    0  740          -  787.35214      -     -   36s
     0     0  787.35214    0  751          -  787.35214      -     -   36s
     0     0  787.35214    0  739          -  787.35214      -     -   40s
     0     0  787.35214    0  758          -  787.35214      -     -   41s
     0     0  787.35214    0  771          -  787.35214      -     -   41s
     0     0  787.35214    0  778          -  787.35214      -     -   42s
H    0     0                     867.3521441  787.35214  9.22%     -   46s
     0     0  787.35214    0  733  867.35214  787.35214  9.22%     -   47s
     0     0  787.35214    0  766  867.35214  787.35214  9.22%     -   49s
     0     0  787.35214    0  767  867.35214  787.35214  9.22%     -   50s
     0     0  787.35214    0  772  867.35214  787.35214  9.22%     -   51s
     0     0  787.35214    0  771  867.35214  787.35214  9.22%     -   52s
     0     0  787.35214    0  732  867.35214  787.35214  9.22%     -   63s
     0     0  787.35214    0  703  867.35214  787.35214  9.22%     -   67s
     0     0  787.35214    0  703  867.35214  787.35214  9.22%     -   68s
     0     0  787.35214    0  702  867.35214  787.35214  9.22%     -   68s
     0     0  787.35214    0  708  867.35214  787.35214  9.22%     -   69s
     0     0  787.35214    0  721  867.35214  787.35214  9.22%     -   72s
     0     0  787.35214    0  728  867.35214  787.35214  9.22%     -   73s
     0     0  787.35214    0  736  867.35214  787.35214  9.22%     -   74s
     0     0  787.35214    0  737  867.35214  787.35214  9.22%     -   74s
     0     0  787.35214    0  710  867.35214  787.35214  9.22%     -   76s
     0     0  787.35214    0  679  867.35214  787.35214  9.22%     -   80s
H    0     0                     838.3521441  787.35214  6.08%     -   81s
H    0     0                     830.3521441  787.35214  5.18%     -  436s
     0     2  787.35214    0  677  830.35214  787.35214  5.18%     -  437s
     1     2 infeasible    1       830.35214  787.35214  5.18%  1766  442s
     3     2  787.35214    2  686  830.35214  787.35214  5.18%   896  447s
     7     2  788.00137    4  703  830.35214  787.35214  5.18%  1485  510s
     9     2 infeasible    5       830.35214  788.00296  5.10%  2490  588s
    11     2  789.80641    6  707  830.35214  788.89494  4.99%  2295  706s
    13     2 infeasible    7       830.35214  789.80641  4.88%  2642  711s
    15     2  791.60595    8  723  830.35214  790.72942  4.77%  2465  728s
    17     2 infeasible    9       830.35214  791.60595  4.67%  2277  743s
    19     2  793.47588   10  732  830.35214  792.52697  4.56%  2167  759s
    21     2 infeasible   11       830.35214  793.47588  4.44%  2173  854s
    23     2  795.38842   12  712  830.35214  794.42218  4.33%  2130  863s
    25     2 infeasible   13       830.35214  795.38842  4.21%  2080  882s
    27     2  797.35789   14  476  830.35214  796.37254  4.09%  2094 1156s
    29     4  797.36302   15  439  830.35214  797.35789  3.97%  2181 1189s
    31     8  797.48655   16  509  830.35214  797.36302  3.97%  2167 1211s
    35    16  798.27773   17  531  830.35214  797.51242  3.95%  2106 1248s
    43    24 infeasible   18       830.35214  798.27773  3.86%  2002 1316s
    59    48  798.35214   19  363  830.35214  798.35214  3.85%  2113 1347s
H   63    48                     829.3521441  798.35214  3.74%  2081 1347s
    83    78  800.35214   20  339  829.35214  798.35214  3.74%  2019 1368s
   115   102  800.35214   21  322  829.35214  798.35214  3.74%  2420 1684s
   147   134  800.35214   22  317  829.35214  798.35214  3.74%  2401 1733s
H  179   167                     827.3521441  798.35214  3.51%  2063 1768s
H  180   167                     825.3521441  798.35214  3.27%  2051 1768s
H  182   167                     823.3521441  798.35214  3.04%  2030 1768s
H  193   167                     822.3521441  798.35214  2.92%  1932 1768s
H  201   167                     821.3521441  798.35214  2.80%  1867 1768s
   212   219  800.35214   24  313  821.35214  798.35214  2.80%  1785 1822s
   265   272  800.35214   26  305  821.35214  798.35214  2.80%  1538 1882s
   318   330  800.35214   28  309  821.35214  798.35214  2.80%  1343 1913s
   376   478  800.35214   29  305  821.35214  798.35214  2.80%  1169 1956s
   524   680  800.35214   34  341  821.35214  798.35214  2.80%   925 2040s
   732   964  801.35214   49  391  821.35214  798.35214  2.80%   785 2210s
  1029  1321  802.35214   54  320  821.35214  798.35214  2.80%   678 2592s
  1420  1695  802.35214   80  305  821.35214  798.35214  2.80%   607 3099s
H 1825  1716                     819.3521441  798.35214  2.56%   597 4863s
H 1825  1716                     817.3521441  798.35214  2.32%   597 4863s
H 1827  1716                     814.3521441  798.35214  1.96%   598 4863s
  1862  2030  802.35238  104  480  814.35214  798.35214  1.96%   635 5131s
  2216  2575 infeasible  106       814.35214  798.35214  1.96%   652 5409s
  2835  3216 infeasible  132       814.35214  798.35214  1.96%   638 5919s
H 2957  3216                     812.3521441  798.35214  1.72%   638 5919s
  3526  3822  804.35547  143  491  812.35214  798.35214  1.72%   627 6787s
  4207  4883  806.35214  199  269  812.35214  798.35214  1.72%   637 7654s
  5423  5804  800.35214   57  308  812.35214  798.35214  1.72%   607 8469s
  6596  5805  803.35214  161  679  812.35214  798.35214  1.72%   605 12609s
  6598  5806  806.35214  240  136  812.35214  798.35214  1.72%   605 12627s
  6599  5807  799.35214   94  389  812.35214  798.35214  1.72%   605 12653s
  6600  5808  799.35214  103  686  812.35214  798.35214  1.72%   605 12663s
  6601  5808  800.35214  134  639  812.35214  798.35214  1.72%   605 12671s
  6602  5809  799.35214   81  706  812.35214  798.35214  1.72%   605 12677s
  6603  5810  801.35214   56  687  812.35214  798.35214  1.72%   604 12684s
  6604  5810  801.35214  125  716  812.35214  798.35214  1.72%   604 12773s
  6605  5811  800.35214   27  757  812.35214  798.35214  1.72%   604 12827s
  6606  5812  798.35214  105  719  812.35214  798.35214  1.72%   604 12882s
  6607  5812  811.35214  331  717  812.35214  798.35214  1.72%   604 12905s
  6608  5813  798.35214   86  717  812.35214  798.35214  1.72%   604 12993s
  6609  5817  798.35214   12  705  812.35214  798.35214  1.72%   607 13183s
  6611  5820  798.35214   13  693  812.35214  798.35214  1.72%   607 13415s
  6615  5819 infeasible   14       812.35214  798.35214  1.72%   608 13624s
  6623  5816  798.35214   15  749  812.35214  798.35214  1.72%   608 13681s
  6631  5821  798.35214   16  750  812.35214  798.35214  1.72%   610 13697s
  6639  5821  798.35214   17  732  812.35214  798.35214  1.72%   610 13722s
  6655  5823 infeasible   18       812.35214  798.35214  1.72%   612 13808s
H 6666  5529                     811.3521441  798.35214  1.60%   614 13808s
  6673  5532  798.35214   19  707  811.35214  798.35214  1.60%   615 13874s
  6699  5524 infeasible   20       811.35214  798.35214  1.60%   621 14211s
  6731  5513  798.35214   21  720  811.35214  798.35214  1.60%   630 14320s
  6763  5534  798.35214   22  750  811.35214  798.35214  1.60%   634 14387s
  6795  5586  798.35214   23  747  811.35214  798.35214  1.60%   634 14433s
  6859  5596  798.35214   25  752  811.35214  798.35214  1.60%   633 14546s
H 6876  5314                     810.3521441  798.35214  1.48%   632 14546s
  6893  5355  798.35214   26  738  810.35214  798.35214  1.48%   632 14592s
  6948  5368  798.35214   28  709  810.35214  798.35214  1.48%   635 14716s
  6991  5394  798.35214   29  658  810.35214  798.35214  1.48%   636 14771s
  7042  5448  798.35214   31  572  810.35214  798.35214  1.48%   640 14835s
  7121  5531  798.35214   34  598  810.35214  798.35214  1.48%   639 14911s
  7240  5568  799.40698   38  554  810.35214  798.35214  1.48%   635 14956s
  7329  5648  800.41965   42  597  810.35214  798.35214  1.48%   636 15062s
  7446  5680  801.40094   44  563  810.35214  798.35214  1.48%   633 15141s
  7561  5737  802.37414   50  513  810.35214  798.35214  1.48%   633 15164s
  7685  5772  802.40903   56  505  810.35214  798.35214  1.48%   631 15179s
  7784  5834  804.35998   63  402  810.35214  798.35214  1.48%   634 15194s
  7917  5826  805.35214   64  505  810.35214  798.35214  1.48%   634 15301s
  8009  5855  805.35214   65  499  810.35214  798.35214  1.48%   641 15350s
  8107  5879  805.35214   71  409  810.35214  798.35214  1.48%   654 15394s
  8236  5884  805.35214   81  343  810.35214  798.35214  1.48%   662 15553s
  8349  5942  805.35214   88  343  810.35214  798.35214  1.48%   670 15797s
  8458  5984  805.35214   90  332  810.35214  798.35214  1.48%   672 15959s
  8571  6128  805.35214   95  302  810.35214  798.35214  1.48%   675 16197s
  8770  6247  805.35214  108  357  810.35214  798.35214  1.48%   675 16547s
  8982  6429  805.35214  122  285  810.35214  798.35214  1.48%   674 16613s
  9248  6468  805.35214  137  290  810.35214  798.35214  1.48%   671 16680s
  9419  6589  805.35214  140  279  810.35214  798.35214  1.48%   678 16793s
  9641  6712  806.35214  147  291  810.35214  798.35214  1.48%   678 16892s
  9858  6851  807.35214  151  412  810.35214  798.35214  1.48%   681 17028s
 10108  7081  807.35214  159  332  810.35214  798.35214  1.48%   683 17192s
 10458  7228  807.35214  179  310  810.35214  798.35214  1.48%   676 17290s
 10772  7411  807.35214  198  297  810.35214  798.35214  1.48%   674 17369s
 11099  7396  807.35442  210  399  810.35214  798.35214  1.48%   670 18320s
 11240  7497  808.35214  224  295  810.35214  798.35214  1.48%   668 18376s
 11427  7689  809.35214  229  327  810.35214  798.35214  1.48%   672 18445s
 11749  7801 infeasible  234       810.35214  798.35214  1.48%   668 18532s
 12086  7872 infeasible  233       810.35214  798.35214  1.48%   672 18662s
 12363  7942 infeasible  238       810.35214  798.35214  1.48%   676 19012s
 12682  8002  804.35214   56  332  810.35214  798.35214  1.48%   681 19107s
 12935  8154  806.35214   67  577  810.35214  798.35214  1.48%   689 19188s
 13255  8202  806.35214   96  390  810.35214  798.35214  1.48%   693 19422s
 13498  8173  806.35932  110  565  810.35214  798.35214  1.48%   704 19568s
 13604  8410 infeasible  113       810.35214  798.35214  1.48%   711 19710s
 13934  8565     cutoff  122       810.35214  798.35214  1.48%   719 20058s
 14259  8664  postponed  121       810.35214  798.35214  1.48%   729 20292s
 14589  8713  809.35214  119  494  810.35214  798.35214  1.48%   738 21268s
 14897  8690     cutoff  121       810.35214  798.35214  1.48%   745 21430s
 15045  8783  798.35214   28  698  810.35214  798.35214  1.48%   753 21582s
 15319  8941  798.35214   29  606  810.35214  798.35214  1.48%   761 21780s
 15713  9169  798.36130   31  579  810.35214  798.35214  1.48%   766 22074s
 16176  9377  800.36615   37  566  810.35214  798.35214  1.48%   769 22692s
 16623  9639  801.35214   39  519  810.35214  798.35214  1.48%   771 23046s
 17201  9887 infeasible   44       810.35214  798.35214  1.48%   771 23428s
 17777  9975  803.35214   46  464  810.35214  798.35214  1.48%   774 23590s
 18164 10200  804.35214   48  512  810.35214  798.35214  1.48%   775 24025s
 18668 10299 infeasible   53       810.35214  798.35214  1.48%   777 24541s
 19160 10415  807.35599   60  456  810.35214  798.35214  1.48%   782 25247s
 19598 10481  807.35214   69  290  810.35214  798.35214  1.48%   794 25845s
 19909 10642  808.35214   73  267  810.35214  798.35214  1.48%   807 26544s
 20332 10868  809.35214   87  352  810.35214  798.35214  1.48%   819 27523s
 20843 11193  809.35214   96  319  810.35214  798.35214  1.48%   828 28449s
 21428 11450  809.35214  110  344  810.35214  798.35214  1.48%   836 28890s
 22073 11524  809.35214  118  385  810.35214  798.35214  1.48%   841 29642s
 22591 11690 infeasible  122       810.35214  798.35214  1.48%   852 30067s
 22992 11850 infeasible  122       810.35214  798.35214  1.48%   863 30548s
 23353 12239 infeasible   34       810.35214  798.35214  1.48%   875 31653s
 23919 12743  801.35963   44  592  810.35214  798.35214  1.48%   889 32446s
 24603 13167  806.35214   63  368  810.35214  798.35214  1.48%   896 33293s
 25264 13438  807.35214   66  378  810.35214  798.35214  1.48%   904 34226s
 25770 13751  798.50682   32  557  810.35214  798.35214  1.48%   915 34846s
 26283 14166  806.57657   55  513  810.35214  798.35214  1.48%   931 35446s
 26880 14569  800.38567   38  534  810.35214  798.35214  1.48%   942 36288s
 27490 14923  805.38678   50  470  810.35214  798.35214  1.48%   955 36921s
 28045 15455 infeasible   56       810.35214  798.35214  1.48%   968 37334s
 28843 16169 infeasible   37       810.35214  798.35214  1.48%   978 37808s
 29795 16978 infeasible   58       810.35214  798.35214  1.48%   987 38683s
 30826 17824  801.35761   43  457  810.35214  798.35214  1.48%   990 39816s
 31974 18382  807.35214  164  262  810.35214  798.35214  1.48%   995 41391s
 32774 18964  808.35543  223  318  810.35214  798.35214  1.48%  1002 43538s
 33638 20089  800.94882   34  578  810.35214  798.35214  1.48%  1010 44621s
 35209 21274  804.35318   57  576  810.35214  798.35214  1.48%  1016 45708s
 36512 22292  805.35214  104  303  810.35214  798.35214  1.48%  1039 47205s
 37806 23560 infeasible  123       810.35214  798.35214  1.48%  1052 49382s
 39332 23560  805.35793  106  480  810.35214  798.35214  1.48%  1054 49385s
 39423 25408  801.37238   40  523  810.35214  798.35214  1.48%  1055 51047s
 41903 26465  799.52215   35  539  810.35214  798.35214  1.48%  1050 53172s
 43618 27107 infeasible   52       810.35214  798.35214  1.48%  1055 55197s
 44945 27878 infeasible   37       810.35214  798.35214  1.48%  1067 56569s
 46380 28620  803.36641   47  589  810.35214  798.35214  1.48%  1078 57985s
 47793 29760  802.35546   42  527  810.35214  798.35214  1.48%  1090 59553s
 49598 30545  808.35214  167  317  810.35214  798.35214  1.48%  1093 61143s
 50948 31736  803.35214   45  408  810.35214  798.35214  1.48%  1103 63215s
 52706 32853 infeasible   80       810.35214  798.35214  1.48%  1118 65295s
 54434 33836 infeasible  103       810.35214  798.35214  1.48%  1129 67799s
 56033 35230  805.38901   56  575  810.35214  798.35214  1.48%  1140 70701s
 57997 39619  804.35214   56  298  810.35214  798.35534  1.48%  1149 74348s
 63209 39619     cutoff   72       810.35214  798.35690  1.48%  1112 74352s
 63302 41882  807.35214   87  556  810.35214  798.35771  1.48%  1113 77715s
 66449 42231  802.35214   50  444  810.35214  798.35861  1.48%  1095 78954s
 67012 43087  805.35414   60  501  810.35214  798.35863  1.48%  1100 81856s
 68515 44521  799.36349   35  608  810.35214  798.35947  1.48%  1114 84910s
 70435 47392  804.51276   55  539  810.35214  798.36073  1.48%  1124 87324s
 71612 47392  809.35214  109  385  810.35214  798.36157  1.48%  1124 87325s
 74125 48752  801.37106   37  650  810.35214  798.36159  1.48%  1117 90235s
 76292 50020     cutoff   64       810.35214  798.36266  1.48%  1125 93477s
 78538 51916  801.45792   41  569  810.35214  798.36430  1.48%  1132 95611s
 81222 54844  802.35492   39  449  810.35214  798.36565  1.48%  1143 98576s
 85220 57087  806.35214   82  442  810.35214  798.36693  1.48%  1146 101777s
 88354 58247  803.35214   45  356  810.35214  798.36818  1.48%  1155 105767s
 89998 63038  805.35214  136  347  810.35214  798.36828  1.48%  1165 117391s
 93703 63038  808.35214   89  447  810.35214  798.37131  1.48%  1178 117396s
 98081 65008  804.35896   85  534  810.35214  798.37450  1.48%  1192 123729s
 98416 65008 infeasible   56       810.35214  798.37696  1.48%  1193 123730s
 101581 67354  807.43441   54  471  810.35214  798.37836  1.48%  1206 129045s
 105737 68836  803.41343   44  590  810.35214  798.39149  1.48%  1212 131055s

Cutting planes:
  Learned: 15
  Gomory: 56
  Cover: 537
  Implied bound: 193
  Projected implied bound: 34
  Clique: 17
  MIR: 1112
  Flow cover: 3399
  GUB cover: 9
  Inf proof: 6
  Zero half: 12
  RLT: 1712
  Relax-and-lift: 252

Explored 108124 nodes (131296026 simplex iterations) in 131058.47 seconds
Thread count was 32 (of 32 available processors)

Solution count 10: 810.352 811.352 812.352 ... 825.352

Solve interrupted
Best objective 8.103521441469e+02, best bound 7.993521441463e+02, gap 1.3574%

Gurobi 9.1.0 (linux64) logging started Wed Aug  4 11:50:51 2021

Changed value of parameter LogFile to eab_parasitoid_0_0_area.log
   Prev:   Default: 
Changed value of parameter MIPGap to 0.01
   Prev: 0.0001  Min: 0.0  Max: inf  Default: 0.0001
Changed value of parameter Method to 2
   Prev: -1  Min: -1  Max: 5  Default: -1
Changed value of parameter MIPFocus to 2
   Prev: 0  Min: 0  Max: 3  Default: 0
Changed value of parameter RINS to 100
   Prev: -1  Min: -1  Max: 2000000000  Default: -1
Gurobi Optimizer version 9.1.0 build v9.1.0rc0 (linux64)
Thread count: 32 physical cores, 32 logical processors, using up to 32 threads
Optimize a model with 203386 rows, 134930 columns and 685029 nonzeros
Model fingerprint: 0x45dda559
Variable types: 55774 continuous, 79156 integer (79156 binary)
Coefficient statistics:
  Matrix range     [2e-04, 1e+06]
  Objective range  [1e+00, 1e+00]
  Bounds range     [1e+00, 6e+03]
  RHS range        [1e-04, 1e+06]
Presolve removed 192529 rows and 126318 columns (presolve time = 5s) ...
Presolve removed 196636 rows and 129487 columns (presolve time = 10s) ...
Presolve removed 197834 rows and 130155 columns
Presolve time: 13.38s
Presolved: 5552 rows, 4775 columns, 77676 nonzeros
Variable types: 1823 continuous, 2952 integer (2952 binary)
Presolve removed 22 rows and 15 columns
Presolved: 5530 rows, 4760 columns, 77117 nonzeros

Root barrier log...

Ordering time: 0.32s

Barrier statistics:
 Dense cols : 74
 AA' NZ     : 2.877e+05
 Factor NZ  : 1.152e+06 (roughly 14 MBytes of memory)
 Factor Ops : 7.399e+08 (less than 1 second per iteration)
 Threads    : 31

                  Objective                Residual
Iter       Primal          Dual         Primal    Dual     Compl     Time
   0   2.16691218e+04 -5.25024841e+04  1.29e+04 7.37e-01  3.07e+02    15s
   1   1.52829664e+04 -6.23622656e+04  8.70e+03 2.16e+00  2.01e+02    15s
   2   1.67922871e+03 -6.36334463e+04  3.89e+02 4.38e-12  1.32e+01    15s
   3   1.02072699e+03 -2.28383808e+04  4.83e+01 1.19e-13  2.21e+00    15s
   4   9.18515033e+02 -2.28502189e+03  2.43e-02 7.82e-14  2.16e-01    15s
   5   8.50444601e+02 -1.24568514e+02  3.29e-04 4.66e-15  6.56e-02    15s
   6   8.04992120e+02  4.69573760e+02  1.34e-04 5.33e-15  2.26e-02    15s
   7   7.92755865e+02  6.52142778e+02  6.10e-05 2.44e-15  9.46e-03    15s
   8   7.86690844e+02  6.94384577e+02  2.07e-05 2.66e-15  6.21e-03    15s
   9   7.85233304e+02  7.52788759e+02  1.23e-05 2.66e-15  2.18e-03    16s
  10   7.84271081e+02  7.68124861e+02  6.43e-06 1.78e-15  1.09e-03    16s
  11   7.83574698e+02  7.78555642e+02  3.07e-06 2.66e-15  3.37e-04    16s
  12   7.83379541e+02  7.81314225e+02  2.07e-06 8.88e-16  1.39e-04    16s
  13   7.83104693e+02  7.82484388e+02  5.49e-07 1.78e-15  4.17e-05    16s
  14   7.83037811e+02  7.82810011e+02  1.99e-07 1.33e-15  1.53e-05    16s
  15   7.83018783e+02  7.82926537e+02  1.09e-07 8.88e-16  6.20e-06    16s
  16   7.83000154e+02  7.82990256e+02  1.93e-11 2.66e-15  6.66e-07    16s
  17   7.83000011e+02  7.82999990e+02  4.20e-11 2.66e-15  1.42e-09    16s
  18   7.83000000e+02  7.83000000e+02  3.80e-11 2.66e-15  1.43e-14    16s

Barrier solved model in 18 iterations and 16.15 seconds
Optimal objective 7.83000000e+02


Root crossover log...

      76 DPushes remaining with DInf 0.0000000e+00                16s
       0 DPushes remaining with DInf 0.0000000e+00                16s

    4312 PPushes remaining with PInf 0.0000000e+00                16s
       0 PPushes remaining with PInf 0.0000000e+00                16s

  Push phase complete: Pinf 0.0000000e+00, Dinf 0.0000000e+00     16s


Root simplex log...

Iteration    Objective       Primal Inf.    Dual Inf.      Time
    4317    7.8300000e+02   0.000000e+00   0.000000e+00     16s
    4317    7.8300000e+02   0.000000e+00   0.000000e+00     16s

Root relaxation: objective 7.830000e+02, 4317 iterations, 2.34 seconds

    Nodes    |    Current Node    |     Objective Bounds      |     Work
 Expl Unexpl |  Obj  Depth IntInf | Incumbent    BestBd   Gap | It/Node Time

     0     0  783.00000    0  122          -  783.00000      -     -   17s
     0     0  783.02824    0  466          -  783.02824      -     -   21s
     0     0  783.02824    0  463          -  783.02824      -     -   21s
     0     0  783.12202    0  626          -  783.12202      -     -   25s
     0     0  783.14521    0  634          -  783.14521      -     -   25s
     0     0  783.14726    0  652          -  783.14726      -     -   26s
     0     0  783.14746    0  655          -  783.14746      -     -   26s
     0     0  783.14746    0  657          -  783.14746      -     -   26s
     0     0  784.00000    0  586          -  784.00000      -     -   28s
     0     0  784.10679    0  622          -  784.10679      -     -   29s
     0     0  784.10679    0  649          -  784.10679      -     -   29s
     0     0  785.01396    0  648          -  785.01396      -     -   29s
     0     0  785.01396    0  652          -  785.01396      -     -   30s
     0     0  785.01396    0  659          -  785.01396      -     -   30s
     0     0  786.00417    0  681          -  786.00417      -     -   31s
     0     0  787.00000    0  717          -  787.00000      -     -   32s
     0     0  787.00000    0  730          -  787.00000      -     -   32s
     0     0  787.00000    0  738          -  787.00000      -     -   32s
     0     0  787.00000    0  740          -  787.00000      -     -   32s
     0     0  787.00000    0  751          -  787.00000      -     -   32s
     0     0  787.00000    0  739          -  787.00000      -     -   34s
     0     0  787.00000    0  758          -  787.00000      -     -   35s
     0     0  787.00000    0  771          -  787.00000      -     -   35s
     0     0  787.00000    0  778          -  787.00000      -     -   35s
H    0     0                     867.0000000  787.00000  9.23%     -   39s
     0     0  787.00000    0  733  867.00000  787.00000  9.23%     -   39s
     0     0  787.00000    0  766  867.00000  787.00000  9.23%     -   40s
     0     0  787.00000    0  767  867.00000  787.00000  9.23%     -   40s
     0     0  787.00000    0  772  867.00000  787.00000  9.23%     -   41s
     0     0  787.00000    0  771  867.00000  787.00000  9.23%     -   41s
     0     0  787.00000    0  732  867.00000  787.00000  9.23%     -   46s
     0     0  787.00000    0  703  867.00000  787.00000  9.23%     -   47s
     0     0  787.00000    0  703  867.00000  787.00000  9.23%     -   48s
     0     0  787.00000    0  702  867.00000  787.00000  9.23%     -   48s
     0     0  787.00000    0  708  867.00000  787.00000  9.23%     -   49s
     0     0  787.00000    0  721  867.00000  787.00000  9.23%     -   51s
     0     0  787.00000    0  728  867.00000  787.00000  9.23%     -   52s
     0     0  787.00000    0  736  867.00000  787.00000  9.23%     -   52s
     0     0  787.00000    0  737  867.00000  787.00000  9.23%     -   52s
     0     0  787.00000    0  710  867.00000  787.00000  9.23%     -   54s
     0     0  787.00000    0  679  867.00000  787.00000  9.23%     -   56s
H    0     0                     838.0000000  787.00000  6.09%     -   58s
H    0     0                     830.0000000  787.00000  5.18%     -  415s
     0     2  787.00000    0  677  830.00000  787.00000  5.18%     -  418s
     1     2 infeasible    1       830.00000  787.00000  5.18%  1766  422s
     3     2  787.00000    2  686  830.00000  787.00000  5.18%   896  429s
     5     2 infeasible    3       830.00000  787.00000  5.18%  1715  434s
     7     2  787.64922    4  703  830.00000  787.00000  5.18%  1485  489s
     9     2 infeasible    5       830.00000  787.65082  5.10%  2490  501s
    11     2  789.45427    6  707  830.00000  788.54280  4.99%  2295  532s
    15     2  791.25381    8  723  830.00000  790.37728  4.77%  2465  537s
    19     2  793.12374   10  732  830.00000  792.17483  4.56%  2167  543s
    21     2 infeasible   11       830.00000  793.12374  4.44%  2173  559s
    23     2  795.03628   12  712  830.00000  794.07004  4.33%  2130  563s
    25     2 infeasible   13       830.00000  795.03628  4.21%  2080  571s
    27     2  797.00574   14  476  830.00000  796.02040  4.09%  2094  649s
    29     4  797.01088   15  439  830.00000  797.00574  3.98%  2181  656s
    31     8  797.13440   16  509  830.00000  797.01088  3.97%  2167  661s
    35    16  797.92559   17  531  830.00000  797.16027  3.96%  2106  668s
    43    24 infeasible   18       830.00000  797.92559  3.86%  2002  697s
    59    48  798.00000   19  363  830.00000  798.00000  3.86%  2113  708s
H   63    48                     829.0000000  798.00000  3.74%  2081  708s
    83    78  800.00000   20  339  829.00000  798.00000  3.74%  2019  736s
   115   102  800.00000   21  322  829.00000  798.00000  3.74%  2420  858s
   147   134  800.00000   22  317  829.00000  798.00000  3.74%  2401  885s
H  179   167                     827.0000000  798.00000  3.51%  2063  895s
H  180   167                     825.0000000  798.00000  3.27%  2051  895s
H  182   167                     823.0000000  798.00000  3.04%  2030  895s
H  193   167                     822.0000000  798.00000  2.92%  1932  895s
H  201   167                     821.0000000  798.00000  2.80%  1867  895s
   212   219  800.00000   24  313  821.00000  798.00000  2.80%  1785  912s
   265   272  800.00000   26  305  821.00000  798.00000  2.80%  1538  948s
   318   330  800.00000   28  309  821.00000  798.00000  2.80%  1343  960s
   376   478  800.00000   29  305  821.00000  798.00000  2.80%  1169  983s
   524   680  800.00000   34  341  821.00000  798.00000  2.80%   925 1005s
   732   964  801.00000   49  391  821.00000  798.00000  2.80%   785 1099s
  1029  1321  802.00000   54  320  821.00000  798.00000  2.80%   678 1212s
  1420  1695  802.00000   80  305  821.00000  798.00000  2.80%   607 1461s
  1825  1718  802.00000  103  312  821.00000  798.00000  2.80%   598 1695s
H 1830  1718                     818.0000000  798.00000  2.44%   600 1695s
H 1840  1718                     817.0000000  798.00000  2.33%   608 1695s

Gurobi 9.1.0 (linux64) logging started Wed Aug  4 12:22:41 2021

Changed value of parameter LogFile to eab_parasitoid_0_0_area.log
   Prev:   Default: 
Changed value of parameter MIPGap to 0.01
   Prev: 0.0001  Min: 0.0  Max: inf  Default: 0.0001
Changed value of parameter Method to 2
   Prev: -1  Min: -1  Max: 5  Default: -1
Changed value of parameter MIPFocus to 2
   Prev: 0  Min: 0  Max: 3  Default: 0
Changed value of parameter RINS to 100
   Prev: -1  Min: -1  Max: 2000000000  Default: -1
Gurobi Optimizer version 9.1.0 build v9.1.0rc0 (linux64)
Thread count: 32 physical cores, 32 logical processors, using up to 32 threads
Optimize a model with 203386 rows, 134930 columns and 685029 nonzeros
Model fingerprint: 0x4f8aa07d
Variable types: 55774 continuous, 79156 integer (79156 binary)
Coefficient statistics:
  Matrix range     [2e-04, 1e+06]
  Objective range  [1e+00, 1e+00]
  Bounds range     [1e+00, 6e+03]
  RHS range        [1e-04, 1e+06]
Presolve removed 178487 rows and 113748 columns (presolve time = 6s) ...
Presolve removed 188001 rows and 122886 columns (presolve time = 10s) ...
Presolve removed 193975 rows and 127457 columns (presolve time = 15s) ...
Presolve removed 196614 rows and 129366 columns (presolve time = 20s) ...
Presolve removed 197799 rows and 130134 columns (presolve time = 25s) ...
Presolve removed 197834 rows and 130155 columns
Presolve time: 26.86s
Presolved: 5552 rows, 4775 columns, 77676 nonzeros
Variable types: 1823 continuous, 2952 integer (2952 binary)
Presolve removed 22 rows and 15 columns
Presolved: 5530 rows, 4760 columns, 77117 nonzeros

Root barrier log...

Ordering time: 0.49s

Barrier statistics:
 Dense cols : 74
 AA' NZ     : 2.877e+05
 Factor NZ  : 1.152e+06 (roughly 14 MBytes of memory)
 Factor Ops : 7.399e+08 (less than 1 second per iteration)
 Threads    : 31

                  Objective                Residual
Iter       Primal          Dual         Primal    Dual     Compl     Time
   0   2.20578489e+04 -5.21137570e+04  1.29e+04 7.37e-01  3.07e+02    29s
   1   1.56716935e+04 -6.19735385e+04  8.70e+03 2.16e+00  2.01e+02    29s
   2   2.06795582e+03 -6.32447192e+04  3.89e+02 4.38e-12  1.32e+01    29s
   3   1.40945411e+03 -2.24496537e+04  4.83e+01 1.19e-13  2.21e+00    29s
   4   1.30724215e+03 -1.89629477e+03  2.43e-02 7.82e-14  2.16e-01    29s
   5   1.23917172e+03  2.64158601e+02  3.29e-04 4.66e-15  6.56e-02    29s
   6   1.19371924e+03  8.58300875e+02  1.34e-04 5.33e-15  2.26e-02    30s
   7   1.18148298e+03  1.04086989e+03  6.10e-05 2.44e-15  9.46e-03    30s
   8   1.17541796e+03  1.08311169e+03  2.07e-05 2.66e-15  6.21e-03    30s
   9   1.17396042e+03  1.14151588e+03  1.23e-05 2.66e-15  2.18e-03    30s
  10   1.17299820e+03  1.15685198e+03  6.43e-06 1.78e-15  1.09e-03    30s
  11   1.17230181e+03  1.16728276e+03  3.07e-06 2.66e-15  3.37e-04    30s
  12   1.17210666e+03  1.17004134e+03  2.07e-06 8.88e-16  1.39e-04    30s
  13   1.17183181e+03  1.17121150e+03  5.49e-07 1.78e-15  4.17e-05    30s
  14   1.17176493e+03  1.17153713e+03  1.99e-07 1.33e-15  1.53e-05    30s
  15   1.17174590e+03  1.17165365e+03  1.09e-07 8.88e-16  6.20e-06    30s
  16   1.17172727e+03  1.17171737e+03  1.93e-11 2.66e-15  6.66e-07    31s
  17   1.17172713e+03  1.17172711e+03  4.20e-11 2.66e-15  1.42e-09    31s
  18   1.17172712e+03  1.17172712e+03  3.80e-11 2.66e-15  1.43e-14    31s

Barrier solved model in 18 iterations and 30.79 seconds
Optimal objective 1.17172712e+03


Root crossover log...

      76 DPushes remaining with DInf 0.0000000e+00                31s
       0 DPushes remaining with DInf 0.0000000e+00                31s

    4312 PPushes remaining with PInf 0.0000000e+00                31s
       0 PPushes remaining with PInf 0.0000000e+00                31s

  Push phase complete: Pinf 0.0000000e+00, Dinf 0.0000000e+00     31s


Root simplex log...

Iteration    Objective       Primal Inf.    Dual Inf.      Time
    4317    1.1717271e+03   0.000000e+00   0.000000e+00     31s
    4317    1.1717271e+03   0.000000e+00   0.000000e+00     31s

Root relaxation: objective 1.171727e+03, 4317 iterations, 3.73 seconds

    Nodes    |    Current Node    |     Objective Bounds      |     Work
 Expl Unexpl |  Obj  Depth IntInf | Incumbent    BestBd   Gap | It/Node Time

     0     0 1171.72712    0  122          - 1171.72712      -     -   33s
     0     0 1171.75536    0  466          - 1171.75536      -     -   36s
     0     0 1171.75536    0  463          - 1171.75536      -     -   36s
     0     0 1171.84914    0  626          - 1171.84914      -     -   40s
     0     0 1171.87233    0  634          - 1171.87233      -     -   41s
     0     0 1171.87437    0  652          - 1171.87437      -     -   41s
     0     0 1171.87457    0  655          - 1171.87457      -     -   42s
     0     0 1172.72711    0  632          - 1172.72711      -     -   45s
     0     0 1172.83390    0  621          - 1172.83390      -     -   46s
     0     0 1172.83390    0  621          - 1172.83390      -     -   46s
     0     0 1173.74108    0  634          - 1173.74108      -     -   46s
     0     0 1173.74108    0  638          - 1173.74108      -     -   47s
     0     0 1174.73128    0  690          - 1174.73128      -     -   50s
     0     0 1175.72711    0  728          - 1175.72711      -     -   52s
     0     0 1175.72711    0  749          - 1175.72711      -     -   52s
     0     0 1175.72711    0  740          - 1175.72711      -     -   52s
     0     0 1175.72712    0  732          - 1175.72712      -     -   56s
     0     0 1175.72712    0  758          - 1175.72712      -     -   57s
     0     0 1175.72712    0  764          - 1175.72712      -     -   58s
     0     0 1175.72712    0  770          - 1175.72712      -     -   58s
H    0     0                    1255.7271156 1175.72712  6.37%     -   62s
     0     0 1175.72712    0  770 1255.72712 1175.72712  6.37%     -   64s
     0     0 1175.72712    0  743 1255.72712 1175.72712  6.37%     -   66s
     0     0 1175.72712    0  752 1255.72712 1175.72712  6.37%     -   67s
     0     0 1175.72712    0  760 1255.72712 1175.72712  6.37%     -   67s
     0     0 1175.72712    0  758 1255.72712 1175.72712  6.37%     -   67s
     0     0 1175.72712    0  686 1255.72712 1175.72712  6.37%     -   74s
     0     0 1175.72712    0  700 1255.72712 1175.72712  6.37%     -   75s
     0     0 1175.72712    0  692 1255.72712 1175.72712  6.37%     -   77s
     0     0 1175.72712    0  704 1255.72712 1175.72712  6.37%     -   78s
     0     0 1175.72712    0  709 1255.72712 1175.72712  6.37%     -   78s
     0     0 1175.72712    0  704 1255.72712 1175.72712  6.37%     -   79s
     0     0 1175.72712    0  704 1255.72712 1175.72712  6.37%     -   84s
     0     0 1175.72712    0  720 1255.72712 1175.72712  6.37%     -   85s
     0     0 1175.72712    0  716 1255.72712 1175.72712  6.37%     -   85s
     0     0 1175.72712    0  718 1255.72712 1175.72712  6.37%     -   85s
     0     0 1175.72712    0  725 1255.72712 1175.72712  6.37%     -   91s
     0     0 1175.72712    0  691 1255.72712 1175.72712  6.37%     -   97s
H    0     0                    1231.7271156 1175.72712  4.55%     -   99s
H    0     0                    1222.7271156 1175.72712  3.84%     -  922s
     0     2 1175.72712    0  691 1222.72712 1175.72712  3.84%     -  924s
     1     2 infeasible    1      1222.72712 1175.72712  3.84%  3232  932s
     3     2 1175.72712    2  702 1222.72712 1175.72712  3.84%  1296  953s
     5     2 infeasible    3      1222.72712 1175.72712  3.84%  2360 1019s
     7     2 1176.49488    4  729 1222.72712 1175.72712  3.84%  2303 1025s
     9     2 infeasible    5      1222.72712 1176.49488  3.78%  2136 1071s
H   10     2                    1221.7271156 1176.49488  3.70%  1922 1071s
    11     2 1178.11558    6  711 1221.72712 1177.21308  3.64%  2004 1082s
    13     2 infeasible    7      1221.72712 1178.11558  3.57%  1849 1097s
    15     2 1179.98254    8  744 1221.72712 1179.07712  3.49%  1779 1109s
    17     2 infeasible    9      1221.72712 1179.98254  3.42%  1684 1123s
    19     2 1181.85289   10  729 1221.72712 1180.90490  3.34%  1633 1160s
    21     2 infeasible   11      1221.72712 1181.85289  3.26%  2488 1263s
    23     2 1183.76449   12  713 1221.72712 1182.79620  3.19%  2463 1281s
    25     2 infeasible   13      1221.72712 1183.76449  3.11%  2500 1286s
    27     4 1185.73338   14  459 1221.72712 1184.74812  3.03%  2516 1291s
    29     4 1185.73812   15  472 1221.72712 1185.04675  3.00%  2507 1411s
    33     8 1185.86949   16  525 1221.72712 1185.73812  2.95%  2664 1417s
    37    16 1186.43710   17  531 1221.72712 1185.88807  2.93%  2584 1429s
    45    28 infeasible   18      1221.72712 1186.43710  2.89%  2631 1442s
    61    50 1186.72712   19  330 1221.72712 1186.72712  2.86%  2434 1482s
    89    82 1186.72712   20  360 1221.72712 1186.72712  2.86%  2580 1515s
   121   112 1186.72712   21  335 1221.72712 1186.72712  2.86%  2452 1544s
   153   142 1186.72712   22  354 1221.72712 1186.72712  2.86%  2618 1769s
H  185   174                    1212.7271156 1186.72712  2.14%  2374 1846s
H  186   174                    1210.7271156 1186.72712  1.98%  2372 1846s
H  189   174                    1208.7271156 1186.72712  1.82%  2351 1846s
H  192   174                    1206.7271156 1186.72712  1.66%  2329 1846s
   217   219 1186.72712   24  341 1206.72712 1186.72712  1.66%  2183 1857s
   264   240 1186.72712   26  295 1206.72712 1186.72712  1.66%  1918 1884s
H  278   240                    1205.7271156 1186.72712  1.58%  1836 1884s
   297   280 1186.72712   27  282 1205.72712 1186.72712  1.58%  1762 1939s
   349   420 1186.72712   29  293 1205.72712 1186.72712  1.58%  1595 2039s
   501   555 1186.72712   37  268 1205.72712 1186.72712  1.58%  1315 2181s
   640  1025 1186.72712   42  314 1205.72712 1186.72712  1.58%  1175 2366s
  1134  1060 1189.72712   63  301 1205.72712 1186.72712  1.58%   874 2371s

Cutting planes:
  Learned: 13
  Gomory: 31
  Cover: 92
  Implied bound: 283
  Projected implied bound: 24
  Clique: 18
  MIR: 1736
  StrongCG: 4
  Flow cover: 4249
  GUB cover: 14
  Zero half: 14
  RLT: 2503
  Relax-and-lift: 58

Explored 1169 nodes (1020426 simplex iterations) in 2371.72 seconds
Thread count was 32 (of 32 available processors)

Solution count 9: 1205.73 1206.73 1208.73 ... 1255.73

Solve interrupted
Best objective 1.205727115591e+03, best bound 1.186727115590e+03, gap 1.5758%

Gurobi 9.1.0 (linux64) logging started Wed Aug  4 13:03:05 2021

Changed value of parameter LogFile to eab_parasitoid_0_0_area.log
   Prev:   Default: 
Changed value of parameter MIPGap to 0.01
   Prev: 0.0001  Min: 0.0  Max: inf  Default: 0.0001
Changed value of parameter Method to 2
   Prev: -1  Min: -1  Max: 5  Default: -1
Changed value of parameter MIPFocus to 2
   Prev: 0  Min: 0  Max: 3  Default: 0
Changed value of parameter RINS to 100
   Prev: -1  Min: -1  Max: 2000000000  Default: -1
Gurobi Optimizer version 9.1.0 build v9.1.0rc0 (linux64)
Thread count: 32 physical cores, 32 logical processors, using up to 32 threads
Optimize a model with 203386 rows, 134930 columns and 685029 nonzeros
Model fingerprint: 0xe5a8b39b
Variable types: 55774 continuous, 79156 integer (79156 binary)
Coefficient statistics:
  Matrix range     [2e-04, 1e+06]
  Objective range  [1e+00, 1e+00]
  Bounds range     [1e+00, 6e+03]
  RHS range        [1e-04, 1e+06]
Presolve removed 185924 rows and 120990 columns (presolve time = 5s) ...
Presolve removed 196187 rows and 128997 columns (presolve time = 10s) ...
Presolve removed 197847 rows and 130153 columns
Presolve time: 14.65s
Presolved: 5539 rows, 4777 columns, 77192 nonzeros
Variable types: 1820 continuous, 2957 integer (2957 binary)
Presolve removed 8 rows and 4 columns
Presolved: 5531 rows, 4773 columns, 77167 nonzeros

Root barrier log...

Ordering time: 0.35s

Barrier statistics:
 Dense cols : 74
 AA' NZ     : 2.879e+05
 Factor NZ  : 1.170e+06 (roughly 14 MBytes of memory)
 Factor Ops : 7.362e+08 (less than 1 second per iteration)
 Threads    : 31

                  Objective                Residual
Iter       Primal          Dual         Primal    Dual     Compl     Time
   0   2.17821598e+04 -5.37358018e+04  1.32e+04 7.39e-01  3.07e+02    16s
   1   1.53568254e+04 -6.33745687e+04  8.89e+03 2.18e+00  2.01e+02    16s
   2   1.68792375e+03 -6.43931000e+04  3.97e+02 9.66e-12  1.32e+01    16s
   3   1.02657438e+03 -2.25922721e+04  4.90e+01 2.56e-13  2.17e+00    16s
   4   9.25389008e+02 -2.24879819e+03  2.86e-03 3.35e-14  2.14e-01    16s
   5   8.56257956e+02 -9.46392095e+01  2.90e-04 6.66e-15  6.38e-02    17s
   6   8.09967531e+02  4.80585133e+02  1.18e-04 2.21e-15  2.21e-02    17s
   7   7.97294437e+02  6.58118875e+02  5.30e-05 1.78e-15  9.34e-03    17s
   8   7.91238020e+02  6.97830653e+02  1.85e-05 1.78e-15  6.27e-03    17s
   9   7.89735692e+02  7.54420648e+02  1.09e-05 1.78e-15  2.37e-03    17s
  10   7.88629705e+02  7.75976490e+02  5.82e-06 1.78e-15  8.49e-04    17s
  11   7.87985008e+02  7.84305585e+02  2.80e-06 3.55e-15  2.47e-04    17s
  12   7.87820084e+02  7.86244855e+02  1.94e-06 1.78e-15  1.06e-04    17s
  13   7.87567419e+02  7.87148259e+02  5.52e-07 1.78e-15  2.81e-05    17s
  14   7.87508779e+02  7.87315148e+02  2.52e-07 1.78e-15  1.30e-05    17s
  15   7.87489920e+02  7.87389036e+02  1.61e-07 1.78e-15  6.77e-06    17s
  16   7.87478761e+02  7.87436171e+02  1.04e-07 1.78e-15  2.86e-06    17s
  17   7.87461417e+02  7.87460154e+02  1.93e-11 3.55e-15  8.48e-08    17s
  18   7.87461229e+02  7.87461229e+02  2.13e-12 1.78e-15  3.33e-11    18s
  19   7.87461229e+02  7.87461229e+02  6.61e-12 1.78e-15  4.65e-17    18s

Barrier solved model in 19 iterations and 17.57 seconds
Optimal objective 7.87461229e+02


Root crossover log...

      77 DPushes remaining with DInf 0.0000000e+00                18s
       0 DPushes remaining with DInf 0.0000000e+00                18s

    4314 PPushes remaining with PInf 0.0000000e+00                18s
       0 PPushes remaining with PInf 0.0000000e+00                18s

  Push phase complete: Pinf 0.0000000e+00, Dinf 0.0000000e+00     18s


Root simplex log...

Iteration    Objective       Primal Inf.    Dual Inf.      Time
    4318    7.8746123e+02   0.000000e+00   0.000000e+00     18s
    4318    7.8746123e+02   0.000000e+00   0.000000e+00     18s

Root relaxation: objective 7.874612e+02, 4318 iterations, 2.90 seconds
Total elapsed time = 20.01s

    Nodes    |    Current Node    |     Objective Bounds      |     Work
 Expl Unexpl |  Obj  Depth IntInf | Incumbent    BestBd   Gap | It/Node Time

     0     0  787.46123    0  142          -  787.46123      -     -   20s
     0     0  787.48508    0  454          -  787.48508      -     -   21s
     0     0  787.48510    0  454          -  787.48510      -     -   22s
     0     0  787.59321    0  606          -  787.59321      -     -   23s
     0     0  787.62525    0  630          -  787.62525      -     -   24s
     0     0  787.62874    0  629          -  787.62874      -     -   24s
     0     0  787.62877    0  631          -  787.62877      -     -   24s
     0     0  788.51456    0  734          -  788.51456      -     -   25s
     0     0  789.49158    0  732          -  789.49158      -     -   25s
     0     0  789.49158    0  761          -  789.49158      -     -   26s
     0     0  789.49158    0  762          -  789.49158      -     -   26s
     0     0  789.49158    0  771          -  789.49158      -     -   26s
     0     0  791.48701    0  710          -  791.48701      -     -   27s
     0     0  791.48701    0  747          -  791.48701      -     -   28s
     0     0  791.48701    0  767          -  791.48701      -     -   28s
     0     0  791.48701    0  772          -  791.48701      -     -   28s
     0     0  791.48701    0  770          -  791.48701      -     -   28s
     0     0  791.48701    0  752          -  791.48701      -     -   30s
     0     0  791.48701    0  746          -  791.48701      -     -   30s
     0     0  791.48701    0  752          -  791.48701      -     -   30s
     0     0  791.48701    0  761          -  791.48701      -     -   30s
H    0     0                     871.8988321  791.48701  9.22%     -   33s
     0     0  791.48701    0  714  871.89883  791.48701  9.22%     -   35s
     0     0  791.48701    0  721  871.89883  791.48701  9.22%     -   36s
     0     0  791.48701    0  721  871.89883  791.48701  9.22%     -   36s
     0     0  791.48701    0  722  871.89883  791.48701  9.22%     -   38s
     0     0  791.48701    0  707  871.89883  791.48701  9.22%     -   39s
     0     0  791.48701    0  706  871.89883  791.48701  9.22%     -   40s
     0     0  791.48701    0  708  871.89883  791.48701  9.22%     -   40s
     0     0  791.48701    0  749  871.89883  791.48701  9.22%     -   48s
     0     0  791.48701    0  757  871.89883  791.48701  9.22%     -   50s
     0     0  791.48701    0  768  871.89883  791.48701  9.22%     -   51s
     0     0  791.48701    0  765  871.89883  791.48701  9.22%     -   51s
     0     0  791.48701    0  746  871.89883  791.48701  9.22%     -   54s
     0     0  791.48701    0  753  871.89883  791.48701  9.22%     -   54s
     0     0  791.48701    0  761  871.89883  791.48701  9.22%     -   54s
     0     0  791.48701    0  764  871.89883  791.48701  9.22%     -   56s
     0     0  791.48701    0  733  871.89883  791.48701  9.22%     -   58s
H    0     0                     831.6857853  791.48701  4.83%     -  248s
     0     2  791.48701    0  733  831.68579  791.48701  4.83%     -  250s
     3     2  791.48701    2  741  831.68579  791.48701  4.83%  1008  256s
     5     2 infeasible    3       831.68579  791.48701  4.83%  1626  260s
     7     2  792.12190    4  737  831.68579  791.48701  4.83%  1691  272s
     9     2 infeasible    5       831.68579  792.12599  4.76%  2070  294s
H   10     2                     829.6781478  792.12599  4.53%  1863  294s
    11     2  793.93405    6  690  829.67815  793.02784  4.42%  1895  300s
    13     2 infeasible    7       829.67815  793.93405  4.31%  1684  305s
    17     2 infeasible    9       829.67815  795.77893  4.09%  2865  575s
    21     2 infeasible   11       829.67815  797.65842  3.86%  2568  586s
    23     2  799.57392   12  677  829.67815  798.60356  3.75%  2464  592s
    25     2 infeasible   13       829.67815  799.58068  3.63%  2759  620s
    29     6  801.56180   15  489  829.67815  800.60153  3.50%  2678  662s
    33     8  801.74799   16  523  829.67815  801.54011  3.39%  2652  698s
    39    16  802.57434   17  524  829.67815  801.74799  3.37%  2690  705s
    47    28  802.78586   18  537  829.67815  802.36989  3.29%  2676  793s
    63    50 infeasible   19       829.67815  802.54544  3.27%  2475  973s
    91    82  802.54544   20  484  829.67815  802.54544  3.27%  2630 1054s
   123   112  802.54545   21  530  829.67815  802.54544  3.27%  2508 1076s
H  134   112                     828.6735052  802.54544  3.15%  2536 1076s
H  137   112                     828.6733324  802.54544  3.15%  2539 1076s
   155   138  802.54659   22  556  828.67333  802.54544  3.15%  2475 1143s
   187   170  803.55471   23  541  828.67333  802.54544  3.15%  2190 1156s
H  188   170                     827.6679976  802.54544  3.04%  2178 1156s
H  190   170                     827.6660611  802.54544  3.04%  2163 1156s
H  199   170                     825.6616940  802.54544  2.80%  2101 1156s
   219   222  803.55471   24  539  825.66169  802.54544  2.80%  1958 1461s
   275   274  803.55471   26  531  825.66169  802.54544  2.80%  1685 1530s
   331   350  803.55471   28  505  825.66169  802.54544  2.80%  1463 1659s
   409   617  803.55471   31  408  825.66169  802.54544  2.80%  1255 1898s
   682  1015  803.55471   44  346  825.66169  802.54544  2.80%   887 1958s
  1090  1323  803.55471   54  351  825.66169  802.54544  2.80%   675 2728s
H 1100  1323                     819.6353986  802.54544  2.09%   671 2728s
H 1111  1323                     818.6369345  802.54544  1.97%   665 2728s
H 1148  1323                     817.6371156  802.54544  1.85%   656 2728s
  1408  2516  803.55471   65  337  817.63712  802.54544  1.85%   602 3007s
H 1512  2516                     816.6324730  802.54544  1.73%   593 3007s
H 2474  2516                     816.6317267  802.54544  1.72%   511 3007s
  2695  2541  805.56588  107  339  816.63173  802.54544  1.72%   498 4511s
H 2703  2541                     815.6270840  802.54544  1.60%   501 4511s
  2732  3287  805.56588  108  309  815.62708  802.54544  1.60%   514 4971s
  3624  4471  806.72833  128  395  815.62708  802.54544  1.60%   524 5770s
H 3989  4471                     814.6178464  802.54544  1.48%   523 5770s
  4989  4469  810.59181  230  733  814.61785  802.54544  1.48%   496 5930s
  4991  4470  803.55471   38  137  814.61785  802.54544  1.48%   496 5940s
  4992  4471  803.55471   83  312  814.61785  802.54544  1.48%   496 5954s
  4993  4472  809.59232  260  596  814.61785  802.54544  1.48%   496 5956s
  4994  4472  809.58516  125  714  814.61785  802.54544  1.48%   496 5963s
  4995  4473  803.55471   59  671  814.61785  802.54544  1.48%   495 5967s
  4997  4474  804.55865   50  714  814.61785  802.54544  1.48%   495 5972s
  4998  4475  804.56120   42  726  814.61785  802.54544  1.48%   495 5977s
  4999  4476  804.55919  118  688  814.61785  802.54544  1.48%   495 6043s
  5000  4476  809.58856  233  688  814.61785  802.54544  1.48%   495 6060s
  5001  4477  807.57888  216  688  814.61785  802.54544  1.48%   495 6088s
  5002  4481  802.54544   13  703  814.61785  802.54544  1.48%   498 6141s
  5004  4482  802.54544   14  735  814.61785  802.54544  1.48%   499 6298s
  5008  4481 infeasible   15       814.61785  802.54544  1.48%   500 6535s
  5014  4481  802.54544   16  728  814.61785  802.54544  1.48%   501 6571s
  5020  4487  802.54544   17  744  814.61785  802.54544  1.48%   501 6591s
  5028  4486 infeasible   18       814.61785  802.54544  1.48%   501 6612s
  5044  4497 infeasible   19       814.61785  802.54544  1.48%   504 6636s
  5062  4491 infeasible   20       814.61785  802.54544  1.48%   505 6706s
  5094  4480  802.54544   21  746  814.61785  802.54544  1.48%   515 6763s
  5126  4469 infeasible   22       814.61785  802.54544  1.48%   518 6874s
  5158  4459  802.54544   23  704  814.61785  802.54544  1.48%   524 6943s
  5190  4447 infeasible   24       814.61785  802.54544  1.48%   529 6977s
  5223  4444  802.54544   25  645  814.61785  802.54544  1.48%   534 7000s
  5257  4492  802.54544   26  658  814.61785  802.54544  1.48%   544 7022s
  5318  4502 infeasible   28       814.61785  802.54544  1.48%   547 7117s
H 5325  4275                     814.6138746  802.54544  1.48%   547 7117s
  5351  4318  802.54544   29  665  814.61387  802.54544  1.48%   552 7140s
  5409  4378  802.54544   30  658  814.61387  802.54544  1.48%   554 7167s
  5496  4424  802.54544   33  697  814.61387  802.54544  1.48%   551 7256s
  5595  4498  802.54544   34  704  814.61387  802.54544  1.48%   553 7295s
  5710  4525  802.54544   38  663  814.61387  802.54544  1.48%   550 7326s
  5779  4546  802.61168   40  658  814.61387  802.54544  1.48%   552 7374s
  5853  4619  802.62024   45  634  814.61387  802.54544  1.48%   556 7479s
  5967  4643  802.82383   47  606  814.61387  802.54544  1.48%   555 7576s
  6037  4787  806.66507   52  602  814.61387  802.54544  1.48%   559 7618s
  6212  4820  807.79206   59  603  814.61387  802.54544  1.48%   549 7769s
  6326  4925  808.78384   60  498  814.61387  802.54544  1.48%   550 7974s
  6475  5000  809.58472   65  399  814.61387  802.54544  1.48%   549 8416s
  6617  5068 infeasible   66       814.61387  802.54544  1.48%   556 8550s
  6759  5153  802.54544   28  643  814.61387  802.54544  1.48%   556 8641s
  6917  5244  802.54544   30  528  814.61387  802.54544  1.48%   555 8788s
  7099  5227  802.54566   34  473  814.61387  802.54544  1.48%   556 8884s
  7160  5322 infeasible   36       814.61387  802.54544  1.48%   558 8967s
  7349  5429  802.55046   38  586  814.61387  802.54544  1.48%   558 9060s
  7564  5576  802.57503   40  556  814.61387  802.54544  1.48%   556 9103s
  7836  5698  803.55168   43  513  814.61387  802.54544  1.48%   550 9134s
  8095  5684  805.57003   49  462  814.61387  802.54544  1.48%   551 9196s
  8231  5793  806.57158   55  455  814.61387  802.54544  1.48%   553 9232s
  8477  5917  806.64787   58  575  814.61387  802.54544  1.48%   551 9275s
  8745  5999 infeasible   65       814.61387  802.54544  1.48%   550 9303s
  9002  6203  811.59610   68  474  814.61387  802.54544  1.48%   550 9337s
  9345  6301 infeasible   69       814.61387  802.54544  1.48%   545 9366s
  9583  6489 infeasible   69       814.61387  802.54544  1.48%   546 9431s
H 9663  6160                     813.6079710  802.54544  1.36%   545 9431s
  9910  6179  802.54544   28  651  813.60797  802.54544  1.36%   542 9630s
 10217  6238  802.54544   31  672  813.60797  802.54544  1.36%   544 9764s
 10453  6297  802.54566   32  425  813.60797  802.54544  1.36%   548 9823s
 10681  6425 infeasible   35       813.60797  802.54544  1.36%   556 9869s
H10807  5437                     812.5982546  802.54544  1.24%   560 9869s
 10939  5514  805.58394   40  445  812.59825  802.54544  1.24%   561 9949s
 11211  5673 infeasible   41       812.59825  802.54544  1.24%   563 10148s
 11549  5700 infeasible   40       812.59825  802.54544  1.24%   565 10358s
 11723  5935  802.54544   28  664  812.59825  802.54544  1.24%   569 10434s
 12079  6049  802.54544   30  565  812.59825  802.54544  1.24%   571 10677s
 12368  6178  803.55162   33  408  812.59825  802.54544  1.24%   579 10896s
H12474  5823                     811.5940568  802.54544  1.11%   579 10896s
 12682  5869  803.55386   38  559  811.59406  802.54544  1.11%   589 11048s
 12974  5939  808.04457   45  595  811.59406  802.54544  1.11%   595 11127s
 13256  6045     cutoff   50       811.59406  802.54544  1.11%   607 11289s
 13592  6089  802.54544   29  689  811.59406  802.54544  1.11%   614 11429s
 13848  6227  802.55799   33  474  811.59406  802.54544  1.11%   624 11557s
 14177  6277  805.59645   43  479  811.59406  802.54544  1.11%   632 11716s
 14417  6510 infeasible   50       811.59406  802.54544  1.11%   636 11870s
 14822  6765  802.54544   29  685  811.59406  802.54544  1.11%   643 12148s
 15329  6843  803.55216   34  440  811.59406  802.54544  1.11%   644 12625s
 15727  6992  805.57238   44  584  811.59406  802.54544  1.11%   651 13126s
 16151  7258  810.59480   54  514  811.59406  802.54544  1.11%   661 13398s
 16646  7479 infeasible   56       811.59406  802.54544  1.11%   666 13684s
 16992  7692 infeasible   53       811.59406  802.54544  1.11%   673 14017s
 17384  8061  804.56933   34  489  811.59406  802.54544  1.11%   680 14399s
 17819  8466  805.56275   42  411  811.59406  802.54544  1.11%   693 14583s
 18309  8977  806.56662   56  388  811.59406  802.54544  1.11%   701 15119s
 18908  9101  807.57069   66  475  811.59406  802.54544  1.11%   707 16094s
 19088  9394 infeasible   65       811.59406  802.54544  1.11%   709 17807s
 19531  9858  808.69602   68  687  811.59406  802.54544  1.11%   718 18132s
 20180 10136 infeasible   70       811.59406  802.54544  1.11%   725 18554s
 20639 10744  807.57912   48  347  811.59406  802.54544  1.11%   736 18919s
 21399 11166  809.62047  100  417  811.59406  802.54544  1.11%   739 19059s
 21973 11166  postponed   75       811.59406  802.54544  1.11%   740 19060s
 22009 11435 infeasible  129       811.59406  802.54544  1.11%   741 19325s
 22540 11850  805.56966   39  441  811.59406  802.54544  1.11%   753 19576s
 23134 12158     cutoff   56       811.59406  802.54544  1.11%   763 19951s
 23700 12470 infeasible   59       811.59406  802.54544  1.11%   774 20154s
 24077 12470  805.63166   48  485  811.59406  802.54544  1.11%   782 20155s
 24208 12848  805.56894   42  421  811.59406  802.54544  1.11%   784 20416s
 24845 13175 infeasible   53       811.59406  802.54544  1.11%   796 20740s
 25428 13642  804.57696   37  497  811.59406  802.54544  1.11%   808 20943s
 26088 13952  807.58207   50  465  811.59406  802.54544  1.11%   824 21564s
 26420 13952  806.56632   46  422  811.59406  802.54544  1.11%   827 21565s
 26540 14305  809.58400   56  447  811.59406  802.54544  1.11%   831 22005s
 27099 14883 infeasible   37       811.59406  802.54544  1.11%   838 22556s
 27879 15506  802.55923   37  515  811.59406  802.54544  1.11%   847 22833s
 28799 16117  804.55549   46  416  811.59406  802.54544  1.11%   853 23328s
 29792 16510  805.56475   52  410  811.59406  802.54544  1.11%   858 23650s
 30530 17900  805.56805   60  556  811.59406  802.54544  1.11%   869 24641s
 32388 18149 infeasible   85       811.59406  802.54544  1.11%   867 25610s
 33008 18649  807.57668   55  421  811.59406  802.54544  1.11%   877 26780s
 33961 19188  805.57086   43  404  811.59406  802.54544  1.11%   891 28105s
 35036 20309  811.59163   94  367  811.59406  802.54544  1.11%   906 29154s
 36653 21161 infeasible  120       811.59406  802.54544  1.11%   915 30448s
 37985 22124  postponed  123       811.59406  802.54544  1.11%   927 31354s
 39394 23221     cutoff  125       811.59406  802.54544  1.11%   937 32153s
 41064 24188 infeasible  118       811.59406  802.54544  1.11%   948 33247s
 42702 24852  803.55348   44  586  811.59406  802.54544  1.11%   955 34970s
 43917 25810  804.56208   40  506  811.59406  802.54566  1.11%   977 36696s
 45531 27108 infeasible   53       811.59406  802.54566  1.11%   999 39232s
 47467 29219  805.56795   52  586  811.59406  802.54612  1.11%  1017 41961s
 50457 30894  808.58661   82  423  811.59406  802.55102  1.11%  1019 43936s
 52969 31818  809.58205   58  399  811.59406  802.55583  1.11%  1021 45515s
H53496 31654                     811.5936227  802.55702  1.11%  1022 45515s
 54622 32930     cutoff   70       811.59362  802.56354  1.11%  1035 46844s
 55514 32930  803.56041   35  484  811.59362  802.56710  1.11%  1037 46845s
 56741 33893  804.56141   50  546  811.59362  802.56877  1.11%  1045 47973s
 58600 34811  811.48753   66  604  811.59362  802.57121  1.11%  1059 49406s
 60392 35696  803.72159   48  590  811.59362  802.57452  1.11%  1070 50904s
 62133 36502 infeasible   40       811.59362  802.58120  1.11%  1076 53337s
 64012 38136  806.57285   41  485  811.59362  802.61413  1.11%  1084 55879s
 65453 38136  809.58186   67  334  811.59362  802.61413  1.11%  1089 55880s
 66923 40150 infeasible   67       811.59362  802.84972  1.08%  1094 59040s

Cutting planes:
  Learned: 8
  Gomory: 47
  Cover: 377
  Implied bound: 151
  Projected implied bound: 17
  Clique: 12
  MIR: 782
  StrongCG: 3
  Flow cover: 2544
  GUB cover: 7
  Inf proof: 3
  Zero half: 9
  RLT: 1585
  Relax-and-lift: 137

Explored 69723 nodes (77388760 simplex iterations) in 59044.81 seconds
Thread count was 32 (of 32 available processors)

Solution count 10: 811.594 811.594 812.598 ... 816.632

Optimal solution found (tolerance 1.00e-02)
Best objective 8.115936226778e+02, best bound 8.035481520945e+02, gap 0.9913%

Gurobi 9.1.0 (linux64) logging started Sun Aug 15 23:13:47 2021

Changed value of parameter LogFile to eab_parasitoid_0_0_area.log
   Prev:   Default: 
Changed value of parameter MIPGap to 0.01
   Prev: 0.0001  Min: 0.0  Max: inf  Default: 0.0001
Changed value of parameter Method to 2
   Prev: -1  Min: -1  Max: 5  Default: -1
Changed value of parameter MIPFocus to 2
   Prev: 0  Min: 0  Max: 3  Default: 0
Changed value of parameter RINS to 100
   Prev: -1  Min: -1  Max: 2000000000  Default: -1
Gurobi Optimizer version 9.1.0 build v9.1.0rc0 (linux64)
Thread count: 32 physical cores, 32 logical processors, using up to 32 threads
Optimize a model with 203386 rows, 134930 columns and 685029 nonzeros
Model fingerprint: 0x1f98919d
Variable types: 55774 continuous, 79156 integer (79156 binary)
Coefficient statistics:
  Matrix range     [2e-04, 1e+06]
  Objective range  [1e+00, 1e+00]
  Bounds range     [1e+00, 6e+03]
  RHS range        [1e-04, 1e+06]
Presolve removed 197847 rows and 130151 columns
Presolve time: 4.71s
Presolved: 5539 rows, 4779 columns, 77200 nonzeros
Variable types: 1820 continuous, 2959 integer (2959 binary)
Presolve removed 8 rows and 4 columns
Presolved: 5531 rows, 4775 columns, 77175 nonzeros

Root barrier log...

Ordering time: 0.14s

Barrier statistics:
 Dense cols : 74
 AA' NZ     : 2.879e+05
 Factor NZ  : 1.162e+06 (roughly 14 MBytes of memory)
 Factor Ops : 7.310e+08 (less than 1 second per iteration)
 Threads    : 31

                  Objective                Residual
Iter       Primal          Dual         Primal    Dual     Compl     Time
   0   2.19594704e+04 -5.37460932e+04  1.34e+04 7.40e-01  3.09e+02     5s
   1   1.54796063e+04 -6.33671616e+04  9.01e+03 2.17e+00  2.02e+02     5s
   2   1.69389235e+03 -6.44040233e+04  4.02e+02 9.95e-14  1.33e+01     5s
   3   1.02659924e+03 -2.25262976e+04  4.92e+01 9.68e-14  2.16e+00     5s
   4   9.25366045e+02 -2.24679055e+03  5.27e-02 2.31e-14  2.14e-01     5s
   5   8.56075738e+02 -8.49472746e+01  3.47e-04 1.11e-14  6.32e-02     5s
   6   8.09655197e+02  4.82287986e+02  1.41e-04 3.55e-15  2.20e-02     5s
   7   7.96896191e+02  6.59185287e+02  6.24e-05 1.78e-15  9.24e-03     5s
   8   7.90906944e+02  6.97346107e+02  2.21e-05 1.78e-15  6.28e-03     5s
   9   7.89247711e+02  7.50919163e+02  1.15e-05 1.78e-15  2.57e-03     5s
  10   7.88369831e+02  7.73441009e+02  6.51e-06 1.78e-15  1.00e-03     6s
  11   7.87817054e+02  7.83169099e+02  3.59e-06 3.55e-15  3.12e-04     6s
  12   7.87560867e+02  7.85136106e+02  2.13e-06 1.78e-15  1.63e-04     6s
  13   7.87347172e+02  7.86307448e+02  5.94e-07 1.78e-15  6.98e-05     6s
  14   7.87274881e+02  7.86950940e+02  2.40e-07 1.78e-15  2.17e-05     6s
  15   7.87248647e+02  7.87035863e+02  1.28e-07 1.78e-15  1.43e-05     6s
  16   7.87236080e+02  7.87167860e+02  7.54e-08 1.78e-15  4.58e-06     6s
  17   7.87223621e+02  7.87220445e+02  8.12e-10 3.55e-15  2.13e-07     6s
  18   7.87222375e+02  7.87222017e+02  2.43e-11 1.78e-15  2.40e-08     6s
  19   7.87222371e+02  7.87222371e+02  1.87e-11 1.78e-15  1.39e-13     6s

Barrier solved model in 19 iterations and 5.77 seconds
Optimal objective 7.87222371e+02


Root crossover log...

      75 DPushes remaining with DInf 0.0000000e+00                 6s
       0 DPushes remaining with DInf 0.0000000e+00                 6s

    4308 PPushes remaining with PInf 0.0000000e+00                 6s
       0 PPushes remaining with PInf 0.0000000e+00                 6s

  Push phase complete: Pinf 0.0000000e+00, Dinf 0.0000000e+00      6s


Root simplex log...

Iteration    Objective       Primal Inf.    Dual Inf.      Time
    4317    7.8722237e+02   0.000000e+00   0.000000e+00      6s
    4317    7.8722237e+02   0.000000e+00   0.000000e+00      6s

Root relaxation: objective 7.872224e+02, 4317 iterations, 0.92 seconds

    Nodes    |    Current Node    |     Objective Bounds      |     Work
 Expl Unexpl |  Obj  Depth IntInf | Incumbent    BestBd   Gap | It/Node Time

     0     0  787.22237    0  128          -  787.22237      -     -    6s
     0     0  787.24672    0  410          -  787.24672      -     -    7s
     0     0  787.24673    0  407          -  787.24673      -     -    7s
     0     0  787.34072    0  610          -  787.34072      -     -    8s
     0     0  787.37251    0  623          -  787.37251      -     -    8s
     0     0  787.37371    0  626          -  787.37371      -     -    9s
     0     0  787.37377    0  626          -  787.37377      -     -    9s
     0     0  788.27622    0  602          -  788.27622      -     -   10s
     0     0  788.27622    0  626          -  788.27622      -     -   10s
     0     0  789.25199    0  612          -  789.25199      -     -   10s
     0     0  789.25199    0  617          -  789.25199      -     -   11s
     0     0  791.24651    0  648          -  791.24651      -     -   13s
     0     0  791.24651    0  654          -  791.24651      -     -   13s
     0     0  791.24651    0  661          -  791.24651      -     -   14s
     0     0  791.24651    0  669          -  791.24651      -     -   14s
     0     0  791.24651    0  673          -  791.24651      -     -   14s
     0     0  791.24651    0  694          -  791.24651      -     -   16s
     0     0  791.24651    0  706          -  791.24651      -     -   17s
     0     0  791.24651    0  701          -  791.24651      -     -   17s
     0     0  791.24651    0  700          -  791.24651      -     -   17s
     0     0  791.24651    0  696          -  791.24651      -     -   17s
H    0     0                     871.6810902  791.24651  9.23%     -   20s
     0     0  791.24651    0  717  871.68109  791.24651  9.23%     -   21s
     0     0  791.24651    0  721  871.68109  791.24651  9.23%     -   21s
     0     0  791.24651    0  734  871.68109  791.24651  9.23%     -   22s
     0     0  791.24651    0  734  871.68109  791.24651  9.23%     -   22s
     0     0  791.24651    0  738  871.68109  791.24651  9.23%     -   22s
     0     0  791.24651    0  744  871.68109  791.24651  9.23%     -   22s
     0     0  791.24651    0  727  871.68109  791.24651  9.23%     -   27s
H    0     0                     845.5414464  791.24651  6.42%     -   27s
     0     0  791.24651    0  693  845.54145  791.24651  6.42%     -   29s
     0     0  791.24651    0  715  845.54145  791.24651  6.42%     -   30s
     0     0  791.24651    0  724  845.54145  791.24651  6.42%     -   30s
     0     0  791.24651    0  718  845.54145  791.24651  6.42%     -   30s
     0     0  791.24651    0  693  845.54145  791.24651  6.42%     -   32s
     0     0  791.24651    0  709  845.54145  791.24651  6.42%     -   33s
     0     0  791.24651    0  709  845.54145  791.24651  6.42%     -   33s
     0     0  791.24651    0  704  845.54145  791.24651  6.42%     -   35s
H    0     0                     842.5310901  791.24651  6.09%     -   35s
     0     0  791.24651    0  690  842.53109  791.24651  6.09%     -   36s
     0     0  791.24651    0  705  842.53109  791.24651  6.09%     -   36s
     0     0  791.24651    0  702  842.53109  791.24651  6.09%     -   38s
     0     0  791.24651    0  672  842.53109  791.24651  6.09%     -   40s
H    0     0                     836.4922813  791.24651  5.41%     -   47s
     0     2  791.24651    0  671  836.49228  791.24651  5.41%     -   47s
     3     4 infeasible    2       836.49228  791.24651  5.41%   874   51s
    11     2 infeasible    4       836.49228  791.24651  5.41%   925   55s
    13     2  792.84407    5  691  836.49228  791.92650  5.33%   987   63s
    17     2  794.62525    7  678  836.49228  793.72151  5.11%  1058   66s
    19     2 infeasible    8       836.49228  794.62525  5.01%  1399   73s
    23     2 infeasible   10       836.49228  796.47818  4.78%  1428   82s
    27     2 infeasible   12       836.49228  798.40076  4.55%  1559   90s
    29     2  800.33592   13  574  836.49228  799.36190  4.44%  1603  100s
    33     4  802.31159   15  355  836.49228  801.32021  4.20%  1818  105s
    39    12  804.32999   17  341  836.49228  801.53289  4.18%  1859  124s
    47    24  804.32999   18  312  836.49228  802.31011  4.09%  2038  128s
    59    46  805.33536   19  297  836.49228  802.31011  4.09%  2140  133s
H   83    76                     831.4577013  802.31011  3.51%  1897  138s
H   86    76                     830.4567605  802.31011  3.39%  1911  138s
H   93    76                     830.4538573  802.31011  3.39%  1973  138s
H   96    76                     825.4201896  802.31011  2.80%  1964  138s
   115   108  805.33536   21  308  825.42019  802.31011  2.80%  2071  143s
   147   138  805.33536   22  306  825.42019  802.31011  2.80%  1907  146s
H  179   166                     824.4166737  802.31011  2.68%  1682  172s
H  182   166                     822.4020410  802.31011  2.44%  1677  172s
H  183   166                     820.3946921  802.31011  2.20%  1668  172s
H  186   166                     820.3918557  802.31011  2.20%  1666  172s
   211   219  805.33536   24  300  820.39186  802.31011  2.20%  1485  176s
   266   249  805.33536   26  291  820.39186  802.31011  2.20%  1255  185s
   436   419  805.33536   32  280  820.39186  802.31011  2.20%   867  196s
   468   736  805.33536   33  278  820.39186  802.31011  2.20%   821  203s
   785  1026  805.33536   46  254  820.39186  802.31011  2.20%   603  211s
  1091  1303  805.33536   62  253  820.39186  802.31011  2.20%   534  245s
H 1339  1303                     818.3823065  802.31011  1.96%   509  245s
  1382  1685  805.34046   71  440  818.38231  802.31011  1.96%   501  288s
  1812  2170 infeasible   74       818.38231  802.31011  1.96%   495  338s
  2353  2604  802.31011   40  359  818.38231  802.31011  1.96%   495  546s
  2847  3245  802.31011   60  368  818.38231  802.31011  1.96%   512  800s
  3583  3643  803.32429   72  445  818.38231  802.31011  1.96%   501  933s
  4084  3974 infeasible   74       818.38231  802.31011  1.96%   521 1574s
H 4122  3940                     816.3687104  802.31011  1.72%   522 1574s
  4151  3940  810.35476  144  326  816.36871  802.31011  1.72%   531 1575s
H 4311  3940                     815.3715839  802.31011  1.60%   535 1575s
H 4489  3940                     815.3640446  802.31011  1.60%   540 1575s
  4535  4658  802.31122   48  463  815.36404  802.31011  1.60%   539 2021s
  5420  4658  806.33761  133  672  815.36404  802.31011  1.60%   523 2684s
  5422  4659  805.33903  130  119  815.36404  802.31011  1.60%   523 2689s
  5423  4660  803.31445   46  359  815.36404  802.31011  1.60%   523 2696s
  5425  4661  804.32999   70  590  815.36404  802.31011  1.60%   523 2701s
  5426  4662  808.35682  207  657  815.36404  802.31011  1.60%   523 2706s
  5427  4663  804.32999   61  649  815.36404  802.31011  1.60%   522 2710s
  5428  4663  806.33043  188  657  815.36404  802.31011  1.60%   522 2742s
  5429  4664  806.33220  191  657  815.36404  802.31011  1.60%   522 2752s
  5430  4665  808.34782  130  657  815.36404  802.31011  1.60%   522 2761s
  5431  4666 infeasible   15       815.36404  802.31011  1.60%   525 2788s
  5433  4666  802.31011   16  675  815.36404  802.31011  1.60%   526 2813s
  5435  4665 infeasible   17       815.36404  802.31011  1.60%   526 2840s
  5437  4664  802.31011   18  689  815.36404  802.31011  1.60%   526 2870s
  5439  4664 infeasible   19       815.36404  802.31011  1.60%   526 2921s
  5441  4663  802.31011   20  690  815.36404  802.31011  1.60%   527 2949s
  5443  4662 infeasible   21       815.36404  802.31011  1.60%   528 2985s
  5445  4662  802.31011   22  650  815.36404  802.31011  1.60%   528 3011s
  5447  4663  802.31011   23  661  815.36404  802.31011  1.60%   528 3028s
  5449  4662 infeasible   24       815.36404  802.31011  1.60%   529 3038s
  5453  4661  802.31011   25  652  815.36404  802.31011  1.60%   530 3045s
  5457  4662  802.31011   26  666  815.36404  802.31011  1.60%   530 3056s
  5467  4668 infeasible   28       815.36404  802.31011  1.60%   530 3068s
  5479  4680  802.31011   29  682  815.36404  802.31011  1.60%   531 3076s
  5495  4705  802.31011   30  694  815.36404  802.31011  1.60%   531 3105s
  5527  4724  802.31011   31  687  815.36404  802.31011  1.60%   532 3131s
  5559  4742  802.31011   32  603  815.36404  802.31011  1.60%   535 3149s
H 5576  4502                     815.3617722  802.31011  1.60%   537 3149s
  5591  4555  802.31011   33  610  815.36177  802.31011  1.60%   538 3154s
  5649  4566  802.31011   34  609  815.36177  802.31011  1.60%   536 3166s
  5681  4616 infeasible   32       815.36177  802.31011  1.60%   535 3190s
  5744  4645  802.31011   34  567  815.36177  802.31011  1.60%   532 3196s
  5800  4655  802.31011   36  616  815.36177  802.31011  1.60%   532 3210s
  5913  4747  802.31011   38  603  815.36177  802.31011  1.60%   530 3227s
  5984  4775  802.31011   39  578  815.36177  802.31011  1.60%   531 3245s
  6048  4823  802.31011   38  565  815.36177  802.31011  1.60%   532 3255s
  6125  4874  802.31011   40  601  815.36177  802.31011  1.60%   533 3280s
  6214  4925  802.36409   41  578  815.36177  802.31011  1.60%   531 3289s
  6317  4954  805.13906   41  585  815.36177  802.31011  1.60%   531 3319s
  6408  4948 infeasible   41       815.36177  802.31011  1.60%   533 3381s
  6445  4988 infeasible   44       815.36177  802.31011  1.60%   534 3396s
  6554  5033  803.31679   38  472  815.36177  802.31011  1.60%   537 3413s
  6673  5070  803.31679   39  459  815.36177  802.31011  1.60%   540 3447s
  6808  5050  803.31933   40  524  815.36177  802.31011  1.60%   545 3482s
  6879  5087  803.31693   40  452  815.36177  802.31011  1.60%   553 3513s
  6971  5127  803.31945   41  521  815.36177  802.31011  1.60%   561 3553s
  7088  5165  804.32275   43  428  815.36177  802.31011  1.60%   567 3601s
  7195  5229  804.32275   44  422  815.36177  802.31011  1.60%   574 3621s
  7297  5283  805.32422   46  438  815.36177  802.31011  1.60%   578 3830s
H 7321  5053                     814.3580937  802.31011  1.48%   580 3830s
H 7349  4834                     814.3527386  802.31011  1.48%   580 3830s
H 7353  4633                     813.3517027  802.31011  1.36%   580 3830s
  7397  4653 infeasible   47       813.35170  802.31011  1.36%   581 4024s
H 7399  4462                     813.3465140  802.31011  1.36%   581 4024s
H 7410  4278                     813.3456270  802.31011  1.36%   582 4024s
  7446  4347  805.51062   48  437  813.34563  802.31011  1.36%   583 4048s
  7564  4466  807.35362   51  437  813.34563  802.31011  1.36%   584 4067s
  7765  4558  808.35342   52  384  813.34563  802.31011  1.36%   585 4087s
  7964  4634  808.36718   54  489  813.34563  802.31011  1.36%   590 4108s
  8140  4716  809.44986   55  441  813.34563  802.31011  1.36%   598 4135s
  8313  4877  808.41964   56  480  813.34563  802.31011  1.36%   603 4178s
  8557  5007  809.35793   57  474  813.34563  802.31011  1.36%   605 4211s
  8803  5202 infeasible   66       813.34563  802.31011  1.36%   610 4233s
  9130  5324  802.31011   33  662  813.34563  802.31011  1.36%   608 4264s
  9449  5521  803.31593   37  530  813.34563  802.31011  1.36%   608 4281s
  9816  5644  804.33030   44  478  813.34563  802.31011  1.36%   603 4302s
 10122  5679  806.32900   48  384  813.34563  802.31011  1.36%   604 4340s
 10324  5862  806.32900   53  432  813.34563  802.31011  1.36%   605 4357s
 10637  6047  806.37336   55  537  813.34563  802.31011  1.36%   607 4375s
 11036  6083  809.36471   60  530  813.34563  802.31011  1.36%   604 4406s
 11364  6230  807.33033   89  451  813.34563  802.31011  1.36%   606 4428s
 11745  6401  808.97490  101  331  813.34563  802.31011  1.36%   607 4453s
 12118  6524  807.43347   49  417  813.34563  802.31011  1.36%   608 4480s
 12479  6558  811.40880   57  557  813.34563  802.31011  1.36%   613 4538s
 12760  6513  811.36403   58  399  813.34563  802.31011  1.36%   621 4571s
 12891  6629  811.40557   60  482  813.34563  802.31011  1.36%   628 4625s
 13153  6792  806.32625   53  370  813.34563  802.31011  1.36%   633 4643s
 13483  6909  808.34025   62  340  813.34563  802.31011  1.36%   641 4691s
 13796  6956  809.34409   78  350  813.34563  802.31011  1.36%   653 4736s
 14036  7151  809.34409   83  363  813.34563  802.31011  1.36%   655 4780s
 14459  7164  810.34821   95  299  813.34563  802.31011  1.36%   659 4810s
 14778  7255  811.34943  105  310  813.34563  802.31011  1.36%   668 4889s
 15117  7253  812.35847  122  321  813.34563  802.31011  1.36%   677 4955s
 15300  7339  812.35847  133  341  813.34563  802.31011  1.36%   679 4983s
 15501  7655  812.35847  134  336  813.34563  802.31011  1.36%   682 5063s
 15974  7851 infeasible  137       813.34563  802.31011  1.36%   686 5113s
 16431  8111  802.31011   34  567  813.34563  802.31011  1.36%   691 5176s
 16883  8401  805.32062   45  462  813.34563  802.31011  1.36%   698 5212s
H17222  7174                     812.3426691  802.31011  1.24%   705 5212s
 17323  7498  806.33069   66  440  812.34267  802.31011  1.24%   705 5294s
 17885  7938  811.34011  116  371  812.34267  802.31011  1.24%   703 5346s
 18440  8336  811.34011  194  170  812.34267  802.31011  1.24%   703 5471s
 19024  8559  811.34011  276  126  812.34267  802.31011  1.24%   710 5542s
 19445  8894  802.35812   34  541  812.34267  802.31011  1.24%   719 5625s
 19921  8936  805.32267   46  422  812.34267  802.31011  1.24%   728 5770s
 20051  9291  805.32676   47  466  812.34267  802.31011  1.24%   731 5960s
 20658  9712  811.35037   61  364  812.34267  802.31011  1.24%   738 6140s
 21305 10130 infeasible   69       812.34267  802.31011  1.24%   743 6266s
 22008 10658  805.32209   43  457  812.34267  802.31011  1.24%   749 6358s
 22718 11376  807.33095   54  400  812.34267  802.31011  1.24%   755 6501s
 23686 11654 infeasible   66       812.34267  802.31011  1.24%   753 6840s
 24183 12019  806.35473   46  509  812.34267  802.31011  1.24%   761 7114s
 24709 12019  808.38782   57  487  812.34267  802.31011  1.24%   766 7115s
 24820 12479  804.04977   39  580  812.34267  802.31011  1.24%   770 7627s
 25625 12936  804.44342   42  502  812.34267  802.31011  1.24%   777 7948s
 26357 13381  808.33765   56  441  812.34267  802.31011  1.24%   781 8193s
 27125 14022  805.57599   42  546  812.34267  802.31011  1.24%   788 8385s
 28139 14437 infeasible   45       812.34267  802.31011  1.24%   791 8628s
 29013 14780  803.33068   42  517  812.34267  802.31011  1.24%   799 8901s
 29831 15183  802.31011   36  587  812.34267  802.31011  1.24%   809 9470s
 30871 15577 infeasible   59       812.34267  802.31011  1.24%   819 9910s
 31900 16275 infeasible   54       812.34267  802.31011  1.24%   829 10133s
 32962 17060 infeasible   51       812.34267  802.31011  1.24%   840 10518s
 34106 18022 infeasible   90       812.34267  802.31011  1.24%   851 10901s
 35505 19388  802.33204   39  541  812.34267  802.31011  1.24%   861 11474s
 37365 21006  807.32798   64  329  812.34267  802.31011  1.24%   870 11809s
 39515 22678  804.32214   41  452  812.34267  802.31381  1.23%   866 12137s
 41748 24032  805.33267   47  564  812.34267  802.31698  1.23%   876 12564s
 43789 25504  803.35809   41  565  812.34267  802.31762  1.23%   888 13092s
 45803 27408  809.34227   93  346  812.34267  802.31762  1.23%   896 13502s
 48360 30208 infeasible  126       812.34267  802.31892  1.23%   901 13798s
 52185 31594  804.46751   46  555  812.34267  802.32216  1.23%   879 14258s
 54586 32074  806.33798   55  504  812.34267  802.32546  1.23%   875 14972s
 56010 32978     cutoff   70       812.34267  802.32780  1.23%   886 15501s
 58003 34132  803.48570   40  511  812.34267  802.32845  1.23%   896 15957s
 60208 35175 infeasible   52       812.34267  802.33328  1.23%   903 16613s
 62506 36293  808.33566   61  307  812.34267  802.34061  1.23%   910 17300s
 64837 37744 infeasible   42       812.34267  802.35812  1.23%   915 18074s
 67078 39025  809.34835   67  427  812.34267  802.40032  1.22%   922 18741s
 69520 41552  postponed   62       812.34267  802.99830  1.15%   931 19579s
 72709 49261  804.31977   45  538  812.34267  803.31593  1.11%   939 20589s
 77552 49261  806.32950   55  470  812.34267  803.31593  1.11%   921 20590s
 81749 51945  805.32609   57  452  812.34267  803.31593  1.11%   908 21587s
 85273 53926  809.39903  146  415  812.34267  803.31593  1.11%   923 22866s
 88260 57242  803.32348   45  542  812.34267  803.31593  1.11%   946 24294s
 92595 61839  809.41942   98  444  812.34267  803.31593  1.11%   959 25476s
 98764 65059  809.33407  127  427  812.34267  803.31593  1.11%   952 26321s
 102749 69867  808.33284  103  377  812.34267  803.31593  1.11%   963 27422s
 108865 72166 infeasible   59       812.34267  803.31593  1.11%   957 28790s
 112559 74674 infeasible   77       812.34267  803.31613  1.11%   962 30097s
 116181 76715 infeasible  137       812.34267  803.31702  1.11%   975 31999s
 120009 80353  807.34634   80  658  812.34267  803.31718  1.11%   986 32781s
 124722 82572     cutoff  157       812.34267  803.31744  1.11%   981 34064s
 128277 83261 infeasible   52       812.34267  803.31782  1.11%   982 35373s
 129374 87818 infeasible   55       812.34267  803.31799  1.11%   984 36763s
 136258 90520 infeasible   60       812.34267  803.31853  1.11%   984 38418s
 141030 94803  804.32723   41  581  812.34267  803.31939  1.11%   989 40203s
 146950 99430  806.39319   49  446  812.34267  803.31959  1.11%   992 41438s
 152982 101148  804.32064   47  457  812.34267  803.31986  1.11%   993 42569s
 155543 108696  806.33709   56  526  812.34267  803.32002  1.11%   998 45533s
 166124 111281  806.33064   50  478  812.34267  803.32096  1.11%   996 47774s
 170071 114774  806.33699   66  557  812.34267  803.32122  1.11%  1004 49990s
 175154 117576  806.34726   65  484  812.34267  803.32175  1.11%  1007 52507s
 179522 118637  811.34932   89  301  812.34267  803.32208  1.11%  1014 54812s
 181907 120436  805.39418   58  509  812.34267  803.32251  1.11%  1022 56914s
 185206 123799  811.34011  111  533  812.34267  803.32294  1.11%  1026 60196s
 190926 128263  805.32598   60  359  812.34267  803.32381  1.11%  1032 63138s
 196475 128263 infeasible  116       812.34267  803.32425  1.11%  1039 63140s
 197428 131317 infeasible   64       812.34267  803.32435  1.11%  1039 65614s
 199721 131317     cutoff   71       812.34267  803.32451  1.11%  1040 65615s
 202472 133040  811.34243  104  294  812.34267  803.32472  1.11%  1047 68440s
 205578 135971  804.35362   40  583  812.34267  803.32548  1.11%  1052 71716s
 210605 139670     cutoff   68       812.34267  803.32630  1.11%  1057 74851s
 216675 143020 infeasible   58       812.34267  803.32730  1.11%  1061 76651s
 221768 145299 infeasible   58       812.34267  803.32844  1.11%  1060 78992s
 225796 147584 infeasible   42       812.34267  803.32963  1.11%  1063 82202s
 229923 149801 infeasible   52       812.34267  803.33137  1.11%  1067 84931s
 233810 152545  808.33285  110  366  812.34267  803.33302  1.11%  1069 87221s
 238447 154114  807.35721   64  572  812.34267  803.33486  1.11%  1071 90233s
 241336 156309  804.31715   53  519  812.34267  803.33631  1.11%  1074 92854s
 244147 156309  806.34711   49  470  812.34267  803.33838  1.11%  1077 92855s
 245604 158008     cutoff   60       812.34267  803.33945  1.11%  1078 96146s
 248823 159728  808.35017   68  552  812.34267  803.34170  1.11%  1082 98999s
 248940 159728  807.33440   63  473  812.34267  803.34397  1.11%  1082 99000s
 252522 160959  810.35578   60  500  812.34267  803.35162  1.11%  1086 102812s
 255676 162386  807.32656   59  443  812.34267  803.36000  1.11%  1089 106266s
 259730 163824  804.33656   43  606  812.34267  803.37372  1.10%  1094 109355s
 263166 165103  806.37366   54  581  812.34267  803.38034  1.10%  1099 112641s
 266764 166010  809.34443   60  358  812.34267  803.38844  1.10%  1103 116012s
 269759 166906  808.35662   61  540  812.34267  803.42283  1.10%  1108 118938s
 272933 167784 infeasible   56       812.34267  803.44514  1.10%  1113 122842s
 274264 167784  postponed   84       812.34267  803.45254  1.09%  1115 122845s
 275424 168385 infeasible   63       812.34267  803.46982  1.09%  1117 124397s
 277285 169555 infeasible   54       812.34267  803.53475  1.08%  1120 127516s
 281001 170542 infeasible   59       812.34267  803.56974  1.08%  1124 130089s
 282814 170542  806.42446   53  575  812.34267  803.60422  1.08%  1127 130090s
 284200 171116 infeasible   50       812.34267  803.61485  1.07%  1127 133270s
 287158 172017  808.37112   59  562  812.34267  803.78579  1.05%  1131 136589s
 289134 172017  postponed   54       812.34267  803.87129  1.04%  1134 136590s
 290126 173604  804.31916   43  519  812.34267  803.89047  1.04%  1135 139284s

Cutting planes:
  Learned: 19
  Gomory: 44
  Cover: 1195
  Implied bound: 241
  Projected implied bound: 10
  Clique: 8
  MIR: 922
  StrongCG: 3
  Flow cover: 2854
  GUB cover: 7
  Inf proof: 33
  Zero half: 10
  RLT: 1630
  Relax-and-lift: 157

Explored 293811 nodes (334368415 simplex iterations) in 139292.21 seconds
Thread count was 32 (of 32 available processors)

Solution count 10: 812.343 813.346 813.347 ... 816.369

Optimal solution found (tolerance 1.00e-02)
Best objective 8.123426691189e+02, best bound 8.043005258227e+02, gap 0.9900%

Gurobi 9.1.0 (linux64) logging started Thu Aug 19 20:54:19 2021

Changed value of parameter LogFile to eab_parasitoid_0_0_area.log
   Prev:   Default: 
Changed value of parameter MIPGap to 0.01
   Prev: 0.0001  Min: 0.0  Max: inf  Default: 0.0001
Changed value of parameter Method to 2
   Prev: -1  Min: -1  Max: 5  Default: -1
Changed value of parameter MIPFocus to 2
   Prev: 0  Min: 0  Max: 3  Default: 0
Changed value of parameter RINS to 100
   Prev: -1  Min: -1  Max: 2000000000  Default: -1

Gurobi 9.1.0 (linux64) logging started Fri Aug 20 12:47:22 2021

Changed value of parameter LogFile to eab_parasitoid_0_0_area.log
   Prev:   Default: 
Changed value of parameter MIPGap to 0.01
   Prev: 0.0001  Min: 0.0  Max: inf  Default: 0.0001
Changed value of parameter Method to 2
   Prev: -1  Min: -1  Max: 5  Default: -1
Changed value of parameter MIPFocus to 2
   Prev: 0  Min: 0  Max: 3  Default: 0
Changed value of parameter RINS to 100
   Prev: -1  Min: -1  Max: 2000000000  Default: -1
Changed value of parameter SolutionLimit to 1
   Prev: 2000000000  Min: 1  Max: 2000000000  Default: 2000000000
Gurobi Optimizer version 9.1.0 build v9.1.0rc0 (linux64)
Thread count: 32 physical cores, 32 logical processors, using up to 32 threads
Optimize a model with 203386 rows, 134930 columns and 685029 nonzeros
Model fingerprint: 0x4335af98
Variable types: 55774 continuous, 79156 integer (79156 binary)
Coefficient statistics:
  Matrix range     [2e-04, 1e+06]
  Objective range  [1e+00, 1e+00]
  Bounds range     [1e+00, 6e+03]
  RHS range        [1e-04, 1e+06]

User MIP start produced solution with objective 813.427 (1.89s)
User MIP start produced solution with objective 812.421 (1.92s)
Loaded user MIP start with objective 812.421
Processed MIP start in 1.92 seconds


Explored 0 nodes (0 simplex iterations) in 1.94 seconds
Thread count was 1 (of 32 available processors)

Solution count 3: 812.421 

Solution limit reached
Best objective 8.124212617069e+02, best bound -, gap -
