
Gurobi 9.1.0 (linux64) logging started Fri Aug  6 16:41:28 2021

Changed value of parameter LogFile to eab_parasitoid_2_2_0.8_bud.log
   Prev:   Default: 
Changed value of parameter MIPGap to 0.01
   Prev: 0.0001  Min: 0.0  Max: inf  Default: 0.0001
Changed value of parameter Method to 2
   Prev: -1  Min: -1  Max: 5  Default: -1
Changed value of parameter MIPFocus to 2
   Prev: 0  Min: 0  Max: 3  Default: 0
Changed value of parameter RINS to 100
   Prev: -1  Min: -1  Max: 2000000000  Default: -1
Gurobi Optimizer version 9.1.0 build v9.1.0rc0 (linux64)
Thread count: 32 physical cores, 32 logical processors, using up to 32 threads
Optimize a model with 203396 rows, 134935 columns and 685039 nonzeros
Model fingerprint: 0x210b2f61
Variable types: 55779 continuous, 79156 integer (79156 binary)
Coefficient statistics:
  Matrix range     [1e-04, 1e+05]
  Objective range  [1e-06, 1e-01]
  Bounds range     [1e+00, 6e+03]
  RHS range        [1e-04, 1e+05]
Presolve removed 178709 rows and 115614 columns (presolve time = 5s) ...
Presolve removed 190510 rows and 124554 columns (presolve time = 11s) ...
Presolve removed 191893 rows and 125124 columns (presolve time = 15s) ...
Presolve removed 192888 rows and 126168 columns (presolve time = 20s) ...
Presolve removed 193351 rows and 126535 columns (presolve time = 25s) ...
Presolve removed 193469 rows and 126638 columns
Presolve time: 27.28s
Presolved: 9927 rows, 8297 columns, 124092 nonzeros
Variable types: 3568 continuous, 4729 integer (4728 binary)
Presolve removed 9 rows and 9 columns
Presolved: 9918 rows, 8288 columns, 124045 nonzeros

Root barrier log...

Ordering time: 0.66s

Barrier statistics:
 Dense cols : 120
 AA' NZ     : 5.400e+05
 Factor NZ  : 2.703e+06 (roughly 30 MBytes of memory)
 Factor Ops : 2.261e+09 (less than 1 second per iteration)
 Threads    : 31

                  Objective                Residual
Iter       Primal          Dual         Primal    Dual     Compl     Time
   0   1.56833912e+03 -1.48290959e+04  1.41e+04 2.15e-01  4.02e+01    30s
   1   1.20158096e+03 -1.55643344e+04  8.46e+03 4.46e-01  2.42e+01    30s
   2   6.96049938e+02 -1.40553342e+04  2.03e+03 1.11e-14  6.18e+00    30s
   3   4.31343415e+02 -8.92538456e+03  9.14e+01 1.07e-12  5.79e-01    31s
   4   3.82249571e+02 -3.44497605e+03  2.88e+01 5.27e-13  1.90e-01    31s
   5   3.58557181e+02 -1.18660213e+03  8.74e+00 1.53e-13  6.81e-02    31s
   6   3.48195279e+02 -9.57376968e+01  1.90e+00 3.05e-14  1.82e-02    31s
   7   3.44420595e+02  2.46135627e+02  6.13e-01 2.73e-15  3.96e-03    31s
   8   3.40902537e+02  3.09342795e+02  3.99e-02 1.23e-15  1.23e-03    32s
   9   3.39933778e+02  3.16228126e+02  1.89e-02 1.01e-15  9.23e-04    32s
  10   3.39482165e+02  3.27407221e+02  9.40e-03 3.39e-16  4.70e-04    32s
  11   3.39065762e+02  3.33203734e+02  3.45e-03 2.78e-16  2.28e-04    32s
  12   3.38724417e+02  3.34354284e+02  4.57e-05 4.44e-16  1.70e-04    32s
  13   3.38351723e+02  3.37230893e+02  1.52e-05 1.67e-16  4.35e-05    33s
  14   3.38198214e+02  3.37692350e+02  4.53e-06 2.22e-16  1.96e-05    33s
  15   3.38146261e+02  3.37955270e+02  2.24e-06 1.11e-16  7.42e-06    33s
  16   3.38114251e+02  3.38007098e+02  9.45e-07 2.22e-16  4.16e-06    33s
  17   3.38098514e+02  3.38054286e+02  3.64e-07 3.08e-16  1.72e-06    33s
  18   3.38094561e+02  3.38076000e+02  2.33e-07 2.22e-16  7.21e-07    34s
  19   3.38093256e+02  3.38078339e+02  1.81e-07 4.44e-16  5.79e-07    34s
  20   3.38089317e+02  3.38080169e+02  5.71e-08 1.11e-16  3.55e-07    34s
  21   3.38087930e+02  3.38084727e+02  1.31e-08 4.44e-16  1.24e-07    34s
  22   3.38087634e+02  3.38086522e+02  5.15e-09 2.22e-16  4.32e-08    34s
  23   3.38087501e+02  3.38087157e+02  1.86e-09 4.44e-16  1.34e-08    34s
  24   3.38087450e+02  3.38087354e+02  5.98e-10 3.33e-16  3.73e-09    35s
  25   3.38087429e+02  3.38087393e+02  1.22e-10 2.22e-16  1.43e-09    35s
  26   3.38087424e+02  3.38087417e+02  2.19e-11 2.22e-16  2.90e-10    35s
  27   3.38087423e+02  3.38087423e+02  1.03e-12 3.33e-16  1.04e-11    35s

Barrier solved model in 27 iterations and 35.16 seconds
Optimal objective 3.38087423e+02


Root crossover log...

     729 DPushes remaining with DInf 0.0000000e+00                35s
       0 DPushes remaining with DInf 0.0000000e+00                35s

    3532 PPushes remaining with PInf 3.4935833e-06                35s
       0 PPushes remaining with PInf 0.0000000e+00                36s

  Push phase complete: Pinf 0.0000000e+00, Dinf 1.5065173e-01     36s


Root simplex log...

Iteration    Objective       Primal Inf.    Dual Inf.      Time
    4027    3.3808742e+02   0.000000e+00   1.506517e-01     36s
    4043    3.3808742e+02   0.000000e+00   0.000000e+00     36s
    4043    3.3808742e+02   0.000000e+00   0.000000e+00     36s

Root relaxation: objective 3.380874e+02, 4043 iterations, 7.71 seconds

    Nodes    |    Current Node    |     Objective Bounds      |     Work
 Expl Unexpl |  Obj  Depth IntInf | Incumbent    BestBd   Gap | It/Node Time

     0     0  339.64537    0 1374          -  339.64537      -     -   37s
     0     0  341.76568    0 1495          -  341.76568      -     -   44s
     0     0  341.78704    0 1454          -  341.78704      -     -   46s
     0     0  341.78795    0 1456          -  341.78795      -     -   46s
     0     0  341.78801    0 1458          -  341.78801      -     -   46s
     0     0  342.93179    0 1536          -  342.93179      -     -   54s
H    0     0                     351.5669887  342.93179  2.46%     -   58s
H    0     0                     351.5436220  342.93179  2.45%     -   58s
H    0     0                     351.3561907  342.93179  2.40%     -   58s
     0     0  343.41129    0 1574  351.35619  343.41129  2.26%     -   58s
     0     0  343.46249    0 1602  351.35619  343.46249  2.25%     -   59s
     0     0  343.46627    0 1615  351.35619  343.46627  2.25%     -   60s
     0     0  343.46793    0 1604  351.35619  343.46793  2.25%     -   61s
     0     0  343.46866    0 1618  351.35619  343.46866  2.24%     -   61s
     0     0  343.94390    0 1590  351.35619  343.94390  2.11%     -   67s
     0     0  343.98916    0 1609  351.35619  343.98916  2.10%     -   70s
     0     0  343.99213    0 1607  351.35619  343.99213  2.10%     -   70s
     0     0  343.99271    0 1607  351.35619  343.99271  2.10%     -   71s
H    0     0                     346.8663011  343.99271  0.83%     -   80s
H    0     0                     346.8662261  343.99271  0.83%     -   80s
     0     0  344.43416    0 1506  346.86623  344.43416  0.70%     -   84s

Cutting planes:
  Learned: 42
  Gomory: 12
  Cover: 83
  Implied bound: 186
  Projected implied bound: 56
  Clique: 30
  MIR: 500
  Flow cover: 1108
  GUB cover: 2
  Zero half: 11
  RLT: 381
  Relax-and-lift: 63

Explored 1 nodes (16484 simplex iterations) in 84.32 seconds
Thread count was 32 (of 32 available processors)

Solution count 5: 346.866 346.866 351.356 ... 351.567

Optimal solution found (tolerance 1.00e-02)
Best objective 3.468662260847e+02, best bound 3.444341646171e+02, gap 0.7012%

Gurobi 9.1.0 (linux64) logging started Thu Aug 19 21:54:58 2021

Changed value of parameter LogFile to eab_parasitoid_2_2_0.8_bud.log
   Prev:   Default: 
Changed value of parameter MIPGap to 0.01
   Prev: 0.0001  Min: 0.0  Max: inf  Default: 0.0001
Changed value of parameter Method to 2
   Prev: -1  Min: -1  Max: 5  Default: -1
Changed value of parameter MIPFocus to 2
   Prev: 0  Min: 0  Max: 3  Default: 0
Changed value of parameter RINS to 100
   Prev: -1  Min: -1  Max: 2000000000  Default: -1
Changed value of parameter SolutionLimit to 1
   Prev: 2000000000  Min: 1  Max: 2000000000  Default: 2000000000
Gurobi Optimizer version 9.1.0 build v9.1.0rc0 (linux64)
Thread count: 32 physical cores, 32 logical processors, using up to 32 threads
Optimize a model with 203396 rows, 134935 columns and 685039 nonzeros
Model fingerprint: 0x39dbd5bb
Variable types: 55779 continuous, 79156 integer (79156 binary)
Coefficient statistics:
  Matrix range     [1e-04, 1e+05]
  Objective range  [1e-06, 1e-01]
  Bounds range     [1e+00, 6e+03]
  RHS range        [1e-04, 1e+05]

User MIP start produced solution with objective 346.967 (5.13s)
User MIP start produced solution with objective 346.879 (5.17s)
User MIP start produced solution with objective 346.852 (5.26s)
Loaded user MIP start with objective 346.852
Processed MIP start in 5.28 seconds


Explored 0 nodes (0 simplex iterations) in 5.31 seconds
Thread count was 1 (of 32 available processors)

Solution count 4: 346.852 

Solution limit reached
Best objective 3.468519009482e+02, best bound -, gap -
