
Gurobi 9.1.0 (linux64) logging started Sat Aug  7 07:00:15 2021

Changed value of parameter LogFile to eab_parasitoid_0.6_0_0_streetforest.log
   Prev:   Default: 
Changed value of parameter MIPGap to 0.01
   Prev: 0.0001  Min: 0.0  Max: inf  Default: 0.0001
Changed value of parameter Method to 2
   Prev: -1  Min: -1  Max: 5  Default: -1
Changed value of parameter MIPFocus to 2
   Prev: 0  Min: 0  Max: 3  Default: 0
Changed value of parameter RINS to 100
   Prev: -1  Min: -1  Max: 2000000000  Default: -1
Gurobi Optimizer version 9.1.0 build v9.1.0rc0 (linux64)
Thread count: 32 physical cores, 32 logical processors, using up to 32 threads
Optimize a model with 203386 rows, 134930 columns and 685029 nonzeros
Model fingerprint: 0x56c414a7
Variable types: 55774 continuous, 79156 integer (79156 binary)
Coefficient statistics:
  Matrix range     [2e-04, 1e+06]
  Objective range  [4e-06, 6e-01]
  Bounds range     [1e+00, 6e+03]
  RHS range        [1e-04, 1e+06]
Presolve removed 193777 rows and 127096 columns (presolve time = 5s) ...
Presolve removed 193793 rows and 127103 columns
Presolve time: 5.39s
Presolved: 9593 rows, 7827 columns, 130947 nonzeros
Variable types: 3397 continuous, 4430 integer (4430 binary)
Presolve removed 12 rows and 12 columns
Presolved: 9581 rows, 7815 columns, 130916 nonzeros

Root barrier log...

Ordering time: 0.49s

Barrier statistics:
 Dense cols : 148
 AA' NZ     : 5.675e+05
 Factor NZ  : 2.691e+06 (roughly 30 MBytes of memory)
 Factor Ops : 2.274e+09 (less than 1 second per iteration)
 Threads    : 31

                  Objective                Residual
Iter       Primal          Dual         Primal    Dual     Compl     Time
   0   4.63406453e+03 -4.86911850e+04  2.42e+04 4.87e-01  1.91e+02     7s
   1   3.36778687e+03 -5.56194341e+04  1.66e+04 1.01e+00  1.26e+02     7s
   2   1.03912062e+03 -5.31682884e+04  1.65e+03 1.45e-12  1.48e+01     7s
   3   7.10869758e+02 -2.89265371e+04  2.58e+02 6.52e-13  2.83e+00     8s
   4   5.89680984e+02 -1.30255441e+04  3.70e+01 1.12e-13  6.98e-01     8s
   5   5.53388354e+02 -4.67292377e+03  1.12e+01 6.45e-14  2.36e-01     8s
   6   5.30909924e+02 -1.15674502e+03  3.22e+00 2.28e-14  7.22e-02     8s
   7   5.14294101e+02 -5.48200014e+01  2.39e-03 7.01e-15  2.31e-02     8s
   8   5.05858258e+02  3.24576096e+02  6.32e-04 3.01e-15  7.31e-03     8s
   9   4.99767077e+02  4.41600311e+02  1.55e-04 2.66e-15  2.34e-03     9s
  10   4.98345939e+02  4.58366332e+02  1.10e-04 2.66e-15  1.61e-03     9s
  11   4.96059424e+02  4.74218051e+02  5.71e-05 8.88e-16  8.78e-04     9s
  12   4.95053157e+02  4.78207368e+02  3.47e-05 8.88e-16  6.77e-04     9s
  13   4.93908208e+02  4.87386354e+02  1.29e-05 8.88e-16  2.62e-04     9s
  14   4.93354851e+02  4.89670543e+02  5.54e-06 8.88e-16  1.48e-04     9s
  15   4.93043036e+02  4.90973214e+02  2.15e-06 8.88e-16  8.32e-05     9s
  16   4.92918106e+02  4.91718253e+02  9.10e-07 3.11e-15  4.82e-05     9s
  17   4.92897748e+02  4.91994748e+02  7.40e-07 8.88e-16  3.63e-05    10s
  18   4.92858262e+02  4.92400825e+02  4.28e-07 4.44e-16  1.84e-05    10s
  19   4.92823435e+02  4.92596890e+02  1.61e-07 1.78e-15  9.10e-06    10s
  20   4.92805610e+02  4.92709980e+02  4.02e-08 8.88e-16  3.84e-06    10s
  21   4.92802016e+02  4.92750983e+02  2.18e-08 2.24e-15  2.05e-06    10s
  22   4.92800804e+02  4.92763571e+02  1.60e-08 1.08e-15  1.50e-06    10s
  23   4.92800508e+02  4.92774708e+02  1.45e-08 5.46e-16  1.04e-06    10s
  24   4.92799129e+02  4.92785407e+02  8.29e-09 7.55e-15  5.51e-07    10s
  25   4.92798545e+02  4.92789726e+02  5.95e-09 1.33e-15  3.54e-07    11s
  26   4.92797488e+02  4.92793320e+02  1.83e-09 4.44e-16  1.67e-07    11s
  27   4.92797163e+02  4.92795388e+02  5.66e-10 1.33e-15  7.13e-08    11s
  28   4.92797058e+02  4.92795905e+02  2.32e-10 1.78e-15  4.63e-08    11s
  29   4.92797041e+02  4.92796285e+02  1.81e-10 9.21e-16  3.04e-08    11s
  30   4.92797019e+02  4.92796622e+02  1.13e-10 2.22e-15  1.60e-08    11s
  31   4.92796999e+02  4.92796814e+02  4.40e-11 3.11e-15  7.41e-09    11s
  32   4.92796987e+02  4.92796938e+02  3.81e-13 3.11e-15  1.94e-09    11s
  33   4.92796986e+02  4.92796962e+02  4.09e-14 1.78e-15  9.37e-10    11s
  34   4.92796986e+02  4.92796976e+02  3.35e-14 4.00e-15  3.84e-10    12s
  35   4.92796986e+02  4.92796978e+02  3.20e-14 8.88e-16  3.20e-10    12s
  36   4.92796985e+02  4.92796984e+02  3.36e-14 5.77e-15  3.68e-11    12s

Barrier solved model in 36 iterations and 11.80 seconds
Optimal objective 4.92796985e+02


Root crossover log...

     586 DPushes remaining with DInf 0.0000000e+00                12s
       0 DPushes remaining with DInf 0.0000000e+00                12s

    3755 PPushes remaining with PInf 1.0690997e-06                12s
       0 PPushes remaining with PInf 0.0000000e+00                12s

  Push phase complete: Pinf 0.0000000e+00, Dinf 4.9384430e-03     12s


Root simplex log...

Iteration    Objective       Primal Inf.    Dual Inf.      Time
    4189    4.9279699e+02   0.000000e+00   4.938443e-03     12s
    4197    4.9279699e+02   0.000000e+00   0.000000e+00     12s
    4197    4.9279699e+02   0.000000e+00   0.000000e+00     12s

Root relaxation: objective 4.927970e+02, 4197 iterations, 6.44 seconds

    Nodes    |    Current Node    |     Objective Bounds      |     Work
 Expl Unexpl |  Obj  Depth IntInf | Incumbent    BestBd   Gap | It/Node Time

     0     0  492.79743    0 2049          -  492.79743      -     -   12s
     0     0  532.09102    0 2370          -  532.09102      -     -   16s
     0     0  533.24483    0 2508          -  533.24483      -     -   21s
     0     0  533.53514    0 2524          -  533.53514      -     -   23s
     0     0  533.56252    0 2519          -  533.56252      -     -   24s
     0     0  533.56372    0 2521          -  533.56372      -     -   24s
     0     0  536.97564    0 2509          -  536.97564      -     -   32s
     0     0  539.74004    0 2448          -  539.74004      -     -   40s
H    0     0                     631.3904988  539.74004  14.5%     -   43s
H    0     0                     631.3574473  539.74004  14.5%     -   43s
     0     0  540.33445    0 2404  631.35745  540.33445  14.4%     -   44s
     0     0  540.41268    0 2333  631.35745  540.41268  14.4%     -   45s
     0     0  540.43107    0 2322  631.35745  540.43107  14.4%     -   45s
     0     0  541.35371    0 2162  631.35745  541.35371  14.3%     -   51s
     0     0  541.64924    0 2163  631.35745  541.64924  14.2%     -   54s
     0     0  541.70156    0 2140  631.35745  541.70156  14.2%     -   55s
     0     0  541.71209    0 2157  631.35745  541.71209  14.2%     -   55s
     0     0  542.36238    0 2161  631.35745  542.36238  14.1%     -   62s
H    0     0                     631.3381733  542.36238  14.1%     -   62s
     0     0  542.53870    0 2170  631.33817  542.53870  14.1%     -   67s
     0     0  542.55932    0 2142  631.33817  542.55932  14.1%     -   69s
H    0     0                     579.5466393  542.55932  6.38%     -   78s
H    0     0                     579.5466378  542.55932  6.38%     -   78s
     0     0  542.93844    0 2087  579.54664  542.93844  6.32%     -   78s
     0     0  543.03868    0 2075  579.54664  543.03868  6.30%     -   81s
     0     0  543.05194    0 2084  579.54664  543.05194  6.30%     -   82s
     0     0  543.71203    0 2079  579.54664  543.71203  6.18%     -   92s
     0     0  543.92846    0 2069  579.54664  543.92846  6.15%     -   97s
     0     0  543.98485    0 2067  579.54664  543.98485  6.14%     -   99s
     0     0  544.00510    0 2063  579.54664  544.00510  6.13%     -  101s
H    0     0                     579.5388260  544.00510  6.13%     -  108s
     0     0  544.25371    0 2033  579.53883  544.25371  6.09%     -  110s
     0     0  544.31835    0 2023  579.53883  544.31835  6.08%     -  113s
     0     0  544.34800    0 2042  579.53883  544.34800  6.07%     -  115s
H    0     0                     579.5388037  544.34800  6.07%     -  123s
     0     0  544.42355    0 2028  579.53880  544.42355  6.06%     -  123s
     0     0  544.42355    0 2028  579.53880  544.42355  6.06%     -  126s
H    0     0                     578.8132092  544.42355  5.94%     -  231s
H    0     2                     578.8131806  544.42355  5.94%     -  232s
     0     2  544.42355    0 2020  578.81318  544.42355  5.94%     -  232s
     1     4  554.31066    1 2024  578.81318  544.42361  5.94%  2558  235s
     3     8  560.40441    2 2027  578.81318  544.58336  5.91%  2192  244s
     5     8  545.05990    2 1923  578.81318  545.05990  5.83%  2105  245s
     7    16  564.45159    3 1926  578.81318  545.05990  5.83%  2265  250s
    15    32  571.91656    4 1938  578.81318  546.02900  5.66%  2725  257s
H   31    64                     578.8130779  546.71459  5.55%  3306  275s
H   33    64                     578.8130702  546.71459  5.55%  3209  275s
H   34    64                     578.8130669  546.71459  5.55%  3192  275s
H   43    64                     578.8130630  546.71459  5.55%  2984  275s
H   49    64                     578.8130567  546.90344  5.51%  3017  275s
H   59    64                     578.8127925  546.90344  5.51%  2843  275s
    63    96  572.40160    6 1941  578.81279  546.90344  5.51%  2838  997s
    95   128  572.67246    7 1931  578.81279  546.90626  5.51%  2898 1130s
H   99   128                     578.6815655  546.90626  5.49%  2828 1130s
H  109   128                     578.6815646  546.90626  5.49%  2709 1131s
H  111   128                     578.6062914  546.90626  5.48%  2688 1131s
H  127   160                     577.1963369  546.90626  5.25%  2555 1525s
H  128   160                     576.8509362  546.90626  5.19%  2545 1525s
H  129   160                     576.3920267  546.90626  5.12%  2534 1525s
H  132   160                     576.3919610  546.90626  5.12%  2499 1525s
H  137   160                     576.0426157  546.90626  5.06%  2443 1525s
H  143   160                     575.9798247  546.90626  5.05%  2417 1525s
   159   192  572.59585    8 1923  575.97982  546.90626  5.05%  2305 2117s
H  160   192                     575.9794806  546.90626  5.05%  2291 2117s
H  161   192                     575.8576324  546.90626  5.03%  2285 2117s
H  162   192                     575.1365291  546.90626  4.91%  2284 2117s
H  191   224                     574.5658811  546.90626  4.81%  2153 2487s
H  192   224                     574.2218408  546.90626  4.76%  2153 2487s
H  195   224                     573.7190833  546.90626  4.67%  2132 2487s
H  201   224                     573.6979914  546.90626  4.67%  2106 2487s
H  203   224                     573.3695685  546.90626  4.62%  2099 2487s
   223   266  572.84924   10 1926  573.36957  546.90626  4.62%  2038 2770s
   273   301  573.16407   11 1920  573.36957  546.90626  4.62%  2019 2986s
   316   339     cutoff   12       573.36957  546.90626  4.62%  2104 3158s
   366   391     cutoff   12       573.36957  546.90626  4.62%  2036 3301s
   433   465  567.00330   11 1849  573.36957  546.90626  4.62%  1891 3429s
   509   539     cutoff   13       573.36957  546.90626  4.62%  1739 3516s
   599   576     cutoff   13       573.36957  546.90626  4.62%  1603 5896s
H  602   576                     573.3694571  546.90626  4.62%  1602 5896s
H  613   576                     573.3678817  546.90626  4.62%  1598 5896s
H  619   576                     573.3336444  546.90626  4.61%  1590 5896s
H  623   576                     573.2380568  546.90626  4.59%  1582 5896s
   660   670     cutoff   12       573.23806  546.90626  4.59%  1527 6068s
   780   758  566.94551   12 1835  573.23806  546.90626  4.59%  1393 6237s
   887   864  568.14222   13 1834  573.23806  546.90626  4.59%  1310 6389s
  1013  1012  568.15958   14 1826  573.23806  546.90626  4.59%  1222 6540s
  1177  1175  568.49352   20 1789  573.23806  546.90626  4.59%  1109 6739s
  1350  1384  569.41205   25 1774  573.23806  546.90626  4.59%  1019 6922s
  1575  1585 infeasible   32       573.23806  546.90626  4.59%   912 7193s
  1802  1804  570.12932   32 1752  573.23806  546.90626  4.59%   833 7366s
  2048  2050  571.00483   34 1727  573.23806  546.90626  4.59%   761 7560s
  2320  2326  572.74530   46 1711  573.23806  546.90626  4.59%   699 7683s
  2613  2620  573.08661   54 1692  573.23806  547.60377  4.47%   643 7783s
  2930  2953  552.78229    7 1832  573.23806  547.60377  4.47%   595 7860s
H 3273  2952                     573.2284511  547.60377  4.47%   553 8853s
  3274  2953  554.31758   17 2028  573.22845  547.60377  4.47%   553 8912s
H 3275  2806                     573.2283314  547.60377  4.47%   552 8925s
  3277  2807  566.94955   46 2357  573.22833  547.60377  4.47%   552 8932s
  3278  2808  566.43731   53 2474  573.22833  547.60377  4.47%   552 8936s
  3279  2808  562.24977  118 2295  573.22833  547.60377  4.47%   552 8940s
  3281  2810  554.64130   30 2141  573.22833  547.60377  4.47%   551 8950s
  3283  2811  561.32905   86 1933  573.22833  547.60377  4.47%   551 8964s
  3284  2812  562.19358   23 1908  573.22833  547.60377  4.47%   551 8968s
  3285  2812  565.58670  124 1871  573.22833  547.60377  4.47%   551 8974s
  3286  2813  569.49013  140 1918  573.22833  547.60377  4.47%   551 8976s
  3287  2814  568.07261   60 1902  573.22833  547.60377  4.47%   550 8982s
  3288  2814  564.87178   29 1924  573.22833  547.60377  4.47%   550 8986s
  3290  2816  568.39344  120 1922  573.22833  547.60377  4.47%   550 8992s
H 3290  2675                     573.2283267  547.60377  4.47%   550 8997s
  3292  2676  569.18124   41 1862  573.22833  547.60377  4.47%   550 9034s
H 3292  2542                     573.2283212  547.60377  4.47%   550 9037s
H 3292  2414                     573.2274545  547.60377  4.47%   550 9037s
  3294  2415  571.76742   48 1820  573.22745  547.60377  4.47%   549 9041s
  3296  2417  564.86206   20 1790  573.22745  547.60377  4.47%   549 9047s
  3297  2417  569.42607   34 1816  573.22745  547.60377  4.47%   549 9052s
  3298  2418  572.21277   56 1806  573.22745  547.60377  4.47%   549 9057s
  3299  2419  573.18487   59 1819  573.22745  547.60377  4.47%   548 9070s
  3300  2419  566.56877   36 1769  573.22745  547.60377  4.47%   548 9084s
  3301  2420  566.60073   65 1779  573.22745  547.60377  4.47%   548 9086s
  3303  2421  568.71069  113 1766  573.22745  547.60377  4.47%   548 9091s
  3305  2423  559.31198   31 1769  573.22745  547.60377  4.47%   547 9098s
  3306  2423  568.03104  112 1768  573.22745  547.60377  4.47%   547 9110s
  3307  2424  566.59541   58 1761  573.22745  547.60377  4.47%   547 9124s
  3308  2425  567.27560   86 1782  573.22745  547.60377  4.47%   547 9126s
  3311  2427  567.97507   43 1768  573.22745  547.60377  4.47%   546 9131s
H 3311  2305                     573.2274509  547.60377  4.47%   546 9141s
  3313  2306  569.09809  122 1775  573.22745  547.67977  4.46%   546 9165s
H 3313  2190                     573.2271219  547.67977  4.46%   546 9167s
  3316  2192  556.60515   13 1801  573.22712  547.86088  4.43%   546 9171s
  3317  2193  562.43045   58 1808  573.22712  547.87007  4.42%   545 9185s
  3318  2193  562.42855   44 1790  573.22712  548.02610  4.40%   545 9221s
  3319  2194  557.40434   10 1798  573.22712  548.05876  4.39%   545 9225s
  3320  2195  571.30964   44 1799  573.22712  548.08247  4.39%   545 9230s
  3321  2195  557.69800   19 1793  573.22712  548.09692  4.38%   545 9258s
  3322  2196  563.44468  138 1820  573.22712  548.16532  4.37%   545 9291s
  3323  2197  563.23343   22 1809  573.22712  548.19059  4.37%   544 9295s
  3324  2197  568.00248  113 1815  573.22712  548.19667  4.37%   544 9311s
  3325  2198  570.17518   57 1798  573.22712  548.29511  4.35%   544 9371s
  3326  2199  572.20548    7 1798  573.22712  548.29511  4.35%   544 9395s
H 3326  2088                     573.1879635  548.29769  4.34%   544 9578s
H 3327  1985                     573.1879633  548.29769  4.34%   568 9580s
  3328  1987  560.83448   12 1730  573.18796  548.29769  4.34%   568 10034s
  3330  1986     cutoff   13       573.18796  550.17668  4.01%   570 10276s
  3334  1989  551.32528   14 1807  573.18796  551.05547  3.86%   572 11131s
  3338  1996  551.70033   15 1825  573.18796  551.21099  3.83%   575 11288s
  3346  2007  557.55537   16 1765  573.18796  551.27948  3.82%   583 11417s
H 3362  1920                     573.1879632  551.99605  3.70%   596 11575s
H 3363  1824                     573.1570065  551.99605  3.69%   597 11575s
H 3379  1729                     573.1339161  554.81807  3.20%   613 11575s
  3392  1747     cutoff   18       573.13392  555.27151  3.12%   624 11665s
  3424  1759  556.75994   19 1777  573.13392  555.32463  3.11%   646 11749s
  3442  1753  562.61655   18 1815  573.13392  555.32463  3.11%   661 11750s
  3456  1762  557.38104   20 1774  573.13392  555.32463  3.11%   669 11927s
H 3488  1689                     573.1336573  555.74862  3.03%   684 12064s
H 3490  1606                     573.0745576  555.74862  3.02%   685 12064s
H 3491  1529                     573.0002450  555.74862  3.01%   685 12064s
H 3498  1452                     573.0001107  555.74862  3.01%   688 12064s
  3521  1480  558.85532   22 1710  573.00011  555.74862  3.01%   698 12149s
H 3566  1426                     572.9464930  555.74862  3.00%   705 12210s
H 3567  1359                     572.9378361  555.74862  3.00%   705 12210s
H 3573  1294                     572.9215665  555.74862  3.00%   706 12210s
  3604  1312  559.43649   24 1703  572.92157  555.74862  3.00%   709 12246s
  3649  1367  559.95463   25 1695  572.92157  555.74862  3.00%   715 12284s
  3723  1401  560.07814   28 1700  572.92157  555.74862  3.00%   713 12342s
  3784  1424  560.20141   30 1707  572.92157  555.74862  3.00%   716 12397s
  3837  1467  560.58468   32 1674  572.92157  555.74862  3.00%   717 12450s
  3906  1506  560.87222   33 1682  572.92157  555.74862  3.00%   715 12504s
  3985  1546  561.29522   35 1666  572.92157  555.74862  3.00%   710 12592s
H 4079  1477                     572.9208988  555.74862  3.00%   704 13827s
H 4123  1426                     572.9208984  555.74862  3.00%   704 15169s
H 4128  1370                     572.9130746  555.74862  3.00%   704 15169s
H 4164  1334                     572.9130718  555.74862  3.00%   706 15512s
H 4165  1285                     572.9130684  555.74862  3.00%   706 15512s
H 4172  1236                     572.9076784  555.74862  3.00%   706 15512s
H 4175  1191                     572.9076765  555.74862  3.00%   706 15512s
  4199  1230  562.49558   42 1654  572.90768  555.74862  3.00%   708 16322s
H 4202  1188                     572.9076745  555.74862  3.00%   708 16322s
H 4221  1141                     572.9076744  555.74862  3.00%   708 16322s
  4270  1197  562.68914   44 1652  572.90767  555.74862  3.00%   707 16346s
  4378  1251  563.38717   47 1664  572.90767  555.74862  3.00%   714 16361s
  4510  1260  563.77616   51 1671  572.90767  555.74862  3.00%   717 16379s
  4601  1328  564.80441   54 1632  572.90767  555.74862  3.00%   722 16396s
  4745  1414  565.70845   62 1626  572.90767  555.74862  3.00%   722 16416s
  4925  1500  566.62107   71 1627  572.90767  555.74862  3.00%   714 16435s
  5114  1643  567.19185   80 1618  572.90767  555.74862  3.00%   705 16446s
  5355  1759  567.45866   92 1610  572.90767  555.74862  3.00%   689 16461s
  5592  1881  567.91934  105 1581  572.90767  555.74862  3.00%   672 16715s
H 5720  1881                     572.9076740  555.74862  3.00%   666 16715s
  5789  2113  568.17570  114 1578  572.90767  555.74862  3.00%   663 16994s
  6061  2371  568.67356  126 1546  572.90767  555.74862  3.00%   647 17117s
  6397  2464  569.13243  144 1486  572.90767  555.74862  3.00%   628 17985s
H 6400  2464                     572.9076739  555.74862  3.00%   628 17985s
H 6424  2464                     572.9076737  555.74862  3.00%   628 17985s
  6538  2787  569.19449  148 1473  572.90767  555.74862  3.00%   625 18038s
  6895  2956  569.63647  169 1450  572.90767  555.74862  3.00%   607 18702s
H 7069  2956                     572.9076736  555.74862  3.00%   600 18702s
  7088  3279  569.71961  175 1438  572.90767  555.74862  3.00%   599 19356s
  7482  3655  570.06316  188 1395  572.90767  555.74862  3.00%   579 20040s
  7956  4077  570.31136  207 1374  572.90767  555.74862  3.00%   558 20102s
  8462  4580  570.60303  234 1323  572.90767  555.74862  3.00%   542 20144s
  8983  5075  570.86977  259 1265  572.90767  555.74862  3.00%   524 20372s
  9523  5983  571.09342  277 1245  572.90767  555.74862  3.00%   506 20652s
 10564  6743  571.31316  316 1137  572.90767  555.74862  3.00%   472 21209s
H10600  6738                     572.8741038  555.74862  2.99%   471 21209s
 11514  7883  571.55799  353 1072  572.87410  555.74862  2.99%   448 21301s
 12706  9384  571.91487  405  970  572.87410  555.74862  2.99%   421 21386s
 14246 10689  572.25089  464  852  572.87410  555.74862  2.99%   387 21536s
H14300 10613                     572.7218615  555.74862  2.96%   385 21536s
 15706 11437  572.36977  519  774  572.72186  555.74862  2.96%   360 21607s
H15737 11429                     572.7157125  555.74862  2.96%   360 21607s
 16653 12620  572.54521  578  602  572.71571  559.39614  2.33%   348 22400s
 18044 13907  568.35002   20 1794  572.71571  559.39614  2.33%   331 23396s
 19535 15215  570.71047   25 1702  572.71571  559.52646  2.30%   317 23568s
 21012 16668  566.16836   26 1705  572.71571  559.52646  2.30%   306 23666s
 22574 17536  569.40279   38 1692  572.71571  559.52646  2.30%   295 24069s
 23511 19291  571.06179   45 1670  572.71571  560.63294  2.11%   289 24296s
 25581 19778  568.44299   25 1719  572.71571  561.37515  1.98%   278 24808s
 26139 21222  570.95466   35 1696  572.71571  561.38317  1.98%   279 25253s
 27779 21881  567.34958   49 1661  572.71571  561.56167  1.95%   274 26073s
 28544 23353  569.90299   71 1611  572.71571  561.64882  1.93%   271 27047s
 30266 25301  568.43935   49 1660  572.71571  561.64882  1.93%   266 28040s
 32447 27176  572.53434   84 1601  572.71571  561.77371  1.91%   258 28742s
 34514 29953  569.07037   80 1617  572.71571  561.79833  1.91%   253 29539s
 37676 31207  565.97247   33 1705  572.71571  561.80672  1.90%   246 29774s
 39033 33451  570.46042   58 1621  572.71571  561.83917  1.90%   243 31112s
H41395 32536                     572.5975595  561.83917  1.88%   237 31113s
 41496 34149  563.98214   35 1694  572.59756  561.83917  1.88%   237 32013s
H41500 34148                     572.5964706  561.83917  1.88%   237 32014s
 43382 35564  564.96811   41 1691  572.59647  561.83917  1.88%   231 32825s
H43400 35564                     572.5964700  561.83917  1.88%   231 32825s
H43588 35564                     572.5964695  561.83917  1.88%   231 32825s
H44914 35564                     572.5964690  561.83917  1.88%   230 32825s
 45016 38752  566.99935   57 1668  572.59647  561.83917  1.88%   230 33262s
H46062 38752                     572.5964687  561.83917  1.88%   229 33262s
H46305 38477                     572.5680849  561.83917  1.87%   228 33262s
 48552 40776  569.62200  110 1580  572.56808  561.83917  1.87%   224 33700s
H48882 40776                     572.5680847  561.83917  1.87%   223 33700s
H49651 40776                     572.5680845  561.83917  1.87%   222 33700s
H50488 40776                     572.5680835  561.83917  1.87%   220 33700s
 51142 43443  570.30226  136 1492  572.56808  561.83917  1.87%   218 34496s
H51427 43443                     572.5680833  561.83917  1.87%   218 34496s
H51695 43443                     572.5680832  561.83917  1.87%   218 34496s
H52661 43443                     572.5680831  561.83917  1.87%   217 34496s
 54283 44558  570.99427  180 1433  572.56808  561.83917  1.87%   214 35050s
H54400 44558                     572.5680829  561.83917  1.87%   213 35050s
H54963 44558                     572.5680814  561.83917  1.87%   213 35050s
 55617 46837  571.60085  234 1334  572.56808  561.83917  1.87%   214 36561s
H56842 46837                     572.5680812  561.83917  1.87%   212 36562s
 58127 49984  571.95068  273 1253  572.56808  561.83917  1.87%   212 37834s
 58979 49984  570.12941   39 1683  572.56808  561.83917  1.87%   211 37835s
 61950 52401  572.45913  357 1054  572.56808  562.08270  1.83%   213 39633s
H63686 52401                     572.5680812  562.26233  1.80%   216 39634s
 64142 52401  569.34740   77 1621  572.56808  562.26233  1.80%   217 39635s
 64990 54893  570.74997   78 1643  572.56808  562.49242  1.76%   218 40564s
H65100 54780                     572.5608610  562.49242  1.76%   218 40564s
 67817 58764  565.56747   33 1707  572.56086  562.51539  1.75%   216 42563s
H67900 58764                     572.5608609  562.51539  1.75%   216 42564s
H69620 58764                     572.5608595  562.59910  1.74%   214 42564s
H72428 58764                     572.5608593  562.59910  1.74%   212 42566s
 72463 61742  568.01511   53 1674  572.56086  562.64482  1.73%   212 43689s
H72600 61742                     572.5608592  562.64482  1.73%   212 43689s
H72729 61742                     572.5608589  562.65286  1.73%   212 43689s
H74473 61742                     572.5608589  562.65286  1.73%   210 43689s
 75842 65389  566.45923   23 1729  572.56086  562.68305  1.73%   209 44556s
H75959 65389                     572.5608588  562.68305  1.73%   209 44557s
H78822 65389                     572.5608583  562.68305  1.73%   206 44558s
 79854 68713  570.32684   54 1667  572.56086  562.74183  1.71%   206 45641s
H80811 68713                     572.5608582  562.76385  1.71%   205 45642s
H82344 68275                     572.5349822  562.76385  1.71%   205 45643s
 83761 71241 infeasible   42       572.53498  562.77209  1.71%   204 47237s
H83800 71144                     572.5307903  562.77209  1.70%   204 47238s
H84160 71039                     572.5259659  562.77209  1.70%   204 47238s
H84519 71039                     572.5259498  562.77209  1.70%   204 47239s
 86599 71039  568.61127   70 1643  572.52595  562.77209  1.70%   204 47240s
H86992 70923                     572.5204494  562.77209  1.70%   204 47240s
 87314 73785  571.05745   52 1698  572.52045  562.81702  1.69%   205 48951s
H87400 73783                     572.5203972  562.81702  1.69%   205 48952s
H87708 73783                     572.5203970  562.81702  1.69%   205 48952s
H88359 73783                     572.5203949  562.81702  1.69%   205 48953s
H89000 73783                     572.5203947  562.81702  1.69%   206 48954s
 89395 73783  571.69426   47 1685  572.52039  562.81702  1.69%   206 48955s
H89655 73783                     572.5203945  562.81702  1.69%   207 48955s
H90159 73783                     572.5203906  562.81702  1.69%   208 48956s
H90610 73762                     572.5196229  562.81702  1.69%   208 48956s
 90972 77145  571.26864  120 1549  572.51962  562.97370  1.67%   209 50108s
H91100 77086                     572.5163539  562.97370  1.67%   209 50108s
H91229 76309                     572.4861266  562.98022  1.66%   209 50108s
H91616 76309                     572.4861224  562.98645  1.66%   209 50109s
 94674 80765  570.02270   99 1586  572.48612  562.99501  1.66%   208 51037s
H94700 80765                     572.4861222  562.99501  1.66%   208 51037s
H94800 80765                     572.4861199  562.99501  1.66%   207 51037s
H95269 80765                     572.4861198  563.01299  1.65%   207 51038s
H95744 80536                     572.4768805  563.01299  1.65%   207 51038s
H96504 80315                     572.4686340  563.01299  1.65%   206 51038s
 99614 84004  571.67750   98 1562  572.46863  563.04142  1.65%   204 52351s
H99700 83537                     572.4551855  563.04142  1.64%   204 52352s
H100235 83077                     572.4407318  563.06711  1.64%   205 52353s
 103963 85163  569.71601   66 1658  572.44073  563.08354  1.63%   206 54391s
H104198 85163                     572.4407299  563.08354  1.63%   206 54392s
H106494 85163                     572.4407298  563.08354  1.63%   210 54393s
 106518 88833 infeasible  129       572.44073  563.09071  1.63%   210 56244s
H106783 88833                     572.4407297  563.11578  1.63%   210 56245s
 111111 92488  568.67863   67 1641  572.44073  563.12053  1.63%   211 57553s
H111670 92488                     572.4407296  563.13243  1.63%   211 57554s
H111950 92488                     572.4407295  563.13601  1.63%   211 57555s
H113584 92488                     572.4407294  563.15424  1.62%   211 57556s
 115412 96579  571.29358   83 1632  572.44073  563.16557  1.62%   211 59270s
H116029 96579                     572.4407288  563.19637  1.61%   211 59271s
 120305 101093  569.82144   59 1666  572.44073  563.23633  1.61%   209 60587s
 125448 103971  566.68309   43 1693  572.44073  563.27764  1.60%   206 61962s
 128676 106589  569.41424   34 1580  572.44073  563.28343  1.60%   205 63036s
H131106 106302                     572.4324156  563.28566  1.60%   204 63037s
 131749 109236  564.73284   40 1702  572.43242  563.28566  1.60%   203 64129s
H131800 109236                     572.4324155  563.28566  1.60%   203 64130s
H132192 109236                     572.4324153  563.28566  1.60%   203 64131s
H132568 109236                     572.4324148  563.28566  1.60%   203 64132s
H133252 109236                     572.4324136  563.28566  1.60%   203 64133s
 135266 111238  572.22452  126 1537  572.43241  563.33892  1.59%   203 65825s
 137539 115156  566.22922   40 1707  572.43241  563.33892  1.59%   203 67148s
 142094 116414     cutoff  144       572.43241  563.37468  1.58%   201 68101s
H143319 116414                     572.4324136  563.40668  1.58%   202 68101s
 143696 118474  566.17857   38 1714  572.43241  563.40668  1.58%   202 69077s
H145819 118474                     572.4324129  563.40668  1.58%   203 69078s
 146136 121692     cutoff  135       572.43241  563.41500  1.58%   203 70215s
H146988 121692                     572.4324129  563.44974  1.57%   203 70215s
H148072 121692                     572.4324127  563.46651  1.57%   203 70215s
 150121 125653  565.77364   44 1694  572.43241  563.48759  1.56%   203 71970s
 154697 127660  572.01052  224 1342  572.43241  563.50266  1.56%   203 73327s
H155077 127660                     572.4324102  563.50266  1.56%   203 73327s
 157032 131843  570.86522   86 1581  572.43241  563.52097  1.56%   202 75770s
H157100 131843                     572.4324099  563.52097  1.56%   202 75772s
H159429 130853                     572.4072071  563.52419  1.55%   202 75774s
 160719 130853  571.06005  176 1467  572.40721  563.52419  1.55%   202 75775s
 161918 134762  568.90456   63 1641  572.40721  563.53604  1.55%   201 76985s
H162183 134762                     572.4072070  563.53604  1.55%   201 76986s
H162366 134762                     572.4072067  563.53604  1.55%   201 76986s
H162803 134762                     572.4072065  563.53604  1.55%   201 76986s
H164388 134762                     572.4072065  563.53604  1.55%   201 76986s
 166407 139441  568.04659   40 1719  572.40721  563.53724  1.55%   201 77878s
H166882 139441                     572.4072061  563.59238  1.54%   201 77879s
H168664 139441                     572.4072060  563.59238  1.54%   200 77879s
 171438 142836  568.98071   69 1644  572.40721  563.59367  1.54%   199 78909s
 172876 142836  569.46026  101 1594  572.40721  563.59853  1.54%   199 78910s
 175510 147196  571.60022   68 1631  572.40721  563.60326  1.54%   198 80142s
 180406 151166  572.11372  186 1445  572.40721  563.61303  1.54%   196 82013s
H182277 151166                     572.4072060  563.63773  1.53%   196 82014s
H184120 151166                     572.4072047  563.63773  1.53%   196 82015s
 185088 152916  566.14997   41 1700  572.40720  563.63773  1.53%   196 82651s
 187096 155533  566.97630   47 1695  572.40720  563.63773  1.53%   197 83796s
 189982 159394  569.99963   82 1608  572.40720  563.63773  1.53%   197 84926s
H192404 159394                     572.4072047  563.63773  1.53%   197 84927s
H193487 159394                     572.4072045  563.63773  1.53%   196 84927s
 194276 163084  571.28580  115 1564  572.40720  563.63773  1.53%   196 86858s
H194400 163084                     572.4072042  563.63773  1.53%   196 86860s
 198501 168372     cutoff  165       572.40720  563.66191  1.53%   195 88221s
H199836 168372                     572.4072039  563.70145  1.52%   195 88221s
 204551 172170  567.91866   47 1674  572.40720  563.72769  1.52%   194 89255s
H204600 172170                     572.4072037  563.72769  1.52%   194 89255s
 208835 176037  571.92619  101 1586  572.40720  563.73191  1.52%   193 90876s
 213375 178517  569.43726   52 1681  572.40720  563.74087  1.51%   194 92791s
 216180 178517  570.48924   51 1694  572.40720  563.76349  1.51%   194 92795s
 216432 182419  569.62501   97 1591  572.40720  563.77208  1.51%   194 94305s
H218855 182419                     572.4072035  563.79179  1.51%   194 94306s
 220932 187088  571.40648   95 1586  572.40720  563.80302  1.50%   195 95654s
 222139 187088  568.16393   50 1675  572.40720  563.80302  1.50%   194 95655s
 226108 191960  569.64536  118 1534  572.40720  563.80629  1.50%   194 96240s
 231469 195833  566.19293   42 1709  572.40720  563.81432  1.50%   192 97791s
 235762 198903  571.32047  131 1517  572.40720  563.82991  1.50%   191 98899s
 238698 198903  570.72988  127 1523  572.40720  563.82991  1.50%   191 98900s
 239419 201664  571.56405   81 1614  572.40720  563.85642  1.49%   191 100446s
 242882 204223  568.74937   35 1715  572.40720  563.88945  1.49%   191 101726s
 246082 208071  569.02953   49 1683  572.40720  563.89355  1.49%   191 102830s
 250496 210525  571.89998  117 1531  572.40720  563.91202  1.48%   191 104611s
H250997 210525                     572.4072032  563.91202  1.48%   191 104613s
 253418 212777  571.77563  115 1538  572.40720  563.92008  1.48%   191 107090s
 256332 216078  566.35350   41 1687  572.40720  563.92016  1.48%   193 108570s
 260602 220867  570.22017  109 1551  572.40720  563.95067  1.48%   196 110449s
 263422 220867  571.30476  106 1560  572.40720  563.97636  1.47%   196 110450s
 266415 224566     cutoff  133       572.40720  563.98938  1.47%   196 112470s
 270852 227610  571.99107  179 1413  572.40720  564.00684  1.47%   196 114414s
 271375 227610  566.88037   51 1696  572.40720  564.00815  1.47%   196 114415s
 274561 230838  568.72405   85 1604  572.40720  564.00815  1.47%   197 116200s
 278264 234721  572.01157  276 1246  572.40720  564.01052  1.47%   197 117102s
H279353 231643                     572.3590062  564.02186  1.46%   197 117104s
 282879 233998  571.09148  102 1583  572.35901  564.02310  1.46%   197 118906s
H282900 233998                     572.3590060  564.02310  1.46%   197 118907s
H283000 233998                     572.3590057  564.02310  1.46%   197 118908s
H283047 233998                     572.3590056  564.04187  1.45%   197 118908s
H283169 233998                     572.3590055  564.04187  1.45%   197 118908s
H284195 233998                     572.3590051  564.04187  1.45%   197 118909s
 285111 233998  566.44494   56 1659  572.35901  564.04187  1.45%   197 118910s
 286190 236966  569.78901   75 1630  572.35901  564.04187  1.45%   197 120468s
H286744 236966                     572.3590047  564.04187  1.45%   197 120470s
H287122 236966                     572.3590046  564.04187  1.45%   197 120470s
H288321 236966                     572.3590030  564.04187  1.45%   197 120470s
 289403 241788  571.91892  129 1527  572.35900  564.05142  1.45%   197 122091s
H291580 241788                     572.3590029  564.05142  1.45%   197 122092s
H291680 241788                     572.3590025  564.05142  1.45%   197 122092s
H291929 241788                     572.3590017  564.05142  1.45%   197 122093s
 294983 244626  569.94649   79 1617  572.35900  564.05142  1.45%   196 122731s
H295436 244626                     572.3590016  564.05142  1.45%   196 122731s
 298077 247350  571.98447  133 1520  572.35900  564.05971  1.45%   196 124383s
 301138 247350  567.61395   50 1694  572.35900  564.07149  1.45%   197 124385s
 301386 249305  568.19191   45 1692  572.35900  564.07867  1.45%   197 126431s
H302618 249305                     572.3590015  564.07867  1.45%   197 126433s
 303715 253201  569.03510   76 1630  572.35900  564.08203  1.45%   197 129259s
 304451 253201  566.11856   41 1702  572.35900  564.10064  1.44%   197 129260s
 308456 256076  570.14948   74 1631  572.35900  564.11543  1.44%   198 130475s
 311950 258844  566.67091   52 1685  572.35900  564.11746  1.44%   198 131871s
 315198 261501  571.04224  133 1480  572.35900  564.11746  1.44%   198 133786s
 318185 264441  571.99757  208 1342  572.35900  564.13325  1.44%   198 135807s
 321504 268823  569.66375   76 1619  572.35900  564.14341  1.44%   198 137894s
 326706 273372  566.18514   42 1684  572.35900  564.15948  1.43%   198 139648s
H327386 273372                     572.3590015  564.16190  1.43%   198 139650s
H329899 273372                     572.3590014  564.16190  1.43%   198 139651s
 331804 276676  566.55315   52 1671  572.35900  564.16190  1.43%   197 141208s
 335899 278749  572.29268  249 1262  572.35900  564.18699  1.43%   198 143535s
 338504 283812  571.89218  162 1458  572.35900  564.18818  1.43%   199 145166s
 344486 286381  569.07382   50 1692  572.35900  564.21581  1.42%   199 146565s
 347477 290008  566.04986   43 1690  572.35900  564.21911  1.42%   199 147925s
 351636 294043  571.84112  167 1471  572.35900  564.22550  1.42%   198 149965s
 356343 297006  567.83925   48 1704  572.35900  564.23681  1.42%   198 151212s
 359859 300758  569.99874   57 1656  572.35900  564.25338  1.42%   198 151923s
 363827 305407  570.67649   69 1644  572.35900  564.26390  1.41%   198 153354s
 367688 305407  572.28686  141 1525  572.35900  564.26555  1.41%   197 153355s
 368960 309555  569.17549   46 1708  572.35900  564.26801  1.41%   197 154622s
H373703 310353                     572.3590001  564.27092  1.41%   196 158774s
 373802 310353  566.87219   40 1711  572.35900  564.27092  1.41%   196 158775s
H374080 310353                     572.3589999  564.27092  1.41%   196 158777s
 374631 314109  571.78099   98 1591  572.35900  564.28086  1.41%   196 160380s
 379032 317873  566.81147   45 1689  572.35900  564.29895  1.41%   196 162730s
 383450 321069  571.68320   94 1582  572.35900  564.30321  1.41%   196 164038s
 387187 324193  570.76976   65 1636  572.35900  564.31528  1.41%   197 166153s
 390678 327318  571.10410  126 1523  572.35900  564.32029  1.40%   197 167935s
 394348 330602  568.77903   50 1681  572.35900  564.32470  1.40%   197 170816s
 398370 333848  567.39819   52 1655  572.35900  564.33708  1.40%   198 172420s
 402080 337051  572.32522  183 1409  572.35900  564.35024  1.40%   198 174050s
 405667 340946  571.24718  135 1508  572.35900  564.35283  1.40%   197 175162s
 410167 343790  571.51963   78 1618  572.35900  564.36315  1.40%   197 177848s
 413599 345624  570.51955   49 1705  572.35900  564.36737  1.40%   198 180105s
 415865 349036  570.30650   52 1698  572.35900  564.37484  1.39%   199 181766s
 420296 352132  569.28486   80 1614  572.35900  564.38005  1.39%   200 183199s
 424085 355241  571.98591  185 1372  572.35900  564.38118  1.39%   200 184909s
 424852 355241  571.29175   86 1622  572.35900  564.39440  1.39%   200 184910s
 427825 358932  569.83086   51 1709  572.35900  564.39704  1.39%   200 186812s
 432030 362794  569.53637   67 1634  572.35900  564.40834  1.39%   200 188614s
 432442 362794  571.09089   55 1686  572.35900  564.41695  1.39%   200 188615s
 436614 365667  572.11741  125 1537  572.35900  564.42319  1.39%   199 190295s
 440494 367694  567.78718   50 1670  572.35900  564.42319  1.39%   199 191169s
 441063 367694  571.69184  126 1542  572.35900  564.42319  1.39%   199 191170s
 442841 371119  571.14444   89 1597  572.35900  564.42587  1.39%   199 192357s
 446950 373606  571.44853   70 1632  572.35900  564.43311  1.38%   199 193710s
 450163 376273  565.47642   44 1707  572.35900  564.44732  1.38%   199 196099s
 453160 376273  566.16560   49 1664  572.35900  564.44732  1.38%   200 196100s
 453474 379255  571.28859  182 1445  572.35900  564.45671  1.38%   200 198131s
 457215 383171  566.10479   43 1702  572.35900  564.47360  1.38%   200 199828s
 461919 386705  569.51597  111 1563  572.35900  564.48204  1.38%   200 201047s
 465892 389357  571.93374  293 1151  572.35900  564.48406  1.38%   200 201706s
 469019 392504  571.99072   95 1585  572.35900  564.49269  1.37%   199 204127s
 471532 392504  572.34580  178 1405  572.35900  564.49311  1.37%   200 204130s
 472806 395362     cutoff   73       572.35900  564.49311  1.37%   200 206483s
 476385 398313  571.29108  133 1515  572.35900  564.49455  1.37%   201 208111s
 479739 402440  571.20912  101 1577  572.35900  564.49998  1.37%   202 209300s
 484575 405584  568.80634   38 1701  572.35900  564.50552  1.37%   202 210909s
 486202 405584  570.19967   67 1632  572.35900  564.51189  1.37%   202 210910s
 488107 409574  571.56256   48 1693  572.35900  564.51223  1.37%   202 212760s
 492840 412446  569.98409   59 1655  572.35900  564.52437  1.37%   202 214314s
 496327 414721  568.63958   57 1670  572.35900  564.52986  1.37%   202 215960s
H497302 414721                     572.3589998  564.53794  1.37%   202 215964s
 499285 416750  565.92775   48 1674  572.35900  564.53794  1.37%   202 217183s
 501722 420290  568.24707   64 1644  572.35900  564.54450  1.37%   203 219488s
 505916 424628  569.18091   60 1673  572.35900  564.55993  1.36%   203 221444s
 509957 424628  569.45309   71 1645  572.35900  564.56003  1.36%   203 221446s
 510863 427911  569.60246   79 1600  572.35900  564.56064  1.36%   203 223390s
 514638 431649  570.82875   96 1572  572.35900  564.56205  1.36%   203 224821s
 518975 434338  568.51159   74 1618  572.35900  564.56876  1.36%   203 226317s
 522015 439102  568.97972   66 1630  572.35900  564.57939  1.36%   203 227962s
 527515 442869  571.83007  162 1452  572.35900  564.58751  1.36%   202 229695s
 532003 446604  572.35079   89 1613  572.35900  564.60159  1.36%   202 232093s
 533042 446604  570.27099   95 1581  572.35900  564.60413  1.35%   202 232095s
 536304 450592  571.64391  225 1314  572.35900  564.60626  1.35%   202 233325s
 540968 453478  565.37291   45 1697  572.35900  564.60918  1.35%   202 234321s
 544330 457342  571.74585  152 1502  572.35900  564.62446  1.35%   202 236183s
H545002 457342                     572.3589992  564.62556  1.35%   202 236189s
 546785 457342  567.05685   58 1663  572.35900  564.62639  1.35%   202 236190s
 548800 458493  572.28738  100 1591  572.35900  564.62723  1.35%   201 238543s
H549405 458493                     572.3589991  564.62723  1.35%   201 238548s
 550082 469240  568.88076   45 1691  572.35900  564.62943  1.35%   201 243021s
H559968 469240                     572.3589989  564.63456  1.35%   201 243023s
H560606 469240                     572.3589986  564.63516  1.35%   201 243023s
 562738 473989  567.37289   63 1651  572.35900  564.64580  1.35%   201 244596s
H566495 473989                     572.3589985  564.64646  1.35%   200 244597s
 568119 477549  566.57398   42 1696  572.35900  564.64737  1.35%   200 246540s
 572353 480774  570.47572   61 1633  572.35900  564.65871  1.35%   200 248784s
 573497 480774  571.50712  302 1154  572.35900  564.65881  1.35%   200 248785s
 576122 484329  568.96082   59 1649  572.35900  564.66029  1.35%   201 250967s
 580430 488400  568.49744   43 1701  572.35900  564.66366  1.34%   201 252232s
 584983 491104  568.97968   54 1695  572.35900  564.67378  1.34%   201 252879s
 587883 494982  568.71260   48 1693  572.35900  564.67793  1.34%   200 255279s
 588347 494982  568.63919   66 1636  572.35900  564.67793  1.34%   200 255280s
 592151 498011  567.56908   63 1645  572.35900  564.67793  1.34%   200 256914s
 593579 498011  571.40227  198 1399  572.35900  564.67793  1.34%   200 256915s
 595663 501631  571.71935  213 1376  572.35900  564.67961  1.34%   200 258572s
 599996 503893  571.65838   85 1617  572.35900  564.69009  1.34%   200 260116s
 602610 507873  565.29004   45 1682  572.35900  564.69279  1.34%   200 261212s
H606772 507873                     572.3589981  564.69472  1.34%   200 261215s
 607461 512069  567.29093   48 1683  572.35900  564.69676  1.34%   200 263162s
H608112 512069                     572.3589979  564.69757  1.34%   200 263168s
 611395 512069  570.71178   72 1627  572.35900  564.69757  1.34%   200 263170s
 612279 515731  570.76311  112 1561  572.35900  564.70180  1.34%   200 265127s
 616641 519239  571.64851   63 1633  572.35900  564.70791  1.34%   200 267026s
 620813 523639  571.19112  191 1404  572.35900  564.71907  1.33%   200 268294s
 623052 523639  566.18839   44 1700  572.35900  564.72293  1.33%   199 268295s
 625899 526095  571.09581  114 1564  572.35900  564.72310  1.33%   199 269267s
 628708 530364  571.14475  116 1556  572.35900  564.72636  1.33%   199 270814s
 628807 530364  571.19798   81 1606  572.35900  564.72689  1.33%   199 270815s
 633789 532787  569.13988   62 1633  572.35900  564.73544  1.33%   199 272777s
 636700 535711  569.54020   67 1625  572.35900  564.73762  1.33%   200 274749s
 639545 535711  572.01957  112 1568  572.35900  564.73921  1.33%   200 274750s
 640117 539851  569.47091   71 1630  572.35900  564.73935  1.33%   200 276303s
 644290 539851  567.36801   55 1667  572.35900  564.74614  1.33%   200 276305s
 645190 542335  571.02073   83 1607  572.35900  564.74824  1.33%   200 278099s
 647515 542335  570.28236   66 1629  572.35900  564.74847  1.33%   200 278100s
 648041 547446  571.98282  106 1589  572.35900  564.74904  1.33%   200 279925s
 653931 551389  569.33127   85 1605  572.35900  564.75443  1.33%   200 283813s
 658545 554946  571.47244  170 1470  572.35900  564.75837  1.33%   201 286247s
 662781 557830  568.48193   46 1694  572.35900  564.75921  1.33%   202 288210s
 666198 560881  570.62232   77 1625  572.35900  564.76128  1.33%   202 289409s
 668262 560881  571.17812  134 1526  572.35900  564.76725  1.33%   202 289410s
 669804 565563  566.01654   51 1675  572.35900  564.76744  1.33%   202 291721s
 675527 568820  568.19790   58 1660  572.35900  564.77256  1.33%   203 295165s
 679508 572656  570.80819   95 1581  572.35900  564.77939  1.32%   203 296801s
 684162 576518  566.37996   42 1702  572.35900  564.78173  1.32%   203 298309s
 688582 579237  572.34438  175 1439  572.35900  564.79004  1.32%   203 298836s
 691645 583220  571.13784   79 1617  572.35900  564.79222  1.32%   203 300837s
 696160 587184  568.06028   58 1652  572.35900  564.79713  1.32%   203 302653s
 700649 590945  567.17064   58 1651  572.35900  564.79775  1.32%   203 303684s
 704398 590945  568.29034   43 1693  572.35900  564.79775  1.32%   202 303685s
 704783 594507  570.50734  130 1533  572.35900  564.79775  1.32%   202 305493s
 709032 598115  571.91106  231 1280  572.35900  564.80189  1.32%   202 306839s
 710649 598115  571.19128  112 1562  572.35900  564.80189  1.32%   202 306840s
 713373 601131  568.48728   63 1647  572.35900  564.80806  1.32%   202 308850s
 716737 605564  568.53707   69 1648  572.35900  564.81832  1.32%   202 311086s
 721865 608748  568.37704   56 1671  572.35900  564.82153  1.32%   202 313006s
 725634 611880  567.79030   53 1674  572.35900  564.82662  1.32%   202 314743s
 728302 611880  570.06854   66 1638  572.35900  564.83071  1.32%   202 314745s
 729583 615140  569.37444   55 1673  572.35900  564.83351  1.31%   202 315946s
 733348 618506  571.61563   94 1603  572.35900  564.83686  1.31%   202 318263s
 735146 618506  570.26094   70 1635  572.35900  564.83974  1.31%   202 318265s
 737400 620253  571.93076   89 1574  572.35900  564.84325  1.31%   203 320832s
 739710 627846  571.67963   91 1596  572.35900  564.84625  1.31%   203 323708s
 744048 627846  570.94286   73 1626  572.35900  564.85189  1.31%   203 323710s
 748421 631923  572.01375  237 1321  572.35900  564.85565  1.31%   202 324675s
 753151 635952  568.66701   66 1654  572.35900  564.85638  1.31%   202 326482s
 757782 639418  570.43305   49 1682  572.35900  564.86403  1.31%   202 327902s
 761601 643727  570.45944   89 1593  572.35900  564.86928  1.31%   202 330246s
 767024 646743  568.80876   58 1658  572.35900  564.87563  1.31%   202 332495s
 770825 650929  569.52747   70 1650  572.35900  564.87819  1.31%   202 334283s
 775740 650929  566.28963   40 1705  572.35900  564.87819  1.31%   202 334285s
 776092 653324  570.37873   65 1660  572.35900  564.88297  1.31%   202 335957s
 779229 657547     cutoff   81       572.35900  564.88792  1.31%   202 338474s
 779831 657547  567.58913   59 1644  572.35900  564.89101  1.30%   202 338475s
 784438 661242  565.97608   41 1698  572.35900  564.89685  1.30%   202 340260s
 788859 664327  570.77381   50 1697  572.35900  564.89981  1.30%   202 343598s
 791299 664327  568.13126   54 1654  572.35900  564.89981  1.30%   202 343600s
 792510 668629  570.42267  107 1564  572.35900  564.90112  1.30%   202 345593s
 797607 672226  571.40359   69 1645  572.35900  564.91092  1.30%   202 348473s
 801147 672226  565.41028   41 1700  572.35900  564.91116  1.30%   202 348475s
 802168 675421  567.40111   39 1715  572.35900  564.91146  1.30%   203 350211s
 805963 678802  567.36289   47 1687  572.35900  564.91779  1.30%   203 351948s
 809901 683023  568.95949   60 1669  572.35900  564.92240  1.30%   203 354641s
 814918 687395  569.60190   54 1683  572.35900  564.92456  1.30%   203 357883s
 817769 687395  571.55000  162 1472  572.35900  564.92789  1.30%   203 357885s
 820037 690672  566.15276   50 1670  572.35900  564.92789  1.30%   203 359835s
 824030 694844  570.89292  145 1497  572.35900  564.92789  1.30%   203 361815s
 828867 698042  571.47076  181 1384  572.35900  564.92789  1.30%   203 362523s
 832569 701069  572.16854  262 1195  572.35900  564.93979  1.30%   203 364028s
 836183 704073  570.13059   59 1664  572.35900  564.94156  1.30%   203 365878s
 839755 707807  571.06505   68 1646  572.35900  564.94288  1.30%   204 368800s
 844338 711214  569.73564   39 1699  572.35900  564.94348  1.30%   204 371998s
 848574 714203  566.99781   52 1688  572.35900  564.95387  1.29%   205 373686s
 852060 719090  568.92193   74 1622  572.35900  564.95387  1.29%   206 376978s
 856106 719090  572.18923  128 1553  572.35900  564.95387  1.29%   206 376980s
 857742 720523  571.53467  144 1531  572.35900  564.95387  1.29%   206 379944s
 857860 720523  571.36658   95 1599  572.35900  564.95387  1.29%   206 379945s
H858973 713874                     572.3158920  564.95387  1.29%   206 379959s
 859263 713874  568.27770   44 1711  572.31589  564.95387  1.29%   206 379960s
 859440 725079  572.06061  174 1444  572.31589  564.95724  1.29%   206 383616s
H859878 725079                     572.3158917  564.95906  1.29%   206 383623s
H861922 725079                     572.3158913  564.96212  1.28%   206 383627s
H865059 725079                     572.3158910  564.96421  1.28%   206 383630s
H865948 725078                     572.3158892  564.96474  1.28%   206 383633s
 872700 727149  570.53133   66 1651  572.31589  564.96882  1.28%   205 385682s
 875160 731146  565.85239   48 1679  572.31589  564.97176  1.28%   205 388574s
 875702 731146  571.88567  195 1379  572.31589  564.97408  1.28%   205 388575s
H877714 731146                     572.3158875  564.97665  1.28%   205 388586s
 880031 735300  568.37603   52 1682  572.31589  564.97892  1.28%   205 391222s
H881594 735300                     572.3158874  564.98042  1.28%   205 391233s
H884580 735300                     572.3158874  564.98280  1.28%   205 391237s
 884925 739812  570.12111   82 1618  572.31589  564.98283  1.28%   206 393390s
 890001 744772  570.15920  121 1539  572.31589  564.98283  1.28%   205 395894s
H890200 744772                     572.3158869  564.98283  1.28%   205 395903s
 895551 746829  572.01195  197 1305  572.31589  564.98494  1.28%   205 397079s
 895964 746829  566.01157   45 1687  572.31589  564.98494  1.28%   205 397080s
 897902 751463  571.01597  128 1524  572.31589  564.98556  1.28%   205 398963s
 902041 751463  570.40560   89 1610  572.31589  564.98556  1.28%   205 398965s
 903124 755167  566.61210   53 1695  572.31589  564.98556  1.28%   205 400892s
 907453 758383  571.84962  230 1295  572.31589  564.99042  1.28%   205 402929s
H909716 758383                     572.3158864  564.99690  1.28%   205 402939s
 911228 762146  568.57607   72 1614  572.31589  564.99690  1.28%   205 405359s
H911300 762146                     572.3158863  564.99690  1.28%   205 405374s
 912350 762146  571.08627   69 1637  572.31589  564.99690  1.28%   205 405375s
H914334 762146                     572.3158863  564.99690  1.28%   205 405380s
 915691 764103  572.29556  245 1300  572.31589  564.99810  1.28%   205 407205s
H915700 764103                     572.3158862  564.99810  1.28%   205 407213s
H916234 764103                     572.3158861  564.99878  1.28%   205 407217s
 918066 767320  568.11375   63 1661  572.31589  564.99878  1.28%   206 409051s
 921874 771094  572.06803  198 1351  572.31589  565.00088  1.28%   206 410991s
 926157 774965  571.09681   99 1601  572.31589  565.00711  1.28%   205 413511s
 930593 777658  571.34399   98 1588  572.31589  565.00908  1.28%   205 415137s
H931840 777658                     572.3158860  565.01184  1.28%   205 415143s
H932372 777658                     572.3158856  565.01184  1.28%   205 415145s
 933788 780441  572.30491  110 1567  572.31589  565.01429  1.28%   205 417091s
 937157 784045  568.13308   43 1704  572.31589  565.01861  1.28%   205 418877s
 941627 788705  571.95713  105 1566  572.31589  565.02266  1.27%   206 421505s
 947159 791937  570.36451  123 1535  572.31589  565.02795  1.27%   206 424801s
H950392 791937                     572.3158855  565.02827  1.27%   206 424810s
 951176 794197  568.02730   61 1654  572.31589  565.02827  1.27%   206 426489s
 951953 794197  568.41331   58 1665  572.31589  565.02827  1.27%   206 426490s
 953808 801422  570.17887   98 1601  572.31589  565.02909  1.27%   207 429013s
 961923 806139  569.69358  119 1552  572.31589  565.03313  1.27%   206 430662s
 967208 810170  571.06151  197 1401  572.31589  565.03804  1.27%   206 432631s
 971883 812589  571.37071  128 1510  572.31589  565.04376  1.27%   206 433885s
 974870 815821  570.56591   68 1640  572.31589  565.04405  1.27%   206 436171s
 978717 820483  571.46591  110 1566  572.31589  565.04542  1.27%   206 438003s
 983934 823651  570.95643  156 1476  572.31589  565.04953  1.27%   205 439504s
 986514 823651  570.04771  146 1499  572.31589  565.05248  1.27%   205 439506s
 987805 826071  572.08150   59 1648  572.31589  565.05253  1.27%   206 444073s
 991331 831416  571.55334   84 1625  572.31589  565.05792  1.27%   207 446254s
 994591 831416  570.34467   76 1621  572.31589  565.05792  1.27%   207 446255s
 997418 837157  569.23085   79 1619  572.31589  565.05832  1.27%   207 448132s
 1003845 840536  570.68014   66 1660  572.31589  565.06223  1.27%   207 450411s
 1008041 842868  566.88865   43 1686  572.31589  565.06476  1.27%   207 453031s
 1011221 846720  568.92550   44 1696  572.31589  565.06737  1.27%   208 455213s
 1015811 850968  569.73799   96 1605  572.31589  565.07276  1.27%   208 457259s
 1017802 850968  568.80953   78 1610  572.31589  565.07488  1.27%   208 457260s
 1020998 852607  566.47509   52 1673  572.31589  565.07575  1.27%   208 459718s
 1022873 856452  571.05508  120 1544  572.31589  565.07668  1.26%   208 461857s
 1027332 860520  569.25321   89 1600  572.31589  565.08052  1.26%   208 464313s
 1032052 864725  570.85018  121 1542  572.31589  565.08398  1.26%   208 466178s
 1037018 868794  571.03798   66 1637  572.31589  565.08724  1.26%   208 467599s
 1037864 868794  571.16328  155 1466  572.31589  565.08906  1.26%   208 467600s
 1041694 871771  570.16173  101 1589  572.31589  565.09044  1.26%   208 469896s
 1045207 876193  568.96643   62 1647  572.31589  565.09348  1.26%   208 471900s
 1050338 879224  570.22835  112 1556  572.31589  565.09773  1.26%   208 474561s
 1054037 882896  567.51517   56 1680  572.31589  565.10016  1.26%   208 475971s
 1058499 885445  571.48187  131 1504  572.31589  565.10607  1.26%   208 477389s
 1058820 885445  569.33125   65 1638  572.31589  565.10627  1.26%   208 477390s
 1061380 889000 infeasible   60       572.31589  565.10656  1.26%   208 478958s
 1065533 892893  570.14224   73 1629  572.31589  565.10678  1.26%   208 482062s
 1070287 896402  569.30986  102 1592  572.31589  565.11122  1.26%   208 484225s
 1074315 901245  572.08337  316 1118  572.31589  565.11211  1.26%   208 486760s
 1079808 904056  571.52000   86 1580  572.31589  565.11848  1.26%   208 488249s
 1081588 904056  566.86141   54 1679  572.31589  565.12022  1.26%   208 488250s
 1083376 906979  568.60141   59 1683  572.31589  565.12093  1.26%   208 489713s
H1083400 906979                     572.3158854  565.12093  1.26%   208 489721s
 1086820 912106  567.99958   70 1620  572.31589  565.12460  1.26%   209 491822s
 1092700 914405  568.59753   61 1666  572.31589  565.12552  1.26%   208 493798s
 1095157 917768  570.81408   98 1616  572.31589  565.12934  1.26%   209 496314s
 1099013 921992  567.09901   45 1691  572.31589  565.12992  1.26%   209 497996s
 1103990 924823  568.86165   36 1687  572.31589  565.12992  1.26%   209 500324s
 1104256 924823  568.92896   64 1655  572.31589  565.13179  1.26%   209 500325s
 1107270 928505  568.28274   57 1667  572.31589  565.13179  1.26%   209 503585s
 1112037 932632  572.22350   77 1556  572.31589  565.13660  1.25%   209 506204s
 1115427 932632  571.27591   68 1621  572.31589  565.13660  1.25%   210 506205s
 1117053 937269  567.47777   34 1711  572.31589  565.13961  1.25%   210 508510s
 1122273 941830  567.05571   53 1685  572.31589  565.13961  1.25%   210 510805s
 1127539 946480  570.97020  127 1520  572.31589  565.14277  1.25%   210 512431s
 1132898 949331  572.08563  107 1588  572.31589  565.15066  1.25%   210 514516s
 1136109 956485  572.23925  104 1583  572.31589  565.15094  1.25%   210 517174s
 1138233 956485  572.04933  171 1420  572.31589  565.15220  1.25%   210 517175s
 1143990 960330  571.81366   83 1445  572.31589  565.15385  1.25%   209 520011s
 1148481 963744  566.59207   50 1697  572.31589  565.15606  1.25%   209 522631s
 1152384 966593  566.29208   39 1710  572.31589  565.15857  1.25%   209 524710s
 1155825 970857  568.21532   43 1716  572.31589  565.16031  1.25%   209 527351s
 1160890 974996  571.25264   58 1671  572.31589  565.16380  1.25%   210 529909s
 1162704 974996  570.14494   59 1665  572.31589  565.16615  1.25%   210 529910s
 1165811 978713  571.20951   81 1635  572.31589  565.16654  1.25%   210 531959s
 1165911 978713  567.46112   38 1694  572.31589  565.16829  1.25%   210 531960s
 1170110 984033  569.59735   92 1599  572.31589  565.16857  1.25%   210 533479s
 1173887 984033  571.17281  175 1445  572.31589  565.17014  1.25%   210 533480s
 1176067 987373  569.90234   77 1634  572.31589  565.17118  1.25%   210 534159s
 1177182 987373  569.11497   50 1660  572.31589  565.17161  1.25%   210 534160s
 1179869 989874  570.28806   94 1593  572.31589  565.17244  1.25%   210 535992s
 1182878 993587  570.24468  108 1569  572.31589  565.17446  1.25%   210 538201s
 1187055 997935  571.85344  190 1385  572.31589  565.17448  1.25%   210 540627s
 1188877 997935  568.07926   45 1688  572.31589  565.17917  1.25%   210 540630s
 1192246 1001776  568.00312   45 1680  572.31589  565.18043  1.25%   210 542222s
 1196805 1005235     cutoff  128       572.31589  565.18099  1.25%   210 545140s
 1201432 1008176     cutoff   71       572.31589  565.18506  1.25%   210 547940s
 1205489 1010627     cutoff   90       572.31589  565.19039  1.25%   211 550733s
H1205490 1007227                     572.3021577  565.19039  1.24%   211 550743s
H1206435 1007219                     572.3021306  565.19039  1.24%   211 550746s
 1208727 1011901  567.70225   38 1729  572.30213  565.19161  1.24%   212 552247s
H1208800 1011869                     572.3020061  565.19161  1.24%   212 552254s
H1208974 1011869                     572.3020051  565.19231  1.24%   212 552257s
H1209222 1011869                     572.3020030  565.19314  1.24%   212 552261s
H1209402 1011867                     572.3019974  565.19314  1.24%   212 552265s
H1212958 1011816                     572.3018399  565.19314  1.24%   212 552269s
H1213132 1011664                     572.3013313  565.19314  1.24%   212 552272s
H1214284 1013771                     572.3013150  565.19314  1.24%   212 553805s
H1214300 1013771                     572.3013139  565.19677  1.24%   212 553806s
H1214400 1013723                     572.3011243  565.19677  1.24%   212 553807s
H1214565 1013723                     572.3011237  565.19677  1.24%   212 553808s
H1215165 1013723                     572.3011227  565.19677  1.24%   212 553809s
H1215182 1013723                     572.3011210  565.19677  1.24%   212 553811s
H1216190 1013723                     572.3011169  565.19677  1.24%   212 553812s
H1216875 1015601                     572.2946583  565.19677  1.24%   212 556990s
H1217479 1015447                     572.2941740  565.19790  1.24%   212 556994s
H1217581 1015095                     572.2930223  565.19798  1.24%   212 556998s
H1220149 1014127                     572.2897266  565.19959  1.24%   212 557004s
 1220415 1014127  572.16403  188 1366  572.28973  565.19971  1.24%   212 557005s
 1221566 1019205  570.67267   87 1602  572.28973  565.20002  1.24%   212 559331s
H1221600 1019205                     572.2897242  565.20002  1.24%   212 559343s
H1221935 1019173                     572.2896278  565.20060  1.24%   212 559349s
H1222745 1019172                     572.2896259  565.20159  1.24%   212 559355s
H1224859 1019172                     572.2896242  565.20257  1.24%   212 559361s
H1224959 1019172                     572.2896235  565.20257  1.24%   212 559367s
H1225835 1019172                     572.2896227  565.20257  1.24%   212 559373s
H1226205 1019172                     572.2896217  565.20257  1.24%   212 559379s
H1227457 1022453                     572.2896146  565.20257  1.24%   212 560814s
H1227500 1022453                     572.2896129  565.20456  1.24%   212 560815s
H1228374 1022452                     572.2896118  565.20536  1.24%   212 560817s
H1228618 1022452                     572.2896114  565.20544  1.24%   212 560818s
H1228619 1022452                     572.2896107  565.20544  1.24%   212 560819s
H1229226 1022452                     572.2896097  565.20619  1.24%   212 560820s
 1231298 1025958  567.39535   68 1644  572.28961  565.20710  1.24%   212 562777s
H1231300 1025958                     572.2896090  565.20710  1.24%   212 562786s
H1231922 1025958                     572.2896089  565.20710  1.24%   212 562790s
H1233753 1025958                     572.2896070  565.20710  1.24%   212 562794s
 1234933 1025958  571.23180   93 1598  572.28961  565.20710  1.24%   212 562795s
 1235242 1030644  570.15891  126 1545  572.28961  565.20710  1.24%   212 566108s
H1236532 1030644                     572.2896067  565.20710  1.24%   212 566126s
H1236736 1030644                     572.2896059  565.20710  1.24%   212 566131s
H1237205 1030644                     572.2896057  565.20710  1.24%   212 566137s
 1240711 1035637  571.62392  252 1213  572.28961  565.20893  1.24%   212 568849s
 1241690 1035637  568.67632   75 1631  572.28961  565.21022  1.24%   212 568850s
H1246444 1035637                     572.2896056  565.21022  1.24%   213 568857s
 1246445 1039640  568.77738   62 1674  572.28961  565.21022  1.24%   213 570630s
 1251024 1045006  571.92339  134 1506  572.28961  565.21326  1.24%   213 572424s
 1252297 1045006  568.23359   83 1629  572.28961  565.21505  1.24%   213 572425s
 1257074 1048543  565.91232   46 1713  572.28961  565.21505  1.24%   212 574428s
 1260976 1052768  570.36863  124 1516  572.28961  565.21744  1.24%   212 576720s
H1264624 1052768                     572.2896053  565.21744  1.24%   212 576724s
 1266147 1055136  566.11483   48 1685  572.28961  565.21744  1.24%   212 578707s
 1268885 1059445  569.91028  102 1589  572.28961  565.22240  1.23%   212 580821s
 1272726 1059445  571.87299  300 1127  572.28961  565.22678  1.23%   212 580825s
 1274054 1063835  570.94120  113 1558  572.28961  565.22778  1.23%   212 583137s
 1279146 1068522  571.21379  107 1561  572.28961  565.22785  1.23%   212 586396s
H1279698 1068522                     572.2896049  565.23055  1.23%   212 586418s
H1282911 1068522                     572.2896038  565.23263  1.23%   212 586425s
 1284691 1071665  572.26577   86 1601  572.28960  565.23348  1.23%   212 589080s
 1288507 1075756  569.13053   47 1681  572.28960  565.23412  1.23%   212 591989s
 1290442 1075756  569.45100   75 1598  572.28960  565.23412  1.23%   212 591990s
 1293356 1079944  570.01706   62 1662  572.28960  565.23468  1.23%   213 594156s
 1298040 1084366  568.12306   45 1701  572.28960  565.23692  1.23%   212 596668s
 1303142 1088270  571.62036   90 1601  572.28960  565.24026  1.23%   212 598712s
 1307609 1092379  567.80398   55 1682  572.28960  565.24160  1.23%   212 599336s
 1312268 1095941  569.56760   49 1676  572.28960  565.24384  1.23%   212 600946s
 1316256 1100366  571.25262   76 1627  572.28960  565.24442  1.23%   212 603413s
 1321442 1103134  572.18676  103 1575  572.28960  565.24667  1.23%   212 606691s
 1325161 1106873  571.04566   64 1652  572.28960  565.25233  1.23%   213 610206s
 1329662 1112626  568.13826   54 1661  572.28960  565.25382  1.23%   213 613507s
 1336378 1116765  567.32418   56 1675  572.28960  565.25601  1.23%   213 616529s
 1341363 1121369  566.86653   37 1700  572.28960  565.25963  1.23%   213 618901s
 1346897 1124721  569.13620   68 1618  572.28960  565.26418  1.23%   213 620340s
 1350940 1128911  570.96741   84 1619  572.28960  565.26475  1.23%   213 622524s
 1355902 1134743  570.78110  166 1459  572.28960  565.26753  1.23%   213 624696s
 1362522 1138479  571.69444  128 1509  572.28960  565.27189  1.23%   212 627882s
 1367193 1140979  570.21579   73 1621  572.28960  565.27470  1.23%   212 629954s
 1370128 1144779  571.29712   88 1591  572.28960  565.27502  1.23%   212 632744s
 1374901 1147890  568.43398   44 1677  572.28960  565.27743  1.23%   213 635856s
 1379065 1151490  569.13460   81 1612  572.28960  565.28076  1.22%   213 637960s
 1383189 1155458  572.20779  217 1351  572.28960  565.28347  1.22%   213 640342s
 1387750 1159508  571.89653  239 1216  572.28960  565.28557  1.22%   213 643054s
 1388395 1159508  566.98406   58 1675  572.28960  565.28561  1.22%   213 643055s
 1392617 1164081  565.94403   43 1685  572.28960  565.28734  1.22%   213 645255s
 1398100 1166199  570.43000   89 1595  572.28960  565.29035  1.22%   213 647969s
 1398787 1166199  568.18940   53 1682  572.28960  565.29054  1.22%   213 647970s
 1400913 1169698  567.62947   56 1651  572.28960  565.29054  1.22%   213 652118s
 1405635 1173300  571.28069   72 1615  572.28960  565.29068  1.22%   214 655453s
 1410311 1180016  566.89635   58 1665  572.28960  565.29377  1.22%   214 658019s
 1414380 1180016  567.03694   60 1642  572.28960  565.29699  1.22%   214 658020s
 1417948 1184649  571.19659  125 1531  572.28960  565.29817  1.22%   214 659374s
 1421478 1184649  571.97588  187 1416  572.28960  565.30066  1.22%   214 659375s
 1423443 1187754  570.96286  128 1509  572.28960  565.30089  1.22%   214 662609s
 1424518 1187754  571.41982  189 1399  572.28960  565.30137  1.22%   214 662610s
 1427507 1191909  569.85414   61 1650  572.28960  565.30167  1.22%   214 665916s
 1432542 1196467  568.73511   71 1639  572.28960  565.30187  1.22%   215 668614s
 1437684 1200076  571.67304  153 1504  572.28960  565.30660  1.22%   214 670484s
 1441885 1202804 infeasible   52       572.28960  565.30660  1.22%   215 673971s
 1445216 1208155  569.68829  101 1595  572.28960  565.30865  1.22%   215 677705s
 1451400 1212142  567.53944   48 1677  572.28960  565.31099  1.22%   215 679580s
 1455674 1216949  571.57778  108 1571  572.28960  565.31250  1.22%   215 681960s
 1461085 1220946  570.72659   84 1616  572.28960  565.31389  1.22%   215 683760s
 1465893 1222765  568.15847   53 1669  572.28960  565.31552  1.22%   215 686992s
 1468576 1226394  567.82123   72 1637  572.28960  565.31736  1.22%   215 691031s
 1472796 1231251  570.60084  145 1492  572.28960  565.31749  1.22%   216 693011s
 1478166 1236431  566.56885   45 1694  572.28960  565.31905  1.22%   215 695675s
 1484309 1239907  569.86379   92 1592  572.28960  565.31937  1.22%   215 698388s
 1488245 1244196  572.03642  184 1408  572.28960  565.32234  1.22%   215 702186s
 1493488 1248365  568.79462   74 1624  572.28960  565.32445  1.22%   215 703896s
 1498174 1253168  572.10171  187 1397  572.28960  565.32755  1.22%   215 706811s
 1503502 1257045  565.92917   46 1700  572.28960  565.32819  1.22%   215 710651s
H1504051 1255795                     572.2857265  565.32834  1.22%   215 710671s
H1504777 1255005                     572.2833617  565.32892  1.22%   215 710677s
 1508318 1259628  569.22936   46 1690  572.28336  565.33151  1.21%   215 714272s
H1508400 1259568                     572.2831850  565.33151  1.21%   216 714286s
H1508401 1259235                     572.2822720  565.33151  1.21%   216 714290s
H1508584 1259215                     572.2822317  565.33151  1.21%   216 714294s
H1509370 1258972                     572.2815630  565.33151  1.21%   216 714298s
H1510562 1258172                     572.2794201  565.33151  1.21%   216 714302s
H1513578 1261084                     572.2793645  565.33151  1.21%   216 716692s
H1513600 1261055                     572.2793010  565.33160  1.21%   216 716695s
H1513944 1261051                     572.2792974  565.33203  1.21%   216 716699s
 1517181 1265340 infeasible   75       572.27930  565.33219  1.21%   216 718734s
H1517780 1265340                     572.2792973  565.33219  1.21%   216 718752s
H1517900 1265340                     572.2792970  565.33219  1.21%   216 718757s
 1522332 1269767  571.66951   80 1636  572.27930  565.33286  1.21%   216 722785s
H1523371 1269767                     572.2792966  565.33286  1.21%   216 722802s
 1528161 1272251  571.15081   47 1663  572.27930  565.33286  1.21%   216 726527s
 1531829 1276457     cutoff   58       572.27930  565.33828  1.21%   217 729673s
 1537045 1281490  568.96768   46 1681  572.27930  565.33998  1.21%   217 732161s
 1543009 1287512     cutoff  147       572.27930  565.34303  1.21%   217 734820s
H1543216 1287511                     572.2792961  565.34368  1.21%   217 734838s
 1549753 1291204  570.23158   74 1618  572.27930  565.34476  1.21%   217 737368s
H1550096 1291204                     572.2792953  565.34661  1.21%   217 737393s
H1551025 1291204                     572.2792953  565.34670  1.21%   217 737400s
 1553988 1293477  571.07540  130 1504  572.27930  565.34678  1.21%   217 739525s
 1556679 1297154  568.75612   44 1692  572.27930  565.34846  1.21%   217 740756s
 1560870 1301784  567.80603   50 1665  572.27930  565.34959  1.21%   217 742466s
 1566029 1306847  570.34715   91 1583  572.27930  565.35025  1.21%   216 744606s
 1571856 1311030  570.67399   84 1615  572.27930  565.35353  1.21%   216 747135s
 1576981 1314997  570.93910   80 1598  572.27930  565.35684  1.21%   216 749621s

Cutting planes:
  Learned: 29
  Gomory: 21
  Cover: 842
  Implied bound: 74
  Projected implied bound: 330
  Clique: 14
  MIR: 1288
  Flow cover: 4038
  GUB cover: 3
  Inf proof: 9
  Zero half: 64
  RLT: 1634
  Relax-and-lift: 299

Explored 1581608 nodes (341798366 simplex iterations) in 749622.47 seconds
Thread count was 32 (of 32 available processors)

Solution count 10: 572.279 572.279 572.279 ... 572.282

Solve interrupted
Best objective 5.722792952593e+02, best bound 5.653574696309e+02, gap 1.2095%
