
Gurobi 9.1.0 (linux64, gurobi_cl) logging started Fri May  7 10:38:54 2021

Using license file /home/ehudgins/gurobi.lic
Set parameter MIPGap to value 0.1
Set parameter Heuristics to value 1
Set parameter NodefileStart to value 100
Set parameter LogFile to value model_0.3_0.1_denys.log
Set parameter Presolve to value 2
Academic license - for non-commercial use only - expires 2021-05-24

Gurobi Optimizer version 9.1.0 build v9.1.0rc0 (linux64)
Copyright (c) 2020, Gurobi Optimization, LLC

Read MPS format model from file model_0.3_0.3_0.1.mps
Reading time = 0.37 seconds
spread: 84543 rows, 133131 columns, 234260 nonzeros
Thread count: 32 physical cores, 32 logical processors, using up to 32 threads
Optimize a model with 84543 rows, 133131 columns and 234260 nonzeros
Model fingerprint: 0x9282c1a3
Model has 119149 general constraints
Variable types: 55774 continuous, 77357 integer (77357 binary)
Coefficient statistics:
  Matrix range     [2e-04, 5e+01]
  Objective range  [1e-06, 1e-01]
  Bounds range     [1e+00, 6e+03]
  RHS range        [1e-04, 1e+03]
Presolve removed 228039 rows and 179380 columns (presolve time = 5s) ...
Presolve removed 278075 rows and 236931 columns (presolve time = 10s) ...
Presolve added 53203 rows and 0 columns
Presolve removed 0 rows and 26271 columns
Presolve time: 10.97s
Presolved: 137746 rows, 106860 columns, 516510 nonzeros
Presolved model has 10003 SOS constraint(s)
Variable types: 60587 continuous, 46273 integer (46273 binary)

Deterministic concurrent LP optimizer: primal and dual simplex
Showing first log only...

Presolve removed 20858 rows and 21949 columns
Presolved: 116888 rows, 84911 columns, 444108 nonzeros


Root simplex log...

Iteration    Objective       Primal Inf.    Dual Inf.      Time
       0    6.5858774e+03   1.549634e+05   8.369818e+10     13s
   39105    3.3413285e+03   0.000000e+00   4.730857e+02     15s
Warning: 1 variables dropped from basis
Warning: switch to quad precision
Warning: 1 variables dropped from basis
   47652    6.5404217e+02   0.000000e+00   1.536896e+01     20s
   48487    6.5060763e+02   0.000000e+00   0.000000e+00     21s
   48571    6.5060755e+02   0.000000e+00   0.000000e+00     21s
Extra simplex iterations after uncrush: 84
Concurrent spin time: 0.00s

Solved with primal simplex

Root relaxation: objective 6.506075e+02, 48571 iterations, 9.83 seconds

    Nodes    |    Current Node    |     Objective Bounds      |     Work
 Expl Unexpl |  Obj  Depth IntInf | Incumbent    BestBd   Gap | It/Node Time

     0     0  674.18029    0 6435          -  674.18029      -     -   27s
     0     0  674.52980    0 6690          -  674.52980      -     -   31s
     0     0  674.61366    0 6623          -  674.61366      -     -   33s
     0     0  675.27952    0 6872          -  675.27952      -     -   36s
     0     0  675.31760    0 6842          -  675.31760      -     -   37s
     0     0  675.32224    0 6861          -  675.32224      -     -   37s
     0     0  675.32228    0 6860          -  675.32228      -     -   38s
     0     0  675.66299    0 6742          -  675.66299      -     -   41s
     0     0  675.73882    0 6786          -  675.73882      -     -   43s
     0     0  675.74313    0 6777          -  675.74313      -     -   43s
     0     0  675.74611    0 6781          -  675.74611      -     -   43s
     0     0  675.74643    0 6781          -  675.74643      -     -   43s
     0     0  675.74664    0 6781          -  675.74664      -     -   44s
     0     0  675.93084    0 6599          -  675.93084      -     -   47s
     0     0  675.94969    0 6608          -  675.94969      -     -   48s
     0     0  675.95567    0 6610          -  675.95567      -     -   49s
     0     0  675.95572    0 6604          -  675.95572      -     -   49s
     0     0  676.04449    0 6594          -  676.04449      -     -   50s
     0     0  676.05098    0 6615          -  676.05098      -     -   51s
     0     0  676.05136    0 6614          -  676.05136      -     -   52s
     0     0  676.05142    0 6618          -  676.05142      -     -   52s
     0     0  676.10250    0 6576          -  676.10250      -     -   53s
     0     0  676.10812    0 6579          -  676.10812      -     -   55s
     0     0  676.10849    0 6583          -  676.10849      -     -   55s
     0     0  676.10852    0 6583          -  676.10852      -     -   55s
     0     0  676.11149    0 6576          -  676.11149      -     -   56s
     0     0  676.11189    0 6579          -  676.11189      -     -   57s
     0     0  676.11200    0 6580          -  676.11200      -     -   57s
     0     0  676.11721    0 6570          -  676.11721      -     -   58s
     0     0  676.11738    0 6569          -  676.11738      -     -   59s
     0     0  676.11848    0 6569          -  676.11848      -     -   60s
     0     0  676.11854    0 6569          -  676.11854      -     -   61s
     0     0  676.12052    0 6572          -  676.12052      -     -   62s
     0     0  676.12052    0 6572          -  676.12052      -     -   65s
     0     2  676.12056    0 6572          -  676.12056      -     -  197s
     7    16  871.35801    3 6542          -  676.12092      -   260  201s
    31    64  898.69897    5 6540          -  676.12146      -  63.3  205s
   383   448  906.14700   11 6534          -  676.12207      -   6.5  210s
   661   711  903.27808   16 6529          -  676.12228      -   7.7  215s
   948  1009  902.71840   20 6538          -  676.12262      -   7.0  221s
  1167  1218  898.70090   23 6548          -  676.12284      -   6.9  225s
  1454  1537  900.88780   28 6557          -  676.12359      -   6.2  231s
  1578  1647  900.72433   30 6561          -  676.12374      -   7.5  235s
  1837  1914  899.08808   36 6590          -  676.12418      -   7.0  240s
  1990  2088  898.70423   37 6575          -  676.12429      -   7.3  245s
  2166  2262  898.70590   41 6571          -  676.12443      -   8.4  250s
  2395  2448  898.77137   44 6583          -  676.12682      -   9.8  257s
  2581  2718  898.78113   51 6569          -  676.12682      -  10.7  261s
  2717  2842  898.80626   53 6581          -  676.12682      -  11.3  266s
  2955  3076  899.31005   56 6582          -  676.12682      -  11.2  273s
  3075  3200  900.44467   58 6579          -  676.12682      -  10.9  276s
  3327  3468  899.19194   62 6575          -  676.12682      -  10.4  281s
  3615  3762  898.80608   67 6579          -  676.12682      -   9.9  287s
  3879  4013  900.98431   70 6594          -  676.12682      -   9.6  293s
  4012  4169  898.80848   73 6610          -  676.12682      -   9.6  295s
  4168  4332  898.80853   75 6612          -  676.12682      -   9.5  301s
  4445  4530  898.80965   78 6628          -  676.12682      -   9.6  308s
  4529  4684  899.97146   79 6611          -  676.12682      -   9.8  312s
  4683  4859  900.85605   82 6618          -  676.12682      -   9.8  317s
  4858  5033  898.80876   85 6621          -  676.12682      -   9.6  320s
  5032  5258  899.29889   87 6622          -  676.12682      -   9.5  325s
  5493  5736  898.80896   94 6637          -  676.12682      -   8.9  334s
  5735  5988  898.80905   98 6639          -  676.12682      -   8.7  339s
  5987  6087  898.80906  102 6639          -  676.12682      -   8.4  354s
  6086  6362  898.80906  105 6642          -  676.12682      -   8.3  357s
  6361  6644  898.81006  109 6644          -  676.12682      -   8.1  360s
  6903  7196  898.99426  117 6643          -  676.12682      -   7.8  366s
  7195  7455  898.93239  120 6646          -  676.12682      -   7.6  370s
  7756  8045  898.80924  129 6654          -  676.12682      -   7.3  377s
  8044  8407  899.03753  133 6654          -  676.12682      -   7.2  381s
  8406  8762  898.80937  139 6669          -  676.12682      -   7.1  385s
  9168  9577  898.80944  151 6711          -  676.12682      -   6.8  393s
  9576  9970  899.05456  157 6714          -  676.12682      -   6.7  397s
  9969 10138  898.81048  164 6696          -  676.12682      -   6.6  401s
 10137 10535  898.80950  167 6702          -  676.12682      -   6.6  406s
 10534 10966  898.81051  172 6714          -  676.12682      -   6.5  411s
 11093 11501  898.80956  182 6722          -  676.12682      -   6.4  419s
 11500 11863  900.07730  188 6728          -  676.12682      -   6.3  424s
 11862 12222  898.97753  194 6750          -  676.12682      -   6.3  429s
 12221 12491  898.95524  200 6757          -  676.12682      -   6.2  433s
 12490 12912  898.80999  205 6760          -  676.12682      -   6.2  439s
 12975 13354  907.74911  212 6767          -  676.12682      -   6.1  445s
 13417 13834  898.81232  219 6773          -  676.12682      -   6.0  451s
 13897 14281  898.81266  227 6778          -  676.12682      -   5.9  458s
 14344 14746  898.81330  234 6782          -  676.12682      -   5.9  465s
 14874 14747  677.95933  232  993          -  676.12682      -   6.0  756s
 14876 14748  837.21119  108 1081          -  696.43633      -   6.0  777s
 14877 14749  704.49083  138 1449          -  699.60261      -   6.0  786s
 14878 14750  864.99007   88 1313          -  700.16219      -   6.0  808s
 14879 14750  886.46699  160 1172          -  700.35408      -   6.0  816s
 14881 14752  737.53290  212 1081          -  700.46064      -   6.0  825s
 14883 14753  733.94906  138 1031          -  700.57786      -   6.0  836s
 14885 14754  885.18318   85 1032          -  700.63196      -   6.0  847s
 14887 14756  753.52504  109 1042          -  700.68241      -   6.0  856s
 14889 14757  734.46823  231 1038          -  700.71628      -   6.0  864s
 14890 14758  843.93581   60 1039          -  700.72312      -   6.0  867s
 14891 14758  761.00478  220 1027          -  700.73729      -   6.0  874s
 14892 14759  868.40958   21 1032          -  700.73932      -   6.0  876s
 14893 14760  700.75930  135 1023          -  700.75930      -   6.0  883s
 14894 14760  753.64738  122 1026          -  700.75980      -   6.0  885s
 14895 14761  732.89765  193 1025          -  700.76985      -   6.0  891s
 14896 14762  847.35825  240 1021          -  700.77313      -   6.0  895s
 14897 14762  830.21241  231 1032          -  700.78737      -   6.0  906s
 14899 14764  764.87364  212 1032          -  700.80607      -   6.0  917s
 14901 14765  808.13752  201 1026          -  700.81642      -   6.0  924s
 14902 14766  861.73812   72 1024          -  700.81677      -   6.0  926s
 14903 14766  807.70225  106 1020          -  700.82014      -   6.0  931s
 14905 14768  851.21969  200 1029          -  700.82179      -   6.0  942s
 14906 14768  887.53713  229 1028          -  700.82188      -   6.0  948s
 14907 14769  808.06303  126 1035          -  700.82586      -   6.0  969s
 14908 14770  767.83944  129 1039          -  700.82623      -   6.0  988s
 14909 14770  700.82685  150 1032          -  700.82685      -   6.0  999s
 14910 14771  779.07556    7 1036          -  700.82695      -   6.0 1003s
 14911 14772  844.07964  131 1024          -  700.82737      -   6.0 1015s
 14912 14772  885.28473  114 1033          -  700.82740      -   6.0 1022s
 14913 14773  871.71307  199 1023          -  700.82777      -   6.0 1029s
 14914 14774  724.11751  107 1031          -  700.82828      -   6.0 1034s
 14915 14774  767.39115  108 1027          -  700.82879      -   6.0 1039s
 14916 14775  842.01152  169 1027          -  700.82879      -   6.0 1041s
 14918 14778  837.69448  204  993          -  700.82879      -  15.1 1046s
 14920 14779  708.29045  136 2213          -  708.29045      -  15.1 1070s
 14921 14780  709.10862   52 2081          -  709.10862      -  15.1 1082s
 14922 14781  867.56160    7 1768          -  709.68740      -  15.1 1089s
 14923 14781  860.32717  211 1587          -  709.80901      -  15.1 1101s
 14924 14782  709.85235  204 1366          -  709.85235      -  15.1 1105s
 14925 14783  733.01957   37 1270          -  709.87509      -  15.1 1115s
 14927 14784  862.71101    7 1200          -  709.90530      -  15.1 1131s
 14928 14785  885.29162  192 1207          -  709.90606      -  15.1 1135s
 14929 14785  808.21963  116 1137          -  709.91108      -  15.1 1150s
 14930 14786  764.87364  212 1146          -  709.91465      -  15.1 1156s
 14931 14787  770.47117   24 1116          -  709.91674      -  15.1 1174s
 14932 14787  856.12346  192 1121          -  709.91710      -  15.1 1179s
 14933 14788  754.01387   88 1109          -  709.91813      -  15.1 1187s
 14935 14789  856.30672  136 1113          -  709.91862      -  15.1 1199s
 14936 14790  834.39737   72 1118          -  709.91864      -  15.1 1204s
 14937 14791  711.77177  141 1123          -  709.91877      -  15.1 1217s
 14938 14791  792.60090    7 1116          -  709.91877      -  15.1 1223s
 14939 14792  857.07076  152 1120          -  709.91887      -  15.1 1229s
 14940 14793  726.27115   31 1122          -  709.91891      -  15.1 1233s
 14941 14793  726.55316   12 1114          -  709.91902      -  15.1 1245s
 14942 14794  724.81064  123 1114          -  709.91902      -  15.1 1254s
 14944 14797  842.39296   63  993          -  709.91902      -  54.4 1260s
 14946 14798  885.16771  210 2753          -  709.91902      -  54.4 1278s
 14947 14799  899.10703  192 1934          -  709.91902      -  54.4 1301s
 14948 14800  720.39852  161 1624          -  710.38211      -  54.4 1312s
 14949 14800  837.16091  165 1359          -  710.57940      -  54.4 1326s
 14950 14801  737.98475   44 1243          -  710.58897      -  54.4 1331s
 14951 14802  810.22958  153 1242          -  710.63685      -  54.4 1350s
 14952 14802  753.87362   56 1237          -  710.68473      -  54.4 1355s
 14953 14803  733.21583  118 1226          -  710.68715      -  54.4 1374s
 14954 14804  725.04749  217 1244          -  710.68752      -  54.4 1381s
 14955 14804  855.82658  119 1246          -  710.68887      -  54.4 1399s
 14956 14805  899.30905  129 1230          -  710.68889      -  54.4 1403s
 14957 14806  710.68921  143 1212          -  710.68921      -  54.4 1415s
 14958 14806  850.97634  168 1225          -  710.68932      -  54.4 1427s
 14959 14807  733.03162  106 1194          -  710.68981      -  54.4 1446s
 14960 14808  710.78597  158 1196          -  710.68990      -  54.4 1462s
 14961 14808  739.12649  152 1195          -  710.68992      -  54.4 1478s
 14962 14809  842.13341  121 1198          -  710.68995      -  54.3 1498s
 14963 14810  710.69000   52 1186          -  710.69000      -  54.3 1518s
 14964 14810  808.34091   56 1185          -  710.69002      -  54.3 1521s
 14965 14811  873.95705  224 1195          -  710.69004      -  54.3 1534s
 14966 14812  710.69004  191 1195          -  710.69004      -  54.3 1540s
 14968 14814  710.69004   71  993          -  710.69004      -  86.7 1547s
 14970 14815  873.22225   92 2219          -  710.69004      -  86.7 1581s
 14971 14816  733.27613  158 2085          -  710.69004      -  86.7 1596s
 14972 14817  808.72243  216 1672          -  710.69004      -  86.6 1613s
 14973 14817  755.43931   31 1589          -  710.75541      -  86.6 1622s
 14974 14818  710.79342  232 1293          -  710.79342      -  86.6 1626s
 14975 14819  822.87021  182 1224          -  710.80925      -  86.6 1638s
 14976 14819  837.21119  108 1134          -  710.87082      -  86.6 1643s
 14977 14820  710.87662  138 1125          -  710.87662      -  86.6 1656s
 14978 14821  864.99007   88 1124          -  710.87728      -  86.6 1660s
 14979 14821  886.46699  160 1107          -  710.87825      -  86.6 1669s
 14980 14822  734.03191  179 1109          -  710.87851      -  86.6 1671s
 14981 14823  737.53290  212 1118          -  710.87888      -  86.6 1683s
 14982 14823  738.00884  166 1108          -  710.87909      -  86.6 1691s
 14983 14824  733.94906  138 1109          -  710.88024      -  86.6 1708s
 14984 14825  885.53140  133 1105          -  710.88028      -  86.6 1714s
 14985 14825  885.18318   85 1095          -  710.88034      -  86.6 1726s
 14987 14827  753.52504  109 1080          -  710.88037      -  86.6 1737s
 14988 14827  854.87552   95 1077          -  710.88037      -  86.6 1740s
 14989 14828  734.46823  231 1079          -  710.88037      -  86.5 1748s
 14990 14829  843.93581   60 1079          -  710.88037      -  86.5 1765s
 14992 14831  868.40958   21  993          -  710.88037      -   120 1773s
 14994 14832  753.64738  122 2251          -  710.88037      -   120 1795s
 14995 14833  732.89765  193 2063          -  710.88037      -   120 1810s
 14996 14834  847.35825  240 1581          -  710.88037      -   120 1820s
 14997 14834  830.21241  231 1367          -  710.88037      -   120 1831s
 14998 14835  746.55670   89 1170          -  710.88633      -   120 1837s
 14999 14836  764.87364  212 1124          -  710.88782      -   120 1846s
 15000 14836  851.95661  218 1066          -  710.88807      -   120 1850s
 15001 14837  808.13752  201 1087          -  710.95503      -   120 1872s
 15002 14838  861.73812   72 1092          -  710.95742      -   120 1877s
 15003 14838  807.70225  106 1101          -  710.96804      -   120 1898s
 15004 14839  837.05466   38 1095          -  710.96819      -   120 1902s
 15005 14840  851.21969  200 1090          -  710.97102      -   120 1913s
 15006 14840  887.53713  229 1093          -  710.97163      -   120 1917s
 15007 14841  808.06303  126 1084          -  710.97228      -   120 1934s
 15008 14842  767.83944  129 1084          -  710.97246      -   120 1941s
 15009 14842  710.97272  150 1080          -  710.97272      -   120 1975s
 15010 14843  779.07556    7 1072          -  710.97276      -   120 1990s
 15011 14844  844.07964  131 1076          -  710.97279      -   120 2004s
 15012 14844  885.28473  114 1075          -  710.97279      -   120 2015s
 15013 14845  871.71307  199 1075          -  710.97281      -   120 2025s
 15015 14846  767.39115  108 1081          -  710.97284      -   120 2032s
 15016 14847  842.01152  169 1081          -  710.97284      -   120 2036s
 15018 14850  837.69448  204  993          -  710.97284      -   153 2041s
 15020 14851  710.97284  136 1323          -  710.97284      -   153 2076s
 15021 14852  710.97284   52 1398          -  710.97284      -   153 2093s
 15022 14853  867.56160    7 1189          -  710.97284      -   153 2098s
 15023 14853  860.32717  211 1163          -  710.97284      -   153 2107s
 15024 14854  710.99779  204 1121          -  710.99779      -   153 2112s
 15025 14855  733.01957   37 1078          -  710.99909      -   153 2121s
 15026 14855  720.99472  131 1062          -  711.00009      -   153 2126s
 15027 14856  862.71101    7 1029          -  711.00089      -   153 2137s
 15028 14857  885.29162  192 1036          -  711.00089      -   153 2146s
 15029 14857  808.21963  116 1032          -  711.00100      -   153 2159s
 15030 14858  764.87364  212 1030          -  711.00104      -   153 2163s
 15031 14859  770.47117   24 1036          -  711.00114      -   153 2171s
 15033 14860  754.01387   88 1036          -  711.00117      -   153 2182s
 15034 14861  850.86775   37 1034          -  711.00120      -   153 2185s
 15035 14861  856.30672  136 1034          -  711.00122      -   153 2201s
 15036 14862  834.39737   72 1034          -  711.00122      -   153 2206s
 15037 14863  711.77177  141 1030          -  711.00122      -   153 2210s
 15039 14864  857.07076  152 1030          -  711.00122      -   153 2226s
 15040 14865  726.27115   31 1030          -  711.00122      -   153 2238s
 15041 14865  726.55316   12 1030          -  711.00122      -   153 2489s
 15042 14869  719.11160   73 6009          -  711.00122      -   156 2651s
 15044 14872  719.11711   74 6003          -  711.00683      -   156 2802s
 15048 14879  719.11963   75 6002          -  711.00683      -   156 3035s

Cutting planes:
  Learned: 42
  Gomory: 146
  Cover: 63
  Implied bound: 185
  Projected implied bound: 10
  Clique: 15
  MIR: 249
  Flow cover: 1269
  RLT: 349
  Relax-and-lift: 139

Explored 15056 nodes (2529494 simplex iterations) in 3036.43 seconds
Thread count was 32 (of 32 available processors)

Solution count 0

Solve interrupted
Best objective -, best bound 7.110093492489e+02, gap -

Unable to retrieve attribute 'X'


Gurobi 9.1.0 (linux64, gurobi_cl) logging started Fri May  7 15:11:08 2021

Using license file /home/ehudgins/gurobi.lic
Set parameter MIPGap to value 0.1
Set parameter Heuristics to value 1
Set parameter NodefileStart to value 100
Set parameter LogFile to value model_0.3_0.1_denys.log
Set parameter Presolve to value 2
Academic license - for non-commercial use only - expires 2021-05-24

Gurobi Optimizer version 9.1.0 build v9.1.0rc0 (linux64)
Copyright (c) 2020, Gurobi Optimization, LLC

Read MPS format model from file model_0.3_0.3_0.1.mps
Reading time = 0.49 seconds
spread: 84543 rows, 133131 columns, 234260 nonzeros

Read input file 'model_0.3_0.1.sol'

Thread count: 32 physical cores, 32 logical processors, using up to 32 threads
Optimize a model with 84543 rows, 133131 columns and 234260 nonzeros
Model fingerprint: 0x2a72803d
Model has 119149 general constraints
Variable types: 55774 continuous, 77357 integer (77357 binary)
Coefficient statistics:
  Matrix range     [2e-04, 5e+01]
  Objective range  [1e-06, 1e-01]
  Bounds range     [1e+00, 6e+03]
  RHS range        [1e-04, 1e+03]

User MIP start did not produce a new incumbent solution

Presolve removed 154989 rows and 106330 columns (presolve time = 5s) ...
Presolve removed 278075 rows and 236931 columns (presolve time = 10s) ...
Presolve added 53203 rows and 0 columns
Presolve removed 0 rows and 26271 columns
Presolve time: 11.19s
Presolved: 137746 rows, 106860 columns, 516510 nonzeros
Presolved model has 10003 SOS constraint(s)
Variable types: 60587 continuous, 46273 integer (46273 binary)

Deterministic concurrent LP optimizer: primal and dual simplex
Showing first log only...

Presolve removed 20858 rows and 21949 columns
Presolved: 116888 rows, 84911 columns, 444108 nonzeros


Root simplex log...

Iteration    Objective       Primal Inf.    Dual Inf.      Time
       0    6.5858774e+03   1.549634e+05   8.369818e+10     14s
   35416    5.1954899e+03   8.746442e+02   2.772510e+08     15s
   39105    3.3413285e+03   0.000000e+00   4.730857e+02     16s
Warning: 1 variables dropped from basis
Warning: switch to quad precision
Warning: 1 variables dropped from basis
   47107    6.8156572e+02   0.000000e+00   4.757833e+02     20s
   48487    6.5060763e+02   0.000000e+00   0.000000e+00     22s
   48571    6.5060755e+02   0.000000e+00   0.000000e+00     23s
Extra simplex iterations after uncrush: 84
Concurrent spin time: 0.00s

Solved with primal simplex

Root relaxation: objective 6.506075e+02, 48571 iterations, 10.79 seconds
Another try with MIP start

    Nodes    |    Current Node    |     Objective Bounds      |     Work
 Expl Unexpl |  Obj  Depth IntInf | Incumbent    BestBd   Gap | It/Node Time

     0     0  674.18029    0 6435          -  674.18029      -     -  135s
     0     0  674.52980    0 6690          -  674.52980      -     -  140s
     0     0  674.61366    0 6623          -  674.61366      -     -  141s
     0     0  675.27952    0 6872          -  675.27952      -     -  145s
     0     0  675.31760    0 6842          -  675.31760      -     -  146s
     0     0  675.32224    0 6861          -  675.32224      -     -  146s
     0     0  675.32228    0 6860          -  675.32228      -     -  147s
     0     0  675.66299    0 6742          -  675.66299      -     -  150s
     0     0  675.73882    0 6786          -  675.73882      -     -  152s
     0     0  675.74313    0 6777          -  675.74313      -     -  152s
     0     0  675.74611    0 6781          -  675.74611      -     -  152s
     0     0  675.74643    0 6781          -  675.74643      -     -  153s
     0     0  675.74664    0 6781          -  675.74664      -     -  153s
     0     0  675.93084    0 6599          -  675.93084      -     -  156s
     0     0  675.94969    0 6608          -  675.94969      -     -  158s
     0     0  675.95567    0 6610          -  675.95567      -     -  158s
     0     0  675.95572    0 6604          -  675.95572      -     -  158s
     0     0  676.04449    0 6594          -  676.04449      -     -  160s
     0     0  676.05098    0 6615          -  676.05098      -     -  161s
     0     0  676.05136    0 6614          -  676.05136      -     -  161s
     0     0  676.05142    0 6618          -  676.05142      -     -  161s
     0     0  676.10250    0 6576          -  676.10250      -     -  162s
     0     0  676.10812    0 6579          -  676.10812      -     -  164s
     0     0  676.10849    0 6583          -  676.10849      -     -  164s
     0     0  676.10852    0 6583          -  676.10852      -     -  164s
     0     0  676.11149    0 6576          -  676.11149      -     -  165s

Cutting planes:
  Learned: 21
  Gomory: 5
  Cover: 38
  Implied bound: 288
  Clique: 6
  MIR: 757
  Flow cover: 420
  RLT: 486
  Relax-and-lift: 118

Explored 1 nodes (87766 simplex iterations) in 166.68 seconds
Thread count was 32 (of 32 available processors)

Solution count 0

Solve interrupted
Best objective -, best bound 6.761114877874e+02, gap -

Unable to retrieve attribute 'X'


Gurobi 9.1.0 (linux64, gurobi_cl) logging started Fri May  7 15:14:13 2021

Using license file /home/ehudgins/gurobi.lic
Set parameter MIPGap to value 0.1
Set parameter Heuristics to value 1
Set parameter NodefileStart to value 100
Set parameter LogFile to value model_0.3_0.1_denys.log
Set parameter Presolve to value 2
Academic license - for non-commercial use only - expires 2021-05-24

Gurobi Optimizer version 9.1.0 build v9.1.0rc0 (linux64)
Copyright (c) 2020, Gurobi Optimization, LLC

Read MPS format model from file model_0.3_0.3_0.1.mps
Reading time = 0.35 seconds
spread: 84543 rows, 133131 columns, 234260 nonzeros

Unable to open file 'modelstart_0.3_0.1.sol' for input

Thread count: 32 physical cores, 32 logical processors, using up to 32 threads
Optimize a model with 84543 rows, 133131 columns and 234260 nonzeros
Model fingerprint: 0x9282c1a3
Model has 119149 general constraints
Variable types: 55774 continuous, 77357 integer (77357 binary)
Coefficient statistics:
  Matrix range     [2e-04, 5e+01]
  Objective range  [1e-06, 1e-01]
  Bounds range     [1e+00, 6e+03]
  RHS range        [1e-04, 1e+03]
Presolve removed 228039 rows and 179380 columns (presolve time = 5s) ...
Presolve removed 278075 rows and 236931 columns (presolve time = 10s) ...
Presolve added 53203 rows and 0 columns
Presolve removed 0 rows and 26271 columns
Presolve time: 10.74s
Presolved: 137746 rows, 106860 columns, 516510 nonzeros
Presolved model has 10003 SOS constraint(s)
Variable types: 60587 continuous, 46273 integer (46273 binary)

Deterministic concurrent LP optimizer: primal and dual simplex
Showing first log only...

Presolve removed 20858 rows and 21949 columns
Presolved: 116888 rows, 84911 columns, 444108 nonzeros


Root simplex log...

Iteration    Objective       Primal Inf.    Dual Inf.      Time
       0    6.5858774e+03   1.549634e+05   8.369818e+10     13s
   41014    1.8636174e+03   0.000000e+00   2.055694e+04     15s
Warning: 1 variables dropped from basis
Warning: switch to quad precision
Warning: 1 variables dropped from basis
   47652    6.5404217e+02   0.000000e+00   1.536896e+01     20s
   48487    6.5060763e+02   0.000000e+00   0.000000e+00     21s
   48571    6.5060755e+02   0.000000e+00   0.000000e+00     21s
Extra simplex iterations after uncrush: 84
Concurrent spin time: 0.00s

Solved with primal simplex

Root relaxation: objective 6.506075e+02, 48571 iterations, 10.03 seconds

    Nodes    |    Current Node    |     Objective Bounds      |     Work
 Expl Unexpl |  Obj  Depth IntInf | Incumbent    BestBd   Gap | It/Node Time

     0     0  674.18029    0 6435          -  674.18029      -     -   28s
     0     0  674.52980    0 6690          -  674.52980      -     -   32s
     0     0  674.61366    0 6623          -  674.61366      -     -   34s

Cutting planes:
  Learned: 17
  Gomory: 7
  Cover: 27
  Implied bound: 694
  Clique: 1
  MIR: 733
  StrongCG: 1
  Flow cover: 595
  GUB cover: 1
  RLT: 171
  Relax-and-lift: 20

Explored 1 nodes (80207 simplex iterations) in 34.53 seconds
Thread count was 32 (of 32 available processors)

Solution count 0

Solve interrupted
Best objective -, best bound 6.746136624279e+02, gap -

Unable to retrieve attribute 'X'


Gurobi 9.1.0 (linux64, gurobi_cl) logging started Fri May  7 15:15:10 2021

Using license file /home/ehudgins/gurobi.lic
Set parameter MIPGap to value 0.1
Set parameter Heuristics to value 1
Set parameter NodefileStart to value 100
Set parameter LogFile to value model_0.3_0.1_denys.log
Set parameter Presolve to value 2
Academic license - for non-commercial use only - expires 2021-05-24

Gurobi Optimizer version 9.1.0 build v9.1.0rc0 (linux64)
Copyright (c) 2020, Gurobi Optimization, LLC

Read MPS format model from file model_0.3_0.3_0.1.mps
Reading time = 0.36 seconds
spread: 84543 rows, 133131 columns, 234260 nonzeros

Read input file 'modelstart_0.3_0.3_0.1.sol'

Thread count: 32 physical cores, 32 logical processors, using up to 32 threads
Optimize a model with 84543 rows, 133131 columns and 234260 nonzeros
Model fingerprint: 0x611be7ac
Model has 119149 general constraints
Variable types: 55774 continuous, 77357 integer (77357 binary)
Coefficient statistics:
  Matrix range     [2e-04, 5e+01]
  Objective range  [1e-06, 1e-01]
  Bounds range     [1e+00, 6e+03]
  RHS range        [1e-04, 1e+03]

Loaded user MIP start with objective 882.016

Presolve removed 228039 rows and 179380 columns (presolve time = 5s) ...
Presolve removed 278075 rows and 236931 columns (presolve time = 10s) ...
Presolve added 53203 rows and 0 columns
Presolve removed 0 rows and 26271 columns
Presolve time: 10.82s
Presolved: 137746 rows, 106860 columns, 516510 nonzeros
Presolved model has 10003 SOS constraint(s)
Variable types: 60587 continuous, 46273 integer (46273 binary)

Deterministic concurrent LP optimizer: primal and dual simplex
Showing first log only...

Presolve removed 20858 rows and 21949 columns
Presolved: 116888 rows, 84911 columns, 444108 nonzeros


Root simplex log...

Iteration    Objective       Primal Inf.    Dual Inf.      Time
       0    6.5858774e+03   1.549634e+05   8.369818e+10     13s
   41206    1.7173040e+03   0.000000e+00   5.452119e+06     15s
Warning: 1 variables dropped from basis
Warning: switch to quad precision
Warning: 1 variables dropped from basis
   47816    6.5367235e+02   0.000000e+00   1.412811e+01     20s
   48487    6.5060763e+02   0.000000e+00   0.000000e+00     21s
   48571    6.5060755e+02   0.000000e+00   0.000000e+00     21s
Extra simplex iterations after uncrush: 84
Concurrent spin time: 0.01s

Solved with primal simplex

Root relaxation: objective 6.506075e+02, 48571 iterations, 10.10 seconds

    Nodes    |    Current Node    |     Objective Bounds      |     Work
 Expl Unexpl |  Obj  Depth IntInf | Incumbent    BestBd   Gap | It/Node Time

     0     0  674.37686    0 6433  882.01550  674.37686  23.5%     -   28s
     0     0  674.72638    0 6694  882.01550  674.72638  23.5%     -   31s
     0     0  674.81024    0 6625  882.01550  674.81024  23.5%     -   33s
     0     0  675.48176    0 6893  882.01550  675.48176  23.4%     -   37s
     0     0  675.52151    0 6850  882.01550  675.52151  23.4%     -   37s
     0     0  675.52592    0 6842  882.01550  675.52592  23.4%     -   38s
     0     0  675.52598    0 6841  882.01550  675.52598  23.4%     -   38s
     0     0  675.85244    0 6792  882.01550  675.85244  23.4%     -   42s
     0     0  675.92223    0 6775  882.01550  675.92223  23.4%     -   43s
     0     0  675.92611    0 6755  882.01550  675.92611  23.4%     -   44s
     0     0  675.92831    0 6762  882.01550  675.92831  23.4%     -   44s
     0     0  675.92930    0 6764  882.01550  675.92930  23.4%     -   44s
     0     0  675.92986    0 6764  882.01550  675.92986  23.4%     -   44s
     0     0  675.92991    0 6766  882.01550  675.92991  23.4%     -   45s
     0     0  676.10430    0 6599  882.01550  676.10430  23.3%     -   48s
     0     0  676.11811    0 6600  882.01550  676.11811  23.3%     -   49s
     0     0  676.12063    0 6596  882.01550  676.12063  23.3%     -   49s
     0     0  676.12134    0 6602  882.01550  676.12134  23.3%     -   50s
     0     0  676.12137    0 6601  882.01550  676.12137  23.3%     -   50s
     0     0  676.23153    0 6593  882.01550  676.23153  23.3%     -   52s
     0     0  676.23575    0 6612  882.01550  676.23575  23.3%     -   53s
     0     0  676.23627    0 6609  882.01550  676.23627  23.3%     -   53s
     0     0  676.23632    0 6609  882.01550  676.23632  23.3%     -   53s
     0     0  676.27513    0 6582  882.01550  676.27513  23.3%     -   54s
     0     0  676.27540    0 6588  882.01550  676.27540  23.3%     -   55s
     0     0  676.27750    0 6556  882.01550  676.27750  23.3%     -   57s
     0     0  676.27753    0 6563  882.01550  676.27753  23.3%     -   57s
     0     0  676.28747    0 6553  882.01550  676.28747  23.3%     -   59s
     0     0  676.28884    0 6552  882.01550  676.28884  23.3%     -   59s
     0     0  676.28893    0 6553  882.01550  676.28893  23.3%     -   60s
     0     0  676.29000    0 6554  882.01550  676.29000  23.3%     -   61s
     0     0  676.29033    0 6554  882.01550  676.29033  23.3%     -   62s
     0     0  676.29033    0 6554  882.01550  676.29033  23.3%     -   62s
     0     0  676.29055    0 6556  882.01550  676.29055  23.3%     -   63s
     0     0  676.29055    0 6556  882.01550  676.29055  23.3%     -   65s
     0     2  676.29055    0 6556  882.01550  676.29055  23.3%     -   71s
    15    30 infeasible    4       882.01550  676.29137  23.3%   170   75s
    93   118  698.88187    7 6562  882.01550  676.29165  23.3%  51.3   80s
   389   353  767.84929   18 6550  882.01550  676.29165  23.3%  27.4   85s
   655   570  796.08629   26 6541  882.01550  676.29165  23.3%  25.3   91s
   715   639  800.60073   28 6539  882.01550  676.29165  23.3%  32.3  100s
   947   815  814.30415   36 6563  882.01550  676.29165  23.3%  88.6  106s
  1153   971  814.57264   42 6547  882.01550  676.29165  23.3%  85.0  110s
  1415  1121  850.02007   51 6566  882.01550  676.29165  23.3%  89.2  124s
  1515  1193  852.36280   53 6546  882.01550  676.29165  23.3%   120  130s
  1767  1340  865.46977   60 6532  882.01550  676.29165  23.3%   132  140s
  1970  1472 infeasible   67       882.01550  676.29165  23.3%   167  162s
  2087  1541  868.10387   67 6527  882.01550  676.29165  23.3%   180  166s
  2314  1712  869.09189   70 6523  882.01550  676.29165  23.3%   182  177s
  2455  1826  869.09293   71 6526  882.01550  676.29165  23.3%   190  181s
  2842  2199 infeasible   83       882.01550  676.29165  23.3%   169  188s
  3124  2444 infeasible   91       882.01550  676.29165  23.3%   157  191s
  3434  2714 infeasible  102       882.01550  676.29165  23.3%   145  195s
  3981  2999 infeasible  131       882.01550  676.29165  23.3%   127  200s
  4534  3709 infeasible  147       882.01550  676.29165  23.3%   113  208s
  4922  3927  869.22717  151 6606  882.01550  676.29165  23.3%   105  211s
  5181  4304  869.22819  157 6618  882.01550  676.29165  23.3%   100  215s
  5982  4823 infeasible  170       882.01550  676.29165  23.3%  87.6  242s
  6239  5282  869.22925  174 6635  882.01550  676.29165  23.3%  84.2  246s
  6756  5725 infeasible  180       882.01550  676.29165  23.3%  78.2  251s
  7261  6075 infeasible  186       882.01550  676.29165  23.3%  73.2  256s
  7677  6439  869.22933  194 6655  882.01550  676.29165  23.3%  69.9  261s
  8139  6725 infeasible  203       882.01550  676.29182  23.3%  66.6  266s
  8523  7067  695.34744    9 6559  882.01550  676.29182  23.3%  64.3  271s
  8951  7417  812.77733   39 6548  882.01550  676.29182  23.3%  62.0  277s
  9387  7821  838.96038   51 6578  882.01550  676.29182  23.3%  59.8  288s
  9923  8197  869.14751   80 6559  882.01550  676.29182  23.3%  61.5  295s
 10453  8589  869.14878   92 6569  882.01550  676.29182  23.3%  60.8  300s
 10984  8995  869.22003  115 6620  882.01550  676.29182  23.3%  58.8  307s
 11543  9208  869.22412  124 6633  882.01550  676.29182  23.3%  56.6  311s
 11882  9655  869.22419  130 6640  882.01550  676.29182  23.3%  55.9  318s
 12489 10114  869.22534  143 6645  882.01550  676.29182  23.3%  54.1  325s
 13129 10553  869.22740  155 6654  882.01550  676.29182  23.3%  52.4  333s
 13764 10835  869.22945  166 6662  882.01550  676.29182  23.3%  51.3  338s
 14210 11371  869.22948  177 6670  882.01550  676.29182  23.3%  50.7  349s
 14942 11372  705.08537  137  970  882.01550  676.29182  23.3%  49.7  467s
 14944 11373  793.58504  151 1280  882.01550  696.68566  21.0%  49.7  488s
 14945 11374  747.29142   71 1422  882.01550  697.31241  20.9%  49.7  497s
 14946 11375  847.35769  218 1434  882.01550  697.75604  20.9%  49.6  501s
 14947 11375  838.09956  173 1277  882.01550  697.91061  20.9%  49.6  509s
 14948 11376  711.00407   59 1215  882.01550  697.98497  20.9%  49.6  514s
 14949 11377  822.40064  204 1172  882.01550  698.03617  20.9%  49.6  522s
 14950 11377  857.20258  131 1179  882.01550  698.05442  20.9%  49.6  527s
 14951 11378  784.88877  167 1156  882.01550  698.13955  20.8%  49.6  536s
 14952 11379  793.24008   44 1153  882.01550  698.15004  20.8%  49.6  540s
 14953 11379  829.83240  193 1170  882.01550  698.29214  20.8%  49.6  551s
 14955 11381  827.02785  188 1175  882.01550  698.41332  20.8%  49.6  562s
 14957 11382  707.70129   42 1138  882.01550  698.45248  20.8%  49.6  570s
 14959 11383  751.25848  182 1149  882.01550  698.48306  20.8%  49.6  578s
 14960 11384  741.32912   11 1151  882.01550  698.48433  20.8%  49.6  580s
 14961 11385  789.39868  190 1131  882.01550  698.50035  20.8%  49.6  587s
 14963 11386  747.19589  127 1147  882.01550  698.51614  20.8%  49.6  596s
 14965 11387  842.33397  141 1138  882.01550  698.51991  20.8%  49.6  604s
 14966 11388  724.84636   51 1145  882.01550  698.52029  20.8%  49.6  606s
 14967 11389  704.47066   69 1146  882.01550  698.52090  20.8%  49.6  611s
 14969 11390  785.88686   20 1139  882.01550  698.52209  20.8%  49.6  620s
 14971 11391  704.68846  164 1143  882.01550  698.52262  20.8%  49.6  625s
 14973 11393  843.10130  196 1148  882.01550  698.52841  20.8%  49.6  636s
 14974 11393  836.37384   10 1144  882.01550  698.53106  20.8%  49.6  640s
 14975 11394  857.27707  206 1141  882.01550  698.53468  20.8%  49.6  645s
 14977 11395  784.81378  196 1131  882.01550  698.54040  20.8%  49.5  654s
 14978 11396  739.27579  143 1130  882.01550  698.54093  20.8%  49.5  656s
 14979 11397  742.49173   45 1125  882.01550  698.54141  20.8%  49.5  660s
 14981 11398  750.65123  227 1118  882.01550  698.54563  20.8%  49.5  667s
 14983 11399  708.45372  248 1135  882.01550  698.54604  20.8%  49.5  674s
 14984 11400  798.49782  165 1119  882.01550  698.54607  20.8%  49.5  675s
 14986 11401  747.29067   80 1133  882.01550  698.54664  20.8%  49.5  681s
 14987 11402  841.73217   20 1127  882.01550  698.54673  20.8%  49.5  685s
 14989 11403  748.36393  185 1133  882.01550  698.54757  20.8%  49.5  690s
 14992 11407  838.29233  191  970  882.01550  698.54757  20.8%  60.6  696s
