
Gurobi 9.1.0 (linux64, gurobi_cl) logging started Fri May  7 10:29:54 2021

Using license file /home/ehudgins/gurobi.lic
Set parameter MIPGap to value 0.1
Set parameter Heuristics to value 1
Set parameter NodefileStart to value 100
Set parameter LogFile to value model_0.9_0.1_denys.log
Set parameter Presolve to value 2
Academic license - for non-commercial use only - expires 2021-05-24

Gurobi Optimizer version 9.1.0 build v9.1.0rc0 (linux64)
Copyright (c) 2020, Gurobi Optimization, LLC

Read MPS format model from file model_0.9_0.9_0.1.mps
Reading time = 0.40 seconds
spread: 84543 rows, 133131 columns, 234260 nonzeros
Thread count: 32 physical cores, 32 logical processors, using up to 32 threads
Optimize a model with 84543 rows, 133131 columns and 234260 nonzeros
Model fingerprint: 0x57ae3266
Model has 119149 general constraints
Variable types: 55774 continuous, 77357 integer (77357 binary)
Coefficient statistics:
  Matrix range     [2e-04, 5e+01]
  Objective range  [1e-06, 1e-01]
  Bounds range     [1e+00, 6e+03]
  RHS range        [1e-04, 1e+03]
Presolve removed 46551 rows and 57903 columns (presolve time = 6s) ...
Presolve removed 227839 rows and 199203 columns (presolve time = 10s) ...
Presolve removed 229070 rows and 208864 columns (presolve time = 15s) ...
Presolve removed 270081 rows and 230867 columns (presolve time = 20s) ...
Presolve added 57322 rows and 0 columns
Presolve removed 0 rows and 23268 columns
Presolve time: 24.87s
Presolved: 141865 rows, 109863 columns, 528476 nonzeros
Presolved model has 10883 SOS constraint(s)
Variable types: 62016 continuous, 47847 integer (47847 binary)

Deterministic concurrent LP optimizer: primal and dual simplex
Showing first log only...

Presolve removed 20716 rows and 21992 columns
Presolved: 121149 rows, 87871 columns, 473850 nonzeros


Root simplex log...

Iteration    Objective       Primal Inf.    Dual Inf.      Time
       0    7.4867050e+03   1.522969e+05   2.117059e+10     28s
   41565    5.2318997e+02   0.000000e+00   1.760703e+02     30s
Concurrent spin time: 0.00s

Solved with dual simplex

Root relaxation: objective 3.678043e+02, 30682 iterations, 6.72 seconds

    Nodes    |    Current Node    |     Objective Bounds      |     Work
 Expl Unexpl |  Obj  Depth IntInf | Incumbent    BestBd   Gap | It/Node Time

     0     0  368.89258    0 9979          -  368.89258      -     -   47s
     0     0  371.08578    0 10246          -  371.08578      -     -   62s
     0     0  371.20651    0 10187          -  371.20651      -     -   65s
     0     0  371.20865    0 10175          -  371.20865      -     -   65s
     0     0  371.20865    0 10174          -  371.20865      -     -   66s
     0     0  371.50413    0 10122          -  371.50413      -     -   69s
     0     0  371.50490    0 10155          -  371.50490      -     -   70s
     0     0  371.50523    0 10156          -  371.50523      -     -   71s
     0     0  371.61408    0 9944          -  371.61408      -     -   76s
     0     0  371.61586    0 10011          -  371.61586      -     -   82s
     0     0  371.61608    0 9904          -  371.61608      -     -   82s
     0     0  371.62080    0 9946          -  371.62080      -     -   84s
     0     0  371.62477    0 9865          -  371.62477      -     -   87s
     0     0  371.62560    0 9893          -  371.62560      -     -   88s
     0     0  371.62560    0 9904          -  371.62560      -     -   88s
     0     0  371.62756    0 9912          -  371.62756      -     -   90s
     0     0  371.62786    0 9971          -  371.62786      -     -   94s
     0     0  371.62845    0 9904          -  371.62845      -     -   95s
     0     0  371.62851    0 9860          -  371.62851      -     -   98s
     0     0  371.62875    0 9887          -  371.62875      -     -   99s
     0     0  371.62877    0 9893          -  371.62877      -     -  102s
     0     0  371.62881    0 9843          -  371.62881      -     -  103s
     0     0  371.62882    0 9834          -  371.62882      -     -  105s
     0     0  371.62882    0 9821          -  371.62882      -     -  106s
     0     0  371.62882    0 9821          -  371.62882      -     -  110s
     0     2  371.62882    0 9821          -  371.62882      -     -  215s
    31    64  453.48111    5 9869          -  371.63570      -   838  223s
   159   192  453.48111    7 9860          -  371.63713      -   170  225s
   559   624  453.62852   15 9862          -  371.63718      -  81.0  230s
  1100  1169  454.02080   23 9864          -  371.63718      -  46.7  235s
  1766  1890  453.48788   32 9852          -  371.63718      -  34.3  240s
  1990  2137  453.48788   36 9847          -  371.63718      -  31.8  248s
  2259  2413  453.48788   40 9843          -  371.63718      -  29.4  250s
  2644  2755  453.48783   46 9830          -  371.63718      -  29.7  255s
  3282  3495  453.48785   56 9824          -  371.63718      -  26.9  260s
  3718  3858  455.09542   64 9829          -  371.63718      -  25.1  266s
  4276  4496  457.58664   73 9792          -  371.63718      -  24.1  271s
  4954  4987  453.48788   84 9783          -  371.63718      -  22.4  276s
  5087  5368  453.48788   86 9783          -  371.63718      -  22.0  281s
  5691  6013  454.67597   96 9783          -  371.63718      -  20.6  286s
  6236  6597  453.48788  105 9765          -  371.63718      -  19.3  291s
  6756  7087  453.48788  113 9755          -  371.63718      -  18.5  297s
  7086  7185  456.36097  118 9751          -  371.63718      -  18.0  310s
  7547  7967  454.78853  126 9718          -  371.63718      -  17.3  317s
  7966  8301  453.48788  132 9707          -  371.63718      -  17.0  322s
  8300  8661  453.96488  137 9577          -  371.63718      -  17.1  326s
  8660  9094  453.48788  143 9528          -  371.63718      -  17.2  330s
  9541 10097  453.48889  157 9490          -  371.63718      -  16.9  338s
 10096 10610  453.48789  164 9487          -  371.63718      -  16.6  342s
 10609 11126  453.48790  171 9469          -  371.63718      -  16.7  346s
 11125 11730  453.48790  180 9458          -  371.63718      -  16.2  351s
 11729 12144  454.54620  191 9456          -  371.63718      -  15.6  356s
 12143 12656  453.48790  197 9447          -  371.63718      -  15.5  362s
 12655 13249  453.89309  207 9437          -  371.63718      -  15.3  367s
 13248 13772  453.48790  215 9429          -  371.63718      -  15.1  372s
 13771 14028  453.56387  224 9420          -  371.63718      -  15.0  377s
 14027 14607  453.97337  228 9417          -  371.63718      -  15.0  384s
 14607 14608  418.39862   84  974          -  371.63718      -  15.0  421s
 14609 14609  448.86119   27 1392          -  371.63718      -  15.0  437s

Cutting planes:
  Learned: 2
  Gomory: 14
  Cover: 74
  Implied bound: 263
  Projected implied bound: 2
  Clique: 36
  MIR: 101
  Flow cover: 619
  RLT: 189
  Relax-and-lift: 74

Explored 14609 nodes (448692 simplex iterations) in 453.87 seconds
Thread count was 32 (of 32 available processors)

Solution count 0

Solve interrupted
Best objective -, best bound 3.795461148055e+02, gap -

Unable to retrieve attribute 'X'

