
Gurobi 9.1.0 (linux64, gurobi_cl) logging started Fri May  7 10:27:38 2021

Using license file /home/ehudgins/gurobi.lic
Set parameter MIPGap to value 0.1
Set parameter Heuristics to value 1
Set parameter NodefileStart to value 100
Set parameter LogFile to value model_0.9_0.5_denys.log
Set parameter Presolve to value 2
Academic license - for non-commercial use only - expires 2021-05-24

Gurobi Optimizer version 9.1.0 build v9.1.0rc0 (linux64)
Copyright (c) 2020, Gurobi Optimization, LLC

Read MPS format model from file model_0.9_0.9_0.5.mps
Reading time = 0.54 seconds
spread: 84543 rows, 133131 columns, 234260 nonzeros
Thread count: 32 physical cores, 32 logical processors, using up to 32 threads
Optimize a model with 84543 rows, 133131 columns and 234260 nonzeros
Model fingerprint: 0x744b415c
Model has 119149 general constraints
Variable types: 55774 continuous, 77357 integer (77357 binary)
Coefficient statistics:
  Matrix range     [2e-04, 5e+01]
  Objective range  [1e-06, 1e-01]
  Bounds range     [1e+00, 6e+03]
  RHS range        [1e-04, 1e+03]
Presolve removed 125037 rows and 90601 columns (presolve time = 5s) ...
Presolve removed 270226 rows and 230942 columns (presolve time = 10s) ...
Presolve added 57380 rows and 0 columns
Presolve removed 0 rows and 23219 columns
Presolve time: 12.12s
Presolved: 141923 rows, 109912 columns, 528439 nonzeros
Presolved model has 10891 SOS constraint(s)
Variable types: 62049 continuous, 47863 integer (47863 binary)

Deterministic concurrent LP optimizer: primal and dual simplex
Showing first log only...

Presolve removed 20823 rows and 22095 columns
Presolved: 121100 rows, 87817 columns, 473491 nonzeros


Root simplex log...

Iteration    Objective       Primal Inf.    Dual Inf.      Time
       0    7.3285339e+03   1.597754e+05   1.828068e+10     15s
   31830    4.5406646e+03   2.270047e+02   1.350166e+08     15s
   32821    2.5596393e+03   0.000000e+00   4.584379e+02     15s
   45766    3.1550652e+02   0.000000e+00   0.000000e+00     16s
   45789    3.1550652e+02   0.000000e+00   0.000000e+00     17s
Extra simplex iterations after uncrush: 23
Concurrent spin time: 1.72s

Solved with primal simplex

Root relaxation: objective 3.155065e+02, 45789 iterations, 5.83 seconds
Total elapsed time = 21.30s

    Nodes    |    Current Node    |     Objective Bounds      |     Work
 Expl Unexpl |  Obj  Depth IntInf | Incumbent    BestBd   Gap | It/Node Time

     0     0  316.59339    0 7890          -  316.59339      -     -   22s
     0     0  318.32728    0 8093          -  318.32728      -     -   27s
     0     0  318.33605    0 8098          -  318.33605      -     -   28s
     0     0  318.33665    0 8100          -  318.33665      -     -   29s
     0     0  318.33666    0 8100          -  318.33666      -     -   29s
     0     0  318.70149    0 7984          -  318.70149      -     -   30s
     0     0  318.70352    0 7976          -  318.70352      -     -   32s
     0     0  318.70359    0 7974          -  318.70359      -     -   32s
     0     0  318.72269    0 7949          -  318.72269      -     -   33s
     0     0  318.72288    0 7945          -  318.72288      -     -   35s
     0     0  318.72533    0 7855          -  318.72533      -     -   36s
     0     0  318.72607    0 7831          -  318.72607      -     -   37s
     0     0  318.72608    0 7830          -  318.72608      -     -   38s
     0     0  318.72839    0 7874          -  318.72839      -     -   38s
     0     0  318.72851    0 7869          -  318.72851      -     -   40s
     0     0  318.72960    0 7839          -  318.72960      -     -   40s
     0     0  318.72960    0 7837          -  318.72960      -     -   41s
     0     0  318.72976    0 7838          -  318.72976      -     -   42s
     0     0  318.72976    0 7838          -  318.72976      -     -   44s
     0     0  318.73019    0 7835          -  318.73019      -     -   44s
     0     0  318.73021    0 7835          -  318.73021      -     -   46s
     0     0  318.73031    0 7831          -  318.73031      -     -   46s
     0     0  318.73035    0 7831          -  318.73035      -     -   48s
     0     0  318.73080    0 7831          -  318.73080      -     -   49s
     0     0  318.73080    0 7831          -  318.73080      -     -   50s
     0     2  318.73080    0 7831          -  318.73080      -     -  134s
     3     8  367.19438    2 7837          -  318.73518      -   494  135s
    31    64  376.43823    5 7873          -  318.74132      -  67.2  140s
   255   288  376.44052    9 7873          -  318.74313      -  22.7  145s
   693   783  377.81814   18 7869          -  318.74997      -  17.5  150s
  1263  1328  377.25656   26 7921          -  318.74997      -  18.3  155s
  1743  1829  381.53854   33 7868          -  318.74997      -  17.9  160s
  2040  2105  376.66693   38 7874          -  318.74997      -  18.8  167s
  2327  2455  376.44825   42 7877          -  318.74997      -  18.8  170s
  3065  3290  376.44929   54 7876          -  318.74997      -  15.7  176s
  3718  3909  376.44929   64 7875          -  318.74997      -  13.2  180s
  4535  4761  376.51984   76 7877          -  318.74997      -  11.3  186s
  4985  5028  377.63117   84 7875          -  318.74997      -  11.3  192s
  5319  5661  376.44930   89 7874          -  318.74997      -  10.8  197s
  5916  6109  376.44830   98 7869          -  318.74997      -  10.7  202s
  6108  6365  376.44830  101 7866          -  318.74997      -  10.5  207s
  6709  7099  377.49973  110 7863          -  318.74997      -   9.9  212s
  7098  7458  376.59371  114 7865          -  318.74997      -   9.9  215s
  7863  7943  376.44831  126 7853          -  318.74997      -  10.4  221s
  8278  8746  378.63486  133 7870          -  318.74997      -  10.8  227s
  8745  9093  376.44902  139 7862          -  318.74997      -  10.7  231s
  9092  9544  376.44953  147 7867          -  318.74997      -  11.0  235s
 10008 10397  380.41299  163 7900          -  318.74997      -  11.4  243s
 10396 10843  376.45300  169 7904          -  318.74997      -  11.7  247s
 10842 11300  381.91615  176 7919          -  318.74997      -  11.8  252s
 11299 11715  378.39500  183 7922          -  318.74997      -  11.8  256s
 11714 12221  378.43075  189 7958          -  318.74997      -  11.9  261s
 12220 12502  376.45436  196 7951          -  318.74997      -  11.8  265s
 12501 13046  376.45440  201 7958          -  318.74997      -  11.8  272s
 13045 13740  376.61918  210 7981          -  318.74997      -  11.8  278s
 13739 14507  376.45440  220 7977          -  318.74997      -  11.7  284s
 14507 14508  359.81064  143  174          -  318.74997      -  11.4  316s
 14509 14509  373.51238  199  332          -  318.74997      -  11.4  332s
 14510 14510  321.33654   86  459          -  321.33654      -  11.4  351s
 14512 14511  322.04520   51  257          -  321.37197      -  11.4  357s
 14514 14513  373.93756   14  231          -  321.39441      -  11.4  367s
 14516 14514  327.47598  158  225          -  321.41376      -  11.4  376s
 14518 14515  352.66242  216  210          -  321.45082      -  11.4  382s
 14520 14517  337.48142  172  348          -  321.46908      -  11.4  390s
 14522 14518  341.44775   88  367          -  321.49964      -  11.4  399s
 14523 14519  348.85849  149  269          -  321.49966      -  11.4  400s
 14524 14519  374.63798  128  243          -  321.50037      -  11.4  411s
 14526 14521  329.49014  174  217          -  321.50135      -  11.4  422s
 14528 14522  344.10822  231  233          -  321.50151      -  11.3  433s
 14529 14523  327.92944  123  237          -  321.50151      -  11.3  435s
 14530 14523  374.91496   37  240          -  321.50160      -  11.3  440s
 14532 14525  342.38524  142  247          -  321.50163      -  11.3  449s
 14533 14525  324.34937  133  249          -  321.50164      -  11.3  451s
 14534 14526  339.33977   10  318          -  321.50171      -  11.3  463s
 14535 14527  352.80788  160  314          -  321.50171      -  11.3  465s
 14536 14527  374.83509   33  342          -  321.50171      -  11.3  477s
 14537 14528  342.19331  129  342          -  321.50171      -  11.3  481s
 14539 14531  327.62873  146  174          -  321.50171      -  24.0  487s
 14541 14532  374.93879  103  984          -  321.50171      -  24.0  520s
 14542 14533  321.53510  112  424          -  321.50171      -  24.0  528s
 14543 14534  367.36211  107  365          -  321.50816      -  24.0  530s
 14544 14534  356.88289  105  291          -  321.51795      -  24.0  542s
 14546 14536  372.85357  211  282          -  321.55421      -  24.0  547s
 14548 14537  331.38630  144  259          -  321.58161      -  24.0  553s
 14550 14538  380.02105  138  269          -  321.58761      -  24.0  559s
 14551 14539  359.93428   25  294          -  321.58770      -  23.9  560s
 14552 14540  324.78435   98  319          -  321.58791      -  23.9  565s
 14554 14541  330.16801  146  336          -  321.58823      -  23.9  570s
 14556 14542  326.42163  183  281          -  321.58835      -  23.9  576s
 14558 14544  357.44859  102  277          -  321.58837      -  23.9  582s

Cutting planes:
  Gomory: 43
  Cover: 49
  Implied bound: 138
  Projected implied bound: 1
  Clique: 15
  MIR: 153
  Flow cover: 718
  GUB cover: 3
  RLT: 194
  Relax-and-lift: 95

Explored 14559 nodes (589910 simplex iterations) in 584.82 seconds
Thread count was 32 (of 32 available processors)

Solution count 0

Solve interrupted
Best objective -, best bound 3.215884000569e+02, gap -

Unable to retrieve attribute 'X'

