
Gurobi 9.1.0 (linux64, gurobi_cl) logging started Fri May  7 12:29:59 2021

Using license file /home/ehudgins/gurobi.lic
Set parameter MIPGap to value 0.1
Set parameter Heuristics to value 1
Set parameter NodefileStart to value 100
Set parameter LogFile to value model_0.6_0.1_denys.log
Set parameter Presolve to value 2
Academic license - for non-commercial use only - expires 2021-05-24

Gurobi Optimizer version 9.1.0 build v9.1.0rc0 (linux64)
Copyright (c) 2020, Gurobi Optimization, LLC

Read MPS format model from file model_0.6_0.6_0.1.mps
Reading time = 1.65 seconds
spread: 84543 rows, 133131 columns, 234260 nonzeros
Thread count: 32 physical cores, 32 logical processors, using up to 32 threads
Optimize a model with 84543 rows, 133131 columns and 234260 nonzeros
Model fingerprint: 0xc3d00ed5
Model has 119149 general constraints
Variable types: 55774 continuous, 77357 integer (77357 binary)
Coefficient statistics:
  Matrix range     [2e-04, 5e+01]
  Objective range  [1e-06, 1e-01]
  Bounds range     [1e+00, 6e+03]
  RHS range        [1e-04, 1e+03]
Presolve removed 9012 rows and 7233 columns (presolve time = 5s) ...
Presolve removed 46540 rows and 33971 columns (presolve time = 10s) ...
Presolve removed 46551 rows and 36205 columns (presolve time = 15s) ...
Presolve removed 46551 rows and 57903 columns (presolve time = 25s) ...
Presolve removed 46551 rows and 57903 columns (presolve time = 28s) ...
Presolve removed 46551 rows and 84872 columns (presolve time = 33s) ...
Presolve removed 46551 rows and 88863 columns (presolve time = 36s) ...
Presolve removed 230128 rows and 203034 columns (presolve time = 40s) ...
Presolve removed 248466 rows and 213916 columns (presolve time = 45s) ...
Presolve removed 272343 rows and 232661 columns (presolve time = 51s) ...
Presolve removed 275377 rows and 235325 columns (presolve time = 55s) ...
Presolve added 55379 rows and 0 columns
Presolve removed 0 rows and 24740 columns
Presolve time: 57.31s
Presolved: 139922 rows, 108391 columns, 523275 nonzeros
Presolved model has 10489 SOS constraint(s)
Variable types: 61300 continuous, 47091 integer (47091 binary)

Deterministic concurrent LP optimizer: primal and dual simplex
Showing first log only...

Presolve removed 20995 rows and 22219 columns
Presolved: 118927 rows, 86172 columns, 459986 nonzeros


Root simplex log...

Iteration    Objective       Primal Inf.    Dual Inf.      Time
       0    6.9434237e+03   1.710730e+05   3.347202e+10     62s
   53842    4.9082367e+03   8.479472e+02   5.591047e+08     65s
   57519    2.9718314e+03   0.000000e+00   1.474566e+03     67s
   64982    6.4168356e+02   0.000000e+00   1.132354e+03     70s
   67683    4.3018673e+02   0.000000e+00   7.642783e+02     75s
   69773    4.1747990e+02   0.000000e+00   0.000000e+00     78s
   69836    4.1747990e+02   0.000000e+00   0.000000e+00     79s
Extra simplex iterations after uncrush: 63
Concurrent spin time: 1.39s

Solved with dual simplex

Root relaxation: objective 4.174789e+02, 34392 iterations, 21.82 seconds

    Nodes    |    Current Node    |     Objective Bounds      |     Work
 Expl Unexpl |  Obj  Depth IntInf | Incumbent    BestBd   Gap | It/Node Time

     0     0  428.78525    0 8484          -  428.78525      -     -   96s
     0     0  451.83618    0 8833          -  451.83618      -     -  111s
     0     0  451.84485    0 8849          -  451.84485      -     -  115s
     0     0  451.84768    0 8865          -  451.84768      -     -  116s
     0     0  452.36458    0 8811          -  452.36458      -     -  121s
     0     0  452.36922    0 8793          -  452.36922      -     -  125s
     0     0  452.37050    0 8793          -  452.37050      -     -  125s
     0     0  452.61354    0 8833          -  452.61354      -     -  131s
     0     0  452.62102    0 8842          -  452.62102      -     -  134s
     0     0  452.62315    0 8828          -  452.62315      -     -  134s
     0     0  452.69823    0 8795          -  452.69823      -     -  139s
     0     0  452.70326    0 8759          -  452.70326      -     -  142s
     0     0  452.70435    0 8759          -  452.70435      -     -  143s
     0     0  452.71469    0 8745          -  452.71469      -     -  145s
     0     0  452.71797    0 8738          -  452.71797      -     -  148s
     0     0  452.73360    0 8762          -  452.73360      -     -  150s
     0     0  452.73401    0 8753          -  452.73401      -     -  152s
     0     0  452.74915    0 8717          -  452.74915      -     -  154s
     0     0  452.74938    0 8724          -  452.74938      -     -  156s
     0     0  452.75357    0 8721          -  452.75357      -     -  158s
     0     0  452.75372    0 8724          -  452.75372      -     -  160s
     0     0  452.75624    0 8718          -  452.75624      -     -  162s
     0     0  452.75624    0 8718          -  452.75624      -     -  166s
     0     2  452.75624    0 8718          -  452.75624      -     -  351s
     7    16  487.35009    3 8714          -  452.76496      -   164  355s
    31    64  487.39936    5 8707          -  452.76908      -  58.2  362s
    95   128  487.39989    7 8698          -  452.76989      -  38.5  365s
   343   334  487.41527   13 8693          -  452.76989      -  22.4  370s
   602   548  491.02954   15 8678          -  452.76989      -  23.2  375s
   773   743  487.42846   20 8691          -  452.76989      -  20.9  380s
   984   972  487.43142   23 8699          -  452.76989      -  23.2  386s
  1250  1264  490.79558   28 8744          -  452.76989      -  23.5  391s
  1474  1500  489.90312   32 8705          -  452.76989      -  24.7  395s
  1749  1802  487.44429   35 8710          -  452.76989      -  24.0  400s
  2096  2136  487.44673   42 8711          -  452.76989      -  22.5  405s
  2422  2491  487.44943   48 8709          -  452.76989      -  21.7  410s
  2807  2913  488.92735   54 8711          -  452.76989      -  21.6  416s
  3179  3323  488.61725   59 8703          -  452.76989      -  20.3  421s
  3604  3739  487.45357   65 8702          -  452.76989      -  19.1  425s
  3988  3973  487.45437   72 8693          -  452.76989      -  18.3  433s
  4036  4189  487.45452   74 8692          -  452.76989      -  18.3  435s
  4465  4466  488.79906   81 8689          -  452.76989      -  17.6  440s
  4742  4882  488.81611   87 8684          -  452.76989      -  17.7  445s
  5142  5206  488.86804   96 8679          -  452.76989      -  17.7  450s
  5534  5567  595.35301  106 8694          -  452.76989      -  17.5  456s
  5667  5870  488.88602  108 8688          -  452.76989      -  17.4  461s
  6213  6236  488.91948  122 8674          -  452.76989      -  17.1  468s
  6309  6303  488.92530  125 8667          -  452.76989      -  17.1  471s
  6380  6597  488.92418  126 8656          -  452.76989      -  17.1  475s
  6935  7180  488.95340  140 8655          -  452.76989      -  17.2  482s
  7285  7521  488.95458  144 8670          -  452.76989      -  17.4  486s
  7626  7875  488.96045  151 8681          -  452.76989      -  17.8  490s
  7980  8009  488.97330  156 8698          -  452.76989      -  18.2  498s
  8116  8366  488.97349  161 8706          -  452.76989      -  18.3  502s
  8475  8712  491.74067  166 8710          -  452.76989      -  18.7  507s
  8821  9033  488.97467  171 8717          -  452.76989      -  18.9  512s
  9142  9373  490.17338  176 8732          -  452.76989      -  19.0  516s
  9482  9727  489.06401  183 8729          -  452.76989      -  19.3  521s
 10044 10412  488.98607  194 8742          -  452.76989      -  19.4  530s
 10521 10963  492.75576  203 8741          -  452.76989      -  19.4  535s
 11074 11551  489.09864  214 8751          -  452.76989      -  19.3  541s
 11662 12101  489.01536  221 8736          -  452.76989      -  19.3  547s
 12212 12561  489.01542  229 8737          -  452.76989      -  19.1  553s
 12672 13204  507.90436  237 8751          -  452.76989      -  18.9  560s
 13319 13820  489.01837  244 8760          -  452.76989      -  18.6  566s
 13937 14460  489.02020  252 8771          -  452.76989      -  18.6  573s
 14578 14461  494.66523   14  653          -  452.76989      -  18.5  731s
 14580 14462  516.23832  170 1869          -  481.13237      -  18.5  802s
 14581 14463  482.52028  241 1615          -  482.52028      -  18.5  824s
 14582 14464  504.42036  212 1278          -  483.92245      -  18.5  841s
 14583 14464  484.05696   94  734          -  484.05696      -  18.5  856s
 14584 14465  502.37714    8  735          -  484.10167      -  18.5  861s
 14585 14466  484.19317  101  690          -  484.19317      -  18.5  874s
 14586 14466  500.53016  232  643          -  484.20307      -  18.5  880s
 14587 14467  494.94509  146  644          -  484.23966      -  18.5  887s
 14588 14468  512.62809  216  638          -  484.24008      -  18.5  890s
 14589 14468  484.28495   50  632          -  484.28495      -  18.5  909s
 14590 14469  495.01470   32  616          -  484.28930      -  18.5  917s
 14591 14470  511.25503  251  581          -  484.31571      -  18.5  934s
 14592 14470  493.77298   49  569          -  484.34142      -  18.5  943s
 14593 14471  484.42059  247  512          -  484.42059      -  18.5  958s
 14594 14472  484.42272  128  518          -  484.42272      -  18.5  960s
 14595 14472  499.65047   37  498          -  484.45954      -  18.5  971s
 14597 14474  515.36592   43  500          -  484.46216      -  18.5  983s
 14598 14474  503.03497   72  513          -  484.46308      -  18.5  985s
 14599 14475  491.72506   76  512          -  484.46585      -  18.5  990s
 14601 14476  484.46680  109  508          -  484.46680      -  18.5 1000s
 14603 14478  484.46770  179  505          -  484.46770      -  18.5 1007s
 14605 14479  484.46881   23  503          -  484.46881      -  18.4 1011s
 14607 14480  489.93500   88  507          -  484.46924      -  18.4 1018s
 14608 14481  484.46925   79  507          -  484.46925      -  18.4 1020s
 14609 14482  484.47029   34  512          -  484.47029      -  18.4 1026s
 14611 14483  484.47060  219  499          -  484.47060      -  18.4 1034s
 14612 14484  514.53488  191  499          -  484.47061      -  18.4 1036s
 14613 14484  506.50951  203  500          -  484.47062      -  18.4 1041s
 14615 14486  488.31851   47  501          -  484.47065      -  18.4 1045s
 14617 14487  515.98406  202  499          -  484.47082      -  18.4 1051s
 14619 14488  529.06432   23  496          -  484.47102      -  18.4 1057s
 14622 14492  484.47102   29  653          -  484.47102      -  35.8 1062s
 14624 14493  511.53526   22 1792          -  492.60769      -  35.8 1149s
 14625 14494  494.01935  215 1548          -  494.01935      -  35.8 1178s
 14626 14495  494.46115   41 1410          -  494.46115      -  35.8 1193s
 14627 14495  494.49066   11 1217          -  494.49066      -  35.8 1214s
 14628 14496  494.51583  161 1101          -  494.51583      -  35.8 1225s
 14629 14497  504.52172  253  990          -  494.54124      -  35.8 1264s
 14630 14497  497.65556  187  905          -  494.54960      -  35.8 1271s
 14631 14498  496.49439   86  643          -  494.56088      -  35.8 1297s
 14632 14499  512.44363  153  663          -  494.56182      -  35.8 1302s
 14633 14499  494.56635   52  627          -  494.56635      -  35.8 1312s
 14635 14501  494.56865   99  641          -  494.56865      -  35.8 1319s
 14636 14501  494.56883  124  647          -  494.56883      -  35.8 1321s
 14638 14503  509.84177   56  627          -  494.57041      -  35.8 1326s
 14640 14504  497.30935   83  632          -  494.57049      -  35.8 1331s
 14641 14505  494.57052   71  652          -  494.57052      -  35.8 1335s
 14643 14506  494.57057   97  638          -  494.57057      -  35.8 1342s
 14645 14507  494.57059  243  636          -  494.57059      -  35.8 1347s
 14647 14509  494.57059  155  637          -  494.57059      -  35.8 1353s
 14648 14509  502.64794   92  637          -  494.57059      -  35.8 1355s
 14652 14513  494.57059  220 1656          -  494.57059      -  52.7 1378s
 14653 14514  494.57059  225 1373          -  494.57059      -  52.7 1386s
 14654 14515  494.71884  249  989          -  494.71884      -  52.7 1393s
 14655 14515  494.77462  135  909          -  494.77462      -  52.7 1402s
 14657 14517  498.29563   12  795          -  494.79618      -  52.7 1412s
 14658 14517  502.90415   89  747          -  494.80108      -  52.7 1415s
 14659 14518  512.90205   61  774          -  494.80368      -  52.7 1498s
 14660 14519  531.12854  127  759          -  494.80397      -  52.7 1553s
 14661 14519  503.72073  166  745          -  494.80507      -  52.7 1565s
 14662 14520  495.46390  183  730          -  494.80531      -  52.7 1574s
 14663 14521  494.80590  195  736          -  494.80590      -  52.7 1611s
 14664 14521  494.80596  192  734          -  494.80596      -  52.7 1633s
 14665 14522  494.80861   77  739          -  494.80861      -  52.7 1649s
 14666 14523  503.86110   93  725          -  494.80996      -  52.7 1663s
 14667 14523  503.00211  229  721          -  494.81182      -  52.7 1683s
 14668 14524  494.81205  150  714          -  494.81205      -  52.7 1690s
 14669 14525  505.27833  212  705          -  494.81236      -  52.7 1732s
 14670 14525  494.81241   19  708          -  494.81241      -  52.7 1735s
 14671 14526  506.79422   43  707          -  494.81245      -  52.7 1757s
 14673 14527  494.81248  257  714          -  494.81248      -  52.7 1764s
 14674 14528  494.81249   69  706          -  494.81249      -  52.7 1765s
 14675 14529  494.81250   98  704          -  494.81250      -  52.7 1773s
 14676 14529  494.81250  100  710          -  494.81250      -  52.7 1775s
 14678 14531  494.81251   14  708          -  494.81251      -  52.7 1786s
 14680 14533  516.23832  170  653          -  494.81251      -  88.8 1792s
 14682 14534  504.42036  212 1725          -  494.81251      -  88.8 1828s
 14683 14535  494.81251   94 1497          -  494.81251      -  88.8 1842s
 14684 14536  502.37714    8 1050          -  494.81251      -  88.8 1848s
 14685 14536  494.82234  101  969          -  494.82234      -  88.8 1856s
 14687 14538  494.94509  146  647          -  494.88597      -  88.8 1871s
 14688 14538  512.62809  216  626          -  494.88874      -  88.8 1881s
 14689 14539  494.88898   50  598          -  494.88898      -  88.8 1909s
 14690 14540  495.31033   32  622          -  495.31033      -  88.8 1924s
 14691 14540  511.25503  251  610          -  495.32414      -  88.8 1939s
 14692 14541  495.32418   49  605          -  495.32418      -  88.7 1943s
 14693 14542  495.34013  247  616          -  495.34013      -  88.7 1955s
 14695 14543  499.65047   37  620          -  495.45472      -  88.7 1969s
 14696 14544  495.49372   20  618          -  495.49372      -  88.7 1971s
 14697 14544  515.36592   43  617          -  495.49825      -  88.7 1980s
 14699 14546  495.49826   76  621          -  495.49826      -  88.7 1993s
 14700 14546  495.49827  248  620          -  495.49827      -  88.7 1995s
 14701 14547  495.49828  109  620          -  495.49828      -  88.7 2004s
 14702 14548  511.43148  236  618          -  495.49828      -  88.7 2006s
 14703 14548  495.49891  179  618          -  495.49891      -  88.7 2014s
 14704 14549  511.40012  112  616          -  495.49892      -  88.7 2016s
 14705 14550  495.50060   23  618          -  495.50060      -  88.7 2021s
 14707 14551  495.50065   88  622          -  495.50065      -  88.7 2027s
 14709 14552  495.50122   34  612          -  495.50122      -  88.6 2033s
 14710 14553  495.50147   48  606          -  495.50147      -  88.6 2035s
 14711 14554  495.50162  219  607          -  495.50162      -  88.6 2048s
 14712 14554  514.53488  191  605          -  495.50162      -  88.6 2052s
 14713 14555  506.50951  203  604          -  495.50171      -  88.6 2063s
 14714 14556  509.51069  111  601          -  495.50171      -  88.6 2067s
 14715 14556  495.50171   47  600          -  495.50171      -  88.6 2071s
 14716 14557  495.50171   63  600          -  495.50171      -  88.6 2075s
 14718 14560  498.70887   57  653          -  495.50171      -   121 2082s
 14720 14561  497.00068   11 1706          -  497.00068      -   121 2105s
 14721 14562  498.37356   40 1435          -  498.37356      -   121 2117s
 14722 14563  498.59960   29 1159          -  498.59960      -   121 2121s
 14723 14563  510.35677   25 1084          -  498.69739      -   121 2131s
 14725 14565  498.87858  215  815          -  498.87858      -   121 2143s
 14726 14565  498.87968   41  742          -  498.87968      -   121 2145s
 14727 14566  498.87990   11  713          -  498.87990      -   121 2151s
 14729 14567  504.52172  253  707          -  498.88005      -   121 2161s
 14731 14569  498.88008   86  710          -  498.88008      -   121 2185s
 14732 14569  512.44363  153  699          -  498.88010      -   121 2190s
 14733 14570  498.88010   52  699          -  498.88010      -   121 2211s
 14734 14571  498.88010  185  699          -  498.88010      -   120 2219s
 14735 14571  498.88010   99  701          -  498.88010      -   120 2238s
 14736 14572  498.88010  124  705          -  498.88010      -   120 2244s
 14737 14573  498.88017  121  707          -  498.88017      -   120 2256s
 14738 14573  509.84177   56  701          -  498.88021      -   120 2261s
 14739 14574  509.72574  159  701          -  498.88022      -   120 2269s
 14740 14575  498.88022   83  701          -  498.88022      -   120 2275s
 14742 14577  498.88022  183  653          -  498.88022      -   146 2285s
 14744 14578  498.88022  278 1683          -  498.88022      -   146 2332s
 14745 14579  498.98845  243 1353          -  498.98845      -   146 2345s
 14747 14580  499.46191  155  831          -  499.46191      -   146 2366s
 14748 14581  502.64794   92  724          -  499.46477      -   146 2370s
 14749 14582  499.46917  205  697          -  499.46917      -   146 2390s
 14750 14582  509.18118   72  688          -  499.46961      -   146 2399s
 14751 14583  499.47021  185  686          -  499.47021      -   146 2418s
 14752 14584  499.47022  220  686          -  499.47022      -   146 2423s
 14753 14584  499.47037  225  676          -  499.47037      -   146 2445s
 14754 14585  499.47037  249  673          -  499.47037      -   146 2451s
 14755 14586  499.47053  135  674          -  499.47053      -   146 2469s
 14756 14586  511.48781   38  672          -  499.47054      -   146 2477s
 14757 14587  499.47054   12  664          -  499.47054      -   146 2493s
 14758 14588  502.90415   89  664          -  499.47054      -   146 2511s
 14759 14588  512.90205   61  664          -  499.47054      -   146 2515s
 14760 14589  531.12854  127  665          -  499.47054      -   146 2529s
 14761 14590  503.72073  166  660          -  499.47054      -   146 2534s
 14762 14590  499.47054  183  662          -  499.47054      -   146 2548s
 14763 14591  499.47054  195  662          -  499.47054      -   146 2555s
 14765 14594  499.47054   77  653          -  499.47054      -   168 2562s
 14767 14595  503.00211  229 1705          -  499.47054      -   168 2611s
 14768 14596  499.47054  150 1323          -  499.47054      -   168 2636s
 14769 14597  505.27833  212  975          -  499.47054      -   168 2642s
 14770 14597  499.47054   19  878          -  499.47054      -   168 2653s
 14771 14598  506.79422   43  843          -  499.47054      -   168 2656s
 14772 14599  503.64165  231  806          -  499.47152      -   168 2667s
 14774 14600  499.47296   69  676          -  499.47296      -   168 2677s
 14776 14601  499.47374  100  687          -  499.47374      -   168 2689s
 14777 14602  503.67465  247  656          -  499.47392      -   168 2695s
 14778 14603  499.47503   14  651          -  499.47503      -   168 2708s
 14779 14603  499.47509   72  651          -  499.47509      -   168 2713s
 14780 14604  516.23832  170  624          -  499.47509      -   168 2727s
 14781 14605  499.47509  241  628          -  499.47509      -   168 2730s
 14782 14605  504.42036  212  632          -  499.47509      -   168 2738s
 14783 14606  499.47509   94  632          -  499.47509      -   168 2743s
 14784 14607  502.37714    8  632          -  499.47509      -   168 2745s
 14785 14607  499.47509  101  630          -  499.47509      -   168 2751s
 14786 14608  500.53016  232  630          -  499.47509      -   168 2760s
 14788 14609  512.62809  216  630          -  499.47509      -   168 3128s
 14789 14613  499.94593   76 9078          -  499.47509      -   182 3524s
 14791 14616  527.56725   77 9069          -  499.49394      -   182 3836s
 14795 14623  527.76361   78 9080          -  499.55380      -   182 5206s
 14803 14636  527.84614   79 9082          -  499.56525      -   183 5210s
 14819 14663  528.04890   80 9086          -  499.60903      -   182 5219s
 14851 14684  528.05049   81 9085          -  499.65046      -   183 5224s
 14883 14706  560.50367   81 9199          -  499.65046      -   183 5267s
 14915 14727  528.05138   82 9080          -  499.65046      -   183 5272s
 14947 14748  532.56294   82 9086          -  499.65046      -   183 5285s
 14979 14798  528.05138   83 9079          -  499.77365      -   183 5316s
 15039 14810  528.05138   84 9078          -  499.77365      -   182 5322s
 15071 14856  535.31833   84 9080          -  499.77365      -   182 5326s
 15128 14915  530.91263   85 9077          -  499.77365      -   181 5330s
 15206 14953  528.05167   87 9075          -  499.77365      -   181 5335s
 15270 14997  528.05167   88 9074          -  499.77365      -   180 5342s
 15335 15042  535.88995   89 9080          -  499.77365      -   179 5348s
 15402 15099  528.34766   90 9113          -  499.77365      -   179 5354s
 15481 15138  528.10118   91 9088          -  499.77365      -   178 5359s
 15547 15186  528.10140   92 9084          -  499.77365      -   178 5364s
 15617 15234  528.10140   93 9083          -  499.77365      -   177 5368s
 15688 15294  528.13124   94 9083          -  499.77365      -   177 5373s
 15772 15359  528.15988   95 9082          -  499.77365      -   176 5378s
 15865 15415  528.15988   96 9081          -  499.77365      -   175 5383s
 15952 15434  528.16035   98 9077          -  499.77365      -   174 6276s
 16000 15491  528.16135   98 9074          -  499.77365      -   174 6281s
 16073 15558  528.16146  100 9079          -  499.77365      -   174 6285s
 16281 15712  528.19286  103 9076          -  499.77365      -   172 6341s
 16387 15772  532.08257  104 9066          -  499.77365      -   176 6350s
 16483 15862  528.19313  105 9088          -  499.77365      -   175 6364s
 16605 15952  559.90361  106 9093          -  499.77365      -   174 6377s
 16735 16054  528.19439  108 9083          -  499.77365      -   173 6386s
 16881 16092  528.20083  110 9080          -  499.77365      -   172 6395s
 16967 16230  528.20114  111 9079          -  499.77365      -   172 6406s
 17136 16307  528.20151  114 9078          -  499.77365      -   170 6419s
 17271 16359  528.20151  115 9078          -  499.77365      -   169 6473s
 17370 16381  535.22318  116 9078          -  499.77365      -   168 6520s
 17425 16532  528.20159  117 9079          -  499.77365      -   168 6539s
 17605 16888  528.21017  119 9081          -  499.77365      -   167 6562s
 18043 16949  528.22126  122 9079          -  499.77365      -   164 6641s
 18250 17073  528.22230  124 9075          -  499.77365      -   162 6645s
 18453 17640  528.22254  126 9072          -  499.77365      -   161 6653s
 19095 18028  528.29327  131 9068          -  499.77365      -   156 6663s
 19697 17913  552.48171  137 9037          -  499.77365      -   151 6718s
 19783 18116  528.33591  138 9068          -  499.77365      -   151 6734s
 20017 18828  529.73183  141 9125          -  499.77365      -   149 6758s
 20811 19385  528.31833  149 9064          -  499.77365      -   145 6784s
 21632 19247  528.33277  159 9052          -  499.77365      -   140 6856s
 21768 19353  528.33196  161 9053          -  499.77365      -   139 6861s
 21919 19498  528.34143  164 9049          -  499.77365      -   138 6866s
 22115 19734  551.46039  167 9044          -  499.77365      -   137 6907s
 22416 19887  528.42558  172 9049          -  499.77365      -   136 6924s
 22669 20664  528.42662  175 9038          -  499.77365      -   134 7012s
 23539 20615  528.42972  183 9060          -  499.77365      -   130 7022s
 23784 21380  528.43039  187 9031          -  499.77365      -   129 7038s
 24650 21989  528.43495  197 9016          -  499.77365      -   125 7052s
 25570 21881  528.44802  207 9003          -  499.77365      -   122 7058s
 25773 22040  528.47771  211 9063          -  499.77365      -   121 7064s
 25999 22247  528.47803  216 9059          -  499.77365      -   121 7158s
 26290 22308  528.48249  218 9057          -  499.77365      -   120 7286s
 26450 22533  528.48332  221 9050          -  499.77365      -   119 7307s
 26734 22739  528.48348  226 9042          -  499.77365      -   118 7322s
 27041 23518  528.95288  230 9046          -  499.77365      -   118 7379s
 27936 23708  528.70845  245 9007          -  499.77365      -   115 7426s
 28436 23873  528.69151  249 8998          -  499.77365      -   113 7434s
 28778 24819  528.68866  257 8976          -  499.77365      -   112 7467s
 29858 24829  529.17858  275 8946          -  499.77365      -   109 7478s
 30234 25802  531.39464  282 9015          -  499.77365      -   108 7583s
 31336 26345  532.01883  299 9059          -  499.77365      -   106 7635s
 32249 26489  530.47327  314 9038          -  499.77365      -   103 7660s
 32697 28067  530.47900  321 9025          -  499.77365      -   102 7744s
 34426 27931  540.82607  346 8988          -  499.77365      -  98.3 7779s
 34545 27892  502.60645  354 9111          -  499.77365      -  98.0 7780s
 34867 29030  530.51012  352 9000          -  499.77365      -  97.4 7938s
 36115 30484  530.48944  369 9003          -  499.77365      -  94.6 8008s
 37985 30398  530.48933  401 8975          -  499.77365      -  90.6 8041s
 38522 32022  530.77899  410 8966          -  499.77365      -  89.6 8104s
 40329 32548  530.92838  439 8941          -  499.77365      -  86.4 8220s
 41457 33797  530.48935  455 8941          -  499.77365      -  84.5 8267s
 43082 33922  530.48952  476 8915          -  499.77365      -  82.0 8282s
 43749 34742  530.49051  489 8906          -  499.77365      -  81.0 8339s
 44793 35772  530.49050  492 8904          -  499.77365      -  79.5 8437s
 46171 35872  530.48952  506 8908          -  499.77365      -  77.6 8539s
 46731 37460  530.49052  511 8909          -  499.77365      -  76.8 8653s
 48505 37529  530.48955  526 8889          -  499.77365      -  74.5 8764s
 49166 39213  530.59848  528 8889          -  499.77365      -  73.7 8834s
 51070 40422  530.48955  538 8891          -  499.77365      -  71.4 8888s
 52914 42566  530.48958  566 8789          -  499.77365      -  69.4 9098s
 55672 42603  530.48958  594 8760          -  499.77365      -  66.6 9188s
 56629 44940  532.53706  617 8737          -  499.77365      -  65.7 9330s
 59285 47628  530.48956  630 8723          -  499.77365      -  63.2 9483s
 62635 48885  530.49058  674 8691          -  499.77365      -  60.5 9547s
 63892 49928  530.48959  691 8710          -  499.77365      -  59.6 9562s

Cutting planes:
  Learned: 15
  Gomory: 135
  Cover: 78
  Implied bound: 328
  Projected implied bound: 8
  Clique: 29
  MIR: 130
  StrongCG: 1
  Flow cover: 965
  GUB cover: 2
  Zero half: 12
  RLT: 442
  Relax-and-lift: 220

Explored 64935 nodes (4167485 simplex iterations) in 9562.50 seconds
Thread count was 32 (of 32 available processors)

Solution count 0

Solve interrupted
Best objective -, best bound 4.997736538132e+02, gap -

Unable to retrieve attribute 'X'

