
Gurobi 9.1.0 (linux64, gurobi_cl) logging started Fri May  7 10:38:20 2021

Using license file /home/ehudgins/gurobi.lic
Set parameter MIPGap to value 0.1
Set parameter Heuristics to value 1
Set parameter NodefileStart to value 100
Set parameter LogFile to value model_0.6_0.5_denys.log
Set parameter Presolve to value 2
Academic license - for non-commercial use only - expires 2021-05-24

Gurobi Optimizer version 9.1.0 build v9.1.0rc0 (linux64)
Copyright (c) 2020, Gurobi Optimization, LLC

Read MPS format model from file model_0.6_0.6_0.5.mps
Reading time = 0.39 seconds
spread: 84543 rows, 133131 columns, 234260 nonzeros
Thread count: 32 physical cores, 32 logical processors, using up to 32 threads
Optimize a model with 84543 rows, 133131 columns and 234260 nonzeros
Model fingerprint: 0xe9950099
Model has 119149 general constraints
Variable types: 55774 continuous, 77357 integer (77357 binary)
Coefficient statistics:
  Matrix range     [2e-04, 5e+01]
  Objective range  [1e-06, 1e-01]
  Bounds range     [1e+00, 6e+03]
  RHS range        [1e-04, 1e+03]
Presolve removed 226900 rows and 178854 columns (presolve time = 5s) ...
Presolve removed 275146 rows and 235088 columns (presolve time = 10s) ...
Presolve added 55539 rows and 0 columns
Presolve removed 0 rows and 24585 columns
Presolve time: 11.23s
Presolved: 140082 rows, 108546 columns, 523653 nonzeros
Presolved model has 10527 SOS constraint(s)
Variable types: 61385 continuous, 47161 integer (47161 binary)

Deterministic concurrent LP optimizer: primal and dual simplex
Showing first log only...

Presolve removed 21173 rows and 22379 columns
Presolved: 118909 rows, 86167 columns, 460129 nonzeros


Root simplex log...

Iteration    Objective       Primal Inf.    Dual Inf.      Time
       0    7.1570952e+03   1.706534e+05   3.097628e+10     14s
   47800    1.3993532e+03   0.000000e+00   4.613398e+05     15s
   56297    3.7540931e+02   0.000000e+00   0.000000e+00     19s
   56414    3.7540931e+02   0.000000e+00   0.000000e+00     19s
Extra simplex iterations after uncrush: 117
Concurrent spin time: 1.03s

Solved with primal simplex

Root relaxation: objective 3.754093e+02, 56414 iterations, 8.14 seconds
Total elapsed time = 21.06s

    Nodes    |    Current Node    |     Objective Bounds      |     Work
 Expl Unexpl |  Obj  Depth IntInf | Incumbent    BestBd   Gap | It/Node Time

     0     0  386.73689    0 8893          -  386.73689      -     -   24s
     0     0  389.67371    0 9152          -  389.67371      -     -   29s
     0     0  389.70595    0 9172          -  389.70595      -     -   31s
     0     0  389.71817    0 9166          -  389.71817      -     -   31s
     0     0  389.71937    0 9167          -  389.71937      -     -   31s
     0     0  390.11661    0 9220          -  390.11661      -     -   33s
     0     0  390.13024    0 9157          -  390.13024      -     -   34s
     0     0  390.13371    0 9162          -  390.13371      -     -   34s
     0     0  390.13633    0 9168          -  390.13633      -     -   34s
     0     0  390.13636    0 9169          -  390.13636      -     -   35s
     0     0  390.49583    0 9083          -  390.49583      -     -   38s
     0     0  390.52582    0 9066          -  390.52582      -     -   39s
     0     0  390.53067    0 9054          -  390.53067      -     -   39s
     0     0  390.53402    0 9057          -  390.53402      -     -   39s
     0     0  390.53452    0 9054          -  390.53452      -     -   40s
     0     0  390.63816    0 9092          -  390.63816      -     -   42s
     0     0  390.64921    0 9045          -  390.64921      -     -   44s
     0     0  390.65658    0 9051          -  390.65658      -     -   44s
     0     0  390.65964    0 9037          -  390.65964      -     -   44s
     0     0  390.66000    0 9038          -  390.66000      -     -   44s
     0     0  390.69976    0 8970          -  390.69976      -     -   46s
     0     0  390.70261    0 8985          -  390.70261      -     -   47s
     0     0  390.70281    0 8983          -  390.70281      -     -   47s
     0     0  390.72602    0 8981          -  390.72602      -     -   48s
     0     0  390.72759    0 8982          -  390.72759      -     -   50s
     0     0  390.72763    0 8985          -  390.72763      -     -   50s
     0     0  390.73327    0 8964          -  390.73327      -     -   51s
     0     0  390.73336    0 8959          -  390.73336      -     -   52s
     0     0  390.74354    0 8954          -  390.74354      -     -   53s
     0     0  390.74413    0 8977          -  390.74413      -     -   54s
     0     0  390.74415    0 8978          -  390.74415      -     -   54s
     0     0  390.74665    0 8984          -  390.74665      -     -   55s
     0     0  390.74711    0 8984          -  390.74711      -     -   57s
     0     0  390.74873    0 8970          -  390.74873      -     -   57s
     0     0  390.74874    0 8974          -  390.74874      -     -   59s
     0     0  390.74886    0 8962          -  390.74886      -     -   59s
     0     0  390.74886    0 8962          -  390.74886      -     -   61s
     0     2  390.74886    0 8962          -  390.74886      -     -  182s
    31    64  405.97359    5 8966          -  390.75176      -  76.5  185s
   479   512  405.97473   12 8959          -  390.75328      -  11.1  190s
  1103  1136  405.98558   24 8955          -  390.75953      -  11.0  195s
  1695  1792  406.03489   36 8932          -  390.75953      -  10.4  200s
  2191  2272  406.25713   45 8946          -  390.75953      -  10.4  205s
  2735  2808  408.21214   53 8934          -  390.75953      -  10.2  210s
  3159  3312  411.13287   60 8993          -  390.75953      -  10.9  215s
  3535  3680  406.03534   65 8950          -  390.75953      -  11.9  220s
  3919  4096  406.03534   71 8951          -  390.75953      -  12.1  225s
  4463  4592  406.03541   79 8952          -  390.75953      -  10.9  230s
  4863  5216  406.03643   85 8949          -  390.75953      -  10.3  235s
  5583  5904  406.03543   96 8953          -  390.75953      -   9.3  240s
  6063  6400  406.03545  104 8953          -  390.75953      -   8.8  247s
  6399  6656  406.05682  110 8952          -  390.75953      -   8.4  252s
  6655  6928  406.53530  114 8952          -  390.75953      -   8.2  256s
  6927  7296  406.03548  118 8948          -  390.75953      -   8.0  261s
  7295  7680  406.47716  124 8945          -  390.75953      -   7.7  266s
  7679  8144  406.03650  130 8940          -  390.75953      -   7.5  271s
  8143  8464  406.03551  137 8941          -  390.75953      -   7.2  276s
  8463  8912  406.03551  142 8943          -  390.75953      -   7.0  281s
  8911  9376  406.03553  149 8944          -  390.75953      -   6.8  288s
  9375  9872  411.19349  157 8947          -  390.75953      -   6.6  295s
  9871 10432  406.33311  165 8950          -  390.75953      -   6.4  301s
 10431 10944  406.27977  174 8960          -  390.75953      -   6.2  306s
 10943 11488  412.35125  182 8968          -  390.75953      -   6.1  316s
 11487 12032  406.03585  190 8971          -  390.75953      -   5.9  323s
 12031 12192  409.66809  199 8979          -  390.75953      -   5.8  329s
 12191 12800  406.03592  201 8980          -  390.75953      -   5.8  337s
 12799 13126  407.52282  211 8987          -  390.75953      -   5.7  344s
 13125 13760  409.23268  216 8990          -  390.75953      -   5.6  354s
 13759 14176  424.35205  226 8994          -  390.75953      -   5.5  364s
 14175 14880  406.03631  232 9034          -  390.75953      -   5.7  375s
 14880 14881  395.07849   77  471          -  390.75953      -   5.5  462s
 14882 14882  409.46229   61 2041          -  406.03450      -   5.5  509s
 14883 14883  417.87787  216  825          -  417.87787      -   5.5  529s
 14884 14884  418.13475  119  825          -  418.13475      -   5.5  534s
 14885 14884  418.26664   40  689          -  418.26664      -   5.5  540s
 14887 14886  418.41134   80  533          -  418.41134      -   5.5  549s
 14888 14886  418.41244  122  550          -  418.41244      -   5.5  551s
 14889 14887  418.44283   90  525          -  418.44283      -   5.5  566s
 14891 14888  419.87567  119  533          -  419.87567      -   5.5  573s
 14892 14889  419.87711  169  513          -  419.87711      -   5.5  575s
 14893 14890  419.87758  156  533          -  419.87758      -   5.5  581s
 14895 14891  419.87772   15  561          -  419.87772      -   5.5  588s
 14896 14892  419.87772  202  513          -  419.87772      -   5.5  591s
 14897 14892  419.87772   14  508          -  419.87772      -   5.5  598s
 14898 14893  419.88409  186  500          -  419.88409      -   5.5  601s
 14899 14894  419.88409  215  501          -  419.88409      -   5.5  619s
 14900 14894  419.90430  121  495          -  419.90430      -   5.5  620s
 14901 14895  419.90430  167  486          -  419.90430      -   5.5  627s
 14902 14896  419.90430  181  498          -  419.90430      -   5.5  635s
 14903 14896  419.90430   82  482          -  419.90430      -   5.5  645s
 14904 14897  419.90430  225  481          -  419.90430      -   5.5  650s
 14905 14898  419.90430  178  473          -  419.90430      -   5.5  655s
 14907 14899  419.90430   36  497          -  419.90430      -   5.5  662s
 14909 14900  419.90430  231  494          -  419.90430      -   5.5  669s
 14910 14901  419.90430   74  491          -  419.90430      -   5.5  672s
 14911 14902  419.90430   12  483          -  419.90430      -   5.5  677s
 14912 14902  419.90430  129  490          -  419.90430      -   5.5  681s
 14913 14903  419.90430   34  486          -  419.90430      -   5.5  701s
 14914 14904  419.90430   99  482          -  419.90430      -   5.5  707s
 14915 14904  419.90430   23  485          -  419.90430      -   5.5  727s
 14916 14905  419.90430  130  488          -  419.90430      -   5.5  732s
 14917 14906  419.90430  119  488          -  419.90430      -   5.5  752s
 14918 14906  419.90430   13  498          -  419.90430      -   5.5  760s
 14919 14907  419.90430  114  490          -  419.90430      -   5.5  780s
 14920 14908  419.90430   33  490          -  419.90430      -   5.5  786s
 14921 14908  419.90430   69  497          -  419.90430      -   5.5  790s
 14924 14912  419.90430   57  471          -  419.90430      -  20.1  796s
 14926 14913  419.90430  164  747          -  419.90430      -  20.1  813s
 14927 14914  421.00760  195  939          -  421.00760      -  20.1  826s
 14928 14915  421.28133   76  713          -  421.28133      -  20.1  832s
 14929 14915  421.31847  184  620          -  421.31847      -  20.1  840s
 14934 14919  421.33075  144  573          -  421.33075      -  20.1  847s
 14935 14919  421.38565  153  568          -  421.38565      -  20.1  853s
 14938 14921  421.39848  136  533          -  421.39848      -  20.1  855s
 14941 14923  421.40616   45  542          -  421.40616      -  20.1  862s
 14942 14924  421.40874  106  534          -  421.40874      -  20.1  867s
 14944 14925  435.46643  153  530          -  421.40939      -  20.1  870s
 14945 14926  421.41276   68  528          -  421.41276      -  20.1  878s
 14946 14927  421.42394  187  520          -  421.42394      -  20.1  885s
 14950 14929  421.42859   45  528          -  421.42859      -  20.1  893s
 14953 14931  421.42981  158  526          -  421.42981      -  20.1  898s
 14955 14933  421.43013  124  524          -  421.43013      -  20.1  905s
 14957 14934  421.43013   39  524          -  421.43013      -  20.1 1071s
 14958 14938  422.88550   26 8023          -  421.43013      -  22.0 1193s
 14960 14941  422.88808   27 8019          -  421.43140      -  22.0 1317s
 14972 14961  422.88839   29 8016          -  421.43406      -  22.0 1323s
 14988 14988  422.88893   30 8016          -  421.43445      -  22.0 1328s
 15052 15030  431.89949   31 8021          -  421.43457      -  22.1 1340s
 15198 15152  424.31738   33 8009          -  421.43584      -  22.5 1345s
 15400 15274  423.12436   36 8012          -  421.44517      -  22.5 1351s
 15615 15482  429.31891   39 8007          -  421.47898      -  22.5 1356s
 15969 15649  423.17085   44 8000          -  421.49117      -  22.4 1360s
 16208 15934  423.25856   47 8007          -  421.49125      -  22.3 1365s
 16632 16114  423.33287   50 8003          -  421.51065      -  22.2 1371s
 16798 16209  423.44562   52 8002          -  421.51065      -  22.4 1376s
 17017 16381  423.40667   54 8006          -  421.51065      -  22.6 1382s
 17394 16858  423.41607   56 8009          -  421.51065      -  22.4 1386s
 17761 17123  423.44756   59 8010          -  421.51065      -  22.1 1391s
 18150 17427  423.47350   62 8009          -  421.51065      -  21.8 1395s
 18968 17690  423.48804   69 8005          -  421.51065      -  21.2 1400s
 19425 18279  423.50288   75 8015          -  421.51065      -  20.8 1406s
 19873 18610  423.51559   78 8015          -  421.51065      -  20.5 1412s
 20375 18648  423.53518   81 8011          -  421.51065      -  20.2 1415s
 20612 19205  423.53551   84 8010          -  421.51065      -  20.1 1421s
 21539 19429  423.53706   92 7992          -  421.51065      -  19.5 1427s
 21766 19993  424.98606   94 7996          -  421.51065      -  19.5 1438s
 22287 19932  423.71612   98 7996          -  421.51065      -  19.3 1440s
 22761 20253  424.85129  104 7988          -  421.51065      -  19.4 1447s
 22886 20552  424.27602  106 7990          -  421.51065      -  19.4 1450s
 23392 20969  424.28217  113 7976          -  421.51065      -  19.4 1467s
 23975 21093  425.84277  121 7968          -  421.51065      -  21.8 1480s
 24304 21566  425.85947  134 7934          -  421.51065      -  22.4 1488s
 24760 21549  425.86658  143 7933          -  421.51065      -  22.7 1492s
 24901 22159  426.93542  145 7966          -  421.51065      -  22.8 1498s
 25568 22100  426.98840  153 7952          -  421.51065      -  22.8 1503s
 25731 22813  428.94654  155 7954          -  421.51065      -  22.9 1509s
 26528 22732  433.16851  164 7948          -  421.51065      -  22.7 1513s
 26715 23421  433.13599  168 7942          -  421.51065      -  22.7 1520s
 27494 23737  433.14188  179 7911          -  421.51065      -  22.6 1529s
 28076 23702  433.15617  188 7894          -  421.51065      -  22.6 1534s
 28235 24401  433.15668  191 7891          -  421.51065      -  22.8 1543s
 29001 24266  433.69676  205 7877          -  421.51065      -  22.7 1549s
 29121 24408  433.69721  207 7873          -  421.51065      -  22.8 1554s
 29307 25262  433.80244  211 7853          -  421.51065      -  23.0 1565s
 30229 25323  434.55944  224 7851          -  421.51065      -  23.0 1571s
 30600 25811  434.56841  231 7846          -  421.51065      -  23.2 1579s
 31219 25804  434.57038  244 7842          -  421.51065      -  23.7 1584s
 31421 26173  440.30541  249 7852          -  421.51065      -  24.0 1598s
 31859 26195  453.58329  256 7973          -  421.51065      -  24.5 1604s
 32039 26683  453.61687  258 7962          -  421.51065      -  24.8 1623s
 32659 26625  517.91658  271 7978          -  421.51065      -  27.6 1629s
 32840 26830  517.92783  275 7974          -  421.51065      -  28.4 1636s
 33153 27269  518.11560  282 7964          -  421.51065      -  28.9 1662s
 33982 27181  518.13128  296 7928          -  421.51065      -  29.7 1676s
 34327 27595  518.15823  300 7920          -  421.51065      -  31.5 1716s
 35114 27437  518.17263  310 7900          -  421.51065      -  33.5 1775s
 35248 27732  518.21152  311 7898          -  421.51065      -  33.6 1782s
 35664 27928  518.44835  317 7886          -  421.51065      -  33.8 1791s
 36108 29337  518.23621  323 7875          -  421.51065      -  34.0 1838s
 37831 29089  518.28498  354 7851          -  421.51065      -  38.1 1882s
 38206 29400  518.28775  355 7845          -  421.51065      -  39.4 1889s
 38714 30979  518.30564  361 7843          -  421.51065      -  39.2 1910s
 40624 31610  518.34546  400 7782          -  421.51065      -  38.9 1957s
 42395 31299  558.68399  421 7756          -  421.51065      -  38.6 1995s
 42768 31545  558.68747  425 7750          -  421.51065      -  39.0 2033s
 43264 32559  560.28856  433 7729          -  421.51065      -  40.7 2083s
 44635 32591  558.87929  466 7691          -  421.51065      -  42.3 2096s
 45186 33734  558.89658  472 7682          -  421.51065      -  42.7 2151s
 46585 33887  558.99303  506 7677          -  421.51065      -  43.3 2166s
 47278 36055  559.00311  517 7662          -  421.51065      -  43.6 2222s
 49924 35617  559.06343  550 7644          -  421.51065      -  43.6 2258s
 50446 37386  562.29123  557 7643          -  421.51065      -  43.8 2312s
 52515 37437  562.37089  599 7612          -  421.51065      -  45.0 2354s
 53263 39740  562.39657  609 7615          -  421.51065      -  46.2 2408s
 55873 39444  569.67557  655 7687          -  421.51065      -  46.2 2463s
 56532 41422  570.77225  666 7583          -  421.51065      -  46.0 2525s
 58865 42846  565.91358  698 7595          -  421.51065      -  46.5 2585s
H60652 41508                     660.7835807  421.51065  36.2%  46.5 2585s
 61173 41683  567.24691  754 7558  660.78358  421.51065  36.2%  46.7 2617s
H61204 39747                     606.6372653  421.51065  30.5%  46.7 2617s
H61287 39441                     586.7201274  421.51065  28.2%  46.7 2617s
 61570 39868  568.55830  762 7569  586.72013  421.51065  28.2%  46.8 2642s
H61575 39696                     584.3597042  421.51065  27.9%  46.7 2642s
H62096 39696                     584.3088244  421.51065  27.9%  46.6 2642s
H62206 39662                     583.6899440  421.51065  27.8%  46.6 2642s
H62224 39617                     582.6919842  421.51065  27.7%  46.6 2642s
 62232 40076  568.61592  772 7547  582.69198  421.51065  27.7%  46.6 2713s
H62267 39739                     575.6167556  421.51065  26.8%  46.6 2713s
H62305 39515                     570.0277362  421.51065  26.1%  46.6 2713s
H62323 39113                     565.9311090  421.51065  25.5%  46.6 2713s
H62361 38924                     564.5481739  421.51065  25.3%  46.5 2713s
H62538 38582                     563.6251760  421.51065  25.2%  47.5 2713s
 62769 38677     cutoff  780       563.62518  421.51778  25.2%  48.7 2831s
H62808 38654                     563.5644474  421.51778  25.2%  48.6 2831s
H62865 38490                     562.8787628  421.51778  25.1%  48.6 2831s
 63010 39098  421.56560   40 7994  562.87876  421.51778  25.1%  49.6 2882s
H63067 39098                     562.8583572  421.51778  25.1%  49.6 2882s
H63141 38763                     560.2522879  421.51778  24.8%  49.6 2882s
H63300 37781                     555.3021746  421.51778  24.1%  49.9 2882s
 63732 38464  467.66398   71 8179  555.30217  421.51778  24.1%  49.9 2943s
 64555 38543  502.18527  109 8150  555.30217  421.51778  24.1%  50.6 3107s
H64585 38534                     554.9507008  421.51778  24.0%  50.6 3107s
H64617 38432                     551.3671161  421.51778  23.6%  50.6 3107s
 64646 39141  502.18532  110 8149  551.36712  421.51778  23.6%  50.6 3184s
H64856 38132                     543.8396291  421.51778  22.5%  50.5 3184s
 65451 38626  507.34901  132 8117  543.83963  421.51778  22.5%  52.3 3258s
H65492 38566                     543.5988897  421.51778  22.5%  52.3 3258s
H65670 38313                     542.8658544  421.51778  22.4%  52.7 3258s
H65933 38287                     542.7919111  421.51778  22.3%  52.6 3258s
H66103 38969                     542.7377621  421.51778  22.3%  52.6 3339s
H66699 38940                     542.6866240  421.51778  22.3%  52.6 3339s
H66883 38878                     542.6135035  421.51778  22.3%  52.5 3339s
 66990 40105  421.60097   47 7991  542.61350  421.51778  22.3%  52.5 3451s
H67050 40105                     542.6124055  421.51778  22.3%  52.5 3451s
H67130 40063                     542.4027864  421.51778  22.3%  52.5 3451s
H67177 39959                     541.8960716  421.51778  22.2%  52.5 3451s
H67930 39883                     541.1751909  421.51778  22.1%  53.8 3451s
H68386 39823                     540.7134592  421.51778  22.0%  53.6 3451s
 68413 40921  510.93983  107 8146  540.71346  421.51778  22.0%  53.6 3579s
 69802 40953  517.99828  152 8182  540.71346  421.51778  22.0%  53.9 3907s
H69812 40398                     538.7781965  421.51778  21.8%  53.9 3907s
 69834 41431  518.01802  153 8181  538.77820  421.51778  21.8%  53.9 4085s
H70312 41426                     538.7524383  421.51778  21.8%  53.7 4085s
H70853 41071                     537.7536815  421.51778  21.6%  54.3 4085s
 70965 43549 infeasible  177       537.75368  421.51870  21.6%  54.3 4144s
H71329 43211                     536.5357183  421.51870  21.4%  54.2 4144s
 73759 43306  460.37461  118 7960  536.53572  421.51870  21.4%  53.1 4315s
H73790 43228                     535.9729843  421.51870  21.4%  53.1 4315s
 73910 46043  460.39669  119 7958  535.97298  421.51870  21.4%  53.1 4401s
H74021 45774                     535.5070415  421.51971  21.3%  53.1 4401s
H74193 42225                     517.5230869  421.51971  18.6%  53.1 4401s
 76958 42227  469.54911   79 8019  517.52309  421.51971  18.6%  55.3 4641s
 77467 44302  469.55856   80 8010  517.52309  421.52048  18.6%  55.1 4882s
H77961 44052                     515.9272049  421.52048  18.3%  55.0 4882s
 79755 44068  423.42104   75 8023  515.92720  421.52048  18.3%  56.5 5411s
H79765 44068                     515.9271470  421.52048  18.3%  56.6 5411s
H79772 44068                     515.9271376  421.52048  18.3%  56.6 5411s
H79790 44068                     515.9270997  421.52048  18.3%  57.2 5411s
H79801 39045                     499.4086639  421.52048  15.6%  57.2 5411s
 79803 42017  423.45094   76 8021  499.40866  421.52048  15.6%  57.2 5495s
H81087 41064                     497.2756779  421.52048  15.2%  56.7 5495s
 83203 44262  483.47409  198 8017  497.27568  421.52048  15.2%  56.6 5589s
H83219 44228                     497.0937095  421.52075  15.2%  56.6 5589s
H85768 44215                     497.0566299  421.52174  15.2%  57.6 5589s
 86803 45485  423.81817  113 7963  497.05663  421.52174  15.2%  57.3 5713s
H87082 45198                     494.3399429  421.52174  14.7%  57.3 5713s
H87812 45190                     494.1419207  421.52174  14.7%  58.0 5713s
 88113 48261  441.02947  152 7978  494.14192  421.52174  14.7%  57.9 5807s
H88338 48255                     494.0900289  421.52174  14.7%  57.9 5807s
H89286 48250                     494.0454268  421.52174  14.7%  57.6 5807s
H89654 48250                     494.0415662  421.52174  14.7%  57.8 5807s
H90947 48248                     494.0283714  421.52174  14.7%  57.6 5807s
 91524 50459  443.46390  182 7961  494.02837  421.52174  14.7%  57.4 5909s
H91653 50446                     493.9326783  421.52174  14.7%  57.4 5909s
H93049 50445                     493.9274676  421.52174  14.7%  57.9 5909s
H93623 50365                     493.4794502  421.52174  14.6%  57.8 5909s
 94053 52656  444.17541  241 7889  493.47945  421.52174  14.6%  57.7 6043s
H96096 52649                     493.4376612  421.52174  14.6%  57.6 6043s
 96702 55373  464.30252  291 7822  493.43766  421.52174  14.6%  57.6 6166s
H97838 55372                     493.3794093  421.52174  14.6%  57.3 6166s
H99654 55369                     493.3679352  421.52174  14.6%  56.9 6166s
H99684 55367                     493.3105853  421.52174  14.6%  56.9 6166s
 99851 56781  464.51142  360 7735  493.31059  421.52174  14.6%  56.8 6337s
H100130 56781                     493.3103286  421.52174  14.6%  56.8 6337s
H100197 56663                     492.5291534  421.52174  14.4%  56.7 6337s
 101583 58554  460.43655  106 8237  492.52915  421.52251  14.4%  56.7 6489s
H102490 58551                     492.4812167  421.52251  14.4%  57.0 6489s
H102829 58536                     492.4094405  421.52251  14.4%  57.0 6489s
H103332 58536                     492.3986769  421.52251  14.4%  56.9 6489s
H104091 59998                     492.3980755  421.52251  14.4%  56.7 7322s
H104122 59998                     492.3720630  421.52251  14.4%  56.6 7322s
H104552 59992                     492.2336119  421.52251  14.4%  56.5 7322s
H104687 59984                     492.2090196  421.52251  14.4%  56.5 7322s
H104730 59889                     491.5521742  421.52251  14.2%  56.5 7322s
 105793 60726  425.74310  121 7916  491.55217  421.52251  14.2%  56.1 7595s
H105806 60724                     491.5295679  421.52251  14.2%  56.1 7595s
H106515 60714                     491.5136158  421.52251  14.2%  55.9 7595s
 106852 64159  431.23434  134 8022  491.51362  421.52251  14.2%  55.9 7765s
H106855 64158                     491.5126470  421.52251  14.2%  55.9 7765s
H107355 64157                     491.5112896  421.52251  14.2%  56.3 7765s
H107739 64153                     491.5007163  421.52251  14.2%  56.2 7765s
H107999 63957                     490.8672860  421.52251  14.1%  56.1 7765s
 110887 64406 infeasible  175       490.86729  421.52251  14.1%  55.7 8152s
H110890 64406                     490.8641176  421.52251  14.1%  56.7 8152s
H110892 64406                     490.8639707  421.52251  14.1%  56.7 8152s
H111029 64406                     490.8576568  421.52251  14.1%  56.6 8152s
 111410 68097  postponed  176       490.85766  421.52271  14.1%  57.3 8266s
H111693 68097                     490.8559340  421.52271  14.1%  57.9 8266s
H112338 68096                     490.8549841  421.52271  14.1%  57.6 8266s
H112671 68079                     490.6254157  421.52271  14.1%  57.5 8266s
 115538 69013  473.96084  169 8158  490.62542  421.52271  14.1%  56.9 8471s
H115540 69011                     490.6242547  421.52271  14.1%  56.9 8472s
H115670 68973                     490.4420183  421.52271  14.1%  56.9 8472s
 116698 72281  473.97528  170 8156  490.44202  421.52271  14.1%  56.8 8565s
H116839 72281                     490.4364386  421.52271  14.1%  56.7 8565s
H118096 72281                     490.4361495  421.52271  14.1%  57.5 8565s
H119094 72281                     490.3297740  421.52271  14.0%  57.2 8565s
H119837 71323                     485.3791848  421.52271  13.2%  57.0 8565s
 120687 73146 infeasible  286       485.37918  421.52352  13.2%  57.2 8735s
H120945 73146                     485.3781495  421.52352  13.2%  57.2 8735s
H121384 73146                     485.3766076  421.52352  13.2%  57.1 8735s
H121525 73146                     485.3746460  421.52352  13.2%  57.0 8735s
H121909 73146                     485.3469259  421.52352  13.2%  56.9 8736s
 122820 76668  433.33830  171 8318  485.34693  421.52352  13.2%  57.0 8863s
H122845 76668                     485.3445730  421.52352  13.1%  57.0 8863s
H123044 76668                     485.3380620  421.52352  13.1%  57.4 8863s
 126860 77644 infeasible  240       485.33806  421.52352  13.1%  56.6 9074s
 127926 80880 infeasible  240       485.33806  421.52352  13.1%  56.9 9229s
H128861 80880                     485.3378708  421.52352  13.1%  58.6 9229s
H128990 80880                     485.3367488  421.52352  13.1%  58.5 9229s
 131773 83318  postponed  255       485.33675  421.52352  13.1%  58.3 9383s
H133927 83318                     485.3335301  421.52352  13.1%  63.8 9383s
 134411 86235  postponed  263       485.33353  421.52352  13.1%  64.1 9483s
 138283 86736  postponed  270       485.33353  421.52352  13.1%  69.3 9805s
H138509 86736                     485.3217965  421.52352  13.1%  74.9 9805s
 138902 89606 infeasible  276       485.32180  421.52787  13.1%  75.3 9927s
H139275 89606                     485.3214708  421.52787  13.1%  75.1 9927s
H139404 89606                     485.3214252  421.52787  13.1%  75.1 9927s
H139799 89606                     485.3214245  421.52787  13.1%  76.6 9927s
H140535 89606                     485.3213989  421.52787  13.1%  76.4 9927s
H140710 89606                     485.3207724  421.52787  13.1%  76.3 9927s
H140839 89606                     485.3204058  421.52787  13.1%  76.2 9928s
H140968 89591                     485.2579506  421.52787  13.1%  76.2 9928s
 142601 89933  437.19649  163 7964  485.25795  421.52787  13.1%  76.4 10449s
H142683 89933                     485.2578724  421.52787  13.1%  76.3 10449s
H142687 89933                     485.2546910  421.52787  13.1%  76.3 10449s
 142973 92284  437.20142  164 7963  485.25469  421.52787  13.1%  76.6 10584s
H142998 92259                     484.9664806  421.52787  13.1%  76.6 10584s
H145713 95286                     484.8751272  421.52787  13.1%  76.8 10728s
H147524 95249                     484.5543370  421.53010  13.0%  76.2 10728s
 149200 96159  437.52437  127 7973  484.55434  421.53010  13.0%  77.7 10947s
 150343 99077  462.47843  253 7862  484.55434  421.53055  13.0%  77.3 11044s
H151183 99077                     484.5542405  421.53055  13.0%  77.0 11044s
H152958 98868                     483.9346664  421.53055  12.9%  76.8 11044s
 153892 99731  425.97208   65 8081  483.93467  421.53055  12.9%  76.6 11275s
 154985 100480  425.97688   66 8087  483.93467  421.53055  12.9%  76.2 11755s
H155036 100480                     483.9346557  421.53055  12.9%  76.2 11755s
H155114 100480                     483.9341969  421.53055  12.9%  76.2 11755s
 155824 103947  440.58995   92 8146  483.93420  421.53055  12.9%  75.9 11935s
H159688 106627                     483.6637893  421.53055  12.8%  77.5 12109s
 163018 108420  457.04357  295 7898  483.66379  421.53055  12.8%  77.0 12269s
 165259 111757  462.58729  344 7880  483.66379  421.53055  12.8%  76.6 12399s
H166302 111706                     483.3862714  421.53055  12.8%  76.3 12399s
 169365 113593  475.83725  447 7799  483.38627  421.54740  12.8%  75.7 12525s
 171479 113622  427.35257  160 7957  483.38627  421.54740  12.8%  75.6 13018s
H171490 113622                     483.3862628  421.54740  12.8%  75.6 13018s
H171506 113622                     483.3862617  421.54740  12.8%  75.6 13018s
 171514 115650  427.38930  161 7956  483.38626  421.54740  12.8%  75.6 13193s
 173953 117476  455.84303  256 7895  483.38626  421.54740  12.8%  76.7 13387s
H174486 117290                     482.7351748  421.54740  12.7%  76.6 13387s
 176040 119380 infeasible  368       482.73517  421.57696  12.7%  77.1 13593s
H176927 119375                     482.7289324  421.57696  12.7%  76.8 13593s
 178479 121807  439.71390  175 7960  482.72893  421.57696  12.7%  79.2 13776s
H178965 121807                     482.7287010  421.57696  12.7%  79.0 13776s
H179004 121807                     482.7278247  421.57696  12.7%  79.0 13776s
H179769 121806                     482.7263314  421.57696  12.7%  79.1 13776s
H180189 121751                     482.6430738  421.57696  12.7%  79.0 13776s
 181176 122241  456.55724  294 7838  482.64307  421.57696  12.7%  78.6 14174s
 181695 125860  456.55730  295 7837  482.64307  421.58398  12.7%  78.5 14335s
H185756 125965                     482.6416103  421.58398  12.7%  77.2 15075s
 185875 129372  437.60688  140 7972  482.64161  421.58398  12.7%  77.2 15284s
H185976 129372                     482.6410122  421.58398  12.7%  77.2 15284s
H186131 129366                     482.6355342  421.58398  12.6%  77.1 15284s
H189892 131572                     482.6346268  421.58398  12.6%  76.3 15576s
H192102 131572                     482.6343409  421.58398  12.6%  75.6 15577s
 192604 133812  453.10695  277 7820  482.63434  421.58398  12.6%  75.5 15836s
H192746 133812                     482.6341902  421.58398  12.6%  75.4 15837s
H193160 133812                     482.6341702  421.58398  12.6%  75.3 15837s
 195076 136471  453.10706  278 7819  482.63417  421.58398  12.6%  75.1 16058s
H196045 134983                     480.0539693  421.58398  12.2%  74.8 16059s
 198449 137251  455.99187  341 7730  480.05397  421.58398  12.2%  74.4 16182s
H198721 137173                     479.8302815  421.58398  12.1%  74.3 16182s

Cutting planes:
  Learned: 4
  Gomory: 80
  Cover: 65
  Implied bound: 196
  Projected implied bound: 5
  Clique: 11
  MIR: 175
  StrongCG: 1
  Flow cover: 710
  GUB cover: 10
  Zero half: 5
  RLT: 194
  Relax-and-lift: 84

Explored 201173 nodes (15061829 simplex iterations) in 16182.79 seconds
Thread count was 32 (of 32 available processors)

Solution count 10: 479.83 480.054 482.634 ... 482.643

Solve interrupted
Warning: max constraint violation (7.0871e-03) exceeds tolerance
Warning: max general constraint violation (7.0871e-03) exceeds tolerance
         (model may be infeasible or unbounded - try turning presolve off)
Best objective 4.798302814580e+02, best bound 4.215839802211e+02, gap 12.1389%

Wrote result file 'model_0.6_0.5_denys.sol'

