
Gurobi 9.1.0 (linux64) logging started Tue Aug  3 04:30:49 2021

Changed value of parameter LogFile to eab_parasitoid_0.2_0_0_streetforest.log
   Prev:   Default: 
Changed value of parameter MIPGap to 0.01
   Prev: 0.0001  Min: 0.0  Max: inf  Default: 0.0001
Changed value of parameter Method to 2
   Prev: -1  Min: -1  Max: 5  Default: -1
Changed value of parameter MIPFocus to 2
   Prev: 0  Min: 0  Max: 3  Default: 0
Changed value of parameter RINS to 100
   Prev: -1  Min: -1  Max: 2000000000  Default: -1
Gurobi Optimizer version 9.1.0 build v9.1.0rc0 (linux64)
Thread count: 32 physical cores, 32 logical processors, using up to 32 threads
Optimize a model with 203386 rows, 134930 columns and 685029 nonzeros
Model fingerprint: 0xb222017a
Variable types: 55774 continuous, 79156 integer (79156 binary)
Coefficient statistics:
  Matrix range     [2e-04, 1e+06]
  Objective range  [7e+01, 2e+07]
  Bounds range     [1e+00, 6e+03]
  RHS range        [1e-04, 1e+06]
Presolve removed 192026 rows and 125348 columns (presolve time = 5s) ...
Presolve removed 193752 rows and 127072 columns (presolve time = 10s) ...
Presolve removed 193797 rows and 127102 columns
Presolve time: 12.87s
Presolved: 9589 rows, 7828 columns, 130940 nonzeros
Variable types: 3397 continuous, 4431 integer (4431 binary)
Presolve removed 12 rows and 12 columns
Presolved: 9577 rows, 7816 columns, 130909 nonzeros

Root barrier log...

Ordering time: 0.52s

Barrier statistics:
 Dense cols : 148
 AA' NZ     : 5.675e+05
 Factor NZ  : 2.712e+06 (roughly 30 MBytes of memory)
 Factor Ops : 2.308e+09 (less than 1 second per iteration)
 Threads    : 31

                  Objective                Residual
Iter       Primal          Dual         Primal    Dual     Compl     Time
   0   1.24345430e+11 -1.51614480e+12  2.42e+04 1.60e+07  5.96e+09    15s
   1   8.84173627e+10 -1.73402566e+12  1.66e+04 3.15e+07  3.92e+09    15s
   2   2.24270748e+10 -1.66286498e+12  1.64e+03 1.13e-06  4.61e+08    15s
   3   1.25084533e+10 -9.51345550e+11  2.19e+02 1.43e-06  8.33e+07    16s
   4   9.93011519e+09 -3.79504432e+11  3.70e+01 1.43e-06  2.01e+07    16s
   5   9.40383795e+09 -1.50339197e+11  1.07e+01 2.68e-07  7.18e+06    16s
   6   9.03789635e+09 -5.28037453e+10  2.87e+00 1.31e-07  2.62e+06    16s
   7   8.62171262e+09 -7.28092035e+09  1.86e-03 9.81e-08  6.44e+05    16s
   8   8.42925705e+09  4.91418781e+09  5.60e-04 1.71e-07  1.42e+05    17s
   9   8.25597721e+09  6.98620384e+09  1.58e-04 7.15e-08  5.11e+04    17s
  10   8.20359214e+09  7.40604813e+09  6.51e-05 2.98e-08  3.21e+04    17s
  11   8.17003875e+09  7.83080288e+09  2.37e-05 4.47e-08  1.36e+04    17s
  12   8.14835461e+09  7.99654257e+09  1.05e-05 1.56e-08  6.10e+03    17s
  13   8.13407645e+09  8.06749608e+09  3.79e-06 1.49e-08  2.68e+03    17s
  14   8.12671917e+09  8.10694826e+09  9.99e-07 4.47e-08  7.95e+02    18s
  15   8.12492017e+09  8.11454899e+09  4.86e-07 1.86e-08  4.17e+02    18s
  16   8.12437271e+09  8.11833795e+09  3.36e-07 1.49e-08  2.43e+02    18s
  17   8.12394213e+09  8.12058948e+09  2.22e-07 3.73e-08  1.35e+02    18s
  18   8.12373376e+09  8.12114760e+09  1.69e-07 2.98e-08  1.04e+02    18s
  19   8.12335338e+09  8.12221097e+09  7.01e-08 2.24e-08  4.59e+01    18s
  20   8.12323050e+09  8.12262286e+09  3.93e-08 2.98e-08  2.44e+01    19s
  21   8.12320149e+09  8.12277897e+09  3.16e-08 4.84e-08  1.70e+01    19s
  22   8.12317465e+09  8.12288723e+09  2.48e-08 1.49e-08  1.16e+01    19s
  23   8.12313927e+09  8.12292378e+09  1.57e-08 2.24e-08  8.66e+00    19s
  24   8.12311340e+09  8.12299006e+09  8.91e-09 1.49e-08  4.96e+00    19s
  25   8.12310079e+09  8.12301271e+09  5.73e-09 1.49e-08  3.54e+00    19s
  26   8.12309887e+09  8.12302308e+09  5.08e-09 2.98e-08  3.05e+00    19s
  27   8.12308899e+09  8.12305148e+09  2.53e-09 4.47e-08  1.51e+00    20s
  28   8.12308582e+09  8.12306160e+09  1.70e-09 1.49e-08  9.73e-01    20s
  29   8.12308465e+09  8.12306314e+09  1.43e-09 1.49e-08  8.64e-01    20s
  30   8.12308302e+09  8.12306633e+09  1.04e-09 2.24e-08  6.71e-01    20s
  31   8.12308151e+09  8.12307158e+09  6.90e-10 1.49e-08  3.99e-01    20s
  32   8.12308089e+09  8.12307428e+09  5.49e-10 1.49e-08  2.65e-01    20s
  33   8.12307976e+09  8.12307559e+09  2.93e-10 1.49e-08  1.68e-01    20s
  34   8.12307911e+09  8.12307705e+09  1.41e-10 2.98e-08  8.26e-02    21s
  35   8.12307890e+09  8.12307806e+09  9.20e-11 2.98e-08  3.36e-02    21s
  36   8.12307885e+09  8.12307812e+09  8.02e-11 2.98e-08  2.93e-02    21s
  37   8.12307877e+09  8.12307823e+09  6.42e-11 1.49e-08  2.18e-02    21s
  38   8.12307859e+09  8.12307837e+09  2.22e-11 1.86e-08  8.85e-03    21s
  39   8.12307850e+09  8.12307847e+09  2.15e-12 4.10e-08  1.15e-03    21s
  40   8.12307849e+09  8.12307849e+09  1.34e-13 2.98e-08  8.51e-05    21s
  41   8.12307849e+09  8.12307849e+09  2.45e-09 1.49e-08  1.68e-06    22s
  42   8.12307849e+09  8.12307849e+09  2.86e-09 1.49e-08  1.50e-06    22s

Barrier solved model in 42 iterations and 21.91 seconds
Optimal objective 8.12307849e+09


Root crossover log...

    1763 DPushes remaining with DInf 7.1128015e-06                22s
       0 DPushes remaining with DInf 0.0000000e+00                22s

    3541 PPushes remaining with PInf 0.0000000e+00                22s
       0 PPushes remaining with PInf 0.0000000e+00                22s

  Push phase complete: Pinf 0.0000000e+00, Dinf 1.6441174e-07     22s


Root simplex log...

Iteration    Objective       Primal Inf.    Dual Inf.      Time
    4370    8.1230785e+09   0.000000e+00   0.000000e+00     22s
    4370    8.1230785e+09   0.000000e+00   0.000000e+00     23s

Root relaxation: objective 8.123078e+09, 4370 iterations, 9.27 seconds

    Nodes    |    Current Node    |     Objective Bounds      |     Work
 Expl Unexpl |  Obj  Depth IntInf | Incumbent    BestBd   Gap | It/Node Time

     0     0 8.1231e+09    0 2180          - 8.1231e+09      -     -   25s
     0     0 8.2302e+09    0 2534          - 8.2302e+09      -     -   33s
     0     0 8.2776e+09    0 2638          - 8.2776e+09      -     -   57s
     0     0 8.2874e+09    0 2602          - 8.2874e+09      -     -   67s
     0     0 8.2886e+09    0 2591          - 8.2886e+09      -     -   71s
     0     0 8.2886e+09    0 2592          - 8.2886e+09      -     -   72s
     0     0 8.3591e+09    0 2557          - 8.3591e+09      -     -  131s
H    0     0                    9.930208e+09 8.3591e+09  15.8%     -  147s
H    0     0                    9.930058e+09 8.3591e+09  15.8%     -  147s
H    0     0                    9.929768e+09 8.3591e+09  15.8%     -  147s
     0     0 8.4183e+09    0 2499 9.9298e+09 8.4183e+09  15.2%     -  151s
     0     0 8.4282e+09    0 2360 9.9298e+09 8.4282e+09  15.1%     -  156s
     0     0 8.4287e+09    0 2353 9.9298e+09 8.4287e+09  15.1%     -  159s
     0     0 8.4287e+09    0 2361 9.9298e+09 8.4287e+09  15.1%     -  160s
     0     0 8.4639e+09    0 2291 9.9298e+09 8.4639e+09  14.8%     -  188s
     0     0 8.4700e+09    0 2234 9.9298e+09 8.4700e+09  14.7%     -  195s
     0     0 8.4703e+09    0 2222 9.9298e+09 8.4703e+09  14.7%     -  196s
     0     0 8.4703e+09    0 2225 9.9298e+09 8.4703e+09  14.7%     -  197s
     0     0 8.4916e+09    0 2218 9.9298e+09 8.4916e+09  14.5%     -  222s
H    0     0                    9.929596e+09 8.4916e+09  14.5%     -  224s
     0     0 8.4948e+09    0 2183 9.9296e+09 8.4948e+09  14.4%     -  246s
     0     0 8.4950e+09    0 2191 9.9296e+09 8.4950e+09  14.4%     -  255s
     0     0 8.5015e+09    0 2165 9.9296e+09 8.5015e+09  14.4%     -  290s
     0     0 8.5027e+09    0 2145 9.9296e+09 8.5027e+09  14.4%     -  307s
     0     0 8.5030e+09    0 2146 9.9296e+09 8.5030e+09  14.4%     -  310s
     0     0 8.5031e+09    0 2148 9.9296e+09 8.5031e+09  14.4%     -  312s
H    0     0                    9.928578e+09 8.5031e+09  14.4%     -  355s
     0     0 8.5145e+09    0 2143 9.9286e+09 8.5145e+09  14.2%     -  388s
H    0     0                    9.928463e+09 8.5145e+09  14.2%     -  425s
H    0     0                    9.928352e+09 8.5145e+09  14.2%     -  425s
     0     0 8.5167e+09    0 2131 9.9284e+09 8.5167e+09  14.2%     -  464s
     0     0 8.5177e+09    0 2137 9.9284e+09 8.5177e+09  14.2%     -  509s
     0     0 8.5178e+09    0 2145 9.9284e+09 8.5178e+09  14.2%     -  518s
     0     0 8.5218e+09    0 2130 9.9284e+09 8.5218e+09  14.2%     -  684s
     0     0 8.5230e+09    0 2121 9.9284e+09 8.5230e+09  14.2%     -  733s
     0     0 8.5235e+09    0 2120 9.9284e+09 8.5235e+09  14.1%     -  746s
     0     0 8.5236e+09    0 2137 9.9284e+09 8.5236e+09  14.1%     -  749s
     0     0 8.5258e+09    0 2122 9.9284e+09 8.5258e+09  14.1%     -  867s
     0     0 8.5266e+09    0 2121 9.9284e+09 8.5266e+09  14.1%     -  934s
     0     0 8.5267e+09    0 2113 9.9284e+09 8.5267e+09  14.1%     -  964s
     0     0 8.5279e+09    0 2113 9.9284e+09 8.5279e+09  14.1%     - 1079s
     0     0 8.5279e+09    0 2112 9.9284e+09 8.5279e+09  14.1%     - 1096s
H    0     0                    9.818550e+09 8.5279e+09  13.1%     - 1659s
     0     2 8.5279e+09    0 2099 9.8185e+09 8.5279e+09  13.1%     - 1664s
     1     4 8.8512e+09    1 2035 9.8185e+09 8.5279e+09  13.1%  8553 1694s
     3     8 9.0525e+09    2 2034 9.8185e+09 8.5333e+09  13.1%  5250 1812s
     7    16 9.4495e+09    3 1962 9.8185e+09 8.5796e+09  12.6%  4917 2002s
    15    26     cutoff    4      9.8185e+09 8.6259e+09  12.1%  5712 2112s
H   31    38                    9.818500e+09 8.6621e+09  11.8%  5499 2698s
H   33    38                    9.818496e+09 8.6662e+09  11.7%  5452 2698s
H   47    38                    9.818492e+09 8.6662e+09  11.7%  5604 2699s
H   55    38                    9.818440e+09 8.6662e+09  11.7%  5441 2699s
    57    59 8.8137e+09    6 1969 9.8184e+09 8.6662e+09  11.7%  5402 2961s
    89    81 8.9285e+09    7 1921 9.8184e+09 8.6786e+09  11.6%  4563 3127s
   121   109 9.1361e+09    7 1941 9.8184e+09 8.6788e+09  11.6%  4327 3336s
H  153   141                    9.770275e+09 8.7932e+09  10.0%  3883 3593s
H  155   141                    9.636473e+09 8.7932e+09  8.75%  3857 3593s
H  165   141                    9.606457e+09 8.7938e+09  8.46%  3708 3593s
H  185   148                    9.259802e+09 8.7938e+09  5.03%  3456 4082s
H  198   148                    9.259225e+09 8.7938e+09  5.03%  3271 4082s
H  213   148                    9.249395e+09 8.7938e+09  4.93%  3070 4082s
H  234   115                    9.245599e+09 8.7938e+09  4.89%  2843 4334s
H  256   115                    9.245102e+09 8.7938e+09  4.88%  2640 4334s
H  258   115                    9.242793e+09 8.7938e+09  4.86%  2622 4334s
   291   106 9.2157e+09   11 1927 9.2428e+09 8.7938e+09  4.86%  2340 4631s
   338   132 9.2212e+09   12 1927 9.2428e+09 8.7938e+09  4.86%  2170 4982s
   372   165 9.2298e+09   13 1923 9.2428e+09 8.7938e+09  4.86%  2152 5100s
   407   209 9.2322e+09   14 1927 9.2428e+09 8.7938e+09  4.86%  2092 5250s
   453   263     cutoff   15      9.2428e+09 8.7938e+09  4.86%  2018 5466s
   515   333 9.2351e+09   14 1928 9.2428e+09 8.7938e+09  4.86%  1914 5663s
   595   405     cutoff   15      9.2428e+09 8.8024e+09  4.76%  1762 5888s
   683   470 8.8877e+09    9 1943 9.2428e+09 8.8024e+09  4.76%  1623 6051s
   762   542 8.9003e+09   11 1942 9.2428e+09 8.8024e+09  4.76%  1546 6274s
   844   643 8.9089e+09   12 1947 9.2428e+09 8.8024e+09  4.76%  1476 6629s
   901   643 9.2239e+09   14 1932 9.2428e+09 8.8024e+09  4.76%  1417 6630s
   965   733 8.9118e+09   14 1947 9.2428e+09 8.8024e+09  4.76%  1355 6924s
  1072   859 8.9336e+09   16 1921 9.2428e+09 8.8024e+09  4.76%  1287 7154s
  1212  1013 8.9387e+09   19 1908 9.2428e+09 8.8024e+09  4.76%  1188 7324s
  1397  1099 8.9411e+09   22 1906 9.2428e+09 8.8024e+09  4.76%  1074 11676s
H 1402  1099                    9.239193e+09 8.8024e+09  4.73%  1070 11676s
H 1443  1099                    9.234698e+09 8.8024e+09  4.68%  1050 11676s
  1513  1275 8.9414e+09   24 1897 9.2347e+09 8.8024e+09  4.68%  1019 11890s
  1726  1493 8.9431e+09   26 1873 9.2347e+09 8.8024e+09  4.68%   942 12068s
  1971  1626 8.9647e+09   33 1847 9.2347e+09 8.8024e+09  4.68%   865 14874s
H 1975  1626                    9.234697e+09 8.8024e+09  4.68%   863 14874s
H 1981  1626                    9.234290e+09 8.8024e+09  4.68%   862 14874s
H 1997  1626                    9.226096e+09 8.8024e+09  4.59%   857 14874s
H 2051  1626                    9.224657e+09 8.8024e+09  4.58%   843 14874s
H 2118  1626                    9.223817e+09 8.8024e+09  4.57%   825 14874s
  2122  1930     cutoff   38      9.2238e+09 8.8024e+09  4.57%   827 15348s
  2459  2149 9.0038e+09   39 1825 9.2238e+09 8.8024e+09  4.57%   752 15643s
  2817  2440 9.0540e+09   53 1785 9.2238e+09 8.8024e+09  4.57%   690 15912s
H 3150  2416                    9.220185e+09 8.8024e+09  4.53%   641 18768s
  3151  2413 9.1013e+09   23 2112 9.2202e+09 8.8024e+09  4.53%   641 18944s
H 3152  2293                    9.220184e+09 8.8024e+09  4.53%   641 18960s
H 3152  2178                    9.220184e+09 8.8024e+09  4.53%   641 18963s
H 3152  2069                    9.220183e+09 8.8024e+09  4.53%   641 18963s
  3154  2070 8.9026e+09   44 2616 9.2202e+09 8.8024e+09  4.53%   640 19008s
  3155  2071 9.0993e+09  131 2479 9.2202e+09 8.8024e+09  4.53%   640 19032s
  3156  2071 9.1245e+09  107 2361 9.2202e+09 8.8024e+09  4.53%   640 19058s
  3157  2072 9.1363e+09    8 2233 9.2202e+09 8.8024e+09  4.53%   640 19089s
  3158  2073 9.0915e+09   58 2144 9.2202e+09 8.8024e+09  4.53%   640 19109s
  3159  2073 8.9106e+09   52 2012 9.2202e+09 8.8024e+09  4.53%   639 19172s
  3160  2074 9.0697e+09   45 1963 9.2202e+09 8.8024e+09  4.53%   639 19218s
  3161  2075 9.0951e+09   43 1934 9.2202e+09 8.8024e+09  4.53%   639 19252s
  3162  2075 8.9722e+09   99 1919 9.2202e+09 8.8024e+09  4.53%   639 19291s
  3163  2076 8.9504e+09   66 1945 9.2202e+09 8.8024e+09  4.53%   639 19306s
  3164  2077 8.8929e+09   37 1954 9.2202e+09 8.8024e+09  4.53%   638 19335s
  3165  2077 9.0359e+09   24 1968 9.2202e+09 8.8024e+09  4.53%   638 19357s
  3166  2078 9.0999e+09  132 1979 9.2202e+09 8.8024e+09  4.53%   638 19368s
H 3166  1974                    9.220183e+09 8.8024e+09  4.53%   638 19438s
H 3166  1875                    9.220181e+09 8.8024e+09  4.53%   638 19438s
  3167  1876 9.1820e+09   18 1877 9.2202e+09 8.8024e+09  4.53%   638 19761s
H 3167  1782                    9.220181e+09 8.8024e+09  4.53%   638 19914s
  3168  1782 8.9666e+09   15 1868 9.2202e+09 8.8024e+09  4.53%   638 19916s
  3169  1783 8.9373e+09   63 1855 9.2202e+09 8.8024e+09  4.53%   637 20168s
  3170  1784 9.1944e+09   49 1858 9.2202e+09 8.8024e+09  4.53%   637 20447s
  3171  1784 8.9978e+09   29 1865 9.2202e+09 8.8024e+09  4.53%   637 20505s
  3172  1785 8.9493e+09   21 1833 9.2202e+09 8.8024e+09  4.53%   637 20565s
  3173  1786 9.2121e+09   73 1855 9.2202e+09 8.8024e+09  4.53%   637 20938s
  3174  1786 8.9408e+09   45 1791 9.2202e+09 8.8024e+09  4.53%   636 21330s
  3175  1787 9.0642e+09   64 1791 9.2202e+09 8.8024e+09  4.53%   636 21469s
H 3175  1697                    9.216898e+09 8.8024e+09  4.50%   636 22330s
H 3175  1612                    9.216898e+09 8.8024e+09  4.50%   636 22330s
  3177  1616 8.8267e+09   13 1783 9.2169e+09 8.8024e+09  4.50%   656 23926s
  3179  1619 9.1711e+09   14 1786 9.2169e+09 8.8024e+09  4.50%   657 26032s
  3183  1620     cutoff   15      9.2169e+09 8.8024e+09  4.50%   660 26240s
  3190  1618 8.8024e+09   16 1769 9.2169e+09 8.8024e+09  4.50%   670 26621s
  3200  1614     cutoff   17      9.2169e+09 8.8024e+09  4.50%   679 28688s
H 3202  1532                    9.216836e+09 8.8024e+09  4.50%   680 28688s
H 3203  1455                    9.216469e+09 8.8251e+09  4.25%   681 28688s
H 3204  1381                    9.216256e+09 8.8251e+09  4.24%   682 28688s
  3210  1382 8.8460e+09   18 1754 9.2163e+09 8.8255e+09  4.24%   689 29011s
  3219  1385 8.9077e+09   19 1790 9.2163e+09 8.8460e+09  4.02%   692 29296s
H 3231  1325                    9.209614e+09 8.8511e+09  3.89%   695 29570s
H 3232  1259                    9.209156e+09 8.8511e+09  3.89%   695 29570s
H 3242  1193                    9.208962e+09 8.8604e+09  3.79%   697 29570s
H 3246  1132                    9.207546e+09 8.8604e+09  3.77%   699 29570s
H 3249  1080                    9.207545e+09 8.8604e+09  3.77%   700 29750s
H 3257  1024                    9.207204e+09 8.8682e+09  3.68%   702 29750s
  3281  1028     cutoff   22      9.2072e+09 8.8682e+09  3.68%   708 30086s
H 3313   991                    9.206858e+09 8.8759e+09  3.59%   724 30524s
H 3317   942                    9.206240e+09 8.8867e+09  3.47%   725 30524s
  3345   951 8.8996e+09   24 1787 9.2062e+09 8.8867e+09  3.47%   736 30682s
H 3380   922                    9.199195e+09 8.8867e+09  3.40%   746 31003s
H 3398   872                    9.195843e+09 8.8867e+09  3.36%   754 31003s
  3412   903 8.9061e+09   26 1789 9.1958e+09 8.8867e+09  3.36%   756 31153s
  3468   906 8.9104e+09   27 1780 9.1958e+09 8.8867e+09  3.36%   759 31511s
  3514   922 8.9233e+09   28 1783 9.1958e+09 8.8867e+09  3.36%   769 31670s
  3565   939 8.9264e+09   27 1786 9.1958e+09 8.8867e+09  3.36%   770 31755s
  3613   960 8.9184e+09   29 1775 9.1958e+09 8.8867e+09  3.36%   773 31856s
  3660   994 8.9233e+09   30 1769 9.1958e+09 8.8867e+09  3.36%   776 31999s
  3728  1024 8.9271e+09   32 1777 9.1958e+09 8.8867e+09  3.36%   773 32115s
  3796  1030 8.9346e+09   30 1764 9.1958e+09 8.8867e+09  3.36%   769 32288s
  3830  1089 8.9288e+09   33 1768 9.1958e+09 8.8867e+09  3.36%   769 32341s
  3906  1134 8.9342e+09   34 1754 9.1958e+09 8.8867e+09  3.36%   765 32430s
  3997  1172 8.9434e+09   34 1751 9.1958e+09 8.8867e+09  3.36%   757 35455s
  4082  1216 8.9378e+09   34 1765 9.1958e+09 8.8867e+09  3.36%   752 35567s
  4171  1262 8.9418e+09   33 1754 9.1958e+09 8.8867e+09  3.36%   748 35641s
  4265  1338 8.9439e+09   35 1753 9.1958e+09 8.8867e+09  3.36%   744 35776s
  4392  1418 8.9424e+09   38 1751 9.1958e+09 8.8867e+09  3.36%   735 35937s
  4541  1505 8.9487e+09   40 1741 9.1958e+09 8.8867e+09  3.36%   724 36044s
  4681  1583 8.9540e+09   41 1742 9.1958e+09 8.8867e+09  3.36%   714 36228s
  4820  1684 8.9573e+09   41 1735 9.1958e+09 8.8867e+09  3.36%   708 36410s
  4977  1788 8.9648e+09   42 1740 9.1958e+09 8.8867e+09  3.36%   696 36506s
  5141  1922 8.9624e+09   41 1741 9.1958e+09 8.8867e+09  3.36%   683 36599s
  5339  2055 8.9621e+09   42 1734 9.1958e+09 8.8867e+09  3.36%   667 36708s
  5549  2207 8.9651e+09   43 1730 9.1958e+09 8.8867e+09  3.36%   650 36778s
  5788  2385 8.9703e+09   46 1713 9.1958e+09 8.8867e+09  3.36%   633 37962s
  6033  2646 8.9763e+09   47 1716 9.1958e+09 8.8867e+09  3.36%   618 38059s
  6327  2899 8.9843e+09   53 1712 9.1958e+09 8.8867e+09  3.36%   600 38164s
  6609  3058 9.0215e+09   56 1651 9.1958e+09 8.8867e+09  3.36%   587 38290s
  6815  3294 9.0008e+09   58 1701 9.1958e+09 8.8867e+09  3.36%   581 38419s
  7081  3529 9.0130e+09   66 1690 9.1958e+09 8.8867e+09  3.36%   571 39397s
  7351  3808 9.0219e+09   72 1687 9.1958e+09 8.8867e+09  3.36%   562 40902s
  7665  4110 9.0248e+09   76 1685 9.1958e+09 8.8867e+09  3.36%   551 41212s
  7981  4306 9.0292e+09   78 1673 9.1958e+09 8.8867e+09  3.36%   543 41583s
  8244  4364 9.0313e+09   78 1669 9.1958e+09 8.8867e+09  3.36%   534 41730s
  8309  4702 9.0288e+09   80 1663 9.1958e+09 8.8867e+09  3.36%   532 43968s
  8670  5115 9.0312e+09   82 1663 9.1958e+09 8.8867e+09  3.36%   524 44204s
  9102  5577 9.0339e+09   83 1667 9.1958e+09 8.8867e+09  3.36%   509 44277s
  9583  6006 9.0346e+09   85 1658 9.1958e+09 8.8867e+09  3.36%   492 45471s
H 9607  6006                    9.195683e+09 8.8867e+09  3.36%   491 45472s
 10032  6578 9.0386e+09   87 1651 9.1957e+09 8.8867e+09  3.36%   479 45744s
 10664  7100 9.0415e+09   89 1647 9.1957e+09 8.8867e+09  3.36%   460 46054s
H10744  7098                    9.195558e+09 8.8867e+09  3.36%   458 46055s
H10930  6841                    9.183903e+09 8.8867e+09  3.24%   454 46055s
 11210  7332 9.0405e+09   90 1651 9.1839e+09 8.8867e+09  3.24%   447 46331s
 11844  7807 9.0504e+09  104 1620 9.1839e+09 8.8867e+09  3.24%   433 47722s
 12369  8415 9.0531e+09  107 1617 9.1839e+09 8.8867e+09  3.24%   426 49785s
H12484  8415                    9.183903e+09 8.8867e+09  3.24%   424 49786s
H12665  8272                    9.180248e+09 8.8867e+09  3.20%   421 49786s
 12996  8436 9.0564e+09  112 1608 9.1802e+09 8.8867e+09  3.20%   414 52909s
H13000  8436                    9.180248e+09 8.8867e+09  3.20%   414 52909s
H13126  8436                    9.180248e+09 8.8867e+09  3.20%   412 52909s
H13194  8446                    9.179977e+09 8.8867e+09  3.19%   411 54505s
H13195  8377                    9.178925e+09 8.8867e+09  3.18%   411 54505s
H13204  8362                    9.178704e+09 8.8867e+09  3.18%   411 54505s
H13210  8322                    9.178005e+09 8.8867e+09  3.17%   411 54505s
H13219  8296                    9.177433e+09 8.8867e+09  3.17%   411 54505s
 13226  9031 9.0588e+09  116 1603 9.1774e+09 8.8867e+09  3.17%   411 54798s
 14034  9881 9.0654e+09  121 1600 9.1774e+09 8.8867e+09  3.17%   397 55160s
 14886 10332 9.0710e+09  127 1603 9.1774e+09 8.8867e+09  3.17%   383 58157s
H14913 10331                    9.177427e+09 8.8867e+09  3.17%   383 58158s
 15380 10940 9.0724e+09  130 1581 9.1774e+09 8.8867e+09  3.17%   378 61294s
 15560 10940 9.1047e+09  107 1639 9.1774e+09 8.8867e+09  3.17%   376 61295s
 16031 11115 9.0760e+09  136 1547 9.1774e+09 8.8867e+09  3.17%   372 63217s
 16268 11960 9.0778e+09  138 1541 9.1774e+09 8.8867e+09  3.17%   370 64951s
 17119 12861 9.0845e+09  149 1469 9.1774e+09 8.8867e+09  3.17%   364 65383s
 18099 12923 9.0881e+09  151 1470 9.1774e+09 8.8867e+09  3.17%   351 68565s
 18163 13927 9.0874e+09  152 1464 9.1774e+09 8.8867e+09  3.17%   351 71162s
 19207 15466 9.0977e+09  168 1453 9.1774e+09 8.8867e+09  3.17%   342 72616s
 20932 16602 9.1134e+09  216 1318 9.1774e+09 8.8867e+09  3.17%   327 73317s
 22231 17758 9.1235e+09  256 1239 9.1774e+09 8.8867e+09  3.17%   319 74389s
 23510 19107 9.1296e+09  278 1184 9.1774e+09 8.8867e+09  3.17%   314 75141s
 24961 20233 9.1346e+09  309 1168 9.1774e+09 8.8867e+09  3.17%   307 77337s
H26142 21805                    9.177398e+09 8.8867e+09  3.17%   302 79283s
H26143 21786                    9.177118e+09 8.8867e+09  3.16%   302 79283s
H26213 21784                    9.177048e+09 8.8867e+09  3.16%   301 79283s
H26272 21770                    9.176912e+09 8.8867e+09  3.16%   301 79283s
H26581 21760                    9.176839e+09 8.8867e+09  3.16%   299 79283s
H27170 21757                    9.176815e+09 8.8867e+09  3.16%   295 79283s
H27577 21743                    9.176717e+09 8.8867e+09  3.16%   293 79284s
 27790 22113 9.1625e+09  350 1105 9.1767e+09 8.8867e+09  3.16%   292 82559s
H27811 22113                    9.176715e+09 8.8867e+09  3.16%   292 82560s
 28182 22729 9.1684e+09  353 1097 9.1767e+09 8.8867e+09  3.16%   290 84604s
H28386 22729                    9.176715e+09 8.8867e+09  3.16%   288 84605s
 28888 23871 9.1699e+09  365 1075 9.1767e+09 8.9160e+09  2.84%   286 87650s
 30076 24284 9.0019e+09   60 1699 9.1767e+09 8.9160e+09  2.84%   277 90027s
 30645 26491 9.0024e+09   61 1694 9.1767e+09 8.9160e+09  2.84%   275 94118s
H31891 26491                    9.176713e+09 8.9160e+09  2.84%   272 94122s
 33237 28764 9.0510e+09   89 1644 9.1767e+09 8.9160e+09  2.84%   269 98034s
H33364 28750                    9.176631e+09 8.9160e+09  2.84%   268 98036s
H33464 28734                    9.176556e+09 8.9160e+09  2.84%   268 98036s
 35652 30554 9.0825e+09  121 1593 9.1766e+09 8.9160e+09  2.84%   263 103119s
H35653 30477                    9.176085e+09 8.9160e+09  2.83%   263 103121s
H35905 30457                    9.175984e+09 8.9160e+09  2.83%   261 103122s
H35956 30423                    9.175814e+09 8.9160e+09  2.83%   262 103122s
H36471 30420                    9.175781e+09 8.9160e+09  2.83%   261 103123s
H36889 30371                    9.175501e+09 8.9160e+09  2.83%   258 103124s
 37569 33033 9.1032e+09  145 1551 9.1755e+09 8.9160e+09  2.83%   257 106182s
H37632 33032                    9.175496e+09 8.9160e+09  2.83%   257 106184s
 40427 35957 9.1082e+09  161 1466 9.1755e+09 8.9160e+09  2.83%   245 109424s
H41103 35957                    9.175496e+09 8.9160e+09  2.83%   244 109425s
 43812 39079 9.1376e+09  198 1384 9.1755e+09 8.9160e+09  2.83%   237 112246s
H44280 39079                    9.175496e+09 8.9160e+09  2.83%   235 112249s
H46382 39079                    9.175496e+09 8.9160e+09  2.83%   231 112251s

Cutting planes:
  Learned: 18
  Gomory: 10
  Cover: 406
  Implied bound: 55
  Projected implied bound: 230
  Clique: 16
  MIR: 637
  Flow cover: 3127
  GUB cover: 1
  Inf proof: 1
  Zero half: 59
  RLT: 1414
  Relax-and-lift: 212

Explored 47076 nodes (10925702 simplex iterations) in 112257.17 seconds
Thread count was 32 (of 32 available processors)

Solution count 10: 9.1755e+09 9.1755e+09 9.1755e+09 ... 9.17663e+09

Solve interrupted
Best objective 9.175496269566e+09, best bound 8.915966833823e+09, gap 2.8285%

Gurobi 9.1.0 (linux64) logging started Wed Aug  4 14:24:56 2021

Changed value of parameter LogFile to eab_parasitoid_0.2_0_0_streetforest.log
   Prev:   Default: 
Changed value of parameter MIPGap to 0.01
   Prev: 0.0001  Min: 0.0  Max: inf  Default: 0.0001
Changed value of parameter Method to 2
   Prev: -1  Min: -1  Max: 5  Default: -1
Changed value of parameter MIPFocus to 2
   Prev: 0  Min: 0  Max: 3  Default: 0
Changed value of parameter RINS to 100
   Prev: -1  Min: -1  Max: 2000000000  Default: -1
Gurobi Optimizer version 9.1.0 build v9.1.0rc0 (linux64)
Thread count: 32 physical cores, 32 logical processors, using up to 32 threads
Optimize a model with 203386 rows, 134930 columns and 685029 nonzeros
Model fingerprint: 0x6912db2e
Variable types: 55774 continuous, 79156 integer (79156 binary)
Coefficient statistics:
  Matrix range     [2e-04, 1e+06]
  Objective range  [2e-06, 2e-01]
  Bounds range     [1e+00, 6e+03]
  RHS range        [1e-04, 1e+06]
Presolve removed 181395 rows and 115893 columns (presolve time = 5s) ...
Presolve removed 191908 rows and 125268 columns (presolve time = 10s) ...
Presolve removed 193484 rows and 126881 columns (presolve time = 15s) ...
Presolve removed 193774 rows and 127095 columns (presolve time = 20s) ...
Presolve removed 193793 rows and 127100 columns
Presolve time: 22.94s
Presolved: 9593 rows, 7830 columns, 130961 nonzeros
Variable types: 3397 continuous, 4433 integer (4433 binary)
Presolve removed 12 rows and 12 columns
Presolved: 9581 rows, 7818 columns, 130930 nonzeros

Root barrier log...

Ordering time: 0.73s

Barrier statistics:
 Dense cols : 148
 AA' NZ     : 5.675e+05
 Factor NZ  : 2.713e+06 (roughly 30 MBytes of memory)
 Factor Ops : 2.271e+09 (less than 1 second per iteration)
 Threads    : 31

                  Objective                Residual
Iter       Primal          Dual         Primal    Dual     Compl     Time
   0   3.08760758e+03 -1.68064442e+04  2.42e+04 1.75e-01  6.80e+01    26s
   1   2.32966031e+03 -1.92769463e+04  1.65e+04 3.59e-01  4.45e+01    26s
   2   1.01694307e+03 -1.82517383e+04  2.60e+03 1.31e-14  7.77e+00    26s
   3   7.65837943e+02 -1.07952282e+04  4.88e+02 7.17e-14  1.61e+00    27s
   4   6.42723651e+02 -4.71896300e+03  6.52e+01 8.89e-15  3.18e-01    27s
   5   6.15348251e+02 -1.65160732e+03  2.16e+01 3.44e-14  1.11e-01    27s
   6   6.02335921e+02 -3.98919509e+02  6.65e+00 1.93e-14  4.43e-02    27s
   7   5.92602936e+02  2.10432472e+02  5.82e-01 6.19e-15  1.57e-02    27s
   8   5.88325206e+02  5.02559726e+02  1.83e-03 1.24e-15  3.48e-03    28s
   9   5.84210537e+02  5.33491307e+02  6.81e-04 7.34e-16  2.05e-03    28s
  10   5.82958025e+02  5.46462498e+02  4.85e-04 7.15e-16  1.47e-03    28s
  11   5.81822227e+02  5.53918794e+02  3.16e-04 5.65e-16  1.12e-03    28s
  12   5.81211630e+02  5.66099037e+02  2.32e-04 4.89e-16  6.08e-04    28s
  13   5.80090487e+02  5.72679892e+02  8.93e-05 8.88e-16  2.98e-04    28s
  14   5.79515770e+02  5.76475798e+02  3.64e-05 2.22e-16  1.22e-04    29s
  15   5.79169301e+02  5.77759023e+02  1.10e-05 2.22e-16  5.67e-05    29s
  16   5.79110738e+02  5.78348130e+02  7.79e-06 9.29e-16  3.06e-05    29s
  17   5.79058724e+02  5.78482787e+02  5.18e-06 5.21e-16  2.31e-05    29s
  18   5.79020369e+02  5.78647696e+02  3.32e-06 1.78e-15  1.50e-05    29s
  19   5.78977083e+02  5.78809917e+02  1.25e-06 1.78e-15  6.72e-06    29s
  20   5.78967178e+02  5.78835860e+02  8.25e-07 3.55e-15  5.28e-06    30s
  21   5.78958207e+02  5.78905208e+02  4.46e-07 3.55e-15  2.13e-06    30s
  22   5.78954254e+02  5.78920565e+02  2.82e-07 2.22e-16  1.35e-06    30s
  23   5.78951352e+02  5.78928511e+02  1.71e-07 2.43e-16  9.18e-07    30s
  24   5.78950142e+02  5.78934088e+02  1.27e-07 2.22e-16  6.45e-07    31s
  25   5.78948793e+02  5.78939184e+02  7.63e-08 3.32e-14  3.86e-07    31s
  26   5.78948471e+02  5.78939837e+02  6.55e-08 3.41e-14  3.47e-07    31s
  27   5.78948048e+02  5.78941426e+02  5.13e-08 1.89e-14  2.66e-07    31s
  28   5.78947821e+02  5.78943287e+02  4.33e-08 3.11e-14  1.82e-07    31s
  29   5.78947444e+02  5.78943905e+02  3.01e-08 1.65e-14  1.42e-07    31s
  30   5.78947386e+02  5.78944100e+02  2.84e-08 9.53e-15  1.32e-07    32s
  31   5.78947205e+02  5.78944713e+02  2.27e-08 5.61e-15  1.00e-07    32s
  32   5.78947008e+02  5.78945485e+02  1.55e-08 1.20e-15  6.12e-08    32s
  33   5.78946787e+02  5.78945719e+02  8.39e-09 7.06e-16  4.29e-08    32s
  34   5.78946750e+02  5.78945990e+02  7.14e-09 1.05e-15  3.05e-08    32s
  35   5.78946712e+02  5.78946027e+02  5.94e-09 4.44e-15  2.75e-08    32s
  36   5.78946647e+02  5.78946122e+02  3.83e-09 8.39e-16  2.11e-08    33s
  37   5.78946623e+02  5.78946267e+02  3.09e-09 8.88e-16  1.43e-08    33s
  38   5.78946583e+02  5.78946342e+02  1.84e-09 2.66e-15  9.67e-09    33s
  39   5.78946533e+02  5.78946503e+02  2.16e-10 3.20e-16  1.20e-09    33s
  40   5.78946531e+02  5.78946505e+02  1.59e-10 5.30e-14  1.04e-09    33s
  41   5.78946530e+02  5.78946513e+02  1.31e-10 9.13e-13  6.59e-10    33s
  42   5.78946526e+02  5.78946523e+02  1.16e-11 2.02e-13  1.27e-10    34s

Barrier solved model in 42 iterations and 33.51 seconds
Optimal objective 5.78946526e+02


Root crossover log...

     625 DPushes remaining with DInf 0.0000000e+00                34s
       0 DPushes remaining with DInf 0.0000000e+00                34s

    3984 PPushes remaining with PInf 3.3697092e-05                34s
       0 PPushes remaining with PInf 0.0000000e+00                34s

  Push phase complete: Pinf 0.0000000e+00, Dinf 7.9611369e-02     34s


Root simplex log...

Iteration    Objective       Primal Inf.    Dual Inf.      Time
    4480    5.7894653e+02   0.000000e+00   7.961137e-02     34s
    4499    5.7894653e+02   0.000000e+00   0.000000e+00     34s
    4499    5.7894653e+02   0.000000e+00   0.000000e+00     34s

Root relaxation: objective 5.789465e+02, 4499 iterations, 10.24 seconds

    Nodes    |    Current Node    |     Objective Bounds      |     Work
 Expl Unexpl |  Obj  Depth IntInf | Incumbent    BestBd   Gap | It/Node Time

     0     0  578.94653    0 1987          -  578.94653      -     -   34s
     0     0  641.76754    0 2405          -  641.76754      -     -   48s
     0     0  642.36949    0 2626          -  642.36949      -     -   65s
     0     0  642.70695    0 2550          -  642.70695      -     -   82s
     0     0  642.71338    0 2545          -  642.71338      -     -   84s
H    0     0                     720.9879145  642.71338  10.9%     -  158s
     0     0  648.52346    0 2430  720.98791  648.52346  10.1%     -  160s
H    0     0                     720.9388399  648.52346  10.0%     -  165s
     0     0  649.62351    0 2283  720.93884  649.62351  9.89%     -  215s
     0     0  649.88272    0 2246  720.93884  649.88272  9.86%     -  254s
     0     0  649.94872    0 2259  720.93884  649.94872  9.85%     -  271s
     0     0  649.95185    0 2263  720.93884  649.95185  9.85%     -  280s
     0     0  656.44563    0 2138  720.93884  656.44563  8.95%     -  364s
     0     0  656.58247    0 2083  720.93884  656.58247  8.93%     -  432s
     0     0  656.61014    0 2071  720.93884  656.61014  8.92%     -  460s
     0     0  656.93572    0 2028  720.93884  656.93572  8.88%     -  545s
     0     0  656.93572    0 2025  720.93884  656.93572  8.88%     -  559s
H    0     0                     682.9279060  656.93572  3.81%     -  973s
     0     2  656.93572    0 2025  682.92791  656.93572  3.81%     -  992s
     1     4  662.42447    1 2022  682.92791  656.93632  3.81%  1472 1007s
     3     8  666.44732    2 2048  682.92791  657.39524  3.74%  1391 1060s
     7    16  667.01475    3 2015  682.92791  659.54539  3.42%  1849 1104s
    15    32  671.71943    4 1978  682.92791  660.24641  3.32%  2059 1157s
    31    64  676.00745    5 1978  682.92791  661.55651  3.13%  2832 1223s
    63    84     cutoff    6       682.92791  662.06798  3.05%  2791 1756s
    95   104     cutoff    6       682.92791  662.09079  3.05%  2422 1824s
H   97   104                     682.9189204  662.09079  3.05%  2395 1824s
H  114   104                     682.9150647  662.09079  3.05%  2208 1824s
H  119   104                     682.9079159  662.09079  3.05%  2147 1824s
   127   136  667.26743    8 1867  682.90792  662.09079  3.05%  2053 1902s
H  129   136                     682.9079157  662.09079  3.05%  2022 1902s
H  140   136                     682.9079153  662.09079  3.05%  1904 1902s
   159   168  667.52227    9 1856  682.90792  662.09079  3.05%  1741 1950s
   191   224  667.38278    9 1856  682.90792  662.09079  3.05%  1597 1993s
   247   278  667.61746   11 1844  682.90792  662.09079  3.05%  1354 2026s
   301   331  667.57841   11 1853  682.90792  662.09079  3.05%  1196 2058s
   354   398  667.76982   13 1863  682.90792  662.09079  3.05%  1078 2081s
   423   447  668.23591   16 1845  682.90792  662.09079  3.05%   962 2127s
H  454   447                     682.9032701  662.09079  3.05%   923 2127s
   474   510  670.18640   15 1854  682.90327  662.09079  3.05%   904 2149s
   543   581  670.63949   16 1827  682.90327  662.09079  3.05%   843 2163s
   622   656  672.20257   17 1823  682.90327  662.09079  3.05%   780 2209s
   706   731  674.48548   17 1826  682.90327  662.09079  3.05%   729 2280s
   791   802  670.48560   16 1845  682.90327  662.09079  3.05%   696 2378s
   890   872  672.91110   16 1820  682.90327  662.09079  3.05%   658 2403s
   997   925  676.76785   17 1822  682.90327  662.09079  3.05%   626 3295s
  1060  1031  671.17884   17 1817  682.90327  662.09079  3.05%   613 3348s
  1186  1144  677.43674   18 1800  682.90327  662.09079  3.05%   587 3417s
  1328  1250  672.28561   17 1816  682.90327  662.09079  3.05%   552 3483s
  1478  1362  672.27631   18 1780  682.90327  662.09079  3.05%   525 3548s
  1618  1490  672.59296   22 1780  682.90327  662.09079  3.05%   506 3589s
H 1756  1522                     682.4766658  662.09079  2.99%   492 3865s
H 1757  1522                     680.9942887  662.09079  2.78%   492 3865s
H 1769  1522                     680.7624490  662.09079  2.74%   491 3865s
H 1780  1522                     680.7033690  662.09079  2.73%   492 3865s
  1788  1635  673.01785   23 1782  680.70337  662.09079  2.73%   491 4001s
  1949  1754  674.03766   23 1786  680.70337  662.09079  2.73%   475 4026s
  2109  1868  672.84135   24 1775  680.70337  662.09079  2.73%   464 4054s
  2243  1944  674.29600   25 1774  680.70337  662.09079  2.73%   460 4108s
  2435  2014  672.89320   23 1782  680.70337  662.09079  2.73%   443 4156s
  2647  2220  673.42292   26 1765  680.70337  662.09079  2.73%   426 4185s
  2886  2221  673.53406   13 2025  680.70337  662.09079  2.73%   408 4900s
  2888  2222  674.13058   59 2147  680.70337  662.09079  2.73%   408 4911s
  2889  2223  680.28109   52 2405  680.70337  662.09079  2.73%   408 4916s
  2890  2224  674.64457   29 2385  680.70337  662.09079  2.73%   408 4925s
  2891  2224  677.43706   19 2237  680.70337  662.09079  2.73%   408 4942s
  2892  2225  680.09408   95 2186  680.70337  662.09079  2.73%   408 4947s
  2893  2226  678.96086   22 2131  680.70337  662.09079  2.73%   407 4955s
  2896  2228  675.29597   22 1942  680.70337  662.09079  2.73%   407 4960s
  2898  2229  677.80529   66 1961  680.70337  662.09079  2.73%   407 4970s
  2899  2230  674.88417   20 1920  680.70337  662.09079  2.73%   407 4986s
  2900  2230  674.06455   20 1894  680.70337  662.09079  2.73%   406 5007s
  2901  2231  677.32841  104 1773  680.70337  662.09079  2.73%   406 5233s
  2902  2232  669.08010   37 1761  680.70337  662.09079  2.73%   406 5282s
  2903  2232  677.01907   23 1750  680.70337  662.09079  2.73%   406 5305s
  2904  2233  673.50635   68 1786  680.70337  662.09079  2.73%   406 5319s
  2905  2234  673.64575   70 1775  680.70337  662.09079  2.73%   406 5390s
  2906  2234  678.30849   68 1741  680.70337  662.09079  2.73%   406 5524s
  2907  2235  679.86778   18 1742  680.70337  662.09079  2.73%   405 5561s
  2908  2236  665.08026   16 1743  680.70337  662.09079  2.73%   405 5605s
  2909  2236  676.54676   43 1768  680.70337  662.09079  2.73%   405 5723s
  2910  2237  677.98512  102 1758  680.70337  662.09079  2.73%   405 5839s
  2911  2238  672.80609   14 1721  680.70337  662.09079  2.73%   405 5861s
  2912  2238  667.45385   25 1728  680.70337  662.09079  2.73%   405 5886s
  2913  2239  676.82682   48 1751  680.70337  662.09079  2.73%   405 5944s
  2914  2240  666.55546   16 1739  680.70337  662.09079  2.73%   404 6055s
  2915  2240  676.62016   19 1737  680.70337  662.09079  2.73%   404 6073s
  2916  2241  680.18949   68 1744  680.70337  662.15226  2.73%   404 6086s
  2917  2242  668.88106   24 1753  680.70337  662.36414  2.69%   404 6113s
  2918  2242  676.75424   27 1755  680.70337  662.70413  2.64%   404 6136s
  2919  2243  672.47611   48 1754  680.70337  662.70413  2.64%   404 6169s
