
Gurobi 9.1.0 (linux64) logging started Thu Dec 30 16:21:06 2021

Changed value of parameter LogFile to eab_parasitoid_0.2_2_1_bud.log
   Prev:   Default: 
Changed value of parameter MIPGap to 0.01
   Prev: 0.0001  Min: 0.0  Max: inf  Default: 0.0001
Changed value of parameter MIPFocus to 1
   Prev: 0  Min: 0  Max: 3  Default: 0
Changed value of parameter RINS to 100
   Prev: -1  Min: -1  Max: 2000000000  Default: -1
Changed value of parameter TimeLimit to 28800.0
   Prev: inf  Min: 0.0  Max: inf  Default: inf
Changed value of parameter NodeFileStart to 10000.0
   Prev: inf  Min: 0.0  Max: inf  Default: inf
Changed value of parameter Threads to 4
   Prev: 0  Min: 0  Max: 1024  Default: 0
Changed value of parameter Heuristics to 1.0
   Prev: 0.05  Min: 0.0  Max: 1.0  Default: 0.05
Gurobi Optimizer version 9.1.0 build v9.1.0rc0 (linux64)
Thread count: 32 physical cores, 32 logical processors, using up to 4 threads
Optimize a model with 381543 rows, 174513 columns and 1305866 nonzeros
Model fingerprint: 0x6a445823
Variable types: 77367 continuous, 97146 integer (97146 binary)
Coefficient statistics:
  Matrix range     [1e-04, 6e+03]
  Objective range  [1e-06, 1e-01]
  Bounds range     [1e+00, 6e+03]
  RHS range        [1e-04, 7e+03]

User MIP start produced solution with objective 691.739 (6.16s)
User MIP start produced solution with objective 691.716 (6.28s)
User MIP start produced solution with objective 689.295 (6.64s)
User MIP start produced solution with objective 689.071 (6.99s)
Loaded user MIP start with objective 689.071
Processed MIP start in 7.01 seconds

Presolve removed 211328 rows and 79111 columns (presolve time = 5s) ...
Presolve removed 258112 rows and 103450 columns
Presolve time: 8.00s
Presolved: 123431 rows, 71063 columns, 632656 nonzeros
Variable types: 32522 continuous, 38541 integer (38541 binary)

Deterministic concurrent LP optimizer: primal and dual simplex (primal and dual model)
Showing first log only...

Presolve removed 90 rows and 76 columns
Presolved: 123341 rows, 70987 columns, 632425 nonzeros


Root simplex log...

Iteration    Objective       Primal Inf.    Dual Inf.      Time
       0    1.0605723e+02   3.665258e+02   2.502339e+09     16s
Concurrent spin time: 0.22s

Solved with dual simplex (primal model)

Root relaxation: objective 9.421951e+01, 7194 iterations, 1.48 seconds

    Nodes    |    Current Node    |     Objective Bounds      |     Work
 Expl Unexpl |  Obj  Depth IntInf | Incumbent    BestBd   Gap | It/Node Time

     0     0   94.21951    0 1327  689.07092   94.21951  86.3%     -   21s
     0     0   95.18198    0 2181  689.07092   95.18198  86.2%     -   27s
     0     0   95.37410    0 2299  689.07092   95.37410  86.2%     -   31s
     0     0   95.65890    0 2623  689.07092   95.65890  86.1%     -   35s
     0     0   95.66989    0 2701  689.07092   95.66989  86.1%     -   38s
     0     0   95.67326    0 2681  689.07092   95.67326  86.1%     -   38s
     0     0   95.67336    0 2686  689.07092   95.67336  86.1%     -   39s
     0     0   96.18019    0 2527  689.07092   96.18019  86.0%     -   48s
     0     0   96.27010    0 2613  689.07092   96.27010  86.0%     -   52s
     0     0   96.27617    0 2576  689.07092   96.27617  86.0%     -   52s
     0     0   96.27657    0 2587  689.07092   96.27657  86.0%     -   53s
     0     0   96.27665    0 2589  689.07092   96.27665  86.0%     -   53s
     0     0   96.40023    0 2606  689.07092   96.40023  86.0%     -   58s
     0     0   96.40341    0 2604  689.07092   96.40341  86.0%     -   61s
     0     0   96.40405    0 2596  689.07092   96.40405  86.0%     -   61s
     0     0   96.40434    0 2625  689.07092   96.40434  86.0%     -   62s
     0     0   96.40445    0 2623  689.07092   96.40445  86.0%     -   62s
     0     0   96.43284    0 2498  689.07092   96.43284  86.0%     -   67s
H    0     0                     609.8327262   96.43284  84.2%     -   75s
H    0     0                     496.5097060   96.43284  80.6%     -  164s
H    0     0                     496.3565606   96.43284  80.6%     -  164s
H    0     2                     496.3344057   96.43284  80.6%     -  169s
     0     2   96.43284    0 2498  496.33441   96.43284  80.6%     -  169s
     1     4   96.43418    1 2478  496.33441   96.43418  80.6%  2177  170s
     7    12   96.49815    3 2494  496.33441   96.44990  80.6%   786  175s
    15    20   97.00715    5 2330  496.33441   96.44990  80.6%   923  180s
H   19    24                     487.5121611   96.44990  80.2%   901  186s
H   20    24                     473.6517477   96.44990  79.6%   861  186s
H   31    36                     473.6445352   96.44990  79.6%   590  190s
H   32    36                     471.4314909   96.44990  79.5%   572  190s
    35    43   97.40020   10 2283  471.43149   96.44990  79.5%   531  251s
H   54    59                     467.9699518   96.44990  79.4%   367  259s
H   56    59                     462.0498232   96.44990  79.1%   355  259s
H   57    59                     423.2499173   96.44990  77.2%   350  259s
    58    68   97.51679   16 2279  423.24992   96.44990  77.2%   346  263s
H   64    68                     423.2439921   96.44990  77.2%   401  263s
H   67    72                     368.7595858   96.44990  73.8%   468  269s
    71    88   97.54752   18 2267  368.75959   96.44990  73.8%   445  270s
H   87    92                     331.2142080   96.44990  70.9%   370  277s
H   91   108                     331.1640981   96.44990  70.9%   354  281s
H   95   108                     331.0903508   96.44990  70.9%   340  281s
H  107   112                     293.5403395   96.44990  67.1%   304  292s
   135   148   97.93357   34 2142  293.54034   96.44990  67.1%   262  339s
H  137   148                     240.4470655   96.44990  59.9%   258  339s
H  146   148                     239.9553844   96.44990  59.8%   244  339s
   147   172   97.94875   37 2129  239.95538   96.44990  59.8%   243  340s
H  177   175                     239.9041372   96.44990  59.8%   210  354s
H  178   175                     239.8726528   96.44990  59.8%   215  354s
H  181   175                     239.6878058   96.44990  59.8%   232  354s
   182   198   98.19826   45 2248  239.68781   96.44990  59.8%   242  356s
H  207   212                     239.5395918   96.44990  59.7%   229  359s
H  208   212                     236.4067585   96.44990  59.2%   228  359s
   219   216   98.14130   56 2188  236.40676   96.44990  59.2%   229  365s
   271   232   98.16778   69 1964  236.40676   96.44990  59.2%   190  371s
   275   273   98.17971   70 1956  236.40676   96.44990  59.2%   188  375s
   316   292   98.27435   84 1887  236.40676   96.44990  59.2%   175  382s
H  390   344                     218.6445491   96.44990  55.9%   157  403s
H  391   249                     185.8526208   96.44990  48.1%   156  403s
H  392   220                     101.2921815   96.44990  4.78%   156  403s
H  393   220                     101.1515371   96.44990  4.65%   156  403s
   394   219   98.46415  104 1830  101.15154   96.44990  4.65%   156  406s
H  397   219                     101.1008622   96.44990  4.60%   156  406s
   410   239   98.51314  107 1656  101.10086   96.44990  4.60%   162  416s
H  420   239                     100.1122080   96.44990  3.66%   158  416s
   436   223   98.61307  118 1650  100.11221   96.44990  3.66%   169  422s
H  437   223                     100.1097965   96.44990  3.66%   168  422s
H  438   223                     100.1086630   96.44990  3.65%   168  422s
H  439   223                     100.1069472   96.44990  3.65%   168  422s
   440   244   98.63125  119 1651  100.10695   96.44990  3.65%   168  433s
H  447   244                      99.8960040   96.44990  3.45%   165  433s
H  463   253                      99.8958139   96.44990  3.45%   167  436s
H  477   253                      99.8951038   96.44990  3.45%   162  436s
   496   229   98.71231  140 1586   99.89510   96.44990  3.45%   166  442s
   505   236   98.72729  145 1578   99.89510   96.44990  3.45%   164  480s
   517   279   98.73305  154 1556   99.89510   96.44990  3.45%   161  485s
   571   283   98.74314  179 1538   99.89510   96.44990  3.45%   159  490s
H  578   283                      99.8945175   96.44990  3.45%   157  490s
H  578   283                      99.8915331   96.44990  3.45%   157  490s
   584   327   98.74316  183 1536   99.89153   96.44990  3.45%   159  496s
H  601   327                      99.8903995   96.44990  3.44%   154  496s
H  630   331                      99.8850856   96.44990  3.44%   149  510s
H  631   331                      99.8630475   96.44990  3.42%   149  510s
H  632   331                      99.8628031   96.44990  3.42%   149  510s
H  633   331                      99.8472024   96.44990  3.40%   149  510s
   634   359   98.77264  201 1510   99.84720   96.44990  3.40%   148  516s
   662   363   98.77654  208 1500   99.84720   96.44990  3.40%   143  524s
H  663   363                      99.8469791   96.44990  3.40%   143  524s
H  665   363                      99.8469791   96.44990  3.40%   143  524s
   666   443   98.78307  209 1499   99.84698   96.44990  3.40%   142  535s
H  749   447                      99.8466548   96.44990  3.40%   134  541s
H  751   447                      99.8441252   96.44990  3.40%   136  541s
H  752   447                      99.8369410   96.44990  3.39%   136  541s
   753   516   98.83150  231 1486   99.83694   96.44990  3.39%   136  548s
   826   520   98.86607  245 1485   99.83694   96.44990  3.39%   131  555s
   830   601   98.86640  246 1483   99.83694   96.44990  3.39%   131  568s
H  852   601                      99.8061081   96.44990  3.36%   133  568s
H  922   605                      99.8058655   96.44990  3.36%   126  575s
H  924   605                      99.8056475   96.44990  3.36%   126  575s
   926   685 infeasible  262        99.80565   96.44990  3.36%   127  581s
H 1015   685                      99.8053978   96.44990  3.36%   120  581s
  1016   747   98.88393  267 1473   99.80540   96.44990  3.36%   119  588s
H 1049   747                      99.8053061   96.44990  3.36%   117  588s
H 1084   815                      99.8050615   96.44990  3.36%   114  593s
H 1118   815                      99.8050353   96.44990  3.36%   110  593s
  1152  1004   98.92304  295 1443   99.80504   96.44990  3.36%   107  602s
H 1161  1004                      99.8050242   96.44990  3.36%   107  602s
H 1348  1008                      99.8050242   96.44990  3.36%  93.6  610s
  1352  1110   98.99729  343 1384   99.80502   96.44990  3.36%  93.4  623s
  1456  1186 infeasible  366        99.80502   96.44990  3.36%  88.5  630s
H 1535  1186                      99.8048460   96.44990  3.36%  84.6  630s
  1536  1331   99.00845  371 1343   99.80485   96.44990  3.36%  84.5  637s
H 1561  1331                      99.8048421   96.44990  3.36%  83.3  637s
  1684  1375   99.06292  404 1293   99.80484   96.44990  3.36%  77.9  644s
  1737  1399 infeasible  417        99.80484   96.44990  3.36%  76.6  653s
H 1764  1399                      99.8048420   96.44990  3.36%  76.9  653s
  1775  1492   99.14525  420 1287   99.80484   96.44990  3.36%  76.9  665s
H 1800  1489                      99.7813061   96.44990  3.34%  75.9  665s
  1879  1546   99.17726  442 1261   99.78131   96.44990  3.34%  74.6  699s
H 1926  1546                      99.7804509   96.44990  3.34%  73.1  699s
  1943  1653   99.18974  456 1254   99.78045   96.44990  3.34%  74.9  711s
H 1980  1653                      99.7800367   96.44990  3.34%  74.4  711s
H 2043  1652                      99.7748927   96.44990  3.33%  72.5  711s
  2070  1669 infeasible  488        99.77489   96.44990  3.33%  73.4  721s
H 2074  1669                      99.7664635   96.44990  3.32%  73.2  721s
H 2078  1669                      99.7663752   96.44990  3.32%  73.1  721s
H 2086  1669                      99.7661387   96.44990  3.32%  72.9  721s
H 2087  1669                      99.7627345   96.44990  3.32%  72.9  721s
  2094  1676   99.21246  493 1239   99.76273   96.44990  3.32%  72.7  756s
H 2097  1676                      99.7627344   96.44990  3.32%  72.6  756s
  2102  1771   99.21251  495 1236   99.76273   96.44990  3.32%  72.4  765s
H 2212  1771                      99.7627081   96.44990  3.32%  70.3  765s
  2213  1908   99.22400  522 1189   99.76271   96.44990  3.32%  70.3  784s
H 2281  1908                      99.7624568   97.57378  2.19%  72.1  784s
  2396  2102   98.85077  107 1659   99.76246   97.57378  2.19%  69.9  796s
  2614  2103   98.65866   74 2498   99.76246   97.57378  2.19%  65.7  818s
  2616  2104   99.38796  184 1295   99.76246   97.57378  2.19%  65.6  827s
  2617  2105   98.97089  216 1943   99.76246   97.57378  2.19%  65.6  835s
  2618  2106   98.96289  213 2295   99.76246   97.57387  2.19%  65.6  841s
  2620  2107   98.96216  216 2350   99.76246   97.62494  2.14%  65.5  846s
  2623  2109   98.96254  230 2433   99.76246   98.26341  1.50%  65.4  853s
  2624  2110   98.99812  248 2562   99.76246   98.38996  1.38%  65.4  855s
  2626  2111   98.93359  237 2512   99.76246   98.41991  1.35%  65.4  860s
  2627  2112   99.19463  363 2531   99.76246   98.48012  1.29%  65.3  866s
  2629  2113   98.66607  129 2492   99.76246   98.49247  1.27%  65.3  874s
  2630  2114   98.74316  183 2531   99.76246   98.57654  1.19%  65.3  882s
  2631  2114   98.74489  111 2544   99.76246   98.58725  1.18%  65.2  886s
  2633  2116   99.17663  284 2642   99.76246   98.59571  1.17%  65.2  891s
  2634  2116   98.63698  124 2642   99.76246   98.59571  1.17%  65.2  961s
  2635  2120   98.61588   12 2523   99.76246   98.59571  1.17%  80.4  969s
  2637  2123   98.63041   13 2602   99.76246   98.59783  1.17%  80.8  975s
  2645  2129   98.66991   14 2640   99.76246   98.63888  1.13%  84.8  980s
  2653  2134   99.55342   15 2183   99.76246   98.63888  1.13%  88.1  987s
  2662  2136     cutoff   16        99.76246   98.64762  1.12%  89.5  992s
  2670  2140   99.61755   17 2315   99.76246   98.64762  1.12%  90.3  996s
  2679  2147   98.88139   18 2276   99.76246   98.64762  1.12%  90.8 1001s
  2694  2149   99.71817   20 2144   99.76246   98.64762  1.12%  92.4 1005s
  2706  2159   98.94180   22 2288   99.76246   98.64762  1.12%  93.7 1010s
  2725  2166   98.97213   24 2254   99.76246   98.64762  1.12%  94.9 1015s
  2744  2175   99.04982   27 2220   99.76246   98.64762  1.12%  95.3 1051s
  2753  2184   99.05116   28 2229   99.76246   98.64762  1.12%  95.3 1058s
H 2764  2076                      99.7519591   98.64762  1.11%  95.6 1064s
H 2766  1975                      99.7480825   98.64762  1.10%  95.8 1064s
  2768  1988   99.35887   30 2059   99.74808   98.64762  1.10%  96.1 1066s
H 2788  1895                      99.7480825   98.64762  1.10%  96.5 1073s
H 2791  1803                      99.7480589   98.64762  1.10%  96.5 1073s
H 2800  1714                      99.7480544   98.64762  1.10%  96.8 1078s
  2807  1726   99.33472   35 2050   99.74805   98.64762  1.10%  97.9 1080s
H 2825  1653                      99.7480542   98.64762  1.10%  98.6 1083s
H 2832  1572                      99.7480380   98.64762  1.10%  99.1 1083s
  2844  1581   99.07916   40 1860   99.74804   98.64762  1.10%  98.8 1085s
  2859  1589   99.17002   43 1853   99.74804   98.64762  1.10%  99.4 1104s
  2874  1596   99.17987   45 1843   99.74804   98.64762  1.10%   100 1108s
  2894  1603   99.25767   50 1811   99.74804   98.64762  1.10%  99.5 1112s
H 2909  1528                      99.7480379   98.64762  1.10%  99.3 1175s
H 2910  1457                      99.7480378   98.64762  1.10%  99.3 1175s
H 2910  1390                      99.7480331   98.64762  1.10%  99.3 1175s
H 2912  1326                      99.7480329   98.64762  1.10%  99.4 1175s
H 2940  1287                      99.7480327   98.64762  1.10%   100 1188s
H 2940  1229                      99.7480326   98.64762  1.10%   100 1188s
H 2942  1175                      99.7480322   98.64762  1.10%   100 1188s
  2944  1183   99.30793   56 1798   99.74803   98.64762  1.10%   100 1193s
  2957  1187   99.29652   59 1790   99.74803   98.64762  1.10%  99.3 1199s
H 2958  1134                      99.7480318   98.64762  1.10%  99.2 1199s
  2965  1148   99.35671   60 1778   99.74803   98.64762  1.10%  99.1 1206s
H 2980  1094                      99.7397271   98.64762  1.09%  98.8 1206s
  2986  1129   99.30833   63 1759   99.73973   98.64762  1.09%  98.7 1212s
H 3027  1073                      99.7392823   98.64762  1.09%  98.2 1217s
H 3027  1029                      99.7385459   98.64762  1.09%  98.2 1217s
H 3028   987                      99.7379115   98.64762  1.09%  98.2 1217s
  3032  1033     cutoff   69        99.73791   98.64762  1.09%  98.1 1221s
  3085  1018     cutoff   76        99.73791   98.64762  1.09%  97.0 1226s
H 3087   977                      99.7370651   98.64762  1.09%  97.0 1226s
  3090  1009     cutoff   77        99.73707   98.64762  1.09%  96.9 1232s
H 3134   984                      99.7297922   98.64762  1.09%  96.2 1237s
H 3157   939                      99.7236562   98.64762  1.08%  95.8 1237s
  3161  1016   99.48792   83 1734   99.72366   98.64762  1.08%  95.7 1251s
H 3207   966                      99.7236562   98.64762  1.08%  94.7 1251s
  3249   955     cutoff   95        99.72366   98.64762  1.08%  93.7 1273s
H 3250   921                      99.7197592   98.64762  1.08%  93.7 1273s
  3254   990   99.63916   96 1674   99.71976   98.64762  1.08%  93.7 1279s
H 3256   958                      99.7193959   98.64762  1.07%  93.6 1279s
H 3326   914                      99.7193959   98.64762  1.07%  92.4 1285s
  3334   985   99.54934  108 1648   99.71940   98.64762  1.07%  92.2 1320s
H 3397   936                      99.7193956   98.64762  1.07%  91.0 1320s
  3413  1015     cutoff  118        99.71940   98.64762  1.07%  90.7 1327s
H 3449   976                      99.7193953   98.64762  1.07%  89.9 1327s
  3514   958   99.60264  132 1577   99.71940   98.64762  1.07%  88.6 1380s
H 3515   933                      99.7193852   98.64762  1.07%  88.6 1380s
H 3515   909                      99.7190331   98.64762  1.07%  88.6 1380s
  3518   920   99.57031  133 1580   99.71903   98.64762  1.07%  88.5 1387s
H 3530   958                      99.7190328   98.64762  1.07%  88.3 1393s
  3599   943   99.57694  143 1567   99.71903   98.64762  1.07%  87.0 1410s
H 3604   920                      99.7189795   98.64762  1.07%  86.9 1410s
  3607   931   99.57629  144 1561   99.71898   98.64762  1.07%  86.8 1420s
H 3619   910                      99.7187600   98.64762  1.07%  86.6 1439s
H 3621   889                      99.7185024   98.64762  1.07%  86.5 1439s
  3623   970   99.58159  146 1557   99.71850   98.64762  1.07%  86.5 1447s
H 3644   944                      99.7185019   98.64762  1.07%  86.1 1447s
H 3669   934                      99.7184123   98.64762  1.07%  85.6 1447s
H 3681   932                      99.7177838   98.64762  1.07%  85.4 1447s
H 3693   932                      99.7173056   98.64762  1.07%  85.2 1447s
  3714   936   99.58079  160 1518   99.71731   98.64762  1.07%  84.8 1466s
  3718  1032   99.58159  160 1529   99.71731   98.64762  1.07%  84.7 1473s
H 3719  1032                      99.7172393   98.64762  1.07%  84.7 1473s
  3822  1086   99.63957  172 1486   99.71724   98.64762  1.07%  82.8 1484s
  3881  1159   99.61912  181 1494   99.71724   98.64762  1.07%  81.8 1496s
H 3894  1158                      99.7171799   98.64762  1.07%  81.6 1496s
  3962  1259   99.62530  192 1440   99.71718   98.64762  1.07%  80.6 1506s
  4066  1292   99.62534  207 1435   99.71718   98.64762  1.07%  79.6 1517s
  4103  1350   99.62534  209 1431   99.71718   98.64762  1.07%  79.1 1550s
  4171  1435   99.66893  217 1420   99.71718   98.64762  1.07%  78.1 1561s
  4270  1530   99.65841  229 1404   99.71718   98.64762  1.07%  76.7 1572s
  4375  1629   99.64716  244 1401   99.71718   98.64762  1.07%  75.3 1600s
  4479  1652   99.65925  258 1388   99.71718   98.64762  1.07%  74.1 1616s
  4505  1719   99.65301  260 1371   99.71718   98.64762  1.07%  73.8 1634s
  4608  1758   99.67457  291 1344   99.71718   98.64762  1.07%  72.7 1646s
  4648  1762   99.68499  296 1327   99.71718   98.64762  1.07%  72.2 1681s
  4652  1911   99.67989  297 1326   99.71718   98.66444  1.06%  72.2 1696s
  4821  1947   99.39925   16 2257   99.71718   98.66444  1.06%  70.9 1718s
H 4860  1947                      99.7171799   98.66444  1.06%  71.0 1718s
  4863  2033     cutoff   22        99.71718   98.66991  1.05%  71.1 1756s
H 4907  2033                      99.7165631   98.66991  1.05%  72.0 1756s
  4960  2101     cutoff   25        99.71656   98.66991  1.05%  71.5 1784s
H 4967  2101                      99.7156211   98.66991  1.05%  72.2 1784s
H 4968  2099                      99.7114496   98.66991  1.04%  72.5 1784s
H 5046  2174                      99.7112355   98.66991  1.04%  73.5 1820s
H 5127  2273                      99.7111602   98.66991  1.04%  73.1 1853s
  5227  2366   99.12767   41 1980   99.71116   98.66991  1.04%  72.5 1898s
H 5228  2366                      99.7111601   98.66991  1.04%  72.5 1898s
H 5229  2366                      99.7110220   98.66991  1.04%  72.5 1898s
H 5299  2366                      99.7107822   98.66991  1.04%  71.8 1898s
H 5324  2404                      99.7085438   98.66991  1.04%  71.6 1976s
  5370  2660   99.23710   61 1841   99.70854   98.66991  1.04%  71.1 1995s
H 5530  2660                      99.7085437   98.66991  1.04%  70.9 1995s
H 5591  2660                      99.7085116   98.66991  1.04%  70.5 1995s
  5647  2673   99.46654  127 1665   99.70851   98.66991  1.04%  70.1 2017s
H 5650  2672                      99.7068691   98.66991  1.04%  70.0 2017s
  5661  2759   99.46657  130 1667   99.70687   98.66991  1.04%  69.9 2054s
H 5683  2759                      99.7068117   98.66991  1.04%  69.7 2054s
  5753  2861   99.47120  153 1643   99.70681   98.66991  1.04%  69.1 2093s
  5857  3154   99.61869  179 1588   99.70681   98.67863  1.03%  68.0 2115s
H 6004  3152                      99.7062416   98.67863  1.03%  67.5 2115s
H 6171  3292                      99.7060908   98.67863  1.03%  66.2 2144s
H 6324  3317                      99.7041310   98.67863  1.03%  66.3 2180s
H 6326  3238                      99.6661074   98.67863  0.99%  66.3 2180s

Cutting planes:
  Learned: 45
  Gomory: 9
  Cover: 271
  Implied bound: 331
  Clique: 96
  MIR: 674
  StrongCG: 7
  Flow cover: 1244
  GUB cover: 3
  Zero half: 4
  RLT: 912
  Relax-and-lift: 265

Explored 6351 nodes (454458 simplex iterations) in 2180.52 seconds
Thread count was 4 (of 32 available processors)

Solution count 10: 99.6661 99.7041 99.7061 ... 99.7108

Optimal solution found (tolerance 1.00e-02)
Best objective 9.966610742300e+01, best bound 9.867863126216e+01, gap 0.9908%

Gurobi 9.1.0 (linux64) logging started Tue Jan  4 23:32:04 2022

Changed value of parameter LogFile to eab_parasitoid_0.2_2_1_bud.log
   Prev:   Default: 
Changed value of parameter MIPGap to 0.01
   Prev: 0.0001  Min: 0.0  Max: inf  Default: 0.0001
Changed value of parameter MIPFocus to 1
   Prev: 0  Min: 0  Max: 3  Default: 0
Changed value of parameter RINS to 100
   Prev: -1  Min: -1  Max: 2000000000  Default: -1
Changed value of parameter TimeLimit to 28800.0
   Prev: inf  Min: 0.0  Max: inf  Default: inf
Changed value of parameter NodeFileStart to 10000.0
   Prev: inf  Min: 0.0  Max: inf  Default: inf
Changed value of parameter Threads to 4
   Prev: 0  Min: 0  Max: 1024  Default: 0
Changed value of parameter Heuristics to 1.0
   Prev: 0.05  Min: 0.0  Max: 1.0  Default: 0.05
Gurobi Optimizer version 9.1.0 build v9.1.0rc0 (linux64)
Thread count: 32 physical cores, 32 logical processors, using up to 4 threads
Optimize a model with 381543 rows, 174513 columns and 1305866 nonzeros
Model fingerprint: 0x6a445823
Variable types: 77367 continuous, 97146 integer (97146 binary)
Coefficient statistics:
  Matrix range     [1e-04, 6e+03]
  Objective range  [1e-06, 1e-01]
  Bounds range     [1e+00, 6e+03]
  RHS range        [1e-04, 7e+03]

User MIP start produced solution with objective 691.739 (6.04s)
User MIP start produced solution with objective 691.716 (6.17s)
User MIP start produced solution with objective 689.295 (6.54s)
User MIP start produced solution with objective 689.071 (6.92s)
Loaded user MIP start with objective 689.071
Processed MIP start in 6.95 seconds

Presolve removed 245200 rows and 90688 columns (presolve time = 5s) ...
Presolve removed 258112 rows and 103450 columns
Presolve time: 6.49s
Presolved: 123431 rows, 71063 columns, 632656 nonzeros
Variable types: 32522 continuous, 38541 integer (38541 binary)

Deterministic concurrent LP optimizer: primal and dual simplex (primal and dual model)
Showing first log only...

Presolve removed 90 rows and 76 columns
Presolved: 123341 rows, 70987 columns, 632425 nonzeros


Root simplex log...

Iteration    Objective       Primal Inf.    Dual Inf.      Time
       0    1.0605723e+02   3.665258e+02   2.502339e+09     14s
Concurrent spin time: 0.30s

Solved with dual simplex (primal model)

Root relaxation: objective 9.421951e+01, 7194 iterations, 1.41 seconds

    Nodes    |    Current Node    |     Objective Bounds      |     Work
 Expl Unexpl |  Obj  Depth IntInf | Incumbent    BestBd   Gap | It/Node Time

     0     0   94.21951    0 1327  689.07092   94.21951  86.3%     -   19s
     0     0   95.18198    0 2181  689.07092   95.18198  86.2%     -   26s
     0     0   95.37410    0 2299  689.07092   95.37410  86.2%     -   30s
     0     0   95.65890    0 2623  689.07092   95.65890  86.1%     -   34s
     0     0   95.66989    0 2701  689.07092   95.66989  86.1%     -   37s
     0     0   95.67326    0 2681  689.07092   95.67326  86.1%     -   38s
     0     0   95.67336    0 2686  689.07092   95.67336  86.1%     -   38s
     0     0   96.18019    0 2527  689.07092   96.18019  86.0%     -   47s
     0     0   96.27010    0 2613  689.07092   96.27010  86.0%     -   51s
     0     0   96.27617    0 2576  689.07092   96.27617  86.0%     -   52s
     0     0   96.27657    0 2587  689.07092   96.27657  86.0%     -   52s
     0     0   96.27665    0 2589  689.07092   96.27665  86.0%     -   52s
     0     0   96.40023    0 2606  689.07092   96.40023  86.0%     -   57s
     0     0   96.40341    0 2604  689.07092   96.40341  86.0%     -   60s
     0     0   96.40405    0 2596  689.07092   96.40405  86.0%     -   61s
     0     0   96.40434    0 2625  689.07092   96.40434  86.0%     -   61s
     0     0   96.40445    0 2623  689.07092   96.40445  86.0%     -   61s
     0     0   96.43284    0 2498  689.07092   96.43284  86.0%     -   66s
H    0     0                     609.8327262   96.43284  84.2%     -   75s
H    0     0                     496.5097060   96.43284  80.6%     -  167s
H    0     0                     496.3565606   96.43284  80.6%     -  167s
H    0     2                     496.3344057   96.43284  80.6%     -  172s
     0     2   96.43284    0 2498  496.33441   96.43284  80.6%     -  172s
     3     8   96.44990    2 2444  496.33441   96.44990  80.6%   879  176s
    11    16   96.93594    4 2336  496.33441   96.44990  80.6%   856  181s
H   19    24                     487.5121611   96.44990  80.2%   901  189s
H   20    24                     473.6517477   96.44990  79.6%   861  189s
H   31    36                     473.6445352   96.44990  79.6%   590  193s
H   32    36                     471.4314909   96.44990  79.5%   572  193s
    35    43   97.40020   10 2283  471.43149   96.44990  79.5%   531  251s
H   54    59                     467.9699518   96.44990  79.4%   367  260s
H   56    59                     462.0498232   96.44990  79.1%   355  260s
H   57    59                     423.2499173   96.44990  77.2%   350  260s
H   64    68                     423.2439921   96.44990  77.2%   401  264s
H   67    72                     368.7595858   96.44990  73.8%   468  270s
H   87    92                     331.2142080   96.44990  70.9%   370  278s
H   91   108                     331.1640981   96.44990  70.9%   354  282s
H   95   108                     331.0903508   96.44990  70.9%   340  282s
H  107   112                     293.5403395   96.44990  67.1%   304  294s
   111   136   97.90766   28 2175  293.54034   96.44990  67.1%   310  295s
   135   148   97.93357   34 2142  293.54034   96.44990  67.1%   262  339s
H  137   148                     240.4470655   96.44990  59.9%   258  339s
H  146   148                     239.9553844   96.44990  59.8%   244  339s
   147   172   97.94875   37 2129  239.95538   96.44990  59.8%   243  341s
H  177   175                     239.9041372   96.44990  59.8%   210  355s
H  178   175                     239.8726528   96.44990  59.8%   215  355s
H  181   175                     239.6878058   96.44990  59.8%   232  355s
   205   212   98.13480   52 2209  239.68781   96.44990  59.8%   231  360s
H  207   212                     239.5395918   96.44990  59.7%   229  360s
H  208   212                     236.4067585   96.44990  59.2%   228  360s
   219   216   98.14130   56 2188  236.40676   96.44990  59.2%   229  366s
   271   232   98.16778   69 1964  236.40676   96.44990  59.2%   190  372s
   275   273   98.17971   70 1956  236.40676   96.44990  59.2%   188  376s
   316   292   98.27435   84 1887  236.40676   96.44990  59.2%   175  383s
   335   344   98.30766   88 1862  236.40676   96.44990  59.2%   167  385s
H  390   344                     218.6445491   96.44990  55.9%   157  405s
H  391   249                     185.8526208   96.44990  48.1%   156  405s
H  392   220                     101.2921815   96.44990  4.78%   156  405s
H  393   220                     101.1515371   96.44990  4.65%   156  405s
H  397   219                     101.1008622   96.44990  4.60%   156  407s
   410   239   98.51314  107 1656  101.10086   96.44990  4.60%   162  417s
H  420   239                     100.1122080   96.44990  3.66%   158  417s
   436   223   98.61307  118 1650  100.11221   96.44990  3.66%   169  423s
H  437   223                     100.1097965   96.44990  3.66%   168  423s
H  438   223                     100.1086630   96.44990  3.65%   168  423s
H  439   223                     100.1069472   96.44990  3.65%   168  423s
   440   244   98.63125  119 1651  100.10695   96.44990  3.65%   168  434s
H  447   244                      99.8960040   96.44990  3.45%   165  434s
H  463   253                      99.8958139   96.44990  3.45%   167  438s
H  477   253                      99.8951038   96.44990  3.45%   162  438s
   496   229   98.71231  140 1586   99.89510   96.44990  3.45%   166  444s
   505   236   98.72729  145 1578   99.89510   96.44990  3.45%   164  483s
   517   279   98.73305  154 1556   99.89510   96.44990  3.45%   161  488s
   571   283   98.74314  179 1538   99.89510   96.44990  3.45%   159  492s
H  578   283                      99.8945175   96.44990  3.45%   157  492s
H  578   283                      99.8915331   96.44990  3.45%   157  492s
   584   327   98.74316  183 1536   99.89153   96.44990  3.45%   159  499s
H  601   327                      99.8903995   96.44990  3.44%   154  499s
H  630   331                      99.8850856   96.44990  3.44%   149  515s
H  631   331                      99.8630475   96.44990  3.42%   149  515s
H  632   331                      99.8628031   96.44990  3.42%   149  515s
H  633   331                      99.8472024   96.44990  3.40%   149  515s
   634   359   98.77264  201 1510   99.84720   96.44990  3.40%   148  520s
   662   363   98.77654  208 1500   99.84720   96.44990  3.40%   143  528s
H  663   363                      99.8469791   96.44990  3.40%   143  528s
H  665   363                      99.8469791   96.44990  3.40%   143  528s
   666   443   98.78307  209 1499   99.84698   96.44990  3.40%   142  539s
H  749   447                      99.8466548   96.44990  3.40%   134  546s
H  751   447                      99.8441252   96.44990  3.40%   136  546s
H  752   447                      99.8369410   96.44990  3.39%   136  546s
   753   516   98.83150  231 1486   99.83694   96.44990  3.39%   136  552s
   826   520   98.86607  245 1485   99.83694   96.44990  3.39%   131  559s
   830   601   98.86640  246 1483   99.83694   96.44990  3.39%   131  571s
H  852   601                      99.8061081   96.44990  3.36%   133  571s
H  922   605                      99.8058655   96.44990  3.36%   126  578s
H  924   605                      99.8056475   96.44990  3.36%   126  578s
   926   685 infeasible  262        99.80565   96.44990  3.36%   127  585s
H 1015   685                      99.8053978   96.44990  3.36%   120  585s
  1016   747   98.88393  267 1473   99.80540   96.44990  3.36%   119  591s
H 1049   747                      99.8053061   96.44990  3.36%   117  591s
H 1084   815                      99.8050615   96.44990  3.36%   114  597s
H 1118   815                      99.8050353   96.44990  3.36%   110  597s
  1152  1004   98.92304  295 1443   99.80504   96.44990  3.36%   107  606s
H 1161  1004                      99.8050242   96.44990  3.36%   107  606s
H 1348  1008                      99.8050242   96.44990  3.36%  93.6  614s
  1352  1110   98.99729  343 1384   99.80502   96.44990  3.36%  93.4  628s
  1456  1186 infeasible  366        99.80502   96.44990  3.36%  88.5  635s
H 1535  1186                      99.8048460   96.44990  3.36%  84.6  635s
  1536  1331   99.00845  371 1343   99.80485   96.44990  3.36%  84.5  642s
H 1561  1331                      99.8048421   96.44990  3.36%  83.3  642s
  1684  1375   99.06292  404 1293   99.80484   96.44990  3.36%  77.9  649s
  1737  1399 infeasible  417        99.80484   96.44990  3.36%  76.6  658s
H 1764  1399                      99.8048420   96.44990  3.36%  76.9  658s
  1775  1492   99.14525  420 1287   99.80484   96.44990  3.36%  76.9  670s
H 1800  1489                      99.7813061   96.44990  3.34%  75.9  670s
  1879  1546   99.17726  442 1261   99.78131   96.44990  3.34%  74.6  706s
H 1926  1546                      99.7804509   96.44990  3.34%  73.1  706s
  1943  1653   99.18974  456 1254   99.78045   96.44990  3.34%  74.9  718s
H 1980  1653                      99.7800367   96.44990  3.34%  74.4  718s
H 2043  1652                      99.7748927   96.44990  3.33%  72.5  718s
  2070  1669 infeasible  488        99.77489   96.44990  3.33%  73.4  728s
H 2074  1669                      99.7664635   96.44990  3.32%  73.2  728s
H 2078  1669                      99.7663752   96.44990  3.32%  73.1  728s
H 2086  1669                      99.7661387   96.44990  3.32%  72.9  728s
H 2087  1669                      99.7627345   96.44990  3.32%  72.9  728s
  2094  1676   99.21246  493 1239   99.76273   96.44990  3.32%  72.7  765s
H 2097  1676                      99.7627344   96.44990  3.32%  72.6  765s
  2102  1771   99.21251  495 1236   99.76273   96.44990  3.32%  72.4  774s
H 2212  1771                      99.7627081   96.44990  3.32%  70.3  774s
  2213  1908   99.22400  522 1189   99.76271   96.44990  3.32%  70.3  793s
H 2281  1908                      99.7624568   97.57378  2.19%  72.1  793s
  2396  2102   98.85077  107 1659   99.76246   97.57378  2.19%  69.9  805s
  2614  2103   98.65866   74 2498   99.76246   97.57378  2.19%  65.7  825s
  2616  2104   99.38796  184 1295   99.76246   97.57378  2.19%  65.6  835s
  2617  2105   98.97089  216 1943   99.76246   97.57378  2.19%  65.6  844s
  2618  2106   98.96289  213 2295   99.76246   97.57387  2.19%  65.6  849s
  2619  2106   98.64036   64 2340   99.76246   97.61157  2.16%  65.5  852s
  2622  2108   98.82184  110 2435   99.76246   97.72717  2.04%  65.5  856s
  2623  2109   98.96254  230 2433   99.76246   98.26341  1.50%  65.4  861s
  2625  2110   98.98247  118 2515   99.76246   98.41632  1.35%  65.4  865s
  2627  2112   99.19463  363 2531   99.76246   98.48012  1.29%  65.3  875s
  2629  2113   98.66607  129 2492   99.76246   98.49247  1.27%  65.3  883s
  2630  2114   98.74316  183 2531   99.76246   98.57654  1.19%  65.3  891s
  2631  2114   98.74489  111 2544   99.76246   98.58725  1.18%  65.2  895s
  2633  2116   99.17663  284 2642   99.76246   98.59571  1.17%  65.2  900s
  2634  2116   98.63698  124 2642   99.76246   98.59571  1.17%  65.2  969s
  2635  2120   98.61588   12 2523   99.76246   98.59571  1.17%  80.4  977s
  2637  2123   98.63041   13 2602   99.76246   98.59783  1.17%  80.8  982s
  2645  2129   98.66991   14 2640   99.76246   98.63888  1.13%  84.8  987s
  2653  2134   99.55342   15 2183   99.76246   98.63888  1.13%  88.1  994s
  2657  2138   98.86589   16 2312   99.76246   98.64762  1.12%  88.7  996s
  2666  2139   98.88070   17 2311   99.76246   98.64762  1.12%  90.0 1001s
  2675  2143   98.88160   18 2311   99.76246   98.64762  1.12%  90.8 1006s
  2687  2150     cutoff   19        99.76246   98.64762  1.12%  91.4 1010s
  2706  2159   98.94180   22 2288   99.76246   98.64762  1.12%  93.7 1017s
  2725  2166   98.97213   24 2254   99.76246   98.64762  1.12%  94.9 1022s
  2744  2175   99.04982   27 2220   99.76246   98.64762  1.12%  95.3 1058s
  2748  2176   98.98179   28 2215   99.76246   98.64762  1.12%  95.3 1060s
H 2764  2076                      99.7519591   98.64762  1.11%  95.6 1070s
H 2766  1975                      99.7480825   98.64762  1.10%  95.8 1070s
H 2788  1895                      99.7480825   98.64762  1.10%  96.5 1078s
H 2791  1803                      99.7480589   98.64762  1.10%  96.5 1078s
H 2800  1714                      99.7480544   98.64762  1.10%  96.8 1084s
  2807  1726   99.33472   35 2050   99.74805   98.64762  1.10%  97.9 1086s
H 2825  1653                      99.7480542   98.64762  1.10%  98.6 1089s
H 2832  1572                      99.7480380   98.64762  1.10%  99.1 1089s
  2844  1581   99.07916   40 1860   99.74804   98.64762  1.10%  98.8 1091s
  2859  1589   99.17002   43 1853   99.74804   98.64762  1.10%  99.4 1110s
  2894  1603   99.25767   50 1811   99.74804   98.64762  1.10%  99.5 1117s
H 2909  1528                      99.7480379   98.64762  1.10%  99.3 1178s
H 2910  1457                      99.7480378   98.64762  1.10%  99.3 1178s
H 2910  1390                      99.7480331   98.64762  1.10%  99.3 1178s
H 2912  1326                      99.7480329   98.64762  1.10%  99.4 1178s
  2913  1352   99.28132   53 1813   99.74803   98.64762  1.10%  99.4 1182s
H 2940  1287                      99.7480327   98.64762  1.10%   100 1191s
H 2940  1229                      99.7480326   98.64762  1.10%   100 1191s
H 2942  1175                      99.7480322   98.64762  1.10%   100 1191s
  2944  1183   99.30793   56 1798   99.74803   98.64762  1.10%   100 1196s
  2957  1187   99.29652   59 1790   99.74803   98.64762  1.10%  99.3 1202s
H 2958  1134                      99.7480318   98.64762  1.10%  99.2 1202s
  2965  1148   99.35671   60 1778   99.74803   98.64762  1.10%  99.1 1208s
H 2980  1094                      99.7397271   98.64762  1.09%  98.8 1208s
  2986  1129   99.30833   63 1759   99.73973   98.64762  1.09%  98.7 1214s
H 3027  1073                      99.7392823   98.64762  1.09%  98.2 1219s
H 3027  1029                      99.7385459   98.64762  1.09%  98.2 1219s
H 3028   987                      99.7379115   98.64762  1.09%  98.2 1219s
  3032  1033     cutoff   69        99.73791   98.64762  1.09%  98.1 1223s
  3085  1018     cutoff   76        99.73791   98.64762  1.09%  97.0 1229s
H 3087   977                      99.7370651   98.64762  1.09%  97.0 1229s
  3090  1009     cutoff   77        99.73707   98.64762  1.09%  96.9 1234s
H 3134   984                      99.7297922   98.64762  1.09%  96.2 1239s
H 3157   939                      99.7236562   98.64762  1.08%  95.8 1239s
  3161  1016   99.48792   83 1734   99.72366   98.64762  1.08%  95.7 1253s
H 3207   966                      99.7236562   98.64762  1.08%  94.7 1254s
  3249   955     cutoff   95        99.72366   98.64762  1.08%  93.7 1276s
H 3250   921                      99.7197592   98.64762  1.08%  93.7 1276s
  3254   990   99.63916   96 1674   99.71976   98.64762  1.08%  93.7 1282s
H 3256   958                      99.7193959   98.64762  1.07%  93.6 1282s
H 3326   914                      99.7193959   98.64762  1.07%  92.4 1288s
  3334   985   99.54934  108 1648   99.71940   98.64762  1.07%  92.2 1324s
H 3397   936                      99.7193956   98.64762  1.07%  91.0 1324s
  3413  1015     cutoff  118        99.71940   98.64762  1.07%  90.7 1331s
H 3449   976                      99.7193953   98.64762  1.07%  89.9 1331s
  3514   958   99.60264  132 1577   99.71940   98.64762  1.07%  88.6 1383s
H 3515   933                      99.7193852   98.64762  1.07%  88.6 1383s
H 3515   909                      99.7190331   98.64762  1.07%  88.6 1383s
  3518   920   99.57031  133 1580   99.71903   98.64762  1.07%  88.5 1390s
H 3530   958                      99.7190328   98.64762  1.07%  88.3 1396s
  3599   943   99.57694  143 1567   99.71903   98.64762  1.07%  87.0 1412s
H 3604   920                      99.7189795   98.64762  1.07%  86.9 1412s
  3607   931   99.57629  144 1561   99.71898   98.64762  1.07%  86.8 1421s
H 3619   910                      99.7187600   98.64762  1.07%  86.6 1441s
H 3621   889                      99.7185024   98.64762  1.07%  86.5 1441s
  3623   970   99.58159  146 1557   99.71850   98.64762  1.07%  86.5 1448s
H 3644   944                      99.7185019   98.64762  1.07%  86.1 1448s
H 3669   934                      99.7184123   98.64762  1.07%  85.6 1449s
H 3681   932                      99.7177838   98.64762  1.07%  85.4 1449s
H 3693   932                      99.7173056   98.64762  1.07%  85.2 1449s
  3714   936   99.58079  160 1518   99.71731   98.64762  1.07%  84.8 1468s
  3718  1032   99.58159  160 1529   99.71731   98.64762  1.07%  84.7 1475s
H 3719  1032                      99.7172393   98.64762  1.07%  84.7 1475s
  3822  1086   99.63957  172 1486   99.71724   98.64762  1.07%  82.8 1487s
  3881  1159   99.61912  181 1494   99.71724   98.64762  1.07%  81.8 1499s
H 3894  1158                      99.7171799   98.64762  1.07%  81.6 1499s
  3962  1259   99.62530  192 1440   99.71718   98.64762  1.07%  80.6 1510s
  4066  1292   99.62534  207 1435   99.71718   98.64762  1.07%  79.6 1521s
  4103  1350   99.62534  209 1431   99.71718   98.64762  1.07%  79.1 1558s
  4171  1435   99.66893  217 1420   99.71718   98.64762  1.07%  78.1 1570s
  4270  1530   99.65841  229 1404   99.71718   98.64762  1.07%  76.7 1581s
  4375  1629   99.64716  244 1401   99.71718   98.64762  1.07%  75.3 1615s
  4479  1652   99.65925  258 1388   99.71718   98.64762  1.07%  74.1 1630s
  4505  1719   99.65301  260 1371   99.71718   98.64762  1.07%  73.8 1649s
  4608  1758   99.67457  291 1344   99.71718   98.64762  1.07%  72.7 1661s
  4648  1762   99.68499  296 1327   99.71718   98.64762  1.07%  72.2 1695s
  4652  1911   99.67989  297 1326   99.71718   98.66444  1.06%  72.2 1710s
  4821  1947   99.39925   16 2257   99.71718   98.66444  1.06%  70.9 1732s
H 4860  1947                      99.7171799   98.66444  1.06%  71.0 1732s
  4863  2033     cutoff   22        99.71718   98.66991  1.05%  71.1 1771s
H 4907  2033                      99.7165631   98.66991  1.05%  72.0 1771s
  4960  2101     cutoff   25        99.71656   98.66991  1.05%  71.5 1801s
H 4967  2101                      99.7156211   98.66991  1.05%  72.2 1801s
H 4968  2099                      99.7114496   98.66991  1.04%  72.5 1801s
H 5046  2174                      99.7112355   98.66991  1.04%  73.5 1838s
H 5127  2273                      99.7111602   98.66991  1.04%  73.1 1876s
  5227  2366   99.12767   41 1980   99.71116   98.66991  1.04%  72.5 1921s
H 5228  2366                      99.7111601   98.66991  1.04%  72.5 1921s
H 5229  2366                      99.7110220   98.66991  1.04%  72.5 1921s
H 5299  2366                      99.7107822   98.66991  1.04%  71.8 1921s
H 5324  2404                      99.7085438   98.66991  1.04%  71.6 2001s
  5370  2660   99.23710   61 1841   99.70854   98.66991  1.04%  71.1 2019s
H 5530  2660                      99.7085437   98.66991  1.04%  70.9 2019s
H 5591  2660                      99.7085116   98.66991  1.04%  70.5 2019s
  5647  2673   99.46654  127 1665   99.70851   98.66991  1.04%  70.1 2043s
H 5650  2672                      99.7068691   98.66991  1.04%  70.0 2043s
  5661  2759   99.46657  130 1667   99.70687   98.66991  1.04%  69.9 2082s
H 5683  2759                      99.7068117   98.66991  1.04%  69.7 2082s
  5753  2861   99.47120  153 1643   99.70681   98.66991  1.04%  69.1 2122s
  5857  3154   99.61869  179 1588   99.70681   98.67863  1.03%  68.0 2144s
H 6004  3152                      99.7062416   98.67863  1.03%  67.5 2144s
H 6171  3292                      99.7060908   98.67863  1.03%  66.2 2171s
H 6324  3317                      99.7041310   98.67863  1.03%  66.3 2207s
H 6326  3238                      99.6661074   98.67863  0.99%  66.3 2207s

Cutting planes:
  Learned: 45
  Gomory: 9
  Cover: 271
  Implied bound: 331
  Clique: 96
  MIR: 674
  StrongCG: 7
  Flow cover: 1244
  GUB cover: 3
  Zero half: 4
  RLT: 912
  Relax-and-lift: 265

Explored 6351 nodes (454458 simplex iterations) in 2207.35 seconds
Thread count was 4 (of 32 available processors)

Solution count 10: 99.6661 99.7041 99.7061 ... 99.7108

Optimal solution found (tolerance 1.00e-02)
Best objective 9.966610742300e+01, best bound 9.867863126216e+01, gap 0.9908%
