
Gurobi 9.1.0 (linux64) logging started Mon Aug  2 23:11:00 2021

Changed value of parameter LogFile to eab_parasitoid_nothresh_0_1.log
   Prev:   Default: 
Changed value of parameter MIPGap to 0.01
   Prev: 0.0001  Min: 0.0  Max: inf  Default: 0.0001
Changed value of parameter Method to 2
   Prev: -1  Min: -1  Max: 5  Default: -1
Changed value of parameter MIPFocus to 2
   Prev: 0  Min: 0  Max: 3  Default: 0
Changed value of parameter RINS to 100
   Prev: -1  Min: -1  Max: 2000000000  Default: -1
Gurobi Optimizer version 9.1.0 build v9.1.0rc0 (linux64)
Thread count: 32 physical cores, 32 logical processors, using up to 32 threads
Optimize a model with 203323 rows, 134930 columns and 684966 nonzeros
Model fingerprint: 0x63bca633
Variable types: 55774 continuous, 79156 integer (79156 binary)
Coefficient statistics:
  Matrix range     [2e-04, 1e+06]
  Objective range  [1e-06, 1e-01]
  Bounds range     [1e+00, 6e+03]
  RHS range        [1e-04, 1e+06]
Presolve removed 193539 rows and 126944 columns
Presolve time: 3.47s
Presolved: 9784 rows, 7986 columns, 132540 nonzeros
Variable types: 3427 continuous, 4559 integer (4558 binary)
Presolve removed 24 rows and 11 columns
Presolved: 9760 rows, 7975 columns, 132484 nonzeros

Root barrier log...

Ordering time: 0.22s

Barrier statistics:
 Dense cols : 149
 AA' NZ     : 5.714e+05
 Factor NZ  : 2.723e+06 (roughly 30 MBytes of memory)
 Factor Ops : 2.241e+09 (less than 1 second per iteration)
 Threads    : 31

                  Objective                Residual
Iter       Primal          Dual         Primal    Dual     Compl     Time
   0   2.38940339e+03 -1.07277292e+04  2.58e+04 1.40e-01  4.19e+01     4s
   1   1.96305698e+03 -1.19770743e+04  1.93e+04 2.88e-01  3.13e+01     4s
   2   9.02606222e+02 -1.18988412e+04  2.37e+03 9.99e-15  4.41e+00     4s
   3   6.85918889e+02 -6.50651708e+03  1.44e+02 1.14e-13  4.82e-01     4s
   4   6.20613442e+02 -1.35677813e+03  1.99e+01 3.55e-14  9.10e-02     4s
   5   5.99141574e+02 -4.25175730e+02  5.14e+00 1.95e-14  4.28e-02     4s
   6   5.91510068e+02  2.01975553e+02  1.30e+00 1.27e-15  1.58e-02     5s
   7   5.86108077e+02  3.49722682e+02  2.37e-01 8.13e-16  9.41e-03     5s
   8   5.81700566e+02  5.21638733e+02  5.15e-04 1.04e-15  2.37e-03     5s
   9   5.79672869e+02  5.47720120e+02  2.14e-04 6.60e-16  1.26e-03     5s
  10   5.78869530e+02  5.63503099e+02  1.36e-04 2.17e-16  6.06e-04     5s
  11   5.78131510e+02  5.68747843e+02  8.81e-05 1.34e-16  3.70e-04     5s
  12   5.77326527e+02  5.70440552e+02  3.94e-05 1.31e-16  2.71e-04     5s
  13   5.76924601e+02  5.74163347e+02  1.83e-05 2.22e-16  1.09e-04     5s
  14   5.76791011e+02  5.74480963e+02  1.32e-05 2.78e-16  9.10e-05     5s
  15   5.76659448e+02  5.74750093e+02  8.56e-06 2.22e-16  7.53e-05     5s
  16   5.76615475e+02  5.74893409e+02  6.93e-06 2.78e-16  6.79e-05     5s
  17   5.76552015e+02  5.75148041e+02  4.75e-06 2.22e-16  5.53e-05     5s
  18   5.76489748e+02  5.75393826e+02  2.72e-06 1.67e-16  4.32e-05     5s
  19   5.76468282e+02  5.75692595e+02  1.99e-06 2.43e-16  3.06e-05     5s
  20   5.76458365e+02  5.75971889e+02  1.74e-06 1.11e-16  1.92e-05     5s
  21   5.76436482e+02  5.76069409e+02  1.21e-06 1.11e-16  1.45e-05     5s
  22   5.76430223e+02  5.76130426e+02  1.07e-06 1.11e-16  1.18e-05     5s
  23   5.76426614e+02  5.76182903e+02  9.91e-07 1.37e-16  9.60e-06     5s
  24   5.76393773e+02  5.76257246e+02  2.62e-07 1.11e-16  5.38e-06     5s
  25   5.76387691e+02  5.76316818e+02  1.65e-07 1.38e-15  2.79e-06     5s
  26   5.76385105e+02  5.76330070e+02  1.24e-07 1.14e-15  2.17e-06     5s
  27   5.76382755e+02  5.76344155e+02  8.79e-08 2.92e-16  1.52e-06     5s
  28   5.76380075e+02  5.76352145e+02  4.19e-08 1.51e-15  1.10e-06     6s
  29   5.76378609e+02  5.76363282e+02  1.70e-08 1.21e-15  6.04e-07     6s
  30   5.76377653e+02  5.76372272e+02  4.52e-09 1.15e-16  2.12e-07     6s
  31   5.76377364e+02  5.76376299e+02  1.09e-09 3.34e-15  4.20e-08     6s
  32   5.76377272e+02  5.76376943e+02  4.00e-10 8.92e-16  1.30e-08     6s
  33   5.76377237e+02  5.76377083e+02  1.61e-10 3.00e-16  6.10e-09     6s
  34   5.76377221e+02  5.76377141e+02  5.21e-11 1.11e-16  3.17e-09     6s
  35   5.76377216e+02  5.76377190e+02  1.51e-11 5.85e-16  1.01e-09     6s
  36   5.76377213e+02  5.76377207e+02  7.31e-14 1.03e-15  2.29e-10     6s
  37   5.76377213e+02  5.76377212e+02  4.86e-14 2.57e-15  3.86e-11     6s

Barrier solved model in 37 iterations and 5.95 seconds
Optimal objective 5.76377213e+02


Root crossover log...

     649 DPushes remaining with DInf 0.0000000e+00                 6s
       0 DPushes remaining with DInf 0.0000000e+00                 6s

    3857 PPushes remaining with PInf 1.2021910e-05                 6s
       0 PPushes remaining with PInf 0.0000000e+00                 6s

  Push phase complete: Pinf 0.0000000e+00, Dinf 4.3516269e-03      6s


Root simplex log...

Iteration    Objective       Primal Inf.    Dual Inf.      Time
    4290    5.7637721e+02   0.000000e+00   4.351627e-03      6s
    4294    5.7637721e+02   0.000000e+00   0.000000e+00      6s
    4294    5.7637721e+02   0.000000e+00   0.000000e+00      6s

Root relaxation: objective 5.763772e+02, 4294 iterations, 2.44 seconds

    Nodes    |    Current Node    |     Objective Bounds      |     Work
 Expl Unexpl |  Obj  Depth IntInf | Incumbent    BestBd   Gap | It/Node Time

     0     0  577.62121    0 2029          -  577.62121      -     -    6s
     0     0  631.14225    0 2278          -  631.14225      -     -    9s
     0     0  631.68216    0 2495          -  631.68216      -     -   13s
     0     0  631.73175    0 2486          -  631.73175      -     -   15s
     0     0  631.73349    0 2483          -  631.73349      -     -   15s
H    0     0                     741.1911041  631.73349  14.8%     -   20s
     0     0  639.94215    0 2418  741.19110  639.94215  13.7%     -   20s
H    0     0                     741.1278062  639.94215  13.7%     -   20s
H    0     0                     741.1082279  639.94215  13.7%     -   23s
     0     0  642.03399    0 2385  741.10823  642.03399  13.4%     -   23s
     0     0  642.48635    0 2327  741.10823  642.48635  13.3%     -   25s
     0     0  642.48635    0 2318  741.10823  642.48635  13.3%     -   26s
     0     0  642.48635    0 2301  741.10823  642.48635  13.3%     -   26s
     0     0  651.14863    0 2194  741.10823  651.14863  12.1%     -   32s
     0     0  651.35793    0 2213  741.10823  651.35793  12.1%     -   34s
     0     0  651.38562    0 2195  741.10823  651.38562  12.1%     -   36s
     0     0  662.10767    0 2132  741.10823  662.10767  10.7%     -   43s
     0     0  662.28050    0 2125  741.10823  662.28050  10.6%     -   46s
     0     0  662.30007    0 2119  741.10823  662.30007  10.6%     -   50s
H    0     0                     695.9437747  662.30007  4.83%     -   66s
H    0     0                     695.9387726  662.30007  4.83%     -   66s
H    0     0                     695.9364902  662.30007  4.83%     -   66s
H    0     0                     695.9363118  662.30007  4.83%     -   66s
     0     0  669.13840    0 2089  695.93631  669.13840  3.85%     -   66s
H    0     0                     695.8230532  669.13840  3.83%     -   83s
     0     0  670.72184    0 2119  695.82305  670.72184  3.61%     -   83s
H    0     0                     695.7341842  670.72184  3.60%     -   91s
H    0     0                     695.7245280  670.72184  3.59%     -   91s
H    0     0                     695.7160873  670.72184  3.59%     -   91s
     0     0  670.76689    0 2093  695.71609  670.76689  3.59%     -   91s
H    0     0                     695.6830066  670.76689  3.58%     -  110s
H    0     0                     695.6735571  670.76689  3.58%     -  110s
H    0     0                     695.6675404  670.76689  3.58%     -  110s
H    0     0                     695.6120747  670.76689  3.57%     -  110s
H    0     0                     695.6034268  670.76689  3.57%     -  110s
H    0     0                     695.5702064  670.76689  3.57%     -  110s
H    0     0                     695.5656071  670.76689  3.57%     -  110s
H    0     0                     695.5315369  670.76689  3.56%     -  125s
H    0     0                     695.5303510  670.76689  3.56%     -  125s
H    0     0                     695.5268055  670.76689  3.56%     -  125s
H    0     0                     695.4678471  670.76689  3.55%     -  125s
H    0     0                     695.4640558  670.76689  3.55%     -  125s
H    0     0                     695.3911423  670.76689  3.54%     -  125s
     0     0  680.06792    0 2075  695.39114  680.06792  2.20%     -  125s
H    0     0                     695.3859844  680.06792  2.20%     -  125s
H    0     0                     695.2981136  680.06792  2.19%     -  138s
H    0     0                     695.2980570  680.06792  2.19%     -  138s
     0     0  680.23822    0 2061  695.29806  680.23822  2.17%     -  138s
     0     0  680.28974    0 2075  695.29806  680.28974  2.16%     -  148s
H    0     0                     695.2958824  680.28974  2.16%     -  169s
H    0     0                     695.2955189  680.28974  2.16%     -  169s
     0     0  680.77899    0 2060  695.29552  680.77899  2.09%     -  183s
     0     0  680.77899    0 2051  695.29552  680.77899  2.09%     -  185s
H    0     0                     695.2857322  680.77899  2.09%     -  986s
     0     2  680.77899    0 2051  695.28573  680.77899  2.09%     -  990s
     1     4  685.89364    1 2053  695.28573  680.77901  2.09%  2190  997s
     3     8  690.72692    2 2099  695.28573  681.19796  2.03%  2038 1057s
     7    16  691.62794    3 2064  695.28573  681.77070  1.94%  3197 1120s
    15    32  694.24546    4 2017  695.28573  682.02628  1.91%  3192 1208s
H   31    64                     695.2857320  682.20506  1.88%  4216 1288s
H   32    64                     695.2857292  682.20506  1.88%  4179 1288s
H   48    64                     695.2855830  682.53695  1.83%  3734 1288s
H   57    64                     695.2855350  682.53695  1.83%  3692 1289s
    63    78     cutoff    6       695.28554  682.53695  1.83%  3722 2234s
    95    93     cutoff    6       695.28554  682.53918  1.83%  4077 2397s
H   97    93                     695.2855349  682.53918  1.83%  4047 2397s
H   98    93                     695.2855176  682.53918  1.83%  4030 2397s
   127   117  683.68502    8 1860  695.28552  682.53918  1.83%  3716 2502s
H  159   145                     695.1365549  682.53918  1.81%  3242 2896s
H  161   145                     695.1132922  682.53918  1.81%  3222 2896s
H  164   145                     695.0708530  682.53918  1.80%  3204 2896s
   191   173  684.12586   10 1822  695.07085  682.53918  1.80%  2990 5366s
H  199   173                     694.8559622  682.53918  1.77%  2928 5366s
H  217   173                     694.8455813  682.53918  1.77%  2819 5367s
   223   208  684.32849   10 1858  694.84558  682.53918  1.77%  2772 5497s
H  225   208                     694.8455812  682.53918  1.77%  2759 5497s
H  240   208                     694.8455736  682.53918  1.77%  2666 5497s
   274   247  684.27714   11 1805  694.84557  682.53918  1.77%  2498 6007s
H  325   274                     694.8429874  682.53918  1.77%  2393 9857s
H  326   274                     694.8429856  682.53918  1.77%  2388 9857s
H  329   274                     694.8424374  682.53918  1.77%  2383 9857s
H  330   274                     694.8414111  682.53918  1.77%  2386 9857s
H  331   274                     694.8413250  682.53918  1.77%  2381 9857s
H  332   274                     694.8375805  682.53918  1.77%  2381 9857s
H  345   274                     694.7841192  682.53918  1.76%  2338 9857s
   358   320  684.60539   11 1856  694.78412  682.53918  1.76%  2309 10217s
   426   373  684.73441   12 1806  694.78412  682.53918  1.76%  2189 10300s
   503   436  684.84571   14 1831  694.78412  682.53918  1.76%  2007 10618s
   590   512  684.91846   16 1819  694.78412  682.53918  1.76%  1860 10779s
   676   595  684.95302   18 1805  694.78412  682.53918  1.76%  1753 10937s
   771   676  686.11337   21 1805  694.78412  682.53918  1.76%  1645 11069s
   872   746  685.18480   20 1800  694.78412  682.53918  1.76%  1537 11205s
   978   845  686.29833   21 1804  694.78412  682.53918  1.76%  1455 11328s
  1101   934  685.43490   22 1783  694.78412  682.53918  1.76%  1363 11539s
  1229  1025 infeasible   23       694.78412  682.53918  1.76%  1287 11702s
  1362  1119  686.03393   25 1777  694.78412  682.53918  1.76%  1223 11848s
  1497  1199  686.44404   25 1772  694.78412  682.53918  1.76%  1164 15081s
H 1520  1199                     694.7840836  682.53918  1.76%  1158 15082s
H 1527  1199                     694.7840725  682.53918  1.76%  1156 15082s
H 1553  1199                     694.7693555  682.53918  1.76%  1144 15082s
  1594  1327  686.13333   27 1725  694.76936  682.53918  1.76%  1133 16345s
H 1665  1327                     694.7692932  682.53918  1.76%  1111 16345s
H 1672  1327                     694.7617059  682.53918  1.76%  1107 16345s
  1734  1512  688.34751   29 1741  694.76171  682.53918  1.76%  1091 16538s
  1940  1735  687.08519   30 1741  694.76171  682.53918  1.76%  1019 16740s
  2167  2002  687.20669   32 1749  694.76171  682.53918  1.76%   954 16964s
  2442  2337  687.22797   31 1720  694.76171  682.53918  1.76%   880 17234s
  2806  2679  687.70358   33 1712  694.76171  682.53918  1.76%   792 17412s
H 3172  2678                     694.7531563  682.53918  1.76%   723 18928s
  3173  2678  690.59750   36 2051  694.75316  682.53918  1.76%   723 19103s
H 3174  2545                     694.7531456  682.53918  1.76%   722 19119s
H 3174  2417                     694.7531443  682.53918  1.76%   722 19123s
  3176  2418  690.77495   23 2417  694.75314  682.53918  1.76%   722 19155s
  3177  2419  692.73893    8 2108  694.75314  682.53918  1.76%   722 19171s
  3178  2419  692.80228   68 2116  694.75314  682.53918  1.76%   721 19184s
  3179  2420  693.14651  106 2080  694.75314  682.53918  1.76%   721 19187s
  3180  2421  684.17038   10 2047  694.75314  682.53918  1.76%   721 19190s
  3181  2421  693.13530   73 1993  694.75314  682.53918  1.76%   721 19198s
  3182  2422  694.29689    6 1967  694.75314  682.53918  1.76%   721 19214s
  3183  2423  685.35368    8 1988  694.75314  682.53918  1.76%   720 19239s
  3184  2423  690.46732   38 2015  694.75314  682.53918  1.76%   720 19255s
  3185  2424  691.19048   44 1956  694.75314  682.53918  1.76%   720 19283s
  3186  2425  692.31711   50 1963  694.75314  682.53918  1.76%   720 19298s
  3187  2425  686.98447   27 1948  694.75314  682.53918  1.76%   719 19310s
H 3187  2304                     694.7531370  682.53918  1.76%   719 19317s
  3189  2306  691.58795   46 1890  694.75314  682.53918  1.76%   719 19335s
H 3189  2190                     694.7531366  682.53918  1.76%   719 19392s
H 3189  2080                     694.7531360  682.53918  1.76%   719 19392s
  3190  2080  688.14510   27 1807  694.75314  682.53918  1.76%   719 19418s
  3191  2081  686.56268   24 1791  694.75314  682.53918  1.76%   719 19428s
  3192  2082  685.42803   16 1835  694.75314  682.53918  1.76%   718 19453s
  3193  2082  693.68100   41 1831  694.75314  682.53918  1.76%   718 19464s
  3194  2083  694.51546  153 1857  694.75314  682.53918  1.76%   718 19469s
  3195  2084  693.82936   25 1826  694.75314  682.53918  1.76%   718 19492s
H 3195  1980                     694.7531351  682.53918  1.76%   718 19527s
  3197  1981  694.57061  114 1832  694.75314  683.38029  1.64%   717 19671s
H 3197  1881                     694.7531333  683.59878  1.61%   717 19682s
  3199  1882  693.32035   27 1860  694.75313  683.65731  1.60%   717 19696s
  3201  1884  692.69459   59 1877  694.75313  683.65740  1.60%   716 19704s
  3202  1884  689.35304   29 1888  694.75313  684.25716  1.51%   716 19728s
H 3202  1790                     694.7531323  684.79629  1.43%   716 19849s
H 3203  1701                     694.7531314  684.79629  1.43%   716 19871s
  3205  1702  691.55331   48 1865  694.75313  685.03796  1.40%   715 19899s
  3206  1703  690.08249   42 1885  694.75313  685.07567  1.39%   715 19927s
  3207  1704  686.30115   22 1857  694.75313  685.16277  1.38%   715 19993s
  3208  1704  693.80757   81 1870  694.75313  685.43908  1.34%   715 20069s
  3209  1705  686.31152   26 1858  694.75313  685.43908  1.34%   714 20197s
  3210  1706  687.22149   25 1870  694.75313  685.43908  1.34%   714 20220s
  3211  1706  694.39778  131 1860  694.75313  685.43908  1.34%   714 20234s
  3212  1707  688.12241   33 1874  694.75313  685.43908  1.34%   714 20264s
  3213  1708  693.80929    9 1869  694.75313  685.43908  1.34%   714 20307s
  3214  1708  693.78669   91 1839  694.75313  685.43908  1.34%   713 20363s
H 3214  1621                     694.7531310  685.43908  1.34%   713 20374s
  3215  1622  691.00227   18 1839  694.75313  685.43908  1.34%   713 20410s
  3216  1623  693.81730   26 1856  694.75313  685.43908  1.34%   713 20505s
  3217  1623  694.57383   97 1855  694.75313  685.43908  1.34%   713 20558s
  3218  1624  688.82856   28 1859  694.75313  685.43908  1.34%   712 20582s
  3219  1625  685.57914   19 1860  694.75313  685.43908  1.34%   712 20621s
  3220  1625  686.52463   17 1829  694.75313  685.43908  1.34%   712 20781s
  3221  1626  691.24258   50 1827  694.75313  685.43908  1.34%   712 20809s
  3222  1627  686.68833   25 1827  694.75313  685.43908  1.34%   712 21617s
H 3222  1547                     694.7531309  685.43908  1.34%   738 21636s
  3223  1548  685.43908   10 1781  694.75313  685.43908  1.34%   738 22411s
  3225  1552  688.67094   11 1826  694.75313  685.43908  1.34%   739 23396s
  3229  1556     cutoff   12       694.75313  685.43908  1.34%   742 23611s
  3237  1568  685.43908   13 1804  694.75313  685.43908  1.34%   748 23819s
  3251  1573  692.50879   14 1828  694.75313  685.43908  1.34%   761 24054s
H 3265  1490                     694.7531308  685.43908  1.34%   783 24054s
H 3279  1426                     694.7448612  685.43908  1.34%   803 24371s
H 3284  1354                     694.7442762  685.43908  1.34%   805 24371s
H 3285  1287                     694.7433054  685.43908  1.34%   806 24372s
H 3292  1220                     694.7289965  685.43908  1.34%   810 24372s
H 3300  1158                     694.7272264  685.43908  1.34%   816 24372s
  3311  1168     cutoff   16       694.72723  685.43908  1.34%   824 24549s
H 3316  1108                     694.7149091  685.43908  1.34%   828 24549s
  3343  1113  687.16928   17 1696  694.71491  685.43908  1.34%   849 24675s
H 3375  1063                     694.7148849  685.43908  1.34%   866 28385s
H 3375  1011                     694.7091699  685.43908  1.33%   866 28385s
H 3377   961                     694.7016844  685.43908  1.33%   866 28386s
H 3385   911                     694.6994891  685.43908  1.33%   872 28386s
H 3392   864                     694.6975905  685.43908  1.33%   876 28386s
  3407   881  687.39016   19 1719  694.69759  685.43908  1.33%   884 28626s
  3461   878  690.28396   21 1665  694.69759  685.43908  1.33%   907 29498s
H 3479   830                     694.6947713  685.43908  1.33%   910 29498s
  3498   862  690.62886   22 1631  694.69477  685.43908  1.33%   914 29609s
  3558   882  691.35412   24 1600  694.69477  685.43908  1.33%   928 29833s
  3634   884  693.09476   27 1618  694.69477  685.43908  1.33%   942 30016s
  3712   905  693.88989   30 1615  694.69477  685.43908  1.33%   953 30103s
  3795   907     cutoff   34       694.69477  685.43908  1.33%   953 30267s
  3891   906  694.19412   23 1601  694.69477  685.43908  1.33%   959 30473s
  4006   893 infeasible   25       694.69477  685.43908  1.33%   958 30950s
  4104   916  690.83933   24 1628  694.69477  685.43908  1.33%   959 31177s
  4221   949  691.86987   27 1655  694.69477  685.43908  1.33%   959 31296s
  4341   952  693.21013   32 1631  694.69477  685.43908  1.33%   961 31367s
  4469   900  694.52009   38 1608  694.69477  685.43908  1.33%   960 32435s
  4518   959  694.53362   39 1604  694.69477  685.43908  1.33%   964 32757s
  4664   945  689.78057   18 1656  694.69477  685.43908  1.33%   960 33017s
  4819   938  691.59978   20 1575  694.69477  685.43908  1.33%   959 33199s
  4941   971 infeasible   23       694.69477  685.43908  1.33%   966 33309s
  5088   977  692.39116   21 1585  694.69477  685.43908  1.33%   964 33662s
  5268   976  693.88543   24 1593  694.69477  685.43908  1.33%   960 33847s
  5416   989  692.52836   32 1593  694.69477  685.43908  1.33%   960 34002s
  5602   989     cutoff   36       694.69477  685.43908  1.33%   953 34188s
  5800  1014     cutoff   41       694.69477  686.65943  1.16%   948 35734s
H 5802  1014                     694.6945272  686.65943  1.16%   949 35734s
H 5803  1014                     694.6943633  686.65943  1.16%   949 35734s
  5853  1122  687.97515   17 1732  694.69436  686.65943  1.16%   952 35905s
  6068  1233  689.30358   19 1652  694.69436  686.65943  1.16%   943 36074s
  6281  1355     cutoff   22       694.69436  686.65943  1.16%   938 36222s
  6553  1494  694.07719   28 1603  694.69436  686.85297  1.13%   927 36430s
  6853  1651  692.11926   18 1665  694.69436  686.85297  1.13%   913 36679s
  7185  1758  694.36104   21 1602  694.69436  686.85297  1.13%   893 37285s
  7490  1923     cutoff   20       694.69436  686.85297  1.13%   882 37930s
  7756  2115     cutoff   70       694.69436  689.59359  0.73%   870 38089s

Cutting planes:
  Learned: 39
  Gomory: 39
  Cover: 163
  Implied bound: 62
  Projected implied bound: 225
  Clique: 14
  MIR: 613
  StrongCG: 1
  Flow cover: 3395
  GUB cover: 9
  Zero half: 44
  RLT: 1437
  Relax-and-lift: 249

Explored 8100 nodes (7010445 simplex iterations) in 38089.81 seconds
Thread count was 32 (of 32 available processors)

Solution count 10: 694.694 694.695 694.695 ... 694.727

Optimal solution found (tolerance 1.00e-02)
Warning: max constraint violation (5.9009e-06) exceeds tolerance
Best objective 6.946943632562e+02, best bound 6.895935870894e+02, gap 0.7342%

Gurobi 9.1.0 (linux64) logging started Tue Aug  3 09:46:31 2021

Changed value of parameter LogFile to eab_parasitoid_nothresh_0_1.log
   Prev:   Default: 
Changed value of parameter MIPGap to 0.01
   Prev: 0.0001  Min: 0.0  Max: inf  Default: 0.0001
Changed value of parameter Method to 2
   Prev: -1  Min: -1  Max: 5  Default: -1
Changed value of parameter MIPFocus to 2
   Prev: 0  Min: 0  Max: 3  Default: 0
Changed value of parameter RINS to 100
   Prev: -1  Min: -1  Max: 2000000000  Default: -1
Gurobi Optimizer version 9.1.0 build v9.1.0rc0 (linux64)
Thread count: 32 physical cores, 32 logical processors, using up to 32 threads
Optimize a model with 203323 rows, 134930 columns and 684966 nonzeros
Model fingerprint: 0x63bca633
Variable types: 55774 continuous, 79156 integer (79156 binary)
Coefficient statistics:
  Matrix range     [2e-04, 1e+06]
  Objective range  [1e-06, 1e-01]
  Bounds range     [1e+00, 6e+03]
  RHS range        [1e-04, 1e+06]
Presolve removed 181282 rows and 115550 columns (presolve time = 6s) ...
Presolve removed 187105 rows and 120991 columns (presolve time = 11s) ...
Presolve removed 191877 rows and 125288 columns (presolve time = 15s) ...
Presolve removed 193317 rows and 126771 columns (presolve time = 20s) ...
Presolve removed 193482 rows and 126897 columns (presolve time = 26s) ...
Presolve removed 193542 rows and 126943 columns (presolve time = 31s) ...
Presolve removed 193539 rows and 126944 columns
Presolve time: 31.71s
Presolved: 9784 rows, 7986 columns, 132540 nonzeros
Variable types: 3427 continuous, 4559 integer (4558 binary)
Presolve removed 24 rows and 11 columns
Presolved: 9760 rows, 7975 columns, 132484 nonzeros

Root barrier log...

Ordering time: 1.38s

Barrier statistics:
 Dense cols : 149
 AA' NZ     : 5.714e+05
 Factor NZ  : 2.723e+06 (roughly 30 MBytes of memory)
 Factor Ops : 2.241e+09 (less than 1 second per iteration)
 Threads    : 31

                  Objective                Residual
Iter       Primal          Dual         Primal    Dual     Compl     Time
   0   2.38940339e+03 -1.07277292e+04  2.58e+04 1.40e-01  4.19e+01    37s
   1   1.96305698e+03 -1.19770743e+04  1.93e+04 2.88e-01  3.13e+01    37s
   2   9.02606222e+02 -1.18988412e+04  2.37e+03 9.99e-15  4.41e+00    38s
   3   6.85918889e+02 -6.50651708e+03  1.44e+02 1.14e-13  4.82e-01    38s
   4   6.20613442e+02 -1.35677813e+03  1.99e+01 3.55e-14  9.10e-02    38s
   5   5.99141574e+02 -4.25175730e+02  5.14e+00 1.95e-14  4.28e-02    38s
   6   5.91510068e+02  2.01975553e+02  1.30e+00 1.27e-15  1.58e-02    38s
   7   5.86108077e+02  3.49722682e+02  2.37e-01 8.13e-16  9.41e-03    38s
   8   5.81700566e+02  5.21638733e+02  5.15e-04 1.04e-15  2.37e-03    39s
   9   5.79672869e+02  5.47720120e+02  2.14e-04 6.60e-16  1.26e-03    39s
  10   5.78869530e+02  5.63503099e+02  1.36e-04 2.17e-16  6.06e-04    39s
  11   5.78131510e+02  5.68747843e+02  8.81e-05 1.34e-16  3.70e-04    39s
  12   5.77326527e+02  5.70440552e+02  3.94e-05 1.31e-16  2.71e-04    39s
  13   5.76924601e+02  5.74163347e+02  1.83e-05 2.22e-16  1.09e-04    40s
  14   5.76791011e+02  5.74480963e+02  1.32e-05 2.78e-16  9.10e-05    40s
  15   5.76659448e+02  5.74750093e+02  8.56e-06 2.22e-16  7.53e-05    40s
  16   5.76615475e+02  5.74893409e+02  6.93e-06 2.78e-16  6.79e-05    40s
  17   5.76552015e+02  5.75148041e+02  4.75e-06 2.22e-16  5.53e-05    40s
  18   5.76489748e+02  5.75393826e+02  2.72e-06 1.67e-16  4.32e-05    40s
  19   5.76468282e+02  5.75692595e+02  1.99e-06 2.43e-16  3.06e-05    41s
  20   5.76458365e+02  5.75971889e+02  1.74e-06 1.11e-16  1.92e-05    41s
  21   5.76436482e+02  5.76069409e+02  1.21e-06 1.11e-16  1.45e-05    41s
  22   5.76430223e+02  5.76130426e+02  1.07e-06 1.11e-16  1.18e-05    41s
  23   5.76426614e+02  5.76182903e+02  9.91e-07 1.37e-16  9.60e-06    41s
  24   5.76393773e+02  5.76257246e+02  2.62e-07 1.11e-16  5.38e-06    41s
  25   5.76387691e+02  5.76316818e+02  1.65e-07 1.38e-15  2.79e-06    42s
  26   5.76385105e+02  5.76330070e+02  1.24e-07 1.14e-15  2.17e-06    42s
  27   5.76382755e+02  5.76344155e+02  8.79e-08 2.92e-16  1.52e-06    42s
  28   5.76380075e+02  5.76352145e+02  4.19e-08 1.51e-15  1.10e-06    42s
  29   5.76378609e+02  5.76363282e+02  1.70e-08 1.21e-15  6.04e-07    42s
  30   5.76377653e+02  5.76372272e+02  4.52e-09 1.15e-16  2.12e-07    42s
  31   5.76377364e+02  5.76376299e+02  1.09e-09 3.34e-15  4.20e-08    43s
  32   5.76377272e+02  5.76376943e+02  4.00e-10 8.92e-16  1.30e-08    43s
  33   5.76377237e+02  5.76377083e+02  1.61e-10 3.00e-16  6.10e-09    43s
  34   5.76377221e+02  5.76377141e+02  5.21e-11 1.11e-16  3.17e-09    43s
  35   5.76377216e+02  5.76377190e+02  1.51e-11 5.85e-16  1.01e-09    43s
  36   5.76377213e+02  5.76377207e+02  7.31e-14 1.03e-15  2.29e-10    44s
  37   5.76377213e+02  5.76377212e+02  4.86e-14 2.57e-15  3.86e-11    44s

Barrier solved model in 37 iterations and 43.75 seconds
Optimal objective 5.76377213e+02


Root crossover log...

     649 DPushes remaining with DInf 0.0000000e+00                44s
       0 DPushes remaining with DInf 0.0000000e+00                44s

    3857 PPushes remaining with PInf 1.2021910e-05                44s
       0 PPushes remaining with PInf 0.0000000e+00                45s

  Push phase complete: Pinf 0.0000000e+00, Dinf 4.3516269e-03     45s


Root simplex log...

Iteration    Objective       Primal Inf.    Dual Inf.      Time
    4290    5.7637721e+02   0.000000e+00   4.351627e-03     45s
    4294    5.7637721e+02   0.000000e+00   0.000000e+00     45s
    4294    5.7637721e+02   0.000000e+00   0.000000e+00     45s

Root relaxation: objective 5.763772e+02, 4294 iterations, 11.98 seconds
Total elapsed time = 45.83s

    Nodes    |    Current Node    |     Objective Bounds      |     Work
 Expl Unexpl |  Obj  Depth IntInf | Incumbent    BestBd   Gap | It/Node Time

     0     0  577.62121    0 2029          -  577.62121      -     -   47s
     0     0  631.14225    0 2278          -  631.14225      -     -   72s
     0     0  631.68216    0 2495          -  631.68216      -     -  107s
     0     0  631.73175    0 2486          -  631.73175      -     -  120s
     0     0  631.73349    0 2483          -  631.73349      -     -  123s
H    0     0                     741.1911041  631.73349  14.8%     -  148s
     0     0  639.94215    0 2418  741.19110  639.94215  13.7%     -  148s
H    0     0                     741.1278062  639.94215  13.7%     -  150s
H    0     0                     741.1082279  639.94215  13.7%     -  167s
     0     0  642.03399    0 2385  741.10823  642.03399  13.4%     -  168s
     0     0  642.48635    0 2327  741.10823  642.48635  13.3%     -  181s
     0     0  642.48635    0 2318  741.10823  642.48635  13.3%     -  190s
     0     0  642.48635    0 2301  741.10823  642.48635  13.3%     -  198s
     0     0  651.14863    0 2194  741.10823  651.14863  12.1%     -  230s
     0     0  651.35793    0 2213  741.10823  651.35793  12.1%     -  256s
     0     0  651.38562    0 2195  741.10823  651.38562  12.1%     -  270s
     0     0  662.10767    0 2132  741.10823  662.10767  10.7%     -  331s
     0     0  662.28050    0 2125  741.10823  662.28050  10.6%     -  359s
     0     0  662.30007    0 2119  741.10823  662.30007  10.6%     -  371s
H    0     0                     695.9437747  662.30007  4.83%     -  411s
H    0     0                     695.9387726  662.30007  4.83%     -  411s
H    0     0                     695.9364902  662.30007  4.83%     -  411s
H    0     0                     695.9363118  662.30007  4.83%     -  411s
     0     0  669.13840    0 2089  695.93631  669.13840  3.85%     -  412s
H    0     0                     695.8230532  669.13840  3.83%     -  425s
     0     0  670.72184    0 2119  695.82305  670.72184  3.61%     -  425s
H    0     0                     695.7341842  670.72184  3.60%     -  427s
H    0     0                     695.7245280  670.72184  3.59%     -  427s
H    0     0                     695.7160873  670.72184  3.59%     -  427s
     0     0  670.76689    0 2093  695.71609  670.76689  3.59%     -  427s
H    0     0                     695.6830066  670.76689  3.58%     -  450s
H    0     0                     695.6735571  670.76689  3.58%     -  450s
H    0     0                     695.6675404  670.76689  3.58%     -  450s
H    0     0                     695.6120747  670.76689  3.57%     -  450s
H    0     0                     695.6034268  670.76689  3.57%     -  450s
H    0     0                     695.5702064  670.76689  3.57%     -  450s
H    0     0                     695.5656071  670.76689  3.57%     -  450s
H    0     0                     695.5315369  670.76689  3.56%     -  478s
H    0     0                     695.5303510  670.76689  3.56%     -  478s
H    0     0                     695.5268055  670.76689  3.56%     -  478s
H    0     0                     695.4678471  670.76689  3.55%     -  478s
H    0     0                     695.4640558  670.76689  3.55%     -  478s
H    0     0                     695.3911423  670.76689  3.54%     -  478s
     0     0  680.06792    0 2075  695.39114  680.06792  2.20%     -  478s
H    0     0                     695.3859844  680.06792  2.20%     -  480s
H    0     0                     695.2981136  680.06792  2.19%     -  527s
H    0     0                     695.2980570  680.06792  2.19%     -  527s
     0     0  680.23822    0 2061  695.29806  680.23822  2.17%     -  527s
     0     0  680.28974    0 2075  695.29806  680.28974  2.16%     -  693s
H    0     0                     695.2958824  680.28974  2.16%     -  968s
H    0     0                     695.2955189  680.28974  2.16%     -  968s
     0     0  680.77899    0 2060  695.29552  680.77899  2.09%     - 1138s
     0     0  680.77899    0 2051  695.29552  680.77899  2.09%     - 1155s
H    0     0                     695.2857322  680.77899  2.09%     - 3503s
     0     2  680.77899    0 2051  695.28573  680.77899  2.09%     - 3513s
     1     4  685.89364    1 2053  695.28573  680.77901  2.09%  2190 3571s
     3     8  690.72692    2 2099  695.28573  681.19796  2.03%  2038 3671s
     7    16  691.62794    3 2064  695.28573  681.77070  1.94%  3197 3733s
    15    32  694.24546    4 2017  695.28573  682.02628  1.91%  3192 3877s
H   31    64                     695.2857320  682.20506  1.88%  4216 4047s
H   32    64                     695.2857292  682.20506  1.88%  4179 4047s
H   48    64                     695.2855830  682.53695  1.83%  3734 4047s
H   57    64                     695.2855350  682.53695  1.83%  3692 4048s
    63    78     cutoff    6       695.28554  682.53695  1.83%  3722 5327s
    95    93     cutoff    6       695.28554  682.53918  1.83%  4077 5548s
H   97    93                     695.2855349  682.53918  1.83%  4047 5548s
H   98    93                     695.2855176  682.53918  1.83%  4030 5548s
   127   117  683.68502    8 1860  695.28552  682.53918  1.83%  3716 5666s
H  159   145                     695.1365549  682.53918  1.81%  3242 6032s
H  161   145                     695.1132922  682.53918  1.81%  3222 6032s
H  164   145                     695.0708530  682.53918  1.80%  3204 6032s
   191   173  684.12586   10 1822  695.07085  682.53918  1.80%  2990 7771s
H  199   173                     694.8559622  682.53918  1.77%  2928 7771s
H  217   173                     694.8455813  682.53918  1.77%  2819 7771s
   223   208  684.32849   10 1858  694.84558  682.53918  1.77%  2772 7932s
H  225   208                     694.8455812  682.53918  1.77%  2759 7932s
H  240   208                     694.8455736  682.53918  1.77%  2666 7932s
   274   247  684.27714   11 1805  694.84557  682.53918  1.77%  2498 8776s
H  325   274                     694.8429874  682.53918  1.77%  2393 13391s
H  326   274                     694.8429856  682.53918  1.77%  2388 13391s
H  329   274                     694.8424374  682.53918  1.77%  2383 13391s
H  330   274                     694.8414111  682.53918  1.77%  2386 13391s
H  331   274                     694.8413250  682.53918  1.77%  2381 13391s
H  332   274                     694.8375805  682.53918  1.77%  2381 13391s
H  345   274                     694.7841192  682.53918  1.76%  2338 13391s
   358   320  684.60539   11 1856  694.78412  682.53918  1.76%  2309 13903s
   426   373  684.73441   12 1806  694.78412  682.53918  1.76%  2189 14083s
   503   436  684.84571   14 1831  694.78412  682.53918  1.76%  2007 14690s
   590   512  684.91846   16 1819  694.78412  682.53918  1.76%  1860 14936s
   676   595  684.95302   18 1805  694.78412  682.53918  1.76%  1753 15147s
   771   676  686.11337   21 1805  694.78412  682.53918  1.76%  1645 15371s
   872   746  685.18480   20 1800  694.78412  682.53918  1.76%  1537 15535s
   978   845  686.29833   21 1804  694.78412  682.53918  1.76%  1455 15708s
  1101   934  685.43490   22 1783  694.78412  682.53918  1.76%  1363 15893s
  1229  1025 infeasible   23       694.78412  682.53918  1.76%  1287 16140s
  1362  1119  686.03393   25 1777  694.78412  682.53918  1.76%  1223 16317s
  1497  1199  686.44404   25 1772  694.78412  682.53918  1.76%  1164 19541s
H 1520  1199                     694.7840836  682.53918  1.76%  1158 19541s
H 1527  1199                     694.7840725  682.53918  1.76%  1156 19541s
H 1553  1199                     694.7693555  682.53918  1.76%  1144 19542s
  1594  1327  686.13333   27 1725  694.76936  682.53918  1.76%  1133 21617s
H 1665  1327                     694.7692932  682.53918  1.76%  1111 21618s
H 1672  1327                     694.7617059  682.53918  1.76%  1107 21618s
  1734  1512  688.34751   29 1741  694.76171  682.53918  1.76%  1091 21786s
  1940  1735  687.08519   30 1741  694.76171  682.53918  1.76%  1019 21898s
  2167  2002  687.20669   32 1749  694.76171  682.53918  1.76%   954 21967s
  2442  2337  687.22797   31 1720  694.76171  682.53918  1.76%   880 22132s
  2806  2679  687.70358   33 1712  694.76171  682.53918  1.76%   792 22322s
H 3172  2678                     694.7531563  682.53918  1.76%   723 25481s
  3173  2678  690.59750   36 2051  694.75316  682.53918  1.76%   723 25847s
H 3174  2545                     694.7531456  682.53918  1.76%   722 25875s
H 3174  2417                     694.7531443  682.53918  1.76%   722 25878s
  3176  2418  690.77495   23 2417  694.75314  682.53918  1.76%   722 25957s
  3177  2419  692.73893    8 2108  694.75314  682.53918  1.76%   722 26006s
  3178  2419  692.80228   68 2116  694.75314  682.53918  1.76%   721 26066s
  3179  2420  693.14651  106 2080  694.75314  682.53918  1.76%   721 26092s
  3180  2421  684.17038   10 2047  694.75314  682.53918  1.76%   721 26130s
  3181  2421  693.13530   73 1993  694.75314  682.53918  1.76%   721 26171s
  3182  2422  694.29689    6 1967  694.75314  682.53918  1.76%   721 26196s
  3183  2423  685.35368    8 1988  694.75314  682.53918  1.76%   720 26239s
  3184  2423  690.46732   38 2015  694.75314  682.53918  1.76%   720 26281s
  3185  2424  691.19048   44 1956  694.75314  682.53918  1.76%   720 26343s
  3186  2425  692.31711   50 1963  694.75314  682.53918  1.76%   720 26404s
  3187  2425  686.98447   27 1948  694.75314  682.53918  1.76%   719 26441s
H 3187  2304                     694.7531370  682.53918  1.76%   719 26479s
  3188  2305  692.25364   48 1932  694.75314  682.53918  1.76%   719 26505s
  3189  2306  691.58795   46 1890  694.75314  682.53918  1.76%   719 26580s
H 3189  2190                     694.7531366  682.53918  1.76%   719 26714s
H 3189  2080                     694.7531360  682.53918  1.76%   719 26760s
  3190  2080  688.14510   27 1807  694.75314  682.53918  1.76%   719 26840s
  3191  2081  686.56268   24 1791  694.75314  682.53918  1.76%   719 26916s
  3192  2082  685.42803   16 1835  694.75314  682.53918  1.76%   718 26951s
  3193  2082  693.68100   41 1831  694.75314  682.53918  1.76%   718 26971s
  3194  2083  694.51546  153 1857  694.75314  682.53918  1.76%   718 26996s
  3195  2084  693.82936   25 1826  694.75314  682.53918  1.76%   718 27017s
H 3195  1980                     694.7531351  682.53918  1.76%   718 27069s
  3196  1980  694.54325   94 1866  694.75314  682.53918  1.76%   717 27092s
  3197  1981  694.57061  114 1832  694.75314  683.38029  1.64%   717 27376s
H 3197  1881                     694.7531333  683.59878  1.61%   717 27399s
  3198  1882  686.24816   15 1823  694.75313  683.59878  1.61%   717 27400s
  3199  1882  693.32035   27 1860  694.75313  683.65731  1.60%   717 27463s
  3200  1883  693.37043    7 1859  694.75313  683.65740  1.60%   716 27477s
  3201  1884  692.69459   59 1877  694.75313  683.65740  1.60%   716 27509s
  3202  1884  689.35304   29 1888  694.75313  684.25716  1.51%   716 27570s
H 3202  1790                     694.7531323  684.79629  1.43%   716 27685s
H 3203  1701                     694.7531314  684.79629  1.43%   716 27702s
  3205  1702  691.55331   48 1865  694.75313  685.03796  1.40%   715 27720s
  3206  1703  690.08249   42 1885  694.75313  685.07567  1.39%   715 27765s
  3207  1704  686.30115   22 1857  694.75313  685.16277  1.38%   715 27947s
  3208  1704  693.80757   81 1870  694.75313  685.43908  1.34%   715 28112s
  3209  1705  686.31152   26 1858  694.75313  685.43908  1.34%   714 28369s
  3210  1706  687.22149   25 1870  694.75313  685.43908  1.34%   714 28410s
  3211  1706  694.39778  131 1860  694.75313  685.43908  1.34%   714 28433s
  3212  1707  688.12241   33 1874  694.75313  685.43908  1.34%   714 28466s
  3213  1708  693.80929    9 1869  694.75313  685.43908  1.34%   714 28530s
  3214  1708  693.78669   91 1839  694.75313  685.43908  1.34%   713 28676s
H 3214  1621                     694.7531310  685.43908  1.34%   713 28688s
  3215  1622  691.00227   18 1839  694.75313  685.43908  1.34%   713 28726s
  3216  1623  693.81730   26 1856  694.75313  685.43908  1.34%   713 28929s
  3217  1623  694.57383   97 1855  694.75313  685.43908  1.34%   713 28934s
  3218  1624  688.82856   28 1859  694.75313  685.43908  1.34%   712 28957s
  3219  1625  685.57914   19 1860  694.75313  685.43908  1.34%   712 29015s
  3220  1625  686.52463   17 1829  694.75313  685.43908  1.34%   712 29084s
  3221  1626  691.24258   50 1827  694.75313  685.43908  1.34%   712 29110s
  3222  1627  686.68833   25 1827  694.75313  685.43908  1.34%   712 30075s
H 3222  1547                     694.7531309  685.43908  1.34%   738 30080s
  3223  1548  685.43908   10 1781  694.75313  685.43908  1.34%   738 31592s
  3225  1552  688.67094   11 1826  694.75313  685.43908  1.34%   739 33753s
  3229  1556     cutoff   12       694.75313  685.43908  1.34%   742 34007s
  3237  1568  685.43908   13 1804  694.75313  685.43908  1.34%   748 34538s
  3251  1573  692.50879   14 1828  694.75313  685.43908  1.34%   761 34962s
H 3265  1490                     694.7531308  685.43908  1.34%   783 34962s
H 3279  1426                     694.7448612  685.43908  1.34%   803 35720s
H 3284  1354                     694.7442762  685.43908  1.34%   805 35720s
H 3285  1287                     694.7433054  685.43908  1.34%   806 35720s
H 3292  1220                     694.7289965  685.43908  1.34%   810 35720s
H 3300  1158                     694.7272264  685.43908  1.34%   816 35720s
  3311  1168     cutoff   16       694.72723  685.43908  1.34%   824 36029s
  3314  1167  685.43908   16 1740  694.72723  685.43908  1.34%   827 36030s
H 3316  1108                     694.7149091  685.43908  1.34%   828 36030s
  3343  1113  687.16928   17 1696  694.71491  685.43908  1.34%   849 36261s
H 3375  1063                     694.7148849  685.43908  1.34%   866 41608s
H 3375  1011                     694.7091699  685.43908  1.33%   866 41608s
H 3377   961                     694.7016844  685.43908  1.33%   866 41608s
H 3385   911                     694.6994891  685.43908  1.33%   872 41608s
H 3392   864                     694.6975905  685.43908  1.33%   876 41608s
  3407   881  687.39016   19 1719  694.69759  685.43908  1.33%   884 41791s
  3461   878  690.28396   21 1665  694.69759  685.43908  1.33%   907 43371s
H 3479   830                     694.6947713  685.43908  1.33%   910 43372s
  3498   862  690.62886   22 1631  694.69477  685.43908  1.33%   914 43693s
  3558   882  691.35412   24 1600  694.69477  685.43908  1.33%   928 43898s
  3634   884  693.09476   27 1618  694.69477  685.43908  1.33%   942 44376s
  3712   905  693.88989   30 1615  694.69477  685.43908  1.33%   953 44608s
  3795   907     cutoff   34       694.69477  685.43908  1.33%   953 44898s
  3891   906  694.19412   23 1601  694.69477  685.43908  1.33%   959 45176s
  4006   893 infeasible   25       694.69477  685.43908  1.33%   958 46180s
  4104   916  690.83933   24 1628  694.69477  685.43908  1.33%   959 46476s
  4221   949  691.86987   27 1655  694.69477  685.43908  1.33%   959 46756s
  4341   952  693.21013   32 1631  694.69477  685.43908  1.33%   961 46933s
  4469   900  694.52009   38 1608  694.69477  685.43908  1.33%   960 48233s
  4518   959  694.53362   39 1604  694.69477  685.43908  1.33%   964 48598s
  4664   945  689.78057   18 1656  694.69477  685.43908  1.33%   960 48814s
  4819   938  691.59978   20 1575  694.69477  685.43908  1.33%   959 49032s
  4941   971 infeasible   23       694.69477  685.43908  1.33%   966 49183s
  5088   977  692.39116   21 1585  694.69477  685.43908  1.33%   964 49253s
  5268   976  693.88543   24 1593  694.69477  685.43908  1.33%   960 49391s
  5416   989  692.52836   32 1593  694.69477  685.43908  1.33%   960 49657s
  5602   989     cutoff   36       694.69477  685.43908  1.33%   953 50008s
  5800  1014     cutoff   41       694.69477  686.65943  1.16%   948 52730s
H 5802  1014                     694.6945272  686.65943  1.16%   949 52730s
H 5803  1014                     694.6943633  686.65943  1.16%   949 52730s
  5853  1122  687.97515   17 1732  694.69436  686.65943  1.16%   952 53068s
  6068  1233  689.30358   19 1652  694.69436  686.65943  1.16%   943 53404s
  6281  1355     cutoff   22       694.69436  686.65943  1.16%   938 53705s
  6553  1494  694.07719   28 1603  694.69436  686.85297  1.13%   927 54014s
  6853  1651  692.11926   18 1665  694.69436  686.85297  1.13%   913 54255s
  7185  1758  694.36104   21 1602  694.69436  686.85297  1.13%   893 55627s
  7490  1923     cutoff   20       694.69436  686.85297  1.13%   882 56328s
  7756  2115     cutoff   70       694.69436  689.59359  0.73%   870 56766s

Cutting planes:
  Learned: 39
  Gomory: 39
  Cover: 163
  Implied bound: 62
  Projected implied bound: 225
  Clique: 14
  MIR: 613
  StrongCG: 1
  Flow cover: 3395
  GUB cover: 9
  Zero half: 44
  RLT: 1437
  Relax-and-lift: 249

Explored 8100 nodes (7010445 simplex iterations) in 56769.63 seconds
Thread count was 32 (of 32 available processors)

Solution count 10: 694.694 694.695 694.695 ... 694.727

Optimal solution found (tolerance 1.00e-02)
Warning: max constraint violation (5.9009e-06) exceeds tolerance
Best objective 6.946943632562e+02, best bound 6.895935870894e+02, gap 0.7342%
