
Gurobi 9.1.0 (linux64) logging started Wed Aug  4 13:09:09 2021

Changed value of parameter LogFile to eab_parasitoid_nothresh_2_1.log
   Prev:   Default: 
Changed value of parameter MIPGap to 0.01
   Prev: 0.0001  Min: 0.0  Max: inf  Default: 0.0001
Changed value of parameter Method to 2
   Prev: -1  Min: -1  Max: 5  Default: -1
Changed value of parameter MIPFocus to 2
   Prev: 0  Min: 0  Max: 3  Default: 0
Changed value of parameter RINS to 100
   Prev: -1  Min: -1  Max: 2000000000  Default: -1
Gurobi Optimizer version 9.1.0 build v9.1.0rc0 (linux64)
Thread count: 32 physical cores, 32 logical processors, using up to 32 threads
Optimize a model with 203323 rows, 134930 columns and 684966 nonzeros
Model fingerprint: 0xc7a1eeb8
Variable types: 55774 continuous, 79156 integer (79156 binary)
Coefficient statistics:
  Matrix range     [1e-04, 1e+05]
  Objective range  [1e-06, 1e-01]
  Bounds range     [1e+00, 6e+03]
  RHS range        [1e-04, 1e+05]
Presolve removed 167111 rows and 102787 columns (presolve time = 5s) ...
Presolve removed 183070 rows and 116967 columns (presolve time = 10s) ...
Presolve removed 191254 rows and 124876 columns (presolve time = 16s) ...
Presolve removed 191710 rows and 125016 columns (presolve time = 20s) ...
Presolve removed 192607 rows and 125982 columns (presolve time = 25s) ...
Presolve removed 192788 rows and 126122 columns (presolve time = 30s) ...
Presolve removed 192978 rows and 126268 columns (presolve time = 36s) ...
Presolve removed 192975 rows and 126265 columns
Presolve time: 36.06s
Presolved: 10348 rows, 8665 columns, 131039 nonzeros
Variable types: 3621 continuous, 5044 integer (5043 binary)
Presolve removed 15 rows and 14 columns
Presolved: 10333 rows, 8651 columns, 130993 nonzeros

Root barrier log...

Ordering time: 0.87s

Barrier statistics:
 Dense cols : 132
 AA' NZ     : 5.622e+05
 Factor NZ  : 2.766e+06 (roughly 30 MBytes of memory)
 Factor Ops : 2.330e+09 (less than 1 second per iteration)
 Threads    : 31

                  Objective                Residual
Iter       Primal          Dual         Primal    Dual     Compl     Time
   0   1.98196284e+03 -1.94534238e+04  2.06e+04 2.19e-01  4.63e+01    40s
   1   1.54050039e+03 -2.05414804e+04  1.30e+04 4.01e-01  2.86e+01    40s
   2   7.46452095e+02 -1.81585522e+04  1.90e+03 5.23e-14  4.73e+00    40s
   3   5.04084683e+02 -9.63207104e+03  2.47e+02 1.80e-13  7.92e-01    41s
   4   4.16038149e+02 -3.32111475e+03  2.49e+01 2.10e-14  1.62e-01    41s
   5   3.91273806e+02 -5.96361400e+02  5.83e+00 4.23e-15  3.92e-02    41s
   6   3.79273468e+02  6.11794517e+01  9.20e-01 1.34e-15  1.21e-02    41s
   7   3.73563881e+02  3.05484870e+02  1.37e-03 1.44e-15  2.54e-03    41s
   8   3.71100677e+02  3.50197353e+02  4.03e-04 6.60e-16  7.75e-04    41s
   9   3.70116698e+02  3.63968716e+02  2.39e-04 5.13e-16  2.28e-04    42s
  10   3.69098106e+02  3.66340656e+02  1.01e-04 2.95e-16  1.02e-04    42s
  11   3.68654125e+02  3.67503938e+02  4.52e-05 2.22e-16  4.26e-05    42s
  12   3.68516789e+02  3.67862000e+02  2.92e-05 2.22e-16  2.42e-05    42s
  13   3.68380648e+02  3.68081844e+02  1.28e-05 1.72e-16  1.11e-05    42s
  14   3.68311854e+02  3.68175351e+02  4.56e-06 1.48e-16  5.05e-06    42s
  15   3.68290949e+02  3.68231746e+02  2.46e-06 4.44e-16  2.19e-06    43s
  16   3.68277090e+02  3.68242793e+02  1.02e-06 4.44e-16  1.27e-06    43s
  17   3.68272002e+02  3.68258048e+02  4.96e-07 1.84e-16  5.16e-07    43s
  18   3.68269082e+02  3.68262614e+02  1.76e-07 2.22e-16  2.39e-07    43s
  19   3.68267867e+02  3.68265520e+02  5.70e-08 1.67e-16  8.68e-08    43s
  20   3.68267322e+02  3.68266530e+02  9.01e-09 1.11e-16  2.93e-08    43s
  21   3.68267238e+02  3.68267116e+02  2.19e-09 2.22e-16  4.52e-09    44s
  22   3.68267219e+02  3.68267173e+02  8.44e-10 4.44e-16  1.69e-09    44s
  23   3.68267208e+02  3.68267199e+02  1.48e-10 5.56e-16  3.36e-10    44s
  24   3.68267206e+02  3.68267205e+02  5.82e-12 2.44e-13  1.81e-11    44s

Barrier solved model in 24 iterations and 44.01 seconds
Optimal objective 3.68267206e+02


Root crossover log...

     853 DPushes remaining with DInf 0.0000000e+00                44s
       0 DPushes remaining with DInf 0.0000000e+00                44s

    4290 PPushes remaining with PInf 1.4997363e-05                44s
       0 PPushes remaining with PInf 0.0000000e+00                45s

  Push phase complete: Pinf 0.0000000e+00, Dinf 5.0015302e-01     45s


Root simplex log...

Iteration    Objective       Primal Inf.    Dual Inf.      Time
    4942    3.6826721e+02   0.000000e+00   5.001530e-01     45s
    4966    3.6826721e+02   0.000000e+00   0.000000e+00     45s
    4966    3.6826721e+02   0.000000e+00   0.000000e+00     45s

Root relaxation: objective 3.682672e+02, 4966 iterations, 7.64 seconds
Total elapsed time = 45.45s

    Nodes    |    Current Node    |     Objective Bounds      |     Work
 Expl Unexpl |  Obj  Depth IntInf | Incumbent    BestBd   Gap | It/Node Time

     0     0  368.26721    0 1595          -  368.26721      -     -   45s
H    0     0                     399.4676432  368.26721  7.81%     -   51s
H    0     0                     399.4676431  368.26721  7.81%     -   51s
     0     0  370.51588    0 1862  399.46764  370.51588  7.25%     -   53s
H    0     0                     399.0990767  370.51588  7.16%     -   54s
     0     0  370.55235    0 1907  399.09908  370.55235  7.15%     -   61s
     0     0  370.55336    0 1937  399.09908  370.55336  7.15%     -   61s
     0     0  370.55336    0 1938  399.09908  370.55336  7.15%     -   61s
     0     0  371.68124    0 1797  399.09908  371.68124  6.87%     -   65s
H    0     0                     395.1818333  371.68124  5.95%     -   66s
     0     0  371.92131    0 1854  395.18183  371.92131  5.89%     -   68s
     0     0  372.04781    0 1771  395.18183  372.04781  5.85%     -   69s
     0     0  372.05478    0 1854  395.18183  372.05478  5.85%     -   70s
     0     0  372.05489    0 1856  395.18183  372.05489  5.85%     -   70s
     0     0  372.63117    0 1855  395.18183  372.63117  5.71%     -   92s
H    0     0                     379.0434139  372.63117  1.69%     -   99s
H    0     0                     379.0433813  372.63117  1.69%     -   99s
H    0     0                     376.0128205  372.63117  0.90%     -  105s
H    0     0                     375.9073512  372.63117  0.87%     -  105s
     0     0  372.67506    0 1892  375.90735  372.67506  0.86%     -  105s

Cutting planes:
  Learned: 62
  Gomory: 6
  Cover: 84
  Implied bound: 205
  Projected implied bound: 58
  Clique: 29
  MIR: 465
  Flow cover: 1313
  GUB cover: 3
  Zero half: 4
  RLT: 473
  Relax-and-lift: 53

Explored 1 nodes (17285 simplex iterations) in 105.42 seconds
Thread count was 32 (of 32 available processors)

Solution count 7: 375.907 376.013 379.043 ... 399.468

Optimal solution found (tolerance 1.00e-02)
Best objective 3.759073511847e+02, best bound 3.726750621522e+02, gap 0.8599%

Gurobi 9.1.0 (linux64) logging started Wed Aug  4 13:12:09 2021

Changed value of parameter LogFile to eab_parasitoid_nothresh_2_1.log
   Prev:   Default: 
Changed value of parameter MIPGap to 0.01
   Prev: 0.0001  Min: 0.0  Max: inf  Default: 0.0001
Changed value of parameter Method to 2
   Prev: -1  Min: -1  Max: 5  Default: -1
Changed value of parameter MIPFocus to 2
   Prev: 0  Min: 0  Max: 3  Default: 0
Changed value of parameter RINS to 100
   Prev: -1  Min: -1  Max: 2000000000  Default: -1
Gurobi Optimizer version 9.1.0 build v9.1.0rc0 (linux64)
Thread count: 32 physical cores, 32 logical processors, using up to 32 threads
Optimize a model with 203323 rows, 134930 columns and 684966 nonzeros
Model fingerprint: 0xc7a1eeb8
Variable types: 55774 continuous, 79156 integer (79156 binary)
Coefficient statistics:
  Matrix range     [1e-04, 1e+05]
  Objective range  [1e-06, 1e-01]
  Bounds range     [1e+00, 6e+03]
  RHS range        [1e-04, 1e+05]
Presolve removed 152091 rows and 90363 columns (presolve time = 6s) ...
Presolve removed 181389 rows and 115546 columns (presolve time = 10s) ...
Presolve removed 190391 rows and 124495 columns (presolve time = 15s) ...
Presolve removed 191716 rows and 125016 columns (presolve time = 20s) ...
Presolve removed 192611 rows and 125983 columns (presolve time = 26s) ...
Presolve removed 192845 rows and 126160 columns (presolve time = 30s) ...
Presolve removed 192975 rows and 126265 columns
Presolve time: 34.66s
Presolved: 10348 rows, 8665 columns, 131039 nonzeros
Variable types: 3621 continuous, 5044 integer (5043 binary)
Presolve removed 15 rows and 14 columns
Presolved: 10333 rows, 8651 columns, 130993 nonzeros

Root barrier log...

Ordering time: 0.86s

Barrier statistics:
 Dense cols : 132
 AA' NZ     : 5.622e+05
 Factor NZ  : 2.766e+06 (roughly 30 MBytes of memory)
 Factor Ops : 2.330e+09 (less than 1 second per iteration)
 Threads    : 31

                  Objective                Residual
Iter       Primal          Dual         Primal    Dual     Compl     Time
   0   1.98196284e+03 -1.94534238e+04  2.06e+04 2.19e-01  4.63e+01    39s
   1   1.54050039e+03 -2.05414804e+04  1.30e+04 4.01e-01  2.86e+01    40s
   2   7.46452095e+02 -1.81585522e+04  1.90e+03 5.23e-14  4.73e+00    40s
   3   5.04084683e+02 -9.63207104e+03  2.47e+02 1.80e-13  7.92e-01    40s
   4   4.16038149e+02 -3.32111475e+03  2.49e+01 2.10e-14  1.62e-01    40s
   5   3.91273806e+02 -5.96361400e+02  5.83e+00 4.23e-15  3.92e-02    40s
   6   3.79273468e+02  6.11794517e+01  9.20e-01 1.34e-15  1.21e-02    40s
   7   3.73563881e+02  3.05484870e+02  1.37e-03 1.44e-15  2.54e-03    40s
   8   3.71100677e+02  3.50197353e+02  4.03e-04 6.60e-16  7.75e-04    41s
   9   3.70116698e+02  3.63968716e+02  2.39e-04 5.13e-16  2.28e-04    41s
  10   3.69098106e+02  3.66340656e+02  1.01e-04 2.95e-16  1.02e-04    41s
  11   3.68654125e+02  3.67503938e+02  4.52e-05 2.22e-16  4.26e-05    41s
  12   3.68516789e+02  3.67862000e+02  2.92e-05 2.22e-16  2.42e-05    41s
  13   3.68380648e+02  3.68081844e+02  1.28e-05 1.72e-16  1.11e-05    41s
  14   3.68311854e+02  3.68175351e+02  4.56e-06 1.48e-16  5.05e-06    42s
  15   3.68290949e+02  3.68231746e+02  2.46e-06 4.44e-16  2.19e-06    42s
  16   3.68277090e+02  3.68242793e+02  1.02e-06 4.44e-16  1.27e-06    42s
  17   3.68272002e+02  3.68258048e+02  4.96e-07 1.84e-16  5.16e-07    42s
  18   3.68269082e+02  3.68262614e+02  1.76e-07 2.22e-16  2.39e-07    42s
  19   3.68267867e+02  3.68265520e+02  5.70e-08 1.67e-16  8.68e-08    42s
  20   3.68267322e+02  3.68266530e+02  9.01e-09 1.11e-16  2.93e-08    43s
  21   3.68267238e+02  3.68267116e+02  2.19e-09 2.22e-16  4.52e-09    43s
  22   3.68267219e+02  3.68267173e+02  8.44e-10 4.44e-16  1.69e-09    43s
  23   3.68267208e+02  3.68267199e+02  1.48e-10 5.56e-16  3.36e-10    43s
  24   3.68267206e+02  3.68267205e+02  5.82e-12 2.44e-13  1.81e-11    43s

Barrier solved model in 24 iterations and 43.26 seconds
Optimal objective 3.68267206e+02


Root crossover log...

     853 DPushes remaining with DInf 0.0000000e+00                43s
       0 DPushes remaining with DInf 0.0000000e+00                44s

    4290 PPushes remaining with PInf 1.4997363e-05                44s
       0 PPushes remaining with PInf 0.0000000e+00                44s

  Push phase complete: Pinf 0.0000000e+00, Dinf 5.0015302e-01     44s


Root simplex log...

Iteration    Objective       Primal Inf.    Dual Inf.      Time
    4942    3.6826721e+02   0.000000e+00   5.001530e-01     44s
    4966    3.6826721e+02   0.000000e+00   0.000000e+00     44s
    4966    3.6826721e+02   0.000000e+00   0.000000e+00     44s

Root relaxation: objective 3.682672e+02, 4966 iterations, 7.78 seconds
Total elapsed time = 45.87s

    Nodes    |    Current Node    |     Objective Bounds      |     Work
 Expl Unexpl |  Obj  Depth IntInf | Incumbent    BestBd   Gap | It/Node Time

     0     0  368.26721    0 1595          -  368.26721      -     -   46s
H    0     0                     399.4676432  368.26721  7.81%     -   53s
H    0     0                     399.4676431  368.26721  7.81%     -   53s
     0     0  370.51588    0 1862  399.46764  370.51588  7.25%     -   54s
H    0     0                     399.0990767  370.51588  7.16%     -   56s
     0     0  370.55235    0 1907  399.09908  370.55235  7.15%     -   59s
     0     0  370.55336    0 1937  399.09908  370.55336  7.15%     -   59s
     0     0  370.55336    0 1938  399.09908  370.55336  7.15%     -   60s
     0     0  371.68124    0 1797  399.09908  371.68124  6.87%     -   64s
H    0     0                     395.1818333  371.68124  5.95%     -   64s
     0     0  371.92131    0 1854  395.18183  371.92131  5.89%     -   67s
     0     0  372.04781    0 1771  395.18183  372.04781  5.85%     -   69s
     0     0  372.05478    0 1854  395.18183  372.05478  5.85%     -   69s
     0     0  372.05489    0 1856  395.18183  372.05489  5.85%     -   70s
     0     0  372.63117    0 1855  395.18183  372.63117  5.71%     -   75s
H    0     0                     379.0434139  372.63117  1.69%     -   77s
H    0     0                     379.0433813  372.63117  1.69%     -   77s
H    0     0                     376.0128205  372.63117  0.90%     -   77s
H    0     0                     375.9073512  372.63117  0.87%     -   77s
     0     0  372.67506    0 1892  375.90735  372.67506  0.86%     -   77s

Cutting planes:
  Learned: 62
  Gomory: 6
  Cover: 84
  Implied bound: 205
  Projected implied bound: 58
  Clique: 29
  MIR: 465
  Flow cover: 1313
  GUB cover: 3
  Zero half: 4
  RLT: 473
  Relax-and-lift: 53

Explored 1 nodes (17285 simplex iterations) in 77.14 seconds
Thread count was 32 (of 32 available processors)

Solution count 7: 375.907 376.013 379.043 ... 399.468

Optimal solution found (tolerance 1.00e-02)
Best objective 3.759073511847e+02, best bound 3.726750621522e+02, gap 0.8599%
