
Gurobi 9.1.0 (linux64) logging started Mon Aug  2 23:20:20 2021

Changed value of parameter LogFile to eab_parasitoid_forest_0_0.log
   Prev:   Default: 
Changed value of parameter MIPGap to 0.01
   Prev: 0.0001  Min: 0.0  Max: inf  Default: 0.0001
Changed value of parameter Method to 2
   Prev: -1  Min: -1  Max: 5  Default: -1
Changed value of parameter MIPFocus to 2
   Prev: 0  Min: 0  Max: 3  Default: 0
Changed value of parameter RINS to 100
   Prev: -1  Min: -1  Max: 2000000000  Default: -1
Gurobi Optimizer version 9.1.0 build v9.1.0rc0 (linux64)
Thread count: 32 physical cores, 32 logical processors, using up to 32 threads
Optimize a model with 203386 rows, 134930 columns and 685029 nonzeros
Model fingerprint: 0xf1cd6582
Variable types: 55774 continuous, 79156 integer (79156 binary)
Coefficient statistics:
  Matrix range     [2e-04, 1e+06]
  Objective range  [4e-04, 1e+02]
  Bounds range     [1e+00, 6e+03]
  RHS range        [1e-04, 1e+06]
Presolve removed 155586 rows and 100000 columns (presolve time = 6s) ...
Presolve removed 178422 rows and 115609 columns (presolve time = 11s) ...
Presolve removed 182097 rows and 116246 columns (presolve time = 15s) ...
Presolve removed 190549 rows and 124751 columns (presolve time = 20s) ...
Presolve removed 191969 rows and 125317 columns (presolve time = 25s) ...
Presolve removed 193495 rows and 126892 columns (presolve time = 31s) ...
Presolve removed 193702 rows and 127035 columns (presolve time = 35s) ...
Presolve removed 193790 rows and 127103 columns (presolve time = 40s) ...
Presolve removed 193797 rows and 127102 columns
Presolve time: 41.68s
Presolved: 9589 rows, 7828 columns, 130940 nonzeros
Variable types: 3397 continuous, 4431 integer (4431 binary)
Presolve removed 12 rows and 12 columns
Presolved: 9577 rows, 7816 columns, 130909 nonzeros

Root barrier log...

Ordering time: 1.23s

Barrier statistics:
 Dense cols : 148
 AA' NZ     : 5.675e+05
 Factor NZ  : 2.712e+06 (roughly 30 MBytes of memory)
 Factor Ops : 2.308e+09 (less than 1 second per iteration)
 Threads    : 31

                  Objective                Residual
Iter       Primal          Dual         Primal    Dual     Compl     Time
   0   6.21727417e+05 -7.58072402e+06  2.42e+04 7.99e+01  2.98e+04    46s
   1   4.42087008e+05 -8.67012835e+06  1.66e+04 1.57e+02  1.96e+04    46s
   2   1.12135427e+05 -8.31432497e+06  1.64e+03 1.33e-09  2.30e+03    46s
   3   6.25423056e+04 -4.75672766e+06  2.19e+02 5.64e-11  4.17e+02    47s
   4   4.96506116e+04 -1.89752230e+06  3.70e+01 3.33e-12  1.00e+02    47s
   5   4.70192235e+04 -7.51695967e+05  1.07e+01 2.73e-12  3.59e+01    47s
   6   4.51895137e+04 -2.64018696e+05  2.87e+00 6.82e-13  1.31e+01    47s
   7   4.31085928e+04 -3.64045749e+04  1.86e-03 7.12e-13  3.22e+00    47s
   8   4.21463131e+04  2.45712954e+04  5.60e-04 1.99e-12  7.09e-01    48s
   9   4.12799061e+04  3.49311372e+04  1.58e-04 1.58e-12  2.55e-01    48s
  10   4.10180132e+04  3.70298589e+04  6.51e-05 9.59e-13  1.60e-01    48s
  11   4.08501926e+04  3.91538508e+04  2.37e-05 4.16e-13  6.82e-02    48s
  12   4.07417784e+04  3.99871840e+04  1.05e-05 1.81e-13  3.03e-02    48s
  13   4.06701038e+04  4.03385228e+04  3.77e-06 1.14e-13  1.33e-02    49s
  14   4.06348711e+04  4.05373945e+04  1.12e-06 2.27e-13  3.92e-03    49s
  15   4.06306203e+04  4.05661469e+04  8.80e-07 1.14e-13  2.59e-03    49s
  16   4.06239247e+04  4.05884421e+04  4.89e-07 2.27e-13  1.43e-03    49s
  17   4.06204101e+04  4.05998211e+04  2.85e-07 2.27e-13  8.27e-04    49s
  18   4.06185758e+04  4.06063329e+04  1.79e-07 1.14e-13  4.92e-04    49s
  19   4.06173507e+04  4.06098464e+04  1.10e-07 1.14e-13  3.02e-04    50s
  20   4.06165789e+04  4.06125909e+04  6.61e-08 1.71e-13  1.60e-04    50s
  21   4.06161011e+04  4.06134484e+04  3.79e-08 1.99e-13  1.07e-04    50s
  22   4.06159744e+04  4.06143229e+04  3.09e-08 1.14e-13  6.64e-05    50s
  23   4.06157545e+04  4.06147241e+04  1.84e-08 1.14e-13  4.14e-05    50s
  24   4.06155635e+04  4.06150121e+04  7.72e-09 1.14e-13  2.22e-05    51s
  25   4.06155154e+04  4.06152105e+04  5.25e-09 1.42e-13  1.23e-05    51s
  26   4.06154777e+04  4.06153124e+04  3.22e-09 1.14e-13  6.64e-06    51s
  27   4.06154582e+04  4.06153567e+04  2.13e-09 1.14e-13  4.08e-06    51s
  28   4.06154399e+04  4.06153737e+04  1.10e-09 1.14e-13  2.66e-06    52s
  29   4.06154358e+04  4.06153896e+04  8.83e-10 1.14e-13  1.86e-06    52s
  30   4.06154289e+04  4.06153995e+04  5.29e-10 1.14e-13  1.18e-06    52s
  31   4.06154256e+04  4.06154074e+04  3.61e-10 1.28e-13  7.34e-07    52s
  32   4.06154222e+04  4.06154127e+04  1.78e-10 1.14e-13  3.83e-07    53s
  33   4.06154197e+04  4.06154168e+04  3.89e-11 1.14e-13  1.16e-07    53s
  34   4.06154195e+04  4.06154174e+04  3.23e-11 1.14e-13  8.52e-08    53s
  35   4.06154193e+04  4.06154175e+04  2.06e-11 1.14e-13  7.22e-08    53s
  36   4.06154189e+04  4.06154187e+04  8.20e-13 1.42e-13  1.08e-08    53s
  37   4.06154189e+04  4.06154188e+04  4.91e-14 1.42e-13  2.34e-09    53s

Barrier solved model in 37 iterations and 53.38 seconds
Optimal objective 4.06154189e+04


Root crossover log...

     883 DPushes remaining with DInf 0.0000000e+00                53s
       0 DPushes remaining with DInf 0.0000000e+00                54s

    3835 PPushes remaining with PInf 0.0000000e+00                54s
       0 PPushes remaining with PInf 0.0000000e+00                54s

  Push phase complete: Pinf 0.0000000e+00, Dinf 7.1020810e-02     54s


Root simplex log...

Iteration    Objective       Primal Inf.    Dual Inf.      Time
    4394    4.0615419e+04   0.000000e+00   7.102081e-02     54s
    4401    4.0615419e+04   0.000000e+00   0.000000e+00     54s
    4401    4.0615419e+04   0.000000e+00   0.000000e+00     54s

Root relaxation: objective 4.061542e+04, 4401 iterations, 11.63 seconds
Total elapsed time = 56.08s

    Nodes    |    Current Node    |     Objective Bounds      |     Work
 Expl Unexpl |  Obj  Depth IntInf | Incumbent    BestBd   Gap | It/Node Time

     0     0 40615.4193    0 2171          - 40615.4193      -     -   57s
     0     0 41254.2281    0 2505          - 41254.2281      -     -   77s
     0     0 41412.3312    0 2617          - 41412.3312      -     -  107s
     0     0 41435.4098    0 2571          - 41435.4098      -     -  119s
     0     0 41437.0653    0 2566          - 41437.0653      -     -  122s
     0     0 41437.1149    0 2567          - 41437.1149      -     -  123s
H    0     0                    49881.402610 41437.1149  16.9%     -  173s
H    0     0                    49868.597479 41437.1149  16.9%     -  173s
H    0     0                    49867.330039 41437.1149  16.9%     -  173s
     0     0 41785.3010    0 2548 49867.3300 41785.3010  16.2%     -  174s
H    0     0                    49831.047181 41785.3010  16.1%     -  176s
     0     0 42079.2022    0 2428 49831.0472 42079.2022  15.6%     -  197s
     0     0 42139.3295    0 2336 49831.0472 42139.3295  15.4%     -  213s
     0     0 42141.1604    0 2343 49831.0472 42141.1604  15.4%     -  217s
     0     0 42141.2673    0 2350 49831.0472 42141.2673  15.4%     -  218s
     0     0 42318.2400    0 2226 49831.0472 42318.2400  15.1%     -  248s
H    0     0                    47726.099347 42318.2400  11.3%     -  252s
     0     0 42356.5770    0 2197 47726.0993 42356.5770  11.3%     -  255s
     0     0 42359.8106    0 2181 47726.0993 42359.8106  11.2%     -  257s
     0     0 42359.9745    0 2183 47726.0993 42359.9745  11.2%     -  257s
     0     0 42470.3672    0 2190 47726.0993 42470.3672  11.0%     -  275s
     0     0 42483.8515    0 2181 47726.0993 42483.8515  11.0%     -  278s
     0     0 42485.2487    0 2185 47726.0993 42485.2487  11.0%     -  279s
     0     0 42485.5599    0 2183 47726.0993 42485.5599  11.0%     -  279s
     0     0 42508.4629    0 2156 47726.0993 42508.4629  10.9%     -  289s
H    0     0                    47674.112758 42508.4629  10.8%     -  298s
     0     0 42512.8195    0 2140 47674.1128 42512.8195  10.8%     -  312s
     0     0 42513.6186    0 2151 47674.1128 42513.6186  10.8%     -  318s
     0     0 42561.8326    0 2151 47674.1128 42561.8326  10.7%     -  343s
H    0     0                    47672.902171 42561.8326  10.7%     -  346s
     0     0 42578.1965    0 2145 47672.9022 42578.1965  10.7%     -  371s
     0     0 42583.2929    0 2139 47672.9022 42583.2929  10.7%     -  377s
     0     0 42585.6257    0 2140 47672.9022 42585.6257  10.7%     -  379s
     0     0 42586.0475    0 2140 47672.9022 42586.0475  10.7%     -  380s
     0     0 42604.0251    0 2107 47672.9022 42604.0251  10.6%     -  405s
H    0     0                    47051.004474 42604.0251  9.45%     -  424s
     0     0 42610.7994    0 2111 47051.0045 42610.7994  9.44%     -  425s
     0     0 42612.2765    0 2126 47051.0045 42612.2765  9.43%     -  426s
     0     0 42623.6229    0 2080 47051.0045 42623.6229  9.41%     -  435s
     0     0 42626.8569    0 2097 47051.0045 42626.8569  9.40%     -  446s
     0     0 42627.3325    0 2079 47051.0045 42627.3325  9.40%     -  472s
     0     0 42638.7183    0 2065 47051.0045 42638.7183  9.38%     -  560s
     0     0 42638.7183    0 2065 47051.0045 42638.7183  9.38%     -  571s
H    0     0                    46883.487236 42638.7183  9.05%     - 1904s
     0     2 42638.7183    0 2065 46883.4872 42638.7183  9.05%     - 1911s
     1     4 44260.1798    1 2050 46883.4872 42638.9103  9.05%  5354 1979s
     3     8 45269.5604    2 2068 46883.4872 42665.3037  9.00%  3414 2161s
     7    12     cutoff    3      46883.4872 42911.4570  8.47%  4267 2375s
    15    18 43096.6491    4 1992 46883.4872 43049.2096  8.18%  4809 2537s
    27    30 44626.1763    5 1982 46883.4872 43096.7340  8.08%  4103 2965s
    45    44 45806.7993    6 1950 46883.4872 43595.3464  7.01%  4328 3108s
    75    48     cutoff    7      46883.4872 43667.6756  6.86%  4243 3443s
H   81    48                    46883.485777 43667.6756  6.86%  4029 3443s
H   82    48                    46883.485641 43667.7470  6.86%  4032 3443s
H   83    48                    46881.955392 43884.4742  6.39%  4050 3443s
H   90    48                    46879.477039 43884.4742  6.39%  3975 3443s
   107    55 43994.3025    8 1930 46879.4770 43892.2816  6.37%  4025 3616s
H  139    72                    46490.918986 44003.1703  5.35%  3568 3897s
   171    90 44050.3248   10 1922 46490.9190 44028.6472  5.30%  3213 4039s
H  207   116                    46356.263407 44050.4145  4.97%  2989 4292s
H  209   116                    46289.755066 44052.6476  4.83%  2986 4292s
H  214   116                    46265.147526 44052.6476  4.78%  2963 4292s
   239   127 44121.8202   12 1908 46265.1475 44052.6476  4.78%  2905 4421s
   283   158 44137.3521   14 1909 46265.1475 44052.6476  4.78%  2573 4642s
   326   184 44155.5302   16 1893 46265.1475 44052.6476  4.78%  2360 4822s
H  360   209                    46146.396697 44052.6476  4.54%  2273 5500s
H  361   209                    46106.063798 44052.6476  4.45%  2276 5500s
H  383   209                    46046.923602 44052.6476  4.33%  2189 5500s
H  397   212                    46030.471078 44052.6476  4.30%  2136 7197s
H  401   212                    46012.971187 44052.6476  4.26%  2126 7197s
   444   271 44226.4468   19 1905 46012.9712 44052.6476  4.26%  1991 7454s
   525   335 44275.0024   22 1887 46012.9712 44052.6476  4.26%  1790 7602s
   601   404 44309.8677   25 1889 46012.9712 44052.6476  4.26%  1663 7755s
   683   497 44312.8950   27 1883 46012.9712 44052.6476  4.26%  1551 7942s
   791   573 44345.2868   30 1876 46012.9712 44052.6476  4.26%  1419 8113s
   873   703 44373.4851   33 1856 46012.9712 44052.6476  4.26%  1350 8245s
  1019   848 44405.4326   39 1850 46012.9712 44052.6476  4.26%  1205 8475s
  1198   918 44525.4142   46 1816 46012.9712 44052.6476  4.26%  1066 9870s
H 1206   918                    46010.477145 44052.6476  4.26%  1060 9870s
H 1292   918                    46010.430385 44052.6476  4.26%  1014 9870s
  1296  1041 44534.3768   49 1842 46010.4304 44052.6476  4.26%  1012 11313s
H 1300  1041                    46010.406048 44052.6476  4.26%  1010 11313s
H 1312  1041                    46008.994216 44052.6476  4.25%  1004 11313s
  1431  1260 44560.6980   54 1817 46008.9942 44052.6476  4.25%   954 11523s
  1666  1512 44614.0028   63 1807 46008.9942 44052.6476  4.25%   859 11777s
  1929  1791 44651.2274   74 1769 46008.9942 44052.6476  4.25%   779 11967s
  2221  2071 44735.2190   87 1739 46008.9942 44052.6476  4.25%   706 12213s
  2546  2330 44784.5769  101 1694 46008.9942 44052.6476  4.25%   640 12488s
  2882  2609 44815.6530  117 1617 46008.9942 44052.6476  4.25%   585 14054s
H 2985  2609                    46008.994045 44052.6476  4.25%   570 14054s
H 3093  2609                    46008.993930 44052.6476  4.25%   556 14054s
  3200  2610 45405.2923  129 2065 46008.9939 44052.6476  4.25%   546 16063s
  3202  2611 44596.1332   39 2307 46008.9939 44052.6476  4.25%   546 16106s
  3203  2612 44758.7991   52 2559 46008.9939 44052.6476  4.25%   546 16138s
  3204  2613 44271.6770   20 2513 46008.9939 44052.6476  4.25%   546 16160s
  3205  2613 44955.4061   66 2267 46008.9939 44052.6476  4.25%   545 16186s
  3206  2614 45957.1253   48 2223 46008.9939 44052.6476  4.25%   545 16276s
  3207  2615 45916.9981   85 2132 46008.9939 44052.6476  4.25%   545 16357s
  3208  2615 45909.2896   26 2013 46008.9939 44052.6476  4.25%   545 16433s
  3209  2616 45571.3792   48 2000 46008.9939 44052.6476  4.25%   545 16535s
  3210  2617 44567.9942   58 1985 46008.9939 44052.6476  4.25%   545 16575s
  3211  2617 45847.9652   28 1952 46008.9939 44052.6476  4.25%   544 16616s
  3212  2618 44799.7624   73 1944 46008.9939 44052.6476  4.25%   544 16645s
  3213  2619 45906.8531   60 1946 46008.9939 44052.6476  4.25%   544 16669s
  3214  2619 44992.2013   90 1949 46008.9939 44052.6476  4.25%   544 16734s
  3215  2620 45914.5696   74 1853 46008.9939 44052.6476  4.25%   544 16904s
  3216  2621 44833.2055  111 1856 46008.9939 44052.6476  4.25%   544 16907s
  3217  2621 45961.5570   27 1838 46008.9939 44052.6476  4.25%   543 16910s
  3218  2622 45879.2716   66 1869 46008.9939 44052.6476  4.25%   543 16917s
  3219  2623 45906.8531   60 1850 46008.9939 44052.6476  4.25%   543 17012s
  3220  2623 44412.3009   22 1840 46008.9939 44052.6476  4.25%   543 17102s
  3221  2624 45880.2978   77 1866 46008.9939 44052.6476  4.25%   543 17110s
  3222  2625 44963.8097   83 1832 46008.9939 44052.6476  4.25%   543 17143s
  3223  2625 45940.3376   17 1828 46008.9939 44052.6476  4.25%   542 17250s
  3224  2626 45697.2794   52 1816 46008.9939 44052.6476  4.25%   542 17421s
  3225  2627 45288.3496   19 1835 46008.9939 44052.6476  4.25%   542 17440s
  3226  2627 44535.9399   28 1837 46008.9939 44052.6476  4.25%   542 17470s
  3227  2628 44792.2999   69 1825 46008.9939 44052.6476  4.25%   542 17517s
  3228  2629 44573.8587   12 1826 46008.9939 44052.6476  4.25%   542 17646s
  3229  2629 45831.5301   31 1825 46008.9939 44052.6476  4.25%   541 17684s
  3230  2630 45274.0273   72 1825 46008.9939 44052.6476  4.25%   541 18162s
  3231  2634 45176.3484   16 1761 46008.9939 44052.6476  4.25%   563 18634s
  3233  2633     cutoff   17      46008.9939 44052.6476  4.25%   565 19369s
  3237  2634 44052.6476   18 1826 46008.9939 44052.6476  4.25%   568 20298s
  3241  2636 45085.7778   19 1791 46008.9939 44052.6476  4.25%   572 20353s
  3247  2634 45143.1764   20 1810 46008.9939 44052.6476  4.25%   577 20703s
  3257  2635 45266.8957   21 1802 46008.9939 44239.1785  3.85%   586 20804s
  3267  2634 45369.3938   22 1802 46008.9939 44367.4670  3.57%   594 20895s
  3281  2633 infeasible   23      46008.9939 44409.0101  3.48%   605 21257s
H 3283  2500                    46005.917847 44409.0101  3.47%   605 21257s
H 3284  2374                    45999.350292 44412.2645  3.45%   605 21257s
  3297  2374 44511.6743   24 1795 45999.3503 44436.6594  3.40%   610 21335s
  3317  2385 44612.0969   25 1798 45999.3503 44512.4855  3.23%   616 21411s
  3341  2393 infeasible   26      45999.3503 44539.7950  3.17%   625 22045s
H 3350  2271                    45999.350255 44539.7950  3.17%   626 22045s
H 3353  2157                    45999.350226 44570.7696  3.11%   627 22045s
  3373  2172 45639.3966   27 1802 45999.3502 44570.7696  3.11%   631 22122s
  3405  2189 45643.4663   28 1792 45999.3502 44570.9343  3.11%   633 22153s
  3442  2209 45719.5598   30 1797 45999.3502 44574.8662  3.10%   640 22202s
H 3478  2089                    45980.980361 44575.1456  3.06%   643 22202s
  3479  2118 45762.5642   31 1794 45980.9804 44575.1456  3.06%   643 22268s
  3516  2139 45775.9254   32 1785 45980.9804 44606.6190  2.99%   647 22314s
H 3559  2045                    45980.972413 44607.6715  2.99%   647 23811s
H 3568  1945                    45980.972365 44607.6715  2.99%   647 23811s
H 3578  1850                    45980.916547 44616.4612  2.97%   647 23811s
  3596  1890 45842.5060   34 1784 45980.9165 44616.4612  2.97%   647 23876s
  3658  1895 45855.1773   36 1787 45980.9165 44616.4612  2.97%   647 26388s
H 3660  1807                    45980.916340 44616.4612  2.97%   647 26388s
H 3672  1720                    45980.916330 44616.4612  2.97%   646 26388s
  3694  1731 45860.2619   37 1775 45980.9163 44616.4612  2.97%   646 28025s
H 3699  1651                    45967.971568 44616.4612  2.94%   646 28025s
  3735  1710 45863.3426   38 1774 45967.9716 44616.4612  2.94%   646 28249s
  3839  1722 45888.8758   40 1765 45967.9716 44616.4612  2.94%   643 28427s
  3935  1760 45925.5767   42 1755 45967.9716 44643.4228  2.88%   642 28568s
  4039  1774 44760.8946   28 1782 45967.9716 44654.4207  2.86%   640 28689s
  4136  1818 44816.6335   30 1800 45967.9716 44654.4207  2.86%   641 28827s
  4228  1854 44861.3936   32 1797 45967.9716 44654.4207  2.86%   643 28898s
  4309  1915 44920.3409   34 1793 45967.9716 44654.4207  2.86%   646 28981s
  4415  1975 44983.2363   36 1785 45967.9716 44654.4207  2.86%   643 29097s
  4518  2055 45117.1833   38 1783 45967.9716 44654.4207  2.86%   643 29168s
  4632  2124 45185.4445   41 1781 45967.9716 44654.4207  2.86%   639 29232s
  4739  2217 45198.5070   43 1771 45967.9716 44654.4207  2.86%   637 29293s
  4872  2220 45223.0325   46 1750 45967.9716 44654.4207  2.86%   631 29415s
  4925  2341 45301.9309   48 1743 45967.9716 44654.4207  2.86%   629 29505s
  5072  2430 45441.6974   54 1739 45967.9716 44654.4207  2.86%   621 29584s
  5216  2528 45487.4736   61 1724 45967.9716 44654.4207  2.86%   616 29641s
  5364  2713 45522.0873   67 1699 45967.9716 44654.4207  2.86%   608 29800s
  5616  2846 45571.4077   73 1693 45967.9716 44654.4207  2.86%   595 30158s
  5851  3030 45601.1675   82 1678 45967.9716 44654.4207  2.86%   585 30254s
  6138  3231 45659.4066   89 1656 45967.9716 44654.4207  2.86%   570 30550s
  6471  3418 45681.0100   96 1631 45967.9716 44654.4207  2.86%   555 30685s
  6823  3661 45951.4918   99 1526 45967.9716 44654.4207  2.86%   538 30766s
  7209  3893 45742.4839  108 1611 45967.9716 44654.4207  2.86%   521 30841s
  7625  4082 45798.7661  122 1589 45967.9716 44654.4207  2.86%   504 31040s
  7997  4175 45887.2292  140 1523 45967.9716 44654.4207  2.86%   491 32734s
H 8008  4175                    45967.970297 44654.4207  2.86%   490 32734s
H 8012  4175                    45967.233034 44654.4207  2.86%   490 32734s
H 8016  4175                    45965.614676 44654.4207  2.85%   490 32734s
H 8020  4174                    45963.885790 44654.4207  2.85%   490 32734s
H 8039  4171                    45957.457313 44654.4207  2.84%   490 32735s
H 8055  4169                    45956.028576 44654.4207  2.83%   489 32735s
  8124  4500 45912.5880  144 1528 45956.0286 44660.3257  2.82%   488 32859s
  8475  4903 45403.9444   47 1737 45956.0286 44660.3257  2.82%   480 33187s
  8886  5258 45833.3904   50 1735 45956.0286 44660.3257  2.82%   467 33554s
H 8913  5233                    45947.853215 44660.3257  2.80%   466 33554s
H 9045  5233                    45947.853206 44660.3257  2.80%   463 33554s
  9261  5724     cutoff   62      45947.8532 44680.6776  2.76%   458 33829s
  9840  6021 44792.0374   30 1797 45947.8532 44680.6776  2.76%   442 34088s
 10189  6343 44832.9686   32 1799 45947.8532 44680.6776  2.76%   432 34930s
H10404  6328                    45941.545901 44680.6776  2.74%   431 34930s
H10508  6299                    45935.031597 44680.6776  2.73%   429 34931s
 10518  6936 44838.6074   33 1795 45935.0316 44680.6776  2.73%   429 35008s
 11202  7540 44952.4967   41 1757 45935.0316 44680.6776  2.73%   413 35361s
 11887  7943 45127.3855   50 1733 45935.0316 44680.6776  2.73%   402 36398s
H11928  7910                    45928.594686 44680.6776  2.72%   402 36398s
H11992  7866                    45922.500387 44680.6776  2.70%   401 36398s
H12049  7831                    45919.801110 44680.6776  2.70%   401 36398s
H12159  7822                    45917.775111 44680.6776  2.69%   399 36398s
 12294  8035 45396.7341   56 1620 45917.7751 44680.6776  2.69%   398 37556s
H12349  7980                    45910.765513 44680.6776  2.68%   397 37556s
H12404  7979                    45910.304485 44680.6776  2.68%   397 37556s
H12502  7979                    45910.304252 44680.6776  2.68%   396 37556s
 12517  8736 45458.9041   63 1617 45910.3043 44680.6776  2.68%   395 37725s
 13397  8874 45812.8133   88 1572 45910.3043 44680.6776  2.68%   381 38925s
H13412  8874                    45910.304141 44680.6776  2.68%   381 38925s
H13432  8604                    45894.019384 44680.6776  2.64%   381 38925s
H13506  8562                    45891.415166 44680.6776  2.64%   380 38926s
 13582  8995     cutoff   89      45891.4152 44695.7254  2.61%   378 40200s
H13652  8972                    45889.876161 44695.7254  2.60%   378 40200s
H13829  8949                    45888.528992 44695.7254  2.60%   377 40201s
 14105  9756 44928.2998   35 1770 45888.5290 44695.7254  2.60%   375 40431s
 14977 10366 45149.2706   51 1718 45888.5290 44695.7254  2.60%   367 41280s
H15512 10366                    45888.528975 44695.7254  2.60%   363 41280s
H15569 10366                    45888.528784 44695.7254  2.60%   363 41280s
 15654 11341 45345.5874   67 1690 45888.5288 44695.7254  2.60%   362 41946s
 16715 12171 45584.8370   96 1633 45888.5288 44695.7254  2.60%   352 42368s
 17697 12295 45702.4421  124 1585 45888.5288 44695.7254  2.60%   342 44393s
 17823 13504 45720.3344  128 1567 45888.5288 44695.7254  2.60%   343 44910s
 19136 14626     cutoff  177      45888.5288 44715.8687  2.56%   331 45547s
 20493 14827 44916.7238   45 1732 45888.5288 44715.8687  2.56%   321 47632s
H20500 14827                    45888.528441 44715.8687  2.56%   321 47633s
 20622 14827 44917.5879   36 1778 45888.5284 44715.8687  2.56%   322 47635s
 20776 15480 44998.2966   53 1710 45888.5284 44715.8687  2.56%   322 50541s
 21556 16520 45142.8387   78 1655 45888.5284 44715.8687  2.56%   322 51762s
 22722 18346 45327.5202  120 1541 45888.5284 44715.8687  2.56%   318 52778s
 24665 19267 45550.2499  199 1366 45888.5284 44715.8687  2.56%   305 54403s
 25674 20066 45598.4347  235 1297 45888.5284 44715.8687  2.56%   299 56109s
H26240 20066                    45888.528434 44715.8687  2.56%   296 56110s
 26528 22009 45631.4728  262 1247 45888.5284 44715.8687  2.56%   295 56885s
 28787 22715 45705.4304  335 1099 45888.5284 44715.8687  2.56%   283 58178s
 29579 24418 45738.0962  370 1041 45888.5284 44715.8687  2.56%   279 59541s
 31476 25647 45811.2449  535  769 45888.5284 44715.8687  2.56%   270 61121s
H31500 25450                    45882.372161 44715.8687  2.54%   270 61121s
H32260 25252                    45876.844341 44715.8687  2.53%   267 61121s
 32873 26338 45859.5701  712  463 45876.8443 44749.1226  2.46%   267 63071s
H32900 26338                    45876.844311 44749.1226  2.46%   266 63072s
H33537 26338                    45876.844298 44749.1226  2.46%   265 63072s
 34152 28054 45292.9784   76 1675 45876.8443 44749.1226  2.46%   264 64976s
H34492 28054                    45876.844289 44749.1226  2.46%   263 64977s
 36117 30891 45594.2397  125 1593 45876.8443 44779.8901  2.39%   259 66678s
H37825 30891                    45876.844282 44780.0956  2.39%   256 66679s
 39228 31950 45327.9273   83 1652 45876.8443 44780.0956  2.39%   253 67739s
 39844 31950 45479.2698  144 1533 45876.8443 44780.0956  2.39%   251 67740s
 40436 34539 45334.7765   84 1646 45876.8443 44780.0956  2.39%   248 71105s
 43235 36880 45617.2504  149 1454 45876.8443 44780.0956  2.39%   243 73532s
 45706 40343 45747.3895  215 1335 45876.8443 44794.0305  2.36%   237 76770s
 49555 42483 45038.9047   43 1740 45876.8443 44794.3230  2.36%   228 80200s
 52027 45333 45411.4238   89 1633 45876.8443 44794.3230  2.36%   227 82520s
 55073 47059 45709.8368  163 1416 45876.8443 44794.3230  2.36%   224 84979s
 56394 47059 45840.8404   80 1628 45876.8443 44794.3230  2.36%   222 84980s
 56956 49701 45803.5636  215 1362 45876.8443 44817.7879  2.31%   222 86817s
 59874 52713 45575.7673   72 1542 45876.8443 44830.5841  2.28%   217 90117s
 63334 55853 45587.8938   55 1610 45876.8443 44837.4844  2.27%   214 93496s
 66721 59749 45599.3002   75 1672 45876.8443 44838.9740  2.26%   211 95316s
 70861 62587 45114.6589   55 1699 45876.8443 44838.9740  2.26%   207 96675s
 73911 66452 45212.2834   75 1654 45876.8443 44838.9740  2.26%   204 99357s
H77779 66418                    45876.430181 44838.9740  2.26%   202 99362s
 78240 69761 45446.6810  120 1475 45876.4302 44846.2903  2.25%   201 101143s
H78786 67849                    45863.979201 44846.2903  2.22%   201 101144s
 81991 69835 45272.4778   64 1658 45863.9792 44846.2903  2.22%   199 104366s
H82399 69626                    45863.061057 44846.2903  2.22%   198 104367s
H82915 67923                    45854.735690 44846.2903  2.20%   198 104369s
 84354 70441 45360.0098   82 1626 45854.7357 44846.2903  2.20%   198 107299s
 84464 70441 45645.1242  179 1448 45854.7357 44846.2903  2.20%   198 107300s
H86448 70441                    45854.735606 44846.2903  2.20%   197 107304s
 87273 73048 45754.4066  192 1393 45854.7356 44851.7701  2.19%   197 110254s
 87937 73048 45819.7743  410 1049 45854.7356 44852.4541  2.19%   197 110255s
 90217 77836 45226.5099   75 1685 45854.7356 44852.4541  2.19%   197 114656s
 95723 80775 45826.9514  256 1304 45854.7356 44858.9003  2.17%   195 118663s
 97123 80775 45835.5576  281 1278 45854.7356 44858.9003  2.17%   195 118665s
 98914 84511 45658.0853  102 1584 45854.7356 44862.2688  2.16%   195 122294s
 99275 84511 44919.1169   36 1772 45854.7356 44862.2688  2.16%   195 122295s
H102353 84511                    45854.735595 44862.2688  2.16%   194 122299s
 102783 84511 45816.4000  151 1503 45854.7356 44862.2688  2.16%   194 122300s
 103220 88167 45227.7386   86 1627 45854.7356 44862.2688  2.16%   194 125447s
H104074 87224                    45850.335977 44862.2688  2.15%   194 125454s
 104912 87224 44990.9984   44 1754 45850.3360 44862.2688  2.15%   193 125455s
 107192 89179 45543.3629  167 1433 45850.3360 44862.2688  2.15%   193 128247s
H108919 86514                    45839.515529 44862.2688  2.13%   193 128251s
 109507 90187 45698.4102  273 1268 45839.5155 44868.4339  2.12%   193 131073s

Gurobi 9.1.0 (linux64) logging started Wed Aug  4 11:47:41 2021

Changed value of parameter LogFile to eab_parasitoid_forest_0_0.log
   Prev:   Default: 
Changed value of parameter MIPGap to 0.01
   Prev: 0.0001  Min: 0.0  Max: inf  Default: 0.0001
Changed value of parameter Method to 2
   Prev: -1  Min: -1  Max: 5  Default: -1
Changed value of parameter MIPFocus to 2
   Prev: 0  Min: 0  Max: 3  Default: 0
Changed value of parameter RINS to 100
   Prev: -1  Min: -1  Max: 2000000000  Default: -1
Gurobi Optimizer version 9.1.0 build v9.1.0rc0 (linux64)
Thread count: 32 physical cores, 32 logical processors, using up to 32 threads
Optimize a model with 203386 rows, 134930 columns and 685029 nonzeros
Model fingerprint: 0x72c8e058
Variable types: 55774 continuous, 79156 integer (79156 binary)
Coefficient statistics:
  Matrix range     [2e-04, 1e+06]
  Objective range  [5e-06, 1e+00]
  Bounds range     [1e+00, 6e+03]
  RHS range        [1e-04, 1e+06]
Presolve removed 155586 rows and 100000 columns (presolve time = 6s) ...
Presolve removed 178422 rows and 115609 columns (presolve time = 11s) ...
Presolve removed 183075 rows and 117022 columns (presolve time = 15s) ...
Presolve removed 190549 rows and 124751 columns (presolve time = 21s) ...
Presolve removed 191908 rows and 125268 columns (presolve time = 25s) ...
Presolve removed 192026 rows and 125348 columns (presolve time = 30s) ...
Presolve removed 193495 rows and 126892 columns (presolve time = 35s) ...
Presolve removed 193690 rows and 127035 columns (presolve time = 40s) ...
Presolve removed 193790 rows and 127103 columns (presolve time = 45s) ...
Presolve removed 193797 rows and 127102 columns
Presolve time: 46.59s
Presolved: 9589 rows, 7828 columns, 130940 nonzeros
Variable types: 3397 continuous, 4431 integer (4431 binary)
Presolve removed 12 rows and 12 columns
Presolved: 9577 rows, 7816 columns, 130909 nonzeros

Root barrier log...

Ordering time: 0.97s

Barrier statistics:
 Dense cols : 148
 AA' NZ     : 5.675e+05
 Factor NZ  : 2.712e+06 (roughly 30 MBytes of memory)
 Factor Ops : 2.308e+09 (less than 1 second per iteration)
 Threads    : 31

                  Objective                Residual
Iter       Primal          Dual         Primal    Dual     Compl     Time
   0   6.21754738e+03 -7.58072814e+04  2.42e+04 7.99e-01  2.98e+02    51s
   1   4.42107035e+03 -8.67013363e+04  1.66e+04 1.57e+00  1.96e+02    51s
   2   1.12141066e+03 -8.31432971e+04  1.64e+03 6.78e-12  2.30e+01    51s
   3   6.25464827e+02 -4.75671790e+04  2.19e+02 3.42e-12  4.17e+00    52s
   4   4.96544508e+02 -1.89753750e+04  3.70e+01 1.34e-12  1.00e+00    52s
   5   4.70228650e+02 -7.51693984e+03  1.07e+01 5.41e-13  3.59e-01    52s
   6   4.51929604e+02 -2.64015364e+03  2.87e+00 1.76e-13  1.31e-01    52s
   7   4.31118026e+02 -3.64016767e+02  1.86e-03 4.22e-14  3.22e-02    52s
   8   4.21493240e+02  2.46083177e+02  5.59e-04 7.99e-15  7.07e-03    53s
   9   4.12821099e+02  3.49436868e+02  1.58e-04 4.55e-15  2.55e-03    53s
  10   4.10236313e+02  3.69908108e+02  6.52e-05 3.28e-15  1.62e-03    53s
  11   4.08501855e+02  3.91371211e+02  2.37e-05 1.78e-15  6.89e-04    53s
  12   4.07435979e+02  3.99739350e+02  1.05e-05 8.88e-16  3.09e-04    53s
  13   4.06728777e+02  4.03126103e+02  3.77e-06 8.88e-16  1.45e-04    53s
  14   4.06361487e+02  4.05230706e+02  9.30e-07 8.88e-16  4.54e-05    54s
  15   4.06258858e+02  4.05685410e+02  3.57e-07 1.78e-15  2.30e-05    54s
  16   4.06244674e+02  4.05809365e+02  2.88e-07 8.88e-16  1.75e-05    54s
  17   4.06214899e+02  4.06007729e+02  1.40e-07 8.88e-16  8.33e-06    54s
  18   4.06203185e+02  4.06078316e+02  8.73e-08 8.88e-16  5.02e-06    54s
  19   4.06196833e+02  4.06133316e+02  5.96e-08 1.78e-15  2.55e-06    55s
  20   4.06190170e+02  4.06150251e+02  3.14e-08 8.88e-16  1.60e-06    55s
  21   4.06187326e+02  4.06160465e+02  1.85e-08 8.88e-16  1.08e-06    55s
  22   4.06186452e+02  4.06165076e+02  1.46e-08 8.88e-16  8.59e-07    55s
  23   4.06185534e+02  4.06170787e+02  1.06e-08 1.78e-15  5.93e-07    55s
  24   4.06183628e+02  4.06176279e+02  2.87e-09 4.44e-16  2.95e-07    55s
  25   4.06183431e+02  4.06178969e+02  2.16e-09 8.88e-16  1.79e-07    56s
  26   4.06183188e+02  4.06180823e+02  1.02e-09 8.88e-16  9.50e-08    56s
  27   4.06182995e+02  4.06181422e+02  3.78e-10 8.88e-16  6.32e-08    56s
  28   4.06182935e+02  4.06182139e+02  1.86e-10 8.88e-16  3.20e-08    56s
  29   4.06182910e+02  4.06182488e+02  1.22e-10 8.88e-16  1.70e-08    56s
  30   4.06182894e+02  4.06182583e+02  8.50e-11 8.88e-16  1.25e-08    56s
  31   4.06182870e+02  4.06182673e+02  2.61e-11 1.55e-15  7.91e-09    57s
  32   4.06182868e+02  4.06182732e+02  2.18e-11 1.78e-15  5.47e-09    57s
  33   4.06182861e+02  4.06182784e+02  7.58e-12 8.88e-16  3.10e-09    57s
  34   4.06182859e+02  4.06182843e+02  2.48e-13 8.88e-16  6.52e-10    57s
  35   4.06182858e+02  4.06182844e+02  1.21e-13 1.78e-15  5.74e-10    57s
  36   4.06182858e+02  4.06182853e+02  1.69e-14 8.88e-16  2.02e-10    58s
  37   4.06182858e+02  4.06182856e+02  1.80e-14 6.89e-14  9.85e-11    58s

Barrier solved model in 37 iterations and 57.68 seconds
Optimal objective 4.06182858e+02


Root crossover log...

     495 DPushes remaining with DInf 0.0000000e+00                58s
       0 DPushes remaining with DInf 0.0000000e+00                58s

    3903 PPushes remaining with PInf 0.0000000e+00                58s
       0 PPushes remaining with PInf 0.0000000e+00                58s

  Push phase complete: Pinf 0.0000000e+00, Dinf 6.6509722e-03     58s


Root simplex log...

Iteration    Objective       Primal Inf.    Dual Inf.      Time
    4252    4.0618286e+02   0.000000e+00   6.650972e-03     59s
    4262    4.0618286e+02   0.000000e+00   0.000000e+00     59s
    4262    4.0618286e+02   0.000000e+00   0.000000e+00     59s

Root relaxation: objective 4.061829e+02, 4262 iterations, 10.69 seconds
Total elapsed time = 60.45s

    Nodes    |    Current Node    |     Objective Bounds      |     Work
 Expl Unexpl |  Obj  Depth IntInf | Incumbent    BestBd   Gap | It/Node Time

     0     0  406.18286    0 2185          -  406.18286      -     -   62s
     0     0  412.60519    0 2508          -  412.60519      -     -   77s
     0     0  414.21150    0 2580          -  414.21150      -     -   94s
     0     0  414.46979    0 2550          -  414.46979      -     -  100s
     0     0  414.49334    0 2555          -  414.49334      -     -  103s
     0     0  414.49379    0 2562          -  414.49379      -     -  104s
     0     0  417.36320    0 2551          -  417.36320      -     -  147s
H    0     0                     553.7094380  417.36320  24.6%     -  169s
H    0     0                     553.6938686  417.36320  24.6%     -  169s
H    0     0                     553.6040556  417.36320  24.6%     -  169s
     0     0  420.04471    0 2512  553.60406  420.04471  24.1%     -  171s
     0     0  421.38588    0 2367  553.60406  421.38588  23.9%     -  186s
     0     0  421.58933    0 2358  553.60406  421.58933  23.8%     -  192s
     0     0  421.60979    0 2346  553.60406  421.60979  23.8%     -  193s
     0     0  421.61614    0 2347  553.60406  421.61614  23.8%     -  194s
     0     0  421.61644    0 2347  553.60406  421.61644  23.8%     -  195s
     0     0  423.46640    0 2275  553.60406  423.46640  23.5%     -  213s
     0     0  423.78902    0 2230  553.60406  423.78902  23.4%     -  217s
     0     0  423.82711    0 2210  553.60406  423.82711  23.4%     -  218s
     0     0  423.83206    0 2232  553.60406  423.83206  23.4%     -  219s
     0     0  424.79187    0 2178  553.60406  424.79187  23.3%     -  235s
H    0     0                     553.1792140  424.79187  23.2%     -  235s
     0     0  424.86882    0 2180  553.17921  424.86882  23.2%     -  238s
     0     0  424.87420    0 2171  553.17921  424.87420  23.2%     -  239s
     0     0  425.05713    0 2143  553.17921  425.05713  23.2%     -  251s
     0     0  425.09612    0 2109  553.17921  425.09612  23.2%     -  259s
     0     0  425.10514    0 2117  553.17921  425.10514  23.2%     -  262s
H    0     0                     506.3540628  425.10514  16.0%     -  270s
H    0     0                     506.3528108  425.10514  16.0%     -  270s
H    0     0                     506.3517075  425.10514  16.0%     -  270s
     0     0  425.64701    0 2075  506.35171  425.64701  15.9%     -  277s
     0     0  425.83077    0 2096  506.35171  425.83077  15.9%     -  281s
     0     0  425.91379    0 2103  506.35171  425.91379  15.9%     -  291s
     0     0  425.92311    0 2094  506.35171  425.92311  15.9%     -  302s
     0     0  426.19154    0 2075  506.35171  426.19154  15.8%     -  345s
     0     0  426.28576    0 2068  506.35171  426.28576  15.8%     -  355s
H    0     0                     470.3905047  426.28576  9.38%     -  372s
     0     0  426.32037    0 2078  470.39050  426.32037  9.37%     -  373s
     0     0  426.32645    0 2077  470.39050  426.32645  9.37%     -  395s
     0     0  426.49185    0 2041  470.39050  426.49185  9.33%     -  423s
     0     0  426.52801    0 2064  470.39050  426.52801  9.32%     -  450s
     0     0  426.53656    0 2058  470.39050  426.53656  9.32%     -  492s
     0     0  426.64307    0 2014  470.39050  426.64307  9.30%     -  581s
     0     0  426.64307    0 2013  470.39050  426.64307  9.30%     -  595s
H    0     0                     469.0909284  426.64307  9.05%     -  986s
     0     2  426.64307    0 2013  469.09093  426.64307  9.05%     -  989s
     1     4  442.87052    1 1998  469.09093  426.64337  9.05%  4424  995s
     3     8  452.98042    2 2018  469.09093  426.91802  8.99%  2938 1028s
     7    16  465.19891    3 2015  469.09093  427.44289  8.88%  4288 1105s
    15    30     cutoff    4       469.09093  428.26156  8.70%  4632 1204s
H   31    52                     469.0909280  429.58273  8.42%  5785 1343s
    61    82  430.69027    6 2000  469.09093  430.57730  8.21%  5819 1494s
    93   114  431.02308    7 1984  469.09093  430.68595  8.19%  4883 1619s
   125   146  431.13542    8 1982  469.09093  430.75578  8.17%  4424 1722s
H  157   176                     465.7856721  430.75578  7.52%  3996 1928s
   189   196  431.63084   10 1983  465.78567  430.75578  7.52%  3810 2120s
H  229   219                     465.7682175  430.75578  7.52%  3496 2518s
H  229   219                     464.1498591  430.75578  7.19%  3496 2518s
H  230   219                     463.4972569  430.75578  7.06%  3506 2518s
H  231   219                     462.4993200  430.75578  6.86%  3513 2518s
H  247   219                     462.1317430  430.75578  6.79%  3477 2518s
   264   243  453.55241   12 1887  462.13174  430.75578  6.79%  3423 2735s
   301   269     cutoff   13       462.13174  430.75578  6.79%  3450 2885s
   343   309     cutoff   13       462.13174  430.75578  6.79%  3436 3143s
   397   355     cutoff   12       462.13174  430.75578  6.79%  3220 3339s
H  399   355                     462.1317183  430.75578  6.79%  3218 3339s
   457   413  451.19771   15 1900  462.13172  430.75578  6.79%  2976 3501s
   521   492  451.30807   17 1892  462.13172  430.75578  6.79%  2779 3658s
   606   520  451.63838   20 1890  462.13172  430.75578  6.79%  2523 4193s
   640   609  452.06591   21 1880  462.13172  430.75578  6.79%  2457 4259s
   743   684  452.87782   25 1874  462.13172  430.75578  6.79%  2239 4353s
   846   755  459.74598   29 1832  462.13172  430.75578  6.79%  2072 4455s
   949   843  459.88590   34 1822  462.13172  430.75578  6.79%  1940 4512s
  1067   958  460.44187   40 1818  462.13172  430.75578  6.79%  1802 4555s
  1211  1047  460.62357   47 1815  462.13172  430.75578  6.79%  1652 4596s
  1343  1124  461.53696   52 1807  462.13172  430.75578  6.79%  1567 4715s
  1468  1225  462.04567   61 1776  462.13172  430.88063  6.76%  1502 4816s
  1630  1344  436.13774    8 1982  462.13172  430.88063  6.76%  1414 4961s
  1773  1462  436.80923   10 1984  462.13172  430.88063  6.76%  1356 5153s
  1933  1598  436.90274   11 1980  462.13172  430.88063  6.76%  1300 5255s
  2106  1744  440.86500   13 1907  462.13172  430.88063  6.76%  1247 5446s
  2293  1848  440.89198   14 1899  462.13172  430.88063  6.76%  1191 6765s
H 2388  1848                     462.1310909  430.88063  6.76%  1179 6765s
H 2439  1848                     462.1310836  430.88063  6.76%  1163 6765s
  2462  2007  441.20363   18 1895  462.13108  430.88063  6.76%  1155 6940s
  2684  2158  441.60565   22 1863  462.13108  430.88063  6.76%  1113 8254s
H 2708  2150                     462.0311465  430.88063  6.74%  1108 8254s
  2894  2150  451.46420   15 2013  462.03115  430.88063  6.74%  1082 12344s
H 2895  2043                     462.0311431  430.88063  6.74%  1082 12372s
H 2895  1941                     462.0311421  430.88063  6.74%  1082 12372s
  2897  1942  449.81975   29 2529  462.03114  430.88063  6.74%  1081 12402s
  2898  1943  454.20279   98 2442  462.03114  430.88063  6.74%  1081 12458s
  2899  1943  448.21731   23 2318  462.03114  430.88063  6.74%  1081 12535s
  2900  1944  457.86113   53 2261  462.03114  430.88063  6.74%  1080 12566s
  2901  1945  455.59922   33 2104  462.03114  430.88063  6.74%  1080 12592s
  2902  1945  441.98154   24 2022  462.03114  430.88063  6.74%  1079 12616s
  2903  1946  460.48777  113 1983  462.03114  430.88063  6.74%  1079 12624s
  2904  1947  462.01178  120 1972  462.03114  430.88063  6.74%  1079 12643s
  2905  1947  456.18672   25 1974  462.03114  430.88063  6.74%  1078 12677s
  2906  1948  459.00304   40 2004  462.03114  430.88063  6.74%  1078 12697s
  2907  1949  450.85512  141 1975  462.03114  430.88063  6.74%  1078 12710s
H 2907  1851                     462.0311297  430.88063  6.74%  1078 12715s
  2908  1851  449.49479   55 1988  462.03113  430.88063  6.74%  1077 12727s
  2909  1852  453.55364   72 1985  462.03113  430.88063  6.74%  1077 12742s
  2910  1853  460.62362   37 2005  462.03113  430.88063  6.74%  1076 12758s
  2911  1853  460.15037   54 1872  462.03113  430.88063  6.74%  1076 12918s
  2912  1854  456.68844   23 1857  462.03113  430.88063  6.74%  1076 12965s
  2913  1855  460.62358   48 1856  462.03113  430.88063  6.74%  1075 12978s
  2914  1855  457.10056   45 1858  462.03113  430.88063  6.74%  1075 13002s
  2915  1856  448.23777   24 1850  462.03113  430.88063  6.74%  1075 13014s
  2916  1857  456.28740   27 1864  462.03113  430.88063  6.74%  1074 13063s
  2917  1857  453.51254    7 1845  462.03113  430.88063  6.74%  1074 13216s
  2918  1858  459.44583   86 1858  462.03113  430.88063  6.74%  1073 13242s
  2919  1859  458.25715   54 1842  462.03113  430.88063  6.74%  1073 13265s
  2920  1859  455.20498   11 1840  462.03113  430.88063  6.74%  1073 13289s
  2921  1860  448.41049   22 1850  462.03113  430.88063  6.74%  1072 13299s
  2922  1861  456.53686    8 1832  462.03113  430.88063  6.74%  1072 13363s
  2923  1861  459.39833   77 1887  462.03113  433.37482  6.20%  1072 13454s
  2924  1862  461.94313   92 1877  462.03113  433.37482  6.20%  1071 13465s
  2925  1863  453.73419   46 1872  462.03113  433.37482  6.20%  1071 13494s
  2926  1863  460.47772   77 1860  462.03113  433.37482  6.20%  1071 13568s
  2927  1864  457.94080   31 1862  462.03113  433.37482  6.20%  1070 13579s
  2928  1865  448.78926   24 1854  462.03113  433.37482  6.20%  1070 13582s
  2929  1865  451.83832  141 1853  462.03113  433.37482  6.20%  1069 13619s
  2930  1866  455.83470   18 1838  462.03113  433.37482  6.20%  1069 13680s
  2931  1867  461.50163   20 1837  462.03113  433.37482  6.20%  1069 13713s
H 2931  1773                     461.8827561  433.37482  6.17%  1069 14211s
H 2931  1684                     461.8827166  433.37482  6.17%  1069 14211s
H 2932  1601                     461.8827147  433.37482  6.17%  1095 14217s
  2933  1603  451.38239   13 1739  461.88271  433.37482  6.17%  1096 15291s
