
Gurobi 9.1.0 (linux64) logging started Thu Dec 30 15:46:57 2021

Changed value of parameter LogFile to eab_parasitoid_0.6_2_0_bud.log
   Prev:   Default: 
Changed value of parameter MIPGap to 0.01
   Prev: 0.0001  Min: 0.0  Max: inf  Default: 0.0001
Changed value of parameter MIPFocus to 1
   Prev: 0  Min: 0  Max: 3  Default: 0
Changed value of parameter RINS to 100
   Prev: -1  Min: -1  Max: 2000000000  Default: -1
Changed value of parameter TimeLimit to 28800.0
   Prev: inf  Min: 0.0  Max: inf  Default: inf
Changed value of parameter NodeFileStart to 10000.0
   Prev: inf  Min: 0.0  Max: inf  Default: inf
Changed value of parameter Threads to 4
   Prev: 0  Min: 0  Max: 1024  Default: 0
Changed value of parameter Heuristics to 1.0
   Prev: 0.05  Min: 0.0  Max: 1.0  Default: 0.05
Gurobi Optimizer version 9.1.0 build v9.1.0rc0 (linux64)
Thread count: 32 physical cores, 32 logical processors, using up to 4 threads
Optimize a model with 381543 rows, 174513 columns and 1305866 nonzeros
Model fingerprint: 0x12d6eae1
Variable types: 77367 continuous, 97146 integer (97146 binary)
Coefficient statistics:
  Matrix range     [1e-04, 6e+03]
  Objective range  [1e-06, 1e-01]
  Bounds range     [1e+00, 6e+03]
  RHS range        [1e-04, 7e+03]

User MIP start produced solution with objective 703.792 (6.15s)
User MIP start produced solution with objective 703.504 (6.50s)
User MIP start produced solution with objective 703.384 (6.81s)
Loaded user MIP start with objective 703.384
Processed MIP start in 6.84 seconds

Presolve removed 196654 rows and 78566 columns (presolve time = 5s) ...
Presolve removed 258089 rows and 103433 columns
Presolve time: 8.77s
Presolved: 123454 rows, 71080 columns, 632742 nonzeros
Variable types: 32523 continuous, 38557 integer (38557 binary)

Deterministic concurrent LP optimizer: primal and dual simplex (primal and dual model)
Showing first log only...

Presolve removed 114 rows and 97 columns
Presolved: 123340 rows, 70983 columns, 632463 nonzeros


Root simplex log...

Iteration    Objective       Primal Inf.    Dual Inf.      Time
       0    1.2022491e+02   3.176143e+02   2.287286e+09     16s
Concurrent spin time: 0.04s

Solved with dual simplex (primal model)

Root relaxation: objective 1.083134e+02, 5544 iterations, 0.91 seconds

    Nodes    |    Current Node    |     Objective Bounds      |     Work
 Expl Unexpl |  Obj  Depth IntInf | Incumbent    BestBd   Gap | It/Node Time

     0     0  108.31336    0 1294  703.38353  108.31336  84.6%     -   21s
     0     0  108.97496    0 2200  703.38353  108.97496  84.5%     -   28s
     0     0  109.19767    0 2288  703.38353  109.19767  84.5%     -   32s
     0     0  109.55976    0 2684  703.38353  109.55976  84.4%     -   37s
H    0     0                     703.3820469  109.55976  84.4%     -   41s
     0     0  109.56144    0 2695  703.38205  109.56144  84.4%     -   42s
     0     0  109.56176    0 2721  703.38205  109.56176  84.4%     -   43s
     0     0  109.56190    0 2720  703.38205  109.56190  84.4%     -   43s
     0     0  109.56190    0 2720  703.38205  109.56190  84.4%     -   43s
     0     0  110.20464    0 2556  703.38205  110.20464  84.3%     -   50s
     0     0  110.59410    0 2668  703.38205  110.59410  84.3%     -   53s
     0     0  110.59810    0 2648  703.38205  110.59810  84.3%     -   53s
     0     0  110.59858    0 2653  703.38205  110.59858  84.3%     -   54s
     0     0  110.59889    0 2663  703.38205  110.59889  84.3%     -   54s
     0     0  110.59892    0 2662  703.38205  110.59892  84.3%     -   54s
     0     0  110.75819    0 2606  703.38205  110.75819  84.3%     -   58s
     0     0  110.76599    0 2580  703.38205  110.76599  84.3%     -   61s
     0     0  110.76631    0 2585  703.38205  110.76631  84.3%     -   62s
     0     0  110.76634    0 2583  703.38205  110.76634  84.3%     -   62s
     0     0  110.77187    0 2572  703.38205  110.77187  84.3%     -   66s
     0     2  110.77187    0 2571  703.38205  110.77187  84.3%     -  149s
     1     4  142.53912    1 2529  703.38205  110.77187  84.3%  6439  151s
     3     8  151.48842    2 2580  703.38205  110.78134  84.3%  3214  155s
    11    14  179.07654    3 2460  703.38205  111.41271  84.2%  1964  161s
    19    22  179.10967    5 2452  703.38205  111.42838  84.2%  1300  166s
H   23    26                     572.1167100  111.43370  80.5%  1094  169s
H   26    26                     519.4834267  111.44198  78.5%   983  169s
    27    30  179.13670    7 2420  519.48343  111.44198  78.5%   988  255s
    31    34  179.13995    8 2440  519.48343  111.46152  78.5%   879  262s
H   33    34                     470.5172374  111.46152  76.3%   830  262s
H   35    38                     437.6407029  111.46302  74.5%   798  269s
H   36    38                     418.8458143  111.46302  73.4%   794  269s
H   37    38                     397.0268473  111.46302  71.9%   774  269s
    39    45  179.16950   10 2479  397.02685  111.46302  71.9%   766  270s
    56    63  179.28306   12 2536  397.02685  111.46302  71.9%   573  276s
H   63    63                     190.1128632  111.46302  41.4%   519  276s
    80    95  179.98079   19 2320  190.11286  111.46302  41.4%   576  280s
H  100    99                     190.1128625  111.46302  41.4%   479  376s
H  116   115                     186.0222911  111.46302  40.1%   433  382s
H  117   115                     183.3656716  111.46302  39.2%   430  382s
H  119   115                     168.2385056  111.46302  33.7%   423  382s
   120   116     cutoff   28       168.23851  111.47764  33.7%   420  386s
H  123   116                     163.7518811  111.47764  31.9%   410  386s
H  124   116                     162.4939963  111.47764  31.4%   415  386s
H  127   120                     162.3122788  111.47764  31.3%   408  391s
H  128   120                     160.7904585  111.47764  30.7%   409  391s
H  147   140                     160.0092878  111.47764  30.3%   393  400s
H  148   140                     117.0874684  111.47764  4.79%   393  400s
H  172   167                     117.0853238  111.47764  4.79%   374  411s
H  182   167                     117.0592523  111.47764  4.77%   363  411s
H  188   167                     117.0515351  111.47764  4.76%   352  411s
   195   185  112.08364   17 1919  117.05154  111.47764  4.76%   353  462s
H  206   185                     116.8189237  111.47764  4.57%   346  462s
   213   202  112.64339   18 1997  116.81892  111.47764  4.57%   349  465s
H  216   202                     116.8161304  111.47764  4.57%   351  465s
H  234   205                     116.8159171  111.47764  4.57%   337  471s
H  235   205                     116.8019315  111.47764  4.56%   336  471s
H  239   207                     116.7990820  111.47764  4.56%   332  477s
H  244   207                     116.7989301  111.47764  4.56%   327  477s
   245   252  112.40313   20 2230  116.79893  111.47764  4.56%   326  480s
H  269   252                     116.7938548  111.47764  4.55%   300  480s
   297   232  112.45818   33 2193  116.79385  111.47764  4.55%   278  487s
H  300   232                     116.7461526  111.47764  4.51%   275  487s
H  322   224                     116.7402576  111.47764  4.51%   265  491s
H  331   224                     116.7258115  111.47764  4.50%   267  491s
   334   250  112.54551   38 2122  116.72581  111.47764  4.50%   268  496s
   371   237  112.87208   50 1893  116.72581  111.47764  4.50%   262  500s
H  379   237                     116.7074280  111.47764  4.48%   258  500s
   415   217  112.76843   59 1816  116.70743  111.47764  4.48%   245  531s
H  419   236                     116.7063408  111.47764  4.48%   243  535s
H  423   236                     116.7047197  111.47764  4.48%   242  535s
H  516   305                     116.7042584  111.47764  4.48%   208  548s
H  519   304                     116.6933831  111.47764  4.47%   207  548s
H  520   244                     114.5686712  111.47764  2.70%   206  568s
   524   246  112.92466   75 1813  114.56867  111.47764  2.70%   205  573s
H  525   246                     114.5679743  111.47764  2.70%   204  573s
   531   266  112.92679   76 1814  114.56797  111.47764  2.70%   203  577s
H  535   266                     114.5679108  111.47764  2.70%   202  577s
H  554   269                     114.5593419  111.47764  2.69%   196  588s
H  555   269                     114.5488467  111.47764  2.68%   196  588s
   559   331  112.93811   77 1844  114.54885  111.47764  2.68%   197  594s
H  626   334                     114.5487813  111.47764  2.68%   182  607s
H  627   334                     114.5487160  111.47764  2.68%   182  607s
H  630   334                     114.5147158  111.47764  2.65%   181  607s
   631   412  113.01740   90 1589  114.51472  111.47764  2.65%   181  621s
H  679   412                     114.5132191  111.47764  2.65%   169  621s
H  705   412                     114.5122646  111.47764  2.65%   163  621s
H  712   451                     114.5121988  111.47764  2.65%   165  628s
H  713   451                     114.5115759  111.47764  2.65%   165  628s
H  723   451                     114.4827565  111.47764  2.62%   163  628s
H  733   450                     114.4068561  111.47764  2.56%   160  628s
H  751   453                     114.4067903  111.47764  2.56%   157  639s
H  755   453                     114.3908635  111.47764  2.55%   156  639s
   756   504  113.06736  106 1564  114.39086  111.47764  2.55%   157  646s
   811   575  113.10074  110 1556  114.39086  111.47764  2.55%   152  657s
   901   600  113.13658  125 1530  114.39086  111.47764  2.55%   142  678s
   929   633  113.22175  126 1530  114.39086  111.47764  2.55%   138  685s
   964   681  113.15733  135 1457  114.39086  111.47764  2.55%   134  693s
  1018   693  113.15702  137 1473  114.39086  111.47764  2.55%   131  701s
  1036   694  112.98411  145 2572  114.39086  111.47764  2.55%   128  726s
  1038   695  113.07700  104 1339  114.39086  111.47764  2.55%   128  735s
  1039   696  113.00120  128 2006  114.39086  111.59865  2.44%   128  747s
  1040   697  113.07738   92 2372  114.39086  111.86726  2.21%   128  751s
  1043   699  113.20030   23 2285  114.39086  111.93167  2.15%   128  755s
  1044   699  113.13785  111 2322  114.39086  112.37662  1.76%   127  760s
  1047   701  113.39918  253 2313  114.39086  112.44615  1.70%   127  765s
  1049   703  113.45200  289 2063  114.39086  112.52405  1.63%   127  770s
  1051   704  113.29124  194 2043  114.39086  112.54718  1.61%   127  777s
  1053   705  112.79982   96 2193  114.39086  112.55731  1.60%   126  781s
H 1053   669                     114.3907121  112.55731  1.60%   126  786s
H 1053   635                     114.2660747  112.55731  1.50%   126  839s
  1055   638  112.80497   14 2377  114.26607  112.80375  1.28%   165  847s
  1057   639  112.81809   15 2355  114.26607  112.80497  1.28%   167  850s
  1063   645  113.88766   17 2191  114.26607  112.88589  1.21%   174  855s
  1071   646  113.91475   18 2188  114.26607  112.88589  1.21%   184  860s
H 1075   617                     114.2583288  112.88589  1.20%   184  865s
H 1078   586                     114.2565055  112.88589  1.20%   185  865s
H 1086   561                     114.2553123  112.88589  1.20%   189  869s
  1088   569  113.95603   20 2009  114.25531  112.88589  1.20%   189  870s
H 1096   541                     114.2551810  112.88589  1.20%   189  873s
  1100   544  113.98165   21 2006  114.25518  112.88589  1.20%   188  878s
H 1104   516                     114.2544869  112.88589  1.20%   188  878s
H 1117   501                     114.2113554  112.88589  1.16%   187  883s
  1131   511  114.06339   25 1967  114.21136  112.88589  1.16%   187  885s
  1154   517     cutoff   28       114.21136  112.88589  1.16%   189  899s
  1159   528  114.19080   28 1736  114.21136  112.88589  1.16%   189  900s
  1198   532  112.98653   18 2048  114.21136  112.90224  1.15%   187  906s
H 1202   511                     114.2113553  112.90224  1.15%   187  908s
H 1203   488                     114.2113553  112.90224  1.15%   187  908s
  1206   491  113.07979   20 1996  114.21136  112.90224  1.15%   187  912s
  1225   514  113.14937   25 1988  114.21136  112.90224  1.15%   185  917s
  1263   538  113.20192   32 1889  114.21136  112.90224  1.15%   182  923s
H 1304   533                     114.2097590  112.90224  1.14%   178  928s
H 1305   511                     114.2092887  112.90224  1.14%   178  928s
H 1306   492                     114.2089295  112.90224  1.14%   178  928s
  1308   502  113.25283   38 1872  114.20893  112.90224  1.14%   178  932s
H 1313   483                     114.2088884  112.90224  1.14%   177  932s
  1353   501  113.28240   43 1929  114.20889  112.90224  1.14%   174  943s
  1357   528  113.27098   42 1832  114.20889  112.90224  1.14%   173  945s
H 1446   532                     114.2008111  112.90224  1.14%   165  959s
H 1448   516                     114.1970896  112.90224  1.13%   164  959s
  1450   557  113.45333   60 1772  114.19709  112.90224  1.13%   164  962s
H 1494   527                     114.1916434  112.90224  1.13%   161  968s
H 1495   512                     114.1871915  112.90224  1.13%   161  968s
  1498   523  113.46090   70 1582  114.18719  112.90224  1.13%   161  971s
  1553   544  113.53457   78 1556  114.18719  112.90224  1.13%   157  984s
  1557   586  113.53464   79 1556  114.18719  112.90224  1.13%   157  987s
  1601   576  113.56098   89 1550  114.18719  112.90224  1.13%   153  995s
  1605   595  113.56208   90 1536  114.18719  112.90224  1.13%   153 1000s
  1626   609  113.56954   95 1526  114.18719  112.90224  1.13%   151 1005s
  1687   659  113.59117  103 1490  114.18719  112.90224  1.13%   146 1011s
  1720   665  113.62997  102 1459  114.18719  112.90224  1.13%   144 1016s
H 1740   648                     114.1871882  112.90224  1.13%   143 1021s
H 1741   635                     114.1871501  112.90224  1.13%   143 1021s
  1805   681  113.64751  111 1395  114.18715  112.90224  1.13%   139 1028s
  1814   749  113.63462  111 1394  114.18715  112.90224  1.13%   139 1039s
H 1890   780                     114.1871500  112.90224  1.13%   135 1045s
H 1894   780                     114.1871500  112.90224  1.13%   135 1045s
H 1905   780                     114.1871500  112.90224  1.13%   134 1045s
  1923   837  113.70721  119 1375  114.18715  112.90224  1.13%   133 1051s
H 1955   837                     114.1828243  112.90224  1.12%   132 1051s
H 1988   862                     114.1748958  112.90224  1.11%   131 1056s
H 2000   862                     114.1715841  112.90224  1.11%   130 1056s
H 2019   878                     114.1708818  112.90224  1.11%   129 1068s
H 2024   878                     114.1687596  112.90224  1.11%   129 1068s
H 2033   869                     114.1101262  112.90224  1.06%   128 1068s
  2039   873  113.72989  136 1443  114.11013  112.90224  1.06%   128 1078s
  2044   925  113.73889  137 1353  114.11013  112.90224  1.06%   128 1085s
H 2060   924                     114.1065864  112.90224  1.06%   127 1085s
  2107   937  113.75544  149 1302  114.10659  112.90224  1.06%   125 1093s
  2128   955  113.75918  150 1302  114.10659  112.90224  1.06%   130 1102s
  2150  1013  113.76836  155 1295  114.10659  112.90224  1.06%   129 1108s
  2213  1059  113.85041  167 1250  114.10659  112.90224  1.06%   126 1115s
  2271  1095  113.85974  180 1238  114.10659  112.90224  1.06%   123 1122s
H 2287  1095                     114.1065769  112.90224  1.06%   123 1122s
H 2303  1095                     114.1065767  112.90224  1.06%   122 1122s
H 2316  1095                     114.1051718  112.90224  1.05%   122 1122s
H 2331  1133                     114.0998251  112.90224  1.05%   122 1131s
  2380  1216  113.91021  200 1196  114.09983  112.90224  1.05%   120 1138s
  2468  1300  113.91704  212 1185  114.09983  112.90224  1.05%   117 1145s
  2560  1362  113.93149  229 1142  114.09983  112.90224  1.05%   113 1152s
  2634  1390  113.94460  238 1128  114.09983  112.90224  1.05%   111 1159s
H 2640  1390                     114.0998208  112.90224  1.05%   111 1159s
H 2648  1390                     114.0997251  112.90224  1.05%   111 1159s
H 2658  1387                     114.0960061  112.90224  1.05%   111 1159s
  2669  1461 infeasible  244       114.09601  112.90224  1.05%   110 1170s
H 2693  1460                     114.0959496  112.90224  1.05%   111 1170s
H 2770  1460                     114.0959495  112.90224  1.05%   108 1170s
  2773  1538  113.96320  247 1128  114.09595  112.90224  1.05%   108 1184s
H 2796  1538                     114.0956443  112.90224  1.05%   107 1184s
H 2854  1537                     114.0940998  112.90224  1.04%   107 1184s
  2855  1621  113.97559  253 1113  114.09410  112.90224  1.04%   107 1197s
  2960  1727  113.98476  263 1098  114.09410  112.90224  1.04%   104 1207s
H 3046  1720                     114.0896420  112.90224  1.04%   102 1207s
H 3082  1804                     114.0886522  112.90224  1.04%   101 1219s
H 3153  1804                     114.0881434  112.90224  1.04%   100 1219s
  3178  1905  114.00749  307 1015  114.08814  112.90224  1.04%  99.0 1230s
H 3283  1905                     114.0881284  112.90224  1.04%  97.1 1230s
H 3305  1900                     114.0841836  112.90224  1.04%  96.5 1230s
H 3306  2002                     114.0835011  112.90224  1.04%  96.4 1242s
  3416  2150  114.02722  330  961  114.08350  112.90224  1.04%  94.8 1252s
H 3518  2150                     114.0834983  112.90224  1.04%  92.9 1252s
H 3569  2247                     114.0834920  112.90224  1.04%  91.7 1265s
H 3570  2247                     114.0834906  112.90224  1.04%  91.7 1265s
H 3571  2245                     114.0832702  112.90224  1.04%  91.7 1265s
H 3600  2188                     114.0541052  112.90224  1.01%  91.0 1265s
  3668  2296     cutoff  341       114.05411  112.91895  1.00%  90.1 1278s
H 3695  2296                     114.0540739  112.91895  1.00%  93.2 1278s
H 3713  2296                     114.0540332  112.91895  1.00%  92.8 1278s

Cutting planes:
  Learned: 49
  Gomory: 16
  Cover: 215
  Implied bound: 474
  Clique: 142
  MIR: 738
  StrongCG: 1
  Flow cover: 1224
  GUB cover: 5
  Zero half: 3
  RLT: 846
  Relax-and-lift: 334

Explored 3819 nodes (378006 simplex iterations) in 1278.48 seconds
Thread count was 4 (of 32 available processors)

Solution count 10: 114.054 114.054 114.054 ... 114.088

Optimal solution found (tolerance 1.00e-02)
Best objective 1.140540331555e+02, best bound 1.129189480983e+02, gap 0.9952%

Gurobi 9.1.0 (linux64) logging started Tue Jan  4 22:58:10 2022

Changed value of parameter LogFile to eab_parasitoid_0.6_2_0_bud.log
   Prev:   Default: 
Changed value of parameter MIPGap to 0.01
   Prev: 0.0001  Min: 0.0  Max: inf  Default: 0.0001
Changed value of parameter MIPFocus to 1
   Prev: 0  Min: 0  Max: 3  Default: 0
Changed value of parameter RINS to 100
   Prev: -1  Min: -1  Max: 2000000000  Default: -1
Changed value of parameter TimeLimit to 28800.0
   Prev: inf  Min: 0.0  Max: inf  Default: inf
Changed value of parameter NodeFileStart to 10000.0
   Prev: inf  Min: 0.0  Max: inf  Default: inf
Changed value of parameter Threads to 4
   Prev: 0  Min: 0  Max: 1024  Default: 0
Changed value of parameter Heuristics to 1.0
   Prev: 0.05  Min: 0.0  Max: 1.0  Default: 0.05
Gurobi Optimizer version 9.1.0 build v9.1.0rc0 (linux64)
Thread count: 32 physical cores, 32 logical processors, using up to 4 threads
Optimize a model with 381543 rows, 174513 columns and 1305866 nonzeros
Model fingerprint: 0x12d6eae1
Variable types: 77367 continuous, 97146 integer (97146 binary)
Coefficient statistics:
  Matrix range     [1e-04, 6e+03]
  Objective range  [1e-06, 1e-01]
  Bounds range     [1e+00, 6e+03]
  RHS range        [1e-04, 7e+03]

User MIP start produced solution with objective 703.792 (6.12s)
User MIP start produced solution with objective 703.504 (6.50s)
User MIP start produced solution with objective 703.384 (6.85s)
Loaded user MIP start with objective 703.384
Processed MIP start in 6.87 seconds

Presolve removed 223113 rows and 79646 columns (presolve time = 5s) ...
Presolve removed 258089 rows and 103433 columns
Presolve time: 6.69s
Presolved: 123454 rows, 71080 columns, 632742 nonzeros
Variable types: 32523 continuous, 38557 integer (38557 binary)

Deterministic concurrent LP optimizer: primal and dual simplex (primal and dual model)
Showing first log only...

Presolve removed 114 rows and 97 columns
Presolved: 123340 rows, 70983 columns, 632463 nonzeros


Root simplex log...

Iteration    Objective       Primal Inf.    Dual Inf.      Time
       0    1.2022491e+02   3.176143e+02   2.287286e+09     14s
Concurrent spin time: 0.02s

Solved with dual simplex (primal model)

Root relaxation: objective 1.083134e+02, 5544 iterations, 0.77 seconds

    Nodes    |    Current Node    |     Objective Bounds      |     Work
 Expl Unexpl |  Obj  Depth IntInf | Incumbent    BestBd   Gap | It/Node Time

     0     0  108.31336    0 1294  703.38353  108.31336  84.6%     -   19s
     0     0  108.97496    0 2200  703.38353  108.97496  84.5%     -   26s
     0     0  109.19767    0 2288  703.38353  109.19767  84.5%     -   30s
     0     0  109.55976    0 2684  703.38353  109.55976  84.4%     -   35s
H    0     0                     703.3820469  109.55976  84.4%     -   39s
     0     0  109.56144    0 2695  703.38205  109.56144  84.4%     -   40s
     0     0  109.56176    0 2721  703.38205  109.56176  84.4%     -   41s
     0     0  109.56190    0 2720  703.38205  109.56190  84.4%     -   41s
     0     0  109.56190    0 2720  703.38205  109.56190  84.4%     -   41s
     0     0  110.20464    0 2556  703.38205  110.20464  84.3%     -   48s
     0     0  110.59410    0 2668  703.38205  110.59410  84.3%     -   51s
     0     0  110.59810    0 2648  703.38205  110.59810  84.3%     -   52s
     0     0  110.59858    0 2653  703.38205  110.59858  84.3%     -   52s
     0     0  110.59889    0 2663  703.38205  110.59889  84.3%     -   52s
     0     0  110.59892    0 2662  703.38205  110.59892  84.3%     -   52s
     0     0  110.75819    0 2606  703.38205  110.75819  84.3%     -   57s
     0     0  110.76599    0 2580  703.38205  110.76599  84.3%     -   59s
     0     0  110.76631    0 2585  703.38205  110.76631  84.3%     -   60s
     0     0  110.76634    0 2583  703.38205  110.76634  84.3%     -   60s
     0     0  110.77187    0 2572  703.38205  110.77187  84.3%     -   64s
     0     2  110.77187    0 2571  703.38205  110.77187  84.3%     -  147s
     3     8  151.48842    2 2580  703.38205  110.78134  84.3%  3214  152s
     7    10 infeasible    3       703.38205  110.82709  84.2%  1988  155s
    15    18  179.09409    4 2442  703.38205  111.41384  84.2%  1456  161s
H   23    26                     572.1167100  111.43370  80.5%  1094  166s
H   26    26                     519.4834267  111.44198  78.5%   983  166s
    27    30  179.13670    7 2420  519.48343  111.44198  78.5%   988  247s
    31    34  179.13995    8 2440  519.48343  111.46152  78.5%   879  254s
H   33    34                     470.5172374  111.46152  76.3%   830  254s
H   35    38                     437.6407029  111.46302  74.5%   798  260s
H   36    38                     418.8458143  111.46302  73.4%   794  260s
H   37    38                     397.0268473  111.46302  71.9%   774  260s
    56    63  179.28306   12 2536  397.02685  111.46302  71.9%   573  268s
H   63    63                     190.1128632  111.46302  41.4%   519  268s
    70    78  179.31939   15 2377  190.11286  111.46302  41.4%   567  271s
H  100    99                     190.1128625  111.46302  41.4%   479  366s
H  116   115                     186.0222911  111.46302  40.1%   433  371s
H  117   115                     183.3656716  111.46302  39.2%   430  371s
H  119   115                     168.2385056  111.46302  33.7%   423  371s
   120   116     cutoff   28       168.23851  111.47764  33.7%   420  376s
H  123   116                     163.7518811  111.47764  31.9%   410  376s
H  124   116                     162.4939963  111.47764  31.4%   415  376s
H  127   120                     162.3122788  111.47764  31.3%   408  381s
H  128   120                     160.7904585  111.47764  30.7%   409  381s
H  147   140                     160.0092878  111.47764  30.3%   393  390s
H  148   140                     117.0874684  111.47764  4.79%   393  390s
H  172   167                     117.0853238  111.47764  4.79%   374  400s
H  182   167                     117.0592523  111.47764  4.77%   363  400s
H  188   167                     117.0515351  111.47764  4.76%   352  400s
   195   185  112.08364   17 1919  117.05154  111.47764  4.76%   353  452s
H  206   185                     116.8189237  111.47764  4.57%   346  452s
   213   202  112.64339   18 1997  116.81892  111.47764  4.57%   349  455s
H  216   202                     116.8161304  111.47764  4.57%   351  455s
H  234   205                     116.8159171  111.47764  4.57%   337  461s
H  235   205                     116.8019315  111.47764  4.56%   336  461s
H  239   207                     116.7990820  111.47764  4.56%   332  466s
H  244   207                     116.7989301  111.47764  4.56%   327  466s
   245   252  112.40313   20 2230  116.79893  111.47764  4.56%   326  470s
H  269   252                     116.7938548  111.47764  4.55%   300  470s
   297   232  112.45818   33 2193  116.79385  111.47764  4.55%   278  477s
H  300   232                     116.7461526  111.47764  4.51%   275  477s
H  322   224                     116.7402576  111.47764  4.51%   265  481s
H  331   224                     116.7258115  111.47764  4.50%   267  481s
   334   250  112.54551   38 2122  116.72581  111.47764  4.50%   268  486s
   371   237  112.87208   50 1893  116.72581  111.47764  4.50%   262  490s
H  379   237                     116.7074280  111.47764  4.48%   258  490s
   415   217  112.76843   59 1816  116.70743  111.47764  4.48%   245  521s
H  419   236                     116.7063408  111.47764  4.48%   243  524s
H  423   236                     116.7047197  111.47764  4.48%   242  524s
   439   302  113.31214   62 1834  116.70472  111.47764  4.48%   235  529s
H  516   305                     116.7042584  111.47764  4.48%   208  538s
H  519   304                     116.6933831  111.47764  4.47%   207  538s
H  520   244                     114.5686712  111.47764  2.70%   206  557s
   524   246  112.92466   75 1813  114.56867  111.47764  2.70%   205  562s
H  525   246                     114.5679743  111.47764  2.70%   204  562s
   531   266  112.92679   76 1814  114.56797  111.47764  2.70%   203  567s
H  535   266                     114.5679108  111.47764  2.70%   202  567s
H  554   269                     114.5593419  111.47764  2.69%   196  578s
H  555   269                     114.5488467  111.47764  2.68%   196  578s
   559   331  112.93811   77 1844  114.54885  111.47764  2.68%   197  584s
H  626   334                     114.5487813  111.47764  2.68%   182  597s
H  627   334                     114.5487160  111.47764  2.68%   182  597s
H  630   334                     114.5147158  111.47764  2.65%   181  597s
   631   412  113.01740   90 1589  114.51472  111.47764  2.65%   181  610s
H  679   412                     114.5132191  111.47764  2.65%   169  610s
H  705   412                     114.5122646  111.47764  2.65%   163  610s
H  712   451                     114.5121988  111.47764  2.65%   165  617s
H  713   451                     114.5115759  111.47764  2.65%   165  617s
H  723   451                     114.4827565  111.47764  2.62%   163  617s
H  733   450                     114.4068561  111.47764  2.56%   160  617s
H  751   453                     114.4067903  111.47764  2.56%   157  629s
H  755   453                     114.3908635  111.47764  2.55%   156  629s
   756   504  113.06736  106 1564  114.39086  111.47764  2.55%   157  636s
   811   575  113.10074  110 1556  114.39086  111.47764  2.55%   152  646s
   901   600  113.13658  125 1530  114.39086  111.47764  2.55%   142  667s
   929   633  113.22175  126 1530  114.39086  111.47764  2.55%   138  673s
   964   681  113.15733  135 1457  114.39086  111.47764  2.55%   134  682s
  1018   693  113.15702  137 1473  114.39086  111.47764  2.55%   131  690s
  1036   694  112.98411  145 2572  114.39086  111.47764  2.55%   128  715s
  1038   695  113.07700  104 1339  114.39086  111.47764  2.55%   128  725s
  1039   696  113.00120  128 2006  114.39086  111.59865  2.44%   128  737s
  1040   697  113.07738   92 2372  114.39086  111.86726  2.21%   128  741s
  1043   699  113.20030   23 2285  114.39086  111.93167  2.15%   128  745s
  1044   699  113.13785  111 2322  114.39086  112.37662  1.76%   127  751s
  1047   701  113.39918  253 2313  114.39086  112.44615  1.70%   127  757s
  1048   702  113.15641  180 2245  114.39086  112.51845  1.64%   127  760s
  1050   703  113.22957  186 2040  114.39086  112.52627  1.63%   127  765s
  1052   705  113.30066  262 2270  114.39086  112.55017  1.61%   126  770s
H 1053   669                     114.3907121  112.55731  1.60%   126  777s
H 1053   635                     114.2660747  112.55731  1.50%   126  829s
  1055   638  112.80497   14 2377  114.26607  112.80375  1.28%   165  837s
  1057   639  112.81809   15 2355  114.26607  112.80497  1.28%   167  840s
  1063   645  113.88766   17 2191  114.26607  112.88589  1.21%   174  845s
H 1075   617                     114.2583288  112.88589  1.20%   184  854s
H 1078   586                     114.2565055  112.88589  1.20%   185  854s
  1079   591  113.95180   19 2185  114.25651  112.88589  1.20%   186  855s
H 1086   561                     114.2553123  112.88589  1.20%   189  858s
H 1096   541                     114.2551810  112.88589  1.20%   189  863s
  1100   544  113.98165   21 2006  114.25518  112.88589  1.20%   188  867s
H 1104   516                     114.2544869  112.88589  1.20%   188  867s
H 1117   501                     114.2113554  112.88589  1.16%   187  872s
  1143   518  114.13960   27 1791  114.21136  112.88589  1.16%   188  876s
  1154   517     cutoff   28       114.21136  112.88589  1.16%   189  888s
  1177   535     cutoff   30       114.21136  112.90224  1.15%   187  891s
  1198   532  112.98653   18 2048  114.21136  112.90224  1.15%   187  895s
H 1202   511                     114.2113553  112.90224  1.15%   187  897s
H 1203   488                     114.2113553  112.90224  1.15%   187  897s
  1206   491  113.07979   20 1996  114.21136  112.90224  1.15%   187  901s
  1225   514  113.14937   25 1988  114.21136  112.90224  1.15%   185  906s
  1263   538  113.20192   32 1889  114.21136  112.90224  1.15%   182  912s
H 1304   533                     114.2097590  112.90224  1.14%   178  917s
H 1305   511                     114.2092887  112.90224  1.14%   178  917s
H 1306   492                     114.2089295  112.90224  1.14%   178  917s
  1308   502  113.25283   38 1872  114.20893  112.90224  1.14%   178  921s
H 1313   483                     114.2088884  112.90224  1.14%   177  921s
  1353   501  113.28240   43 1929  114.20889  112.90224  1.14%   174  932s
  1386   532  113.33848   47 1823  114.20889  112.90224  1.14%   171  936s
H 1446   532                     114.2008111  112.90224  1.14%   165  948s
H 1448   516                     114.1970896  112.90224  1.13%   164  948s
  1450   557  113.45333   60 1772  114.19709  112.90224  1.13%   164  950s
H 1494   527                     114.1916434  112.90224  1.13%   161  957s
H 1495   512                     114.1871915  112.90224  1.13%   161  957s
  1498   523  113.46090   70 1582  114.18719  112.90224  1.13%   161  960s
  1553   544  113.53457   78 1556  114.18719  112.90224  1.13%   157  972s
  1557   586  113.53464   79 1556  114.18719  112.90224  1.13%   157  975s
  1601   576  113.56098   89 1550  114.18719  112.90224  1.13%   153  983s
  1605   595  113.56208   90 1536  114.18719  112.90224  1.13%   153  987s
  1626   609  113.56954   95 1526  114.18719  112.90224  1.13%   151  993s
  1647   640  113.57479   96 1517  114.18719  112.90224  1.13%   149  995s
  1720   665  113.62997  102 1459  114.18719  112.90224  1.13%   144 1004s
H 1740   648                     114.1871882  112.90224  1.13%   143 1009s
H 1741   635                     114.1871501  112.90224  1.13%   143 1009s
  1746   690  113.63101  106 1436  114.18715  112.90224  1.13%   143 1012s
  1805   681  113.64751  111 1395  114.18715  112.90224  1.13%   139 1016s
  1814   749  113.63462  111 1394  114.18715  112.90224  1.13%   139 1027s
H 1890   780                     114.1871500  112.90224  1.13%   135 1033s
H 1894   780                     114.1871500  112.90224  1.13%   135 1033s
H 1905   780                     114.1871500  112.90224  1.13%   134 1033s
  1923   837  113.70721  119 1375  114.18715  112.90224  1.13%   133 1039s
H 1955   837                     114.1828243  112.90224  1.12%   132 1039s
H 1988   862                     114.1748958  112.90224  1.11%   131 1044s
H 2000   862                     114.1715841  112.90224  1.11%   130 1044s
H 2019   878                     114.1708818  112.90224  1.11%   129 1057s
H 2024   878                     114.1687596  112.90224  1.11%   129 1057s
H 2033   869                     114.1101262  112.90224  1.06%   128 1057s
  2039   873  113.72989  136 1443  114.11013  112.90224  1.06%   128 1067s
  2044   925  113.73889  137 1353  114.11013  112.90224  1.06%   128 1074s
H 2060   924                     114.1065864  112.90224  1.06%   127 1074s
  2107   937  113.75544  149 1302  114.10659  112.90224  1.06%   125 1082s
  2128   955  113.75918  150 1302  114.10659  112.90224  1.06%   130 1091s
  2150  1013  113.76836  155 1295  114.10659  112.90224  1.06%   129 1097s
  2213  1059  113.85041  167 1250  114.10659  112.90224  1.06%   126 1104s
  2271  1095  113.85974  180 1238  114.10659  112.90224  1.06%   123 1111s
H 2287  1095                     114.1065769  112.90224  1.06%   123 1111s
H 2303  1095                     114.1065767  112.90224  1.06%   122 1111s
H 2316  1095                     114.1051718  112.90224  1.05%   122 1111s
H 2331  1133                     114.0998251  112.90224  1.05%   122 1120s
  2380  1216  113.91021  200 1196  114.09983  112.90224  1.05%   120 1127s
  2468  1300  113.91704  212 1185  114.09983  112.90224  1.05%   117 1134s
  2560  1362  113.93149  229 1142  114.09983  112.90224  1.05%   113 1140s
  2634  1390  113.94460  238 1128  114.09983  112.90224  1.05%   111 1148s
H 2640  1390                     114.0998208  112.90224  1.05%   111 1148s
H 2648  1390                     114.0997251  112.90224  1.05%   111 1148s
H 2658  1387                     114.0960061  112.90224  1.05%   111 1148s
  2669  1461 infeasible  244       114.09601  112.90224  1.05%   110 1159s
H 2693  1460                     114.0959496  112.90224  1.05%   111 1159s
H 2770  1460                     114.0959495  112.90224  1.05%   108 1159s
  2773  1538  113.96320  247 1128  114.09595  112.90224  1.05%   108 1172s
H 2796  1538                     114.0956443  112.90224  1.05%   107 1172s
H 2854  1537                     114.0940998  112.90224  1.04%   107 1172s
  2855  1621  113.97559  253 1113  114.09410  112.90224  1.04%   107 1186s
  2960  1727  113.98476  263 1098  114.09410  112.90224  1.04%   104 1196s
H 3046  1720                     114.0896420  112.90224  1.04%   102 1196s
H 3082  1804                     114.0886522  112.90224  1.04%   101 1208s
H 3153  1804                     114.0881434  112.90224  1.04%   100 1208s
  3178  1905  114.00749  307 1015  114.08814  112.90224  1.04%  99.0 1219s
H 3283  1905                     114.0881284  112.90224  1.04%  97.1 1219s
H 3305  1900                     114.0841836  112.90224  1.04%  96.5 1219s
H 3306  2002                     114.0835011  112.90224  1.04%  96.4 1231s
  3416  2150  114.02722  330  961  114.08350  112.90224  1.04%  94.8 1241s
H 3518  2150                     114.0834983  112.90224  1.04%  92.9 1241s
H 3569  2247                     114.0834920  112.90224  1.04%  91.7 1255s
H 3570  2247                     114.0834906  112.90224  1.04%  91.7 1255s
H 3571  2245                     114.0832702  112.90224  1.04%  91.7 1255s
H 3600  2188                     114.0541052  112.90224  1.01%  91.0 1255s
  3668  2296     cutoff  341       114.05411  112.91895  1.00%  90.1 1267s
H 3695  2296                     114.0540739  112.91895  1.00%  93.2 1267s
H 3713  2296                     114.0540332  112.91895  1.00%  92.8 1267s

Cutting planes:
  Learned: 49
  Gomory: 16
  Cover: 215
  Implied bound: 474
  Clique: 142
  MIR: 738
  StrongCG: 1
  Flow cover: 1224
  GUB cover: 5
  Zero half: 3
  RLT: 846
  Relax-and-lift: 334

Explored 3819 nodes (378006 simplex iterations) in 1267.70 seconds
Thread count was 4 (of 32 available processors)

Solution count 10: 114.054 114.054 114.054 ... 114.088

Optimal solution found (tolerance 1.00e-02)
Best objective 1.140540331555e+02, best bound 1.129189480983e+02, gap 0.9952%
