
Gurobi 9.1.0 (linux64) logging started Tue Aug  3 00:11:30 2021

Changed value of parameter LogFile to eab_parasitoid_0.2_0_0_area_street.log
   Prev:   Default: 
Changed value of parameter MIPGap to 0.01
   Prev: 0.0001  Min: 0.0  Max: inf  Default: 0.0001
Changed value of parameter Method to 2
   Prev: -1  Min: -1  Max: 5  Default: -1
Changed value of parameter MIPFocus to 2
   Prev: 0  Min: 0  Max: 3  Default: 0
Changed value of parameter RINS to 100
   Prev: -1  Min: -1  Max: 2000000000  Default: -1
Gurobi Optimizer version 9.1.0 build v9.1.0rc0 (linux64)
Thread count: 32 physical cores, 32 logical processors, using up to 32 threads
Optimize a model with 203386 rows, 134930 columns and 685029 nonzeros
Model fingerprint: 0xe54c8ccd
Variable types: 55774 continuous, 79156 integer (79156 binary)
Coefficient statistics:
  Matrix range     [2e-04, 1e+06]
  Objective range  [8e-07, 2e-01]
  Bounds range     [1e+00, 6e+03]
  RHS range        [1e-04, 1e+06]
Presolve removed 173098 rows and 107372 columns (presolve time = 5s) ...
Presolve removed 181220 rows and 116445 columns (presolve time = 11s) ...
Presolve removed 188794 rows and 123562 columns (presolve time = 16s) ...
Presolve removed 190634 rows and 124856 columns (presolve time = 20s) ...
Presolve removed 191851 rows and 125524 columns (presolve time = 25s) ...
Presolve removed 192236 rows and 125702 columns (presolve time = 30s) ...
Presolve removed 194050 rows and 127360 columns (presolve time = 36s) ...
Presolve removed 194500 rows and 127738 columns (presolve time = 40s) ...
Presolve removed 194914 rows and 127937 columns (presolve time = 46s) ...
Presolve removed 195117 rows and 128084 columns (presolve time = 50s) ...
Presolve removed 195152 rows and 128103 columns
Presolve time: 52.98s
Presolved: 8234 rows, 6827 columns, 113831 nonzeros
Variable types: 2731 continuous, 4096 integer (4096 binary)
Presolve removed 20 rows and 14 columns
Presolved: 8214 rows, 6813 columns, 113774 nonzeros

Root barrier log...

Ordering time: 1.19s

Barrier statistics:
 Dense cols : 129
 AA' NZ     : 4.906e+05
 Factor NZ  : 2.085e+06 (roughly 23 MBytes of memory)
 Factor Ops : 1.532e+09 (less than 1 second per iteration)
 Threads    : 31

                  Objective                Residual
Iter       Primal          Dual         Primal    Dual     Compl     Time
   0   1.69546735e+05 -4.68891384e+05  2.51e+04 2.53e-01  2.50e+03    58s
   1   1.16067303e+05 -5.50158832e+05  1.69e+04 1.34e+01  1.63e+03    58s
   2   9.02553633e+03 -5.52413576e+05  1.07e+03 6.84e-13  1.29e+02    58s
   3   1.61535188e+03 -2.58987358e+05  1.12e+02 1.30e-11  2.00e+01    58s
   4   7.80018464e+02 -4.51631447e+04  4.35e+00 1.99e-13  2.25e+00    59s
   5   7.12976129e+02 -9.93002001e+03  2.51e-01 7.39e-13  4.99e-01    59s
   6   6.88876612e+02 -1.47122982e+03  1.09e-03 9.95e-14  1.01e-01    59s
   7   6.55297304e+02  4.05073258e+01  1.44e-04 4.26e-14  2.85e-02    59s
   8   6.40320380e+02  4.26477538e+02  5.83e-05 1.42e-14  9.92e-03    59s
   9   6.28773409e+02  5.46915415e+02  1.56e-05 7.11e-15  3.80e-03    59s
  10   6.24360575e+02  6.01332007e+02  5.85e-06 7.11e-15  1.07e-03    60s
  11   6.22709896e+02  6.11817721e+02  3.06e-06 7.11e-15  5.05e-04    60s
  12   6.21914613e+02  6.16151262e+02  1.72e-06 7.11e-15  2.67e-04    60s
  13   6.21397483e+02  6.17561060e+02  9.45e-07 7.11e-15  1.78e-04    60s
  14   6.21255758e+02  6.18997780e+02  7.21e-07 7.11e-15  1.05e-04    60s
  15   6.20869198e+02  6.19671136e+02  1.96e-07 7.11e-15  5.55e-05    60s
  16   6.20766195e+02  6.20383115e+02  8.52e-08 7.11e-15  1.78e-05    61s
  17   6.20728313e+02  6.20581288e+02  5.25e-08 7.11e-15  6.82e-06    61s
  18   6.20692946e+02  6.20627144e+02  2.32e-08 7.11e-15  3.05e-06    61s
  19   6.20677814e+02  6.20645686e+02  1.10e-08 7.11e-15  1.49e-06    61s
  20   6.20667536e+02  6.20657799e+02  2.55e-09 7.11e-15  4.51e-07    61s
  21   6.20665781e+02  6.20661921e+02  1.17e-09 7.11e-15  1.79e-07    61s
  22   6.20664459e+02  6.20663522e+02  1.51e-10 7.11e-15  4.34e-08    62s
  23   6.20664314e+02  6.20664133e+02  4.69e-11 7.11e-15  8.36e-09    62s
  24   6.20664253e+02  6.20664194e+02  1.06e-11 7.11e-15  2.72e-09    62s
  25   6.20664239e+02  6.20664224e+02  2.66e-12 7.11e-15  6.77e-10    62s
  26   6.20664235e+02  6.20664230e+02  5.80e-13 1.42e-14  2.54e-10    62s
  27   6.20664234e+02  6.20664233e+02  1.16e-13 7.11e-15  5.48e-11    62s

Barrier solved model in 27 iterations and 62.48 seconds
Optimal objective 6.20664234e+02


Root crossover log...

     661 DPushes remaining with DInf 0.0000000e+00                63s
       0 DPushes remaining with DInf 0.0000000e+00                63s

    3092 PPushes remaining with PInf 1.1692291e-05                63s
       0 PPushes remaining with PInf 0.0000000e+00                63s

  Push phase complete: Pinf 0.0000000e+00, Dinf 4.5938528e-04     63s


Root simplex log...

Iteration    Objective       Primal Inf.    Dual Inf.      Time
    3582    6.2066423e+02   0.000000e+00   4.593853e-04     63s
    3588    6.2066423e+02   0.000000e+00   0.000000e+00     63s
    3588    6.2066423e+02   0.000000e+00   0.000000e+00     63s

Root relaxation: objective 6.206642e+02, 3588 iterations, 9.17 seconds
Total elapsed time = 65.45s

    Nodes    |    Current Node    |     Objective Bounds      |     Work
 Expl Unexpl |  Obj  Depth IntInf | Incumbent    BestBd   Gap | It/Node Time

     0     0  620.66423    0 1556          -  620.66423      -     -   66s
     0     0  622.67125    0 1864          -  622.67125      -     -   85s
     0     0  623.87144    0 2014          -  623.87144      -     -  104s
     0     0  623.91332    0 2006          -  623.91332      -     -  109s
     0     0  623.91439    0 2005          -  623.91439      -     -  109s
     0     0  623.91461    0 2007          -  623.91461      -     -  110s
     0     0  625.08193    0 1880          -  625.08193      -     -  141s
H    0     0                     671.0414284  625.08193  6.85%     -  162s
     0     0  625.41076    0 1874  671.04143  625.41076  6.80%     -  162s
H    0     0                     670.9257622  625.41076  6.78%     -  169s
     0     0  625.43886    0 1781  670.92576  625.43886  6.78%     -  170s
     0     0  625.44395    0 1776  670.92576  625.44395  6.78%     -  173s
     0     0  625.44434    0 1784  670.92576  625.44434  6.78%     -  175s
     0     0  626.13158    0 1706  670.92576  626.13158  6.68%     -  209s
H    0     0                     670.2053250  626.13158  6.58%     -  213s
     0     0  626.23087    0 1703  670.20533  626.23087  6.56%     -  219s
     0     0  626.25011    0 1734  670.20533  626.25011  6.56%     -  221s
     0     0  626.25534    0 1731  670.20533  626.25534  6.56%     -  229s
     0     0  626.25618    0 1728  670.20533  626.25618  6.56%     -  232s
     0     0  626.63342    0 1689  670.20533  626.63342  6.50%     -  278s
H    0     0                     670.1625605  626.63342  6.50%     -  280s
     0     0  626.68532    0 1677  670.16256  626.68532  6.49%     -  319s
     0     0  626.69093    0 1691  670.16256  626.69093  6.49%     -  330s
     0     0  626.69161    0 1690  670.16256  626.69161  6.49%     -  332s
     0     0  626.81314    0 1655  670.16256  626.81314  6.47%     -  393s
     0     0  626.84464    0 1669  670.16256  626.84464  6.46%     -  473s
     0     0  626.85633    0 1679  670.16256  626.85633  6.46%     -  518s
     0     0  626.85875    0 1672  670.16256  626.85875  6.46%     -  537s
     0     0  627.58496    0 1640  670.16256  627.58496  6.35%     -  832s
     0     0  627.75089    0 1626  670.16256  627.75089  6.33%     -  938s
     0     0  627.78326    0 1637  670.16256  627.78326  6.32%     -  981s
     0     0  627.79276    0 1637  670.16256  627.79276  6.32%     - 1009s
     0     0  627.79379    0 1629  670.16256  627.79379  6.32%     - 1032s
H    0     0                     649.6219869  627.79379  3.36%     - 1083s
H    0     0                     649.6219612  627.79379  3.36%     - 1177s
H    0     0                     649.6219514  627.79379  3.36%     - 1177s
     0     0  628.17733    0 1638  649.62195  628.17733  3.30%     - 1195s
     0     0  628.21326    0 1635  649.62195  628.21326  3.30%     - 1245s
     0     0  628.22563    0 1644  649.62195  628.22563  3.29%     - 1308s
     0     0  628.22831    0 1644  649.62195  628.22831  3.29%     - 1323s
     0     0  628.27515    0 1639  649.62195  628.27515  3.29%     - 1423s
H    0     0                     649.6219495  628.27515  3.29%     - 1427s
     0     0  628.29597    0 1652  649.62195  628.29597  3.28%     - 1479s
     0     0  628.29949    0 1646  649.62195  628.29949  3.28%     - 1491s
     0     0  628.40999    0 1620  649.62195  628.40999  3.27%     - 1565s
     0     0  628.43050    0 1643  649.62195  628.43050  3.26%     - 1615s
     0     0  628.44306    0 1628  649.62195  628.44306  3.26%     - 1648s
     0     0  628.44681    0 1637  649.62195  628.44681  3.26%     - 1661s
     0     0  628.49691    0 1599  649.62195  628.49691  3.25%     - 1712s
H    0     0                     649.6206670  628.49691  3.25%     - 1714s
     0     0  628.50284    0 1601  649.62067  628.50284  3.25%     - 1730s
     0     0  628.51531    0 1616  649.62067  628.51531  3.25%     - 1807s
     0     0  628.51531    0 1615  649.62067  628.51531  3.25%     - 1825s
H    0     0                     649.4102390  628.51531  3.22%     - 3028s
     0     2  628.51531    0 1615  649.41024  628.51531  3.22%     - 3033s
     1     4  632.52545    1 1560  649.41024  628.51531  3.22%  2043 3056s
     3     8  636.38578    2 1574  649.41024  628.77850  3.18%  1560 3213s
     7    16  636.60823    3 1550  649.41024  629.51070  3.06%  2032 3335s
    15    32  636.87582    4 1518  649.41024  629.74189  3.03%  2132 3505s
    31    64  637.03222    5 1494  649.41024  630.08465  2.98%  2975 3691s
    63    96  637.07188    6 1530  649.41024  630.36497  2.93%  2770 4409s
    95   120  637.78233    7 1481  649.41024  630.36497  2.93%  2646 4982s
H   98   120                     649.2104033  630.36497  2.90%  2607 4982s
H  107   120                     649.1977893  630.36497  2.90%  2506 4982s
H  120   120                     649.1123238  630.36497  2.89%  2643 4982s
H  127   144                     649.0386107  630.36497  2.88%  2660 5341s
H  128   144                     648.5375737  630.36497  2.80%  2669 5341s
H  140   144                     648.4116746  630.36497  2.78%  2585 5341s
   159   160  637.80794    8 1489  648.41167  630.36497  2.78%  2504 5710s
H  191   181                     647.2011624  630.36497  2.60%  2522 6336s
H  192   181                     647.0388468  630.36497  2.58%  2514 6336s
H  194   181                     646.6143897  630.36497  2.51%  2502 6336s
H  195   181                     646.5278771  630.36497  2.50%  2491 6336s
H  200   181                     646.1997479  630.36497  2.45%  2469 6336s
H  203   181                     645.6255991  630.36497  2.36%  2448 6336s
   224   184 infeasible   10       645.62560  630.36497  2.36%  2526 7132s
H  253   184                     645.2061598  630.36497  2.30%  2736 7132s
   265   203  638.12280   10 1488  645.20616  630.36497  2.30%  2774 7698s
H  324   233                     645.2012565  630.36497  2.30%  2697 12381s
H  325   233                     645.2011963  630.36497  2.30%  2694 12381s
H  327   233                     645.1993912  630.36497  2.30%  2690 12381s
H  328   233                     645.0210510  630.36497  2.27%  2683 12381s
H  335   233                     644.8368267  630.36497  2.24%  2640 12381s
H  340   233                     644.3942186  630.36497  2.18%  2610 12381s
   356   240  638.87282   13 1471  644.39422  630.36497  2.18%  2521 12787s
   407   267 infeasible   14       644.39422  630.36497  2.18%  2673 14117s
   484   302  638.75272   15 1477  644.39422  630.36497  2.18%  2587 14665s
   581   347  638.91952   16 1469  644.39422  630.36497  2.18%  2493 15104s
   674   401  639.20641   18 1447  644.39422  630.36497  2.18%  2404 15800s
   786   444  639.43392   19 1474  644.39422  630.36497  2.18%  2317 16857s
   891   530  639.59309   20 1470  644.39422  630.36497  2.18%  2302 17433s
  1039   552  640.36016   23 1439  644.39422  630.36497  2.18%  2149 20387s
  1075   630 infeasible   24       644.39422  630.36497  2.18%  2109 21149s
  1233   749  640.55380   24 1443  644.39422  630.36497  2.18%  2071 23341s
  1416   852  641.90044   30 1354  644.39422  630.36497  2.18%  1998 24632s
  1603   979  642.01716   30 1354  644.39422  630.36497  2.18%  1913 26539s
  1817  1120  642.48481   35 1343  644.39422  630.36497  2.18%  1859 27454s
  2015  1120  634.67362   16 1399  644.39422  630.36497  2.18%  1795 27455s
  2051  1324  643.82978   44 1254  644.39422  630.36497  2.18%  1786 28243s
  2309  1525     cutoff   54       644.39422  630.36497  2.18%  1676 29820s
  2596  1619     cutoff   62       644.39422  630.40921  2.17%  1563 39308s
  2740  1852  630.72759    8 1453  644.39422  630.41688  2.17%  1542 40648s
  3053  1853  637.91842   43 1615  644.39422  630.41688  2.17%  1488 48582s
  3055  1854  638.97127   42 1712  644.39422  630.41688  2.17%  1487 48609s
  3056  1855  642.68901   30 1811  644.39422  630.41688  2.17%  1486 48642s
  3057  1856  641.24722   20 1827  644.39422  630.41688  2.17%  1486 48667s
  3058  1856  640.75711   23 1663  644.39422  630.41688  2.17%  1486 48679s
  3059  1857  638.35880   76 1593  644.39422  630.41688  2.17%  1485 48691s
  3060  1858  636.97966   29 1557  644.39422  630.41688  2.17%  1485 48707s
  3061  1858  640.60044   76 1509  644.39422  630.41688  2.17%  1484 48725s
  3062  1859  631.82228   11 1515  644.39422  630.41688  2.17%  1484 48748s
  3063  1860  643.21571   50 1530  644.39422  630.41688  2.17%  1483 48779s
  3064  1860  634.65330   23 1489  644.39422  630.41688  2.17%  1483 48807s
  3065  1861  634.94586   25 1482  644.39422  630.41688  2.17%  1482 48834s
  3066  1862  638.57050   73 1479  644.39422  630.41688  2.17%  1482 48856s
  3067  1862  637.87782   52 1490  644.39422  630.41688  2.17%  1481 48884s
  3068  1863  633.90198   21 1489  644.39422  630.41688  2.17%  1481 48907s
  3069  1864  643.13223   49 1427  644.39422  630.41688  2.17%  1480 49150s
  3070  1864  635.78168   33 1405  644.39422  630.41688  2.17%  1480 49164s
  3071  1865  638.48101   61 1389  644.39422  630.41688  2.17%  1479 49170s
  3072  1866  635.82313   34 1391  644.39422  630.41688  2.17%  1479 49214s
  3073  1866  638.29442   76 1424  644.39422  630.44773  2.16%  1478 49412s
  3074  1867  642.88464   40 1388  644.39422  630.44773  2.16%  1478 49441s
  3075  1868  639.75021   48 1434  644.39422  630.44773  2.16%  1477 49472s
  3076  1868  635.22655   31 1429  644.39422  630.44773  2.16%  1477 49618s
  3077  1869  643.92409   37 1438  644.39422  630.86487  2.10%  1476 49983s
  3078  1870  639.88231   56 1446  644.39422  631.13060  2.06%  1476 50028s
  3079  1870  642.68901   30 1432  644.39422  631.33852  2.03%  1475 50114s
  3080  1871  639.58876   49 1457  644.39422  631.35204  2.02%  1475 50225s
  3081  1872  637.60949   24 1457  644.39422  631.35204  2.02%  1474 50292s
  3082  1872  637.82947    9 1457  644.39422  631.35204  2.02%  1474 53011s
  3083  1876  631.35204   11 1438  644.39422  631.35204  2.02%  1486 53675s
  3085  1877  631.35204   12 1454  644.39422  631.35204  2.02%  1485 54342s
  3089  1882  631.35204   13 1406  644.39422  631.35204  2.02%  1486 54953s
  3095  1884  631.35204   14 1452  644.39422  631.35204  2.02%  1487 55049s
  3107  1886 infeasible   15       644.39422  631.35204  2.02%  1489 55503s
  3123  1883  631.35204   16 1467  644.39422  631.35204  2.02%  1497 56037s
H 3143  1781                     644.3919760  631.35204  2.02%  1516 56038s
  3145  1782 infeasible   17       644.39198  631.35204  2.02%  1517 56482s
  3169  1792  631.35204   18 1437  644.39198  631.35204  2.02%  1525 57027s
  3195  1812  631.35204   19 1431  644.39198  631.35204  2.02%  1531 57398s
  3227  1827  631.35204   20 1451  644.39198  631.35204  2.02%  1529 57669s
H 3259  1759                     644.1610818  631.35204  1.99%  1527 57750s
H 3288  1665                     644.1463873  631.35204  1.99%  1519 57750s
  3291  1715  631.35204   22 1451  644.14639  631.35204  1.99%  1518 57798s
H 3344  1642                     644.1462340  631.35204  1.99%  1507 58014s
H 3347  1565                     644.0763368  631.35204  1.98%  1509 58014s
H 3348  1492                     643.8209211  631.35204  1.94%  1509 58014s
  3376  1525  633.21021   25 1298  643.82092  631.35204  1.94%  1507 58354s
  3425  1575  633.52246   27 1287  643.82092  631.35204  1.94%  1505 59028s
  3497  1601  634.47116   29 1225  643.82092  631.35204  1.94%  1491 59432s
  3557  1653  634.67236   32 1228  643.82092  631.35204  1.94%  1485 59905s
  3637  1706  635.74289   35 1175  643.82092  631.35204  1.94%  1466 60119s
  3735  1782  636.74198   39 1167  643.82092  631.35204  1.94%  1443 60550s
  3859  1841  638.83477   44 1146  643.82092  631.35204  1.94%  1411 61181s
  3984  1826 infeasible   46       643.82092  631.35204  1.94%  1385 64222s
H 3985  1756                     643.1723535  631.35204  1.84%  1384 64222s
H 3988  1689                     643.0748315  631.35204  1.82%  1384 64222s
  4020  1709  640.24868   47 1254  643.07483  631.35204  1.82%  1381 64615s
  4139  1784 infeasible   48       643.07483  631.35204  1.82%  1363 65755s
  4297  1824  638.49467   50 1088  643.07483  631.35204  1.82%  1332 72641s
H 4300  1761                     643.0747990  631.35204  1.82%  1331 72641s
H 4304  1700                     643.0731473  631.35204  1.82%  1330 72641s
H 4312  1641                     643.0723123  631.35204  1.82%  1328 72641s
H 4357  1572                     643.0655534  631.35204  1.82%  1318 72642s
  4422  1738  638.97129   54 1072  643.06555  631.35204  1.82%  1309 74180s
  4656  1835  639.83451   62 1069  643.06555  631.35204  1.82%  1271 75854s
  4709  1817  641.80556   69 1082  643.06555  631.35204  1.82%  1259 75855s
  4871  1933  640.42492   70 1114  643.06555  631.35204  1.82%  1242 76392s
  5091  2044  641.13441   74 1117  643.06555  631.35204  1.82%  1203 80337s
H 5100  1991                     643.0628885  631.35204  1.82%  1201 80338s
H 5184  1914                     643.0628867  631.35204  1.82%  1188 80338s
H 5208  1860                     643.0596105  631.35204  1.82%  1184 80338s
H 5309  1783                     642.7791782  631.35204  1.78%  1169 80338s
  5338  1935  641.62273   84 1102  642.77918  631.35204  1.78%  1165 80924s
  5644  2049     cutoff   95       642.77918  631.35204  1.78%  1127 81512s
  5961  2239     cutoff   44       642.77918  631.35204  1.78%  1093 82523s
  6247  2456  636.27461   22 1358  642.77918  631.35204  1.78%  1070 83800s
  6571  2734  638.74422   27 1250  642.77918  631.35204  1.78%  1040 86195s
  6949  3070  640.35272   34 1182  642.77918  631.35204  1.78%  1017 86853s
  7402  3527  631.35204   20 1408  642.77918  631.35204  1.78%   979 87569s
  7988  3828  634.01516   24 1262  642.77918  631.35204  1.78%   932 92149s
H 8012  3826                     642.7596638  631.35204  1.77%   930 92150s
H 8051  3811                     642.6996096  631.35204  1.77%   927 92150s
H 8273  3806                     642.6850666  631.35204  1.76%   916 92150s
  8337  4080  637.05997   36 1164  642.68507  631.35204  1.76%   910 93079s
  8753  4509  639.10981   48 1133  642.68507  631.35204  1.76%   885 93868s
  9326  4942  640.78404   64 1046  642.68507  631.35204  1.76%   860 95170s
  9936  5398  638.99218   21 1327  642.68507  631.35204  1.76%   835 95827s
 10584  5730  640.60718   25 1242  642.68507  631.35204  1.76%   811 100612s
H10614  5729                     642.6821441  631.35204  1.76%   810 100612s
H10735  5604                     642.5103487  631.35204  1.74%   808 100612s
 11045  6191 infeasible   35       642.51035  631.35204  1.74%   799 102446s
 11873  6551  639.37578   54 1162  642.51035  631.35204  1.74%   771 108821s
H11925  6550                     642.5090466  631.35204  1.74%   768 108822s
 12409  6947     cutoff   76       642.50905  631.35204  1.74%   764 110838s
 13026  7420  639.37931   49 1201  642.50905  631.74609  1.68%   757 112189s
 13691  7616  638.33811   25 1257  642.50905  632.16620  1.61%   740 120972s
H13746  7616                     642.5090429  632.16620  1.61%   740 120972s
 14001  8122  641.06704   32 1135  642.50904  632.28920  1.59%   739 122737s
 14766  8651  641.17637   34 1180  642.50904  633.22502  1.44%   725 126019s
 14783  8651  641.82119   27 1345  642.50904  633.22502  1.44%   725 126020s
H15288  8651                     642.5090427  633.22502  1.44%   714 126021s
 15515  9403  637.74429   28 1170  642.50904  633.22677  1.44%   712 127645s
 16588  9684  639.05106   46 1174  642.50904  633.26357  1.44%   693 130388s
H16626  9651                     642.4908418  633.26357  1.44%   692 130388s
 16976 10008  639.91187   52 1140  642.49084  633.26357  1.44%   694 132971s
H17000 10008                     642.4908398  633.26357  1.44%   694 132971s
H17025 10002                     642.4893144  633.26357  1.44%   693 132971s
H17431 10002                     642.4893135  633.26357  1.44%   693 132971s
 17617 10650  642.20860   62 1195  642.48931  633.36072  1.42%   691 133300s

Cutting planes:
  Learned: 63
  Gomory: 36
  Cover: 347
  Implied bound: 101
  Projected implied bound: 319
  Clique: 20
  MIR: 1098
  StrongCG: 1
  Flow cover: 3879
  GUB cover: 14
  Zero half: 24
  Mod-K: 1
  RLT: 2183
  Relax-and-lift: 436

Explored 18615 nodes (12644829 simplex iterations) in 133300.88 seconds
Thread count was 32 (of 32 available processors)

Solution count 10: 642.489 642.489 642.491 ... 642.685

Solve interrupted
Warning: max constraint violation (6.2787e-06) exceeds tolerance
Best objective 6.424893135374e+02, best bound 6.333770462985e+02, gap 1.4183%

Gurobi 9.1.0 (linux64) logging started Wed Aug  4 13:35:45 2021

Changed value of parameter LogFile to eab_parasitoid_0.2_0_0_area_street.log
   Prev:   Default: 
Changed value of parameter MIPGap to 0.01
   Prev: 0.0001  Min: 0.0  Max: inf  Default: 0.0001
Changed value of parameter Method to 2
   Prev: -1  Min: -1  Max: 5  Default: -1
Changed value of parameter MIPFocus to 2
   Prev: 0  Min: 0  Max: 3  Default: 0
Changed value of parameter RINS to 100
   Prev: -1  Min: -1  Max: 2000000000  Default: -1
Gurobi Optimizer version 9.1.0 build v9.1.0rc0 (linux64)
Thread count: 32 physical cores, 32 logical processors, using up to 32 threads
Optimize a model with 203386 rows, 134930 columns and 685029 nonzeros
Model fingerprint: 0xfed56eb4
Variable types: 55774 continuous, 79156 integer (79156 binary)
Coefficient statistics:
  Matrix range     [2e-04, 1e+06]
  Objective range  [8e-07, 2e-01]
  Bounds range     [1e+00, 6e+03]
  RHS range        [1e-04, 1e+06]
Presolve removed 190051 rows and 124302 columns (presolve time = 5s) ...
Presolve removed 195151 rows and 128101 columns
Presolve time: 9.35s
Presolved: 8235 rows, 6829 columns, 113848 nonzeros
Variable types: 2731 continuous, 4098 integer (4096 binary)
Presolve removed 21 rows and 14 columns
Presolved: 8214 rows, 6815 columns, 113789 nonzeros

Root barrier log...

Ordering time: 0.44s

Barrier statistics:
 Dense cols : 127
 AA' NZ     : 4.938e+05
 Factor NZ  : 2.105e+06 (roughly 23 MBytes of memory)
 Factor Ops : 1.592e+09 (less than 1 second per iteration)
 Threads    : 31

                  Objective                Residual
Iter       Primal          Dual         Primal    Dual     Compl     Time
   0   1.79723487e+05 -4.94510359e+05  2.51e+04 2.74e-01  2.63e+03    11s
   1   1.23024520e+05 -5.80300169e+05  1.69e+04 1.42e+01  1.72e+03    11s
   2   9.53512923e+03 -5.82650387e+05  1.07e+03 7.24e-13  1.36e+02    11s
   3   1.68007343e+03 -2.73248323e+05  1.12e+02 1.72e-12  2.11e+01    11s
   4   7.94097069e+02 -4.77374408e+04  4.34e+00 4.92e-13  2.38e+00    11s
   5   7.25304848e+02 -1.03806488e+04  2.39e-01 1.99e-13  5.20e-01    11s
   6   7.00226399e+02 -1.60979486e+03  1.07e-03 1.03e-13  1.08e-01    11s
   7   6.65496725e+02 -1.44300073e+01  1.46e-04 5.68e-14  3.15e-02    11s
   8   6.49030583e+02  4.02295836e+02  5.39e-05 1.78e-14  1.14e-02    12s
   9   6.37393860e+02  5.61369414e+02  1.38e-05 7.99e-15  3.52e-03    12s
  10   6.32866275e+02  6.14038347e+02  5.08e-06 7.11e-15  8.73e-04    12s
  11   6.31206842e+02  6.21701196e+02  2.51e-06 7.11e-15  4.41e-04    12s
  12   6.30345633e+02  6.24578082e+02  1.40e-06 7.11e-15  2.67e-04    12s
  13   6.30041233e+02  6.25409785e+02  9.96e-07 7.11e-15  2.15e-04    12s
  14   6.29637356e+02  6.27721609e+02  5.50e-07 7.11e-15  8.88e-05    12s
  15   6.29580592e+02  6.28259260e+02  4.89e-07 7.11e-15  6.12e-05    12s
  16   6.29300807e+02  6.28750882e+02  2.12e-07 1.07e-14  2.55e-05    12s
  17   6.29247189e+02  6.28957233e+02  1.63e-07 7.11e-15  1.34e-05    12s
  18   6.29208802e+02  6.28977276e+02  1.27e-07 7.11e-15  1.07e-05    13s
  19   6.29146443e+02  6.29023807e+02  6.28e-08 7.11e-15  5.68e-06    13s
  20   6.29118116e+02  6.29056124e+02  3.44e-08 7.11e-15  2.87e-06    13s
  21   6.29100275e+02  6.29063681e+02  1.60e-08 7.11e-15  1.70e-06    13s
  22   6.29093233e+02  6.29077574e+02  9.20e-09 7.11e-15  7.26e-07    13s
  23   6.29084817e+02  6.29082345e+02  8.04e-10 7.11e-15  1.15e-07    13s
  24   6.29084092e+02  6.29083463e+02  1.58e-10 1.42e-14  2.91e-08    13s
  25   6.29083957e+02  6.29083709e+02  4.86e-11 7.11e-15  1.15e-08    14s
  26   6.29083914e+02  6.29083819e+02  1.58e-11 1.42e-14  4.41e-09    14s
  27   6.29083898e+02  6.29083875e+02  4.01e-12 7.11e-15  1.09e-09    14s
  28   6.29083894e+02  6.29083887e+02  7.97e-13 7.11e-15  2.92e-10    14s
  29   6.29083893e+02  6.29083892e+02  5.22e-14 1.07e-14  8.51e-12    14s

Barrier solved model in 29 iterations and 13.98 seconds
Optimal objective 6.29083893e+02


Root crossover log...

     658 DPushes remaining with DInf 0.0000000e+00                14s
       0 DPushes remaining with DInf 0.0000000e+00                14s

    2963 PPushes remaining with PInf 3.4586037e-06                14s
       0 PPushes remaining with PInf 0.0000000e+00                14s

  Push phase complete: Pinf 0.0000000e+00, Dinf 4.3901016e-05     14s


Root simplex log...

Iteration    Objective       Primal Inf.    Dual Inf.      Time
    3429    6.2908389e+02   0.000000e+00   4.390102e-05     14s
    3432    6.2908389e+02   0.000000e+00   0.000000e+00     14s
    3432    6.2908389e+02   0.000000e+00   0.000000e+00     14s

Root relaxation: objective 6.290839e+02, 3432 iterations, 4.73 seconds
Total elapsed time = 15.30s

    Nodes    |    Current Node    |     Objective Bounds      |     Work
 Expl Unexpl |  Obj  Depth IntInf | Incumbent    BestBd   Gap | It/Node Time

     0     0  629.08389    0 1550          -  629.08389      -     -   15s
     0     0  631.51854    0 1860          -  631.51854      -     -   19s
     0     0  632.21845    0 1980          -  632.21845      -     -   22s
     0     0  632.24978    0 1984          -  632.24978      -     -   25s
     0     0  632.25387    0 1982          -  632.25387      -     -   25s
     0     0  632.25398    0 1982          -  632.25398      -     -   26s
     0     0  633.42729    0 1915          -  633.42729      -     -   42s
H    0     0                     683.5539209  633.42729  7.33%     -   64s
H    0     0                     683.5166810  633.42729  7.33%     -   64s
     0     0  633.69153    0 1899  683.51668  633.69153  7.29%     -   80s
     0     0  633.71737    0 1826  683.51668  633.71737  7.29%     -  103s
     0     0  633.71956    0 1822  683.51668  633.71956  7.29%     -  105s
     0     0  633.71985    0 1832  683.51668  633.71985  7.29%     -  106s
     0     0  634.51811    0 1797  683.51668  634.51811  7.17%     -  147s
     0     0  634.62065    0 1764  683.51668  634.62065  7.15%     -  163s
     0     0  634.63492    0 1761  683.51668  634.63492  7.15%     -  167s
     0     0  634.63905    0 1765  683.51668  634.63905  7.15%     -  168s
     0     0  634.63967    0 1757  683.51668  634.63967  7.15%     -  168s
     0     0  634.92755    0 1734  683.51668  634.92755  7.11%     -  238s
H    0     0                     683.4317265  634.92755  7.10%     -  240s
     0     0  635.01847    0 1692  683.43173  635.01847  7.08%     -  273s
     0     0  635.02964    0 1693  683.43173  635.02964  7.08%     -  290s
     0     0  635.03069    0 1701  683.43173  635.03069  7.08%     -  297s
     0     0  635.14963    0 1653  683.43173  635.14963  7.06%     -  358s
     0     0  635.17459    0 1642  683.43173  635.17459  7.06%     -  373s
     0     0  635.17910    0 1641  683.43173  635.17910  7.06%     -  379s
     0     0  635.18002    0 1649  683.43173  635.18002  7.06%     -  380s
     0     0  636.04055    0 1679  683.43173  636.04055  6.93%     -  425s
     0     0  636.28688    0 1653  683.43173  636.28688  6.90%     -  433s
     0     0  636.31348    0 1659  683.43173  636.31348  6.89%     -  436s
     0     0  636.31806    0 1677  683.43173  636.31806  6.89%     -  438s
     0     0  636.68706    0 1683  683.43173  636.68706  6.84%     -  477s
     0     0  636.73939    0 1676  683.43173  636.73939  6.83%     -  536s
     0     0  636.74751    0 1657  683.43173  636.74751  6.83%     -  553s
H    0     0                     659.5939678  636.74751  3.46%     -  557s
     0     0  636.75347    0 1678  659.59397  636.75347  3.46%     -  563s
H    0     0                     659.5939631  636.75347  3.46%     -  566s
     0     0  636.75630    0 1682  659.59396  636.75630  3.46%     -  568s
     0     0  636.81921    0 1625  659.59396  636.81921  3.45%     -  593s
     0     0  636.83020    0 1614  659.59396  636.83020  3.45%     -  598s
     0     0  636.83481    0 1636  659.59396  636.83481  3.45%     -  599s
     0     0  636.86167    0 1619  659.59396  636.86167  3.45%     -  607s
     0     0  636.86167    0 1618  659.59396  636.86167  3.45%     -  609s
H    0     0                     656.8063215  636.86167  3.04%     - 1030s
     0     2  636.86167    0 1614  656.80632  636.86167  3.04%     - 1034s
     1     4  640.87777    1 1582  656.80632  636.86271  3.04%  1739 1043s
     3     8  644.70538    2 1594  656.80632  637.29382  2.97%  1367 1056s
     7    16  644.86454    3 1530  656.80632  637.80070  2.89%  1648 1069s
    15    32  645.41758    4 1491  656.80632  638.14613  2.84%  1850 1093s
    31    64  646.13663    5 1509  656.80632  638.59611  2.77%  2537 1177s
H   32    64                     656.8062919  638.59611  2.77%  2458 1177s
H   34    64                     656.8062872  638.59611  2.77%  2452 1177s
H   36    64                     656.8062834  638.59611  2.77%  2424 1177s
H   49    64                     656.8062830  638.73544  2.75%  2336 1177s
H   53    64                     656.8062669  638.73544  2.75%  2310 1177s
H   58    64                     656.8062281  638.73544  2.75%  2301 1177s
H   61    64                     656.8062251  638.73544  2.75%  2296 1177s
    63    96  646.21849    6 1467  656.80623  638.73544  2.75%  2332 1651s
H   95   120                     656.7368073  638.73559  2.74%  2344 1745s
   127   140  646.40354    8 1461  656.73681  638.73559  2.74%  2098 1845s
   159   152 infeasible    9       656.73681  638.73559  2.74%  2029 2290s
H  162   152                     655.7795465  638.73559  2.60%  2067 2290s
H  163   152                     655.5634513  638.73559  2.57%  2068 2290s
H  164   152                     655.5177435  638.73559  2.56%  2062 2290s
H  171   152                     655.2815402  638.73559  2.53%  2041 2290s
H  189   152                     654.7321212  638.73559  2.44%  2100 2290s
H  191   173                     654.2625927  638.73559  2.37%  2090 3704s
H  193   173                     653.8084505  638.73559  2.31%  2087 3704s
H  194   173                     652.4067443  638.73559  2.10%  2079 3704s
   224   196  646.56696    9 1456  652.40674  638.73559  2.10%  2069 4877s
   277   209 infeasible   11       652.40674  638.73559  2.10%  2100 5791s

Cutting planes:
  Learned: 75
  Gomory: 24
  Cover: 223
  Implied bound: 364
  Projected implied bound: 249
  Clique: 27
  MIR: 1491
  StrongCG: 2
  Flow cover: 4387
  GUB cover: 35
  Zero half: 57
  RLT: 3392
  Relax-and-lift: 158

Explored 332 nodes (778707 simplex iterations) in 5793.65 seconds
Thread count was 32 (of 32 available processors)

Solution count 10: 652.407 653.808 654.263 ... 656.806

Solve interrupted
Best objective 6.524067443458e+02, best bound 6.387355926529e+02, gap 2.0955%

Gurobi 9.1.0 (linux64) logging started Wed Aug  4 15:37:21 2021

Changed value of parameter LogFile to eab_parasitoid_0.2_0_0_area_street.log
   Prev:   Default: 
Changed value of parameter MIPGap to 0.01
   Prev: 0.0001  Min: 0.0  Max: inf  Default: 0.0001
Changed value of parameter Method to 2
   Prev: -1  Min: -1  Max: 5  Default: -1
Changed value of parameter MIPFocus to 2
   Prev: 0  Min: 0  Max: 3  Default: 0
Changed value of parameter RINS to 100
   Prev: -1  Min: -1  Max: 2000000000  Default: -1
Gurobi Optimizer version 9.1.0 build v9.1.0rc0 (linux64)
Thread count: 32 physical cores, 32 logical processors, using up to 32 threads
Optimize a model with 203386 rows, 134930 columns and 685029 nonzeros
Model fingerprint: 0xc9d7be85
Variable types: 55774 continuous, 79156 integer (79156 binary)
Coefficient statistics:
  Matrix range     [2e-04, 1e+06]
  Objective range  [8e-07, 2e-01]
  Bounds range     [1e+00, 6e+03]
  RHS range        [1e-04, 1e+06]
Presolve removed 195151 rows and 128101 columns
Presolve time: 4.78s
Presolved: 8235 rows, 6829 columns, 113845 nonzeros
Variable types: 2731 continuous, 4098 integer (4096 binary)
Presolve removed 21 rows and 14 columns
Presolved: 8214 rows, 6815 columns, 113786 nonzeros

Root barrier log...

Ordering time: 0.46s

Barrier statistics:
 Dense cols : 127
 AA' NZ     : 4.938e+05
 Factor NZ  : 2.071e+06 (roughly 23 MBytes of memory)
 Factor Ops : 1.556e+09 (less than 1 second per iteration)
 Threads    : 31

                  Objective                Residual
Iter       Primal          Dual         Primal    Dual     Compl     Time
   0   1.78443958e+05 -5.04423055e+05  2.51e+04 2.56e-01  2.69e+03     6s
   1   1.22143223e+05 -5.91774978e+05  1.70e+04 1.44e+01  1.75e+03     7s
   2   9.46761395e+03 -5.94230056e+05  1.07e+03 6.11e-13  1.39e+02     7s
   3   1.67065682e+03 -2.78709729e+05  1.12e+02 2.05e-12  2.15e+01     7s
   4   7.94207264e+02 -4.85875295e+04  4.36e+00 2.16e-12  2.42e+00     7s
   5   7.25653470e+02 -1.05221623e+04  2.38e-01 7.67e-13  5.27e-01     7s
   6   7.00591629e+02 -1.90193952e+03  1.06e-03 1.49e-13  1.21e-01     7s
   7   6.68287201e+02 -7.14933593e+01  1.74e-04 3.55e-14  3.43e-02     7s
   8   6.49998122e+02  3.87676726e+02  6.18e-05 1.78e-14  1.22e-02     7s
   9   6.37995990e+02  5.69641709e+02  1.93e-05 7.11e-15  3.17e-03     8s
  10   6.33365106e+02  6.09241741e+02  7.72e-06 7.11e-15  1.12e-03     8s
  11   6.31479297e+02  6.21487239e+02  3.81e-06 7.11e-15  4.63e-04     8s
  12   6.30465973e+02  6.24904797e+02  1.94e-06 7.11e-15  2.58e-04     8s
  13   6.30349468e+02  6.25644681e+02  1.71e-06 7.11e-15  2.18e-04     8s
  14   6.29895474e+02  6.27265291e+02  1.01e-06 1.42e-14  1.22e-04     8s
  15   6.29594638e+02  6.27999584e+02  5.60e-07 1.42e-14  7.39e-05     8s
  16   6.29310690e+02  6.28928133e+02  1.40e-07 1.07e-14  1.77e-05     8s
  17   6.29280062e+02  6.28991980e+02  1.06e-07 7.11e-15  1.34e-05     8s
  18   6.29261181e+02  6.29089077e+02  8.45e-08 1.42e-14  7.98e-06     8s
  19   6.29220738e+02  6.29124381e+02  3.71e-08 7.11e-15  4.47e-06     9s
  20   6.29202756e+02  6.29154812e+02  1.76e-08 7.11e-15  2.22e-06     9s
  21   6.29194630e+02  6.29169778e+02  8.51e-09 7.11e-15  1.15e-06     9s
  22   6.29190094e+02  6.29179885e+02  3.33e-09 7.11e-15  4.73e-07     9s
  23   6.29187282e+02  6.29185285e+02  3.67e-10 7.11e-15  9.26e-08     9s
  24   6.29186929e+02  6.29186224e+02  6.45e-11 7.11e-15  3.27e-08     9s
  25   6.29186903e+02  6.29186611e+02  4.38e-11 1.42e-14  1.35e-08     9s
  26   6.29186864e+02  6.29186749e+02  1.67e-11 7.11e-15  5.34e-09     9s
  27   6.29186850e+02  6.29186800e+02  6.83e-12 7.11e-15  2.33e-09     9s
  28   6.29186841e+02  6.29186833e+02  1.27e-12 1.42e-14  3.94e-10     9s
  29   6.29186839e+02  6.29186839e+02  7.68e-14 1.18e-14  2.39e-11     9s

Barrier solved model in 29 iterations and 9.39 seconds
Optimal objective 6.29186839e+02


Root crossover log...

     654 DPushes remaining with DInf 0.0000000e+00                 9s
       0 DPushes remaining with DInf 0.0000000e+00                 9s

    3038 PPushes remaining with PInf 8.1208248e-06                 9s
       0 PPushes remaining with PInf 0.0000000e+00                10s

  Push phase complete: Pinf 0.0000000e+00, Dinf 2.9003920e-02     10s


Root simplex log...

Iteration    Objective       Primal Inf.    Dual Inf.      Time
    3498    6.2918684e+02   0.000000e+00   2.900392e-02     10s
    3509    6.2918684e+02   0.000000e+00   0.000000e+00     10s
    3509    6.2918684e+02   0.000000e+00   0.000000e+00     10s

Root relaxation: objective 6.291868e+02, 3509 iterations, 4.69 seconds
Total elapsed time = 10.49s

    Nodes    |    Current Node    |     Objective Bounds      |     Work
 Expl Unexpl |  Obj  Depth IntInf | Incumbent    BestBd   Gap | It/Node Time

     0     0  629.18684    0 1592          -  629.18684      -     -   10s
     0     0  631.05453    0 1878          -  631.05453      -     -   13s
     0     0  632.34775    0 2017          -  632.34775      -     -   16s
     0     0  632.41695    0 1995          -  632.41695      -     -   17s
     0     0  632.42356    0 2006          -  632.42356      -     -   17s
     0     0  632.42475    0 2000          -  632.42475      -     -   17s
     0     0  632.42480    0 2000          -  632.42480      -     -   17s
     0     0  634.04381    0 1846          -  634.04381      -     -   28s
H    0     0                     679.2371868  634.04381  6.65%     -   30s
     0     0  634.32796    0 1880  679.23719  634.32796  6.61%     -   31s
     0     0  634.39827    0 1828  679.23719  634.39827  6.60%     -   34s
     0     0  634.40153    0 1841  679.23719  634.40153  6.60%     -   35s
     0     0  634.40173    0 1841  679.23719  634.40173  6.60%     -   35s
     0     0  634.85193    0 1691  679.23719  634.85193  6.53%     -   40s
     0     0  634.95671    0 1726  679.23719  634.95671  6.52%     -   42s
     0     0  634.96858    0 1717  679.23719  634.96858  6.52%     -   44s
     0     0  634.97235    0 1725  679.23719  634.97235  6.52%     -   45s
     0     0  634.97400    0 1734  679.23719  634.97400  6.52%     -   45s
     0     0  635.22029    0 1670  679.23719  635.22029  6.48%     -   75s
H    0     0                     679.2297279  635.22029  6.48%     -   76s
     0     0  635.29337    0 1677  679.22973  635.29337  6.47%     -   94s
     0     0  635.30229    0 1693  679.22973  635.30229  6.47%     -  100s
     0     0  635.30439    0 1696  679.22973  635.30439  6.47%     -  101s
     0     0  635.86879    0 1662  679.22973  635.86879  6.38%     -  144s
H    0     0                     661.5721338  635.86879  3.89%     -  153s
     0     0  635.86879    0 1674  661.57213  635.86879  3.89%     -  212s
     0     0  635.86879    0 1655  661.57213  635.86879  3.89%     -  222s
     0     0  635.86879    0 1651  661.57213  635.86879  3.89%     -  227s
     0     0  636.07335    0 1653  661.57213  636.07335  3.85%     -  337s
     0     0  636.33225    0 1657  661.57213  636.33225  3.82%     -  359s
     0     0  636.37205    0 1653  661.57213  636.37205  3.81%     -  383s
     0     0  636.37751    0 1677  661.57213  636.37751  3.81%     -  392s
     0     0  636.37883    0 1671  661.57213  636.37883  3.81%     -  400s
     0     0  636.81653    0 1657  661.57213  636.81653  3.74%     -  466s
     0     0  636.86136    0 1637  661.57213  636.86136  3.74%     -  473s
     0     0  636.87381    0 1643  661.57213  636.87381  3.73%     -  483s
     0     0  636.87584    0 1659  661.57213  636.87584  3.73%     -  486s
     0     0  636.94253    0 1612  661.57213  636.94253  3.72%     -  521s
     0     0  636.96019    0 1623  661.57213  636.96019  3.72%     -  556s
     0     0  636.96510    0 1614  661.57213  636.96510  3.72%     -  561s
H    0     0                     659.3711916  636.96510  3.40%     -  566s
H    0     0                     659.3711747  636.96510  3.40%     -  566s
H    0     0                     659.3711716  636.96510  3.40%     -  566s
H    0     0                     659.3711473  636.96510  3.40%     -  566s
     0     0  637.00703    0 1620  659.37115  637.00703  3.39%     -  587s
     0     0  637.01726    0 1615  659.37115  637.01726  3.39%     -  604s
     0     0  637.01876    0 1617  659.37115  637.01876  3.39%     -  607s
     0     0  637.03665    0 1595  659.37115  637.03665  3.39%     -  613s
     0     0  637.03665    0 1594  659.37115  637.03665  3.39%     -  615s
H    0     0                     659.3681860  637.03665  3.39%     -  617s
H    0     0                     656.6638816  637.03665  2.99%     - 1771s
     0     2  637.03665    0 1594  656.66388  637.03665  2.99%     - 1773s
     1     4  640.87421    1 1558  656.66388  637.03673  2.99%  2393 1782s
     3     8  644.82151    2 1570  656.66388  637.49222  2.92%  1515 1801s
     7    16  645.37765    3 1568  656.66388  637.97759  2.85%  1840 1818s
    15    32  645.59327    4 1543  656.66388  638.31325  2.79%  2013 1847s
    31    64  645.70119    5 1540  656.66388  638.64044  2.74%  2579 1928s
