
Gurobi 9.1.0 (linux64) logging started Tue Dec 28 21:01:54 2021

Changed value of parameter LogFile to eab_parasitoid_0.8_0_0_bud.log
   Prev:   Default: 
Changed value of parameter MIPGap to 0.01
   Prev: 0.0001  Min: 0.0  Max: inf  Default: 0.0001
Changed value of parameter MIPFocus to 1
   Prev: 0  Min: 0  Max: 3  Default: 0
Changed value of parameter RINS to 100
   Prev: -1  Min: -1  Max: 2000000000  Default: -1
Changed value of parameter TimeLimit to 28800.0
   Prev: inf  Min: 0.0  Max: inf  Default: inf
Changed value of parameter NodeFileStart to 10000.0
   Prev: inf  Min: 0.0  Max: inf  Default: inf
Changed value of parameter Threads to 4
   Prev: 0  Min: 0  Max: 1024  Default: 0
Changed value of parameter Heuristics to 1.0
   Prev: 0.05  Min: 0.0  Max: 1.0  Default: 0.05
Gurobi Optimizer version 9.1.0 build v9.1.0rc0 (linux64)
Thread count: 32 physical cores, 32 logical processors, using up to 4 threads
Optimize a model with 381543 rows, 174513 columns and 1305866 nonzeros
Model fingerprint: 0xf914094f
Variable types: 77367 continuous, 97146 integer (97146 binary)
Coefficient statistics:
  Matrix range     [2e-04, 6e+03]
  Objective range  [1e-06, 1e-01]
  Bounds range     [1e+00, 6e+03]
  RHS range        [1e-04, 7e+03]

User MIP start produced solution with objective 1152.08 (7.63s)
User MIP start produced solution with objective 1151.96 (8.09s)
Loaded user MIP start with objective 1151.96
Processed MIP start in 8.13 seconds

Presolve removed 225511 rows and 80832 columns (presolve time = 5s) ...
Presolve removed 261819 rows and 105205 columns
Presolve time: 7.13s
Presolved: 119724 rows, 69308 columns, 621222 nonzeros
Variable types: 31753 continuous, 37555 integer (37555 binary)

Deterministic concurrent LP optimizer: primal and dual simplex (primal and dual model)
Showing first log only...

Presolve removed 230 rows and 209 columns
Presolved: 119494 rows, 69099 columns, 620707 nonzeros


Root simplex log...

Iteration    Objective       Primal Inf.    Dual Inf.      Time
       0    3.2647383e+02   3.475981e+02   2.471850e+09     16s
Concurrent spin time: 0.11s

Solved with dual simplex (primal model)

Root relaxation: objective 3.166385e+02, 6251 iterations, 1.10 seconds

    Nodes    |    Current Node    |     Objective Bounds      |     Work
 Expl Unexpl |  Obj  Depth IntInf | Incumbent    BestBd   Gap | It/Node Time

     0     0  316.67002    0 1140 1151.96089  316.67002  72.5%     -   22s
     0     0  322.40872    0 2054 1151.96089  322.40872  72.0%     -   30s
     0     0  326.56341    0 2016 1151.96089  326.56341  71.7%     -   33s
     0     0  327.06115    0 2034 1151.96089  327.06115  71.6%     -   34s
     0     0  327.47714    0 2054 1151.96089  327.47714  71.6%     -   34s
     0     0  327.47794    0 2053 1151.96089  327.47794  71.6%     -   34s
     0     0  339.88285    0 2203 1151.96089  339.88285  70.5%     -   39s
H    0     0                    1151.9591549  339.88285  70.5%     -   44s
     0     0  340.49750    0 2222 1151.95915  340.49750  70.4%     -   45s
     0     0  340.53956    0 2235 1151.95915  340.53956  70.4%     -   45s
     0     0  340.54011    0 2235 1151.95915  340.54011  70.4%     -   46s
     0     0  357.84396    0 2398 1151.95915  357.84396  68.9%     -   54s
     0     0  357.84396    0 1304 1151.95915  357.84396  68.9%     -   65s
     0     0  371.20613    0 1974 1151.95915  371.20613  67.8%     -   70s
     0     0  379.00651    0 2229 1151.95915  379.00651  67.1%     -   77s
     0     0  382.22930    0 2359 1151.95915  382.22930  66.8%     -   80s
     0     0  382.27893    0 2357 1151.95915  382.27893  66.8%     -   81s
     0     0  382.28268    0 2367 1151.95915  382.28268  66.8%     -   81s
     0     0  382.28294    0 2375 1151.95915  382.28294  66.8%     -   82s
     0     0  391.31456    0 2400 1151.95915  391.31456  66.0%     -   88s
     0     0  392.32750    0 2343 1151.95915  392.32750  65.9%     -   91s
     0     0  392.37748    0 2338 1151.95915  392.37748  65.9%     -   91s
     0     0  392.38077    0 2344 1151.95915  392.38077  65.9%     -   92s
     0     0  414.81086    0 2335 1151.95915  414.81086  64.0%     -  102s
     0     0  417.07045    0 2356 1151.95915  417.07045  63.8%     -  109s
     0     0  419.09265    0 2307 1151.95915  419.09265  63.6%     -  111s
     0     0  419.34617    0 2334 1151.95915  419.34617  63.6%     -  112s
     0     0  419.38947    0 2367 1151.95915  419.38947  63.6%     -  113s
     0     0  419.40556    0 2358 1151.95915  419.40556  63.6%     -  113s
     0     0  419.40724    0 2356 1151.95915  419.40724  63.6%     -  113s
     0     0  421.50983    0 2273 1151.95915  421.50983  63.4%     -  120s
     0     0  421.98088    0 2295 1151.95915  421.98088  63.4%     -  123s
     0     0  422.07319    0 2286 1151.95915  422.07319  63.4%     -  124s
     0     0  422.07704    0 2297 1151.95915  422.07704  63.4%     -  125s
     0     0  423.04073    0 2251 1151.95915  423.04073  63.3%     -  131s
H    0     0                    1053.6932980  423.04073  59.9%     -  142s
H    0     0                     945.6811061  423.04073  55.3%     -  475s
     0     2  423.04073    0 2249  945.68111  423.04073  55.3%     -  480s
     3     8  425.38723    2 2253  945.68111  425.38723  55.0%  1073  486s
     7    12  426.19092    3 2272  945.68111  426.19092  54.9%  1139  490s
    15    20  436.85870    5 2342  945.68111  427.54077  54.8%  1098  498s
    19    24  441.53932    5 2361  945.68111  437.61378  53.7%  1126  502s
H   23    25                     945.6811035  437.61378  53.7%  1066  509s
H   28    28                     937.9593993  437.68037  53.3%   920  517s
H   29    28                     931.3322709  441.53932  52.6%   915  517s
    33    34  455.98644    7 2314  931.33227  441.53932  52.6%   945  521s
    39    38  451.23093    8 2329  931.33227  441.53932  52.6%   911  528s
H   40    38                     931.3218135  441.53932  52.6%   888  528s
H   43    42                     931.3118043  441.53932  52.6%   887  538s
H   44    42                     923.4084642  441.53932  52.2%   884  538s
H   47    47                     923.3967715  441.53932  52.2%   908  548s
H   49    47                     923.2415482  441.53932  52.2%   872  548s
H   50    47                     922.9850850  441.53932  52.2%   867  548s
H   51    47                     920.5707090  441.53932  52.0%   850  548s
    52    56  458.33994   11 2305  920.57071  441.53932  52.0%   875  635s
    61    64  462.79521   13 2478  920.57071  441.53932  52.0%   810  641s
    69    68  469.23123   15 2474  920.57071  441.53932  52.0%   750  648s
H   70    68                     920.5501453  441.53932  52.0%   740  648s
H   71    68                     920.4362603  441.53932  52.0%   734  648s
    73    84  469.73113   16 2472  920.43626  441.53932  52.0%   723  651s
    89    88  472.59015   19 2466  920.43626  441.53932  52.0%   620  659s
H   91    88                     920.4356836  441.53932  52.0%   607  659s
    93   101  472.59447   20 2465  920.43568  441.53932  52.0%   597  663s
   106   105  473.30934   23 2459  920.43568  441.53932  52.0%   537  675s
   130   145  478.01902   29 2466  920.43568  441.53932  52.0%   481  682s
H  146   145                     918.0732535  441.53932  51.9%   444  682s
   150   173  479.07267   35 2460  918.07325  441.53932  51.9%   440  685s
   178   177  484.51646   42 2454  918.07325  441.53932  51.9%   386  697s
   182   215  484.90708   42 2447  918.07325  441.53932  51.9%   379  700s
   222   218 infeasible   52       918.07325  441.53932  51.9%   318  713s
H  223   218                     917.6125716  441.53932  51.9%   317  713s
H  225   218                     917.3668783  441.53932  51.9%   315  713s
   227   250  493.33508   52 2437  917.36688  441.53932  51.9%   312  716s
H  265   254                     917.3502419  441.53932  51.9%   280  763s
H  266   254                     917.2716009  441.53932  51.9%   279  763s
H  267   254                     903.2969781  441.53932  51.1%   280  763s
   269   293  509.95283   64 2470  903.29698  441.53932  51.1%   282  766s
   308   297  555.87562   65 2471  903.29698  441.53932  51.1%   258  776s
H  309   297                     903.2032489  441.53932  51.1%   257  777s
H  311   297                     903.0185263  441.53932  51.1%   256  777s
   312   301  522.43278   66 2463  903.01853  441.53932  51.1%   255  782s
H  314   301                     903.0144770  441.53932  51.1%   254  782s
H  316   309                     902.3354642  441.53932  51.1%   252  787s
   324   324  523.03686   68 2463  902.33546  441.53932  51.1%   247  797s
H  327   324                     902.3351186  441.53932  51.1%   245  797s
H  340   324                     902.3330130  441.53932  51.1%   239  797s
H  341   323                     901.8318226  441.53932  51.0%   239  809s
   350   335  527.59474   73 2475  901.83182  441.53932  51.0%   239  816s
   362   357  528.42422   81 2467  901.83182  441.53932  51.0%   249  890s
   394   356 infeasible   87       901.83182  443.21197  50.9%   314  909s
H  401   356                     901.8260560  443.21197  50.9%   318  909s
   403   359  455.54438    7 2380  901.82606  443.21197  50.9%   319  920s
   408   379  461.95068    7 2422  901.82606  451.23093  50.0%   327  926s
H  432   383                     901.8258606  451.23093  50.0%   324  942s
H  433   383                     901.5861692  451.23093  50.0%   325  942s
H  435   383                     901.2174905  451.23093  49.9%   330  942s
   436   402  464.90612    9 2387  901.21749  451.23093  49.9%   332  951s
H  443   402                     901.2169587  451.23093  49.9%   331  951s
H  455   406                     901.0919782  451.23093  49.9%   331 1265s
H  456   406                     900.9634709  451.23093  49.9%   330 1265s
   459   415  469.35718   11 2528  900.96347  451.23093  49.9%   332 1280s
H  470   419                     900.9364247  451.23093  49.9%   331 1563s
H  471   419                     900.8096001  451.23093  49.9%   331 1563s
   474   473  470.37896   14 2517  900.80960  451.23093  49.9%   329 1573s
H  511   473                     894.7635534  451.23093  49.6%   314 1573s
   532   478  477.82035   18 2507  894.76355  451.23093  49.6%   304 1584s
H  540   478                     894.7602672  451.23093  49.6%   304 1584s
H  541   480                     894.7602667  451.23093  49.6%   303 1599s
H  547   480                     894.7602166  451.23093  49.6%   301 1599s
H  549   480                     894.3320665  451.23093  49.5%   305 1599s
   569   510  481.49858   23 2478  894.33207  451.23093  49.5%   301 1622s
H  592   510                     894.3320101  451.23093  49.5%   294 1622s
   601   529  485.76396   31 2468  894.33201  451.23093  49.5%   294 1773s
H  628   531                     891.7580680  451.23093  49.4%   328 1838s
   632   573  487.94520   36 2467  891.75807  451.23093  49.4%   339 1861s
H  678   576                     853.2726337  451.23093  47.1%   336 1893s
   683   632  521.31665   46 2513  853.27263  451.23093  47.1%   340 1912s
H  706   632                     853.0510697  451.23093  47.1%   332 1912s
   743   653  517.48751   58 2483  853.05107  451.23093  47.1%   322 1932s
H  758   653                     853.0504381  451.23093  47.1%   317 1932s
   768   692  526.12080   66 2471  853.05044  451.23093  47.1%   313 1950s
H  788   692                     853.0500449  451.23093  47.1%   309 1950s
   833   712 infeasible   79       853.05004  455.98644  46.5%   302 1966s
H  880   716                     853.0333444  455.98644  46.5%   304 2127s
H  880   716                     851.4092628  455.98644  46.4%   304 2127s
   884   755  625.64384   13 2370  851.40926  455.98644  46.4%   305 2143s
H  900   755                     851.4090559  455.98644  46.4%   303 2143s
H  947   755                     851.4086150  455.98644  46.4%   305 2143s
   948   759  649.23030   30 2446  851.40861  455.98644  46.4%   305 2163s
   952   843  649.89632   31 2455  851.40861  455.98644  46.4%   306 2244s
H 1031   843                     849.4044264  455.98644  46.3%   293 2244s
H 1040   843                     848.0057383  455.98644  46.2%   304 2364s
  1041   844  469.32371   16 2398  848.00574  455.98644  46.2%   304 2377s
  1043   845  641.98767   59 1858  848.00574  455.98644  46.2%   303 2391s
  1044   846  541.83624   54 2443  848.00574  455.98644  46.2%   303 2399s
  1045   847  489.54558    4 2419  848.00574  455.98644  46.2%   302 2407s
  1046   847  563.30194   84 2422  848.00574  455.98644  46.2%   302 2411s
  1048   849  644.63518   57 2326  848.00574  457.83782  46.0%   302 2418s
  1049   849  544.77966   59 2350  848.00574  462.89967  45.4%   301 2420s
  1053   852  488.02949   39 2261  848.00574  482.91958  43.1%   300 2443s
  1054   853  527.87804   47 2366  848.00574  487.04215  42.6%   300 2450s
  1056   854  597.06205   13 2324  848.00574  492.42448  41.9%   299 2455s
  1060   857  556.66831   14 2348  848.00574  493.85167  41.8%   298 2463s
  1061   857  586.96073    5 2268  848.00574  500.86475  40.9%   298 2478s
  1062   858  629.25218   48 2226  848.00574  506.11303  40.3%   298 2483s
  1063   859  506.51976   20 2276  848.00574  506.51976  40.3%   297 2485s
  1067   861  597.45168   23 2282  848.00574  506.90829  40.2%   296 2493s
H 1067   817                     847.9525814  513.77418  39.4%   296 2506s
  1070   819  635.77992   70 2256  847.95258  540.78306  36.2%   295 2511s
  1074   822  540.78306    6 2052  847.95258  540.78306  36.2%   294 2520s
H 1074   780                     847.8528718  540.78306  36.2%   294 2529s
  1075   781  540.78306   41 2052  847.85287  540.78306  36.2%   294 2987s
  1076   784  540.78306   10 2057  847.85287  540.78306  36.2%   351 2996s
  1078   788  540.78306   11 2051  847.85287  540.78306  36.2%   352 3002s
  1082   790  540.78306   12 2075  847.85287  540.78306  36.2%   354 3006s
  1086   793  540.78306   12 2040  847.85287  540.78306  36.2%   359 3010s
  1090   796  540.78306   13 2118  847.85287  540.78306  36.2%   363 3016s
H 1094   759                     846.3866642  540.78306  36.1%   365 3029s
H 1098   724                     846.3402697  540.78306  36.1%   376 3036s
H 1099   688                     846.0651540  540.78306  36.1%   376 3036s
H 1101   653                     845.8652780  540.78306  36.1%   377 3036s
H 1102   625                     845.4622339  540.78306  36.0%   377 3049s
H 1106   596                     845.4585760  540.78306  36.0%   381 3177s
H 1107   567                     845.4520429  540.78306  36.0%   381 3177s
  1110   571  554.96015   15 2083  845.45204  540.78306  36.0%   382 3181s
  1115   569 infeasible   16       845.45204  540.78306  36.0%   383 3185s
  1121   571  608.28046   16 2065  845.45204  540.78306  36.0%   385 3190s
H 1135   551                     845.4425780  540.78306  36.0%   386 3356s
H 1137   524                     845.2870495  540.78306  36.0%   385 3356s
  1139   535  609.53659   19 2063  845.28705  540.78306  36.0%   385 3361s
  1153   545  610.61937   21 2064  845.28705  540.78306  36.0%   384 3366s
H 1167   519                     845.2814460  540.78306  36.0%   382 3558s
H 1170   494                     845.2749522  540.78306  36.0%   383 3558s
  1171   509  663.62856   23 2052  845.27495  540.78306  36.0%   383 3565s
H 1186   486                     845.2693476  540.78306  36.0%   382 3727s
H 1188   463                     836.6054701  540.78306  35.4%   382 3727s
  1190   478  718.10117   25 2233  836.60547  540.78306  35.4%   382 3733s
  1210   491  719.26282   27 2220  836.60547  540.78306  35.4%   379 3739s
H 1216   469                     836.6054683  540.78306  35.4%   378 3739s
  1231   484  719.54888   30 2213  836.60547  540.78306  35.4%   375 3746s
  1253   494  720.29527   32 2214  836.60547  540.78306  35.4%   370 3752s
  1273   505  724.93613   35 2196  836.60547  540.78306  35.4%   367 3758s
H 1294   483                     836.6043217  540.78306  35.4%   362 3957s
H 1295   463                     836.5546367  540.78306  35.4%   362 3957s
H 1297   446                     836.5546292  540.78306  35.4%   362 3957s
  1298   452  731.30658   37 2183  836.55463  540.78306  35.4%   361 4076s
H 1301   434                     836.2659750  540.78306  35.3%   361 4076s
  1307   446 infeasible   38       836.26597  540.78306  35.3%   365 4089s
  1327   451  732.33754   41 2195  836.26597  540.78306  35.3%   362 4100s
H 1336   433                     836.1860275  540.78306  35.3%   361 4100s
H 1340   416                     836.1535709  540.78306  35.3%   360 4100s
H 1344   401                     835.5294051  540.78306  35.3%   359 4100s
  1345   428  735.97651   44 2204  835.52941  540.78306  35.3%   359 4109s
H 1374   410                     835.1492032  540.78306  35.2%   354 4119s
H 1379   395                     834.9382559  540.78306  35.2%   353 4119s
  1380   415  736.86628   47 2198  834.93826  540.78306  35.2%   353 4136s
H 1408   398                     834.9381007  540.78306  35.2%   351 4279s
H 1408   386                     834.6447454  540.78306  35.2%   351 4279s
H 1409   374                     827.0367660  540.78306  34.6%   351 4279s
  1412   399  738.25978   50 2165  827.03677  540.78306  34.6%   350 4290s
H 1440   384                     827.0367626  540.78306  34.6%   347 4364s
H 1441   364                     801.7482033  540.78306  32.5%   347 4364s
  1444   381  738.73463   54 2160  801.74820  540.78306  32.5%   346 4378s
H 1470   367                     800.6969442  540.78306  32.5%   345 4406s
H 1471   358                     800.1413383  540.78306  32.4%   344 4406s
  1474   375  788.41964   57 2164  800.14134  540.78306  32.4%   344 4430s
H 1506   359                     799.6572287  540.78306  32.4%   341 4465s
H 1507   353                     799.2130653  540.78306  32.3%   341 4465s
H 1509   353                     798.5657090  540.78306  32.3%   341 4465s
  1510   364  751.50979   61 2153  798.56571  540.78306  32.3%   341 4621s
H 1512   364                     798.2399617  540.78306  32.3%   340 4621s
H 1519   364                     797.3674585  540.78306  32.2%   339 4621s
  1523   394  739.56913   63 2156  797.36746  540.78306  32.2%   338 4707s
H 1562   394                     797.1709983  540.78306  32.2%   344 4707s
  1563   440  742.23689   66 2150  797.17100  540.78306  32.2%   344 4774s
H 1613   444                     797.0056900  540.78306  32.1%   357 4823s
H 1615   444                     795.8091784  540.78306  32.0%   356 4823s
H 1616   444                     795.6553250  540.78306  32.0%   356 4823s
H 1617   443                     794.7417502  540.78306  32.0%   356 4867s
H 1619   443                     794.6103043  540.78306  31.9%   356 4867s
H 1619   442                     793.7780751  540.78306  31.9%   356 4867s
  1623   446  745.00225   72 2130  793.77808  540.78306  31.9%   356 5003s
  1627   494  750.15376   72 2125  793.77808  540.78306  31.9%   356 5050s
H 1678   492                     793.6351625  540.78306  31.9%   347 5050s
H 1679   506                     793.5576938  540.78306  31.9%   346 5079s
H 1680   506                     793.4407958  540.78306  31.8%   346 5079s
H 1688   506                     793.3657757  540.78306  31.8%   346 5079s
  1698   518  747.37584   80 2111  793.36578  540.78306  31.8%   344 5169s
  1714   590  747.37987   81 2106  793.36578  540.78306  31.8%   343 5211s
  1792   594  748.48897   90 2101  793.36578  540.78306  31.8%   331 5341s
  1796   612  749.02387   90 2096  793.36578  540.78306  31.8%   330 5456s
  1816   620  748.81141   93 2099  793.36578  540.78306  31.8%   328 5494s
H 1817   620                     793.1896720  540.78306  31.8%   327 5494s
  1824   695  748.83614   94 2095  793.18967  540.78306  31.8%   326 5532s
  1907   727  750.64901  102 2087  793.18967  540.78306  31.8%   315 5625s
  1945   735  750.84559  107 2073  793.18967  540.78306  31.8%   315 5655s
  1955   816  768.45373  107 2078  793.18967  540.78306  31.8%   314 5719s
H 1975   816                     792.9558820  540.78306  31.8%   312 5719s
H 2002   816                     792.7742892  540.78306  31.8%   310 5719s
  2051   819  754.15141  119 2074  792.77429  540.78306  31.8%   306 5855s
  2056   897  753.34419  120 2071  792.77429  540.78306  31.8%   306 5912s
H 2098   897                     792.2405113  540.78306  31.7%   301 5912s
  2143   949  754.91798  131 2039  792.24051  540.78306  31.7%   296 6040s
H 2168   949                     792.0080362  540.78306  31.7%   293 6040s
H 2181   949                     792.0075294  540.78306  31.7%   292 6040s
H 2195   953                     792.0071921  540.78306  31.7%   290 6235s
H 2196   953                     792.0070925  540.78306  31.7%   290 6235s
  2199   961  759.52445  138 2043  792.00709  540.78306  31.7%   290 6325s
  2207  1014  777.68748  139 2022  792.00709  540.78306  31.7%   289 6405s
H 2227  1014                     791.8923522  540.78306  31.7%   287 6405s
  2264  1123  759.27323  141 2028  791.89235  540.78306  31.7%   284 6485s
  2379  1131  759.83857  154 2010  791.89235  540.78306  31.7%   274 6567s
  2387  1183  759.85527  155 2007  791.89235  540.78306  31.7%   274 6721s
  2451  1298  760.57942  166 2006  791.89235  540.78306  31.7%   270 6779s
H 2498  1298                     791.8379167  540.78306  31.7%   268 6779s
H 2574  1301                     791.8374403  540.78306  31.7%   263 6956s
H 2574  1301                     791.8178726  540.78306  31.7%   263 6956s
  2579  1304 infeasible  174       791.81787  540.78306  31.7%   262 7073s
H 2581  1304                     791.8171763  540.78306  31.7%   262 7073s
H 2583  1304                     791.8171157  540.78306  31.7%   262 7073s
  2584  1364 infeasible  175       791.81712  540.78306  31.7%   262 7238s
H 2617  1364                     791.8009534  540.78306  31.7%   260 7238s
H 2634  1364                     791.5052396  540.78306  31.7%   259 7238s
H 2652  1368                     790.9385801  540.78306  31.6%   258 7346s
H 2653  1368                     790.8984159  540.78306  31.6%   258 7346s
  2656  1451  763.02686  184 1988  790.89842  540.78306  31.6%   258 7447s
  2765  1454 infeasible  198       790.89842  540.78306  31.6%   252 7534s
  2770  1566  765.52636  199 1963  790.89842  540.78306  31.6%   252 7705s
H 2789  1566                     790.7982494  540.78306  31.6%   251 7705s
H 2820  1566                     790.5393890  540.78306  31.6%   250 7705s
H 2851  1565                     790.3283502  540.78306  31.6%   248 7705s
  2894  1600  765.60960  215 1964  790.32835  540.78306  31.6%   245 7800s
H 2921  1600                     790.3283500  540.78306  31.6%   243 7800s
H 2929  1600                     790.2200824  540.78306  31.6%   243 7800s
  2930  1791  784.20677  218 1956  790.22008  540.78306  31.6%   243 7900s
H 2955  1791                     790.2200791  540.78306  31.6%   242 7900s
H 2958  1791                     790.2195007  540.78306  31.6%   242 7900s
H 2990  1791                     790.2012625  540.78306  31.6%   241 7900s
H 3058  1791                     790.1512119  540.78306  31.6%   237 7900s
  3144  1795  767.44748  236 1942  790.15121  540.78306  31.6%   233 7964s
  3148  1952 infeasible  236       790.15121  540.78306  31.6%   233 8137s
H 3152  1952                     790.0621571  540.78306  31.6%   233 8137s
H 3153  1951                     790.0462526  540.78306  31.6%   233 8137s
H 3329  2088                     789.8893725  540.78306  31.5%   227 8282s
H 3330  2086                     789.7626961  540.78306  31.5%   226 8282s
H 3352  2086                     789.7572980  540.78306  31.5%   227 8282s
  3511  2126 infeasible  263       789.75730  540.78306  31.5%   221 8402s
H 3512  2126                     789.5885636  540.78306  31.5%   221 8402s
H 3536  2126                     789.5154214  540.78306  31.5%   221 8402s
  3573  2139  774.17447  272 1906  789.51542  540.78306  31.5%   220 8601s
  3586  2195  774.61241  273 1902  789.51542  540.78306  31.5%   221 8808s
H 3646  2210                     789.4754619  540.78306  31.5%   221 8903s
H 3657  2210                     789.3062887  540.78306  31.5%   221 8903s
  3663  2315  775.28250  283 1871  789.30629  540.78306  31.5%   220 9019s
H 3686  2315                     789.3062835  540.78306  31.5%   226 9019s
H 3757  2315                     789.2870771  540.78306  31.5%   228 9019s
H 3795  2315                     789.2032237  540.78306  31.5%   226 9019s
H 3810  2484                     789.1915795  540.78306  31.5%   225 9145s
H 3924  2484                     789.1412524  540.78306  31.5%   227 9145s
H 4004  2596                     789.1010022  540.78306  31.5%   223 9279s
H 4004  2596                     789.0809807  540.78306  31.5%   223 9279s
H 4005  2596                     789.0566300  540.78306  31.5%   224 9279s
H 4122  2600                     789.0566037  540.78306  31.5%   220 9558s
H 4123  2600                     789.0523367  540.78306  31.5%   221 9558s
  4126  2819  674.00081   20 2220  789.05234  540.78306  31.5%   221 9786s
H 4151  2819                     789.0523321  540.78306  31.5%   220 9786s
H 4200  2819                     789.0521675  540.78306  31.5%   218 9786s
H 4388  2835                     789.0521659  540.78306  31.5%   217 9924s
H 4388  2834                     788.9540044  540.78306  31.5%   217 9924s
  4404  3009  764.57688   94 2128  788.95400  540.78306  31.5%   216 10090s
H 4417  3009                     788.9540012  540.78306  31.5%   216 10090s
H 4418  3009                     788.9540002  540.78306  31.5%   216 10090s
H 4436  3009                     788.9539998  540.78306  31.5%   215 10090s
H 4437  3009                     788.9539978  540.78306  31.5%   216 10090s
H 4515  3009                     788.9539933  540.78306  31.5%   216 10090s
H 4598  3032                     788.9539910  540.78306  31.5%   213 10261s
H 4598  3032                     788.9539864  540.78306  31.5%   213 10261s
  4621  3187  765.61034  116 2066  788.95399  540.78306  31.5%   213 10436s
H 4676  3187                     788.9539823  540.78306  31.5%   215 10436s
  4837  3312  778.75353  142 2040  788.95398  549.74566  30.3%   210 10677s
  5070  3312 infeasible   19       788.95398  553.89226  29.8%   215 11000s
H 5073  3312                     788.9539791  553.89226  29.8%   216 11000s
H 5074  3312                     788.9539774  553.89226  29.8%   216 11000s
H 5075  3312                     788.9539763  553.89226  29.8%   216 11000s
  5078  3377  677.46254   21 2219  788.95398  553.89226  29.8%   216 11135s
H 5168  3446                     788.9539743  553.89226  29.8%   221 11325s
  5248  3450  688.43273   45 2198  788.95397  553.89226  29.8%   220 11616s
  5252  3617  688.48218   46 2195  788.95397  553.89226  29.8%   221 11754s
H 5440  3617                     788.9303625  553.89226  29.8%   226 11754s
  5451  3656  704.72084  110 2129  788.93036  553.89226  29.8%   226 12028s
H 5467  3656                     788.9303551  553.89226  29.8%   225 12028s
H 5518  3656                     788.9303548  553.89226  29.8%   225 12028s
  5521  3675  706.59090  127 2102  788.93035  553.89226  29.8%   225 12191s
H 5541  3675                     788.9303544  553.89226  29.8%   225 12191s
  5544  3816  709.01483  145 2085  788.93035  553.89226  29.8%   225 12444s
  5720  3826  721.18850  202 1954  788.93035  553.89226  29.8%   222 12596s
  5730  4054  721.26992  206 1947  788.93035  553.89226  29.8%   222 12785s
  5998  4061  744.23987  277 1776  788.93035  553.89226  29.8%   219 12994s
H 6002  4061                     788.9303539  553.89226  29.8%   219 12994s
  6007  4410  744.28602  280 1771  788.93035  553.89226  29.8%   220 13256s
  6412  4734  751.48152  451 1422  788.93035  553.89226  29.8%   213 13642s
  6855  4970  755.70830  620 1122  788.93035  553.89226  29.8%   209 13872s
H 7166  4970                     788.9303538  553.89226  29.8%   210 13872s
  7213  5282  757.77279  730  997  788.93035  598.54313  24.1%   210 14220s
  7646  5547  762.24295   78 2150  788.93035  600.98483  23.8%   208 14493s
  7930  5916  667.71438   23 2049  788.93035  601.58656  23.7%   203 14836s
H 7932  5916                     788.9303497  601.58656  23.7%   204 14836s
H 7938  5916                     788.9303489  601.58656  23.7%   204 14836s
H 7953  5916                     788.9303484  601.58656  23.7%   204 14836s
H 8008  5916                     788.9303482  601.58656  23.7%   203 14836s
H 8018  5916                     788.9303481  601.58656  23.7%   202 14836s
H 8024  5916                     788.9303464  601.58656  23.7%   202 14836s
H 8072  5916                     788.9303461  601.58656  23.7%   201 14836s
H 8091  5916                     788.9303448  601.58656  23.7%   201 14836s
  8303  6497  741.09058   94 2068  788.93034  601.58656  23.7%   196 15035s
H 8644  6497                     788.9194945  601.58656  23.7%   189 15035s
H 8815  6497                     788.9127830  601.58656  23.7%   185 15035s
  8913  6835  756.96565  264 1900  788.91278  601.58656  23.7%   185 15353s
H 9084  6835                     788.9110631  601.58656  23.7%   182 15353s
H 9285  6835                     788.8813351  601.58656  23.7%   182 15353s
H 9373  7157                     788.8762826  601.58656  23.7%   183 15692s
  9755  7333  680.93679   38 2156  788.87628  603.25194  23.5%   183 16069s
  9931  7896  681.53275   39 2156  788.87628  603.25194  23.5%   180 16338s
 10512  8487  749.03783   88 2102  788.87628  603.25194  23.5%   173 16695s
H10771  8487                     788.8632891  603.25194  23.5%   170 16695s
H11196  8501                     788.8632683  603.25194  23.5%   170 16873s
H11196  8501                     788.8624723  603.25194  23.5%   170 16873s
 11242  8706  762.63017  151 2017  788.86247  603.25194  23.5%   170 17129s
H11243  8706                     788.8624563  603.25194  23.5%   170 17129s
H11300  8706                     788.8624433  603.25194  23.5%   170 17129s
H11362  8706                     788.8536193  603.25194  23.5%   170 17129s
H11478  9063                     788.8536146  603.25194  23.5%   169 17549s
H11500  9063                     788.8536071  603.25194  23.5%   168 17549s
H11586  9063                     788.8422835  603.25194  23.5%   168 17549s
 11952  9390  773.50309  198 1907  788.84228  606.98058  23.1%   168 17874s
H12372  9725                     788.8422080  606.98058  23.1%   171 18115s
H12573  9725                     788.8406667  606.98058  23.1%   168 18115s
 12719  9917  779.11648  115 2068  788.84067  607.68589  23.0%   168 18476s
H12788  9917                     788.8406639  607.68589  23.0%   168 18476s
H12870  9917                     788.8406426  608.11887  22.9%   168 18476s
H12871  9917                     788.8400530  608.11887  22.9%   168 18476s
H12953  9917                     788.8363204  608.14973  22.9%   168 18476s
H13023  9921                     788.8362850  608.14973  22.9%   167 18775s
 13027 10153  711.63540   55 2138  788.83628  611.25792  22.5%   167 19068s
H13053 10153                     788.8362823  611.25792  22.5%   168 19068s
H13154 10153                     788.8362818  611.25792  22.5%   167 19068s
H13276 10667                     788.8329002  611.25792  22.5%   166 19385s
H13424 10667                     788.8164800  611.25792  22.5%   165 19385s
H13820 11052                     788.8164794  611.25792  22.5%   162 19722s
H13900 11052                     788.8164770  611.25792  22.5%   162 19722s
H14071 11052                     788.8164758  611.25792  22.5%   160 19723s
H14213 11052                     788.8130094  611.25792  22.5%   161 19723s
 14291 11450  763.46580  340 1578  788.81301  612.08825  22.4%   162 20012s
H14300 11450                     788.8130090  612.08825  22.4%   162 20012s
H14400 11450                     788.8130088  612.08825  22.4%   163 20012s
H14731 11940                     788.8130071  612.08825  22.4%   160 20216s
H14801 11940                     788.8091822  612.08825  22.4%   160 20216s
 15243 12215  721.91103  130 2066  788.80918  612.08825  22.4%   157 20571s
H15245 12215                     788.8087677  612.08825  22.4%   157 20571s
H15247 12215                     788.8071674  612.08825  22.4%   157 20571s
H15249 12215                     788.8022909  612.08825  22.4%   157 20571s
H15264 12215                     788.7990222  612.08825  22.4%   157 20571s
 15612 12540  736.26457  188 1887  788.79902  612.08825  22.4%   157 20890s
H15638 12540                     788.7990153  612.08825  22.4%   156 20890s
H15764 12540                     788.7990141  612.08825  22.4%   156 20890s
H15794 12540                     788.7906161  612.08825  22.4%   156 20890s
 15955 12955  748.76864  314 1626  788.79062  612.08825  22.4%   156 21155s
H16171 12955                     788.7900550  612.08825  22.4%   155 21155s
H16204 12955                     788.7891621  612.08825  22.4%   155 21155s
 16428 13275  753.13328  485 1288  788.78916  612.08825  22.4%   157 21484s
H16600 13275                     788.7891618  612.08825  22.4%   156 21484s
H16769 13275                     788.7807556  612.08825  22.4%   157 21484s
 16853 13615     cutoff  630       788.78076  616.79340  21.8%   157 21726s
H16855 13615                     788.7807530  616.79340  21.8%   157 21726s
H17138 13615                     788.7807505  617.51696  21.7%   158 21726s
H17324 13870                     788.7807500  617.51696  21.7%   158 22084s
H17412 13870                     788.7807475  617.54507  21.7%   158 22084s
 17645 14038 infeasible   15       788.78075  619.38669  21.5%   158 22489s
H17878 14305                     788.7807182  620.00139  21.4%   160 22916s
 18183 14607  713.52697   44 2123  788.78072  620.00139  21.4%   162 23271s
H18390 14607                     788.7798296  620.00139  21.4%   162 23271s
H18508 15144                     788.7798253  620.00139  21.4%   161 23656s
H18608 15144                     788.7798247  620.00139  21.4%   162 23656s
 19122 15221  759.61644  104 2110  788.77982  620.00139  21.4%   161 23905s
H19147 15221                     788.7798246  620.00139  21.4%   161 23905s
H19148 15221                     788.7783676  620.00139  21.4%   161 23905s
 19203 15592  760.10710  105 2112  788.77837  620.00139  21.4%   160 24203s
 19623 15732  669.72765   34 2164  788.77837  620.00139  21.4%   164 24713s
 19765 16232  669.72812   35 2163  788.77837  620.00139  21.4%   163 24973s
H20314 16484                     788.7703986  620.00139  21.4%   160 25202s
 20574 16707  756.68562   69 2159  788.77040  620.00139  21.4%   158 25577s
H20725 16707                     788.7703985  620.00139  21.4%   157 25577s
 20805 17229  764.65358  115 2078  788.77040  620.00139  21.4%   156 25966s
H20854 17229                     788.7703982  620.00139  21.4%   156 25966s
H20949 17229                     788.7596562  620.00139  21.4%   156 25966s
H20996 17228                     788.7498636  620.00139  21.4%   156 25966s
H21410 17440                     788.7498121  620.00139  21.4%   159 26184s
H21435 17440                     788.7497983  623.26731  21.0%   159 26184s
H21724 17610                     788.7497970  625.84261  20.7%   158 26370s
H21725 17610                     788.7497919  625.84261  20.7%   158 26370s
 21908 17936  767.94130   26 2212  788.74979  626.84660  20.5%   157 26716s
H21919 17936                     788.7497886  626.84660  20.5%   157 26716s
H22000 17936                     788.7497879  626.84660  20.5%   157 26716s
H22106 17936                     788.7497801  626.90559  20.5%   158 26716s
 22277 18175  767.09493   98 2123  788.74978  626.90559  20.5%   156 26997s
 22607 18323  784.82554  122 2071  788.74978  627.35975  20.5%   156 27295s
 22805 18549  725.16008  100 2060  788.74978  627.35975  20.5%   156 27674s
H22947 18549                     788.7463929  627.35975  20.5%   156 27674s
H23042 18546                     788.6443406  627.35975  20.5%   157 27674s
H23120 18835                     788.6443404  627.35975  20.5%   157 28085s
H23122 18835                     788.6443392  628.20274  20.3%   157 28085s
H23200 18835                     788.6443335  628.20274  20.3%   157 28085s
H23204 18835                     788.6425808  629.25691  20.2%   157 28085s
H23206 18835                     788.6422236  629.25691  20.2%   157 28085s
H23248 18835                     788.6396046  629.25691  20.2%   160 28085s
H23419 18835                     788.6157009  629.25691  20.2%   159 28085s
H23544 18939                     788.6156931  629.25691  20.2%   160 28629s
H23544 18939                     788.6156480  629.25691  20.2%   160 28629s
 23660 19367  732.53623   79 2146  788.61565  629.25691  20.2%   160 28800s

Cutting planes:
  Learned: 10
  Gomory: 29
  Cover: 128
  Implied bound: 195
  Clique: 39
  MIR: 1300
  Flow cover: 2686
  Zero half: 2
  RLT: 1458
  Relax-and-lift: 225

Explored 24102 nodes (3882212 simplex iterations) in 28800.10 seconds
Thread count was 4 (of 32 available processors)

Solution count 10: 788.616 788.616 788.616 ... 788.644

Time limit reached
Best objective 7.886156479730e+02, best bound 6.292569083899e+02, gap 20.2074%
