
Gurobi 9.1.0 (linux64) logging started Thu Dec 30 14:05:17 2021

Changed value of parameter LogFile to eab_parasitoid_0.2_2_0_bud.log
   Prev:   Default: 
Changed value of parameter MIPGap to 0.01
   Prev: 0.0001  Min: 0.0  Max: inf  Default: 0.0001
Changed value of parameter MIPFocus to 1
   Prev: 0  Min: 0  Max: 3  Default: 0
Changed value of parameter RINS to 100
   Prev: -1  Min: -1  Max: 2000000000  Default: -1
Changed value of parameter TimeLimit to 28800.0
   Prev: inf  Min: 0.0  Max: inf  Default: inf
Changed value of parameter NodeFileStart to 10000.0
   Prev: inf  Min: 0.0  Max: inf  Default: inf
Changed value of parameter Threads to 4
   Prev: 0  Min: 0  Max: 1024  Default: 0
Changed value of parameter Heuristics to 1.0
   Prev: 0.05  Min: 0.0  Max: 1.0  Default: 0.05
Gurobi Optimizer version 9.1.0 build v9.1.0rc0 (linux64)
Thread count: 32 physical cores, 32 logical processors, using up to 4 threads
Optimize a model with 381543 rows, 174513 columns and 1305866 nonzeros
Model fingerprint: 0x6c0238dd
Variable types: 77367 continuous, 97146 integer (97146 binary)
Coefficient statistics:
  Matrix range     [1e-04, 6e+03]
  Objective range  [1e-06, 1e-01]
  Bounds range     [1e+00, 6e+03]
  RHS range        [1e-04, 7e+03]

User MIP start produced solution with objective 737.036 (6.02s)
User MIP start produced solution with objective 736.153 (6.40s)
User MIP start produced solution with objective 736.033 (6.64s)
Loaded user MIP start with objective 736.033
Processed MIP start in 6.66 seconds

Presolve removed 223096 rows and 79647 columns (presolve time = 5s) ...
Presolve removed 258112 rows and 103452 columns
Presolve time: 6.78s
Presolved: 123431 rows, 71061 columns, 632634 nonzeros
Variable types: 32522 continuous, 38539 integer (38539 binary)

Deterministic concurrent LP optimizer: primal and dual simplex (primal and dual model)
Showing first log only...

Presolve removed 94 rows and 78 columns
Presolved: 123337 rows, 70983 columns, 632395 nonzeros


Root simplex log...

Iteration    Objective       Primal Inf.    Dual Inf.      Time
       0    1.2022787e+02   3.953734e+02   2.732609e+09     14s
    8464    1.0921438e+02   0.000000e+00   8.254380e+01     15s
Concurrent spin time: 0.27s

Solved with dual simplex (primal model)

Root relaxation: objective 1.084380e+02, 7354 iterations, 2.17 seconds

    Nodes    |    Current Node    |     Objective Bounds      |     Work
 Expl Unexpl |  Obj  Depth IntInf | Incumbent    BestBd   Gap | It/Node Time

     0     0  108.43801    0 1326  736.03316  108.43801  85.3%     -   20s
     0     0  109.28245    0 2248  736.03316  109.28245  85.2%     -   28s
     0     0  109.33724    0 2316  736.03316  109.33724  85.1%     -   31s
     0     0  109.68727    0 2666  736.03316  109.68727  85.1%     -   36s
H    0     0                     708.0852364  109.68727  84.5%     -   40s
     0     0  109.69036    0 2711  708.08524  109.69036  84.5%     -   41s
     0     0  109.69081    0 2714  708.08524  109.69081  84.5%     -   41s
     0     0  109.69098    0 2709  708.08524  109.69098  84.5%     -   42s
     0     0  109.69098    0 2713  708.08524  109.69098  84.5%     -   42s
     0     0  110.25126    0 2553  708.08524  110.25126  84.4%     -   50s
     0     0  110.34097    0 2617  708.08524  110.34097  84.4%     -   53s
     0     0  110.34598    0 2620  708.08524  110.34598  84.4%     -   53s
     0     0  110.34664    0 2622  708.08524  110.34664  84.4%     -   54s
     0     0  110.34664    0 2620  708.08524  110.34664  84.4%     -   54s
     0     0  110.40731    0 2515  708.08524  110.40731  84.4%     -   58s
     0     0  110.41152    0 2547  708.08524  110.41152  84.4%     -   61s
     0     0  110.41433    0 2529  708.08524  110.41433  84.4%     -   61s
     0     0  110.41466    0 2537  708.08524  110.41466  84.4%     -   62s
     0     0  110.41483    0 2542  708.08524  110.41483  84.4%     -   62s
     0     0  110.44866    0 2571  708.08524  110.44866  84.4%     -   66s
H    0     0                     637.0020150  110.44866  82.7%     -   75s
H    0     0                     424.0192656  110.44866  74.0%     -  178s
     0     2  110.44866    0 2571  424.01927  110.44866  74.0%     -  182s
     1     4  110.50775    1 2581  424.01927  110.50775  73.9%  3180  185s
     3     8  116.68699    2 2473  424.01927  110.50775  73.9%  2362  190s
    11    16  117.85457    4 2460  424.01927  111.19596  73.8%  1837  195s
H   19    24                     382.5861627  111.34632  70.9%  1120  202s
    30    35  118.26650    9 2386  382.58616  111.57038  70.8%   817  210s
    42    47  118.28597   12 2333  382.58616  111.57038  70.8%   623  216s
    50    60  118.29700   14 2333  382.58616  111.57038  70.8%   545  220s
H   60    66                     382.5859815  111.57038  70.8%   463  222s
H   62    66                     382.5694769  111.57038  70.8%   449  222s
    78    83  118.38912   20 2330  382.56948  111.57038  70.8%   376  227s
H   93    99                     382.5099347  111.57038  70.8%   332  233s
H   95    99                     382.4369302  111.57038  70.8%   326  234s
H   96    99                     350.1070848  111.57038  68.1%   323  234s
    98   107  118.41233   26 2328  350.10708  111.57038  68.1%   318  268s
H  106   111                     220.1114521  111.57038  49.3%   307  280s
H  110   115                     214.4098620  111.57038  48.0%   298  351s
H  132   137                     214.4018636  111.57038  48.0%   298  361s
H  133   137                     214.3126961  111.57038  47.9%   297  361s
H  164   169                     213.3014777  111.57038  47.7%   253  371s
H  202   207                     213.1683324  111.57038  47.7%   228  395s
H  203   207                     212.8666608  111.57038  47.6%   227  395s
   206   227  119.26975   53 1984  212.86666  111.57038  47.6%   225  403s
H  210   227                     212.8369502  111.57038  47.6%   223  403s
   226   252  119.34551   58 2015  212.83695  111.57038  47.6%   213  409s
H  231   252                     212.4013255  111.57038  47.5%   210  409s
H  250   246                     181.8253425  111.57038  38.6%   197  409s
   251   294  119.44610   64 1803  181.82534  111.57038  38.6%   199  412s
   299   297  119.80291   76 1768  181.82534  111.57038  38.6%   181  420s
H  300   297                     180.8919063  111.57038  38.3%   181  420s
H  302   292                     172.6555138  111.57038  35.4%   180  420s
   303   296  119.80315   77 1766  172.65551  111.57038  35.4%   179  462s
   371   364  120.02939   93 1550  172.65551  111.57038  35.4%   152  475s
H  374   364                     172.6056760  111.57038  35.4%   151  475s
H  413   406                     172.5476857  111.57038  35.3%   138  486s
H  413   406                     172.5344638  111.57038  35.3%   138  486s
H  414   406                     172.5264019  111.57038  35.3%   138  486s
H  415   406                     172.3321194  111.57038  35.3%   138  486s
H  415   406                     171.7272921  111.57038  35.0%   138  486s
H  416   221                     142.1156453  111.57038  21.5%   137  486s
H  416   221                     136.6399693  111.57038  18.3%   137  486s
   417   246  120.08006  102 1541  136.63997  111.57038  18.3%   137  490s
H  459   220                     136.4674293  111.57038  18.2%   135  499s
H  460   220                     136.2156447  111.57038  18.1%   136  499s
   463   249  120.31174  119 1655  136.21564  111.57038  18.1%   143  506s
H  495   252                     136.0552109  111.57038  18.0%   143  581s
H  497   252                     135.9106429  111.57038  17.9%   146  581s
H  498   252                     135.8384104  111.57038  17.9%   146  581s
H  500   256                     135.5918120  111.57038  17.7%   147  643s
H  501   256                     135.5645531  111.57038  17.7%   147  643s
   504   262  120.39324  132 1642  135.56455  111.57038  17.7%   147  663s
   512   308  120.39377  134 1608  135.56455  111.57038  17.7%   147  669s
   561   343  121.50990  144 1580  135.56455  111.57038  17.7%   144  675s
   598   348 infeasible  154       135.56455  111.57038  17.7%   143  684s
H  600   348                     135.5645330  111.57038  17.7%   142  684s
H  605   348                     135.5642413  111.57038  17.7%   146  684s
   609   372  121.59991  156 1560  135.56424  111.57038  17.7%   145  692s
H  615   372                     135.5642213  111.57038  17.7%   143  692s
   637   459  121.63675  163 1552  135.56422  111.57038  17.7%   143  699s
H  681   459                     135.5604789  111.57038  17.7%   135  699s
   726   468  121.66192  189 1515  135.56048  111.57038  17.7%   131  704s
H  735   471                     135.2564886  111.57038  17.5%   129  736s
H  738   471                     134.2255382  111.57038  16.9%   129  736s
   739   542  121.66206  195 1514  134.22554  111.57038  16.9%   129  743s
   818   546  121.67316  218 1505  134.22554  111.57038  16.9%   122  751s
H  820   522                     129.8649473  111.57038  14.1%   123  751s
   822   575  121.67482  218 1512  129.86495  111.57038  14.1%   123  758s
   875   579  121.68183  232 1483  129.86495  111.57038  14.1%   118  784s
H  876   578                     129.8090925  111.57038  14.1%   118  784s
H  877   437                     120.4304559  111.57038  7.36%   118  784s
   879   501     cutoff  233       120.43046  111.79162  7.17%   118  794s
H  882   500                     120.4188897  111.79162  7.16%   118  794s
H  927   500                     120.4153587  111.79162  7.16%   117  794s
H  950   490                     120.3563176  111.79162  7.12%   115  811s
H  951   489                     120.3402535  111.79162  7.10%   115  811s
   954   574  115.86070    8 2458  120.34025  111.79162  7.10%   115  821s
H 1020   571                     120.3008352  111.79162  7.07%   112  821s
  1048   572  113.32806  126 2571  120.30084  111.79162  7.07%   110  838s
  1050   573  113.37622  170 1361  120.30084  111.79162  7.07%   109  847s
  1051   574  119.78081   67 2194  120.30084  111.79162  7.07%   109  854s
  1052   575  113.33134  137 2230  120.30084  111.79162  7.07%   109  860s
  1054   576  113.18604   83 2481  120.30084  111.79162  7.07%   109  865s
H 1054   547                     120.3008352  111.91223  6.97%   109  871s
  1058   550  113.89646  161 2397  120.30084  111.95141  6.94%   109  877s
  1059   550  113.08824   81 2474  120.30084  112.05226  6.86%   109  883s
  1060   551  112.69865   34 2341  120.30084  112.08775  6.83%   108  885s
  1062   552  113.80116   79 2366  120.30084  112.12343  6.80%   108  890s
  1063   553  113.32686   82 2400  120.30084  112.16496  6.76%   108  895s
  1065   554  113.32432  100 2569  120.30084  112.17085  6.76%   108  901s
  1066   555  113.09180   25 2569  120.30084  112.17085  6.76%   108 1000s
  1067   559  118.74608   15 2371  120.30084  112.17219  6.76%   167 1022s
  1069   560  118.95340   16 2564  120.30084  112.36791  6.59%   169 1127s
  1077   561  120.13815   18 2377  120.30084  112.41716  6.55%   194 1132s
  1085   561     cutoff   19       120.30084  112.44191  6.53%   201 1136s
  1094   567  112.90461   20 2546  120.30084  112.44191  6.53%   206 1148s
  1098   570  112.90821   21 2556  120.30084  112.84171  6.20%   210 1150s
  1114   579  113.00836   25 2305  120.30084  112.85138  6.19%   218 1156s
  1126   583  113.06470   28 2287  120.30084  112.85138  6.19%   222 1162s
  1131   586  113.06936   29 2287  120.30084  112.85138  6.19%   225 1165s
  1145   594  113.07536   32 2222  120.30084  112.85138  6.19%   229 1170s
  1164   592  113.08093   35 2221  120.30084  112.85138  6.19%   230 1176s
  1168   595  113.15519   36 2327  120.30084  112.85138  6.19%   232 1182s
  1172   604  113.10029   35 2329  120.30084  112.85138  6.19%   234 1186s
  1194   612  113.16605   40 2300  120.30084  112.85138  6.19%   232 1192s
  1200   614  113.19960   39 2312  120.30084  112.85138  6.19%   231 1197s
  1204   626  113.17357   41 2299  120.30084  112.85138  6.19%   230 1201s
  1228   636  113.19090   47 2186  120.30084  112.85138  6.19%   229 1207s
  1237   640  113.20208   49 2177  120.30084  112.85138  6.19%   228 1211s
H 1238   612                     120.2915409  112.85138  6.19%   228 1211s
H 1263   599                     120.2845446  112.85138  6.18%   225 1219s
  1267   616  113.24012   54 2145  120.28454  112.85138  6.18%   225 1222s
H 1306   602                     120.2176381  112.85138  6.13%   222 1306s
H 1308   577                     116.4971246  112.85138  3.13%   222 1306s
  1341   596  113.34942   72 1882  116.49712  112.85138  3.13%   218 1314s
H 1348   571                     116.4969619  112.85138  3.13%   217 1314s
  1350   568  113.34993   75 1865  116.49696  112.85138  3.13%   217 1320s
H 1351   546                     116.4966137  112.85138  3.13%   217 1320s
H 1391   565                     116.4959527  112.85138  3.13%   213 1328s
  1414   564  113.36459   88 1813  116.49595  112.85138  3.13%   211 1333s
H 1416   544                     116.4946176  112.85138  3.13%   210 1333s
  1421   578  113.37905   89 1814  116.49462  112.85138  3.13%   210 1337s
H 1448   550                     116.4941223  112.85138  3.13%   207 1337s
  1458   552  113.38659   96 1789  116.49412  112.85138  3.13%   206 1342s
  1464   589  113.39668   97 1785  116.49412  112.85138  3.13%   205 1347s
H 1474   568                     116.4940433  112.85138  3.13%   204 1347s
  1503   595  113.40860  107 1769  116.49404  112.85138  3.13%   203 1351s
H 1542   575                     116.4938712  112.85138  3.13%   199 1357s
H 1550   557                     116.4938642  112.85138  3.13%   198 1357s
H 1551   547                     116.4800667  112.85138  3.12%   198 1362s
H 1559   530                     116.4648849  112.85138  3.10%   198 1362s
H 1561   546                     116.3590117  112.85138  3.01%   198 1368s
H 1592   556                     116.3582708  112.85138  3.01%   195 1376s
H 1601   541                     116.3579667  112.85138  3.01%   194 1376s
  1628   553  113.42009  121 1739  116.35797  112.85138  3.01%   191 1380s
H 1653   584                     116.3572514  112.85138  3.01%   189 1386s
H 1667   569                     116.3566248  112.85138  3.01%   188 1386s
  1707   612  113.44423  136 1732  116.35662  112.85138  3.01%   186 1392s
H 1756   616                     116.3477844  112.85138  3.01%   182 1431s
  1760   650  113.50385  150 1650  116.34778  112.85138  3.01%   181 1441s
H 1796   668                     116.3473722  112.85138  3.00%   179 1502s
H 1801   668                     116.3470620  112.85138  3.00%   179 1502s
H 1806   668                     116.3469717  112.85138  3.00%   179 1502s
H 1808   668                     116.3465420  112.85138  3.00%   179 1502s
  1814   740  113.50712  153 1638  116.34654  112.85138  3.00%   178 1511s
H 1856   740                     116.3465385  112.85138  3.00%   175 1511s
H 1890   749                     116.3465385  112.85138  3.00%   173 1522s
H 1890   749                     116.3465385  112.85138  3.00%   173 1522s
  1899   786  113.58185  167 1602  116.34654  112.85138  3.00%   172 1530s
  1940   854  113.58861  177 1578  116.34654  112.85138  3.00%   169 1537s
H 2011   868                     116.3434811  112.85138  3.00%   164 1685s
H 2015   863                     116.2999309  112.85138  2.97%   163 1685s
  2027   915  113.59882  189 1560  116.29993  112.85138  2.97%   163 1693s
H 2068   915                     116.2985407  112.85138  2.96%   160 1693s
  2079   921  113.60559  199 1558  116.29854  112.85138  2.96%   159 1704s
H 2081   921                     116.2985227  112.85138  2.96%   159 1704s
H 2083   921                     116.2985166  112.85138  2.96%   159 1704s
H 2084   921                     116.2985152  112.85138  2.96%   159 1704s
  2085   973  113.60586  201 1550  116.29852  112.85138  2.96%   159 1719s
H 2113   973                     116.2985145  112.85138  2.96%   157 1719s
H 2139   981                     116.2985144  112.85138  2.96%   155 1733s
H 2139   981                     116.2985032  112.85138  2.96%   155 1733s
  2147  1082  113.60654  216 1550  116.29850  112.85138  2.96%   155 1745s
H 2248  1105                     116.2977453  112.85138  2.96%   149 1757s
  2271  1192  113.61306  238 1540  116.29775  112.85138  2.96%   147 1801s
H 2357  1192                     116.2712236  112.85138  2.94%   143 1801s
  2358  1216  113.62553  251 1513  116.27122  112.85138  2.94%   142 1824s
H 2382  1235                     116.2701031  112.85138  2.94%   141 1839s
  2401  1349  113.62715  262 1495  116.27010  112.85138  2.94%   140 1857s
H 2517  1413                     116.2700886  112.85138  2.94%   137 1870s
H 2517  1413                     116.2694842  112.85138  2.94%   137 1870s
H 2557  1413                     116.2599348  112.85138  2.93%   135 1870s
  2583  1425  113.66535  287 1451  116.25993  112.85138  2.93%   134 1905s
H 2585  1425                     116.2598051  112.85138  2.93%   134 1905s
H 2591  1425                     116.2597996  112.85138  2.93%   134 1905s
H 2594  1425                     116.2597994  112.85138  2.93%   133 1905s
  2595  1458  113.67076  290 1448  116.25980  112.85138  2.93%   133 1922s
  2628  1462  113.67087  295 1439  116.25980  112.85138  2.93%   132 1956s
  2632  1565  113.67087  296 1437  116.25980  112.85138  2.93%   132 1995s
H 2736  1569                     116.2322674  112.85138  2.91%   127 2040s
  2740  1768  113.68184  321 1399  116.23227  112.85138  2.91%   127 2053s
  2942  1772  113.76863  369 1314  116.23227  112.85138  2.91%   120 2075s
H 2946  1912                     116.2315003  112.85138  2.91%   119 2120s
H 2994  1912                     116.2276801  112.85138  2.90%   118 2120s
H 3034  1912                     116.2271137  112.85138  2.90%   120 2120s
H 3089  1981                     116.2236324  112.85138  2.90%   118 2142s
H 3109  1981                     116.2219734  112.85138  2.90%   117 2142s
H 3112  1978                     116.1279596  112.85138  2.82%   117 2142s
  3158  2189  113.73473  407 1272  116.12796  112.85138  2.82%   116 2160s
  3384  2197  113.75327  427 1240  116.12796  112.85138  2.82%   109 2187s
  3393  2295  113.74477  425 1246  116.12796  112.85138  2.82%   109 2208s
  3496  2323  113.78088  442 1227  116.12796  112.85138  2.82%   107 2232s
  3544  2399  113.78426  458 1199  116.12796  112.85138  2.82%   105 2265s
  3648  2535  113.79074  475 1225  116.12796  112.85138  2.82%   104 2317s
  3793  2785  113.80673  496 1181  116.12796  112.85138  2.82%   105 2335s
  4054  2838  113.82835  532 1166  116.12796  112.85138  2.82%   100 2364s
  4108  3045  113.82868  551 1161  116.12796  112.85138  2.82%  98.5 2392s
  4345  3271  113.83724  566 1153  116.12796  112.85138  2.82%  97.0 2420s
H 4591  3265                     116.0459543  112.85138  2.75%  92.9 2517s
  4595  3545  114.33560  600 1123  116.04595  112.85138  2.75%  92.9 2546s
H 4852  3545                     116.0415764  112.85138  2.75%  89.2 2546s
  4889  3585  113.88717  648 1054  116.04158  112.85138  2.75%  89.4 2574s
H 4913  3585                     116.0393490  112.85138  2.75%  89.0 2574s
H 4927  3585                     116.0390615  112.85138  2.75%  88.8 2574s
H 4932  3869                     116.0390162  112.85138  2.75%  88.8 2608s
H 5001  3868                     116.0387680  112.85138  2.75%  87.7 2608s
H 5081  3868                     116.0378218  112.85138  2.75%  86.6 2608s
  5219  4208  113.89294  663 1044  116.03782  112.85138  2.75%  84.8 2640s
  5569  4245  113.90561  678 1027  116.03782  112.85138  2.75%  82.4 2679s
  5610  4624  113.90483  680 1023  116.03782  112.85138  2.75%  82.5 2715s
  6007  5226  113.91037  703 1040  116.03782  112.85138  2.75%  78.6 2753s
H 6493  5226                     116.0376958  112.85138  2.75%  73.9 2753s
  6635  5451  113.91721  715 1034  116.03770  112.85138  2.75%  73.4 2788s
H 6846  3652                     114.4013577  112.85138  1.35%  71.4 2788s
  6864  3627  113.92214  732 1011  114.40136  112.85138  1.35%  71.3 2832s
H 6886  3610                     114.4008731  112.85138  1.35%  71.1 2832s
H 6913  3610                     114.4003219  112.85138  1.35%  72.0 2832s
H 6936  3588                     114.3861414  112.85138  1.34%  71.9 2832s
H 6963  3558                     114.3650931  112.85138  1.32%  72.7 2832s
  6964  3647  113.92825  735 1004  114.36509  112.85138  1.32%  72.7 2889s
H 6989  3643                     114.3633744  112.85138  1.32%  72.5 2889s
H 7044  3625                     114.3560534  112.85138  1.32%  72.4 2889s
  7068  3710  113.93375  737 1040  114.35605  112.85138  1.32%  73.4 2931s
H 7093  3710                     114.3550990  112.85138  1.31%  73.2 2931s
H 7168  3778                     114.3436538  112.85138  1.31%  75.8 2981s
H 7169  3770                     114.3370087  112.85138  1.30%  75.8 2981s
H 7222  3762                     114.3325576  112.85138  1.30%  75.4 2981s
H 7229  3762                     114.3325393  112.85138  1.30%  75.4 2981s
  7265  3954  113.92768  736 1004  114.33254  112.85138  1.30%  76.0 3016s
H 7271  3953                     114.3324409  112.85138  1.30%  75.9 3016s
H 7470  3953                     114.3320783  112.85138  1.30%  74.5 3016s
H 7496  3767                     114.2252372  112.85138  1.20%  74.4 3092s
H 7501  3690                     114.1442717  112.85138  1.13%  74.4 3137s
H 7600  3674                     114.1176826  112.85138  1.11%  73.6 3137s
  7647  3715  113.94307  764  995  114.11768  112.85138  1.11%  73.5 3179s
H 7680  3712                     114.1168876  112.85138  1.11%  73.3 3179s
H 7690  3708                     114.1127988  112.85138  1.11%  74.0 3179s
  7694  4025  113.95178  766  996  114.11280  112.85138  1.11%  74.0 3219s
H 7713  4025                     114.1120613  112.85138  1.10%  73.8 3219s
  8034  4451  113.95665  795  966  114.11206  112.85138  1.10%  72.1 3371s
  8505  4755  113.96116  797  961  114.11206  112.85138  1.10%  72.3 3420s
H 8663  4755                     114.1115909  112.85138  1.10%  71.1 3420s
  8824  5052  113.96223  813  947  114.11159  112.85138  1.10%  71.4 3465s
H 8856  5052                     114.1115147  112.85138  1.10%  71.1 3465s
H 8969  5044                     114.1075024  112.85138  1.10%  70.5 3465s
H 9160  5507                     114.1074263  112.85138  1.10%  70.5 3510s
H 9686  5708                     114.1056794  112.85138  1.10%  69.3 3567s
H 9686  5706                     114.1045622  112.85138  1.10%  69.3 3567s
H 9690  5694                     114.0972121  112.85138  1.09%  69.3 3567s
H 9800  5683                     114.0936442  112.85138  1.09%  68.7 3567s
  9905  6148  113.97857  908  877  114.09364  112.85138  1.09%  68.8 3612s
 10438  6685  113.97492  943  867  114.09364  112.85138  1.09%  67.5 3708s
 11042  7244  113.97843  982  854  114.09364  112.85138  1.09%  67.5 3740s
 11690  7271  113.98876 1003  855  114.09364  112.85138  1.09%  65.0 3780s
H11694  7271                     114.0936413  112.85138  1.09%  64.9 3780s
H11717  7271                     114.0935686  112.85138  1.09%  65.0 3780s
 11733  7649  113.98599 1005  851  114.09357  112.85138  1.09%  65.3 3824s
H11750  7649                     114.0933647  112.85138  1.09%  65.2 3824s
H12047  7649                     114.0933135  112.85138  1.09%  64.1 3824s
 12178  7982  113.98968 1049  809  114.09331  112.85138  1.09%  64.6 3914s
 12542  8390  113.99044 1071  784  114.09331  112.85138  1.09%  66.9 3952s
 13001  8785  113.99237 1089  766  114.09331  112.85138  1.09%  66.9 4016s
H13084  8764                     114.0884326  112.85138  1.08%  66.5 4016s
H13262  8728                     114.0830049  112.85138  1.08%  65.7 4016s
 13465  8976  113.99354 1095  753  114.08300  112.85138  1.08%  65.9 4061s
H13785  9191                     114.0827710  112.85138  1.08%  65.7 4106s
H13786  9184                     114.0816294  112.85138  1.08%  65.7 4106s
H13787  9184                     114.0814899  112.85138  1.08%  65.7 4106s
H13910  9184                     114.0814876  112.85138  1.08%  65.6 4106s
H13912  9184                     114.0814508  112.85138  1.08%  65.6 4106s
H13919  9184                     114.0814243  112.85138  1.08%  65.5 4106s
 14114  9429     cutoff 1122       114.08142  112.92328  1.02%  66.2 4156s
 14437  9666  113.02289   23 2697  114.08142  112.93104  1.01%  66.2 4193s
 14813  9773  113.51749   71 2286  114.08142  112.93104  1.01%  68.1 4235s
 14984  9951  113.63452  103 1989  114.08142  112.93104  1.01%  68.1 4277s
 15172 10331  113.68651  139 1876  114.08142  112.93104  1.01%  68.1 4324s
 15576 10335  113.73051  206 1733  114.08142  112.93104  1.01%  67.1 4435s
 15580 10585  113.73052  207 1731  114.08142  112.93104  1.01%  67.1 4475s
 15889 10786  113.75131  242 1701  114.08142  112.93104  1.01%  67.5 4523s
H15891 10786                     114.0814174  112.93104  1.01%  67.5 4523s
H15960 10786                     114.0814171  112.93104  1.01%  67.3 4523s
H15995 10786                     114.0814132  112.93104  1.01%  67.8 4523s
 16147 11050  113.74939  260 1692  114.08141  112.93104  1.01%  67.4 4569s
H16210 11050                     114.0814132  112.93104  1.01%  67.2 4569s
H16236 11050                     114.0814119  112.93104  1.01%  67.5 4569s
H16256 11050                     114.0813432  112.93104  1.01%  67.5 4569s
H16454 11244                     114.0813418  112.93104  1.01%  66.9 4734s
H16532 11244                     114.0813404  112.93104  1.01%  66.7 4734s
H16608 11244                     114.0813394  112.93104  1.01%  66.5 4734s
H16714 11491                     114.0813394  112.93104  1.01%  66.9 4800s
H16767 11491                     114.0813365  112.93104  1.01%  66.8 4800s
H16956 11486                     114.0811947  112.93104  1.01%  66.7 4800s
 17002 11674  113.80603  308 1684  114.08119  112.93104  1.01%  67.1 4852s
H17028 11674                     114.0811940  112.93104  1.01%  67.0 4852s
H17215 12256                     114.0811428  112.93104  1.01%  66.6 4896s
H17840 12674                     114.0811428  112.93104  1.01%  64.6 4950s
H17934 12674                     114.0811417  112.93104  1.01%  64.5 4950s
 18314 12830  114.01933  505 1342  114.08114  113.05275  0.90%  64.2 5007s
H18450 12830                     114.0811417  113.07133  0.89%  64.2 5007s

Cutting planes:
  Learned: 65
  Gomory: 10
  Cover: 274
  Implied bound: 319
  Clique: 117
  MIR: 860
  StrongCG: 4
  Flow cover: 1621
  GUB cover: 2
  Zero half: 1
  Mod-K: 1
  RLT: 1182
  Relax-and-lift: 352

Explored 18535 nodes (1218691 simplex iterations) in 5007.91 seconds
Thread count was 4 (of 32 available processors)

Solution count 10: 114.081 114.081 114.081 ... 114.081

Optimal solution found (tolerance 1.00e-02)
Best objective 1.140811416814e+02, best bound 1.130713337506e+02, gap 0.8852%

Gurobi 9.1.0 (linux64) logging started Tue Jan  4 21:14:27 2022

Changed value of parameter LogFile to eab_parasitoid_0.2_2_0_bud.log
   Prev:   Default: 
Changed value of parameter MIPGap to 0.01
   Prev: 0.0001  Min: 0.0  Max: inf  Default: 0.0001
Changed value of parameter MIPFocus to 1
   Prev: 0  Min: 0  Max: 3  Default: 0
Changed value of parameter RINS to 100
   Prev: -1  Min: -1  Max: 2000000000  Default: -1
Changed value of parameter TimeLimit to 28800.0
   Prev: inf  Min: 0.0  Max: inf  Default: inf
Changed value of parameter NodeFileStart to 10000.0
   Prev: inf  Min: 0.0  Max: inf  Default: inf
Changed value of parameter Threads to 4
   Prev: 0  Min: 0  Max: 1024  Default: 0
Changed value of parameter Heuristics to 1.0
   Prev: 0.05  Min: 0.0  Max: 1.0  Default: 0.05
Gurobi Optimizer version 9.1.0 build v9.1.0rc0 (linux64)
Thread count: 32 physical cores, 32 logical processors, using up to 4 threads
Optimize a model with 381543 rows, 174513 columns and 1305866 nonzeros
Model fingerprint: 0x6c0238dd
Variable types: 77367 continuous, 97146 integer (97146 binary)
Coefficient statistics:
  Matrix range     [1e-04, 6e+03]
  Objective range  [1e-06, 1e-01]
  Bounds range     [1e+00, 6e+03]
  RHS range        [1e-04, 7e+03]

User MIP start produced solution with objective 737.036 (6.51s)
User MIP start produced solution with objective 736.153 (6.95s)
User MIP start produced solution with objective 736.033 (7.24s)
Loaded user MIP start with objective 736.033
Processed MIP start in 7.28 seconds

Presolve removed 234159 rows and 90688 columns (presolve time = 5s) ...
Presolve removed 258112 rows and 103452 columns
Presolve time: 6.66s
Presolved: 123431 rows, 71061 columns, 632634 nonzeros
Variable types: 32522 continuous, 38539 integer (38539 binary)

Deterministic concurrent LP optimizer: primal and dual simplex (primal and dual model)
Showing first log only...

Presolve removed 94 rows and 78 columns
Presolved: 123337 rows, 70983 columns, 632395 nonzeros


Root simplex log...

Iteration    Objective       Primal Inf.    Dual Inf.      Time
       0    1.2022787e+02   3.953734e+02   2.732609e+09     15s
    7247    1.1068813e+02   0.000000e+00   3.834399e+01     15s
Concurrent spin time: 0.09s

Solved with dual simplex (primal model)

Root relaxation: objective 1.084380e+02, 7354 iterations, 1.54 seconds

    Nodes    |    Current Node    |     Objective Bounds      |     Work
 Expl Unexpl |  Obj  Depth IntInf | Incumbent    BestBd   Gap | It/Node Time

     0     0  108.43801    0 1326  736.03316  108.43801  85.3%     -   20s
     0     0  109.28245    0 2248  736.03316  109.28245  85.2%     -   29s
     0     0  109.33724    0 2316  736.03316  109.33724  85.1%     -   31s
     0     0  109.68727    0 2666  736.03316  109.68727  85.1%     -   36s
H    0     0                     708.0852364  109.68727  84.5%     -   40s
     0     0  109.69036    0 2711  708.08524  109.69036  84.5%     -   42s
     0     0  109.69081    0 2714  708.08524  109.69081  84.5%     -   42s
     0     0  109.69098    0 2709  708.08524  109.69098  84.5%     -   42s
     0     0  109.69098    0 2713  708.08524  109.69098  84.5%     -   43s
     0     0  110.25126    0 2553  708.08524  110.25126  84.4%     -   51s
     0     0  110.34097    0 2617  708.08524  110.34097  84.4%     -   54s
     0     0  110.34598    0 2620  708.08524  110.34598  84.4%     -   54s
     0     0  110.34664    0 2622  708.08524  110.34664  84.4%     -   55s
     0     0  110.34664    0 2620  708.08524  110.34664  84.4%     -   55s
     0     0  110.40731    0 2515  708.08524  110.40731  84.4%     -   60s
     0     0  110.41152    0 2547  708.08524  110.41152  84.4%     -   62s
     0     0  110.41433    0 2529  708.08524  110.41433  84.4%     -   63s
     0     0  110.41466    0 2537  708.08524  110.41466  84.4%     -   63s
     0     0  110.41483    0 2542  708.08524  110.41483  84.4%     -   63s
     0     0  110.44866    0 2571  708.08524  110.44866  84.4%     -   67s
H    0     0                     637.0020150  110.44866  82.7%     -   76s
H    0     0                     424.0192656  110.44866  74.0%     -  184s
     0     2  110.44866    0 2571  424.01927  110.44866  74.0%     -  188s
     1     4  110.50775    1 2581  424.01927  110.50775  73.9%  3180  191s
     3     8  116.68699    2 2473  424.01927  110.50775  73.9%  2362  196s
     7    12  117.72755    3 2471  424.01927  110.55683  73.9%  1988  200s
H   19    24                     382.5861627  111.34632  70.9%  1120  208s
    30    35  118.26650    9 2386  382.58616  111.57038  70.8%   817  216s
    42    47  118.28597   12 2333  382.58616  111.57038  70.8%   623  222s
    46    51  118.28716   13 2338  382.58616  111.57038  70.8%   582  225s
H   60    66                     382.5859815  111.57038  70.8%   463  229s
H   62    66                     382.5694769  111.57038  70.8%   449  229s
    65    79  118.31404   17 2317  382.56948  111.57038  70.8%   439  230s
    82    94  118.39320   21 2337  382.56948  111.57038  70.8%   360  236s
H   93    99                     382.5099347  111.57038  70.8%   332  240s
H   95    99                     382.4369302  111.57038  70.8%   326  240s
H   96    99                     350.1070848  111.57038  68.1%   323  240s
    98   107  118.41233   26 2328  350.10708  111.57038  68.1%   318  278s
H  106   111                     220.1114521  111.57038  49.3%   307  289s
H  110   115                     214.4098620  111.57038  48.0%   298  361s
H  132   137                     214.4018636  111.57038  48.0%   298  371s
H  133   137                     214.3126961  111.57038  47.9%   297  371s
H  164   169                     213.3014777  111.57038  47.7%   253  382s
H  202   207                     213.1683324  111.57038  47.7%   228  407s
H  203   207                     212.8666608  111.57038  47.6%   227  407s
   206   227  119.26975   53 1984  212.86666  111.57038  47.6%   225  415s
H  210   227                     212.8369502  111.57038  47.6%   223  415s
   226   252  119.34551   58 2015  212.83695  111.57038  47.6%   213  421s
H  231   252                     212.4013255  111.57038  47.5%   210  421s
H  250   246                     181.8253425  111.57038  38.6%   197  421s
   299   297  119.80291   76 1768  181.82534  111.57038  38.6%   181  432s
H  300   297                     180.8919063  111.57038  38.3%   181  432s
H  302   292                     172.6555138  111.57038  35.4%   180  432s
   303   296  119.80315   77 1766  172.65551  111.57038  35.4%   179  475s
   371   364  120.02939   93 1550  172.65551  111.57038  35.4%   152  488s
H  374   364                     172.6056760  111.57038  35.4%   151  488s
   375   402  120.02993   94 1549  172.60568  111.57038  35.4%   151  491s
H  413   406                     172.5476857  111.57038  35.3%   138  499s
H  413   406                     172.5344638  111.57038  35.3%   138  499s
H  414   406                     172.5264019  111.57038  35.3%   138  499s
H  415   406                     172.3321194  111.57038  35.3%   138  499s
H  415   406                     171.7272921  111.57038  35.0%   138  499s
H  416   221                     142.1156453  111.57038  21.5%   137  499s
H  416   221                     136.6399693  111.57038  18.3%   137  499s
   417   246  120.08006  102 1541  136.63997  111.57038  18.3%   137  503s
H  459   220                     136.4674293  111.57038  18.2%   135  512s
H  460   220                     136.2156447  111.57038  18.1%   136  512s
   463   249  120.31174  119 1655  136.21564  111.57038  18.1%   143  519s
H  495   252                     136.0552109  111.57038  18.0%   143  595s
H  497   252                     135.9106429  111.57038  17.9%   146  596s
H  498   252                     135.8384104  111.57038  17.9%   146  596s
H  500   256                     135.5918120  111.57038  17.7%   147  658s
H  501   256                     135.5645531  111.57038  17.7%   147  658s
   504   262  120.39324  132 1642  135.56455  111.57038  17.7%   147  679s
   512   308  120.39377  134 1608  135.56455  111.57038  17.7%   147  685s
   561   343  121.50990  144 1580  135.56455  111.57038  17.7%   144  691s
   598   348 infeasible  154       135.56455  111.57038  17.7%   143  700s
H  600   348                     135.5645330  111.57038  17.7%   142  700s
H  605   348                     135.5642413  111.57038  17.7%   146  700s
   609   372  121.59991  156 1560  135.56424  111.57038  17.7%   145  708s
H  615   372                     135.5642213  111.57038  17.7%   143  708s
   637   459  121.63675  163 1552  135.56422  111.57038  17.7%   143  715s
H  681   459                     135.5604789  111.57038  17.7%   135  715s
   726   468  121.66192  189 1515  135.56048  111.57038  17.7%   131  720s
H  735   471                     135.2564886  111.57038  17.5%   129  754s
H  738   471                     134.2255382  111.57038  16.9%   129  754s
   739   542  121.66206  195 1514  134.22554  111.57038  16.9%   129  761s
   818   546  121.67316  218 1505  134.22554  111.57038  16.9%   122  768s
H  820   522                     129.8649473  111.57038  14.1%   123  768s
   822   575  121.67482  218 1512  129.86495  111.57038  14.1%   123  776s
   875   579  121.68183  232 1483  129.86495  111.57038  14.1%   118  801s
H  876   578                     129.8090925  111.57038  14.1%   118  801s
H  877   437                     120.4304559  111.57038  7.36%   118  801s
   879   501     cutoff  233       120.43046  111.79162  7.17%   118  811s
H  882   500                     120.4188897  111.79162  7.16%   118  811s
H  927   500                     120.4153587  111.79162  7.16%   117  811s
H  950   490                     120.3563176  111.79162  7.12%   115  829s
H  951   489                     120.3402535  111.79162  7.10%   115  829s
   954   574  115.86070    8 2458  120.34025  111.79162  7.10%   115  838s
H 1020   571                     120.3008352  111.79162  7.07%   112  838s
  1048   572  113.32806  126 2571  120.30084  111.79162  7.07%   110  857s
  1050   573  113.37622  170 1361  120.30084  111.79162  7.07%   109  866s
  1051   574  119.78081   67 2194  120.30084  111.79162  7.07%   109  872s
  1052   575  113.33134  137 2230  120.30084  111.79162  7.07%   109  879s
  1053   575  120.20525  108 2471  120.30084  111.79162  7.07%   109  882s
  1054   576  113.18604   83 2481  120.30084  111.79162  7.07%   109  885s
H 1054   547                     120.3008352  111.91223  6.97%   109  891s
  1057   549  113.24388   98 2474  120.30084  111.94950  6.94%   109  895s
  1059   550  113.08824   81 2474  120.30084  112.05226  6.86%   109  905s
  1062   552  113.80116   79 2366  120.30084  112.12343  6.80%   108  911s
  1064   554  116.88133   74 2407  120.30084  112.16778  6.76%   108  917s
  1066   555  113.09180   25 2569  120.30084  112.17085  6.76%   108 1018s
  1067   559  118.74608   15 2371  120.30084  112.17219  6.76%   167 1041s
  1069   560  118.95340   16 2564  120.30084  112.36791  6.59%   169 1140s
  1077   561  120.13815   18 2377  120.30084  112.41716  6.55%   194 1145s
  1089   564  112.85138   19 2587  120.30084  112.44191  6.53%   203 1152s
  1094   567  112.90461   20 2546  120.30084  112.44191  6.53%   206 1161s
  1103   574  112.98262   22 2385  120.30084  112.84171  6.20%   214 1166s
  1114   579  113.00836   25 2305  120.30084  112.85138  6.19%   218 1170s
  1126   583  113.06470   28 2287  120.30084  112.85138  6.19%   222 1177s
  1138   591  113.08488   31 2321  120.30084  112.85138  6.19%   228 1182s
  1154   595  113.09642   34 2202  120.30084  112.85138  6.19%   230 1187s
  1164   592  113.08093   35 2221  120.30084  112.85138  6.19%   230 1190s
  1168   595  113.15519   36 2327  120.30084  112.85138  6.19%   232 1197s
  1172   604  113.10029   35 2329  120.30084  112.85138  6.19%   234 1200s
  1194   612  113.16605   40 2300  120.30084  112.85138  6.19%   232 1207s
  1200   614  113.19960   39 2312  120.30084  112.85138  6.19%   231 1212s
  1204   626  113.17357   41 2299  120.30084  112.85138  6.19%   230 1216s
  1228   636  113.19090   47 2186  120.30084  112.85138  6.19%   229 1223s
  1237   640  113.20208   49 2177  120.30084  112.85138  6.19%   228 1227s
H 1238   612                     120.2915409  112.85138  6.19%   228 1227s
H 1263   599                     120.2845446  112.85138  6.18%   225 1235s
  1286   630  113.29881   57 2128  120.28454  112.85138  6.18%   224 1240s
H 1306   602                     120.2176381  112.85138  6.13%   222 1322s
H 1308   577                     116.4971246  112.85138  3.13%   222 1322s
  1310   608  113.30734   64 2108  116.49712  112.85138  3.13%   221 1325s
  1341   596  113.34942   72 1882  116.49712  112.85138  3.13%   218 1330s
H 1348   571                     116.4969619  112.85138  3.13%   217 1330s
  1350   568  113.34993   75 1865  116.49696  112.85138  3.13%   217 1337s
H 1351   546                     116.4966137  112.85138  3.13%   217 1337s
  1357   574  113.35166   77 1858  116.49661  112.85138  3.13%   216 1340s
H 1391   565                     116.4959527  112.85138  3.13%   213 1345s
  1414   564  113.36459   88 1813  116.49595  112.85138  3.13%   211 1350s
H 1416   544                     116.4946176  112.85138  3.13%   210 1350s
H 1448   550                     116.4941223  112.85138  3.13%   207 1354s
  1458   552  113.38659   96 1789  116.49412  112.85138  3.13%   206 1359s
  1464   589  113.39668   97 1785  116.49412  112.85138  3.13%   205 1364s
H 1474   568                     116.4940433  112.85138  3.13%   204 1364s
  1503   595  113.40860  107 1769  116.49404  112.85138  3.13%   203 1368s
H 1542   575                     116.4938712  112.85138  3.13%   199 1373s
H 1550   557                     116.4938642  112.85138  3.13%   198 1373s
H 1551   547                     116.4800667  112.85138  3.12%   198 1378s
H 1559   530                     116.4648849  112.85138  3.10%   198 1378s
H 1561   546                     116.3590117  112.85138  3.01%   198 1385s
H 1592   556                     116.3582708  112.85138  3.01%   195 1392s
H 1601   541                     116.3579667  112.85138  3.01%   194 1392s
  1628   553  113.42009  121 1739  116.35797  112.85138  3.01%   191 1397s
H 1653   584                     116.3572514  112.85138  3.01%   189 1402s
H 1667   569                     116.3566248  112.85138  3.01%   188 1402s
  1707   612  113.44423  136 1732  116.35662  112.85138  3.01%   186 1408s
H 1756   616                     116.3477844  112.85138  3.01%   182 1446s
  1760   650  113.50385  150 1650  116.34778  112.85138  3.01%   181 1456s
H 1796   668                     116.3473722  112.85138  3.00%   179 1517s
H 1801   668                     116.3470620  112.85138  3.00%   179 1517s
H 1806   668                     116.3469717  112.85138  3.00%   179 1517s
H 1808   668                     116.3465420  112.85138  3.00%   179 1517s
  1814   740  113.50712  153 1638  116.34654  112.85138  3.00%   178 1526s
H 1856   740                     116.3465385  112.85138  3.00%   175 1526s
H 1890   749                     116.3465385  112.85138  3.00%   173 1537s
H 1890   749                     116.3465385  112.85138  3.00%   173 1537s
  1899   786  113.58185  167 1602  116.34654  112.85138  3.00%   172 1545s
  1940   854  113.58861  177 1578  116.34654  112.85138  3.00%   169 1553s
H 2011   868                     116.3434811  112.85138  3.00%   164 1697s
H 2015   863                     116.2999309  112.85138  2.97%   163 1698s
  2027   915  113.59882  189 1560  116.29993  112.85138  2.97%   163 1705s
H 2068   915                     116.2985407  112.85138  2.96%   160 1705s
  2079   921  113.60559  199 1558  116.29854  112.85138  2.96%   159 1716s
H 2081   921                     116.2985227  112.85138  2.96%   159 1716s
H 2083   921                     116.2985166  112.85138  2.96%   159 1716s
H 2084   921                     116.2985152  112.85138  2.96%   159 1716s
  2085   973  113.60586  201 1550  116.29852  112.85138  2.96%   159 1732s
H 2113   973                     116.2985145  112.85138  2.96%   157 1732s
H 2139   981                     116.2985144  112.85138  2.96%   155 1745s
H 2139   981                     116.2985032  112.85138  2.96%   155 1745s
  2147  1082  113.60654  216 1550  116.29850  112.85138  2.96%   155 1758s
H 2248  1105                     116.2977453  112.85138  2.96%   149 1770s
  2271  1192  113.61306  238 1540  116.29775  112.85138  2.96%   147 1814s
H 2357  1192                     116.2712236  112.85138  2.94%   143 1814s
  2358  1216  113.62553  251 1513  116.27122  112.85138  2.94%   142 1838s
H 2382  1235                     116.2701031  112.85138  2.94%   141 1853s
  2401  1349  113.62715  262 1495  116.27010  112.85138  2.94%   140 1872s
H 2517  1413                     116.2700886  112.85138  2.94%   137 1886s
H 2517  1413                     116.2694842  112.85138  2.94%   137 1886s
H 2557  1413                     116.2599348  112.85138  2.93%   135 1886s
  2583  1425  113.66535  287 1451  116.25993  112.85138  2.93%   134 1921s
H 2585  1425                     116.2598051  112.85138  2.93%   134 1921s
H 2591  1425                     116.2597996  112.85138  2.93%   134 1921s
H 2594  1425                     116.2597994  112.85138  2.93%   133 1921s
  2595  1458  113.67076  290 1448  116.25980  112.85138  2.93%   133 1939s
  2628  1462  113.67087  295 1439  116.25980  112.85138  2.93%   132 1977s
  2632  1565  113.67087  296 1437  116.25980  112.85138  2.93%   132 2014s
H 2736  1569                     116.2322674  112.85138  2.91%   127 2058s
  2740  1768  113.68184  321 1399  116.23227  112.85138  2.91%   127 2073s
  2942  1772  113.76863  369 1314  116.23227  112.85138  2.91%   120 2099s
H 2946  1912                     116.2315003  112.85138  2.91%   119 2144s
H 2994  1912                     116.2276801  112.85138  2.90%   118 2144s
H 3034  1912                     116.2271137  112.85138  2.90%   120 2144s
H 3089  1981                     116.2236324  112.85138  2.90%   118 2168s
H 3109  1981                     116.2219734  112.85138  2.90%   117 2168s
H 3112  1978                     116.1279596  112.85138  2.82%   117 2168s
  3158  2189  113.73473  407 1272  116.12796  112.85138  2.82%   116 2186s
  3384  2197  113.75327  427 1240  116.12796  112.85138  2.82%   109 2214s
  3393  2295  113.74477  425 1246  116.12796  112.85138  2.82%   109 2236s
  3496  2323  113.78088  442 1227  116.12796  112.85138  2.82%   107 2260s
  3544  2399  113.78426  458 1199  116.12796  112.85138  2.82%   105 2293s
  3648  2535  113.79074  475 1225  116.12796  112.85138  2.82%   104 2344s
  3793  2785  113.80673  496 1181  116.12796  112.85138  2.82%   105 2363s
  4054  2838  113.82835  532 1166  116.12796  112.85138  2.82%   100 2394s
  4108  3045  113.82868  551 1161  116.12796  112.85138  2.82%  98.5 2422s
  4345  3271  113.83724  566 1153  116.12796  112.85138  2.82%  97.0 2451s
H 4591  3265                     116.0459543  112.85138  2.75%  92.9 2553s
  4595  3545  114.33560  600 1123  116.04595  112.85138  2.75%  92.9 2583s
H 4852  3545                     116.0415764  112.85138  2.75%  89.2 2583s
  4889  3585  113.88717  648 1054  116.04158  112.85138  2.75%  89.4 2613s
H 4913  3585                     116.0393490  112.85138  2.75%  89.0 2613s
H 4927  3585                     116.0390615  112.85138  2.75%  88.8 2613s
H 4932  3869                     116.0390162  112.85138  2.75%  88.8 2651s
H 5001  3868                     116.0387680  112.85138  2.75%  87.7 2651s
H 5081  3868                     116.0378218  112.85138  2.75%  86.6 2651s
  5219  4208  113.89294  663 1044  116.03782  112.85138  2.75%  84.8 2685s
  5569  4245  113.90561  678 1027  116.03782  112.85138  2.75%  82.4 2729s
  5610  4624  113.90483  680 1023  116.03782  112.85138  2.75%  82.5 2765s
  6007  5226  113.91037  703 1040  116.03782  112.85138  2.75%  78.6 2803s
H 6493  5226                     116.0376958  112.85138  2.75%  73.9 2803s
  6635  5451  113.91721  715 1034  116.03770  112.85138  2.75%  73.4 2839s
H 6846  3652                     114.4013577  112.85138  1.35%  71.4 2839s
  6864  3627  113.92214  732 1011  114.40136  112.85138  1.35%  71.3 2885s
H 6886  3610                     114.4008731  112.85138  1.35%  71.1 2885s
H 6913  3610                     114.4003219  112.85138  1.35%  72.0 2885s
H 6936  3588                     114.3861414  112.85138  1.34%  71.9 2885s
H 6963  3558                     114.3650931  112.85138  1.32%  72.7 2885s
  6964  3647  113.92825  735 1004  114.36509  112.85138  1.32%  72.7 2942s
H 6989  3643                     114.3633744  112.85138  1.32%  72.5 2942s
H 7044  3625                     114.3560534  112.85138  1.32%  72.4 2942s
  7068  3710  113.93375  737 1040  114.35605  112.85138  1.32%  73.4 2986s
H 7093  3710                     114.3550990  112.85138  1.31%  73.2 2986s
H 7168  3778                     114.3436538  112.85138  1.31%  75.8 3039s
H 7169  3770                     114.3370087  112.85138  1.30%  75.8 3039s
H 7222  3762                     114.3325576  112.85138  1.30%  75.4 3039s
H 7229  3762                     114.3325393  112.85138  1.30%  75.4 3039s
  7265  3954  113.92768  736 1004  114.33254  112.85138  1.30%  76.0 3078s
H 7271  3953                     114.3324409  112.85138  1.30%  75.9 3078s
H 7470  3953                     114.3320783  112.85138  1.30%  74.5 3078s
H 7496  3767                     114.2252372  112.85138  1.20%  74.4 3157s
H 7501  3690                     114.1442717  112.85138  1.13%  74.4 3201s
H 7600  3674                     114.1176826  112.85138  1.11%  73.6 3201s
  7647  3715  113.94307  764  995  114.11768  112.85138  1.11%  73.5 3248s
H 7680  3712                     114.1168876  112.85138  1.11%  73.3 3248s
H 7690  3708                     114.1127988  112.85138  1.11%  74.0 3248s
  7694  4025  113.95178  766  996  114.11280  112.85138  1.11%  74.0 3295s
H 7713  4025                     114.1120613  112.85138  1.10%  73.8 3295s
  8034  4451  113.95665  795  966  114.11206  112.85138  1.10%  72.1 3453s
  8505  4755  113.96116  797  961  114.11206  112.85138  1.10%  72.3 3502s
H 8663  4755                     114.1115909  112.85138  1.10%  71.1 3502s
  8824  5052  113.96223  813  947  114.11159  112.85138  1.10%  71.4 3548s
H 8856  5052                     114.1115147  112.85138  1.10%  71.1 3548s
H 8969  5044                     114.1075024  112.85138  1.10%  70.5 3548s
H 9160  5507                     114.1074263  112.85138  1.10%  70.5 3595s
H 9686  5708                     114.1056794  112.85138  1.10%  69.3 3652s
H 9686  5706                     114.1045622  112.85138  1.10%  69.3 3652s
H 9690  5694                     114.0972121  112.85138  1.09%  69.3 3652s
H 9800  5683                     114.0936442  112.85138  1.09%  68.7 3652s
  9905  6148  113.97857  908  877  114.09364  112.85138  1.09%  68.8 3699s
 10438  6685  113.97492  943  867  114.09364  112.85138  1.09%  67.5 3798s
 11042  7244  113.97843  982  854  114.09364  112.85138  1.09%  67.5 3831s
 11690  7271  113.98876 1003  855  114.09364  112.85138  1.09%  65.0 3875s
H11694  7271                     114.0936413  112.85138  1.09%  64.9 3875s
H11717  7271                     114.0935686  112.85138  1.09%  65.0 3875s
 11733  7649  113.98599 1005  851  114.09357  112.85138  1.09%  65.3 3919s
H11750  7649                     114.0933647  112.85138  1.09%  65.2 3919s
H12047  7649                     114.0933135  112.85138  1.09%  64.1 3919s
 12178  7982  113.98968 1049  809  114.09331  112.85138  1.09%  64.6 4011s
 12542  8390  113.99044 1071  784  114.09331  112.85138  1.09%  66.9 4049s
 13001  8785  113.99237 1089  766  114.09331  112.85138  1.09%  66.9 4114s
H13084  8764                     114.0884326  112.85138  1.08%  66.5 4114s
H13262  8728                     114.0830049  112.85138  1.08%  65.7 4114s
 13465  8976  113.99354 1095  753  114.08300  112.85138  1.08%  65.9 4158s
H13785  9191                     114.0827710  112.85138  1.08%  65.7 4205s
H13786  9184                     114.0816294  112.85138  1.08%  65.7 4206s
H13787  9184                     114.0814899  112.85138  1.08%  65.7 4206s
H13910  9184                     114.0814876  112.85138  1.08%  65.6 4206s
H13912  9184                     114.0814508  112.85138  1.08%  65.6 4206s
H13919  9184                     114.0814243  112.85138  1.08%  65.5 4206s
 14114  9429     cutoff 1122       114.08142  112.92328  1.02%  66.2 4255s
 14437  9666  113.02289   23 2697  114.08142  112.93104  1.01%  66.2 4291s
 14813  9773  113.51749   71 2286  114.08142  112.93104  1.01%  68.1 4333s
 14984  9951  113.63452  103 1989  114.08142  112.93104  1.01%  68.1 4379s
 15172 10331  113.68651  139 1876  114.08142  112.93104  1.01%  68.1 4427s
 15576 10335  113.73051  206 1733  114.08142  112.93104  1.01%  67.1 4540s
 15580 10585  113.73052  207 1731  114.08142  112.93104  1.01%  67.1 4580s
 15889 10786  113.75131  242 1701  114.08142  112.93104  1.01%  67.5 4628s
H15891 10786                     114.0814174  112.93104  1.01%  67.5 4628s
H15960 10786                     114.0814171  112.93104  1.01%  67.3 4628s
H15995 10786                     114.0814132  112.93104  1.01%  67.8 4628s
 16147 11050  113.74939  260 1692  114.08141  112.93104  1.01%  67.4 4672s
H16210 11050                     114.0814132  112.93104  1.01%  67.2 4672s
H16236 11050                     114.0814119  112.93104  1.01%  67.5 4672s
H16256 11050                     114.0813432  112.93104  1.01%  67.5 4672s
H16454 11244                     114.0813418  112.93104  1.01%  66.9 4844s
H16532 11244                     114.0813404  112.93104  1.01%  66.7 4844s
H16608 11244                     114.0813394  112.93104  1.01%  66.5 4844s
H16714 11491                     114.0813394  112.93104  1.01%  66.9 4912s
H16767 11491                     114.0813365  112.93104  1.01%  66.8 4912s
H16956 11486                     114.0811947  112.93104  1.01%  66.7 4912s
 17002 11674  113.80603  308 1684  114.08119  112.93104  1.01%  67.1 4966s
H17028 11674                     114.0811940  112.93104  1.01%  67.0 4966s
H17215 12256                     114.0811428  112.93104  1.01%  66.6 5013s
H17840 12674                     114.0811428  112.93104  1.01%  64.6 5070s
H17934 12674                     114.0811417  112.93104  1.01%  64.5 5070s
 18314 12830  114.01933  505 1342  114.08114  113.05275  0.90%  64.2 5129s
H18450 12830                     114.0811417  113.07133  0.89%  64.2 5129s

Cutting planes:
  Learned: 65
  Gomory: 10
  Cover: 274
  Implied bound: 319
  Clique: 117
  MIR: 860
  StrongCG: 4
  Flow cover: 1621
  GUB cover: 2
  Zero half: 1
  Mod-K: 1
  RLT: 1182
  Relax-and-lift: 352

Explored 18535 nodes (1218691 simplex iterations) in 5129.27 seconds
Thread count was 4 (of 32 available processors)

Solution count 10: 114.081 114.081 114.081 ... 114.081

Optimal solution found (tolerance 1.00e-02)
Best objective 1.140811416814e+02, best bound 1.130713337506e+02, gap 0.8852%
