
Gurobi 9.1.0 (linux64) logging started Thu Dec 30 16:58:02 2021

Changed value of parameter LogFile to eab_parasitoid_0.4_2_1_bud.log
   Prev:   Default: 
Changed value of parameter MIPGap to 0.01
   Prev: 0.0001  Min: 0.0  Max: inf  Default: 0.0001
Changed value of parameter MIPFocus to 1
   Prev: 0  Min: 0  Max: 3  Default: 0
Changed value of parameter RINS to 100
   Prev: -1  Min: -1  Max: 2000000000  Default: -1
Changed value of parameter TimeLimit to 28800.0
   Prev: inf  Min: 0.0  Max: inf  Default: inf
Changed value of parameter NodeFileStart to 10000.0
   Prev: inf  Min: 0.0  Max: inf  Default: inf
Changed value of parameter Threads to 4
   Prev: 0  Min: 0  Max: 1024  Default: 0
Changed value of parameter Heuristics to 1.0
   Prev: 0.05  Min: 0.0  Max: 1.0  Default: 0.05
Gurobi Optimizer version 9.1.0 build v9.1.0rc0 (linux64)
Thread count: 32 physical cores, 32 logical processors, using up to 4 threads
Optimize a model with 381543 rows, 174513 columns and 1305866 nonzeros
Model fingerprint: 0xfb8c728a
Variable types: 77367 continuous, 97146 integer (97146 binary)
Coefficient statistics:
  Matrix range     [1e-04, 6e+03]
  Objective range  [1e-06, 1e-01]
  Bounds range     [1e+00, 6e+03]
  RHS range        [1e-04, 7e+03]

User MIP start produced solution with objective 666.766 (6.18s)
User MIP start produced solution with objective 666.743 (6.31s)
User MIP start produced solution with objective 665.905 (6.67s)
User MIP start produced solution with objective 665.632 (7.05s)
Loaded user MIP start with objective 665.632
Processed MIP start in 7.07 seconds

Presolve removed 211328 rows and 79111 columns (presolve time = 5s) ...
Presolve removed 258112 rows and 103450 columns
Presolve time: 7.97s
Presolved: 123431 rows, 71063 columns, 632656 nonzeros
Variable types: 32522 continuous, 38541 integer (38541 binary)

Deterministic concurrent LP optimizer: primal and dual simplex (primal and dual model)
Showing first log only...

Presolve removed 90 rows and 76 columns
Presolved: 123341 rows, 70987 columns, 632425 nonzeros


Root simplex log...

Iteration    Objective       Primal Inf.    Dual Inf.      Time
       0    1.0605723e+02   3.321878e+02   2.480095e+09     16s
Concurrent spin time: 0.03s

Solved with dual simplex (primal model)

Root relaxation: objective 9.409486e+01, 5841 iterations, 0.97 seconds

    Nodes    |    Current Node    |     Objective Bounds      |     Work
 Expl Unexpl |  Obj  Depth IntInf | Incumbent    BestBd   Gap | It/Node Time

     0     0   94.09486    0 1569  665.63195   94.09486  85.9%     -   21s
     0     0   95.02441    0 2064  665.63195   95.02441  85.7%     -   28s
     0     0   95.25156    0 2165  665.63195   95.25156  85.7%     -   31s
     0     0   95.52037    0 2452  665.63195   95.52037  85.6%     -   37s
     0     0   95.52901    0 2491  665.63195   95.52901  85.6%     -   40s
     0     0   95.53209    0 2449  665.63195   95.53209  85.6%     -   41s
     0     0   95.53212    0 2459  665.63195   95.53212  85.6%     -   41s
     0     0   96.24972    0 2204  665.63195   96.24972  85.5%     -   48s
     0     0   96.33898    0 2380  665.63195   96.33898  85.5%     -   52s
     0     0   96.34824    0 2370  665.63195   96.34824  85.5%     -   53s
     0     0   96.34974    0 2368  665.63195   96.34974  85.5%     -   53s
     0     0   96.35083    0 2377  665.63195   96.35083  85.5%     -   54s
     0     0   96.35090    0 2379  665.63195   96.35090  85.5%     -   54s
     0     0   96.48102    0 2273  665.63195   96.48102  85.5%     -   59s
     0     0   96.49287    0 2228  665.63195   96.49287  85.5%     -   62s
     0     0   96.49799    0 2274  665.63195   96.49799  85.5%     -   63s
     0     0   96.49985    0 2284  665.63195   96.49985  85.5%     -   64s
     0     0   96.50121    0 2191  665.63195   96.50121  85.5%     -   64s
     0     0   96.50172    0 2185  665.63195   96.50172  85.5%     -   64s
     0     0   96.50215    0 2187  665.63195   96.50215  85.5%     -   65s
     0     0   96.50215    0 2190  665.63195   96.50215  85.5%     -   65s
     0     0   96.51386    0 2174  665.63195   96.51386  85.5%     -   68s
H    0     0                     558.8196505   96.51386  82.7%     -   77s
H    0     0                     516.6112752   96.51386  81.3%     -  149s
     0     2   96.51386    0 2173  516.61128   96.51386  81.3%     -  153s
     1     4  101.99986    1 2209  516.61128   96.51386  81.3%  5074  156s
     3     6  102.80298    2 2277  516.61128   96.56275  81.3%  2652  160s
    15    16  206.25371    5 2285  516.61128   97.12781  81.2%  1320  166s
    23    24  206.26969    7 2250  516.61128   97.22313  81.2%   926  171s
H   24    24                     439.7598975   97.22313  77.9%   888  171s
H   26    24                     410.2579589   97.23501  76.3%   824  171s
H   27    28                     410.2237894   97.23501  76.3%   797  225s
H   38    39                     410.2224432   97.25846  76.3%   614  235s
H   40    39                     405.6076518   97.26195  76.0%   585  235s
H   65    66                     376.0289706   97.26627  74.1%   413  297s
    69    74  206.45431   18 2234  376.02897   97.26627  74.1%   451  301s
    77    78  206.45619   20 2146  376.02897   97.26627  74.1%   426  309s
H   78    78                     369.7747323   97.26627  73.7%   420  309s
    81    82  206.90391   21 2147  369.77473   97.26627  73.7%   417  333s
    85    91  206.50710   20 2232  369.77473   97.26627  73.7%   402  335s
H   94    95                     369.3465777   97.26627  73.7%   412  345s
H   95    95                     298.3424703   97.26627  67.4%   408  345s
    98    99  206.98629   25 2265  298.34247   97.26627  67.4%   412  350s
   102   103  206.98703   26 2268  298.34247   97.26627  67.4%   399  355s
   123   124  248.90004   28 2007  298.34247   97.26627  67.4%   364  360s
H  126   124                     298.3424703   97.26627  67.4%   356  360s
H  144   142                     266.5761388   97.26627  63.5%   332  363s
   145   172  211.18758   36 2147  266.57614   97.26627  63.5%   330  365s
H  152   172                     266.0346112   97.26627  63.4%   317  365s
H  175   176                     103.7831725   97.26627  6.28%   284  409s
H  176   176                     102.5077146   97.26627  5.11%   283  409s
   179   178     cutoff   45       102.50771   97.30365  5.08%   278  412s
H  204   182                     102.5073094   97.30365  5.08%   282  416s
H  205   182                     102.5044266   97.30365  5.07%   283  416s
H  208   186                     102.4973467   97.30365  5.07%   294  423s
H  209   186                     102.4970935   97.30365  5.07%   293  423s
   212   210   98.75559   18 1897  102.49709   97.30365  5.07%   302  426s
H  236   222                     102.4949096   97.30365  5.06%   284  433s
H  241   222                     102.4948461   97.30365  5.06%   287  433s
   248   268   99.37426   22 1960  102.49485   97.30365  5.06%   283  436s
H  297   230                     102.4948077   97.30365  5.06%   249  446s
H  297   230                     102.4623301   97.30365  5.03%   249  446s
H  299   230                     102.4570698   97.30365  5.03%   248  446s
   301   253   99.82365   33 1905  102.45707   97.30365  5.03%   247  466s
H  327   232                     102.4508561   97.30365  5.02%   232  474s
H  328   232                     102.4245361   97.30365  5.00%   231  474s
H  329   232                     102.4106893   97.30365  4.99%   231  474s
   331   290   99.85460   37 1894  102.41069   97.30365  4.99%   229  477s
H  399   232                     102.4098940   97.30365  4.99%   201  484s
   403   267   99.98688   55 1865  102.40989   97.30365  4.99%   199  500s
H  438   267                     102.4087374   97.30365  4.99%   185  500s
H  455   264                     102.4001440   97.30365  4.98%   183  508s
H  456   264                     102.3830811   97.30365  4.96%   182  508s
H  460   267                     102.3686747   97.30365  4.95%   182  515s
H  461   262                     102.2181886   97.30365  4.81%   182  515s
   466   314  100.27449   59 1855  102.21819   97.30365  4.81%   180  522s
   531   329  100.58975   74 1694  102.21819   97.30365  4.81%   167  526s
   546   333  100.66263   79 1689  102.21819   97.30365  4.81%   165  537s
   550   393  100.66549   80 1683  102.21819   97.30365  4.81%   164  543s
   638   445  100.72119  101 1527  102.21819   97.30365  4.81%   147  551s
H  641   445                     102.1912924   97.30365  4.78%   147  551s
   690   487  100.88335  114 1502  102.19129   97.30365  4.78%   138  573s
H  700   474                     102.0466941   97.30365  4.65%   136  573s
   734   478  101.38770  125 1472  102.04669   97.30365  4.65%   133  582s
   738   523  101.38789  126 1469  102.04669   97.30365  4.65%   133  587s
H  739   523                     102.0466815   97.30365  4.65%   133  587s
H  759   522                     102.0448038   97.30365  4.65%   130  587s
H  761   522                     102.0437309   97.30365  4.65%   129  587s
   787   591  101.50958  147 1352  102.04373   97.30365  4.65%   126  604s
H  830   591                     102.0424186   97.30365  4.64%   120  604s
   858   711  101.58647  169 1293  102.04242   97.30365  4.64%   119  611s
H  900   711                     102.0423479   97.30365  4.64%   113  611s
H  951   711                     102.0420555   97.30365  4.64%   110  611s
  1002   724  101.62833  212 1225  102.04206   97.30365  4.64%   106  634s
H 1003   724                     102.0417007   97.30365  4.64%   105  634s
  1017   728  101.62836  213 1222  102.04170   97.30365  4.64%   106  643s
H 1019   728                     102.0415166   97.30365  4.64%   106  643s
H 1021   728                     102.0413894   97.30365  4.64%   107  652s
  1022   729   98.04366   50 2174  102.04139   97.30365  4.64%   107  662s
  1024   730   99.05143  249 1488  102.04139   97.30365  4.64%   107  669s
  1025   731  101.58606  147 1985  102.04139   97.30365  4.64%   107  678s
  1026   732  100.25026   37 1998  102.04139   97.35436  4.59%   107  685s
  1030   734  100.74150   35 2188  102.04139   97.51851  4.43%   106  690s
  1032   736  101.62337  207 2209  102.04139   97.58169  4.37%   106  695s
  1036   738  100.84499   85 2146  102.04139   97.64807  4.31%   106  701s
  1037   739   98.64767  122 2213  102.04139   97.72386  4.23%   106  707s
  1039   740   98.58077   34 2227  102.04139   97.73371  4.22%   105  711s
  1040   741   99.88267   44 2183  102.04139   97.78749  4.17%   105  715s
  1042   742  101.86046   48 2074  102.04139   97.79122  4.17%   105  720s
H 1042   704                     102.0402814   97.79122  4.16%   105  723s
H 1042   668                     102.0401720   97.79122  4.16%   105  787s
  1044   673  101.40047   11 2280  102.04017   97.79122  4.16%   140  793s
  1046   674  101.42587   12 2260  102.04017   97.85703  4.10%   141  830s
  1054   673     cutoff   14       102.04017   98.24241  3.72%   154  835s
  1070   676     cutoff   17       102.04017   98.31630  3.65%   165  845s
H 1072   642                     102.0351023   98.31630  3.64%   165  845s
H 1073   609                     102.0123315   98.33231  3.61%   166  845s
H 1074   581                     101.9947419   98.33231  3.59%   166  849s
H 1078   554                     101.9429738   98.33231  3.54%   167  855s
  1096   545   98.44069   19 1976  101.94297   98.33971  3.53%   175  860s
H 1103   517                     101.8484700   98.33971  3.45%   176  870s
  1123   531   98.55734   27 2098  101.84847   98.33971  3.45%   186  876s
  1134   532   98.56887   30 1774  101.84847   98.33971  3.45%   186  880s
H 1136   505                     101.8484700   98.33971  3.45%   186  880s
  1152   518   98.68069   35 1726  101.84847   98.33971  3.45%   188  886s
  1160   530   98.69317   37 1718  101.84847   98.33971  3.45%   187  892s
H 1166   503                     101.8484700   98.33971  3.45%   187  892s
H 1172   478                     101.8484699   98.33971  3.45%   187  892s
  1189   506   98.74929   44 1674  101.84847   98.33971  3.45%   185  896s
  1223   524   98.76402   51 1600  101.84847   98.33971  3.45%   181  900s
H 1243   504                     101.8484694   98.33971  3.45%   180  904s
H 1249   481                     101.8483074   98.33971  3.44%   179  904s
  1253   496   98.82370   59 1584  101.84831   98.33971  3.44%   179  936s
H 1256   475                     101.8477475   98.33971  3.44%   178  936s
H 1268   451                     101.5262724   98.33971  3.14%   177  936s
H 1269   445                     101.2801101   98.33971  2.90%   177  940s
H 1286   423                      99.7932577   98.33971  1.46%   175  946s
  1293   425   98.83500   68 1562   99.79326   98.33971  1.46%   175  982s
H 1295   407                      99.7914460   98.33971  1.45%   175  982s
H 1296   391                      99.5900965   98.33971  1.26%   175  982s
  1297   405   98.83895   69 1551   99.59010   98.33971  1.26%   176  988s
H 1304   389                      99.5888287   98.33971  1.25%   175  988s
  1312   412   98.84032   73 1543   99.58883   98.33971  1.25%   176  993s
H 1318   395                      99.5879135   98.33971  1.25%   175  993s
H 1319   382                      99.5786511   98.33971  1.24%   175  993s
  1338   418   98.91019   81 1527   99.57865   98.33971  1.24%   175  996s
  1385   385   98.96013   96 1482   99.57865   98.33971  1.24%   172 1000s
  1417   385   98.97017  105 1444   99.57865   98.33971  1.24%   170 1005s
  1434   399   98.97903  111 1432   99.57865   98.33971  1.24%   169 1012s
  1459   427   98.99054  117 1418   99.57865   98.33971  1.24%   168 1016s
  1504   464   98.99105  127 1384   99.57865   98.33971  1.24%   164 1020s
  1565   471   99.09649  148 1338   99.57865   98.33971  1.24%   159 1025s
  1599   464   99.10290  154 1320   99.57865   98.33971  1.24%   157 1038s
  1603   520   99.10301  155 1288   99.57865   98.33971  1.24%   157 1041s
H 1648   492                      99.5781600   98.33971  1.24%   153 1041s
  1672   523   99.28410  175 1223   99.57816   98.33971  1.24%   153 1045s
  1717   532   99.29811  186 1208   99.57816   98.33971  1.24%   153 1050s
H 1743   516                      99.5339086   98.33971  1.20%   151 1064s
  1747   572   99.30184  193 1191   99.53391   98.33971  1.20%   151 1068s
  1811   576   99.37502  203 1182   99.53391   98.33971  1.20%   147 1080s
H 1812   575                      99.5273735   98.33971  1.19%   146 1080s
  1815   647   99.37510  204 1166   99.52737   98.33971  1.19%   146 1086s
H 1838   647                      99.5252814   98.33971  1.19%   145 1086s
  1903   648 infeasible  226        99.52528   98.33971  1.19%   141 1103s
H 1906   640                      99.5075367   98.33971  1.17%   140 1103s
H 1908   639                      99.4982931   98.33971  1.16%   141 1103s
  1910   708   98.40944   17 2056   99.49829   98.33971  1.16%   141 1114s
H 1967   708                      99.4982714   98.33971  1.16%   138 1114s
  1991   714   98.58209   23 1898   99.49827   98.33971  1.16%   137 1127s
H 1992   712                      99.4804088   98.33971  1.15%   137 1127s
  2001   766   98.60376   24 1859   99.48041   98.33971  1.15%   137 1150s
H 2030   766                      99.4802875   98.33971  1.15%   135 1150s
H 2060   771                      99.4802157   98.33971  1.15%   133 1159s
H 2061   771                      99.4799737   98.33971  1.15%   133 1159s
  2068   838   98.64070   29 1816   99.47997   98.33971  1.15%   133 1170s
H 2086   803                      99.4088081   98.33971  1.08%   133 1170s
H 2105   802                      99.4082992   98.33971  1.07%   131 1170s
  2140   787   98.98469   47 1516   99.40830   98.33971  1.07%   130 1183s
H 2147   787                      99.4082418   98.33971  1.07%   129 1183s
H 2148   787                      99.4080184   98.33971  1.07%   130 1183s
  2150   837   98.98546   48 1504   99.40802   98.33971  1.07%   130 1189s
H 2196   836                      99.4077007   98.33971  1.07%   129 1189s
H 2214   846                      99.4076925   98.33971  1.07%   128 1198s
  2226   900   99.13695   65 1447   99.40769   98.35027  1.06%   128 1210s
H 2289   898                      99.4061241   98.35027  1.06%   126 1210s
  2296   932   98.46510   18 2278   99.40612   98.35027  1.06%   126 1222s
H 2335   936                      99.4060511   98.35027  1.06%   124 1234s
H 2336   935                      99.4059204   98.35027  1.06%   125 1234s
  2339  1006   99.40396   24 1874   99.40592   98.35027  1.06%   125 1245s
H 2372  1006                      99.4058474   98.35027  1.06%   125 1245s
  2425  1046   99.15358   27 1960   99.40585   98.35027  1.06%   123 1255s
H 2431  1046                      99.4057714   98.35027  1.06%   123 1255s
H 2474  1066                      99.4057125   98.35027  1.06%   122 1265s
  2500  1117   99.26077   34 1898   99.40571   98.35027  1.06%   122 1278s
H 2518  1117                      99.4057045   98.35027  1.06%   121 1278s
  2573  1121   99.33412   47 1749   99.40570   98.35027  1.06%   120 1313s
H 2574  1106                      99.3997261   98.35027  1.06%   120 1313s
  2577  1170   99.33669   48 1747   99.39973   98.35221  1.05%   120 1325s
H 2608  1170                      99.3997261   98.35221  1.05%   121 1325s
H 2630  1167                      99.3948885   98.35221  1.05%   120 1325s
H 2654  1140                      99.3847976   98.35221  1.04%   120 1325s
  2655  1220   98.45064   21 2056   99.38480   98.35221  1.04%   120 1335s
  2746  1288   98.63974   25 1960   99.38480   98.35221  1.04%   118 1349s
  2836  1363     cutoff   31        99.38480   98.35221  1.04%   116 1359s
  2939  1415   99.27334   36 1569   99.38480   98.35221  1.04%   116 1372s
  2997  1466 infeasible   40        99.38480   98.35221  1.04%   115 1398s
  3070  1533   98.79480   45 1529   99.38480   98.35221  1.04%   113 1412s
  3190  1619   98.81029   57 1474   99.38480   98.35221  1.04%   110 1425s
H 3193  1619                      99.3844854   98.35221  1.04%   110 1425s
H 3239  1619                      99.3844401   98.35221  1.04%   110 1425s
  3303  1722   98.81474   68 1421   99.38444   98.35221  1.04%   108 1438s
H 3340  1722                      99.3844266   98.35221  1.04%   108 1438s
H 3413  1722                      99.3844210   98.35221  1.04%   107 1438s
H 3433  1781                      99.3815376   98.35221  1.04%   108 1459s
  3505  1869     cutoff  101        99.38154   98.35221  1.04%   108 1475s
H 3508  1869                      99.3814305   98.35221  1.04%   107 1475s
H 3606  1869                      99.3813598   98.35221  1.04%   105 1475s
H 3611  1982                      99.3813547   98.35221  1.04%   105 1489s
H 3632  1982                      99.3812310   98.35221  1.04%   105 1489s
  3749  2179   98.97887  141 1228   99.38123   98.35221  1.04%   105 1504s
H 3800  2179                      99.3812259   98.35221  1.04%   104 1504s
H 3875  2179                      99.3812007   98.35221  1.04%   103 1504s
H 3979  2251                      99.3812007   98.35221  1.04%   100 1523s
  4100  2318   99.02393  189 1125   99.38120   98.35221  1.04%   101 1543s
  4189  2375   99.04661  194 1124   99.38120   98.35221  1.04%   101 1569s
  4253  2584   99.05389  202 1108   99.38120   98.35221  1.04%   101 1593s
H 4535  2584                      99.3811610   98.35221  1.04%  97.2 1593s
  4566  2588   99.11652  237  998   99.38116   98.35221  1.04%  97.7 1626s
H 4567  2588                      99.3811606   98.35221  1.04%  97.7 1626s
H 4569  2587                      99.3808513   98.35221  1.04%  97.7 1626s
  4570  2669   99.10552  238 1004   99.38085   98.35221  1.04%  97.7 1654s
H 4621  2669                      99.3808329   98.35221  1.04%  97.0 1654s
  4675  2749   99.12071  251  979   99.38083   98.35221  1.04%  97.9 1694s
H 4740  2749                      99.3808328   98.35221  1.04%  97.5 1694s
  4767  2992   99.12297  265  969   99.38083   98.35221  1.04%  97.3 1717s
  5087  3049   99.29550  326  929   99.38083   98.43994  0.95%  97.2 1743s

Cutting planes:
  Learned: 50
  Gomory: 13
  Cover: 237
  Implied bound: 417
  Clique: 149
  MIR: 754
  StrongCG: 2
  Flow cover: 1465
  GUB cover: 1
  Zero half: 5
  Mod-K: 1
  RLT: 1035
  Relax-and-lift: 320

Explored 5178 nodes (538625 simplex iterations) in 1743.18 seconds
Thread count was 4 (of 32 available processors)

Solution count 10: 99.3808 99.3808 99.3809 ... 99.3814

Optimal solution found (tolerance 1.00e-02)
Best objective 9.938083283525e+01, best bound 9.843993629492e+01, gap 0.9468%

Gurobi 9.1.0 (linux64) logging started Wed Jan  5 00:09:25 2022

Changed value of parameter LogFile to eab_parasitoid_0.4_2_1_bud.log
   Prev:   Default: 
Changed value of parameter MIPGap to 0.01
   Prev: 0.0001  Min: 0.0  Max: inf  Default: 0.0001
Changed value of parameter MIPFocus to 1
   Prev: 0  Min: 0  Max: 3  Default: 0
Changed value of parameter RINS to 100
   Prev: -1  Min: -1  Max: 2000000000  Default: -1
Changed value of parameter TimeLimit to 28800.0
   Prev: inf  Min: 0.0  Max: inf  Default: inf
Changed value of parameter NodeFileStart to 10000.0
   Prev: inf  Min: 0.0  Max: inf  Default: inf
Changed value of parameter Threads to 4
   Prev: 0  Min: 0  Max: 1024  Default: 0
Changed value of parameter Heuristics to 1.0
   Prev: 0.05  Min: 0.0  Max: 1.0  Default: 0.05
Gurobi Optimizer version 9.1.0 build v9.1.0rc0 (linux64)
Thread count: 32 physical cores, 32 logical processors, using up to 4 threads
Optimize a model with 381543 rows, 174513 columns and 1305866 nonzeros
Model fingerprint: 0xfb8c728a
Variable types: 77367 continuous, 97146 integer (97146 binary)
Coefficient statistics:
  Matrix range     [1e-04, 6e+03]
  Objective range  [1e-06, 1e-01]
  Bounds range     [1e+00, 6e+03]
  RHS range        [1e-04, 7e+03]

User MIP start produced solution with objective 666.766 (6.13s)
User MIP start produced solution with objective 666.743 (6.26s)
User MIP start produced solution with objective 665.905 (6.66s)
User MIP start produced solution with objective 665.632 (7.08s)
Loaded user MIP start with objective 665.632
Processed MIP start in 7.11 seconds

Presolve removed 223224 rows and 90666 columns (presolve time = 5s) ...
Presolve removed 258112 rows and 103450 columns
Presolve time: 6.57s
Presolved: 123431 rows, 71063 columns, 632656 nonzeros
Variable types: 32522 continuous, 38541 integer (38541 binary)

Deterministic concurrent LP optimizer: primal and dual simplex (primal and dual model)
Showing first log only...

Presolve removed 90 rows and 76 columns
Presolved: 123341 rows, 70987 columns, 632425 nonzeros


Root simplex log...

Iteration    Objective       Primal Inf.    Dual Inf.      Time
       0    1.0605723e+02   3.321878e+02   2.480095e+09     14s
Concurrent spin time: 0.12s

Solved with dual simplex (primal model)

Root relaxation: objective 9.409486e+01, 5841 iterations, 1.06 seconds

    Nodes    |    Current Node    |     Objective Bounds      |     Work
 Expl Unexpl |  Obj  Depth IntInf | Incumbent    BestBd   Gap | It/Node Time

     0     0   94.09486    0 1569  665.63195   94.09486  85.9%     -   20s
     0     0   95.02441    0 2064  665.63195   95.02441  85.7%     -   28s
     0     0   95.25156    0 2165  665.63195   95.25156  85.7%     -   30s
     0     0   95.52037    0 2452  665.63195   95.52037  85.6%     -   37s
     0     0   95.52901    0 2491  665.63195   95.52901  85.6%     -   40s
     0     0   95.53209    0 2449  665.63195   95.53209  85.6%     -   41s
     0     0   95.53212    0 2459  665.63195   95.53212  85.6%     -   41s
     0     0   96.24972    0 2204  665.63195   96.24972  85.5%     -   48s
     0     0   96.33898    0 2380  665.63195   96.33898  85.5%     -   52s
     0     0   96.34824    0 2370  665.63195   96.34824  85.5%     -   53s
     0     0   96.34974    0 2368  665.63195   96.34974  85.5%     -   53s
     0     0   96.35083    0 2377  665.63195   96.35083  85.5%     -   54s
     0     0   96.35090    0 2379  665.63195   96.35090  85.5%     -   54s
     0     0   96.48102    0 2273  665.63195   96.48102  85.5%     -   59s
     0     0   96.49287    0 2228  665.63195   96.49287  85.5%     -   63s
     0     0   96.49799    0 2274  665.63195   96.49799  85.5%     -   63s
     0     0   96.49985    0 2284  665.63195   96.49985  85.5%     -   64s
     0     0   96.50121    0 2191  665.63195   96.50121  85.5%     -   64s
     0     0   96.50172    0 2185  665.63195   96.50172  85.5%     -   65s
     0     0   96.50215    0 2187  665.63195   96.50215  85.5%     -   65s
     0     0   96.50215    0 2190  665.63195   96.50215  85.5%     -   65s
     0     0   96.51386    0 2174  665.63195   96.51386  85.5%     -   69s
H    0     0                     558.8196505   96.51386  82.7%     -   77s
H    0     0                     516.6112752   96.51386  81.3%     -  150s
     0     2   96.51386    0 2173  516.61128   96.51386  81.3%     -  154s
     1     4  101.99986    1 2209  516.61128   96.51386  81.3%  5074  157s
     3     6  102.80298    2 2277  516.61128   96.56275  81.3%  2652  161s
    11    12  206.16653    4 2284  516.61128   97.08803  81.2%  1495  165s
    23    24  206.26969    7 2250  516.61128   97.22313  81.2%   926  172s
H   24    24                     439.7598975   97.22313  77.9%   888  172s
H   26    24                     410.2579589   97.23501  76.3%   824  172s
H   27    28                     410.2237894   97.23501  76.3%   797  229s
H   38    39                     410.2224432   97.25846  76.3%   614  238s
H   40    39                     405.6076518   97.26195  76.0%   585  238s
    42    50  206.31115   12 2243  405.60765   97.26195  76.0%   566  240s
H   65    66                     376.0289706   97.26627  74.1%   413  299s
    69    74  206.45431   18 2234  376.02897   97.26627  74.1%   451  304s
    77    78  206.45619   20 2146  376.02897   97.26627  74.1%   426  311s
H   78    78                     369.7747323   97.26627  73.7%   420  311s
    81    82  206.90391   21 2147  369.77473   97.26627  73.7%   417  336s
H   94    95                     369.3465777   97.26627  73.7%   412  348s
H   95    95                     298.3424703   97.26627  67.4%   408  348s
    98    99  206.98629   25 2265  298.34247   97.26627  67.4%   412  353s
   102   103  206.98703   26 2268  298.34247   97.26627  67.4%   399  358s
   106   120  206.98738   27 2267  298.34247   97.26627  67.4%   385  360s
H  126   124                     298.3424703   97.26627  67.4%   356  363s
   127   142  211.15468   29 2136  298.34247   97.26627  67.4%   356  367s
H  144   142                     266.5761388   97.26627  63.5%   332  367s
H  152   172                     266.0346112   97.26627  63.4%   317  369s
H  175   176                     103.7831725   97.26627  6.28%   284  411s
H  176   176                     102.5077146   97.26627  5.11%   283  411s
H  204   182                     102.5073094   97.30365  5.08%   282  419s
H  205   182                     102.5044266   97.30365  5.07%   283  419s
H  208   186                     102.4973467   97.30365  5.07%   294  425s
H  209   186                     102.4970935   97.30365  5.07%   293  426s
H  236   222                     102.4949096   97.30365  5.06%   284  436s
H  241   222                     102.4948461   97.30365  5.06%   287  436s
H  297   230                     102.4948077   97.30365  5.06%   249  448s
H  297   230                     102.4623301   97.30365  5.03%   249  448s
H  299   230                     102.4570698   97.30365  5.03%   248  448s
   301   253   99.82365   33 1905  102.45707   97.30365  5.03%   247  467s
H  327   232                     102.4508561   97.30365  5.02%   232  475s
H  328   232                     102.4245361   97.30365  5.00%   231  476s
H  329   232                     102.4106893   97.30365  4.99%   231  476s
H  399   232                     102.4098940   97.30365  4.99%   201  486s
   403   267   99.98688   55 1865  102.40989   97.30365  4.99%   199  501s
H  438   267                     102.4087374   97.30365  4.99%   185  501s
H  455   264                     102.4001440   97.30365  4.98%   183  508s
H  456   264                     102.3830811   97.30365  4.96%   182  508s
H  460   267                     102.3686747   97.30365  4.95%   182  515s
H  461   262                     102.2181886   97.30365  4.81%   182  515s
   466   314  100.27449   59 1855  102.21819   97.30365  4.81%   180  522s
   531   329  100.58975   74 1694  102.21819   97.30365  4.81%   167  526s
   546   333  100.66263   79 1689  102.21819   97.30365  4.81%   165  537s
   550   393  100.66549   80 1683  102.21819   97.30365  4.81%   164  543s
   638   445  100.72119  101 1527  102.21819   97.30365  4.81%   147  551s
H  641   445                     102.1912924   97.30365  4.78%   147  551s
   690   487  100.88335  114 1502  102.19129   97.30365  4.78%   138  573s
H  700   474                     102.0466941   97.30365  4.65%   136  573s
   734   478  101.38770  125 1472  102.04669   97.30365  4.65%   133  581s
   738   523  101.38789  126 1469  102.04669   97.30365  4.65%   133  586s
H  739   523                     102.0466815   97.30365  4.65%   133  586s
H  759   522                     102.0448038   97.30365  4.65%   130  586s
H  761   522                     102.0437309   97.30365  4.65%   129  586s
   787   591  101.50958  147 1352  102.04373   97.30365  4.65%   126  603s
H  830   591                     102.0424186   97.30365  4.64%   120  603s
   858   711  101.58647  169 1293  102.04242   97.30365  4.64%   119  610s
H  900   711                     102.0423479   97.30365  4.64%   113  610s
H  951   711                     102.0420555   97.30365  4.64%   110  610s
  1002   724  101.62833  212 1225  102.04206   97.30365  4.64%   106  633s
H 1003   724                     102.0417007   97.30365  4.64%   105  633s
  1017   728  101.62836  213 1222  102.04170   97.30365  4.64%   106  642s
H 1019   728                     102.0415166   97.30365  4.64%   106  642s
H 1021   728                     102.0413894   97.30365  4.64%   107  651s
  1022   729   98.04366   50 2174  102.04139   97.30365  4.64%   107  660s
  1024   730   99.05143  249 1488  102.04139   97.30365  4.64%   107  668s
  1025   731  101.58606  147 1985  102.04139   97.30365  4.64%   107  678s
  1026   732  100.25026   37 1998  102.04139   97.35436  4.59%   107  685s
  1030   734  100.74150   35 2188  102.04139   97.51851  4.43%   106  690s
  1032   736  101.62337  207 2209  102.04139   97.58169  4.37%   106  695s
  1036   738  100.84499   85 2146  102.04139   97.64807  4.31%   106  702s
  1037   739   98.64767  122 2213  102.04139   97.72386  4.23%   106  708s
  1039   740   98.58077   34 2227  102.04139   97.73371  4.22%   105  712s
  1040   741   99.88267   44 2183  102.04139   97.78749  4.17%   105  716s
  1042   742  101.86046   48 2074  102.04139   97.79122  4.17%   105  721s
H 1042   704                     102.0402814   97.79122  4.16%   105  724s
H 1042   668                     102.0401720   97.79122  4.16%   105  789s
  1044   673  101.40047   11 2280  102.04017   97.79122  4.16%   140  795s
  1046   674  101.42587   12 2260  102.04017   97.85703  4.10%   141  830s
  1054   673     cutoff   14       102.04017   98.24241  3.72%   154  835s
  1070   676     cutoff   17       102.04017   98.31630  3.65%   165  844s
H 1072   642                     102.0351023   98.31630  3.64%   165  844s
H 1073   609                     102.0123315   98.33231  3.61%   166  844s
H 1074   581                     101.9947419   98.33231  3.59%   166  849s
H 1078   554                     101.9429738   98.33231  3.54%   167  855s
H 1103   517                     101.8484700   98.33971  3.45%   176  870s
  1123   531   98.55734   27 2098  101.84847   98.33971  3.45%   186  876s
  1134   532   98.56887   30 1774  101.84847   98.33971  3.45%   186  880s
H 1136   505                     101.8484700   98.33971  3.45%   186  880s
  1152   518   98.68069   35 1726  101.84847   98.33971  3.45%   188  886s
  1160   530   98.69317   37 1718  101.84847   98.33971  3.45%   187  892s
H 1166   503                     101.8484700   98.33971  3.45%   187  892s
H 1172   478                     101.8484699   98.33971  3.45%   187  892s
  1189   506   98.74929   44 1674  101.84847   98.33971  3.45%   185  896s
  1223   524   98.76402   51 1600  101.84847   98.33971  3.45%   181  900s
H 1243   504                     101.8484694   98.33971  3.45%   180  904s
H 1249   481                     101.8483074   98.33971  3.44%   179  904s
  1253   496   98.82370   59 1584  101.84831   98.33971  3.44%   179  937s
H 1256   475                     101.8477475   98.33971  3.44%   178  937s
H 1268   451                     101.5262724   98.33971  3.14%   177  937s
H 1269   445                     101.2801101   98.33971  2.90%   177  940s
H 1286   423                      99.7932577   98.33971  1.46%   175  946s
  1293   425   98.83500   68 1562   99.79326   98.33971  1.46%   175  982s
H 1295   407                      99.7914460   98.33971  1.45%   175  982s
H 1296   391                      99.5900965   98.33971  1.26%   175  982s
  1297   405   98.83895   69 1551   99.59010   98.33971  1.26%   176  987s
H 1304   389                      99.5888287   98.33971  1.25%   175  987s
  1312   412   98.84032   73 1543   99.58883   98.33971  1.25%   176  993s
H 1318   395                      99.5879135   98.33971  1.25%   175  993s
H 1319   382                      99.5786511   98.33971  1.24%   175  993s
  1338   418   98.91019   81 1527   99.57865   98.33971  1.24%   175  996s
  1417   385   98.97017  105 1444   99.57865   98.33971  1.24%   170 1004s
  1434   399   98.97903  111 1432   99.57865   98.33971  1.24%   169 1011s
  1459   427   98.99054  117 1418   99.57865   98.33971  1.24%   168 1015s
  1565   471   99.09649  148 1338   99.57865   98.33971  1.24%   159 1024s
  1599   464   99.10290  154 1320   99.57865   98.33971  1.24%   157 1038s
  1603   520   99.10301  155 1288   99.57865   98.33971  1.24%   157 1041s
H 1648   492                      99.5781600   98.33971  1.24%   153 1041s
  1672   523   99.28410  175 1223   99.57816   98.33971  1.24%   153 1045s
  1717   532   99.29811  186 1208   99.57816   98.33971  1.24%   153 1050s
H 1743   516                      99.5339086   98.33971  1.20%   151 1064s
  1747   572   99.30184  193 1191   99.53391   98.33971  1.20%   151 1068s
  1811   576   99.37502  203 1182   99.53391   98.33971  1.20%   147 1079s
H 1812   575                      99.5273735   98.33971  1.19%   146 1079s
  1815   647   99.37510  204 1166   99.52737   98.33971  1.19%   146 1086s
H 1838   647                      99.5252814   98.33971  1.19%   145 1086s
  1903   648 infeasible  226        99.52528   98.33971  1.19%   141 1104s
H 1906   640                      99.5075367   98.33971  1.17%   140 1104s
H 1908   639                      99.4982931   98.33971  1.16%   141 1104s
  1910   708   98.40944   17 2056   99.49829   98.33971  1.16%   141 1115s
H 1967   708                      99.4982714   98.33971  1.16%   138 1115s
  1991   714   98.58209   23 1898   99.49827   98.33971  1.16%   137 1127s
H 1992   712                      99.4804088   98.33971  1.15%   137 1127s
  2001   766   98.60376   24 1859   99.48041   98.33971  1.15%   137 1151s
H 2030   766                      99.4802875   98.33971  1.15%   135 1151s
H 2060   771                      99.4802157   98.33971  1.15%   133 1160s
H 2061   771                      99.4799737   98.33971  1.15%   133 1160s
  2068   838   98.64070   29 1816   99.47997   98.33971  1.15%   133 1170s
H 2086   803                      99.4088081   98.33971  1.08%   133 1170s
H 2105   802                      99.4082992   98.33971  1.07%   131 1170s
  2140   787   98.98469   47 1516   99.40830   98.33971  1.07%   130 1184s
H 2147   787                      99.4082418   98.33971  1.07%   129 1184s
H 2148   787                      99.4080184   98.33971  1.07%   130 1184s
  2150   837   98.98546   48 1504   99.40802   98.33971  1.07%   130 1190s
H 2196   836                      99.4077007   98.33971  1.07%   129 1190s
H 2214   846                      99.4076925   98.33971  1.07%   128 1199s
  2226   900   99.13695   65 1447   99.40769   98.35027  1.06%   128 1211s
H 2289   898                      99.4061241   98.35027  1.06%   126 1211s
  2296   932   98.46510   18 2278   99.40612   98.35027  1.06%   126 1223s
H 2335   936                      99.4060511   98.35027  1.06%   124 1235s
H 2336   935                      99.4059204   98.35027  1.06%   125 1235s
  2339  1006   99.40396   24 1874   99.40592   98.35027  1.06%   125 1246s
H 2372  1006                      99.4058474   98.35027  1.06%   125 1246s
  2425  1046   99.15358   27 1960   99.40585   98.35027  1.06%   123 1256s
H 2431  1046                      99.4057714   98.35027  1.06%   123 1256s
H 2474  1066                      99.4057125   98.35027  1.06%   122 1266s
  2500  1117   99.26077   34 1898   99.40571   98.35027  1.06%   122 1279s
H 2518  1117                      99.4057045   98.35027  1.06%   121 1279s
  2573  1121   99.33412   47 1749   99.40570   98.35027  1.06%   120 1313s
H 2574  1106                      99.3997261   98.35027  1.06%   120 1313s
  2577  1170   99.33669   48 1747   99.39973   98.35221  1.05%   120 1325s
H 2608  1170                      99.3997261   98.35221  1.05%   121 1325s
H 2630  1167                      99.3948885   98.35221  1.05%   120 1325s
H 2654  1140                      99.3847976   98.35221  1.04%   120 1325s
  2655  1220   98.45064   21 2056   99.38480   98.35221  1.04%   120 1336s
  2746  1288   98.63974   25 1960   99.38480   98.35221  1.04%   118 1349s
  2836  1363     cutoff   31        99.38480   98.35221  1.04%   116 1359s
  2939  1415   99.27334   36 1569   99.38480   98.35221  1.04%   116 1371s
  2997  1466 infeasible   40        99.38480   98.35221  1.04%   115 1400s
  3070  1533   98.79480   45 1529   99.38480   98.35221  1.04%   113 1413s
  3190  1619   98.81029   57 1474   99.38480   98.35221  1.04%   110 1426s
H 3193  1619                      99.3844854   98.35221  1.04%   110 1426s
H 3239  1619                      99.3844401   98.35221  1.04%   110 1426s
  3303  1722   98.81474   68 1421   99.38444   98.35221  1.04%   108 1439s
H 3340  1722                      99.3844266   98.35221  1.04%   108 1439s
H 3413  1722                      99.3844210   98.35221  1.04%   107 1439s
H 3433  1781                      99.3815376   98.35221  1.04%   108 1459s
  3505  1869     cutoff  101        99.38154   98.35221  1.04%   108 1475s
H 3508  1869                      99.3814305   98.35221  1.04%   107 1475s
H 3606  1869                      99.3813598   98.35221  1.04%   105 1475s
H 3611  1982                      99.3813547   98.35221  1.04%   105 1491s
H 3632  1982                      99.3812310   98.35221  1.04%   105 1491s
  3749  2179   98.97887  141 1228   99.38123   98.35221  1.04%   105 1507s
H 3800  2179                      99.3812259   98.35221  1.04%   104 1507s
H 3875  2179                      99.3812007   98.35221  1.04%   103 1507s
H 3979  2251                      99.3812007   98.35221  1.04%   100 1526s
  4100  2318   99.02393  189 1125   99.38120   98.35221  1.04%   101 1546s
  4189  2375   99.04661  194 1124   99.38120   98.35221  1.04%   101 1573s
  4253  2584   99.05389  202 1108   99.38120   98.35221  1.04%   101 1597s
H 4535  2584                      99.3811610   98.35221  1.04%  97.2 1597s
  4566  2588   99.11652  237  998   99.38116   98.35221  1.04%  97.7 1632s
H 4567  2588                      99.3811606   98.35221  1.04%  97.7 1632s
H 4569  2587                      99.3808513   98.35221  1.04%  97.7 1632s
  4570  2669   99.10552  238 1004   99.38085   98.35221  1.04%  97.7 1665s
H 4621  2669                      99.3808329   98.35221  1.04%  97.0 1665s
  4675  2749   99.12071  251  979   99.38083   98.35221  1.04%  97.9 1707s
H 4740  2749                      99.3808328   98.35221  1.04%  97.5 1707s
  4767  2992   99.12297  265  969   99.38083   98.35221  1.04%  97.3 1731s
  5087  3049   99.29550  326  929   99.38083   98.43994  0.95%  97.2 1759s

Cutting planes:
  Learned: 50
  Gomory: 13
  Cover: 237
  Implied bound: 417
  Clique: 149
  MIR: 754
  StrongCG: 2
  Flow cover: 1465
  GUB cover: 1
  Zero half: 5
  Mod-K: 1
  RLT: 1035
  Relax-and-lift: 320

Explored 5178 nodes (538625 simplex iterations) in 1759.87 seconds
Thread count was 4 (of 32 available processors)

Solution count 10: 99.3808 99.3808 99.3809 ... 99.3814

Optimal solution found (tolerance 1.00e-02)
Best objective 9.938083283525e+01, best bound 9.843993629492e+01, gap 0.9468%
