
Gurobi 9.1.0 (linux64) logging started Wed Aug  4 12:51:07 2021

Changed value of parameter LogFile to eab_parasitoid_nothresh_1_1.log
   Prev:   Default: 
Changed value of parameter MIPGap to 0.01
   Prev: 0.0001  Min: 0.0  Max: inf  Default: 0.0001
Changed value of parameter Method to 2
   Prev: -1  Min: -1  Max: 5  Default: -1
Changed value of parameter MIPFocus to 2
   Prev: 0  Min: 0  Max: 3  Default: 0
Changed value of parameter RINS to 100
   Prev: -1  Min: -1  Max: 2000000000  Default: -1
Gurobi Optimizer version 9.1.0 build v9.1.0rc0 (linux64)
Thread count: 32 physical cores, 32 logical processors, using up to 32 threads
Optimize a model with 203323 rows, 134930 columns and 684966 nonzeros
Model fingerprint: 0x77b0ad02
Variable types: 55774 continuous, 79156 integer (79156 binary)
Coefficient statistics:
  Matrix range     [2e-04, 6e+05]
  Objective range  [1e-06, 1e-01]
  Bounds range     [1e+00, 6e+03]
  RHS range        [1e-04, 6e+05]
Presolve removed 183035 rows and 117472 columns (presolve time = 6s) ...
Presolve removed 191784 rows and 125172 columns (presolve time = 10s) ...
Presolve removed 193062 rows and 126470 columns (presolve time = 15s) ...
Presolve removed 193194 rows and 126576 columns
Presolve time: 18.04s
Presolved: 10129 rows, 8354 columns, 133312 nonzeros
Variable types: 3562 continuous, 4792 integer (4791 binary)
Presolve removed 33 rows and 24 columns
Presolved: 10096 rows, 8330 columns, 133177 nonzeros

Root barrier log...

Ordering time: 0.92s

Barrier statistics:
 Dense cols : 139
 AA' NZ     : 5.796e+05
 Factor NZ  : 2.795e+06 (roughly 30 MBytes of memory)
 Factor Ops : 2.334e+09 (less than 1 second per iteration)
 Threads    : 31

                  Objective                Residual
Iter       Primal          Dual         Primal    Dual     Compl     Time
   0   3.06603901e+03 -1.83895374e+04  3.57e+04 2.09e-01  8.14e+01    21s
   1   2.43062782e+03 -2.07909327e+04  2.62e+04 4.21e-01  5.82e+01    21s
   2   9.32744945e+02 -2.16255700e+04  3.70e+03 4.27e-14  9.16e+00    21s
   3   6.01549658e+02 -1.48794935e+04  1.22e+02 3.17e-14  8.44e-01    21s
   4   4.91339796e+02 -3.60788665e+03  1.30e+01 3.09e-14  1.69e-01    22s
   5   4.47423751e+02 -5.72557820e+02  3.09e+00 8.15e-15  4.02e-02    22s
   6   4.31787258e+02 -2.16669264e+01  7.34e-01 3.49e-15  1.75e-02    22s
   7   4.23341493e+02  2.32835766e+02  8.10e-04 2.60e-15  7.26e-03    22s
   8   4.20083229e+02  3.79024933e+02  2.78e-04 1.37e-15  1.56e-03    22s
   9   4.17940141e+02  3.98036024e+02  9.37e-05 1.75e-15  7.57e-04    23s
  10   4.17113236e+02  4.08626777e+02  5.23e-05 2.22e-16  3.23e-04    23s
  11   4.16392797e+02  4.11139012e+02  2.42e-05 1.70e-16  2.00e-04    23s
  12   4.16067523e+02  4.13643943e+02  1.28e-05 2.46e-16  9.22e-05    23s
  13   4.15914382e+02  4.14388292e+02  8.26e-06 3.42e-16  5.81e-05    23s
  14   4.15834065e+02  4.14828635e+02  5.93e-06 9.98e-16  3.82e-05    23s
  15   4.15746307e+02  4.15155836e+02  3.38e-06 1.11e-16  2.25e-05    24s
  16   4.15698837e+02  4.15324340e+02  2.05e-06 7.07e-16  1.42e-05    24s
  17   4.15678083e+02  4.15462216e+02  1.50e-06 1.50e-15  8.21e-06    24s
  18   4.15651866e+02  4.15536394e+02  7.96e-07 2.33e-16  4.39e-06    24s
  19   4.15633880e+02  4.15586468e+02  3.11e-07 4.18e-16  1.80e-06    24s
  20   4.15626100e+02  4.15606502e+02  1.10e-07 1.60e-16  7.46e-07    24s
  21   4.15624801e+02  4.15615496e+02  7.75e-08 2.22e-16  3.54e-07    24s
  22   4.15624190e+02  4.15616347e+02  6.24e-08 4.44e-16  2.98e-07    24s
  23   4.15622850e+02  4.15619237e+02  2.92e-08 1.11e-16  1.37e-07    25s
  24   4.15621961e+02  4.15620990e+02  9.50e-09 6.28e-16  3.69e-08    25s
  25   4.15621692e+02  4.15621290e+02  3.22e-09 7.65e-16  1.53e-08    25s
  26   4.15621588e+02  4.15621489e+02  8.06e-10 3.52e-16  3.75e-09    25s
  27   4.15621555e+02  4.15621532e+02  7.86e-11 1.78e-16  8.59e-10    25s
  28   4.15621551e+02  4.15621549e+02  1.02e-11 2.36e-16  8.68e-11    25s

Barrier solved model in 28 iterations and 25.25 seconds
Optimal objective 4.15621551e+02


Root crossover log...

     699 DPushes remaining with DInf 0.0000000e+00                25s
       0 DPushes remaining with DInf 0.0000000e+00                25s

    4828 PPushes remaining with PInf 4.1500487e-05                25s
       0 PPushes remaining with PInf 0.0000000e+00                26s

  Push phase complete: Pinf 0.0000000e+00, Dinf 1.2603818e-02     26s


Root simplex log...

Iteration    Objective       Primal Inf.    Dual Inf.      Time
    5355    4.1562155e+02   0.000000e+00   1.260382e-02     26s
    5378    4.1562155e+02   0.000000e+00   0.000000e+00     26s
    5378    4.1562155e+02   0.000000e+00   0.000000e+00     26s

Root relaxation: objective 4.156216e+02, 5378 iterations, 7.33 seconds

    Nodes    |    Current Node    |     Objective Bounds      |     Work
 Expl Unexpl |  Obj  Depth IntInf | Incumbent    BestBd   Gap | It/Node Time

     0     0  415.62155    0 1757          -  415.62155      -     -   27s
     0     0  423.78381    0 1953          -  423.78381      -     -   39s
     0     0  424.07173    0 2008          -  424.07173      -     -   51s
     0     0  424.07940    0 2009          -  424.07940      -     -   52s
     0     0  424.07988    0 2010          -  424.07988      -     -   53s
     0     0  429.97730    0 2106          -  429.97730      -     -   63s
     0     0  430.38868    0 2080          -  430.38868      -     -   68s
     0     0  430.74629    0 1996          -  430.74629      -     -   71s
     0     0  430.76519    0 1995          -  430.76519      -     -   72s
     0     0  430.76802    0 1988          -  430.76802      -     -   72s
H    0     0                     517.7538396  430.76802  16.8%     -   76s
H    0     0                     517.7503407  430.76802  16.8%     -   76s
H    0     0                     517.7126236  430.76802  16.8%     -   84s
     0     0  435.53710    0 2025  517.71262  435.53710  15.9%     -   85s
H    0     0                     517.6119272  435.53710  15.9%     -   88s
     0     0  435.73196    0 2078  517.61193  435.73196  15.8%     -   99s
     0     0  435.74761    0 2079  517.61193  435.74761  15.8%     -  102s
     0     0  435.75144    0 2072  517.61193  435.75144  15.8%     -  103s
     0     0  441.38462    0 2075  517.61193  441.38462  14.7%     -  113s
H    0     0                     489.8613024  441.38462  9.90%     -  116s
H    0     0                     480.3947143  441.38462  8.12%     -  120s
H    0     0                     480.3947115  441.38462  8.12%     -  120s
     0     0  441.69836    0 2105  480.39471  441.69836  8.06%     -  120s
H    0     0                     480.3906044  441.69836  8.05%     -  121s
     0     0  441.87383    0 2091  480.39060  441.87383  8.02%     -  121s
     0     0  441.87476    0 2097  480.39060  441.87476  8.02%     -  122s
     0     0  448.17728    0 2036  480.39060  448.17728  6.71%     -  130s
H    0     0                     480.3906043  448.17728  6.71%     -  131s
     0     0  449.27009    0 2078  480.39060  449.27009  6.48%     -  134s
     0     0  449.27327    0 2081  480.39060  449.27327  6.48%     -  135s
H    0     0                     480.3906025  449.27327  6.48%     -  144s
     0     0  457.85426    0 1996  480.39060  457.85426  4.69%     -  144s
H    0     0                     480.3906021  457.85426  4.69%     -  146s
     0     0  461.57629    0 1978  480.39060  461.57629  3.92%     -  149s
     0     0  461.62190    0 1979  480.39060  461.62190  3.91%     -  150s
     0     0  461.62904    0 2009  480.39060  461.62904  3.91%     -  151s
H    0     0                     479.9130267  461.62904  3.81%     -  156s
H    0     0                     479.9128221  461.62904  3.81%     -  156s
     0     0  467.16426    0 1938  479.91282  467.16426  2.66%     -  156s
     0     0  468.02136    0 1926  479.91282  468.02136  2.48%     -  157s
     0     0  468.03148    0 1920  479.91282  468.03148  2.48%     -  158s
H    0     0                     479.9128011  468.03148  2.48%     -  170s
     0     0  469.27558    0 1959  479.91280  469.27558  2.22%     -  170s
H    0     0                     479.9127589  469.27558  2.22%     -  176s
     0     0  469.29258    0 1970  479.91276  469.29258  2.21%     -  176s
     0     0  469.35638    0 1964  479.91276  469.35638  2.20%     -  197s
     0     0  469.35638    0 1964  479.91276  469.35638  2.20%     -  200s
H    0     0                     479.5710608  469.35638  2.13%     -  258s
     0     2  469.35638    0 1964  479.57106  469.35638  2.13%     -  259s
     1     4  469.39394    1 1909  479.57106  469.35698  2.13%   857  264s
H    2     4                     479.5710606  469.35698  2.13%   428  264s
     3     8  475.56448    2 1636  479.57106  469.39394  2.12%  1370  267s
     7    10 infeasible    3       479.57106  469.64323  2.07%  1217  273s
    15     8  474.61464    4 1502  479.57106  471.74614  1.63%  1045  278s
    25     8  475.95354    5 1483  479.57106  474.61744  1.03%  1232  283s

Cutting planes:
  Learned: 57
  Gomory: 35
  Cover: 131
  Implied bound: 269
  Projected implied bound: 145
  Clique: 21
  MIR: 780
  Flow cover: 2786
  GUB cover: 4
  Zero half: 28
  RLT: 1712
  Relax-and-lift: 155

Explored 33 nodes (80040 simplex iterations) in 285.17 seconds
Thread count was 32 (of 32 available processors)

Solution count 10: 479.571 479.913 479.913 ... 480.395

Optimal solution found (tolerance 1.00e-02)
Best objective 4.795710607576e+02, best bound 4.748151305669e+02, gap 0.9917%

Gurobi 9.1.0 (linux64) logging started Wed Aug  4 12:56:18 2021

Changed value of parameter LogFile to eab_parasitoid_nothresh_1_1.log
   Prev:   Default: 
Changed value of parameter MIPGap to 0.01
   Prev: 0.0001  Min: 0.0  Max: inf  Default: 0.0001
Changed value of parameter Method to 2
   Prev: -1  Min: -1  Max: 5  Default: -1
Changed value of parameter MIPFocus to 2
   Prev: 0  Min: 0  Max: 3  Default: 0
Changed value of parameter RINS to 100
   Prev: -1  Min: -1  Max: 2000000000  Default: -1
Gurobi Optimizer version 9.1.0 build v9.1.0rc0 (linux64)
Thread count: 32 physical cores, 32 logical processors, using up to 32 threads
Optimize a model with 203323 rows, 134930 columns and 684966 nonzeros
Model fingerprint: 0x77b0ad02
Variable types: 55774 continuous, 79156 integer (79156 binary)
Coefficient statistics:
  Matrix range     [2e-04, 6e+05]
  Objective range  [1e-06, 1e-01]
  Bounds range     [1e+00, 6e+03]
  RHS range        [1e-04, 6e+05]
Presolve removed 193194 rows and 126576 columns
Presolve time: 3.98s
Presolved: 10129 rows, 8354 columns, 133312 nonzeros
Variable types: 3562 continuous, 4792 integer (4791 binary)
Presolve removed 33 rows and 24 columns
Presolved: 10096 rows, 8330 columns, 133177 nonzeros

Root barrier log...

Ordering time: 0.24s

Barrier statistics:
 Dense cols : 139
 AA' NZ     : 5.796e+05
 Factor NZ  : 2.795e+06 (roughly 30 MBytes of memory)
 Factor Ops : 2.334e+09 (less than 1 second per iteration)
 Threads    : 31

                  Objective                Residual
Iter       Primal          Dual         Primal    Dual     Compl     Time
   0   3.06603901e+03 -1.83895374e+04  3.57e+04 2.09e-01  8.14e+01     5s
   1   2.43062782e+03 -2.07909327e+04  2.62e+04 4.21e-01  5.82e+01     5s
   2   9.32744945e+02 -2.16255700e+04  3.70e+03 4.27e-14  9.16e+00     5s
   3   6.01549658e+02 -1.48794935e+04  1.22e+02 3.17e-14  8.44e-01     5s
   4   4.91339796e+02 -3.60788665e+03  1.30e+01 3.09e-14  1.69e-01     5s
   5   4.47423751e+02 -5.72557820e+02  3.09e+00 8.15e-15  4.02e-02     5s
   6   4.31787258e+02 -2.16669264e+01  7.34e-01 3.49e-15  1.75e-02     5s
   7   4.23341493e+02  2.32835766e+02  8.10e-04 2.60e-15  7.26e-03     5s
   8   4.20083229e+02  3.79024933e+02  2.78e-04 1.37e-15  1.56e-03     5s
   9   4.17940141e+02  3.98036024e+02  9.37e-05 1.75e-15  7.57e-04     5s
  10   4.17113236e+02  4.08626777e+02  5.23e-05 2.22e-16  3.23e-04     5s
  11   4.16392797e+02  4.11139012e+02  2.42e-05 1.70e-16  2.00e-04     6s
  12   4.16067523e+02  4.13643943e+02  1.28e-05 2.46e-16  9.22e-05     6s
  13   4.15914382e+02  4.14388292e+02  8.26e-06 3.42e-16  5.81e-05     6s
  14   4.15834065e+02  4.14828635e+02  5.93e-06 9.98e-16  3.82e-05     6s
  15   4.15746307e+02  4.15155836e+02  3.38e-06 1.11e-16  2.25e-05     6s
  16   4.15698837e+02  4.15324340e+02  2.05e-06 7.07e-16  1.42e-05     6s
  17   4.15678083e+02  4.15462216e+02  1.50e-06 1.50e-15  8.21e-06     6s
  18   4.15651866e+02  4.15536394e+02  7.96e-07 2.33e-16  4.39e-06     6s
  19   4.15633880e+02  4.15586468e+02  3.11e-07 4.18e-16  1.80e-06     6s
  20   4.15626100e+02  4.15606502e+02  1.10e-07 1.60e-16  7.46e-07     6s
  21   4.15624801e+02  4.15615496e+02  7.75e-08 2.22e-16  3.54e-07     6s
  22   4.15624190e+02  4.15616347e+02  6.24e-08 4.44e-16  2.98e-07     6s
  23   4.15622850e+02  4.15619237e+02  2.92e-08 1.11e-16  1.37e-07     6s
  24   4.15621961e+02  4.15620990e+02  9.50e-09 6.28e-16  3.69e-08     6s
  25   4.15621692e+02  4.15621290e+02  3.22e-09 7.65e-16  1.53e-08     6s
  26   4.15621588e+02  4.15621489e+02  8.06e-10 3.52e-16  3.75e-09     6s
  27   4.15621555e+02  4.15621532e+02  7.86e-11 1.78e-16  8.59e-10     7s
  28   4.15621551e+02  4.15621549e+02  1.02e-11 2.36e-16  8.68e-11     7s

Barrier solved model in 28 iterations and 6.57 seconds
Optimal objective 4.15621551e+02


Root crossover log...

     699 DPushes remaining with DInf 0.0000000e+00                 7s
       0 DPushes remaining with DInf 0.0000000e+00                 7s

    4828 PPushes remaining with PInf 4.1500487e-05                 7s
       0 PPushes remaining with PInf 0.0000000e+00                 7s

  Push phase complete: Pinf 0.0000000e+00, Dinf 1.2603818e-02      7s


Root simplex log...

Iteration    Objective       Primal Inf.    Dual Inf.      Time
    5355    4.1562155e+02   0.000000e+00   1.260382e-02      7s
    5378    4.1562155e+02   0.000000e+00   0.000000e+00      7s
    5378    4.1562155e+02   0.000000e+00   0.000000e+00      7s

Root relaxation: objective 4.156216e+02, 5378 iterations, 2.65 seconds

    Nodes    |    Current Node    |     Objective Bounds      |     Work
 Expl Unexpl |  Obj  Depth IntInf | Incumbent    BestBd   Gap | It/Node Time

     0     0  415.62155    0 1757          -  415.62155      -     -    7s
     0     0  423.78381    0 1953          -  423.78381      -     -    9s
     0     0  424.07173    0 2008          -  424.07173      -     -   10s
     0     0  424.07940    0 2009          -  424.07940      -     -   11s
     0     0  424.07988    0 2010          -  424.07988      -     -   11s
     0     0  429.97730    0 2106          -  429.97730      -     -   14s
     0     0  430.38868    0 2080          -  430.38868      -     -   16s
     0     0  430.74629    0 1996          -  430.74629      -     -   17s
     0     0  430.76519    0 1995          -  430.76519      -     -   17s
     0     0  430.76802    0 1988          -  430.76802      -     -   17s
H    0     0                     517.7538396  430.76802  16.8%     -   18s
H    0     0                     517.7503407  430.76802  16.8%     -   18s
H    0     0                     517.7126236  430.76802  16.8%     -   20s
     0     0  435.53710    0 2025  517.71262  435.53710  15.9%     -   20s
H    0     0                     517.6119272  435.53710  15.9%     -   21s
     0     0  435.73196    0 2078  517.61193  435.73196  15.8%     -   22s
     0     0  435.74761    0 2079  517.61193  435.74761  15.8%     -   23s
     0     0  435.75144    0 2072  517.61193  435.75144  15.8%     -   23s
     0     0  441.38462    0 2075  517.61193  441.38462  14.7%     -   38s
H    0     0                     489.8613024  441.38462  9.90%     -   42s
H    0     0                     480.3947143  441.38462  8.12%     -   59s
H    0     0                     480.3947115  441.38462  8.12%     -   59s
     0     0  441.69836    0 2105  480.39471  441.69836  8.06%     -   59s
H    0     0                     480.3906044  441.69836  8.05%     -   61s
     0     0  441.87383    0 2091  480.39060  441.87383  8.02%     -   61s
     0     0  441.87476    0 2097  480.39060  441.87476  8.02%     -   62s
     0     0  448.17728    0 2036  480.39060  448.17728  6.71%     -   70s
H    0     0                     480.3906043  448.17728  6.71%     -   72s
     0     0  449.27009    0 2078  480.39060  449.27009  6.48%     -   76s
     0     0  449.27327    0 2081  480.39060  449.27327  6.48%     -   80s
H    0     0                     480.3906025  449.27327  6.48%     -  104s
     0     0  457.85426    0 1996  480.39060  457.85426  4.69%     -  104s
H    0     0                     480.3906021  457.85426  4.69%     -  107s
     0     0  461.57629    0 1978  480.39060  461.57629  3.92%     -  119s
     0     0  461.62190    0 1979  480.39060  461.62190  3.91%     -  123s
     0     0  461.62904    0 2009  480.39060  461.62904  3.91%     -  125s
H    0     0                     479.9130267  461.62904  3.81%     -  135s
H    0     0                     479.9128221  461.62904  3.81%     -  135s
     0     0  467.16426    0 1938  479.91282  467.16426  2.66%     -  135s
     0     0  468.02136    0 1926  479.91282  468.02136  2.48%     -  137s
     0     0  468.03148    0 1920  479.91282  468.03148  2.48%     -  139s
H    0     0                     479.9128011  468.03148  2.48%     -  151s
     0     0  469.27558    0 1959  479.91280  469.27558  2.22%     -  151s
H    0     0                     479.9127589  469.27558  2.22%     -  157s
     0     0  469.29258    0 1970  479.91276  469.29258  2.21%     -  157s
     0     0  469.35638    0 1964  479.91276  469.35638  2.20%     -  163s
     0     0  469.35638    0 1964  479.91276  469.35638  2.20%     -  169s
H    0     0                     479.5710608  469.35638  2.13%     -  285s
     0     2  469.35638    0 1964  479.57106  469.35638  2.13%     -  288s
     1     4  469.39394    1 1909  479.57106  469.35698  2.13%   857  298s
H    2     4                     479.5710606  469.35698  2.13%   428  298s
     3     8  475.56448    2 1636  479.57106  469.39394  2.12%  1370  317s
     7    10 infeasible    3       479.57106  469.64323  2.07%  1217  325s
    15     8  474.61464    4 1502  479.57106  471.74614  1.63%  1045  330s
    25     8  475.95354    5 1483  479.57106  474.61744  1.03%  1232  336s

Cutting planes:
  Learned: 57
  Gomory: 35
  Cover: 131
  Implied bound: 269
  Projected implied bound: 145
  Clique: 21
  MIR: 780
  Flow cover: 2786
  GUB cover: 4
  Zero half: 28
  RLT: 1712
  Relax-and-lift: 155

Explored 33 nodes (80040 simplex iterations) in 338.11 seconds
Thread count was 32 (of 32 available processors)

Solution count 10: 479.571 479.913 479.913 ... 480.395

Optimal solution found (tolerance 1.00e-02)
Best objective 4.795710607576e+02, best bound 4.748151305669e+02, gap 0.9917%
