
Gurobi 9.1.0 (linux64) logging started Mon Aug  2 23:11:48 2021

Changed value of parameter LogFile to eab_parasitoid_fastdisp_fastgrowth_0_1.log
   Prev:   Default: 
Changed value of parameter MIPGap to 0.01
   Prev: 0.0001  Min: 0.0  Max: inf  Default: 0.0001
Changed value of parameter Method to 2
   Prev: -1  Min: -1  Max: 5  Default: -1
Changed value of parameter MIPFocus to 2
   Prev: 0  Min: 0  Max: 3  Default: 0
Changed value of parameter RINS to 100
   Prev: -1  Min: -1  Max: 2000000000  Default: -1
Gurobi Optimizer version 9.1.0 build v9.1.0rc0 (linux64)
Thread count: 32 physical cores, 32 logical processors, using up to 32 threads
Optimize a model with 196148 rows, 134930 columns and 678180 nonzeros
Model fingerprint: 0x8f1cd12c
Variable types: 55774 continuous, 79156 integer (79156 binary)
Coefficient statistics:
  Matrix range     [2e-04, 1e+06]
  Objective range  [1e-06, 1e-01]
  Bounds range     [1e+00, 6e+03]
  RHS range        [1e-04, 1e+06]
Presolve removed 155768 rows and 96359 columns (presolve time = 5s) ...
Presolve removed 166780 rows and 105628 columns (presolve time = 10s) ...
Presolve removed 168043 rows and 106618 columns (presolve time = 15s) ...
Presolve removed 168048 rows and 106640 columns
Presolve time: 15.49s
Presolved: 28100 rows, 28290 columns, 227151 nonzeros
Variable types: 4150 continuous, 24140 integer (24136 binary)
Presolve removed 1200 rows and 1193 columns
Presolved: 26900 rows, 27097 columns, 225884 nonzeros

Root barrier log...

Ordering time: 1.46s

Barrier statistics:
 Dense cols : 108
 AA' NZ     : 9.619e+05
 Factor NZ  : 6.092e+06 (roughly 70 MBytes of memory)
 Factor Ops : 6.487e+09 (less than 1 second per iteration)
 Threads    : 31

                  Objective                Residual
Iter       Primal          Dual         Primal    Dual     Compl     Time
   0   4.54583962e+03 -4.23857334e+04  2.77e+05 1.34e-01  9.87e+01    19s
   1   3.44620627e+03 -4.70320158e+04  1.92e+05 2.43e-01  6.69e+01    19s
   2   1.16968938e+03 -4.74734740e+04  2.36e+04 1.79e-13  9.15e+00    19s
   3   7.84228742e+02 -3.47905219e+04  1.65e+03 2.49e-14  1.02e+00    20s
   4   7.14882912e+02 -1.43004728e+04  5.69e+02 9.95e-14  3.25e-01    20s
   5   6.57151742e+02 -5.52695136e+03  1.27e+02 3.84e-14  9.61e-02    20s
   6   6.34923844e+02 -2.22343389e+03  4.54e+01 1.33e-14  3.99e-02    20s
   7   6.23483625e+02 -7.18034239e+02  1.65e+01 5.33e-15  1.77e-02    21s
   8   6.17323332e+02  8.02370875e+01  5.55e+00 1.96e-15  6.94e-03    21s
   9   6.13932791e+02  3.60072972e+02  2.71e+00 1.33e-15  3.26e-03    21s
  10   6.11053575e+02  4.61802278e+02  1.14e+00 1.78e-15  1.91e-03    21s
  11   6.09316751e+02  5.23234461e+02  6.07e-01 6.66e-16  1.10e-03    22s
  12   6.07513395e+02  5.59142303e+02  3.10e-01 4.44e-16  6.17e-04    22s
  13   6.06395633e+02  5.75003214e+02  1.88e-01 2.78e-16  4.00e-04    22s
  14   6.05963246e+02  5.85417116e+02  1.49e-01 1.84e-16  2.62e-04    22s
  15   6.05278819e+02  5.90651801e+02  9.45e-02 3.33e-16  1.86e-04    22s
  16   6.04775198e+02  5.95766398e+02  6.02e-02 8.88e-16  1.15e-04    23s
  17   6.04270886e+02  5.98180551e+02  2.88e-02 4.44e-16  7.76e-05    23s
  18   6.04008277e+02  5.99094049e+02  1.57e-02 2.22e-16  6.26e-05    23s
  19   6.03884966e+02  6.00052615e+02  9.93e-03 1.45e-16  4.88e-05    24s
  20   6.03680291e+02  6.01317256e+02  6.43e-04 1.33e-15  3.01e-05    24s
  21   6.03530360e+02  6.01816716e+02  2.58e-05 4.44e-16  2.18e-05    24s
  22   6.03440365e+02  6.02371574e+02  1.93e-05 2.22e-16  1.36e-05    24s
  23   6.03361846e+02  6.02511581e+02  1.38e-05 1.78e-15  1.08e-05    25s
  24   6.03310661e+02  6.02634689e+02  1.02e-05 3.33e-16  8.61e-06    25s
  25   6.03287763e+02  6.02693717e+02  8.65e-06 4.44e-16  7.57e-06    25s
  26   6.03246631e+02  6.02831929e+02  5.91e-06 8.88e-16  5.28e-06    26s
  27   6.03244845e+02  6.02863634e+02  5.76e-06 4.44e-16  4.86e-06    26s
  28   6.03212412e+02  6.02916219e+02  3.65e-06 1.24e-16  3.77e-06    26s
  29   6.03199675e+02  6.02996022e+02  2.84e-06 1.27e-16  2.59e-06    26s
  30   6.03192192e+02  6.03062940e+02  2.37e-06 2.22e-16  1.65e-06    26s
  31   6.03176531e+02  6.03091793e+02  1.42e-06 2.66e-15  1.08e-06    27s
  32   6.03169154e+02  6.03112262e+02  9.94e-07 1.83e-16  7.25e-07    27s
  33   6.03160056e+02  6.03122834e+02  4.84e-07 1.94e-16  4.74e-07    27s
  34   6.03158739e+02  6.03130116e+02  4.13e-07 1.49e-16  3.65e-07    27s
  35   6.03157074e+02  6.03136281e+02  3.26e-07 1.78e-15  2.65e-07    28s
  36   6.03155591e+02  6.03140180e+02  2.49e-07 4.44e-16  1.96e-07    28s
  37   6.03153488e+02  6.03143391e+02  1.42e-07 1.33e-15  1.29e-07    28s
  38   6.03152160e+02  6.03146782e+02  7.54e-08 1.98e-16  6.85e-08    28s
  39   6.03151490e+02  6.03148683e+02  4.34e-08 1.39e-16  3.58e-08    29s
  40   6.03151294e+02  6.03149067e+02  3.42e-08 2.22e-16  2.84e-08    29s
  41   6.03151098e+02  6.03149463e+02  2.50e-08 4.44e-16  2.08e-08    29s
  42   6.03150792e+02  6.03149878e+02  1.06e-08 1.32e-16  1.16e-08    29s
  43   6.03150694e+02  6.03150125e+02  6.10e-09 1.11e-16  7.24e-09    30s
  44   6.03150646e+02  6.03150425e+02  3.98e-09 4.44e-16  2.80e-09    30s
  45   6.03150565e+02  6.03150493e+02  6.23e-10 4.44e-16  9.12e-10    30s
  46   6.03150562e+02  6.03150497e+02  5.30e-10 5.47e-16  8.26e-10    30s
  47   6.03150560e+02  6.03150514e+02  4.55e-10 3.06e-15  5.82e-10    31s
  48   6.03150557e+02  6.03150525e+02  3.43e-10 6.48e-15  4.14e-10    31s
  49   6.03150550e+02  6.03150532e+02  6.27e-11 9.31e-15  2.28e-10    31s
  50   6.03150549e+02  6.03150543e+02  4.97e-11 2.66e-14  7.57e-11    31s
  51   6.03150549e+02  6.03150545e+02  3.00e-11 2.80e-14  4.18e-11    32s

Barrier solved model in 51 iterations and 31.60 seconds
Optimal objective 6.03150549e+02


Root crossover log...

    5116 DPushes remaining with DInf 0.0000000e+00                32s
       0 DPushes remaining with DInf 0.0000000e+00                32s

   12612 PPushes remaining with PInf 2.0731310e-04                32s
       0 PPushes remaining with PInf 0.0000000e+00                32s

  Push phase complete: Pinf 0.0000000e+00, Dinf 1.9268019e-02     32s


Root simplex log...

Iteration    Objective       Primal Inf.    Dual Inf.      Time
   15369    6.0315055e+02   0.000000e+00   1.926802e-02     32s
   15531    6.0315055e+02   0.000000e+00   0.000000e+00     32s
   15531    6.0315055e+02   0.000000e+00   0.000000e+00     32s

Root relaxation: objective 6.031505e+02, 15531 iterations, 16.40 seconds

    Nodes    |    Current Node    |     Objective Bounds      |     Work
 Expl Unexpl |  Obj  Depth IntInf | Incumbent    BestBd   Gap | It/Node Time

     0     0  639.75042    0 2659          -  639.75042      -     -   34s
     0     0  649.06571    0 3034          -  649.06571      -     -   56s
     0     0  653.24021    0 2944          -  653.24021      -     -   69s
     0     0  661.62022    0 2937          -  661.62022      -     -   71s
     0     0  661.70491    0 2934          -  661.70491      -     -   72s
     0     0  661.70498    0 2929          -  661.70498      -     -   72s
H    0     0                     735.3497880  661.70498  10.0%     -   92s
H    0     0                     735.3494499  661.70498  10.0%     -   92s
     0     0  675.13435    0 2882  735.34945  675.13435  8.19%     -   92s
     0     0  675.88527    0 2631  735.34945  675.88527  8.09%     -  106s
     0     0  676.18627    0 2534  735.34945  676.18627  8.05%     -  114s
     0     0  676.22576    0 2544  735.34945  676.22576  8.04%     -  116s
     0     0  676.22658    0 2533  735.34945  676.22658  8.04%     -  117s
     0     0  677.32093    0 2411  735.34945  677.32093  7.89%     -  130s
H    0     0                     732.9113760  677.32093  7.58%     -  130s
     0     0  677.57672    0 2375  732.91138  677.57672  7.55%     -  140s
     0     0  677.61169    0 2374  732.91138  677.61169  7.55%     -  145s
     0     0  677.61550    0 2369  732.91138  677.61550  7.54%     -  146s
     0     0  678.20395    0 2326  732.91138  678.20395  7.46%     -  163s
     0     0  678.25280    0 2320  732.91138  678.25280  7.46%     -  170s
     0     0  678.25649    0 2321  732.91138  678.25649  7.46%     -  173s
     0     0  678.41801    0 2319  732.91138  678.41801  7.44%     -  213s
H    0     0                     695.1233708  678.41801  2.40%     -  242s
     0     0  678.48699    0 2274  695.12337  678.48699  2.39%     -  242s
     0     0  678.49482    0 2296  695.12337  678.49482  2.39%     -  248s
     0     0  679.59961    0 2400  695.12337  679.59961  2.23%     -  281s
     0     0  679.73860    0 2365  695.12337  679.73860  2.21%     -  314s
     0     0  679.75804    0 2400  695.12337  679.75804  2.21%     -  329s
     0     0  679.76086    0 2386  695.12337  679.76086  2.21%     -  342s
H    0     0                     695.1233701  679.76086  2.21%     -  374s
H    0     0                     695.1233666  679.76086  2.21%     -  374s
H    0     0                     695.1233644  679.76086  2.21%     -  374s
H    0     0                     695.1233505  679.76086  2.21%     -  374s
H    0     0                     695.1233445  679.76086  2.21%     -  374s
H    0     0                     694.9257583  679.76086  2.18%     -  459s
H    0     0                     694.9257509  679.76086  2.18%     -  459s
     0     0  680.19722    0 2338  694.92575  680.19722  2.12%     -  459s
H    0     0                     694.9254020  680.19722  2.12%     -  516s
H    0     0                     694.9253819  680.19722  2.12%     -  516s
H    0     0                     694.9253695  680.19722  2.12%     -  517s
H    0     0                     694.9253643  680.19722  2.12%     -  517s
     0     0  680.23853    0 2335  694.92536  680.23853  2.11%     -  517s
H    0     0                     694.8916964  680.23853  2.11%     -  570s
     0     0  680.24754    0 2312  694.89170  680.24754  2.11%     -  570s
H    0     0                     694.8916821  680.24754  2.11%     -  605s
H    0     0                     694.8916802  680.24754  2.11%     -  606s
H    0     0                     694.8915705  680.24754  2.11%     -  606s
H    0     0                     694.8364318  680.24754  2.10%     -  695s
H    0     0                     694.8363498  680.24754  2.10%     -  695s
H    0     0                     694.8363491  680.24754  2.10%     -  695s
H    0     0                     694.8363343  680.24754  2.10%     -  695s
     0     0  680.52511    0 2307  694.83633  680.52511  2.06%     -  696s
H    0     0                     694.8363161  680.52511  2.06%     -  752s
H    0     0                     694.8211774  680.52511  2.06%     -  752s
H    0     0                     694.3152609  680.52511  1.99%     -  752s
     0     0  680.54186    0 2324  694.31526  680.54186  1.98%     -  752s
     0     0  680.57590    0 2307  694.31526  680.57590  1.98%     -  788s
     0     0  680.58623    0 2281  694.31526  680.58623  1.98%     -  818s
     0     0  680.68330    0 2320  694.31526  680.68330  1.96%     -  931s
     0     0  680.68330    0 2318  694.31526  680.68330  1.96%     -  941s
H    0     0                     694.1245605  680.68330  1.94%     - 1532s
H    0     0                     694.1171215  680.68330  1.94%     - 2249s
     0     2  680.68330    0 2318  694.11712  680.68330  1.94%     - 2258s
     1     4  685.22854    1 2101  694.11712  680.68330  1.94%  3421 2313s
     3     8  690.70170    2 2122  694.11712  681.54822  1.81%  2909 2422s
H    4     8                     694.1171207  681.54822  1.81%  2182 2422s
     7    16  693.20109    3 2089  694.11712  681.71479  1.79%  2729 2511s
    15    28     cutoff    4       694.11712  681.80868  1.77%  3137 2758s
    31    52  682.63962    5 2211  694.11712  681.93101  1.76%  4240 2995s
H   56    52                     694.1171201  682.41280  1.69%  4043 2996s
H   59    82                     694.0908874  682.41280  1.68%  4072 3502s
H   60    82                     694.0640811  682.41280  1.68%  4073 3502s
H   61    82                     694.0485415  682.41280  1.68%  4067 3502s
H   64    82                     694.0446192  682.41280  1.68%  4035 3503s
    91   114  683.20551    7 2182  694.04462  682.41280  1.68%  3913 3658s
H  101   114                     694.0445642  682.41280  1.68%  3776 3658s
H  113   114                     694.0445484  682.41280  1.68%  3675 3658s
   123   144  683.21265    8 2180  694.04455  682.41280  1.68%  3597 3801s
   155   174  683.29620    9 2242  694.04455  682.41280  1.68%  3072 3870s
H  185   174                     694.0430481  682.41280  1.68%  2752 3870s
   187   205  683.29632   10 2227  694.04305  682.41280  1.68%  2733 3940s
H  224   233                     693.9877358  682.41280  1.67%  2455 7679s
H  225   233                     693.9778801  682.41280  1.67%  2451 7679s
   256   262  683.65545   13 2105  693.97788  682.41280  1.67%  2362 7889s
   297   302  683.67345   14 2102  693.97788  682.41280  1.67%  2228 8061s
H  341   325                     693.9777731  682.41280  1.67%  2117 10093s
H  342   325                     693.9777456  682.41280  1.67%  2111 10093s
   374   371  683.75899   16 2104  693.97775  682.41280  1.67%  2073 10161s
   432   407  685.11140   18 2037  693.97775  682.41280  1.67%  1968 10314s
   488   472  686.86574   20 2005  693.97775  682.41280  1.67%  1906 10390s
   563   517  686.98889   24 1999  693.97775  682.41280  1.67%  1785 10535s
   634   555  687.51132   27 1978  693.97775  682.41280  1.67%  1717 10714s
   698   600  690.67399   29 2069  693.97775  682.41280  1.67%  1680 11530s
H  703   600                     693.9777452  682.41280  1.67%  1672 11530s
H  706   600                     693.9776272  682.41280  1.67%  1668 11530s
H  736   600                     693.9776208  682.41280  1.67%  1644 11530s
   762   682  690.69045   30 2069  693.97762  682.41280  1.67%  1633 11690s
   856   789  692.25638   34 2068  693.97762  682.41280  1.67%  1548 11851s
   977   883  693.02536   40 1895  693.97762  682.41280  1.67%  1436 12066s
  1101   991  693.18243   44 1908  693.97762  682.81165  1.61%  1353 12452s
  1237  1105  683.47717    7 2186  693.97762  682.81165  1.61%  1276 12724s
  1378  1220  683.58253    9 2220  693.97762  682.81165  1.61%  1207 13138s
  1519  1339  683.71055   10 2112  693.97762  682.81165  1.61%  1147 13447s
  1667  1461  683.78120   12 2125  693.97762  682.81165  1.61%  1094 13737s
  1828  1595  685.24730   15 1977  693.97762  682.81165  1.61%  1051 16159s
  1841  1595  684.92479   13 2005  693.97762  682.81165  1.61%  1053 16160s
  1987  1725  688.23076   15 1961  693.97762  682.81165  1.61%  1052 16392s
  2139  1886  685.25114   16 1946  693.97762  682.81165  1.61%  1022 16648s
  2332  2037  685.73671   18 1981  693.97762  682.81165  1.61%   977 16884s
  2525  2210  687.01508   20 1978  693.97762  682.81165  1.61%   938 17136s
  2730  2432  686.35689   22 2002  693.97762  682.81165  1.61%   901 17366s
  2985  2433  689.11874   33 2318  693.97762  682.81165  1.61%   858 18601s
H 2986  2312                     693.9776203  682.81165  1.61%   858 18637s
  2987  2312  687.20020   18 2602  693.97762  682.81165  1.61%   858 18640s
  2988  2313  693.79188   75 2879  693.97762  682.81165  1.61%   857 18654s
  2989  2314  691.14019   41 2701  693.97762  682.81165  1.61%   857 18672s
  2990  2314  688.81525   49 2517  693.97762  682.81165  1.61%   857 18681s
  2991  2315  691.96304   87 2454  693.97762  682.81165  1.61%   857 18704s
  2992  2316  686.12395   21 2361  693.97762  682.81165  1.61%   856 18779s
  2993  2316  687.38158   25 2299  693.97762  682.81165  1.61%   856 18806s
  2994  2317  683.57503    8 2217  693.97762  682.81165  1.61%   856 18821s
  2995  2318  693.22487  183 2243  693.97762  682.81165  1.61%   855 18838s
  2996  2318  693.06030   14 2263  693.97762  682.81165  1.61%   855 18855s
  2997  2319  692.51312   16 2280  693.97762  682.81165  1.61%   855 18868s
  2998  2320  689.20327   50 2234  693.97762  682.81165  1.61%   855 18892s
H 2998  2204                     693.9776200  682.81165  1.61%   855 18908s
  2999  2204  692.56949   68 2323  693.97762  682.81165  1.61%   854 18918s
  3000  2205  688.44587   27 2137  693.97762  682.81165  1.61%   854 19280s
  3001  2206  692.77751  121 2087  693.97762  682.81165  1.61%   854 19294s
  3002  2206  690.75033   15 2129  693.97762  682.81165  1.61%   853 19311s
  3003  2207  691.55525   83 2044  693.97762  682.81165  1.61%   853 19411s
  3004  2208  689.29458   28 2080  693.97762  683.51433  1.51%   853 19638s
  3005  2208  692.96077   24 2051  693.97762  683.71380  1.48%   853 19653s
  3006  2209  688.49664   18 2093  693.97762  683.76236  1.47%   852 19663s
  3007  2210  687.86848   33 2052  693.97762  683.79773  1.47%   852 19670s
  3008  2210  693.00360   88 2058  693.97762  683.86541  1.46%   852 19679s
H 3008  2099                     693.9776197  683.95775  1.44%   852 19869s
H 3009  1994                     693.9759396  684.19679  1.41%   851 20044s
  3010  1995  690.52712   51 2038  693.97594  684.19679  1.41%   851 20218s
  3011  1995  685.46548   10 1981  693.97594  684.26862  1.40%   851 20244s
  3012  1996  684.26862   12 2035  693.97594  684.26862  1.40%   851 20390s
  3013  1997  684.26862   17 2009  693.97594  684.26862  1.40%   850 20817s
H 3013  1897                     693.9759394  684.27007  1.40%   850 20830s
H 3013  1802                     693.9759368  684.27007  1.40%   850 20830s
H 3014  1711                     693.9658694  684.28464  1.40%   850 21020s
H 3015  1626                     693.9658241  684.39499  1.38%   850 21198s
  3016  1627  692.67412  103 1999  693.96582  684.39499  1.38%   849 21342s
H 3016  1545                     693.9658232  684.46046  1.37%   849 21405s
H 3017  1467                     693.9658219  684.67626  1.34%   849 21645s
H 3017  1393                     693.9658211  684.67626  1.34%   849 21645s
  3019  1395  692.24221   38 2010  693.96582  684.76040  1.33%   849 21985s
H 3019  1325                     693.9658206  684.83612  1.32%   849 22186s
H 3019  1258                     693.9635656  684.83612  1.32%   849 22186s
H 3019  1195                     693.9635295  684.83612  1.32%   849 22186s
H 3020  1134                     693.9635264  684.89927  1.31%   848 22330s
H 3020  1077                     693.9635206  684.89927  1.31%   848 22330s
H 3020  1022                     693.9601154  684.89927  1.31%   848 22330s
H 3020   971                     693.9497946  684.93356  1.30%   848 22435s
  3022   973  693.49082  103 1990  693.94979  684.93356  1.30%   848 22569s
H 3022   923                     693.9497906  684.93356  1.30%   848 22659s
  3023   923  688.26706   21 1990  693.94979  684.93356  1.30%   847 24125s
  3024   926  689.25990   13 1986  693.94979  684.93356  1.30%   881 28575s
  3026   928  689.27003   14 2023  693.94979  684.93356  1.30%   881 33762s
  3029   933  689.57339   15 2051  693.94979  684.93356  1.30%   882 33888s
H 3030   887                     693.9468265  684.93356  1.30%   882 33888s
H 3032   841                     693.9458431  684.93356  1.30%   883 33888s
H 3034   799                     693.9435741  684.93356  1.30%   883 33888s
  3035   808  691.55448   16 2039  693.94357  684.93356  1.30%   884 34437s
  3047   820     cutoff   17       693.94357  684.93356  1.30%   895 35349s
  3049   820  687.55345   17 1992  693.94357  684.93356  1.30%   898 35350s
  3069   823  684.93356   18 1983  693.94357  684.93356  1.30%   926 35553s
H 3071   782                     693.9434144  684.93356  1.30%   926 35553s
H 3080   740                     693.9369030  684.93356  1.30%   933 35553s
H 3090   701                     693.9347718  684.93356  1.30%   941 35553s
  3101   708  688.09061   19 1862  693.93477  684.93356  1.30%   950 35698s
  3133   708  688.52757   20 1874  693.93477  684.93356  1.30%   977 36948s
H 3134   673                     693.9347668  684.93356  1.30%   977 36948s
H 3137   639                     693.9347637  684.93356  1.30%   977 36948s
H 3141   607                     693.9347612  684.93356  1.30%   978 36948s
H 3142   577                     693.9347590  684.93356  1.30%   978 36948s
H 3150   546                     693.9347574  685.03669  1.28%   982 36948s
  3165   557  688.99959   21 1888  693.93476  685.03669  1.28%   994 37039s
  3197   575  689.40321   22 1910  693.93476  685.03669  1.28%  1003 37174s
H 3204   547                     693.9347573  685.03669  1.28%  1005 37174s
H 3207   520                     693.9347552  685.03669  1.28%  1007 37174s
  3238   531  690.01960   23 1844  693.93476  685.03669  1.28%  1020 38616s
H 3241   506                     693.9347550  685.03669  1.28%  1019 38616s
H 3244   483                     693.9347538  685.03669  1.28%  1020 38616s
H 3250   459                     693.9347536  685.03669  1.28%  1023 38616s
  3271   477  690.52971   24 1785  693.93475  685.03669  1.28%  1029 38873s
H 3275   454                     693.9347534  685.03669  1.28%  1030 38873s
H 3290   430                     693.9346462  685.03669  1.28%  1032 38873s
H 3297   409                     693.9346345  685.03669  1.28%  1033 38873s
  3312   436  690.86374   25 1820  693.93463  685.03669  1.28%  1039 39102s
  3370   436  692.41280   27 1778  693.93463  685.03669  1.28%  1049 39356s
H 3371   417                     693.9345311  685.03669  1.28%  1049 39356s
H 3378   399                     693.9342634  685.03669  1.28%  1051 39356s
H 3392   378                     693.9341591  685.03669  1.28%  1054 39356s
  3407   387     cutoff   28       693.93416  685.03669  1.28%  1058 39698s
  3481   395  693.45342   29 1739  693.93416  685.03669  1.28%  1071 39960s
  3558   405  693.85824   32 1700  693.93416  685.03669  1.28%  1082 40201s
  3650   415     cutoff   32       693.93416  685.06686  1.28%  1092 40467s
  3743   424  687.13133   21 1952  693.93416  685.06686  1.28%  1100 41677s
  3831   451  687.73138   22 1913  693.93416  685.06686  1.28%  1120 41819s
  3941   495  689.23434   23 1865  693.93416  685.06686  1.28%  1123 41966s
  4032   576  690.34442   25 1887  693.93416  685.06686  1.28%  1124 42129s
  4153   601  690.91933   27 1853  693.93416  685.06686  1.28%  1119 42413s
  4280   631  691.75675   31 1845  693.93416  685.06686  1.28%  1119 42934s
  4323   631     cutoff   34       693.93416  685.06686  1.28%  1116 42935s
  4334   699  692.04271   32 1848  693.93416  685.06686  1.28%  1117 43212s
  4459   776  692.68333   36 1717  693.93416  685.06686  1.28%  1118 43478s
  4598   838     cutoff   39       693.93416  685.06686  1.28%  1115 44719s
H 4600   838                     693.9341581  685.06686  1.28%  1115 44719s
H 4609   838                     693.9341580  685.06686  1.28%  1116 44719s
H 4618   838                     693.9341576  685.06686  1.28%  1116 44719s
  4694   944  693.74719   40 1722  693.93416  685.21685  1.26%  1118 45722s
  4852  1046  687.15181   21 1943  693.93416  685.21685  1.26%  1112 46069s
  5020  1135  688.42641   23 1896  693.93416  685.21685  1.26%  1113 46549s
  5217  1245  689.53396   25 1893  693.93416  685.21685  1.26%  1110 46887s
  5409  1403  690.28004   28 1851  693.93416  685.21685  1.26%  1103 47518s
H 5641  1418                     693.9341575  685.21685  1.26%  1093 51936s
H 5644  1418                     693.9338058  685.21685  1.26%  1093 51936s
H 5646  1418                     693.9321706  685.21685  1.26%  1093 51936s
  5688  1537  691.78696   34 1738  693.93217  685.21685  1.26%  1096 52497s
H 5752  1537                     693.9321696  685.21685  1.26%  1094 52497s
H 5880  1537                     693.9321690  685.21685  1.26%  1089 52498s
  5934  1639     cutoff   42       693.93217  685.80657  1.17%  1091 52802s
  6178  1790  687.22439   23 1849  693.93217  685.80761  1.17%  1086 53221s
  6411  1894  688.13222   26 1819  693.93217  685.80761  1.17%  1081 53711s
  6668  2048  689.37499   30 1825  693.93217  685.80761  1.17%  1078 54029s
  6962  2148  691.31482   41 1745  693.93217  685.80761  1.17%  1068 54477s
  7145  2371  692.60346   53 1695  693.93217  685.80761  1.17%  1059 54804s
  7505  2643  692.83922   68 1637  693.93217  685.80761  1.17%  1040 55258s
  7938  2905  692.99968   85 1529  693.93217  685.80761  1.17%  1015 55653s
  8339  3147  693.13674  102 1479  693.93217  685.80761  1.17%   995 55909s
  8723  3422  693.20019  119 1470  693.93217  685.80761  1.17%   979 56358s
  9171  3647  693.34634  137 1444  693.93217  685.80761  1.17%   963 56730s
H 9449  3647                     693.9321685  685.80761  1.17%   950 56730s
  9596  3774  693.50350  156 1389  693.93217  685.80761  1.17%   950 57668s
H 9606  3774                     693.9321684  685.80761  1.17%   950 57668s
H 9730  3774                     693.9321683  685.80761  1.17%   947 57669s
  9796  3911  693.52281  162 1371  693.93217  685.80761  1.17%   948 58540s
H 9808  3911                     693.9321682  685.80761  1.17%   947 58540s
 10078  4179  693.53304  170 1381  693.93217  685.80761  1.17%   942 59304s
 10595  4303  693.58614  189 1330  693.93217  685.80761  1.17%   926 60227s
 10898  4336  693.66188  204 1293  693.93217  685.80761  1.17%   919 61190s
H10938  4336                     693.9321681  685.80761  1.17%   918 61190s
 11071  4637  693.70403  213 1234  693.93217  685.80761  1.17%   919 61625s
 11727  4891  693.85186  264 1134  693.93217  687.28467  0.96%   902 62398s

Cutting planes:
  Learned: 40
  Gomory: 29
  Cover: 153
  Implied bound: 79
  Projected implied bound: 242
  Clique: 13
  MIR: 620
  StrongCG: 1
  Flow cover: 3361
  GUB cover: 14
  Zero half: 48
  RLT: 1473
  Relax-and-lift: 268

Explored 12345 nodes (11097394 simplex iterations) in 62403.20 seconds
Thread count was 32 (of 32 available processors)

Solution count 10: 693.932 693.932 693.932 ... 693.934

Optimal solution found (tolerance 1.00e-02)
Best objective 6.939321681097e+02, best bound 6.872846651352e+02, gap 0.9579%

Gurobi 9.1.0 (linux64) logging started Tue Aug  3 16:34:06 2021

Changed value of parameter LogFile to eab_parasitoid_fastdisp_fastgrowth_0_1.log
   Prev:   Default: 
Changed value of parameter MIPGap to 0.01
   Prev: 0.0001  Min: 0.0  Max: inf  Default: 0.0001
Changed value of parameter Method to 2
   Prev: -1  Min: -1  Max: 5  Default: -1
Changed value of parameter MIPFocus to 2
   Prev: 0  Min: 0  Max: 3  Default: 0
Changed value of parameter RINS to 100
   Prev: -1  Min: -1  Max: 2000000000  Default: -1
Gurobi Optimizer version 9.1.0 build v9.1.0rc0 (linux64)
Thread count: 32 physical cores, 32 logical processors, using up to 32 threads
Optimize a model with 196148 rows, 134930 columns and 678180 nonzeros
Model fingerprint: 0x8f1cd12c
Variable types: 55774 continuous, 79156 integer (79156 binary)
Coefficient statistics:
  Matrix range     [2e-04, 1e+06]
  Objective range  [1e-06, 1e-01]
  Bounds range     [1e+00, 6e+03]
  RHS range        [1e-04, 1e+06]
Presolve removed 110553 rows and 61179 columns (presolve time = 6s) ...
Presolve removed 121446 rows and 72571 columns (presolve time = 10s) ...
Presolve removed 138207 rows and 77617 columns (presolve time = 15s) ...
Presolve removed 138224 rows and 77619 columns (presolve time = 20s) ...
Presolve removed 147480 rows and 87601 columns (presolve time = 25s) ...
Presolve removed 147480 rows and 88140 columns (presolve time = 30s) ...
Presolve removed 163611 rows and 103992 columns (presolve time = 35s) ...
Presolve removed 166469 rows and 105472 columns (presolve time = 41s) ...
Presolve removed 166674 rows and 105591 columns (presolve time = 45s) ...
Presolve removed 166881 rows and 105628 columns (presolve time = 50s) ...
Presolve removed 167689 rows and 106366 columns (presolve time = 56s) ...
Presolve removed 167916 rows and 106505 columns (presolve time = 60s) ...
Presolve removed 168019 rows and 106598 columns (presolve time = 65s) ...
Presolve removed 168048 rows and 106640 columns
Presolve time: 69.08s
Presolved: 28100 rows, 28290 columns, 227151 nonzeros
Variable types: 4150 continuous, 24140 integer (24136 binary)
Presolve removed 1200 rows and 1193 columns
Presolved: 26900 rows, 27097 columns, 225884 nonzeros

Root barrier log...

Ordering time: 4.86s

Barrier statistics:
 Dense cols : 108
 AA' NZ     : 9.619e+05
 Factor NZ  : 6.092e+06 (roughly 70 MBytes of memory)
 Factor Ops : 6.487e+09 (less than 1 second per iteration)
 Threads    : 31

                  Objective                Residual
Iter       Primal          Dual         Primal    Dual     Compl     Time
   0   4.54583962e+03 -4.23857334e+04  2.77e+05 1.34e-01  9.87e+01    84s
   1   3.44620627e+03 -4.70320158e+04  1.92e+05 2.43e-01  6.69e+01    84s
   2   1.16968938e+03 -4.74734740e+04  2.36e+04 1.79e-13  9.15e+00    85s
   3   7.84228742e+02 -3.47905219e+04  1.65e+03 2.49e-14  1.02e+00    86s
   4   7.14882912e+02 -1.43004728e+04  5.69e+02 9.95e-14  3.25e-01    86s
   5   6.57151742e+02 -5.52695136e+03  1.27e+02 3.84e-14  9.61e-02    87s
   6   6.34923844e+02 -2.22343389e+03  4.54e+01 1.33e-14  3.99e-02    87s
   7   6.23483625e+02 -7.18034239e+02  1.65e+01 5.33e-15  1.77e-02    88s
   8   6.17323332e+02  8.02370875e+01  5.55e+00 1.96e-15  6.94e-03    89s
   9   6.13932791e+02  3.60072972e+02  2.71e+00 1.33e-15  3.26e-03    89s
  10   6.11053575e+02  4.61802278e+02  1.14e+00 1.78e-15  1.91e-03    90s
  11   6.09316751e+02  5.23234461e+02  6.07e-01 6.66e-16  1.10e-03    91s
  12   6.07513395e+02  5.59142303e+02  3.10e-01 4.44e-16  6.17e-04    91s
  13   6.06395633e+02  5.75003214e+02  1.88e-01 2.78e-16  4.00e-04    92s
  14   6.05963246e+02  5.85417116e+02  1.49e-01 1.84e-16  2.62e-04    92s
  15   6.05278819e+02  5.90651801e+02  9.45e-02 3.33e-16  1.86e-04    93s
  16   6.04775198e+02  5.95766398e+02  6.02e-02 8.88e-16  1.15e-04    93s
  17   6.04270886e+02  5.98180551e+02  2.88e-02 4.44e-16  7.76e-05    94s
  18   6.04008277e+02  5.99094049e+02  1.57e-02 2.22e-16  6.26e-05    95s
  19   6.03884966e+02  6.00052615e+02  9.93e-03 1.45e-16  4.88e-05    95s
  20   6.03680291e+02  6.01317256e+02  6.43e-04 1.33e-15  3.01e-05    96s
  21   6.03530360e+02  6.01816716e+02  2.58e-05 4.44e-16  2.18e-05    96s
  22   6.03440365e+02  6.02371574e+02  1.93e-05 2.22e-16  1.36e-05    97s
  23   6.03361846e+02  6.02511581e+02  1.38e-05 1.78e-15  1.08e-05    97s
  24   6.03310661e+02  6.02634689e+02  1.02e-05 3.33e-16  8.61e-06    98s
  25   6.03287763e+02  6.02693717e+02  8.65e-06 4.44e-16  7.57e-06    99s
  26   6.03246631e+02  6.02831929e+02  5.91e-06 8.88e-16  5.28e-06    99s
  27   6.03244845e+02  6.02863634e+02  5.76e-06 4.44e-16  4.86e-06   100s
  28   6.03212412e+02  6.02916219e+02  3.65e-06 1.24e-16  3.77e-06   100s
  29   6.03199675e+02  6.02996022e+02  2.84e-06 1.27e-16  2.59e-06   101s
  30   6.03192192e+02  6.03062940e+02  2.37e-06 2.22e-16  1.65e-06   102s
  31   6.03176531e+02  6.03091793e+02  1.42e-06 2.66e-15  1.08e-06   102s
  32   6.03169154e+02  6.03112262e+02  9.94e-07 1.83e-16  7.25e-07   103s
  33   6.03160056e+02  6.03122834e+02  4.84e-07 1.94e-16  4.74e-07   103s
  34   6.03158739e+02  6.03130116e+02  4.13e-07 1.49e-16  3.65e-07   104s
  35   6.03157074e+02  6.03136281e+02  3.26e-07 1.78e-15  2.65e-07   104s
  36   6.03155591e+02  6.03140180e+02  2.49e-07 4.44e-16  1.96e-07   105s
  37   6.03153488e+02  6.03143391e+02  1.42e-07 1.33e-15  1.29e-07   105s
  38   6.03152160e+02  6.03146782e+02  7.54e-08 1.98e-16  6.85e-08   106s
  39   6.03151490e+02  6.03148683e+02  4.34e-08 1.39e-16  3.58e-08   106s
  40   6.03151294e+02  6.03149067e+02  3.42e-08 2.22e-16  2.84e-08   107s
  41   6.03151098e+02  6.03149463e+02  2.50e-08 4.44e-16  2.08e-08   107s
  42   6.03150792e+02  6.03149878e+02  1.06e-08 1.32e-16  1.16e-08   108s
  43   6.03150694e+02  6.03150125e+02  6.10e-09 1.11e-16  7.24e-09   108s
  44   6.03150646e+02  6.03150425e+02  3.98e-09 4.44e-16  2.80e-09   109s
  45   6.03150565e+02  6.03150493e+02  6.23e-10 4.44e-16  9.12e-10   110s
  46   6.03150562e+02  6.03150497e+02  5.30e-10 5.47e-16  8.26e-10   110s
  47   6.03150560e+02  6.03150514e+02  4.55e-10 3.06e-15  5.82e-10   111s
  48   6.03150557e+02  6.03150525e+02  3.43e-10 6.48e-15  4.14e-10   111s
  49   6.03150550e+02  6.03150532e+02  6.27e-11 9.31e-15  2.28e-10   112s
  50   6.03150549e+02  6.03150543e+02  4.97e-11 2.66e-14  7.57e-11   112s
  51   6.03150549e+02  6.03150545e+02  3.00e-11 2.80e-14  4.18e-11   113s

Barrier solved model in 51 iterations and 112.61 seconds
Optimal objective 6.03150549e+02


Root crossover log...

    5116 DPushes remaining with DInf 0.0000000e+00               113s
       0 DPushes remaining with DInf 0.0000000e+00               113s

   12612 PPushes remaining with PInf 2.0731310e-04               113s
       0 PPushes remaining with PInf 0.0000000e+00               116s

  Push phase complete: Pinf 0.0000000e+00, Dinf 1.9268019e-02    116s


Root simplex log...

Iteration    Objective       Primal Inf.    Dual Inf.      Time
   15369    6.0315055e+02   0.000000e+00   1.926802e-02    116s
   15531    6.0315055e+02   0.000000e+00   0.000000e+00    116s
   15531    6.0315055e+02   0.000000e+00   0.000000e+00    116s

Root relaxation: objective 6.031505e+02, 15531 iterations, 44.12 seconds
Total elapsed time = 122.99s
Total elapsed time = 125.17s

    Nodes    |    Current Node    |     Objective Bounds      |     Work
 Expl Unexpl |  Obj  Depth IntInf | Incumbent    BestBd   Gap | It/Node Time

     0     0  639.75042    0 2659          -  639.75042      -     -  136s
     0     0  649.06571    0 3034          -  649.06571      -     -  298s
     0     0  653.24021    0 2944          -  653.24021      -     -  359s
     0     0  661.62022    0 2937          -  661.62022      -     -  366s
     0     0  661.70491    0 2934          -  661.70491      -     -  369s
     0     0  661.70498    0 2929          -  661.70498      -     -  371s
H    0     0                     735.3497880  661.70498  10.0%     -  473s
H    0     0                     735.3494499  661.70498  10.0%     -  473s
     0     0  675.13435    0 2882  735.34945  675.13435  8.19%     -  473s
     0     0  675.88527    0 2631  735.34945  675.88527  8.09%     -  573s
     0     0  676.18627    0 2534  735.34945  676.18627  8.05%     -  646s
     0     0  676.22576    0 2544  735.34945  676.22576  8.04%     -  673s
     0     0  676.22658    0 2533  735.34945  676.22658  8.04%     -  678s
     0     0  677.32093    0 2411  735.34945  677.32093  7.89%     -  781s
H    0     0                     732.9113760  677.32093  7.58%     -  782s
     0     0  677.57672    0 2375  732.91138  677.57672  7.55%     -  816s
     0     0  677.61169    0 2374  732.91138  677.61169  7.55%     -  831s
     0     0  677.61550    0 2369  732.91138  677.61550  7.54%     -  833s
     0     0  678.20395    0 2326  732.91138  678.20395  7.46%     -  902s
     0     0  678.25280    0 2320  732.91138  678.25280  7.46%     -  967s
     0     0  678.25649    0 2321  732.91138  678.25649  7.46%     -  994s
     0     0  678.41801    0 2319  732.91138  678.41801  7.44%     - 1095s
H    0     0                     695.1233708  678.41801  2.40%     - 1187s
     0     0  678.48699    0 2274  695.12337  678.48699  2.39%     - 1188s
     0     0  678.49482    0 2296  695.12337  678.49482  2.39%     - 1232s
     0     0  679.59961    0 2400  695.12337  679.59961  2.23%     - 1579s
     0     0  679.73860    0 2365  695.12337  679.73860  2.21%     - 1764s
     0     0  679.75804    0 2400  695.12337  679.75804  2.21%     - 1855s
     0     0  679.76086    0 2386  695.12337  679.76086  2.21%     - 1939s
H    0     0                     695.1233701  679.76086  2.21%     - 2191s
H    0     0                     695.1233666  679.76086  2.21%     - 2191s
H    0     0                     695.1233644  679.76086  2.21%     - 2191s
H    0     0                     695.1233505  679.76086  2.21%     - 2191s
H    0     0                     695.1233445  679.76086  2.21%     - 2191s
H    0     0                     694.9257583  679.76086  2.18%     - 2430s
H    0     0                     694.9257509  679.76086  2.18%     - 2430s
     0     0  680.19722    0 2338  694.92575  680.19722  2.12%     - 2433s
H    0     0                     694.9254020  680.19722  2.12%     - 2538s
H    0     0                     694.9253819  680.19722  2.12%     - 2538s
H    0     0                     694.9253695  680.19722  2.12%     - 2538s
H    0     0                     694.9253643  680.19722  2.12%     - 2538s
     0     0  680.23853    0 2335  694.92536  680.23853  2.11%     - 2539s
H    0     0                     694.8916964  680.23853  2.11%     - 2566s
     0     0  680.24754    0 2312  694.89170  680.24754  2.11%     - 2567s
H    0     0                     694.8916821  680.24754  2.11%     - 2625s
H    0     0                     694.8916802  680.24754  2.11%     - 2625s
H    0     0                     694.8915705  680.24754  2.11%     - 2625s
H    0     0                     694.8364318  680.24754  2.10%     - 2867s
H    0     0                     694.8363498  680.24754  2.10%     - 2867s
H    0     0                     694.8363491  680.24754  2.10%     - 2867s
H    0     0                     694.8363343  680.24754  2.10%     - 2867s
     0     0  680.52511    0 2307  694.83633  680.52511  2.06%     - 2869s
H    0     0                     694.8363161  680.52511  2.06%     - 2953s
H    0     0                     694.8211774  680.52511  2.06%     - 2953s
H    0     0                     694.3152609  680.52511  1.99%     - 2953s
     0     0  680.54186    0 2324  694.31526  680.54186  1.98%     - 2955s
     0     0  680.57590    0 2307  694.31526  680.57590  1.98%     - 3140s
     0     0  680.58623    0 2281  694.31526  680.58623  1.98%     - 3208s
     0     0  680.68330    0 2320  694.31526  680.68330  1.96%     - 3511s
     0     0  680.68330    0 2318  694.31526  680.68330  1.96%     - 3564s
H    0     0                     694.1245605  680.68330  1.94%     - 4461s
H    0     0                     694.1171215  680.68330  1.94%     - 5020s
     0     2  680.68330    0 2318  694.11712  680.68330  1.94%     - 5029s
     1     4  685.22854    1 2101  694.11712  680.68330  1.94%  3421 5097s
     3     8  690.70170    2 2122  694.11712  681.54822  1.81%  2909 5200s
H    4     8                     694.1171207  681.54822  1.81%  2182 5200s
     7    16  693.20109    3 2089  694.11712  681.71479  1.79%  2729 5355s
    15    28     cutoff    4       694.11712  681.80868  1.77%  3137 5503s
    31    52  682.63962    5 2211  694.11712  681.93101  1.76%  4240 5670s
H   56    52                     694.1171201  682.41280  1.69%  4043 5671s
H   59    82                     694.0908874  682.41280  1.68%  4072 6192s
H   60    82                     694.0640811  682.41280  1.68%  4073 6192s
H   61    82                     694.0485415  682.41280  1.68%  4067 6193s
H   64    82                     694.0446192  682.41280  1.68%  4035 6193s
    91   114  683.20551    7 2182  694.04462  682.41280  1.68%  3913 6382s
H  101   114                     694.0445642  682.41280  1.68%  3776 6382s
H  113   114                     694.0445484  682.41280  1.68%  3675 6382s
   123   144  683.21265    8 2180  694.04455  682.41280  1.68%  3597 6652s
   155   174  683.29620    9 2242  694.04455  682.41280  1.68%  3072 6803s
H  185   174                     694.0430481  682.41280  1.68%  2752 6803s
   187   205  683.29632   10 2227  694.04305  682.41280  1.68%  2733 6943s
H  224   233                     693.9877358  682.41280  1.67%  2455 11913s
H  225   233                     693.9778801  682.41280  1.67%  2451 11913s
   256   262  683.65545   13 2105  693.97788  682.41280  1.67%  2362 12200s
   297   302  683.67345   14 2102  693.97788  682.41280  1.67%  2228 12511s
H  341   325                     693.9777731  682.41280  1.67%  2117 17079s
H  342   325                     693.9777456  682.41280  1.67%  2111 17079s
   370   325  691.38274   13 1998  693.97775  682.41280  1.67%  2088 17080s
   374   371  683.75899   16 2104  693.97775  682.41280  1.67%  2073 17187s
   432   407  685.11140   18 2037  693.97775  682.41280  1.67%  1968 17567s
   488   472  686.86574   20 2005  693.97775  682.41280  1.67%  1906 17854s
   542   472  691.72081   14 2038  693.97775  682.41280  1.67%  1791 17855s
   563   517  686.98889   24 1999  693.97775  682.41280  1.67%  1785 18320s
   634   555  687.51132   27 1978  693.97775  682.41280  1.67%  1717 18786s
   698   600  690.67399   29 2069  693.97775  682.41280  1.67%  1680 20666s
H  703   600                     693.9777452  682.41280  1.67%  1672 20666s
H  706   600                     693.9776272  682.41280  1.67%  1668 20666s
H  736   600                     693.9776208  682.41280  1.67%  1644 20667s
   762   682  690.69045   30 2069  693.97762  682.41280  1.67%  1633 20934s
   856   789  692.25638   34 2068  693.97762  682.41280  1.67%  1548 21185s
   977   883  693.02536   40 1895  693.97762  682.41280  1.67%  1436 21445s
  1101   991  693.18243   44 1908  693.97762  682.81165  1.61%  1353 21889s
  1237  1105  683.47717    7 2186  693.97762  682.81165  1.61%  1276 22140s
  1378  1220  683.58253    9 2220  693.97762  682.81165  1.61%  1207 22407s
  1519  1339  683.71055   10 2112  693.97762  682.81165  1.61%  1147 22707s
  1667  1461  683.78120   12 2125  693.97762  682.81165  1.61%  1094 22986s
  1828  1595  685.24730   15 1977  693.97762  682.81165  1.61%  1051 27082s
  1987  1725  688.23076   15 1961  693.97762  682.81165  1.61%  1052 27400s
  2139  1886  685.25114   16 1946  693.97762  682.81165  1.61%  1022 27607s
  2332  2037  685.73671   18 1981  693.97762  682.81165  1.61%   977 27801s
  2525  2210  687.01508   20 1978  693.97762  682.81165  1.61%   938 28056s
  2730  2432  686.35689   22 2002  693.97762  682.81165  1.61%   901 28274s
  2985  2433  689.11874   33 2318  693.97762  682.81165  1.61%   858 31675s
H 2986  2312                     693.9776203  682.81165  1.61%   858 31752s
  2987  2312  687.20020   18 2602  693.97762  682.81165  1.61%   858 31775s
  2988  2313  693.79188   75 2879  693.97762  682.81165  1.61%   857 31914s
  2989  2314  691.14019   41 2701  693.97762  682.81165  1.61%   857 32162s
  2990  2314  688.81525   49 2517  693.97762  682.81165  1.61%   857 32337s
  2991  2315  691.96304   87 2454  693.97762  682.81165  1.61%   857 32443s
  2992  2316  686.12395   21 2361  693.97762  682.81165  1.61%   856 32527s
  2993  2316  687.38158   25 2299  693.97762  682.81165  1.61%   856 32580s
  2994  2317  683.57503    8 2217  693.97762  682.81165  1.61%   856 32620s
  2995  2318  693.22487  183 2243  693.97762  682.81165  1.61%   855 32656s
  2996  2318  693.06030   14 2263  693.97762  682.81165  1.61%   855 32687s
  2997  2319  692.51312   16 2280  693.97762  682.81165  1.61%   855 32719s
  2998  2320  689.20327   50 2234  693.97762  682.81165  1.61%   855 32745s
H 2998  2204                     693.9776200  682.81165  1.61%   855 32763s
  2999  2204  692.56949   68 2323  693.97762  682.81165  1.61%   854 32777s
  3000  2205  688.44587   27 2137  693.97762  682.81165  1.61%   854 33222s
  3001  2206  692.77751  121 2087  693.97762  682.81165  1.61%   854 33280s
  3002  2206  690.75033   15 2129  693.97762  682.81165  1.61%   853 33328s
  3003  2207  691.55525   83 2044  693.97762  682.81165  1.61%   853 33548s
  3004  2208  689.29458   28 2080  693.97762  683.51433  1.51%   853 33728s
  3005  2208  692.96077   24 2051  693.97762  683.71380  1.48%   853 33742s
  3006  2209  688.49664   18 2093  693.97762  683.76236  1.47%   852 33771s
  3007  2210  687.86848   33 2052  693.97762  683.79773  1.47%   852 33786s
H 3008  2099                     693.9776197  683.95775  1.44%   852 33964s
H 3009  1994                     693.9759396  684.19679  1.41%   851 34297s
  3010  1995  690.52712   51 2038  693.97594  684.19679  1.41%   851 34502s
  3011  1995  685.46548   10 1981  693.97594  684.26862  1.40%   851 34539s
  3012  1996  684.26862   12 2035  693.97594  684.26862  1.40%   851 34719s
  3013  1997  684.26862   17 2009  693.97594  684.26862  1.40%   850 35535s
H 3013  1897                     693.9759394  684.27007  1.40%   850 35600s
H 3013  1802                     693.9759368  684.27007  1.40%   850 35600s
H 3014  1711                     693.9658694  684.28464  1.40%   850 35846s
H 3015  1626                     693.9658241  684.39499  1.38%   850 36134s
  3016  1627  692.67412  103 1999  693.96582  684.39499  1.38%   849 36457s
H 3016  1545                     693.9658232  684.46046  1.37%   849 36509s
  3017  1545  691.28297   27 2064  693.96582  684.46046  1.37%   849 36510s
H 3017  1467                     693.9658219  684.67626  1.34%   849 36730s
H 3017  1393                     693.9658211  684.67626  1.34%   849 36730s
  3019  1395  692.24221   38 2010  693.96582  684.76040  1.33%   849 37026s
H 3019  1325                     693.9658206  684.83612  1.32%   849 37276s
H 3019  1258                     693.9635656  684.83612  1.32%   849 37276s
H 3019  1195                     693.9635295  684.83612  1.32%   849 37276s
H 3020  1134                     693.9635264  684.89927  1.31%   848 37651s
H 3020  1077                     693.9635206  684.89927  1.31%   848 37651s
H 3020  1022                     693.9601154  684.89927  1.31%   848 37651s
H 3020   971                     693.9497946  684.93356  1.30%   848 37913s
  3021   972  686.14919   21 1990  693.94979  684.93356  1.30%   848 37921s
  3022   973  693.49082  103 1990  693.94979  684.93356  1.30%   848 38111s
H 3022   923                     693.9497906  684.93356  1.30%   848 38202s
  3023   923  688.26706   21 1990  693.94979  684.93356  1.30%   847 40209s
  3024   926  689.25990   13 1986  693.94979  684.93356  1.30%   881 44321s
  3026   928  689.27003   14 2023  693.94979  684.93356  1.30%   881 50612s
  3029   933  689.57339   15 2051  693.94979  684.93356  1.30%   882 50874s
H 3030   887                     693.9468265  684.93356  1.30%   882 50874s
H 3032   841                     693.9458431  684.93356  1.30%   883 50874s
H 3034   799                     693.9435741  684.93356  1.30%   883 50874s
  3035   808  691.55448   16 2039  693.94357  684.93356  1.30%   884 51766s
  3047   820     cutoff   17       693.94357  684.93356  1.30%   895 52899s
  3050   819  691.49654   17 2049  693.94357  684.93356  1.30%   900 52900s
  3069   823  684.93356   18 1983  693.94357  684.93356  1.30%   926 53222s
H 3071   782                     693.9434144  684.93356  1.30%   926 53222s
H 3080   740                     693.9369030  684.93356  1.30%   933 53222s
H 3090   701                     693.9347718  684.93356  1.30%   941 53222s
  3101   708  688.09061   19 1862  693.93477  684.93356  1.30%   950 53576s
  3133   708  688.52757   20 1874  693.93477  684.93356  1.30%   977 56557s
H 3134   673                     693.9347668  684.93356  1.30%   977 56557s
H 3137   639                     693.9347637  684.93356  1.30%   977 56558s
H 3141   607                     693.9347612  684.93356  1.30%   978 56558s
H 3142   577                     693.9347590  684.93356  1.30%   978 56558s
H 3150   546                     693.9347574  685.03669  1.28%   982 56558s
  3165   557  688.99959   21 1888  693.93476  685.03669  1.28%   994 56732s
  3197   575  689.40321   22 1910  693.93476  685.03669  1.28%  1003 56944s
H 3204   547                     693.9347573  685.03669  1.28%  1005 56944s
H 3207   520                     693.9347552  685.03669  1.28%  1007 56945s
  3238   531  690.01960   23 1844  693.93476  685.03669  1.28%  1020 61074s
H 3241   506                     693.9347550  685.03669  1.28%  1019 61074s
H 3244   483                     693.9347538  685.03669  1.28%  1020 61075s
H 3250   459                     693.9347536  685.03669  1.28%  1023 61075s
  3271   477  690.52971   24 1785  693.93475  685.03669  1.28%  1029 61254s
H 3275   454                     693.9347534  685.03669  1.28%  1030 61254s
H 3290   430                     693.9346462  685.03669  1.28%  1032 61254s
H 3297   409                     693.9346345  685.03669  1.28%  1033 61254s
  3312   436  690.86374   25 1820  693.93463  685.03669  1.28%  1039 61382s
  3370   436  692.41280   27 1778  693.93463  685.03669  1.28%  1049 61639s
H 3371   417                     693.9345311  685.03669  1.28%  1049 61639s
H 3378   399                     693.9342634  685.03669  1.28%  1051 61639s
H 3392   378                     693.9341591  685.03669  1.28%  1054 61639s
  3407   387     cutoff   28       693.93416  685.03669  1.28%  1058 61759s
  3481   395  693.45342   29 1739  693.93416  685.03669  1.28%  1071 61856s
  3558   405  693.85824   32 1700  693.93416  685.03669  1.28%  1082 62082s
  3650   415     cutoff   32       693.93416  685.06686  1.28%  1092 62483s
  3743   424  687.13133   21 1952  693.93416  685.06686  1.28%  1100 65545s
  3831   451  687.73138   22 1913  693.93416  685.06686  1.28%  1120 65689s
  3941   495  689.23434   23 1865  693.93416  685.06686  1.28%  1123 65797s
  4032   576  690.34442   25 1887  693.93416  685.06686  1.28%  1124 65930s
  4153   601  690.91933   27 1853  693.93416  685.06686  1.28%  1119 66109s
  4280   631  691.75675   31 1845  693.93416  685.06686  1.28%  1119 66624s
  4323   631     cutoff   34       693.93416  685.06686  1.28%  1116 66625s
  4334   699  692.04271   32 1848  693.93416  685.06686  1.28%  1117 67031s
  4459   776  692.68333   36 1717  693.93416  685.06686  1.28%  1118 67327s
  4598   838     cutoff   39       693.93416  685.06686  1.28%  1115 69025s
H 4600   838                     693.9341581  685.06686  1.28%  1115 69025s
H 4609   838                     693.9341580  685.06686  1.28%  1116 69025s
H 4618   838                     693.9341576  685.06686  1.28%  1116 69025s
  4694   944  693.74719   40 1722  693.93416  685.21685  1.26%  1118 69494s
  4852  1046  687.15181   21 1943  693.93416  685.21685  1.26%  1112 69657s
  5020  1135  688.42641   23 1896  693.93416  685.21685  1.26%  1113 69970s
  5217  1245  689.53396   25 1893  693.93416  685.21685  1.26%  1110 70086s
  5409  1403  690.28004   28 1851  693.93416  685.21685  1.26%  1103 70219s
H 5641  1418                     693.9341575  685.21685  1.26%  1093 71588s
H 5644  1418                     693.9338058  685.21685  1.26%  1093 71588s
H 5646  1418                     693.9321706  685.21685  1.26%  1093 71588s
  5688  1537  691.78696   34 1738  693.93217  685.21685  1.26%  1096 71909s
H 5752  1537                     693.9321696  685.21685  1.26%  1094 71909s
H 5880  1537                     693.9321690  685.21685  1.26%  1089 71910s
  5934  1639     cutoff   42       693.93217  685.80657  1.17%  1091 72124s
  6178  1790  687.22439   23 1849  693.93217  685.80761  1.17%  1086 72341s
  6411  1894  688.13222   26 1819  693.93217  685.80761  1.17%  1081 72616s
  6668  2048  689.37499   30 1825  693.93217  685.80761  1.17%  1078 72756s
  6962  2148  691.31482   41 1745  693.93217  685.80761  1.17%  1068 72958s
  7145  2371  692.60346   53 1695  693.93217  685.80761  1.17%  1059 73102s
  7505  2643  692.83922   68 1637  693.93217  685.80761  1.17%  1040 73181s
  7938  2905  692.99968   85 1529  693.93217  685.80761  1.17%  1015 73233s
  8339  3147  693.13674  102 1479  693.93217  685.80761  1.17%   995 73287s
  8723  3422  693.20019  119 1470  693.93217  685.80761  1.17%   979 73353s
  9171  3647  693.34634  137 1444  693.93217  685.80761  1.17%   963 73510s
H 9449  3647                     693.9321685  685.80761  1.17%   950 73510s
  9596  3774  693.50350  156 1389  693.93217  685.80761  1.17%   950 73832s
H 9606  3774                     693.9321684  685.80761  1.17%   950 73832s
H 9730  3774                     693.9321683  685.80761  1.17%   947 73832s
  9796  3911  693.52281  162 1371  693.93217  685.80761  1.17%   948 74228s
H 9808  3911                     693.9321682  685.80761  1.17%   947 74228s
 10078  4179  693.53304  170 1381  693.93217  685.80761  1.17%   942 74483s
 10595  4303  693.58614  189 1330  693.93217  685.80761  1.17%   926 74902s
 10898  4336  693.66188  204 1293  693.93217  685.80761  1.17%   919 75449s
H10938  4336                     693.9321681  685.80761  1.17%   918 75449s
 11071  4637  693.70403  213 1234  693.93217  685.80761  1.17%   919 75717s
 11727  4891  693.85186  264 1134  693.93217  687.28467  0.96%   902 76130s

Cutting planes:
  Learned: 40
  Gomory: 29
  Cover: 153
  Implied bound: 79
  Projected implied bound: 242
  Clique: 13
  MIR: 620
  StrongCG: 1
  Flow cover: 3361
  GUB cover: 14
  Zero half: 48
  RLT: 1473
  Relax-and-lift: 268

Explored 12345 nodes (11097394 simplex iterations) in 76130.55 seconds
Thread count was 32 (of 32 available processors)

Solution count 10: 693.932 693.932 693.932 ... 693.934

Optimal solution found (tolerance 1.00e-02)
Best objective 6.939321681097e+02, best bound 6.872846651352e+02, gap 0.9579%
