
Gurobi 9.1.0 (linux64) logging started Thu Dec 30 23:15:18 2021

Changed value of parameter LogFile to eab_parasitoid_0.6_2_2_bud.log
   Prev:   Default: 
Changed value of parameter MIPGap to 0.01
   Prev: 0.0001  Min: 0.0  Max: inf  Default: 0.0001
Changed value of parameter MIPFocus to 1
   Prev: 0  Min: 0  Max: 3  Default: 0
Changed value of parameter RINS to 100
   Prev: -1  Min: -1  Max: 2000000000  Default: -1
Changed value of parameter TimeLimit to 28800.0
   Prev: inf  Min: 0.0  Max: inf  Default: inf
Changed value of parameter NodeFileStart to 10000.0
   Prev: inf  Min: 0.0  Max: inf  Default: inf
Changed value of parameter Threads to 4
   Prev: 0  Min: 0  Max: 1024  Default: 0
Changed value of parameter Heuristics to 1.0
   Prev: 0.05  Min: 0.0  Max: 1.0  Default: 0.05
Gurobi Optimizer version 9.1.0 build v9.1.0rc0 (linux64)
Thread count: 32 physical cores, 32 logical processors, using up to 4 threads
Optimize a model with 381543 rows, 174513 columns and 1305866 nonzeros
Model fingerprint: 0xd88fe3d8
Variable types: 77367 continuous, 97146 integer (97146 binary)
Coefficient statistics:
  Matrix range     [1e-04, 6e+03]
  Objective range  [1e-06, 1e-01]
  Bounds range     [1e+00, 6e+03]
  RHS range        [1e-04, 7e+03]

User MIP start produced solution with objective 624.641 (5.97s)
User MIP start produced solution with objective 624.599 (6.07s)
User MIP start produced solution with objective 624.454 (6.50s)
User MIP start produced solution with objective 623.894 (6.81s)
Loaded user MIP start with objective 623.894
Processed MIP start in 6.83 seconds

Presolve removed 222975 rows and 79577 columns (presolve time = 5s) ...
Presolve removed 257962 rows and 103368 columns
Presolve time: 7.38s
Presolved: 123581 rows, 71145 columns, 633147 nonzeros
Variable types: 32554 continuous, 38591 integer (38591 binary)

Deterministic concurrent LP optimizer: primal and dual simplex (primal and dual model)
Showing first log only...

Presolve removed 98 rows and 85 columns
Presolved: 123483 rows, 71060 columns, 632905 nonzeros


Root simplex log...

Iteration    Objective       Primal Inf.    Dual Inf.      Time
       0    9.2810134e+01   3.166562e+02   2.103956e+09     15s
    4825    1.0835712e+02   7.766163e-03   1.007725e+06     15s
Concurrent spin time: 0.02s

Solved with dual simplex (primal model)

Root relaxation: objective 8.137687e+01, 5896 iterations, 0.93 seconds

    Nodes    |    Current Node    |     Objective Bounds      |     Work
 Expl Unexpl |  Obj  Depth IntInf | Incumbent    BestBd   Gap | It/Node Time

     0     0   81.37687    0 1343  623.89429   81.37687  87.0%     -   19s
     0     0   82.55039    0 2034  623.89429   82.55039  86.8%     -   26s
     0     0   82.57973    0 2203  623.89429   82.57973  86.8%     -   29s
     0     0   82.58154    0 2219  623.89429   82.58154  86.8%     -   29s
     0     0   82.58154    0 2225  623.89429   82.58154  86.8%     -   30s
     0     0   82.90719    0 2582  623.89429   82.90719  86.7%     -   35s
H    0     0                     623.8942336   82.90719  86.7%     -   40s
     0     0   82.93718    0 2707  623.89423   82.93718  86.7%     -   42s
     0     0   82.93927    0 2699  623.89423   82.93927  86.7%     -   42s
     0     0   82.93932    0 2693  623.89423   82.93932  86.7%     -   42s
     0     0   83.54436    0 2527  623.89423   83.54436  86.6%     -   49s
     0     0   83.67459    0 2548  623.89423   83.67459  86.6%     -   52s
     0     0   83.67782    0 2545  623.89423   83.67782  86.6%     -   53s
     0     0   83.67790    0 2553  623.89423   83.67790  86.6%     -   53s
     0     0   83.78612    0 2554  623.89423   83.78612  86.6%     -   58s
     0     0   83.79134    0 2511  623.89423   83.79134  86.6%     -   61s
     0     0   83.79151    0 2536  623.89423   83.79151  86.6%     -   61s
     0     0   83.79901    0 2473  623.89423   83.79901  86.6%     -   65s
H    0     0                     580.3305017   83.79901  85.6%     -   69s
H    0     0                     473.7162410   83.79901  82.3%     -  135s
     0     2   83.79901    0 2472  473.71624   83.79901  82.3%     -  140s
     7    12  115.73598    3 2450  473.71624   83.80193  82.3%   861  145s
H   19    24                     446.7206774   83.80193  81.2%   800  154s
H   22    24                     431.8329711   83.80193  80.6%   729  154s
    23    30  118.89934    7 2438  431.83297   83.80193  80.6%   728  155s
H   29    34                     431.8329711   83.80193  80.6%   613  160s
H   31    34                     431.8329708   83.80193  80.6%   580  160s
    53    62  118.93291   14 2388  431.83297   83.80193  80.6%   367  200s
H   65    70                     430.7940975   83.80193  80.5%   349  210s
H   67    70                     430.1961165   83.80193  80.5%   340  210s
H   68    70                     411.7832134   83.80193  79.6%   371  210s
    77    86  118.96783   20 2381  411.78321   83.80193  79.6%   341  217s
H   93    98                     365.5040878   83.80193  77.1%   310  223s
    97   110  118.98840   25 2369  365.50409   83.80193  77.1%   316  281s
H  109   114                     365.5029020   83.80193  77.1%   300  292s
H  111   114                     365.1980242   83.80193  77.1%   295  292s
H  113   124                     365.1199787   83.80193  77.0%   290  296s
H  123   128                     365.1199787   83.80193  77.0%   287  302s
H  124   128                     135.0461142   83.80193  37.9%   285  302s
H  150   145                     134.4018711   83.80193  37.6%   283  308s
H  154   145                     125.2943441   83.80193  33.1%   284  308s
H  156   152                     125.1996016   83.80193  33.1%   291  312s
H  160   152                     125.1956794   83.80193  33.1%   285  312s
H  161   152                      88.6500549   83.80193  5.47%   287  312s
   163   158     cutoff   39        88.65005   84.34777  4.85%   298  315s
H  185   171                      88.6499735   84.41815  4.77%   315  323s
H  192   171                      88.1366802   84.41815  4.22%   315  323s
   200   173     cutoff   27        88.13668   84.42681  4.21%   316  347s
H  235   204                      87.9409631   84.42681  4.00%   309  356s
H  236   204                      87.8488555   84.42681  3.90%   308  356s
H  237   204                      87.7705084   84.42681  3.81%   307  356s
H  239   224                      87.7698016   84.42681  3.81%   307  361s
H  240   224                      87.7656762   84.42681  3.80%   306  361s
   260   246   85.15548   32 2205   87.76568   84.42681  3.80%   292  378s
H  264   246                      87.7572849   84.42681  3.80%   287  378s
H  270   246                      86.7475506   84.42681  2.68%   286  378s
   282   266   85.26363   37 1988   86.74755   84.42681  2.68%   276  382s
H  328   225                      86.7373130   84.42681  2.66%   243  393s
   332   288   85.28478   47 1923   86.73731   84.42681  2.66%   240  396s
H  400   233                      86.7313231   84.42681  2.66%   206  412s
H  401   233                      86.7281462   84.42681  2.65%   205  412s
H  402   233                      86.7199296   84.42681  2.64%   205  412s
H  403   233                      86.7193885   84.42681  2.64%   205  412s
   404   237   85.34492   65 1807   86.71939   84.42681  2.64%   204  450s
H  408   305                      86.7193881   84.42681  2.64%   202  454s
   478   307   85.50931   80 1524   86.71939   84.42681  2.64%   179  463s
   482   318   85.50939   81 1523   86.71939   84.42681  2.64%   178  468s
   494   347   85.51091   84 1509   86.71939   84.42681  2.64%   174  472s
   524   381   85.60633   91 1477   86.71939   84.42681  2.64%   168  480s
   561   472   85.64985   98 1470   86.71939   84.42681  2.64%   159  487s
H  586   472                      86.6990790   84.42681  2.62%   153  487s
   658   480   85.79448  124 1353   86.69908   84.42681  2.62%   140  491s
   667   572   85.79452  125 1336   86.69908   84.42681  2.62%   139  497s
H  731   572                      86.6989563   84.42681  2.62%   127  497s
H  760   590                      86.6912279   84.42681  2.61%   123  509s
H  766   588                      86.5905083   84.42681  2.50%   122  509s
   783   654   85.93000  158 1317   86.59051   84.42681  2.50%   120  516s
H  785   654                      86.5902188   84.42681  2.50%   120  516s
H  801   654                      86.5899812   84.42681  2.50%   117  516s
H  855   658                      86.5873162   84.42681  2.50%   110  526s
H  857   658                      86.5806680   84.42681  2.49%   110  526s
   859   750   86.07574  177 1284   86.58067   84.42681  2.49%   110  534s
H  967   756                      86.5806680   84.42681  2.49%  98.9  540s
H  967   756                      86.5768303   84.42681  2.48%  98.9  540s
H  973   773                      86.5727749   84.42681  2.48%  98.3  547s
H  974   773                      86.5723181   84.42681  2.48%  98.2  547s
   992   814   86.12117  205 1233   86.57232   84.42681  2.48%  96.9  580s
  1038   815   85.38352   68 2473   86.57232   84.42681  2.48%  93.0  593s
  1040   816   86.03667  267 1333   86.57232   84.42681  2.48%  92.8  600s
  1041   817   86.12433  192 2156   86.57232   84.42681  2.48%  92.7  608s
  1042   818   85.76617  118 2358   86.57232   84.52048  2.37%  92.6  613s
  1043   818   86.13736   88 2353   86.57232   84.56412  2.32%  92.5  615s
H 1045   778                      86.5723180   84.62060  2.25%  92.4  620s
H 1045   739                      86.5723179   84.82123  2.02%  92.4  624s
  1047   740   85.03488   27 2197   86.57232   84.97101  1.85%  92.2  626s
  1050   742   85.39123   76 2026   86.57232   85.10725  1.69%  91.9  633s
  1052   743   85.27034   43 2039   86.57232   85.14368  1.65%  91.7  635s
  1054   745   85.83026  117 2264   86.57232   85.17077  1.62%  91.6  641s
  1057   747   85.52387   61 2135   86.57232   85.27109  1.50%  91.3  645s
  1058   747   86.00455  159 2135   86.57232   85.27109  1.50%  91.2  691s
  1059   751   85.27109   13 2278   86.57232   85.27109  1.50%   123  696s
  1065   753   85.42953   15 2270   86.57232   85.42075  1.33%   130  700s
  1081   762   85.51469   18 2262   86.57232   85.42929  1.32%   134  705s
  1097   773   85.53676   22 2245   86.57232   85.42929  1.32%   136  711s
  1115   782   85.54763   27 2078   86.57232   85.42929  1.32%   137  716s
  1131   797   85.61031   31 1882   86.57232   85.42929  1.32%   141  720s
  1148   803   85.62385   35 1695   86.57232   85.42929  1.32%   143  725s
  1169   821   85.64768   40 1730   86.57232   85.42929  1.32%   145  730s
  1184   839   85.69722   44 1610   86.57232   85.42929  1.32%   146  735s
H 1209   802                      86.5718973   85.42929  1.32%   145  738s
H 1213   765                      86.5713633   85.42929  1.32%   145  738s
  1216   779   85.74365   51 1564   86.57136   85.42929  1.32%   145  740s
H 1231   744                      86.5669840   85.42929  1.31%   145  742s
  1236   763   85.76629   56 1487   86.56698   85.42929  1.31%   145  745s
H 1241   728                      86.5653563   85.42929  1.31%   144  745s
H 1270   698                      86.5648890   85.42929  1.31%   143  747s
  1271   700   85.81792   66 1474   86.56489   85.42929  1.31%   143  750s
H 1308   689                      86.5632888   85.42929  1.31%   140  763s
H 1310   661                      86.4245240   85.42929  1.15%   140  763s
  1346   679   85.89060   80 1422   86.42452   85.42929  1.15%   137  768s
H 1347   652                      86.4221079   85.42929  1.15%   137  768s
  1350   686   85.89066   81 1412   86.42211   85.42929  1.15%   137  770s
H 1388   652                      86.4221054   85.42929  1.15%   135  782s
H 1388   628                      86.4218977   85.42929  1.15%   135  782s
H 1389   605                      86.3741384   85.42929  1.09%   134  782s
H 1392   589                      86.3741356   85.42929  1.09%   134  786s
  1458   649   85.99126  101 1274   86.37414   85.42929  1.09%   129  791s
H 1489   629                      86.3741303   85.42929  1.09%   127  797s
H 1493   608                      86.3733539   85.42929  1.09%   127  797s
  1499   614   86.01408  103 1256   86.37335   85.42929  1.09%   126  800s
  1507   663   85.99958  102 1261   86.37335   85.42929  1.09%   126  806s
H 1536   634                      86.3733530   85.42929  1.09%   124  806s
H 1564   617                      86.3717845   85.42929  1.09%   123  813s
H 1566   599                      86.3706541   85.42929  1.09%   123  813s
  1569   668   86.01808  108 1245   86.37065   85.42929  1.09%   122  816s
H 1612   638                      86.3695120   85.42929  1.09%   119  816s
  1653   626   86.04564  123 1214   86.36951   85.42929  1.09%   117  840s
H 1654   611                      86.3661130   85.42929  1.08%   117  840s
H 1654   597                      86.3635284   85.42929  1.08%   117  840s
H 1657   610                      86.3635258   85.42929  1.08%   117  843s
H 1674   591                      86.3635252   85.42929  1.08%   116  843s
H 1701   573                      86.3635245   85.42929  1.08%   114  852s
H 1704   562                      86.3635226   85.42929  1.08%   115  852s
  1705   618   86.05064  127 1208   86.36352   85.42929  1.08%   114  859s
H 1752   618                      86.3635091   85.42929  1.08%   112  859s
H 1773   622                      86.3635040   85.42929  1.08%   111  872s
H 1773   622                      86.3631355   85.42929  1.08%   111  872s
  1777   646   86.10691  141 1189   86.36314   85.42929  1.08%   111  879s
  1803   650   86.11172  147 1169   86.36314   85.42929  1.08%   110  896s
H 1805   650                      86.3622166   85.42929  1.08%   110  896s
  1807   724   86.11172  148 1167   86.36222   85.42929  1.08%   110  902s
H 1842   723                      86.3568875   85.42929  1.07%   108  902s
  1883   726   86.12310  163 1123   86.35689   85.42929  1.07%   106  910s
H 1884   725                      86.3538318   85.42929  1.07%   106  910s
  1887   776   86.12311  164 1121   86.35383   85.42929  1.07%   106  915s
  2002   866   86.14229  180 1064   86.35383   85.42929  1.07%   102  943s
  2032   905   86.14376  186 1049   86.35383   85.42929  1.07%   101  947s
  2072   914   86.15555  192 1034   86.35383   85.42929  1.07%  99.2  953s
  2081   985   86.14584  195 1008   86.35383   85.42929  1.07%  98.8  959s
H 2157  1035                      86.3537965   85.42929  1.07%  96.9  978s
  2209  1109   86.16665  209  983   86.35380   85.42929  1.07%  95.0  983s
H 2210  1109                      86.3537777   85.42929  1.07%  94.9  983s
H 2229  1109                      86.3536890   85.42929  1.07%  94.2  983s
H 2261  1109                      86.3518249   85.42929  1.07%  93.2  983s
  2285  1117   86.17328  227  957   86.35182   85.42929  1.07%  92.4  989s
H 2293  1148                      86.3517002   85.42929  1.07%  92.1  998s
H 2301  1148                      86.3514397   85.42929  1.07%  91.9  998s
H 2308  1147                      86.3495586   85.42929  1.07%  91.6  998s
  2325  1222   86.18336  233  964   86.34956   85.42929  1.07%  91.1 1005s
  2405  1313   86.18701  245  926   86.34956   85.42929  1.07%  88.3 1012s
  2502  1424   86.19488  256  906   86.34956   85.42929  1.07%  85.7 1019s
  2636  1465   86.21482  268  889   86.34956   85.42929  1.07%  82.2 1028s
H 2668  1465                      86.3495560   85.42929  1.07%  81.5 1028s
H 2680  1522                      86.3495553   85.42929  1.07%  81.2 1035s
H 2703  1522                      86.3495553   85.42929  1.07%  80.7 1035s
H 2724  1522                      86.3495548   85.42929  1.07%  80.2 1035s
H 2763  1595                      86.3495386   85.42929  1.07%  79.5 1044s
H 2840  1594                      86.3483819   85.42929  1.06%  77.7 1044s
  2842  1674   86.24618  288  894   86.34838   85.42929  1.06%  77.8 1051s
  2932  1763   86.27614  300  883   86.34838   85.42929  1.06%  76.0 1058s
H 3007  1763                      86.3482649   85.42929  1.06%  74.5 1058s
  3025  1850   86.29744  308  872   86.34826   85.42929  1.06%  74.7 1066s
  3113  2018   86.30225  314  866   86.34826   85.42929  1.06%  73.5 1073s
H 3138  2018                      86.3481639   85.42929  1.06%  73.0 1073s
H 3191  2018                      86.3478620   85.42929  1.06%  72.1 1073s
  3289  2069     cutoff  323        86.34786   85.42929  1.06%  70.6 1082s
  3342  2245   86.31573  325  847   86.34786   85.46306  1.02%  69.6 1090s
H 3524  2245                      86.3477750   85.46306  1.02%  66.8 1090s
  3549  2296   85.50953   17 2098   86.34777   85.46306  1.02%  66.5 1132s
H 3550  2296                      86.3477724   85.46306  1.02%  66.4 1132s
H 3628  2296                      86.3429555   85.46306  1.02%  71.0 1146s
H 3643  2315                      86.3416784   85.46306  1.02%  73.2 1157s
H 3644  2308                      86.3399214   85.46306  1.02%  73.2 1157s
H 3645  2297                      86.3379665   85.46306  1.01%  73.3 1157s
H 3661  2297                      86.3379547   85.46306  1.01%  73.1 1157s
  3668  2359   85.68268   28 1870   86.33795   85.46994  1.01%  73.6 1170s
H 3697  2332                      86.3333059   85.46994  1.00%  74.1 1170s
H 3746  2443                      86.3332768   85.46994  1.00%  73.9 1179s
  3884  2562   85.66478   25 2122   86.33328   85.46994  1.00%  73.0 1191s
H 4018  2699                      86.3328960   85.46994  1.00%  74.4 1205s
H 4043  2650                      86.3260441   85.46994  0.99%  74.5 1205s
H 4150  2643                      86.3248380   85.46994  0.99%  73.7 1205s

Cutting planes:
  Learned: 42
  Gomory: 11
  Cover: 184
  Implied bound: 426
  Clique: 110
  MIR: 603
  StrongCG: 3
  Flow cover: 1267
  Zero half: 5
  Network: 1
  RLT: 850
  Relax-and-lift: 301

Explored 4193 nodes (344783 simplex iterations) in 1205.65 seconds
Thread count was 4 (of 32 available processors)

Solution count 10: 86.3248 86.326 86.3329 ... 86.343

Optimal solution found (tolerance 1.00e-02)
Warning: max constraint violation (7.2499e-06) exceeds tolerance
Best objective 8.632483803847e+01, best bound 8.546993981779e+01, gap 0.9903%

Gurobi 9.1.0 (linux64) logging started Wed Jan  5 06:30:32 2022

Changed value of parameter LogFile to eab_parasitoid_0.6_2_2_bud.log
   Prev:   Default: 
Changed value of parameter MIPGap to 0.01
   Prev: 0.0001  Min: 0.0  Max: inf  Default: 0.0001
Changed value of parameter MIPFocus to 1
   Prev: 0  Min: 0  Max: 3  Default: 0
Changed value of parameter RINS to 100
   Prev: -1  Min: -1  Max: 2000000000  Default: -1
Changed value of parameter TimeLimit to 28800.0
   Prev: inf  Min: 0.0  Max: inf  Default: inf
Changed value of parameter NodeFileStart to 10000.0
   Prev: inf  Min: 0.0  Max: inf  Default: inf
Changed value of parameter Threads to 4
   Prev: 0  Min: 0  Max: 1024  Default: 0
Changed value of parameter Heuristics to 1.0
   Prev: 0.05  Min: 0.0  Max: 1.0  Default: 0.05
Gurobi Optimizer version 9.1.0 build v9.1.0rc0 (linux64)
Thread count: 32 physical cores, 32 logical processors, using up to 4 threads
Optimize a model with 381543 rows, 174513 columns and 1305866 nonzeros
Model fingerprint: 0xd88fe3d8
Variable types: 77367 continuous, 97146 integer (97146 binary)
Coefficient statistics:
  Matrix range     [1e-04, 6e+03]
  Objective range  [1e-06, 1e-01]
  Bounds range     [1e+00, 6e+03]
  RHS range        [1e-04, 7e+03]

User MIP start produced solution with objective 624.641 (5.81s)
User MIP start produced solution with objective 624.599 (5.92s)
User MIP start produced solution with objective 624.454 (6.37s)
User MIP start produced solution with objective 623.894 (6.71s)
Loaded user MIP start with objective 623.894
Processed MIP start in 6.74 seconds

Presolve removed 245057 rows and 90613 columns (presolve time = 5s) ...
Presolve removed 257962 rows and 103368 columns
Presolve time: 6.41s
Presolved: 123581 rows, 71145 columns, 633147 nonzeros
Variable types: 32554 continuous, 38591 integer (38591 binary)

Deterministic concurrent LP optimizer: primal and dual simplex (primal and dual model)
Showing first log only...

Presolve removed 98 rows and 85 columns
Presolved: 123483 rows, 71060 columns, 632905 nonzeros


Root simplex log...

Iteration    Objective       Primal Inf.    Dual Inf.      Time
       0    9.2810134e+01   3.166562e+02   2.103956e+09     14s
Concurrent spin time: 0.01s

Solved with dual simplex (primal model)

Root relaxation: objective 8.137687e+01, 5896 iterations, 0.82 seconds

    Nodes    |    Current Node    |     Objective Bounds      |     Work
 Expl Unexpl |  Obj  Depth IntInf | Incumbent    BestBd   Gap | It/Node Time

     0     0   81.37687    0 1343  623.89429   81.37687  87.0%     -   20s
     0     0   82.55039    0 2034  623.89429   82.55039  86.8%     -   27s
     0     0   82.57973    0 2203  623.89429   82.57973  86.8%     -   31s
     0     0   82.58154    0 2219  623.89429   82.58154  86.8%     -   31s
     0     0   82.58154    0 2225  623.89429   82.58154  86.8%     -   31s
     0     0   82.90719    0 2582  623.89429   82.90719  86.7%     -   37s
H    0     0                     623.8942336   82.90719  86.7%     -   42s
     0     0   82.93718    0 2707  623.89423   82.93718  86.7%     -   44s
     0     0   82.93927    0 2699  623.89423   82.93927  86.7%     -   45s
     0     0   82.93932    0 2693  623.89423   82.93932  86.7%     -   45s
     0     0   83.54436    0 2527  623.89423   83.54436  86.6%     -   51s
     0     0   83.67459    0 2548  623.89423   83.67459  86.6%     -   55s
     0     0   83.67782    0 2545  623.89423   83.67782  86.6%     -   56s
     0     0   83.67790    0 2553  623.89423   83.67790  86.6%     -   56s
     0     0   83.78612    0 2554  623.89423   83.78612  86.6%     -   61s
     0     0   83.79134    0 2511  623.89423   83.79134  86.6%     -   64s
     0     0   83.79151    0 2536  623.89423   83.79151  86.6%     -   65s
     0     0   83.79901    0 2473  623.89423   83.79901  86.6%     -   69s
H    0     0                     580.3305017   83.79901  85.6%     -   73s
H    0     0                     473.7162410   83.79901  82.3%     -  143s
     0     2   83.79901    0 2472  473.71624   83.79901  82.3%     -  147s
     3     8  115.51654    2 2462  473.71624   83.80025  82.3%  1365  150s
    15    20  117.63024    5 2430  473.71624   83.80193  82.3%   986  156s
H   19    24                     446.7206774   83.80193  81.2%   800  162s
H   22    24                     431.8329711   83.80193  80.6%   729  162s
H   29    34                     431.8329711   83.80193  80.6%   613  167s
H   31    34                     431.8329708   83.80193  80.6%   580  167s
    53    62  118.93291   14 2388  431.83297   83.80193  80.6%   367  209s
    61    66  118.94270   16 2372  431.83297   83.80193  80.6%   370  213s
H   65    70                     430.7940975   83.80193  80.5%   349  220s
H   67    70                     430.1961165   83.80193  80.5%   340  220s
H   68    70                     411.7832134   83.80193  79.6%   371  220s
    77    86  118.96783   20 2381  411.78321   83.80193  79.6%   341  226s
H   93    98                     365.5040878   83.80193  77.1%   310  233s
    97   110  118.98840   25 2369  365.50409   83.80193  77.1%   316  295s
H  109   114                     365.5029020   83.80193  77.1%   300  306s
H  111   114                     365.1980242   83.80193  77.1%   295  306s
H  113   124                     365.1199787   83.80193  77.0%   290  311s
H  123   128                     365.1199787   83.80193  77.0%   287  316s
H  124   128                     135.0461142   83.80193  37.9%   285  316s
H  150   145                     134.4018711   83.80193  37.6%   283  322s
H  154   145                     125.2943441   83.80193  33.1%   284  322s
H  156   152                     125.1996016   83.80193  33.1%   291  326s
H  160   152                     125.1956794   83.80193  33.1%   285  326s
H  161   152                      88.6500549   83.80193  5.47%   287  326s
H  185   171                      88.6499735   84.41815  4.77%   315  337s
H  192   171                      88.1366802   84.41815  4.22%   315  337s
   200   173     cutoff   27        88.13668   84.42681  4.21%   316  362s
   206   200   84.54930   24 2156   88.13668   84.42681  4.21%   322  365s
H  235   204                      87.9409631   84.42681  4.00%   309  371s
H  236   204                      87.8488555   84.42681  3.90%   308  371s
H  237   204                      87.7705084   84.42681  3.81%   307  371s
H  239   224                      87.7698016   84.42681  3.81%   307  377s
H  240   224                      87.7656762   84.42681  3.80%   306  377s
   260   246   85.15548   32 2205   87.76568   84.42681  3.80%   292  393s
H  264   246                      87.7572849   84.42681  3.80%   287  393s
H  270   246                      86.7475506   84.42681  2.68%   286  393s
   282   266   85.26363   37 1988   86.74755   84.42681  2.68%   276  398s
H  328   225                      86.7373130   84.42681  2.66%   243  409s
   332   288   85.28478   47 1923   86.73731   84.42681  2.66%   240  412s
H  400   233                      86.7313231   84.42681  2.66%   206  429s
H  401   233                      86.7281462   84.42681  2.65%   205  429s
H  402   233                      86.7199296   84.42681  2.64%   205  429s
H  403   233                      86.7193885   84.42681  2.64%   205  429s
   404   237   85.34492   65 1807   86.71939   84.42681  2.64%   204  470s
H  408   305                      86.7193881   84.42681  2.64%   202  474s
   478   307   85.50931   80 1524   86.71939   84.42681  2.64%   179  484s
   482   318   85.50939   81 1523   86.71939   84.42681  2.64%   178  489s
   494   347   85.51091   84 1509   86.71939   84.42681  2.64%   174  493s
   524   381   85.60633   91 1477   86.71939   84.42681  2.64%   168  501s
   561   472   85.64985   98 1470   86.71939   84.42681  2.64%   159  507s
H  586   472                      86.6990790   84.42681  2.62%   153  507s
   658   480   85.79448  124 1353   86.69908   84.42681  2.62%   140  512s
   667   572   85.79452  125 1336   86.69908   84.42681  2.62%   139  518s
H  731   572                      86.6989563   84.42681  2.62%   127  518s
H  760   590                      86.6912279   84.42681  2.61%   123  531s
H  766   588                      86.5905083   84.42681  2.50%   122  531s
   783   654   85.93000  158 1317   86.59051   84.42681  2.50%   120  538s
H  785   654                      86.5902188   84.42681  2.50%   120  538s
H  801   654                      86.5899812   84.42681  2.50%   117  538s
H  855   658                      86.5873162   84.42681  2.50%   110  548s
H  857   658                      86.5806680   84.42681  2.49%   110  548s
   859   750   86.07574  177 1284   86.58067   84.42681  2.49%   110  557s
H  967   756                      86.5806680   84.42681  2.49%  98.9  563s
H  967   756                      86.5768303   84.42681  2.48%  98.9  563s
H  973   773                      86.5727749   84.42681  2.48%  98.3  569s
H  974   773                      86.5723181   84.42681  2.48%  98.2  569s
   992   814   86.12117  205 1233   86.57232   84.42681  2.48%  96.9  605s
  1038   815   85.38352   68 2473   86.57232   84.42681  2.48%  93.0  618s
  1040   816   86.03667  267 1333   86.57232   84.42681  2.48%  92.8  626s
  1041   817   86.12433  192 2156   86.57232   84.42681  2.48%  92.7  633s
  1042   818   85.76617  118 2358   86.57232   84.52048  2.37%  92.6  640s
  1045   820   84.97180   26 2359   86.57232   84.62060  2.25%  92.4  646s
H 1045   778                      86.5723180   84.62060  2.25%  92.4  648s
H 1045   739                      86.5723179   84.82123  2.02%  92.4  653s
  1048   741   85.99728  154 2081   86.57232   84.97638  1.84%  92.1  655s
  1050   742   85.39123   76 2026   86.57232   85.10725  1.69%  91.9  662s
  1053   744   85.91877  124 2054   86.57232   85.14522  1.65%  91.7  667s
  1054   745   85.83026  117 2264   86.57232   85.17077  1.62%  91.6  671s
  1057   747   85.52387   61 2135   86.57232   85.27109  1.50%  91.3  675s
  1058   747   86.00455  159 2135   86.57232   85.27109  1.50%  91.2  720s
  1059   751   85.27109   13 2278   86.57232   85.27109  1.50%   123  725s
  1065   753   85.42953   15 2270   86.57232   85.42075  1.33%   130  730s
  1085   764   85.51660   19 2239   86.57232   85.42929  1.32%   134  737s
  1097   773   85.53676   22 2245   86.57232   85.42929  1.32%   136  740s
  1115   782   85.54763   27 2078   86.57232   85.42929  1.32%   137  745s
  1131   797   85.61031   31 1882   86.57232   85.42929  1.32%   141  750s
  1153   812   85.62564   36 1676   86.57232   85.42929  1.32%   144  755s
  1169   821   85.64768   40 1730   86.57232   85.42929  1.32%   145  760s
  1208   839   85.74219   49 1581   86.57232   85.42929  1.32%   145  768s
H 1209   802                      86.5718973   85.42929  1.32%   145  768s
H 1213   765                      86.5713633   85.42929  1.32%   145  768s
  1216   779   85.74365   51 1564   86.57136   85.42929  1.32%   145  770s
H 1231   744                      86.5669840   85.42929  1.31%   145  772s
  1236   763   85.76629   56 1487   86.56698   85.42929  1.31%   145  775s
H 1241   728                      86.5653563   85.42929  1.31%   144  775s
H 1270   698                      86.5648890   85.42929  1.31%   143  777s
  1271   700   85.81792   66 1474   86.56489   85.42929  1.31%   143  780s
H 1308   689                      86.5632888   85.42929  1.31%   140  792s
H 1310   661                      86.4245240   85.42929  1.15%   140  792s
  1346   679   85.89060   80 1422   86.42452   85.42929  1.15%   137  798s
H 1347   652                      86.4221079   85.42929  1.15%   137  798s
  1350   686   85.89066   81 1412   86.42211   85.42929  1.15%   137  800s
H 1388   652                      86.4221054   85.42929  1.15%   135  812s
H 1388   628                      86.4218977   85.42929  1.15%   135  812s
H 1389   605                      86.3741384   85.42929  1.09%   134  812s
H 1392   589                      86.3741356   85.42929  1.09%   134  815s
  1458   649   85.99126  101 1274   86.37414   85.42929  1.09%   129  821s
H 1489   629                      86.3741303   85.42929  1.09%   127  827s
H 1493   608                      86.3733539   85.42929  1.09%   127  827s
  1499   614   86.01408  103 1256   86.37335   85.42929  1.09%   126  830s
  1507   663   85.99958  102 1261   86.37335   85.42929  1.09%   126  835s
H 1536   634                      86.3733530   85.42929  1.09%   124  835s
H 1564   617                      86.3717845   85.42929  1.09%   123  843s
H 1566   599                      86.3706541   85.42929  1.09%   123  843s
  1569   668   86.01808  108 1245   86.37065   85.42929  1.09%   122  846s
H 1612   638                      86.3695120   85.42929  1.09%   119  846s
  1653   626   86.04564  123 1214   86.36951   85.42929  1.09%   117  869s
H 1654   611                      86.3661130   85.42929  1.08%   117  869s
H 1654   597                      86.3635284   85.42929  1.08%   117  869s
H 1657   610                      86.3635258   85.42929  1.08%   117  872s
H 1674   591                      86.3635252   85.42929  1.08%   116  872s
H 1701   573                      86.3635245   85.42929  1.08%   114  880s
H 1704   562                      86.3635226   85.42929  1.08%   115  880s
  1705   618   86.05064  127 1208   86.36352   85.42929  1.08%   114  887s
H 1752   618                      86.3635091   85.42929  1.08%   112  887s
H 1773   622                      86.3635040   85.42929  1.08%   111  900s
H 1773   622                      86.3631355   85.42929  1.08%   111  900s
  1777   646   86.10691  141 1189   86.36314   85.42929  1.08%   111  907s
  1803   650   86.11172  147 1169   86.36314   85.42929  1.08%   110  923s
H 1805   650                      86.3622166   85.42929  1.08%   110  923s
  1807   724   86.11172  148 1167   86.36222   85.42929  1.08%   110  929s
H 1842   723                      86.3568875   85.42929  1.07%   108  929s
  1883   726   86.12310  163 1123   86.35689   85.42929  1.07%   106  937s
H 1884   725                      86.3538318   85.42929  1.07%   106  937s
  1887   776   86.12311  164 1121   86.35383   85.42929  1.07%   106  943s
  1938   836   86.12539  174 1115   86.35383   85.42929  1.07%   105  947s
  2002   866   86.14229  180 1064   86.35383   85.42929  1.07%   102  971s
  2032   905   86.14376  186 1049   86.35383   85.42929  1.07%   101  975s
  2072   914   86.15555  192 1034   86.35383   85.42929  1.07%  99.2  983s
  2081   985   86.14584  195 1008   86.35383   85.42929  1.07%  98.8  988s
H 2157  1035                      86.3537965   85.42929  1.07%  96.9 1008s
  2209  1109   86.16665  209  983   86.35380   85.42929  1.07%  95.0 1013s
H 2210  1109                      86.3537777   85.42929  1.07%  94.9 1013s
H 2229  1109                      86.3536890   85.42929  1.07%  94.2 1013s
H 2261  1109                      86.3518249   85.42929  1.07%  93.2 1013s
  2285  1117   86.17328  227  957   86.35182   85.42929  1.07%  92.4 1019s
H 2293  1148                      86.3517002   85.42929  1.07%  92.1 1027s
H 2301  1148                      86.3514397   85.42929  1.07%  91.9 1027s
H 2308  1147                      86.3495586   85.42929  1.07%  91.6 1027s
  2325  1222   86.18336  233  964   86.34956   85.42929  1.07%  91.1 1034s
  2405  1313   86.18701  245  926   86.34956   85.42929  1.07%  88.3 1042s
  2502  1424   86.19488  256  906   86.34956   85.42929  1.07%  85.7 1049s
  2636  1465   86.21482  268  889   86.34956   85.42929  1.07%  82.2 1058s
H 2668  1465                      86.3495560   85.42929  1.07%  81.5 1058s
H 2680  1522                      86.3495553   85.42929  1.07%  81.2 1065s
H 2703  1522                      86.3495553   85.42929  1.07%  80.7 1065s
H 2724  1522                      86.3495548   85.42929  1.07%  80.2 1065s
H 2763  1595                      86.3495386   85.42929  1.07%  79.5 1074s
H 2840  1594                      86.3483819   85.42929  1.06%  77.7 1074s
  2842  1674   86.24618  288  894   86.34838   85.42929  1.06%  77.8 1082s
  2932  1763   86.27614  300  883   86.34838   85.42929  1.06%  76.0 1089s
H 3007  1763                      86.3482649   85.42929  1.06%  74.5 1089s
  3025  1850   86.29744  308  872   86.34826   85.42929  1.06%  74.7 1096s
  3113  2018   86.30225  314  866   86.34826   85.42929  1.06%  73.5 1103s
H 3138  2018                      86.3481639   85.42929  1.06%  73.0 1103s
H 3191  2018                      86.3478620   85.42929  1.06%  72.1 1103s
  3289  2069     cutoff  323        86.34786   85.42929  1.06%  70.6 1112s
  3342  2245   86.31573  325  847   86.34786   85.46306  1.02%  69.6 1121s
H 3524  2245                      86.3477750   85.46306  1.02%  66.8 1121s
  3549  2296   85.50953   17 2098   86.34777   85.46306  1.02%  66.5 1162s
H 3550  2296                      86.3477724   85.46306  1.02%  66.4 1162s
H 3628  2296                      86.3429555   85.46306  1.02%  71.0 1176s
H 3643  2315                      86.3416784   85.46306  1.02%  73.2 1186s
H 3644  2308                      86.3399214   85.46306  1.02%  73.2 1186s
H 3645  2297                      86.3379665   85.46306  1.01%  73.3 1186s
H 3661  2297                      86.3379547   85.46306  1.01%  73.1 1186s
  3668  2359   85.68268   28 1870   86.33795   85.46994  1.01%  73.6 1198s
H 3697  2332                      86.3333059   85.46994  1.00%  74.1 1198s
H 3746  2443                      86.3332768   85.46994  1.00%  73.9 1207s
  3884  2562   85.66478   25 2122   86.33328   85.46994  1.00%  73.0 1219s
H 4018  2699                      86.3328960   85.46994  1.00%  74.4 1233s
H 4043  2650                      86.3260441   85.46994  0.99%  74.5 1233s
H 4150  2643                      86.3248380   85.46994  0.99%  73.7 1233s

Cutting planes:
  Learned: 42
  Gomory: 11
  Cover: 184
  Implied bound: 426
  Clique: 110
  MIR: 603
  StrongCG: 3
  Flow cover: 1267
  Zero half: 5
  Network: 1
  RLT: 850
  Relax-and-lift: 301

Explored 4193 nodes (344783 simplex iterations) in 1233.44 seconds
Thread count was 4 (of 32 available processors)

Solution count 10: 86.3248 86.326 86.3329 ... 86.343

Optimal solution found (tolerance 1.00e-02)
Warning: max constraint violation (7.2499e-06) exceeds tolerance
Best objective 8.632483803847e+01, best bound 8.546993981779e+01, gap 0.9903%
