
Gurobi 9.1.0 (linux64) logging started Thu Dec  9 01:01:21 2021

Changed value of parameter LogFile to eab_parasitoid_0.4_2_2_bud.log
   Prev:   Default: 
Changed value of parameter MIPGap to 0.01
   Prev: 0.0001  Min: 0.0  Max: inf  Default: 0.0001
Changed value of parameter Method to 3
   Prev: -1  Min: -1  Max: 5  Default: -1
Changed value of parameter MIPFocus to 3
   Prev: 0  Min: 0  Max: 3  Default: 0
Changed value of parameter RINS to 100
   Prev: -1  Min: -1  Max: 2000000000  Default: -1
Changed value of parameter TimeLimit to 28800.0
   Prev: inf  Min: 0.0  Max: inf  Default: inf
Changed value of parameter NodeFileStart to 10000.0
   Prev: inf  Min: 0.0  Max: inf  Default: inf
Gurobi Optimizer version 9.1.0 build v9.1.0rc0 (linux64)
Thread count: 32 physical cores, 32 logical processors, using up to 32 threads
Optimize a model with 383220 rows, 174513 columns and 1268459 nonzeros
Model fingerprint: 0xfc6df000
Variable types: 77367 continuous, 97146 integer (97146 binary)
Coefficient statistics:
  Matrix range     [1e-04, 6e+03]
  Objective range  [1e-06, 1e-01]
  Bounds range     [1e+00, 6e+03]
  RHS range        [1e-04, 7e+03]

User MIP start did not produce a new incumbent solution
Processed MIP start in 10.60 seconds

Presolve removed 79538 rows and 40770 columns (presolve time = 6s) ...
Presolve removed 115813 rows and 40978 columns (presolve time = 12s) ...
Presolve removed 122848 rows and 48013 columns (presolve time = 15s) ...
Presolve removed 141592 rows and 49602 columns (presolve time = 21s) ...
Presolve removed 144770 rows and 54369 columns (presolve time = 26s) ...
Presolve removed 151088 rows and 67315 columns (presolve time = 31s) ...
Presolve removed 201806 rows and 79945 columns (presolve time = 37s) ...
Presolve removed 203016 rows and 82365 columns (presolve time = 40s) ...
Presolve removed 206863 rows and 82384 columns (presolve time = 46s) ...
Presolve removed 208054 rows and 83632 columns (presolve time = 50s) ...
Presolve removed 208160 rows and 83677 columns (presolve time = 55s) ...
Presolve removed 208220 rows and 84090 columns (presolve time = 65s) ...
Presolve removed 220230 rows and 84090 columns (presolve time = 65s) ...
Presolve removed 222414 rows and 85041 columns (presolve time = 70s) ...
Presolve removed 233861 rows and 85171 columns (presolve time = 76s) ...
Presolve removed 268757 rows and 108813 columns (presolve time = 81s) ...
Presolve removed 268757 rows and 108814 columns (presolve time = 86s) ...
Presolve removed 269202 rows and 109081 columns
Presolve time: 87.41s
Presolved: 114018 rows, 65432 columns, 576147 nonzeros
Variable types: 32392 continuous, 33040 integer (33040 binary)

Concurrent LP optimizer: primal simplex, dual simplex, and barrier
Showing barrier log only...

Presolve removed 103 rows and 96 columns (presolve time = 5s) ...
Presolve removed 183 rows and 131 columns
Presolved: 113835 rows, 65301 columns, 574929 nonzeros

Root barrier log...

Ordering time: 4.80s

Barrier performed 0 iterations in 129.05 seconds
Barrier solve interrupted - model solved by another algorithm


Solved with dual simplex

Root relaxation: objective 8.159475e+01, 6653 iterations, 26.08 seconds
Total elapsed time = 131.75s
Another try with MIP start

    Nodes    |    Current Node    |     Objective Bounds      |     Work
 Expl Unexpl |  Obj  Depth IntInf | Incumbent    BestBd   Gap | It/Node Time

     0     0   81.59475    0 1451          -   81.59475      -     -  165s
     0     0   83.31063    0 2196          -   83.31063      -     -  214s
     0     0   83.60563    0 2232          -   83.60563      -     -  223s
     0     0   83.60656    0 2239          -   83.60656      -     -  224s
     0     0   83.60658    0 2237          -   83.60658      -     -  225s
     0     0   84.88368    0 2214          -   84.88368      -     -  247s
     0     0   87.52166    0 2389          -   87.52166      -     -  256s
     0     0   87.54202    0 2396          -   87.54202      -     -  258s
     0     0   87.54207    0 2417          -   87.54207      -     -  259s
     0     0   87.60683    0 2292          -   87.60683      -     -  282s
     0     0   87.69604    0 2320          -   87.69604      -     -  287s
     0     0   87.72618    0 2379          -   87.72618      -     -  288s
     0     0   87.72632    0 2322          -   87.72632      -     -  288s
     0     0   87.74574    0 2203          -   87.74574      -     -  299s
     0     0   87.75203    0 2275          -   87.75203      -     -  303s
     0     0   87.75218    0 2203          -   87.75218      -     -  303s
     0     0   87.76209    0 2261          -   87.76209      -     -  313s
     0     0   87.88763    0 2291          -   87.88763      -     -  318s
     0     0   87.89250    0 2285          -   87.89250      -     -  319s
     0     0   87.89361    0 2283          -   87.89361      -     -  319s
     0     0   87.90381    0 2292          -   87.90381      -     -  335s
     0     0   87.90862    0 2328          -   87.90862      -     -  338s
     0     0   87.90870    0 2300          -   87.90870      -     -  338s
     0     0   87.91214    0 2300          -   87.91214      -     -  358s
     0     0   87.91228    0 2310          -   87.91228      -     -  368s
     0     0   87.91428    0 2302          -   87.91428      -     -  403s
     0     0   87.91447    0 2309          -   87.91447      -     -  413s
     0     0   87.91510    0 2302          -   87.91510      -     -  462s
     0     0   88.37173    0 2300          -   88.37173      -     -  494s
     0     2   88.37173    0 2300          -   88.37173      -     -  550s
     3     8   88.42920    2 2285          -   88.42920      -  1408  559s
     7    16   88.44565    3 2295          -   88.44565      -  1153  569s
    15    32   88.45707    4 2270          -   88.44565      -  1040  582s
    31    60   88.49462    5 2270          -   88.49462      -   789  604s
    63    92   88.53190    6 2273          -   88.53190      -   614  618s
    95   124   88.54602    7 2271          -   88.54602      -   516  629s
   127   156   88.91830    8 2369          -   88.91830      -   514  651s
   159   188   88.92185    9 2346          -   88.92185      -   513  664s
   191   225   88.94332   10 2343          -   88.94332      -   512  672s
   228   265   88.94865   11 2322          -   88.94865      -   454  684s
   268   310   88.99414   13 2320          -   88.99414      -   405  689s
   315   342   89.32845   15 2309          -   89.32845      -   363  697s
   355   385   89.38787   16 2264          -   89.34707      -   344  703s
   402   446   93.84119   18 2146          -   89.35348      -   330  709s
   463   492   93.88199   18 2091          -   89.39428      -   306  715s
   509   564   89.44521   23 2334          -   89.44521      -   322  721s
   581   647   92.22863   24 2335          -   89.45525      -   301  726s
   664   739   89.47419   28 2173          -   89.47419      -   277  731s
   857   958   89.52624   34 2172          -   89.52624      -   229  736s
  1132  1239   89.56031   40 2109          -   89.53238      -   178  741s
  1422  1486   90.52362   44 2129          -   89.53773      -   145  746s
  1764  1763   89.59357   47 2053          -   89.57685      -   118  751s
  2114  2009   89.64622   52 2103          -   89.60089      -   101  757s
  2426  2250   89.62286   49 2122          -   89.61373      -  89.2  763s
  2551  2455   89.62955   45 2048          -   89.61644      -  85.7  767s
  2780  2628   89.61976   54 2088          -   89.61915      -  79.7  770s
  2978  2629   91.13788   36 2300          -   89.62317      -  75.3  776s
  2980  2630  124.01939   13 1457          -   89.62317      -  75.2  794s
  2981  2631  150.71206   33 2163          -   89.62317      -  75.2  836s
  2982  2632  254.73546    9 2362          -   89.62317      -  75.2  875s
  2983  2632   90.61026   49 2309          -   89.62317      -  75.2  892s
  2984  2633  102.33882   30 2305          -   89.62317      -  75.1  910s
  2985  2634  138.82524   12 2271          -   89.62317      -  75.1  948s
  2986  2634   89.75693   62 2250          -   89.62317      -  75.1  956s
  2987  2635   89.63797   52 2287          -   89.62317      -  75.1  962s
  2988  2636   89.65359   50 2216          -   89.62317      -  75.0 1003s
  2989  2636  153.25497   19 2374          -   89.62317      -  75.0 1084s
  2990  2637  332.36865    8 2263          -   89.62317      -  75.0 1098s
  2991  2638   93.86616   27 2240          -   89.62317      -  75.0 1146s
  2992  2638  242.70951    9 2315          -   89.62317      -  74.9 1163s
  2993  2639  126.13744   17 2201          -   89.62317      -  74.9 1192s
  2995  2640   89.67827   48 2270          -   89.62317      -  74.9 1206s
  2996  2641   97.06529   45 2356          -   89.62317      -  74.8 1260s
  2997  2642   92.37543   48 2410          -   89.62317      -  74.8 1265s
  2999  2643  105.15200   19 2360          -   89.62317      -  74.8 1270s
  3001  2644   89.69085   53 2275          -   89.62317      -  74.7 1327s
  3002  2645   89.62982   53 2271          -   89.62317      -  74.7 1455s
  3003  2646  164.15160   13 2266          -   89.62317      -  74.7 1469s
  3004  2646   89.63941   48 2276          -   89.62317      -  74.6 1483s
  3005  2647   91.04991   34 2290          -   89.62317      -  74.6 1536s
  3006  2648   93.50518   54 2303          -   89.62317      -  74.6 1694s
  3007  2648   89.66483   52 2294          -   89.62317      -  74.6 1711s
  3008  2649   90.81747   55 2303          -   89.62317      -  74.5 1753s
  3009  2650   90.58887   47 2269          -   89.62317      -  74.5 1816s
  3011  2651   90.14652   50 2299          -   89.62317      -  74.5 1821s
  3012  2652   89.67849   49 2305          -   89.62317      -  74.4 1834s
  3013  2652  103.03447   25 2066          -   89.62317      -  74.4 1973s
  3014  2653   90.87272   56 2118          -   89.62317      -  74.4 2002s
  3015  2654   90.64432   48 2153          -   89.62317      -  74.4 2045s
  3016  2654   89.62564   50 1980          -   89.62317      -  74.3 2171s
  3017  2655   89.63635   50 2180          -   89.62317      -  74.3 2178s
  3018  2656   90.11425   50 2086          -   89.62317      -  74.3 2182s
  3019  2656  105.09798   29 2082          -   89.62317      -  74.3 2185s
  3020  2657   89.63458   52 2090          -   89.62317      -  74.2 2197s
  3021  2658   92.49952   45 2273          -   89.62317      -  74.2 2227s
  3022  2658   89.67051   48 2099          -   89.67051      -  74.2 2234s
  3023  2659   92.48880   46 2110          -   89.67858      -  74.2 2244s
  3024  2660   89.68195   46 2114          -   89.68195      -  74.1 2251s
  3025  2660  152.47412   17 2118          -   89.76259      -  74.1 2268s
  3026  2661   89.78319   63 2161          -   89.78319      -  74.1 2272s
  3027  2662   89.78510   54 2162          -   89.78510      -  74.1 2280s
  3028  2662  105.51323   32 2085          -   89.84269      -  74.0 2303s
  3029  2663   89.84562   50 2107          -   89.84562      -  74.0 2313s
  3030  2664   90.59826   50 2120          -   89.87290      -  74.0 2377s
  3031  2664   89.93433   54 2073          -   89.93038      -  74.0 2386s
  3032  2665   89.95330   52 2167          -   89.95330      -  73.9 2391s
  3033  2666  105.47175   31 2122          -   89.95626      -  73.9 2402s
  3034  2666   92.70735   30 2308          -   90.19574      -  73.9 2445s
  3035  2667   90.65016   50 2096          -   90.21196      -  73.9 2461s
  3036  2668   98.38711   26 2159          -   90.24087      -  73.8 2473s
  3037  2668  152.39049   46 2156          -   90.25609      -  73.8 2486s
  3038  2669  124.57970   45 2179          -   90.28356      -  73.8 2502s
  3039  2670   90.28934   46 2174          -   90.28934      -  73.8 2557s
  3040  2670   91.76635   35 2132          -   90.35566      -  73.8 2600s
  3041  2671   90.55636   48 2208          -   90.40098      -  73.7 2618s
  3042  2672   90.44337   50 2120          -   90.44337      -  73.7 2624s
  3043  2672   90.87019   39 2161          -   90.44896      -  73.7 2645s
  3044  2673  118.84093   15 2157          -   90.49649      -  73.7 2673s
  3045  2674  368.09323    7 2165          -   90.50406      -  73.6 2676s
  3046  2674   91.46670   54 2193          -   90.50763      -  73.6 2682s
  3047  2675  132.07121   14 2197          -   90.51133      -  73.6 2737s
  3048  2676   90.52160   45 2158          -   90.52160      -  73.6 2760s
  3049  2676   90.52683   55 2176          -   90.52683      -  73.5 2775s
  3050  2677   92.29458   46 2152          -   90.53649      -  73.5 2789s
  3051  2678  105.09798   29 2150          -   90.53649      -  73.5 2793s
  3052  2678  347.96306    8 2150          -   90.53649      -  73.5 2813s
  3053  2682   90.53687   14 2147          -   90.53687      -  57.4 4539s
  3055  2685   90.53755   15 2145          -   90.53755      -  58.0 4541s
  3059  2690   90.75667   16 2321          -   90.75667      -  58.6 4618s
  3067  2701   90.76264   17 2316          -   90.76264      -  65.3 4650s
  3081  2725   90.79769   18 2297          -   90.79769      -  71.1 4743s
  3109  2747   90.80096   19 2286          -   90.80096      -  90.5 4775s
  3141  2769   90.83893   20 2266          -   90.83893      -   111 4817s
  3173  2790  100.59711   21 2250          -   90.83893      -   125 4885s
  3205  2811   90.88367   22 2209          -   90.88367      -   133 4946s
  3237  2853   90.88716   23 2207          -   90.88716      -   150 4982s
  3289  2881   90.90126   25 2214          -   90.90126      -   164 5002s
  3335  2920   91.83574   27 2126          -   91.22912      -   178 5019s
  3389  2934   91.38326   29 2158          -   91.38326      -   182 5126s
  3421  2990   91.41975   30 2151          -   91.41975      -   204 5156s
  3488  3036   92.34361   32 2157          -   91.44337      -   211 5179s
  3556  3073   91.66426   36 2077          -   91.66426      -   216 5220s
  3618  3133   91.66428   37 2076          -   91.66428      -   229 5273s
  3698  3187   96.07182   39 2044          -   91.69403      -   236 5294s
  3779  3279   91.70928   42 2060          -   91.70928      -   242 5308s
  3898  3381   92.24899   46 2059          -   91.73842      -   242 5323s
  4040  3394   94.52975   48 2052          -   91.74255      -   241 5339s
  4100  3446   91.81229   53 1969          -   91.78807      -   248 5351s
  4172  3508   98.17240   54 2039          -   91.81357      -   253 5365s
  4258  3546   91.99157   56 1956          -   91.93809      -   259 5379s
  4325  3633   99.04360   59 1925          -   91.97676      -   265 5390s
  4434  3711   94.11409   61 1915          -   91.98529      -   265 5416s
  4548  3862 infeasible   69               -   91.99156      -   265 5989s
  4741  3869   93.56700   72 1965          -   91.99291      -   261 7269s
  4821  3964   92.33230   75 1935          -   92.02790      -   281 7311s
  4944  4075   92.43274   78 1919          -   92.05414      -   280 7405s
  5096  4149   92.55231   86 1927          -   92.07299      -   276 7524s
  5222  4282   92.09071   92 1919          -   92.08787      -   276 7545s
  5397  4393   92.12190   93 1876          -   92.09470      -   270 7560s
  5566  4846   92.13324   98 1916          -   92.11105      -   267 7576s
  6076  5227   92.14121  108 1830          -   92.11903      -   250 7595s
  6627  5146   92.12590   97 1952          -   92.12566      -   235 7610s
  6729  5688   93.75327  104 1938          -   92.12590      -   235 7648s
  7306  5605   94.65041  104 1949          -   92.13504      -   223 7672s
  7416  6207   92.99196  114 1985          -   92.13787      -   224 7730s
  8057  6457   92.15455  113 1909          -   92.14051      -   213 7770s
  8530  6390   94.34051  102 1885          -   92.14304      -   206 7795s
  8621  6838   93.76485  114 1951          -   92.15206      -   208 7830s
  9099  6778   94.95423  105 1966          -   92.16001      -   204 7848s
  9198  7262   92.21223   97 1828          -   92.17463      -   206 7870s
  9715  7120   92.22509   93 1882          -   92.17960      -   203 8024s
  9747  7216   93.12467  116 1969          -   92.19005      -   205 8058s
  9853  7285   92.21543  114 1958          -   92.19302      -   207 8070s
  9958  7377   92.21798  110 1943          -   92.19810      -   209 8091s
 10085  7451   93.00545  115 1917          -   92.20572      -   211 8108s
 10201  8337   93.85738  109 1959          -   92.21519      -   213 8326s
 11128  8179   93.86456  121 1808          -   92.22011      -   203 8352s
 11265  9186   93.02670   96 1945          -   92.22701      -   204 8430s
 12274 10461   93.87568  118 1941          -   92.23174      -   194 8791s
 13557 10584   93.07661  122 1862          -   92.23418      -   182 8827s
 13684 11792   93.02995  116 1878          -   92.23581      -   183 8879s
 14898 11945   93.03864  119 1908          -   92.23944      -   173 8901s
 15051 12924   93.04017   97 1945          -   92.24715      -   174 8938s
 16032 13894   92.30364  112 1919          -   92.25457      -   168 8975s
 17004 14051   93.31715  122 1829          -   92.26110      -   164 9012s
 17161 15113   92.28810   84 1866          -   92.26920      -   165 9069s
 18223 16183   95.65638  102 1902          -   92.27331      -   159 9126s
 19293 16370  100.29196  112 1827          -   92.27887      -   154 9148s
 19480 17703  136.00636  113 1937          -   92.28273      -   155 9190s
 20817 19139   92.32740   97 1905          -   92.28592      -   149 9232s
 22253 19349   96.54360  101 1860          -   92.28765      -   143 9252s
 22463 21041   92.29248  122 1817          -   92.29057      -   143 9486s
 24157 22716   92.34321  118 1929          -   92.29297      -   137 9545s
 25834 23170   92.34183  102 1973          -   92.29562      -   131 9591s
 26292 24772   93.17366  129 1852          -   92.29780      -   131 9641s
 27904 24975   95.30372  133 1833          -   92.29976      -   127 9666s
 28107 26249   95.72036   81 1928          -   92.30328      -   128 9879s
 29391 30383   92.33002  132 1861          -   92.30531      -   126 9989s
 33525 30534   92.38904  113 1875          -   92.30686      -   116 10313s
 33678 30818   93.91508  117 1936          -   92.30858      -   117 10415s
 33964 30978   96.55318  111 1916          -   92.31100      -   119 10438s
 34124 31742 infeasible  116               -   92.31478      -   121 10549s
 34891 31769  136.04225  124 1856          -   92.31772      -   121 10950s
 34923 31966  100.32802  116 1728          -   92.32043      -   122 10978s
 35120 32175  114.61177   99 2543          -   92.32424      -   124 11013s
 35331 32405   93.39727  114 1940          -   92.32642      -   125 11049s
 35561 32675   92.38673  116 1811          -   92.32930      -   127 11087s
 35831 34721   94.10593  121 1909          -   92.33209      -   129 11267s
 37877 36694   94.10839  120 1926          -   92.33439      -   126 11637s
 39854 37026  100.36762  127 1780          -   92.33607      -   123 11841s
 40188 40274   92.37650  117 1898          -   92.33771      -   125 12055s
 43442 43054  100.29950  120 1814          -   92.33922      -   120 12243s
 46226 43370   95.33753  130 1837          -   92.34035      -   116 12336s
 46544 46377   99.11312  130 1972          -   92.34122      -   117 13076s
 49559 47079   92.46508  119 1906          -   92.34191      -   114 13216s
 50261 50542   99.11497  129 1992          -   92.34267      -   115 13603s
 53740 50868   92.40826  134 1866          -   92.34334      -   111 13730s
 54068 53987   92.35825  132 1891          -   92.34401      -   112 13857s
 57193 56839   93.23303  134 1927          -   92.34470      -   109 13972s
 60047 57627  190.01319  114 1862          -   92.34581      -   106 14139s
 60841 63217 infeasible  132               -   92.34684      -   107 14622s
 66441 64552   92.35894  118 1938          -   92.34828      -   102 14821s
 67781 66303   94.73256  126 1911          -   92.34981      -   102 15912s
 69532 70660   93.87787  135 1863          -   92.35168      -   101 16166s
 73897 71090   92.40223  115 1922          -   92.35334      -  98.3 16268s
 74329 75713   94.73673  136 1794          -   92.35538      -  99.4 16521s
 78968 76111   96.18996  118 1890          -   92.35719      -  96.6 17115s
 79368 80677   93.21434   65 1975          -   92.35883      -  97.9 17417s
 83980 84488 infeasible  128               -   92.36019      -  95.3 17794s
 87825 84868   93.48793  120 1917          -   92.36179      -  93.5 18138s
 88205 89095   94.74521  137 1892          -   92.36374      -  94.5 18524s
 92468 89095   97.66940  125 1926          -   92.36557      -  92.3 18525s
 92476 94490   92.42794  126 1931          -   92.36576      -  92.4 18959s
 97931 94786  190.08276  105 1868          -   92.36826      -  89.8 19087s
 98231 97068   93.80849   78 2027          -   92.36981      -  90.7 19343s
 100521 97477   93.71303  118 1859          -   92.37156      -  90.6 19579s

Gurobi 9.1.0 (linux64) logging started Thu Dec 30 22:42:00 2021

Changed value of parameter LogFile to eab_parasitoid_0.4_2_2_bud.log
   Prev:   Default: 
Changed value of parameter MIPGap to 0.01
   Prev: 0.0001  Min: 0.0  Max: inf  Default: 0.0001
Changed value of parameter MIPFocus to 1
   Prev: 0  Min: 0  Max: 3  Default: 0
Changed value of parameter RINS to 100
   Prev: -1  Min: -1  Max: 2000000000  Default: -1
Changed value of parameter TimeLimit to 28800.0
   Prev: inf  Min: 0.0  Max: inf  Default: inf
Changed value of parameter NodeFileStart to 10000.0
   Prev: inf  Min: 0.0  Max: inf  Default: inf
Changed value of parameter Threads to 4
   Prev: 0  Min: 0  Max: 1024  Default: 0
Changed value of parameter Heuristics to 1.0
   Prev: 0.05  Min: 0.0  Max: 1.0  Default: 0.05
Gurobi Optimizer version 9.1.0 build v9.1.0rc0 (linux64)
Thread count: 32 physical cores, 32 logical processors, using up to 4 threads
Optimize a model with 381543 rows, 174513 columns and 1305866 nonzeros
Model fingerprint: 0x7856124e
Variable types: 77367 continuous, 97146 integer (97146 binary)
Coefficient statistics:
  Matrix range     [1e-04, 6e+03]
  Objective range  [1e-06, 1e-01]
  Bounds range     [1e+00, 6e+03]
  RHS range        [1e-04, 7e+03]

User MIP start produced solution with objective 624.641 (6.50s)
User MIP start produced solution with objective 624.599 (6.61s)
User MIP start produced solution with objective 624.454 (7.04s)
User MIP start produced solution with objective 623.894 (7.37s)
Loaded user MIP start with objective 623.894
Processed MIP start in 7.39 seconds

Presolve removed 196673 rows and 78542 columns (presolve time = 5s) ...
Presolve removed 257985 rows and 103386 columns
Presolve time: 8.43s
Presolved: 123558 rows, 71127 columns, 633073 nonzeros
Variable types: 32554 continuous, 38573 integer (38573 binary)

Deterministic concurrent LP optimizer: primal and dual simplex (primal and dual model)
Showing first log only...

Presolve removed 78 rows and 67 columns
Presolved: 123480 rows, 71060 columns, 632858 nonzeros


Root simplex log...

Iteration    Objective       Primal Inf.    Dual Inf.      Time
       0    9.3132979e+01   3.857044e+02   2.473204e+09     17s
Concurrent spin time: 0.02s

Solved with dual simplex (primal model)

Root relaxation: objective 8.137687e+01, 6164 iterations, 1.02 seconds

    Nodes    |    Current Node    |     Objective Bounds      |     Work
 Expl Unexpl |  Obj  Depth IntInf | Incumbent    BestBd   Gap | It/Node Time

     0     0   81.37687    0 1562  623.89429   81.37687  87.0%     -   23s
     0     0   82.54309    0 1877  623.89429   82.54309  86.8%     -   29s
     0     0   82.57898    0 2055  623.89429   82.57898  86.8%     -   32s
     0     0   82.58086    0 2071  623.89429   82.58086  86.8%     -   33s
     0     0   82.58087    0 2078  623.89429   82.58087  86.8%     -   33s
     0     0   82.81273    0 2470  623.89429   82.81273  86.7%     -   38s
H    0     0                     603.8141279   82.81273  86.3%     -   42s
     0     0   82.82141    0 2528  603.81413   82.82141  86.3%     -   43s
     0     0   82.82151    0 2493  603.81413   82.82151  86.3%     -   44s
     0     0   83.33802    0 2324  603.81413   83.33802  86.2%     -   50s
     0     0   83.59794    0 2376  603.81413   83.59794  86.2%     -   53s
     0     0   83.60443    0 2369  603.81413   83.60443  86.2%     -   54s
     0     0   83.60604    0 2373  603.81413   83.60604  86.2%     -   54s
     0     0   83.60616    0 2371  603.81413   83.60616  86.2%     -   54s
     0     0   83.69333    0 2237  603.81413   83.69333  86.1%     -   59s
     0     0   83.70766    0 2240  603.81413   83.70766  86.1%     -   61s
     0     0   83.71116    0 2215  603.81413   83.71116  86.1%     -   62s
     0     0   83.72492    0 2212  603.81413   83.72492  86.1%     -   63s
     0     0   83.72902    0 2156  603.81413   83.72902  86.1%     -   64s
     0     0   83.72907    0 2181  603.81413   83.72907  86.1%     -   64s
     0     0   83.73484    0 2239  603.81413   83.73484  86.1%     -   67s
H    0     0                     548.6918380   83.73484  84.7%     -   70s
H    0     0                     458.8372224   83.73484  81.8%     -  168s
     0     2   83.73484    0 2239  458.83722   83.73484  81.8%     -  172s
     1     4   88.54277    1 2129  458.83722   83.73484  81.8%  4214  175s
     7    10   89.36719    3 2148  458.83722   84.22838  81.6%  1877  180s
H   19    22                     458.7028861   84.29061  81.6%   854  187s
H   23    26                     393.1881048   84.29434  78.6%   799  192s
H   25    26                     364.8862308   84.29763  76.9%   736  192s
    27    30   89.40200    8 2099  364.88623   84.29763  76.9%   702  236s
    39    42   89.41901   11 2089  364.88623   84.30868  76.9%   529  247s
    43    51   89.42130   12 2088  364.88623   84.31034  76.9%   483  281s
    64    72   89.47963   18 2087  364.88623   84.31034  76.9%   414  288s
    89   107   89.58752   23 2029  364.88623   84.31034  76.9%   343  291s
H  108   111                     364.8856120   84.31034  76.9%   298  304s
H  109   111                     364.8856118   84.31034  76.9%   297  304s
H  110   111                     311.9450522   84.31034  73.0%   294  304s
   112   132   89.88128   29 2037  311.94505   84.31034  73.0%   291  305s
H  133   136                     308.0399758   84.31034  72.6%   279  309s
H  136   136                     220.7366242   84.31034  61.8%   273  309s
   137   146   90.51701   35 1979  220.73662   84.31034  61.8%   273  310s
H  139   146                     219.2657733   84.31034  61.5%   273  310s
H  173   176                     217.8487622   84.31034  61.3%   241  322s
H  175   176                     217.8487621   84.31034  61.3%   246  323s
   177   209   90.25761   43 1877  217.84876   84.31034  61.3%   247  325s
H  210   213                     216.2988846   84.31034  61.0%   228  407s
H  210   213                     166.7038695   84.31034  49.4%   228  407s
   214   217   91.96723   50 1834  166.70387   84.31034  49.4%   224  413s
H  217   217                     166.6799856   84.31034  49.4%   222  413s
H  218   221                     166.6725769   84.31034  49.4%   222  419s
H  219   221                     165.1558415   84.31034  49.0%   221  419s
   222   266   91.97329   52 1833  165.15584   84.31034  49.0%   224  421s
H  270   259                     162.5471696   84.31034  48.1%   195  503s
H  271   259                     160.1143468   84.31034  47.3%   194  503s
H  273   223                      89.2166883   84.31034  5.50%   193  503s
   274   220     cutoff   65        89.21669   84.37303  5.43%   192  505s
   302   216   84.95562   14 2053   89.21669   84.37303  5.43%   202  511s
H  305   216                      88.2519084   84.37303  4.40%   205  511s
   329   225   85.37507   15 2041   88.25191   84.37303  4.40%   216  517s
H  333   236                      88.2519084   84.37303  4.40%   214  523s
   348   257   84.92606   17 2224   88.25191   84.37303  4.40%   208  526s
   388   225   84.96134   21 2179   88.25191   84.37303  4.40%   197  533s
H  390   225                      88.2077967   84.37303  4.35%   196  533s
   392   255   84.98297   22 2176   88.20780   84.37303  4.35%   196  538s
H  397   255                      87.7586911   84.37303  3.86%   194  538s
H  427   228                      87.7545194   84.37303  3.85%   186  545s
H  428   228                      87.7486745   84.37303  3.85%   185  545s
H  438   228                      87.7440723   84.37303  3.84%   182  545s
   495   223   85.10181   49 1778   87.74407   84.37303  3.84%   175  556s
H  496   223                      87.7137803   84.37303  3.81%   174  556s
   499   227   85.10331   50 1786   87.71378   84.37303  3.81%   174  562s
H  506   227                      87.6345936   84.37303  3.72%   172  562s
   507   297   85.10207   49 1781   87.63459   84.37303  3.72%   171  574s
H  524   296                      87.6181268   84.37303  3.70%   167  574s
H  579   300                      87.6143616   84.37303  3.70%   157  579s
   583   365   85.18521   67 1732   87.61436   84.37303  3.70%   156  585s
H  591   365                      87.6002704   84.37303  3.68%   155  585s
   648   369   85.23899   74 1547   87.60027   84.37303  3.68%   147  592s
H  649   369                      87.5224914   84.37303  3.60%   147  592s
   652   430   85.23812   75 1543   87.52249   84.37303  3.60%   147  597s
   716   437   85.29267   84 1416   87.52249   84.37303  3.60%   140  602s
   723   536   85.29884   85 1415   87.52249   84.37303  3.60%   138  613s
H  748   536                      87.5159078   84.37303  3.59%   134  613s
H  774   536                      87.5143094   84.37303  3.59%   130  613s
   827   585   85.38538   99 1354   87.51431   84.37303  3.59%   123  618s
   878   610   85.41672  101 1347   87.51431   84.37303  3.59%   118  623s
   904   688   85.46322  109 1308   87.51431   84.37303  3.59%   116  632s
   984   714   85.50019  121 1272   87.51431   84.37303  3.59%   108  638s
  1012   904   85.51059  123 1272   87.51431   84.37303  3.59%   105  642s
H 1035   904                      87.5038848   84.37303  3.58%   103  642s
H 1087   903                      87.5015328   84.37303  3.58%  98.8  642s
H 1216   903                      87.4939324   84.37303  3.57%  89.7  648s
  1217   904   85.38068   94 2239   87.49393   84.37303  3.57%  89.6  659s
  1219   905   85.15150   45 1512   87.49393   84.37303  3.57%  89.5  666s
  1220   906   85.25681   22 2133   87.49393   84.37303  3.57%  89.4  676s
  1221   907   85.37861   92 2191   87.49393   84.37303  3.57%  89.3  681s
  1223   908   85.46802  111 2219   87.49393   84.37303  3.57%  89.2  686s
  1225   909   85.52247  102 2271   87.49393   84.61049  3.30%  89.0  693s
  1226   910   85.89343  174 2278   87.49393   84.68987  3.20%  89.0  695s
  1229   912   85.19081   25 2226   87.49393   84.71424  3.18%  88.7  700s
  1231   913   86.81336  129 2225   87.49393   84.78264  3.10%  88.6  706s
  1233   915   85.32940   91 2164   87.49393   84.79083  3.09%  88.5  710s
  1235   916   85.50881  121 2271   87.49393   84.96947  2.89%  88.3  716s
H 1236   870                      87.1753748   84.96947  2.53%  88.2  764s
  1238   872 infeasible   15        87.17537   84.96947  2.53%   115  772s
  1242   871     cutoff   17        87.17537   84.97787  2.52%   119  777s
  1246   875   85.31747   19 2396   87.17537   85.25253  2.21%   121  781s
  1254   881   85.36143   21 2250   87.17537   85.30196  2.15%   125  785s
H 1262   842                      87.1533784   85.30196  2.12%   127  793s
  1266   845   85.41257   24 2099   87.15338   85.30196  2.12%   127  796s
H 1300   826                      87.1533783   85.30196  2.12%   127  818s
  1314   842   85.48634   34 1895   87.15338   85.30196  2.12%   127  820s
  1340   862   85.54876   42 1753   87.15338   85.30196  2.12%   128  825s
  1372   876   85.58065   49 1671   87.15338   85.30196  2.12%   126  830s
H 1390   850                      87.1533691   85.30196  2.12%   126  834s
H 1397   811                      87.1493461   85.30196  2.12%   126  834s
  1398   822   85.58572   54 1674   87.14935   85.30196  2.12%   126  838s
H 1404   784                      87.1492889   85.30196  2.12%   125  838s
  1409   791   85.58724   57 1675   87.14929   85.30196  2.12%   125  840s
H 1415   755                      87.1492780   85.30196  2.12%   125  840s
  1454   782   85.66541   67 1627   87.14928   85.30196  2.12%   122  845s
H 1492   774                      87.1180530   85.30196  2.08%   121  865s
H 1492   743                      86.7888245   85.30196  1.71%   121  865s
H 1494   704                      86.2934196   85.30196  1.15%   121  865s
  1519   708   85.75135   75 1391   86.29342   85.30196  1.15%   120  873s
  1526   713   85.75753   77 1385   86.29342   85.30196  1.15%   120  878s
  1533   745   85.75826   78 1374   86.29342   85.30196  1.15%   121  880s
H 1579   723                      86.2933304   85.30196  1.15%   119  883s
  1592   750   85.79891   90 1393   86.29333   85.30196  1.15%   118  893s
H 1600   718                      86.2512676   85.30196  1.10%   117  893s
H 1624   690                      86.2512245   85.30196  1.10%   117  896s
H 1625   666                      86.2512090   85.30196  1.10%   117  896s
H 1628   643                      86.2511881   85.30196  1.10%   117  896s
  1651   677   85.83464  103 1281   86.25119   85.30196  1.10%   115  903s
H 1659   653                      86.2511178   85.30196  1.10%   115  903s
  1672   693   85.85151  106 1274   86.25112   85.30196  1.10%   114  906s
H 1722   660                      86.2487518   85.30196  1.10%   112  917s
  1726   670   85.85935  111 1256   86.24875   85.30196  1.10%   112  925s
H 1779   714                      86.2487208   85.30196  1.10%   109  931s
H 1807   685                      86.2487185   85.30196  1.10%   108  931s
H 1810   667                      86.2487010   85.30196  1.10%   107  931s
  1822   682   85.88757  133 1201   86.24870   85.30196  1.10%   107  944s
H 1826   664                      86.2427587   85.30196  1.09%   107  944s
  1842   663   85.89531  138 1194   86.24276   85.30196  1.09%   106  961s
  1918   716   85.91360  153 1128   86.24276   85.30196  1.09%   102  969s
H 1924   698                      86.2427123   85.30196  1.09%   102  969s
  1932   731   85.91533  159 1109   86.24271   85.30196  1.09%   101  983s
H 1941   714                      86.2427046   85.30196  1.09%   101  983s
  1968   753   85.91996  168 1056   86.24270   85.30196  1.09%   100  989s
H 2002   726                      86.2426516   85.30196  1.09%  98.5  989s
  2028   749   85.93606  178 1034   86.24265   85.30196  1.09%  98.5 1001s
  2064   790   85.94099  183 1022   86.24265   85.30196  1.09%  97.6 1008s
H 2089   790                      86.2426421   85.30196  1.09%  96.6 1008s
  2109   856   85.96401  197 1014   86.24264   85.30196  1.09%  96.0 1013s
H 2164   856                      86.2426381   85.30196  1.09%  93.8 1013s
H 2171   856                      86.2416438   85.30196  1.09%  93.6 1013s
  2180   913   85.97787  207  987   86.24164   85.30196  1.09%  94.2 1020s
H 2242   913                      86.2416438   85.30196  1.09%  91.8 1020s
H 2249   993                      86.2416092   85.30196  1.09%  93.3 1025s
H 2271   993                      86.2415726   85.30196  1.09%  92.5 1025s
H 2288   993                      86.2415395   85.30196  1.09%  91.9 1025s
  2330  1041 infeasible  236        86.24154   85.30196  1.09%  91.5 1034s
H 2331  1041                      86.2415333   85.30196  1.09%  91.4 1034s
H 2336  1041                      86.2415312   85.30196  1.09%  91.3 1034s
  2382  1115   86.00205  238  933   86.24153   85.30196  1.09%  90.0 1044s
H 2400  1115                      86.2411086   85.30196  1.09%  89.4 1044s
H 2458  1115                      86.2408837   85.30196  1.09%  87.6 1044s
  2459  1151   86.01299  248  920   86.24088   85.30196  1.09%  87.5 1051s
  2497  1183   86.01668  257  890   86.24088   85.30196  1.09%  86.4 1064s
H 2500  1183                      86.2386434   85.30196  1.09%  86.3 1064s
  2531  1256   86.02053  261  889   86.23864   85.30196  1.09%  85.5 1096s
H 2549  1256                      86.2386431   85.30196  1.09%  84.9 1096s
H 2587  1256                      86.2386406   85.30196  1.09%  83.7 1096s
  2607  1333   86.02726  264  925   86.23864   85.30196  1.09%  83.2 1108s
H 2627  1333                      86.2354814   85.30196  1.08%  82.9 1108s
H 2693  1337                      86.2354811   85.30196  1.08%  81.0 1139s
H 2694  1337                      86.2354748   85.30196  1.08%  81.0 1139s
H 2697  1362                      86.2354746   85.30196  1.08%  80.9 1150s
H 2700  1362                      86.2354638   85.30196  1.08%  80.8 1150s
H 2720  1359                      86.2285291   85.30196  1.07%  80.3 1150s
  2725  1363   86.06619  268  893   86.22853   85.30196  1.07%  80.2 1180s
H 2726  1363                      86.2285290   85.30196  1.07%  80.2 1180s
H 2729  1453                      86.2285289   85.30196  1.07%  80.1 1204s
H 2730  1453                      86.2285287   85.30196  1.07%  80.0 1204s
H 2757  1453                      86.2285287   85.30196  1.07%  79.4 1204s
  2829  1671   86.08646  281  870   86.22853   85.30196  1.07%  78.1 1215s
H 3077  1672                      86.2277157   85.30196  1.07%  73.4 1298s
H 3078  1672                      86.2270677   85.30196  1.07%  73.4 1298s
H 3078  1672                      86.2265675   85.30196  1.07%  73.4 1298s
H 3079  1669                      86.2129101   85.30196  1.06%  73.4 1298s
  3083  1770   86.10207  310  854   86.21291   85.30196  1.06%  73.3 1346s
  3206  1789   86.13200  320  857   86.21291   85.30196  1.06%  76.8 1358s
H 3227  1853                      86.2129099   85.30196  1.06%  76.4 1427s
H 3230  1853                      86.2129097   85.30196  1.06%  76.4 1427s
H 3269  1853                      86.2129097   85.30196  1.06%  76.2 1427s
  3301  2001   86.16232  327  913   86.21291   85.31747  1.04%  75.8 1442s
  3534  2171   85.46466   22 2203   86.21291   85.31747  1.04%  73.1 1454s
  3720  2302   85.62495   42 1983   86.21291   85.31747  1.04%  71.7 1467s
  3873  2418   85.70522   58 1774   86.21291   85.31747  1.04%  70.0 1481s
  4034  2426   85.72666   59 1764   86.21291   85.31747  1.04%  68.3 1503s
  4046  2642   85.73738   62 1723   86.21291   85.31747  1.04%  68.2 1529s
  4281  2671   85.81881  100 1302   86.21291   85.31747  1.04%  67.1 1554s
H 4308  2671                      86.2128763   85.31747  1.04%  67.6 1554s
  4314  2838   85.84314  101 1301   86.21288   85.31747  1.04%  67.5 1576s
H 4501  2837                      86.2121667   85.31747  1.04%  66.6 1576s
  4502  2892   86.06433  159 1060   86.21217   85.33009  1.02%  66.6 1675s
H 4527  2892                      86.2121665   85.33009  1.02%  66.7 1675s
H 4581  2892                      86.2121596   85.33009  1.02%  67.5 1675s
  4582  2998   85.39788   24 2041   86.21216   85.33009  1.02%  67.8 1696s
H 4583  2987                      86.2079393   85.33009  1.02%  67.8 1696s
H 4583  2985                      86.2063092   85.33009  1.02%  67.8 1696s
  4715  2989   85.39866   25 2047   86.20631   85.33009  1.02%  66.9 1715s
  4743  3127   85.49577   29 2042   86.20631   85.33009  1.02%  66.7 1737s
  4973  3288   85.70019   64 1704   86.20631   85.33009  1.02%  66.6 1757s
H 5020  3288                      86.2063091   85.33009  1.02%  66.5 1757s
  5164  3534   85.87591   99 1326   86.20631   85.33009  1.02%  66.4 1776s
  5431  3802   85.98208  162 1099   86.20631   85.33009  1.02%  65.2 1795s
H 5499  3802                      86.2063024   85.33009  1.02%  64.5 1795s
H 5725  3953                      86.2063024   85.33009  1.02%  63.7 1842s
  5894  4265   86.07198  286  847   86.20630   85.33009  1.02%  62.5 1863s
H 6000  4265                      86.2059330   85.33009  1.02%  61.5 1863s
H 6288  4299                      86.2059330   85.33009  1.02%  61.5 1886s
  6340  4546   86.19919  425  651   86.20593   85.34359  1.00%  61.5 1903s
  6654  4550   86.16685   33 1979   86.20593   85.34359  1.00%  61.5 1943s
  6658  4783     cutoff   34        86.20593   85.34586  1.00%  61.4 1963s
H 6728  4783                      86.2059330   85.34586  1.00%  62.2 1963s
H 6773  4773                      86.2020874   85.34586  0.99%  61.9 1963s

Cutting planes:
  Learned: 49
  Gomory: 20
  Cover: 198
  Implied bound: 430
  Clique: 112
  MIR: 686
  StrongCG: 1
  Flow cover: 1520
  GUB cover: 2
  Zero half: 7
  RLT: 926
  Relax-and-lift: 374

Explored 6937 nodes (453614 simplex iterations) in 1963.27 seconds
Thread count was 4 (of 32 available processors)

Solution count 10: 86.2021 86.2059 86.2059 ... 86.2122

Optimal solution found (tolerance 1.00e-02)
Best objective 8.620208736047e+01, best bound 8.534585974143e+01, gap 0.9933%

Gurobi 9.1.0 (linux64) logging started Wed Jan  5 05:56:45 2022

Changed value of parameter LogFile to eab_parasitoid_0.4_2_2_bud.log
   Prev:   Default: 
Changed value of parameter MIPGap to 0.01
   Prev: 0.0001  Min: 0.0  Max: inf  Default: 0.0001
Changed value of parameter MIPFocus to 1
   Prev: 0  Min: 0  Max: 3  Default: 0
Changed value of parameter RINS to 100
   Prev: -1  Min: -1  Max: 2000000000  Default: -1
Changed value of parameter TimeLimit to 28800.0
   Prev: inf  Min: 0.0  Max: inf  Default: inf
Changed value of parameter NodeFileStart to 10000.0
   Prev: inf  Min: 0.0  Max: inf  Default: inf
Changed value of parameter Threads to 4
   Prev: 0  Min: 0  Max: 1024  Default: 0
Changed value of parameter Heuristics to 1.0
   Prev: 0.05  Min: 0.0  Max: 1.0  Default: 0.05
Gurobi Optimizer version 9.1.0 build v9.1.0rc0 (linux64)
Thread count: 32 physical cores, 32 logical processors, using up to 4 threads
Optimize a model with 381543 rows, 174513 columns and 1305866 nonzeros
Model fingerprint: 0x7856124e
Variable types: 77367 continuous, 97146 integer (97146 binary)
Coefficient statistics:
  Matrix range     [1e-04, 6e+03]
  Objective range  [1e-06, 1e-01]
  Bounds range     [1e+00, 6e+03]
  RHS range        [1e-04, 7e+03]

User MIP start produced solution with objective 624.641 (6.39s)
User MIP start produced solution with objective 624.599 (6.50s)
User MIP start produced solution with objective 624.454 (6.97s)
User MIP start produced solution with objective 623.894 (7.32s)
Loaded user MIP start with objective 623.894
Processed MIP start in 7.35 seconds

Presolve removed 245069 rows and 90623 columns (presolve time = 5s) ...
Presolve removed 257985 rows and 103386 columns
Presolve time: 6.41s
Presolved: 123558 rows, 71127 columns, 633073 nonzeros
Variable types: 32554 continuous, 38573 integer (38573 binary)

Deterministic concurrent LP optimizer: primal and dual simplex (primal and dual model)
Showing first log only...

Presolve removed 78 rows and 67 columns
Presolved: 123480 rows, 71060 columns, 632858 nonzeros


Root simplex log...

Iteration    Objective       Primal Inf.    Dual Inf.      Time
       0    9.3132979e+01   3.857044e+02   2.473204e+09     14s
Concurrent spin time: 0.06s

Solved with dual simplex (primal model)

Root relaxation: objective 8.137687e+01, 6164 iterations, 1.04 seconds

    Nodes    |    Current Node    |     Objective Bounds      |     Work
 Expl Unexpl |  Obj  Depth IntInf | Incumbent    BestBd   Gap | It/Node Time

     0     0   81.37687    0 1562  623.89429   81.37687  87.0%     -   21s
     0     0   82.54309    0 1877  623.89429   82.54309  86.8%     -   27s
     0     0   82.57898    0 2055  623.89429   82.57898  86.8%     -   31s
     0     0   82.58086    0 2071  623.89429   82.58086  86.8%     -   31s
     0     0   82.58087    0 2078  623.89429   82.58087  86.8%     -   32s
     0     0   82.81273    0 2470  623.89429   82.81273  86.7%     -   37s
H    0     0                     603.8141279   82.81273  86.3%     -   40s
     0     0   82.82141    0 2528  603.81413   82.82141  86.3%     -   42s
     0     0   82.82151    0 2493  603.81413   82.82151  86.3%     -   42s
     0     0   83.33802    0 2324  603.81413   83.33802  86.2%     -   49s
     0     0   83.59794    0 2376  603.81413   83.59794  86.2%     -   51s
     0     0   83.60443    0 2369  603.81413   83.60443  86.2%     -   52s
     0     0   83.60604    0 2373  603.81413   83.60604  86.2%     -   53s
     0     0   83.60616    0 2371  603.81413   83.60616  86.2%     -   53s
     0     0   83.69333    0 2237  603.81413   83.69333  86.1%     -   57s
     0     0   83.70766    0 2240  603.81413   83.70766  86.1%     -   60s
     0     0   83.71116    0 2215  603.81413   83.71116  86.1%     -   61s
     0     0   83.72492    0 2212  603.81413   83.72492  86.1%     -   62s
     0     0   83.72902    0 2156  603.81413   83.72902  86.1%     -   62s
     0     0   83.72907    0 2181  603.81413   83.72907  86.1%     -   63s
     0     0   83.73484    0 2239  603.81413   83.73484  86.1%     -   66s
H    0     0                     548.6918380   83.73484  84.7%     -   69s
H    0     0                     458.8372224   83.73484  81.8%     -  170s
     0     2   83.73484    0 2239  458.83722   83.73484  81.8%     -  174s
     1     4   88.54277    1 2129  458.83722   83.73484  81.8%  4214  177s
     3     6   89.23325    2 2121  458.83722   83.78747  81.7%  2219  180s
    15    18   89.38087    5 2135  458.83722   84.27303  81.6%  1036  185s
H   19    22                     458.7028861   84.29061  81.6%   854  189s
H   23    26                     393.1881048   84.29434  78.6%   799  194s
H   25    26                     364.8862308   84.29763  76.9%   736  194s
    27    30   89.40200    8 2099  364.88623   84.29763  76.9%   702  239s
    31    38   89.41061    9 2098  364.88623   84.30414  76.9%   647  240s
    39    42   89.41901   11 2089  364.88623   84.30868  76.9%   529  250s
    43    51   89.42130   12 2088  364.88623   84.31034  76.9%   483  283s
    52    63   89.43255   15 2096  364.88623   84.31034  76.9%   485  287s
    64    72   89.47963   18 2087  364.88623   84.31034  76.9%   414  291s
H  108   111                     364.8856120   84.31034  76.9%   298  307s
H  109   111                     364.8856118   84.31034  76.9%   297  307s
H  110   111                     311.9450522   84.31034  73.0%   294  307s
H  133   136                     308.0399758   84.31034  72.6%   279  312s
H  136   136                     220.7366242   84.31034  61.8%   273  312s
H  139   146                     219.2657733   84.31034  61.5%   273  314s
   147   172   90.04771   36 2042  219.26577   84.31034  61.5%   263  316s
H  173   176                     217.8487622   84.31034  61.3%   241  326s
H  175   176                     217.8487621   84.31034  61.3%   246  326s
H  210   213                     216.2988846   84.31034  61.0%   228  410s
H  210   213                     166.7038695   84.31034  49.4%   228  410s
   214   217   91.96723   50 1834  166.70387   84.31034  49.4%   224  415s
H  217   217                     166.6799856   84.31034  49.4%   222  415s
H  218   221                     166.6725769   84.31034  49.4%   222  422s
H  219   221                     165.1558415   84.31034  49.0%   221  422s
H  270   259                     162.5471696   84.31034  48.1%   195  505s
H  271   259                     160.1143468   84.31034  47.3%   194  505s
H  273   223                      89.2166883   84.31034  5.50%   193  505s
   302   216   84.95562   14 2053   89.21669   84.37303  5.43%   202  513s
H  305   216                      88.2519084   84.37303  4.40%   205  513s
   306   238   84.53689   14 2233   88.25191   84.37303  4.40%   210  515s
   329   225   85.37507   15 2041   88.25191   84.37303  4.40%   216  520s
H  333   236                      88.2519084   84.37303  4.40%   214  525s
   388   225   84.96134   21 2179   88.25191   84.37303  4.40%   197  535s
H  390   225                      88.2077967   84.37303  4.35%   196  535s
   392   255   84.98297   22 2176   88.20780   84.37303  4.35%   196  541s
H  397   255                      87.7586911   84.37303  3.86%   194  541s
H  427   228                      87.7545194   84.37303  3.85%   186  547s
H  428   228                      87.7486745   84.37303  3.85%   185  547s
H  438   228                      87.7440723   84.37303  3.84%   182  547s
   444   267   85.04821   32 2009   87.74407   84.37303  3.84%   187  550s
   495   223   85.10181   49 1778   87.74407   84.37303  3.84%   175  558s
H  496   223                      87.7137803   84.37303  3.81%   174  558s
   499   227   85.10331   50 1786   87.71378   84.37303  3.81%   174  564s
H  506   227                      87.6345936   84.37303  3.72%   172  564s
   507   297   85.10207   49 1781   87.63459   84.37303  3.72%   171  575s
H  524   296                      87.6181268   84.37303  3.70%   167  575s
H  579   300                      87.6143616   84.37303  3.70%   157  581s
   583   365   85.18521   67 1732   87.61436   84.37303  3.70%   156  587s
H  591   365                      87.6002704   84.37303  3.68%   155  587s
   648   369   85.23899   74 1547   87.60027   84.37303  3.68%   147  595s
H  649   369                      87.5224914   84.37303  3.60%   147  595s
   652   430   85.23812   75 1543   87.52249   84.37303  3.60%   147  600s
   723   536   85.29884   85 1415   87.52249   84.37303  3.60%   138  615s
H  748   536                      87.5159078   84.37303  3.59%   134  615s
H  774   536                      87.5143094   84.37303  3.59%   130  615s
   827   585   85.38538   99 1354   87.51431   84.37303  3.59%   123  620s
   878   610   85.41672  101 1347   87.51431   84.37303  3.59%   118  625s
   904   688   85.46322  109 1308   87.51431   84.37303  3.59%   116  635s
   984   714   85.50019  121 1272   87.51431   84.37303  3.59%   108  641s
  1012   904   85.51059  123 1272   87.51431   84.37303  3.59%   105  645s
H 1035   904                      87.5038848   84.37303  3.58%   103  645s
H 1087   903                      87.5015328   84.37303  3.58%  98.8  645s
H 1216   903                      87.4939324   84.37303  3.57%  89.7  652s
  1217   904   85.38068   94 2239   87.49393   84.37303  3.57%  89.6  662s
  1219   905   85.15150   45 1512   87.49393   84.37303  3.57%  89.5  670s
  1220   906   85.25681   22 2133   87.49393   84.37303  3.57%  89.4  681s
  1221   907   85.37861   92 2191   87.49393   84.37303  3.57%  89.3  687s
  1222   907   85.60988  122 2318   87.49393   84.37303  3.57%  89.3  691s
  1224   909   85.61830  129 2247   87.49393   84.48460  3.44%  89.1  695s
  1225   909   85.52247  102 2271   87.49393   84.61049  3.30%  89.0  700s
  1229   912   85.19081   25 2226   87.49393   84.71424  3.18%  88.7  707s
  1230   913   85.62604  143 2162   87.49393   84.76943  3.11%  88.7  712s
  1232   914   85.44640   90 2186   87.49393   84.78906  3.09%  88.5  715s
  1234   915   86.15250  246 2400   87.49393   84.80822  3.07%  88.4  722s
  1236   917   85.32111   85 2285   87.49393   84.96947  2.89%  88.2  726s
H 1236   870                      87.1753748   84.96947  2.53%  88.2  773s
  1238   872 infeasible   15        87.17537   84.96947  2.53%   115  782s
  1242   871     cutoff   17        87.17537   84.97787  2.52%   119  786s
  1246   875   85.31747   19 2396   87.17537   85.25253  2.21%   121  791s
  1258   883   85.40123   22 2113   87.17537   85.30196  2.15%   126  796s
H 1262   842                      87.1533784   85.30196  2.12%   127  802s
  1266   845   85.41257   24 2099   87.15338   85.30196  2.12%   127  806s
H 1300   826                      87.1533783   85.30196  2.12%   127  828s
  1324   850   85.50694   38 1875   87.15338   85.30196  2.12%   128  830s
  1340   862   85.54876   42 1753   87.15338   85.30196  2.12%   128  835s
  1378   886   85.58120   49 1683   87.15338   85.30196  2.12%   126  840s
H 1390   850                      87.1533691   85.30196  2.12%   126  843s
H 1397   811                      87.1493461   85.30196  2.12%   126  843s
  1398   822   85.58572   54 1674   87.14935   85.30196  2.12%   126  847s
H 1404   784                      87.1492889   85.30196  2.12%   125  847s
H 1415   755                      87.1492780   85.30196  2.12%   125  849s
  1418   769   85.59676   59 1674   87.14928   85.30196  2.12%   124  851s
  1454   782   85.66541   67 1627   87.14928   85.30196  2.12%   122  855s
H 1492   774                      87.1180530   85.30196  2.08%   121  874s
H 1492   743                      86.7888245   85.30196  1.71%   121  874s
H 1494   704                      86.2934196   85.30196  1.15%   121  874s
  1496   711   85.88040   70 1397   86.29342   85.30196  1.15%   121  879s
  1519   708   85.75135   75 1391   86.29342   85.30196  1.15%   120  883s
  1526   713   85.75753   77 1385   86.29342   85.30196  1.15%   120  887s
  1569   755   85.78050   86 1340   86.29342   85.30196  1.15%   119  892s
H 1579   723                      86.2933304   85.30196  1.15%   119  892s
  1592   750   85.79891   90 1393   86.29333   85.30196  1.15%   118  902s
H 1600   718                      86.2512676   85.30196  1.10%   117  902s
H 1624   690                      86.2512245   85.30196  1.10%   117  905s
H 1625   666                      86.2512090   85.30196  1.10%   117  905s
H 1628   643                      86.2511881   85.30196  1.10%   117  905s
  1651   677   85.83464  103 1281   86.25119   85.30196  1.10%   115  913s
H 1659   653                      86.2511178   85.30196  1.10%   115  913s
  1672   693   85.85151  106 1274   86.25112   85.30196  1.10%   114  915s
H 1722   660                      86.2487518   85.30196  1.10%   112  926s
  1726   670   85.85935  111 1256   86.24875   85.30196  1.10%   112  934s
  1738   705   85.86806  112 1280   86.24875   85.30196  1.10%   111  937s
H 1779   714                      86.2487208   85.30196  1.10%   109  940s
H 1807   685                      86.2487185   85.30196  1.10%   108  940s
H 1810   667                      86.2487010   85.30196  1.10%   107  940s
  1822   682   85.88757  133 1201   86.24870   85.30196  1.10%   107  953s
H 1826   664                      86.2427587   85.30196  1.09%   107  953s
  1842   663   85.89531  138 1194   86.24276   85.30196  1.09%   106  969s
  1846   727   85.89534  139 1194   86.24276   85.30196  1.09%   106  973s
  1918   716   85.91360  153 1128   86.24276   85.30196  1.09%   102  978s
H 1924   698                      86.2427123   85.30196  1.09%   102  978s
  1932   731   85.91533  159 1109   86.24271   85.30196  1.09%   101  992s
H 1941   714                      86.2427046   85.30196  1.09%   101  992s
  1968   753   85.91996  168 1056   86.24270   85.30196  1.09%   100  998s
H 2002   726                      86.2426516   85.30196  1.09%  98.5  998s
  2028   749   85.93606  178 1034   86.24265   85.30196  1.09%  98.5 1009s
  2064   790   85.94099  183 1022   86.24265   85.30196  1.09%  97.6 1016s
H 2089   790                      86.2426421   85.30196  1.09%  96.6 1016s
  2109   856   85.96401  197 1014   86.24264   85.30196  1.09%  96.0 1021s
H 2164   856                      86.2426381   85.30196  1.09%  93.8 1021s
H 2171   856                      86.2416438   85.30196  1.09%  93.6 1021s
  2180   913   85.97787  207  987   86.24164   85.30196  1.09%  94.2 1028s
H 2242   913                      86.2416438   85.30196  1.09%  91.8 1028s
H 2249   993                      86.2416092   85.30196  1.09%  93.3 1033s
H 2271   993                      86.2415726   85.30196  1.09%  92.5 1033s
H 2288   993                      86.2415395   85.30196  1.09%  91.9 1033s
  2330  1041 infeasible  236        86.24154   85.30196  1.09%  91.5 1041s
H 2331  1041                      86.2415333   85.30196  1.09%  91.4 1041s
H 2336  1041                      86.2415312   85.30196  1.09%  91.3 1041s
  2382  1115   86.00205  238  933   86.24153   85.30196  1.09%  90.0 1051s
H 2400  1115                      86.2411086   85.30196  1.09%  89.4 1051s
H 2458  1115                      86.2408837   85.30196  1.09%  87.6 1051s
  2459  1151   86.01299  248  920   86.24088   85.30196  1.09%  87.5 1058s
  2497  1183   86.01668  257  890   86.24088   85.30196  1.09%  86.4 1071s
H 2500  1183                      86.2386434   85.30196  1.09%  86.3 1071s
  2531  1256   86.02053  261  889   86.23864   85.30196  1.09%  85.5 1106s
H 2549  1256                      86.2386431   85.30196  1.09%  84.9 1106s
H 2587  1256                      86.2386406   85.30196  1.09%  83.7 1106s
  2607  1333   86.02726  264  925   86.23864   85.30196  1.09%  83.2 1118s
H 2627  1333                      86.2354814   85.30196  1.08%  82.9 1118s
H 2693  1337                      86.2354811   85.30196  1.08%  81.0 1151s
H 2694  1337                      86.2354748   85.30196  1.08%  81.0 1151s
H 2697  1362                      86.2354746   85.30196  1.08%  80.9 1162s
H 2700  1362                      86.2354638   85.30196  1.08%  80.8 1162s
H 2720  1359                      86.2285291   85.30196  1.07%  80.3 1162s
  2725  1363   86.06619  268  893   86.22853   85.30196  1.07%  80.2 1196s
H 2726  1363                      86.2285290   85.30196  1.07%  80.2 1196s
H 2729  1453                      86.2285289   85.30196  1.07%  80.1 1223s
H 2730  1453                      86.2285287   85.30196  1.07%  80.0 1223s
H 2757  1453                      86.2285287   85.30196  1.07%  79.4 1223s
  2829  1671   86.08646  281  870   86.22853   85.30196  1.07%  78.1 1235s
H 3077  1672                      86.2277157   85.30196  1.07%  73.4 1324s
H 3078  1672                      86.2270677   85.30196  1.07%  73.4 1324s
H 3078  1672                      86.2265675   85.30196  1.07%  73.4 1324s
H 3079  1669                      86.2129101   85.30196  1.06%  73.4 1324s
  3083  1770   86.10207  310  854   86.21291   85.30196  1.06%  73.3 1372s
  3206  1789   86.13200  320  857   86.21291   85.30196  1.06%  76.8 1384s
H 3227  1853                      86.2129099   85.30196  1.06%  76.4 1455s
H 3230  1853                      86.2129097   85.30196  1.06%  76.4 1455s
H 3269  1853                      86.2129097   85.30196  1.06%  76.2 1455s
  3301  2001   86.16232  327  913   86.21291   85.31747  1.04%  75.8 1470s
  3534  2171   85.46466   22 2203   86.21291   85.31747  1.04%  73.1 1482s
  3720  2302   85.62495   42 1983   86.21291   85.31747  1.04%  71.7 1495s
  3873  2418   85.70522   58 1774   86.21291   85.31747  1.04%  70.0 1510s
  4034  2426   85.72666   59 1764   86.21291   85.31747  1.04%  68.3 1531s
  4046  2642   85.73738   62 1723   86.21291   85.31747  1.04%  68.2 1557s
  4281  2671   85.81881  100 1302   86.21291   85.31747  1.04%  67.1 1582s
H 4308  2671                      86.2128763   85.31747  1.04%  67.6 1582s
  4314  2838   85.84314  101 1301   86.21288   85.31747  1.04%  67.5 1605s
H 4501  2837                      86.2121667   85.31747  1.04%  66.6 1605s
  4502  2892   86.06433  159 1060   86.21217   85.33009  1.02%  66.6 1704s
H 4527  2892                      86.2121665   85.33009  1.02%  66.7 1705s
H 4581  2892                      86.2121596   85.33009  1.02%  67.5 1705s
  4582  2998   85.39788   24 2041   86.21216   85.33009  1.02%  67.8 1725s
H 4583  2987                      86.2079393   85.33009  1.02%  67.8 1726s
H 4583  2985                      86.2063092   85.33009  1.02%  67.8 1726s
  4715  2989   85.39866   25 2047   86.20631   85.33009  1.02%  66.9 1746s
  4743  3127   85.49577   29 2042   86.20631   85.33009  1.02%  66.7 1767s
  4973  3288   85.70019   64 1704   86.20631   85.33009  1.02%  66.6 1786s
H 5020  3288                      86.2063091   85.33009  1.02%  66.5 1786s
  5164  3534   85.87591   99 1326   86.20631   85.33009  1.02%  66.4 1805s
  5431  3802   85.98208  162 1099   86.20631   85.33009  1.02%  65.2 1824s
H 5499  3802                      86.2063024   85.33009  1.02%  64.5 1824s
H 5725  3953                      86.2063024   85.33009  1.02%  63.7 1869s
  5894  4265   86.07198  286  847   86.20630   85.33009  1.02%  62.5 1890s
H 6000  4265                      86.2059330   85.33009  1.02%  61.5 1890s
H 6288  4299                      86.2059330   85.33009  1.02%  61.5 1913s
  6340  4546   86.19919  425  651   86.20593   85.34359  1.00%  61.5 1930s
  6654  4550   86.16685   33 1979   86.20593   85.34359  1.00%  61.5 1974s
  6658  4783     cutoff   34        86.20593   85.34586  1.00%  61.4 1994s
H 6728  4783                      86.2059330   85.34586  1.00%  62.2 1994s
H 6773  4773                      86.2020874   85.34586  0.99%  61.9 1994s

Cutting planes:
  Learned: 49
  Gomory: 20
  Cover: 198
  Implied bound: 430
  Clique: 112
  MIR: 686
  StrongCG: 1
  Flow cover: 1520
  GUB cover: 2
  Zero half: 7
  RLT: 926
  Relax-and-lift: 374

Explored 6937 nodes (453614 simplex iterations) in 1994.18 seconds
Thread count was 4 (of 32 available processors)

Solution count 10: 86.2021 86.2059 86.2059 ... 86.2122

Optimal solution found (tolerance 1.00e-02)
Best objective 8.620208736047e+01, best bound 8.534585974143e+01, gap 0.9933%
