
Gurobi 9.1.0 (linux64) logging started Wed Aug  4 15:23:25 2021

Changed value of parameter LogFile to eab_parasitoid_0_1_0.4_bud.log
   Prev:   Default: 
Changed value of parameter MIPGap to 0.01
   Prev: 0.0001  Min: 0.0  Max: inf  Default: 0.0001
Changed value of parameter Method to 2
   Prev: -1  Min: -1  Max: 5  Default: -1
Changed value of parameter MIPFocus to 2
   Prev: 0  Min: 0  Max: 3  Default: 0
Changed value of parameter RINS to 100
   Prev: -1  Min: -1  Max: 2000000000  Default: -1
Gurobi Optimizer version 9.1.0 build v9.1.0rc0 (linux64)
Thread count: 32 physical cores, 32 logical processors, using up to 32 threads
Optimize a model with 203396 rows, 134935 columns and 685039 nonzeros
Model fingerprint: 0x3ab2f3de
Variable types: 55779 continuous, 79156 integer (79156 binary)
Coefficient statistics:
  Matrix range     [2e-04, 1e+06]
  Objective range  [1e-06, 1e-01]
  Bounds range     [1e+00, 6e+03]
  RHS range        [1e-04, 1e+06]
Presolve removed 158376 rows and 102577 columns (presolve time = 5s) ...
Presolve removed 180150 rows and 114783 columns (presolve time = 10s) ...
Presolve removed 188201 rows and 122693 columns (presolve time = 15s) ...
Presolve removed 189750 rows and 123702 columns (presolve time = 20s) ...
Presolve removed 190790 rows and 124481 columns (presolve time = 25s) ...
Presolve removed 192179 rows and 125921 columns (presolve time = 30s) ...
Presolve removed 192959 rows and 126481 columns (presolve time = 35s) ...
Presolve removed 193263 rows and 126720 columns
Presolve time: 37.46s
Presolved: 10133 rows, 8215 columns, 134620 nonzeros
Variable types: 3453 continuous, 4762 integer (4759 binary)
Presolve removed 36 rows and 33 columns
Presolved: 10097 rows, 8182 columns, 134473 nonzeros

Root barrier log...

Ordering time: 1.18s

Barrier statistics:
 Dense cols : 141
 AA' NZ     : 5.895e+05
 Factor NZ  : 2.865e+06 (roughly 30 MBytes of memory)
 Factor Ops : 2.474e+09 (less than 1 second per iteration)
 Threads    : 31

                  Objective                Residual
Iter       Primal          Dual         Primal    Dual     Compl     Time
   0   2.25953106e+03 -2.19693848e+04  5.87e+04 1.20e-01  1.22e+02    42s
   1   1.86227964e+03 -2.67733026e+04  3.97e+04 4.23e-01  7.91e+01    42s
   2   8.87807366e+02 -2.57336110e+04  3.57e+03 1.85e-14  8.22e+00    42s
   3   7.46460632e+02 -1.61266204e+04  3.23e+02 2.91e-13  1.22e+00    42s
   4   6.97091583e+02 -5.79076642e+03  1.42e+02 8.53e-14  3.92e-01    42s
   5   6.24739898e+02 -2.33420453e+03  2.95e+01 2.31e-14  1.36e-01    42s
   6   6.02595244e+02 -1.15153715e+03  5.22e+00 1.95e-14  7.22e-02    43s
   7   5.92426878e+02  2.41138557e+02  4.76e-01 7.55e-15  1.37e-02    43s
   8   5.86080543e+02  4.51286599e+02  1.09e-01 1.78e-15  5.22e-03    43s
   9   5.83252595e+02  5.35394548e+02  3.97e-03 1.46e-15  1.85e-03    43s
  10   5.82079609e+02  5.51024896e+02  1.09e-04 7.45e-16  1.20e-03    43s
  11   5.81744703e+02  5.56058346e+02  8.79e-05 5.74e-16  9.91e-04    43s
  12   5.81055513e+02  5.65573092e+02  5.37e-05 4.12e-16  5.97e-04    44s
  13   5.80521051e+02  5.70733099e+02  3.07e-05 4.44e-16  3.78e-04    44s
  14   5.80048624e+02  5.75284495e+02  1.57e-05 9.44e-16  1.84e-04    44s
  15   5.79825967e+02  5.78149624e+02  9.55e-06 3.33e-16  6.47e-05    45s
  16   5.79636925e+02  5.78690087e+02  5.28e-06 4.44e-16  3.65e-05    45s
  17   5.79495461e+02  5.79028488e+02  2.49e-06 2.22e-16  1.80e-05    45s
  18   5.79478344e+02  5.79124596e+02  2.16e-06 3.33e-16  1.36e-05    45s
  19   5.79442073e+02  5.79175318e+02  1.40e-06 2.22e-16  1.03e-05    45s
  20   5.79417107e+02  5.79273303e+02  9.09e-07 4.44e-16  5.55e-06    46s
  21   5.79388976e+02  5.79326137e+02  3.23e-07 8.88e-16  2.42e-06    46s
  22   5.79380993e+02  5.79346328e+02  1.64e-07 2.22e-16  1.34e-06    46s
  23   5.79377194e+02  5.79351697e+02  8.50e-08 4.44e-16  9.84e-07    47s
  24   5.79374386e+02  5.79366074e+02  3.03e-08 2.22e-16  3.21e-07    47s
  25   5.79374078e+02  5.79367991e+02  2.45e-08 4.44e-16  2.35e-07    47s
  26   5.79373233e+02  5.79369165e+02  8.33e-09 2.22e-16  1.57e-07    47s
  27   5.79373080e+02  5.79371488e+02  5.53e-09 4.44e-16  6.14e-08    47s
  28   5.79372878e+02  5.79372531e+02  1.71e-09 4.44e-16  1.34e-08    48s
  29   5.79372827e+02  5.79372648e+02  7.53e-10 4.44e-16  6.89e-09    48s
  30   5.79372801e+02  5.79372709e+02  2.78e-10 3.33e-16  3.54e-09    48s
  31   5.79372791e+02  5.79372755e+02  9.94e-11 4.16e-16  1.40e-09    48s
  32   5.79372790e+02  5.79372765e+02  6.97e-11 6.00e-16  9.47e-10    49s
  33   5.79372787e+02  5.79372774e+02  2.86e-11 4.44e-16  4.89e-10    49s
  34   5.79372786e+02  5.79372778e+02  1.05e-11 1.11e-16  2.88e-10    49s
  35   5.79372786e+02  5.79372783e+02  7.32e-12 5.75e-15  1.21e-10    49s

Barrier solved model in 35 iterations and 49.21 seconds
Optimal objective 5.79372786e+02


Root crossover log...

     737 DPushes remaining with DInf 0.0000000e+00                49s
       0 DPushes remaining with DInf 0.0000000e+00                49s

    3930 PPushes remaining with PInf 0.0000000e+00                49s
       0 PPushes remaining with PInf 0.0000000e+00                50s

  Push phase complete: Pinf 0.0000000e+00, Dinf 5.1537829e-01     50s


Root simplex log...

Iteration    Objective       Primal Inf.    Dual Inf.      Time
    4466    5.7937279e+02   0.000000e+00   5.153783e-01     50s
    4481    5.7937279e+02   0.000000e+00   0.000000e+00     50s
    4481    5.7937279e+02   0.000000e+00   0.000000e+00     50s

Root relaxation: objective 5.793728e+02, 4481 iterations, 11.45 seconds

    Nodes    |    Current Node    |     Objective Bounds      |     Work
 Expl Unexpl |  Obj  Depth IntInf | Incumbent    BestBd   Gap | It/Node Time

     0     0  593.22150    0 2290          -  593.22150      -     -   53s
     0     0  639.00635    0 2346          -  639.00635      -     -   70s
     0     0  639.61809    0 2448          -  639.61809      -     -   91s
     0     0  639.70852    0 2415          -  639.70852      -     -  106s
     0     0  639.71003    0 2424          -  639.71003      -     -  108s
     0     0  646.62182    0 2451          -  646.62182      -     -  213s
H    0     0                     723.0286487  646.62182  10.6%     -  303s
H    0     0                     723.0062740  646.62182  10.6%     -  303s
     0     0  647.02199    0 2457  723.00627  647.02199  10.5%     -  303s
H    0     0                     722.8853064  647.02199  10.5%     -  320s
H    0     0                     722.7023030  647.02199  10.5%     -  320s
     0     0  647.14724    0 2297  722.70230  647.14724  10.5%     -  320s
     0     0  647.18722    0 2265  722.70230  647.18722  10.4%     -  333s
     0     0  647.18843    0 2263  722.70230  647.18843  10.4%     -  336s
     0     0  655.85322    0 2125  722.70230  655.85322  9.25%     -  367s
     0     0  656.04327    0 2150  722.70230  656.04327  9.22%     -  389s
     0     0  656.16948    0 2166  722.70230  656.16948  9.21%     -  409s
     0     0  656.18521    0 2183  722.70230  656.18521  9.20%     -  415s
     0     0  665.26809    0 2113  722.70230  665.26809  7.95%     -  458s
H    0     0                     722.6687922  665.26809  7.94%     -  460s
     0     0  665.44319    0 2067  722.66879  665.44319  7.92%     -  481s
H    0     0                     696.9332956  665.44319  4.52%     -  488s
     0     0  665.46117    0 2094  696.93330  665.46117  4.52%     -  489s
     0     0  671.58875    0 2060  696.93330  671.58875  3.64%     -  559s
     0     0  672.92094    0 2065  696.93330  672.92094  3.45%     -  638s
     0     0  672.94653    0 2076  696.93330  672.94653  3.44%     -  658s
     0     0  680.88860    0 2062  696.93330  680.88860  2.30%     -  698s
     0     0  681.06500    0 2057  696.93330  681.06500  2.28%     -  714s
     0     0  681.11689    0 2076  696.93330  681.11689  2.27%     -  747s
     0     0  681.35709    0 2032  696.93330  681.35709  2.23%     -  774s
     0     0  681.35709    0 2028  696.93330  681.35709  2.23%     -  780s
     0     2  681.35709    0 2028  696.93330  681.35709  2.23%     -  874s
     1     4  685.44103    1 1983  696.93330  681.35856  2.23%  2263  878s
     3     8  691.27151    2 2069  696.93330  681.58041  2.20%  2354  894s
     7    12     cutoff    3       696.93330  682.37650  2.09%  2974  928s
    15    24  682.64127    4 1857  696.93330  682.64127  2.05%  2994  939s
    27    40  682.90297    5 1890  696.93330  682.65150  2.05%  3287 1401s
    51    72  686.07838    6 1912  696.93330  682.90297  2.01%  3258 1452s
    83   104  686.22304    7 1870  696.93330  683.00889  2.00%  3413 1541s
   115   136  686.49516    8 1877  696.93330  683.00889  2.00%  3670 1749s
