
Gurobi 9.1.0 (linux64) logging started Mon Aug  2 23:10:52 2021

Changed value of parameter LogFile to eab_parasitoid0_0_0_bud_area.log
   Prev:   Default: 
Changed value of parameter MIPGap to 0.01
   Prev: 0.0001  Min: 0.0  Max: inf  Default: 0.0001
Changed value of parameter Method to 2
   Prev: -1  Min: -1  Max: 5  Default: -1
Changed value of parameter MIPFocus to 2
   Prev: 0  Min: 0  Max: 3  Default: 0
Changed value of parameter RINS to 100
   Prev: -1  Min: -1  Max: 2000000000  Default: -1
Gurobi Optimizer version 9.1.0 build v9.1.0rc0 (linux64)
Thread count: 32 physical cores, 32 logical processors, using up to 32 threads
Optimize a model with 203396 rows, 134935 columns and 685039 nonzeros
Model fingerprint: 0xc0fb7b8d
Variable types: 55779 continuous, 79156 integer (79156 binary)
Coefficient statistics:
  Matrix range     [2e-04, 1e+06]
  Objective range  [1e+00, 1e+00]
  Bounds range     [1e+00, 6e+03]
  RHS range        [1e-04, 1e+06]
Presolve removed 196239 rows and 129353 columns
Presolve time: 2.14s
Presolved: 7157 rows, 5582 columns, 56469 nonzeros
Variable types: 2078 continuous, 3504 integer (3504 binary)
Presolve removed 72 rows and 126 columns
Presolved: 7085 rows, 5456 columns, 53422 nonzeros

Root barrier log...

Ordering time: 0.12s

Barrier statistics:
 Dense cols : 20
 AA' NZ     : 2.028e+05
 Factor NZ  : 7.040e+05 (roughly 10 MBytes of memory)
 Factor Ops : 2.597e+08 (less than 1 second per iteration)
 Threads    : 31

                  Objective                Residual
Iter       Primal          Dual         Primal    Dual     Compl     Time
   0   9.79651932e+05 -1.17978741e+06  9.64e+05 1.05e+00  1.11e+04     3s
   1   6.91033392e+05 -1.29679108e+06  6.18e+05 2.35e+00  7.08e+03     3s
   2   8.46001649e+04 -1.34546632e+06  6.66e+04 6.32e-01  8.76e+02     3s
   3   8.81314787e+03 -8.32343174e+05  5.74e+03 2.41e-02  1.10e+02     3s
   4   3.41161569e+03 -2.55019865e+05  1.40e+03 9.59e-14  2.51e+01     3s
   5   2.28870618e+03 -1.75876271e+05  5.01e+02 5.68e-14  1.33e+01     3s
   6   2.17066568e+03 -2.51541429e+04  4.07e+02 1.60e-14  2.62e+00     3s
   7   1.69904972e+03 -7.64214231e+03  5.06e+01 1.20e-14  6.12e-01     3s
   8   1.50897112e+03 -1.63348099e+03  1.72e+00 5.44e-15  1.80e-01     3s
   9   1.20520411e+03  5.84784430e+01  3.68e-01 3.83e-15  6.52e-02     3s
  10   1.06912964e+03  5.72459672e+02  1.31e-01 3.04e-15  2.82e-02     3s
  11   1.03089095e+03  8.01417306e+02  4.64e-02 1.78e-15  1.30e-02     3s
  12   1.01148464e+03  9.20069178e+02  1.02e-02 4.98e-16  5.19e-03     3s
  13   1.00051049e+03  9.57121895e+02  1.33e-03 9.95e-16  2.46e-03     3s
  14   9.95170636e+02  9.81097894e+02  4.43e-04 8.88e-16  7.99e-04     3s
  15   9.93205870e+02  9.89310973e+02  1.25e-04 8.88e-16  2.21e-04     3s
  16   9.92534436e+02  9.91811244e+02  2.32e-05 1.78e-15  4.11e-05     3s
  17   9.92410294e+02  9.92168148e+02  6.58e-06 6.66e-16  1.37e-05     3s
  18   9.92374939e+02  9.92266244e+02  2.37e-06 4.44e-16  6.17e-06     3s
  19   9.92365047e+02  9.92329789e+02  1.25e-06 8.88e-16  2.00e-06     3s
  20   9.92359947e+02  9.92335880e+02  6.51e-07 8.88e-16  1.37e-06     3s
  21   9.92357083e+02  9.92341741e+02  2.07e-07 4.44e-16  8.71e-07     3s
  22   9.92356198e+02  9.92346565e+02  1.16e-07 4.44e-16  5.47e-07     3s
  23   9.92355705e+02  9.92347344e+02  7.05e-08 4.44e-16  4.74e-07     3s
  24   9.92355283e+02  9.92352443e+02  1.29e-08 8.88e-16  1.61e-07     3s
  25   9.92355025e+02  9.92354096e+02  3.22e-09 2.72e-11  5.27e-08     3s
  26   9.92354934e+02  9.92354650e+02  1.05e-09 6.53e-11  1.61e-08     3s
  27   9.92354917e+02  9.92354760e+02  5.32e-10 7.92e-11  8.94e-09     3s
  28   9.92354911e+02  9.92354855e+02  3.32e-10 1.10e-11  3.14e-09     3s
  29   9.92354902e+02  9.92354887e+02  8.74e-12 3.39e-12  8.57e-10     3s
  30   9.92354901e+02  9.92354895e+02  3.49e-12 1.80e-12  3.45e-10     3s
  31   9.92354901e+02  9.92354901e+02  2.61e-11 2.00e-15  6.19e-13     3s

Barrier solved model in 31 iterations and 2.97 seconds
Optimal objective 9.92354901e+02


Root relaxation: objective 9.923549e+02, 3828 iterations, 0.81 seconds

    Nodes    |    Current Node    |     Objective Bounds      |     Work
 Expl Unexpl |  Obj  Depth IntInf | Incumbent    BestBd   Gap | It/Node Time

     0     0  992.35490    0    4          -  992.35490      -     -    3s
H    0     0                     992.3549007  992.35490  0.00%     -    3s
     0     0  992.35490    0    4  992.35490  992.35490  0.00%     -    3s

Explored 1 nodes (9677 simplex iterations) in 4.01 seconds
Thread count was 32 (of 32 available processors)

Solution count 1: 992.355 

Optimal solution found (tolerance 1.00e-02)
Warning: max constraint violation (2.8261e-06) exceeds tolerance
Best objective 9.923549006767e+02, best bound 9.923549006755e+02, gap 0.0000%

Gurobi 9.1.0 (linux64) logging started Wed Aug  4 13:13:38 2021

Changed value of parameter LogFile to eab_parasitoid0_0_0_bud_area.log
   Prev:   Default: 
Changed value of parameter MIPGap to 0.01
   Prev: 0.0001  Min: 0.0  Max: inf  Default: 0.0001
Changed value of parameter Method to 2
   Prev: -1  Min: -1  Max: 5  Default: -1
Changed value of parameter MIPFocus to 2
   Prev: 0  Min: 0  Max: 3  Default: 0
Changed value of parameter RINS to 100
   Prev: -1  Min: -1  Max: 2000000000  Default: -1
Gurobi Optimizer version 9.1.0 build v9.1.0rc0 (linux64)
Thread count: 32 physical cores, 32 logical processors, using up to 32 threads
Optimize a model with 203396 rows, 134935 columns and 685039 nonzeros
Model fingerprint: 0x40868445
Variable types: 55779 continuous, 79156 integer (79156 binary)
Coefficient statistics:
  Matrix range     [2e-04, 1e+06]
  Objective range  [1e+00, 1e+00]
  Bounds range     [1e+00, 6e+03]
  RHS range        [1e-04, 1e+06]
Presolve removed 190736 rows and 125364 columns (presolve time = 5s) ...
Presolve removed 196228 rows and 129343 columns (presolve time = 10s) ...
Presolve removed 196239 rows and 129343 columns
Presolve time: 10.29s
Presolved: 7157 rows, 5592 columns, 56495 nonzeros
Variable types: 2078 continuous, 3514 integer (3514 binary)
Presolve removed 72 rows and 126 columns
Presolved: 7085 rows, 5466 columns, 53448 nonzeros

Root barrier log...

Ordering time: 0.44s

Barrier statistics:
 Dense cols : 20
 AA' NZ     : 2.028e+05
 Factor NZ  : 7.102e+05 (roughly 10 MBytes of memory)
 Factor Ops : 2.665e+08 (less than 1 second per iteration)
 Threads    : 31

                  Objective                Residual
Iter       Primal          Dual         Primal    Dual     Compl     Time
   0   1.06769749e+06 -1.26320342e+06  9.80e+05 1.16e+00  1.19e+04    12s
   1   7.49416689e+05 -1.38836741e+06  6.29e+05 2.52e+00  7.58e+03    12s
   2   9.12318565e+04 -1.44537216e+06  6.79e+04 4.72e-01  9.41e+02    12s
   3   9.68822668e+03 -8.97348818e+05  6.00e+03 1.56e-02  1.20e+02    12s
   4   3.64849234e+03 -2.78149866e+05  1.42e+03 1.03e-13  2.73e+01    13s
   5   2.31050876e+03 -1.65383722e+05  4.18e+02 6.04e-14  1.22e+01    13s
   6   2.23206675e+03 -2.81773266e+04  3.59e+02 1.69e-14  2.77e+00    13s
   7   1.79212342e+03 -8.33296036e+03  4.47e+01 9.77e-15  6.50e-01    13s
   8   1.56366685e+03 -1.78082344e+03  5.62e-01 5.77e-15  1.90e-01    13s
   9   1.24510047e+03  1.10777354e+02  6.10e-02 3.55e-15  6.43e-02    13s
  10   1.10843607e+03  6.28558147e+02  3.47e-03 1.33e-15  2.72e-02    13s
  11   1.07637172e+03  8.85496996e+02  1.41e-03 1.06e-15  1.08e-02    13s
  12   1.06439993e+03  9.75553160e+02  8.22e-04 1.78e-15  5.04e-03    14s
  13   1.05434408e+03  1.02581711e+03  3.26e-04 8.88e-16  1.62e-03    14s
  14   1.04954640e+03  1.04172273e+03  8.64e-05 4.44e-16  4.44e-04    14s
  15   1.04825189e+03  1.04511554e+03  2.94e-05 4.44e-16  1.78e-04    14s
  16   1.04776501e+03  1.04705105e+03  8.57e-06 3.55e-15  4.05e-05    14s
  17   1.04762522e+03  1.04730674e+03  2.91e-06 4.44e-16  1.81e-05    14s
  18   1.04757024e+03  1.04752580e+03  7.77e-07 4.44e-16  2.52e-06    14s
  19   1.04755643e+03  1.04753961e+03  2.55e-07 8.88e-16  9.54e-07    14s
  20   1.04755300e+03  1.04754423e+03  1.14e-07 4.93e-14  4.97e-07    15s
  21   1.04755126e+03  1.04754644e+03  4.87e-08 2.01e-13  2.73e-07    15s
  22   1.04755093e+03  1.04754782e+03  3.64e-08 9.71e-12  1.76e-07    15s
  23   1.04755025e+03  1.04754881e+03  1.12e-08 1.81e-13  8.19e-08    15s
  24   1.04755006e+03  1.04754910e+03  4.96e-09 6.68e-12  5.44e-08    15s
  25   1.04754998e+03  1.04754957e+03  2.51e-09 3.27e-11  2.35e-08    15s
  26   1.04754992e+03  1.04754982e+03  3.29e-10 3.24e-11  5.81e-09    15s
  27   1.04754991e+03  1.04754989e+03  2.17e-10 5.20e-13  1.16e-09    16s
  28   1.04754991e+03  1.04754990e+03  1.15e-12 2.19e-13  7.39e-11    16s

Barrier solved model in 28 iterations and 15.75 seconds
Optimal objective 1.04754991e+03


Root crossover log...

     524 DPushes remaining with DInf 0.0000000e+00                16s
       0 DPushes remaining with DInf 0.0000000e+00                16s

    3708 PPushes remaining with PInf 3.1914506e-05                16s
       0 PPushes remaining with PInf 0.0000000e+00                16s

  Push phase complete: Pinf 0.0000000e+00, Dinf 0.0000000e+00     16s


Root simplex log...

Iteration    Objective       Primal Inf.    Dual Inf.      Time
    3869    1.0475499e+03   0.000000e+00   0.000000e+00     16s
    3869    1.0475499e+03   0.000000e+00   0.000000e+00     16s

Root relaxation: objective 1.047550e+03, 3869 iterations, 5.49 seconds

    Nodes    |    Current Node    |     Objective Bounds      |     Work
 Expl Unexpl |  Obj  Depth IntInf | Incumbent    BestBd   Gap | It/Node Time

*    0     0               0    1047.5499057 1047.54991  0.00%     -   19s

Explored 0 nodes (8868 simplex iterations) in 19.52 seconds
Thread count was 32 (of 32 available processors)

Solution count 1: 1047.55 

Optimal solution found (tolerance 1.00e-02)
Warning: max constraint violation (6.8258e-06) exceeds tolerance
Best objective 1.047549905689e+03, best bound 1.047549905689e+03, gap 0.0000%
