
Gurobi 9.1.0 (linux64) logging started Wed Aug  4 01:35:26 2021

Changed value of parameter LogFile to eab_parasitoid_nothresh_0_2.log
   Prev:   Default: 
Changed value of parameter MIPGap to 0.01
   Prev: 0.0001  Min: 0.0  Max: inf  Default: 0.0001
Changed value of parameter Method to 2
   Prev: -1  Min: -1  Max: 5  Default: -1
Changed value of parameter MIPFocus to 2
   Prev: 0  Min: 0  Max: 3  Default: 0
Changed value of parameter RINS to 100
   Prev: -1  Min: -1  Max: 2000000000  Default: -1
Gurobi Optimizer version 9.1.0 build v9.1.0rc0 (linux64)
Thread count: 32 physical cores, 32 logical processors, using up to 32 threads
Optimize a model with 203323 rows, 134930 columns and 684966 nonzeros
Model fingerprint: 0x29d144ea
Variable types: 55774 continuous, 79156 integer (79156 binary)
Coefficient statistics:
  Matrix range     [2e-04, 1e+06]
  Objective range  [1e-06, 1e-01]
  Bounds range     [1e+00, 6e+03]
  RHS range        [1e-04, 1e+06]
Presolve removed 152091 rows and 90363 columns (presolve time = 6s) ...
Presolve removed 175190 rows and 111473 columns (presolve time = 10s) ...
Presolve removed 182974 rows and 116967 columns (presolve time = 15s) ...
Presolve removed 187105 rows and 120991 columns (presolve time = 20s) ...
Presolve removed 191368 rows and 125174 columns (presolve time = 25s) ...
Presolve removed 191930 rows and 125319 columns (presolve time = 31s) ...
Presolve removed 192664 rows and 126127 columns (presolve time = 35s) ...
Presolve removed 193223 rows and 126672 columns (presolve time = 41s) ...
Presolve removed 193343 rows and 126756 columns (presolve time = 45s) ...
Presolve removed 193402 rows and 126802 columns (presolve time = 51s) ...
Presolve removed 193398 rows and 126800 columns
Presolve time: 52.25s
Presolved: 9925 rows, 8130 columns, 133100 nonzeros
Variable types: 3478 continuous, 4652 integer (4649 binary)
Presolve removed 22 rows and 13 columns
Presolved: 9903 rows, 8117 columns, 133048 nonzeros

Root barrier log...

Ordering time: 1.30s

Barrier statistics:
 Dense cols : 145
 AA' NZ     : 5.782e+05
 Factor NZ  : 2.759e+06 (roughly 30 MBytes of memory)
 Factor Ops : 2.283e+09 (less than 1 second per iteration)
 Threads    : 31

                  Objective                Residual
Iter       Primal          Dual         Primal    Dual     Compl     Time
   0   2.56651494e+03 -1.44643819e+04  2.72e+04 1.45e-01  5.28e+01    58s
   1   2.12990358e+03 -1.62027947e+04  2.04e+04 3.19e-01  3.97e+01    58s
   2   7.94301863e+02 -1.49992868e+04  9.15e+02 1.09e-14  2.34e+00    58s
   3   6.37910182e+02 -5.56611329e+03  8.04e+01 2.49e-14  3.46e-01    59s
   4   5.58355202e+02 -6.62464555e+02  1.36e+01 4.88e-15  5.45e-02    59s
   5   5.35307114e+02  1.03139870e+02  3.86e+00 1.79e-15  1.80e-02    59s
   6   5.26335744e+02  3.58138053e+02  1.08e+00 1.04e-15  6.78e-03    59s
   7   5.20909005e+02  4.60837897e+02  1.56e-01 9.47e-16  2.37e-03    60s
   8   5.17010659e+02  5.01139845e+02  9.45e-04 6.39e-16  6.21e-04    60s
   9   5.15610337e+02  5.10004779e+02  4.09e-04 3.76e-16  2.18e-04    60s
  10   5.15062210e+02  5.12654757e+02  2.23e-04 7.00e-16  9.37e-05    60s
  11   5.14728302e+02  5.13156157e+02  1.20e-04 2.78e-16  6.11e-05    61s
  12   5.14595916e+02  5.13823074e+02  7.82e-05 1.43e-15  3.00e-05    61s
  13   5.14458613e+02  5.14113245e+02  3.54e-05 2.20e-16  1.34e-05    61s
  14   5.14383734e+02  5.14188474e+02  1.45e-05 3.53e-16  7.58e-06    61s
  15   5.14363223e+02  5.14270594e+02  8.72e-06 4.42e-16  3.60e-06    61s
  16   5.14353556e+02  5.14303990e+02  6.04e-06 1.13e-15  1.93e-06    62s
  17   5.14341676e+02  5.14312277e+02  2.69e-06 1.25e-16  1.14e-06    62s
  18   5.14338774e+02  5.14319974e+02  1.93e-06 1.51e-15  7.30e-07    62s
  19   5.14336264e+02  5.14325141e+02  1.22e-06 1.42e-15  4.32e-07    62s
  20   5.14333789e+02  5.14328325e+02  5.11e-07 2.25e-15  2.12e-07    62s
  21   5.14333089e+02  5.14328919e+02  3.44e-07 2.45e-16  1.62e-07    63s
  22   5.14332663e+02  5.14329754e+02  2.38e-07 1.65e-15  1.13e-07    63s
  23   5.14332472e+02  5.14330384e+02  1.85e-07 2.75e-16  8.11e-08    63s
  24   5.14331955e+02  5.14330994e+02  5.53e-08 2.75e-16  3.73e-08    63s
  25   5.14331830e+02  5.14331480e+02  2.55e-08 1.11e-16  1.36e-08    63s
  26   5.14331778e+02  5.14331538e+02  1.32e-08 4.37e-16  9.35e-09    64s
  27   5.14331729e+02  5.14331670e+02  1.25e-09 4.45e-16  2.30e-09    64s
  28   5.14331722e+02  5.14331718e+02  7.21e-11 5.54e-15  1.54e-10    64s
  29   5.14331721e+02  5.14331721e+02  9.88e-09 9.72e-15  1.95e-11    64s

Barrier solved model in 29 iterations and 64.17 seconds
Optimal objective 5.14331721e+02


Root crossover log...

     662 DPushes remaining with DInf 0.0000000e+00                64s
       0 DPushes remaining with DInf 0.0000000e+00                64s

    4295 PPushes remaining with PInf 9.6442100e-06                64s
       0 PPushes remaining with PInf 0.0000000e+00                65s

  Push phase complete: Pinf 0.0000000e+00, Dinf 4.4658695e-02     65s


Root simplex log...

Iteration    Objective       Primal Inf.    Dual Inf.      Time
    4757    5.1433172e+02   0.000000e+00   4.465870e-02     65s
    4772    5.1433172e+02   0.000000e+00   0.000000e+00     65s
    4772    5.1433172e+02   0.000000e+00   0.000000e+00     65s

Root relaxation: objective 5.143317e+02, 4772 iterations, 11.01 seconds

    Nodes    |    Current Node    |     Objective Bounds      |     Work
 Expl Unexpl |  Obj  Depth IntInf | Incumbent    BestBd   Gap | It/Node Time

     0     0  514.33202    0 1953          -  514.33202      -     -   68s
     0     0  567.79357    0 2336          -  567.79357      -     -   92s
     0     0  568.16722    0 2489          -  568.16722      -     -  130s
     0     0  568.20088    0 2453          -  568.20088      -     -  144s
     0     0  568.20313    0 2466          -  568.20313      -     -  146s
     0     0  575.19673    0 2419          -  575.19673      -     -  184s
     0     0  575.54156    0 2379          -  575.54156      -     -  201s
     0     0  575.78746    0 2312          -  575.78746      -     -  219s
     0     0  575.80661    0 2253          -  575.80661      -     -  227s
     0     0  584.10210    0 2258          -  584.10210      -     -  277s
     0     0  584.19726    0 2237          -  584.19726      -     -  292s
     0     0  584.22621    0 2190          -  584.22621      -     -  297s
H    0     0                     669.2040616  584.22621  12.7%     -  304s
H    0     0                     669.0996401  584.22621  12.7%     -  314s
     0     0  591.30065    0 2210  669.09964  591.30065  11.6%     -  314s
H    0     0                     668.8540913  591.30065  11.6%     -  315s
     0     0  591.47225    0 2137  668.85409  591.47225  11.6%     -  322s
     0     0  591.48727    0 2155  668.85409  591.48727  11.6%     -  327s
     0     0  594.95439    0 2203  668.85409  594.95439  11.0%     -  351s
     0     0  596.12170    0 2191  668.85409  596.12170  10.9%     -  363s
     0     0  596.13859    0 2202  668.85409  596.13859  10.9%     -  380s
     0     0  600.28590    0 2172  668.85409  600.28590  10.3%     -  578s
     0     0  600.36760    0 2145  668.85409  600.36760  10.2%     -  641s
     0     0  600.39719    0 2152  668.85409  600.39719  10.2%     -  700s
H    0     0                     663.3752529  600.39719  9.49%     -  926s
H    0     0                     663.3746125  600.39719  9.49%     -  926s
H    0     0                     663.3580396  600.39719  9.49%     -  926s
     0     0  600.75966    0 2085  663.35804  600.75966  9.44%     - 1001s
     0     0  600.75966    0 2076  663.35804  600.75966  9.44%     - 1025s
H    0     0                     655.7011260  600.75966  8.38%     - 1687s
H    0     2                     647.6131621  600.75966  7.23%     - 1732s
     0     2  600.75966    0 2071  647.61316  600.75966  7.23%     - 1732s
     1     4  605.84134    1 2056  647.61316  600.76022  7.23%  1888 1770s
     3     8  610.53958    2 2080  647.61316  601.44570  7.13%  1836 1848s
     7    16  610.79184    3 2036  647.61316  601.68240  7.09%  2494 1929s
    15    32  611.19233    4 2073  647.61316  601.85768  7.07%  3171 2024s
    31    64  621.98083    5 2052  647.61316  601.91734  7.06%  4180 2210s
    63    96  622.37756    6 2061  647.61316  602.13016  7.02%  4161 3425s
H   95   128                     644.6742526  602.13058  6.60%  4000 3623s
H   96   128                     626.7667746  602.13058  3.93%  3993 3623s
H  101   128                     622.7277726  602.13058  3.31%  3966 3623s
H  105   128                     619.4325612  602.13058  2.79%  3882 3623s
   127   128     cutoff    7       619.43256  602.13058  2.79%  3563 3829s
H  131   128                     619.4275412  602.13058  2.79%  3455 3829s
H  163   128                     614.3424641  602.13058  1.99%  3002 4160s
H  167   128                     613.9252344  602.13058  1.92%  2953 4160s
H  178   128                     613.7979294  602.13058  1.90%  2872 4160s
   199   129  613.78418    8 1989  613.79793  602.13058  1.90%  2681 4243s
   244   135  603.42877   11 1844  613.79793  602.13058  1.90%  2486 4312s
H  285   148                     612.7190495  602.13058  1.73%  2426 5767s
H  288   148                     612.6309331  602.13058  1.71%  2429 5767s
   320   158  603.71289   13 1780  612.63093  602.13058  1.71%  2478 5962s
   375   196  604.14637   12 1764  612.63093  602.13058  1.71%  2330 6126s
   428   238  603.81514   14 1772  612.63093  602.13058  1.71%  2283 6276s
   492   291  607.20605   15 1751  612.63093  602.13058  1.71%  2186 6397s
   566   367  605.44337   16 1751  612.63093  602.13058  1.71%  2047 6522s
   660   451  605.45284   17 1746  612.63093  602.13058  1.71%  1877 6637s
   760   545  607.21220   19 1697  612.63093  602.13058  1.71%  1746 6841s
   867   665  606.73063   19 1721  612.63093  602.13058  1.71%  1620 7042s
H 1000   692                     612.6301918  602.13058  1.71%  1468 9587s
H 1001   692                     612.6270124  602.13058  1.71%  1467 9587s
H 1005   692                     612.6245587  602.13058  1.71%  1463 9587s
H 1013   692                     612.6188224  602.13058  1.71%  1457 9588s
H 1014   692                     612.6130294  602.13058  1.71%  1456 9588s
  1039   846  606.60957   21 1709  612.61303  602.13058  1.71%  1442 9742s
  1207   986  606.76723   23 1701  612.61303  602.13058  1.71%  1297 9971s
  1399  1037  607.71703   25 1702  612.61303  602.13058  1.71%  1175 12052s
H 1400  1037                     612.6115594  602.13058  1.71%  1174 12052s
H 1404  1037                     612.6115320  602.13058  1.71%  1173 12052s
H 1406  1037                     612.6048755  602.13058  1.71%  1171 12053s
H 1421  1037                     612.5815761  602.13058  1.71%  1165 12053s
  1465  1235  607.22642   24 1688  612.58158  602.13058  1.71%  1153 12221s
H 1697  1259                     612.5811950  602.13058  1.71%  1037 14376s
H 1698  1259                     612.5811722  602.13058  1.71%  1037 14376s
H 1703  1259                     612.5811523  602.13058  1.71%  1037 14376s
H 1704  1259                     612.5414128  602.13058  1.70%  1037 14376s
  1736  1453  608.29903   26 1702  612.54141  602.13058  1.70%  1032 14610s
  1964  1659  608.42431   27 1700  612.54141  602.13058  1.70%   953 15119s
  2241  1866  608.43890   28 1693  612.54141  602.13058  1.70%   876 15301s
  2493  1990  608.77156   31 1664  612.54141  602.13058  1.70%   823 17280s
H 2506  1990                     612.5401285  602.13058  1.70%   820 17280s
H 2517  1986                     612.5227273  602.13058  1.70%   819 17280s
H 2542  1983                     612.5203475  602.13058  1.70%   816 17280s
H 2550  1983                     612.5203356  602.13058  1.70%   814 17280s
H 2637  1983                     612.5203353  602.13058  1.70%   797 17281s
H 2665  2007                     612.5203340  602.13058  1.70%   796 21306s
H 2666  2007                     612.5189568  602.13058  1.70%   796 21306s
H 2668  2007                     612.5168017  602.13058  1.70%   797 21306s
H 2671  2006                     612.5074944  602.13058  1.69%   798 21306s
H 2677  2005                     612.4909825  602.13058  1.69%   798 21307s
H 2700  2033                     612.4866574  602.13058  1.69%   796 24938s
H 2701  2031                     612.4771241  602.13058  1.69%   796 24938s
  2732  2313  608.77331   32 1662  612.47712  602.13058  1.69%   795 25272s
H 3072  2313                     612.4768999  602.13058  1.69%   740 29033s
  3073  2314  608.96973   20 2076  612.47690  602.13058  1.69%   740 29213s
H 3074  2199                     612.4768978  602.13058  1.69%   740 29230s
  3076  2200  608.50150   24 2345  612.47690  602.13058  1.69%   739 29254s
  3077  2201  612.12824  140 2164  612.47690  602.13058  1.69%   739 29265s
  3078  2201  610.35621   14 2148  612.47690  602.13058  1.69%   739 29297s
  3079  2202  607.94668   25 2088  612.47690  602.13058  1.69%   739 29328s
  3080  2203  608.08845   31 2037  612.47690  602.13058  1.69%   738 29352s
  3081  2203  611.82504   44 2052  612.47690  602.13058  1.69%   738 29362s
  3082  2204  612.36971  121 2001  612.47690  602.13058  1.69%   738 29373s
  3083  2205  611.53915   45 1959  612.47690  602.13058  1.69%   738 29390s
  3084  2205  609.81295   45 1976  612.47690  602.13058  1.69%   738 29425s
  3085  2206  610.38324   37 2003  612.47690  602.13058  1.69%   737 29455s
  3086  2207  606.83176   24 1975  612.47690  602.13058  1.69%   737 29480s
  3087  2207  612.09031  135 1980  612.47690  602.13058  1.69%   737 29508s
H 3087  2096                     612.4768913  602.13058  1.69%   737 29533s
  3088  2097  610.30012   53 2018  612.47689  602.13058  1.69%   737 29535s
  3089  2098  607.58140   23 2016  612.47689  602.13058  1.69%   736 29571s
  3090  2098  611.73187  107 1875  612.47689  602.13058  1.69%   736 29919s
  3091  2099  609.31421   24 1859  612.47689  602.13058  1.69%   736 29960s
  3092  2100  608.99342   35 1862  612.47689  602.13058  1.69%   736 29992s
  3093  2100  611.50748   46 1864  612.47689  602.13058  1.69%   735 30014s
  3094  2101  611.45067   72 1877  612.47689  602.13058  1.69%   735 30046s
  3095  2102  611.53027   42 1885  612.47689  602.13058  1.69%   735 30070s
  3096  2102  610.32017   48 1890  612.47689  602.13058  1.69%   735 30080s
  3097  2103  611.04791   80 1899  612.47689  602.13058  1.69%   734 30130s
H 3097  1998                     612.4768911  602.13058  1.69%   734 30245s
  3098  1999  611.43400   73 1827  612.47689  602.30541  1.66%   734 30361s
  3099  1999  612.39906   64 1828  612.47689  603.07439  1.54%   734 30414s
  3100  2000  607.21144   16 1867  612.47689  603.08057  1.53%   734 30450s
  3101  2001  611.15863   31 1880  612.47689  603.08057  1.53%   733 30501s
  3102  2001  611.40730  103 1908  612.47689  603.53561  1.46%   733 30563s
  3103  2002  611.71623   48 1918  612.47689  603.53561  1.46%   733 30680s
H 3103  1901                     612.4768910  603.53561  1.46%   733 30872s
  3104  1902  609.39043   30 1900  612.47689  603.53561  1.46%   733 30882s
  3105  1902  612.10767   32 1888  612.47689  603.53561  1.46%   733 30903s
  3106  1903  605.85870   17 1880  612.47689  603.53561  1.46%   732 31039s
  3107  1904  610.39713   31 1898  612.47689  603.53561  1.46%   732 31267s
  3108  1904  611.72788   83 1849  612.47689  603.53561  1.46%   732 31303s
  3109  1905  608.57541   29 1889  612.47689  603.53561  1.46%   732 31436s
  3110  1906  612.14631   76 1883  612.47689  603.53561  1.46%   731 31645s
  3111  1906  611.46756   43 1891  612.47689  603.53561  1.46%   731 31772s
  3112  1907  605.28781   17 1891  612.47689  603.53561  1.46%   731 31948s
  3113  1908  612.08842   97 1912  612.47689  603.54217  1.46%   731 32079s
  3114  1908  610.06059   32 1898  612.47689  603.66616  1.44%   730 32331s
H 3114  1812                     612.4768909  603.66616  1.44%   730 32364s
  3115  1813  612.01883   35 1929  612.47689  603.66885  1.44%   730 32469s
  3116  1814  611.59320   55 1859  612.47689  603.72540  1.43%   730 32725s
  3117  1814  611.13912   40 1857  612.47689  603.72540  1.43%   730 32780s
H 3117  1722                     612.4768908  603.72540  1.43%   730 33571s
  3119  1726  607.58210   15 1847  612.47689  603.72540  1.43%   754 35239s
  3121  1728  607.59566   16 1858  612.47689  603.72540  1.43%   754 36698s
  3124  1733  607.72881   17 1902  612.47689  603.72540  1.43%   756 37052s
  3130  1743  608.10080   18 1908  612.47689  603.72540  1.43%   759 37160s
  3142  1745     cutoff   19       612.47689  603.72540  1.43%   769 37340s
  3166  1743  604.37243   20 1764  612.47689  603.87449  1.40%   805 37429s
H 3175  1653                     612.4693352  603.87449  1.40%   810 37429s
H 3177  1570                     612.4683011  603.87449  1.40%   811 37430s
H 3183  1489                     612.4578569  604.07522  1.37%   815 37430s
H 3196  1429                     612.4495470  604.07522  1.37%   823 37483s
H 3209  1354                     612.4463176  604.96985  1.22%   834 37483s
H 3211  1286                     612.4446356  604.96985  1.22%   835 37483s
H 3216  1220                     612.4445306  604.96985  1.22%   838 37483s
H 3218  1159                     612.4441999  604.96985  1.22%   839 37483s
  3228  1173     cutoff   22       612.44420  604.96985  1.22%   847 37533s
H 3229  1115                     612.4441921  604.96985  1.22%   847 37533s
H 3232  1060                     612.4441919  604.96998  1.22%   849 37533s
H 3242  1005                     612.4441913  605.57546  1.12%   854 37534s
  3260  1023  606.88645   23 1726  612.44419  605.57546  1.12%   866 37577s
  3292  1033  607.00794   24 1727  612.44419  605.57546  1.12%   884 37600s
H 3293   983                     612.4441911  605.57546  1.12%   883 37600s
H 3312   929                     612.4412779  605.57546  1.12%   886 37600s
  3326   958  608.34285   24 1753  612.44128  605.57546  1.12%   888 37632s
H 3371   915                     612.4412777  605.57546  1.12%   894 38328s
H 3372   871                     612.4401112  605.57546  1.12%   894 38328s
H 3400   822                     612.4400138  605.57546  1.12%   896 38328s
H 3407   788                     612.4400135  605.57546  1.12%   899 38375s
H 3438   740                     612.4371247  605.57546  1.12%   904 38375s
  3449   770  607.96404   26 1731  612.43712  605.57546  1.12%   905 38458s
H 3518   730                     612.4369084  605.57546  1.12%   911 38675s
H 3519   696                     612.4352849  605.57546  1.12%   911 38675s
H 3557   653                     612.4352574  605.57546  1.12%   912 38675s
  3559   694  610.22038   27 1700  612.43526  605.57546  1.12%   912 38760s
  3635   697  608.63492   29 1702  612.43526  605.57546  1.12%   916 38829s
  3721   697  609.98362   30 1694  612.43526  605.57546  1.12%   918 38937s
  3806   702  609.19497   32 1670  612.43526  605.57546  1.12%   929 39154s
  3895   684  611.08308   33 1667  612.43526  605.57546  1.12%   942 39314s
  3947   722  609.84062   34 1618  612.43526  605.57546  1.12%   944 39408s
  4062   748  609.86727   35 1610  612.43526  605.57546  1.12%   941 39563s
  4193   740  610.14761   38 1629  612.43526  605.57546  1.12%   934 39614s
  4333   727  611.03740   40 1636  612.43526  605.57546  1.12%   926 39793s
  4459   766  610.88861   42 1637  612.43526  605.57546  1.12%   925 39856s
  4596   768  611.78833   46 1619  612.43526  605.57546  1.12%   921 40181s
H 4600   737                     612.4352573  605.57546  1.12%   921 40181s
H 4618   703                     612.4352532  605.57546  1.12%   921 40181s
H 4647   684                     612.4352527  605.57546  1.12%   920 40181s
H 4689   684                     612.4352520  605.57546  1.12%   919 40181s
  4718   761  611.98378   49 1606  612.43525  605.57546  1.12%   921 40238s
  4881   803  612.12774   53 1595  612.43525  605.57546  1.12%   914 40349s
  5062   855  612.38661   59 1585  612.43525  607.10433  0.87%   908 40453s

Cutting planes:
  Learned: 35
  Gomory: 46
  Cover: 166
  Implied bound: 86
  Projected implied bound: 229
  Clique: 7
  MIR: 657
  StrongCG: 4
  Flow cover: 3671
  GUB cover: 2
  Zero half: 54
  RLT: 1380
  Relax-and-lift: 331

Explored 5212 nodes (4804713 simplex iterations) in 40457.03 seconds
Thread count was 32 (of 32 available processors)

Solution count 10: 612.435 612.435 612.435 ... 612.44

Optimal solution found (tolerance 1.00e-02)
Best objective 6.124352519712e+02, best bound 6.071043280227e+02, gap 0.8704%
