
Gurobi 9.1.0 (linux64) logging started Wed Aug  4 13:14:15 2021

Changed value of parameter LogFile to eab_parasitoid_nothresh_2_2.log
   Prev:   Default: 
Changed value of parameter MIPGap to 0.01
   Prev: 0.0001  Min: 0.0  Max: inf  Default: 0.0001
Changed value of parameter Method to 2
   Prev: -1  Min: -1  Max: 5  Default: -1
Changed value of parameter MIPFocus to 2
   Prev: 0  Min: 0  Max: 3  Default: 0
Changed value of parameter RINS to 100
   Prev: -1  Min: -1  Max: 2000000000  Default: -1
Gurobi Optimizer version 9.1.0 build v9.1.0rc0 (linux64)
Thread count: 32 physical cores, 32 logical processors, using up to 32 threads
Optimize a model with 203323 rows, 134930 columns and 684966 nonzeros
Model fingerprint: 0xad12f5af
Variable types: 55774 continuous, 79156 integer (79156 binary)
Coefficient statistics:
  Matrix range     [1e-04, 1e+05]
  Objective range  [1e-06, 1e-01]
  Bounds range     [1e+00, 6e+03]
  RHS range        [1e-04, 1e+05]
Presolve removed 191716 rows and 125016 columns (presolve time = 5s) ...
Presolve removed 192879 rows and 126184 columns
Presolve time: 6.48s
Presolved: 10444 rows, 8746 columns, 131628 nonzeros
Variable types: 3643 continuous, 5103 integer (5102 binary)
Presolve removed 18 rows and 15 columns
Presolved: 10426 rows, 8731 columns, 131520 nonzeros

Root barrier log...

Ordering time: 0.86s

Barrier statistics:
 Dense cols : 130
 AA' NZ     : 5.674e+05
 Factor NZ  : 2.822e+06 (roughly 30 MBytes of memory)
 Factor Ops : 2.424e+09 (less than 1 second per iteration)
 Threads    : 31

                  Objective                Residual
Iter       Primal          Dual         Primal    Dual     Compl     Time
   0   2.12424582e+03 -2.05874343e+04  2.24e+04 2.12e-01  5.12e+01     9s
   1   1.66978134e+03 -2.17315672e+04  1.45e+04 4.11e-01  3.25e+01    10s
   2   7.71199241e+02 -1.95674513e+04  2.13e+03 3.08e-13  5.40e+00    10s
   3   4.82345513e+02 -1.05562422e+04  2.04e+02 3.57e-14  7.67e-01    10s
   4   3.84149149e+02 -3.52782705e+03  1.94e+01 1.42e-13  1.63e-01    10s
   5   3.60438820e+02 -6.13862457e+02  4.91e+00 4.01e-14  3.79e-02    10s
   6   3.49932765e+02  7.57572600e+01  7.06e-01 9.91e-15  1.03e-02    11s
   7   3.44484839e+02  2.71030611e+02  1.24e-03 1.78e-15  2.71e-03    11s
   8   3.42493417e+02  3.18144281e+02  4.81e-04 1.04e-15  8.95e-04    11s
   9   3.41313286e+02  3.33506764e+02  2.43e-04 2.68e-16  2.87e-04    11s
  10   3.40268701e+02  3.36252842e+02  9.75e-05 2.22e-16  1.47e-04    11s
  11   3.39943890e+02  3.37991147e+02  5.93e-05 2.22e-16  7.16e-05    11s
  12   3.39653751e+02  3.38618090e+02  2.57e-05 5.44e-16  3.80e-05    12s
  13   3.39509566e+02  3.39225822e+02  9.07e-06 2.22e-16  1.04e-05    12s
  14   3.39441615e+02  3.39359624e+02  1.95e-06 2.22e-16  3.01e-06    12s
  15   3.39428012e+02  3.39393065e+02  8.03e-07 2.22e-16  1.28e-06    12s
  16   3.39423023e+02  3.39405457e+02  3.29e-07 1.11e-16  6.44e-07    12s
  17   3.39421724e+02  3.39413355e+02  2.09e-07 4.44e-16  3.07e-07    12s
  18   3.39420165e+02  3.39415429e+02  6.78e-08 2.22e-16  1.74e-07    13s
  19   3.39419552e+02  3.39418376e+02  1.47e-08 1.11e-16  4.31e-08    13s
  20   3.39419357e+02  3.39419143e+02  2.36e-09 2.22e-16  7.83e-09    13s
  21   3.39419317e+02  3.39419264e+02  3.90e-10 2.22e-16  1.92e-09    13s
  22   3.39419310e+02  3.39419286e+02  1.07e-10 1.47e-13  8.58e-10    13s
  23   3.39419307e+02  3.39419303e+02  2.45e-11 3.27e-13  1.68e-10    13s
  24   3.39419307e+02  3.39419307e+02  2.85e-11 1.42e-13  9.22e-12    13s

Barrier solved model in 24 iterations and 13.49 seconds
Optimal objective 3.39419307e+02


Root crossover log...

     768 DPushes remaining with DInf 0.0000000e+00                14s
       0 DPushes remaining with DInf 0.0000000e+00                14s

    4554 PPushes remaining with PInf 2.5621386e-05                14s
       0 PPushes remaining with PInf 0.0000000e+00                14s

  Push phase complete: Pinf 0.0000000e+00, Dinf 4.4288718e-02     14s


Root simplex log...

Iteration    Objective       Primal Inf.    Dual Inf.      Time
    5113    3.3941931e+02   0.000000e+00   4.428872e-02     14s
    5135    3.3941931e+02   0.000000e+00   0.000000e+00     14s
    5135    3.3941931e+02   0.000000e+00   0.000000e+00     14s

Root relaxation: objective 3.394193e+02, 5135 iterations, 7.49 seconds
Total elapsed time = 15.07s

    Nodes    |    Current Node    |     Objective Bounds      |     Work
 Expl Unexpl |  Obj  Depth IntInf | Incumbent    BestBd   Gap | It/Node Time

     0     0  339.41931    0 1485          -  339.41931      -     -   15s
     0     0  341.59318    0 1885          -  341.59318      -     -   22s
H    0     0                     368.4639048  341.59318  7.29%     -   23s
H    0     0                     368.4638665  341.59318  7.29%     -   23s
     0     0  341.65619    0 1820  368.46387  341.65619  7.28%     -   24s
     0     0  341.65783    0 1841  368.46387  341.65783  7.28%     -   24s
     0     0  341.65783    0 1844  368.46387  341.65783  7.28%     -   24s
H    0     0                     368.4634722  341.65783  7.27%     -   26s
     0     0  342.73319    0 1792  368.46347  342.73319  6.98%     -   28s
     0     0  342.95462    0 1747  368.46347  342.95462  6.92%     -   31s
     0     0  343.05652    0 1790  368.46347  343.05652  6.90%     -   32s
     0     0  343.06225    0 1809  368.46347  343.06225  6.89%     -   33s
     0     0  343.06261    0 1817  368.46347  343.06261  6.89%     -   33s
     0     0  343.47623    0 1817  368.46347  343.47623  6.78%     -   35s
H    0     0                     348.2158850  343.47623  1.36%     -   36s
     0     0  343.56659    0 1768  348.21588  343.56659  1.34%     -   37s
     0     0  343.58267    0 1876  348.21588  343.58267  1.33%     -   39s
     0     0  343.58698    0 1896  348.21588  343.58698  1.33%     -   39s
H    0     0                     348.0782301  343.58698  1.29%     -   39s
H    0     0                     348.0636038  343.58698  1.29%     -   39s
H    0     0                     348.0636036  343.58698  1.29%     -   39s
     0     0  343.58735    0 1882  348.06360  343.58735  1.29%     -   40s
H    0     0                     348.0636032  343.58735  1.29%     -   41s
     0     0  343.90729    0 1898  348.06360  343.90729  1.19%     -   43s
     0     0  344.05636    0 1901  348.06360  344.05636  1.15%     -   47s
     0     0  344.06661    0 1922  348.06360  344.06661  1.15%     -   49s
     0     0  344.06906    0 1923  348.06360  344.06906  1.15%     -   50s
     0     0  344.06936    0 1920  348.06360  344.06936  1.15%     -   51s
     0     0  344.30891    0 1907  348.06360  344.30891  1.08%     -   56s
H    0     0                     345.6833230  344.30891  0.40%     -   58s
     0     0  344.33259    0 1891  345.68332  344.33259  0.39%     -   58s

Cutting planes:
  Learned: 50
  Gomory: 2
  Cover: 91
  Implied bound: 165
  Projected implied bound: 48
  Clique: 29
  MIR: 585
  Flow cover: 1353
  GUB cover: 4
  Zero half: 10
  RLT: 436
  Relax-and-lift: 54

Explored 1 nodes (25723 simplex iterations) in 58.41 seconds
Thread count was 32 (of 32 available processors)

Solution count 8: 345.683 348.064 348.064 ... 368.464

Optimal solution found (tolerance 1.00e-02)
Best objective 3.456833229704e+02, best bound 3.443325850423e+02, gap 0.3907%
