
Gurobi 9.1.0 (linux64) logging started Wed Aug  4 04:13:22 2021

Changed value of parameter LogFile to eab_parasitoid_0_1_0.2_bud.log
   Prev:   Default: 
Changed value of parameter MIPGap to 0.01
   Prev: 0.0001  Min: 0.0  Max: inf  Default: 0.0001
Changed value of parameter Method to 2
   Prev: -1  Min: -1  Max: 5  Default: -1
Changed value of parameter MIPFocus to 2
   Prev: 0  Min: 0  Max: 3  Default: 0
Changed value of parameter RINS to 100
   Prev: -1  Min: -1  Max: 2000000000  Default: -1
Gurobi Optimizer version 9.1.0 build v9.1.0rc0 (linux64)
Thread count: 32 physical cores, 32 logical processors, using up to 32 threads
Optimize a model with 203396 rows, 134935 columns and 685039 nonzeros
Model fingerprint: 0xb24cb9c4
Variable types: 55779 continuous, 79156 integer (79156 binary)
Coefficient statistics:
  Matrix range     [2e-04, 1e+06]
  Objective range  [1e-06, 1e-01]
  Bounds range     [1e+00, 6e+03]
  RHS range        [1e-04, 1e+06]
Presolve removed 137007 rows and 79166 columns (presolve time = 5s) ...
Presolve removed 155588 rows and 100000 columns (presolve time = 11s) ...
Presolve removed 173886 rows and 109452 columns (presolve time = 17s) ...
Presolve removed 176898 rows and 112519 columns (presolve time = 20s) ...
Presolve removed 177798 rows and 113703 columns (presolve time = 25s) ...
Presolve removed 180512 rows and 115528 columns (presolve time = 32s) ...
Presolve removed 187828 rows and 122622 columns (presolve time = 36s) ...
Presolve removed 188656 rows and 123229 columns (presolve time = 42s) ...
Presolve removed 189389 rows and 123441 columns (presolve time = 46s) ...
Presolve removed 189604 rows and 123635 columns (presolve time = 50s) ...
Presolve removed 189746 rows and 123739 columns (presolve time = 55s) ...
Presolve removed 189954 rows and 123925 columns (presolve time = 60s) ...
Presolve removed 190604 rows and 124304 columns (presolve time = 65s) ...
Presolve removed 190782 rows and 124484 columns (presolve time = 70s) ...
Presolve removed 191905 rows and 125719 columns (presolve time = 75s) ...
Presolve removed 192346 rows and 126166 columns (presolve time = 80s) ...
Presolve removed 193083 rows and 126550 columns (presolve time = 85s) ...
Presolve removed 193138 rows and 126605 columns (presolve time = 91s) ...
Presolve removed 193154 rows and 126610 columns
Presolve time: 94.99s
Presolved: 10242 rows, 8325 columns, 136137 nonzeros
Variable types: 3451 continuous, 4874 integer (4871 binary)
Presolve removed 14 rows and 14 columns
Presolved: 10228 rows, 8311 columns, 136101 nonzeros

Root barrier log...

Ordering time: 1.78s

Barrier statistics:
 Dense cols : 146
 AA' NZ     : 5.873e+05
 Factor NZ  : 2.794e+06 (roughly 30 MBytes of memory)
 Factor Ops : 2.323e+09 (less than 1 second per iteration)
 Threads    : 31

                  Objective                Residual
Iter       Primal          Dual         Primal    Dual     Compl     Time
   0   2.40064869e+03 -1.08285656e+04  4.07e+04 1.38e-01  4.02e+01   101s
   1   1.88636797e+03 -1.22423571e+04  2.82e+04 2.39e-01  2.66e+01   101s
   2   9.15734022e+02 -1.16871223e+04  4.17e+03 3.07e-02  4.51e+00   102s
   3   7.02256767e+02 -7.63407637e+03  4.97e+02 6.09e-05  7.43e-01   102s
   4   6.40522537e+02 -3.00579443e+03  2.06e+02 6.00e-15  2.49e-01   102s
   5   5.98613144e+02 -8.06809303e+02  7.01e+01 8.88e-15  7.39e-02   103s
   6   5.80373260e+02 -2.07521051e+02  1.99e+01 1.42e-14  3.40e-02   103s
   7   5.73766669e+02  3.34813047e+02  6.86e+00 1.11e-15  9.80e-03   103s
   8   5.67204284e+02  4.86875184e+02  1.84e+00 1.12e-15  3.16e-03   103s
   9   5.64622413e+02  5.16123629e+02  5.83e-01 7.11e-15  1.87e-03   104s
  10   5.63132610e+02  5.33923552e+02  1.97e-01 2.66e-15  1.12e-03   104s
  11   5.62358198e+02  5.51454469e+02  6.71e-02 3.48e-16  4.16e-04   104s
  12   5.61702206e+02  5.55102848e+02  9.96e-03 8.88e-16  2.51e-04   104s
  13   5.61219412e+02  5.57699241e+02  2.09e-04 3.33e-16  1.34e-04   105s
  14   5.61009386e+02  5.59451882e+02  1.18e-04 4.44e-16  5.91e-05   105s
  15   5.60907601e+02  5.60130031e+02  8.49e-05 1.51e-16  2.95e-05   105s
  16   5.60785987e+02  5.60276752e+02  4.74e-05 4.44e-16  1.93e-05   105s
  17   5.60751032e+02  5.60418684e+02  3.60e-05 1.19e-16  1.26e-05   105s
  18   5.60724184e+02  5.60458046e+02  2.73e-05 2.22e-16  1.01e-05   106s
  19   5.60708941e+02  5.60494663e+02  2.24e-05 2.66e-15  8.13e-06   106s
  20   5.60690959e+02  5.60563369e+02  1.76e-05 2.66e-15  4.84e-06   106s
  21   5.60671273e+02  5.60593897e+02  1.12e-05 3.33e-16  2.94e-06   107s
  22   5.60657215e+02  5.60609575e+02  6.58e-06 5.33e-15  1.81e-06   107s
  23   5.60653322e+02  5.60613207e+02  5.32e-06 3.55e-15  1.52e-06   107s
  24   5.60645281e+02  5.60621440e+02  2.58e-06 1.34e-16  9.04e-07   107s
  25   5.60644021e+02  5.60624992e+02  2.13e-06 1.16e-16  7.22e-07   107s
  26   5.60641874e+02  5.60631977e+02  1.42e-06 8.88e-16  3.76e-07   108s
  27   5.60640132e+02  5.60633856e+02  8.29e-07 2.22e-16  2.38e-07   108s
  28   5.60639674e+02  5.60634819e+02  6.92e-07 2.66e-15  1.84e-07   108s
  29   5.60639483e+02  5.60635132e+02  6.22e-07 1.11e-16  1.65e-07   108s
  30   5.60639027e+02  5.60635721e+02  4.61e-07 5.55e-17  1.25e-07   109s
  31   5.60638693e+02  5.60636537e+02  3.44e-07 1.78e-15  8.18e-08   109s
  32   5.60638135e+02  5.60636951e+02  1.43e-07 8.88e-16  4.49e-08   109s
  33   5.60637903e+02  5.60637392e+02  6.62e-08 8.81e-17  1.94e-08   109s
  34   5.60637753e+02  5.60637588e+02  1.56e-08 1.52e-16  6.26e-09   110s
  35   5.60637728e+02  5.60637637e+02  7.60e-09 1.11e-16  3.44e-09   110s
  36   5.60637712e+02  5.60637668e+02  2.62e-09 8.88e-16  1.67e-09   110s
  37   5.60637706e+02  5.60637685e+02  9.54e-10 1.11e-16  8.06e-10   110s
  38   5.60637705e+02  5.60637694e+02  5.68e-10 4.44e-15  4.02e-10   111s
  39   5.60637703e+02  5.60637699e+02  1.95e-10 5.33e-15  1.54e-10   111s
  40   5.60637703e+02  5.60637702e+02  3.74e-11 1.81e-14  4.61e-11   111s

Barrier solved model in 40 iterations and 111.04 seconds
Optimal objective 5.60637703e+02


Root crossover log...

     631 DPushes remaining with DInf 0.0000000e+00               111s
       0 DPushes remaining with DInf 0.0000000e+00               111s

    4031 PPushes remaining with PInf 0.0000000e+00               111s
       0 PPushes remaining with PInf 0.0000000e+00               112s

  Push phase complete: Pinf 0.0000000e+00, Dinf 1.0833989e-02    112s


Root simplex log...

Iteration    Objective       Primal Inf.    Dual Inf.      Time
    4451    5.6063770e+02   0.000000e+00   1.083399e-02    112s
    4464    5.6063770e+02   0.000000e+00   0.000000e+00    112s
    4464    5.6063770e+02   0.000000e+00   0.000000e+00    112s

Root relaxation: objective 5.606377e+02, 4464 iterations, 15.99 seconds
Total elapsed time = 116.07s

    Nodes    |    Current Node    |     Objective Bounds      |     Work
 Expl Unexpl |  Obj  Depth IntInf | Incumbent    BestBd   Gap | It/Node Time

     0     0  566.39294    0 2353          -  566.39294      -     -  120s
     0     0  643.36372    0 2174          -  643.36372      -     -  209s
     0     0  643.84297    0 2200          -  643.84297      -     -  273s
     0     0  643.86844    0 2157          -  643.86844      -     -  292s
     0     0  643.87017    0 2169          -  643.87017      -     -  294s
     0     0  647.68329    0 2193          -  647.68329      -     -  354s
H    0     0                     731.6781948  647.68329  11.5%     -  461s
     0     0  649.30554    0 2173  731.67819  649.30554  11.3%     -  462s
H    0     0                     730.8527840  649.30554  11.2%     -  490s
     0     0  649.49960    0 2119  730.85278  649.49960  11.1%     -  490s
     0     0  649.63639    0 2066  730.85278  649.63639  11.1%     -  528s
     0     0  649.64863    0 2074  730.85278  649.64863  11.1%     -  547s
     0     0  655.27994    0 2048  730.85278  655.27994  10.3%     -  680s
     0     0  657.14085    0 2061  730.85278  657.14085  10.1%     -  729s
     0     0  657.19465    0 2091  730.85278  657.19465  10.1%     -  758s
     0     0  657.20016    0 2090  730.85278  657.20016  10.1%     -  783s
     0     0  664.07105    0 2081  730.85278  664.07105  9.14%     -  915s
H    0     0                     730.8441108  664.07105  9.14%     -  920s
     0     0  664.14556    0 2081  730.84411  664.14556  9.13%     -  958s
     0     0  664.15959    0 2078  730.84411  664.15959  9.12%     -  982s
     0     0  666.40167    0 2077  730.84411  666.40167  8.82%     - 1100s
     0     0  666.45155    0 2086  730.84411  666.45155  8.81%     - 1157s
H    0     0                     705.3131541  666.45155  5.51%     - 1244s
H    0     0                     705.3113509  666.45155  5.51%     - 1244s
H    0     0                     705.3060987  666.45155  5.51%     - 1244s
H    0     0                     705.3022555  666.45155  5.51%     - 1244s
     0     0  671.08363    0 1989  705.30226  671.08363  4.85%     - 1528s
     0     0  671.57409    0 2000  705.30226  671.57409  4.78%     - 1721s
     0     0  671.61485    0 1971  705.30226  671.61485  4.78%     - 1844s
     0     0  675.63463    0 1934  705.30226  675.63463  4.21%     - 2057s
     0     0  675.70584    0 1958  705.30226  675.70584  4.20%     - 2126s
     0     0  677.42322    0 1926  705.30226  677.42322  3.95%     - 2261s
     0     0  677.44105    0 1914  705.30226  677.44105  3.95%     - 2319s
     0     0  678.40431    0 1918  705.30226  678.40431  3.81%     - 2511s
H    0     0                     704.7569304  678.40431  3.74%     - 2570s
H    0     0                     704.7522188  678.40431  3.74%     - 2570s
H    0     0                     704.7500315  678.40431  3.74%     - 2570s
     0     0  678.42983    0 1948  704.75003  678.42983  3.73%     - 2660s
     0     0  679.94655    0 1922  704.75003  679.94655  3.52%     - 2885s
H    0     0                     704.7483673  679.94655  3.52%     - 2895s
     0     0  679.96025    0 1907  704.74837  679.96025  3.52%     - 3007s
     0     0  680.00498    0 1906  704.74837  680.00498  3.51%     - 3217s
     0     0  680.00498    0 1902  704.74837  680.00498  3.51%     - 3242s
H    0     0                     695.9517777  680.00498  2.29%     - 4486s
     0     2  680.00498    0 1902  695.95178  680.00498  2.29%     - 4493s
     1     4  686.38847    1 1912  695.95178  680.00498  2.29%  2437 4528s
     3     8  691.13678    2 1877  695.95178  680.13372  2.27%  2109 4581s
     7    16  691.24342    3 1865  695.95178  682.31443  1.96%  2453 4595s
    15    32  694.52040    4 1889  695.95178  682.51335  1.93%  1907 4640s
    31    62  694.63570    5 1934  695.95178  682.70889  1.90%  3658 4924s
    63    92  694.87429    6 1936  695.95178  683.10174  1.85%  4576 6138s
    95   104     cutoff    7       695.95178  683.10174  1.85%  6147 11303s
H   96   104                     695.9458958  683.10174  1.85%  6083 11303s
H   99   104                     695.9188357  683.10174  1.84%  6091 11303s
   127   112     cutoff    7       695.91884  683.10174  1.84%  5582 12037s
H  129   112                     695.8882308  683.10174  1.84%  5520 12037s
H  131   112                     695.8864376  683.10174  1.84%  5480 12037s
H  140   112                     695.8801713  683.10174  1.84%  5347 12037s
   159   128  689.98759    8 1829  695.88017  683.10174  1.84%  5061 12645s
H  162   128                     695.8644999  683.10174  1.83%  5004 12645s
H  187   128                     695.8590178  683.10174  1.83%  4711 12645s
   191   163  690.24740    9 1834  695.85902  683.10174  1.83%  4787 13010s
H  232   191                     695.8170067  683.10174  1.83%  4236 16584s
H  236   191                     695.8123481  683.10174  1.83%  4213 16584s
H  241   191                     695.8074627  683.10174  1.83%  4159 16584s
   264   235  690.99838   11 1807  695.80746  683.10174  1.83%  4003 16867s
   308   274  691.04306   12 1819  695.80746  683.10174  1.83%  3705 17168s
   357   325  691.66115   14 1852  695.80746  683.10174  1.83%  3461 17435s
   420   366  693.10919   16 1843  695.80746  683.10174  1.83%  3180 17685s
   487   407  693.81957   19 1818  695.80746  683.10174  1.83%  2938 17942s
   562   446  694.64574   23 1773  695.80746  683.10174  1.83%  2712 18220s
   633   484  695.21800   27 1758  695.80746  683.10174  1.83%  2546 18485s
   703   519  695.51918   31 1765  695.80746  683.10174  1.83%  2411 19161s
   764   567     cutoff   36       695.80746  683.10174  1.83%  2339 19355s
   852   601  685.71309   17 1785  695.80746  683.10174  1.83%  2203 19582s
   922   660  687.71193   19 1774  695.80746  683.10174  1.83%  2119 19725s
  1016   714  688.51698   20 1724  695.80746  683.10174  1.83%  2020 19900s
  1124   804  688.76021   24 1713  695.80746  683.10174  1.83%  1911 20102s
  1238   887  689.90865   28 1691  695.80746  683.10174  1.83%  1814 20382s
  1349   987  690.69554   35 1667  695.80746  683.10174  1.83%  1735 20689s
  1482  1155  690.90650   44 1632  695.80746  683.10174  1.83%  1646 20950s
  1658  1341  692.19812   54 1631  695.80746  683.10174  1.83%  1528 21446s
  1854  1541  692.58770   65 1589  695.80746  683.10174  1.83%  1416 21849s
  2071  1774  692.70656   77 1570  695.80746  683.10174  1.83%  1311 22351s
  2333  1991  693.86942   90 1549  695.80746  683.10174  1.83%  1199 22705s
  2595  2129  693.94838  105 1500  695.80746  683.10174  1.83%  1112 24835s
H 2600  2129                     695.7884148  683.10174  1.82%  1110 24835s
H 2748  2124                     695.7400836  683.10174  1.82%  1073 24836s
  2755  2419  693.97817  111 1494  695.74008  683.10174  1.82%  1071 25343s
  3081  2420  689.94416   23 1902  695.74008  683.10174  1.82%   989 28821s
  3083  2421  693.35963    9 2328  695.74008  683.10174  1.82%   988 28840s
  3084  2422  695.47277  116 2102  695.74008  683.10174  1.82%   988 28845s
H 3085  2301                     695.7400835  683.10174  1.82%   987 28861s
  3087  2302  695.60170   52 1816  695.74008  683.10174  1.82%   987 28872s
H 3087  2187                     695.7400824  683.10174  1.82%   987 28876s
  3089  2188  690.77611   37 1773  695.74008  683.10174  1.82%   986 28892s
  3090  2189  694.13285   10 1763  695.74008  683.10174  1.82%   986 28900s
  3091  2190  685.70473   11 1782  695.74008  683.10174  1.82%   985 28935s
  3092  2190  694.47005   14 1783  695.74008  683.10174  1.82%   985 28962s
  3093  2191  693.77586  101 1758  695.74008  683.10174  1.82%   985 28971s
  3094  2192  693.02040    7 1836  695.74008  683.10174  1.82%   985 28980s
  3095  2192  694.32919   77 1824  695.74008  683.10174  1.82%   984 29016s
  3096  2193  692.95121   43 1822  695.74008  683.10174  1.82%   984 29231s
  3097  2194  688.52792   22 1809  695.74008  683.10174  1.82%   984 29247s
  3098  2194  693.96907   31 1822  695.74008  683.10174  1.82%   983 29267s
  3099  2195  687.06395   11 1847  695.74008  683.10174  1.82%   983 29271s
  3101  2196  692.36552   56 1850  695.74008  683.10174  1.82%   982 29276s
  3102  2197  694.30065   47 1861  695.74008  683.10174  1.82%   982 29319s
  3103  2198  692.21724   56 1858  695.74008  683.87065  1.71%   982 29401s
  3104  2198  695.57775   97 1872  695.74008  683.90618  1.70%   981 29406s
  3106  2200  694.35432   81 1869  695.74008  683.90618  1.70%   981 29410s
  3108  2201  693.41799   88 1879  695.74008  683.90618  1.70%   980 29418s
  3109  2202  693.40868   21 1870  695.74008  683.90618  1.70%   980 29454s
  3110  2202  695.60268   33 1845  695.74008  683.90618  1.70%   979 29552s
  3111  2203  692.89331   23 1839  695.74008  683.90618  1.70%   979 29574s
  3112  2204  693.29344   74 1849  695.74008  683.90618  1.70%   979 29590s
  3113  2204  693.71171   94 1877  695.74008  683.90618  1.70%   979 29629s
  3114  2205  692.46700   53 1850  695.74008  683.90618  1.70%   978 29696s
  3115  2206  694.80499   85 1869  695.74008  683.90618  1.70%   978 29766s
  3116  2206  693.90973   58 1848  695.74008  683.90618  1.70%   978 29866s
  3117  2207  692.68549   10 1852  695.74008  683.90618  1.70%   977 29927s
  3118  2208  685.17039   15 1843  695.74008  683.90618  1.70%   977 30043s
  3119  2208  693.05915   55 1856  695.74008  683.90618  1.70%   977 30129s
  3120  2209  690.63679   32 1870  695.74008  683.90618  1.70%   976 30289s
  3121  2210  694.19999   74 1870  695.74008  683.90618  1.70%   976 30330s
  3122  2210  693.44918   27 1870  695.74008  683.90618  1.70%   976 30927s
  3123  2214  689.26807   15 1781  695.74008  683.90618  1.70%   998 31280s
  3125  2217  690.76413   16 1792  695.74008  683.99796  1.69%   998 31532s
  3129  2223  691.23199   17 1798  695.74008  684.67842  1.59%  1001 31852s
  3137  2235  691.74175   18 1807  695.74008  685.06380  1.53%  1007 31927s
  3152  2246     cutoff   19       695.74008  685.14025  1.52%  1012 32001s
  3182  2256  685.80279   20 1876  695.74008  685.58354  1.46%  1033 32037s
  3214  2273  686.77017   21 1739  695.74008  685.70102  1.44%  1054 32061s
  3246  2282  686.98148   22 1735  695.74008  685.70102  1.44%  1060 32106s
H 3278  2186                     695.7314398  685.70102  1.44%  1064 32284s
H 3289  2077                     695.7059495  685.70102  1.44%  1067 32284s
H 3290  1976                     695.6989689  685.70102  1.44%  1067 32284s
  3310  1988  687.19883   24 1761  695.69897  685.70102  1.44%  1071 32415s
  3347  1997  692.89376   25 1720  695.69897  685.70102  1.44%  1092 32458s
  3383  1995     cutoff   26       695.69897  685.70102  1.44%  1099 32990s
H 3384  1899                     695.6989170  685.70102  1.44%  1099 32990s
H 3385  1809                     695.6989018  685.70102  1.44%  1098 32990s
H 3390  1721                     695.6988993  685.70102  1.44%  1100 32990s
H 3391  1639                     695.6988846  685.70102  1.44%  1100 32990s
H 3405  1556                     695.6980851  685.70102  1.44%  1106 32990s
H 3415  1492                     695.6980430  685.70102  1.44%  1108 33782s
H 3416  1420                     695.6980419  685.70102  1.44%  1109 33782s
H 3418  1354                     695.6978725  685.70102  1.44%  1109 33782s
H 3428  1287                     695.6968100  685.70102  1.44%  1112 33782s
  3447  1305  693.71274   27 1641  695.69681  685.70102  1.44%  1116 33949s
  3520  1325     cutoff   29       695.69681  685.70102  1.44%  1126 34125s
  3598  1345  694.58614   30 1679  695.69681  685.70102  1.44%  1127 34391s
  3668  1372  695.10896   32 1661  695.69681  685.70102  1.44%  1132 34426s
  3753  1386  695.63614   32 1651  695.69681  685.70102  1.44%  1139 34444s
  3823  1424     cutoff   31       695.69681  685.70249  1.44%  1141 34485s
  3940  1458  687.54923   23 1790  695.69681  686.29933  1.35%  1138 34651s
  4060  1474  688.51866   25 1741  695.69681  686.29933  1.35%  1133 34735s
  4170  1511  690.72370   29 1711  695.69681  686.29933  1.35%  1130 34843s
  4291  1576  691.94409   33 1706  695.69681  686.29933  1.35%  1132 34970s
  4440  1629  693.05722   37 1688  695.69681  686.29933  1.35%  1121 35179s
  4610  1637  694.27059   44 1653  695.69681  686.29933  1.35%  1103 35363s
  4790  1656  695.00549   53 1666  695.69681  686.29933  1.35%  1087 35528s
  4940  1678  695.26544   61 1643  695.69681  686.29933  1.35%  1079 35621s
  5101  1680  695.49973   69 1617  695.69681  686.29933  1.35%  1070 35735s
  5231  1735     cutoff   82       695.69681  686.49659  1.32%  1063 35810s
  5415  1846  689.28237   24 1736  695.69681  686.52040  1.32%  1051 35874s
  5618  1987  690.55074   26 1769  695.69681  686.52040  1.32%  1032 35964s
  5877  2094  691.91157   31 1721  695.69681  686.52040  1.32%  1006 36135s
  6156  2182  693.64035   38 1651  695.69681  686.52040  1.32%   984 36453s
  6408  2285  694.96266   45 1671  695.69681  686.52040  1.32%   965 37095s
  6685  2445  695.65983   56 1662  695.69681  686.86096  1.27%   948 37568s
  6985  2695  687.83167   24 1725  695.69681  686.88704  1.27%   922 37780s
  7310  3064  689.46747   26 1723  695.69681  686.88704  1.27%   894 37929s
  7577  3064  695.32362   37 1691  695.69681  686.88704  1.27%   871 37930s
  7742  3641  690.41012   29 1713  695.69681  686.88704  1.27%   859 38130s
  8407  4141  692.62209   37 1669  695.69681  686.88704  1.27%   803 38356s
  9038  4672  694.69292   47 1677  695.69681  686.88704  1.27%   759 38516s
  9683  4937  695.55600   65 1648  695.69681  687.15809  1.23%   723 38952s
H 9720  4932                     695.6915274  687.16052  1.23%   721 38952s
H 9759  4932                     695.6914477  687.16052  1.23%   719 38952s
H 9992  4860                     695.6712856  687.16052  1.22%   711 38952s
 10062  5097  688.76731   26 1759  695.67129  687.16052  1.22%   709 39165s
 10532  5408  690.20319   31 1704  695.67129  687.16052  1.22%   695 39378s
 11001  5702  693.36745   39 1667  695.67129  687.16052  1.22%   683 39651s
 11416  6177  695.66446   60 1637  695.67129  688.30057  1.06%   674 39841s
 12083  6377  694.62237   28 1735  695.67129  689.02589  0.96%   653 40105s

Cutting planes:
  Learned: 28
  Gomory: 25
  Cover: 234
  Implied bound: 60
  Projected implied bound: 176
  Clique: 5
  MIR: 745
  StrongCG: 1
  Flow cover: 3081
  GUB cover: 10
  Zero half: 38
  RLT: 1752
  Relax-and-lift: 296

Explored 12422 nodes (8157048 simplex iterations) in 40106.19 seconds
Thread count was 32 (of 32 available processors)

Solution count 10: 695.671 695.691 695.692 ... 695.699

Optimal solution found (tolerance 1.00e-02)
Warning: max constraint violation (3.4214e-06) exceeds tolerance
Best objective 6.956712855668e+02, best bound 6.890258937719e+02, gap 0.9552%
