
Gurobi 9.1.0 (linux64) logging started Thu Dec 30 17:27:40 2021

Changed value of parameter LogFile to eab_parasitoid_0.6_2_1_bud.log
   Prev:   Default: 
Changed value of parameter MIPGap to 0.01
   Prev: 0.0001  Min: 0.0  Max: inf  Default: 0.0001
Changed value of parameter MIPFocus to 1
   Prev: 0  Min: 0  Max: 3  Default: 0
Changed value of parameter RINS to 100
   Prev: -1  Min: -1  Max: 2000000000  Default: -1
Changed value of parameter TimeLimit to 28800.0
   Prev: inf  Min: 0.0  Max: inf  Default: inf
Changed value of parameter NodeFileStart to 10000.0
   Prev: inf  Min: 0.0  Max: inf  Default: inf
Changed value of parameter Threads to 4
   Prev: 0  Min: 0  Max: 1024  Default: 0
Changed value of parameter Heuristics to 1.0
   Prev: 0.05  Min: 0.0  Max: 1.0  Default: 0.05
Gurobi Optimizer version 9.1.0 build v9.1.0rc0 (linux64)
Thread count: 32 physical cores, 32 logical processors, using up to 4 threads
Optimize a model with 381543 rows, 174513 columns and 1305866 nonzeros
Model fingerprint: 0x57cdd80e
Variable types: 77367 continuous, 97146 integer (97146 binary)
Coefficient statistics:
  Matrix range     [1e-04, 6e+03]
  Objective range  [1e-06, 1e-01]
  Bounds range     [1e+00, 6e+03]
  RHS range        [1e-04, 7e+03]

User MIP start produced solution with objective 666.766 (5.86s)
User MIP start produced solution with objective 666.743 (5.98s)
User MIP start produced solution with objective 665.905 (6.36s)
User MIP start produced solution with objective 665.632 (6.74s)
Loaded user MIP start with objective 665.632
Processed MIP start in 6.77 seconds

Presolve removed 223109 rows and 79644 columns (presolve time = 5s) ...
Presolve removed 258085 rows and 103430 columns
Presolve time: 6.96s
Presolved: 123458 rows, 71083 columns, 632792 nonzeros
Variable types: 32524 continuous, 38559 integer (38559 binary)

Deterministic concurrent LP optimizer: primal and dual simplex (primal and dual model)
Showing first log only...

Presolve removed 110 rows and 92 columns
Presolved: 123348 rows, 70991 columns, 632521 nonzeros


Root simplex log...

Iteration    Objective       Primal Inf.    Dual Inf.      Time
       0    1.0607460e+02   2.830669e+02   2.104370e+09     14s
Concurrent spin time: 0.01s

Solved with dual simplex (primal model)

Root relaxation: objective 9.409485e+01, 5595 iterations, 0.88 seconds

    Nodes    |    Current Node    |     Objective Bounds      |     Work
 Expl Unexpl |  Obj  Depth IntInf | Incumbent    BestBd   Gap | It/Node Time

     0     0   94.09485    0 1291  665.63195   94.09485  85.9%     -   19s
     0     0   95.02349    0 2160  665.63195   95.02349  85.7%     -   27s
     0     0   95.24719    0 2248  665.63195   95.24719  85.7%     -   30s
     0     0   95.51805    0 2619  665.63195   95.51805  85.7%     -   35s
     0     0   95.52784    0 2700  665.63195   95.52784  85.6%     -   38s
     0     0   95.53094    0 2684  665.63195   95.53094  85.6%     -   39s
     0     0   95.53109    0 2692  665.63195   95.53109  85.6%     -   39s
     0     0   95.53109    0 2697  665.63195   95.53109  85.6%     -   39s
     0     0   96.04609    0 2430  665.63195   96.04609  85.6%     -   46s
     0     0   96.09751    0 2504  665.63195   96.09751  85.6%     -   48s
     0     0   96.11125    0 2458  665.63195   96.11125  85.6%     -   49s
     0     0   96.11182    0 2485  665.63195   96.11182  85.6%     -   49s
     0     0   96.11183    0 2496  665.63195   96.11183  85.6%     -   50s
     0     0   96.28017    0 2429  665.63195   96.28017  85.5%     -   54s
     0     0   96.29024    0 2472  665.63195   96.29024  85.5%     -   56s
     0     0   96.29419    0 2496  665.63195   96.29419  85.5%     -   56s
     0     0   96.29435    0 2481  665.63195   96.29435  85.5%     -   57s
     0     0   96.30076    0 2490  665.63195   96.30076  85.5%     -   60s
H    0     0                     585.3034810   96.30076  83.5%     -   67s
H    0     0                     526.4111815   96.30076  81.7%     -  130s
     0     2   96.30076    0 2490  526.41118   96.30076  81.7%     -  136s
     3     8  136.32962    2 2513  526.41118   96.30359  81.7%  2966  140s
    11    14  164.77914    3 2462  526.41118   96.88826  81.6%  1714  145s
H   23    26                     481.2328166   96.97343  79.8%   845  153s
H   25    26                     394.1814382   96.97343  75.4%   806  153s
H   27    30                     357.2290325   96.97343  72.9%   760  223s
H   39    42                     313.3612038   96.97343  69.1%   581  228s
    55    62  165.34051   14 2476  313.36120   96.97343  69.1%   445  232s
H   56    62                     313.3612038   96.97343  69.1%   437  232s
    63    66  165.34963   16 2480  313.36120   96.97343  69.1%   432  236s
H   67    71                     313.3439368   96.97343  69.1%   410  240s
    83    91  165.80983   22 2421  313.34394   96.97343  69.1%   374  258s
H   92    95                     313.3439367   96.97343  69.1%   352  261s
H   94    95                     313.3439366   96.97343  69.1%   349  261s
   102   105  165.83780   25 2427  313.34394   96.97343  69.1%   340  270s
H  110   113                     254.3859630   96.97343  61.9%   323  287s
H  112   113                     224.0575939   96.97343  56.7%   318  287s
H  136   139                     217.5994327   96.97343  55.4%   280  294s
H  137   139                     121.6039418   96.97343  20.3%   278  294s
   140   156     cutoff   33       121.60394   97.35549  19.9%   275  296s
H  169   160                     121.5207503   97.35549  19.9%   251  302s
H  171   160                     120.6698364   97.35549  19.3%   255  302s
   196   196  101.11287   12 2290  120.66984   97.35549  19.3%   270  310s
H  198   196                     120.6697254   97.35549  19.3%   268  310s
H  199   196                     120.6619713   97.35549  19.3%   267  310s
H  202   196                     119.0350891   97.35549  18.2%   264  310s
H  210   200                     102.1139081   97.35549  4.66%   259  334s
   214   225  101.19726   16 2226  102.11391   97.35549  4.66%   258  336s
H  246   218                     100.1205193   97.35549  2.76%   240  343s
H  247   218                     100.1158021   97.35549  2.76%   241  343s
   250   238     cutoff   23       100.11580   97.41966  2.69%   243  345s
   282   214     cutoff   15       100.11580   97.43949  2.67%   237  351s
H  285   214                     100.1083331   97.43949  2.67%   245  351s
   303   229   98.06084   18 2244  100.10833   97.43949  2.67%   235  382s
   316   222   98.06625   19 2234  100.10833   97.43949  2.67%   230  387s
   320   268   98.07262   20 2224  100.10833   97.43949  2.67%   228  390s
   369   226   98.17334   34 1923  100.10833   97.43949  2.67%   211  396s
   373   265   98.17428   35 1920  100.10833   97.43949  2.67%   209  400s
H  420   224                     100.0383553   97.43949  2.60%   190  414s
H  423   224                      99.8600801   97.43949  2.42%   190  414s
   424   295   98.18341   46 1855   99.86008   97.43949  2.42%   190  417s
H  503   297                      99.8591859   97.43949  2.42%   167  421s
   509   353   98.46584   62 1561   99.85919   97.43949  2.42%   165  427s
H  570   357                      99.8390419   97.43949  2.40%   150  436s
H  591   424                      99.8288150   97.43949  2.39%   146  439s
H  651   428                      99.8285322   97.43949  2.39%   135  448s
H  654   428                      99.8285322   97.43949  2.39%   135  448s
   655   440   99.40278   98 1462   99.82853   97.43949  2.39%   135  456s
H  660   440                      99.8222293   97.43949  2.39%   134  456s
H  663   439                      99.8088607   97.43949  2.37%   133  456s
H  666   439                      99.7794725   97.43949  2.35%   133  456s
   667   445   99.42274  101 1458   99.77947   97.43949  2.35%   133  461s
H  671   445                      99.7668512   97.43949  2.33%   133  461s
   675   467   99.42332  103 1460   99.76685   97.43949  2.33%   134  471s
H  680   465                      99.7498771   97.43949  2.32%   133  471s
H  686   465                      99.7443997   97.43949  2.31%   132  471s
H  699   465                      99.7414876   97.43949  2.31%   130  471s
H  700   469                      99.7413240   97.43949  2.31%   130  478s
H  702   469                      99.7325334   97.43949  2.30%   130  478s
   704   524   99.52233  110 1440   99.73253   97.43949  2.30%   130  503s
H  725   524                      99.7325334   97.43949  2.30%   126  503s
   763   536   99.58623  132 1400   99.73253   97.43949  2.30%   122  513s
   777   588   99.59077  133 1396   99.73253   97.43949  2.30%   120  518s
   841   592   99.67505  155 1343   99.73253   97.43949  2.30%   114  531s
   845   649   99.67505  156 1343   99.73253   97.47722  2.26%   113  540s
H  899   645                      99.7259891   97.47722  2.25%   111  540s
   944   649   98.82036   38 2173   99.72599   97.47722  2.25%   108  549s
H  946   649                      99.7259891   97.47722  2.25%   108  549s
H  947   649                      99.7256387   97.47722  2.25%   108  549s
H  952   673                      99.7256387   97.47722  2.25%   108  555s
   986   727   98.88160   43 2085   99.72564   97.47722  2.25%   107  562s
  1046   728   99.53452  117 2490   99.72564   97.47722  2.25%   104  590s
  1048   729   99.53457  118 1309   99.72564   97.47722  2.25%   104  599s
  1049   730   98.26965   67 2086   99.72564   97.47722  2.25%   103  607s
  1050   731   99.44074  258 2272   99.72564   97.60485  2.13%   103  612s
  1051   731   99.41855  261 2234   99.72564   97.66228  2.07%   103  615s
  1054   733   98.67876   79 2385   99.72564   97.83795  1.89%   103  622s
  1056   735   99.26888  208 2452   99.72564   97.93840  1.79%   103  626s
  1057   735   99.49830   98 2249   99.72564   98.13588  1.59%   103  632s
  1059   737   98.58830   81 2276   99.72564   98.16346  1.57%   102  636s
  1061   738   99.38886  239 2354   99.72564   98.22192  1.51%   102  642s
  1063   739   99.49450  179 2389   99.72564   98.23216  1.50%   102  646s
  1064   740   99.50265   96 2389   99.72564   98.23216  1.50%   102  689s
  1065   742     cutoff   10        99.72564   98.23216  1.50%   142  701s
  1069   746   98.46607   12 2270   99.72564   98.42299  1.31%   144  708s
H 1072   707                      99.7197247   98.43074  1.29%   148  708s
  1073   711   98.57179   13 2172   99.71972   98.45436  1.27%   150  710s
  1089   718   98.62677   15 1943   99.71972   98.45436  1.27%   159  716s
  1097   724   98.62751   16 1951   99.71972   98.45436  1.27%   159  720s
  1127   734   99.44214   19 2169   99.71972   98.45436  1.27%   164  726s
  1152   743   98.71821   22 1934   99.71972   98.45436  1.27%   167  730s
  1163   755   98.72048   23 1925   99.71972   98.45436  1.27%   168  737s
  1189   766   99.32215   25 1976   99.71972   98.45436  1.27%   166  741s
H 1197   737                      99.7196627   98.45436  1.27%   167  743s
  1221   754   98.78967   28 1761   99.71966   98.45436  1.27%   165  747s
  1263   780   98.80632   31 1757   99.71966   98.45436  1.27%   162  753s
H 1265   745                      99.7196625   98.45436  1.27%   162  754s
H 1267   717                      99.7195348   98.45436  1.27%   162  756s
  1277   740   98.81074   32 1763   99.71953   98.45436  1.27%   162  760s
  1300   736   98.85177   34 1730   99.71953   98.45436  1.27%   161  765s
H 1303   705                      99.7194369   98.45436  1.27%   160  765s
H 1303   676                      99.7194044   98.45436  1.27%   160  765s
  1332   699   98.86702   39 1655   99.71940   98.45436  1.27%   158  771s
  1371   733   98.87013   41 1602   99.71940   98.45436  1.27%   154  775s
H 1388   699                      99.6778164   98.45436  1.23%   153  775s
  1389   736   98.88043   44 1576   99.67782   98.45436  1.23%   153  781s
H 1427   701                      99.6729131   98.45436  1.22%   149  786s
H 1431   695                      99.6727674   98.45436  1.22%   149  788s
  1450   715   98.91160   48 1527   99.67277   98.45436  1.22%   147  791s
H 1463   687                      99.6727580   98.45436  1.22%   146  791s
  1499   699   98.91672   56 1500   99.67276   98.45436  1.22%   143  802s
  1507   700   98.92997   57 1654   99.67276   98.45436  1.22%   143  805s
H 1553   712                      99.6722681   98.45436  1.22%   140  812s
H 1564   687                      99.6714339   98.45436  1.22%   139  812s
  1566   741   99.10753   63 1492   99.67143   98.45436  1.22%   140  815s
H 1620   705                      99.6712255   98.45436  1.22%   136  821s
  1693   775   99.11540   77 1432   99.67123   98.45436  1.22%   131  829s
H 1698   755                      99.6710283   98.45436  1.22%   131  829s
  1722   799   99.18859   79 1455   99.67103   98.45436  1.22%   129  833s
  1780   812   99.13539   82 1372   99.67103   98.45436  1.22%   126  836s
H 1816   806                      99.6709916   98.45436  1.22%   123  841s
H 1829   785                      99.6693806   98.45436  1.22%   123  841s
H 1836   766                      99.6692422   98.45436  1.22%   122  841s
  1843   775   99.13892   90 1336   99.66924   98.45436  1.22%   122  845s
H 1848   759                      99.6650897   98.45436  1.21%   122  845s
  1859   819   99.29802   92 1331   99.66509   98.45436  1.21%   121  857s
H 1888   794                      99.6643108   98.45436  1.21%   119  857s
H 1927   818                      99.6642978   98.45436  1.21%   117  863s
H 1939   818                      99.6642680   98.45436  1.21%   116  863s
H 1952   818                      99.6625079   98.45436  1.21%   116  863s
H 1953   826                      99.6618453   98.45436  1.21%   116  867s
  1962   880   99.15578   98 1290   99.66185   98.45436  1.21%   115  873s
  2016   950   99.20961  104 1261   99.66185   98.45436  1.21%   112  877s
  2088   960   99.16784  113 1210   99.66185   98.45436  1.21%   109  882s
H 2097   960                      99.6574127   98.45436  1.21%   108  882s
  2098   972   99.51386  114 1231   99.65741   98.45436  1.21%   108  888s
H 2099   972                      99.6567166   98.45436  1.21%   108  888s
  2110  1056   99.17241  116 1211   99.65672   98.45436  1.21%   108  892s
  2198  1102   99.18825  129 1181   99.65672   98.45436  1.21%   104  898s
  2245  1176   99.20705  132 1190   99.65672   98.45436  1.21%   102  903s
H 2324  1202                      99.6565931   98.45436  1.21%  99.0  913s
H 2334  1202                      99.6562016   98.45436  1.21%  98.7  913s
H 2345  1202                      99.6543605   98.45436  1.20%  98.5  913s
H 2362  1259                      99.6543286   98.45436  1.20%   102  921s
  2426  1341   99.21378  157 1107   99.65433   98.45436  1.20%   100  929s
  2516  1359   99.49776  169 1211   99.65433   98.45436  1.20%  99.5  935s
H 2517  1359                      99.6527329   98.45436  1.20%  99.4  935s
  2536  1474   99.24200  171 1073   99.65273   98.45436  1.20%  98.8  942s
H 2608  1474                      99.6527318   98.45436  1.20%  96.4  942s
  2660  1477   99.24363  186 1033   99.65273   98.45436  1.20%  94.6  951s
H 2662  1477                      99.6523365   98.45436  1.20%  94.5  951s
  2666  1595   99.22845  187 1038   99.65234   98.45436  1.20%  94.4  958s
  2796  1634     cutoff  200        99.65234   98.45436  1.20%  91.7  966s
H 2838  1723                      99.6513833   98.45436  1.20%  90.4  977s
H 2887  1723                      99.6512634   98.45436  1.20%  89.0  977s
H 2912  1723                      99.6510232   98.45436  1.20%  89.1  977s
H 2937  1815                      99.6505025   98.45436  1.20%  88.4  986s
H 2984  1815                      99.6490654   98.45436  1.20%  87.2  986s
  3038  1988   99.30575  229  942   99.64907   98.45436  1.20%  87.1 1020s
H 3056  1988                      99.6490654   98.45436  1.20%  86.6 1020s
H 3084  1988                      99.6479667   98.45436  1.20%  86.1 1020s
H 3163  1988                      99.6458775   98.45436  1.20%  88.4 1020s
  3222  2058   99.38472  243  926   99.64588   98.45436  1.20%  86.9 1030s
H 3285  2058                      99.6424931   98.45436  1.19%  85.9 1030s
  3305  2080   99.32990  259  900   99.64249   98.45436  1.19%  85.5 1040s
  3331  2267   99.33551  262  896   99.64249   98.45436  1.19%  85.1 1050s
H 3534  2268                      99.6115937   98.45436  1.16%  81.4 1071s
H 3534  2268                      99.6105328   98.45436  1.16%  81.4 1071s
  3538  2353   99.38612  294  865   99.61053   98.45436  1.16%  81.3 1086s
H 3563  2350                      99.5987561   98.45436  1.15%  80.9 1086s
  3642  2445   99.39311  307  837   99.59876   98.45436  1.15%  79.9 1102s
  3754  2466   99.52459  320  856   99.59876   98.45436  1.15%  78.1 1116s
H 3766  2465                      99.5882836   98.45436  1.14%  77.9 1116s
  3775  2547   99.39518  326  819   99.58828   98.45436  1.14%  77.7 1129s
  3861  2676   99.55294  339 1000   99.58828   98.45436  1.14%  76.5 1143s
  3997  2889   99.41950  359  788   99.58828   98.45436  1.14%  74.1 1158s
  4219  3076   99.44183  396  755   99.58828   98.45436  1.14%  70.6 1171s
H 4234  3071                      99.5827227   98.45436  1.13%  70.4 1171s
  4425  3085   99.44894  421  723   99.58272   98.45436  1.13%  67.7 1183s
  4439  3318   99.45142  422  722   99.58272   98.45436  1.13%  67.5 1201s
H 4464  3317                      99.5816653   98.45436  1.13%  67.2 1201s
H 4500  3306                      99.5661436   98.45436  1.12%  66.8 1201s
H 4683  3381                      99.5661430   98.45436  1.12%  64.5 1214s
  4760  3460   99.46096  462  677   99.56614   98.45436  1.12%  63.6 1229s
H 4806  3460                      99.5659083   98.45436  1.12%  63.0 1229s
H 4839  3601                      99.5645870   98.45436  1.12%  63.1 1244s
H 4872  3592                      99.5572432   98.45436  1.11%  62.8 1244s
  4991  3688   99.46791  481  664   99.55724   98.45436  1.11%  61.7 1259s
H 5031  3683                      99.5565355   98.45436  1.11%  61.2 1259s
H 5033  3682                      99.5559682   98.45436  1.11%  61.2 1259s
H 5051  3672                      99.5526373   98.45436  1.10%  61.1 1259s
  5097  3992   99.47468  502  643   99.55264   98.45436  1.10%  60.6 1276s
  5450  4231   99.48976  530  777   99.55264   98.45436  1.10%  57.6 1295s
  5733  4414   99.52408  546  630   99.55264   98.53894  1.02%  56.5 1313s
H 5830  4414                      99.5526333   98.53894  1.02%  61.4 1313s
  5987  4504   99.38435   88 1427   99.55263   98.53894  1.02%  60.5 1338s
H 6084  4853                      99.5485350   98.53894  1.01%  59.8 1358s
  6476  5150     cutoff   16        99.54854   98.53945  1.01%  57.2 1376s
H 6798  5436                      99.5481895   98.53945  1.01%  55.7 1394s
H 6825  5436                      99.5481164   98.54072  1.01%  56.1 1394s
H 6899  5435                      99.5480198   98.54072  1.01%  55.6 1394s
H 6986  5435                      99.5470002   98.54072  1.01%  55.0 1394s
  7089  5669   99.08097   36 1844   99.54700   98.54072  1.01%  54.3 1414s
H 7117  5660                      99.5385869   98.54072  1.00%  54.2 1414s
H 7323  6174                      99.5385799   98.54072  1.00%  52.9 1431s
H 7853  6475                      99.5385631   98.54072  1.00%  49.9 1452s
H 8173  6912                      99.5385625   98.54072  1.00%  48.3 1468s
H 8285  6912                      99.5385566   98.54072  1.00%  47.7 1468s
H 8682  7245                      99.5385565   98.54072  1.00%  46.1 1488s
H 8682  7245                      99.5385565   98.54072  1.00%  46.1 1488s
H 8743  7245                      99.5385459   98.54072  1.00%  46.8 1488s
  9089  7606   99.42636  257  904   99.53855   98.54072  1.00%  46.1 1516s
H 9100  7606                      99.5385459   98.54072  1.00%  46.2 1516s
H 9200  7580                      99.5249918   98.54072  0.99%  46.0 1516s
H 9312  7568                      99.5202826   98.54072  0.98%  45.5 1516s

Cutting planes:
  Learned: 48
  Gomory: 13
  Cover: 194
  Implied bound: 461
  Clique: 123
  MIR: 685
  StrongCG: 1
  Flow cover: 1237
  GUB cover: 5
  Zero half: 7
  RLT: 797
  Relax-and-lift: 241

Explored 9487 nodes (458254 simplex iterations) in 1516.46 seconds
Thread count was 4 (of 32 available processors)

Solution count 10: 99.5203 99.525 99.5385 ... 99.547

Optimal solution found (tolerance 1.00e-02)
Best objective 9.952028258916e+01, best bound 9.854071543079e+01, gap 0.9843%

Gurobi 9.1.0 (linux64) logging started Wed Jan  5 00:39:19 2022

Changed value of parameter LogFile to eab_parasitoid_0.6_2_1_bud.log
   Prev:   Default: 
Changed value of parameter MIPGap to 0.01
   Prev: 0.0001  Min: 0.0  Max: inf  Default: 0.0001
Changed value of parameter MIPFocus to 1
   Prev: 0  Min: 0  Max: 3  Default: 0
Changed value of parameter RINS to 100
   Prev: -1  Min: -1  Max: 2000000000  Default: -1
Changed value of parameter TimeLimit to 28800.0
   Prev: inf  Min: 0.0  Max: inf  Default: inf
Changed value of parameter NodeFileStart to 10000.0
   Prev: inf  Min: 0.0  Max: inf  Default: inf
Changed value of parameter Threads to 4
   Prev: 0  Min: 0  Max: 1024  Default: 0
Changed value of parameter Heuristics to 1.0
   Prev: 0.05  Min: 0.0  Max: 1.0  Default: 0.05
Gurobi Optimizer version 9.1.0 build v9.1.0rc0 (linux64)
Thread count: 32 physical cores, 32 logical processors, using up to 4 threads
Optimize a model with 381543 rows, 174513 columns and 1305866 nonzeros
Model fingerprint: 0x57cdd80e
Variable types: 77367 continuous, 97146 integer (97146 binary)
Coefficient statistics:
  Matrix range     [1e-04, 6e+03]
  Objective range  [1e-06, 1e-01]
  Bounds range     [1e+00, 6e+03]
  RHS range        [1e-04, 7e+03]

User MIP start produced solution with objective 666.766 (6.60s)
User MIP start produced solution with objective 666.743 (6.73s)
User MIP start produced solution with objective 665.905 (7.15s)
User MIP start produced solution with objective 665.632 (7.60s)
Loaded user MIP start with objective 665.632
Processed MIP start in 7.64 seconds

Presolve removed 209567 rows and 78565 columns (presolve time = 5s) ...
Presolve removed 258085 rows and 103430 columns
Presolve time: 8.22s
Presolved: 123458 rows, 71083 columns, 632792 nonzeros
Variable types: 32524 continuous, 38559 integer (38559 binary)

Deterministic concurrent LP optimizer: primal and dual simplex (primal and dual model)
Showing first log only...

Presolve removed 110 rows and 92 columns
Presolved: 123348 rows, 70991 columns, 632521 nonzeros


Root simplex log...

Iteration    Objective       Primal Inf.    Dual Inf.      Time
       0    1.0607460e+02   2.830669e+02   2.104370e+09     16s
Concurrent spin time: 0.05s

Solved with dual simplex (primal model)

Root relaxation: objective 9.409485e+01, 5595 iterations, 0.82 seconds

    Nodes    |    Current Node    |     Objective Bounds      |     Work
 Expl Unexpl |  Obj  Depth IntInf | Incumbent    BestBd   Gap | It/Node Time

     0     0   94.09485    0 1291  665.63195   94.09485  85.9%     -   22s
     0     0   95.02349    0 2160  665.63195   95.02349  85.7%     -   30s
     0     0   95.24719    0 2248  665.63195   95.24719  85.7%     -   34s
     0     0   95.51805    0 2619  665.63195   95.51805  85.7%     -   40s
     0     0   95.52784    0 2700  665.63195   95.52784  85.6%     -   43s
     0     0   95.53094    0 2684  665.63195   95.53094  85.6%     -   43s
     0     0   95.53109    0 2692  665.63195   95.53109  85.6%     -   44s
     0     0   95.53109    0 2697  665.63195   95.53109  85.6%     -   44s
     0     0   96.04609    0 2430  665.63195   96.04609  85.6%     -   51s
     0     0   96.09751    0 2504  665.63195   96.09751  85.6%     -   53s
     0     0   96.11125    0 2458  665.63195   96.11125  85.6%     -   54s
     0     0   96.11182    0 2485  665.63195   96.11182  85.6%     -   54s
     0     0   96.11183    0 2496  665.63195   96.11183  85.6%     -   55s
     0     0   96.28017    0 2429  665.63195   96.28017  85.5%     -   59s
     0     0   96.29024    0 2472  665.63195   96.29024  85.5%     -   61s
     0     0   96.29419    0 2496  665.63195   96.29419  85.5%     -   62s
     0     0   96.29435    0 2481  665.63195   96.29435  85.5%     -   62s
     0     0   96.30076    0 2490  665.63195   96.30076  85.5%     -   66s
H    0     0                     585.3034810   96.30076  83.5%     -   73s
H    0     0                     526.4111815   96.30076  81.7%     -  137s
     0     2   96.30076    0 2490  526.41118   96.30076  81.7%     -  143s
     3     8  136.32962    2 2513  526.41118   96.30359  81.7%  2966  147s
     7    10 infeasible    3       526.41118   96.36024  81.7%  1855  150s
    19    22  164.91528    5 2467  526.41118   96.97343  81.6%  1011  155s
H   23    26                     481.2328166   96.97343  79.8%   845  160s
H   25    26                     394.1814382   96.97343  75.4%   806  160s
H   27    30                     357.2290325   96.97343  72.9%   760  223s
H   39    42                     313.3612038   96.97343  69.1%   581  228s
    55    62  165.34051   14 2476  313.36120   96.97343  69.1%   445  232s
H   56    62                     313.3612038   96.97343  69.1%   437  232s
    63    66  165.34963   16 2480  313.36120   96.97343  69.1%   432  236s
H   67    71                     313.3439368   96.97343  69.1%   410  240s
    83    91  165.80983   22 2421  313.34394   96.97343  69.1%   374  258s
H   92    95                     313.3439367   96.97343  69.1%   352  261s
H   94    95                     313.3439366   96.97343  69.1%   349  261s
   102   105  165.83780   25 2427  313.34394   96.97343  69.1%   340  270s
H  110   113                     254.3859630   96.97343  61.9%   323  286s
H  112   113                     224.0575939   96.97343  56.7%   318  286s
H  136   139                     217.5994327   96.97343  55.4%   280  294s
H  137   139                     121.6039418   96.97343  20.3%   278  294s
   140   156     cutoff   33       121.60394   97.35549  19.9%   275  295s
H  169   160                     121.5207503   97.35549  19.9%   251  302s
H  171   160                     120.6698364   97.35549  19.3%   255  302s
   196   196  101.11287   12 2290  120.66984   97.35549  19.3%   270  309s
H  198   196                     120.6697254   97.35549  19.3%   268  309s
H  199   196                     120.6619713   97.35549  19.3%   267  309s
H  202   196                     119.0350891   97.35549  18.2%   264  309s
H  210   200                     102.1139081   97.35549  4.66%   259  333s
   214   225  101.19726   16 2226  102.11391   97.35549  4.66%   258  335s
H  246   218                     100.1205193   97.35549  2.76%   240  343s
H  247   218                     100.1158021   97.35549  2.76%   241  343s
   250   238     cutoff   23       100.11580   97.41966  2.69%   243  345s
   282   214     cutoff   15       100.11580   97.43949  2.67%   237  350s
H  285   214                     100.1083331   97.43949  2.67%   245  350s
   303   229   98.06084   18 2244  100.10833   97.43949  2.67%   235  382s
   316   222   98.06625   19 2234  100.10833   97.43949  2.67%   230  387s
   369   226   98.17334   34 1923  100.10833   97.43949  2.67%   211  396s
   373   265   98.17428   35 1920  100.10833   97.43949  2.67%   209  400s
H  420   224                     100.0383553   97.43949  2.60%   190  413s
H  423   224                      99.8600801   97.43949  2.42%   190  413s
   424   295   98.18341   46 1855   99.86008   97.43949  2.42%   190  416s
H  503   297                      99.8591859   97.43949  2.42%   167  420s
   509   353   98.46584   62 1561   99.85919   97.43949  2.42%   165  426s
H  570   357                      99.8390419   97.43949  2.40%   150  435s
H  591   424                      99.8288150   97.43949  2.39%   146  439s
H  651   428                      99.8285322   97.43949  2.39%   135  447s
H  654   428                      99.8285322   97.43949  2.39%   135  447s
   655   440   99.40278   98 1462   99.82853   97.43949  2.39%   135  455s
H  660   440                      99.8222293   97.43949  2.39%   134  455s
H  663   439                      99.8088607   97.43949  2.37%   133  455s
H  666   439                      99.7794725   97.43949  2.35%   133  455s
   667   445   99.42274  101 1458   99.77947   97.43949  2.35%   133  461s
H  671   445                      99.7668512   97.43949  2.33%   133  461s
   675   467   99.42332  103 1460   99.76685   97.43949  2.33%   134  470s
H  680   465                      99.7498771   97.43949  2.32%   133  470s
H  686   465                      99.7443997   97.43949  2.31%   132  471s
H  699   465                      99.7414876   97.43949  2.31%   130  471s
H  700   469                      99.7413240   97.43949  2.31%   130  478s
H  702   469                      99.7325334   97.43949  2.30%   130  478s
   704   524   99.52233  110 1440   99.73253   97.43949  2.30%   130  500s
H  725   524                      99.7325334   97.43949  2.30%   126  500s
   763   536   99.58623  132 1400   99.73253   97.43949  2.30%   122  510s
   777   588   99.59077  133 1396   99.73253   97.43949  2.30%   120  515s
   841   592   99.67505  155 1343   99.73253   97.43949  2.30%   114  529s
   845   649   99.67505  156 1343   99.73253   97.47722  2.26%   113  537s
H  899   645                      99.7259891   97.47722  2.25%   111  537s
   944   649   98.82036   38 2173   99.72599   97.47722  2.25%   108  547s
H  946   649                      99.7259891   97.47722  2.25%   108  547s
H  947   649                      99.7256387   97.47722  2.25%   108  547s
H  952   673                      99.7256387   97.47722  2.25%   108  553s
   986   727   98.88160   43 2085   99.72564   97.47722  2.25%   107  560s
  1046   728   99.53452  117 2490   99.72564   97.47722  2.25%   104  588s
  1048   729   99.53457  118 1309   99.72564   97.47722  2.25%   104  597s
  1049   730   98.26965   67 2086   99.72564   97.47722  2.25%   103  605s
  1050   731   99.44074  258 2272   99.72564   97.60485  2.13%   103  611s
  1052   732   99.49799   99 2302   99.72564   97.67737  2.05%   103  615s
  1054   733   98.67876   79 2385   99.72564   97.83795  1.89%   103  621s
  1056   735   99.26888  208 2452   99.72564   97.93840  1.79%   103  626s
  1057   735   99.49830   98 2249   99.72564   98.13588  1.59%   103  631s
  1059   737   98.58830   81 2276   99.72564   98.16346  1.57%   102  635s
  1061   738   99.38886  239 2354   99.72564   98.22192  1.51%   102  641s
  1063   739   99.49450  179 2389   99.72564   98.23216  1.50%   102  645s
  1064   740   99.50265   96 2389   99.72564   98.23216  1.50%   102  688s
  1065   742     cutoff   10        99.72564   98.23216  1.50%   142  700s
  1069   746   98.46607   12 2270   99.72564   98.42299  1.31%   144  708s
H 1072   707                      99.7197247   98.43074  1.29%   148  708s
  1077   712   99.46473   13 2009   99.71972   98.45436  1.27%   154  711s
  1089   718   98.62677   15 1943   99.71972   98.45436  1.27%   159  715s
  1102   726     cutoff   16        99.71972   98.45436  1.27%   162  721s
  1127   734   99.44214   19 2169   99.71972   98.45436  1.27%   164  726s
  1157   747   99.25081   22 1962   99.71972   98.45436  1.27%   168  733s
  1163   755   98.72048   23 1925   99.71972   98.45436  1.27%   168  737s
  1189   766   99.32215   25 1976   99.71972   98.45436  1.27%   166  741s
H 1197   737                      99.7196627   98.45436  1.27%   167  743s
  1221   754   98.78967   28 1761   99.71966   98.45436  1.27%   165  747s
  1263   780   98.80632   31 1757   99.71966   98.45436  1.27%   162  753s
H 1265   745                      99.7196625   98.45436  1.27%   162  753s
H 1267   717                      99.7195348   98.45436  1.27%   162  755s
  1277   740   98.81074   32 1763   99.71953   98.45436  1.27%   162  760s
  1300   736   98.85177   34 1730   99.71953   98.45436  1.27%   161  765s
H 1303   705                      99.7194369   98.45436  1.27%   160  765s
H 1303   676                      99.7194044   98.45436  1.27%   160  765s
  1332   699   98.86702   39 1655   99.71940   98.45436  1.27%   158  770s
H 1388   699                      99.6778164   98.45436  1.23%   153  774s
  1389   736   98.88043   44 1576   99.67782   98.45436  1.23%   153  780s
H 1427   701                      99.6729131   98.45436  1.22%   149  786s
H 1431   695                      99.6727674   98.45436  1.22%   149  788s
  1450   715   98.91160   48 1527   99.67277   98.45436  1.22%   147  790s
H 1463   687                      99.6727580   98.45436  1.22%   146  790s
  1499   699   98.91672   56 1500   99.67276   98.45436  1.22%   143  802s
  1507   700   98.92997   57 1654   99.67276   98.45436  1.22%   143  805s
H 1553   712                      99.6722681   98.45436  1.22%   140  811s
H 1564   687                      99.6714339   98.45436  1.22%   139  811s
H 1620   705                      99.6712255   98.45436  1.22%   136  821s
  1693   775   99.11540   77 1432   99.67123   98.45436  1.22%   131  829s
H 1698   755                      99.6710283   98.45436  1.22%   131  829s
  1722   799   99.18859   79 1455   99.67103   98.45436  1.22%   129  833s
  1780   812   99.13539   82 1372   99.67103   98.45436  1.22%   126  836s
H 1816   806                      99.6709916   98.45436  1.22%   123  841s
H 1829   785                      99.6693806   98.45436  1.22%   123  841s
H 1836   766                      99.6692422   98.45436  1.22%   122  841s
  1843   775   99.13892   90 1336   99.66924   98.45436  1.22%   122  845s
H 1848   759                      99.6650897   98.45436  1.21%   122  845s
  1859   819   99.29802   92 1331   99.66509   98.45436  1.21%   121  857s
H 1888   794                      99.6643108   98.45436  1.21%   119  857s
H 1927   818                      99.6642978   98.45436  1.21%   117  862s
H 1939   818                      99.6642680   98.45436  1.21%   116  862s
H 1952   818                      99.6625079   98.45436  1.21%   116  862s
H 1953   826                      99.6618453   98.45436  1.21%   116  867s
  1962   880   99.15578   98 1290   99.66185   98.45436  1.21%   115  872s
  2016   950   99.20961  104 1261   99.66185   98.45436  1.21%   112  877s
  2088   960   99.16784  113 1210   99.66185   98.45436  1.21%   109  881s
H 2097   960                      99.6574127   98.45436  1.21%   108  881s
  2098   972   99.51386  114 1231   99.65741   98.45436  1.21%   108  887s
H 2099   972                      99.6567166   98.45436  1.21%   108  887s
  2110  1056   99.17241  116 1211   99.65672   98.45436  1.21%   108  892s
  2198  1102   99.18825  129 1181   99.65672   98.45436  1.21%   104  897s
  2245  1176   99.20705  132 1190   99.65672   98.45436  1.21%   102  903s
H 2324  1202                      99.6565931   98.45436  1.21%  99.0  912s
H 2334  1202                      99.6562016   98.45436  1.21%  98.7  912s
H 2345  1202                      99.6543605   98.45436  1.20%  98.5  913s
H 2362  1259                      99.6543286   98.45436  1.20%   102  920s
  2426  1341   99.21378  157 1107   99.65433   98.45436  1.20%   100  929s
  2516  1359   99.49776  169 1211   99.65433   98.45436  1.20%  99.5  935s
H 2517  1359                      99.6527329   98.45436  1.20%  99.4  935s
  2536  1474   99.24200  171 1073   99.65273   98.45436  1.20%  98.8  942s
H 2608  1474                      99.6527318   98.45436  1.20%  96.4  942s
  2660  1477   99.24363  186 1033   99.65273   98.45436  1.20%  94.6  950s
H 2662  1477                      99.6523365   98.45436  1.20%  94.5  950s
  2666  1595   99.22845  187 1038   99.65234   98.45436  1.20%  94.4  957s
  2796  1634     cutoff  200        99.65234   98.45436  1.20%  91.7  966s
H 2838  1723                      99.6513833   98.45436  1.20%  90.4  976s
H 2887  1723                      99.6512634   98.45436  1.20%  89.0  976s
H 2912  1723                      99.6510232   98.45436  1.20%  89.1  976s
H 2937  1815                      99.6505025   98.45436  1.20%  88.4  985s
H 2984  1815                      99.6490654   98.45436  1.20%  87.2  985s
  3038  1988   99.30575  229  942   99.64907   98.45436  1.20%  87.1 1020s
H 3056  1988                      99.6490654   98.45436  1.20%  86.6 1020s
H 3084  1988                      99.6479667   98.45436  1.20%  86.1 1020s
H 3163  1988                      99.6458775   98.45436  1.20%  88.4 1020s
  3222  2058   99.38472  243  926   99.64588   98.45436  1.20%  86.9 1029s
H 3285  2058                      99.6424931   98.45436  1.19%  85.9 1029s
  3305  2080   99.32990  259  900   99.64249   98.45436  1.19%  85.5 1039s
  3331  2267   99.33551  262  896   99.64249   98.45436  1.19%  85.1 1050s
H 3534  2268                      99.6115937   98.45436  1.16%  81.4 1070s
H 3534  2268                      99.6105328   98.45436  1.16%  81.4 1070s
  3538  2353   99.38612  294  865   99.61053   98.45436  1.16%  81.3 1084s
H 3563  2350                      99.5987561   98.45436  1.15%  80.9 1084s
  3642  2445   99.39311  307  837   99.59876   98.45436  1.15%  79.9 1102s
  3754  2466   99.52459  320  856   99.59876   98.45436  1.15%  78.1 1115s
H 3766  2465                      99.5882836   98.45436  1.14%  77.9 1115s
  3775  2547   99.39518  326  819   99.58828   98.45436  1.14%  77.7 1127s
  3861  2676   99.55294  339 1000   99.58828   98.45436  1.14%  76.5 1141s
  3997  2889   99.41950  359  788   99.58828   98.45436  1.14%  74.1 1157s
  4219  3076   99.44183  396  755   99.58828   98.45436  1.14%  70.6 1169s
H 4234  3071                      99.5827227   98.45436  1.13%  70.4 1169s
  4425  3085   99.44894  421  723   99.58272   98.45436  1.13%  67.7 1183s
  4439  3318   99.45142  422  722   99.58272   98.45436  1.13%  67.5 1200s
H 4464  3317                      99.5816653   98.45436  1.13%  67.2 1201s
H 4500  3306                      99.5661436   98.45436  1.12%  66.8 1201s
H 4683  3381                      99.5661430   98.45436  1.12%  64.5 1214s
  4760  3460   99.46096  462  677   99.56614   98.45436  1.12%  63.6 1230s
H 4806  3460                      99.5659083   98.45436  1.12%  63.0 1230s
H 4839  3601                      99.5645870   98.45436  1.12%  63.1 1244s
H 4872  3592                      99.5572432   98.45436  1.11%  62.8 1244s
  4991  3688   99.46791  481  664   99.55724   98.45436  1.11%  61.7 1259s
H 5031  3683                      99.5565355   98.45436  1.11%  61.2 1259s
H 5033  3682                      99.5559682   98.45436  1.11%  61.2 1259s
H 5051  3672                      99.5526373   98.45436  1.10%  61.1 1259s
  5097  3992   99.47468  502  643   99.55264   98.45436  1.10%  60.6 1277s
  5450  4231   99.48976  530  777   99.55264   98.45436  1.10%  57.6 1296s
  5733  4414   99.52408  546  630   99.55264   98.53894  1.02%  56.5 1314s
H 5830  4414                      99.5526333   98.53894  1.02%  61.4 1314s
  5987  4504   99.38435   88 1427   99.55263   98.53894  1.02%  60.5 1340s
H 6084  4853                      99.5485350   98.53894  1.01%  59.8 1361s
  6476  5150     cutoff   16        99.54854   98.53945  1.01%  57.2 1379s
H 6798  5436                      99.5481895   98.53945  1.01%  55.7 1396s
H 6825  5436                      99.5481164   98.54072  1.01%  56.1 1396s
H 6899  5435                      99.5480198   98.54072  1.01%  55.6 1396s
H 6986  5435                      99.5470002   98.54072  1.01%  55.0 1396s
  7089  5669   99.08097   36 1844   99.54700   98.54072  1.01%  54.3 1417s
H 7117  5660                      99.5385869   98.54072  1.00%  54.2 1417s
H 7323  6174                      99.5385799   98.54072  1.00%  52.9 1434s
H 7853  6475                      99.5385631   98.54072  1.00%  49.9 1455s
H 8173  6912                      99.5385625   98.54072  1.00%  48.3 1471s
H 8285  6912                      99.5385566   98.54072  1.00%  47.7 1471s
H 8682  7245                      99.5385565   98.54072  1.00%  46.1 1491s
H 8682  7245                      99.5385565   98.54072  1.00%  46.1 1491s
H 8743  7245                      99.5385459   98.54072  1.00%  46.8 1491s
  9089  7606   99.42636  257  904   99.53855   98.54072  1.00%  46.1 1520s
H 9100  7606                      99.5385459   98.54072  1.00%  46.2 1520s
H 9200  7580                      99.5249918   98.54072  0.99%  46.0 1520s
H 9312  7568                      99.5202826   98.54072  0.98%  45.5 1520s

Cutting planes:
  Learned: 48
  Gomory: 13
  Cover: 194
  Implied bound: 461
  Clique: 123
  MIR: 685
  StrongCG: 1
  Flow cover: 1237
  GUB cover: 5
  Zero half: 7
  RLT: 797
  Relax-and-lift: 241

Explored 9487 nodes (458254 simplex iterations) in 1520.51 seconds
Thread count was 4 (of 32 available processors)

Solution count 10: 99.5203 99.525 99.5385 ... 99.547

Optimal solution found (tolerance 1.00e-02)
Best objective 9.952028258916e+01, best bound 9.854071543079e+01, gap 0.9843%
