
Gurobi 9.1.0 (linux64) logging started Thu Dec 30 05:04:18 2021

Changed value of parameter LogFile to eab_parasitoid_0.8_0_1_bud.log
   Prev:   Default: 
Changed value of parameter MIPGap to 0.01
   Prev: 0.0001  Min: 0.0  Max: inf  Default: 0.0001
Changed value of parameter MIPFocus to 1
   Prev: 0  Min: 0  Max: 3  Default: 0
Changed value of parameter RINS to 100
   Prev: -1  Min: -1  Max: 2000000000  Default: -1
Changed value of parameter TimeLimit to 28800.0
   Prev: inf  Min: 0.0  Max: inf  Default: inf
Changed value of parameter NodeFileStart to 10000.0
   Prev: inf  Min: 0.0  Max: inf  Default: inf
Changed value of parameter Threads to 4
   Prev: 0  Min: 0  Max: 1024  Default: 0
Changed value of parameter Heuristics to 1.0
   Prev: 0.05  Min: 0.0  Max: 1.0  Default: 0.05
Gurobi Optimizer version 9.1.0 build v9.1.0rc0 (linux64)
Thread count: 32 physical cores, 32 logical processors, using up to 4 threads
Optimize a model with 381543 rows, 174513 columns and 1305866 nonzeros
Model fingerprint: 0xdd596d59
Variable types: 77367 continuous, 97146 integer (97146 binary)
Coefficient statistics:
  Matrix range     [2e-04, 6e+03]
  Objective range  [1e-06, 1e-01]
  Bounds range     [1e+00, 6e+03]
  RHS range        [1e-04, 7e+03]

User MIP start produced solution with objective 1076.28 (7.41s)
Loaded user MIP start with objective 1076.28
Processed MIP start in 7.73 seconds

Presolve removed 214167 rows and 80748 columns (presolve time = 5s) ...
Presolve removed 261564 rows and 105090 columns
Presolve time: 7.95s
Presolved: 119979 rows, 69423 columns, 621869 nonzeros
Variable types: 31824 continuous, 37599 integer (37599 binary)

Deterministic concurrent LP optimizer: primal and dual simplex (primal and dual model)
Showing first log only...

Presolve removed 308 rows and 236 columns
Presolved: 119671 rows, 69187 columns, 621196 nonzeros


Root simplex log...

Iteration    Objective       Primal Inf.    Dual Inf.      Time
       0    2.7199698e+02   3.365594e+02   2.464839e+09     16s
Concurrent spin time: 0.10s

Solved with dual simplex (primal model)

Root relaxation: objective 2.622309e+02, 5630 iterations, 0.90 seconds

    Nodes    |    Current Node    |     Objective Bounds      |     Work
 Expl Unexpl |  Obj  Depth IntInf | Incumbent    BestBd   Gap | It/Node Time

     0     0  262.26076    0 1113 1076.28338  262.26076  75.6%     -   22s
     0     0  270.03246    0 2132 1076.28338  270.03246  74.9%     -   29s
     0     0  271.68797    0 2043 1076.28338  271.68797  74.8%     -   31s
     0     0  271.75098    0 2055 1076.28338  271.75098  74.8%     -   31s
     0     0  271.75556    0 2056 1076.28338  271.75556  74.8%     -   31s
     0     0  271.75556    0 2054 1076.28338  271.75556  74.8%     -   32s
     0     0  277.01116    0 2200 1076.28338  277.01116  74.3%     -   37s
H    0     0                    1076.2805542  277.01116  74.3%     -   40s
     0     0  277.85536    0 2169 1076.28055  277.85536  74.2%     -   41s
     0     0  278.04397    0 2149 1076.28055  278.04397  74.2%     -   42s
     0     0  278.06497    0 2145 1076.28055  278.06497  74.2%     -   42s
     0     0  278.06522    0 2148 1076.28055  278.06522  74.2%     -   42s
     0     0  301.68910    0 2192 1076.28055  301.68910  72.0%     -   50s
     0     0  301.68910    0 1437 1076.28055  301.68910  72.0%     -   59s
     0     0  301.68910    0 2249 1076.28055  301.68910  72.0%     -   66s
     0     0  307.26533    0 2184 1076.28055  307.26533  71.5%     -   72s
     0     0  307.86457    0 2338 1076.28055  307.86457  71.4%     -   74s
     0     0  308.06977    0 2345 1076.28055  308.06977  71.4%     -   75s
     0     0  308.07762    0 2352 1076.28055  308.07762  71.4%     -   76s
     0     0  308.07830    0 2378 1076.28055  308.07830  71.4%     -   76s
     0     0  318.98724    0 2319 1076.28055  318.98724  70.4%     -   81s
     0     0  319.11600    0 2279 1076.28055  319.11600  70.4%     -   87s
     0     0  319.14787    0 2315 1076.28055  319.14787  70.3%     -   87s
     0     0  319.19745    0 2318 1076.28055  319.19745  70.3%     -   88s
     0     0  319.19765    0 2325 1076.28055  319.19765  70.3%     -   88s
     0     0  328.21530    0 2256 1076.28055  328.21530  69.5%     -   97s
     0     0  330.10600    0 2245 1076.28055  330.10600  69.3%     -  103s
     0     0  330.74126    0 2257 1076.28055  330.74126  69.3%     -  104s
     0     0  330.76378    0 2224 1076.28055  330.76378  69.3%     -  105s
     0     0  330.76894    0 2243 1076.28055  330.76894  69.3%     -  106s
     0     0  330.77378    0 2230 1076.28055  330.77378  69.3%     -  106s
     0     0  334.86929    0 2192 1076.28055  334.86929  68.9%     -  114s
     0     0  337.22205    0 2193 1076.28055  337.22205  68.7%     -  119s
     0     0  337.23866    0 2203 1076.28055  337.23866  68.7%     -  120s
     0     0  337.24122    0 2200 1076.28055  337.24122  68.7%     -  121s
     0     0  338.98401    0 2065 1076.28055  338.98401  68.5%     -  128s
H    0     0                     972.8050665  338.98401  65.2%     -  144s
H    0     0                     897.7581774  338.98401  62.2%     -  306s
     0     2  338.98401    0 2062  897.75818  338.98401  62.2%     -  310s
     3     8  341.77419    2 2207  897.75818  338.99426  62.2%  1216  316s
     7    12  344.69112    3 2244  897.75818  341.77419  61.9%  1199  322s
    11    16  345.61457    4 2240  897.75818  341.77419  61.9%  1518  327s
    15    20  351.59729    5 2239  897.75818  341.77419  61.9%  1398  331s
    19    24  353.31274    5 2246  897.75818  341.77419  61.9%  1374  336s
H   23    28                     896.2869787  341.77419  61.9%  1270  344s
H   25    28                     895.2047800  341.77419  61.8%  1180  344s
H   27    32                     889.3211115  341.77419  61.6%  1161  434s
H   28    32                     886.3320378  341.77419  61.4%  1128  434s
    31    40  356.63167    8 2342  886.33204  341.77419  61.4%  1112  438s
H   39    44                     884.9368137  341.77419  61.4%   942  444s
H   43    48                     881.9129719  341.77419  61.2%   893  451s
    47    51 infeasible   10       881.91297  341.77419  61.2%   907  458s
H   48    51                     881.9094502  341.77419  61.2%   888  458s
H   49    51                     881.8989847  341.77419  61.2%   874  458s
H   50    51                     878.4659229  341.77419  61.1%   881  458s
    52    57  363.23528   12 2269  878.46592  341.77419  61.1%   871  473s
    58    62  363.81384   15 2269  878.46592  341.77419  61.1%   891  477s
    65    73  365.37191   17 2266  878.46592  341.77419  61.1%   817  480s
    78    75  372.44111   20 2269  878.46592  341.77419  61.1%   728  727s
H  101    96                     878.4653684  341.77419  61.1%   628  747s
H  101    96                     878.3757444  341.77419  61.1%   628  747s
H  102    96                     876.8137838  341.77419  61.0%   628  747s
H  105   100                     853.8583781  341.77419  60.0%   617  766s
H  106   100                     805.4012422  341.77419  57.6%   612  766s
   130   129  393.67566   31 2292  805.40124  341.77419  57.6%   535  792s
   138   148  394.07908   32 2294  805.40124  341.77419  57.6%   511  795s
   157   174  419.79390   35 2310  805.40124  341.77419  57.6%   492  800s
H  162   174                     805.3851458  341.77419  57.6%   478  800s
H  170   174                     805.3812044  341.77419  57.6%   458  800s
H  178   174                     805.2720582  341.77419  57.6%   445  800s
H  211   206                     781.4624294  341.77419  56.3%   420  812s
   215   238  425.49841   53 2276  781.46243  341.77419  56.3%   419  817s
   247   242  432.23205   56 2287  781.46243  341.77419  56.3%   387  826s
   251   286  431.76750   57 2288  781.46243  341.77419  56.3%   383  831s
H  295   290                     744.4174033  341.77419  54.1%   342  846s
   299   298  432.81891   67 2253  744.41740  341.77419  54.1%   342  856s
H  300   298                     733.8319489  341.77419  53.4%   341  856s
   307   354  432.84887   69 2247  733.83195  341.77419  53.4%   336  861s
H  363   358                     733.7415241  341.77419  53.4%   301  878s
H  364   358                     733.7248780  341.77419  53.4%   301  878s
   367   410  434.80236   85 2230  733.72488  341.77419  53.4%   301  883s
H  419   414                     733.7242647  341.77419  53.4%   282  903s
H  419   414                     722.8275288  341.77419  52.7%   282  903s
   423   493  435.56873   98 2209  722.82753  341.77419  52.7%   282  909s
H  502   497                     721.8316339  341.77419  52.7%   250  920s
H  503   497                     721.4157792  341.77419  52.6%   250  920s
   506   562  476.85440  113 2259  721.41578  341.77419  52.6%   250  928s
H  571   566                     721.4157746  341.77419  52.6%   231  947s
H  573   566                     721.4157612  341.77419  52.6%   231  947s
H  574   566                     719.4976596  341.77419  52.5%   230  947s
   575   628  484.50236  128 2256  719.49766  341.77419  52.5%   231  955s
H  591   628                     696.2695585  341.77419  50.9%   226  955s
H  637   632                     696.2695578  341.77419  50.9%   216  973s
   641   640  534.37080  144 2268  696.26956  341.77419  50.9%   215  979s
H  642   640                     696.1580342  341.77419  50.9%   215  979s
   649   706  534.38958  146 2263  696.15803  341.77419  50.9%   214  992s
   717   710  537.19224  162 2232  696.15803  341.77419  50.9%   199 1007s
   721   752  537.21908  163 2232  696.15803  341.77419  50.9%   198 1017s
   763   756  539.10152  176 2217  696.15803  341.77419  50.9%   191 1028s
   767   843  539.11186  177 2215  696.15803  341.77419  50.9%   190 1043s
   854   847  540.56296  201 2175  696.15803  341.77419  50.9%   177 1054s
H  855   847                     696.1580337  341.77419  50.9%   176 1054s
H  857   847                     696.1580331  341.77419  50.9%   176 1054s
   858   917  540.57211  202 2174  696.15803  341.77419  50.9%   176 1063s
   930  1057  541.45463  224 2176  696.15803  341.77419  50.9%   164 1085s
  1070  1061  543.37042  262 2106  696.15803  341.77419  50.9%   145 1246s
  1074  1148  543.42062  262 2105  696.15803  341.77419  50.9%   144 1256s
  1161  1277  545.85157  283 2083  696.15803  341.77419  50.9%   134 1266s
  1290  1305  547.21464  315 2035  696.15803  341.77419  50.9%   123 1315s
H 1292  1305                     695.8838008  341.77419  50.9%   123 1315s
H 1303  1305                     695.4942864  341.77419  50.9%   122 1315s
H 1317  1305                     684.3826005  341.77419  50.1%   121 1315s
  1318  1446  547.35464  324 2043  684.38260  341.77419  50.1%   121 1328s
H 1343  1446                     684.3825332  341.77419  50.1%   119 1328s
H 1458  1446                     684.1560500  341.77419  50.0%   111 1328s
  1459  1454  554.63569  363 1993  684.15605  341.77419  50.0%   111 1339s
H 1462  1454                     684.1557323  341.77419  50.0%   111 1339s
H 1465  1454                     684.1506270  341.77419  50.0%   111 1339s
  1467  1558  554.65655  364 1990  684.15063  341.77419  50.0%   111 1356s
H 1484  1558                     683.8295404  341.77419  50.0%   110 1356s
H 1570  1558                     683.6753233  341.77419  50.0%   106 1356s
  1571  1649  555.38298  393 1954  683.67532  341.77419  50.0%   106 1365s
H 1572  1649                     683.6752274  341.77419  50.0%   106 1365s
  1662  1701  555.94933  415 1898  683.67523  341.77419  50.0%   102 1376s
H 1674  1701                     681.5232725  341.77419  49.9%   102 1376s
  1714  1937  556.17831  424 1875  681.52327  341.77419  49.9%   100 1391s
H 1954  1959                     681.5231673  341.77419  49.9%  89.3 1404s
H 1964  1959                     681.1520632  341.77419  49.8%  88.9 1404s
H 1974  1955                     665.8607720  341.77419  48.7%  88.5 1404s
  1976  2052  557.06838  445 1856  665.86077  341.77419  48.7%  88.4 1417s
H 2000  2051                     664.3638721  341.77419  48.6%  87.4 1417s
  2076  2152  557.45341  466 1846  664.36387  341.77419  48.6%  84.5 1435s
H 2101  2152                     664.3230930  341.77419  48.6%  83.6 1435s
H 2127  2152                     664.0180969  341.77419  48.5%  82.6 1435s
H 2153  2152                     662.9353810  341.77419  48.4%  81.7 1435s
  2180  2236  558.51149  486 1812  662.93538  341.77419  48.4%  81.0 1625s
H 2200  2236                     662.3908948  341.77419  48.4%  80.3 1625s
H 2221  2236                     661.5606934  341.77419  48.3%  79.6 1625s
H 2264  2316                     661.5606909  341.77419  48.3%  78.2 1641s
H 2347  2501                     661.4148046  341.77419  48.3%  75.8 1655s
H 2426  2501                     660.7827224  341.77419  48.3%  73.6 1655s
  2535  2607  559.85936  568 1711  660.78272  341.77419  48.3%  70.7 1707s
H 2560  2607                     659.8715775  341.77419  48.2%  70.0 1707s
H 2586  2607                     659.6407135  341.77419  48.2%  69.4 1707s
  2641  2707  560.29057  586 1689  659.64071  341.77419  48.2%  68.1 1735s
H 2666  2707                     659.6353073  341.77419  48.2%  67.5 1735s
H 2716  2707                     659.6350458  341.77419  48.2%  66.4 1735s
H 2741  2863                     659.6327501  341.77419  48.2%  65.8 1754s
H 2792  2863                     659.2555086  341.77419  48.2%  64.7 1754s
H 2897  2926                     659.2555075  341.77419  48.2%  63.0 1772s
H 2899  2926                     659.1457333  341.77419  48.1%  62.9 1772s
H 2960  2921                     655.2442276  341.77419  47.8%  61.8 1772s
  2962  3089  560.98095  625 1623  655.24423  341.77419  47.8%  61.8 1808s
  3136  3511  562.63808  657 1571  655.24423  341.77419  47.8%  58.7 1827s
  3581  3852  567.61465  770 1472  655.24423  341.77419  47.8%  53.0 1850s
  3941  4211  568.50867  847 1386  655.24423  341.77419  47.8%  52.2 1881s
  4313  4606  576.07703  949 1271  655.24423  341.77419  47.8%  48.6 1903s
  4727  4988  594.28180 1002 1229  655.24423  341.77419  47.8%  45.6 1925s
H 4895  4986                     654.9660731  341.77419  47.8%  44.9 1925s
  5240  4987  641.87217  209 2192  654.96607  341.77419  47.8%  43.6 1961s
  5242  4988  611.75339  436 1982  654.96607  341.77419  47.8%  43.5 1972s
  5243  4989  641.07011  974 2523  654.96607  341.77419  47.8%  43.5 1980s
  5244  4990  575.57729  934 2243  654.96607  352.17916  46.2%  43.5 1989s
  5245  4990  604.37154  292 2140  654.96607  371.44418  43.3%  43.5 2005s
  5246  4991  611.82371  446 2186  654.96607  372.25040  43.2%  43.5 2013s
  5247  4992  559.44149  535 2173  654.96607  381.91529  41.7%  43.5 2025s
  5248  4992  644.51332  262 2197  654.96607  382.94803  41.5%  43.5 2033s
  5249  4993  647.05071  312 2136  654.96607  387.33787  40.9%  43.5 2042s
  5250  4994  547.04381  300 2116  654.96607  389.29348  40.6%  43.5 2046s
  5251  4994  566.98825  742 2126  654.96607  391.64730  40.2%  43.5 2051s
  5253  4997  600.66511  279 2192  654.96607  391.64730  40.2%  53.0 2057s
  5255  4998  567.06736  748 2106  654.96607  391.64730  40.2%  52.9 2069s
  5256  4999  567.53595  715 2464  654.96607  391.64730  40.2%  52.9 2077s
  5257  5000  614.39466  625 2180  654.96607  391.64730  40.2%  52.9 2087s
  5258  5000  641.09817  191 2144  654.96607  391.64730  40.2%  52.9 2099s
  5259  5001  613.32944  507 2115  654.96607  392.71559  40.0%  52.9 2107s
  5260  5002  615.75822  765 2126  654.96607  397.82660  39.3%  52.9 2114s
  5261  5002  547.72121  307 2075  654.96607  398.55919  39.1%  52.9 2119s
  5262  5003  417.39304    9 2115  654.96607  399.61356  39.0%  52.9 2128s
  5263  5004  645.76396  289 2088  654.96607  399.80844  39.0%  52.9 2131s
H 5264  4753                     654.8185264  400.06049  38.9%  52.9 2289s
  5266  4758  400.19597   26 2113  654.81853  400.13403  38.9%  61.3 2297s
  5268  4761  401.06904   27 2129  654.81853  400.19597  38.9%  61.4 2303s
  5272  4764  403.89521   28 2154  654.81853  401.06904  38.8%  62.1 2306s
  5276  4766  408.05858   28 2141  654.81853  403.89521  38.3%  63.0 2312s
H 5284  4534                     654.7082710  407.55273  37.8%  64.1 2328s
H 5285  4307                     654.6464870  407.55273  37.7%  64.7 2328s
H 5287  4092                     654.4376793  407.55273  37.7%  65.3 2328s
  5288  4097  407.56451   30 2164  654.43768  407.56451  37.7%  65.4 2332s
  5294  4099  411.87246   31 2175  654.43768  407.56451  37.7%  66.3 2337s
H 5296  3895                     654.4376792  407.56451  37.7%  66.4 2337s
H 5298  3705                     654.3567691  407.56451  37.7%  66.8 2439s
H 5299  3521                     654.2628008  408.05858  37.6%  67.0 2439s
  5302  3527  412.21589   32 2200  654.26280  408.05858  37.6%  67.4 2443s
  5309  3530  413.91034   33 2197  654.26280  408.05858  37.6%  68.6 2447s
  5315  3533  414.22421   34 2199  654.26280  408.05858  37.6%  69.2 2450s
H 5327  3365                     654.2627974  408.05858  37.6%  70.2 2587s
H 5328  3198                     654.2627969  408.05858  37.6%  70.4 2587s
H 5329  3041                     654.2627843  408.05858  37.6%  70.5 2587s
  5331  3050  422.14332   35 2215  654.26278  408.05858  37.6%  70.9 2598s
  5341  3056  420.51796   36 2254  654.26278  408.05858  37.6%  72.3 2602s
  5350  3065  468.69755   37 2243  654.26278  408.05858  37.6%  72.8 2608s
H 5362  2915                     654.1449348  408.05858  37.6%  73.3 2723s
  5366  2917  419.31726   39 2181  654.14493  408.05858  37.6%  73.6 2849s
  5370  2932  490.21818   39 2156  654.14493  408.05858  37.6%  73.8 2855s
  5386  2939  422.95048   41 2269  654.14493  408.05858  37.6%  74.3 2863s
H 5398  2797                     654.1449329  408.05858  37.6%  74.9 2869s
  5403  2799  430.52574   43 2250  654.14493  408.05858  37.6%  75.1 2954s
  5407  2814  433.35312   43 2242  654.14493  408.05858  37.6%  75.4 2963s
  5423  2824  469.43341   45 2244  654.14493  408.05858  37.6%  76.0 2974s
  5439  2840  436.44181   48 2304  654.14493  408.05858  37.6%  76.4 2984s
  5460  2839  442.16492   50 2212  654.14493  408.05858  37.6%  77.1 2995s
H 5461  2704                     654.1258058  408.05858  37.6%  77.1 2995s
  5466  2718  445.40749   51 2217  654.12581  408.05858  37.6%  77.3 3102s
H 5470  2588                     654.1257964  408.05858  37.6%  77.9 3102s
H 5483  2461                     654.1094847  408.05858  37.6%  78.0 3102s
  5484  2476  458.61557   53 2225  654.10948  408.05858  37.6%  78.1 3118s
  5503  2497  446.88979   56 2222  654.10948  408.05858  37.6%  79.5 3129s
H 5522  2374                     654.0933094  408.05858  37.6%  80.4 3129s
  5534  2399  447.48700   60 2231  654.09331  408.05858  37.6%  80.3 3241s
H 5567  2324                     654.0932154  408.05858  37.6%  84.0 3257s
H 5613  2208                     654.0875901  408.05858  37.6%  84.3 3361s
  5617  2229  482.56743   67 2197  654.08759  408.05858  37.6%  84.3 3398s
  5647  2267  448.37914   71 2198  654.08759  408.05858  37.6%  86.4 3420s
H 5702  2149                     653.7341479  408.05858  37.6%  87.6 3420s
  5703  2187  448.55680   78 2197  653.73415  408.05858  37.6%  87.6 3482s
H 5752  2076                     653.7144282  408.05858  37.6%  89.1 3482s
H 5753  1996                     653.2829912  408.05858  37.5%  89.1 3552s
H 5758  1910                     653.1909842  408.05858  37.5%  90.4 3552s
H 5764  1827                     652.7906437  408.05858  37.5%  90.4 3552s
H 5766  1751                     652.7903162  408.05858  37.5%  90.3 3707s
  5770  1779  454.37159   86 2177  652.79032  408.05858  37.5%  91.9 3724s
H 5801  1699                     652.4432318  408.05858  37.5%  92.3 3748s
H 5803  1629                     652.2254163  408.05858  37.4%  92.3 3748s
H 5804  1554                     603.9186244  408.05858  32.4%  92.2 3748s
  5805  1595  449.32874   91 2154  603.91862  408.05858  32.4%  92.2 3813s
H 5852  1521                     603.8386841  408.05858  32.4%  96.7 3847s
H 5853  1461                     603.7939591  408.05858  32.4%  96.7 3847s
H 5854  1405                     603.7443765  408.05858  32.4%  96.7 3847s
H 5855  1350                     603.7143501  408.05858  32.4%  96.7 3847s
H 5856  1303                     603.2876324  408.05858  32.4%  96.7 3950s
H 5857  1254                     603.2876243  408.05858  32.4%  96.7 3950s
  5860  1322  503.34934  100 2153  603.28762  408.05858  32.4%  96.7 3969s
H 5933  1254                     603.2876234  408.05858  32.4%  97.5 4057s
H 5933  1210                     603.0534851  408.05858  32.3%  97.5 4057s
  5938  1294     cutoff  108       603.05349  408.05858  32.3%  98.9 4146s
H 5982  1238                     603.0531667  408.05858  32.3%  98.8 4146s
H 6029  1186                     602.9073735  408.05858  32.3%  98.8 4177s
  6033  1277  525.05599  120 2085  602.90737  408.05858  32.3%  98.8 4223s
H 6058  1232                     602.6229307  408.05858  32.3%  99.1 4223s
H 6136  1170                     601.8069224  408.05858  32.2%  99.2 4223s
  6137  1173  534.04251  133 2089  601.80692  408.05858  32.2%  99.2 4318s
  6141  1256  534.43834  133 2090  601.80692  408.05858  32.2%  99.1 4374s
H 6162  1215                     601.1292404  408.05858  32.1%  98.8 4374s
  6229  1244  534.75544  144 2067  601.12924  408.05858  32.1%  98.2 4448s
  6281  1240  536.26496  151 2058  601.12924  408.05858  32.1%  97.8 4499s
  6299  1242  536.76769  151 2061  601.12924  408.05858  32.1%  97.6 4594s
H 6300  1208                     598.8309187  408.05858  31.9%  97.6 4594s
  6307  1315     cutoff  152       598.83092  408.05858  31.9%  97.6 4693s
H 6310  1283                     598.3344146  408.05858  31.8%  97.6 4693s
H 6441  1214                     595.9589029  408.05858  31.5%  98.6 4780s
H 6442  1187                     595.3794226  408.05858  31.5%  98.6 4780s
H 6445  1165                     595.3678282  408.05858  31.5%  98.6 4846s
H 6446  1139                     594.2568437  408.05858  31.3%  98.6 4846s
  6450  1176  542.54119  169 2035  594.25684  408.05858  31.3%  98.5 4928s
  6490  1207  542.61595  174 2033  594.25684  408.05858  31.3%  98.2 4989s
  6534  1247  543.13026  179 2026  594.25684  408.05858  31.3%  98.0 5062s
  6599  1233  544.54968  187 2016  594.25684  408.05858  31.3%  97.9 5116s
H 6600  1209                     594.2568435  408.05858  31.3%  97.9 5117s
  6607  1239  544.26525  188 2005  594.25684  408.05858  31.3%  97.8 5184s
  6637  1321  544.10496  190 2013  594.25684  408.05858  31.3%  97.6 5264s
H 6680  1321                     592.9262809  408.05858  31.2%  97.3 5264s
  6727  1331  548.13374  202 1984  592.92628  408.05858  31.2%  97.0 5350s
H 6736  1331                     592.9240954  408.05858  31.2%  96.9 5350s
  6737  1428  545.13419  202 2000  592.92410  408.05858  31.2%  96.9 5465s
H 6752  1428                     592.9236346  408.05858  31.2%  96.7 5465s
H 6764  1428                     592.9176452  408.05858  31.2%  96.6 5465s
H 6818  1428                     592.8675505  408.05858  31.2%  98.6 5465s
H 6846  1439                     592.8675489  408.05858  31.2%  98.4 5519s
H 6847  1439                     592.8675475  408.05858  31.2%  98.4 5519s
H 6848  1439                     592.8675378  408.05858  31.2%  98.4 5519s
H 6859  1448                     592.8675365  408.05858  31.2%  98.3 5591s
H 6860  1448                     592.8673437  408.05858  31.2%  98.3 5591s
H 6867  1448                     592.7332896  408.05858  31.2%  98.2 5591s
  6868  1537  545.62273  217 1972  592.73329  408.05858  31.2%  98.2 5688s
H 6872  1537                     592.4936752  408.05858  31.1%  98.1 5688s
H 6938  1536                     592.2473465  408.05858  31.1%  97.8 5688s
  6968  1659  546.71154  234 1942  592.24735  408.05858  31.1%  98.6 5781s
H 6978  1659                     591.7462126  408.05858  31.0%  98.8 5781s
H 7044  1659                     591.7017464  408.05858  31.0%  99.0 5781s
H 7100  1767                     591.7017154  408.05858  31.0%  98.6 5844s
H 7122  1767                     591.7016895  408.05858  31.0%  98.4 5844s
  7215  1771  550.83262  253 1918  591.70169  408.05858  31.0%  97.4 5971s
H 7217  1770                     591.6626569  408.05858  31.0%  97.4 5971s
H 7218  1770                     591.5914318  408.05858  31.0%  97.4 5971s
  7219  2029  555.02250  253 1906  591.59143  408.05858  31.0%  97.4 6066s
H 7300  2029                     591.5914283  408.05858  31.0%  96.8 6066s
H 7475  2029                     591.5914265  408.05858  31.0%  96.7 6066s
H 7536  2032                     591.5914248  408.05858  31.0%  96.5 6242s
H 7538  2032                     591.5914242  408.05858  31.0%  96.5 6242s
H 7540  2032                     591.5914240  408.05858  31.0%  96.9 6242s
  7541  2221  558.50986  295 1858  591.59142  408.05858  31.0%  97.0 6325s
H 7566  2221                     591.5914220  408.05858  31.0%  96.7 6325s
H 7713  2221                     591.5913947  408.05858  31.0%  96.6 6325s
H 7747  2274                     591.5913774  408.05858  31.0%  96.3 6442s
  7804  2609  560.45653  332 1797  591.59138  408.05858  31.0%  95.8 6586s
H 7913  2609                     591.5022418  408.05858  31.0%  95.1 6586s
H 8168  2613                     591.5022380  408.05858  31.0%  95.7 6865s
H 8170  2613                     591.5022373  408.05858  31.0%  95.6 6865s
H 8172  2682                     591.5022366  408.05858  31.0%  95.6 7136s
  8247  2686  563.24040  394 1691  591.50224  408.05858  31.0%  95.0 7363s
  8251  2771  563.19492  394 1690  591.50224  408.05858  31.0%  95.0 7491s
  8354  2862  563.81404  418 1637  591.50224  408.05858  31.0%  94.8 7562s
H 8380  2862                     591.4938684  408.05858  31.0%  94.5 7562s
H 8471  2864                     591.4938619  408.05858  31.0%  94.2 7787s
H 8472  2863                     591.3411684  408.05858  31.0%  94.2 7787s
H 8473  2863                     591.2980600  408.05858  31.0%  94.2 7787s
  8477  2981  565.69682  447 1599  591.29806  408.05858  31.0%  94.4 7908s
H 8500  2981                     591.2980563  408.05858  31.0%  94.3 7908s
H 8503  2981                     591.2217540  408.05858  31.0%  94.2 7908s
H 8535  2979                     590.8908005  408.05858  30.9%  94.0 7908s
H 8601  2983                     590.8908004  408.05858  30.9%  95.2 8111s
H 8603  2982                     590.8835044  408.05858  30.9%  95.2 8111s
H 8604  2982                     590.8525653  408.05858  30.9%  95.2 8111s
H 8605  2989                     590.8274534  408.05858  30.9%  95.2 8211s
  8612  3193  568.14574  465 1575  590.82745  408.05858  30.9%  95.2 8355s
H 8630  3193                     590.8121580  408.05858  30.9%  95.0 8355s
H 8802  3193                     590.8121500  408.05858  30.9%  94.0 8355s
H 8822  3146                     586.7699848  408.05858  30.5%  94.1 8355s
  8824  3311  569.44553  507 1496  586.76998  414.23434  29.4%  94.1 8442s
H 8864  3305                     584.8521422  414.23434  29.2%  94.9 8442s
H 9033  3290                     584.2378785  414.23434  29.1%  93.4 8442s
H 9035  3642                     583.9687549  414.23434  29.1%  93.4 8550s
H 9101  3616                     582.5236813  414.23434  28.9%  93.4 8550s
  9399  3620  507.89430  109 2206  582.52368  414.23434  28.9%  91.5 8803s
H 9402  3620                     582.5236211  414.23434  28.9%  91.5 8803s
  9403  3926  508.92892  110 2202  582.52362  414.23434  28.9%  91.5 8917s
H 9429  3926                     582.5235768  414.23434  28.9%  91.3 8917s
H 9499  3926                     582.5235387  414.23434  28.9%  90.9 8917s
H 9719  3947                     582.5099750  414.23434  28.9%  89.4 9255s
H 9719  3945                     582.4763500  414.23434  28.9%  89.4 9255s
H 9724  3942                     582.4375898  414.23434  28.9%  89.3 9255s
H 9724  3940                     582.4061002  414.23434  28.9%  89.3 9255s
H 9726  3940                     582.3986489  414.23434  28.9%  89.3 9255s
H 9736  3939                     582.3659022  414.23434  28.9%  89.2 9255s
  9743  4023  537.20597  212 2130  582.36590  414.23434  28.9%  89.2 9496s
  9827  4271  552.36754  233 2119  582.36590  414.23434  28.9%  88.9 9615s
H 9828  4271                     582.3642092  414.23434  28.9%  88.9 9615s
H 9829  4265                     582.3243556  414.23434  28.9%  88.9 9615s
H10072  4264                     582.2752052  414.23434  28.9%  87.7 9615s
H10104  4267                     582.2579379  414.23434  28.9%  87.5 9865s
H10108  4368                     582.2347807  414.23434  28.9%  87.5 10178s
H10112  4368                     582.2201759  414.23434  28.9%  87.5 10178s
H10116  4368                     582.2144089  414.23434  28.9%  87.5 10178s
H10118  4368                     582.2077679  414.23434  28.9%  87.4 10178s
H10120  4368                     582.1644505  414.23434  28.8%  87.4 10178s
 10212  4727  564.47816  334 1926  582.16445  418.37056  28.1%  87.0 10400s
 10632  4992  470.06847   44 2250  582.16445  418.37056  28.1%  86.2 10751s
H11043  5242                     582.1644485  418.37056  28.1%  88.6 10899s
H11102  5242                     582.1644473  418.37056  28.1%  88.5 10899s
H11165  5242                     582.1644422  418.37056  28.1%  88.5 10899s
 11335  5264  543.30941  135 2063  582.16444  418.37056  28.1%  89.2 11085s
 11362  5494  543.31045  136 2060  582.16444  420.51796  27.8%  90.1 11327s
 11653  5568  519.45010   65 2299  582.16444  422.14332  27.5%  94.1 11536s
 11739  6107  527.54817  113 2210  582.16444  422.14332  27.5%  95.2 11718s
 12314  6111  572.97517  284 1909  582.16444  422.14332  27.5%  95.3 11924s
 12318  6644  573.87047  285 1910  582.16444  422.55984  27.4%  95.3 12094s
 12941  6951  548.22015  100 2171  582.16444  422.97429  27.3%  94.4 13140s
 13268  6995  554.25928  110 2124  582.16444  422.97429  27.3%  93.5 13327s
 13312  7321  554.27138  111 2123  582.16444  422.97429  27.3%  93.2 13512s
H13342  7321                     582.1630730  422.97429  27.3%  94.3 13512s
 13667  7563     cutoff  115       582.16307  424.34576  27.1%  92.5 13761s
H13705  7563                     582.1394926  424.34576  27.1%  92.6 13761s
H13738  7563                     582.1233810  424.34576  27.1%  92.4 13761s
 13911  8090  481.04218   39 2174  582.12338  424.34576  27.1%  91.4 13951s
H14000  8090                     582.1233808  424.34576  27.1%  91.3 13951s
H14172  8089                     582.1160771  424.34576  27.1%  90.4 13951s
H14272  8088                     582.1086670  424.34576  27.1%  89.8 13951s
 14514  8236  526.57966  129 2138  582.10867  424.99534  27.0%  89.3 14172s
H14818  8240                     582.1086658  426.69240  26.7%  93.0 14419s
H14822  8375                     582.0310488  426.69240  26.7%  93.1 14709s
H14902  8368                     581.8350081  427.75935  26.5%  96.5 14709s
 15038  8442  474.34810   55 2400  581.83501  428.82955  26.3%   100 14871s
 15113  8688  476.23157   55 2391  581.83501  428.82955  26.3%   100 15115s
 15382  8802  489.97979  122 2202  581.83501  428.82955  26.3%   102 15388s
 15512  8965  491.72631  143 2224  581.83501  428.82955  26.3%   103 15642s
H15603  8965                     581.8180346  428.82955  26.3%   103 15642s
H15671  8965                     581.8152027  428.82955  26.3%   105 15642s
H15711  8992                     581.8146031  428.82955  26.3%   106 16135s
 15744  9537  499.46915  181 2228  581.81460  428.82955  26.3%   106 16373s
H15769  9537                     581.8145979  428.82955  26.3%   106 16373s
H15926  9537                     581.8145977  428.82955  26.3%   106 16373s
H16311  9537                     581.8145976  428.82955  26.3%   106 16373s
H16312  9997                     581.8145894  428.82955  26.3%   106 16683s
H16842 10391                     581.8145882  428.82955  26.3%   107 16921s
H17071 10391                     581.8145787  428.82955  26.3%   107 16921s
 17290 10642  514.64689  337 1961  581.81458  428.82955  26.3%   107 17153s
H17424 10642                     581.8145780  428.82955  26.3%   106 17153s
H17426 10642                     581.8145779  428.82955  26.3%   106 17153s
H17434 10642                     581.8145768  428.82955  26.3%   106 17153s
H17446 10642                     581.8102021  428.82955  26.3%   106 17153s
 17557 11140  516.68401  367 1892  581.81020  428.82955  26.3%   106 17431s
H17600 11140                     581.8102004  428.82955  26.3%   106 17431s
H17700 11140                     581.8101886  428.82955  26.3%   105 17431s
H17871 11140                     581.8094421  428.82955  26.3%   104 17431s
H18190 11429                     581.8094397  428.82955  26.3%   104 17665s
H18371 11429                     581.8094288  428.82955  26.3%   103 17665s
 18603 11831  520.02038  432 1757  581.80943  428.82955  26.3%   105 17978s
H19113 11831                     581.8094276  428.82955  26.3%   106 17978s
H19114 12238                     581.8094267  428.82955  26.3%   106 18175s
H19285 12238                     581.8036885  428.82955  26.3%   105 18175s
 19544 12438  524.03215  491 1658  581.80369  428.82955  26.3%   104 18438s
H19569 12438                     581.8036807  428.82955  26.3%   104 18438s
 19843 12637  524.55495  512 1630  581.80368  428.82955  26.3%   105 18632s
H20015 12637                     581.8036763  428.82955  26.3%   104 18632s
 20098 12912  525.39493  527 1606  581.80368  428.82955  26.3%   105 18916s
H20306 12912                     581.8036755  428.82955  26.3%   106 18916s
 20410 12916  525.80322  547 1563  581.80368  428.82955  26.3%   106 19273s
 20414 13355  525.81336  548 1559  581.80368  428.82955  26.3%   106 19650s
H20439 13355                     581.8036742  428.82955  26.3%   106 19650s
H20782 13354                     581.6453776  428.82955  26.3%   105 19650s
H20889 13665                     581.6453768  428.82955  26.3%   106 20162s
H20889 13665                     581.6453709  428.82955  26.3%   106 20162s
H21000 13665                     581.6453626  428.82955  26.3%   106 20162s
H21319 13960                     581.6453621  428.82955  26.3%   108 20624s
H21490 13960                     581.6453618  428.82955  26.3%   107 20625s
H21706 14038                     581.0407135  428.82955  26.2%   112 21018s
 21810 14487  527.77244  628 1414  581.04071  428.82955  26.2%   112 21404s
H21846 14487                     581.0407130  428.82955  26.2%   112 21404s
H22119 14487                     581.0407076  428.82955  26.2%   112 21404s
H22301 14487                     581.0213240  428.82955  26.2%   113 21404s
 22451 14593  528.21788  658 1363  581.02132  428.82955  26.2%   114 21748s
H22477 14593                     581.0213234  428.82955  26.2%   114 21748s
H22556 14593                     581.0213221  428.82955  26.2%   114 21748s
H22557 14870                     581.0213201  428.82955  26.2%   114 22075s
H22570 14870                     580.9913733  428.82955  26.2%   114 22075s
H22632 14869                     580.9526041  428.82955  26.2%   114 22075s
H22738 14869                     580.9502407  428.82955  26.2%   115 22075s
H22872 15315                     580.9502405  428.82955  26.2%   115 22478s
H23000 15315                     580.9502404  428.82955  26.2%   114 22478s
 23344 15724  528.70676  692 1295  580.95024  428.82955  26.2%   114 22972s
H23500 15724                     580.9502403  428.82955  26.2%   113 22972s
 23778 16240  528.80495  700 1284  580.95024  428.82955  26.2%   113 23390s
H24344 16509                     580.9502391  428.82955  26.2%   114 23669s
H24350 16509                     580.9502389  428.82955  26.2%   114 23669s
H24361 16509                     580.9502358  428.82955  26.2%   113 23669s
H24575 16507                     580.9294941  428.82955  26.2%   113 23669s
 24616 17083  529.04496  714 1263  580.92949  428.82955  26.2%   112 23946s
H24919 17083                     580.9246622  428.82955  26.2%   111 23946s
H25201 17161                     580.9246589  428.82955  26.2%   110 24354s
H25216 17161                     580.9246576  428.82955  26.2%   110 24354s
H25230 17161                     580.9246528  428.82955  26.2%   110 24355s
 25281 17209  529.22232  725 1241  580.92465  428.82955  26.2%   110 24744s
H25294 17209                     580.9246523  428.82955  26.2%   110 24744s
H25308 17209                     580.9246516  428.82955  26.2%   110 24744s
 25329 17690  529.23181  726 1247  580.92465  428.82955  26.2%   110 25040s
 25934 17693  529.26122  738 1216  580.92465  428.82955  26.2%   109 25295s
 25967 18135  529.26048  738 1217  580.92465  428.82955  26.2%   109 26400s
 26494 18139  529.43079  752 1203  580.92465  428.82955  26.2%   109 26720s
 26502 18690  529.44757  755 1195  580.92465  428.82955  26.2%   109 27105s
 27102 18692  529.69748  777 1156  580.92465  428.82955  26.2%   109 27375s
 27108 19178  529.69827  778 1155  580.92465  428.82955  26.2%   109 27659s
 27663 19182  529.85977  790 1137  580.92465  428.82955  26.2%   109 27927s
 27667 19715  529.89097  792 1134  580.92465  428.82955  26.2%   109 28148s
 28216 19719  529.99245  798 1125  580.92465  428.82955  26.2%   108 28387s
 28220 20257  529.99279  801 1120  580.92465  428.82955  26.2%   108 28742s
 28794 20260  530.17636  811 1107  580.92465  428.82955  26.2%   108 28800s

Cutting planes:
  Learned: 9
  Gomory: 33
  Cover: 172
  Implied bound: 279
  Clique: 48
  MIR: 1113
  StrongCG: 1
  Flow cover: 2681
  GUB cover: 4
  Zero half: 1
  RLT: 1267
  Relax-and-lift: 221

Explored 28799 nodes (3170583 simplex iterations) in 28800.15 seconds
Thread count was 4 (of 32 available processors)

Solution count 10: 580.925 580.925 580.925 ... 580.95

Time limit reached
Best objective 5.809246515793e+02, best bound 4.288295464955e+02, gap 26.1816%
