
Gurobi 9.1.0 (linux64) logging started Thu Dec 30 21:05:28 2021

Changed value of parameter LogFile to eab_parasitoid_0.4_0_2_bud.log
   Prev:   Default: 
Changed value of parameter MIPGap to 0.01
   Prev: 0.0001  Min: 0.0  Max: inf  Default: 0.0001
Changed value of parameter MIPFocus to 1
   Prev: 0  Min: 0  Max: 3  Default: 0
Changed value of parameter RINS to 100
   Prev: -1  Min: -1  Max: 2000000000  Default: -1
Changed value of parameter TimeLimit to 28800.0
   Prev: inf  Min: 0.0  Max: inf  Default: inf
Changed value of parameter NodeFileStart to 10000.0
   Prev: inf  Min: 0.0  Max: inf  Default: inf
Changed value of parameter Threads to 4
   Prev: 0  Min: 0  Max: 1024  Default: 0
Changed value of parameter Heuristics to 1.0
   Prev: 0.05  Min: 0.0  Max: 1.0  Default: 0.05
Gurobi Optimizer version 9.1.0 build v9.1.0rc0 (linux64)
Thread count: 32 physical cores, 32 logical processors, using up to 4 threads
Optimize a model with 381543 rows, 174513 columns and 1305866 nonzeros
Model fingerprint: 0xc8849a32
Variable types: 77367 continuous, 97146 integer (97146 binary)
Coefficient statistics:
  Matrix range     [2e-04, 6e+03]
  Objective range  [1e-06, 1e-01]
  Bounds range     [1e+00, 6e+03]
  RHS range        [1e-04, 7e+03]

User MIP start produced solution with objective 871.006 (7.67s)
Loaded user MIP start with objective 871.006
Processed MIP start in 7.94 seconds

Presolve removed 211956 rows and 79758 columns (presolve time = 5s) ...
Presolve removed 261215 rows and 104925 columns
Presolve time: 8.56s
Presolved: 120328 rows, 69588 columns, 622685 nonzeros
Variable types: 31912 continuous, 37676 integer (37676 binary)

Deterministic concurrent LP optimizer: primal and dual simplex (primal and dual model)
Showing first log only...

Presolve removed 275 rows and 208 columns
Presolved: 120053 rows, 69380 columns, 622083 nonzeros


Root simplex log...

Iteration    Objective       Primal Inf.    Dual Inf.      Time
       0    2.3748568e+02   3.811346e+02   2.467845e+09     17s
Concurrent spin time: 0.01s

Solved with dual simplex (primal model)

Root relaxation: objective 2.275643e+02, 6307 iterations, 1.05 seconds

    Nodes    |    Current Node    |     Objective Bounds      |     Work
 Expl Unexpl |  Obj  Depth IntInf | Incumbent    BestBd   Gap | It/Node Time

     0     0  227.60552    0 1236  871.00583  227.60552  73.9%     -   24s
     0     0  234.71694    0 2245  871.00583  234.71694  73.1%     -   32s
     0     0  236.40743    0 2148  871.00583  236.40743  72.9%     -   34s
     0     0  236.52287    0 2183  871.00583  236.52287  72.8%     -   35s
     0     0  236.52898    0 2191  871.00583  236.52898  72.8%     -   35s
     0     0  236.52899    0 2191  871.00583  236.52899  72.8%     -   35s
     0     0  240.61327    0 1995  871.00583  240.61327  72.4%     -   40s
H    0     0                     850.7031170  240.61327  71.7%     -   44s
     0     0  240.79590    0 2006  850.70312  240.79590  71.7%     -   45s
     0     0  240.81003    0 2001  850.70312  240.81003  71.7%     -   46s
     0     0  240.81551    0 1970  850.70312  240.81551  71.7%     -   46s
     0     0  240.81561    0 1969  850.70312  240.81561  71.7%     -   46s
     0     0  263.52487    0 2053  850.70312  263.52487  69.0%     -   55s
     0     0  270.08882    0 2104  850.70312  270.08882  68.3%     -   62s
     0     0  271.51584    0 2073  850.70312  271.51584  68.1%     -   64s
     0     0  271.96424    0 2079  850.70312  271.96424  68.0%     -   65s
     0     0  272.05981    0 2067  850.70312  272.05981  68.0%     -   66s
     0     0  272.06565    0 2080  850.70312  272.06565  68.0%     -   67s
     0     0  272.06599    0 2078  850.70312  272.06599  68.0%     -   67s
     0     0  274.37882    0 2151  850.70312  274.37882  67.7%     -   74s
     0     0  274.63474    0 2112  850.70312  274.63474  67.7%     -   77s
     0     0  274.80622    0 2127  850.70312  274.80622  67.7%     -   79s
     0     0  274.83021    0 2134  850.70312  274.83021  67.7%     -   79s
     0     0  274.83832    0 2138  850.70312  274.83832  67.7%     -   80s
     0     0  274.84097    0 2135  850.70312  274.84097  67.7%     -   80s
     0     0  275.49176    0 2100  850.70312  275.49176  67.6%     -   85s
     0     0  275.49176    0 1472  850.70312  275.49176  67.6%     -   97s
     0     0  275.49176    0 2183  850.70312  275.49176  67.6%     -  104s
     0     0  275.49176    0 2021  850.70312  275.49176  67.6%     -  111s
     0     0  275.49176    0 2066  850.70312  275.49176  67.6%     -  114s
     0     0  275.65263    0 2122  850.70312  275.65263  67.6%     -  115s
     0     0  275.69944    0 2104  850.70312  275.69944  67.6%     -  116s
     0     0  275.74091    0 2071  850.70312  275.74091  67.6%     -  117s
     0     0  275.74993    0 2075  850.70312  275.74993  67.6%     -  118s
     0     0  275.75094    0 2080  850.70312  275.75094  67.6%     -  118s
     0     0  276.54867    0 2094  850.70312  276.54867  67.5%     -  122s
     0     0  276.72446    0 2130  850.70312  276.72446  67.5%     -  129s
     0     0  276.73351    0 2136  850.70312  276.73351  67.5%     -  130s
     0     0  276.74896    0 2146  850.70312  276.74896  67.5%     -  130s
     0     0  276.74913    0 2141  850.70312  276.74913  67.5%     -  130s
     0     0  277.45813    0 2098  850.70312  277.45813  67.4%     -  138s
     0     0  277.70855    0 2071  850.70312  277.70855  67.4%     -  144s
     0     0  277.75020    0 2079  850.70312  277.75020  67.4%     -  145s
     0     0  277.77035    0 2090  850.70312  277.77035  67.3%     -  146s
     0     0  277.78095    0 2088  850.70312  277.78095  67.3%     -  147s
     0     0  277.78157    0 2092  850.70312  277.78157  67.3%     -  147s
     0     0  278.86184    0 2076  850.70312  278.86184  67.2%     -  153s
     0     0  278.90362    0 2111  850.70312  278.90362  67.2%     -  156s
     0     0  278.91032    0 2127  850.70312  278.91032  67.2%     -  157s
     0     0  278.91192    0 2121  850.70312  278.91192  67.2%     -  158s
     0     0  283.26817    0 2094  850.70312  283.26817  66.7%     -  165s
H    0     0                     765.8133334  283.26817  63.0%     -  170s
H    0     0                     623.7306141  283.26817  54.6%     -  318s
     0     2  283.26817    0 2094  623.73061  283.26817  54.6%     -  322s
     3     8  284.10742    2 2085  623.73061  284.10742  54.5%  1180  328s
    11    16  284.16950    4 2088  623.73061  284.10742  54.5%   731  331s
    19    24  287.04772    6 2066  623.73061  284.10742  54.5%   636  337s
H   23    28                     623.7299572  284.10742  54.5%   717  344s
H   25    28                     623.0907404  284.10742  54.4%   754  344s
H   27    32                     623.0873540  284.10742  54.4%   704  425s
H   27    32                     623.0607897  284.10742  54.4%   704  425s
H   28    32                     622.7329267  284.10742  54.4%   679  425s
    37    42  294.35635   10 2123  622.73293  284.10742  54.4%   707  430s
    41    46  294.56370   11 2119  622.73293  284.10742  54.4%   744  436s
H   42    46                     622.7323189  284.10742  54.4%   727  436s
H   50    55                     578.4557453  284.10742  50.9%   734  456s
H   53    55                     550.1086083  284.10742  48.4%   713  456s
    54    59  301.99521   13 2172  550.10861  284.10742  48.4%   716  496s
    58    63  302.01948   14 2169  550.10861  284.10742  48.4%   673  501s
    62    69  302.02782   15 2165  550.10861  284.10742  48.4%   633  541s
    84    97  305.34455   19 2162  550.10861  284.10742  48.4%   516  549s
    96   101  305.63100   22 2200  550.10861  284.10742  48.4%   489  556s
   100   105  305.73629   23 2203  550.10861  284.10742  48.4%   486  663s
   104   117  307.42610   24 2155  550.10861  284.10742  48.4%   472  670s
H  106   117                     549.5646395  284.10742  48.3%   470  670s
   116   124  307.79936   26 2165  549.56464  284.10742  48.3%   443  678s
H  118   124                     549.5643813  284.10742  48.3%   436  678s
H  120   124                     548.8909297  284.10742  48.2%   428  678s
H  121   124                     548.5440927  284.10742  48.2%   429  678s
   123   152  307.83325   28 2167  548.54409  284.10742  48.2%   432  682s
H  132   152                     548.5347275  284.10742  48.2%   407  682s
   183   188  335.80431   40 2221  548.53473  284.10742  48.2%   328  690s
H  186   188                     548.5346144  284.10742  48.2%   326  690s
H  220   225                     548.4509894  284.10742  48.2%   292  840s
H  220   225                     548.4507838  284.10742  48.2%   292  840s
H  221   225                     548.4069319  284.10742  48.2%   292  840s
H  222   225                     548.3737596  284.10742  48.2%   291  840s
H  222   225                     548.0187596  284.10742  48.2%   291  840s
   224   229  326.61652   47 2171  548.01876  284.10742  48.2%   290  845s
H  227   229                     548.0023084  284.10742  48.2%   287  845s
   228   251  326.62802   48 2169  548.00231  284.10742  48.2%   286  850s
H  250   255                     547.6559709  284.10742  48.1%   267  941s
H  250   255                     547.0796908  284.10742  48.1%   267  941s
   254   259  327.83941   54 2141  547.07969  284.10742  48.1%   264  947s
H  255   259                     547.0793986  284.10742  48.1%   263  947s
H  256   259                     547.0774277  284.10742  48.1%   262  947s
   258   311  328.24155   55 2131  547.07743  284.10742  48.1%   264  950s
H  310   315                     546.2583612  284.10742  48.0%   234 1029s
H  313   315                     546.1626636  284.10742  48.0%   232 1029s
   314   358  331.60784   67 2053  546.16266  284.10742  48.0%   234 1036s
H  324   358                     546.1625557  284.10742  48.0%   228 1036s
H  357   362                     546.1625553  284.10742  48.0%   215 1041s
   361   438  332.03333   78 2049  546.16256  284.10742  48.0%   213 1045s
H  437   442                     545.4538939  284.10742  47.9%   185 1051s
H  440   442                     534.1880982  284.10742  46.8%   183 1051s
   441   510  334.55493   95 2026  534.18810  284.10742  46.8%   183 1059s
H  457   510                     534.1880412  284.10742  46.8%   178 1059s
H  509   514                     534.1863777  284.10742  46.8%   165 1064s
   513   606  340.07443  108 1962  534.18638  284.10742  46.8%   164 1070s
H  605   618                     534.1861901  284.10742  46.8%   147 1182s
H  609   618                     534.1299197  284.10742  46.8%   146 1182s
H  613   618                     534.0871654  284.10742  46.8%   145 1182s
H  618   618                     534.0640353  284.10742  46.8%   145 1182s
   619   742  347.02502  129 1951  534.06404  284.10742  46.8%   145 1186s
H  702   742                     534.0640231  284.10742  46.8%   131 1186s
   743   746  347.51654  155 1915  534.06402  284.10742  46.8%   125 1192s
H  746   746                     534.0640096  284.10742  46.8%   124 1192s
   747   795  347.55188  156 1914  534.06401  284.10742  46.8%   124 1201s
   798   805 infeasible  166       534.06401  284.10742  46.8%   118 1209s
H  800   805                     533.9487080  284.10742  46.8%   118 1209s
   810   942  347.76060  167 1894  533.94871  284.10742  46.8%   117 1214s
H  864   942                     533.3320476  284.10742  46.7%   111 1214s
H  947   946                     533.3205526  284.10742  46.7%   104 1224s
H  950   946                     533.3160986  284.10742  46.7%   104 1224s
   951  1062  350.61544  202 1943  533.31610  284.10742  46.7%   104 1231s
H  976  1062                     533.3158022  284.10742  46.7%   101 1231s
H 1067  1066                     533.2786665  284.10742  46.7%  94.0 1237s
  1071  1141  350.85294  229 1883  533.27867  284.10742  46.7%  93.7 1246s
  1147  1239  351.22891  246 1847  533.27867  284.10742  46.7%  89.5 1255s
H 1246  1239                     533.2785399  284.10742  46.7%  85.0 1255s
H 1247  1444                     533.2784716  284.10742  46.7%  84.9 1265s
H 1355  1444                     533.2566908  284.10742  46.7%  78.6 1265s
H 1409  1444                     533.2398677  284.10742  46.7%  76.0 1265s
  1452  1629  352.25187  316 1780  533.23987  284.10742  46.7%  74.7 1273s
  1641  1633  353.35808  352 1756  533.23987  284.10742  46.7%  67.5 1282s
  1645  1822  353.35961  353 1754  533.23987  284.10742  46.7%  67.4 1375s
H 1670  1822                     533.2396802  284.10742  46.7%  66.5 1375s
H 1699  1822                     533.1707218  284.10742  46.7%  65.4 1375s
H 1754  1822                     533.1707113  284.10742  46.7%  63.6 1375s
  1838  2042  353.83113  401 1712  533.17071  284.10742  46.7%  61.9 1384s
H 1861  2042                     533.1707075  284.10742  46.7%  61.3 1384s
H 2050  2042                     533.1706895  284.10742  46.7%  56.9 1384s
  2060  2206  355.11380  458 1651  533.17069  284.10742  46.7%  56.9 1472s
H 2100  2206                     533.1392254  284.10742  46.7%  55.9 1472s
  2224  2220  355.35943  494 1610  533.13923  284.10742  46.7%  53.5 1482s
  2238  2562  355.38931  501 1599  533.13923  284.10742  46.7%  53.2 1492s
  2581  2571  357.26908  575 1530  533.13923  284.10742  46.7%  48.4 1504s
H 2590  2575                     532.6199104  284.10742  46.7%  48.2 1560s
  2594  2820  357.28864  577 1530  532.61991  284.10742  46.7%  48.2 1570s
H 2717  2820                     532.5069048  284.10742  46.6%  46.3 1570s
  2843  2831  359.01275  663 1487  532.50690  284.10742  46.6%  45.0 1582s
H 2847  2831                     532.5060951  284.10742  46.6%  45.0 1582s
  2854  3075  359.07724  665 1484  532.50610  284.10742  46.6%  45.0 1592s
  3115  3121  359.86369  729 1412  532.50610  284.10742  46.6%  43.2 1659s
H 3144  2534                     464.3453627  284.10742  38.8%  42.9 1659s
H 3175  2285                     460.9654168  284.10742  38.4%  43.7 1814s
H 3176  1613                     432.6690456  284.10742  34.3%  43.7 1814s
H 3207  1595                     432.6690434  284.10742  34.3%  44.5 1833s
H 3216  1595                     432.6683056  284.10742  34.3%  44.6 1833s
  3219  1627  363.23175  742 1481  432.66831  284.10742  34.3%  47.1 1847s
  3253  1631  363.71835  757 1442  432.66831  284.10742  34.3%  50.4 1863s
H 3255  1631                     432.6283778  284.10742  34.3%  51.1 1863s
H 3257  1643                     432.6283767  284.10742  34.3%  51.9 1873s
H 3258  1643                     432.6283765  284.10742  34.3%  51.9 1873s
H 3264  1643                     432.6283744  284.10742  34.3%  51.8 1873s
  3269  1826  363.77307  763 1436  432.62837  284.10742  34.3%  52.4 1885s
  3464  1897  366.04305  859 1357  432.62837  284.10742  34.3%  53.3 1900s
H 3545  2043                     432.3697085  284.10742  34.3%  55.2 1956s
  3705  2074  367.53186  928 1263  432.36971  284.10742  34.3%  56.1 2151s
H 3712  2073                     432.2276333  284.10742  34.3%  56.0 2151s
H 3736  2059                     430.7592686  284.10742  34.0%  56.2 2152s
H 3737  2064                     430.7592286  284.10742  34.0%  56.2 2168s
H 3739  2064                     430.7571799  284.10742  34.0%  56.2 2168s
H 3740  2061                     430.3804318  284.10742  34.0%  56.2 2168s
  3742  2079  367.61031  934 1258  430.38043  284.10742  34.0%  56.2 2184s
H 3760  2082                     429.9245443  284.10742  33.9%  56.1 2292s
  3764  2103  367.62151  939 1251  429.92454  284.10742  33.9%  56.1 2309s
H 3771  2103                     429.9245438  284.10742  33.9%  56.0 2309s
H 3778  2103                     429.9234327  284.10742  33.9%  56.0 2309s
H 3784  2103                     429.9234291  284.10742  33.9%  56.1 2309s
H 3785  2110                     429.8524115  284.10742  33.9%  56.1 2331s
H 3786  2110                     429.7475888  284.10742  33.9%  56.1 2331s
H 3791  2110                     429.5710637  284.10742  33.9%  56.1 2331s
  3792  2171  367.64834  945 1250  429.57106  284.10742  33.9%  56.2 2351s
H 3811  2171                     429.5710627  284.10742  33.9%  55.9 2351s
  3859  2304  367.70276  959 1233  429.57106  284.10742  33.9%  57.4 2367s
  4008  2325  368.60066 1005 1169  429.57106  294.58604  31.4%  57.0 2407s
  4057  2554  319.77632    4 2171  429.57106  294.58604  31.4%  57.6 2428s
  4287  2555  348.03555  175 2100  429.57106  294.58604  31.4%  58.2 2449s
  4289  2556  398.80498  100 1492  429.57106  294.58604  31.4%  58.1 2460s
  4290  2557  353.01806  336 2311  429.57106  294.58604  31.4%  58.1 2469s
H 4290  2429                     429.5710627  294.58604  31.4%  58.1 2478s
  4291  2430  357.92227  610 2026  429.57106  294.58604  31.4%  58.1 2480s
  4292  2430  359.79897  725 2138  429.57106  294.58604  31.4%  58.1 2492s
  4293  2431  378.28617   83 2148  429.57106  294.95750  31.3%  58.1 2495s
  4297  2434  411.99439  351 2212  429.57106  294.95750  31.3%  58.0 2500s
  4300  2436  297.54455    9 2200  429.57106  297.54455  30.7%  58.0 2514s
  4301  2436  348.10758  172 2222  429.57106  298.89320  30.4%  58.0 2517s
  4302  2437  405.58515  189 2168  429.57106  300.10560  30.1%  58.0 2520s
  4308  2441  367.71188  966 2184  429.57106  300.38479  30.1%  57.9 2526s
  4309  2442  374.95195   53 2135  429.57106  301.33393  29.9%  57.9 2534s
  4310  2442  347.78246   16 2153  429.57106  301.65990  29.8%  57.9 2537s
  4313  2444  363.79921  762 2191  429.57106  301.71103  29.8%  57.8 2540s
  4318  2448  408.12163  240 2211  429.57106  301.81299  29.7%  57.8 2547s
  4319  2448  350.16475   96 2211  429.57106  301.81299  29.7%  57.7 2792s
  4320  2452  311.91207   11 2168  429.57106  301.81299  29.7%  69.8 2804s
  4322  2455  311.95652   12 2141  429.57106  304.85323  29.0%  70.3 2810s
  4334  2460  312.01381   14 2142  429.57106  308.17311  28.3%  72.3 2815s
  4342  2464  312.03775   15 2140  429.57106  308.18463  28.3%  73.2 2820s
  4350  2462  312.03939   16 2139  429.57106  308.19886  28.3%  74.4 2827s
  4358  2461  312.04545   17 2138  429.57106  308.22062  28.2%  75.1 2837s
  4364  2462  314.32824   18 2184  429.57106  308.94072  28.1%  76.9 2840s
  4373  2463  316.34240   19 2199  429.57106  308.94072  28.1%  78.4 2850s
  4377  2464     cutoff   19       429.57106  308.94566  28.1%  80.8 2860s
  4381  2466  316.36619   20 2198  429.57106  308.94566  28.1%  81.1 2865s
  4386  2469  330.60957   21 2142  429.57106  311.24497  27.5%  83.1 2871s
  4393  2469  322.96614   22 2176  429.57106  313.32288  27.1%  83.9 2875s
  4402  2473  331.58828   23 2173  429.57106  313.37077  27.1%  85.6 2882s
  4408  2476  339.42570   24 2261  429.57106  313.37077  27.1%  86.2 2886s
  4413  2479  343.23602   24 2278  429.57106  313.37077  27.1%  86.9 2890s
  4419  2484  339.45212   25 2262  429.57106  314.80743  26.7%  87.4 2993s
  4426  2490  343.44925   26 2264  429.57106  314.80743  26.7%  87.7 2997s
  4436  2494  342.82522   27 2286  429.57106  314.80743  26.7%  88.0 3004s
  4445  2502  342.87350   28 2283  429.57106  314.80743  26.7%  88.5 3009s
  4458  2506  358.33896   29 2393  429.57106  314.80743  26.7%  89.1 3014s
  4468  2511  422.09432   30 2377  429.57106  314.80743  26.7%  89.8 3021s
  4481  2514  346.25083   31 2383  429.57106  314.80743  26.7%  90.2 3027s
  4498  2516  345.98948   33 2375  429.57106  314.80743  26.7%  90.8 3035s
  4510  2514  354.25474   34 2368  429.57106  314.80743  26.7%  90.9 3049s
H 4511  2390                     429.5692371  314.80743  26.7%  90.9 3050s
  4520  2394  348.04261   35 2427  429.56924  314.80743  26.7%  91.4 3055s
  4529  2403  348.31039   36 2433  429.56924  314.80743  26.7%  93.0 3063s
  4549  2400  348.54134   38 2433  429.56924  314.80743  26.7%  94.6 3174s
H 4551  2282                     429.5586505  314.80743  26.7%  94.7 3174s
H 4551  2171                     429.5577134  314.80743  26.7%  94.7 3174s
H 4552  2065                     429.2997690  314.80743  26.7%  94.7 3174s
  4554  2084 infeasible   38       429.29977  314.80743  26.7%  95.0 3180s
H 4581  1979                     429.2106632  314.80743  26.7%  95.5 3188s
  4587  1996  349.19914   41 2435  429.21066  314.80743  26.7%  95.8 3195s
H 4612  1897                     429.1049645  314.80743  26.6%  96.4 3206s
H 4616  1816                     429.1028521  314.80743  26.6%  96.7 3214s
H 4621  1729                     429.1027767  314.80743  26.6%  97.1 3214s
  4631  1753     cutoff   44       429.10278  314.80743  26.6%  97.7 3272s
H 4668  1675                     429.1010755  314.80743  26.6%   100 3280s
H 4695  1600                     429.0960456  314.80743  26.6%   101 3291s
H 4699  1525                     429.0852559  314.80743  26.6%   101 3291s
  4708  1557  413.32748   49 2430  429.08526  314.80743  26.6%   101 3301s
H 4712  1485                     429.0478285  314.80743  26.6%   101 3301s
  4752  1488  353.60007   52 2427  429.04783  314.80743  26.6%   101 3311s
H 4756  1421                     428.9909032  314.80743  26.6%   101 3311s
  4777  1454  360.50471   54 2430  428.99090  314.80743  26.6%   102 3322s
  4833  1440  361.52261   60 2459  428.99090  314.80743  26.6%   102 3337s
H 4837  1376                     428.9909026  314.80743  26.6%   102 3337s
  4848  1395  390.15427   60 2455  428.99090  314.80743  26.6%   104 3345s
  4876  1419     cutoff   62       428.99090  314.80743  26.6%   105 3353s
  4915  1462  362.99904   64 2459  428.99090  314.80743  26.6%   105 3361s
  4979  1444  368.39065   69 2423  428.99090  314.80743  26.6%   106 3539s
  4983  1481  364.72510   70 2444  428.99090  314.80743  26.6%   106 3556s
  5035  1472  365.12948   76 2422  428.99090  314.80743  26.6%   106 3570s
H 5049  1438                     428.9884617  314.80743  26.6%   107 3582s
H 5060  1377                     428.9815317  314.80743  26.6%   107 3582s
H 5066  1321                     428.9322609  314.80743  26.6%   107 3582s
H 5081  1264                     428.9213877  314.80743  26.6%   107 3582s
  5090  1288  372.61909   82 2414  428.92139  314.80743  26.6%   107 3596s
H 5111  1232                     428.9213710  314.80743  26.6%   108 3596s
H 5123  1182                     428.9213053  314.80743  26.6%   108 3596s
H 5124  1158                     428.8674360  314.80743  26.6%   108 3645s
  5152  1229  374.73875   89 2402  428.86744  314.80743  26.6%   110 3660s
H 5220  1164                     428.8674355  314.80743  26.6%   110 3660s
H 5221  1124                     428.8674139  314.80743  26.6%   110 3660s
  5241  1134 infeasible   97       428.86741  314.80743  26.6%   110 3678s
H 5242  1097                     428.8674009  314.80743  26.6%   110 3678s
H 5253  1057                     428.8673433  314.80743  26.6%   110 3678s
H 5260  1021                     428.8673348  314.80743  26.6%   110 3678s
H 5265  1051                     428.8673220  314.80743  26.6%   110 3698s
  5350  1069  414.91567  113 2378  428.86732  314.80743  26.6%   110 3722s
H 5368  1032                     428.8413154  314.80743  26.6%   109 3722s
H 5393   994                     428.8280950  314.80743  26.6%   109 3722s
H 5421   996                     428.7665098  314.80743  26.6%   110 3740s
  5468  1071  417.23975  134 2339  428.76651  314.80743  26.6%   110 3760s
H 5489  1038                     428.7661530  314.80743  26.6%   110 3760s
H 5521  1003                     428.7660768  314.80743  26.6%   109 3760s
  5566  1079  417.75212  151 2303  428.76608  314.80743  26.6%   109 3777s
H 5682  1072                     428.7577530  314.80743  26.6%   108 3799s
H 5767  1109                     428.7568544  314.80743  26.6%   109 3844s
H 5768  1109                     428.7568370  314.80743  26.6%   109 3844s
H 5801  1109                     428.7561258  314.80743  26.6%   110 3844s
H 5804  1109                     428.7550829  314.80743  26.6%   110 3844s
  5812  1163  420.65887  191 2260  428.75508  314.80743  26.6%   110 3870s
H 5835  1163                     428.7489613  314.80743  26.6%   110 3870s
  5900  1209 infeasible  196       428.74896  323.63945  24.5%   111 3892s
  5956  1285  329.02523   23 2353  428.74896  323.63945  24.5%   112 3913s
H 5967  1285                     428.7486324  323.63945  24.5%   112 3913s
H 5984  1285                     428.7319214  323.63945  24.5%   112 3913s
  6032  1449  342.40791   34 2469  428.73192  323.63945  24.5%   112 3932s
H 6038  1449                     428.7315875  323.63945  24.5%   112 3932s
H 6198  1539                     428.7315377  323.63945  24.5%   110 3952s
H 6229  1539                     428.7315329  323.63945  24.5%   110 3952s
H 6261  1539                     428.7314001  323.63945  24.5%   110 3952s
  6316  1708  357.01566   94 2346  428.73140  323.63945  24.5%   109 3974s
H 6358  1708                     428.7313990  323.63945  24.5%   109 3974s
H 6503  1730                     428.7313568  323.63945  24.5%   108 4005s
H 6533  1730                     428.7313480  323.63945  24.5%   108 4005s
  6537  1824  381.79382  153 2272  428.73135  323.63945  24.5%   108 4025s
H 6649  1828                     428.6493848  323.63945  24.5%   109 4164s
H 6652  1828                     428.6490423  323.63945  24.5%   109 4164s
  6653  1982  396.73803  200 2201  428.64904  323.63945  24.5%   109 4248s
H 6673  1982                     428.6490349  323.63945  24.5%   109 4248s
H 6772  1982                     428.6490331  323.63945  24.5%   108 4248s
H 6812  2008                     428.6490302  323.63945  24.5%   111 4279s
H 6833  2008                     428.6489842  323.63945  24.5%   111 4279s
H 6834  2008                     428.6391873  323.63945  24.5%   111 4279s
  6840  2156  405.05536  259 2040  428.63919  323.63945  24.5%   111 4397s
H 6852  2156                     428.6391870  323.63945  24.5%   111 4397s
  6997  2224  410.32502  320 1895  428.63919  323.63945  24.5%   112 4451s
  7071  2416  411.05454  338 1870  428.63919  323.63945  24.5%   112 4480s
H 7228  2416                     428.6391866  323.63945  24.5%   110 4480s
H 7245  2416                     428.6391864  323.63945  24.5%   111 4481s
H 7284  2419                     428.6311965  323.63945  24.5%   111 4535s
H 7285  2419                     428.6278848  323.63945  24.5%   111 4535s
H 7286  2419                     428.6062010  323.63945  24.5%   111 4535s
  7291  2545  412.86189  425 1728  428.60620  323.63945  24.5%   112 4571s
H 7293  2545                     428.6061928  323.63945  24.5%   112 4571s
H 7357  2545                     428.6061853  323.63945  24.5%   111 4571s
H 7379  2545                     428.6020544  323.63945  24.5%   111 4571s
  7429  2732  413.84312  482 1633  428.60205  323.63945  24.5%   111 4640s
H 7500  2732                     428.5970848  323.63945  24.5%   110 4640s
  7646  2842  414.34704  554 1520  428.59708  323.63945  24.5%   111 4675s
  7756  3161  414.98888  605 1440  428.59708  323.63945  24.5%   110 4715s
H 8052  3161                     428.5970848  323.63945  24.5%   107 4715s
H 8089  3165                     428.5502022  323.63945  24.5%   108 5085s
H 8090  3164                     427.6436321  323.63945  24.3%   108 5085s
  8093  3476  416.24434  766 1158  427.64363  323.63945  24.3%   108 5127s
H 8100  3476                     427.6436288  323.63945  24.3%   107 5127s
  8425  3526  417.60025  921  903  427.64363  323.63945  24.3%   106 5170s
H 8427  3526                     427.6436276  323.63945  24.3%   106 5170s
H 8429  3526                     427.6436230  323.63945  24.3%   106 5170s
H 8430  3526                     427.6436140  323.63945  24.3%   106 5170s
  8475  3809  417.69254  937  875  427.64361  336.78197  21.2%   105 5207s
  8815  3993  363.79152   25 2383  427.64361  336.78197  21.2%   103 5257s
H 8918  3993                     427.6436137  336.78197  21.2%   103 5257s
  9032  4386  369.32859   61 2369  427.64361  336.78197  21.2%   103 5298s
  9428  4740  371.23344   99 2310  427.64361  336.78197  21.2%   101 5339s
  9796  5008  377.54444  133 2234  427.64361  336.78197  21.2%  98.5 5441s
 10086  5350 infeasible  142       427.64361  336.78197  21.2%  97.9 5488s
H10149  5350                     427.6436129  336.78197  21.2%  97.5 5488s
 10432  5828  392.95396  155 2223  427.64361  336.78197  21.2%  95.6 5643s
H10484  5828                     427.6436099  336.78197  21.2%  95.3 5643s
H10752  5828                     427.6119998  336.78197  21.2%  93.3 5643s
H10960  5965                     427.6119318  336.78197  21.2%  96.2 5692s
H10961  5965                     427.6118064  336.78197  21.2%  96.2 5692s
H10963  5965                     427.6106934  336.78197  21.2%  96.2 5692s
H11001  5965                     427.6100311  336.78197  21.2%  97.3 5692s
H11143  6319                     427.6098368  336.78197  21.2%  98.0 5748s
H11514  6551                     427.5640480  336.78197  21.2%  97.8 5902s
H11517  6550                     427.3031553  336.78197  21.2%  97.8 5902s
H11761  6926                     427.3030412  336.78197  21.2%  97.1 5965s
H11800  6926                     427.3030195  336.78197  21.2%  96.9 5965s
H11901  6926                     427.3030122  336.78197  21.2%  96.2 5965s
H12165  7233                     427.3030120  336.78197  21.2%  95.7 6024s
H12170  7233                     427.3030098  336.78197  21.2%  95.7 6024s
 12510  7739  410.26177  343 1765  427.30301  336.78197  21.2%  94.6 6084s
 13041  8060  409.94520  383 1689  427.30301  336.78197  21.2%  92.0 6145s
H13387  8060                     427.3030068  336.78197  21.2%  91.3 6145s
 13414  8322  410.56482  392 1668  427.30301  336.78197  21.2%  91.1 6267s
H13687  8322                     427.3030052  336.78197  21.2%  90.3 6267s
 13688  8740  411.27710  396 1680  427.30301  336.78197  21.2%  90.3 6338s
H14003  8740                     427.3030014  336.78197  21.2%  89.1 6338s
 14150  9166     cutoff  418       427.30300  340.29599  20.4%  88.3 6456s
H14426  9166                     427.3029986  340.29599  20.4%  88.9 6456s
H14476  9166                     427.3029972  340.29599  20.4%  88.6 6456s
 14596  9537  385.59215   45 2363  427.30300  340.29599  20.4%  87.9 6553s
 14980  9928  395.36983   69 2334  427.30300  340.42629  20.3%  88.3 6627s
H15275  9928                     427.3029944  340.42629  20.3%  87.9 6627s
H15425 10256                     427.3029944  340.42629  20.3%  87.2 6708s
H15727 10256                     427.3024403  340.42629  20.3%  87.3 6708s
 15897 10513  401.91778   84 2351  427.30244  340.59752  20.3%  86.4 6786s
 16196 10954  389.47153   34 2338  427.30244  341.39220  20.1%  86.1 6861s
H16267 10954                     427.3021690  341.61356  20.1%  86.8 6861s
 16664 10956 infeasible   33       427.30217  341.64489  20.0%  86.0 6948s
 16670 11094  398.31033   37 2270  427.30217  341.64489  20.0%  86.2 7021s
H16677 11094                     427.3021683  341.64489  20.0%  86.4 7021s
H16695 11094                     427.3021545  341.64489  20.0%  86.6 7021s
 16829 11399  397.15979   46 2281  427.30215  341.64489  20.0%  86.1 7191s
H16946 11399                     427.2743125  341.64489  20.0%  87.4 7191s
 17188 11592 infeasible   62       427.27431  341.64489  20.0%  86.4 7276s
H17189 11592                     427.2743118  341.64489  20.0%  86.4 7276s
H17189 11592                     427.2738533  341.64489  20.0%  86.4 7276s
H17232 11592                     427.2503692  341.64489  20.0%  88.1 7276s
H17460 11918                     427.2503632  341.64489  20.0%  88.4 7400s
 17794 12025  408.91464   67 2273  427.25036  341.64489  20.0%  88.2 7499s
H17805 12025                     427.2503632  341.64489  20.0%  89.1 7499s
H17919 12315                     427.2030504  341.64489  20.0%  88.7 7625s
 18264 12421  355.97443   34 2352  427.20305  341.97781  19.9%  88.7 7811s
H18370 12659                     427.2012083  341.97781  19.9%  88.4 7894s
 18666 12981  358.71857   47 2349  427.20121  341.97781  19.9%  88.7 7979s
H18848 12981                     427.2012076  341.97781  19.9%  89.5 7979s
 19021 13288  373.87867   72 2315  427.20121  341.97781  19.9%  89.6 8061s
 19361 13397  377.48208   92 2258  427.20121  341.97781  19.9%  89.8 8161s
 19511 13824  368.45928  112 2241  427.20121  341.97781  19.9%  90.6 8308s
 19989 13828  404.18913  163 2178  427.20121  341.97781  19.9%  91.5 8779s
 19993 13978     cutoff  163       427.20121  341.97781  19.9%  91.5 8876s
H20005 13978                     427.2010585  341.97781  19.9%  91.5 8876s
H20088 13978                     427.2000443  341.97781  19.9%  91.2 8876s
 20149 14077  404.58823  184 2141  427.20004  341.97781  19.9%  91.3 9236s
H20173 14077                     427.1999399  341.97781  19.9%  91.2 9236s
H20248 14077                     427.1991414  341.97781  19.9%  91.0 9236s
H20249 14080                     427.1991116  341.97781  19.9%  91.0 9498s
H20250 14080                     427.1989839  341.97781  19.9%  91.0 9498s
H20252 14080                     427.1989350  341.97781  19.9%  91.0 9498s
 20253 14275  405.81565  197 2102  427.19894  341.97781  19.9%  91.0 9602s
H20300 14275                     427.1988483  341.97781  19.9%  90.9 9603s
H20459 14281                     427.1988386  341.97781  19.9%  90.9 9686s
H20462 14281                     427.1988350  341.97781  19.9%  90.9 9686s
 20465 14801  406.99495  227 2045  427.19884  341.97781  19.9%  90.9 10151s
 21005 15374  409.03166  276 1981  427.19884  341.97781  19.9%  91.7 10300s
 21685 15777  412.94080  361 1844  427.19884  341.97781  19.9%  92.0 10372s
H21820 15777                     427.1987286  341.97781  19.9%  91.7 10372s
 22130 16354  413.45516  429 1719  427.19873  341.97781  19.9%  91.9 10433s
 22753 16680  416.66258  514 1552  427.19873  341.97781  19.9%  90.2 10495s
 23091 17284  417.03148  565 1468  427.19873  341.97781  19.9%  89.5 10550s
 23704 17288  418.27239  650 1347  427.19873  341.97781  19.9%  87.6 10755s
 23708 17775  418.27319  651 1345  427.19873  341.97781  19.9%  87.6 10803s
 24239 17779  419.17791  736 1226  427.19873  341.97781  19.9%  86.5 11036s
 24243 18314  418.96057  736 1225  427.19873  341.97781  19.9%  86.5 11083s
 24785 18445  419.74048  815 1115  427.19873  341.97781  19.9%  84.9 11141s
 24917 18845  420.18038  834 1093  427.19873  341.97781  19.9%  84.5 11189s
 25371 18953  420.79179  913  987  427.19873  341.97781  19.9%  83.6 11249s
 25584 19010 infeasible  929       427.19873  343.10506  19.7%  83.6 11305s
H25674 19003                     426.8399463  343.10506  19.6%  83.9 11305s
 25708 19079     cutoff   42       426.83995  343.10506  19.6%  83.9 11379s
H25730 19079                     426.8399419  343.10506  19.6%  84.1 11379s
H25776 19079                     426.8392915  343.10506  19.6%  84.3 11379s
 25823 19223  404.52824   54 2325  426.83929  343.10506  19.6%  84.4 11459s
 26006 19342  407.64834   73 2306  426.83929  343.10506  19.6%  84.7 11527s
H26161 19575                     426.8350760  343.10506  19.6%  84.7 11593s
 26445 19776     cutoff  102       426.83508  344.08940  19.4%  85.0 11654s
H26620 19776                     426.8330662  344.24105  19.3%  85.5 11654s
 26700 20114  363.52968   43 2383  426.83307  344.24105  19.3%  85.6 11706s
H26702 20114                     426.8330647  344.24105  19.3%  85.6 11707s
H26955 20114                     426.8330606  344.24105  19.3%  85.3 11707s
H26957 20114                     426.8330544  344.24105  19.3%  85.3 11707s
 27053 20455  412.28068  104 2264  426.83305  344.30127  19.3%  85.1 11758s
 27407 20686  405.22571   94 2292  426.83305  344.34005  19.3%  84.6 11815s
H27491 20686                     426.8330533  344.34005  19.3%  85.5 11815s
 27701 20955  403.18389   17 2373  426.83305  344.37487  19.3%  85.1 11882s
 28039 21020  373.98997   43 2341  426.83305  344.47442  19.3%  85.6 12178s
H28040 21020                     426.8255017  344.47442  19.3%  85.6 12178s
 28104 21108 infeasible   44       426.82550  344.85477  19.2%  85.5 12308s
H28129 21108                     426.8255011  344.85477  19.2%  86.1 12308s
 28208 21568  357.79033   47 2371  426.82550  344.85477  19.2%  85.9 12368s
H28502 21568                     426.8248608  344.85477  19.2%  85.6 12368s
 28692 21993  395.83645  145 2268  426.82486  344.85477  19.2%  85.2 12428s
H28916 21993                     426.8248608  344.85477  19.2%  84.8 12428s
 29136 22512  417.52715  264 2070  426.82486  344.90744  19.2%  84.6 12480s
 29712 22906  357.15513   53 2374  426.82486  344.90744  19.2%  83.9 12544s
 30136 23404  362.46585   74 2319  426.82486  344.90744  19.2%  83.7 12606s
 30655 23853  369.09165  119 2199  426.82486  344.90744  19.2%  83.1 12669s
 31122 24297  391.13796  153 2152  426.82486  344.90744  19.2%  82.6 12774s
 31594 24637  391.74085  170 2145  426.82486  344.90744  19.2%  82.1 12915s
H31871 24637                     426.7953207  344.90744  19.2%  81.4 12915s
 31936 25214  393.26130  170 2141  426.79532  344.90744  19.2%  81.3 13114s
H31961 25214                     426.7953009  344.90744  19.2%  81.3 13114s
H31972 25214                     426.7952675  344.90744  19.2%  81.6 13114s
H32039 25211                     426.6188820  344.90744  19.2%  81.8 13114s
H32523 25663                     426.6155210  344.90744  19.2%  80.7 13232s
H32955 25663                     426.6046883  344.90744  19.2%  80.3 13232s
 33048 26169  398.17513  233 2073  426.60469  344.90744  19.2%  80.1 13315s
H33056 26169                     426.6037494  344.90744  19.2%  80.1 13315s
H33397 26169                     426.6037285  344.90744  19.2%  79.7 13315s
H33397 26169                     426.6035683  344.90744  19.2%  79.7 13315s
H33449 26169                     426.6024411  344.90744  19.2%  79.5 13315s
H33558 26722                     426.6017418  344.90744  19.2%  79.3 13398s
H33665 26722                     426.6017116  344.90744  19.2%  79.4 13398s
H34129 27146                     426.1986453  344.90744  19.1%  79.1 13467s
H34567 27675                     426.1986103  344.90744  19.1%  78.3 13543s
H35036 27675                     426.1986043  344.90744  19.1%  77.8 13543s
 35173 28002  408.24827  461 1693  426.19860  344.90744  19.1%  77.6 13622s
H35174 28002                     426.1985946  344.90744  19.1%  77.6 13622s
H35334 28002                     426.1985866  344.90744  19.1%  77.6 13622s
 35512 28479  408.45674  487 1642  426.19859  344.90744  19.1%  77.3 13693s
H35563 28479                     426.1985838  344.90744  19.1%  77.2 13693s
H35682 28479                     426.1984752  344.90744  19.1%  77.0 13693s
 36017 28939  409.17019  572 1524  426.19848  344.90744  19.1%  77.0 13842s
 36510 29443  411.22979  657 1384  426.19848  344.90744  19.1%  76.8 13899s
 37019 29723  411.69644  742 1247  426.19848  344.90744  19.1%  76.1 13977s
H37240 29711                     426.0343499  344.90744  19.0%  75.7 13977s
H37305 30224                     426.0341549  344.90744  19.0%  75.6 14050s
H37400 30224                     426.0311705  344.90744  19.0%  75.6 14050s
 37833 30503  412.34636  828 1138  426.03117  345.45648  18.9%  74.9 14121s
H37933 30503                     426.0309883  345.45648  18.9%  74.9 14121s
H38032 30503                     426.0309750  345.45648  18.9%  74.8 14121s
H38208 30864                     426.0309726  345.45648  18.9%  74.6 14242s
H38386 30864                     426.0309638  345.45648  18.9%  74.7 14242s
 38633 31245 infeasible   99       426.03096  345.98212  18.8%  74.5 14301s
H38636 31245                     426.0309637  345.98212  18.8%  74.6 14301s
H38664 31245                     426.0309631  345.98212  18.8%  74.7 14301s
 39027 31670  361.13020   54 2290  426.03096  345.98212  18.8%  74.2 14377s
H39506 32086                     426.0309630  345.98212  18.8%  74.0 14439s
 39924 32312  367.13196  132 2199  426.03096  345.98212  18.8%  73.5 14602s
H39949 32312                     426.0309613  345.98212  18.8%  73.5 14602s
H40002 32311                     426.0297217  345.98212  18.8%  73.5 14603s
H40027 32311                     426.0290902  345.98212  18.8%  73.4 14603s
H40078 32311                     426.0277395  345.98212  18.8%  73.3 14603s
H40172 32523                     426.0277388  345.98212  18.8%  73.2 14667s
H40172 32523                     426.0277372  345.98212  18.8%  73.2 14667s
H40177 32523                     426.0277277  345.98212  18.8%  73.2 14667s
H40214 32523                     426.0277240  345.98212  18.8%  73.1 14667s
H40503 33023                     426.0277232  345.98212  18.8%  72.8 14739s
H40503 33023                     426.0276233  345.98212  18.8%  72.8 14739s
H41040 33357                     426.0276226  345.98212  18.8%  72.5 14867s
 41390 33840 infeasible  205       426.02762  345.98212  18.8%  72.8 14989s
 41889 33996  386.01096  219 2090  426.02762  345.98212  18.8%  72.5 15142s
 42085 34572  386.00220  230 2083  426.02762  345.98212  18.8%  73.1 15386s
 42765 35048  388.63589  257 2017  426.02762  345.98212  18.8%  73.8 15491s
 43397 35285  390.12150  293 1935  426.02762  345.98212  18.8%  73.8 15578s
 43783 35573  394.66338  304 1922  426.02762  345.98212  18.8%  73.9 15676s
 44127 35719 infeasible  315       426.02762  345.98212  18.8%  74.7 15834s
 44312 35969 infeasible  313       426.02762  345.98212  18.8%  75.7 15979s
 44597 36269 infeasible  314       426.02762  347.90008  18.3%  76.3 16101s
 44926 36770  389.99788   46 2387  426.02762  348.34696  18.2%  76.4 16186s
 45427 37314  401.69516   87 2263  426.02762  348.34696  18.2%  75.9 16279s
 45971 37804  399.37173  126 2198  426.02762  348.72301  18.1%  75.3 16366s
 46501 38189  394.01773   22 2272  426.02762  348.91859  18.1%  74.9 16456s
 47000 38567  401.94641   70 2342  426.02762  349.05079  18.1%  74.5 16539s
 47545 38865     cutoff   41       426.02762  349.54123  18.0%  74.8 16752s
 47874 38869  370.20160   45 2346  426.02762  349.54123  18.0%  75.0 17052s
 47878 39285 infeasible   46       426.02762  349.92921  17.9%  75.1 17130s
 48331 39352  419.98642  120 2301  426.02762  350.03244  17.8%  74.9 17223s
H48359 39352                     426.0258226  350.03244  17.8%  74.9 17223s
H48428 39947                     426.0254963  350.03244  17.8%  75.1 17302s
H48860 39947                     426.0239545  350.03244  17.8%  74.9 17302s
H48932 39947                     426.0227919  350.03244  17.8%  74.8 17302s
 49030 40403  408.26970  207 2128  426.02279  350.15516  17.8%  74.6 17374s
H49189 40403                     426.0227912  350.15516  17.8%  74.6 17374s
H49367 40403                     426.0216230  350.15516  17.8%  74.8 17374s
H49537 40683                     426.0216226  350.15516  17.8%  74.5 17449s
H49537 40683                     426.0214151  350.15516  17.8%  74.5 17449s
H49744 40683                     426.0214138  350.15516  17.8%  74.7 17449s
 49914 40821  407.08035   94 2304  426.02141  350.56370  17.7%  74.5 17571s
H50134 40824                     426.0205655  350.99559  17.6%  75.4 17981s
 50139 40840  375.25231   28 2358  426.02057  350.99559  17.6%  75.5 18175s
 50155 41026     cutoff   29       426.02057  351.18480  17.6%  75.6 18257s
 50418 41488  363.93404   64 2297  426.02057  351.18480  17.6%  76.1 18337s
 50942 41808  416.41541  218 2124  426.02057  351.40390  17.5%  76.6 18403s
 51319 41812  369.06028   98 2260  426.02057  351.40390  17.5%  77.0 18601s
 51323 42157  369.10736   99 2270  426.02057  351.68775  17.4%  77.0 18676s
 51776 42356  378.23357   33 2329  426.02057  351.68775  17.4%  77.6 18745s
 52029 42548     cutoff   91       426.02057  351.72414  17.4%  78.3 18871s
H52101 42548                     426.0205648  351.72414  17.4%  78.5 18871s
 52299 42549  400.64454   90 2306  426.02056  351.72414  17.4%  78.9 19217s
H52305 42538                     425.9801596  351.72414  17.4%  79.0 19217s
 52306 43135  400.67339   91 2299  425.98016  352.27303  17.3%  79.0 19325s
H52331 43135                     425.9801106  352.27303  17.3%  79.1 19325s
H52986 43190                     425.9801099  352.27303  17.3%  79.2 19392s
H52986 43190                     425.9801090  352.27303  17.3%  79.2 19392s
 53042 43409  371.00365  101 2216  425.98011  352.27303  17.3%  79.2 19466s
 53323 43515  373.79974  122 2235  425.98011  352.27303  17.3%  79.4 19561s
H53366 43515                     425.9801090  352.27303  17.3%  79.4 19561s
H53405 43502                     425.9653179  352.27303  17.3%  79.4 19561s
 53461 44114  374.48372  132 2235  425.96532  352.27303  17.3%  79.6 19630s
H53464 44114                     425.9650776  352.27303  17.3%  79.6 19630s
 54080 44476  385.73938  180 2083  425.96508  352.27303  17.3%  79.4 19696s
 54451 45046  391.61722  185 2063  425.96508  352.27303  17.3%  79.5 19765s
 55044 45102  394.54255  214 2030  425.96508  352.27303  17.3%  78.8 20005s
 55100 45230  395.06699  217 2023  425.96508  352.27303  17.3%  78.8 20096s
 55264 45241  397.04037  229 2004  425.96508  352.27303  17.3%  78.6 20173s
H55270 45229                     425.8769128  352.27303  17.3%  78.6 20173s
 55275 45727  397.48534  229 2006  425.87691  352.27303  17.3%  78.6 20259s
H55299 45727                     425.8767048  352.27303  17.3%  78.6 20259s
H55842 46109                     425.8767042  352.27303  17.3%  78.6 20337s
 56316 46533  409.01218  282 1950  425.87670  352.27303  17.3%  79.0 20411s
H56479 46533                     425.8765402  352.27303  17.3%  78.9 20411s
H56780 46923                     425.8765395  352.27303  17.3%  79.1 20479s
H56781 46923                     425.8724800  352.27303  17.3%  79.1 20479s
H56900 46923                     425.8724798  352.27303  17.3%  79.0 20479s
 57208 47296  415.14628  346 1777  425.87248  352.60793  17.2%  79.1 20555s
H57352 47296                     425.8724794  352.60793  17.2%  79.3 20555s
 57683 47646  374.22421   48 2352  425.87248  352.60793  17.2%  79.2 20659s
 58042 47983  410.65865  136 2201  425.87248  353.10583  17.1%  79.0 20740s
 58415 48377  388.55994   29 2336  425.87248  353.10583  17.1%  79.0 20865s
 58859 48477     cutoff   37       425.87248  353.26497  17.0%  79.3 21120s
H58974 48480                     425.8285233  353.26497  17.0%  79.4 21456s
 58983 48679     cutoff   39       425.82852  353.39234  17.0%  79.4 21549s
H59008 48679                     425.8285164  353.39234  17.0%  79.5 21549s
H59055 48679                     425.8283411  353.39234  17.0%  79.6 21549s
 59230 48764  356.64197   32 2386  425.82834  353.39234  17.0%  79.4 21630s
H59263 48764                     425.8283373  353.39234  17.0%  79.4 21630s
H59288 48764                     425.8283356  353.39234  17.0%  79.4 21630s
 59315 49307  357.66860   46 2355  425.82834  353.39234  17.0%  79.3 21727s
 59865 49838  395.43827  200 2136  425.82834  353.39234  17.0%  79.0 21803s
 60400 50203  416.91317  370 1804  425.82834  353.45729  17.0%  78.6 21876s
 60843 50753  364.80602   90 2315  425.82834  353.45729  17.0%  78.6 21938s
 61403 51304  371.84591  136 2197  425.82834  353.45729  17.0%  78.2 21994s
 61970 51721  373.69354  183 2123  425.82834  353.45729  17.0%  77.8 22064s
 62390 52151  375.51767  207 2093  425.82834  353.45729  17.0%  77.4 22124s
 62838 52810  376.81001  229 2081  425.82834  353.45729  17.0%  77.2 22234s
H63506 53292                     425.8274614  353.45729  17.0%  76.6 22294s
 64038 53533  400.72014  282 1988  425.82746  353.45729  17.0%  76.2 22346s
H64212 53533                     425.8274013  353.45729  17.0%  76.1 22346s
 64280 54025  401.29898  308 1942  425.82740  353.45729  17.0%  76.1 22396s
 64800 54275  403.09853  352 1767  425.82740  353.45729  17.0%  75.9 22456s
 65052 54818  403.42850  379 1726  425.82740  353.45729  17.0%  75.7 22563s
 65615 55141  404.02958  402 1683  425.82740  353.45729  17.0%  75.3 22624s
 65953 55512  404.16101  412 1658  425.82740  353.45729  17.0%  75.1 22688s
 66328 56038  404.38026  433 1594  425.82740  353.45729  17.0%  74.9 22738s
 66868 56161  404.63471  461 1551  425.82740  353.45729  17.0%  74.5 22797s
 66992 56639  404.67728  465 1544  425.82740  353.45729  17.0%  74.4 22843s
 67540 56930  404.99547  486 1535  425.82740  353.45729  17.0%  74.2 22902s
 68023 57220  405.14895  517 1505  425.82740  353.45729  17.0%  74.1 23072s
 68339 57280  405.47814  550 1441  425.82740  353.45729  17.0%  74.3 23214s
 68417 57483  405.53492  552 1438  425.82740  353.45729  17.0%  74.6 23278s
 68650 57874  405.62155  554 1437  425.82740  353.45729  17.0%  74.6 23325s
 69187 58253  405.79648  569 1406  425.82740  353.45729  17.0%  74.3 23379s
 69667 58640  405.85432  573 1400  425.82740  353.45729  17.0%  74.0 23434s
 70056 59039  405.93541  584 1383  425.82740  353.45729  17.0%  73.7 23489s
 70474 59042  406.10923  600 1358  425.82740  353.45729  17.0%  73.6 23784s
H70476 59042                     425.8181739  353.45729  17.0%  73.6 23784s
 70479 59214  406.10299  603 1351  425.81817  353.45729  17.0%  73.6 23847s
H70500 59214                     425.8176024  353.45729  17.0%  73.5 23847s
H70618 59214                     425.8175957  353.45729  17.0%  73.4 23847s
H70644 59214                     425.8175938  353.45729  17.0%  73.6 23847s
 70679 59337  406.13574  611 1353  425.81759  353.45729  17.0%  73.6 23919s
H70722 59337                     425.8175927  353.45729  17.0%  73.6 23919s
 70804 59691  406.16924  616 1339  425.81759  353.45729  17.0%  73.5 23988s
H70829 59691                     425.8175595  353.45729  17.0%  73.5 23988s
H71165 59691                     425.8173038  353.45729  17.0%  73.4 23988s
 71188 60254  406.25200  636 1297  425.81730  353.45729  17.0%  73.5 24045s
 71755 60689  406.38170  650 1271  425.81730  353.45729  17.0%  73.0 24107s
H71823 60689                     425.8173038  353.45729  17.0%  72.9 24107s
 72214 60969  406.42365  653 1265  425.81730  353.45729  17.0%  72.6 24412s
 72531 61191  406.47091  664 1251  425.81730  353.45729  17.0%  72.5 24476s
 72826 61399  406.50814  668 1251  425.81730  353.45729  17.0%  72.4 24538s
 73109 61703  406.52842  670 1242  425.81730  353.45729  17.0%  72.3 24735s
 73437 62352  406.68661  680 1234  425.81730  353.45729  17.0%  72.3 24856s
 74117 62685  406.73563  704 1197  425.81730  353.45729  17.0%  72.0 24964s
 74489 62689  406.85699  725 1168  425.81730  353.45729  17.0%  72.0 25487s
 74493 63364  406.85699  726 1167  425.81730  353.45729  17.0%  72.0 25562s
 75173 63423  407.12301  740 1148  425.81730  353.45729  17.0%  71.5 25644s
 75232 63973  407.10760  742 1147  425.81730  353.45729  17.0%  71.5 25726s
 75803 64447  407.14609  747 1138  425.81730  353.45729  17.0%  71.1 25787s
 76322 64787  407.15707  765 1106  425.81730  353.45729  17.0%  71.2 25852s
 76700 65242  407.18728  769 1100  425.81730  353.45729  17.0%  71.3 25919s
 77161 65520  407.21200  786 1079  425.81730  353.45729  17.0%  71.1 25998s
 77482 65785  407.26433  799 1061  425.81730  353.45729  17.0%  71.0 26106s
 77835 66024  407.42500  814 1047  425.81730  353.45729  17.0%  71.5 26216s
 78137 66234  407.42772  828 1023  425.81730  353.45729  17.0%  71.6 26297s
 78429 66482  407.47334  838 1029  425.81730  353.45729  17.0%  71.9 26400s
H78709 66486                     425.8170830  353.45729  17.0%  72.0 26640s
H78712 66485                     425.8022646  353.45729  17.0%  72.0 26640s
 78713 66665  407.51081  845 1021  425.80226  353.45729  17.0%  72.0 26709s
H78738 66665                     425.8022053  353.45729  17.0%  72.0 26709s
H78806 66665                     425.8021740  353.45729  17.0%  72.0 26709s
H78901 67061                     425.8021728  353.45729  17.0%  71.9 26790s
H79071 67061                     425.8021607  353.45729  17.0%  71.8 26790s
H79241 67061                     425.8020694  353.45729  17.0%  71.7 26790s
H79307 67061                     425.8020650  353.45729  17.0%  72.0 26790s
 79407 67654     cutoff  854       425.80207  353.45729  17.0%  72.1 26840s
 80041 68112  407.64287  866  994  425.80207  353.45729  17.0%  71.9 26937s
 80510 68491  407.66391  868  999  425.80207  353.45729  17.0%  71.6 27019s
 80993 68908  407.71904  876  986  425.80207  353.45729  17.0%  71.9 27265s
 81430 69450  407.77011  883  975  425.80207  353.45729  17.0%  72.0 27329s
 81982 69983  407.81241  897  959  425.80207  353.45729  17.0%  71.8 27396s
 82526 70469  407.91262  917  930  425.80207  353.45729  17.0%  71.5 27492s
H83080 70817                     425.8020633  353.45729  17.0%  71.3 27565s
 83498 71276  421.14778  928  967  425.80206  353.45729  17.0%  71.2 27753s
 84029 71278  413.15475  939  914  425.80206  353.45729  17.0%  71.5 28073s
 84034 71525  413.05970  936  915  425.80206  353.45729  17.0%  71.5 28178s
 84301 71627  413.27929  954  887  425.80206  353.45729  17.0%  71.6 28267s
 84424 71631  413.31440  958  878  425.80206  353.45729  17.0%  71.6 28800s
H84426 71596                     425.3106538  353.45729  16.9%  71.6 28800s

Cutting planes:
  Learned: 6
  Gomory: 37
  Cover: 240
  Implied bound: 210
  Clique: 62
  MIR: 1305
  Flow cover: 2646
  GUB cover: 1
  Zero half: 2
  Mod-K: 2
  RLT: 1263
  Relax-and-lift: 265

Explored 84428 nodes (6130074 simplex iterations) in 28800.47 seconds
Thread count was 4 (of 32 available processors)

Solution count 10: 425.311 425.802 425.802 ... 425.817

Time limit reached
Best objective 4.253106537550e+02, best bound 3.534572931292e+02, gap 16.8943%
