
Gurobi 9.1.0 (linux64) logging started Mon Aug  2 23:28:03 2021

Changed value of parameter LogFile to eab_parasitoid_0_0_0_streetforest.log
   Prev:   Default: 
Changed value of parameter MIPGap to 0.01
   Prev: 0.0001  Min: 0.0  Max: inf  Default: 0.0001
Changed value of parameter Method to 2
   Prev: -1  Min: -1  Max: 5  Default: -1
Changed value of parameter MIPFocus to 2
   Prev: 0  Min: 0  Max: 3  Default: 0
Changed value of parameter RINS to 100
   Prev: -1  Min: -1  Max: 2000000000  Default: -1
Gurobi Optimizer version 9.1.0 build v9.1.0rc0 (linux64)
Thread count: 32 physical cores, 32 logical processors, using up to 32 threads
Optimize a model with 203386 rows, 134930 columns and 685029 nonzeros
Model fingerprint: 0x75e4fefe
Variable types: 55774 continuous, 79156 integer (79156 binary)
Coefficient statistics:
  Matrix range     [2e-04, 1e+06]
  Objective range  [1e-06, 1e-01]
  Bounds range     [1e+00, 6e+03]
  RHS range        [1e-04, 1e+06]
Presolve removed 181390 rows and 115609 columns (presolve time = 5s) ...
Presolve removed 190549 rows and 124751 columns (presolve time = 11s) ...
Presolve removed 191908 rows and 125268 columns (presolve time = 15s) ...
Presolve removed 192026 rows and 125346 columns (presolve time = 20s) ...
Presolve removed 193489 rows and 126881 columns (presolve time = 25s) ...
Presolve removed 193678 rows and 127026 columns (presolve time = 30s) ...
Presolve removed 193787 rows and 127101 columns (presolve time = 35s) ...
Presolve removed 193793 rows and 127100 columns
Presolve time: 37.56s
Presolved: 9593 rows, 7830 columns, 130961 nonzeros
Variable types: 3397 continuous, 4433 integer (4433 binary)
Presolve removed 12 rows and 12 columns
Presolved: 9581 rows, 7818 columns, 130930 nonzeros

Root barrier log...

Ordering time: 0.84s

Barrier statistics:
 Dense cols : 148
 AA' NZ     : 5.675e+05
 Factor NZ  : 2.713e+06 (roughly 30 MBytes of memory)
 Factor Ops : 2.271e+09 (less than 1 second per iteration)
 Threads    : 31

                  Objective                Residual
Iter       Primal          Dual         Primal    Dual     Compl     Time
   0   2.31297368e+03 -9.83718944e+03  2.42e+04 1.37e-01  4.11e+01    41s
   1   1.81442599e+03 -1.13424477e+04  1.65e+04 2.18e-01  2.69e+01    42s
   2   8.65471145e+02 -1.08151561e+04  1.65e+03 1.47e-12  3.19e+00    42s
   3   7.37757761e+02 -5.81142403e+03  3.59e+02 3.05e-13  7.59e-01    42s
   4   6.69367911e+02 -3.29120877e+03  6.19e+01 4.14e-13  2.24e-01    42s
   5   6.50851969e+02 -6.61940232e+02  1.76e+01 1.35e-13  6.22e-02    42s
   6   6.38984036e+02  1.39355921e+02  4.40e+00 4.24e-14  2.16e-02    42s
   7   6.31146243e+02  3.91972967e+02  6.43e-01 1.92e-14  9.84e-03    43s
   8   6.27703562e+02  5.78760575e+02  1.94e-03 4.05e-15  1.99e-03    43s
   9   6.26002031e+02  6.00115588e+02  1.15e-03 2.28e-15  1.05e-03    43s
  10   6.24490409e+02  6.07807948e+02  6.49e-04 1.67e-15  6.74e-04    43s
  11   6.23676830e+02  6.15367554e+02  4.13e-04 1.78e-15  3.35e-04    43s
  12   6.23069084e+02  6.17796612e+02  2.48e-04 4.86e-16  2.12e-04    43s
  13   6.22739778e+02  6.19033326e+02  1.65e-04 3.47e-16  1.49e-04    43s
  14   6.22322269e+02  6.20749954e+02  6.32e-05 2.66e-15  6.32e-05    44s
  15   6.22160112e+02  6.21507196e+02  3.50e-05 1.99e-16  2.63e-05    44s
  16   6.22089013e+02  6.21667086e+02  2.30e-05 1.11e-16  1.70e-05    44s
  17   6.22031923e+02  6.21776899e+02  1.32e-05 1.11e-16  1.03e-05    44s
  18   6.22007689e+02  6.21829228e+02  9.24e-06 1.84e-16  7.17e-06    44s
  19   6.21988160e+02  6.21893525e+02  5.98e-06 2.66e-15  3.81e-06    44s
  20   6.21968640e+02  6.21922989e+02  2.73e-06 1.11e-16  1.84e-06    45s
  21   6.21963268e+02  6.21933443e+02  1.87e-06 4.66e-15  1.20e-06    45s
  22   6.21960820e+02  6.21941833e+02  1.45e-06 3.94e-15  7.64e-07    45s
  23   6.21957659e+02  6.21944902e+02  8.76e-07 2.60e-15  5.13e-07    45s
  24   6.21955644e+02  6.21948839e+02  5.24e-07 5.33e-15  2.74e-07    45s
  25   6.21954583e+02  6.21949517e+02  3.35e-07 6.22e-15  2.04e-07    45s
  26   6.21953917e+02  6.21951029e+02  2.28e-07 9.77e-15  1.16e-07    45s
  27   6.21953541e+02  6.21951642e+02  1.64e-07 1.56e-15  7.63e-08    46s
  28   6.21953264e+02  6.21951826e+02  1.16e-07 1.32e-15  5.78e-08    46s
  29   6.21953172e+02  6.21951843e+02  1.00e-07 1.27e-15  5.34e-08    46s
  30   6.21953057e+02  6.21952032e+02  8.04e-08 2.66e-15  4.12e-08    46s
  31   6.21952781e+02  6.21952320e+02  3.38e-08 1.07e-14  1.86e-08    46s
  32   6.21952699e+02  6.21952377e+02  2.10e-08 7.11e-15  1.29e-08    46s
  33   6.21952644e+02  6.21952455e+02  1.15e-08 6.22e-15  7.60e-09    47s
  34   6.21952626e+02  6.21952478e+02  8.36e-09 5.33e-15  5.95e-09    47s
  35   6.21952624e+02  6.21952490e+02  8.13e-09 4.44e-15  5.39e-09    47s
  36   6.21952602e+02  6.21952546e+02  4.45e-09 1.88e-16  2.25e-09    47s
  37   6.21952598e+02  6.21952550e+02  3.69e-09 1.11e-16  1.90e-09    47s
  38   6.21952589e+02  6.21952562e+02  2.27e-09 8.88e-16  1.11e-09    47s
  39   6.21952578e+02  6.21952568e+02  3.48e-10 1.04e-13  4.26e-10    47s
  40   6.21952578e+02  6.21952572e+02  2.53e-10 1.30e-12  2.29e-10    48s
  41   6.21952576e+02  6.21952576e+02  3.29e-11 2.04e-13  3.31e-11    48s

Barrier solved model in 41 iterations and 47.73 seconds
Optimal objective 6.21952576e+02


Root crossover log...

     623 DPushes remaining with DInf 0.0000000e+00                48s
       0 DPushes remaining with DInf 0.0000000e+00                48s

    3951 PPushes remaining with PInf 1.1569787e-05                48s
       0 PPushes remaining with PInf 0.0000000e+00                48s

  Push phase complete: Pinf 0.0000000e+00, Dinf 5.8523485e-02     48s


Root simplex log...

Iteration    Objective       Primal Inf.    Dual Inf.      Time
    4402    6.2195258e+02   0.000000e+00   5.852349e-02     48s
    4418    6.2195258e+02   0.000000e+00   0.000000e+00     48s
    4418    6.2195258e+02   0.000000e+00   0.000000e+00     48s

Root relaxation: objective 6.219526e+02, 4418 iterations, 9.77 seconds

    Nodes    |    Current Node    |     Objective Bounds      |     Work
 Expl Unexpl |  Obj  Depth IntInf | Incumbent    BestBd   Gap | It/Node Time

     0     0  621.95258    0 1954          -  621.95258      -     -   50s
     0     0  698.24554    0 2282          -  698.24554      -     -   57s
     0     0  699.17169    0 2458          -  699.17169      -     -   85s
     0     0  699.26215    0 2477          -  699.26215      -     -   99s
     0     0  699.26451    0 2489          -  699.26451      -     -  101s
     0     0  705.54081    0 2424          -  705.54081      -     -  149s
H    0     0                     769.7800490  705.54081  8.35%     -  157s
     0     0  705.92560    0 2385  769.78005  705.92560  8.30%     -  157s
     0     0  706.01138    0 2303  769.78005  706.01138  8.28%     -  164s
     0     0  706.01766    0 2290  769.78005  706.01766  8.28%     -  165s
H    0     0                     769.7458000  706.01766  8.28%     -  173s
     0     0  713.60437    0 2198  769.74580  713.60437  7.29%     -  186s
H    0     0                     769.7380792  713.60437  7.29%     -  186s
H    0     0                     768.2554694  713.60437  7.11%     -  195s
     0     0  713.68382    0 2184  768.25547  713.68382  7.10%     -  200s
     0     0  713.69167    0 2179  768.25547  713.69167  7.10%     -  200s
     0     0  713.90544    0 2069  768.25547  713.90544  7.07%     -  211s
     0     0  713.90544    0 2068  768.25547  713.90544  7.07%     -  215s
H    0     0                     733.1076551  713.90544  2.62%     -  604s
H    0     2                     733.1076543  713.90544  2.62%     -  620s
     0     2  713.90544    0 2068  733.10765  713.90544  2.62%     -  620s
     1     4  720.56726    1 2041  733.10765  713.90638  2.62%  1895  634s
     3     8  725.57613    2 2112  733.10765  714.41559  2.55%  1434  656s
     7    16  725.58144    3 2085  733.10765  716.62074  2.25%  1428  676s
    15    32  729.14103    4 1966  733.10765  716.75002  2.23%  1027  762s
    31    64  729.25693    5 1946  733.10765  717.98772  2.06%  2136  884s
    63    96  729.53515    6 1858  733.10765  718.29821  2.02%  1790 1387s
    95   126  729.97397    7 1838  733.10765  718.29821  2.02%  1926 1463s
H  104   126                     731.9085659  718.29821  1.86%  1880 1463s
H  111   126                     730.9395378  718.29821  1.73%  1829 1463s
   127   136     cutoff    7       730.93954  718.29821  1.73%  1780 3023s
   159   142     cutoff    8       730.93954  718.29821  1.73%  1907 3829s
H  163   142                     730.7793201  718.29821  1.71%  1883 3829s
H  167   142                     730.7598947  718.29821  1.71%  1853 3829s
H  168   142                     730.7455507  718.29821  1.70%  1842 3829s
H  169   142                     730.7425153  718.29821  1.70%  1835 3829s
H  171   142                     730.7378254  718.29821  1.70%  1818 3829s
H  172   142                     730.6230537  718.29821  1.69%  1822 3829s
H  173   142                     730.6009281  718.29821  1.68%  1812 3829s
H  185   142                     730.5272702  718.29821  1.67%  1732 3829s
   191   161     cutoff    8       730.52727  718.29821  1.67%  1723 3929s
H  240   183                     730.5211924  718.29821  1.67%  1512 4049s
H  241   183                     730.5167803  718.29821  1.67%  1512 4049s
H  243   183                     730.5027637  718.29821  1.67%  1509 4049s
H  244   183                     730.4738137  718.29821  1.67%  1506 4049s
H  246   183                     730.4687092  718.29821  1.67%  1509 4049s
H  249   183                     730.4504437  718.29821  1.66%  1497 4049s
H  256   183                     730.4469771  718.29821  1.66%  1497 4049s
   272   212  725.64996   11 1710  730.44698  718.29821  1.66%  1466 4096s
H  319   235                     730.4356568  718.29821  1.66%  1335 4802s
H  320   235                     730.0764992  718.29821  1.61%  1332 4802s
H  325   235                     730.0022861  718.29821  1.60%  1334 4802s
   354   298  725.69411   13 1717  730.00229  718.29821  1.60%  1270 4856s
   440   355  726.37553   16 1704  730.00229  718.29821  1.60%  1081 4883s
   521   424  727.25632   18 1637  730.00229  718.29821  1.60%   970 4906s
   615   492  727.99967   22 1626  730.00229  718.29821  1.60%   872 4949s
   701   581  728.11392   25 1629  730.00229  718.29821  1.60%   818 4982s
   818   680     cutoff   27       730.00229  718.29821  1.60%   747 5053s
   947   762  728.35619   26 1646  730.00229  718.29821  1.60%   675 5127s
  1063   836     cutoff   27       730.00229  718.29821  1.60%   632 5192s
  1173   950  728.33681   25 1615  730.00229  718.29821  1.60%   602 5317s
  1322  1046     cutoff   27       730.00229  718.29821  1.60%   560 5405s
  1454  1149  728.42656   26 1618  730.00229  718.29821  1.60%   531 5483s
  1602  1294     cutoff   28       730.00229  718.29821  1.60%   504 5597s
  1782  1459  728.67824   27 1628  730.00229  718.29821  1.60%   471 5674s
  1984  1602     cutoff   28       730.00229  718.29821  1.60%   441 5744s
  2199  1653  726.70045   28 1578  730.00229  718.29821  1.60%   411 7681s
H 2200  1653                     729.9910809  718.29821  1.60%   411 7681s
H 2222  1653                     729.9908316  718.29821  1.60%   411 7682s
H 2236  1653                     729.9727427  718.29821  1.60%   410 7682s
H 2246  1653                     729.9610681  718.29821  1.60%   409 7682s
  2276  1833  726.80280   30 1588  729.96107  718.29821  1.60%   406 7798s
  2502  2023     cutoff   32       729.96107  718.29821  1.60%   385 7998s
  2765  2205  726.90128   31 1593  729.96107  718.29821  1.60%   364 8144s
H 3031  2205                     729.9610680  718.29821  1.60%   346 9197s
  3032  2206  729.52130  104 2068  729.96107  718.29821  1.60%   346 9331s
  3034  2207  729.65203   45 2132  729.96107  718.29821  1.60%   345 9342s
  3035  2208  729.56479   32 2295  729.96107  718.29821  1.60%   345 9354s
H 3035  2097                     729.9610675  718.29821  1.60%   345 9371s
  3037  2098  726.94154   23 2039  729.96107  718.29821  1.60%   345 9389s
H 3037  1993                     729.9610672  718.29821  1.60%   345 9395s
  3039  1995  723.95445   19 1920  729.96107  718.29821  1.60%   345 9400s
  3040  1995  728.78861  121 1812  729.96107  718.29821  1.60%   345 9405s
  3041  1996  721.58686   15 1795  729.96107  718.29821  1.60%   345 9412s
  3042  1997  725.65899   15 1808  729.96107  718.29821  1.60%   344 9442s
  3043  1997  722.91502   20 1805  729.96107  718.29821  1.60%   344 9467s
  3044  1998  729.02732   22 1804  729.96107  718.29821  1.60%   344 9485s
H 3044  1898                     729.9610671  718.29821  1.60%   344 9685s
H 3045  1804                     729.9610541  718.29821  1.60%   344 9696s
  3047  1805  728.84660   15 1743  729.96105  718.29821  1.60%   344 9710s
  3048  1806  726.24546   31 1747  729.96105  718.29821  1.60%   344 9715s
H 3048  1715                     729.9610496  718.29821  1.60%   344 9720s
  3049  1715  728.50813   31 1791  729.96105  718.29821  1.60%   344 9780s
H 3049  1629                     729.9610495  718.29821  1.60%   344 9934s
H 3049  1547                     729.9610477  718.29821  1.60%   344 9934s
  3050  1548  728.41349   66 1693  729.96105  718.29821  1.60%   344 10030s
  3051  1549  725.49549   22 1706  729.96105  718.29821  1.60%   343 10079s
  3052  1549  727.27257   53 1689  729.96105  718.29821  1.60%   343 10099s
  3053  1550  724.65546   15 1681  729.96105  718.29821  1.60%   343 10106s
  3054  1551  727.82146  105 1645  729.96105  718.29821  1.60%   343 10119s
  3055  1551  726.88677   38 1648  729.96105  718.29821  1.60%   343 10138s
  3056  1552  728.78528  123 1700  729.96105  718.29821  1.60%   343 10188s
  3057  1553  724.66473   33 1745  729.96105  719.21490  1.47%   343 10280s
  3058  1553  727.46247   10 1700  729.96105  719.83151  1.39%   343 10286s
  3059  1554  729.92303   48 1665  729.96105  720.45984  1.30%   342 10299s
  3060  1555  727.84239  102 1684  729.96105  720.72411  1.27%   342 10425s
  3061  1555  726.06277   53 1612  729.96105  720.87009  1.25%   342 10504s
  3062  1556  724.75785   15 1658  729.96105  721.07768  1.22%   342 10604s
  3063  1557  725.59711   16 1655  729.96105  721.07768  1.22%   342 10650s
  3064  1557  729.38262   37 1655  729.96105  721.07768  1.22%   342 11487s
  3065  1561  721.07768   10 1661  729.96105  721.07768  1.22%   358 13165s
  3067  1564  721.07768   11 1683  729.96105  721.07768  1.22%   358 14117s
  3071  1571  721.07768   12 1692  729.96105  721.07768  1.22%   361 14243s
  3079  1584  726.05186   13 1708  729.96105  721.07768  1.22%   365 14383s
  3095  1609  727.74097   14 1689  729.96105  721.07768  1.22%   377 14543s
H 3097  1530                     729.9610477  721.07768  1.22%   377 14543s
  3127  1538     cutoff   15       729.96105  721.07768  1.22%   399 15032s
H 3132  1462                     729.9610475  721.07768  1.22%   401 15032s
H 3147  1387                     729.9607417  721.07768  1.22%   408 15032s
  3159  1393     cutoff   16       729.96074  721.07768  1.22%   415 15058s
  3191  1396  725.19695   17 1598  729.96074  721.07768  1.22%   425 15077s
  3223  1393  725.85475   18 1573  729.96074  721.07768  1.22%   434 15096s
H 3226  1324                     729.9551432  721.07768  1.22%   434 15096s
H 3236  1257                     729.9512886  721.07768  1.22%   435 15096s
H 3241  1195                     729.9508030  721.07768  1.22%   437 15096s
  3255  1208  726.91140   19 1572  729.95080  721.07768  1.22%   440 15124s
H 3306  1136                     729.9508029  721.07768  1.22%   446 15264s
H 3309  1080                     729.9508011  721.07768  1.22%   446 15264s
H 3310  1027                     729.9493124  721.07768  1.22%   446 15264s
H 3311   978                     729.9355219  721.07768  1.21%   446 15264s
  3341   978     cutoff   22       729.93552  721.07768  1.21%   452 15312s
  3394   981  729.40836   22 1552  729.93552  721.07768  1.21%   457 15417s
  3455   984 infeasible   25       729.93552  721.07768  1.21%   462 15573s
  3513   987     cutoff   25       729.93552  721.07768  1.21%   466 15739s
  3583   990  725.86516   17 1604  729.93552  721.07768  1.21%   470 15856s
  3668   980  728.96577   18 1584  729.93552  721.07768  1.21%   471 15934s
H 3746   910                     729.9290222  721.07768  1.21%   473 16114s
H 3763   859                     729.9251392  721.07768  1.21%   477 16114s
  3789   894 infeasible   18       729.92514  721.07768  1.21%   486 16502s
  3876   906  727.55960   18 1596  729.92514  721.07768  1.21%   489 16586s
  3978   906  729.56815   19 1580  729.92514  721.07768  1.21%   491 16647s
  4089   894  728.43586   19 1592  729.92514  721.07768  1.21%   491 16737s
  4195   883     cutoff   21       729.92514  721.07768  1.21%   494 17229s
  4313   919     cutoff   21       729.92514  721.49676  1.15%   494 17276s
  4456   916  729.27796   18 1522  729.92514  721.49676  1.15%   493 17360s
  4605   950     cutoff   19       729.92514  721.49676  1.15%   492 17557s
  4774   983 infeasible   19       729.92514  721.49676  1.15%   488 17587s
  4948  1021     cutoff   21       729.92514  721.49676  1.15%   479 17621s
  5122   998     cutoff   21       729.92514  721.98511  1.09%   473 17685s
  5219  1066     cutoff   16       729.92514  721.98511  1.09%   472 17701s
  5391  1118     cutoff   16       729.92514  721.98511  1.09%   468 17919s
  5559  1123  727.63484   30 1575  729.92514  721.98511  1.09%   466 17965s
  5750  1281  729.67550   36 1526  729.92514  724.74567  0.71%   464 18100s

Cutting planes:
  Learned: 43
  Gomory: 38
  Cover: 122
  Implied bound: 49
  Projected implied bound: 210
  Clique: 12
  MIR: 507
  Flow cover: 3199
  GUB cover: 4
  Zero half: 30
  RLT: 1438
  Relax-and-lift: 304

Explored 6045 nodes (2771621 simplex iterations) in 18101.32 seconds
Thread count was 32 (of 32 available processors)

Solution count 10: 729.925 729.929 729.936 ... 729.961

Optimal solution found (tolerance 1.00e-02)
Best objective 7.299251392250e+02, best bound 7.247456656755e+02, gap 0.7096%

Gurobi 9.1.0 (linux64) logging started Wed Aug  4 11:46:58 2021

Changed value of parameter LogFile to eab_parasitoid_0_0_0_streetforest.log
   Prev:   Default: 
Changed value of parameter MIPGap to 0.01
   Prev: 0.0001  Min: 0.0  Max: inf  Default: 0.0001
Changed value of parameter Method to 2
   Prev: -1  Min: -1  Max: 5  Default: -1
Changed value of parameter MIPFocus to 2
   Prev: 0  Min: 0  Max: 3  Default: 0
Changed value of parameter RINS to 100
   Prev: -1  Min: -1  Max: 2000000000  Default: -1
Gurobi Optimizer version 9.1.0 build v9.1.0rc0 (linux64)
Thread count: 32 physical cores, 32 logical processors, using up to 32 threads
Optimize a model with 203386 rows, 134930 columns and 685029 nonzeros
Model fingerprint: 0x75e4fefe
Variable types: 55774 continuous, 79156 integer (79156 binary)
Coefficient statistics:
  Matrix range     [2e-04, 1e+06]
  Objective range  [1e-06, 1e-01]
  Bounds range     [1e+00, 6e+03]
  RHS range        [1e-04, 1e+06]
Presolve removed 158372 rows and 102572 columns (presolve time = 5s) ...
Presolve removed 181390 rows and 115609 columns (presolve time = 10s) ...
Presolve removed 183075 rows and 117022 columns (presolve time = 16s) ...
Presolve removed 187201 rows and 121026 columns (presolve time = 21s) ...
Presolve removed 191070 rows and 124816 columns (presolve time = 25s) ...
Presolve removed 192018 rows and 125346 columns (presolve time = 30s) ...
Presolve removed 193490 rows and 126882 columns (presolve time = 35s) ...
Presolve removed 193691 rows and 127029 columns (presolve time = 40s) ...
Presolve removed 193793 rows and 127107 columns (presolve time = 45s) ...
Presolve removed 193793 rows and 127100 columns
Presolve time: 46.58s
Presolved: 9593 rows, 7830 columns, 130961 nonzeros
Variable types: 3397 continuous, 4433 integer (4433 binary)
Presolve removed 12 rows and 12 columns
Presolved: 9581 rows, 7818 columns, 130930 nonzeros

Root barrier log...

Ordering time: 1.20s

Barrier statistics:
 Dense cols : 148
 AA' NZ     : 5.675e+05
 Factor NZ  : 2.713e+06 (roughly 30 MBytes of memory)
 Factor Ops : 2.271e+09 (less than 1 second per iteration)
 Threads    : 31

                  Objective                Residual
Iter       Primal          Dual         Primal    Dual     Compl     Time
   0   2.31297368e+03 -9.83718944e+03  2.42e+04 1.37e-01  4.11e+01    52s
   1   1.81442599e+03 -1.13424477e+04  1.65e+04 2.18e-01  2.69e+01    52s
   2   8.65471145e+02 -1.08151561e+04  1.65e+03 1.47e-12  3.19e+00    52s
   3   7.37757761e+02 -5.81142403e+03  3.59e+02 3.05e-13  7.59e-01    52s
   4   6.69367911e+02 -3.29120877e+03  6.19e+01 4.14e-13  2.24e-01    53s
   5   6.50851969e+02 -6.61940232e+02  1.76e+01 1.35e-13  6.22e-02    53s
   6   6.38984036e+02  1.39355921e+02  4.40e+00 4.24e-14  2.16e-02    53s
   7   6.31146243e+02  3.91972967e+02  6.43e-01 1.92e-14  9.84e-03    53s
   8   6.27703562e+02  5.78760575e+02  1.94e-03 4.05e-15  1.99e-03    53s
   9   6.26002031e+02  6.00115588e+02  1.15e-03 2.28e-15  1.05e-03    54s
  10   6.24490409e+02  6.07807948e+02  6.49e-04 1.67e-15  6.74e-04    54s
  11   6.23676830e+02  6.15367554e+02  4.13e-04 1.78e-15  3.35e-04    54s
  12   6.23069084e+02  6.17796612e+02  2.48e-04 4.86e-16  2.12e-04    54s
  13   6.22739778e+02  6.19033326e+02  1.65e-04 3.47e-16  1.49e-04    54s
  14   6.22322269e+02  6.20749954e+02  6.32e-05 2.66e-15  6.32e-05    55s
  15   6.22160112e+02  6.21507196e+02  3.50e-05 1.99e-16  2.63e-05    55s
  16   6.22089013e+02  6.21667086e+02  2.30e-05 1.11e-16  1.70e-05    55s
  17   6.22031923e+02  6.21776899e+02  1.32e-05 1.11e-16  1.03e-05    55s
  18   6.22007689e+02  6.21829228e+02  9.24e-06 1.84e-16  7.17e-06    55s
  19   6.21988160e+02  6.21893525e+02  5.98e-06 2.66e-15  3.81e-06    55s
  20   6.21968640e+02  6.21922989e+02  2.73e-06 1.11e-16  1.84e-06    56s
  21   6.21963268e+02  6.21933443e+02  1.87e-06 4.66e-15  1.20e-06    56s
  22   6.21960820e+02  6.21941833e+02  1.45e-06 3.94e-15  7.64e-07    56s
  23   6.21957659e+02  6.21944902e+02  8.76e-07 2.60e-15  5.13e-07    56s
  24   6.21955644e+02  6.21948839e+02  5.24e-07 5.33e-15  2.74e-07    56s
  25   6.21954583e+02  6.21949517e+02  3.35e-07 6.22e-15  2.04e-07    56s
  26   6.21953917e+02  6.21951029e+02  2.28e-07 9.77e-15  1.16e-07    57s
  27   6.21953541e+02  6.21951642e+02  1.64e-07 1.56e-15  7.63e-08    57s
  28   6.21953264e+02  6.21951826e+02  1.16e-07 1.32e-15  5.78e-08    57s
  29   6.21953172e+02  6.21951843e+02  1.00e-07 1.27e-15  5.34e-08    57s
  30   6.21953057e+02  6.21952032e+02  8.04e-08 2.66e-15  4.12e-08    57s
  31   6.21952781e+02  6.21952320e+02  3.38e-08 1.07e-14  1.86e-08    58s
  32   6.21952699e+02  6.21952377e+02  2.10e-08 7.11e-15  1.29e-08    58s
  33   6.21952644e+02  6.21952455e+02  1.15e-08 6.22e-15  7.60e-09    58s
  34   6.21952626e+02  6.21952478e+02  8.36e-09 5.33e-15  5.95e-09    58s
  35   6.21952624e+02  6.21952490e+02  8.13e-09 4.44e-15  5.39e-09    58s
  36   6.21952602e+02  6.21952546e+02  4.45e-09 1.88e-16  2.25e-09    58s
  37   6.21952598e+02  6.21952550e+02  3.69e-09 1.11e-16  1.90e-09    59s
  38   6.21952589e+02  6.21952562e+02  2.27e-09 8.88e-16  1.11e-09    59s
  39   6.21952578e+02  6.21952568e+02  3.48e-10 1.04e-13  4.26e-10    59s
  40   6.21952578e+02  6.21952572e+02  2.53e-10 1.30e-12  2.29e-10    59s
  41   6.21952576e+02  6.21952576e+02  3.29e-11 2.04e-13  3.31e-11    59s

Barrier solved model in 41 iterations and 59.41 seconds
Optimal objective 6.21952576e+02


Root crossover log...

     623 DPushes remaining with DInf 0.0000000e+00                60s
       0 DPushes remaining with DInf 0.0000000e+00                60s

    3951 PPushes remaining with PInf 1.1569787e-05                60s
       0 PPushes remaining with PInf 0.0000000e+00                60s

  Push phase complete: Pinf 0.0000000e+00, Dinf 5.8523485e-02     60s


Root simplex log...

Iteration    Objective       Primal Inf.    Dual Inf.      Time
    4402    6.2195258e+02   0.000000e+00   5.852349e-02     60s
    4418    6.2195258e+02   0.000000e+00   0.000000e+00     60s
    4418    6.2195258e+02   0.000000e+00   0.000000e+00     60s

Root relaxation: objective 6.219526e+02, 4418 iterations, 11.90 seconds

    Nodes    |    Current Node    |     Objective Bounds      |     Work
 Expl Unexpl |  Obj  Depth IntInf | Incumbent    BestBd   Gap | It/Node Time

     0     0  621.95258    0 1954          -  621.95258      -     -   63s
     0     0  698.24554    0 2282          -  698.24554      -     -   80s
     0     0  699.17169    0 2458          -  699.17169      -     -  111s
     0     0  699.26215    0 2477          -  699.26215      -     -  120s
     0     0  699.26451    0 2489          -  699.26451      -     -  122s
     0     0  705.54081    0 2424          -  705.54081      -     -  148s
H    0     0                     769.7800490  705.54081  8.35%     -  157s
     0     0  705.92560    0 2385  769.78005  705.92560  8.30%     -  158s
     0     0  706.01138    0 2303  769.78005  706.01138  8.28%     -  169s
     0     0  706.01766    0 2290  769.78005  706.01766  8.28%     -  171s
H    0     0                     769.7458000  706.01766  8.28%     -  175s
     0     0  713.60437    0 2198  769.74580  713.60437  7.29%     -  185s
H    0     0                     769.7380792  713.60437  7.29%     -  185s
H    0     0                     768.2554694  713.60437  7.11%     -  190s
     0     0  713.68382    0 2184  768.25547  713.68382  7.10%     -  199s
     0     0  713.69167    0 2179  768.25547  713.69167  7.10%     -  204s
     0     0  713.90544    0 2069  768.25547  713.90544  7.07%     -  214s
     0     0  713.90544    0 2068  768.25547  713.90544  7.07%     -  215s
H    0     0                     733.1076551  713.90544  2.62%     -  319s
H    0     2                     733.1076543  713.90544  2.62%     -  322s
     0     2  713.90544    0 2068  733.10765  713.90544  2.62%     -  322s
     1     4  720.56726    1 2041  733.10765  713.90638  2.62%  1895  330s
     3     8  725.57613    2 2112  733.10765  714.41559  2.55%  1434  359s
     7    16  725.58144    3 2085  733.10765  716.62074  2.25%  1428  370s
    15    32  729.14103    4 1966  733.10765  716.75002  2.23%  1027  405s
    31    64  729.25693    5 1946  733.10765  717.98772  2.06%  2136  474s
    63    96  729.53515    6 1858  733.10765  718.29821  2.02%  1790  804s
    95   126  729.97397    7 1838  733.10765  718.29821  2.02%  1926  867s
H  104   126                     731.9085659  718.29821  1.86%  1880  867s
H  111   126                     730.9395378  718.29821  1.73%  1829  867s
   127   136     cutoff    7       730.93954  718.29821  1.73%  1780 1484s
   159   142     cutoff    8       730.93954  718.29821  1.73%  1907 1693s
H  163   142                     730.7793201  718.29821  1.71%  1883 1693s
H  167   142                     730.7598947  718.29821  1.71%  1853 1693s
H  168   142                     730.7455507  718.29821  1.70%  1842 1693s
H  169   142                     730.7425153  718.29821  1.70%  1835 1693s
H  171   142                     730.7378254  718.29821  1.70%  1818 1693s
H  172   142                     730.6230537  718.29821  1.69%  1822 1693s
H  173   142                     730.6009281  718.29821  1.68%  1812 1693s
H  185   142                     730.5272702  718.29821  1.67%  1732 1693s
   191   161     cutoff    8       730.52727  718.29821  1.67%  1723 1768s
H  240   183                     730.5211924  718.29821  1.67%  1512 1887s
H  241   183                     730.5167803  718.29821  1.67%  1512 1887s
H  243   183                     730.5027637  718.29821  1.67%  1509 1887s
H  244   183                     730.4738137  718.29821  1.67%  1506 1887s
H  246   183                     730.4687092  718.29821  1.67%  1509 1887s
H  249   183                     730.4504437  718.29821  1.66%  1497 1887s
H  256   183                     730.4469771  718.29821  1.66%  1497 1887s
   272   212  725.64996   11 1710  730.44698  718.29821  1.66%  1466 1936s
H  319   235                     730.4356568  718.29821  1.66%  1335 2283s
H  320   235                     730.0764992  718.29821  1.61%  1332 2283s
H  325   235                     730.0022861  718.29821  1.60%  1334 2283s
   354   298  725.69411   13 1717  730.00229  718.29821  1.60%  1270 2342s
   440   355  726.37553   16 1704  730.00229  718.29821  1.60%  1081 2384s
   521   424  727.25632   18 1637  730.00229  718.29821  1.60%   970 2417s
   615   492  727.99967   22 1626  730.00229  718.29821  1.60%   872 2521s
   701   581  728.11392   25 1629  730.00229  718.29821  1.60%   818 2597s
   818   680     cutoff   27       730.00229  718.29821  1.60%   747 2664s
   947   762  728.35619   26 1646  730.00229  718.29821  1.60%   675 2705s
  1063   836     cutoff   27       730.00229  718.29821  1.60%   632 2754s
  1173   950  728.33681   25 1615  730.00229  718.29821  1.60%   602 2825s
  1322  1046     cutoff   27       730.00229  718.29821  1.60%   560 2897s
  1454  1149  728.42656   26 1618  730.00229  718.29821  1.60%   531 2922s
  1602  1294     cutoff   28       730.00229  718.29821  1.60%   504 3012s
  1782  1459  728.67824   27 1628  730.00229  718.29821  1.60%   471 3075s
  1984  1602     cutoff   28       730.00229  718.29821  1.60%   441 3111s
  2199  1653  726.70045   28 1578  730.00229  718.29821  1.60%   411 3726s
H 2200  1653                     729.9910809  718.29821  1.60%   411 3726s
H 2222  1653                     729.9908316  718.29821  1.60%   411 3726s
H 2236  1653                     729.9727427  718.29821  1.60%   410 3726s
H 2246  1653                     729.9610681  718.29821  1.60%   409 3726s
  2276  1833  726.80280   30 1588  729.96107  718.29821  1.60%   406 3768s
  2502  2023     cutoff   32       729.96107  718.29821  1.60%   385 3874s
  2765  2205  726.90128   31 1593  729.96107  718.29821  1.60%   364 3924s
H 3031  2205                     729.9610680  718.29821  1.60%   346 4175s
  3032  2206  729.52130  104 2068  729.96107  718.29821  1.60%   346 4219s
  3034  2207  729.65203   45 2132  729.96107  718.29821  1.60%   345 4232s
  3035  2208  729.56479   32 2295  729.96107  718.29821  1.60%   345 4246s
H 3035  2097                     729.9610675  718.29821  1.60%   345 4251s
  3036  2098  728.41784   61 2242  729.96107  718.29821  1.60%   345 4262s
  3037  2098  726.94154   23 2039  729.96107  718.29821  1.60%   345 4272s
H 3037  1993                     729.9610672  718.29821  1.60%   345 4277s
  3039  1995  723.95445   19 1920  729.96107  718.29821  1.60%   345 4285s
  3040  1995  728.78861  121 1812  729.96107  718.29821  1.60%   345 4292s
  3041  1996  721.58686   15 1795  729.96107  718.29821  1.60%   345 4295s
  3043  1997  722.91502   20 1805  729.96107  718.29821  1.60%   344 4300s
H 3044  1898                     729.9610671  718.29821  1.60%   344 4392s
H 3045  1804                     729.9610541  718.29821  1.60%   344 4399s
  3046  1804  727.84239  102 1705  729.96105  718.29821  1.60%   344 4400s
  3047  1805  728.84660   15 1743  729.96105  718.29821  1.60%   344 4415s
  3048  1806  726.24546   31 1747  729.96105  718.29821  1.60%   344 4430s
H 3048  1715                     729.9610496  718.29821  1.60%   344 4445s
  3049  1715  728.50813   31 1791  729.96105  718.29821  1.60%   344 4469s
H 3049  1629                     729.9610495  718.29821  1.60%   344 4495s
H 3049  1547                     729.9610477  718.29821  1.60%   344 4495s
  3050  1548  728.41349   66 1693  729.96105  718.29821  1.60%   344 4530s
  3051  1549  725.49549   22 1706  729.96105  718.29821  1.60%   343 4542s
  3052  1549  727.27257   53 1689  729.96105  718.29821  1.60%   343 4547s
  3054  1551  727.82146  105 1645  729.96105  718.29821  1.60%   343 4551s
  3056  1552  728.78528  123 1700  729.96105  718.29821  1.60%   343 4571s
  3057  1553  724.66473   33 1745  729.96105  719.21490  1.47%   343 4623s
  3058  1553  727.46247   10 1700  729.96105  719.83151  1.39%   343 4626s
  3059  1554  729.92303   48 1665  729.96105  720.45984  1.30%   342 4635s
  3060  1555  727.84239  102 1684  729.96105  720.72411  1.27%   342 4672s
  3061  1555  726.06277   53 1612  729.96105  720.87009  1.25%   342 4704s
  3062  1556  724.75785   15 1658  729.96105  721.07768  1.22%   342 4742s
  3063  1557  725.59711   16 1655  729.96105  721.07768  1.22%   342 4766s
  3064  1557  729.38262   37 1655  729.96105  721.07768  1.22%   342 4999s
  3065  1561  721.07768   10 1661  729.96105  721.07768  1.22%   358 5276s
  3067  1564  721.07768   11 1683  729.96105  721.07768  1.22%   358 5772s
  3071  1571  721.07768   12 1692  729.96105  721.07768  1.22%   361 5877s
  3079  1584  726.05186   13 1708  729.96105  721.07768  1.22%   365 5995s
  3095  1609  727.74097   14 1689  729.96105  721.07768  1.22%   377 6103s
H 3097  1530                     729.9610477  721.07768  1.22%   377 6103s
  3127  1538     cutoff   15       729.96105  721.07768  1.22%   399 6570s
H 3132  1462                     729.9610475  721.07768  1.22%   401 6570s
H 3147  1387                     729.9607417  721.07768  1.22%   408 6570s
  3159  1393     cutoff   16       729.96074  721.07768  1.22%   415 6659s
  3191  1396  725.19695   17 1598  729.96074  721.07768  1.22%   425 6707s
  3223  1393  725.85475   18 1573  729.96074  721.07768  1.22%   434 6778s
H 3226  1324                     729.9551432  721.07768  1.22%   434 6778s
H 3236  1257                     729.9512886  721.07768  1.22%   435 6778s
H 3241  1195                     729.9508030  721.07768  1.22%   437 6778s
  3255  1208  726.91140   19 1572  729.95080  721.07768  1.22%   440 6845s
H 3306  1136                     729.9508029  721.07768  1.22%   446 6974s
H 3309  1080                     729.9508011  721.07768  1.22%   446 6974s
H 3310  1027                     729.9493124  721.07768  1.22%   446 6974s
H 3311   978                     729.9355219  721.07768  1.21%   446 6974s
  3341   978     cutoff   22       729.93552  721.07768  1.21%   452 7018s
  3394   981  729.40836   22 1552  729.93552  721.07768  1.21%   457 7092s
  3455   984 infeasible   25       729.93552  721.07768  1.21%   462 7115s
  3513   987     cutoff   25       729.93552  721.07768  1.21%   466 7139s
  3583   990  725.86516   17 1604  729.93552  721.07768  1.21%   470 7149s
  3668   980  728.96577   18 1584  729.93552  721.07768  1.21%   471 7168s
H 3746   910                     729.9290222  721.07768  1.21%   473 7204s
H 3763   859                     729.9251392  721.07768  1.21%   477 7204s
  3789   894 infeasible   18       729.92514  721.07768  1.21%   486 7373s
  3876   906  727.55960   18 1596  729.92514  721.07768  1.21%   489 7400s
  3978   906  729.56815   19 1580  729.92514  721.07768  1.21%   491 7484s
  4089   894  728.43586   19 1592  729.92514  721.07768  1.21%   491 7537s
  4195   883     cutoff   21       729.92514  721.07768  1.21%   494 8280s
  4313   919     cutoff   21       729.92514  721.49676  1.15%   494 8341s
  4456   916  729.27796   18 1522  729.92514  721.49676  1.15%   493 8408s
  4605   950     cutoff   19       729.92514  721.49676  1.15%   492 8529s
  4774   983 infeasible   19       729.92514  721.49676  1.15%   488 8570s
  4948  1021     cutoff   21       729.92514  721.49676  1.15%   479 8621s
  5122   998     cutoff   21       729.92514  721.98511  1.09%   473 8674s
  5219  1066     cutoff   16       729.92514  721.98511  1.09%   472 8732s
  5391  1118     cutoff   16       729.92514  721.98511  1.09%   468 9146s
  5559  1123  727.63484   30 1575  729.92514  721.98511  1.09%   466 9343s
  5750  1281  729.67550   36 1526  729.92514  724.74567  0.71%   464 9417s

Cutting planes:
  Learned: 43
  Gomory: 38
  Cover: 122
  Implied bound: 49
  Projected implied bound: 210
  Clique: 12
  MIR: 507
  Flow cover: 3199
  GUB cover: 4
  Zero half: 30
  RLT: 1438
  Relax-and-lift: 304

Explored 6045 nodes (2771621 simplex iterations) in 9418.11 seconds
Thread count was 32 (of 32 available processors)

Solution count 10: 729.925 729.929 729.936 ... 729.961

Optimal solution found (tolerance 1.00e-02)
Best objective 7.299251392250e+02, best bound 7.247456656755e+02, gap 0.7096%
