
Gurobi 9.1.0 (linux64) logging started Fri Aug  6 08:45:32 2021

Changed value of parameter LogFile to eab_parasitoid_1_0_1_bud.log
   Prev:   Default: 
Changed value of parameter MIPGap to 0.01
   Prev: 0.0001  Min: 0.0  Max: inf  Default: 0.0001
Changed value of parameter Method to 2
   Prev: -1  Min: -1  Max: 5  Default: -1
Changed value of parameter MIPFocus to 2
   Prev: 0  Min: 0  Max: 3  Default: 0
Changed value of parameter RINS to 100
   Prev: -1  Min: -1  Max: 2000000000  Default: -1
Gurobi Optimizer version 9.1.0 build v9.1.0rc0 (linux64)
Thread count: 32 physical cores, 32 logical processors, using up to 32 threads
Optimize a model with 203396 rows, 134935 columns and 685039 nonzeros
Model fingerprint: 0x80b1e324
Variable types: 55779 continuous, 79156 integer (79156 binary)
Coefficient statistics:
  Matrix range     [2e-04, 6e+05]
  Objective range  [1e-06, 1e-01]
  Bounds range     [1e+00, 6e+03]
  RHS range        [1e-04, 6e+05]
Presolve removed 196684 rows and 129084 columns
Presolve time: 2.71s
Presolved: 6712 rows, 5851 columns, 110593 nonzeros
Variable types: 3092 continuous, 2759 integer (2759 binary)
Presolve removed 220 rows and 217 columns
Presolved: 6492 rows, 5634 columns, 110044 nonzeros

Root barrier log...

Ordering time: 0.18s

Barrier statistics:
 Dense cols : 149
 AA' NZ     : 4.699e+05
 Factor NZ  : 1.405e+06 (roughly 16 MBytes of memory)
 Factor Ops : 6.934e+08 (less than 1 second per iteration)
 Threads    : 31

                  Objective                Residual
Iter       Primal          Dual         Primal    Dual     Compl     Time
   0   2.22650711e+03 -9.17328636e+03  2.35e+03 1.45e-01  9.30e+01     3s
   1   1.14501411e+03 -1.17636403e+04  6.23e+02 8.77e-15  2.47e+01     3s
   2   6.51011077e+02 -8.51148823e+03  2.90e+01 1.01e-14  1.58e+00     3s
   3   5.71902542e+02 -3.51457750e+03  2.81e+00 8.23e-15  3.09e-01     3s
   4   5.38651860e+02 -5.74619541e+02  8.86e-01 2.82e-15  7.58e-02     3s
   5   5.18724135e+02  1.99879929e+02  2.60e-01 1.49e-15  2.02e-02     3s
   6   5.12413584e+02  3.88308861e+02  8.84e-02 1.37e-15  7.49e-03     4s
   7   5.08465123e+02  4.52217261e+02  2.92e-02 8.23e-16  3.30e-03     4s
   8   5.06733978e+02  4.66325307e+02  1.43e-02 8.14e-16  2.34e-03     4s
   9   5.05743347e+02  4.96472234e+02  8.01e-03 7.33e-16  5.35e-04     4s
  10   5.04939369e+02  4.99424781e+02  3.87e-03 4.00e-16  3.17e-04     4s
  11   5.04617871e+02  5.01999513e+02  2.70e-03 1.78e-16  1.50e-04     4s
  12   5.04251930e+02  5.02913089e+02  1.39e-03 2.22e-16  7.65e-05     4s
  13   5.04119400e+02  5.03487726e+02  9.52e-04 1.11e-16  3.61e-05     4s
  14   5.03927107e+02  5.03636549e+02  3.09e-04 6.14e-17  1.66e-05     4s
  15   5.03845235e+02  5.03794505e+02  3.98e-05 2.22e-16  2.89e-06     4s
  16   5.03834007e+02  5.03820623e+02  1.14e-05 1.11e-16  7.63e-07     4s
  17   5.03831054e+02  5.03825894e+02  4.78e-06 5.55e-17  2.94e-07     4s
  18   5.03829645e+02  5.03827878e+02  1.47e-06 2.22e-16  1.01e-07     4s
  19   5.03829166e+02  5.03828735e+02  4.12e-07 1.11e-16  2.46e-08     4s
  20   5.03829006e+02  5.03828945e+02  5.51e-08 1.11e-16  3.48e-09     4s
  21   5.03828985e+02  5.03828971e+02  1.16e-08 1.11e-16  7.96e-10     4s
  22   5.03828979e+02  5.03828978e+02  1.64e-09 1.30e-15  9.00e-11     4s

Barrier solved model in 22 iterations and 3.85 seconds
Optimal objective 5.03828979e+02


Root relaxation: objective 5.038290e+02, 3183 iterations, 1.10 seconds

    Nodes    |    Current Node    |     Objective Bounds      |     Work
 Expl Unexpl |  Obj  Depth IntInf | Incumbent    BestBd   Gap | It/Node Time

     0     0  503.82937    0 1535          -  503.82937      -     -    4s
     0     0  508.57501    0 1551          -  508.57501      -     -    6s
     0     0  508.99101    0 1525          -  508.99101      -     -    6s
     0     0  509.08602    0 1534          -  509.08602      -     -    7s
     0     0  509.08606    0 1535          -  509.08606      -     -    7s
     0     0  512.04561    0 1605          -  512.04561      -     -    8s
     0     0  512.36561    0 1557          -  512.36561      -     -    9s
     0     0  512.38964    0 1517          -  512.38964      -     -    9s
     0     0  512.39067    0 1514          -  512.39067      -     -   10s
     0     0  512.94782    0 1479          -  512.94782      -     -   12s
     0     0  513.06195    0 1436          -  513.06195      -     -   12s
     0     0  513.07192    0 1410          -  513.07192      -     -   13s
     0     0  513.07271    0 1426          -  513.07271      -     -   13s
H    0     0                     530.2534630  513.07271  3.24%     -   17s
H    0     0                     530.2534600  513.07271  3.24%     -   17s
     0     0  513.29578    0 1402  530.25346  513.29578  3.20%     -   17s
H    0     0                     530.2533834  513.29578  3.20%     -   18s
     0     0  513.31937    0 1373  530.25338  513.31937  3.19%     -   21s
     0     0  513.32387    0 1366  530.25338  513.32387  3.19%     -   21s
     0     0  513.49134    0 1325  530.25338  513.49134  3.16%     -   29s
     0     0  513.56966    0 1325  530.25338  513.56966  3.15%     -   39s
     0     0  513.58466    0 1327  530.25338  513.58466  3.14%     -   42s
     0     0  513.58692    0 1329  530.25338  513.58692  3.14%     -   44s
     0     0  513.88126    0 1316  530.25338  513.88126  3.09%     -   66s
     0     0  513.90504    0 1301  530.25338  513.90504  3.08%     -   78s
     0     0  513.90698    0 1305  530.25338  513.90698  3.08%     -   81s
     0     0  514.16246    0 1329  530.25338  514.16246  3.03%     -  108s
     0     0  514.18015    0 1320  530.25338  514.18015  3.03%     -  113s
     0     0  514.19053    0 1304  530.25338  514.19053  3.03%     -  117s
     0     0  514.20339    0 1308  530.25338  514.20339  3.03%     -  119s
     0     0  514.20596    0 1322  530.25338  514.20596  3.03%     -  121s
     0     0  514.31838    0 1292  530.25338  514.31838  3.01%     -  128s
     0     0  514.32463    0 1277  530.25338  514.32463  3.00%     -  130s
     0     0  514.35048    0 1286  530.25338  514.35048  3.00%     -  137s
     0     0  514.35048    0 1282  530.25338  514.35048  3.00%     -  143s
H    0     0                     524.4151708  514.35048  1.92%     -  208s
     0     2  514.35048    0 1281  524.41517  514.35048  1.92%     -  209s
     1     4  514.35741    1 1271  524.41517  514.35048  1.92%   309  216s
     3     8  515.27962    2 1269  524.41517  514.35855  1.92%   405  222s
     7    14  522.34419    3 1137  524.41517  514.54622  1.88%   743  235s
    29    34     cutoff    5       524.41517  515.96943  1.61%   750  256s
    51    46     cutoff    6       524.41517  516.13319  1.58%   852  269s
    83    40  518.55111    7  845  524.41517  516.58037  1.49%   755  285s
   115    42  518.57092    8  843  524.41517  516.62928  1.48%   733  299s
   147    46  518.92279    9  838  524.41517  516.62928  1.48%   636  318s
   179    72  520.04529   10  842  524.41517  516.62928  1.48%   591  324s
   213    98  523.08160   11  786  524.41517  516.62928  1.48%   565  332s
   249   114  523.18644   12  785  524.41517  516.62928  1.48%   551  338s
   297   126     cutoff   14       524.41517  516.62928  1.48%   497  345s
   340   139     cutoff   12       524.41517  517.11184  1.39%   468  351s
   404   166  520.90850    8  850  524.41517  517.11184  1.39%   425  356s
   476   183     cutoff   10       524.41517  517.11184  1.39%   384  360s
   542   205  521.53428    9  839  524.41517  517.11184  1.39%   359  365s
   628   222     cutoff   10       524.41517  517.11184  1.39%   330  372s
   712   237     cutoff   10       524.41517  517.11184  1.39%   307  379s
H  800   250                     524.3460584  517.11184  1.38%   290  468s
H  801   250                     524.3440136  517.11184  1.38%   290  468s
H  802   250                     524.3400793  517.11184  1.38%   289  468s
H  806   250                     524.3388075  517.11184  1.38%   291  468s
H  817   250                     524.3277748  517.11184  1.38%   290  468s
H  823   250                     524.3272854  517.11184  1.38%   289  468s
H  847   250                     524.3272847  517.11184  1.38%   287  468s
   849   262     cutoff    9       524.32728  517.11184  1.38%   287  487s
H  851   262                     524.3272846  517.11184  1.38%   287  487s
H  855   262                     524.3272845  517.11184  1.38%   287  487s
   892   333     cutoff    9       524.32728  517.36113  1.33%   280  493s
  1043   412     cutoff   13       524.32728  517.36113  1.33%   252  498s
  1206   513     cutoff   13       524.32728  517.36113  1.33%   229  505s
  1384   602  522.66367   25  699  524.32728  517.36113  1.33%   208  513s
  1551   669  523.95056   30  688  524.32728  517.36113  1.33%   195  519s
  1718   766  524.07906   34  679  524.32728  517.36113  1.33%   183  524s
  1930   955  524.18462   45  643  524.32728  518.58494  1.10%   170  532s
  2205  1133  518.60849   11  857  524.32728  518.59743  1.09%   155  537s
  2467  1327  520.73342   13  790  524.32728  518.59743  1.09%   143  541s
  2786  1438  523.46442   15  722  524.32728  518.59743  1.09%   131  589s
H 2888  1438                     524.3272822  518.59743  1.09%   127  589s
  3085  1544  524.22097   25  714  524.32728  518.59743  1.09%   122  608s
  3340  1646     cutoff   24       524.32728  518.84301  1.05%   117  615s
  3638  1703  524.31170   12  781  524.32728  518.84301  1.05%   112  620s
  3933  1779     cutoff   13       524.32728  518.84301  1.05%   107  628s
  4205  1908     cutoff   52       524.32728  522.01646  0.44%   104  638s

Cutting planes:
  Learned: 14
  Gomory: 46
  Cover: 170
  Implied bound: 393
  Projected implied bound: 114
  Clique: 30
  MIR: 1063
  Flow cover: 4480
  GUB cover: 1
  Zero half: 8
  RLT: 2588
  Relax-and-lift: 205

Explored 4550 nodes (482818 simplex iterations) in 643.74 seconds
Thread count was 32 (of 32 available processors)

Solution count 10: 524.327 524.327 524.327 ... 530.253

Optimal solution found (tolerance 1.00e-02)
Best objective 5.243272822019e+02, best bound 5.222446702988e+02, gap 0.3972%

Gurobi 9.1.0 (linux64) logging started Thu Aug 19 21:17:24 2021

Changed value of parameter LogFile to eab_parasitoid_1_0_1_bud.log
   Prev:   Default: 
Changed value of parameter MIPGap to 0.01
   Prev: 0.0001  Min: 0.0  Max: inf  Default: 0.0001
Changed value of parameter Method to 2
   Prev: -1  Min: -1  Max: 5  Default: -1
Changed value of parameter MIPFocus to 2
   Prev: 0  Min: 0  Max: 3  Default: 0
Changed value of parameter RINS to 100
   Prev: -1  Min: -1  Max: 2000000000  Default: -1
Changed value of parameter SolutionLimit to 1
   Prev: 2000000000  Min: 1  Max: 2000000000  Default: 2000000000
Gurobi Optimizer version 9.1.0 build v9.1.0rc0 (linux64)
Thread count: 32 physical cores, 32 logical processors, using up to 32 threads
Optimize a model with 203396 rows, 134935 columns and 685039 nonzeros
Model fingerprint: 0xe5a2ae1a
Variable types: 55779 continuous, 79156 integer (79156 binary)
Coefficient statistics:
  Matrix range     [2e-04, 6e+05]
  Objective range  [1e-06, 1e-01]
  Bounds range     [1e+00, 6e+03]
  RHS range        [1e-04, 6e+05]

User MIP start produced solution with objective 524.327 (10.68s)
Loaded user MIP start with objective 524.327
Processed MIP start in 10.77 seconds


Explored 0 nodes (0 simplex iterations) in 10.88 seconds
Thread count was 1 (of 32 available processors)

Solution count 2: 524.327 

Solution limit reached
Best objective 5.243272551178e+02, best bound -, gap -

Gurobi 9.1.0 (linux64) logging started Wed Dec  8 21:19:05 2021

Changed value of parameter LogFile to eab_parasitoid_1_0_1_bud.log
   Prev:   Default: 
Changed value of parameter MIPGap to 0.01
   Prev: 0.0001  Min: 0.0  Max: inf  Default: 0.0001
Changed value of parameter Method to 3
   Prev: -1  Min: -1  Max: 5  Default: -1
Changed value of parameter MIPFocus to 3
   Prev: 0  Min: 0  Max: 3  Default: 0
Changed value of parameter RINS to 100
   Prev: -1  Min: -1  Max: 2000000000  Default: -1
Changed value of parameter TimeLimit to 28800.0
   Prev: inf  Min: 0.0  Max: inf  Default: inf
Changed value of parameter NodeFileStart to 10000.0
   Prev: inf  Min: 0.0  Max: inf  Default: inf
Gurobi Optimizer version 9.1.0 build v9.1.0rc0 (linux64)
Thread count: 32 physical cores, 32 logical processors, using up to 32 threads
Optimize a model with 383220 rows, 174513 columns and 1268459 nonzeros
Model fingerprint: 0xd19425b6
Variable types: 77367 continuous, 97146 integer (97146 binary)
Coefficient statistics:
  Matrix range     [2e-04, 6e+03]
  Objective range  [1e-06, 1e-01]
  Bounds range     [1e+00, 6e+03]
  RHS range        [1e-04, 7e+03]

User MIP start produced solution with objective 1117.89 (102.77s)
User MIP start produced solution with objective 1117.89 (103.51s)
Loaded user MIP start with objective 1117.89
Processed MIP start in 103.74 seconds

Presolve removed 155535 rows and 55422 columns (presolve time = 8s) ...
Presolve removed 155894 rows and 55781 columns (presolve time = 14s) ...
Presolve removed 164675 rows and 57370 columns (presolve time = 15s) ...
Presolve removed 176156 rows and 60609 columns (presolve time = 20s) ...
Presolve removed 184124 rows and 68890 columns (presolve time = 26s) ...
Presolve removed 234963 rows and 82730 columns (presolve time = 30s) ...
Presolve removed 236174 rows and 90255 columns (presolve time = 35s) ...
Presolve removed 251280 rows and 95095 columns (presolve time = 40s) ...
Presolve removed 268645 rows and 104778 columns (presolve time = 46s) ...
Presolve removed 281499 rows and 116561 columns (presolve time = 50s) ...
Presolve removed 293408 rows and 125764 columns (presolve time = 55s) ...
Presolve removed 317001 rows and 140000 columns (presolve time = 61s) ...
Presolve removed 325361 rows and 146197 columns (presolve time = 70s) ...
Presolve removed 334923 rows and 149109 columns (presolve time = 75s) ...
Presolve removed 338090 rows and 149150 columns (presolve time = 80s) ...
Presolve removed 338090 rows and 149283 columns (presolve time = 86s) ...
Presolve removed 345662 rows and 154078 columns (presolve time = 90s) ...
Presolve removed 346249 rows and 154665 columns (presolve time = 95s) ...
Presolve removed 346462 rows and 154793 columns (presolve time = 100s) ...
Presolve removed 346462 rows and 154793 columns
Presolve time: 100.37s
Presolved: 36758 rows, 19720 columns, 335700 nonzeros
Found heuristic solution: objective 1117.8606036
Variable types: 11675 continuous, 8045 integer (8045 binary)

Concurrent LP optimizer: primal simplex, dual simplex, and barrier
Showing barrier log only...

Presolve removed 79 rows and 77 columns (presolve time = 5s) ...
Presolve removed 80 rows and 77 columns (presolve time = 10s) ...
Presolve removed 132 rows and 77 columns

Solved with primal simplex

Root relaxation: objective 3.236066e+02, 4228 iterations, 11.17 seconds
Total elapsed time = 221.25s

    Nodes    |    Current Node    |     Objective Bounds      |     Work
 Expl Unexpl |  Obj  Depth IntInf | Incumbent    BestBd   Gap | It/Node Time

     0     0  454.43303    0 1048 1117.86060  454.43303  59.3%     -  238s
     0     0  498.21291    0 1490 1117.86060  498.21291  55.4%     -  298s
H    0     0                    1050.4196091  498.21291  52.6%     -  352s
     0     0  499.71150    0 1948 1050.41961  499.71150  52.4%     -  359s
     0     0  499.71463    0 1956 1050.41961  499.71463  52.4%     -  362s
     0     0  508.77633    0 1935 1050.41961  508.77633  51.6%     -  421s
H    0     0                    1050.4196088  508.77633  51.6%     -  434s
     0     0  518.22491    0 1775 1050.41961  518.22491  50.7%     -  443s
     0     0  521.50389    0 1730 1050.41961  521.50389  50.4%     -  450s
     0     0  521.59892    0 1739 1050.41961  521.59892  50.3%     -  452s
     0     0  521.60868    0 1742 1050.41961  521.60868  50.3%     -  453s
     0     0  531.16215    0 1719 1050.41961  531.16215  49.4%     -  519s
     0     0  532.21692    0 1647 1050.41961  532.21692  49.3%     -  536s
     0     0  532.21692    0 1616 1050.41961  532.21692  49.3%     -  538s
     0     0  532.21692    0 1617 1050.41961  532.21692  49.3%     -  539s
     0     0  532.21963    0 1622 1050.41961  532.21963  49.3%     -  539s
     0     0  532.21963    0 1621 1050.41961  532.21963  49.3%     -  540s
     0     0  538.62644    0 1647 1050.41961  538.62644  48.7%     -  569s
     0     0  540.49017    0 1617 1050.41961  540.49017  48.5%     -  587s
     0     0  540.89404    0 1616 1050.41961  540.89404  48.5%     -  590s
     0     0  540.95873    0 1620 1050.41961  540.95873  48.5%     -  593s
     0     0  540.96156    0 1618 1050.41961  540.96156  48.5%     -  594s
     0     0  545.48255    0 1627 1050.41961  545.48255  48.1%     -  629s
     0     0  546.17718    0 1604 1050.41961  546.17718  48.0%     -  665s
     0     0  546.27260    0 1612 1050.41961  546.27260  48.0%     -  668s
     0     0  546.31366    0 1607 1050.41961  546.31366  48.0%     -  669s
     0     0  546.31445    0 1607 1050.41961  546.31445  48.0%     -  670s
     0     0  547.86956    0 1581 1050.41961  547.86956  47.8%     -  720s
     0     0  548.34629    0 1600 1050.41961  548.34629  47.8%     -  723s
     0     0  548.52789    0 1601 1050.41961  548.52789  47.8%     -  723s
     0     0  548.57273    0 1604 1050.41961  548.57273  47.8%     -  724s
     0     0  548.57380    0 1604 1050.41961  548.57380  47.8%     -  724s
     0     0  551.47918    0 1544 1050.41961  551.47918  47.5%     -  758s
     0     0  556.53329    0 1588 1050.41961  556.53329  47.0%     -  768s
     0     0  556.53329    0 1602 1050.41961  556.53329  47.0%     -  771s
     0     0  556.53329    0 1604 1050.41961  556.53329  47.0%     -  774s
     0     0  560.36778    0 1569 1050.41961  560.36778  46.7%     -  814s
     0     0  564.53748    0 1562 1050.41961  564.53748  46.3%     -  831s
     0     0  564.53748    0 1558 1050.41961  564.53748  46.3%     -  833s
     0     0  564.56512    0 1589 1050.41961  564.56512  46.3%     -  875s
     0     0  571.02340    0 1626 1050.41961  571.02340  45.6%     -  892s
     0     0  571.02340    0 1637 1050.41961  571.02340  45.6%     -  895s
     0     0  571.02340    0 1643 1050.41961  571.02340  45.6%     -  897s
     0     0  575.89455    0 1576 1050.41961  575.89455  45.2%     -  930s
     0     0  575.89455    0 1591 1050.41961  575.89455  45.2%     -  946s
H    0     0                    1016.8409792  575.89455  43.4%     -  947s
     0     0  575.89455    0 1595 1016.84098  575.89455  43.4%     -  949s
     0     0  576.90632    0 1488 1016.84098  576.90632  43.3%     -  992s
     0     0  584.00304    0 1503 1016.84098  584.00304  42.6%     - 1007s
     0     0  584.00304    0 1498 1016.84098  584.00304  42.6%     - 1008s
     0     0  586.40990    0 1511 1016.84098  586.40990  42.3%     - 1040s
     0     0  586.43250    0 1534 1016.84098  586.43250  42.3%     - 1049s
     0     0  586.43250    0 1525 1016.84098  586.43250  42.3%     - 1051s
     0     0  586.43250    0 1523 1016.84098  586.43250  42.3%     - 1052s
     0     0  588.85324    0 1511 1016.84098  588.85324  42.1%     - 1080s
     0     0  589.17668    0 1530 1016.84098  589.17668  42.1%     - 1089s
     0     0  589.17668    0 1525 1016.84098  589.17668  42.1%     - 1091s
     0     0  589.59560    0 1561 1016.84098  589.59560  42.0%     - 1115s
     0     0  589.89681    0 1563 1016.84098  589.89681  42.0%     - 1121s
     0     0  589.89681    0 1562 1016.84098  589.89681  42.0%     - 1122s
     0     0  591.33715    0 1527 1016.84098  591.33715  41.8%     - 1185s
     0     0  592.05424    0 1553 1016.84098  592.05424  41.8%     - 1202s
     0     0  592.05424    0 1550 1016.84098  592.05424  41.8%     - 1203s
     0     0  594.20027    0 1569 1016.84098  594.20027  41.6%     - 1262s
     0     0  598.72393    0 1558 1016.84098  598.72393  41.1%     - 1278s
     0     0  598.72393    0 1566 1016.84098  598.72393  41.1%     - 1281s
     0     0  598.72393    0 1570 1016.84098  598.72393  41.1%     - 1282s
     0     0  602.26249    0 1516 1016.84098  602.26249  40.8%     - 1320s
     0     0  603.25525    0 1551 1016.84098  603.25525  40.7%     - 1339s
     0     0  606.08810    0 1561 1016.84098  606.08810  40.4%     - 1339s
     0     0  606.08810    0 1562 1016.84098  606.08810  40.4%     - 1340s
H    0     0                     979.7703670  606.08810  38.1%     - 1346s
H    0     0                     978.8700235  606.08810  38.1%     - 1364s
H    0     0                     978.8380527  606.08810  38.1%     - 1364s
     0     0  608.31624    0 1567  978.83805  608.31624  37.9%     - 1376s
     0     0  609.39861    0 1564  978.83805  609.39861  37.7%     - 1382s
     0     0  612.01882    0 1570  978.83805  612.01882  37.5%     - 1427s
     0     0  613.43289    0 1585  978.83805  613.43289  37.3%     - 1449s
     0     0  613.43289    0 1570  978.83805  613.43289  37.3%     - 1451s
     0     0  614.93147    0 1551  978.83805  614.93147  37.2%     - 1521s
     0     0  616.35832    0 1551  978.83805  616.35832  37.0%     - 1553s
     0     0  616.35832    0 1558  978.83805  616.35832  37.0%     - 1557s
     0     0  619.64569    0 1580  978.83805  619.64569  36.7%     - 1607s
     0     0  621.07277    0 1555  978.83805  621.07277  36.5%     - 1616s
     0     0  621.07277    0 1550  978.83805  621.07277  36.5%     - 1617s
     0     0  621.13218    0 1575  978.83805  621.13218  36.5%     - 1657s
     0     0  621.29214    0 1572  978.83805  621.29214  36.5%     - 1662s
     0     0  621.29214    0 1572  978.83805  621.29214  36.5%     - 1662s
     0     0  621.29214    0 1589  978.83805  621.29214  36.5%     - 1677s
     0     0  621.41188    0 1589  978.83805  621.41188  36.5%     - 1698s
     0     2  621.41188    0 1589  978.83805  621.41188  36.5%     - 1786s
     1     2  621.41188    1 1588  978.83805  621.41188  36.5%   229 1791s
     3     4  621.41188    2 1520  978.83805  621.41188  36.5%   382 1803s
     7    12  621.41188    3 1500  978.83805  621.41188  36.5%   719 1818s
    15    18  638.24254    4 1593  978.83805  621.41188  36.5%   771 1830s
    31    29  621.41188    5 1703  978.83805  621.41188  36.5%   833 1873s
    59    54  698.60557    6 1698  978.83805  621.41188  36.5%   815 1913s
    88    84  816.52648    6 1695  978.83805  621.41188  36.5%   989 1915s
    91   102  621.41188    7 1685  978.83805  621.41188  36.5%  1016 1971s
   123   111  706.90431    8 1655  978.83805  621.41188  36.5%  1116 2039s
   135   122  765.87052    8 1788  978.83805  621.41188  36.5%  1088 2040s
   155   156  621.41188    9 1717  978.83805  621.41188  36.5%  1065 2122s
H  156   156                     956.6593813  621.41188  35.0%  1059 2122s
H  157   156                     954.5907446  621.41188  34.9%  1066 2122s
H  158   156                     952.1301534  621.41188  34.7%  1064 2122s
   182   165  773.97608    9 1447  952.13015  621.41188  34.7%  1035 2125s
H  187   171                     928.5144374  621.41188  33.1%  1024 2317s
   211   183  820.70064   10 1456  928.51444  621.41188  33.1%  1051 2320s
   219   182  627.63067   11 1708  928.51444  621.86839  33.0%  1029 2382s
   251   209  752.71161   12 1704  928.51444  623.26245  32.9%  1027 2453s
   274   232  778.93300   12 1707  928.51444  623.93242  32.8%   995 2455s
   283   256  626.85180   13 1703  928.51444  624.98965  32.7%   983 2494s
   306   263  754.19990   13 1642  928.51444  626.85180  32.5%   965 2496s
   318   288  627.00065   14 1702  928.51444  627.00065  32.5%   956 2547s
   353   328  674.00248   15 1702  928.51444  627.24862  32.4%   910 2589s
   356   328  631.77444   15 1708  928.51444  627.39601  32.4%   904 2590s
   395   357  810.65988   16 1701  928.51444  627.39601  32.4%   891 2628s
   424   389  703.06412   16 1727  928.51444  627.99319  32.4%   854 2630s
   444   392  710.53821   17 1698  928.51444  627.99319  32.4%   829 2677s
   453   405  649.62024   18 1702  928.51444  628.46282  32.3%   821 2680s
   476   439  628.65656   18 1708  928.51444  628.65656  32.3%   804 2822s
   524   490  635.40799   19 1716  928.51444  632.32843  31.9%   779 2939s
   543   497  733.74783   20 1708  928.51444  632.69640  31.9%   762 2943s
   555   507  754.94093   21 1707  928.51444  632.69640  31.9%   757 2947s
   565   514  724.07544   21 1695  928.51444  632.69640  31.9%   760 2951s
   574   572  671.48456   21 1713  928.51444  632.69640  31.9%   756 2987s
   647   628  633.04374   22 1711  928.51444  633.04374  31.8%   696 3183s
   702   643  691.31213   25 1699  928.51444  633.13815  31.8%   672 3186s
   721   661  633.47994   24 1704  928.51444  633.47994  31.8%   678 4194s
   728   661 infeasible   22       928.51444  633.52981  31.8%   681 4195s
   780   695  692.41861   27 1706  928.51444  633.54868  31.8%   696 4288s
   811   716 infeasible   26       928.51444  636.62145  31.4%   693 4292s
   814   753  636.62298   26 1701  928.51444  636.62298  31.4%   693 4334s
   817   753  649.55643   29 1695  928.51444  636.62298  31.4%   693 4335s
   890   851  695.54046   27 1701  928.51444  640.75983  31.0%   667 4397s
  1002   975  739.09318   31 1665  928.51444  647.34129  30.3%   620 4464s
  1017   978  650.07296   29 1690  928.51444  648.51217  30.2%   614 4465s
  1110  1062  704.01573   35 1712  928.51444  649.29680  30.1%   587 4527s
  1206  1119  673.14553   38 1650  928.51444  650.32264  30.0%   571 4628s
  1289  1200  656.48789   40 1652  928.51444  652.51688  29.7%   568 4734s
  1294  1206  678.61920   38 1654  928.51444  655.20954  29.4%   569 4735s
  1371  1282  742.30718   41 1672  928.51444  656.14128  29.3%   567 4864s
  1391  1299  683.23750   38 1674  928.51444  659.86663  28.9%   567 4865s
  1450  1342  664.59748   40 1664  928.51444  660.26627  28.9%   564 5055s
  1522  1451  696.95515   33 1686  928.51444  662.40768  28.7%   570 5131s
H 1621  1507                     906.3345883  663.03778  26.8%   561 5185s
H 1655  1536                     874.3682204  664.81238  24.0%   563 5185s
  1693  1557  688.04243   38 1684  874.36822  665.05448  23.9%   561 5220s
  1789  1644  669.45843   42 1650  874.36822  665.41049  23.9%   556 5257s
H 1882  1689                     866.5940955  666.69343  23.1%   552 5375s
H 1884  1689                     866.5940832  667.01166  23.0%   552 5375s
  1916  1754  671.83016   40 1681  866.59408  667.49529  23.0%   557 5429s
  1959  1777 infeasible   39       866.59408  667.90455  22.9%   554 5430s
  2025  1850  754.98157   41 1685  866.59408  668.44889  22.9%   553 5480s
  2135  1952  761.55367   44 1662  866.59408  670.21000  22.7%   551 5554s
  2181  1977  671.06213   41 1683  866.59408  670.92402  22.6%   548 5555s
H 2230  2027                     866.5936232  670.92402  22.6%   548 5612s
H 2256  2035                     866.5820942  671.57826  22.5%   547 5612s
H 2274  2048                     866.5367976  671.57826  22.5%   548 5613s
H 2280  2052                     866.5291850  671.57826  22.5%   549 5613s
  2291  2098  687.75651   43 1682  866.52918  671.65892  22.5%   549 6135s
  2418  2216  731.66138   35 1729  866.52918  672.14865  22.4%   552 6220s
  2552  2334  677.66733   42 1674  866.52918  673.55186  22.3%   550 6289s
  2674  2446  690.99167   36 1665  866.52918  674.04066  22.2%   551 6369s
  2808  2579  709.66254   34 1684  866.52918  674.88530  22.1%   555 6468s
  2948  2695  731.02286   40 1589  866.52918  675.26139  22.1%   556 6543s
  2950  2696  736.41760   15 1757  866.52918  675.26139  22.1%   556 6584s
  2951  2697  740.45658   15 1698  866.52918  675.26139  22.1%   555 6608s
  2952  2698  826.23686   16 1535  866.52918  675.26139  22.1%   555 6621s
  2954  2699  692.76176   42 1757  866.52918  675.26139  22.1%   555 6639s
  2955  2700  752.53334   42 1479  866.52918  675.26139  22.1%   555 6643s
  2956  2700  694.25109   41 1488  866.52918  675.26139  22.1%   554 6647s
H 2956  2564                     866.4607436  675.26139  22.1%   554 6649s
  2957  2565  691.19071   40 1436  866.46074  675.26139  22.1%   554 6651s
  2958  2566  747.75086   42 1447  866.46074  675.26139  22.1%   554 6658s
  2959  2566  765.92349   45 1460  866.46074  675.26139  22.1%   554 6710s
  2960  2567  764.76117   45 1458  866.46074  675.26139  22.1%   554 6749s
  2961  2568  739.33957   44 1481  866.46074  675.26139  22.1%   554 6777s
  2962  2568  762.57091   40 1412  866.46074  675.26139  22.1%   553 6865s
  2963  2569  755.28066   42 1388  866.46074  675.26139  22.1%   553 6871s
  2964  2570  828.58274    6 1381  866.46074  675.26139  22.1%   553 6929s
  2965  2570  697.80902   43 1341  866.46074  675.26139  22.1%   553 6975s
  2967  2572  692.61366   34 1351  866.46074  675.26139  22.1%   552 6994s
  2968  2572  749.76748   40 1354  866.46074  675.26139  22.1%   552 7035s
  2970  2574  742.71828   40 1346  866.46074  677.96616  21.8%   552 7053s
H 2970  2445                     866.4607380  677.96616  21.8%   552 7073s
H 2970  2323                     866.4607366  679.16140  21.6%   552 7093s
  2972  2324  695.52643   38 1348  866.46074  683.00246  21.2%   552 7119s
  2973  2325  728.94179   38 1386  866.46074  685.52651  20.9%   551 7194s
  2974  2325  691.14763   40 1384  866.46074  685.52651  20.9%   551 7238s
H 2974  2208                     866.1208777  685.52651  20.9%   551 7249s
H 2974  2097                     866.1208735  685.52651  20.9%   551 7431s
  2976  2100  685.52651   12 1384  866.12087  685.52651  20.9%   563 7603s
  2978  2101  685.52651   13 1360  866.12087  685.52651  20.9%   563 8136s
  2982  2102  685.52651   14 1365  866.12087  685.52651  20.9%   563 8176s
  2990  2114  685.52651   15 1358  866.12087  685.52651  20.9%   562 8205s
  3003  2125  685.52651   16 1397  866.12087  685.52651  20.9%   561 8282s
  3024  2142  685.52651   17 1369  866.12087  685.52651  20.9%   564 8372s
  3056  2155  685.52651   18 1422  866.12087  685.52651  20.9%   569 8485s
  3088  2174  685.52651   19 1432  866.12087  685.52651  20.9%   576 8645s
  3120  2186  685.52651   20 1478  866.12087  685.52651  20.9%   591 9081s
H 3129  2078                     858.8029206  685.52651  20.2%   592 9082s
H 3133  1976                     857.0637910  685.52651  20.0%   593 9082s
H 3137  1883                     823.5073633  685.52651  16.8%   594 9082s
  3152  1943  685.52651   21 1488  823.50736  685.52651  16.8%   598 9103s
  3211  1939  685.52651   22 1437  823.50736  685.52651  16.8%   592 9667s
H 3215  1850                     823.5073617  685.52651  16.8%   591 9667s
H 3218  1765                     823.5073546  685.52651  16.8%   591 9667s
  3243  1792  685.52651   23 1446  823.50735  685.52651  16.8%   590 9743s
  3261  1800  685.88394   24 1420  823.50735  685.52651  16.8%   592 9745s
  3297  1824  788.14642   25 1679  823.50735  685.52651  16.8%   592 9865s
  3346  1825  790.32638   25 1659  823.50735  687.65068  16.5%   604 9964s
  3373  1856  690.78743   24 1401  823.50735  689.39435  16.3%   617 9965s
  3381  1856  704.60269   25 1662  823.50735  689.56104  16.3%   621 10069s
  3383  1855  691.00915   24 1399  823.50735  689.64245  16.3%   622 10070s
  3413  1904  789.97481   25 1651  823.50735  691.03678  16.1%   633 10110s
  3479  1961  794.69391   27 1666  823.50735  701.71839  14.8%   636 10165s
  3564  2016  737.69253   24 1418  823.50735  704.60269  14.4%   633 10214s
  3658  2122  706.54271   31 1633  823.50735  705.76371  14.3%   629 10256s
  3789  2187  707.51951   31 1630  823.50735  706.12555  14.3%   618 10343s
  3917  2263  708.46079   31 1623  823.50735  706.92024  14.2%   612 10446s
  4051  2313  709.15049   30 1614  823.50735  707.46380  14.1%   603 10548s
  4142  2319 infeasible   31       823.50735  707.94307  14.0%   599 10551s
  4167  2364 infeasible   32       823.50735  708.31278  14.0%   598 10613s
  4281  2462  726.66515   31 1599  823.50735  709.06470  13.9%   594 10720s
  4422  2532  714.80578   31 1588  823.50735  709.55998  13.8%   585 11069s
  4426  2531  711.09938   28 1597  823.50735  709.56027  13.8%   585 11070s
  4593  2651  711.54246   28 1609  823.50735  709.95167  13.8%   583 12230s
  4770  2738  714.63767   34 1625  823.50735  710.35712  13.7%   580 12313s
  4953  2757  742.56771   30 1607  823.50735  710.80383  13.7%   572 12315s
  4960  2852  714.55185   32 1600  823.50735  710.80607  13.7%   572 12423s
  5097  2854  793.00370   27 1603  823.50735  711.16115  13.6%   567 12425s
  5139  2902  746.05699   31 1603  823.50735  711.28265  13.6%   564 12531s
  5245  2926  714.11258   34 1606  823.50735  711.91114  13.6%   563 12535s
  5291  2956  729.08945   29 1598  823.50735  712.14393  13.5%   562 12660s
  5371  3071  718.13718   35 1604  823.50735  712.88690  13.4%   562 13067s
  5573  3167 infeasible   34       823.50735  713.17297  13.4%   561 13332s
  5754  3251  717.43021   32 1605  823.50735  713.89647  13.3%   562 13915s
  5968  3417  715.77113   34 1610  823.50735  714.43236  13.2%   565 14604s
  6000  3418  719.71383   37 1589  823.50735  714.51112  13.2%   563 14605s
  6240  3516  716.35184   40 1566  823.50735  715.10144  13.2%   558 14748s
  6495  3625  719.78732   34 1601  823.50735  715.62386  13.1%   554 15903s
  6684  3914  745.59247   36 1583  823.50735  716.23264  13.0%   555 15956s
  7067  4159  724.63695   38 1592  823.50735  716.77999  13.0%   539 16295s
  7471  4272  725.20968   39 1561  823.50735  717.25869  12.9%   529 16532s
  7696  4321  735.02617   35 1563  823.50735  717.70455  12.8%   527 16979s
H 7749  4289                     823.5073420  717.84179  12.8%   526 16979s
  7860  4575  postponed   36       823.50734  717.87727  12.8%   534 17635s
  8226  5013 infeasible   37       823.50734  717.87727  12.8%   529 17752s
  8765  5505  736.39329   35 1609  823.50734  718.80652  12.7%   514 18013s
  9261  6063  817.69771   34 1626  823.50734  719.18631  12.7%   506 18085s
  9858  6631  730.04163   35 1563  823.50734  719.53599  12.6%   490 18154s
 10009  6692  723.38405   36 1582  823.50734  719.73361  12.6%   486 18155s
 10480  7110  727.03584   38 1571  823.50734  720.01332  12.6%   475 18255s
 10853  7650  721.64348   44 1559  823.50734  720.44842  12.5%   469 18410s
 11501  8253  731.84624   39 1595  823.50734  720.75023  12.5%   456 18518s
 12230  8419  722.85335   35 1610  823.50734  721.02722  12.4%   442 18862s
 12522  8508 infeasible   46       823.50734  721.44954  12.4%   457 19185s
 12811  8630  732.43148   41 1573  823.50734  722.03762  12.3%   466 19899s
 12822  8636  723.93075   30 1617  823.50734  722.19931  12.3%   466 19900s
 12955  8738  761.02417   38 1597  823.50734  722.30175  12.3%   470 19906s
 13102  8850  723.90441   44 1585  823.50734  722.64452  12.2%   475 21476s
 13136  8747  723.76920   37 1574  823.50734  722.96303  12.2%   475 21681s
 13343  8899  727.53653   40 1579  823.50734  723.01042  12.2%   480 21686s
 13441  8857  766.70625   29 1586  823.50734  723.13251  12.2%   485 22043s
 13593  8967  726.13286   30 1603  823.50734  723.41853  12.2%   490 22045s
 13754  8957  734.40219   47 1591  823.50734  723.78567  12.1%   495 22633s
 13959  9107  730.64217   48 1635  823.50734  723.93559  12.1%   499 22635s
 14078  9063  733.30076   32 1571  823.50734  724.16142  12.1%   504 22995s
 14414  9167  725.22264   41 1570  823.50734  724.71200  12.0%   514 23305s
 14795  9333  729.24076   39 1616  823.50734  725.28010  11.9%   522 23551s
 15115  9420  728.73793   48 1560  823.50734  725.78554  11.9%   529 23977s
 15483  9545 infeasible   40       823.50734  726.12000  11.8%   543 24913s
 15894  9741  736.13204   46 1561  823.50734  726.48157  11.8%   555 25861s
 16192  9855  744.20934   36 1588  823.50734  726.93996  11.7%   561 27716s
H16314  9931                     823.5073308  727.08491  11.7%   563 27717s
 16513  9857 infeasible   35       823.50733  727.30552  11.7%   576 28669s
 16580  9905  738.49478   38 1600  823.50733  727.37482  11.7%   577 28670s
 17003 10174  816.54354   27 1597  823.50733  727.78751  11.6%   587 28800s
 17173 10293 infeasible   31       823.50733  728.09021  11.6%   588 28805s

Cutting planes:
  Learned: 1
  Gomory: 32
  Cover: 354
  Implied bound: 88
  Projected implied bound: 65
  Clique: 19
  MIR: 821
  StrongCG: 5
  Flow cover: 5456
  GUB cover: 2
  Zero half: 76
  RLT: 2258
  Relax-and-lift: 369

Explored 17215 nodes (10213667 simplex iterations) in 28814.62 seconds
Thread count was 32 (of 32 available processors)

Solution count 10: 823.507 823.507 823.507 ... 866.537

Time limit reached
Best objective 8.235073285093e+02, best bound 7.281374143886e+02, gap 11.5809%
