
Gurobi 9.1.0 (linux64) logging started Thu Dec 30 23:35:59 2021

Changed value of parameter LogFile to eab_parasitoid_0.8_2_2_bud.log
   Prev:   Default: 
Changed value of parameter MIPGap to 0.01
   Prev: 0.0001  Min: 0.0  Max: inf  Default: 0.0001
Changed value of parameter MIPFocus to 1
   Prev: 0  Min: 0  Max: 3  Default: 0
Changed value of parameter RINS to 100
   Prev: -1  Min: -1  Max: 2000000000  Default: -1
Changed value of parameter TimeLimit to 28800.0
   Prev: inf  Min: 0.0  Max: inf  Default: inf
Changed value of parameter NodeFileStart to 10000.0
   Prev: inf  Min: 0.0  Max: inf  Default: inf
Changed value of parameter Threads to 4
   Prev: 0  Min: 0  Max: 1024  Default: 0
Changed value of parameter Heuristics to 1.0
   Prev: 0.05  Min: 0.0  Max: 1.0  Default: 0.05
Gurobi Optimizer version 9.1.0 build v9.1.0rc0 (linux64)
Thread count: 32 physical cores, 32 logical processors, using up to 4 threads
Optimize a model with 381543 rows, 174513 columns and 1305866 nonzeros
Model fingerprint: 0x11eae0cf
Variable types: 77367 continuous, 97146 integer (97146 binary)
Coefficient statistics:
  Matrix range     [1e-04, 6e+03]
  Objective range  [1e-06, 1e-01]
  Bounds range     [1e+00, 6e+03]
  RHS range        [1e-04, 7e+03]

User MIP start produced solution with objective 624.641 (5.74s)
User MIP start produced solution with objective 624.599 (5.85s)
User MIP start produced solution with objective 624.454 (6.27s)
User MIP start produced solution with objective 623.894 (6.58s)
Loaded user MIP start with objective 623.894
Processed MIP start in 6.60 seconds

Presolve removed 222975 rows and 79577 columns (presolve time = 5s) ...
Presolve removed 257962 rows and 103368 columns
Presolve time: 7.11s
Presolved: 123581 rows, 71145 columns, 633147 nonzeros
Variable types: 32554 continuous, 38591 integer (38591 binary)

Deterministic concurrent LP optimizer: primal and dual simplex (primal and dual model)
Showing first log only...

Presolve removed 98 rows and 85 columns
Presolved: 123483 rows, 71060 columns, 632905 nonzeros


Root simplex log...

Iteration    Objective       Primal Inf.    Dual Inf.      Time
       0    9.2810134e+01   3.017583e+02   1.920387e+09     14s
Concurrent spin time: 0.01s

Solved with dual simplex (primal model)

Root relaxation: objective 8.137687e+01, 5918 iterations, 0.98 seconds

    Nodes    |    Current Node    |     Objective Bounds      |     Work
 Expl Unexpl |  Obj  Depth IntInf | Incumbent    BestBd   Gap | It/Node Time

     0     0   81.37687    0 1152  623.89429   81.37687  87.0%     -   18s
     0     0   82.61732    0 1750  623.89429   82.61732  86.8%     -   24s
H    0     0                     623.8942336   82.61732  86.8%     -   27s
     0     0   82.65153    0 1872  623.89423   82.65153  86.8%     -   29s
     0     0   82.65257    0 1901  623.89423   82.65257  86.8%     -   29s
     0     0   82.65274    0 1916  623.89423   82.65274  86.8%     -   29s
     0     0   82.65274    0 1921  623.89423   82.65274  86.8%     -   29s
     0     0   83.00704    0 2388  623.89423   83.00704  86.7%     -   34s
     0     0   83.02171    0 2463  623.89423   83.02171  86.7%     -   38s
     0     0   83.02214    0 2476  623.89423   83.02214  86.7%     -   39s
     0     0   83.02220    0 2475  623.89423   83.02220  86.7%     -   39s
     0     0   83.92013    0 2117  623.89423   83.92013  86.5%     -   46s
     0     0   83.99169    0 2209  623.89423   83.99169  86.5%     -   49s
     0     0   83.99806    0 2283  623.89423   83.99806  86.5%     -   49s
     0     0   83.99971    0 2281  623.89423   83.99971  86.5%     -   50s
     0     0   83.99972    0 2278  623.89423   83.99972  86.5%     -   50s
     0     0   84.30762    0 2070  623.89423   84.30762  86.5%     -   56s
     0     0   84.33686    0 2113  623.89423   84.33686  86.5%     -   59s
     0     0   84.34409    0 2252  623.89423   84.34409  86.5%     -   60s
     0     0   84.34483    0 2252  623.89423   84.34483  86.5%     -   60s
     0     0   84.34505    0 2281  623.89423   84.34505  86.5%     -   60s
     0     0   84.39629    0 2287  623.89423   84.39629  86.5%     -   64s
H    0     0                     478.7592260   84.39629  82.4%     -  137s
     0     2   84.39629    0 2287  478.75923   84.39629  82.4%     -  142s
     3     8   84.44640    2 2155  478.75923   84.44640  82.4%   967  145s
    15    20   84.90771    5 1983  478.75923   84.44902  82.4%   563  151s
H   23    28                     324.4171428   84.44902  74.0%   466  160s
H   24    28                     303.4332013   84.44902  72.2%   449  160s
    27    29   84.95727    8 1955  303.43320   84.44902  72.2%   447  193s
H   40    39                     273.5559805   84.44902  69.1%   372  200s
H   43    39                     269.1659746   84.44902  68.6%   429  200s
    44    46   85.08475   12 2194  269.16597   84.44902  68.6%   459  242s
    60    59   85.55154   17 1875  269.16597   84.44902  68.6%   487  248s
H   62    59                     269.1659745   84.44902  68.6%   471  248s
    77    87   85.61154   22 1843  269.16597   84.44902  68.6%   421  250s
    96   105   85.63010   27 1708  269.16597   84.44902  68.6%   360  257s
H  110   109                      88.9218328   84.44902  5.03%   348  295s
H  130   105                      88.8118155   84.44902  4.91%   397  307s
H  131   105                      87.9100675   84.44902  3.94%   398  307s
   134   108   86.37948   33 1606   87.91007   84.44902  3.94%   410  310s
H  161   133                      87.9087610   84.44902  3.94%   385  318s
H  162   133                      87.9069859   84.44902  3.93%   383  318s
   165   157   86.45204   42 1561   87.90699   84.44902  3.93%   380  320s
H  192   161                      87.9053432   84.44902  3.93%   354  325s
H  193   161                      87.9049289   84.44902  3.93%   352  325s
H  194   161                      87.9043689   84.44902  3.93%   350  325s
H  195   161                      87.8994878   84.44902  3.93%   348  325s
   216   187   86.48974   57 1503   87.89949   84.44902  3.93%   319  332s
H  218   187                      87.8976524   84.44902  3.92%   316  332s
H  222   190                      87.8976022   84.44902  3.92%   317  337s
H  223   190                      87.8928279   84.44902  3.92%   316  337s
   226   224   86.49337   60 1492   87.89283   84.44902  3.92%   312  340s
H  265   232                      87.8872826   84.44902  3.91%   283  343s
   275   265   86.60199   73 1340   87.88728   84.44902  3.91%   274  347s
   314   227   86.67376   83 1247   87.88728   84.44902  3.91%   250  353s
H  316   227                      87.8871492   84.44902  3.91%   249  353s
H  316   227                      87.8859189   84.44902  3.91%   249  353s
H  318   227                      87.8857857   84.44902  3.91%   248  360s
H  321   227                      87.8552235   84.44902  3.88%   246  360s
H  382   252                      87.8461401   84.44902  3.87%   215  369s
H  385   252                      87.8455655   84.44902  3.87%   214  369s
   386   306   86.77850  101 1217   87.84557   84.44902  3.87%   214  373s
   443   309   86.85613  114 1190   87.84557   84.44902  3.87%   190  377s
H  445   308                      87.8435445   84.44902  3.86%   189  377s
H  447   332                      87.8419782   84.44902  3.86%   188  380s
H  459   332                      87.8417490   84.44902  3.86%   184  380s
H  472   338                      87.8417412   84.44902  3.86%   179  385s
H  475   338                      87.8396205   84.44902  3.86%   178  385s
   478   403   86.95895  128 1154   87.83962   84.44902  3.86%   177  390s
   548   414   87.04245  148 1109   87.83962   84.44902  3.86%   157  395s
H  558   414                      87.8396201   84.44902  3.86%   155  395s
   559   482   87.04246  149 1107   87.83962   84.44902  3.86%   155  400s
H  630   443                      87.1708589   84.44902  3.12%   141  422s
H  631   443                      87.1668115   84.44902  3.12%   140  422s
   634   456 infeasible  167        87.16681   85.24926  2.20%   140  426s
   685   457     cutoff   71        87.16681   85.32419  2.11%   144  439s
H  686   412                      87.0116540   85.32419  1.94%   144  439s
   690   442   85.32959   15 1809   87.01165   85.32419  1.94%   148  457s
H  707   439                      87.0008241   85.32419  1.93%   147  457s
H  725   442                      86.9961674   85.32419  1.92%   147  473s
H  726   442                      86.9958004   85.32419  1.92%   147  473s
H  727   442                      86.9915476   85.32419  1.92%   147  473s
   729   509   85.92588   23 1874   86.99155   85.32419  1.92%   148  479s
   804   521   85.97566   28 1765   86.99155   85.32419  1.92%   139  485s
H  805   521                      86.9908635   85.32419  1.92%   138  485s
H  807   521                      86.9908228   85.32419  1.92%   138  485s
H  811   521                      86.9907621   85.32419  1.92%   137  485s
H  816   521                      86.9903795   85.32419  1.92%   137  485s
   817   559   85.98055   32 1666   86.99038   85.32419  1.92%   137  495s
   857   591   86.00029   41 1640   86.99038   85.32419  1.92%   132  504s
   889   652   86.01991   49 1616   86.99038   85.32419  1.92%   128  509s
H  922   652                      86.9903790   85.32419  1.92%   124  509s
   953   687   86.11360   63 1487   86.99038   85.32419  1.92%   124  517s
   993   739   86.12101   75 1394   86.99038   85.32419  1.92%   120  551s
  1059   740   86.39217  101 2287   86.99038   85.32419  1.92%   114  564s
  1061   741   86.44276   63 1120   86.99038   85.32419  1.92%   114  591s
  1062   742   86.01171   43 1813   86.99038   85.73480  1.44%   113  599s
  1063   743   86.56423  100 1861   86.99038   85.98135  1.16%   113  603s
  1064   743   86.72632   76 1861   86.99038   86.04413  1.09%   113  605s
  1067   745   86.69248  131 1797   86.99038   86.12025  1.00%   113  613s

Cutting planes:
  Learned: 35
  Gomory: 11
  Cover: 138
  Implied bound: 347
  Clique: 115
  MIR: 396
  StrongCG: 2
  Flow cover: 830
  GUB cover: 1
  Zero half: 2
  RLT: 755
  Relax-and-lift: 212

Explored 1067 nodes (173421 simplex iterations) in 614.77 seconds
Thread count was 4 (of 32 available processors)

Solution count 10: 86.9904 86.9908 86.9908 ... 87.1668

Optimal solution found (tolerance 1.00e-02)
Best objective 8.699037902967e+01, best bound 8.612815019052e+01, gap 0.9912%

Gurobi 9.1.0 (linux64) logging started Wed Jan  5 06:51:37 2022

Changed value of parameter LogFile to eab_parasitoid_0.8_2_2_bud.log
   Prev:   Default: 
Changed value of parameter MIPGap to 0.01
   Prev: 0.0001  Min: 0.0  Max: inf  Default: 0.0001
Changed value of parameter MIPFocus to 1
   Prev: 0  Min: 0  Max: 3  Default: 0
Changed value of parameter RINS to 100
   Prev: -1  Min: -1  Max: 2000000000  Default: -1
Changed value of parameter TimeLimit to 28800.0
   Prev: inf  Min: 0.0  Max: inf  Default: inf
Changed value of parameter NodeFileStart to 10000.0
   Prev: inf  Min: 0.0  Max: inf  Default: inf
Changed value of parameter Threads to 4
   Prev: 0  Min: 0  Max: 1024  Default: 0
Changed value of parameter Heuristics to 1.0
   Prev: 0.05  Min: 0.0  Max: 1.0  Default: 0.05
Gurobi Optimizer version 9.1.0 build v9.1.0rc0 (linux64)
Thread count: 32 physical cores, 32 logical processors, using up to 4 threads
Optimize a model with 381543 rows, 174513 columns and 1305866 nonzeros
Model fingerprint: 0x11eae0cf
Variable types: 77367 continuous, 97146 integer (97146 binary)
Coefficient statistics:
  Matrix range     [1e-04, 6e+03]
  Objective range  [1e-06, 1e-01]
  Bounds range     [1e+00, 6e+03]
  RHS range        [1e-04, 7e+03]

User MIP start produced solution with objective 624.641 (5.81s)
User MIP start produced solution with objective 624.599 (5.92s)
User MIP start produced solution with objective 624.454 (6.37s)
User MIP start produced solution with objective 623.894 (6.71s)
Loaded user MIP start with objective 623.894
Processed MIP start in 6.74 seconds

Presolve removed 245057 rows and 90613 columns (presolve time = 5s) ...
Presolve removed 257962 rows and 103368 columns
Presolve time: 6.44s
Presolved: 123581 rows, 71145 columns, 633147 nonzeros
Variable types: 32554 continuous, 38591 integer (38591 binary)

Deterministic concurrent LP optimizer: primal and dual simplex (primal and dual model)
Showing first log only...

Presolve removed 98 rows and 85 columns
Presolved: 123483 rows, 71060 columns, 632905 nonzeros


Root simplex log...

Iteration    Objective       Primal Inf.    Dual Inf.      Time
       0    9.2810134e+01   3.017583e+02   1.920387e+09     14s
Concurrent spin time: 0.01s

Solved with dual simplex (primal model)

Root relaxation: objective 8.137687e+01, 5918 iterations, 0.76 seconds

    Nodes    |    Current Node    |     Objective Bounds      |     Work
 Expl Unexpl |  Obj  Depth IntInf | Incumbent    BestBd   Gap | It/Node Time

     0     0   81.37687    0 1152  623.89429   81.37687  87.0%     -   18s
     0     0   82.61732    0 1750  623.89429   82.61732  86.8%     -   25s
H    0     0                     623.8942336   82.61732  86.8%     -   28s
     0     0   82.65153    0 1872  623.89423   82.65153  86.8%     -   29s
     0     0   82.65257    0 1901  623.89423   82.65257  86.8%     -   29s
     0     0   82.65274    0 1916  623.89423   82.65274  86.8%     -   29s
     0     0   82.65274    0 1921  623.89423   82.65274  86.8%     -   30s
     0     0   83.00704    0 2388  623.89423   83.00704  86.7%     -   35s
     0     0   83.02171    0 2463  623.89423   83.02171  86.7%     -   39s
     0     0   83.02214    0 2476  623.89423   83.02214  86.7%     -   39s
     0     0   83.02220    0 2475  623.89423   83.02220  86.7%     -   40s
     0     0   83.92013    0 2117  623.89423   83.92013  86.5%     -   46s
     0     0   83.99169    0 2209  623.89423   83.99169  86.5%     -   49s
     0     0   83.99806    0 2283  623.89423   83.99806  86.5%     -   50s
     0     0   83.99971    0 2281  623.89423   83.99971  86.5%     -   50s
     0     0   83.99972    0 2278  623.89423   83.99972  86.5%     -   51s
     0     0   84.30762    0 2070  623.89423   84.30762  86.5%     -   56s
     0     0   84.33686    0 2113  623.89423   84.33686  86.5%     -   60s
     0     0   84.34409    0 2252  623.89423   84.34409  86.5%     -   60s
     0     0   84.34483    0 2252  623.89423   84.34483  86.5%     -   61s
     0     0   84.34505    0 2281  623.89423   84.34505  86.5%     -   61s
     0     0   84.39629    0 2287  623.89423   84.39629  86.5%     -   65s
H    0     0                     478.7592260   84.39629  82.4%     -  142s
     0     2   84.39629    0 2287  478.75923   84.39629  82.4%     -  147s
     3     8   84.44640    2 2155  478.75923   84.44640  82.4%   967  150s
    15    20   84.90771    5 1983  478.75923   84.44902  82.4%   563  156s
H   23    28                     324.4171428   84.44902  74.0%   466  165s
H   24    28                     303.4332013   84.44902  72.2%   449  165s
    27    29   84.95727    8 1955  303.43320   84.44902  72.2%   447  200s
H   40    39                     273.5559805   84.44902  69.1%   372  208s
H   43    39                     269.1659746   84.44902  68.6%   429  208s
    44    46   85.08475   12 2194  269.16597   84.44902  68.6%   459  250s
    60    59   85.55154   17 1875  269.16597   84.44902  68.6%   487  256s
H   62    59                     269.1659745   84.44902  68.6%   471  256s
    92    91   85.62867   26 1709  269.16597   84.44902  68.6%   373  263s
    96   105   85.63010   27 1708  269.16597   84.44902  68.6%   360  266s
H  110   109                      88.9218328   84.44902  5.03%   348  302s
H  130   105                      88.8118155   84.44902  4.91%   397  313s
H  131   105                      87.9100675   84.44902  3.94%   398  313s
   134   108   86.37948   33 1606   87.91007   84.44902  3.94%   410  317s
H  161   133                      87.9087610   84.44902  3.94%   385  324s
H  162   133                      87.9069859   84.44902  3.93%   383  324s
   165   157   86.45204   42 1561   87.90699   84.44902  3.93%   380  326s
H  192   161                      87.9053432   84.44902  3.93%   354  331s
H  193   161                      87.9049289   84.44902  3.93%   352  331s
H  194   161                      87.9043689   84.44902  3.93%   350  331s
H  195   161                      87.8994878   84.44902  3.93%   348  331s
   196   181   86.46875   52 1520   87.89949   84.44902  3.93%   347  335s
H  218   187                      87.8976524   84.44902  3.92%   316  339s
H  222   190                      87.8976022   84.44902  3.92%   317  344s
H  223   190                      87.8928279   84.44902  3.92%   316  344s
   226   224   86.49337   60 1492   87.89283   84.44902  3.92%   312  346s
H  265   232                      87.8872826   84.44902  3.91%   283  350s
   314   227   86.67376   83 1247   87.88728   84.44902  3.91%   250  359s
H  316   227                      87.8871492   84.44902  3.91%   249  359s
H  316   227                      87.8859189   84.44902  3.91%   249  359s
H  318   227                      87.8857857   84.44902  3.91%   248  366s
H  321   227                      87.8552235   84.44902  3.88%   246  366s
H  382   252                      87.8461401   84.44902  3.87%   215  375s
H  385   252                      87.8455655   84.44902  3.87%   214  375s
   443   309   86.85613  114 1190   87.84557   84.44902  3.87%   190  383s
H  445   308                      87.8435445   84.44902  3.86%   189  383s
H  447   332                      87.8419782   84.44902  3.86%   188  386s
H  459   332                      87.8417490   84.44902  3.86%   184  386s
H  472   338                      87.8417412   84.44902  3.86%   179  391s
H  475   338                      87.8396205   84.44902  3.86%   178  391s
   478   403   86.95895  128 1154   87.83962   84.44902  3.86%   177  397s
   548   414   87.04245  148 1109   87.83962   84.44902  3.86%   157  402s
H  558   414                      87.8396201   84.44902  3.86%   155  402s
   559   482   87.04246  149 1107   87.83962   84.44902  3.86%   155  407s
H  630   443                      87.1708589   84.44902  3.12%   141  430s
H  631   443                      87.1668115   84.44902  3.12%   140  430s
   634   456 infeasible  167        87.16681   85.24926  2.20%   140  435s
   685   457     cutoff   71        87.16681   85.32419  2.11%   144  447s
H  686   412                      87.0116540   85.32419  1.94%   144  447s
   690   442   85.32959   15 1809   87.01165   85.32419  1.94%   148  465s
H  707   439                      87.0008241   85.32419  1.93%   147  465s
H  725   442                      86.9961674   85.32419  1.92%   147  482s
H  726   442                      86.9958004   85.32419  1.92%   147  482s
H  727   442                      86.9915476   85.32419  1.92%   147  482s
   729   509   85.92588   23 1874   86.99155   85.32419  1.92%   148  488s
   804   521   85.97566   28 1765   86.99155   85.32419  1.92%   139  495s
H  805   521                      86.9908635   85.32419  1.92%   138  495s
H  807   521                      86.9908228   85.32419  1.92%   138  495s
H  811   521                      86.9907621   85.32419  1.92%   137  495s
H  816   521                      86.9903795   85.32419  1.92%   137  495s
   817   559   85.98055   32 1666   86.99038   85.32419  1.92%   137  504s
   857   591   86.00029   41 1640   86.99038   85.32419  1.92%   132  514s
   889   652   86.01991   49 1616   86.99038   85.32419  1.92%   128  519s
H  922   652                      86.9903790   85.32419  1.92%   124  519s
   953   687   86.11360   63 1487   86.99038   85.32419  1.92%   124  526s
   993   739   86.12101   75 1394   86.99038   85.32419  1.92%   120  561s
  1059   740   86.39217  101 2287   86.99038   85.32419  1.92%   114  576s
  1061   741   86.44276   63 1120   86.99038   85.32419  1.92%   114  606s
  1062   742   86.01171   43 1813   86.99038   85.73480  1.44%   113  614s
  1063   743   86.56423  100 1861   86.99038   85.98135  1.16%   113  619s
  1064   743   86.72632   76 1861   86.99038   86.04413  1.09%   113  621s
  1067   745   86.69248  131 1797   86.99038   86.12025  1.00%   113  628s

Cutting planes:
  Learned: 35
  Gomory: 11
  Cover: 138
  Implied bound: 347
  Clique: 115
  MIR: 396
  StrongCG: 2
  Flow cover: 830
  GUB cover: 1
  Zero half: 2
  RLT: 755
  Relax-and-lift: 212

Explored 1067 nodes (173421 simplex iterations) in 630.27 seconds
Thread count was 4 (of 32 available processors)

Solution count 10: 86.9904 86.9908 86.9908 ... 87.1668

Optimal solution found (tolerance 1.00e-02)
Best objective 8.699037902967e+01, best bound 8.612815019052e+01, gap 0.9912%
