
Gurobi 9.1.0 (linux64) logging started Wed Aug  4 15:22:15 2021

Changed value of parameter LogFile to eab_parasitoid_nothresh_0_0.log
   Prev:   Default: 
Changed value of parameter MIPGap to 0.01
   Prev: 0.0001  Min: 0.0  Max: inf  Default: 0.0001
Changed value of parameter Method to 2
   Prev: -1  Min: -1  Max: 5  Default: -1
Changed value of parameter MIPFocus to 2
   Prev: 0  Min: 0  Max: 3  Default: 0
Changed value of parameter RINS to 100
   Prev: -1  Min: -1  Max: 2000000000  Default: -1
Gurobi Optimizer version 9.1.0 build v9.1.0rc0 (linux64)
Thread count: 32 physical cores, 32 logical processors, using up to 32 threads
Optimize a model with 203323 rows, 134930 columns and 684966 nonzeros
Model fingerprint: 0x4a1bc49a
Variable types: 55774 continuous, 79156 integer (79156 binary)
Coefficient statistics:
  Matrix range     [2e-04, 1e+06]
  Objective range  [1e-06, 1e-01]
  Bounds range     [1e+00, 6e+03]
  RHS range        [1e-04, 1e+06]
Presolve removed 174937 rows and 110807 columns (presolve time = 5s) ...
Presolve removed 190463 rows and 124724 columns (presolve time = 10s) ...
Presolve removed 191930 rows and 125319 columns (presolve time = 15s) ...
Presolve removed 193403 rows and 126857 columns (presolve time = 20s) ...
Presolve removed 193598 rows and 126997 columns (presolve time = 25s) ...
Presolve removed 193705 rows and 127069 columns
Presolve time: 28.73s
Presolved: 9618 rows, 7861 columns, 131218 nonzeros
Variable types: 3388 continuous, 4473 integer (4473 binary)
Presolve removed 11 rows and 11 columns
Presolved: 9607 rows, 7850 columns, 131189 nonzeros

Root barrier log...

Ordering time: 0.61s

Barrier statistics:
 Dense cols : 148
 AA' NZ     : 5.681e+05
 Factor NZ  : 2.725e+06 (roughly 30 MBytes of memory)
 Factor Ops : 2.284e+09 (less than 1 second per iteration)
 Threads    : 31

                  Objective                Residual
Iter       Primal          Dual         Primal    Dual     Compl     Time
   0   2.36988656e+03 -9.68151244e+03  2.61e+04 1.31e-01  4.29e+01    32s
   1   1.96302649e+03 -1.11970317e+04  1.97e+04 2.66e-01  3.13e+01    32s
   2   8.72139143e+02 -1.11148896e+04  1.80e+03 1.13e-14  3.36e+00    32s
   3   7.23447536e+02 -5.56175721e+03  1.77e+02 2.79e-13  4.79e-01    32s
   4   6.67397925e+02 -1.19975450e+03  3.66e+01 5.55e-15  9.86e-02    33s
   5   6.43813017e+02 -1.85453682e+02  8.98e+00 1.56e-15  3.70e-02    33s
   6   6.35538157e+02  3.03340831e+02  2.20e+00 1.33e-15  1.39e-02    33s
   7   6.29503491e+02  5.24754551e+02  1.72e-01 1.13e-15  4.25e-03    33s
   8   6.26043483e+02  5.80246946e+02  8.88e-04 5.65e-16  1.84e-03    33s
   9   6.24489103e+02  6.07078116e+02  3.48e-04 4.63e-16  6.98e-04    33s
  10   6.23845843e+02  6.15762674e+02  2.31e-04 1.67e-16  3.24e-04    34s
  11   6.23220382e+02  6.17980586e+02  1.47e-04 1.58e-16  2.10e-04    34s
  12   6.23041795e+02  6.19045372e+02  1.24e-04 1.11e-16  1.60e-04    34s
  13   6.22485606e+02  6.20593398e+02  5.68e-05 1.67e-16  7.58e-05    34s
  14   6.22292770e+02  6.21386362e+02  3.71e-05 1.11e-16  3.63e-05    34s
  15   6.22183566e+02  6.21572652e+02  2.57e-05 1.11e-16  2.45e-05    34s
  16   6.22123811e+02  6.21677653e+02  1.90e-05 1.59e-16  1.79e-05    34s
  17   6.22029345e+02  6.21747829e+02  8.17e-06 1.11e-16  1.13e-05    35s
  18   6.22000351e+02  6.21844549e+02  4.97e-06 2.22e-16  6.24e-06    35s
  19   6.21983550e+02  6.21889786e+02  3.15e-06 1.11e-16  3.75e-06    35s
  20   6.21962942e+02  6.21918981e+02  9.54e-07 1.11e-16  1.76e-06    35s
  21   6.21958979e+02  6.21942287e+02  5.74e-07 1.11e-16  6.68e-07    35s
  22   6.21956746e+02  6.21947429e+02  3.37e-07 1.11e-16  3.73e-07    35s
  23   6.21955393e+02  6.21949692e+02  1.97e-07 2.22e-16  2.28e-07    35s
  24   6.21953957e+02  6.21952152e+02  5.77e-08 1.11e-16  7.23e-08    36s
  25   6.21953566e+02  6.21952915e+02  1.79e-08 1.11e-16  2.61e-08    36s
  26   6.21953433e+02  6.21953128e+02  5.03e-09 8.33e-17  1.22e-08    36s
  27   6.21953384e+02  6.21953313e+02  3.85e-10 1.11e-16  2.84e-09    36s
  28   6.21953381e+02  6.21953347e+02  2.06e-10 1.11e-16  1.37e-09    36s
  29   6.21953379e+02  6.21953370e+02  3.57e-11 1.11e-16  3.51e-10    36s
  30   6.21953378e+02  6.21953376e+02  1.24e-11 1.08e-15  9.72e-11    37s

Barrier solved model in 30 iterations and 36.52 seconds
Optimal objective 6.21953378e+02


Root crossover log...

     664 DPushes remaining with DInf 0.0000000e+00                37s
       0 DPushes remaining with DInf 0.0000000e+00                37s

    3995 PPushes remaining with PInf 2.5913973e-06                37s
       0 PPushes remaining with PInf 0.0000000e+00                37s

  Push phase complete: Pinf 0.0000000e+00, Dinf 3.7642640e-03     37s


Root simplex log...

Iteration    Objective       Primal Inf.    Dual Inf.      Time
    4459    6.2195338e+02   0.000000e+00   3.764264e-03     37s
    4464    6.2195338e+02   0.000000e+00   0.000000e+00     37s
    4464    6.2195338e+02   0.000000e+00   0.000000e+00     37s

Root relaxation: objective 6.219534e+02, 4464 iterations, 7.29 seconds

    Nodes    |    Current Node    |     Objective Bounds      |     Work
 Expl Unexpl |  Obj  Depth IntInf | Incumbent    BestBd   Gap | It/Node Time

     0     0  621.95349    0 1994          -  621.95349      -     -   38s
     0     0  695.48863    0 2259          -  695.48863      -     -   54s
     0     0  696.17242    0 2467          -  696.17242      -     -   78s
     0     0  696.23495    0 2499          -  696.23495      -     -   85s
     0     0  696.23706    0 2497          -  696.23706      -     -   87s
     0     0  701.79668    0 2379          -  701.79668      -     -  113s
     0     0  702.07963    0 2386          -  702.07963      -     -  134s
     0     0  702.18659    0 2297          -  702.18659      -     -  147s
     0     0  702.21396    0 2290          -  702.21396      -     -  150s
     0     0  706.68329    0 2223          -  706.68329      -     -  192s
     0     0  706.88429    0 2180          -  706.88429      -     -  212s
     0     0  706.90394    0 2167          -  706.90394      -     -  221s
     0     0  713.88058    0 2127          -  713.88058      -     -  259s
     0     0  713.92976    0 2088          -  713.92976      -     -  284s
     0     0  714.05510    0 2065          -  714.05510      -     -  354s
H    0     0                    1010.0634658  714.05510  29.3%     -  357s
     0     0  714.05510    0 2065 1010.06347  714.05510  29.3%     -  360s
H    0     0                     734.0999616  714.05510  2.73%     -  421s
H    0     0                     733.9289800  714.05510  2.71%     -  618s
     0     2  714.05510    0 2065  733.92898  714.05510  2.71%     -  627s
     1     4  720.69688    1 2077  733.92898  714.05510  2.71%  2600  667s
     3     8  725.70395    2 2087  733.92898  714.93446  2.59%  2045  704s
     7    16  728.30654    3 1909  733.92898  716.52600  2.37%  2688  730s
    15    28     cutoff    4       733.92898  716.89655  2.32%  2650  747s
    31    50  719.47100    5 1814  733.92898  717.80565  2.20%  3069  770s
    59    76  719.80040    6 1822  733.92898  719.47100  1.97%  2561  796s
    91   102  720.28846    7 1815  733.92898  719.80099  1.92%  2156  829s
   123   130  720.58612    8 1790  733.92898  719.80099  1.92%  1817  846s
H  155   156                     733.4290900  719.80099  1.86%  1586  878s
H  173   156                     733.3885739  719.80099  1.85%  1492  878s
   187   178  721.66513   10 1772  733.38857  719.80099  1.85%  1426  882s
   229   213  722.24172   11 1779  733.38857  719.80099  1.85%  1251  889s
   274   257  722.32730   12 1774  733.38857  719.80099  1.85%  1104  896s
   324   287  722.68922   13 1735  733.38857  719.80099  1.85%   999  905s
   413   391  724.75523   16 1711  733.38857  719.80099  1.85%   865  915s
H  418   391                     732.7418251  719.80099  1.77%   855  915s
   543   493  725.09384   18 1721  732.74183  719.80099  1.77%   710  923s
H  548   493                     732.4911404  719.80099  1.73%   705  923s
H  579   493                     731.8888458  719.80099  1.65%   677  923s
   617   538  725.40877   20 1725  731.88885  719.80099  1.65%   651  935s
   697   594  725.73677   21 1716  731.88885  719.80099  1.65%   610 1025s
H  716   594                     730.1971632  719.80099  1.42%   602 1025s
   767   637  726.14275   23 1717  730.19716  719.80099  1.42%   584 1081s
   876   688  726.57752   28 1713  730.19716  719.80099  1.42%   549 1126s
   961   793  727.63937   31 1683  730.19716  719.80099  1.42%   526 1165s
  1090   913  727.79263   35 1657  730.19716  719.80099  1.42%   486 1213s
  1229  1042  728.41227   41 1672  730.19716  719.80099  1.42%   451 1245s
  1395  1175  728.42923   49 1660  730.19716  719.80099  1.42%   416 1586s
H 1400  1175                     730.1440801  719.80099  1.42%   415 1586s
H 1419  1175                     730.1345435  719.80099  1.42%   412 1586s
H 1426  1175                     729.8460252  719.80099  1.38%   410 1586s
H 1476  1175                     729.8413564  719.80099  1.38%   400 1586s
  1551  1340  728.46688   55 1635  729.84136  719.80099  1.38%   388 1663s
  1767  1591  728.54274   65 1653  729.84136  719.80099  1.38%   360 1704s
  2045  1897  728.86848   77 1610  729.84136  719.80099  1.38%   324 1745s
  2379  1978  729.05953   90 1604  729.84136  719.80099  1.38%   287 1789s
  2631  2154  729.36838   97 1570  729.84136  719.80099  1.38%   273 1848s
H 2932  2154                     729.8413486  719.80099  1.38%   254 2683s
  2933  2155  725.62202   15 2065  729.84135  719.80099  1.38%   254 2709s
H 2934  2048                     729.8413327  719.80099  1.38%   254 2721s
  2936  2049  725.23967   25 2379  729.84133  719.80099  1.38%   254 2744s
  2937  2050  726.21182   35 2136  729.84133  719.80099  1.38%   254 2748s
  2938  2050  729.49817   53 2111  729.84133  719.80099  1.38%   253 2758s
  2939  2051  727.18872   53 1992  729.84133  719.80099  1.38%   253 2770s
  2940  2052  728.18479   73 1879  729.84133  719.80099  1.38%   253 2780s
  2941  2052  728.05198   34 1830  729.84133  719.80099  1.38%   253 2808s
  2942  2053  729.12310   52 1853  729.84133  719.80099  1.38%   253 2824s
  2943  2054  728.52283   39 1858  729.84133  719.80099  1.38%   253 2837s
  2944  2054  727.90175   93 1860  729.84133  719.80099  1.38%   253 2849s
