
Gurobi 9.1.0 (linux64) logging started Wed Dec 29 21:03:43 2021

Changed value of parameter LogFile to eab_parasitoid_0.6_0_1_bud.log
   Prev:   Default: 
Changed value of parameter MIPGap to 0.01
   Prev: 0.0001  Min: 0.0  Max: inf  Default: 0.0001
Changed value of parameter MIPFocus to 1
   Prev: 0  Min: 0  Max: 3  Default: 0
Changed value of parameter RINS to 100
   Prev: -1  Min: -1  Max: 2000000000  Default: -1
Changed value of parameter TimeLimit to 28800.0
   Prev: inf  Min: 0.0  Max: inf  Default: inf
Changed value of parameter NodeFileStart to 10000.0
   Prev: inf  Min: 0.0  Max: inf  Default: inf
Changed value of parameter Threads to 4
   Prev: 0  Min: 0  Max: 1024  Default: 0
Changed value of parameter Heuristics to 1.0
   Prev: 0.05  Min: 0.0  Max: 1.0  Default: 0.05
Gurobi Optimizer version 9.1.0 build v9.1.0rc0 (linux64)
Thread count: 32 physical cores, 32 logical processors, using up to 4 threads
Optimize a model with 381543 rows, 174513 columns and 1305866 nonzeros
Model fingerprint: 0x0442288d
Variable types: 77367 continuous, 97146 integer (97146 binary)
Coefficient statistics:
  Matrix range     [2e-04, 6e+03]
  Objective range  [1e-06, 1e-01]
  Bounds range     [1e+00, 6e+03]
  RHS range        [1e-04, 7e+03]

User MIP start produced solution with objective 1076.28 (7.54s)
Loaded user MIP start with objective 1076.28
Processed MIP start in 7.87 seconds

Presolve removed 214167 rows and 80748 columns (presolve time = 5s) ...
Presolve removed 261564 rows and 105090 columns
Presolve time: 8.19s
Presolved: 119979 rows, 69423 columns, 621869 nonzeros
Variable types: 31824 continuous, 37599 integer (37599 binary)

Deterministic concurrent LP optimizer: primal and dual simplex (primal and dual model)
Showing first log only...

Presolve removed 308 rows and 236 columns
Presolved: 119671 rows, 69187 columns, 621196 nonzeros


Root simplex log...

Iteration    Objective       Primal Inf.    Dual Inf.      Time
       0    2.7199756e+02   3.431590e+02   2.472700e+09     17s
Concurrent spin time: 0.06s

Solved with dual simplex (primal model)

Root relaxation: objective 2.622309e+02, 5630 iterations, 0.87 seconds

    Nodes    |    Current Node    |     Objective Bounds      |     Work
 Expl Unexpl |  Obj  Depth IntInf | Incumbent    BestBd   Gap | It/Node Time

     0     0  262.26076    0 1379 1076.28338  262.26076  75.6%     -   24s
     0     0  270.03570    0 2199 1076.28338  270.03570  74.9%     -   31s
     0     0  271.57840    0 2092 1076.28338  271.57840  74.8%     -   33s
     0     0  271.76532    0 2128 1076.28338  271.76532  74.7%     -   33s
     0     0  271.76851    0 2128 1076.28338  271.76851  74.7%     -   33s
     0     0  271.76851    0 2128 1076.28338  271.76851  74.7%     -   33s
     0     0  277.17661    0 2072 1076.28338  277.17661  74.2%     -   38s
H    0     0                    1076.2805542  277.17661  74.2%     -   42s
     0     0  278.05642    0 1986 1076.28055  278.05642  74.2%     -   43s
     0     0  278.21272    0 2022 1076.28055  278.21272  74.2%     -   44s
     0     0  278.23779    0 2023 1076.28055  278.23779  74.1%     -   44s
     0     0  278.23840    0 2029 1076.28055  278.23840  74.1%     -   44s
     0     0  299.52442    0 2288 1076.28055  299.52442  72.2%     -   51s
     0     0  299.52442    0 1725 1076.28055  299.52442  72.2%     -   62s
     0     0  299.52442    0 2323 1076.28055  299.52442  72.2%     -   70s
     0     0  306.51532    0 2244 1076.28055  306.51532  71.5%     -   76s
     0     0  307.33436    0 2390 1076.28055  307.33436  71.4%     -   78s
     0     0  307.38320    0 2413 1076.28055  307.38320  71.4%     -   78s
     0     0  307.40913    0 2405 1076.28055  307.40913  71.4%     -   79s
     0     0  307.40919    0 2396 1076.28055  307.40919  71.4%     -   79s
     0     0  313.69296    0 2294 1076.28055  313.69296  70.9%     -   84s
     0     0  313.80999    0 2282 1076.28055  313.80999  70.8%     -   90s
     0     0  313.81999    0 2293 1076.28055  313.81999  70.8%     -   90s
     0     0  313.85829    0 2299 1076.28055  313.85829  70.8%     -   91s
     0     0  313.85895    0 2297 1076.28055  313.85895  70.8%     -   91s
     0     0  323.48523    0 2304 1076.28055  323.48523  69.9%     -   99s
     0     0  325.10719    0 2224 1076.28055  325.10719  69.8%     -  105s
     0     0  325.71410    0 2253 1076.28055  325.71410  69.7%     -  106s
     0     0  325.78679    0 2218 1076.28055  325.78679  69.7%     -  107s
     0     0  325.88733    0 2231 1076.28055  325.88733  69.7%     -  108s
     0     0  325.89179    0 2219 1076.28055  325.89179  69.7%     -  109s
     0     0  326.92110    0 2150 1076.28055  326.92110  69.6%     -  116s
     0     0  327.14096    0 2181 1076.28055  327.14096  69.6%     -  120s
     0     0  327.16026    0 2196 1076.28055  327.16026  69.6%     -  120s
     0     0  327.16312    0 2190 1076.28055  327.16312  69.6%     -  121s
     0     0  328.61236    0 2164 1076.28055  328.61236  69.5%     -  133s
H    0     0                     983.5148361  328.61236  66.6%     -  142s
H    0     0                     905.6903313  328.61236  63.7%     -  273s
H    0     2                     904.2136818  328.61236  63.7%     -  281s
     0     2  328.61236    0 2076  904.21368  328.61236  63.7%     -  281s
     3     8  334.72361    2 2272  904.21368  330.95674  63.4%  1436  288s
     7    12  340.88496    3 2364  904.21368  334.72361  63.0%  1878  294s
    11    16  344.86797    3 2353  904.21368  341.10635  62.3%  1692  300s
    15    20  341.47940    4 2357  904.21368  341.47940  62.2%  1630  306s
    23    28  347.73492    6 2348  904.21368  343.93640  62.0%  1357  317s
H   24    28                     904.2136610  343.93640  62.0%  1300  317s
    27    32  348.02040    7 2347  904.21366  343.93640  62.0%  1261  387s
H   28    32                     903.7542800  343.93640  61.9%  1216  387s
H   29    32                     858.4010463  343.93640  59.9%  1180  387s
H   38    43                     846.5743253  343.93640  59.4%  1014  622s
H   40    43                     836.7568333  343.93640  58.9%   975  622s
    42    54  351.22444   11 2326  836.75683  343.93640  58.9%   969  625s
    53    58  355.13331   14 2398  836.75683  343.93640  58.9%   830  636s
H   54    58                     835.5047698  343.93640  58.8%   815  636s
    57    62  355.37871   15 2405  835.50477  343.93640  58.8%   800  642s
H   60    62                     834.7021834  343.93640  58.8%   779  642s
    61    76  355.50783   16 2392  834.70218  343.93640  58.8%   796  646s
    75    87  367.09892   19 2388  834.70218  343.93640  58.8%   724  662s
    88   101  396.91397   22 2383  834.70218  343.93640  58.8%   651  665s
H  104   105                     824.3958589  343.93640  58.3%   570  680s
   124   138  411.48684   32 2417  824.39586  343.93640  58.3%   525  687s
H  126   138                     824.3916369  343.93640  58.3%   518  687s
   161   184  438.90004   45 2419  824.39164  343.93640  58.3%   461  692s
H  170   184                     824.3788233  343.93640  58.3%   444  692s
   189   208  439.86671   51 2399  824.37882  343.93640  58.3%   408  775s
H  213   212                     824.3783304  343.93640  58.3%   372  787s
H  214   212                     824.3635346  343.93640  58.3%   371  787s
H  216   212                     824.3635102  343.93640  58.3%   368  787s
   217   216  443.34271   56 2384  824.36351  343.93640  58.3%   368  794s
H  218   216                     824.3557728  343.93640  58.3%   366  794s
   221   256  445.03804   57 2386  824.35577  343.93640  58.3%   367  797s
H  261   260                     788.0270806  343.93640  56.4%   331  808s
H  263   260                     784.6575179  343.93640  56.2%   328  808s
   265   300  461.88346   65 2371  784.65752  343.93640  56.2%   326  812s
H  305   304                     783.0861047  343.93640  56.1%   299  820s
H  308   304                     762.8613337  343.93640  54.9%   299  820s
   309   335  476.77486   79 2332  762.86133  343.93640  54.9%   298  827s
H  324   335                     762.8603348  343.93640  54.9%   291  827s
H  333   335                     762.8523937  343.93640  54.9%   283  827s
H  340   339                     758.0000265  343.93640  54.6%   282 1024s
H  341   339                     745.0555558  343.93640  53.8%   281 1024s
   344   381  501.40497   83 2297  745.05556  343.93640  53.8%   280 1028s
H  388   385                     745.0545976  343.93640  53.8%   265 1048s
H  391   385                     745.0237114  343.93640  53.8%   263 1048s
   392   408  503.92702  101 2269  745.02371  343.93640  53.8%   263 1056s
H  415   412                     745.0078335  343.93640  53.8%   251 1106s
   419   426  504.00845  108 2260  745.00783  343.93640  53.8%   251 1117s
H  424   426                     744.9801320  343.93640  53.8%   248 1117s
   433   434  504.40366  112 2259  744.98013  343.93640  53.8%   244 1126s
   441   481  505.57248  114 2258  744.98013  343.93640  53.8%   240 1137s
H  452   481                     744.2468415  343.93640  53.8%   235 1137s
   490   489  538.51051  123 2245  744.24684  343.93640  53.8%   223 1211s
H  492   489                     742.0483954  343.93640  53.7%   222 1211s
H  498   489                     694.2371123  343.93640  50.5%   220 1211s
   504   497  538.51943  126 2239  694.23711  343.93640  50.5%   219 1270s
   512   555  538.56843  128 2242  694.23711  343.93640  50.5%   216 1281s
H  515   555                     693.6829650  343.93640  50.4%   215 1281s
   574   603  540.01531  144 2217  693.68297  343.93640  50.4%   196 1290s
H  591   603                     693.6827712  343.93640  50.4%   191 1290s
H  624   697                     693.6822928  343.93640  50.4%   183 1298s
H  675   697                     693.6818093  343.93640  50.4%   171 1298s
H  694   697                     693.6617891  343.93640  50.4%   167 1298s
   718   739  542.31983  183 2183  693.66179  343.93640  50.4%   163 1306s
H  745   739                     693.1672044  343.93640  50.4%   158 1306s
   760   831  542.21952  203 2165  693.16720  343.93640  50.4%   156 1330s
H  782   831                     691.5249704  343.93640  50.3%   152 1330s
H  805   831                     690.5291642  343.93640  50.2%   148 1330s
H  828   831                     685.2163244  343.93640  49.8%   144 1330s
   852   867  543.15906  225 2118  685.21632  343.93640  49.8%   142 1346s
H  860   867                     685.2160396  343.93640  49.8%   141 1346s
H  888   885                     685.0342035  343.93640  49.8%   137 1367s
   906   901  544.36516  234 2128  685.03420  343.93640  49.8%   137 1405s
   922   952  544.96407  237 2119  685.03420  343.93640  49.8%   135 1421s
H  971   952                     685.0341108  343.93640  49.8%   129 1421s
   973  1031  545.92505  260 2076  685.03411  343.93640  49.8%   129 1439s
H  979  1031                     684.9076072  343.93640  49.8%   128 1439s
  1052  1220  546.19202  279 2075  684.90761  343.93640  49.8%   121 1453s
  1243  1467  548.50318  318 2042  684.90761  343.93640  49.8%   105 1465s
H 1490  1481                     682.3923806  343.93640  49.6%  89.7 1598s
H 1492  1481                     682.3074497  343.93640  49.6%  89.6 1598s
  1504  1653  550.69022  370 1975  682.30745  343.93640  49.6%  89.1 1624s
  1676  1705  556.66776  409 1938  682.30745  343.93640  49.6%  81.4 1638s
H 1702  1705                     682.3047798  343.93640  49.6%  80.2 1638s
  1728  1792  556.87671  410 1938  682.30478  343.93640  49.6%  79.1 1655s
  1815  1848  556.86200  410 1937  682.30478  343.93640  49.6%  75.9 1724s
H 1843  1848                     682.3046643  343.93640  49.6%  74.8 1724s
H 1857  1848                     682.3042576  343.93640  49.6%  74.3 1724s
  1871  2012  556.96346  421 1924  682.30426  343.93640  49.6%  74.1 1738s
H 1900  2012                     682.2793005  343.93640  49.6%  73.0 1738s
  2035  2020  557.13909  448 1882  682.27930  343.93640  49.6%  68.7 1751s
H 2036  2017                     676.2994268  343.93640  49.1%  68.7 1751s
H 2039  2017                     670.8059980  343.93640  48.7%  68.6 1751s
  2043  2135  557.14678  449 1881  670.80600  343.93640  48.7%  68.5 1773s
H 2100  2135                     670.8057107  343.93640  48.7%  66.8 1773s
H 2158  2135                     670.8056830  343.93640  48.7%  65.3 1773s
  2161  2301  557.86767  502 1820  670.80568  343.93640  48.7%  65.2 1792s
H 2248  2301                     670.8056823  343.93640  48.7%  62.9 1792s
H 2249  2301                     670.0219857  343.93640  48.7%  62.9 1792s
  2329  2526  558.99995  549 1784  670.02199  343.93640  48.7%  61.3 1812s
  2557  2948  559.63249  610 1708  670.02199  343.93640  48.7%  56.7 1826s
  2988  2975  562.29785  709 1574  670.02199  343.93640  48.7%  50.2 1849s
H 2992  2750                     661.9985751  343.93640  48.0%  50.2 1849s
  3015  2914  562.35775  713 1569  661.99858  343.93640  48.0%  49.9 1899s
H 3040  2844                     658.1944231  343.93640  47.7%  49.5 1899s
  3209  2954  572.26599  767 1536  658.19442  343.93640  47.7%  49.0 1926s
H 3232  2954                     658.1873687  343.93640  47.7%  49.0 1926s
H 3283  2954                     658.1864082  343.93640  47.7%  48.3 1927s
H 3307  2954                     658.1804224  343.93640  47.7%  49.6 1927s
H 3331  2951                     658.1636476  343.93640  47.7%  49.7 1927s
H 3343  2989                     658.1624926  343.93640  47.7%  52.7 1946s
H 3345  2989                     658.1602207  343.93640  47.7%  52.7 1946s
H 3359  2972                     658.0623442  343.93640  47.7%  52.5 1946s
H 3361  2972                     658.0607055  343.93640  47.7%  52.5 1946s
H 3383  2942                     657.5399443  343.93640  47.7%  53.0 1946s
H 3385  2941                     657.3452544  343.93640  47.7%  53.6 2075s
H 3385  2937                     655.6249010  343.93640  47.5%  53.6 2075s
H 3386  2923                     652.9149331  343.93640  47.3%  53.6 2075s
  3389  3163 infeasible  836       652.91493  343.93640  47.3%  54.0 2095s
  3638  3173  578.43514  906 1346  652.91493  343.93640  47.3%  52.6 2116s
  3650  3296  578.43950  910 1342  652.91493  343.93640  47.3%  52.6 2153s
H 3675  2664                     640.1905454  343.93640  46.3%  52.3 2153s
H 3779  2695                     640.1905447  343.93640  46.3%  52.8 2184s
H 3826  2695                     640.1905154  343.93640  46.3%  52.7 2184s
  3861  2807  579.05982  969 1284  640.19052  343.93640  46.3%  53.8 2205s
  3976  3046  579.41135 1032 1234  640.19052  343.93640  46.3%  53.6 2238s
H 4158  2456                     617.2431966  343.93640  44.3%  51.7 2238s
H 4231  2564                     616.8489154  343.93640  44.2%  52.6 2275s
  4361  2698 infeasible 1170       616.84892  347.92468  43.6%  52.8 2302s
H 4386  2665                     616.3080901  347.92468  43.5%  52.5 2302s
H 4519  2385                     598.7525933  347.92468  41.9%  52.2 2302s
H 4542  2479                     598.7524319  347.92468  41.9%  52.1 2328s
H 4652  2479                     598.7523349  347.92468  41.9%  52.1 2328s
H 4657  2479                     598.7522923  347.92468  41.9%  52.1 2328s
  4672  2480  562.29467  707 2288  598.75229  347.92468  41.9%  52.2 2360s
  4674  2481  395.35149   15 1982  598.75229  347.92468  41.9%  52.2 2371s
  4675  2482  580.26020  173 2476  598.75229  347.92468  41.9%  52.2 2379s
  4676  2483  559.69780  587 2321  598.75229  347.92468  41.9%  52.2 2389s
  4677  2483  543.50909  209 2342  598.75229  349.65568  41.6%  52.2 2397s
  4678  2484  550.41466  112 2336  598.75229  369.03844  38.4%  52.1 2400s
  4684  2488  525.74830   62 2347  598.75229  369.23076  38.3%  52.1 2405s
  4686  2489  562.51086  736 2249  598.75229  372.83998  37.7%  52.1 2421s
  4688  2491  552.95043  135 2293  598.75229  377.50380  37.0%  52.0 2427s
  4690  2492  585.03973  189 2310  598.75229  377.61446  36.9%  52.0 2430s
  4694  2495  585.23240 1083 2191  598.75229  381.30676  36.3%  52.0 2448s
  4695  2495  446.74972   27 2163  598.75229  383.26616  36.0%  52.0 2453s
  4696  2496  438.15437   27 2179  598.75229  383.53031  35.9%  51.9 2455s
  4700  2499  469.92604   45 2215  598.75229  383.65225  35.9%  51.9 2460s
  4701  2499  555.77902  125 2185  598.75229  384.84566  35.7%  51.9 2471s
  4703  2501  578.84208  959 2228  598.75229  385.37418  35.6%  51.9 2475s
  4708  2504  584.28580  196 2171  598.75229  386.95931  35.4%  51.8 2483s
  4709  2505  451.45913   39 2171  598.75229  386.95931  35.4%  51.8 2638s
  4710  2508  387.56697   10 2164  598.75229  387.56697  35.3%  63.9 2646s
  4712  2512  390.36817   11 2337  598.75229  387.56697  35.3%  64.4 2650s
  4720  2517  441.83143   12 2336  598.75229  390.74452  34.7%  65.6 2660s
  4728  2522  397.73796   13 2313  598.75229  395.19879  34.0%  67.7 2669s
  4732  2525  395.65014   14 2346  598.75229  395.65014  33.9%  68.3 2798s
  4736  2528  514.48821   14 2365  598.75229  395.67312  33.9%  68.6 2801s
  4748  2538  400.16758   16 2344  598.75229  397.74292  33.6%  69.7 2806s
  4754  2540  402.16448   16 2327  598.75229  397.74292  33.6%  70.5 2810s
  4762  2543  409.74816   17 2290  598.75229  397.74292  33.6%  71.7 2816s
  4766  2546  403.35479   18 2322  598.75229  397.74292  33.6%  72.0 2909s
  4770  2550  455.16344   18 2324  598.75229  397.74292  33.6%  72.2 2912s
  4776  2561  407.25713   19 2329  598.75229  397.74292  33.6%  72.7 2915s
  4800  2568  410.19396   22 2346  598.75229  397.74292  33.6%  73.6 3019s
  4804  2581  439.25805   22 2361  598.75229  397.74292  33.6%  73.7 3022s
  4818  2589  410.51849   24 2350  598.75229  397.74292  33.6%  73.7 3032s
  4833  2588  412.65238   25 2333  598.75229  397.74292  33.6%  75.0 3119s
  4837  2602  414.57616   25 2325  598.75229  397.74292  33.6%  75.0 3124s
  4852  2613  417.32454   27 2397  598.75229  397.74292  33.6%  75.8 3128s
H 4868  2491                     598.7522309  397.74292  33.6%  75.9 3135s
H 4871  2370                     598.7517488  397.74292  33.6%  76.0 3135s
  4898  2394  420.17399   33 2396  598.75175  397.74292  33.6%  76.1 3232s
H 4900  2280                     598.7515785  397.74292  33.6%  76.1 3232s
H 4903  2171                     598.7515730  397.74292  33.6%  76.1 3232s
H 4911  2065                     598.5464310  397.74292  33.5%  76.4 3232s
H 4912  1972                     598.5462946  397.74292  33.5%  76.3 3319s
H 4913  1879                     598.0151083  397.74292  33.5%  76.4 3319s
  4916  1899  420.78132   35 2394  598.01511  397.74292  33.5%  76.4 3328s
  4937  1910  421.06842   37 2393  598.01511  397.74292  33.5%  76.9 3432s
H 4942  1820                     598.0007207  397.74292  33.5%  76.9 3432s
H 4949  1735                     597.6717739  397.74292  33.5%  77.1 3432s
  4955  1753  421.45955   40 2405  597.67177  397.74292  33.5%  77.4 3440s
H 4981  1669                     597.6482905  397.74292  33.4%  78.6 3577s
H 4983  1592                     597.5164219  397.74292  33.4%  78.5 3577s
  4985  1610  488.78581   43 2412  597.51642  397.74292  33.4%  78.6 3627s
H 5010  1536                     597.5164195  397.74292  33.4%  79.3 3722s
H 5012  1468                     597.5152567  397.74292  33.4%  79.3 3722s
  5016  1490  435.79884   48 2397  597.51526  397.74292  33.4%  79.5 3732s
  5052  1503 infeasible   54       597.51526  397.74292  33.4%  80.5 3745s
H 5061  1435                     597.5152518  397.74292  33.4%  80.7 3745s
  5092  1451  438.66701   59 2357  597.51525  397.74292  33.4%  82.1 3830s
H 5109  1384                     597.5152512  397.74292  33.4%  82.4 3830s
  5128  1388  442.87519   63 2417  597.51525  397.74292  33.4%  82.7 3842s
  5140  1435  443.27248   65 2419  597.51525  397.74292  33.4%  86.0 3856s
H 5199  1360                     596.5154053  397.74292  33.3%  86.6 3875s
H 5201  1304                     594.5132332  397.74292  33.1%  86.6 3875s
  5203  1351  481.65297   73 2412  594.51323  397.74292  33.1%  86.6 3898s
  5260  1336  484.37816   81 2412  594.51323  397.74292  33.1%  88.2 4014s
H 5261  1283                     594.0516504  397.74292  33.0%  88.2 4014s
H 5263  1232                     593.9185804  397.74292  33.0%  88.1 4014s
  5264  1273     cutoff   81       593.91858  397.74292  33.0%  88.3 4028s
H 5317  1212                     593.9185700  397.74292  33.0%  89.3 4063s
H 5318  1167                     593.9183524  397.74292  33.0%  89.3 4063s
H 5319  1123                     593.1815399  397.74292  32.9%  89.3 4063s
H 5321  1085                     593.1803627  397.74292  32.9%  89.3 4087s
H 5322  1045                     593.1071917  397.74292  32.9%  89.3 4087s
H 5323  1006                     584.0677520  397.74292  31.9%  89.3 4087s
  5325  1061  485.07293   87 2400  584.06775  397.74292  31.9%  89.3 4123s
H 5366  1013                     584.0660259  397.74292  31.9%  89.6 4123s
H 5406   966                     583.8676962  397.74292  31.9%  90.0 4123s
H 5407   934                     583.3619401  397.74292  31.8%  90.0 4247s
H 5408   903                     581.5660582  397.74292  31.6%  90.0 4247s
  5412   959  485.85641   97 2369  581.56606  397.74292  31.6%  90.2 4318s
H 5432   925                     581.5660205  397.74292  31.6%  90.2 4318s
H 5453   891                     581.5643348  397.74292  31.6%  90.1 4318s
H 5476   861                     580.8020643  397.74292  31.5%  91.2 4353s
H 5480   840                     580.8020586  397.74292  31.5%  91.9 4406s
  5484   881  502.10244  109 2430  580.80206  397.74292  31.5%  92.6 4490s
H 5511   849                     580.8020395  397.74292  31.5%  92.5 4490s
H 5531   825                     580.8020385  397.74292  31.5%  93.7 4541s
H 5532   803                     580.8020361  397.74292  31.5%  93.7 4541s
H 5533   783                     580.8020358  397.74292  31.5%  93.7 4541s
H 5535   782                     580.7556910  397.74292  31.5%  93.7 4574s
  5558   783  505.45577  125 2292  580.75569  397.74292  31.5%  93.5 4633s
H 5563   763                     580.7556906  397.74292  31.5%  94.8 4633s
  5570   854  509.82072  126 2294  580.75569  397.74292  31.5%  94.8 4688s
H 5595   828                     580.6269459  397.74292  31.5%  94.6 4688s
H 5675   817                     580.5370059  397.74292  31.5%  94.5 4824s
  5679   821  507.15175  140 2261  580.53701  397.74292  31.5%  94.5 4946s
H 5680   821                     580.5370034  397.74292  31.5%  94.5 4946s
H 5681   821                     580.5369996  397.74292  31.5%  94.4 4946s
  5683   876  507.25804  140 2263  580.53700  397.74292  31.5%  94.4 5058s
  5742   880  508.48538  149 2221  580.53700  397.74292  31.5%  94.5 5109s
H 5743   880                     580.4325265  397.74292  31.5%  94.5 5109s
  5746   886  508.03505  150 2230  580.43253  397.74292  31.5%  94.5 5146s
H 5748   886                     580.4220518  397.74292  31.5%  94.5 5146s
  5752   979  513.17635  150 2232  580.42205  397.74292  31.5%  94.5 5194s
H 5802   979                     580.3976681  397.74292  31.5%  94.1 5194s
  5848   983  509.10216  163 2207  580.39767  397.74292  31.5%  94.4 5268s
  5852  1058  509.42903  163 2203  580.39767  397.74292  31.5%  94.3 5310s
H 5935  1058                     580.3895650  397.74292  31.5%  93.6 5310s
  5940  1108  556.06040  172 2204  580.38957  397.74292  31.5%  93.6 5417s
H 5952  1108                     580.3895357  397.74292  31.5%  93.4 5417s
H 5965  1108                     580.3895335  397.74292  31.5%  93.3 5417s
  5992  1111  556.90443  178 2202  580.38953  397.74292  31.5%  93.3 5559s
H 5994  1111                     580.3895333  397.74292  31.5%  93.3 5559s
H 5994  1111                     580.3894766  397.74292  31.5%  93.3 5559s
H 5996  1111                     580.3392641  397.74292  31.5%  93.3 5559s
  5997  1127  556.90765  179 2184  580.33926  397.74292  31.5%  93.3 5640s
H 6000  1127                     580.3392630  397.74292  31.5%  93.3 5640s
H 6004  1127                     580.3392548  397.74292  31.5%  93.2 5640s
  6013  1299  556.92626  181 2179  580.33925  397.74292  31.5%  93.2 5686s
H 6022  1299                     580.2675296  397.74292  31.5%  93.1 5686s
H 6229  1300                     579.8939999  397.74292  31.4%  92.5 5812s
  6233  1404  558.26066  210 2137  579.89400  397.74292  31.4%  92.5 5886s
H 6337  1408                     579.8939970  397.74292  31.4%  91.7 6204s
H 6338  1408                     579.8939928  397.74292  31.4%  91.7 6204s
H 6339  1408                     579.8939917  397.74292  31.4%  91.7 6204s
H 6340  1408                     579.8939912  397.74292  31.4%  91.7 6204s
  6341  1663  559.19652  224 2103  579.89399  397.74292  31.4%  91.7 6302s
H 6564  1663                     579.8939864  397.74292  31.4%  90.6 6302s
  6603  1673  574.80148  265 2030  579.89399  397.74292  31.4%  90.1 6362s
  6613  1751  574.81846  265 2035  579.89399  397.74292  31.4%  90.1 6450s
  6693  1783  575.18722  275 2020  579.89399  397.74292  31.4%  89.3 6544s
H 6700  1783                     579.8939858  397.74292  31.4%  89.3 6544s
H 6725  1863                     579.8939331  397.74292  31.4%  89.0 6616s
  6805  1943  575.81168  289 1992  579.89393  397.74292  31.4%  88.2 6685s
H 6832  1943                     579.8939320  397.74292  31.4%  87.9 6685s
H 6874  1943                     579.8939310  397.74292  31.4%  87.5 6685s
  6889  2002  576.71257  300 1968  579.89393  397.74292  31.4%  87.3 6785s
  6950  2042  577.91133  306 1968  579.89393  397.74292  31.4%  86.7 6941s
H 6991  2092                     579.8473871  397.74292  31.4%  86.3 7163s
H 7061  2092                     579.8303463  405.22097  30.1%  86.5 7164s
  7081  2120  432.44315   23 2463  579.83035  405.22097  30.1%  86.3 7413s
H 7087  2120                     579.8303431  405.22097  30.1%  86.3 7413s
H 7094  2120                     579.8303415  405.22097  30.1%  86.3 7413s
  7109  2134  440.12756   30 2438  579.83034  405.22097  30.1%  86.3 7479s
H 7110  2134                     579.8303379  405.22097  30.1%  86.3 7479s
H 7118  2133                     579.5202414  405.22097  30.1%  86.3 7479s
  7123  2181  451.13358   32 2431  579.52024  405.22097  30.1%  86.3 7759s
H 7134  2181                     579.4729451  405.22097  30.1%  86.4 7759s
  7171  2196  453.39790   44 2451  579.47295  405.22097  30.1%  86.1 7855s
H 7172  2196                     579.4639127  405.22097  30.1%  86.1 7855s
H 7186  2203                     579.4530375  405.22097  30.1%  86.0 7944s
  7193  2219  453.81881   46 2447  579.45304  405.22097  30.1%  85.9 8223s
H 7208  2219                     579.4530356  405.22097  30.1%  85.8 8223s
  7209  2323  454.23395   50 2443  579.45304  405.22097  30.1%  85.8 8514s
H 7286  2323                     579.4530354  405.22097  30.1%  85.4 8514s
H 7312  2323                     579.4530339  405.22097  30.1%  85.2 8514s
H 7313  2352                     579.4530249  405.22097  30.1%  85.2 8610s
H 7342  2352                     579.1942642  405.22097  30.0%  84.9 8770s
  7346  2456  510.09675   78 2380  579.19426  405.22097  30.0%  84.8 8985s
H 7352  2456                     578.9331557  405.22097  30.0%  84.8 8985s
  7450  2497  515.57000  104 2336  578.93316  405.22097  30.0%  83.9 9065s
H 7472  2497                     578.9331556  405.22097  30.0%  83.7 9065s
  7491  2535 infeasible  105       578.93316  405.22097  30.0%  83.6 9187s
H 7492  2535                     578.9331544  405.22097  30.0%  83.6 9187s
H 7510  2535                     578.9331535  405.22097  30.0%  83.5 9187s
  7531  2603  522.61224  114 2278  578.93315  405.22097  30.0%  83.3 9346s
  7599  2815  523.70831  131 2243  578.93315  405.22097  30.0%  82.7 9432s
  7855  2961  532.05407  190 2137  578.93315  405.22097  30.0%  81.8 9549s
  8009  3190  537.32589  236 1992  578.93315  405.22097  30.0%  82.6 9660s
H 8125  3186                     578.8178293  405.22097  30.0%  82.5 9660s
H 8250  3190                     578.7892276  405.22097  30.0%  81.5 9840s
H 8251  3190                     578.7711638  405.22097  30.0%  81.5 9840s
  8254  3448  550.34153  329 1841  578.77116  405.22097  30.0%  81.6 9985s
H 8477  3448                     578.7711637  405.22097  30.0%  83.2 9985s
  8546  3457  554.74202  427 1641  578.77116  405.22097  30.0%  83.1 10104s
H 8547  3457                     578.7711634  405.22097  30.0%  83.1 10104s
H 8549  3457                     578.7711588  405.22097  30.0%  83.2 10104s
H 8550  3457                     578.7711585  405.22097  30.0%  83.2 10104s
  8555  3527     cutoff  428       578.77116  405.22097  30.0%  83.4 10291s
H 8606  3525                     578.6858160  405.22097  30.0%  84.2 10291s
  8657  3649  552.87531  426 1650  578.68582  409.74816  29.2%  84.4 10526s
H 8681  3649                     578.6858160  409.74816  29.2%  84.5 10526s
H 8700  3649                     578.6850620  409.74816  29.2%  85.0 10526s
H 8769  3649                     578.6848524  409.74816  29.2%  84.9 10526s
  8887  3754  442.34494   26 2530  578.68485  409.74816  29.2%  91.4 10674s
H 8900  3754                     578.6844786  409.74816  29.2%  91.3 10674s
  9008  3758  450.34041   40 2503  578.68448  409.74816  29.2%  91.8 11063s
H 9009  3758                     578.6844676  409.74816  29.2%  91.8 11064s
H 9012  3780                     578.6844638  409.74816  29.2%  91.9 11200s
  9034  3881  462.76761   48 2510  578.68446  409.74816  29.2%  91.8 11312s
H 9037  3874                     578.2806739  409.74816  29.1%  91.8 11312s
  9159  3878  483.31945   58 2493  578.28067  409.74816  29.1%  92.3 11460s
H 9160  3878                     578.2806675  409.74816  29.1%  92.3 11460s
H 9162  3878                     578.2806663  409.74816  29.1%  92.3 11460s
  9163  4027  484.06344   59 2495  578.28067  413.30534  28.5%  92.3 11628s
H 9189  4027                     578.2605110  413.30534  28.5%  92.3 11628s
H 9227  4027                     578.2393141  414.22696  28.4%  92.7 11628s
  9359  4079  486.45260   21 2382  578.23931  414.22696  28.4%  94.4 11902s
H 9414  4079                     578.2393130  414.22696  28.4%  94.8 11902s
  9415  4169  499.58148   35 2413  578.23931  415.75417  28.1%  94.8 12189s
H 9518  4169                     578.2393126  415.75417  28.1%  95.6 12189s
  9519  4174  493.59350   25 2352  578.23931  415.75417  28.1%  95.6 12436s
  9524  4488  494.38247   26 2360  578.23931  415.80848  28.1%  95.6 12632s
  9880  4510  558.43245   60 2418  578.23931  415.80848  28.1%  96.6 12907s
  9904  5029  562.83589   61 2470  578.23931  416.66976  27.9%  96.7 13083s
 10460  5173  516.70902   69 2350  578.23931  416.66976  27.9%  95.9 13449s
 10606  5712  516.86190   70 2350  578.23931  417.59259  27.8%  94.7 13669s
 11290  5726  565.11561   47 2402  578.23931  417.91818  27.7%  94.8 13761s
 11304  5764 infeasible   45       578.23931  420.70208  27.2%  94.8 13902s
 11369  5859  537.80383   26 2387  578.23931  420.72756  27.2%  96.6 14200s
H11370  5859                     578.2384098  420.72756  27.2%  96.6 14200s
H11371  5859                     578.2329554  420.72756  27.2%  96.6 14200s
H11407  5859                     578.2293283  420.72756  27.2%  97.3 14200s
H11504  5907                     578.2293213  420.72756  27.2%  99.5 14362s
H11518  5907                     578.2041393  420.72756  27.2%  99.5 14362s
H11519  5906                     578.1932688  420.72756  27.2%  99.5 14362s
H11556  6274                     578.1932657  420.72756  27.2%   100 14752s
H11600  6274                     578.1932629  420.72756  27.2%   100 14752s
H11648  6274                     578.1932588  420.72756  27.2%   100 14752s
H11692  6274                     578.1793341  420.72756  27.2%   102 14752s
H11837  6274                     578.1793244  420.72756  27.2%   100 14752s
H11966  6347                     578.1793218  420.72756  27.2%   100 14939s
H12002  6347                     578.1355290  420.72756  27.2%   100 14939s
 12057  6603  551.67446  185 2031  578.13553  421.20680  27.1%  99.5 15205s
H12063  6603                     578.1355283  421.20680  27.1%  99.4 15205s
H12065  6599                     578.1098066  421.20680  27.1%  99.4 15205s
 12460  6605  537.91984   95 2294  578.10981  421.20680  27.1%  99.4 15449s
H12462  6605                     578.1097996  421.20680  27.1%  99.4 15449s
H12463  6605                     578.1097969  421.20680  27.1%  99.4 15449s
 12466  6871     cutoff   97       578.10980  421.20680  27.1%   100 15713s
H12600  6871                     578.1097951  421.20680  27.1%  98.6 15713s
H12706  6871                     578.1097947  421.20680  27.1%  98.3 15713s
 12742  7072  556.08474  260 1901  578.10979  422.34534  26.9%  98.2 16042s
H12758  7072                     578.1097935  422.34534  26.9%  98.1 16042s
H12788  7072                     578.1060104  422.34534  26.9%  97.9 16042s
 12980  7177  552.84746   59 2364  578.10601  422.60510  26.9%  97.4 16348s
H13046  7177                     578.1017586  422.60510  26.9%  98.9 16348s
H13125  7587                     578.0841753  422.60510  26.9%   101 16776s
H13128  7587                     578.0808060  422.60510  26.9%   101 16776s
H13202  7587                     578.0781900  422.60510  26.9%   102 16776s
H13204  7587                     578.0720829  422.60510  26.9%   102 16776s
H13376  7586                     578.0578887  422.60510  26.9%   101 16776s
 13614  7818  556.63545   58 2448  578.05789  422.60510  26.9%   104 17078s
 13895  7826  559.14521   69 2456  578.05789  422.60510  26.9%   105 17600s
H13897  7826                     578.0578886  422.60510  26.9%   105 17600s
H13899  7826                     578.0559637  422.60510  26.9%   105 17600s
H13903  7826                     578.0540533  422.60510  26.9%   106 17600s
H13905  7826                     578.0472071  422.60510  26.9%   106 17600s
H13906  7826                     578.0347534  422.60510  26.9%   106 17600s
 13909  8189  559.60135   69 2450  578.03475  422.60510  26.9%   106 17907s
 14314  8215  564.81943  120 2325  578.03475  423.08119  26.8%   105 18241s
 14382  8448  463.79255   59 2379  578.03475  423.08119  26.8%   106 18554s
 14658  9062  513.07516   78 2360  578.03475  423.08119  26.8%   105 18843s
 15314  9051  562.05180  240 2059  578.03475  423.08119  26.8%   103 19181s
 15333  9501  562.27651  241 2053  578.03475  424.82328  26.5%   103 19542s
 15871  9520  561.81948   28 2349  578.03475  424.82328  26.5%   103 19851s
H15873  9520                     578.0320817  424.82328  26.5%   103 19851s
H15886  9519                     578.0269905  424.82328  26.5%   103 19851s
 15890  9992     cutoff   37       578.02699  425.47348  26.4%   103 20170s
H15891  9992                     578.0269881  425.47348  26.4%   103 20170s
H15896  9992                     578.0269872  425.47348  26.4%   103 20170s
H15912  9992                     578.0269845  425.47348  26.4%   104 20170s
H15915  9992                     578.0269752  425.47348  26.4%   104 20170s
H15968  9992                     578.0269744  425.47348  26.4%   103 20170s
H16000  9992                     578.0269735  425.47348  26.4%   103 20170s
H16394 10466                     578.0122282  425.47348  26.4%   102 20455s
 17014 10799  452.66578   33 2401  578.01223  427.56708  26.0%   105 20772s
 17367 10803  453.98704   41 2411  578.01223  427.56708  26.0%   105 21139s
 17371 11326  454.07825   42 2408  578.01223  427.56708  26.0%   105 21441s
 17937 11751  513.06504   93 2392  578.01223  427.56708  26.0%   103 21719s
 18396 11763     cutoff  117       578.01223  427.56708  26.0%   102 22009s
 18410 12169  543.65683  118 2249  578.01223  427.56708  26.0%   102 22318s
H18411 12169                     578.0101140  427.56708  26.0%   102 22318s
H18510 12169                     577.9972051  427.56708  26.0%   102 22318s
 18818 12327  547.92343  156 2184  577.99721  427.56708  26.0%   100 22582s
 18976 12846  547.92815  157 2183  577.99721  427.56708  26.0%  99.3 22857s
 19614 12850  551.78842  214 2092  577.99721  427.56708  26.0%   100 23165s
 19618 13325  552.22332  211 2076  577.99721  429.63111  25.7%   100 23362s
 20215 13472  553.08807   77 2335  577.99721  429.63111  25.7%   101 23625s
 20375 13790  562.50916  141 2252  577.99721  429.82042  25.6%   101 23879s
H20377 13790                     577.9846706  429.82042  25.6%   101 23879s
 20815 14250  456.90882   60 2361  577.98467  431.06237  25.4%   101 24430s
 21381 14564  541.02888   54 2318  577.98467  431.06237  25.4%   101 24750s
H21387 14563                     577.9802132  431.06237  25.4%   101 24750s
H21388 14563                     577.9783096  431.06237  25.4%   101 24751s
H21398 14563                     577.9778727  431.06237  25.4%   101 24751s
H21402 14563                     577.9763424  431.06237  25.4%   101 24751s
H21404 14563                     577.9685940  431.06237  25.4%   101 24751s
H21535 14563                     577.9574291  431.06237  25.4%   101 24751s
H21704 14992                     577.9478542  431.06237  25.4%   100 25142s
H21801 14992                     577.9478436  431.14746  25.4%   100 25142s
H22240 15248                     577.9478430  431.14746  25.4%  99.4 25493s
H22246 15248                     577.9448948  431.41787  25.4%  99.4 25493s
H22250 15248                     577.9433042  431.41787  25.4%  99.4 25493s
H22271 15248                     577.9404665  431.41787  25.4%   100 25493s
H22272 15248                     577.9391026  431.41787  25.4%   100 25493s
H22282 15248                     577.9365647  431.41787  25.4%   100 25493s
H22288 15248                     577.9294043  431.41787  25.4%   100 25493s
 22630 15775  475.48631   57 2400  577.92940  432.00284  25.2%  99.2 25957s
H22801 15775                     577.9294017  432.00284  25.2%   100 25957s
 23226 16239  531.80445   77 2344  577.92940  432.44806  25.2%  98.6 26273s
 23814 16243  515.34386  104 2273  577.92940  432.95440  25.1%  98.9 26767s
 23818 16610  515.35352  105 2274  577.92940  433.05108  25.1%  98.9 27024s
 24330 16614  488.71112   82 2366  577.92940  433.05108  25.1%   102 27460s
 24334 16880  488.78396   85 2367  577.92940  433.05108  25.1%   102 27678s
 24607 17248  495.04982  152 2288  577.92940  433.05108  25.1%   102 27948s
H24706 17248                     577.9231695  433.05108  25.1%   101 27948s
H25012 17252                     577.9231125  433.05108  25.1%   101 28262s
 25016 17337  502.34462  168 2240  577.92311  433.05108  25.1%   101 28556s
H25019 17337                     577.9230766  433.05108  25.1%   101 28556s
H25045 17337                     577.9230745  433.05108  25.1%   101 28556s
 25121 17458  503.92307  176 2219  577.92307  433.05108  25.1%   101 28800s
H25172 17458                     577.9230722  433.05108  25.1%   101 28800s
H25223 17458                     577.9230710  433.05108  25.1%   102 28800s

Cutting planes:
  Learned: 17
  Gomory: 28
  Cover: 165
  Implied bound: 280
  Clique: 65
  MIR: 1308
  StrongCG: 1
  Flow cover: 2433
  GUB cover: 2
  Zero half: 5
  RLT: 1288
  Relax-and-lift: 300

Explored 25276 nodes (2654491 simplex iterations) in 28800.43 seconds
Thread count was 4 (of 32 available processors)

Solution count 10: 577.923 577.923 577.923 ... 577.94

Time limit reached
Best objective 5.779230709750e+02, best bound 4.330510807283e+02, gap 25.0677%
