
Gurobi 9.1.0 (linux64) logging started Wed Aug  4 11:05:46 2021

Changed value of parameter LogFile to eab_parasitoid_2_0.log
   Prev:   Default: 
Changed value of parameter MIPGap to 0.01
   Prev: 0.0001  Min: 0.0  Max: inf  Default: 0.0001
Changed value of parameter Method to 2
   Prev: -1  Min: -1  Max: 5  Default: -1
Changed value of parameter MIPFocus to 2
   Prev: 0  Min: 0  Max: 3  Default: 0
Changed value of parameter RINS to 100
   Prev: -1  Min: -1  Max: 2000000000  Default: -1
Gurobi Optimizer version 9.1.0 build v9.1.0rc0 (linux64)
Thread count: 32 physical cores, 32 logical processors, using up to 32 threads
Optimize a model with 203386 rows, 134930 columns and 685029 nonzeros
Model fingerprint: 0xea6869cb
Variable types: 55774 continuous, 79156 integer (79156 binary)
Coefficient statistics:
  Matrix range     [1e-04, 1e+05]
  Objective range  [1e-06, 1e-01]
  Bounds range     [1e+00, 6e+03]
  RHS range        [1e-04, 1e+05]
Presolve removed 155586 rows and 100000 columns (presolve time = 7s) ...
Presolve removed 167207 rows and 102836 columns (presolve time = 10s) ...
Presolve removed 178448 rows and 115609 columns (presolve time = 16s) ...
Presolve removed 181507 rows and 115614 columns (presolve time = 21s) ...
Presolve removed 183172 rows and 117021 columns (presolve time = 26s) ...
Presolve removed 183216 rows and 117475 columns (presolve time = 31s) ...
Presolve removed 190474 rows and 124521 columns (presolve time = 38s) ...
Presolve removed 191019 rows and 124583 columns (presolve time = 42s) ...
Presolve removed 191699 rows and 124929 columns (presolve time = 45s) ...
Presolve removed 191756 rows and 125016 columns (presolve time = 50s) ...
Presolve removed 191803 rows and 125044 columns (presolve time = 56s) ...
Presolve removed 192257 rows and 125573 columns (presolve time = 60s) ...
Presolve removed 192705 rows and 126016 columns (presolve time = 66s) ...
Presolve removed 192778 rows and 126072 columns (presolve time = 70s) ...
Presolve removed 192900 rows and 126169 columns (presolve time = 76s) ...
Presolve removed 192951 rows and 126210 columns (presolve time = 80s) ...
Presolve removed 193118 rows and 126341 columns (presolve time = 85s) ...
Presolve removed 193131 rows and 126345 columns
Presolve time: 86.24s
Presolved: 10255 rows, 8585 columns, 129759 nonzeros
Variable types: 3617 continuous, 4968 integer (4966 binary)
Presolve removed 25 rows and 23 columns
Presolved: 10230 rows, 8562 columns, 129632 nonzeros

Root barrier log...

Ordering time: 1.61s

Barrier statistics:
 Dense cols : 136
 AA' NZ     : 5.509e+05
 Factor NZ  : 2.707e+06 (roughly 30 MBytes of memory)
 Factor Ops : 2.240e+09 (less than 1 second per iteration)
 Threads    : 31

                  Objective                Residual
Iter       Primal          Dual         Primal    Dual     Compl     Time
   0   1.85235787e+03 -1.77414538e+04  1.87e+04 1.96e-01  4.25e+01    94s
   1   1.44483079e+03 -1.92570640e+04  1.24e+04 2.27e-01  2.78e+01    94s
   2   6.29218765e+02 -1.63939077e+04  9.48e+02 4.00e-14  2.61e+00    95s
   3   4.65817864e+02 -7.03982720e+03  6.22e+01 8.77e-15  3.73e-01    95s
   4   4.12605014e+02 -1.21413013e+03  1.00e+01 2.44e-15  6.68e-02    95s
   5   3.99221922e+02 -1.06952228e+02  2.27e+00 9.22e-16  1.97e-02    96s
   6   3.92254669e+02  2.29486137e+02  2.21e-01 8.23e-16  6.18e-03    96s
   7   3.88574127e+02  3.40745198e+02  1.20e-03 5.98e-16  1.80e-03    96s
   8   3.86482062e+02  3.77802117e+02  2.99e-04 3.79e-16  3.25e-04    97s
   9   3.85367241e+02  3.81825367e+02  9.62e-05 2.22e-16  1.32e-04    97s
  10   3.85008246e+02  3.83512688e+02  4.08e-05 2.22e-16  5.59e-05    98s
  11   3.84843282e+02  3.84244633e+02  1.79e-05 2.22e-16  2.24e-05    98s
  12   3.84770189e+02  3.84469485e+02  8.50e-06 2.22e-16  1.12e-05    98s
  13   3.84729755e+02  3.84631346e+02  3.28e-06 2.22e-16  3.68e-06    99s
  14   3.84706741e+02  3.84683197e+02  5.84e-07 6.66e-16  8.80e-07    99s
  15   3.84703029e+02  3.84696667e+02  2.07e-07 1.22e-15  2.38e-07   100s
  16   3.84701501e+02  3.84698748e+02  5.65e-08 6.66e-16  1.03e-07   100s
  17   3.84701117e+02  3.84699999e+02  2.31e-08 6.11e-16  4.18e-08   100s
  18   3.84700994e+02  3.84700318e+02  1.27e-08 1.11e-16  2.53e-08   100s
  19   3.84700889e+02  3.84700636e+02  4.24e-09 2.78e-16  9.44e-09   101s
  20   3.84700843e+02  3.84700787e+02  8.34e-10 2.78e-16  2.10e-09   101s
  21   3.84700832e+02  3.84700823e+02  7.75e-11 8.98e-15  3.22e-10   102s
  22   3.84700831e+02  3.84700828e+02  6.70e-11 1.13e-12  1.26e-10   102s
  23   3.84700830e+02  3.84700829e+02  5.26e-11 2.35e-12  6.34e-11   102s
  24   3.84700830e+02  3.84700830e+02  1.85e-11 7.18e-13  1.44e-11   103s

Barrier solved model in 24 iterations and 102.68 seconds
Optimal objective 3.84700830e+02


Root crossover log...

     746 DPushes remaining with DInf 0.0000000e+00               103s
       0 DPushes remaining with DInf 0.0000000e+00               103s

    4221 PPushes remaining with PInf 0.0000000e+00               103s
       0 PPushes remaining with PInf 0.0000000e+00               104s

  Push phase complete: Pinf 0.0000000e+00, Dinf 3.1606970e-02    104s


Root simplex log...

Iteration    Objective       Primal Inf.    Dual Inf.      Time
    4703    3.8470083e+02   0.000000e+00   3.160697e-02    104s
    4718    3.8470083e+02   0.000000e+00   0.000000e+00    104s
    4718    3.8470083e+02   0.000000e+00   0.000000e+00    104s

Root relaxation: objective 3.847008e+02, 4718 iterations, 15.99 seconds
Total elapsed time = 106.57s

    Nodes    |    Current Node    |     Objective Bounds      |     Work
 Expl Unexpl |  Obj  Depth IntInf | Incumbent    BestBd   Gap | It/Node Time

     0     0  384.74181    0 1711          -  384.74181      -     -  108s
H    0     0                     431.5341563  384.74181  10.8%     -  135s
     0     0  386.91273    0 1739  431.53416  386.91273  10.3%     -  156s
H    0     0                     403.7738885  386.91273  4.18%     -  163s
     0     0  386.97873    0 1700  403.77389  386.97873  4.16%     -  189s
     0     0  386.97955    0 1713  403.77389  386.97955  4.16%     -  193s
     0     0  386.97963    0 1713  403.77389  386.97963  4.16%     -  194s
     0     0  388.09919    0 1638  403.77389  388.09919  3.88%     -  240s
     0     0  388.38899    0 1765  403.77389  388.38899  3.81%     -  257s
     0     0  388.42901    0 1753  403.77389  388.42901  3.80%     -  270s
     0     0  388.43152    0 1756  403.77389  388.43152  3.80%     -  275s
     0     0  388.43206    0 1758  403.77389  388.43206  3.80%     -  278s
     0     0  389.27283    0 1880  403.77389  389.27283  3.59%     -  311s
H    0     0                     395.3278110  389.27283  1.53%     -  319s
     0     0  389.31734    0 1941  395.32781  389.31734  1.52%     -  338s
H    0     0                     393.4166899  389.31734  1.04%     -  342s
     0     0  389.32960    0 1947  393.41669  389.32960  1.04%     -  342s
     0     0  389.34336    0 1943  393.41669  389.34336  1.04%     -  348s
     0     0  389.34554    0 1950  393.41669  389.34554  1.03%     -  351s
     0     0  389.35242    0 1940  393.41669  389.35242  1.03%     -  355s
     0     0  389.35906    0 1962  393.41669  389.35906  1.03%     -  359s
     0     0  389.35928    0 1959  393.41669  389.35928  1.03%     -  363s
     0     0  390.66429    0 1850  393.41669  390.66429  0.70%     -  432s

Cutting planes:
  Learned: 48
  Gomory: 8
  Cover: 90
  Implied bound: 206
  Projected implied bound: 63
  Clique: 35
  MIR: 512
  Flow cover: 1208
  GUB cover: 3
  Zero half: 9
  RLT: 510
  Relax-and-lift: 49

Explored 1 nodes (21215 simplex iterations) in 432.96 seconds
Thread count was 32 (of 32 available processors)

Solution count 4: 393.417 395.328 403.774 431.534 

Optimal solution found (tolerance 1.00e-02)
Best objective 3.934166898726e+02, best bound 3.906642853369e+02, gap 0.6996%
