
Gurobi 9.1.0 (linux64) logging started Sun Jan  2 22:10:04 2022

Changed value of parameter LogFile to eab_parasitoid_0.6_1_2_bud.log
   Prev:   Default: 
Changed value of parameter MIPGap to 0.01
   Prev: 0.0001  Min: 0.0  Max: inf  Default: 0.0001
Changed value of parameter MIPFocus to 1
   Prev: 0  Min: 0  Max: 3  Default: 0
Changed value of parameter RINS to 100
   Prev: -1  Min: -1  Max: 2000000000  Default: -1
Changed value of parameter TimeLimit to 28800.0
   Prev: inf  Min: 0.0  Max: inf  Default: inf
Changed value of parameter NodeFileStart to 10000.0
   Prev: inf  Min: 0.0  Max: inf  Default: inf
Changed value of parameter Threads to 4
   Prev: 0  Min: 0  Max: 1024  Default: 0
Changed value of parameter Heuristics to 1.0
   Prev: 0.05  Min: 0.0  Max: 1.0  Default: 0.05
Gurobi Optimizer version 9.1.0 build v9.1.0rc0 (linux64)
Thread count: 32 physical cores, 32 logical processors, using up to 4 threads
Optimize a model with 381543 rows, 174513 columns and 1305866 nonzeros
Model fingerprint: 0x956af64b
Variable types: 77367 continuous, 97146 integer (97146 binary)
Coefficient statistics:
  Matrix range     [2e-04, 6e+03]
  Objective range  [1e-06, 1e-01]
  Bounds range     [1e+00, 6e+03]
  RHS range        [1e-04, 7e+03]

User MIP start produced solution with objective 711.54 (6.23s)
User MIP start produced solution with objective 711.424 (6.32s)
User MIP start produced solution with objective 711.418 (6.72s)
User MIP start produced solution with objective 710.796 (7.05s)
Loaded user MIP start with objective 710.796
Processed MIP start in 7.07 seconds

Presolve removed 246426 rows and 91285 columns (presolve time = 5s) ...
Presolve removed 259848 rows and 104274 columns
Presolve time: 7.07s
Presolved: 121695 rows, 70239 columns, 627062 nonzeros
Variable types: 32160 continuous, 38079 integer (38079 binary)

Deterministic concurrent LP optimizer: primal and dual simplex (primal and dual model)
Showing first log only...

Presolve removed 159 rows and 159 columns
Presolved: 121536 rows, 70080 columns, 626699 nonzeros


Root simplex log...

Iteration    Objective       Primal Inf.    Dual Inf.      Time
       0    1.3641145e+02   3.108547e+02   2.233518e+09     15s
    4689    1.3524275e+02   0.000000e+00   1.625434e+05     15s
Concurrent spin time: 0.03s

Solved with dual simplex (primal model)

Root relaxation: objective 1.278350e+02, 5871 iterations, 0.95 seconds

    Nodes    |    Current Node    |     Objective Bounds      |     Work
 Expl Unexpl |  Obj  Depth IntInf | Incumbent    BestBd   Gap | It/Node Time

     0     0  127.83500    0 1263  710.79554  127.83500  82.0%     -   20s
     0     0  129.85301    0 2236  710.79554  129.85301  81.7%     -   27s
     0     0  131.31617    0 2237  710.79554  131.31617  81.5%     -   31s
     0     0  131.33413    0 2238  710.79554  131.33413  81.5%     -   31s
     0     0  131.33522    0 2236  710.79554  131.33522  81.5%     -   31s
     0     0  131.33530    0 2236  710.79554  131.33530  81.5%     -   31s
     0     0  133.60354    0 2087  710.79554  133.60354  81.2%     -   36s
H    0     0                     710.7954804  133.60354  81.2%     -   39s
     0     0  133.76349    0 2023  710.79548  133.76349  81.2%     -   40s
     0     0  133.81585    0 2013  710.79548  133.81585  81.2%     -   41s
     0     0  133.81926    0 2028  710.79548  133.81926  81.2%     -   41s
     0     0  133.81954    0 2024  710.79548  133.81954  81.2%     -   41s
     0     0  139.14321    0 2093  710.79548  139.14321  80.4%     -   47s
     0     0  142.52827    0 2054  710.79548  142.52827  79.9%     -   50s
     0     0  142.60337    0 2081  710.79548  142.60337  79.9%     -   50s
     0     0  142.60840    0 2095  710.79548  142.60840  79.9%     -   51s
     0     0  142.60850    0 2094  710.79548  142.60850  79.9%     -   51s
     0     0  143.80935    0 2070  710.79548  143.80935  79.8%     -   56s
     0     0  143.89574    0 2078  710.79548  143.89574  79.8%     -   60s
     0     0  143.90804    0 2074  710.79548  143.90804  79.8%     -   60s
     0     0  143.90938    0 2075  710.79548  143.90938  79.8%     -   60s
     0     0  145.99621    0 2002  710.79548  145.99621  79.5%     -   65s
H    0     0                     604.1880490  145.99621  75.8%     -   68s
H    0     0                     496.7061329  145.99621  70.6%     -  148s
     0     2  145.99621    0 2002  496.70613  145.99621  70.6%     -  153s
     3     8  162.41932    2 2038  496.70613  148.76175  70.1%  1422  157s
    11    16  168.82679    4 2200  496.70613  151.88204  69.4%   694  160s
H   19    24                     495.1440941  152.27165  69.2%   608  169s
H   21    24                     488.3998996  152.46154  68.8%   575  169s
H   22    24                     488.1476650  152.46154  68.8%   568  169s
    29    34  169.46011    9 2143  488.14767  153.72122  68.5%   460  173s
    40    45  169.51877   12 2111  488.14767  153.79370  68.5%   411  176s
    44    51  169.53499   13 2112  488.14767  154.86699  68.3%   418  232s
    58    63  170.11795   18 2109  488.14767  154.86699  68.3%   377  239s
    62    67  170.11831   19 2109  488.14767  154.86699  68.3%   361  244s
    66    81  170.12605   20 2095  488.14767  154.86699  68.3%   351  245s
    80    89  170.14684   23 2089  488.14767  154.86699  68.3%   312  309s
    88   106  170.32798   25 2120  488.14767  154.86699  68.3%   291  314s
H  105   110                     486.5530754  154.86699  68.2%   258  423s
H  106   110                     475.9490280  154.86699  67.5%   257  423s
   109   125  170.63161   31 2063  475.94903  154.86699  67.5%   263  425s
H  124   129                     473.8855955  154.86699  67.3%   279  431s
H  127   129                     457.4061319  154.86699  66.1%   274  431s
H  128   133                     456.5117697  154.86699  66.1%   273  438s
H  129   133                     443.7391491  154.86699  65.1%   274  438s
H  130   133                     427.9669902  154.86699  63.8%   274  438s
   132   158  172.61876   35 1963  427.96699  154.86699  63.8%   278  440s
H  157   162                     392.0636027  154.86699  60.5%   273  448s
   161   183  178.25046   41 2007  392.06360  154.86699  60.5%   268  451s
   184   195  180.13795   49 1794  392.06360  154.86699  60.5%   279  458s
H  186   195                     391.8950164  154.86699  60.5%   277  458s
H  192   195                     391.5262015  154.86699  60.4%   280  458s
   196   215  179.40730   52 1760  391.52620  154.86699  60.4%   286  466s
H  200   215                     389.9942954  154.86699  60.3%   282  466s
   216   239  181.30982   56 1725  389.99430  154.86699  60.3%   271  474s
H  221   239                     389.5302877  154.86699  60.2%   269  474s
H  227   239                     389.0066545  154.86699  60.2%   264  474s
H  240   221                     210.1826950  154.86699  26.3%   257  490s
H  241   221                     191.3441557  154.86699  19.1%   256  490s
H  289   220                     191.3437488  154.86699  19.1%   241  504s
H  291   220                     191.2841047  154.86699  19.0%   240  504s
H  292   220                     191.1302834  154.86699  19.0%   239  504s
   293   235  186.48540   73 1651  191.13028  154.86699  19.0%   239  510s
H  320   218                     190.9962844  154.86699  18.9%   241  517s
   327   243  190.41031   80 1641  190.99628  154.86699  18.9%   252  521s
   368   219     cutoff   40       190.99628  154.95401  18.9%   250  530s
H  369   219                     190.9960312  154.95401  18.9%   249  530s
H  372   219                     190.9201899  154.95401  18.8%   252  530s
H  410   231                     190.8687348  154.95401  18.8%   248  541s
H  411   231                     190.7476173  154.95401  18.8%   248  541s
   414   249  165.84184   14 2112  190.74762  154.95401  18.8%   246  546s
H  421   249                     190.7472248  154.95401  18.8%   243  546s
   433   277  165.86145   18 2105  190.74722  154.95401  18.8%   237  557s
H  445   277                     190.7338415  154.95401  18.8%   235  557s
H  460   276                     190.7072102  154.95401  18.7%   229  557s
   461   310  166.98832   24 1949  190.70721  154.95401  18.7%   229  563s
H  495   307                     190.5599981  154.95401  18.7%   218  563s
H  496   314                     190.4725123  154.95401  18.6%   218  571s
H  497   313                     190.4609075  154.95401  18.6%   217  571s
   503   346  174.58698   35 1822  190.46091  154.95401  18.6%   219  642s
H  531   344                     190.3211917  154.95401  18.6%   208  642s
   538   348  174.59491   38 1827  190.32119  154.95401  18.6%   207  650s
H  542   358                     190.3211908  154.95401  18.6%   206  656s
H  548   358                     190.3211907  154.95401  18.6%   204  656s
H  549   358                     190.3211892  154.95401  18.6%   204  656s
   552   414  176.32876   41 1812  190.32119  154.95401  18.6%   203  665s
   608   493  179.63032   57 1693  190.32119  154.95401  18.6%   192  675s
   696   507     cutoff   82       190.32119  154.95401  18.6%   172  682s
   716   603  183.79138   81 1575  190.32119  155.99790  18.0%   171  688s
H  830   607                     190.2322784  155.99790  18.0%   155  709s
H  831   607                     190.2037441  155.99790  18.0%   154  709s
H  833   607                     189.8802992  155.99790  17.8%   154  709s
   834   706  172.40368  135 1518  189.88030  155.99790  17.8%   155  727s
H  911   706                     189.8798493  155.99790  17.8%   147  727s
H  937   706                     189.8260296  155.99790  17.8%   144  727s
H  938   710                     189.8186386  155.99790  17.8%   144  737s
H  941   710                     189.8179710  155.99790  17.8%   144  737s
   942   775  173.07953  146 1503  189.81797  155.99790  17.8%   144  755s
H  963   775                     189.6927186  155.99790  17.8%   142  755s
  1018   873  173.08210  151 1510  189.69272  155.99790  17.8%   138  768s
H 1042   873                     189.6927095  155.99790  17.8%   136  768s
H 1043   873                     189.6926107  155.99790  17.8%   136  768s
H 1069   873                     189.6916952  155.99790  17.8%   133  768s
  1122   874  189.27139  212 2002  189.69170  155.99790  17.8%   129  784s
  1124   875  164.27272   67 1507  189.69170  155.99790  17.8%   129  797s
  1125   876  188.48779  217 2226  189.69170  155.99790  17.8%   129  807s
  1126   877  172.34413  148 2092  189.69170  155.99790  17.8%   129  815s
  1128   878  176.63998   49 2060  189.69170  155.99790  17.8%   129  820s
  1131   880  177.87730   24 1932  189.69170  155.99790  17.8%   128  836s
  1133   881  171.50443   81 2037  189.69170  155.99790  17.8%   128  842s
  1134   882  178.44068   40 1878  189.69170  155.99790  17.8%   128  851s
  1136   883  183.40574  267 1932  189.69170  155.99790  17.8%   128  857s
  1137   884  183.46435   18 1800  189.69170  155.99790  17.8%   128  862s
  1138   885  173.20100  160 1824  189.69170  158.34894  16.5%   127  865s
  1140   886  162.08561   41 1797  189.69170  158.34894  16.5%   127  870s
H 1140   841                     189.4296229  158.34894  16.4%   127  942s
  1142   845  172.06467   12 1765  189.42962  158.78028  16.2%   169  951s
  1144   849  180.56735   13 2054  189.42962  158.80076  16.2%   171  957s
  1148   851  184.31134   14 2085  189.42962  160.88577  15.1%   177  960s
  1160   852     cutoff   15       189.42962  162.44541  14.2%   183  965s
  1168   853     cutoff   16       189.42962  162.44612  14.2%   184  970s
  1188   863  186.92247   21 2072  189.42962  162.86487  14.0%   185  976s
  1199   867     cutoff   22       189.42962  162.93424  14.0%   188 1021s
  1210   871     cutoff   24       189.42962  163.00425  13.9%   190 1025s
  1217   869     cutoff   24       189.42962  163.23831  13.8%   192 1030s
  1222   872  163.28618   22 1979  189.42962  163.23831  13.8%   195 1035s
  1233   873  167.58776   23 1868  189.42962  163.45199  13.7%   206 1043s
  1237   878  165.85725   25 1863  189.42962  163.45199  13.7%   210 1047s
  1248   881  165.93628   28 1859  189.42962  163.45199  13.7%   212 1050s
  1267   881  166.90788   33 1849  189.42962  163.45199  13.7%   214 1059s
  1273   882  166.91354   34 1846  189.42962  163.45199  13.7%   214 1063s
  1285   880  166.96854   37 1874  189.42962  163.45199  13.7%   214 1066s
  1293   882  166.97646   37 1858  189.42962  163.45199  13.7%   215 1070s
  1308   879  166.99184   40 1855  189.42962  163.45199  13.7%   215 1125s
  1323   889  167.03068   42 1807  189.42962  163.45199  13.7%   216 1133s
  1335   899  168.59699   43 1815  189.42962  163.45199  13.7%   216 1138s
H 1353   854                     189.4280389  163.45199  13.7%   216 1142s
H 1356   813                     189.4149107  163.45199  13.7%   216 1142s
H 1358   774                     189.2943138  163.45199  13.7%   217 1142s
  1359   784  170.36249   45 1840  189.29431  163.45199  13.7%   217 1147s
H 1363   747                     189.2942095  163.45199  13.7%   216 1147s
H 1366   711                     189.2346422  163.45199  13.6%   216 1147s
H 1371   680                     188.9750521  163.45199  13.5%   215 1160s
H 1393   658                     188.8589246  163.45199  13.5%   215 1174s
H 1394   627                     188.7987884  163.45199  13.4%   215 1174s
  1398   636  171.04146   59 1709  188.79879  163.45199  13.4%   215 1214s
  1411   667  171.16520   62 1700  188.79879  163.45199  13.4%   214 1219s
H 1453   642                     188.7951968  163.45199  13.4%   210 1225s
H 1463   611                     188.7938104  163.45199  13.4%   210 1225s
  1472   628  171.12580   65 1712  188.79381  163.45199  13.4%   209 1232s
H 1475   602                     188.7931795  163.45199  13.4%   209 1232s
  1502   622  171.37426   69 1689  188.79318  163.45199  13.4%   208 1268s
H 1518   593                     188.7827896  163.45199  13.4%   207 1268s
H 1535   568                     188.7827885  163.45199  13.4%   206 1314s
H 1536   545                     188.6250413  163.45199  13.3%   206 1314s
  1539   586  171.99079   70 1644  188.62504  163.45199  13.3%   206 1340s
H 1553   561                     188.3929096  163.45199  13.2%   205 1340s
H 1593   535                     188.1886195  163.45199  13.1%   204 1373s
H 1601   513                     187.9904695  163.45199  13.1%   203 1373s
  1605   548  173.12376   80 1643  187.99047  163.45199  13.1%   203 1398s
H 1619   525                     187.9095684  163.45199  13.0%   202 1398s
H 1656   491                     187.5800655  163.45199  12.9%   203 1398s
H 1657   487                     187.5187667  163.45199  12.8%   203 1414s
H 1659   470                     187.5161205  163.45199  12.8%   203 1414s
  1669   522  173.58907   89 1598  187.51612  163.45199  12.8%   203 1440s
H 1683   502                     187.4243451  163.45199  12.8%   201 1440s
H 1723   475                     187.2023251  163.45199  12.7%   200 1440s
H 1724   464                     187.1616423  163.45199  12.7%   200 1498s
H 1726   450                     187.0920249  163.45199  12.6%   200 1498s
  1728   535  173.81589   94 1597  187.09202  163.45199  12.6%   200 1535s
H 1750   516                     187.0920214  163.45199  12.6%   198 1535s
H 1773   502                     187.0919773  163.45199  12.6%   197 1535s
H 1820   504                     187.0653934  163.45199  12.6%   194 1559s
H 1822   504                     187.0424572  163.45199  12.6%   194 1559s
  1824   524  175.65715  100 1607  187.04246  163.45199  12.6%   194 1589s
H 1833   524                     187.0424476  163.45199  12.6%   194 1589s
  1844   534  174.18164  101 1582  187.04245  163.45199  12.6%   193 1625s
H 1849   534                     187.0424474  163.45199  12.6%   193 1625s
  1856   538  174.87022  101 1605  187.04245  163.45199  12.6%   193 1650s
H 1857   537                     186.9793565  163.45199  12.6%   193 1650s
H 1858   537                     186.9234695  163.45199  12.6%   193 1650s
  1860   639  174.24270  101 1588  186.92347  163.45199  12.6%   192 1681s
H 1885   637                     186.7949393  163.45199  12.5%   191 1681s
  1964   640  175.00463  113 1552  186.79494  163.45199  12.5%   185 1707s
H 1965   640                     186.7949348  163.45199  12.5%   185 1707s
H 1967   640                     186.7942798  163.45199  12.5%   184 1707s
H 1968   640                     186.7934753  163.45199  12.5%   184 1707s
  1969   707  175.17108  114 1530  186.79348  163.45199  12.5%   184 1738s
  2045   711  175.86505  119 1518  186.79348  163.45199  12.5%   179 1767s
H 2047   711                     186.7464312  163.45199  12.5%   179 1767s
  2049   794  176.15888  120 1525  186.74643  163.45199  12.5%   178 1802s
H 2069   794                     186.7464249  163.45199  12.5%   177 1802s
H 2111   794                     186.7377983  163.45199  12.5%   174 1802s
H 2133   796                     186.6927285  163.45199  12.4%   173 1830s
H 2134   796                     186.6924438  163.45199  12.4%   173 1831s
H 2136   796                     186.6900976  163.45199  12.4%   173 1831s
H 2137   801                     186.6872463  163.45199  12.4%   173 1852s
  2142   882  177.45153  131 1482  186.68725  163.45199  12.4%   172 1888s
H 2162   882                     186.6872424  163.45199  12.4%   171 1888s
H 2183   882                     186.6865808  163.45199  12.4%   169 1888s
H 2225   882                     186.6062621  163.45199  12.4%   167 1888s
  2226   911  177.30939  145 1473  186.60626  163.45199  12.4%   167 1916s
H 2242   911                     186.5566778  163.45199  12.4%   166 1916s
  2258   915  177.39140  150 1467  186.55668  163.45199  12.4%   165 1965s
  2262  1012  177.40811  151 1464  186.55668  163.45199  12.4%   165 2011s
  2366  1046  178.48876  160 1448  186.55668  163.45199  12.4%   159 2046s
H 2402  1077                     186.5314955  163.45199  12.4%   157 2071s
H 2435  1095                     186.5314931  163.45199  12.4%   155 2105s
H 2435  1095                     186.5095181  163.45199  12.4%   155 2105s
H 2436  1095                     186.5049017  163.45199  12.4%   155 2105s
  2454  1219  178.87755  179 1417  186.50490  163.45199  12.4%   154 2131s
H 2531  1219                     186.5007026  163.45199  12.4%   150 2131s
  2581  1233  179.31476  194 1406  186.50070  163.45199  12.4%   149 2172s
H 2583  1233                     186.5006976  163.45199  12.4%   149 2172s
  2595  1286  179.03912  193 1415  186.50070  163.45199  12.4%   148 2204s
H 2610  1286                     186.4935875  163.45199  12.4%   147 2204s
H 2624  1286                     186.4770097  163.45199  12.3%   146 2204s
H 2652  1333                     186.4624978  163.45199  12.3%   145 2237s
  2707  1419  179.31412  208 1382  186.46250  163.45199  12.3%   147 2271s
H 2723  1419                     186.4522867  163.45199  12.3%   146 2271s
  2802  1497  179.40886  214 1359  186.45229  163.45199  12.3%   143 2314s
H 2851  1497                     186.4484554  163.45199  12.3%   141 2314s
H 2876  1497                     186.4369083  163.45199  12.3%   140 2314s
H 2902  1598                     186.4369076  163.45199  12.3%   144 2357s
H 2928  1598                     186.4369013  163.45199  12.3%   143 2357s
  3006  1669  179.52296  222 1392  186.43690  163.45199  12.3%   139 2396s
H 3031  1669                     186.4223459  163.45199  12.3%   138 2396s
H 3033  1669                     186.4158064  163.45199  12.3%   138 2396s
H 3079  1708                     186.4158053  163.45199  12.3%   136 2437s
H 3084  1708                     186.4158048  163.45199  12.3%   136 2437s
H 3098  1708                     186.4099966  163.45199  12.3%   136 2437s
  3118  1948  179.74708  226 1393  186.41000  163.45199  12.3%   135 2471s
H 3124  1948                     186.4088748  163.45199  12.3%   135 2471s
H 3174  1948                     186.4005072  163.45199  12.3%   133 2471s
H 3373  2019                     186.4005065  163.45199  12.3%   126 2520s
H 3373  2019                     186.4005012  163.45199  12.3%   126 2520s
  3446  2174  179.88510  251 1351  186.40050  163.45199  12.3%   123 2562s
H 3471  2174                     186.4005012  163.45199  12.3%   122 2562s
H 3499  2174                     186.3949312  163.45199  12.3%   121 2562s
  3603  2322  180.11080  260 1333  186.39493  163.45199  12.3%   118 2610s
H 3627  2322                     186.3949222  163.45199  12.3%   117 2610s
H 3766  2322                     186.3947955  163.45199  12.3%   114 2610s
  3767  2639  180.34045  260 1334  186.39480  163.45199  12.3%   114 2648s
H 3802  2639                     186.3945842  163.45199  12.3%   113 2648s
  4118  2886  180.25211  276 1298  186.39458  163.45199  12.3%   105 2688s
H 4189  2886                     186.3945837  163.45199  12.3%   103 2688s
H 4409  3202                     186.3944105  163.45199  12.3%   100 2741s
  4743  3237  180.38690  312 1229  186.39441  163.45199  12.3%  94.4 2790s
  4780  3473 infeasible  322       186.39441  163.45199  12.3%  94.2 2838s
  5050  3612  180.68050  335 1232  186.39441  163.45199  12.3%  90.5 2902s
  5231  3928  181.73664  348 1223  186.39441  163.45199  12.3%  91.3 2963s
  5609  3934  182.01904  379 1166  186.39441  163.45199  12.3%  92.6 3043s
  5615  4315  182.01930  378 1186  186.39441  163.45199  12.3%  92.6 3093s
  6041  4485     cutoff  423       186.39441  163.45199  12.3%  89.1 3139s
  6236  4872  182.32511  431 1057  186.39441  163.45199  12.3%  87.8 3182s
  6629  5174  182.44750  466  992  186.39441  163.45199  12.3%  83.6 3230s
  6934  5492  182.55520  516  903  186.39441  163.45199  12.3%  80.3 3298s
H 6935  5492                     186.3941076  163.45199  12.3%  80.3 3298s
H 6944  5491                     186.3934328  163.45199  12.3%  80.2 3298s
H 7030  5491                     186.3934091  163.45199  12.3%  79.3 3298s
  7263  5864  182.66650  528  929  186.39341  163.45199  12.3%  77.4 3359s
H 7402  5864                     186.3933791  163.45199  12.3%  76.1 3359s
H 7402  5864                     186.3932263  163.45199  12.3%  76.1 3359s
H 7572  5864                     186.3932123  163.45199  12.3%  75.6 3359s
  7671  6231  182.81946  546  917  186.39321  163.45199  12.3%  74.7 3446s
H 7815  6231                     186.3918856  163.45199  12.3%  73.4 3446s
  8167  6595  182.89226  563  888  186.39189  163.45199  12.3%  72.1 3555s
H 8200  6595                     186.3903169  163.45199  12.3%  71.9 3555s
H 8537  6982                     186.3903126  163.45199  12.3%  69.9 3647s
  8934  7233  183.10211  624  830  186.39031  163.45199  12.3%  67.4 3731s
H 9110  7233                     186.3903126  163.45199  12.3%  66.4 3731s
  9278  7601  183.20881  645  815  186.39031  163.45199  12.3%  65.2 3816s
H 9550  7601                     186.3903108  163.45199  12.3%  64.3 3816s
H 9653  7601                     186.3876040  163.45199  12.3%  63.9 3816s
  9675  7866  183.26496  666  783  186.38760  163.45199  12.3%  64.7 3900s
 10009  8262  183.30941  672  768  186.38760  163.45199  12.3%  64.5 3982s
 10453  8597  183.34320  686  759  186.38760  163.45199  12.3%  64.0 4085s
 10816  9184  183.36680  691  747  186.38760  163.45199  12.3%  62.9 4164s
 11488  9533  183.58159  700  741  186.38760  163.45199  12.3%  61.2 4226s
 11903  9523  183.62117  716  732  186.38760  165.12445  11.4%  60.1 4298s
 11970  9769  165.42406   21 1912  186.38760  165.42406  11.2%  60.0 4383s
 12280  9913  174.11456   48 1779  186.38760  165.42406  11.2%  60.2 4455s
 12431 10261  174.88401   63 1663  186.38760  166.96854  10.4%  59.8 4529s
 12903 10356  173.91839   59 1709  186.38760  166.96854  10.4%  60.8 4627s
 13023 10697 infeasible  123       186.38760  167.96308  9.89%  60.8 4705s
 13439 10935  174.94724  169 1491  186.38760  167.96308  9.89%  60.8 4785s
 13711 11312  175.57991  249 1337  186.38760  167.96308  9.89%  60.5 4871s
 14127 11858  176.78668  370 1133  186.38760  167.96308  9.89%  60.5 4943s
 14746 12090  177.77017  538  813  186.38760  167.96308  9.89%  59.7 5021s
 14983 12461  178.22123  685  648  186.38760  167.96308  9.89%  58.9 5095s
 15505 12749     cutoff  742       186.38760  168.11033  9.81%  58.1 5168s
 15897 13053  180.68220   72 1646  186.38760  168.18039  9.77%  57.5 5260s
 16350 13313  174.49862   90 1513  186.38760  168.46527  9.62%  57.1 5335s
 16645 13526  170.19784   74 1628  186.38760  168.46527  9.62%  57.0 5415s
 16925 13883  173.70363  102 1543  186.38760  168.46527  9.62%  57.5 5492s
 17367 14376  175.44401  167 1385  186.38760  168.46527  9.62%  57.8 5561s
 17903 14670  176.10782  230 1307  186.38760  168.46527  9.62%  57.4 5654s
 18242 15211  177.94241  279 1229  186.38760  168.46527  9.62%  56.9 5722s
 18858 15505 infeasible  339       186.38760  168.75483  9.46%  56.0 5800s
 19169 15896  178.01025   69 1727  186.38760  168.75483  9.46%  55.5 5868s
 19563 16242  180.49437  101 1580  186.38760  168.81959  9.43%  54.7 5947s
 19933 16607     cutoff   71       186.38760  168.86611  9.40%  54.2 6022s
 20305 17186  170.19040   61 1664  186.38760  168.86611  9.40%  53.4 6088s
 20910 17517  172.84583  111 1476  186.38760  168.86611  9.40%  52.5 6188s
 21370 18033  173.18740  126 1446  186.38760  168.86611  9.40%  52.0 6259s
 21903 18431  173.61100  178 1356  186.38760  168.86611  9.40%  51.4 6328s
 22325 18807  174.39205  225 1268  186.38760  168.86611  9.40%  51.2 6404s
 22712 19352  175.51113  263 1207  186.38760  168.86611  9.40%  50.8 6465s
 23267 19746  175.05483  329 1096  186.38760  168.86611  9.40%  49.9 6529s
 23667 19960  175.34783  378 1018  186.38760  168.86611  9.40%  49.3 6602s
H23883 20488                     186.3875862  168.86611  9.40%  49.0 6675s
H24282 20488                     186.3874412  168.86611  9.40%  48.3 6675s
 24423 21019  175.53066  456  918  186.38744  168.86611  9.40%  48.1 6773s
 24976 21403  175.73998  532  797  186.38744  168.86611  9.40%  47.2 6847s
 25364 21922  175.85028  593  710  186.38744  168.86611  9.40%  46.7 6910s
 25916 22336  176.20549  677  628  186.38744  168.89858  9.38%  46.0 6972s
 26469 22347  172.95416   50 1743  186.38744  168.89858  9.38%  45.9 7054s
 26480 22511  172.95189   50 1734  186.38744  168.89858  9.38%  45.9 7148s
 26649 22942  176.32810   59 1745  186.38744  168.89858  9.38%  45.8 7202s
 27086 22976  176.42430   63 1732  186.38744  168.89858  9.38%  45.2 7276s
 27120 23394  176.50286   62 1718  186.38744  168.89858  9.38%  45.2 7340s
 27569 23712  185.35299   79 1612  186.38744  168.89858  9.38%  44.8 7400s
 27891 23851 infeasible   81       186.38744  168.92350  9.37%  44.3 7483s
 28043 24104  170.45451   46 1732  186.38744  168.92350  9.37%  44.3 7562s
 28346 24653  170.50952   47 1733  186.38744  168.92350  9.37%  44.0 7619s
 28930 24864  176.76146  140 1456  186.38744  168.92350  9.37%  43.5 7689s
 29172 25138  177.23841  154 1425  186.38744  168.92350  9.37%  43.3 7755s
 29454 25316  177.51757  162 1420  186.38744  168.92350  9.37%  42.9 7818s
 29638 25638  178.25861  208 1344  186.38744  168.92350  9.37%  42.8 7879s
 30012 25748  178.68157  246 1263  186.38744  168.92350  9.37%  42.4 7951s
 30186 26043  178.68590  248 1258  186.38744  168.92350  9.37%  42.3 8047s
 30699 26312  179.21543  310 1140  186.38744  168.92350  9.37%  42.1 8125s
 30972 26687  180.32603  412  987  186.38744  168.92350  9.37%  41.8 8192s
 31350 27057  180.78059  530  770  186.38744  168.92350  9.37%  41.5 8340s
 31771 27661  181.86159  602  738  186.38744  168.95916  9.35%  41.2 8426s
 32443 27684  177.13604  144 1438  186.38744  168.95916  9.35%  40.8 8519s
 32467 28113  177.29040  150 1420  186.38744  168.95916  9.35%  40.7 8582s
 33008 28337  179.06933  251 1258  186.38744  168.95916  9.35%  40.8 8669s
 33414 28588  179.84951  311 1147  186.38744  168.95916  9.35%  40.8 8752s
 33694 28794  180.32671  337 1085  186.38744  168.95916  9.35%  40.9 8843s
 33902 29212  180.55607  369 1030  186.38744  168.95916  9.35%  40.7 8921s
 34453 29391  181.49155  536  802  186.38744  168.98780  9.34%  40.6 9001s
 34764 29568  175.32591   30 1847  186.38744  169.02822  9.31%  41.0 9066s
 35011 29579  176.67683   49 1797  186.38744  169.02822  9.31%  41.5 9137s
 35024 29891  176.70318   50 1762  186.38744  169.02822  9.31%  41.6 9218s
 35372 29971  181.71202  102 1558  186.38744  169.03711  9.31%  42.1 9313s
 35484 30369  176.73910   56 1719  186.38744  169.05428  9.30%  42.2 9428s
 35927 30668  176.53754  120 1431  186.38744  169.05684  9.30%  42.7 9538s
 36266 30928  174.15343   63 1733  186.38744  169.05684  9.30%  43.2 9631s
 36541 31342  178.31769  114 1519  186.38744  169.06212  9.30%  43.2 9717s
 37016 31727  182.80938   46 1747  186.38744  169.08351  9.28%  43.1 9793s
 37439 31938  171.25005   57 1705  186.38744  169.08351  9.28%  43.0 9874s
 37658 32541  171.25527   58 1712  186.38744  169.08351  9.28%  42.8 9942s
 38280 32809  175.95913  201 1394  186.38744  169.08351  9.28%  42.4 10034s
 38548 33412  176.85123  268 1267  186.38744  169.08351  9.28%  42.1 10105s
 39175 33793  177.66050  436  930  186.38744  169.08351  9.28%  41.6 10219s
 39595 34291  178.01657  591  699  186.38744  169.08351  9.28%  41.5 10291s
 40180 34638  178.67824  759  477  186.38744  169.09163  9.28%  41.0 10387s
 40588 35214  172.41843   71 1600  186.38744  169.10064  9.27%  40.8 10447s
 41190 35491  184.18022  113 1540  186.38744  169.10412  9.27%  40.6 10544s
 41505 35949  171.94958   86 1507  186.38744  169.10412  9.27%  40.6 10627s
 41986 36461  175.03999  131 1458  186.38744  169.10412  9.27%  40.4 10713s
H42314 36460                     186.3771315  169.10412  9.27%  40.3 10713s
 42536 36554  176.36333  191 1348  186.37713  169.10412  9.27%  40.1 10784s
H42566 36554                     186.3752033  169.10412  9.27%  40.1 10784s
H42568 36554                     186.3729183  169.10412  9.27%  40.1 10784s
H42618 36554                     186.3691696  169.10412  9.26%  40.1 10784s
H42646 37008                     186.3691658  169.10412  9.26%  40.1 10864s
H42700 37008                     186.3689819  169.10412  9.26%  40.0 10864s
 43116 37428  177.06499  228 1307  186.36898  169.10412  9.26%  40.0 10968s
H43289 37428                     186.3689808  169.10412  9.26%  40.0 10968s
H43289 37427                     186.3646477  169.10412  9.26%  40.0 10968s
 43581 37900  177.41071  255 1262  186.36465  169.10412  9.26%  39.8 11036s
 44119 38004  177.62812  276 1207  186.36465  169.10412  9.26%  39.6 11118s
H44185 38004                     186.3645057  169.10412  9.26%  39.6 11118s
H44186 38004                     186.3616806  169.10412  9.26%  39.6 11118s
 44233 38215  177.63168  276 1218  186.36168  169.10412  9.26%  39.5 11192s
H44334 38215                     186.3616799  169.10412  9.26%  39.5 11192s
 44488 38518  177.78202  290 1185  186.36168  169.10412  9.26%  39.5 11278s
H44574 38518                     186.3601002  169.10412  9.26%  39.5 11278s
H44889 38903                     186.3601002  169.10412  9.26%  39.7 11349s
H45000 38903                     186.3600930  169.10412  9.26%  39.6 11349s
H45001 38903                     186.3585794  169.10412  9.26%  39.6 11349s
H45123 38903                     186.3547942  169.10412  9.26%  39.6 11349s
 45341 39167  178.22111  350 1053  186.35479  169.10412  9.26%  39.9 11441s
H45416 39167                     186.3547941  169.10412  9.26%  39.8 11441s
H45636 39167                     186.3538488  169.10412  9.26%  39.8 11441s
H45637 39577                     186.3538481  169.10412  9.26%  39.8 11527s
H45663 39577                     186.3538479  169.10412  9.26%  39.8 11527s
H46014 39577                     186.3537937  169.10412  9.26%  39.6 11527s
 46077 40025  178.50118  393  993  186.35379  169.10412  9.26%  39.7 11619s
H46325 40025                     186.3537930  169.10412  9.26%  39.6 11619s
 46545 40317  178.64470  454  867  186.35379  169.10412  9.26%  39.5 11705s
H46835 40317                     186.3525518  169.10412  9.26%  39.5 11705s
 46885 40770  178.74666  474  881  186.35255  169.10412  9.26%  39.4 11790s
H47000 40770                     186.3525472  169.10412  9.26%  39.4 11790s
H47068 40770                     186.3523937  169.10412  9.26%  39.4 11790s
 47412 41096  178.94361  524  814  186.35239  169.10412  9.26%  39.7 11864s
 47742 41572  178.99524  547  783  186.35239  169.10412  9.26%  39.5 11926s
 48284 41941  179.05185  563  762  186.35239  169.10412  9.26%  39.2 12009s
 48717 42163  179.10062  581  730  186.35239  169.12829  9.24%  39.3 12111s
 49023 42459     cutoff   47       186.35239  169.13877  9.24%  39.3 12211s
 49355 42737  179.20399   73 1575  186.35239  169.16290  9.22%  39.2 12285s
H49511 42737                     186.3510127  169.18318  9.21%  39.3 12285s
H49679 42928                     186.3510124  169.18318  9.21%  39.2 12421s
H49680 42928                     186.3509077  169.18318  9.21%  39.2 12421s
H49703 42928                     186.3505534  169.18318  9.21%  39.1 12421s
 49872 43249  169.64645   54 1722  186.35055  169.18318  9.21%  39.1 12496s
H49900 43249                     186.3505534  169.18318  9.21%  39.1 12496s
H49962 43249                     186.3505522  169.18318  9.21%  39.1 12496s
H50063 43249                     186.3505425  169.18318  9.21%  39.0 12496s
 50260 43668  173.16741  116 1554  186.35054  169.18318  9.21%  39.0 12565s
 50722 44111  174.61006  253 1367  186.35054  169.18318  9.21%  38.9 12673s
 51203 44531  175.46763  374 1104  186.35054  169.18318  9.21%  38.9 12769s
 51791 44829  176.09282  539  807  186.35054  169.18318  9.21%  39.4 12835s
 52132 45194  180.93587  707  604  186.35054  169.18318  9.21%  39.4 12920s
H52191 45194                     186.3505391  169.18318  9.21%  39.4 12920s
 52507 45441  181.52515  875  398  186.35054  169.25168  9.18%  39.4 13001s
H52789 45441                     186.3505374  169.25168  9.18%  39.6 13001s
 52888 45799  175.70692   82 1486  186.35054  169.26967  9.17%  39.5 13094s
H52989 45799                     186.3505350  169.26967  9.17%  39.6 13094s
 53289 46085  171.17758   62 1666  186.35054  169.26967  9.17%  39.5 13169s
H53584 46357                     186.3505328  169.26967  9.17%  39.4 13256s
 53979 46476 infeasible   54       186.35053  169.27940  9.16%  39.6 13390s
H53982 46476                     186.3505324  169.27940  9.16%  39.6 13390s
 54112 46926  169.37001   44 1723  186.35053  169.29462  9.15%  39.6 13478s
H54116 46926                     186.3505323  169.29462  9.15%  39.6 13478s
H54117 46926                     186.3505315  169.29462  9.15%  39.6 13478s
H54376 46926                     186.3504984  169.29462  9.15%  39.6 13479s
 54658 47313  172.32451   69 1646  186.35050  169.29978  9.15%  40.1 13597s
H54926 47313                     186.3504984  169.29978  9.15%  40.1 13597s
 55090 47674  174.09834   90 1513  186.35050  169.29978  9.15%  40.5 13677s
 55490 48199  180.53176  156 1401  186.35050  169.29978  9.15%  40.4 13768s
 56105 48447  185.35456  320 1066  186.35050  169.30182  9.15%  40.5 13870s
 56402 48760  184.88617  127 1440  186.35050  169.33922  9.13%  40.6 13961s
H56830 48760                     186.3504984  169.33922  9.13%  41.1 13961s
 56831 49176  170.13711   56 1702  186.35050  169.33922  9.13%  41.1 14044s
 57361 49648 infeasible  184       186.35050  169.34680  9.12%  41.5 14125s
 57906 50000  177.34114   57 1699  186.35050  169.38624  9.10%  41.7 14295s
H58188 50000                     186.3477914  169.38624  9.10%  41.7 14295s
 58289 50352  177.39840   99 1578  186.34779  169.38624  9.10%  41.7 14390s
 58693 50483  179.81479  211 1461  186.34779  169.38624  9.10%  41.6 14484s
 58827 50958  181.65736  292 1258  186.34779  169.40600  9.09%  41.5 14574s
 59373 51383  170.52201   58 1677  186.34779  169.40600  9.09%  41.5 14646s
 59836 51823  181.61816  137 1412  186.34779  169.40600  9.09%  41.6 14755s
 60298 52196  184.88824  263 1150  186.34779  169.42205  9.08%  41.4 14849s
 60781 52200  172.71691   54 1702  186.34779  169.42392  9.08%  41.5 15041s
 60785 52301  172.74165   55 1682  186.34779  169.42392  9.08%  41.5 15231s
 60889 52532  177.32252   81 1543  186.34779  169.42725  9.08%  41.5 15358s
 61147 52719  170.72660   46 1787  186.34779  169.42725  9.08%  41.5 15471s
 61341 53271  170.78814   47 1778  186.34779  169.43188  9.08%  41.5 15558s
 61969 53274  181.42210  123 1426  186.34779  169.43188  9.08%  41.5 15738s
 61973 53512  181.42225  124 1426  186.34779  169.43188  9.08%  41.5 15833s
 62221 53838  182.63167  150 1376  186.34779  169.43742  9.07%  41.3 15932s
 62576 53884  177.17499   60 1656  186.34779  169.43742  9.07%  41.2 16048s
 62658 53888  177.68686   61 1653  186.34779  169.43742  9.07%  41.2 16222s
 62662 54329  177.28760   61 1655  186.34779  169.43820  9.07%  41.2 16293s
 63188 54341  177.16684   54 1728  186.34779  169.43820  9.07%  41.2 16515s
 63200 54930  177.26502   55 1707  186.34779  169.43853  9.07%  41.2 16674s
 63872 55025     cutoff  165       186.34779  169.43853  9.07%  41.1 16773s
 63971 55213 infeasible  193       186.34779  169.43945  9.07%  41.1 16881s
 64323 55669  181.75581   84 1537  186.34779  169.44862  9.07%  41.1 16975s
 64868 55736  176.85270   46 1734  186.34779  169.44974  9.07%  41.4 17103s
 64961 55820  177.90368   66 1675  186.34779  169.45787  9.06%  41.5 17226s
 65082 56232  176.28007   76 1563  186.34779  169.46382  9.06%  41.7 17339s
 65623 56278  175.81231   79 1519  186.34779  169.46635  9.06%  42.3 17445s
 65671 56422  175.82750   80 1518  186.34779  169.47109  9.06%  42.3 17566s
 65846 56705  176.78460   66 1828  186.34779  169.47109  9.06%  42.4 17672s
 66247 57089  184.83633   97 1662  186.34779  169.48609  9.05%  42.5 17813s
 66725 57386  174.17680   91 1598  186.34779  169.48609  9.05%  42.6 17943s
 67036 57761  176.78569  167 1517  186.34779  169.48609  9.05%  42.5 18063s
 67463 58297  178.51151  288 1244  186.34779  169.48609  9.05%  42.4 18208s
 68024 58751  179.33309  456  922  186.34779  169.48609  9.05%  42.3 18337s
 68539 59178  179.71288  624  677  186.34779  169.48609  9.05%  42.6 18455s
 69034 59650  185.96138  792  481  186.34779  169.51117  9.04%  42.5 18567s
 69643 60038 infeasible  119       186.34779  169.51797  9.03%  42.7 18680s
 70079 60210  170.34342   62 1691  186.34779  169.51797  9.03%  42.7 18812s
 70271 60748  177.71445  108 1480  186.34779  169.52049  9.03%  42.7 18900s
 70912 61168  171.17209   54 1692  186.34779  169.52652  9.03%  42.7 19005s
 71401 61657 infeasible   97       186.34779  169.53000  9.02%  42.8 19109s
 71921 62027  177.37068  170 1439  186.34779  169.53000  9.02%  42.9 19224s
 72341 62399  180.49147  306 1191  186.34779  169.53000  9.02%  42.8 19334s
 72797 62752  181.26848  474  874  186.34779  169.53395  9.02%  42.7 19432s
 73222 63126  175.37578   95 1519  186.34779  169.53395  9.02%  42.6 19547s
 73686 63185  179.53840  226 1271  186.34779  169.53395  9.02%  42.8 19692s
 73754 63831  179.76605  238 1242  186.34779  169.53395  9.02%  42.8 19777s
 74426 64112  180.77536  406  903  186.34779  169.53395  9.02%  42.6 19849s
 74758 64577  181.07036  481  764  186.34779  169.54767  9.02%  42.6 19912s
 75276 64951  180.16501  110 1486  186.34779  169.54767  9.02%  42.4 19970s
 75681 65008  182.13695  134 1440  186.34779  169.55286  9.01%  42.3 20087s
 75750 65271  169.81611   63 1708  186.34779  169.55286  9.01%  42.3 20183s
 76041 65631  170.30123   71 1612  186.34779  169.55286  9.01%  42.2 20300s
 76403 65846  176.41194  131 1517  186.34779  169.55286  9.01%  42.1 20371s
 76642 65936  176.88036  155 1446  186.34779  169.55286  9.01%  42.0 20483s
 76866 65987  177.38864  197 1365  186.34779  169.55286  9.01%  42.1 20578s
 77094 66209  179.24155  232 1370  186.34779  169.55286  9.01%  42.2 20675s
 77416 66618  180.01926  347 1096  186.34779  169.55286  9.01%  42.3 20759s
 77901 66739  180.73441  515  787  186.34779  169.55601  9.01%  42.3 20868s
 78062 67024  178.12027   57 1702  186.34779  169.57399  9.00%  42.4 21089s
 78426 67381  176.34658  102 1541  186.34779  169.57888  9.00%  42.5 21169s
 78821 67749  178.16417  136 1413  186.34779  169.57888  9.00%  42.4 21254s
 79214 68279  179.88509  225 1266  186.34779  169.57888  9.00%  42.3 21340s
 79886 68426     cutoff  355       186.34779  169.57980  9.00%  42.4 21438s
 80099 68522  175.65642   62 1712  186.34779  169.57980  9.00%  42.6 21524s
 80362 68772  175.71488   64 1699  186.34779  169.57980  9.00%  42.5 21602s
 80632 69089  182.17531  103 1572  186.34779  169.58782  8.99%  42.6 21692s
 80981 69481  175.82046   93 1522  186.34779  169.59022  8.99%  42.7 21793s
 81473 69776  175.95489  107 1435  186.34779  169.59022  8.99%  43.0 21921s
 81826 70361  179.45207  222 1287  186.34779  169.59022  8.99%  43.2 22002s
 82440 70548  180.96844  390  998  186.34779  169.59022  8.99%  43.0 22096s
 82631 71101  181.25557  451  865  186.34779  169.59979  8.99%  43.0 22176s
 83255 71579  179.69917  122 1534  186.34779  169.59979  8.99%  43.0 22267s
 83762 72132  180.57802  169 1421  186.34779  169.60222  8.99%  42.9 22336s
 84396 72576  170.90740   55 1758  186.34779  169.60239  8.99%  42.7 22503s
 84893 72840  169.93336   60 1664  186.34779  169.60239  8.99%  42.7 22602s
 85210 73237  170.54994   68 1605  186.34779  169.60353  8.99%  42.7 22709s
 85798 73566  171.49412   65 1654  186.34779  169.60353  8.99%  43.0 22805s
 86253 73851  179.56741  165 1322  186.34779  169.61691  8.98%  43.1 22890s
 86603 74216  170.87297   67 1662  186.34779  169.61691  8.98%  43.2 22975s
 87041 74459  179.29031  181 1380  186.34779  169.61691  8.98%  43.4 23061s
 87299 74878  179.86410  215 1338  186.34779  169.61691  8.98%  43.4 23151s
 87826 75124  180.82528  317 1070  186.34779  169.61691  8.98%  43.6 23246s
 88139 75543  183.18675  370 1046  186.34779  169.62995  8.97%  43.8 23331s
 88672 75626  182.56142   88 1522  186.34779  169.63201  8.97%  44.4 23455s
 88786 76021  170.95185   56 1732  186.34779  169.63559  8.97%  44.4 23537s
 89224 76262  177.76180  129 1466  186.34779  169.63640  8.97%  44.5 23620s
 89582 76734  177.89414   55 1642  186.34779  169.64618  8.96%  44.7 23724s
 90119 76911  177.45465  103 1492  186.34779  169.64627  8.96%  44.8 23851s
 90305 77334  179.54138  129 1462  186.34779  169.64627  8.96%  44.7 23983s
 90851 77665  181.80985  214 1308  186.34779  169.64645  8.96%  44.9 24113s
 91270 78147  170.11211   64 1699  186.34779  169.64645  8.96%  45.2 24264s
 91862 78507  179.51399  200 1288  186.34779  169.64645  8.96%  45.3 24364s
 92223 79046  179.94435  239 1202  186.34779  169.64675  8.96%  45.2 24452s
 92811 79591  176.16001   76 1675  186.34779  169.64675  8.96%  45.0 24531s
 93382 79632  180.22519  127 1567  186.34779  169.64675  8.96%  44.9 24687s
 93423 80162  180.43262  129 1572  186.34779  169.64675  8.96%  44.9 24769s
 93978 80638  181.81275  169 1547  186.34779  169.64675  8.96%  44.8 24855s
 94533 81000  182.54760  197 1530  186.34779  169.64903  8.96%  44.8 24974s
 94981 81447  180.45420   72 1594  186.34779  169.65464  8.96%  44.7 25089s
 95489 81805  181.11039  101 1508  186.34779  169.65464  8.96%  44.7 25151s
 95869 82119  182.62891  132 1443  186.34779  169.65699  8.96%  44.6 25218s
 96338 82134  179.94320  133 1451  186.34779  169.65699  8.96%  44.7 25325s
 96457 82315  180.41624  139 1423  186.34779  169.66208  8.95%  44.9 25426s
 96762 82714  170.60259   75 1563  186.34779  169.67297  8.95%  45.0 25511s
 97325 82722  174.17090   68 1594  186.34779  169.67297  8.95%  45.1 25603s
 97333 83005  174.44334   69 1603  186.34779  169.67297  8.95%  45.1 25673s
 97702 83096  176.79784  106 1496  186.34779  169.67297  8.95%  45.3 25755s
 97820 83369 infeasible  121       186.34779  169.67297  8.95%  45.5 25864s
 98187 83553  180.18866  128 1441  186.34779  169.67297  8.95%  45.6 25961s
 98381 83987  184.82561  154 1427  186.34779  169.68131  8.94%  45.6 26057s
 98924 84135  170.04971   63 1682  186.34779  169.68699  8.94%  45.7 26167s
 99084 84580  170.05823   64 1681  186.34779  169.68699  8.94%  45.7 26236s
 99591 84842  177.63672  156 1487  186.34779  169.68699  8.94%  45.7 26324s
 99859 85418  180.02739  266 1288  186.34779  169.68699  8.94%  45.6 26400s
 100505 85822  181.31615  434  955  186.34779  169.69124  8.94%  45.5 26479s
 101051 85994  179.76460  114 1540  186.34779  169.69562  8.94%  45.5 26581s
 101328 86091  183.26968  164 1434  186.34779  169.69723  8.94%  45.5 26666s
 101462 86490  177.52784   79 1573  186.34779  169.69723  8.94%  45.5 26750s
 101943 86557  181.92704  136 1443  186.34779  169.69723  8.94%  45.8 26831s
 102013 87050  182.60181  148 1436  186.34779  169.70460  8.93%  45.8 26895s
 102591 87334     cutoff   97       186.34779  169.70617  8.93%  45.8 26979s
 102890 87730  170.16701   63 1642  186.34779  169.70617  8.93%  45.7 27062s
 103372 87919  175.55042   98 1531  186.34779  169.70617  8.93%  45.7 27144s
 103594 88203  177.58952  127 1462  186.34779  169.70617  8.93%  45.8 27237s
 103910 88430  178.80708  209 1362  186.34779  169.70617  8.93%  45.8 27311s
 104143 88650  179.83231  330 1125  186.34779  169.70617  8.93%  45.8 27458s
 104403 88944  180.47465  395 1042  186.34779  169.70617  8.93%  45.8 27552s
 104760 89303  180.84205  541  977  186.34779  169.70881  8.93%  45.8 27642s
 105259 89471  177.42958  116 1457  186.34779  169.70881  8.93%  46.0 27747s
 105451 90092  179.62965  189 1322  186.34779  169.71612  8.93%  46.0 27820s
 106123 90242  177.28764   52 1745  186.34779  169.71612  8.93%  46.0 27960s
 106277 90713  177.31702   53 1745  186.34779  169.71612  8.93%  45.9 28039s
 106772 90976  180.49206   77 1583  186.34779  169.71612  8.93%  45.8 28136s
 107078 91242  182.86897   78 1575  186.34779  169.71679  8.92%  45.8 28284s
 107394 91527  176.06058   85 1499  186.34779  169.71679  8.92%  45.7 28397s
 107916 91708  180.77178  181 1290  186.34779  169.71913  8.92%  46.2 28515s
 108147 91987  175.18301  106 1616  186.34779  169.72332  8.92%  46.3 28614s
 108474 92362  177.56594  211 1419  186.34779  169.72332  8.92%  46.3 28723s
 108925 92480  180.82295  379 1090  186.34779  169.72332  8.92%  46.5 28800s

Cutting planes:
  Learned: 31
  Gomory: 11
  Cover: 220
  Implied bound: 494
  Clique: 109
  MIR: 1032
  Flow cover: 2222
  GUB cover: 2
  Zero half: 4
  RLT: 1194
  Relax-and-lift: 362

Explored 109091 nodes (5105514 simplex iterations) in 28800.34 seconds
Thread count was 4 (of 32 available processors)

Solution count 10: 186.348 186.35 186.35 ... 186.351

Time limit reached
Best objective 1.863477914492e+02, best bound 1.697233165780e+02, gap 8.9212%

Gurobi 9.1.0 (linux64) logging started Tue Jan  4 05:13:16 2022

Changed value of parameter LogFile to eab_parasitoid_0.6_1_2_bud.log
   Prev:   Default: 
Changed value of parameter MIPGap to 0.01
   Prev: 0.0001  Min: 0.0  Max: inf  Default: 0.0001
Changed value of parameter MIPFocus to 1
   Prev: 0  Min: 0  Max: 3  Default: 0
Changed value of parameter RINS to 100
   Prev: -1  Min: -1  Max: 2000000000  Default: -1
Changed value of parameter TimeLimit to 28800.0
   Prev: inf  Min: 0.0  Max: inf  Default: inf
Changed value of parameter NodeFileStart to 10000.0
   Prev: inf  Min: 0.0  Max: inf  Default: inf
Changed value of parameter Threads to 4
   Prev: 0  Min: 0  Max: 1024  Default: 0
Changed value of parameter Heuristics to 1.0
   Prev: 0.05  Min: 0.0  Max: 1.0  Default: 0.05
Gurobi Optimizer version 9.1.0 build v9.1.0rc0 (linux64)
Thread count: 32 physical cores, 32 logical processors, using up to 4 threads
Optimize a model with 381543 rows, 174513 columns and 1305866 nonzeros
Model fingerprint: 0x956af64b
Variable types: 77367 continuous, 97146 integer (97146 binary)
Coefficient statistics:
  Matrix range     [2e-04, 6e+03]
  Objective range  [1e-06, 1e-01]
  Bounds range     [1e+00, 6e+03]
  RHS range        [1e-04, 7e+03]

User MIP start produced solution with objective 711.54 (7.15s)
User MIP start produced solution with objective 711.424 (7.25s)
User MIP start produced solution with objective 711.418 (7.74s)
User MIP start produced solution with objective 710.796 (8.14s)
Loaded user MIP start with objective 710.796
Processed MIP start in 8.17 seconds

Presolve removed 224423 rows and 80286 columns (presolve time = 5s) ...
Presolve removed 259848 rows and 104274 columns
Presolve time: 8.22s
Presolved: 121695 rows, 70239 columns, 627062 nonzeros
Variable types: 32160 continuous, 38079 integer (38079 binary)

Deterministic concurrent LP optimizer: primal and dual simplex (primal and dual model)
Showing first log only...

Presolve removed 159 rows and 159 columns
Presolved: 121536 rows, 70080 columns, 626699 nonzeros


Root simplex log...

Iteration    Objective       Primal Inf.    Dual Inf.      Time
       0    1.3641145e+02   3.108547e+02   2.233518e+09     17s
Concurrent spin time: 0.00s

Solved with dual simplex (primal model)

Root relaxation: objective 1.278350e+02, 5871 iterations, 0.92 seconds

    Nodes    |    Current Node    |     Objective Bounds      |     Work
 Expl Unexpl |  Obj  Depth IntInf | Incumbent    BestBd   Gap | It/Node Time

     0     0  127.83500    0 1263  710.79554  127.83500  82.0%     -   24s
     0     0  129.85301    0 2236  710.79554  129.85301  81.7%     -   32s
     0     0  131.31617    0 2237  710.79554  131.31617  81.5%     -   35s
     0     0  131.33413    0 2238  710.79554  131.33413  81.5%     -   36s
     0     0  131.33522    0 2236  710.79554  131.33522  81.5%     -   36s
     0     0  131.33530    0 2236  710.79554  131.33530  81.5%     -   36s
     0     0  133.60354    0 2087  710.79554  133.60354  81.2%     -   41s
H    0     0                     710.7954804  133.60354  81.2%     -   45s
     0     0  133.76349    0 2023  710.79548  133.76349  81.2%     -   45s
     0     0  133.81585    0 2013  710.79548  133.81585  81.2%     -   46s
     0     0  133.81926    0 2028  710.79548  133.81926  81.2%     -   47s
     0     0  133.81954    0 2024  710.79548  133.81954  81.2%     -   47s
     0     0  139.14321    0 2093  710.79548  139.14321  80.4%     -   54s
     0     0  142.52827    0 2054  710.79548  142.52827  79.9%     -   57s
     0     0  142.60337    0 2081  710.79548  142.60337  79.9%     -   57s
     0     0  142.60840    0 2095  710.79548  142.60840  79.9%     -   58s
     0     0  142.60850    0 2094  710.79548  142.60850  79.9%     -   58s
     0     0  143.80935    0 2070  710.79548  143.80935  79.8%     -   64s
     0     0  143.89574    0 2078  710.79548  143.89574  79.8%     -   67s
     0     0  143.90804    0 2074  710.79548  143.90804  79.8%     -   68s
     0     0  143.90938    0 2075  710.79548  143.90938  79.8%     -   68s
     0     0  145.99621    0 2002  710.79548  145.99621  79.5%     -   73s
H    0     0                     604.1880490  145.99621  75.8%     -   77s
H    0     0                     496.7061329  145.99621  70.6%     -  162s
     0     2  145.99621    0 2002  496.70613  145.99621  70.6%     -  167s
     3     8  162.41932    2 2038  496.70613  148.76175  70.1%  1422  171s
    11    16  168.82679    4 2200  496.70613  151.88204  69.4%   694  175s
H   19    24                     495.1440941  152.27165  69.2%   608  183s
H   21    24                     488.3998996  152.46154  68.8%   575  183s
H   22    24                     488.1476650  152.46154  68.8%   568  183s
    29    34  169.46011    9 2143  488.14767  153.72122  68.5%   460  187s
    40    45  169.51877   12 2111  488.14767  153.79370  68.5%   411  190s
    44    51  169.53499   13 2112  488.14767  154.86699  68.3%   418  251s
    58    63  170.11795   18 2109  488.14767  154.86699  68.3%   377  257s
    62    67  170.11831   19 2109  488.14767  154.86699  68.3%   361  262s
    80    89  170.14684   23 2089  488.14767  154.86699  68.3%   312  328s
    88   106  170.32798   25 2120  488.14767  154.86699  68.3%   291  333s
H  105   110                     486.5530754  154.86699  68.2%   258  439s
H  106   110                     475.9490280  154.86699  67.5%   257  439s
   109   125  170.63161   31 2063  475.94903  154.86699  67.5%   263  441s
H  124   129                     473.8855955  154.86699  67.3%   279  447s
H  127   129                     457.4061319  154.86699  66.1%   274  447s
H  128   133                     456.5117697  154.86699  66.1%   273  453s
H  129   133                     443.7391491  154.86699  65.1%   274  453s
H  130   133                     427.9669902  154.86699  63.8%   274  453s
   132   158  172.61876   35 1963  427.96699  154.86699  63.8%   278  455s
H  157   162                     392.0636027  154.86699  60.5%   273  463s
   161   183  178.25046   41 2007  392.06360  154.86699  60.5%   268  466s
   184   195  180.13795   49 1794  392.06360  154.86699  60.5%   279  473s
H  186   195                     391.8950164  154.86699  60.5%   277  473s
H  192   195                     391.5262015  154.86699  60.4%   280  473s
   196   215  179.40730   52 1760  391.52620  154.86699  60.4%   286  482s
H  200   215                     389.9942954  154.86699  60.3%   282  482s
   216   239  181.30982   56 1725  389.99430  154.86699  60.3%   271  490s
H  221   239                     389.5302877  154.86699  60.2%   269  490s
H  227   239                     389.0066545  154.86699  60.2%   264  490s
H  240   221                     210.1826950  154.86699  26.3%   257  506s
H  241   221                     191.3441557  154.86699  19.1%   256  506s
H  289   220                     191.3437488  154.86699  19.1%   241  520s
H  291   220                     191.2841047  154.86699  19.0%   240  520s
H  292   220                     191.1302834  154.86699  19.0%   239  520s
   293   235  186.48540   73 1651  191.13028  154.86699  19.0%   239  526s
H  320   218                     190.9962844  154.86699  18.9%   241  533s
   327   243  190.41031   80 1641  190.99628  154.86699  18.9%   252  536s
   368   219     cutoff   40       190.99628  154.95401  18.9%   250  545s
H  369   219                     190.9960312  154.95401  18.9%   249  545s
H  372   219                     190.9201899  154.95401  18.8%   252  545s
H  410   231                     190.8687348  154.95401  18.8%   248  556s
H  411   231                     190.7476173  154.95401  18.8%   248  556s
   414   249  165.84184   14 2112  190.74762  154.95401  18.8%   246  562s
H  421   249                     190.7472248  154.95401  18.8%   243  562s
   433   277  165.86145   18 2105  190.74722  154.95401  18.8%   237  573s
H  445   277                     190.7338415  154.95401  18.8%   235  573s
H  460   276                     190.7072102  154.95401  18.7%   229  573s
   461   310  166.98832   24 1949  190.70721  154.95401  18.7%   229  578s
H  495   307                     190.5599981  154.95401  18.7%   218  578s
H  496   314                     190.4725123  154.95401  18.6%   218  587s
H  497   313                     190.4609075  154.95401  18.6%   217  587s
   503   346  174.58698   35 1822  190.46091  154.95401  18.6%   219  661s
H  531   344                     190.3211917  154.95401  18.6%   208  661s
   538   348  174.59491   38 1827  190.32119  154.95401  18.6%   207  668s
H  542   358                     190.3211908  154.95401  18.6%   206  674s
H  548   358                     190.3211907  154.95401  18.6%   204  675s
H  549   358                     190.3211892  154.95401  18.6%   204  675s
   552   414  176.32876   41 1812  190.32119  154.95401  18.6%   203  683s
   608   493  179.63032   57 1693  190.32119  154.95401  18.6%   192  692s
   696   507     cutoff   82       190.32119  154.95401  18.6%   172  700s
   716   603  183.79138   81 1575  190.32119  155.99790  18.0%   171  706s
H  830   607                     190.2322784  155.99790  18.0%   155  727s
H  831   607                     190.2037441  155.99790  18.0%   154  727s
H  833   607                     189.8802992  155.99790  17.8%   154  727s
   834   706  172.40368  135 1518  189.88030  155.99790  17.8%   155  744s
H  911   706                     189.8798493  155.99790  17.8%   147  744s
H  937   706                     189.8260296  155.99790  17.8%   144  744s
H  938   710                     189.8186386  155.99790  17.8%   144  755s
H  941   710                     189.8179710  155.99790  17.8%   144  755s
   942   775  173.07953  146 1503  189.81797  155.99790  17.8%   144  773s
H  963   775                     189.6927186  155.99790  17.8%   142  773s
  1018   873  173.08210  151 1510  189.69272  155.99790  17.8%   138  786s
H 1042   873                     189.6927095  155.99790  17.8%   136  786s
H 1043   873                     189.6926107  155.99790  17.8%   136  786s
H 1069   873                     189.6916952  155.99790  17.8%   133  786s
  1122   874  189.27139  212 2002  189.69170  155.99790  17.8%   129  803s
  1124   875  164.27272   67 1507  189.69170  155.99790  17.8%   129  815s
  1125   876  188.48779  217 2226  189.69170  155.99790  17.8%   129  825s
  1126   877  172.34413  148 2092  189.69170  155.99790  17.8%   129  832s
  1127   877  178.24789  160 2038  189.69170  155.99790  17.8%   129  836s
  1131   880  177.87730   24 1932  189.69170  155.99790  17.8%   128  853s
  1132   881  173.26431  150 2035  189.69170  155.99790  17.8%   128  855s
  1134   882  178.44068   40 1878  189.69170  155.99790  17.8%   128  867s
  1136   883  183.40574  267 1932  189.69170  155.99790  17.8%   128  872s
  1137   884  183.46435   18 1800  189.69170  155.99790  17.8%   128  877s
  1139   885  177.18051  129 1824  189.69170  158.34894  16.5%   127  881s
H 1140   841                     189.4296229  158.34894  16.4%   127  960s
  1142   845  172.06467   12 1765  189.42962  158.78028  16.2%   169  969s
  1144   849  180.56735   13 2054  189.42962  158.80076  16.2%   171  976s
  1152   852     cutoff   14       189.42962  160.88577  15.1%   181  981s
  1164   853  184.70670   16 2079  189.42962  162.44541  14.2%   184  985s
  1178   857  186.42881   19 2064  189.42962  162.69658  14.1%   185  991s
  1188   863  186.92247   21 2072  189.42962  162.86487  14.0%   185  996s
  1199   867     cutoff   22       189.42962  162.93424  14.0%   188 1043s
  1204   870     cutoff   23       189.42962  162.93424  14.0%   190 1045s
  1217   869     cutoff   24       189.42962  163.23831  13.8%   192 1052s
  1222   872  163.28618   22 1979  189.42962  163.23831  13.8%   195 1058s
  1228   875  165.82889   24 1867  189.42962  163.28618  13.8%   201 1060s
  1233   873  167.58776   23 1868  189.42962  163.45199  13.7%   206 1066s
  1237   878  165.85725   25 1863  189.42962  163.45199  13.7%   210 1070s
  1257   880  166.12088   31 1855  189.42962  163.45199  13.7%   213 1076s
  1267   881  166.90788   33 1849  189.42962  163.45199  13.7%   214 1081s
  1273   882  166.91354   34 1846  189.42962  163.45199  13.7%   214 1085s
  1293   882  166.97646   37 1858  189.42962  163.45199  13.7%   215 1093s
  1308   879  166.99184   40 1855  189.42962  163.45199  13.7%   215 1148s
  1314   882  167.02797   41 1815  189.42962  163.45199  13.7%   215 1152s
  1323   889  167.03068   42 1807  189.42962  163.45199  13.7%   216 1156s
  1335   899  168.59699   43 1815  189.42962  163.45199  13.7%   216 1161s
H 1353   854                     189.4280389  163.45199  13.7%   216 1166s
H 1356   813                     189.4149107  163.45199  13.7%   216 1166s
H 1358   774                     189.2943138  163.45199  13.7%   217 1166s
  1359   784  170.36249   45 1840  189.29431  163.45199  13.7%   217 1171s
H 1363   747                     189.2942095  163.45199  13.7%   216 1171s
H 1366   711                     189.2346422  163.45199  13.6%   216 1171s
H 1371   680                     188.9750521  163.45199  13.5%   215 1184s
  1375   690  170.62883   50 1812  188.97505  163.45199  13.5%   215 1189s
H 1393   658                     188.8589246  163.45199  13.5%   215 1199s
H 1394   627                     188.7987884  163.45199  13.4%   215 1199s
  1398   636  171.04146   59 1709  188.79879  163.45199  13.4%   215 1240s
H 1453   642                     188.7951968  163.45199  13.4%   210 1250s
H 1463   611                     188.7938104  163.45199  13.4%   210 1250s
  1472   628  171.12580   65 1712  188.79381  163.45199  13.4%   209 1258s
H 1475   602                     188.7931795  163.45199  13.4%   209 1258s
  1502   622  171.37426   69 1689  188.79318  163.45199  13.4%   208 1294s
H 1518   593                     188.7827896  163.45199  13.4%   207 1294s
H 1535   568                     188.7827885  163.45199  13.4%   206 1340s
H 1536   545                     188.6250413  163.45199  13.3%   206 1340s
  1539   586  171.99079   70 1644  188.62504  163.45199  13.3%   206 1367s
H 1553   561                     188.3929096  163.45199  13.2%   205 1367s
H 1593   535                     188.1886195  163.45199  13.1%   204 1401s
H 1601   513                     187.9904695  163.45199  13.1%   203 1401s
  1605   548  173.12376   80 1643  187.99047  163.45199  13.1%   203 1427s
H 1619   525                     187.9095684  163.45199  13.0%   202 1427s
H 1656   491                     187.5800655  163.45199  12.9%   203 1427s
H 1657   487                     187.5187667  163.45199  12.8%   203 1445s
H 1659   470                     187.5161205  163.45199  12.8%   203 1445s
  1669   522  173.58907   89 1598  187.51612  163.45199  12.8%   203 1471s
H 1683   502                     187.4243451  163.45199  12.8%   201 1471s
H 1723   475                     187.2023251  163.45199  12.7%   200 1471s
H 1724   464                     187.1616423  163.45199  12.7%   200 1531s
H 1726   450                     187.0920249  163.45199  12.6%   200 1531s
  1728   535  173.81589   94 1597  187.09202  163.45199  12.6%   200 1569s
H 1750   516                     187.0920214  163.45199  12.6%   198 1569s
H 1773   502                     187.0919773  163.45199  12.6%   197 1569s
H 1820   504                     187.0653934  163.45199  12.6%   194 1593s
H 1822   504                     187.0424572  163.45199  12.6%   194 1593s
  1824   524  175.65715  100 1607  187.04246  163.45199  12.6%   194 1623s
H 1833   524                     187.0424476  163.45199  12.6%   194 1623s
  1844   534  174.18164  101 1582  187.04245  163.45199  12.6%   193 1659s
H 1849   534                     187.0424474  163.45199  12.6%   193 1659s
  1856   538  174.87022  101 1605  187.04245  163.45199  12.6%   193 1684s
H 1857   537                     186.9793565  163.45199  12.6%   193 1684s
H 1858   537                     186.9234695  163.45199  12.6%   193 1684s
  1860   639  174.24270  101 1588  186.92347  163.45199  12.6%   192 1716s
H 1885   637                     186.7949393  163.45199  12.5%   191 1716s
  1964   640  175.00463  113 1552  186.79494  163.45199  12.5%   185 1741s
H 1965   640                     186.7949348  163.45199  12.5%   185 1741s
H 1967   640                     186.7942798  163.45199  12.5%   184 1741s
H 1968   640                     186.7934753  163.45199  12.5%   184 1741s
  1969   707  175.17108  114 1530  186.79348  163.45199  12.5%   184 1773s
  2045   711  175.86505  119 1518  186.79348  163.45199  12.5%   179 1802s
H 2047   711                     186.7464312  163.45199  12.5%   179 1802s
  2049   794  176.15888  120 1525  186.74643  163.45199  12.5%   178 1838s
H 2069   794                     186.7464249  163.45199  12.5%   177 1838s
H 2111   794                     186.7377983  163.45199  12.5%   174 1838s
H 2133   796                     186.6927285  163.45199  12.4%   173 1866s
H 2134   796                     186.6924438  163.45199  12.4%   173 1866s
H 2136   796                     186.6900976  163.45199  12.4%   173 1866s
H 2137   801                     186.6872463  163.45199  12.4%   173 1889s
  2142   882  177.45153  131 1482  186.68725  163.45199  12.4%   172 1924s
H 2162   882                     186.6872424  163.45199  12.4%   171 1924s
H 2183   882                     186.6865808  163.45199  12.4%   169 1924s
H 2225   882                     186.6062621  163.45199  12.4%   167 1924s
  2226   911  177.30939  145 1473  186.60626  163.45199  12.4%   167 1952s
H 2242   911                     186.5566778  163.45199  12.4%   166 1952s
  2258   915  177.39140  150 1467  186.55668  163.45199  12.4%   165 2004s
  2262  1012  177.40811  151 1464  186.55668  163.45199  12.4%   165 2050s
  2366  1046  178.48876  160 1448  186.55668  163.45199  12.4%   159 2085s
H 2402  1077                     186.5314955  163.45199  12.4%   157 2109s
H 2435  1095                     186.5314931  163.45199  12.4%   155 2143s
H 2435  1095                     186.5095181  163.45199  12.4%   155 2143s
H 2436  1095                     186.5049017  163.45199  12.4%   155 2143s
  2454  1219  178.87755  179 1417  186.50490  163.45199  12.4%   154 2168s
H 2531  1219                     186.5007026  163.45199  12.4%   150 2168s
  2581  1233  179.31476  194 1406  186.50070  163.45199  12.4%   149 2211s
H 2583  1233                     186.5006976  163.45199  12.4%   149 2211s
  2595  1286  179.03912  193 1415  186.50070  163.45199  12.4%   148 2243s
H 2610  1286                     186.4935875  163.45199  12.4%   147 2243s
H 2624  1286                     186.4770097  163.45199  12.3%   146 2243s
H 2652  1333                     186.4624978  163.45199  12.3%   145 2275s
  2707  1419  179.31412  208 1382  186.46250  163.45199  12.3%   147 2308s
H 2723  1419                     186.4522867  163.45199  12.3%   146 2308s
  2802  1497  179.40886  214 1359  186.45229  163.45199  12.3%   143 2350s
H 2851  1497                     186.4484554  163.45199  12.3%   141 2350s
H 2876  1497                     186.4369083  163.45199  12.3%   140 2350s
H 2902  1598                     186.4369076  163.45199  12.3%   144 2393s
H 2928  1598                     186.4369013  163.45199  12.3%   143 2393s
  3006  1669  179.52296  222 1392  186.43690  163.45199  12.3%   139 2434s
H 3031  1669                     186.4223459  163.45199  12.3%   138 2434s
H 3033  1669                     186.4158064  163.45199  12.3%   138 2434s
H 3079  1708                     186.4158053  163.45199  12.3%   136 2475s
H 3084  1708                     186.4158048  163.45199  12.3%   136 2476s
H 3098  1708                     186.4099966  163.45199  12.3%   136 2476s
  3118  1948  179.74708  226 1393  186.41000  163.45199  12.3%   135 2509s
H 3124  1948                     186.4088748  163.45199  12.3%   135 2509s
H 3174  1948                     186.4005072  163.45199  12.3%   133 2509s
H 3373  2019                     186.4005065  163.45199  12.3%   126 2562s
H 3373  2019                     186.4005012  163.45199  12.3%   126 2562s
  3446  2174  179.88510  251 1351  186.40050  163.45199  12.3%   123 2603s
H 3471  2174                     186.4005012  163.45199  12.3%   122 2603s
H 3499  2174                     186.3949312  163.45199  12.3%   121 2603s
  3603  2322  180.11080  260 1333  186.39493  163.45199  12.3%   118 2654s
H 3627  2322                     186.3949222  163.45199  12.3%   117 2654s
H 3766  2322                     186.3947955  163.45199  12.3%   114 2654s
  3767  2639  180.34045  260 1334  186.39480  163.45199  12.3%   114 2691s
H 3802  2639                     186.3945842  163.45199  12.3%   113 2691s
  4118  2886  180.25211  276 1298  186.39458  163.45199  12.3%   105 2732s
H 4189  2886                     186.3945837  163.45199  12.3%   103 2732s
H 4409  3202                     186.3944105  163.45199  12.3%   100 2785s
  4743  3237  180.38690  312 1229  186.39441  163.45199  12.3%  94.4 2834s
  4780  3473 infeasible  322       186.39441  163.45199  12.3%  94.2 2880s
  5050  3612  180.68050  335 1232  186.39441  163.45199  12.3%  90.5 2941s
  5231  3928  181.73664  348 1223  186.39441  163.45199  12.3%  91.3 3001s
  5609  3934  182.01904  379 1166  186.39441  163.45199  12.3%  92.6 3080s
  5615  4315  182.01930  378 1186  186.39441  163.45199  12.3%  92.6 3130s
  6041  4485     cutoff  423       186.39441  163.45199  12.3%  89.1 3177s
  6236  4872  182.32511  431 1057  186.39441  163.45199  12.3%  87.8 3222s
  6629  5174  182.44750  466  992  186.39441  163.45199  12.3%  83.6 3270s
  6934  5492  182.55520  516  903  186.39441  163.45199  12.3%  80.3 3338s
H 6935  5492                     186.3941076  163.45199  12.3%  80.3 3338s
H 6944  5491                     186.3934328  163.45199  12.3%  80.2 3338s
H 7030  5491                     186.3934091  163.45199  12.3%  79.3 3338s
  7263  5864  182.66650  528  929  186.39341  163.45199  12.3%  77.4 3397s
H 7402  5864                     186.3933791  163.45199  12.3%  76.1 3397s
H 7402  5864                     186.3932263  163.45199  12.3%  76.1 3397s
H 7572  5864                     186.3932123  163.45199  12.3%  75.6 3397s
  7671  6231  182.81946  546  917  186.39321  163.45199  12.3%  74.7 3481s
H 7815  6231                     186.3918856  163.45199  12.3%  73.4 3481s
  8167  6595  182.89226  563  888  186.39189  163.45199  12.3%  72.1 3587s
H 8200  6595                     186.3903169  163.45199  12.3%  71.9 3587s
H 8537  6982                     186.3903126  163.45199  12.3%  69.9 3679s
  8934  7233  183.10211  624  830  186.39031  163.45199  12.3%  67.4 3761s
H 9110  7233                     186.3903126  163.45199  12.3%  66.4 3761s
  9278  7601  183.20881  645  815  186.39031  163.45199  12.3%  65.2 3846s
H 9550  7601                     186.3903108  163.45199  12.3%  64.3 3846s
H 9653  7601                     186.3876040  163.45199  12.3%  63.9 3846s
  9675  7866  183.26496  666  783  186.38760  163.45199  12.3%  64.7 3930s
 10009  8262  183.30941  672  768  186.38760  163.45199  12.3%  64.5 4015s
 10453  8597  183.34320  686  759  186.38760  163.45199  12.3%  64.0 4118s
 10816  9184  183.36680  691  747  186.38760  163.45199  12.3%  62.9 4198s
 11488  9533  183.58159  700  741  186.38760  163.45199  12.3%  61.2 4263s
 11903  9523  183.62117  716  732  186.38760  165.12445  11.4%  60.1 4340s
 11970  9769  165.42406   21 1912  186.38760  165.42406  11.2%  60.0 4425s
 12280  9913  174.11456   48 1779  186.38760  165.42406  11.2%  60.2 4496s
 12431 10261  174.88401   63 1663  186.38760  166.96854  10.4%  59.8 4568s
 12903 10356  173.91839   59 1709  186.38760  166.96854  10.4%  60.8 4663s
 13023 10697 infeasible  123       186.38760  167.96308  9.89%  60.8 4737s
 13439 10935  174.94724  169 1491  186.38760  167.96308  9.89%  60.8 4815s
 13711 11312  175.57991  249 1337  186.38760  167.96308  9.89%  60.5 4898s
 14127 11858  176.78668  370 1133  186.38760  167.96308  9.89%  60.5 4968s
 14746 12090  177.77017  538  813  186.38760  167.96308  9.89%  59.7 5049s
 14983 12461  178.22123  685  648  186.38760  167.96308  9.89%  58.9 5120s
 15505 12749     cutoff  742       186.38760  168.11033  9.81%  58.1 5192s
 15897 13053  180.68220   72 1646  186.38760  168.18039  9.77%  57.5 5282s
 16350 13313  174.49862   90 1513  186.38760  168.46527  9.62%  57.1 5356s
 16645 13526  170.19784   74 1628  186.38760  168.46527  9.62%  57.0 5438s
 16925 13883  173.70363  102 1543  186.38760  168.46527  9.62%  57.5 5514s
 17367 14376  175.44401  167 1385  186.38760  168.46527  9.62%  57.8 5582s
 17903 14670  176.10782  230 1307  186.38760  168.46527  9.62%  57.4 5677s
 18242 15211  177.94241  279 1229  186.38760  168.46527  9.62%  56.9 5744s
 18858 15505 infeasible  339       186.38760  168.75483  9.46%  56.0 5828s
 19169 15896  178.01025   69 1727  186.38760  168.75483  9.46%  55.5 5899s
 19563 16242  180.49437  101 1580  186.38760  168.81959  9.43%  54.7 5978s
 19933 16607     cutoff   71       186.38760  168.86611  9.40%  54.2 6052s
 20305 17186  170.19040   61 1664  186.38760  168.86611  9.40%  53.4 6120s
 20910 17517  172.84583  111 1476  186.38760  168.86611  9.40%  52.5 6220s
 21370 18033  173.18740  126 1446  186.38760  168.86611  9.40%  52.0 6291s
 21903 18431  173.61100  178 1356  186.38760  168.86611  9.40%  51.4 6360s
 22325 18807  174.39205  225 1268  186.38760  168.86611  9.40%  51.2 6437s
 22712 19352  175.51113  263 1207  186.38760  168.86611  9.40%  50.8 6498s
 23267 19746  175.05483  329 1096  186.38760  168.86611  9.40%  49.9 6560s
 23667 19960  175.34783  378 1018  186.38760  168.86611  9.40%  49.3 6633s
H23883 20488                     186.3875862  168.86611  9.40%  49.0 6707s
H24282 20488                     186.3874412  168.86611  9.40%  48.3 6708s
 24423 21019  175.53066  456  918  186.38744  168.86611  9.40%  48.1 6804s
 24976 21403  175.73998  532  797  186.38744  168.86611  9.40%  47.2 6877s
 25364 21922  175.85028  593  710  186.38744  168.86611  9.40%  46.7 6940s
 25916 22336  176.20549  677  628  186.38744  168.89858  9.38%  46.0 7001s
 26469 22347  172.95416   50 1743  186.38744  168.89858  9.38%  45.9 7086s
 26480 22511  172.95189   50 1734  186.38744  168.89858  9.38%  45.9 7187s
 26649 22942  176.32810   59 1745  186.38744  168.89858  9.38%  45.8 7243s
 27086 22976  176.42430   63 1732  186.38744  168.89858  9.38%  45.2 7317s
 27120 23394  176.50286   62 1718  186.38744  168.89858  9.38%  45.2 7383s
 27569 23712  185.35299   79 1612  186.38744  168.89858  9.38%  44.8 7444s
 27891 23851 infeasible   81       186.38744  168.92350  9.37%  44.3 7533s
 28043 24104  170.45451   46 1732  186.38744  168.92350  9.37%  44.3 7617s
 28346 24653  170.50952   47 1733  186.38744  168.92350  9.37%  44.0 7674s
 28930 24864  176.76146  140 1456  186.38744  168.92350  9.37%  43.5 7748s
 29172 25138  177.23841  154 1425  186.38744  168.92350  9.37%  43.3 7813s
 29454 25316  177.51757  162 1420  186.38744  168.92350  9.37%  42.9 7878s
 29638 25638  178.25861  208 1344  186.38744  168.92350  9.37%  42.8 7940s
 30012 25748  178.68157  246 1263  186.38744  168.92350  9.37%  42.4 8012s
 30186 26043  178.68590  248 1258  186.38744  168.92350  9.37%  42.3 8106s
 30699 26312  179.21543  310 1140  186.38744  168.92350  9.37%  42.1 8184s
 30972 26687  180.32603  412  987  186.38744  168.92350  9.37%  41.8 8249s
 31350 27057  180.78059  530  770  186.38744  168.92350  9.37%  41.5 8394s
 31771 27661  181.86159  602  738  186.38744  168.95916  9.35%  41.2 8481s
 32443 27684  177.13604  144 1438  186.38744  168.95916  9.35%  40.8 8573s
 32467 28113  177.29040  150 1420  186.38744  168.95916  9.35%  40.7 8637s
 33008 28337  179.06933  251 1258  186.38744  168.95916  9.35%  40.8 8722s
 33414 28588  179.84951  311 1147  186.38744  168.95916  9.35%  40.8 8804s
 33694 28794  180.32671  337 1085  186.38744  168.95916  9.35%  40.9 8894s
 33902 29212  180.55607  369 1030  186.38744  168.95916  9.35%  40.7 8971s
 34453 29391  181.49155  536  802  186.38744  168.98780  9.34%  40.6 9052s
 34764 29568  175.32591   30 1847  186.38744  169.02822  9.31%  41.0 9119s
 35011 29579  176.67683   49 1797  186.38744  169.02822  9.31%  41.5 9190s
 35024 29891  176.70318   50 1762  186.38744  169.02822  9.31%  41.6 9273s
 35372 29971  181.71202  102 1558  186.38744  169.03711  9.31%  42.1 9372s
 35484 30369  176.73910   56 1719  186.38744  169.05428  9.30%  42.2 9485s
 35927 30668  176.53754  120 1431  186.38744  169.05684  9.30%  42.7 9594s
 36266 30928  174.15343   63 1733  186.38744  169.05684  9.30%  43.2 9687s
 36541 31342  178.31769  114 1519  186.38744  169.06212  9.30%  43.2 9773s
 37016 31727  182.80938   46 1747  186.38744  169.08351  9.28%  43.1 9853s
 37439 31938  171.25005   57 1705  186.38744  169.08351  9.28%  43.0 9935s
 37658 32541  171.25527   58 1712  186.38744  169.08351  9.28%  42.8 10002s
 38280 32809  175.95913  201 1394  186.38744  169.08351  9.28%  42.4 10094s
 38548 33412  176.85123  268 1267  186.38744  169.08351  9.28%  42.1 10166s
 39175 33793  177.66050  436  930  186.38744  169.08351  9.28%  41.6 10278s
 39595 34291  178.01657  591  699  186.38744  169.08351  9.28%  41.5 10348s
 40180 34638  178.67824  759  477  186.38744  169.09163  9.28%  41.0 10445s
 40588 35214  172.41843   71 1600  186.38744  169.10064  9.27%  40.8 10505s
 41190 35491  184.18022  113 1540  186.38744  169.10412  9.27%  40.6 10606s
 41505 35949  171.94958   86 1507  186.38744  169.10412  9.27%  40.6 10694s
 41986 36461  175.03999  131 1458  186.38744  169.10412  9.27%  40.4 10779s
H42314 36460                     186.3771315  169.10412  9.27%  40.3 10779s
 42536 36554  176.36333  191 1348  186.37713  169.10412  9.27%  40.1 10850s
H42566 36554                     186.3752033  169.10412  9.27%  40.1 10850s
H42568 36554                     186.3729183  169.10412  9.27%  40.1 10850s
H42618 36554                     186.3691696  169.10412  9.26%  40.1 10850s
H42646 37008                     186.3691658  169.10412  9.26%  40.1 10929s
H42700 37008                     186.3689819  169.10412  9.26%  40.0 10929s
 43116 37428  177.06499  228 1307  186.36898  169.10412  9.26%  40.0 11033s
H43289 37428                     186.3689808  169.10412  9.26%  40.0 11033s
H43289 37427                     186.3646477  169.10412  9.26%  40.0 11033s
 43581 37900  177.41071  255 1262  186.36465  169.10412  9.26%  39.8 11102s
 44119 38004  177.62812  276 1207  186.36465  169.10412  9.26%  39.6 11185s
H44185 38004                     186.3645057  169.10412  9.26%  39.6 11185s
H44186 38004                     186.3616806  169.10412  9.26%  39.6 11185s
 44233 38215  177.63168  276 1218  186.36168  169.10412  9.26%  39.5 11259s
H44334 38215                     186.3616799  169.10412  9.26%  39.5 11259s
 44488 38518  177.78202  290 1185  186.36168  169.10412  9.26%  39.5 11347s
H44574 38518                     186.3601002  169.10412  9.26%  39.5 11347s
H44889 38903                     186.3601002  169.10412  9.26%  39.7 11419s
H45000 38903                     186.3600930  169.10412  9.26%  39.6 11419s
H45001 38903                     186.3585794  169.10412  9.26%  39.6 11419s
H45123 38903                     186.3547942  169.10412  9.26%  39.6 11419s
 45341 39167  178.22111  350 1053  186.35479  169.10412  9.26%  39.9 11511s
H45416 39167                     186.3547941  169.10412  9.26%  39.8 11511s
H45636 39167                     186.3538488  169.10412  9.26%  39.8 11511s
H45637 39577                     186.3538481  169.10412  9.26%  39.8 11598s
H45663 39577                     186.3538479  169.10412  9.26%  39.8 11598s
H46014 39577                     186.3537937  169.10412  9.26%  39.6 11598s
 46077 40025  178.50118  393  993  186.35379  169.10412  9.26%  39.7 11695s
H46325 40025                     186.3537930  169.10412  9.26%  39.6 11695s
 46545 40317  178.64470  454  867  186.35379  169.10412  9.26%  39.5 11778s
H46835 40317                     186.3525518  169.10412  9.26%  39.5 11778s
 46885 40770  178.74666  474  881  186.35255  169.10412  9.26%  39.4 11863s
H47000 40770                     186.3525472  169.10412  9.26%  39.4 11863s
H47068 40770                     186.3523937  169.10412  9.26%  39.4 11863s
 47412 41096  178.94361  524  814  186.35239  169.10412  9.26%  39.7 11939s
 47742 41572  178.99524  547  783  186.35239  169.10412  9.26%  39.5 12003s
 48284 41941  179.05185  563  762  186.35239  169.10412  9.26%  39.2 12085s
 48717 42163  179.10062  581  730  186.35239  169.12829  9.24%  39.3 12191s
 49023 42459     cutoff   47       186.35239  169.13877  9.24%  39.3 12289s
 49355 42737  179.20399   73 1575  186.35239  169.16290  9.22%  39.2 12366s
H49511 42737                     186.3510127  169.18318  9.21%  39.3 12366s
H49679 42928                     186.3510124  169.18318  9.21%  39.2 12500s
H49680 42928                     186.3509077  169.18318  9.21%  39.2 12500s
H49703 42928                     186.3505534  169.18318  9.21%  39.1 12500s
 49872 43249  169.64645   54 1722  186.35055  169.18318  9.21%  39.1 12574s
H49900 43249                     186.3505534  169.18318  9.21%  39.1 12574s
H49962 43249                     186.3505522  169.18318  9.21%  39.1 12574s
H50063 43249                     186.3505425  169.18318  9.21%  39.0 12574s
 50260 43668  173.16741  116 1554  186.35054  169.18318  9.21%  39.0 12643s
 50722 44111  174.61006  253 1367  186.35054  169.18318  9.21%  38.9 12753s
 51203 44531  175.46763  374 1104  186.35054  169.18318  9.21%  38.9 12848s
 51791 44829  176.09282  539  807  186.35054  169.18318  9.21%  39.4 12914s
 52132 45194  180.93587  707  604  186.35054  169.18318  9.21%  39.4 12998s
H52191 45194                     186.3505391  169.18318  9.21%  39.4 12998s
 52507 45441  181.52515  875  398  186.35054  169.25168  9.18%  39.4 13077s
H52789 45441                     186.3505374  169.25168  9.18%  39.6 13077s
 52888 45799  175.70692   82 1486  186.35054  169.26967  9.17%  39.5 13169s
H52989 45799                     186.3505350  169.26967  9.17%  39.6 13169s
 53289 46085  171.17758   62 1666  186.35054  169.26967  9.17%  39.5 13242s
H53584 46357                     186.3505328  169.26967  9.17%  39.4 13332s
 53979 46476 infeasible   54       186.35053  169.27940  9.16%  39.6 13471s
H53982 46476                     186.3505324  169.27940  9.16%  39.6 13471s
 54112 46926  169.37001   44 1723  186.35053  169.29462  9.15%  39.6 13559s
H54116 46926                     186.3505323  169.29462  9.15%  39.6 13559s
H54117 46926                     186.3505315  169.29462  9.15%  39.6 13559s
H54376 46926                     186.3504984  169.29462  9.15%  39.6 13559s
 54658 47313  172.32451   69 1646  186.35050  169.29978  9.15%  40.1 13675s
H54926 47313                     186.3504984  169.29978  9.15%  40.1 13675s
 55090 47674  174.09834   90 1513  186.35050  169.29978  9.15%  40.5 13753s
 55490 48199  180.53176  156 1401  186.35050  169.29978  9.15%  40.4 13845s
 56105 48447  185.35456  320 1066  186.35050  169.30182  9.15%  40.5 13950s
 56402 48760  184.88617  127 1440  186.35050  169.33922  9.13%  40.6 14038s
H56830 48760                     186.3504984  169.33922  9.13%  41.1 14038s
 56831 49176  170.13711   56 1702  186.35050  169.33922  9.13%  41.1 14120s
 57361 49648 infeasible  184       186.35050  169.34680  9.12%  41.5 14200s
 57906 50000  177.34114   57 1699  186.35050  169.38624  9.10%  41.7 14371s
H58188 50000                     186.3477914  169.38624  9.10%  41.7 14371s
 58289 50352  177.39840   99 1578  186.34779  169.38624  9.10%  41.7 14463s
 58693 50483  179.81479  211 1461  186.34779  169.38624  9.10%  41.6 14554s
 58827 50958  181.65736  292 1258  186.34779  169.40600  9.09%  41.5 14642s
 59373 51383  170.52201   58 1677  186.34779  169.40600  9.09%  41.5 14712s
 59836 51823  181.61816  137 1412  186.34779  169.40600  9.09%  41.6 14820s
 60298 52196  184.88824  263 1150  186.34779  169.42205  9.08%  41.4 14915s
 60781 52200  172.71691   54 1702  186.34779  169.42392  9.08%  41.5 15107s
 60785 52301  172.74165   55 1682  186.34779  169.42392  9.08%  41.5 15296s
 60889 52532  177.32252   81 1543  186.34779  169.42725  9.08%  41.5 15427s
 61147 52719  170.72660   46 1787  186.34779  169.42725  9.08%  41.5 15540s
 61341 53271  170.78814   47 1778  186.34779  169.43188  9.08%  41.5 15628s
 61969 53274  181.42210  123 1426  186.34779  169.43188  9.08%  41.5 15803s
 61973 53512  181.42225  124 1426  186.34779  169.43188  9.08%  41.5 15902s
 62221 53838  182.63167  150 1376  186.34779  169.43742  9.07%  41.3 16000s
 62576 53884  177.17499   60 1656  186.34779  169.43742  9.07%  41.2 16116s
 62658 53888  177.68686   61 1653  186.34779  169.43742  9.07%  41.2 16286s
 62662 54329  177.28760   61 1655  186.34779  169.43820  9.07%  41.2 16357s
 63188 54341  177.16684   54 1728  186.34779  169.43820  9.07%  41.2 16598s
 63200 54930  177.26502   55 1707  186.34779  169.43853  9.07%  41.2 16767s
 63872 55025     cutoff  165       186.34779  169.43853  9.07%  41.1 16864s
 63971 55213 infeasible  193       186.34779  169.43945  9.07%  41.1 16968s
 64323 55669  181.75581   84 1537  186.34779  169.44862  9.07%  41.1 17065s
 64868 55736  176.85270   46 1734  186.34779  169.44974  9.07%  41.4 17192s
 64961 55820  177.90368   66 1675  186.34779  169.45787  9.06%  41.5 17315s
 65082 56232  176.28007   76 1563  186.34779  169.46382  9.06%  41.7 17425s
 65623 56278  175.81231   79 1519  186.34779  169.46635  9.06%  42.3 17529s
 65671 56422  175.82750   80 1518  186.34779  169.47109  9.06%  42.3 17649s
 65846 56705  176.78460   66 1828  186.34779  169.47109  9.06%  42.4 17753s
 66247 57089  184.83633   97 1662  186.34779  169.48609  9.05%  42.5 17891s
 66725 57386  174.17680   91 1598  186.34779  169.48609  9.05%  42.6 18021s
 67036 57761  176.78569  167 1517  186.34779  169.48609  9.05%  42.5 18142s
 67463 58297  178.51151  288 1244  186.34779  169.48609  9.05%  42.4 18288s
 68024 58751  179.33309  456  922  186.34779  169.48609  9.05%  42.3 18418s
 68539 59178  179.71288  624  677  186.34779  169.48609  9.05%  42.6 18532s
 69034 59650  185.96138  792  481  186.34779  169.51117  9.04%  42.5 18644s
 69643 60038 infeasible  119       186.34779  169.51797  9.03%  42.7 18754s
 70079 60210  170.34342   62 1691  186.34779  169.51797  9.03%  42.7 18881s
 70271 60748  177.71445  108 1480  186.34779  169.52049  9.03%  42.7 18968s
 70912 61168  171.17209   54 1692  186.34779  169.52652  9.03%  42.7 19070s
 71401 61657 infeasible   97       186.34779  169.53000  9.02%  42.8 19170s
 71921 62027  177.37068  170 1439  186.34779  169.53000  9.02%  42.9 19283s
 72341 62399  180.49147  306 1191  186.34779  169.53000  9.02%  42.8 19391s
 72797 62752  181.26848  474  874  186.34779  169.53395  9.02%  42.7 19488s
 73222 63126  175.37578   95 1519  186.34779  169.53395  9.02%  42.6 19600s
 73686 63185  179.53840  226 1271  186.34779  169.53395  9.02%  42.8 19746s
 73754 63831  179.76605  238 1242  186.34779  169.53395  9.02%  42.8 19830s
 74426 64112  180.77536  406  903  186.34779  169.53395  9.02%  42.6 19901s
 74758 64577  181.07036  481  764  186.34779  169.54767  9.02%  42.6 19965s
 75276 64951  180.16501  110 1486  186.34779  169.54767  9.02%  42.4 20021s
 75681 65008  182.13695  134 1440  186.34779  169.55286  9.01%  42.3 20137s
 75750 65271  169.81611   63 1708  186.34779  169.55286  9.01%  42.3 20231s
 76041 65631  170.30123   71 1612  186.34779  169.55286  9.01%  42.2 20346s
 76403 65846  176.41194  131 1517  186.34779  169.55286  9.01%  42.1 20414s
 76642 65936  176.88036  155 1446  186.34779  169.55286  9.01%  42.0 20528s
 76866 65987  177.38864  197 1365  186.34779  169.55286  9.01%  42.1 20622s
 77094 66209  179.24155  232 1370  186.34779  169.55286  9.01%  42.2 20716s
 77416 66618  180.01926  347 1096  186.34779  169.55286  9.01%  42.3 20800s
 77901 66739  180.73441  515  787  186.34779  169.55601  9.01%  42.3 20905s
 78062 67024  178.12027   57 1702  186.34779  169.57399  9.00%  42.4 21106s
 78426 67381  176.34658  102 1541  186.34779  169.57888  9.00%  42.5 21185s
 78821 67749  178.16417  136 1413  186.34779  169.57888  9.00%  42.4 21267s
 79214 68279  179.88509  225 1266  186.34779  169.57888  9.00%  42.3 21350s
 79886 68426     cutoff  355       186.34779  169.57980  9.00%  42.4 21444s
 80099 68522  175.65642   62 1712  186.34779  169.57980  9.00%  42.6 21528s
 80362 68772  175.71488   64 1699  186.34779  169.57980  9.00%  42.5 21605s
 80632 69089  182.17531  103 1572  186.34779  169.58782  8.99%  42.6 21695s
 80981 69481  175.82046   93 1522  186.34779  169.59022  8.99%  42.7 21797s
 81473 69776  175.95489  107 1435  186.34779  169.59022  8.99%  43.0 21922s
 81826 70361  179.45207  222 1287  186.34779  169.59022  8.99%  43.2 22002s
 82440 70548  180.96844  390  998  186.34779  169.59022  8.99%  43.0 22095s
 82631 71101  181.25557  451  865  186.34779  169.59979  8.99%  43.0 22175s
 83255 71579  179.69917  122 1534  186.34779  169.59979  8.99%  43.0 22264s
 83762 72132  180.57802  169 1421  186.34779  169.60222  8.99%  42.9 22333s
 84396 72576  170.90740   55 1758  186.34779  169.60239  8.99%  42.7 22498s
 84893 72840  169.93336   60 1664  186.34779  169.60239  8.99%  42.7 22597s
 85210 73237  170.54994   68 1605  186.34779  169.60353  8.99%  42.7 22700s
 85798 73566  171.49412   65 1654  186.34779  169.60353  8.99%  43.0 22792s
 86253 73851  179.56741  165 1322  186.34779  169.61691  8.98%  43.1 22875s
 86603 74216  170.87297   67 1662  186.34779  169.61691  8.98%  43.2 22958s
 87041 74459  179.29031  181 1380  186.34779  169.61691  8.98%  43.4 23042s
 87299 74878  179.86410  215 1338  186.34779  169.61691  8.98%  43.4 23131s
 87826 75124  180.82528  317 1070  186.34779  169.61691  8.98%  43.6 23225s
 88139 75543  183.18675  370 1046  186.34779  169.62995  8.97%  43.8 23309s
 88672 75626  182.56142   88 1522  186.34779  169.63201  8.97%  44.4 23433s
 88786 76021  170.95185   56 1732  186.34779  169.63559  8.97%  44.4 23514s
 89224 76262  177.76180  129 1466  186.34779  169.63640  8.97%  44.5 23597s
 89582 76734  177.89414   55 1642  186.34779  169.64618  8.96%  44.7 23700s
 90119 76911  177.45465  103 1492  186.34779  169.64627  8.96%  44.8 23825s
 90305 77334  179.54138  129 1462  186.34779  169.64627  8.96%  44.7 23955s
 90851 77665  181.80985  214 1308  186.34779  169.64645  8.96%  44.9 24082s
 91270 78147  170.11211   64 1699  186.34779  169.64645  8.96%  45.2 24231s
 91862 78507  179.51399  200 1288  186.34779  169.64645  8.96%  45.3 24331s
 92223 79046  179.94435  239 1202  186.34779  169.64675  8.96%  45.2 24419s
 92811 79591  176.16001   76 1675  186.34779  169.64675  8.96%  45.0 24497s
 93382 79632  180.22519  127 1567  186.34779  169.64675  8.96%  44.9 24651s
 93423 80162  180.43262  129 1572  186.34779  169.64675  8.96%  44.9 24735s
 93978 80638  181.81275  169 1547  186.34779  169.64675  8.96%  44.8 24822s
 94533 81000  182.54760  197 1530  186.34779  169.64903  8.96%  44.8 24943s
 94981 81447  180.45420   72 1594  186.34779  169.65464  8.96%  44.7 25064s
 95489 81805  181.11039  101 1508  186.34779  169.65464  8.96%  44.7 25128s
 95869 82119  182.62891  132 1443  186.34779  169.65699  8.96%  44.6 25196s
 96338 82134  179.94320  133 1451  186.34779  169.65699  8.96%  44.7 25302s
 96457 82315  180.41624  139 1423  186.34779  169.66208  8.95%  44.9 25404s
 96762 82714  170.60259   75 1563  186.34779  169.67297  8.95%  45.0 25488s
 97325 82722  174.17090   68 1594  186.34779  169.67297  8.95%  45.1 25581s
 97333 83005  174.44334   69 1603  186.34779  169.67297  8.95%  45.1 25652s
 97702 83096  176.79784  106 1496  186.34779  169.67297  8.95%  45.3 25735s
 97820 83369 infeasible  121       186.34779  169.67297  8.95%  45.5 25842s
 98187 83553  180.18866  128 1441  186.34779  169.67297  8.95%  45.6 25938s
 98381 83987  184.82561  154 1427  186.34779  169.68131  8.94%  45.6 26035s
 98924 84135  170.04971   63 1682  186.34779  169.68699  8.94%  45.7 26147s
 99084 84580  170.05823   64 1681  186.34779  169.68699  8.94%  45.7 26216s
 99591 84842  177.63672  156 1487  186.34779  169.68699  8.94%  45.7 26307s
 99859 85418  180.02739  266 1288  186.34779  169.68699  8.94%  45.6 26384s
 100505 85822  181.31615  434  955  186.34779  169.69124  8.94%  45.5 26463s
 101051 85994  179.76460  114 1540  186.34779  169.69562  8.94%  45.5 26566s
 101328 86091  183.26968  164 1434  186.34779  169.69723  8.94%  45.5 26653s
 101462 86490  177.52784   79 1573  186.34779  169.69723  8.94%  45.5 26738s
 101943 86557  181.92704  136 1443  186.34779  169.69723  8.94%  45.8 26820s
 102013 87050  182.60181  148 1436  186.34779  169.70460  8.93%  45.8 26885s
 102591 87334     cutoff   97       186.34779  169.70617  8.93%  45.8 26969s
 102890 87730  170.16701   63 1642  186.34779  169.70617  8.93%  45.7 27052s
 103372 87919  175.55042   98 1531  186.34779  169.70617  8.93%  45.7 27135s
 103594 88203  177.58952  127 1462  186.34779  169.70617  8.93%  45.8 27230s
 103910 88430  178.80708  209 1362  186.34779  169.70617  8.93%  45.8 27304s
 104143 88650  179.83231  330 1125  186.34779  169.70617  8.93%  45.8 27451s
 104403 88944  180.47465  395 1042  186.34779  169.70617  8.93%  45.8 27545s
 104760 89303  180.84205  541  977  186.34779  169.70881  8.93%  45.8 27636s
 105259 89471  177.42958  116 1457  186.34779  169.70881  8.93%  46.0 27740s
 105451 90092  179.62965  189 1322  186.34779  169.71612  8.93%  46.0 27816s
 106123 90242  177.28764   52 1745  186.34779  169.71612  8.93%  46.0 27957s
 106277 90713  177.31702   53 1745  186.34779  169.71612  8.93%  45.9 28037s
 106772 90976  180.49206   77 1583  186.34779  169.71612  8.93%  45.8 28136s
 107078 91242  182.86897   78 1575  186.34779  169.71679  8.92%  45.8 28285s
 107394 91527  176.06058   85 1499  186.34779  169.71679  8.92%  45.7 28397s
 107916 91708  180.77178  181 1290  186.34779  169.71913  8.92%  46.2 28519s
 108147 91987  175.18301  106 1616  186.34779  169.72332  8.92%  46.3 28618s
 108474 92362  177.56594  211 1419  186.34779  169.72332  8.92%  46.3 28731s
 108925 92414  180.82295  379 1090  186.34779  169.72332  8.92%  46.5 28800s

Cutting planes:
  Learned: 31
  Gomory: 11
  Cover: 220
  Implied bound: 494
  Clique: 109
  MIR: 1032
  Flow cover: 2222
  GUB cover: 2
  Zero half: 4
  RLT: 1194
  Relax-and-lift: 362

Explored 108990 nodes (5099396 simplex iterations) in 28800.39 seconds
Thread count was 4 (of 32 available processors)

Solution count 10: 186.348 186.35 186.35 ... 186.351

Time limit reached
Best objective 1.863477914492e+02, best bound 1.697233165780e+02, gap 8.9212%
