
Gurobi 9.1.0 (linux64) logging started Mon Aug  2 23:11:17 2021

Changed value of parameter LogFile to eab_parasitoid0_0_0.2_bud_area.log
   Prev:   Default: 
Changed value of parameter MIPGap to 0.01
   Prev: 0.0001  Min: 0.0  Max: inf  Default: 0.0001
Changed value of parameter Method to 2
   Prev: -1  Min: -1  Max: 5  Default: -1
Changed value of parameter MIPFocus to 2
   Prev: 0  Min: 0  Max: 3  Default: 0
Changed value of parameter RINS to 100
   Prev: -1  Min: -1  Max: 2000000000  Default: -1
Gurobi Optimizer version 9.1.0 build v9.1.0rc0 (linux64)
Thread count: 32 physical cores, 32 logical processors, using up to 32 threads
Optimize a model with 203396 rows, 134935 columns and 685039 nonzeros
Model fingerprint: 0x2dc4e6ff
Variable types: 55779 continuous, 79156 integer (79156 binary)
Coefficient statistics:
  Matrix range     [2e-04, 1e+06]
  Objective range  [1e+00, 1e+00]
  Bounds range     [1e+00, 6e+03]
  RHS range        [1e-04, 1e+06]
Presolve removed 197314 rows and 129736 columns
Presolve time: 4.19s
Presolved: 6082 rows, 5199 columns, 80352 nonzeros
Variable types: 1840 continuous, 3359 integer (3359 binary)
Presolve removed 13 rows and 10 columns
Presolved: 6069 rows, 5189 columns, 80306 nonzeros

Root barrier log...

Ordering time: 0.32s

Barrier statistics:
 Dense cols : 77
 AA' NZ     : 2.936e+05
 Factor NZ  : 1.187e+06 (roughly 14 MBytes of memory)
 Factor Ops : 7.579e+08 (less than 1 second per iteration)
 Threads    : 31

                  Objective                Residual
Iter       Primal          Dual         Primal    Dual     Compl     Time
   0   2.23810129e+04 -2.12915709e+04  1.79e+04 7.37e-01  1.27e+02     5s
   1   1.59764043e+04 -2.61486719e+04  1.23e+04 1.12e+00  8.43e+01     5s
   2   3.76791204e+03 -2.80427244e+04  2.16e+03 5.01e-02  1.67e+01     5s
   3   1.58885816e+03 -2.05053889e+04  4.82e+02 4.51e-03  4.15e+00     5s
   4   1.26959335e+03 -8.14165958e+03  2.38e+02 3.91e-12  1.34e+00     5s
   5   9.42675859e+02 -2.18130792e+03  5.31e+00 2.56e-13  2.01e-01     5s
   6   8.25683555e+02  3.35220910e+02  1.49e-01 4.60e-14  3.04e-02     5s
   7   7.98449349e+02  6.42752026e+02  1.08e-03 1.16e-14  9.64e-03     5s
   8   7.88813656e+02  6.84289518e+02  4.15e-04 8.38e-15  6.46e-03     6s
   9   7.86058468e+02  7.32787779e+02  2.17e-04 4.14e-15  3.29e-03     6s
  10   7.84751072e+02  7.66080126e+02  1.08e-04 1.31e-15  1.15e-03     6s
  11   7.84052514e+02  7.76788667e+02  5.63e-05 8.88e-16  4.49e-04     6s
  12   7.83714279e+02  7.80735568e+02  2.98e-05 8.88e-16  1.84e-04     6s
  13   7.83487601e+02  7.82469116e+02  9.78e-06 1.33e-15  6.29e-05     6s
  14   7.83400884e+02  7.83040328e+02  3.34e-06 8.88e-16  2.23e-05     6s
  15   7.83367407e+02  7.83238673e+02  1.00e-06 1.33e-15  7.96e-06     6s
  16   7.83357206e+02  7.83352986e+02  3.16e-10 1.78e-15  2.61e-07     6s
  17   7.83354905e+02  7.83354250e+02  1.72e-11 8.88e-16  4.05e-08     6s
  18   7.83354901e+02  7.83354901e+02  8.90e-14 8.88e-16  1.72e-13     6s

Barrier solved model in 18 iterations and 5.77 seconds
Optimal objective 7.83354901e+02


Root crossover log...

      62 DPushes remaining with DInf 0.0000000e+00                 6s
       0 DPushes remaining with DInf 0.0000000e+00                 6s

    4542 PPushes remaining with PInf 0.0000000e+00                 6s
       0 PPushes remaining with PInf 0.0000000e+00                 6s

  Push phase complete: Pinf 0.0000000e+00, Dinf 0.0000000e+00      6s


Root simplex log...

Iteration    Objective       Primal Inf.    Dual Inf.      Time
    4552    7.8335490e+02   0.000000e+00   0.000000e+00      6s
    4552    7.8335490e+02   0.000000e+00   0.000000e+00      6s

Root relaxation: objective 7.833549e+02, 4552 iterations, 1.52 seconds

    Nodes    |    Current Node    |     Objective Bounds      |     Work
 Expl Unexpl |  Obj  Depth IntInf | Incumbent    BestBd   Gap | It/Node Time

     0     0  783.35490    0  136          -  783.35490      -     -    6s
     0     0  783.38084    0  519          -  783.38084      -     -    8s
     0     0  783.38085    0  512          -  783.38085      -     -    9s
     0     0  783.47599    0  716          -  783.47599      -     -   11s
     0     0  783.54022    0  716          -  783.54022      -     -   12s
     0     0  783.54609    0  724          -  783.54609      -     -   12s
     0     0  783.54645    0  732          -  783.54645      -     -   12s
     0     0  783.54648    0  731          -  783.54648      -     -   12s
     0     0  785.41058    0  743          -  785.41058      -     -   14s
     0     0  786.37479    0  748          -  786.37479      -     -   15s
     0     0  786.37479    0  754          -  786.37479      -     -   15s
     0     0  786.37479    0  759          -  786.37479      -     -   15s
     0     0  786.37479    0  755          -  786.37479      -     -   15s
H    0     0                     868.3549007  786.37479  9.44%     -   16s
     0     0  787.36410    0  715  868.35490  787.36410  9.33%     -   17s
     0     0  787.36410    0  734  868.35490  787.36410  9.33%     -   18s
     0     0  787.41107    0  739  868.35490  787.41107  9.32%     -   18s
     0     0  787.41107    0  736  868.35490  787.41107  9.32%     -   18s
     0     0  787.41107    0  746  868.35490  787.41107  9.32%     -   18s
     0     0  787.41107    0  730  868.35490  787.41107  9.32%     -   20s
     0     0  787.41107    0  700  868.35490  787.41107  9.32%     -   23s
     0     2  787.41107    0  699  868.35490  787.41107  9.32%     -   32s
     1     2 infeasible    1       868.35490  787.41107  9.32%  3797   36s
     3     2  787.41107    2  696  868.35490  787.41107  9.32%  1887   41s
     5     2 infeasible    3       868.35490  787.41107  9.32%  4085   54s
     7     2  787.83408    4  780  868.35490  787.41107  9.32%  3496   58s
     9     2 infeasible    5       868.35490  787.83915  9.27%  3086   78s
    11     2  789.66658    6  722  868.35490  788.73697  9.17%  2765   81s
    15     2  791.54075    8  720  868.35490  790.60062  8.95%  2359   86s
    17     2 infeasible    9       868.35490  791.54075  8.85%  2376  104s
    19     4  793.42688   10  721  868.35490  792.47378  8.74%  2341  106s
    25     4  794.39944   12  699  868.35490  793.43322  8.63%  2149  114s
    29     6 infeasible   13       868.35490  794.41041  8.52%  2870  125s
    33     4 infeasible   14       868.35490  795.40097  8.40%  2978  166s
    43    16  797.35490   16  605  868.35490  796.41846  8.28%  2809  173s
    51    28  797.35490   17  508  868.35490  797.35490  8.18%  2823  179s
    67    52  797.35490   18  484  868.35490  797.35490  8.18%  2995  188s
H   68    52                     867.3549007  797.35490  8.07%  2951  188s
H   72    52                     866.3549007  797.35490  7.96%  3216  188s
    95    74  797.35490   19  609  866.35490  797.35490  7.96%  4387  391s
H  127   100                     862.3549007  797.35490  7.54%  3786  407s
   159   132  798.35490   21  614  862.35490  797.35490  7.54%  3752  467s
H  160   132                     834.3549007  797.35490  4.43%  3728  467s
H  162   132                     830.3549007  797.35490  3.97%  3685  467s
H  170   132                     829.3549007  797.35490  3.86%  3549  467s
   191   164  798.35490   22  613  829.35490  797.35490  3.86%  3238  492s
H  216   164                     827.3549007  797.35490  3.63%  2930  492s
   223   196  798.35490   23  612  827.35490  797.35490  3.63%  2856  527s
H  224   196                     824.3549007  797.35490  3.28%  2844  527s
H  253   196                     823.3549007  797.35490  3.16%  2553  527s
   255   257  798.35490   24  617  823.35490  797.35490  3.16%  2536  717s
   318   315  798.35490   26  622  823.35490  797.35490  3.16%  2109  932s
   378   531  798.35490   28  614  823.35490  797.35490  3.16%  1825  952s
   600   593  798.35490   36  588  823.35490  797.35490  3.16%  1268 1113s
H  649   593                     819.3549007  797.35490  2.69%  1205 1113s
   668  1238  798.35490   46  539  819.35490  797.35490  2.69%  1191 1248s
  1323  2214  799.35490   74  591  819.35490  797.35490  2.69%   744 1662s
  2337  3247  800.35490  134  486  819.35490  797.35490  2.69%   537 2302s
  3424  4179  803.35490  186  466  819.35490  797.35490  2.69%   440 3284s
H 3606  4179                     817.3549007  797.35490  2.45%   429 3284s
  3683  4179  801.35490  169  479  817.35490  797.35490  2.45%   425 3285s
H 3759  4179                     816.3549007  797.35490  2.33%   419 3285s
  4431  5313  804.35490  231  408  816.35490  797.35490  2.33%   391 4173s
  5690  6117 infeasible  296       816.35490  797.35490  2.33%   366 4842s
  6565  7085  797.37883   76  549  816.35490  797.35490  2.33%   353 5399s
  6999  7085  805.35490  270  472  816.35490  797.35490  2.33%   347 5400s
  7666  7086  808.35490  495  700  816.35490  797.35490  2.33%   346 5699s
  7668  7087  798.35490   66  142  816.35490  797.35490  2.33%   346 5715s
  7669  7088  799.35490  108  505  816.35490  797.35490  2.33%   346 5735s
  7670  7089  803.35490  327  655  816.35490  797.35490  2.33%   346 5745s
  7671  7089  798.35490  115  600  816.35490  797.35490  2.33%   346 5753s
  7672  7090  804.35490  354  682  816.35490  797.35490  2.33%   346 5760s
  7673  7091  798.35490   93  692  816.35490  797.35490  2.33%   346 5852s
  7674  7091  800.35490  138  691  816.35490  797.35490  2.33%   346 5880s
  7675  7092  808.35490  512  691  816.35490  797.35490  2.33%   346 5912s
  7676  7096  797.35490   12  686  816.35490  797.35490  2.33%   349 5986s
  7678  7097  797.35490   13  659  816.35490  797.35490  2.33%   349 6297s
  7682  7100  797.35490   14  711  816.35490  797.35490  2.33%   351 6582s
  7688  7098 infeasible   15       816.35490  797.35490  2.33%   351 6644s
  7698  7102  797.35490   16  740  816.35490  797.35490  2.33%   356 6834s
  7708  7117  797.35490   17  706  816.35490  797.35490  2.33%   357 6949s
  7726  7135  797.35490   18  693  816.35490  797.35490  2.33%   358 7252s
  7758  7146 infeasible   19       816.35490  797.35490  2.33%   362 7385s
  7790  7162  797.35490   19  704  816.35490  797.35490  2.33%   366 7587s
H 7822  6826                     815.3549007  797.35490  2.21%   375 7732s
  7854  6857  797.35490   21  671  815.35490  797.35490  2.21%   378 8000s
  7904  6864 infeasible   21       815.35490  797.35490  2.21%   381 8098s
  7937  6884  797.35490   22  670  815.35490  797.35490  2.21%   385 8907s
H 7948  6543                     814.3549007  797.35490  2.09%   387 8907s
  7970  6576 infeasible   24       814.35490  797.35490  2.09%   390 9114s
  8020  6591  797.35490   23  661  814.35490  797.35490  2.09%   398 9292s
  8070  6637  797.35490   25  637  814.35490  797.35490  2.09%   404 9450s
  8145  6682 infeasible   25       814.35490  797.35490  2.09%   410 9685s
  8229  6750  797.35490   26  664  814.35490  797.35490  2.09%   411 9724s
  8329  6767 infeasible   27       814.35490  797.35490  2.09%   412 9847s
  8402  6816  797.35490   28  661  814.35490  797.35490  2.09%   420 9955s
  8489  6850  797.35490   29  684  814.35490  797.35490  2.09%   425 10030s
  8562  6900  797.35490   28  698  814.35490  797.35490  2.09%   433 10113s
  8657  6941  798.36175   33  709  814.35490  797.35490  2.09%   442 10167s
  8757  6963  798.35968   35  713  814.35490  797.35490  2.09%   447 10256s
  8845  6968  799.35490   37  675  814.35490  797.35490  2.09%   464 10369s
  8897  7027  799.35490   38  631  814.35490  797.35490  2.09%   489 11272s
H 8920  6699                     813.3549007  797.35490  1.97%   491 11272s
  8979  6732  799.35490   38  567  813.35490  797.35490  1.97%   505 11303s
  9044  6752  799.35490   39  549  813.35490  797.35490  1.97%   520 11441s
  9099  6782  799.35490   40  537  813.35490  797.35490  1.97%   535 11768s
  9164  6857  800.35490   40  692  813.35490  797.35490  1.97%   547 12007s
  9280  6890  800.35490   41  652  813.35490  797.35490  1.97%   568 12283s
  9388  6960  800.35549   42  625  813.35490  797.35490  1.97%   590 12566s
  9522  7047  801.35490   44  585  813.35490  797.35490  1.97%   604 12926s
  9688  7119  801.35490   44  506  813.35490  797.35490  1.97%   622 13229s
  9839  7169  801.44709   46  565  813.35490  797.35490  1.97%   641 13415s
  9971  7225  802.35490   47  457  813.35490  797.35490  1.97%   668 13600s
 10093  7257  802.35490   48  583  813.35490  797.35490  1.97%   689 13701s
H10172  6992                     812.3549007  797.35490  1.85%   702 14072s
 10310  7071  802.35490   51  584  812.35490  797.35490  1.85%   729 14536s
 10485  7074  805.35490   58  479  812.35490  797.35490  1.85%   753 15014s
 10651  7076  805.46430   60  534  812.35490  797.35490  1.85%   776 15379s
 10748  7166  807.39973   63  474  812.35490  797.35490  1.85%   793 15647s
 10912  7250  808.38474   65  489  812.35490  797.35490  1.85%   811 15803s
 11090  7359 infeasible   66       812.35490  797.35490  1.85%   835 15910s
 11292  7388  809.35490   66  542  812.35490  797.35490  1.85%   856 16016s
H11376  7059                     811.3549007  797.35490  1.73%   866 16016s
 11429  7210  807.58071   65  472  811.35490  797.35490  1.73%   871 16174s
 11676  7339  797.35490   23  679  811.35490  797.35490  1.73%   892 16405s
 11930  7496  798.35490   29  585  811.35490  797.35490  1.73%   915 17130s
 12285  7625  799.35490   32  525  811.35490  797.35490  1.73%   924 17497s
 12594  7746  799.35490   43  433  811.35490  797.35490  1.73%   936 17714s
 12868  7931  799.35824   46  562  811.35490  797.35490  1.73%   948 17990s
 13295  8012  799.35490   48  524  811.35490  797.35490  1.73%   959 18107s
 13581  8071  799.35490   48  518  811.35490  797.35490  1.73%   962 18425s
 13882  8242  799.35576   50  548  811.35490  797.35490  1.73%   978 18649s
 14234  8323  800.35906   54  541  811.35490  797.35490  1.73%  1003 18719s
 14624  8393  800.35490   59  509  811.35490  797.35490  1.73%  1023 18877s
 14946  8506  801.38870   65  491  811.35490  797.35490  1.73%  1045 18982s
 15274  8462  802.35490   70  488  811.35490  797.35490  1.73%  1070 19297s
 15496  8544  802.35490   71  500  811.35490  797.35490  1.73%  1089 19381s
 15683  8705  801.40261   71  528  811.35490  797.35490  1.73%  1107 19533s
 15995  8723  802.35490   75  485  811.35490  797.35490  1.73%  1129 19745s
 16215  8921  802.53676   76  518  811.35490  797.35490  1.73%  1147 20080s
 16577  9093 infeasible   78       811.35490  797.35490  1.73%  1170 20639s
 17055  9152 infeasible   87       811.35490  797.35490  1.73%  1189 20915s
 17380  9451  798.36908   32  588  811.35490  797.35490  1.73%  1202 21373s
 17992  9514  800.35490   43  489  811.35490  797.35490  1.73%  1211 25640s
 18394  9628  801.35490   52  441  811.35490  797.35490  1.73%  1219 26443s
 18770  9820  802.45398   58  511  811.35490  797.35490  1.73%  1230 27036s
 19236 10032 infeasible   69       811.35490  797.35490  1.73%  1249 27915s
 19704 10321  804.35490   74  487  811.35490  797.35490  1.73%  1260 28688s
 20317 10515  806.35490   93  390  811.35490  797.35490  1.73%  1275 29524s
 21037 10629  810.35490  116  453  811.35490  797.35490  1.73%  1287 30208s
 21627 10898  797.35490   28  745  811.35490  797.35490  1.73%  1302 30835s
 22370 11090 infeasible   34       811.35490  797.35490  1.73%  1312 31402s
 22961 11420  801.35490   52  418  811.35490  797.35490  1.73%  1335 32546s
 23755 11773  803.36702   69  532  811.35490  797.35490  1.73%  1349 33375s
 24637 12225  799.35490   37  401  811.35490  797.35490  1.73%  1354 34094s
 25479 12225  800.36669   37  588  811.35490  797.35490  1.73%  1359 34095s
 25492 12470  802.35490   58  528  811.35490  797.35490  1.73%  1359 36556s
H25837 11674                     810.3549007  797.35490  1.60%  1370 36557s
 25847 12322  803.35490   67  465  810.35490  797.35490  1.60%  1370 37491s
 26666 13060  806.35490  121  213  810.35490  797.35490  1.60%  1382 38079s
 27588 14097  807.35490  193  188  810.35490  797.35490  1.60%  1386 38628s
 28800 15033  809.35490  318  179  810.35490  797.35490  1.60%  1382 39486s
 29921 16039  809.35490  427  266  810.35490  797.35490  1.60%  1380 41011s
 31349 16420 infeasible  447       810.35490  797.35490  1.60%  1396 41509s
 32053 17106  799.35490   35  432  810.35490  797.35490  1.60%  1410 42467s
 33051 17776  801.35490   51  443  810.35490  797.35490  1.60%  1418 44016s
 33990 18520  804.35490  105  314  810.35490  797.35490  1.60%  1432 45155s
 34938 19605  806.35490  157  227  810.35490  797.35490  1.60%  1438 45921s
 36391 20603  809.35490  310  203  810.35490  797.35490  1.60%  1437 47696s
 37700 22018  799.36218   48  587  810.35490  797.35490  1.60%  1436 50124s
 38962 22018  801.35513   49  532  810.35490  797.35490  1.60%  1430 50125s
 39496 23338  800.52803   57  532  810.35490  797.35490  1.60%  1421 51497s
 41223 23994  808.38021   72  508  810.35490  797.35490  1.60%  1409 52807s
 42271 24992  800.36666   50  621  810.35490  797.35490  1.60%  1423 54786s
 43588 26270  802.35490   63  485  810.35490  797.35490  1.60%  1433 56569s
 44562 26270  799.35490   41  545  810.35490  797.35490  1.60%  1432 56570s
 45307 27453 infeasible   75       810.35490  797.35490  1.60%  1428 57819s
 46580 27453  808.35642  246  421  810.35490  797.35490  1.60%  1430 57820s
 46999 28070  804.35490   82  467  810.35490  797.35490  1.60%  1432 58977s
 47977 28640 infeasible   90       810.35490  797.35490  1.60%  1446 61803s
 48781 29445  807.35565   95  560  810.35490  797.35490  1.60%  1466 63498s
 50119 30682  799.35587   40  680  810.35490  797.38637  1.60%  1480 65831s
 51879 32048  799.35490   40  505  810.35490  797.41084  1.60%  1490 67704s
 53911 33773  801.35490   55  489  810.35490  797.41084  1.60%  1492 69970s
 55961 34985  803.35490   80  333  810.35490  797.41084  1.60%  1504 72432s
 57615 36142  805.35490  109  490  810.35490  797.41084  1.60%  1520 75907s
 59195 37407  808.35490  124  469  810.35490  797.43479  1.59%  1552 80160s
 61020 38890  806.35490   75  462  810.35490  797.44059  1.59%  1580 84824s
 62757 38890  801.35680   51  547  810.35490  797.48658  1.59%  1590 84825s
 63504 40633  800.14451   37  611  810.35490  797.49102  1.59%  1597 88017s
 66183 43070  804.37583   52  701  810.35490  798.36365  1.48%  1599 92675s
 69631 44761  809.35490  256  242  810.35490  798.36459  1.48%  1590 95407s
 72235 46957 infeasible  353       810.35490  798.36791  1.48%  1596 97636s
 75420 49053  801.35490   42  526  810.35490  798.39742  1.48%  1595 100768s
 78494 50449  799.35490   44  570  810.35490  798.41823  1.47%  1599 103726s
 80748 54232  799.35490   45  564  810.35490  798.61047  1.45%  1610 106646s
 84920 59835  802.41267   83  564  810.35490  798.61047  1.45%  1594 109556s
 91959 61654  806.45118  100  531  810.35490  798.61047  1.45%  1534 113920s
 95081 66667  804.35490   88  454  810.35490  799.35490  1.36%  1542 120709s
 99715 66667  806.37146   56  442  810.35490  799.35490  1.36%  1525 120711s
 101186 74141  800.35714   49  517  810.35490  799.35490  1.36%  1525 125220s
 110940 76135  809.35490  413  311  810.35490  799.35490  1.36%  1462 128923s
 113493 78223  799.36131   41  556  810.35490  799.35490  1.36%  1478 131714s
 114208 78223  804.47228   88  522  810.35490  799.35490  1.36%  1482 131715s

Cutting planes:
  Learned: 18
  Gomory: 30
  Cover: 364
  Implied bound: 136
  Projected implied bound: 19
  Clique: 8
  MIR: 890
  StrongCG: 2
  Flow cover: 2487
  GUB cover: 3
  Inf proof: 7
  Zero half: 6
  RLT: 1851
  Relax-and-lift: 144

Explored 116455 nodes (173501577 simplex iterations) in 131718.89 seconds
Thread count was 32 (of 32 available processors)

Solution count 10: 810.355 811.355 812.355 ... 823.355

Solve interrupted
Best objective 8.103549006767e+02, best bound 7.993549006760e+02, gap 1.3574%

Gurobi 9.1.0 (linux64) logging started Wed Aug  4 13:14:41 2021

Changed value of parameter LogFile to eab_parasitoid0_0_0.2_bud_area.log
   Prev:   Default: 
Changed value of parameter MIPGap to 0.01
   Prev: 0.0001  Min: 0.0  Max: inf  Default: 0.0001
Changed value of parameter Method to 2
   Prev: -1  Min: -1  Max: 5  Default: -1
Changed value of parameter MIPFocus to 2
   Prev: 0  Min: 0  Max: 3  Default: 0
Changed value of parameter RINS to 100
   Prev: -1  Min: -1  Max: 2000000000  Default: -1
Gurobi Optimizer version 9.1.0 build v9.1.0rc0 (linux64)
Thread count: 32 physical cores, 32 logical processors, using up to 32 threads
Optimize a model with 203396 rows, 134935 columns and 685039 nonzeros
Model fingerprint: 0xae485b28
Variable types: 55779 continuous, 79156 integer (79156 binary)
Coefficient statistics:
  Matrix range     [2e-04, 1e+06]
  Objective range  [1e+00, 1e+00]
  Bounds range     [1e+00, 6e+03]
  RHS range        [1e-04, 1e+06]
Presolve removed 193650 rows and 127178 columns (presolve time = 5s) ...
Presolve removed 197320 rows and 129733 columns
Presolve time: 6.90s
Presolved: 6076 rows, 5202 columns, 80371 nonzeros
Variable types: 1838 continuous, 3364 integer (3364 binary)
Presolve removed 8 rows and 4 columns
Presolved: 6068 rows, 5198 columns, 80346 nonzeros

Root barrier log...

Ordering time: 0.37s

Barrier statistics:
 Dense cols : 76
 AA' NZ     : 2.943e+05
 Factor NZ  : 1.176e+06 (roughly 14 MBytes of memory)
 Factor Ops : 7.383e+08 (less than 1 second per iteration)
 Threads    : 31

                  Objective                Residual
Iter       Primal          Dual         Primal    Dual     Compl     Time
   0   2.47704555e+04 -2.34978042e+04  1.79e+04 8.20e-01  1.40e+02     8s
   1   1.76026823e+04 -2.88429760e+04  1.23e+04 1.23e+00  9.29e+01     8s
   2   3.77288426e+03 -3.10062941e+04  1.93e+03 1.52e-02  1.66e+01     8s
   3   1.56247534e+03 -2.21362322e+04  3.82e+02 3.78e-04  3.86e+00     8s
   4   1.28315293e+03 -7.51257070e+03  1.88e+02 1.85e-13  1.12e+00     8s
   5   9.86726430e+02 -1.50063089e+03  3.11e+00 1.78e-14  1.58e-01     8s
   6   8.67959284e+02  3.89905958e+02  2.06e-01 3.55e-15  2.96e-02     9s
   7   8.43758388e+02  6.83615306e+02  3.10e-02 1.78e-15  9.90e-03     9s
   8   8.32978188e+02  7.29528674e+02  5.63e-04 1.78e-15  6.39e-03     9s
   9   8.29556711e+02  7.77191459e+02  2.95e-04 8.88e-16  3.23e-03     9s
  10   8.28009394e+02  8.08217594e+02  1.54e-04 1.44e-15  1.22e-03     9s
  11   8.27114353e+02  8.18712465e+02  8.21e-05 8.88e-16  5.19e-04     9s
  12   8.26652452e+02  8.23334469e+02  4.29e-05 1.78e-15  2.05e-04     9s
  13   8.26358731e+02  8.24992667e+02  1.55e-05 8.88e-16  8.43e-05     9s
  14   8.26209275e+02  8.25746686e+02  3.57e-06 8.88e-16  2.86e-05     9s
  15   8.26167473e+02  8.26055598e+02  9.03e-07 8.88e-16  6.91e-06     9s
  16   8.26162382e+02  8.26093310e+02  6.19e-07 1.78e-15  4.26e-06     9s
  17   8.26154242e+02  8.26153520e+02  1.60e-10 8.88e-16  4.46e-08     9s
  18   8.26154208e+02  8.26154208e+02  1.27e-12 1.78e-15  1.57e-12     9s

Barrier solved model in 18 iterations and 9.47 seconds
Optimal objective 8.26154208e+02


Root crossover log...

      62 DPushes remaining with DInf 0.0000000e+00                 9s
       0 DPushes remaining with DInf 0.0000000e+00                 9s

    4524 PPushes remaining with PInf 0.0000000e+00                 9s
       0 PPushes remaining with PInf 0.0000000e+00                10s

  Push phase complete: Pinf 0.0000000e+00, Dinf 0.0000000e+00     10s


Root simplex log...

Iteration    Objective       Primal Inf.    Dual Inf.      Time
    4550    8.2615421e+02   0.000000e+00   0.000000e+00     10s
    4550    8.2615421e+02   0.000000e+00   0.000000e+00     10s

Root relaxation: objective 8.261542e+02, 4550 iterations, 2.68 seconds
Total elapsed time = 11.61s

    Nodes    |    Current Node    |     Objective Bounds      |     Work
 Expl Unexpl |  Obj  Depth IntInf | Incumbent    BestBd   Gap | It/Node Time

     0     0  826.15421    0  133          -  826.15421      -     -   12s
     0     0  826.18185    0  527          -  826.18185      -     -   15s
     0     0  826.18185    0  528          -  826.18185      -     -   15s
     0     0  826.28258    0  695          -  826.28258      -     -   21s
     0     0  826.30351    0  672          -  826.30351      -     -   21s
     0     0  826.30375    0  678          -  826.30375      -     -   22s
     0     0  826.30375    0  678          -  826.30375      -     -   22s
     0     0  827.25539    0  730          -  827.25539      -     -   25s
     0     0  827.25539    0  727          -  827.25539      -     -   27s
     0     0  827.25539    0  747          -  827.25539      -     -   28s
     0     0  827.25539    0  748          -  827.25539      -     -   28s
     0     0  827.25539    0  750          -  827.25539      -     -   28s
     0     0  828.26433    0  755          -  828.26433      -     -   33s
     0     0  828.26433    0  771          -  828.26433      -     -   35s
H    0     0                     909.6413274  828.26433  8.95%     -   35s
     0     0  828.26433    0  785  909.64133  828.26433  8.95%     -   35s
     0     0  828.26433    0  791  909.64133  828.26433  8.95%     -   35s
     0     0  828.26433    0  792  909.64133  828.26433  8.95%     -   35s
     0     0  829.33615    0  768  909.64133  829.33615  8.83%     -   41s
     0     0  830.38027    0  770  909.64133  830.38027  8.71%     -   43s
     0     0  830.38027    0  789  909.64133  830.38027  8.71%     -   43s
     0     0  830.38027    0  799  909.64133  830.38027  8.71%     -   43s
     0     0  830.38027    0  757  909.64133  830.38027  8.71%     -   54s
     0     0  830.38027    0  753  909.64133  830.38027  8.71%     -   58s
     0     0  830.38027    0  749  909.64133  830.38027  8.71%     -   59s
     0     0  830.38027    0  751  909.64133  830.38027  8.71%     -   59s
     0     0  830.38027    0  748  909.64133  830.38027  8.71%     -   60s
     0     0  830.38027    0  790  909.64133  830.38027  8.71%     -   71s
     0     0  830.38027    0  787  909.64133  830.38027  8.71%     -   75s
     0     0  830.38027    0  786  909.64133  830.38027  8.71%     -   77s
     0     0  830.38027    0  791  909.64133  830.38027  8.71%     -   78s
     0     0  830.38027    0  793  909.64133  830.38027  8.71%     -   80s
     0     0  830.38027    0  792  909.64133  830.38027  8.71%     -   81s
     0     0  830.38027    0  778  909.64133  830.38027  8.71%     -   89s
     0     0  830.38027    0  785  909.64133  830.38027  8.71%     -   92s
     0     0  830.38027    0  790  909.64133  830.38027  8.71%     -   93s
     0     0  830.38027    0  795  909.64133  830.38027  8.71%     -   94s
     0     0  830.38027    0  788  909.64133  830.38027  8.71%     -  106s
     0     0  830.38027    0  751  909.64133  830.38027  8.71%     -  124s
H    0     0                     888.4719456  830.38027  6.54%     -  994s
     0     2  830.38027    0  747  888.47195  830.38027  6.54%     -  996s
     1     2 infeasible    1       888.47195  830.38027  6.54%  7748 1006s
     3     2  830.38027    2  741  888.47195  830.38027  6.54%  3329 1014s
     5     2 infeasible    3       888.47195  830.38027  6.54%  2626 1025s
     7     2  830.89907    4  723  888.47195  830.38027  6.54%  2447 1043s
     9     2 infeasible    5       888.47195  830.89907  6.48%  4544 1143s
    11     2  832.85723    6  730  888.47195  831.85593  6.37%  4030 1148s
    13     2 infeasible    7       888.47195  832.88396  6.26%  3639 1161s
    15     2  834.83513    8  722  888.47195  833.85509  6.15%  3428 1199s
    17     2 infeasible    9       888.47195  834.83513  6.04%  3427 1213s
    19     2  836.82385   10  712  888.47195  835.84150  5.92%  3265 1218s
    21     4  836.85599   11  670  888.47195  836.82385  5.81%  3067 1226s
    23     4 infeasible   12       888.47195  836.85599  5.81%  3046 1249s
    27     4  838.92273   13  654  888.47195  837.87654  5.69%  2911 1294s
    31     6 infeasible   14       888.47195  838.92273  5.58%  2943 1324s
    35     8  840.95249   15  553  888.47195  839.91189  5.47%  3068 1386s
    41     8  841.08416   16  580  888.47195  840.95249  5.35%  3285 1421s
    49    12 infeasible   17       888.47195  841.08416  5.33%  3108 1699s
    57    24  841.99575   18  394  888.47195  841.99575  5.23%  3462 1707s
H   59    24                     887.4522832  841.99575  5.12%  3393 1707s
H   69    46                     885.3878884  841.99575  4.90%  3253 1735s
H   70    46                     885.2861376  841.99575  4.89%  3249 1735s
H   74    46                     884.2670519  841.99575  4.78%  3193 1735s
H   85    46                     884.2481122  841.99575  4.78%  3124 1735s
H   86    46                     882.2075946  841.99575  4.56%  3116 1735s
    93    78  841.99575   20  383  882.20759  841.99575  4.56%  3140 1789s
   125   110  841.99575   21  430  882.20759  841.99575  4.56%  4245 1829s
   157   142  841.99575   22  426  882.20759  841.99575  4.56%  3926 1850s
H  189   193                     876.9072379  841.99575  3.98%  3337 1872s
H  218   193                     874.8565379  841.99575  3.76%  2968 1872s
   240   243  841.99575   25  418  874.85654  841.99575  3.76%  2774 1888s
   294   275  841.99575   27  370  874.85654  841.99575  3.76%  2416 1967s
H  321   275                     873.7902306  841.99575  3.64%  2271 1967s
   326   487  841.99575   28  368  873.79023  841.99575  3.64%  2251 2006s
   538   987  841.99575   34  381  873.79023  841.99575  3.64%  1673 2138s
  1048  1834  841.99575   50  422  873.79023  841.99575  3.64%  1168 2490s
  1925  3032  843.09549   76  379  873.79023  841.99575  3.64%   972 3416s
H 3198  3032                     865.3493996  841.99575  2.70%   916 3417s
  3199  4220  843.09549   92  391  865.34940  841.99575  2.70%   917 4270s
  4607  6116  845.21311  112  303  865.34940  841.99575  2.70%   920 5477s
H 4675  6116                     862.1576355  841.99575  2.34%   917 5477s
H 6364  6116                     861.0745017  841.99575  2.22%   862 5478s
  6745  7773  847.31090  171  371  861.07450  841.99575  2.22%   854 6701s
H 6969  7732                     858.9619689  841.99575  1.98%   852 6702s
H 7402  7677                     857.8563706  841.99575  1.85%   823 6702s
  8777  8455  845.08263   77  501  857.85637  841.99575  1.85%   828 7797s
 10365  8454  843.06747   44  751  857.85637  841.99575  1.85%   852 8531s
 10367  8455  843.06747  119  130  857.85637  841.99575  1.85%   852 8536s
 10368  8456  842.02111   98  461  857.85637  841.99575  1.85%   852 8544s
 10369  8457  841.99575   28  664  857.85637  841.99575  1.85%   852 8547s
 10370  8457  854.72639  349  680  857.85637  841.99575  1.85%   852 8550s
 10372  8459  844.14936   73  706  857.85637  841.99575  1.85%   852 8555s
 10373  8459  853.71816  215  691  857.85637  841.99575  1.85%   852 8587s
 10374  8460  856.77579  292  690  857.85637  841.99575  1.85%   852 8596s
 10375  8461  844.11827  100  690  857.85637  841.99575  1.85%   852 8627s
 10376  8464  841.99575   13  690  857.85637  841.99575  1.85%   854 8722s
 10378  8466  841.99575   14  726  857.85637  841.99575  1.85%   854 8854s
 10382  8466 infeasible   15       857.85637  841.99575  1.85%   855 8983s
 10388  8466  841.99575   16  718  857.85637  841.99575  1.85%   855 9111s
 10396  8474  841.99575   17  723  857.85637  841.99575  1.85%   857 9140s
 10406  8482  841.99575   18  719  857.85637  841.99575  1.85%   857 9186s
 10426  8504  841.99575   19  728  857.85637  841.99575  1.85%   859 9244s
 10458  8521  841.99575   20  682  857.85637  841.99575  1.85%   859 9297s
 10490  8538  841.99575   21  702  857.85637  841.99575  1.85%   861 9358s
 10522  8556  841.99575   22  695  857.85637  841.99575  1.85%   863 9849s
H10526  8130                     856.7843992  841.99575  1.73%   863 9849s
 10554  8166  841.99575   23  748  856.78440  841.99575  1.73%   865 9953s
 10605  8181  841.99575   25  766  856.78440  841.99575  1.73%   867 10023s
 10637  8216  841.99575   26  745  856.78440  841.99575  1.73%   868 10074s
 10687  8245  841.99575   28  706  856.78440  841.99575  1.73%   872 10110s
 10744  8282  841.99575   30  712  856.78440  841.99575  1.73%   873 10187s
 10808  8302  841.99575   32  690  856.78440  841.99575  1.73%   876 10263s
 10858  8321  841.99575   33  606  856.78440  841.99575  1.73%   882 10312s
 10903  8360  842.05343   35  580  856.78440  841.99575  1.73%   890 10375s
 10967  8390  843.05271   39  463  856.78440  841.99575  1.73%   896 10448s
 11025  8454  843.05271   40  451  856.78440  841.99575  1.73%   899 10520s
