
Gurobi 9.1.0 (linux64) logging started Fri Dec 31 05:06:04 2021

Changed value of parameter LogFile to eab_parasitoid_0.6_0_2_bud.log
   Prev:   Default: 
Changed value of parameter MIPGap to 0.01
   Prev: 0.0001  Min: 0.0  Max: inf  Default: 0.0001
Changed value of parameter MIPFocus to 1
   Prev: 0  Min: 0  Max: 3  Default: 0
Changed value of parameter RINS to 100
   Prev: -1  Min: -1  Max: 2000000000  Default: -1
Changed value of parameter TimeLimit to 28800.0
   Prev: inf  Min: 0.0  Max: inf  Default: inf
Changed value of parameter NodeFileStart to 10000.0
   Prev: inf  Min: 0.0  Max: inf  Default: inf
Changed value of parameter Threads to 4
   Prev: 0  Min: 0  Max: 1024  Default: 0
Changed value of parameter Heuristics to 1.0
   Prev: 0.05  Min: 0.0  Max: 1.0  Default: 0.05
Gurobi Optimizer version 9.1.0 build v9.1.0rc0 (linux64)
Thread count: 32 physical cores, 32 logical processors, using up to 4 threads
Optimize a model with 381543 rows, 174513 columns and 1305866 nonzeros
Model fingerprint: 0x81349fef
Variable types: 77367 continuous, 97146 integer (97146 binary)
Coefficient statistics:
  Matrix range     [2e-04, 6e+03]
  Objective range  [1e-06, 1e-01]
  Bounds range     [1e+00, 6e+03]
  RHS range        [1e-04, 7e+03]

User MIP start produced solution with objective 871.006 (7.34s)
Loaded user MIP start with objective 871.006
Processed MIP start in 7.59 seconds

Presolve removed 225329 rows and 80740 columns (presolve time = 5s) ...
Presolve removed 261291 rows and 104942 columns
Presolve time: 7.47s
Presolved: 120252 rows, 69571 columns, 622631 nonzeros
Variable types: 31878 continuous, 37693 integer (37693 binary)

Deterministic concurrent LP optimizer: primal and dual simplex (primal and dual model)
Showing first log only...

Presolve removed 205 rows and 193 columns
Presolved: 120047 rows, 69378 columns, 622172 nonzeros


Root simplex log...

Iteration    Objective       Primal Inf.    Dual Inf.      Time
       0    2.3777272e+02   3.376518e+02   2.378693e+09     16s
Concurrent spin time: 0.10s

Solved with dual simplex (primal model)

Root relaxation: objective 2.274033e+02, 5561 iterations, 1.08 seconds

    Nodes    |    Current Node    |     Objective Bounds      |     Work
 Expl Unexpl |  Obj  Depth IntInf | Incumbent    BestBd   Gap | It/Node Time

     0     0  227.55291    0 1386  871.00583  227.55291  73.9%     -   23s
     0     0  239.02626    0 2255  871.00583  239.02626  72.6%     -   31s
     0     0  239.99645    0 2090  871.00583  239.99645  72.4%     -   33s
     0     0  240.04455    0 2149  871.00583  240.04455  72.4%     -   33s
     0     0  240.04650    0 2152  871.00583  240.04650  72.4%     -   34s
     0     0  240.04651    0 2153  871.00583  240.04651  72.4%     -   34s
     0     0  254.13762    0 2072  871.00583  254.13762  70.8%     -   38s
     0     0  254.64685    0 2060  871.00583  254.64685  70.8%     -   43s
     0     0  254.70556    0 2031  871.00583  254.70556  70.8%     -   43s
     0     0  254.70630    0 2028  871.00583  254.70630  70.8%     -   43s
     0     0  270.84772    0 2038  871.00583  270.84772  68.9%     -   50s
     0     0  270.84772    0 1561  871.00583  270.84772  68.9%     -   62s
     0     0  270.84772    0 2355  871.00583  270.84772  68.9%     -   70s
     0     0  270.84772    0 1994  871.00583  270.84772  68.9%     -   75s
     0     0  272.30406    0 2034  871.00583  272.30406  68.7%     -   77s
     0     0  272.35272    0 2056  871.00583  272.35272  68.7%     -   78s
     0     0  272.35941    0 2049  871.00583  272.35941  68.7%     -   79s
     0     0  272.36054    0 2055  871.00583  272.36054  68.7%     -   79s
     0     0  272.36110    0 2058  871.00583  272.36110  68.7%     -   79s
     0     0  273.20267    0 2028  871.00583  273.20267  68.6%     -   84s
     0     0  273.36590    0 2034  871.00583  273.36590  68.6%     -   89s
     0     0  273.43993    0 2053  871.00583  273.43993  68.6%     -   90s
     0     0  273.44194    0 2048  871.00583  273.44194  68.6%     -   90s
     0     0  281.14770    0 2085  871.00583  281.14770  67.7%     -   97s
     0     0  285.17624    0 2079  871.00583  285.17624  67.3%     -  103s
     0     0  286.28598    0 2095  871.00583  286.28598  67.1%     -  104s
     0     0  286.29404    0 2079  871.00583  286.29404  67.1%     -  105s
     0     0  286.29527    0 2078  871.00583  286.29527  67.1%     -  105s
     0     0  290.62267    0 2000  871.00583  290.62267  66.6%     -  111s
     0     0  290.69943    0 2038  871.00583  290.69943  66.6%     -  115s
     0     0  290.72226    0 2027  871.00583  290.72226  66.6%     -  116s
     0     0  290.72562    0 2050  871.00583  290.72562  66.6%     -  117s
     0     0  290.75003    0 2023  871.00583  290.75003  66.6%     -  121s
     0     2  290.75003    0 2021  871.00583  290.75003  66.6%     -  246s
     3     8  302.67560    2 2209  871.00583  295.44829  66.1%  2271  255s
     7    12  304.76036    3 2228  871.00583  298.50158  65.7%  2143  261s
    15    20  309.10001    5 2189  871.00583  298.72286  65.7%  1415  266s
    19    24  310.26098    6 2194  871.00583  298.72286  65.7%  1247  270s
    28    33  317.96749    9 2271  871.00583  298.72286  65.7%  1100  276s
    32    38  318.51981   10 2272  871.00583  298.72286  65.7%  1012  280s
    43    50  323.27087   13 2251  871.00583  298.72286  65.7%   854  287s
    49    55  324.07277   13 2251  871.00583  298.72286  65.7%   824  290s
    54    59  334.37367   14 2267  871.00583  298.72286  65.7%   787  437s
    58    63  326.17157   14 2241  871.00583  298.72286  65.7%   757  442s
    62    67  326.17871   15 2247  871.00583  298.72286  65.7%   730  449s
    66    76  326.22748   16 2245  871.00583  298.72286  65.7%   729  452s
    75    86  326.32019   19 2236  871.00583  298.72286  65.7%   668  456s
    85    93  343.76593   21 2235  871.00583  298.72286  65.7%   626  461s
    92    98  328.48234   22 2251  871.00583  298.72286  65.7%   600  466s
    97   109  328.51860   23 2249  871.00583  298.72286  65.7%   583  515s
   108   113  330.98238   25 2248  871.00583  298.72286  65.7%   543  522s
   112   125  331.56679   26 2236  871.00583  298.72286  65.7%   534  527s
   124   135  331.69783   29 2238  871.00583  298.72286  65.7%   512  533s
   134   148  331.72652   31 2235  871.00583  298.72286  65.7%   484  538s
   147   162  332.13910   34 2253  871.00583  298.72286  65.7%   470  543s
   161   182  333.74547   38 2181  871.00583  298.72286  65.7%   454  547s
   181   216  335.05711   39 2176  871.00583  298.72286  65.7%   425  550s
H  215   220                     841.6672807  298.72286  64.5%   378  654s
H  216   220                     829.7444148  298.72286  64.0%   377  654s
   219   255  341.03327   49 2176  829.74441  298.72286  64.0%   376  658s
H  254   259                     827.3494652  298.72286  63.9%   344  671s
H  254   259                     791.9307938  298.72286  62.3%   344  671s
H  255   259                     770.4437017  298.72286  61.2%   348  671s
H  258   263                     758.1265508  298.72286  60.6%   344  687s
   262   319  351.24611   60 2177  758.12655  298.72286  60.6%   343  691s
H  318   323                     758.1263347  298.72286  60.6%   297  715s
H  318   323                     711.0122126  298.72286  58.0%   297  715s
H  322   327                     710.8517686  298.72286  58.0%   294  724s
H  323   327                     703.9734470  298.72286  57.6%   293  724s
   326   385  358.36711   74 2178  703.97345  298.72286  57.6%   291  727s
H  384   389                     679.5415332  298.72286  56.0%   263  752s
   388   428  360.37158   90 2133  679.54153  298.72286  56.0%   263  757s
H  397   428                     620.3822009  298.72286  51.8%   258  757s
   427   432  364.12144   98 2132  620.38220  298.72286  51.8%   245  777s
H  428   432                     620.3663960  298.72286  51.8%   244  777s
H  430   432                     620.3658266  298.72286  51.8%   243  777s
   431   520  362.14905   98 2132  620.36583  298.72286  51.8%   243  782s
H  519   524                     620.3565576  298.72286  51.8%   212  804s
   523   560  375.42578  118 2105  620.35656  298.72286  51.8%   211  811s
H  559   564                     620.3351543  298.72286  51.8%   201  822s
H  560   564                     617.3853675  298.72286  51.6%   200  822s
   563   656  375.69355  127 2086  617.38537  298.72286  51.6%   199  837s
H  614   656                     617.0705656  298.72286  51.6%   185  837s
H  640   656                     615.9425183  298.72286  51.5%   178  837s
   655   660  379.09086  149 2065  615.94252  298.72286  51.5%   176  866s
H  657   660                     614.3749292  298.72286  51.4%   176  866s
H  658   660                     476.4955875  298.72286  37.3%   175  866s
H  659   678                     474.2432407  298.72286  37.0%   175 1630s
H  677   684                     474.0174521  298.72286  37.0%   171 1644s
H  681   684                     467.6768268  298.72286  36.1%   170 1644s
H  683   693                     467.3770616  298.72286  36.1%   169 1654s
H  686   693                     467.0884061  298.72286  36.0%   169 1654s
H  688   693                     466.7541824  298.72286  36.0%   168 1654s
H  692   702                     466.7541819  298.72286  36.0%   169 1661s
H  696   702                     466.7541805  298.72286  36.0%   168 1661s
   701   709  379.40910  158 2055  466.75418  298.72286  36.0%   169 1679s
   708   765  379.41467  159 2053  466.75418  298.72286  36.0%   168 1689s
   764   817  379.43197  160 2045  466.75418  298.72286  36.0%   157 1708s
   816   923  379.68119  168 2043  466.75418  298.72286  36.0%   149 1716s
   922   981  380.65354  204 1979  466.75418  298.72286  36.0%   135 1734s
H  980  1030                     461.6264896  298.72286  35.3%   129 1764s
  1029  1120  380.66204  206 1963  461.62649  298.72286  35.3%   125 1772s
H 1040  1120                     461.5861231  298.72286  35.3%   125 1772s
H 1110  1120                     461.5620679  298.72286  35.3%   118 1772s
  1121  1184  383.41943  217 1952  461.56207  298.72286  35.3%   117 1788s
H 1123  1184                     461.5620612  298.72286  35.3%   117 1788s
H 1136  1184                     461.5101060  298.72286  35.3%   116 1788s
H 1152  1184                     461.4524877  298.72286  35.3%   115 1788s
  1185  1248  383.57961  233 1927  461.45249  298.72286  35.3%   112 1860s
H 1200  1248                     461.4065655  298.72286  35.3%   111 1860s
H 1216  1248                     461.2878005  298.72286  35.2%   110 1860s
H 1249  1256                     461.2877851  298.72286  35.2%   108 1872s
H 1251  1256                     461.1518968  298.72286  35.2%   107 1872s
  1257  1411  384.15748  246 1913  461.15190  298.72286  35.2%   107 1885s
H 1281  1411                     461.0669847  298.72286  35.2%   106 1885s
H 1306  1411                     460.6419175  298.72286  35.2%   104 1885s
H 1414  1434                     460.6411988  298.72286  35.2%  96.7 1903s
  1437  1650  388.49765  269 1950  460.64120  298.72286  35.2%  95.5 1917s
H 1457  1650                     460.5955344  298.72286  35.1%  94.4 1917s
H 1526  1650                     460.5859264  298.72286  35.1%  90.7 1917s
H 1590  1650                     459.7965465  298.72286  35.0%  87.4 1917s
  1655  1734  390.36346  326 1880  459.79655  298.72286  35.0%  84.4 1946s
H 1676  1734                     459.7384140  298.72286  35.0%  83.6 1946s
H 1742  1732                     453.6718329  298.72286  34.2%  80.9 1946s
H 1743  1851                     453.6718325  298.72286  34.2%  80.9 1970s
H 1770  1851                     453.6717928  298.72286  34.2%  79.8 1970s
H 1834  1851                     453.6713818  298.72286  34.2%  77.2 1970s
  1862  1941  392.79538  363 1838  453.67138  298.72286  34.2%  76.6 1987s
H 1935  1941                     453.6713672  298.72286  34.2%  73.9 1987s
  1954  2079  392.95291  381 1817  453.67137  298.72286  34.2%  73.6 2003s
H 2055  2079                     453.6713672  298.72286  34.2%  70.3 2003s
  2096  2425  399.39161  418 1784  453.67137  298.72286  34.2%  69.4 2018s
H 2411  2425                     453.0221046  298.72286  34.1%  61.5 2018s
H 2454  2819                     453.0217915  298.72286  34.1%  60.8 2032s
H 2816  2819                     453.0154192  298.72286  34.1%  54.0 2032s
H 2874  3156                     453.0154128  298.72286  34.1%  53.4 2046s
H 2900  3156                     453.0153805  298.72286  34.1%  52.9 2046s
H 2985  3156                     452.9848101  298.72286  34.1%  51.5 2046s
H 3229  3388                     452.8537641  298.72286  34.0%  48.5 2062s
H 3373  3388                     452.8537635  298.72286  34.0%  46.8 2062s
H 3488  3762                     452.1339850  298.72286  33.9%  46.7 2079s
H 3838  3762                     452.1339849  298.72286  33.9%  42.9 2079s
  3894  4122  406.28773  794 1326  452.13398  298.72286  33.9%  43.3 2096s
  4315  4125 infeasible  873       452.13398  298.72286  33.9%  39.9 2116s
H 4320  4150                     451.3610292  298.72286  33.8%  40.3 2135s
H 4334  4147                     450.6841887  298.72286  33.7%  40.4 2135s
H 4343  4047                     435.3574685  298.72286  31.4%  40.3 2135s
H 4349  4061                     435.3572874  298.72286  31.4%  40.7 2156s
  4368  4164  409.54324  885 1223  435.35729  298.72286  31.4%  41.8 2173s
H 4384  4164                     435.3572564  298.72286  31.4%  41.7 2173s
H 4433  4164                     435.3572562  298.72286  31.4%  41.3 2173s
  4483  4443  409.85533  907 1216  435.35726  298.72286  31.4%  41.8 2192s
H 4491  4443                     435.3572515  298.72286  31.4%  41.7 2192s
H 4500  4415                     435.2184482  298.72286  31.4%  41.6 2192s
H 4824  4623                     435.2183417  298.72286  31.4%  40.1 2209s
H 4900  4623                     435.2179874  298.72286  31.4%  39.6 2209s
H 5081  4680                     435.2179799  298.72286  31.4%  40.2 2227s
H 5201  4618                     434.1157490  298.72286  31.2%  39.6 2227s
  5273  4619  408.95152  691 2038  434.11575  298.72286  31.2%  40.5 2258s
  5275  4620  379.15365  150 1789  434.11575  298.72286  31.2%  40.5 2269s
  5276  4621  369.69231  143 2430  434.11575  298.72286  31.2%  40.4 2277s
  5277  4622  346.43279   57 2076  434.11575  298.72286  31.2%  40.4 2287s
  5278  4622  391.80431  515 2004  434.11575  307.01224  29.3%  40.4 2297s
  5279  4623  428.95552  241 2117  434.11575  307.88328  29.1%  40.4 2301s
  5282  4625  390.02437  321 2123  434.11575  310.08152  28.6%  40.4 2306s
  5285  4627  398.45519  901 2120  434.11575  310.08834  28.6%  40.4 2310s
  5286  4628  392.27545  456 2142  434.11575  313.35851  27.8%  40.4 2324s
  5287  4628  367.95390   26 2049  434.11575  316.36640  27.1%  40.4 2328s
  5288  4629  376.65654  240 2105  434.11575  316.59361  27.1%  40.4 2330s
  5293  4632  398.21967  852 2097  434.11575  316.72001  27.0%  40.3 2336s
  5294  4633  396.29012  747 2047  434.11575  318.54078  26.6%  40.3 2342s
  5295  4634  427.68942  491 2071  434.11575  319.45443  26.4%  40.3 2345s
  5301  4638  377.70712  279 2060  434.11575  320.37675  26.2%  40.3 2354s
H 5301  4405                     434.1157462  320.37675  26.2%  40.3 2361s
H 5301  4184                     433.2545792  320.37675  26.1%  40.3 2511s
  5303  4188  321.13566   11 2038  433.25458  320.37675  26.1%  49.5 2523s
  5305  4191  323.33775   12 2248  433.25458  321.13566  25.9%  50.0 2527s
  5313  4193 infeasible   13       433.25458  323.37803  25.4%  50.8 2531s
  5325  4199  323.52397   15 2230  433.25458  323.52397  25.3%  51.2 2537s
  5329  4201  374.90475   15 2220  433.25458  323.52397  25.3%  51.5 2541s
H 5331  3992                     433.2545791  323.52397  25.3%  51.5 2541s
  5342  4000  324.71597   17 2239  433.25458  324.71597  25.1%  51.9 2546s
H 5350  3805                     433.2545045  325.24062  24.9%  52.0 2586s
  5359  3807 infeasible   19       433.25450  328.23790  24.2%  53.0 2593s
  5363  3814  329.01329   20 2280  433.25450  328.23790  24.2%  53.8 2595s
  5377  3819  332.09558   21 2295  433.25450  328.23790  24.2%  55.2 2603s
  5381  3821  350.87959   21 2295  433.25450  328.23790  24.2%  55.8 2605s
  5392  3827  393.01257   23 2274  433.25450  328.23790  24.2%  56.5 2646s
  5409  3837  336.46856   25 2276  433.25450  328.23790  24.2%  57.4 2714s
  5413  3844  387.49818   25 2261  433.25450  328.23790  24.2%  57.6 2717s
  5423  3852  336.55682   27 2275  433.25450  328.23790  24.2%  58.1 2722s
  5435  3862  337.96517   29 2306  433.25450  328.23790  24.2%  58.4 2726s
  5449  3866  354.93839   31 2336  433.25450  328.23790  24.2%  58.8 2730s
  5460  3865  343.32000   31 2329  433.25450  328.23790  24.2%  59.2 2765s
  5476  3878  343.46591   33 2327  433.25450  328.23790  24.2%  60.1 2773s
  5489  3891  360.86800   35 2274  433.25450  328.23790  24.2%  61.0 2777s
  5506  3899  388.37749   37 2270  433.25450  328.23790  24.2%  61.8 2827s
  5532  3895  385.40714   40 2365  433.25450  328.23790  24.2%  63.1 2841s
  5536  3907  349.80331   41 2337  433.25450  328.23790  24.2%  64.1 2845s
  5554  3915  349.88103   42 2338  433.25450  328.23790  24.2%  65.7 2852s
  5574  3913  367.31689   44 2352  433.25450  328.23790  24.2%  66.7 2864s
H 5577  3723                     433.2536886  328.23790  24.2%  66.7 2864s
  5578  3735  350.02843   45 2330  433.25369  328.23790  24.2%  66.8 2871s
H 5597  3553                     433.2202060  328.23790  24.2%  68.1 2879s
H 5598  3382                     433.2066356  328.23790  24.2%  68.1 2879s
H 5600  3219                     433.1443952  328.23790  24.2%  68.2 2879s
  5601  3247     cutoff   47       433.14440  328.23790  24.2%  68.5 2885s
  5635  3239  352.97586   50 2324  433.14440  328.23790  24.2%  69.1 2957s
  5639  3259  430.98060   50 2320  433.14440  328.23790  24.2%  69.3 2963s
H 5666  3100                     433.1443827  328.23790  24.2%  69.9 3097s
H 5667  2953                     433.1257999  328.23790  24.2%  70.2 3097s
  5670  2976  363.35725   55 2333  433.12580  328.23790  24.2%  70.3 3104s
H 5702  2830                     433.0596357  328.23790  24.2%  71.2 3126s
H 5704  2697                     432.8136642  328.23790  24.2%  71.1 3126s
  5706  2726  364.55261   59 2337  432.81366  328.23790  24.2%  71.3 3259s
H 5737  2594                     432.7651800  328.23790  24.2%  74.8 3350s
H 5738  2474                     432.6985503  328.23790  24.1%  74.8 3350s
H 5741  2364                     432.6985138  328.23790  24.1%  74.8 3421s
H 5743  2253                     432.5890420  328.23790  24.1%  74.8 3421s
  5745  2287  365.22131   65 2303  432.58904  328.23790  24.1%  74.9 3469s
H 5795  2172                     432.5501618  328.23790  24.1%  76.6 3550s
H 5796  2075                     432.5224315  328.23790  24.1%  76.6 3550s
  5799  2082  367.80472   72 2284  432.52243  328.23790  24.1%  76.5 3637s
  5807  2114  365.65986   73 2285  432.52243  328.23790  24.1%  76.5 3737s
H 5848  2008                     431.9960138  328.23790  24.0%  79.6 3775s
  5852  2056  368.66118   81 2189  431.99601  328.23790  24.0%  79.5 3789s
  5914  2038  367.43716   88 2177  431.99601  328.23790  24.0%  80.3 3916s
H 5915  1950                     431.9302778  328.23790  24.0%  80.2 3916s
H 5916  1862                     429.7205569  328.23790  23.6%  80.3 3916s
  5918  1938  367.10930   89 2188  429.72056  328.23790  23.6%  80.2 3998s
H 5944  1850                     429.2882405  328.23790  23.5%  80.3 3998s
H 5970  1767                     429.1810744  328.23790  23.5%  80.6 3998s
  6010  1756     cutoff  102       429.18107  328.23790  23.5%  81.6 4030s
H 6011  1685                     428.7183352  328.23790  23.4%  81.6 4030s
H 6012  1616                     428.7024528  328.23790  23.4%  81.6 4030s
H 6014  1550                     428.6743782  328.23790  23.4%  81.6 4030s
  6015  1564  392.25625  103 2189  428.67438  328.23790  23.4%  81.6 4099s
H 6022  1500                     428.6741768  328.23790  23.4%  81.5 4099s
H 6031  1457                     428.6741750  328.23790  23.4%  81.4 4136s
H 6035  1401                     428.6053774  328.23790  23.4%  81.4 4136s
H 6051  1368                     428.5675888  328.23790  23.4%  81.4 4155s
H 6064  1313                     428.5436841  328.23790  23.4%  81.3 4155s
H 6078  1270                     428.5372220  328.23790  23.4%  81.2 4181s
H 6079  1224                     428.4854810  328.23790  23.4%  81.2 4181s
H 6081  1181                     428.4119274  328.23790  23.4%  81.2 4181s
  6086  1229  372.72069  112 2198  428.41193  328.23790  23.4%  81.1 4225s
  6138  1216  376.74568  118 2192  428.41193  328.23790  23.4%  80.8 4300s
  6142  1258  376.74752  119 2183  428.41193  328.23790  23.4%  80.7 4321s
H 6143  1217                     428.3832217  328.23790  23.4%  80.7 4321s
  6196  1203  377.79142  125 2176  428.38322  328.23790  23.4%  80.3 4398s
H 6200  1168                     428.3789486  328.23790  23.4%  80.3 4453s
H 6201  1131                     428.3759031  328.23790  23.4%  80.3 4453s
  6204  1164  377.92993  126 2169  428.37590  328.23790  23.4%  80.2 4480s
H 6205  1128                     428.3353892  328.23790  23.4%  80.2 4480s
H 6210  1094                     428.2951111  328.23790  23.4%  80.2 4480s
  6244  1086  380.38837  130 2169  428.29511  328.23790  23.4%  80.0 4515s
H 6245  1055                     428.2951098  328.23790  23.4%  80.0 4515s
H 6245  1023                     427.6337416  328.23790  23.2%  80.0 4515s
  6248  1117  380.23088  131 2163  427.63374  328.23790  23.2%  79.9 4550s
H 6273  1077                     426.9015018  328.23790  23.1%  79.8 4550s
H 6325  1031                     426.7799521  328.23790  23.1%  79.6 4550s
H 6352  1000                     426.7482262  328.23790  23.1%  79.6 4609s
H 6355   975                     426.7482221  328.23790  23.1%  79.6 4609s
H 6356   956                     426.7481779  328.23790  23.1%  79.5 4675s
H 6357   934                     426.7335140  328.23790  23.1%  79.5 4675s
H 6358   912                     426.7335042  328.23790  23.1%  79.5 4675s
H 6359   892                     426.7334954  328.23790  23.1%  79.5 4675s
  6360   948  379.19448  145 2140  426.73350  328.23790  23.1%  79.5 4724s
H 6377   932                     426.6090003  328.23790  23.1%  79.4 4724s
  6432   935  381.85917  154 2175  426.60900  328.23790  23.1%  80.4 4841s
H 6433   935                     426.6089905  328.23790  23.1%  80.4 4841s
  6436  1003  384.27079  154 2178  426.60899  328.23790  23.1%  81.0 4935s
H 6477  1003                     426.6089823  328.23790  23.1%  81.6 4935s
H 6520  1014                     426.5382301  328.23790  23.0%  82.8 4976s
  6532  1104  384.96301  168 2131  426.53823  328.23790  23.0%  82.9 5013s
H 6629  1108                     426.5381842  328.23790  23.0%  82.8 5082s
H 6631  1108                     426.5381813  328.23790  23.0%  82.8 5082s
  6633  1216  401.81019  181 2152  426.53818  328.23790  23.0%  82.8 5174s
H 6654  1216                     426.5220357  328.23790  23.0%  82.5 5174s
  6741  1220  385.59780  195 2067  426.52204  328.23790  23.0%  82.2 5243s
H 6742  1220                     426.5219948  328.23790  23.0%  82.2 5243s
  6745  1310  385.81203  195 2060  426.52199  328.23790  23.0%  82.2 5341s
H 6767  1310                     426.5219918  328.23790  23.0%  82.2 5341s
H 6790  1310                     426.5217152  328.23790  23.0%  82.7 5341s
H 6830  1309                     426.4605536  328.23790  23.0%  82.5 5341s
H 6837  1336                     426.0669214  328.23790  23.0%  82.4 5417s
  6865  1479  386.03621  211 2007  426.06692  328.23790  23.0%  82.3 5485s
H 6973  1479                     426.0654112  328.23790  23.0%  82.6 5485s
H 7009  1538                     426.0652222  328.23790  23.0%  82.3 5606s
H 7034  1538                     426.0642538  328.23790  23.0%  82.2 5606s
  7070  1570  387.18114  241 1900  426.06425  328.23790  23.0%  82.0 5674s
H 7103  1570                     426.0642532  328.23790  23.0%  81.7 5674s
  7104  1918  388.65182  257 1859  426.06425  328.23790  23.0%  81.7 5718s
H 7220  1918                     426.0491392  328.23790  23.0%  80.7 5718s
  7457  1922  394.77991  302 1787  426.04914  328.23790  23.0%  79.2 5874s
H 7459  1922                     426.0491389  328.23790  23.0%  79.2 5875s
H 7459  1922                     426.0491385  328.23790  23.0%  79.2 5875s
  7461  2083  395.02121  302 1785  426.04914  328.23790  23.0%  79.2 5917s
  7661  2130  397.46136  328 1720  426.04914  328.23790  23.0%  78.5 5999s
H 7672  2130                     426.0289864  328.23790  23.0%  78.5 5999s
  7724  2246  397.89479  338 1710  426.02899  328.23790  23.0%  79.1 6117s
H 7761  2246                     426.0289860  328.23790  23.0%  78.8 6117s
H 7823  2246                     426.0243231  328.23790  23.0%  79.0 6117s
  7874  2317  398.57572  357 1694  426.02432  328.23790  23.0%  80.2 6177s
H 7904  2317                     426.0190806  328.23790  23.0%  79.9 6177s
  7961  2477  398.68883  367 1687  426.01908  328.23790  23.0%  80.4 6282s
H 7971  2477                     426.0189965  328.23790  23.0%  80.4 6282s
H 8051  2477                     426.0103796  328.23790  23.0%  79.9 6282s
H 8091  2477                     425.9921142  328.23790  22.9%  79.7 6282s
H 8121  2497                     425.9837336  328.23790  22.9%  79.5 6347s
  8141  2734  399.12632  388 1640  425.98373  328.23790  22.9%  79.5 6435s
H 8163  2734                     425.9758359  328.23790  22.9%  79.4 6435s
H 8350  2734                     425.9671695  328.23790  22.9%  78.5 6435s
H 8388  2786                     425.9671692  328.23790  22.9%  78.2 6539s
H 8415  2786                     425.9671613  328.23790  22.9%  78.0 6539s
H 8416  2786                     425.9662395  328.23790  22.9%  78.0 6539s
  8442  3042  399.85621  429 1571  425.96624  328.23790  22.9%  77.8 6613s
H 8455  3042                     425.9617189  328.23790  22.9%  77.7 6613s
  8698  3048  400.29707  468 1487  425.96172  328.23790  22.9%  76.0 6713s
H 8702  3048                     425.9617157  328.23790  22.9%  75.9 6713s
H 8702  3048                     425.9516352  328.23790  22.9%  75.9 6713s
  8704  3455  400.29396  470 1484  425.95164  328.23790  22.9%  75.9 6846s
H 8946  3455                     425.9516073  328.23790  22.9%  74.2 6846s
  9141  3511  401.28965  543 1392  425.95161  328.23790  22.9%  74.3 6941s
H 9201  3511                     425.9516037  328.23790  22.9%  73.8 6941s
  9207  3816  401.63041  573 1333  425.95160  328.23790  22.9%  73.8 7026s
H 9326  3816                     425.9444092  328.23790  22.9%  73.0 7026s
H 9447  3816                     425.8978920  328.23790  22.9%  72.4 7026s
H 9516  4205                     425.8978910  328.23790  22.9%  72.0 7133s
H 9520  4205                     425.8978905  328.23790  22.9%  72.0 7133s
H 9522  4205                     425.8978887  328.23790  22.9%  71.9 7133s
H 9660  4205                     425.8978882  328.23790  22.9%  71.1 7133s
H 9744  4205                     425.8703519  328.23790  22.9%  70.6 7133s
H 9915  4462                     425.8152372  328.23790  22.9%  70.3 7240s
H10181  4647                     425.8147517  328.23790  22.9%  69.7 7341s
H10300  4647                     425.8099596  328.23790  22.9%  68.9 7341s
 10370  5176  404.09243  843  916  425.80996  328.23790  22.9%  68.6 7486s
H10376  5176                     425.8029379  328.23790  22.9%  68.6 7486s
H10400  5176                     425.7988856  328.23790  22.9%  68.4 7486s
H10911  5307                     425.7988853  328.23790  22.9%  65.7 7546s
H10911  5307                     425.7983425  328.23790  22.9%  65.7 7546s
H11028  5307                     425.7956006  328.23790  22.9%  65.2 7546s
H11050  5355                     425.7890612  328.23790  22.9%  65.1 7621s
H11133  5355                     425.7709702  330.55979  22.4%  65.3 7621s
 11146  5627  377.67084   37 2215  425.77097  338.69282  20.5%  65.3 7707s
H11363  5627                     425.7709701  338.69282  20.5%  65.7 7707s
H11388  5627                     425.7708546  338.69282  20.5%  65.6 7707s
 11439  5637  371.04019   25 2257  425.77085  338.69282  20.5%  65.4 7808s
H11448  5637                     425.7694597  338.69282  20.5%  65.4 7808s
 11449  5949  390.71334   24 2231  425.76946  338.69282  20.5%  65.4 7904s
H11674  5949                     425.7693139  338.69282  20.5%  66.1 7904s
 11793  5983     cutoff   48       425.76931  338.69282  20.5%  65.5 8073s
H11795  5983                     425.7664693  338.69282  20.5%  65.7 8073s
 11829  6340 infeasible   26       425.76647  341.04138  19.9%  65.6 8191s
H11900  6340                     425.7664692  341.04138  19.9%  66.1 8192s
H11972  6340                     425.7664468  341.04138  19.9%  65.8 8192s
H12152  6340                     425.7664437  341.04138  19.9%  65.2 8192s
 12194  6383  392.77271   93 2173  425.76644  341.04138  19.9%  65.1 8288s
 12237  6717  392.82495   94 2175  425.76644  341.04138  19.9%  65.7 8367s
H12657  6850                     425.7664409  341.04138  19.9%  66.4 8471s
H12692  6850                     425.7655214  341.04138  19.9%  66.5 8471s
H12727  6850                     425.7652180  341.04138  19.9%  66.6 8471s
 12797  7132  380.15942   90 2301  425.76522  341.04138  19.9%  66.9 8553s
H12895  7132                     425.7652137  341.04138  19.9%  66.6 8553s
H13008  7132                     425.7652132  341.04138  19.9%  66.1 8553s
H13077  7132                     425.7652043  341.04138  19.9%  66.0 8553s
 13093  7212  409.52177  188 2164  425.76520  341.04138  19.9%  66.5 8656s
 13175  7603  409.66147  200 2152  425.76520  341.08945  19.9%  66.6 8777s
H13301  7603                     425.7628175  341.08945  19.9%  66.6 8777s
 13585  7945  400.23046   33 2316  425.76282  341.08945  19.9%  67.5 8969s
H13648  7945                     425.7627959  341.08945  19.9%  67.8 8969s
H13955  8314                     425.7627955  341.08945  19.9%  68.3 9106s
H14001  8314                     425.7627944  343.75385  19.3%  69.6 9106s
 14352  8491  407.99800   73 2369  425.76279  343.75385  19.3%  70.1 9215s
 14537  8845  408.00332   74 2369  425.76279  344.04807  19.2%  69.9 9345s
H14601  8845                     425.7623047  344.04807  19.2%  70.4 9345s
H14771  8845                     425.7616757  344.04807  19.2%  69.7 9345s
H14859  8845                     425.7571286  344.04807  19.2%  69.7 9345s
H14926  9170                     425.7571256  344.04807  19.2%  69.6 9482s
H15155  9170                     425.7571247  345.68560  18.8%  70.1 9482s
H15230  9170                     425.7567023  345.68560  18.8%  69.8 9482s
 15305  9608     cutoff   54       425.75670  345.81912  18.8%  69.8 9651s
H15355  9608                     425.7376025  345.81912  18.8%  71.4 9651s
H15802 10048                     425.7375536  345.81912  18.8%  70.9 9836s
H15891 10048                     425.7375494  345.81912  18.8%  71.3 9836s
H16062 10048                     425.7316137  345.81912  18.8%  70.6 9836s
H16260 10482                     425.7316122  345.81912  18.8%  69.9 9980s
H16261 10482                     425.7316101  346.16138  18.7%  69.9 9980s
H16262 10482                     425.7315790  346.16138  18.7%  69.9 9980s
H16307 10482                     425.7315782  346.16138  18.7%  70.2 9980s
H16308 10482                     425.7315720  346.16138  18.7%  70.2 9980s
H16593 10482                     425.7304249  346.16138  18.7%  69.2 9980s
H16729 10869                     425.7304145  346.16138  18.7%  68.7 10105s
H16990 10869                     425.7303995  346.16138  18.7%  67.9 10105s
 17130 11422  407.84978   36 2244  425.73040  346.70511  18.6%  67.4 10264s
H17201 11422                     425.7296048  346.70511  18.6%  68.0 10264s
 17711 11787  413.85201   44 2295  425.72960  346.70511  18.6%  66.5 10373s
H17712 11787                     425.7295658  346.70511  18.6%  66.5 10373s
H18137 12102                     425.7295625  346.70511  18.6%  65.9 10504s
H18174 12102                     425.7295610  346.70511  18.6%  65.9 10504s
H18519 12422                     425.7295608  346.70511  18.6%  65.2 10711s
 18857 12786     cutoff   67       425.72956  346.70511  18.6%  64.2 10834s
H18859 12786                     425.7295585  346.70511  18.6%  64.3 10834s
H18862 12786                     425.7295539  346.70511  18.6%  64.3 10834s
H19100 12784                     425.5883974  346.70511  18.5%  63.7 10834s
H19200 12782                     425.4792529  346.70511  18.5%  63.4 10834s
 19227 13087 infeasible   79       425.47925  346.79595  18.5%  63.3 10981s
H19232 13087                     425.4792258  346.79595  18.5%  63.5 10981s
H19403 13087                     425.4792209  346.79595  18.5%  63.2 10981s
H19405 13087                     425.4719058  346.79595  18.5%  63.1 10981s
 19574 13279  395.92599   29 2320  425.47191  346.79595  18.5%  63.4 11137s
H19578 13279                     425.4719057  346.79595  18.5%  63.4 11138s
H19680 13279                     425.4717260  346.79595  18.5%  63.1 11138s
H19776 13624                     425.4668139  346.79595  18.5%  62.9 11324s
H19801 13624                     425.4629780  346.79595  18.5%  63.0 11324s
H20173 13911                     425.4615573  346.79595  18.5%  62.8 11437s
H20520 14153                     425.4615295  346.79595  18.5%  62.4 11696s
 20809 14323 infeasible  170       425.46153  346.92947  18.5%  62.4 11954s
H20810 14323                     425.4615290  346.92947  18.5%  62.4 11954s
H20810 14323                     425.4615289  346.92947  18.5%  62.4 11954s
H20811 14323                     425.4615288  346.92947  18.5%  62.5 11954s
H20981 14323                     425.4615223  346.92947  18.5%  62.1 11954s
 20983 14957  366.05614   40 2390  425.46152  346.92947  18.5%  62.1 12212s
H21000 14957                     425.4615219  346.92947  18.5%  62.2 12212s
H21008 14957                     425.4613744  346.92947  18.5%  62.2 12212s
H21663 15358                     425.4613739  346.92947  18.5%  63.2 12414s
H21999 15358                     425.4613712  346.92947  18.5%  64.1 12414s
 22222 15685  397.49819  380 1787  425.46137  346.92947  18.5%  64.5 12618s
H22421 15685                     425.4613709  346.92947  18.5%  64.3 12618s
H22492 15685                     425.4613558  346.92947  18.5%  64.2 12618s
 22572 15868  399.22888  550 1513  425.46136  346.92947  18.5%  64.5 12903s
 22760 16460  399.86411  597 1400  425.46136  346.92947  18.5%  64.3 13126s
H23228 16460                     425.4576536  346.92947  18.5%  63.8 13126s
H23398 16778                     425.4576528  346.92947  18.5%  63.6 13321s
H23424 16778                     425.4576522  346.92947  18.5%  63.5 13321s
H23573 16778                     425.4576516  346.92947  18.5%  63.3 13321s
H23581 16778                     425.4576498  346.92947  18.5%  63.3 13321s
H23639 16778                     425.4571983  346.92947  18.5%  63.4 13321s
 23722 17275  402.12854  937  806  425.45720  346.92947  18.5%  63.2 13511s
H24140 17275                     425.4571952  346.92947  18.5%  62.9 13511s
 24248 17661     cutoff 1096       425.45720  346.92947  18.5%  63.2 13657s
H24570 17661                     425.4571951  346.92947  18.5%  62.5 13657s
H24588 17661                     425.4571943  346.92947  18.5%  62.5 13657s
 24828 18117     cutoff 1096       425.45719  347.51905  18.3%  62.8 13810s
 25314 18710  364.51051   70 2178  425.45719  347.51905  18.3%  62.7 13982s
H25484 18710                     425.4571934  347.51905  18.3%  62.8 13982s
H25654 18710                     425.4571900  347.51905  18.3%  62.4 13982s
 25911 19056  375.02356  150 2039  425.45719  347.51905  18.3%  63.1 14133s
H25985 19056                     425.4571896  347.51905  18.3%  63.0 14133s
H25986 19056                     425.4571894  347.51905  18.3%  63.0 14133s
H25994 19056                     425.4571885  347.51905  18.3%  63.0 14133s
H26134 19056                     425.4571878  347.51905  18.3%  62.8 14133s
H26225 19056                     425.4571828  347.51905  18.3%  62.6 14133s
H26287 19545                     425.4571805  347.51905  18.3%  62.6 14293s
H26400 19545                     425.4571777  347.51905  18.3%  62.6 14293s
H26776 19850                     425.4571777  347.51905  18.3%  62.3 14406s
H26800 19850                     425.4571775  347.51905  18.3%  62.3 14406s
 27085 20362  379.12261  237 1988  425.45718  347.51905  18.3%  62.0 14551s
H27316 20362                     425.4571761  347.51905  18.3%  61.7 14551s
H27356 20362                     425.4558926  347.51905  18.3%  61.6 14551s
 27612 20916  381.80001  300 1855  425.45589  347.51905  18.3%  61.4 14686s
H27992 20916                     425.4558891  347.51905  18.3%  61.3 14686s
H28074 20916                     425.4546102  347.51905  18.3%  61.1 14686s
 28244 21128  387.77530  334 1821  425.45461  347.51905  18.3%  60.9 14826s
H28255 21128                     425.4543569  347.51905  18.3%  60.9 14826s
H28256 21128                     425.4518674  347.51905  18.3%  60.9 14826s
H28456 21372                     425.4518664  347.51905  18.3%  60.6 15083s
H28500 21372                     425.4518227  347.51905  18.3%  60.5 15083s
H28700 21789                     425.4518224  347.51905  18.3%  60.9 15216s
H28878 21789                     425.4518218  347.51905  18.3%  60.8 15216s
H29048 21789                     425.4518111  347.51905  18.3%  60.5 15216s
 29187 22122  388.48291  366 1754  425.45181  347.51905  18.3%  60.4 15393s
 29565 22524  394.15099  375 1756  425.45181  347.51905  18.3%  60.0 15565s
 30042 22921  403.44184  420 1679  425.45181  347.51905  18.3%  60.1 15727s
H30408 22921                     425.4518095  347.51905  18.3%  60.1 15727s
H30467 22977                     425.4518064  347.51905  18.3%  60.4 16033s
H30518 22977                     425.4507125  347.51905  18.3%  60.7 16033s
 30531 23348  404.27241  447 1617  425.45071  347.51905  18.3%  60.8 16163s
H30541 23348                     425.4507094  347.51905  18.3%  60.7 16163s
H30959 23348                     425.4507050  347.51905  18.3%  60.8 16163s
 30960 23360  403.90626  496 1534  425.45071  347.51905  18.3%  60.8 16306s
H30962 23360                     425.4506974  347.51905  18.3%  60.8 16306s
 30974 23777  403.92820  496 1535  425.45070  347.51905  18.3%  60.9 16419s
 31402 23999  404.36549  521 1497  425.45070  347.51905  18.3%  60.4 16735s
H31490 23999                     425.4506969  347.51905  18.3%  60.3 16735s
 31658 24664  404.51982  536 1483  425.45070  347.51905  18.3%  60.4 17027s
H31828 24664                     425.4491895  347.51905  18.3%  60.2 17027s
 32338 24936  404.79727  562 1430  425.44919  347.51905  18.3%  59.9 17345s
H32580 24936                     425.4491702  347.51905  18.3%  59.5 17345s
 32654 25596  404.96536  577 1412  425.44917  347.51905  18.3%  59.6 17517s
H33210 25596                     425.4491665  347.51905  18.3%  59.3 17517s
 33334 25960  405.10453  597 1377  425.44917  347.51905  18.3%  59.2 17781s
 33712 26591  405.22362  610 1360  425.44917  347.51905  18.3%  58.8 17944s
H33970 26591                     425.4485906  347.51905  18.3%  58.4 17944s
 34345 26640  405.41126  633 1312  425.44859  347.51905  18.3%  57.9 18109s
H34366 26640                     425.4485851  347.51905  18.3%  57.8 18109s
H34367 26640                     425.4482994  347.51905  18.3%  57.8 18109s
 34394 26724  405.42559  633 1312  425.44830  347.51905  18.3%  57.8 18351s
H34413 26724                     425.4482986  347.51905  18.3%  57.8 18351s
H34421 26724                     425.4482963  347.51905  18.3%  57.8 18351s
 34478 27345  405.43814  640 1301  425.44830  347.51905  18.3%  57.7 18520s
 35111 27903  405.57732  662 1264  425.44830  347.51905  18.3%  56.9 18738s
H35334 27903                     425.4482961  347.51905  18.3%  56.7 18738s
 35757 28416  405.76990  683 1234  425.44830  347.51905  18.3%  57.0 18900s
 36275 28747  405.75687  699 1213  425.44830  347.51905  18.3%  56.5 19137s
H36406 28747                     425.4482945  347.51905  18.3%  56.7 19137s
 36619 29260  405.84017  709 1216  425.44829  347.51905  18.3%  56.4 19252s
 37150 29385  405.92148  731 1166  425.44829  347.51905  18.3%  56.0 19398s
H37163 29385                     425.4482940  347.51905  18.3%  56.0 19398s
 37339 29452  405.92687  733 1164  425.44829  347.51905  18.3%  55.7 19560s
H37363 29452                     425.4482939  347.51905  18.3%  55.7 19560s
H37364 29452                     425.4482939  347.51905  18.3%  55.7 19560s
 37434 29889  405.93410  735 1158  425.44829  347.51905  18.3%  55.7 19709s
 38011 30335  406.02250  738 1156  425.44829  347.51905  18.3%  55.4 19850s
 38507 30903  406.04941  747 1141  425.44829  347.51905  18.3%  55.3 19998s
 39111 31263  408.82248  765 1125  425.44829  347.51905  18.3%  55.2 20110s
 39497 31772  406.24309  794 1078  425.44829  347.51905  18.3%  54.8 20226s
 40027 32126  406.26325  806 1064  425.44829  347.51905  18.3%  54.6 20363s
 40405 32594  406.29158  825 1032  425.44829  347.51905  18.3%  54.3 20502s
H40582 32594                     425.4481043  347.51905  18.3%  54.1 20502s
 40942 32945  406.34527  838 1010  425.44810  347.51905  18.3%  54.1 20617s
H40945 32945                     425.4481027  347.51905  18.3%  54.0 20617s
 41314 33423  406.37895  842 1010  425.44810  347.51905  18.3%  53.8 20754s
H41546 33423                     425.4480980  347.51905  18.3%  53.8 20754s
H41779 33423                     425.4480414  347.51905  18.3%  53.5 20754s
 41804 33922  406.42637  848 1005  425.44804  347.51905  18.3%  53.5 20984s
H42167 33922                     425.4480413  347.51905  18.3%  53.4 20984s
 42411 34397  406.44461  859  994  425.44804  347.51905  18.3%  53.4 21094s
H42444 34397                     425.4480413  347.51905  18.3%  53.4 21094s
 42904 34411  406.48506  887  946  425.44804  347.51905  18.3%  53.0 21195s
 42918 34738  411.78374  888  976  425.44804  349.01434  18.0%  53.0 21308s
 43504 34783  366.53579   39 2359  425.44804  349.01434  18.0%  53.5 21450s
H43565 34989                     425.4480406  349.01434  18.0%  53.6 21572s
 43803 35330  410.46580   54 2326  425.44804  349.01434  18.0%  54.2 21772s
H44011 35330                     425.4480404  349.01434  18.0%  55.2 21772s
H44012 35330                     425.4480387  349.01434  18.0%  55.2 21772s
H44182 35444                     425.4480384  349.01434  18.0%  55.0 22035s
H44184 35444                     425.4480376  349.01434  18.0%  55.0 22035s
H44186 35444                     425.4480375  349.01434  18.0%  55.0 22035s
H44203 35444                     425.4480375  349.01434  18.0%  55.0 22035s
H44223 35444                     425.4480370  349.01434  18.0%  55.0 22035s
 44302 35793  414.02430   79 2246  425.44804  349.26616  17.9%  55.0 22160s
H44600 35793                     425.4480195  349.26616  17.9%  55.1 22160s
 44672 36302  409.10273   62 2283  425.44802  349.29864  17.9%  55.0 22271s
 45203 36355  400.00640   28 2264  425.44802  349.29864  17.9%  54.7 22532s
 45256 36702  400.07317   29 2259  425.44802  349.29864  17.9%  54.6 22696s
 45653 36959  400.72979   35 2257  425.44802  349.29864  17.9%  54.6 22848s
 46015 37026  400.78334   36 2255  425.44802  349.29864  17.9%  54.4 23061s
 46273 37021  401.37046   37 2255  425.44802  349.29864  17.9%  54.3 23230s
 46450 37093  401.37355   38 2254  425.44802  349.29864  17.9%  54.2 23355s
 46604 37286  401.40196   39 2249  425.44802  349.29864  17.9%  54.6 23477s
 46810 37455  401.57923   44 2245  425.44802  349.29864  17.9%  55.0 23614s
 47002 37607  401.58517   45 2245  425.44802  349.29864  17.9%  55.2 23788s
 47202 37913  401.58776   46 2251  425.44802  349.36363  17.9%  55.3 24006s
H47305 37913                     425.4480050  349.58286  17.8%  55.5 24006s
 47594 38092  371.29074   43 2331  425.44800  349.65342  17.8%  57.3 24161s
H47613 38092                     425.4451387  349.65342  17.8%  57.4 24161s
 47819 38286  375.87131   52 2314  425.44514  349.65342  17.8%  57.6 24362s
H47856 38286                     425.4451331  349.65342  17.8%  57.9 24363s
H47894 38286                     425.4451193  349.65342  17.8%  58.0 24363s
H48093 38288                     425.4451171  349.65342  17.8%  58.5 24519s
H48094 38288                     425.4451164  349.65342  17.8%  58.5 24519s
 48104 38525  411.75310   69 2282  425.44512  349.66381  17.8%  58.6 24820s
H48128 38525                     425.4451160  349.66381  17.8%  58.8 24820s
 48396 38555  354.13264   55 2315  425.44512  350.08774  17.7%  59.3 24974s
 48426 38946  374.33904   70 2264  425.44512  350.24878  17.7%  59.3 25220s
 48886 39473  352.64597   55 2312  425.44512  350.24878  17.7%  60.0 25366s
 49442 39824  403.90213  170 2130  425.44512  350.66273  17.6%  60.1 25519s
 49899 40180  371.39279   43 2320  425.44512  350.66273  17.6%  60.2 25692s
H50001 40180                     425.4432368  350.66273  17.6%  60.3 25692s
 50334 40507 infeasible  142       425.44324  350.66273  17.6%  60.8 25892s
H50412 40507                     425.4432367  350.66273  17.6%  60.7 25892s
H50415 40507                     425.4432363  350.66273  17.6%  60.7 25892s
H50453 40507                     425.4432332  350.66273  17.6%  60.7 25892s
H50478 40507                     425.4432316  350.66273  17.6%  60.7 25892s
H50623 40507                     425.4432197  350.66273  17.6%  60.6 25892s
H50648 40507                     425.4432159  350.66273  17.6%  60.7 25892s
 50691 40728     cutoff  207       425.44322  350.74521  17.6%  61.0 26073s
H50692 40728                     425.4432140  350.74521  17.6%  61.0 26073s
H50920 40728                     425.4432123  350.87959  17.5%  61.2 26073s
 51035 40977  416.56337  115 2263  425.44321  351.01239  17.5%  61.5 26372s
 51374 41410     cutoff   39       425.44321  351.01239  17.5%  62.5 26546s
H51375 41410                     425.4432107  351.01239  17.5%  62.5 26546s
H51591 41410                     425.4432103  351.01239  17.5%  62.4 26546s
H51712 41410                     425.4432095  351.01239  17.5%  62.6 26546s
 51839 41991  398.05226   83 2200  425.44321  351.01239  17.5%  62.7 26701s
 52455 42373 infeasible  180       425.44321  351.22014  17.4%  62.3 26967s
 52947 42661  366.85155   72 2287  425.44321  351.22014  17.4%  63.3 27230s
 53254 43173  397.82700   93 2256  425.44321  351.22014  17.4%  63.2 27400s
 53888 43385  417.58885  135 2119  425.44321  351.40662  17.4%  63.1 27525s
 54189 43746 infeasible   71       425.44321  351.55960  17.4%  63.5 27683s
 54573 44045  409.64333   49 2236  425.44321  351.55960  17.4%  63.8 27889s
H54629 44045                     425.4432074  351.55960  17.4%  64.3 27889s
H54641 44045                     425.4432057  351.55960  17.4%  64.3 27889s
H54645 44045                     425.4424211  351.55960  17.4%  64.3 27889s
H54778 44045                     425.4423868  351.55960  17.4%  64.1 27889s
 54900 44489     cutoff   63       425.44239  351.55960  17.4%  64.0 28134s
H54901 44489                     425.4423849  351.55960  17.4%  64.0 28134s
H55102 44489                     425.4423846  351.55960  17.4%  64.3 28134s
 55418 44703  409.32371  114 2096  425.44238  351.55960  17.4%  64.0 28319s
H55569 44703                     425.4423238  351.55960  17.4%  64.3 28319s
 55694 44730  411.73154  146 2017  425.44232  351.55960  17.4%  64.8 28517s
 55722 45123  411.82553  149 2011  425.44232  351.55960  17.4%  64.8 28786s
 56189 45132  412.97092  189 2004  425.44232  351.55960  17.4%  65.6 28800s

Cutting planes:
  Learned: 16
  Gomory: 26
  Cover: 199
  Implied bound: 319
  Clique: 49
  MIR: 1260
  Flow cover: 2336
  GUB cover: 2
  Zero half: 1
  RLT: 1145
  Relax-and-lift: 279

Explored 56198 nodes (3756128 simplex iterations) in 28800.36 seconds
Thread count was 4 (of 32 available processors)

Solution count 10: 425.442 425.442 425.442 ... 425.443

Time limit reached
Best objective 4.254423238190e+02, best bound 3.515596041799e+02, gap 17.3661%
