
Gurobi 9.1.0 (linux64) logging started Fri Dec 31 13:06:38 2021

Changed value of parameter LogFile to eab_parasitoid_0.8_0_2_bud.log
   Prev:   Default: 
Changed value of parameter MIPGap to 0.01
   Prev: 0.0001  Min: 0.0  Max: inf  Default: 0.0001
Changed value of parameter MIPFocus to 1
   Prev: 0  Min: 0  Max: 3  Default: 0
Changed value of parameter RINS to 100
   Prev: -1  Min: -1  Max: 2000000000  Default: -1
Changed value of parameter TimeLimit to 28800.0
   Prev: inf  Min: 0.0  Max: inf  Default: inf
Changed value of parameter NodeFileStart to 10000.0
   Prev: inf  Min: 0.0  Max: inf  Default: inf
Changed value of parameter Threads to 4
   Prev: 0  Min: 0  Max: 1024  Default: 0
Changed value of parameter Heuristics to 1.0
   Prev: 0.05  Min: 0.0  Max: 1.0  Default: 0.05
Gurobi Optimizer version 9.1.0 build v9.1.0rc0 (linux64)
Thread count: 32 physical cores, 32 logical processors, using up to 4 threads
Optimize a model with 381543 rows, 174513 columns and 1305866 nonzeros
Model fingerprint: 0xd52ff423
Variable types: 77367 continuous, 97146 integer (97146 binary)
Coefficient statistics:
  Matrix range     [2e-04, 6e+03]
  Objective range  [1e-06, 1e-01]
  Bounds range     [1e+00, 6e+03]
  RHS range        [1e-04, 7e+03]

User MIP start produced solution with objective 871.006 (7.36s)
Loaded user MIP start with objective 871.006
Processed MIP start in 7.62 seconds

Presolve removed 225329 rows and 80740 columns (presolve time = 5s) ...
Presolve removed 261291 rows and 104942 columns
Presolve time: 7.70s
Presolved: 120252 rows, 69571 columns, 622631 nonzeros
Variable types: 31878 continuous, 37693 integer (37693 binary)

Deterministic concurrent LP optimizer: primal and dual simplex (primal and dual model)
Showing first log only...

Presolve removed 205 rows and 193 columns
Presolved: 120047 rows, 69378 columns, 622172 nonzeros


Root simplex log...

Iteration    Objective       Primal Inf.    Dual Inf.      Time
       0    2.3777215e+02   3.309707e+02   2.370876e+09     16s
Concurrent spin time: 0.07s

Solved with dual simplex (primal model)

Root relaxation: objective 2.274033e+02, 5589 iterations, 1.03 seconds

    Nodes    |    Current Node    |     Objective Bounds      |     Work
 Expl Unexpl |  Obj  Depth IntInf | Incumbent    BestBd   Gap | It/Node Time

     0     0  227.55291    0 1124  871.00583  227.55291  73.9%     -   21s
     0     0  238.76370    0 2170  871.00583  238.76370  72.6%     -   29s
     0     0  239.86160    0 2057  871.00583  239.86160  72.5%     -   31s
     0     0  239.91366    0 2092  871.00583  239.91366  72.5%     -   31s
     0     0  239.91621    0 2096  871.00583  239.91621  72.5%     -   31s
     0     0  239.91624    0 2097  871.00583  239.91624  72.5%     -   32s
     0     0  254.17805    0 2040  871.00583  254.17805  70.8%     -   36s
     0     0  254.76516    0 2053  871.00583  254.76516  70.8%     -   41s
     0     0  254.83476    0 2053  871.00583  254.83476  70.7%     -   41s
     0     0  254.83648    0 2055  871.00583  254.83648  70.7%     -   41s
     0     0  273.09627    0 2040  871.00583  273.09627  68.6%     -   48s
     0     0  273.09627    0 1231  871.00583  273.09627  68.6%     -   59s
     0     0  273.09627    0 2131  871.00583  273.09627  68.6%     -   66s
     0     0  277.57849    0 1952  871.00583  277.57849  68.1%     -   72s
     0     0  278.27429    0 2039  871.00583  278.27429  68.1%     -   73s
     0     0  279.18358    0 2089  871.00583  279.18358  67.9%     -   74s
     0     0  279.20525    0 2111  871.00583  279.20525  67.9%     -   75s
     0     0  279.22956    0 2112  871.00583  279.22956  67.9%     -   75s
     0     0  279.22966    0 2110  871.00583  279.22966  67.9%     -   76s
     0     0  280.89429    0 1963  871.00583  280.89429  67.8%     -   80s
     0     0  281.52521    0 1992  871.00583  281.52521  67.7%     -   85s
     0     0  281.59425    0 1996  871.00583  281.59425  67.7%     -   86s
     0     0  281.59831    0 1997  871.00583  281.59831  67.7%     -   86s
     0     0  281.63141    0 2027  871.00583  281.63141  67.7%     -   86s
     0     0  281.63152    0 2024  871.00583  281.63152  67.7%     -   87s
     0     0  294.40194    0 1992  871.00583  294.40194  66.2%     -   94s
     0     0  297.02437    0 2019  871.00583  297.02437  65.9%     -   98s
     0     0  297.54213    0 2017  871.00583  297.54213  65.8%     -  100s
     0     0  297.58264    0 2061  871.00583  297.58264  65.8%     -  101s
     0     0  297.59551    0 2068  871.00583  297.59551  65.8%     -  102s
     0     0  297.61041    0 2052  871.00583  297.61041  65.8%     -  103s
     0     0  297.61099    0 2054  871.00583  297.61099  65.8%     -  103s
     0     0  299.97522    0 1925  871.00583  299.97522  65.6%     -  111s
     0     0  300.93376    0 1923  871.00583  300.93376  65.4%     -  115s
     0     0  301.73801    0 1917  871.00583  301.73801  65.4%     -  117s
     0     0  301.81073    0 1971  871.00583  301.81073  65.3%     -  118s
     0     0  301.81923    0 1981  871.00583  301.81923  65.3%     -  118s
     0     0  301.82977    0 1981  871.00583  301.82977  65.3%     -  119s
     0     0  301.83100    0 1978  871.00583  301.83100  65.3%     -  119s
     0     0  301.95782    0 1967  871.00583  301.95782  65.3%     -  124s
     0     2  301.95782    0 1967  871.00583  301.95782  65.3%     -  258s
     1     5  304.05958    1 2112  871.00583  302.36748  65.3%  3799  261s
     3     8  312.00766    2 2158  871.00583  304.33075  65.1%  2257  266s
     7    12  317.88023    3 2178  871.00583  308.65729  64.6%  2087  272s
    15    20  323.25642    5 2219  871.00583  308.65729  64.6%  1783  281s
    27    32  323.75133    7 2231  871.00583  308.65729  64.6%  1395  371s
    39    45  324.28297   10 2209  871.00583  308.65729  64.6%  1025  377s
    44    53  324.31031   11 2207  871.00583  308.65729  64.6%   968  381s
    60    65  324.98204   15 2185  871.00583  308.65729  64.6%   817  388s
    64    73  324.99160   16 2184  871.00583  308.65729  64.6%   769  391s
    72    81  325.11519   18 2198  871.00583  308.65729  64.6%   728  395s
    88    97  326.79232   21 2112  871.00583  308.65729  64.6%   641  404s
    96   105  326.90188   24 2105  871.00583  308.65729  64.6%   605  408s
   104   109  327.41783   26 2111  871.00583  308.65729  64.6%   578  415s
   118   124  329.48292   29 2105  871.00583  308.65729  64.6%   540  423s
   123   133  330.19843   30 2103  871.00583  308.65729  64.6%   529  428s
   132   144  331.54215   31 2112  871.00583  308.65729  64.6%   511  432s
   143   170  331.90779   33 2109  871.00583  308.65729  64.6%   488  437s
   169   192  336.96713   37 2115  871.00583  308.65729  64.6%   445  441s
   191   199  354.03820   41 2116  871.00583  308.65729  64.6%   423  447s
   198   211  354.19541   43 2113  871.00583  308.65729  64.6%   419  453s
   210   230  354.35807   46 2116  871.00583  308.65729  64.6%   409  463s
H  214   230                     870.1579108  308.65729  64.5%   402  463s
H  219   230                     858.9089596  308.65729  64.1%   397  463s
   229   246  358.43983   50 2111  858.90896  308.65729  64.1%   395  470s
   245   275  362.42905   53 2123  858.90896  308.65729  64.1%   376  478s
H  258   275                     811.9284483  308.65729  62.0%   373  478s
   274   321  367.33713   56 2025  811.92845  308.65729  62.0%   363  483s
H  320   325                     726.2059421  308.65729  57.5%   331  637s
H  323   325                     680.7948261  308.65729  54.7%   329  637s
   324   380  369.12289   70 2014  680.79483  308.65729  54.7%   328  641s
H  379   384                     660.6451412  308.65729  53.3%   297  648s
   383   444  381.35448   85 1987  660.64514  308.65729  53.3%   296  655s
H  397   444                     660.6375140  308.65729  53.3%   288  655s
H  443   448                     660.6369467  308.65729  53.3%   266  677s
   447   532  382.03253   98 1991  660.63695  308.65729  53.3%   265  682s
   531   536  402.74996  119 2009  660.63695  308.65729  53.3%   233  693s
H  533   536                     660.6331048  308.65729  53.3%   232  693s
H  534   536                     594.3574836  308.65729  48.1%   232  693s
   535   587  402.75070  120 2007  594.35748  308.65729  48.1%   232  749s
H  547   587                     585.7981188  308.65729  47.3%   227  749s
H  560   587                     583.4412910  308.65729  47.1%   222  749s
H  586   591                     583.4412840  308.65729  47.1%   215  763s
H  587   591                     583.3815980  308.65729  47.1%   215  763s
H  587   591                     579.8257566  308.65729  46.8%   215  763s
   590   627  403.74487  133 1997  579.82576  308.65729  46.8%   215  824s
H  600   627                     578.6811013  308.65729  46.7%   211  824s
H  611   627                     575.1751368  308.65729  46.3%   208  824s
   628   643  404.60188  141 1975  575.17514  308.65729  46.3%   206  843s
H  629   643                     574.5205348  308.65729  46.3%   206  843s
   644   752  404.60861  142 1981  574.52053  308.65729  46.3%   202  853s
H  669   752                     574.5057839  308.65729  46.3%   195  853s
H  723   752                     573.6048163  308.65729  46.2%   181  853s
H  755   756                     573.1573512  308.65729  46.1%   175  929s
H  757   756                     572.1060964  308.65729  46.0%   175  929s
   759   854  406.25605  167 1937  572.10610  308.65729  46.0%   175  945s
H  784   854                     572.1060940  308.65729  46.0%   169  945s
H  810   854                     572.1057701  308.65729  46.0%   164  945s
H  836   854                     569.0223991  308.65729  45.8%   159  945s
   859   858  407.09064  190 1889  569.02240  308.65729  45.8%   158  976s
   863   875  407.10839  191 1887  569.02240  308.65729  45.8%   157  999s
H  879   875                     548.0875039  308.65729  43.7%   155  999s
   880   944  407.16454  192 1888  548.08750  308.65729  43.7%   155 1053s
H  882   944                     547.6178123  308.65729  43.6%   154 1053s
H  951  1010                     547.6178023  308.65729  43.6%   145 1066s
H  952  1010                     528.0035319  308.65729  41.5%   145 1066s
H 1006  1010                     527.2671191  308.65729  41.5%   137 1066s
  1017  1043  407.41037  211 1851  527.26712  308.65729  41.5%   138 1092s
H 1023  1043                     527.2651449  308.65729  41.5%   137 1092s
H 1045  1043                     527.2625596  308.65729  41.5%   135 1092s
  1052  1100  407.53649  217 1838  527.26256  308.65729  41.5%   137 1114s
H 1065  1100                     527.2100292  308.65729  41.5%   135 1114s
H 1079  1100                     523.4036672  308.65729  41.0%   133 1114s
H 1109  1133                     523.3997895  308.65729  41.0%   135 1125s
H 1141  1133                     523.3653040  308.65729  41.0%   132 1125s
  1142  1157  407.76098  232 1812  523.36530  308.65729  41.0%   132 1154s
H 1152  1157                     523.3650675  308.65729  41.0%   131 1155s
H 1153  1157                     523.3144328  308.65729  41.0%   131 1155s
H 1155  1157                     515.9984335  308.65729  40.2%   130 1155s
  1166  1257  407.85975  241 1797  515.99843  308.65729  40.2%   130 1187s
H 1181  1257                     514.8850564  308.65729  40.1%   129 1187s
  1269  1367  408.75053  253 1773  514.88506  308.65729  40.1%   125 1221s
H 1294  1367                     514.8849792  308.65729  40.1%   123 1221s
H 1320  1367                     514.8849210  308.65729  40.1%   121 1222s
H 1327  1367                     514.8833447  308.65729  40.1%   120 1222s
  1379  1492  410.50761  272 1762  514.88334  308.65729  40.1%   117 1251s
H 1404  1492                     514.8780603  308.65729  40.1%   115 1251s
H 1504  1596                     514.8780040  308.65729  40.1%   109 1286s
H 1529  1596                     513.8248659  308.65729  39.9%   107 1286s
H 1607  1596                     513.8248613  308.65729  39.9%   102 1286s
  1608  1776  411.98478  314 1702  513.82486  308.65729  39.9%   102 1325s
H 1761  1776                     513.8143271  308.65729  39.9%  95.4 1325s
  1792  1823  416.11846  377 1617  513.81433  308.65729  39.9%  94.3 1357s
  1839  1987  416.37940  392 1586  513.81433  308.65729  39.9%  92.0 1379s
  2003  2193  416.79928  410 1548  513.81433  308.65729  39.9%  85.0 1397s
  2209  2589  419.34966  496 1447  513.81433  308.65729  39.9%  77.5 1417s
H 2412  2589                     512.7640741  308.65729  39.8%  71.4 1417s
H 2615  2594                     511.0393490  308.65729  39.6%  66.7 1441s
H 2615  2594                     508.6706829  308.65729  39.3%  66.7 1441s
H 2617  2594                     508.3215494  308.65729  39.3%  66.6 1441s
  2620  2702  420.83623  582 1324  508.32155  308.65729  39.3%  66.6 1486s
H 2645  2702                     508.0269633  308.65729  39.2%  66.0 1486s
H 2646  2702                     507.9515020  308.65729  39.2%  66.0 1486s
H 2673  2702                     507.1877338  308.65729  39.1%  65.4 1486s
H 2700  2686                     480.7351627  308.65729  35.8%  64.8 1486s
  2728  2950  421.30847  603 1326  480.73516  308.65729  35.8%  64.2 1504s
H 2752  2950                     480.7350487  308.65729  35.8%  63.7 1504s
H 2801  2950                     480.7350048  308.65729  35.8%  62.7 1504s
H 2982  2950                     480.6979506  308.65729  35.8%  59.8 1504s
H 3000  2168                     458.7941614  308.65729  32.7%  59.5 1531s
  3011  2371  421.59254  668 1239  458.79416  308.65729  32.7%  59.3 1570s
H 3093  2371                     458.7933704  308.65729  32.7%  61.0 1571s
  3267  2489  424.76421  716 1247  458.79337  308.65729  32.7%  60.1 1589s
  3389  2849  427.66896  758 1180  458.79337  308.65729  32.7%  61.1 1603s
H 3570  2849                     458.7926811  308.65729  32.7%  59.2 1603s
  3758  2940  428.50132  889 1035  458.79268  308.65729  32.7%  57.3 1624s
H 3800  2940                     458.7926806  308.65729  32.7%  56.7 1624s
  3852  3178  431.01224  919 1024  458.79268  308.65729  32.7%  57.5 1644s
H 3941  3178                     458.7926712  308.65729  32.7%  56.3 1644s
H 4064  3178                     458.7482829  308.65729  32.7%  57.0 1644s
H 4262  3203                     458.7327804  308.65729  32.7%  56.4 1665s
H 4266  3203                     458.7128193  308.65729  32.7%  56.4 1665s
  4303  3457  442.78749 1050  925  458.71282  308.65729  32.7%  56.0 1682s
  4612  3735  443.87553 1154  822  458.71282  308.65729  32.7%  57.7 1703s
  4896  3736  336.52583   35 2040  458.71282  308.65729  32.7%  57.9 1812s
  4898  3737  455.32831  220 1478  458.71282  308.65729  32.7%  57.9 1826s
  4899  3738  411.52000   59 2200  458.71282  308.65729  32.7%  57.8 1833s
  4900  3739  419.67340  180 1993  458.71282  308.65729  32.7%  57.8 1841s
  4901  3739  426.44052  107 1991  458.71282  308.73382  32.7%  57.8 1856s
  4902  3740  416.86056  414 1931  458.71282  309.96949  32.4%  57.8 1863s
  4903  3741  432.24597  936 1998  458.71282  314.46956  31.4%  57.8 1873s
  4904  3741  413.61460  155 2066  458.71282  315.45927  31.2%  57.8 1876s
  4907  3743  387.01563  118 2035  458.71282  315.98019  31.1%  57.7 1880s
  4915  3749  441.62598 1014 2070  458.71282  316.20662  31.1%  57.7 1887s
  4916  3749  330.94267    3 2014  458.71282  317.49567  30.8%  57.6 1896s
  4918  3751  419.68137  517 2026  458.71282  318.02408  30.7%  57.6 1900s
  4924  3755  434.86387  440 2047  458.71282  318.08781  30.7%  57.5 1905s
  4926  3756  326.98303   25 2041  458.71282  318.26201  30.6%  57.5 2097s
  4927  3759  318.33969   15 2033  458.71282  318.33969  30.6%  67.3 2104s
  4929  3761  318.52842   16 2032  458.71282  318.52842  30.6%  67.4 2106s
  4932  3764  321.12675   17 2132  458.71282  318.52842  30.6%  68.0 2110s
  4940  3768  372.60045   18 2113  458.71282  321.47206  29.9%  69.4 2115s
  4948  3772  383.55634   19 2122  458.71282  322.22201  29.8%  69.8 2121s
  4956  3777  327.95674   20 2117  458.71282  322.78542  29.6%  70.1 2126s
  4964  3778     cutoff   21       458.71282  323.23774  29.5%  70.8 2132s
  4968  3782  323.23774   22 2142  458.71282  323.23774  29.5%  71.6 2135s
  4980  3783  335.69985   23 2110  458.71282  327.95674  28.5%  73.0 2142s
  4986  3783  331.28114   24 2107  458.71282  327.95674  28.5%  73.3 2147s
  4990  3786  366.55708   24 2098  458.71282  327.95674  28.5%  74.0 2150s
  5000  3788  343.49742   25 2114  458.71282  327.95674  28.5%  75.0 2163s
  5005  3792  335.35981   26 2164  458.71282  327.95674  28.5%  75.8 2167s
  5010  3794  368.87263   26 2156  458.71282  327.95674  28.5%  76.6 2199s
  5014  3798  335.44637   27 2160  458.71282  327.95674  28.5%  76.5 2203s
  5021  3800  340.52256   28 2182  458.71282  327.95674  28.5%  77.0 2207s
  5026  3806  339.83312   28 2150  458.71282  327.95674  28.5%  77.3 2211s
  5035  3813  339.95752   29 2149  458.71282  327.95674  28.5%  77.9 2215s
  5054  3816  340.28960   32 2140  458.71282  327.95674  28.5%  78.9 2229s
  5064  3818  345.37156   33 2188  458.71282  327.95674  28.5%  79.6 2233s
  5069  3819  346.35082   33 2181  458.71282  327.95674  28.5%  81.0 2240s
  5082  3831  349.48602   35 2049  458.71282  327.95674  28.5%  83.0 2248s
  5090  3840  349.73466   36 2057  458.71282  327.95674  28.5%  83.7 2254s
  5102  3845  387.99268   37 2049  458.71282  327.95674  28.5%  84.1 2263s
  5113  3855  352.90617   39 2064  458.71282  327.95674  28.5%  85.1 2269s
  5128  3866  353.01529   41 2059  458.71282  327.95674  28.5%  85.5 2276s
  5146  3877  354.34865   43 2048  458.71282  327.95674  28.5%  86.4 2283s
H 5170  3680                     458.6841178  327.95674  28.5%  87.2 2283s
H 5171  3504                     458.6841150  327.95674  28.5%  87.2 2324s
H 5171  3334                     439.4178526  327.95674  25.4%  87.2 2324s
H 5172  3173                     439.1740612  327.95674  25.3%  87.5 2324s
  5175  3197  355.77581   46 2057  439.17406  327.95674  25.3%  87.8 2418s
H 5205  3038                     439.1600632  327.95674  25.3%  91.2 2428s
  5210  3051  362.48998   50 2055  439.16006  327.95674  25.3%  91.5 2437s
H 5220  2902                     439.1600617  327.95674  25.3%  91.6 2437s
  5234  2894  362.61512   53 2053  439.16006  327.95674  25.3%  91.5 2454s
  5257  2914  409.90211   54 2033  439.16006  327.95674  25.3%  92.7 2463s
H 5283  2766                     439.0019891  327.95674  25.3%  94.1 2463s
  5284  2798  367.37200   57 2044  439.00199  327.95674  25.3%  94.1 2470s
  5317  2812  367.90586   61 2030  439.00199  327.95674  25.3%  94.3 2479s
H 5322  2679                     438.6655236  327.95674  25.2%  94.9 2479s
  5344  2714  371.57827   64 2025  438.66552  327.95674  25.2%  95.1 2489s
H 5387  2574                     438.6630198  327.95674  25.2%  95.7 2489s
  5388  2619  371.83121   71 2008  438.66302  327.95674  25.2%  95.7 2497s
  5438  2641  374.83848   77 2011  438.66302  327.95674  25.2%  96.0 2519s
H 5449  2519                     438.6630187  327.95674  25.2%  96.4 2519s
  5481  2559  372.55049   83 1965  438.66302  327.95674  25.2%  96.4 2531s
  5537  2578  373.70256   91 1978  438.66302  327.95674  25.2%  97.4 2612s
H 5574  2454                     438.6630042  327.95674  25.2%  99.0 2612s
  5577  2499  373.78683   96 1979  438.66300  327.95674  25.2%  99.0 2744s
H 5628  2374                     438.6562516  327.95674  25.2%   103 2744s
  5629  2391  374.38192   99 1981  438.65625  327.95674  25.2%   103 2757s
H 5630  2289                     438.6561909  327.95674  25.2%   103 2757s
H 5633  2191                     438.6561825  327.95674  25.2%   103 2757s
H 5644  2096                     438.6561565  327.95674  25.2%   103 2757s
  5646  2141  374.42615  101 1972  438.65616  327.95674  25.2%   103 2769s
H 5673  2045                     438.6266971  327.95674  25.2%   103 2769s
H 5685  1957                     438.5342388  327.95674  25.2%   103 2769s
  5710  1981 infeasible  110       438.53424  327.95674  25.2%   104 2828s
H 5726  1896                     438.5280420  327.95674  25.2%   104 2828s
  5750  1953  375.38936  111 1895  438.52804  327.95674  25.2%   105 2842s
  5817  2020  376.89096  120 1896  438.52804  327.95674  25.2%   104 2914s
  5908  2101  376.93979  125 1886  438.52804  327.95674  25.2%   105 2928s
  6029  2096  392.13469  135 1905  438.52804  327.95674  25.2%   104 2945s
H 6035  2020                     438.5124297  327.95674  25.2%   104 2945s
  6068  2112  395.24619  138 1874  438.51243  327.95674  25.2%   103 2962s
H 6153  2013                     438.5124295  327.95674  25.2%   102 2962s
  6191  2024  398.25978  148 1844  438.51243  327.95674  25.2%   102 3010s
  6232  2051  401.24052  153 1843  438.51243  327.95674  25.2%   104 3151s
  6288  2100  404.22709  162 1840  438.51243  327.95674  25.2%   106 3172s
H 6308  2025                     438.5124268  327.95674  25.2%   106 3172s
H 6366  1999                     438.4632348  327.95674  25.2%   106 3193s
H 6395  1928                     438.4506776  327.95674  25.2%   106 3193s
H 6435  1857                     438.3751210  327.95674  25.2%   106 3193s
H 6459  1794                     438.3692330  327.95674  25.2%   106 3193s
  6468  1827  405.77659  186 1809  438.36923  327.95674  25.2%   106 3215s
H 6486  1769                     438.3691381  327.95674  25.2%   106 3215s
  6548  1801  403.95411  200 1782  438.36914  327.95674  25.2%   107 3233s
H 6569  1744                     438.3691193  327.95674  25.2%   107 3233s
  6632  1813  405.39088  215 1752  438.36912  327.95674  25.2%   108 3251s
H 6639  1764                     438.3691099  327.95674  25.2%   108 3251s
H 6751  1689                     438.1840129  327.95674  25.2%   109 3283s
H 6753  1612                     431.5299959  327.95674  24.0%   109 3283s
  6759  1683  406.09981  235 1715  431.53000  327.95674  24.0%   109 3389s
H 6861  1609                     431.2609780  327.95674  24.0%   112 3464s
  6865  1699  408.95385  249 1695  431.26098  327.95674  24.0%   112 3492s
  6969  1723  415.24136  264 1667  431.26098  327.95674  24.0%   113 3518s
H 7037  1853                     431.2609772  327.95674  24.0%   112 3542s
H 7159  1838                     431.2609770  327.95674  24.0%   111 3542s
  7260  1945  424.22311  312 1584  431.26098  327.95674  24.0%   111 3575s
  7385  2042  423.66968  332 1546  431.26098  327.95674  24.0%   111 3609s
  7487  2341  424.25246  346 1506  431.26098  327.95674  24.0%   111 3639s
  7800  2457  428.68180  403 1396  431.26098  327.95674  24.0%   108 3670s
H 7946  2467                     430.7021954  327.95674  23.9%   108 3701s
H 7954  2465                     430.5957513  327.95674  23.8%   109 3701s
  7973  2492 infeasible  429       430.59575  342.23368  20.5%   109 4131s
  8046  2630  342.37330   23 2126  430.59575  342.35356  20.5%   114 4158s
  8227  2646  358.31813   46 1968  430.59575  342.35356  20.5%   116 4199s
  8245  2815  358.36130   49 1975  430.59575  342.35356  20.5%   116 4230s
  8420  2959  399.50536  105 1854  430.59575  342.35356  20.5%   116 4270s
  8607  3018  421.44027  133 1835  430.59575  342.37330  20.5%   119 4310s
  8702  3128  385.05228   29 2146  430.59575  342.37330  20.5%   121 4350s
  8824  3221  395.61619   58 1953  430.59575  342.37330  20.5%   123 4531s
  8930  3291     cutoff   76       430.59575  346.35082  19.6%   129 4578s
  9026  3293     cutoff   27       430.59575  347.26252  19.4%   132 4670s
  9032  3344  382.69726   26 2150  430.59575  347.26252  19.4%   132 4714s
  9104  3473 infeasible   31       430.59575  347.26252  19.4%   134 4762s
  9294  3616  422.17574   39 2174  430.59575  347.26252  19.4%   136 4841s
  9488  3744  423.86496   53 2201  430.59575  347.63921  19.3%   138 4931s
  9673  3901  390.21218   32 2102  430.59575  347.63921  19.3%   141 4980s
  9842  4184  402.72786   59 2108  430.59575  347.63921  19.3%   141 5390s
 10157  4483 infeasible   85       430.59575  347.63921  19.3%   148 5605s
 10538  4640 infeasible   84       430.59575  347.63921  19.3%   146 5826s
 10756  4730 infeasible   84       430.59575  349.70082  18.8%   149 5971s
H10758  4730                     430.5861519  349.70082  18.8%   149 5971s
H10851  4730                     430.5851495  349.70082  18.8%   151 5971s
H10896  4782                     430.5851244  349.70082  18.8%   153 6172s
H10900  4782                     430.5850987  349.70082  18.8%   153 6172s
H10911  4782                     430.5693451  349.70082  18.8%   153 6172s
H10954  4776                     430.1703054  349.70082  18.7%   155 6172s
H10972  5018                     430.1702852  349.70082  18.7%   155 6447s
H11147  5018                     430.1702837  349.79539  18.7%   155 6447s
H11157  5018                     430.1702835  349.79539  18.7%   155 6447s
H11159  5018                     430.1702755  349.79539  18.7%   155 6447s
H11239  5018                     430.1702725  349.79539  18.7%   159 6447s
 11323  5410  373.35215  109 1869  430.17027  349.79539  18.7%   160 6688s
H11494  5410                     430.1702709  349.79539  18.7%   161 6688s
H11682  5410                     430.1702703  349.79539  18.7%   164 6688s
 11814  5980  407.92980  183 1779  430.17027  349.79539  18.7%   164 6886s
H11986  5978                     430.1493841  349.79539  18.7%   163 6886s
 12448  6293  409.69664  254 1701  430.14938  349.79539  18.7%   163 7032s
H12684  6293                     430.1493825  349.79539  18.7%   163 7032s
H12814  6754                     430.1493818  349.79539  18.7%   162 7135s
H12984  6754                     430.1449218  349.79539  18.7%   160 7135s
H13404  7380                     430.1449208  349.79539  18.7%   161 7231s
H13744  7379                     430.1344310  349.79539  18.7%   158 7231s
 14072  7784 infeasible  365       430.13443  349.79539  18.7%   157 7336s
H14075  7784                     430.1344305  349.79539  18.7%   157 7336s
H14193  7784                     430.1344294  349.79539  18.7%   157 7336s
H14221  7784                     430.1344293  349.79539  18.7%   157 7336s
H14364  7784                     430.1344273  349.79539  18.7%   155 7336s
H14367  7784                     430.1334800  349.79539  18.7%   155 7336s
H14564  8350                     430.1322537  349.79539  18.7%   155 7457s
H14734  8350                     430.1282151  349.79539  18.7%   153 7457s
 15150  8929  419.41709  420 1441  430.12822  349.79539  18.7%   152 7535s
H15320  8928                     430.1083243  349.79539  18.7%   151 7535s
H15470  8927                     430.0797801  349.79539  18.7%   149 7535s
H15782  9319                     430.0797800  349.79539  18.7%   151 7625s
H15782  9319                     430.0796396  349.79539  18.7%   151 7625s
H15800  9319                     430.0795400  349.79539  18.7%   151 7625s
H15918  9309                     429.8890265  349.79539  18.6%   150 7625s
H16274  9879                     429.8889686  349.79539  18.6%   149 7720s
H16444  9878                     429.8704855  349.79539  18.6%   148 7720s
H16904 10274                     429.8405937  349.79539  18.6%   146 7852s
 17344 10758  420.42379  560 1197  429.84059  349.79539  18.6%   145 7946s
H17400 10758                     429.8403139  349.79539  18.6%   145 7946s
H17500 10758                     429.8332568  349.79539  18.6%   144 7946s
H17514 10753                     429.7693074  349.79539  18.6%   144 7946s
H17846 11012                     429.7230978  349.79539  18.6%   143 8081s
H18001 11012                     429.7158480  349.79539  18.6%   142 8082s
H18111 11010                     429.6922723  349.79539  18.6%   142 8082s
H18166 11203                     429.6905345  349.79539  18.6%   142 8184s
H18166 11203                     429.6817732  349.79539  18.6%   142 8184s
H18297 11199                     429.6360859  349.79539  18.6%   141 8184s
H18367 11326                     429.6360825  349.79539  18.6%   141 8273s
H18400 11326                     429.6360777  353.43657  17.7%   141 8273s
H18451 11326                     429.6360286  353.43657  17.7%   141 8274s
H18456 11326                     429.6356185  353.43657  17.7%   141 8274s
H18583 11651                     429.5309834  353.43657  17.7%   141 8369s
 19020 11796 infeasible  192       429.53098  353.97446  17.6%   141 8449s
H19021 11796                     429.5309828  353.97446  17.6%   141 8449s
H19100 11796                     429.5309808  353.97446  17.6%   142 8449s
H19190 11796                     429.5309760  353.97446  17.6%   142 8449s
 19209 11902  382.31175   81 2018  429.53098  353.97446  17.6%   142 8585s
H19377 11995                     429.5309040  353.97446  17.6%   146 8721s
H19446 11995                     429.5271883  354.40759  17.5%   146 8721s
H19513 11992                     429.4991176  354.40759  17.5%   147 8721s
H19550 12100                     429.4945145  354.40759  17.5%   148 8911s
H19670 12100                     429.4933071  354.40759  17.5%   150 8911s
 19732 12241  417.69455   87 1999  429.49331  354.78541  17.4%   151 9029s
H19795 12236                     429.4576747  354.78541  17.4%   151 9029s
 19919 12595  364.12392   39 2070  429.45767  355.13424  17.3%   153 9125s
H20031 12590                     429.3695352  355.13424  17.3%   153 9125s
H20308 12851                     429.3631044  355.13424  17.3%   154 9306s
H20659 13214                     429.3630964  355.13424  17.3%   156 9403s
 21053 13599  392.27567  216 1876  429.36310  355.33632  17.2%   155 9589s
H21159 13598                     429.3281315  355.33632  17.2%   156 9589s
H21573 13985                     429.3281296  355.33632  17.2%   156 9700s
H21743 13985                     429.3281283  355.33632  17.2%   155 9700s
H21993 13985                     429.3281262  355.33632  17.2%   155 9700s
 22006 14054  394.75245  220 1751  429.32813  355.33632  17.2%   156 9784s
H22015 14054                     429.3274621  355.33632  17.2%   155 9784s
H22054 14054                     429.3274600  355.33632  17.2%   155 9784s
 22078 14438  396.34297  259 1683  429.32746  355.33632  17.2%   155 9894s
H22102 14438                     429.3274589  355.33632  17.2%   155 9894s
 22578 14922  402.83100  429 1389  429.32746  355.33632  17.2%   156 10003s
H22618 14922                     429.3274579  355.33632  17.2%   155 10003s
H22748 14922                     429.3274575  355.33632  17.2%   155 10003s
H22944 14922                     429.3263425  355.33632  17.2%   154 10003s
H23086 15277                     429.3152671  355.33632  17.2%   154 10094s
H23256 15274                     429.2149786  355.33632  17.2%   153 10094s
H23463 15727                     429.2149683  355.33632  17.2%   152 10189s
H23907 15727                     429.2149592  355.33632  17.2%   151 10189s
H23953 16036                     429.2087680  355.33632  17.2%   151 10284s
H23957 16035                     429.2062797  355.33632  17.2%   151 10284s
H23961 16035                     429.2053970  355.33632  17.2%   151 10284s
 24344 16322 infeasible 1050       429.20540  356.24570  17.0%   150 10393s
H24659 16322                     429.2053962  356.24570  17.0%   149 10393s
 24700 16619  376.18371  131 1907  429.20540  356.24570  17.0%   151 10629s
 25110 16836  406.46831  301 1613  429.20540  356.24570  17.0%   151 10778s
H25357 17230                     429.2027297  356.24570  17.0%   152 10881s
H25814 17607                     429.1932583  356.24570  17.0%   152 10966s
 26219 17981  414.01126  811  690  429.19326  356.24570  17.0%   151 11070s
H26582 17981                     429.1932564  356.24570  17.0%   151 11070s
 26681 18067 infeasible  934       429.19326  357.29664  16.8%   151 11157s
H26682 18067                     429.1909626  357.29664  16.8%   151 11157s
H26700 18067                     429.1816271  357.29664  16.7%   151 11157s
 26869 18352  417.66194   47 1931  429.18163  357.29664  16.7%   153 11276s
H26875 18352                     429.1816266  357.29664  16.7%   154 11276s
 27198 18615  417.96255   48 1937  429.18163  357.40303  16.7%   153 11429s
 27550 18884  374.39717   59 1962  429.18163  357.76595  16.6%   154 11585s
 27873 19179  408.04573   81 1885  429.18163  357.76595  16.6%   155 11681s
 28269 19448  420.94491  107 1926  429.18163  358.06568  16.6%   155 11788s
 28602 19854  381.57884   58 1976  429.18163  358.28843  16.5%   155 11934s
H28664 19854                     429.1816264  358.28843  16.5%   155 11934s
 29098 20246  413.08505   93 1850  429.18163  358.33263  16.5%   155 12011s
 29577 20800  410.88293  131 1805  429.18163  358.36512  16.5%   154 12107s
H29833 20799                     429.1768299  358.37058  16.5%   155 12107s
H30173 21250                     429.1768298  358.37058  16.5%   153 12173s
 30739 21677  361.00082   46 1901  429.17683  358.38597  16.5%   152 12242s
H30918 21677                     429.1768291  358.38597  16.5%   152 12242s
H31240 21848                     429.1768290  358.38597  16.5%   151 12392s
H31284 21848                     429.1768288  358.38597  16.5%   152 12392s
H31394 21848                     429.1768253  358.38597  16.5%   152 12392s
 31449 22309  364.92816  100 1822  429.17683  358.38597  16.5%   152 12493s
H31559 22306                     429.1727313  358.38597  16.5%   152 12493s
H32009 22638                     429.1727298  358.38597  16.5%   152 12580s
H32358 22638                     429.1727285  358.38597  16.5%   152 12580s
 32450 22858  390.39500  202 1762  429.17273  358.38597  16.5%   152 12646s
H32451 22858                     429.1727279  358.38597  16.5%   152 12646s
H32539 22858                     429.1727279  358.38597  16.5%   152 12646s
H32595 22858                     429.1659943  358.38597  16.5%   152 12646s
H32604 22856                     429.0516901  358.38597  16.5%   152 12646s
 32734 23071  392.59933  243 1688  429.05169  358.38597  16.5%   152 12874s
 33065 23330  393.35189  270 1649  429.05169  358.38597  16.5%   155 13005s
 33437 23542  424.99160  310 1614  429.05169  359.38776  16.2%   156 13092s
H33450 23542                     429.0516880  359.38776  16.2%   156 13092s
 33724 23877     cutoff   95       429.05169  359.44265  16.2%   156 13282s
H33811 23877                     429.0461802  359.44265  16.2%   157 13282s
 34104 24352  363.00082  104 1839  429.04618  359.44265  16.2%   157 13431s
H34362 24352                     429.0376825  359.44265  16.2%   157 13431s
 34626 24550  379.19928  185 1765  429.03768  359.44265  16.2%   156 13572s
H34653 24550                     429.0376777  359.44265  16.2%   156 13572s
H34709 24550                     429.0376765  359.44265  16.2%   156 13572s
H34830 24943                     429.0347287  359.44265  16.2%   156 13646s
 35321 25023  382.66265  245 1674  429.03473  359.44265  16.2%   156 13829s
H35324 25014                     428.9524515  359.44265  16.2%   156 13829s
 35409 25139  382.68534  245 1678  428.95245  359.44265  16.2%   155 13961s
H35488 25139                     428.9524492  359.44265  16.2%   155 13961s
H35537 25139                     428.9524489  359.44265  16.2%   155 13961s
 35638 25506  385.05321  266 1668  428.95245  359.44265  16.2%   156 14091s
H35946 25506                     428.9524467  359.44265  16.2%   155 14091s
 36173 25904  386.78818  340 1543  428.95245  359.44265  16.2%   156 14217s
 36630 26155 infeasible  351       428.95245  359.44265  16.2%   156 14334s
 36988 26422  390.69869  387 1482  428.95245  359.44265  16.2%   156 14451s
H37281 26422                     428.9524463  359.44265  16.2%   156 14451s
H37282 26422                     428.9524462  359.44265  16.2%   156 14451s
 37368 27001  391.79285  400 1454  428.95245  359.44265  16.2%   156 14535s
 37966 27246  404.93711  429 1436  428.95245  359.44265  16.2%   155 14646s
H38001 27246                     428.9486603  359.44265  16.2%   155 14647s
H38133 27246                     428.9447001  359.44265  16.2%   154 14647s
H38211 27554                     428.9430296  359.44265  16.2%   154 14753s
H38272 27552                     428.9367994  359.44265  16.2%   154 14753s
 38519 28167  404.98504  442 1394  428.93680  359.44265  16.2%   153 14839s
 39138 28763  405.41735  467 1348  428.93680  359.44265  16.2%   151 14916s
H39758 28763                     428.9367946  359.44265  16.2%   149 14916s
H39766 29008                     428.9324953  359.44265  16.2%   149 14999s
H39881 29008                     428.9275455  359.44265  16.2%   148 14999s
H40051 29008                     428.9239918  359.44265  16.2%   148 14999s
H40121 29192                     428.9186531  359.44265  16.2%   148 15117s
H40121 29192                     428.9117270  359.44265  16.2%   148 15117s
 40329 29662  406.22192  550 1183  428.91173  359.44265  16.2%   148 15219s
 40819 30272  406.43914  587 1111  428.91173  359.44265  16.2%   147 15295s
 41451 30527  406.48523  596 1089  428.91173  359.44265  16.2%   145 15385s
H41529 30527                     428.9117094  359.44265  16.2%   145 15385s
H41616 30527                     428.9117092  359.44265  16.2%   145 15385s
H41665 30522                     428.7645627  359.44265  16.2%   145 15385s
H41716 30777                     428.6039393  359.44265  16.1%   145 15519s
 42057 31351  407.39636  620 1049  428.60394  359.44265  16.1%   144 15645s
H42228 31351                     428.6039385  359.44265  16.1%   143 15645s
 42737 31793  407.53602  659  973  428.60394  359.44265  16.1%   143 15788s
 43210 32121  407.62284  673  950  428.60394  359.44265  16.1%   142 15875s
 43640 32686  407.71777  687  921  428.60394  359.44265  16.1%   142 15976s
 44247 33226  407.82165  692  910  428.60394  359.44265  16.1%   141 16056s
 44860 33529  407.86483  709  878  428.60394  359.44265  16.1%   140 16119s
H45006 33529                     428.6039382  359.44265  16.1%   139 16119s
H45010 33529                     428.6039367  359.44265  16.1%   139 16119s
H45126 33529                     428.6039364  359.44265  16.1%   139 16119s
H45180 33983                     428.5999297  359.44265  16.1%   139 16199s
H45610 33977                     428.5528943  359.44265  16.1%   138 16199s
 45718 34402  407.98657  759  800  428.55289  359.44265  16.1%   138 16283s
H45888 34400                     428.5415972  359.44265  16.1%   138 16283s
H46207 34805                     428.5413490  359.44265  16.1%   138 16371s
H46458 34805                     428.5412667  359.44265  16.1%   137 16371s
H46506 34805                     428.5411017  359.44265  16.1%   137 16371s
 46648 35118  408.10327  781  781  428.54110  359.44265  16.1%   137 16444s
 46999 35598  409.63407  788  775  428.54110  359.44265  16.1%   137 16512s
H47531 35708                     428.4043724  359.44265  16.1%   136 16570s
 47662 36139  408.45869  815  736  428.40437  359.44265  16.1%   136 16642s
H47832 36139                     428.4043702  359.44265  16.1%   135 16642s
 48113 36626  408.49243  837  710  428.40437  359.44265  16.1%   135 16716s
 48602 37052  408.57276  860  671  428.40437  359.44265  16.1%   134 16798s
 49064 37583  408.60307  862  674  428.40437  359.44265  16.1%   134 16868s
 49615 38115  413.29220  866  752  428.40437  359.44265  16.1%   133 16933s
 50185 38444  414.73072  880  732  428.40437  359.44265  16.1%   132 16994s
H50355 38444                     428.4005153  359.44265  16.1%   132 16994s
 50520 38889  414.76949  883  729  428.40052  359.44265  16.1%   131 17067s
H50600 38889                     428.4004976  359.44265  16.1%   131 17067s
H50767 38889                     428.4003980  359.44265  16.1%   131 17067s
H50937 38889                     428.3988196  359.44265  16.1%   131 17067s
 51013 39198 infeasible  898       428.39882  359.44265  16.1%   131 17136s
H51014 39197                     428.3986827  359.44265  16.1%   131 17136s
H51140 39197                     428.3985282  359.44265  16.1%   131 17136s
H51252 39197                     428.3981777  359.44265  16.1%   131 17136s
H51357 39197                     428.3975938  359.44265  16.1%   131 17136s
 51447 39466  419.07311  909  783  428.39759  359.79144  16.0%   131 17209s
H51500 39466                     428.3973912  359.79144  16.0%   131 17209s
H51681 39465                     428.3880819  359.93755  16.0%   131 17209s
 51767 39465     cutoff  143       428.38808  359.93755  16.0%   130 17210s
H51832 39760                     428.3880610  359.93755  16.0%   131 23670s
H51834 39760                     428.3880384  359.93755  16.0%   131 23670s
H51837 39760                     428.3880359  359.93755  16.0%   131 23670s
H51923 39760                     428.3874117  359.93755  16.0%   130 23670s
 52141 39967  401.54369  200 1700  428.38741  359.95007  16.0%   130 23796s
H52370 39967                     428.3874059  359.95331  16.0%   130 23796s
 52381 39994  379.95705  103 1798  428.38741  359.95331  16.0%   130 23999s
 52409 40552  394.52196  109 1776  428.38741  359.96635  16.0%   130 24094s
 53089 40793     cutoff  138       428.38741  359.97834  16.0%   130 24797s
H53218 40793                     428.3873958  359.98390  16.0%   130 24797s
H53345 40793                     428.3873759  359.98390  16.0%   130 24798s
 53496 40964  397.19219   57 2029  428.38738  359.98390  16.0%   130 24902s
 53694 41445 infeasible  108       428.38738  359.98409  16.0%   130 25070s
 54288 41984  364.12582   97 1853  428.38738  360.00607  16.0%   130 25167s
H54400 41984                     428.3873639  360.00607  16.0%   130 25167s
 54954 42199 infeasible   63       428.38736  360.02483  16.0%   130 25264s
H54969 42199                     428.3865527  360.02483  16.0%   130 25264s
 55185 42723  371.67160  111 1800  428.38655  360.07365  15.9%   130 25369s
H55200 42723                     428.3859187  360.07365  15.9%   130 25369s
 55763 43342  417.94849  181 1752  428.38592  360.08345  15.9%   131 25439s
 56430 43877  376.00400  105 1878  428.38592  360.10615  15.9%   130 25519s
 57042 44319     cutoff   82       428.38592  360.11692  15.9%   129 25598s
 57534 44855 infeasible  105       428.38592  360.16445  15.9%   129 25663s
 58116 44949  361.95594   69 1924  428.38592  360.18877  15.9%   128 25778s
H58209 44949                     428.3802493  360.18877  15.9%   128 25778s
 58216 45258  361.98141   70 1918  428.38025  360.18877  15.9%   128 25873s
H58235 45256                     428.3631098  360.18877  15.9%   128 25873s
H58549 45812                     428.3631069  360.18877  15.9%   128 25931s
H58600 45812                     428.3630956  360.18877  15.9%   128 25931s
H59125 46260                     428.3630937  360.18877  15.9%   127 26007s
H59128 46260                     428.3630933  360.18877  15.9%   127 26007s
H59273 46260                     428.3573308  360.18877  15.9%   127 26007s
H59413 46260                     428.3556805  360.18877  15.9%   127 26007s
 59583 46584  417.09922  464 1063  428.35568  360.18877  15.9%   126 26169s
H59760 46584                     428.3556792  360.18877  15.9%   126 26169s
H59766 46584                     428.3556714  360.18877  15.9%   126 26169s
H59868 46584                     428.3507966  360.18877  15.9%   126 26169s
 60003 46834  419.47822  632  800  428.35080  360.20239  15.9%   126 26369s
H60087 46834                     428.3507948  360.20239  15.9%   126 26369s
H60131 46834                     428.3468281  360.20522  15.9%   126 26369s
 60339 47124  394.46026   77 1925  428.34683  360.20522  15.9%   127 26472s
H60340 47124                     428.3468277  360.20522  15.9%   127 26472s
H60342 47124                     428.3468267  360.20522  15.9%   127 26472s
 60714 47391  417.66341  168 1735  428.34683  360.20919  15.9%   127 26564s
H60786 47391                     428.3457505  360.20919  15.9%   127 26564s
H60838 47391                     428.3422557  360.20919  15.9%   127 26564s
 61065 47678  361.93326   52 1913  428.34226  360.20919  15.9%   127 26735s
H61073 47678                     428.3422534  360.20919  15.9%   127 26735s
H61074 47678                     428.3372577  360.20919  15.9%   127 26735s
H61156 47678                     428.3364250  360.20919  15.9%   127 26735s
H61279 47677                     428.3211207  360.20919  15.9%   127 26735s
 61383 48033  409.02799   69 1895  428.32112  360.24008  15.9%   127 26817s
H61562 48033                     428.3204853  360.24108  15.9%   127 26817s
H61741 48033                     428.3180318  360.24108  15.9%   127 26817s
H61874 48472                     428.3180304  360.24108  15.9%   127 26895s
H62352 48914                     428.3180293  360.24830  15.9%   127 27067s
H62359 48914                     428.3178940  360.25798  15.9%   127 27067s
H62748 48914                     428.3178906  360.25798  15.9%   127 27067s
 62848 49440  360.65148   62 1932  428.31789  360.25905  15.9%   127 27200s
H63004 49440                     428.3161518  360.25905  15.9%   127 27200s
H63344 49440                     428.3105274  360.25905  15.9%   126 27200s
H63414 49877                     428.3105231  360.25905  15.9%   126 27285s
H63876 49877                     428.3098959  360.27987  15.9%   126 27285s
 63911 50144  361.72558   58 1942  428.30990  360.27987  15.9%   126 27376s
 64178 50822  367.82879  118 1899  428.30990  360.27987  15.9%   126 27441s
 64858 51479  410.78348  288 1830  428.30990  360.27987  15.9%   125 27497s
H64887 51479                     428.3098942  360.27987  15.9%   125 27497s
H64900 51479                     428.3098688  360.27987  15.9%   125 27497s
H65198 51479                     428.3095144  360.27987  15.9%   124 27497s
H65516 51759                     428.3095019  360.27987  15.9%   124 27545s
H65657 51759                     428.3095006  360.27987  15.9%   123 27545s
H65811 51946                     428.3083768  360.27987  15.9%   123 27729s
H65871 51946                     428.3075724  360.27987  15.9%   123 27729s
H65929 51946                     428.3065524  360.27987  15.9%   123 27729s
 66020 52291  421.13611  582 1322  428.30655  360.28207  15.9%   123 27783s
H66559 52497                     428.3065501  360.28306  15.9%   122 27840s
 66850 52729  418.11791  185 1686  428.30655  360.28662  15.9%   122 27901s
H67015 52729                     428.3065499  360.28898  15.9%   122 27901s
 67230 52986  367.70416  100 1827  428.30655  360.28898  15.9%   122 27963s
 67629 53335  368.86753  133 1841  428.30655  360.28898  15.9%   122 28033s
 68009 53580  380.70765  174 1742  428.30655  360.28898  15.9%   122 28234s
 68264 53944  381.95595  206 1705  428.30655  360.28898  15.9%   122 28310s
 68680 54303  384.09794  265 1608  428.30655  360.28898  15.9%   122 28384s
 69070 54583  385.67004  314 1540  428.30655  360.28898  15.9%   122 28470s
 69424 54822 infeasible  331       428.30655  360.28898  15.9%   122 28544s
 69687 55156  389.96403  357 1495  428.30655  360.28898  15.9%   121 28636s
 70060 55526 infeasible  356       428.30655  360.28898  15.9%   121 28730s
 70461 55763  389.80225  355 1501  428.30655  360.28898  15.9%   121 28797s
 70698 55767  390.07560  369 1464  428.30655  360.28898  15.9%   121 28800s

Cutting planes:
  Learned: 13
  Gomory: 44
  Cover: 208
  Implied bound: 258
  Clique: 45
  MIR: 1390
  Flow cover: 2377
  GUB cover: 2
  Zero half: 2
  RLT: 1265
  Relax-and-lift: 268

Explored 70702 nodes (8604175 simplex iterations) in 28800.31 seconds
Thread count was 4 (of 32 available processors)

Solution count 10: 428.307 428.307 428.308 ... 428.31

Time limit reached
Best objective 4.283065499499e+02, best bound 3.602889842362e+02, gap 15.8806%
