
Gurobi 9.1.0 (linux64) logging started Wed Aug  4 07:00:20 2021

Changed value of parameter LogFile to eab_parasitoid_1_0.log
   Prev:   Default: 
Changed value of parameter MIPGap to 0.01
   Prev: 0.0001  Min: 0.0  Max: inf  Default: 0.0001
Changed value of parameter Method to 2
   Prev: -1  Min: -1  Max: 5  Default: -1
Changed value of parameter MIPFocus to 2
   Prev: 0  Min: 0  Max: 3  Default: 0
Changed value of parameter RINS to 100
   Prev: -1  Min: -1  Max: 2000000000  Default: -1
Gurobi Optimizer version 9.1.0 build v9.1.0rc0 (linux64)
Thread count: 32 physical cores, 32 logical processors, using up to 32 threads
Optimize a model with 203386 rows, 134930 columns and 685029 nonzeros
Model fingerprint: 0xa5061074
Variable types: 55774 continuous, 79156 integer (79156 binary)
Coefficient statistics:
  Matrix range     [2e-04, 6e+05]
  Objective range  [1e-06, 1e-01]
  Bounds range     [1e+00, 6e+03]
  RHS range        [1e-04, 6e+05]
Presolve removed 152202 rows and 90425 columns (presolve time = 5s) ...
Presolve removed 167188 rows and 102836 columns (presolve time = 10s) ...
Presolve removed 178429 rows and 115609 columns (presolve time = 15s) ...
Presolve removed 181419 rows and 115893 columns (presolve time = 20s) ...
Presolve removed 183092 rows and 117022 columns (presolve time = 25s) ...
Presolve removed 187161 rows and 120948 columns (presolve time = 31s) ...
Presolve removed 190502 rows and 124666 columns (presolve time = 35s) ...
Presolve removed 191398 rows and 125093 columns (presolve time = 40s) ...
Presolve removed 191925 rows and 125234 columns (presolve time = 46s) ...
Presolve removed 191932 rows and 125234 columns (presolve time = 51s) ...
Presolve removed 193124 rows and 126494 columns (presolve time = 56s) ...
Presolve removed 193205 rows and 126548 columns (presolve time = 60s) ...
Presolve removed 193315 rows and 126639 columns (presolve time = 65s) ...
Presolve removed 193374 rows and 126674 columns (presolve time = 71s) ...
Presolve removed 193419 rows and 126716 columns (presolve time = 75s) ...
Presolve removed 193421 rows and 126714 columns
Presolve time: 80.10s
Presolved: 9965 rows, 8216 columns, 131875 nonzeros
Variable types: 3540 continuous, 4676 integer (4676 binary)
Presolve removed 11 rows and 11 columns
Presolved: 9954 rows, 8205 columns, 131847 nonzeros

Root barrier log...

Ordering time: 1.97s

Barrier statistics:
 Dense cols : 138
 AA' NZ     : 5.761e+05
 Factor NZ  : 2.832e+06 (roughly 30 MBytes of memory)
 Factor Ops : 2.444e+09 (less than 1 second per iteration)
 Threads    : 31

                  Objective                Residual
Iter       Primal          Dual         Primal    Dual     Compl     Time
   0   2.98174051e+03 -1.73109829e+04  3.44e+04 1.90e-01  7.97e+01    88s
   1   2.39376335e+03 -2.04282203e+04  2.56e+04 2.87e-01  5.95e+01    89s
   2   7.91461832e+02 -1.99857365e+04  1.94e+03 1.78e-13  5.24e+00    89s
   3   6.10496229e+02 -9.99032796e+03  2.49e+02 3.01e-14  8.64e-01    89s
   4   5.01991383e+02 -3.62547404e+03  4.13e+01 2.33e-14  2.05e-01    90s
   5   4.66171678e+02 -1.09333608e+03  1.18e+01 6.42e-15  6.76e-02    90s
   6   4.53496910e+02 -7.90689573e+01  3.03e+00 3.33e-15  2.17e-02    90s
   7   4.44952203e+02  3.31026696e+02  1.04e-01 1.77e-15  4.46e-03    90s
   8   4.40948889e+02  4.15239802e+02  1.05e-03 1.06e-15  9.99e-04    91s
   9   4.39076059e+02  4.27042699e+02  4.51e-04 2.00e-15  4.66e-04    91s
  10   4.38280120e+02  4.32668270e+02  2.48e-04 2.00e-15  2.17e-04    91s
  11   4.37582703e+02  4.35135009e+02  9.93e-05 4.10e-16  9.46e-05    92s
  12   4.37357412e+02  4.35766347e+02  5.72e-05 3.45e-16  6.15e-05    92s
  13   4.37163793e+02  4.36434384e+02  2.14e-05 2.22e-16  2.82e-05    92s
  14   4.37068146e+02  4.36740301e+02  4.08e-06 2.22e-16  1.27e-05    92s
  15   4.37043766e+02  4.36858789e+02  1.57e-06 1.11e-15  7.14e-06    93s
  16   4.37033044e+02  4.36941084e+02  6.83e-07 2.11e-16  3.55e-06    93s
  17   4.37027439e+02  4.36971153e+02  2.97e-07 1.11e-16  2.17e-06    93s
  18   4.37024454e+02  4.37003215e+02  1.27e-07 2.22e-16  8.20e-07    93s
  19   4.37023263e+02  4.37010933e+02  6.60e-08 2.22e-16  4.76e-07    94s
  20   4.37022387e+02  4.37018523e+02  2.18e-08 1.37e-16  1.49e-07    94s
  21   4.37022078e+02  4.37021362e+02  7.63e-09 1.16e-16  2.76e-08    94s
  22   4.37021917e+02  4.37021707e+02  1.34e-09 1.11e-16  8.14e-09    95s
  23   4.37021895e+02  4.37021831e+02  5.12e-10 2.22e-16  2.48e-09    95s
  24   4.37021884e+02  4.37021859e+02  1.43e-10 2.22e-16  9.86e-10    95s
  25   4.37021880e+02  4.37021878e+02  1.23e-11 9.95e-16  7.74e-11    95s
  26   4.37021880e+02  4.37021880e+02  3.79e-12 2.11e-14  1.86e-12    96s

Barrier solved model in 26 iterations and 95.75 seconds
Optimal objective 4.37021880e+02


Root crossover log...

     672 DPushes remaining with DInf 0.0000000e+00                96s
       0 DPushes remaining with DInf 0.0000000e+00                96s

    3694 PPushes remaining with PInf 4.4063515e-06                96s
       0 PPushes remaining with PInf 0.0000000e+00                97s

  Push phase complete: Pinf 0.0000000e+00, Dinf 4.7948607e-03     97s


Root simplex log...

Iteration    Objective       Primal Inf.    Dual Inf.      Time
    4162    4.3702188e+02   0.000000e+00   4.794861e-03     97s
    4166    4.3702188e+02   0.000000e+00   0.000000e+00     97s
    4166    4.3702188e+02   0.000000e+00   0.000000e+00     97s

Root relaxation: objective 4.370219e+02, 4166 iterations, 14.01 seconds
Total elapsed time = 100.18s

    Nodes    |    Current Node    |     Objective Bounds      |     Work
 Expl Unexpl |  Obj  Depth IntInf | Incumbent    BestBd   Gap | It/Node Time

     0     0  437.02188    0 1803          -  437.02188      -     -  100s
     0     0  445.34065    0 2058          -  445.34065      -     -  127s
     0     0  445.68368    0 2122          -  445.68368      -     -  158s
     0     0  445.69152    0 2125          -  445.69152      -     -  161s
     0     0  445.69246    0 2130          -  445.69246      -     -  162s
     0     0  452.51882    0 2124          -  452.51882      -     -  218s
     0     0  453.18582    0 2094          -  453.18582      -     -  246s
     0     0  454.49152    0 2082          -  454.49152      -     -  264s
     0     0  454.49152    0 2091          -  454.49152      -     -  268s
     0     0  454.49152    0 2087          -  454.49152      -     -  269s
     0     0  457.92217    0 2096          -  457.92217      -     -  306s
     0     0  458.02313    0 2131          -  458.02313      -     -  331s
     0     0  458.06489    0 2105          -  458.06489      -     -  349s
     0     0  458.06743    0 2091          -  458.06743      -     -  354s
     0     0  462.32140    0 2009          -  462.32140      -     -  428s
     0     0  463.00469    0 2031          -  463.00469      -     -  457s
     0     0  469.38796    0 2039          -  469.38796      -     -  466s
     0     0  469.38796    0 2038          -  469.38796      -     -  468s
     0     0  469.38796    0 1983          -  469.38796      -     -  535s
     0     0  469.38796    0 1985          -  469.38796      -     -  551s
     0     0  469.38796    0 1992          -  469.38796      -     -  556s
     0     0  469.38796    0 1999          -  469.38796      -     -  562s
     0     0  476.55493    0 1978          -  476.55493      -     -  702s
     0     0  476.63319    0 1971          -  476.63319      -     -  756s
     0     0  476.64307    0 1964          -  476.64307      -     -  772s
     0     0  484.12335    0 1963          -  484.12335      -     -  895s
     0     0  484.15126    0 1955          -  484.15126      -     -  917s
     0     0  493.36915    0 1975          -  493.36915      -     -  968s
     0     0  493.39407    0 1942          -  493.39407      -     -  994s
     0     0  498.56777    0 1964          -  498.56777      -     - 1070s
     0     0  498.57234    0 1948          -  498.57234      -     - 1089s
     0     0  500.84268    0 1945          -  500.84268      -     - 1130s
     0     0  500.85254    0 1939          -  500.85254      -     - 1147s
     0     0  500.92084    0 1954          -  500.92084      -     - 1171s
H    0     0                     964.4143147  500.92084  48.1%     - 1180s
     0     0  500.92084    0 1952  964.41431  500.92084  48.1%     - 1183s
H    0     0                     517.6094236  500.92084  3.22%     - 1197s
     0     2  500.94043    0 1928  517.60942  500.94043  3.22%     - 1499s
     1     2     cutoff    1       517.60942  500.94070  3.22%  1547 1515s
     3     4  501.51580    2 1808  517.60942  500.98251  3.21%  1068 1596s
     5     4  507.25292    3 1579  517.60942  501.52049  3.11%  1547 1632s
     9     8  508.57714    4 1576  517.60942  503.14468  2.79%  1426 1643s
    13    16  511.68652    5 1521  517.60942  503.17294  2.79%  1115 1670s
    21    16     cutoff    6       517.60942  503.32468  2.76%  1239 1707s
    37    20  503.85175    7 1543  517.60942  503.57718  2.71%  1236 1741s
    53    38  510.25222    8 1448  517.60942  503.85175  2.66%  1393 1774s
    73    67  510.34837    9 1492  517.60942  507.83475  1.89%  1232 1806s
H   75    67                     513.5081143  507.83475  1.10%  1207 1806s
   105    73  510.39299   10 1469  513.50811  507.91362  1.09%  1047 1820s
   137    79  510.53239   11 1458  513.50811  507.92091  1.09%   849 1826s
   169    91  511.33092   12 1439  513.50811  507.92091  1.09%   701 1915s
   207   112  511.63488   13 1465  513.50811  507.92091  1.09%   606 1942s
   242   141  511.64010   14 1422  513.50811  507.92091  1.09%   573 1956s
   279   179  511.73899   16 1420  513.50811  507.92091  1.09%   528 1968s
   325   220  511.85127   18 1419  513.50811  507.92091  1.09%   483 1988s
   376   253  512.76258   19 1417  513.50811  507.92091  1.09%   448 2006s
   428   288  512.76497   20 1437  513.50811  507.92091  1.09%   420 2028s
   487   346  513.19153   23 1391  513.50811  507.92091  1.09%   393 2054s
H  557   371                     513.2998367  507.92091  1.05%   362 2234s
H  558   371                     512.5885494  507.92091  0.91%   361 2234s
H  563   371                     512.5481700  507.92091  0.90%   361 2234s
H  568   371                     512.5095641  507.92091  0.90%   360 2234s

Cutting planes:
  Learned: 60
  Gomory: 33
  Cover: 142
  Implied bound: 310
  Projected implied bound: 154
  Clique: 31
  MIR: 1232
  Flow cover: 4250
  GUB cover: 7
  Zero half: 20
  RLT: 2797
  Relax-and-lift: 212

Explored 590 nodes (247886 simplex iterations) in 2235.48 seconds
Thread count was 32 (of 32 available processors)

Solution count 7: 512.51 512.548 512.589 ... 964.414

Optimal solution found (tolerance 1.00e-02)
Warning: max constraint violation (8.3508e-06) exceeds tolerance
Best objective 5.125095641427e+02, best bound 5.079209138725e+02, gap 0.8953%
