
Gurobi 9.1.0 (linux64) logging started Wed Aug  4 13:02:48 2021

Changed value of parameter LogFile to eab_parasitoid_nothresh_1_2.log
   Prev:   Default: 
Changed value of parameter MIPGap to 0.01
   Prev: 0.0001  Min: 0.0  Max: inf  Default: 0.0001
Changed value of parameter Method to 2
   Prev: -1  Min: -1  Max: 5  Default: -1
Changed value of parameter MIPFocus to 2
   Prev: 0  Min: 0  Max: 3  Default: 0
Changed value of parameter RINS to 100
   Prev: -1  Min: -1  Max: 2000000000  Default: -1
Gurobi Optimizer version 9.1.0 build v9.1.0rc0 (linux64)
Thread count: 32 physical cores, 32 logical processors, using up to 32 threads
Optimize a model with 203323 rows, 134930 columns and 684966 nonzeros
Model fingerprint: 0x1dc55deb
Variable types: 55774 continuous, 79156 integer (79156 binary)
Coefficient statistics:
  Matrix range     [2e-04, 6e+05]
  Objective range  [1e-06, 1e-01]
  Bounds range     [1e+00, 6e+03]
  RHS range        [1e-04, 6e+05]
Presolve removed 193029 rows and 126438 columns (presolve time = 5s) ...
Presolve removed 193076 rows and 126470 columns
Presolve time: 5.87s
Presolved: 10247 rows, 8460 columns, 134009 nonzeros
Variable types: 3595 continuous, 4865 integer (4864 binary)
Presolve removed 17 rows and 12 columns
Presolved: 10230 rows, 8448 columns, 133966 nonzeros

Root barrier log...

Ordering time: 0.97s

Barrier statistics:
 Dense cols : 142
 AA' NZ     : 5.791e+05
 Factor NZ  : 2.859e+06 (roughly 30 MBytes of memory)
 Factor Ops : 2.416e+09 (less than 1 second per iteration)
 Threads    : 31

                  Objective                Residual
Iter       Primal          Dual         Primal    Dual     Compl     Time
   0   3.18641087e+03 -1.88072155e+04  3.68e+04 1.98e-01  8.33e+01     8s
   1   2.49899955e+03 -2.13577181e+04  2.67e+04 3.70e-01  5.86e+01     9s
   2   1.05795432e+03 -2.19417402e+04  5.47e+03 1.63e-13  1.30e+01     9s
   3   6.01196189e+02 -1.61235093e+04  2.88e+02 2.13e-14  1.24e+00     9s
   4   4.57282540e+02 -4.72622924e+03  2.64e+01 3.39e-14  2.25e-01     9s
   5   4.12492036e+02 -9.14342135e+02  6.28e+00 3.55e-14  5.30e-02     9s
   6   3.96928955e+02 -1.36634973e+02  1.62e+00 6.22e-15  2.06e-02    10s
   7   3.88259809e+02  1.71945267e+02  8.72e-02 2.33e-15  8.18e-03    10s
   8   3.84921510e+02  3.03397836e+02  9.00e-04 1.38e-15  3.07e-03    10s
   9   3.82823275e+02  3.61407772e+02  3.15e-04 7.20e-16  8.05e-04    10s
  10   3.81534965e+02  3.70474211e+02  1.41e-04 3.87e-16  4.16e-04    10s
  11   3.81046564e+02  3.76032506e+02  8.67e-05 9.90e-16  1.88e-04    11s
  12   3.80578949e+02  3.78049676e+02  4.15e-05 2.22e-16  9.50e-05    11s
  13   3.80425800e+02  3.78641320e+02  2.82e-05 1.33e-15  6.70e-05    11s
  14   3.80269409e+02  3.79472905e+02  1.48e-05 7.64e-16  2.99e-05    11s
  15   3.80160138e+02  3.79772863e+02  6.19e-06 8.74e-16  1.45e-05    11s
  16   3.80133264e+02  3.79932873e+02  4.20e-06 2.22e-16  7.52e-06    11s
  17   3.80100655e+02  3.79998475e+02  1.78e-06 5.14e-16  3.84e-06    12s
  18   3.80092560e+02  3.80044963e+02  1.21e-06 3.60e-16  1.79e-06    12s
  19   3.80084094e+02  3.80062684e+02  6.13e-07 3.52e-16  8.04e-07    12s
  20   3.80080689e+02  3.80070194e+02  3.65e-07 2.22e-16  3.94e-07    12s
  21   3.80077086e+02  3.80073658e+02  8.92e-08 1.96e-16  1.29e-07    13s
  22   3.80076665e+02  3.80074685e+02  5.91e-08 3.69e-16  7.43e-08    13s
  23   3.80076251e+02  3.80075247e+02  2.81e-08 2.79e-16  3.77e-08    13s
  24   3.80076131e+02  3.80075448e+02  2.06e-08 4.49e-16  2.56e-08    13s
  25   3.80076060e+02  3.80075477e+02  1.62e-08 3.13e-16  2.19e-08    13s
  26   3.80075935e+02  3.80075706e+02  7.87e-09 4.42e-16  8.59e-09    13s
  27   3.80075852e+02  3.80075790e+02  1.81e-09 1.22e-15  2.32e-09    14s
  28   3.80075833e+02  3.80075818e+02  3.78e-10 2.06e-16  5.38e-10    14s
  29   3.80075828e+02  3.80075825e+02  8.76e-11 1.51e-14  1.23e-10    14s
  30   3.80075827e+02  3.80075827e+02  3.10e-11 6.54e-14  2.28e-11    14s

Barrier solved model in 30 iterations and 14.18 seconds
Optimal objective 3.80075827e+02


Root crossover log...

     692 DPushes remaining with DInf 0.0000000e+00                14s
       0 DPushes remaining with DInf 0.0000000e+00                14s

    4753 PPushes remaining with PInf 6.8612336e-06                14s
       0 PPushes remaining with PInf 0.0000000e+00                14s

  Push phase complete: Pinf 0.0000000e+00, Dinf 3.0241039e-02     14s


Root simplex log...

Iteration    Objective       Primal Inf.    Dual Inf.      Time
    5280    3.8007583e+02   0.000000e+00   3.024104e-02     14s
    5302    3.8007583e+02   0.000000e+00   0.000000e+00     14s
    5302    3.8007583e+02   0.000000e+00   0.000000e+00     14s

Root relaxation: objective 3.800758e+02, 5302 iterations, 8.38 seconds
Total elapsed time = 15.00s

    Nodes    |    Current Node    |     Objective Bounds      |     Work
 Expl Unexpl |  Obj  Depth IntInf | Incumbent    BestBd   Gap | It/Node Time

     0     0  380.07583    0 1633          -  380.07583      -     -   15s
H    0     0                     548.8833119  380.07583  30.8%     -   16s
H    0     0                     548.8816428  380.07583  30.8%     -   17s
H    0     0                     548.8804368  380.07583  30.8%     -   17s
     0     0  386.86961    0 2024  548.88044  386.86961  29.5%     -   21s
H    0     0                     540.9620697  386.86961  28.5%     -   26s
H    0     0                     540.9442269  386.86961  28.5%     -   26s
H    0     0                     540.9099254  386.86961  28.5%     -   26s
H    0     0                     540.6828947  386.86961  28.4%     -   26s
     0     0  388.63050    0 2090  540.68289  388.63050  28.1%     -   26s
     0     0  388.65974    0 2101  540.68289  388.65974  28.1%     -   27s
     0     0  388.66207    0 2097  540.68289  388.66207  28.1%     -   27s
     0     0  388.66209    0 2100  540.68289  388.66209  28.1%     -   27s
     0     0  395.80909    0 2037  540.68289  395.80909  26.8%     -   34s
H    0     0                     517.2328908  395.80909  23.5%     -   38s
     0     0  396.26210    0 2042  517.23289  396.26210  23.4%     -   38s
     0     0  399.19493    0 2037  517.23289  399.19493  22.8%     -   40s
     0     0  399.27523    0 2035  517.23289  399.27523  22.8%     -   40s
     0     0  399.27523    0 2051  517.23289  399.27523  22.8%     -   40s
H    0     0                     517.2328030  399.27523  22.8%     -   44s
H    0     0                     517.2327555  399.27523  22.8%     -   44s
     0     0  401.26302    0 2050  517.23276  401.26302  22.4%     -   44s
     0     0  401.41998    0 2064  517.23276  401.41998  22.4%     -   45s
H    0     0                     517.2145125  401.41998  22.4%     -   45s
     0     0  401.43328    0 2031  517.21451  401.43328  22.4%     -   45s
     0     0  401.43461    0 2048  517.21451  401.43461  22.4%     -   46s
H    0     0                     456.1716839  401.43461  12.0%     -   47s
H    0     0                     456.1716329  401.43461  12.0%     -   50s
H    0     0                     455.9226305  401.43461  12.0%     -   50s
H    0     0                     455.8950670  401.43461  11.9%     -   50s
     0     0  403.39894    0 2098  455.89507  403.39894  11.5%     -   50s
     0     0  403.52489    0 2077  455.89507  403.52489  11.5%     -   57s
     0     0  403.52797    0 2096  455.89507  403.52797  11.5%     -   60s
     0     0  408.79771    0 2052  455.89507  408.79771  10.3%     -   78s
     0     0  409.06103    0 2067  455.89507  409.06103  10.3%     -   81s
H    0     0                     442.5371409  409.06103  7.56%     -   81s
     0     0  409.52152    0 2070  442.53714  409.52152  7.46%     -   81s
H    0     0                     442.5371406  409.52152  7.46%     -   82s
H    0     0                     442.5359792  409.52152  7.46%     -   82s
H    0     0                     442.5347895  409.52152  7.46%     -   82s
     0     0  409.52215    0 2051  442.53479  409.52215  7.46%     -   82s
H    0     0                     442.4735787  409.52215  7.45%     -   86s
H    0     0                     433.6857798  409.52215  5.57%     -   86s
H    0     0                     433.6857561  409.52215  5.57%     -   86s
H    0     0                     433.6857514  409.52215  5.57%     -   86s
H    0     0                     433.2724294  409.52215  5.48%     -  101s
H    0     0                     433.2723675  409.52215  5.48%     -  101s
H    0     0                     433.2723440  409.52215  5.48%     -  101s
H    0     0                     433.2723369  409.52215  5.48%     -  101s
H    0     0                     433.2682789  409.52215  5.48%     -  101s
H    0     0                     433.0426963  409.52215  5.43%     -  101s
H    0     0                     433.0420708  409.52215  5.43%     -  101s
H    0     0                     433.0420443  409.52215  5.43%     -  101s
     0     0  416.24494    0 1978  433.04204  416.24494  3.88%     -  101s
H    0     0                     433.0398280  416.24494  3.88%     -  104s
     0     0  416.51570    0 1979  433.03983  416.51570  3.82%     -  106s
H    0     0                     433.0294359  416.51570  3.81%     -  107s
     0     0  416.63732    0 2008  433.02944  416.63732  3.79%     -  108s
     0     0  416.65082    0 2017  433.02944  416.65082  3.78%     -  108s
     0     0  420.87339    0 1962  433.02944  420.87339  2.81%     -  116s
H    0     0                     433.0294354  420.87339  2.81%     -  128s
H    0     0                     433.0278305  420.87339  2.81%     -  128s
     0     0  422.70844    0 2006  433.02783  422.70844  2.38%     -  129s
     0     0  422.73574    0 1980  433.02783  422.73574  2.38%     -  132s
     0     0  422.74303    0 1976  433.02783  422.74303  2.38%     -  134s
     0     0  424.18842    0 1915  433.02783  424.18842  2.04%     -  145s
     0     0  424.20610    0 1936  433.02783  424.20610  2.04%     -  151s
     0     0  425.33291    0 1974  433.02783  425.33291  1.78%     -  158s
     0     0  425.35664    0 1966  433.02783  425.35664  1.77%     -  161s
     0     0  425.45849    0 1966  433.02783  425.45849  1.75%     -  179s
     0     0  425.45850    0 1961  433.02783  425.45850  1.75%     -  186s
H    0     0                     433.0204950  425.45850  1.75%     -  264s
     0     2  425.46756    0 1891  433.02050  425.46756  1.74%     -  268s
     1     2 infeasible    1       433.02050  425.46756  1.74%  1373  273s
     3     4  427.47295    2 1606  433.02050  425.74765  1.68%  1171  282s
     9    10  431.63598    4 1539  433.02050  427.49769  1.28%   723  287s
    15    16  432.25344    5 1557  433.02050  427.68663  1.23%   847  290s

Cutting planes:
  Learned: 52
  Gomory: 14
  Cover: 113
  Implied bound: 217
  Projected implied bound: 110
  Clique: 10
  MIR: 653
  StrongCG: 2
  Flow cover: 2723
  GUB cover: 6
  Zero half: 19
  RLT: 1446
  Relax-and-lift: 121

Explored 41 nodes (79887 simplex iterations) in 296.21 seconds
Thread count was 32 (of 32 available processors)

Solution count 10: 433.02 433.028 433.029 ... 433.272

Optimal solution found (tolerance 1.00e-02)
Best objective 4.330204950416e+02, best bound 4.296288620913e+02, gap 0.7832%
