
Gurobi 9.1.0 (linux64) logging started Mon Aug  2 23:27:28 2021

Changed value of parameter LogFile to eab_parasitoid_0_0_0_area_street.log
   Prev:   Default: 
Changed value of parameter MIPGap to 0.01
   Prev: 0.0001  Min: 0.0  Max: inf  Default: 0.0001
Changed value of parameter Method to 2
   Prev: -1  Min: -1  Max: 5  Default: -1
Changed value of parameter MIPFocus to 2
   Prev: 0  Min: 0  Max: 3  Default: 0
Changed value of parameter RINS to 100
   Prev: -1  Min: -1  Max: 2000000000  Default: -1
Gurobi Optimizer version 9.1.0 build v9.1.0rc0 (linux64)
Thread count: 32 physical cores, 32 logical processors, using up to 32 threads
Optimize a model with 203386 rows, 134930 columns and 685029 nonzeros
Model fingerprint: 0xc7c0c40f
Variable types: 55774 continuous, 79156 integer (79156 binary)
Coefficient statistics:
  Matrix range     [2e-04, 1e+06]
  Objective range  [1e-06, 1e-01]
  Bounds range     [1e+00, 6e+03]
  RHS range        [1e-04, 1e+06]
Presolve removed 184023 rows and 117861 columns (presolve time = 5s) ...
Presolve removed 195888 rows and 128635 columns
Presolve time: 8.42s
Presolved: 7498 rows, 6295 columns, 111824 nonzeros
Variable types: 2656 continuous, 3639 integer (3639 binary)
Presolve removed 3 rows and 3 columns
Presolved: 7495 rows, 6292 columns, 111816 nonzeros

Root barrier log...

Ordering time: 0.18s

Barrier statistics:
 Dense cols : 130
 AA' NZ     : 4.775e+05
 Factor NZ  : 2.008e+06 (roughly 20 MBytes of memory)
 Factor Ops : 1.466e+09 (less than 1 second per iteration)
 Threads    : 31

                  Objective                Residual
Iter       Primal          Dual         Primal    Dual     Compl     Time
   0   1.75777295e+03 -7.00642456e+03  2.25e+04 1.30e-01  3.86e+01     9s
   1   1.38354515e+03 -8.14308746e+03  1.52e+04 2.18e-01  2.49e+01     9s
   2   6.60783439e+02 -7.93959430e+03  9.80e+02 1.25e-12  2.04e+00     9s
   3   5.81201399e+02 -3.85747634e+03  2.26e+02 1.27e-14  5.08e-01     9s
   4   5.40835881e+02 -9.52977424e+02  4.36e+01 1.87e-13  1.05e-01     9s
   5   5.27312485e+02 -8.11421984e+01  1.31e+01 9.10e-14  3.60e-02     9s
   6   5.21725570e+02  2.83860875e+02  4.41e+00 3.62e-14  1.32e-02     9s
   7   5.16356299e+02  4.46291899e+02  6.72e-01 8.10e-15  3.69e-03    10s
   8   5.13884373e+02  4.75802567e+02  1.87e-01 5.00e-15  1.97e-03    10s
   9   5.12454403e+02  4.99456886e+02  2.31e-03 2.03e-15  6.70e-04    10s
  10   5.10930400e+02  5.07200290e+02  6.52e-04 5.69e-16  1.90e-04    10s
  11   5.10481106e+02  5.08953941e+02  3.75e-04 2.66e-15  7.76e-05    10s
  12   5.10194102e+02  5.09372140e+02  2.12e-04 8.88e-16  4.17e-05    10s
  13   5.10008247e+02  5.09641409e+02  1.01e-04 5.33e-15  1.86e-05    11s
  14   5.09976263e+02  5.09664197e+02  8.30e-05 6.22e-15  1.58e-05    11s
  15   5.09898045e+02  5.09752598e+02  3.31e-05 2.66e-15  7.36e-06    11s
  16   5.09850024e+02  5.09820135e+02  4.12e-06 1.92e-16  1.51e-06    11s
  17   5.09843882e+02  5.09836932e+02  1.05e-06 4.44e-15  3.51e-07    12s
  18   5.09842388e+02  5.09840111e+02  3.49e-07 2.08e-16  1.15e-07    12s
  19   5.09841878e+02  5.09841210e+02  1.21e-07 7.11e-15  3.38e-08    12s
  20   5.09841670e+02  5.09841520e+02  3.11e-08 3.60e-16  7.58e-09    12s
  21   5.09841612e+02  5.09841571e+02  6.96e-09 8.88e-16  2.05e-09    12s
  22   5.09841597e+02  5.09841592e+02  1.05e-09 1.78e-15  2.63e-10    13s
  23   5.09841595e+02  5.09841595e+02  4.09e-13 1.66e-14  7.19e-12    13s

Barrier solved model in 23 iterations and 12.97 seconds
Optimal objective 5.09841595e+02


Root crossover log...

     649 DPushes remaining with DInf 0.0000000e+00                13s
       0 DPushes remaining with DInf 0.0000000e+00                13s

    2852 PPushes remaining with PInf 1.2106799e-06                13s
       0 PPushes remaining with PInf 0.0000000e+00                13s

  Push phase complete: Pinf 0.0000000e+00, Dinf 4.6950986e-05     13s


Root simplex log...

Iteration    Objective       Primal Inf.    Dual Inf.      Time
    3290    5.0984159e+02   0.000000e+00   4.695099e-05     13s
    3292    5.0984159e+02   0.000000e+00   0.000000e+00     13s
    3292    5.0984159e+02   0.000000e+00   0.000000e+00     13s

Root relaxation: objective 5.098416e+02, 3292 iterations, 4.68 seconds

    Nodes    |    Current Node    |     Objective Bounds      |     Work
 Expl Unexpl |  Obj  Depth IntInf | Incumbent    BestBd   Gap | It/Node Time

     0     0  509.84159    0 1601          -  509.84159      -     -   14s
     0     0  582.62722    0 1930          -  582.62722      -     -   26s
     0     0  583.29480    0 2076          -  583.29480      -     -   37s
     0     0  583.31605    0 2055          -  583.31605      -     -   39s
     0     0  583.31738    0 2061          -  583.31738      -     -   39s
     0     0  585.60080    0 2028          -  585.60080      -     -   60s
H    0     0                     605.4165828  585.60080  3.27%     -   64s
H    0     0                     605.4165755  585.60080  3.27%     -   64s
     0     0  585.80703    0 1920  605.41658  585.80703  3.24%     -   66s
     0     0  585.84969    0 1929  605.41658  585.84969  3.23%     -   72s
     0     0  585.85428    0 1941  605.41658  585.85428  3.23%     -   73s
     0     0  586.41705    0 1860  605.41658  586.41705  3.14%     -   90s
H    0     0                     604.5784839  586.41705  3.00%     -   92s
H    0     0                     602.0225075  586.41705  2.59%     -   93s
     0     0  586.54672    0 1861  602.02251  586.54672  2.57%     -   93s
H    0     0                     602.0220133  586.54672  2.57%     -   94s
     0     0  586.56073    0 1842  602.02201  586.56073  2.57%     -   94s
H    0     0                     601.7469531  586.56073  2.52%     -  101s
H    0     0                     601.3402240  586.56073  2.46%     -  122s
H    0     0                     601.2138873  586.56073  2.44%     -  122s
     0     0  586.70546    0 1793  601.21389  586.70546  2.41%     -  122s
     0     0  586.70546    0 1791  601.21389  586.70546  2.41%     -  124s
H    0     0                     598.8522430  586.70546  2.03%     -  260s
     0     2  586.70546    0 1791  598.85224  586.70546  2.03%     -  268s
     1     4  593.35973    1 1790  598.85224  586.70546  2.03%  1860  276s
     3     8  598.40880    2 1792  598.85224  587.17594  1.95%  1609  296s
     7    10     cutoff    3       598.85224  589.10561  1.63%  1681  314s
    15    12  590.54446    4 1651  598.85224  589.32002  1.59%  1344  379s
    25    20  593.01633    5 1597  598.85224  590.54446  1.39%  2009  423s
H   37    30                     598.8522242  591.47088  1.23%  1645  489s
H   38    30                     598.8519637  591.47088  1.23%  1624  489s
H   40    30                     598.8519579  591.47088  1.23%  1595  489s
    57    52     cutoff    7       598.85196  591.72765  1.19%  1470  536s
    87    84  592.24444    8 1612  598.85196  592.15896  1.12%  1315  568s
   119   104  592.97932    9 1579  598.85196  592.24464  1.10%  1186  588s
H  151   126                     598.7481182  592.24464  1.09%  1073  614s
H  153   126                     598.7432036  592.24464  1.09%  1061  614s
H  158   126                     598.7085358  592.24464  1.08%  1038  614s
H  170   126                     598.7019667  592.24464  1.08%   988  614s
H  172   126                     598.6987789  592.24464  1.08%   979  614s
   183   148  593.51042   11 1552  598.69878  592.24464  1.08%   952  648s
H  192   148                     598.6987787  592.24464  1.08%   921  648s
H  199   148                     598.6987786  592.24464  1.08%   904  648s
   217   199  593.76581   12 1563  598.69878  592.24464  1.08%   847  665s
   274   240  594.62107   14 1505  598.69878  592.24464  1.08%   726  677s
   322   281  594.85740   16 1507  598.69878  592.24464  1.08%   675  688s
   377   324  594.94830   18 1481  598.69878  592.24464  1.08%   615  700s
   443   373  595.17098   20 1485  598.69878  592.24464  1.08%   551  717s
   509   422  595.69600   23 1483  598.69878  592.24464  1.08%   510  749s
   587   466  595.94593   25 1493  598.69878  592.24464  1.08%   473  781s
   659   501  596.21259   28 1482  598.69878  592.24464  1.08%   449  801s
   714   532  596.68660   30 1475  598.69878  592.24464  1.08%   441  832s
   765   563  596.71204   31 1471  598.69878  592.24464  1.08%   435  853s
   824   626  597.01190   33 1444  598.69878  592.24464  1.08%   427  875s
   915   663  597.45700   35 1434  598.69878  592.24464  1.08%   408  913s
   966   738  597.46912   36 1434  598.69878  592.24464  1.08%   401  957s
  1075   825  597.63296   38 1420  598.69878  592.24464  1.08%   381  978s
  1190   927  598.06128   42 1386  598.69878  592.24464  1.08%   361 1011s
  1304  1048  598.15673   50 1358  598.69878  592.24464  1.08%   346 1054s
  1450  1154  598.36526   59 1330  598.69878  592.24464  1.08%   327 1086s
  1604  1274  598.40683   69 1312  598.69878  592.24464  1.08%   312 1108s
  1758  1325  598.43308   70 1311  598.69878  592.24464  1.08%   298 1144s
  1840  1431     cutoff   71       598.69878  592.24464  1.08%   296 1180s
  1976  1560  598.44483   69 1317  598.69878  592.24464  1.08%   290 1200s
  2153  1679  598.47162   70 1316  598.69878  592.24464  1.08%   279 1224s
  2320  1804  597.45824   29 1468  598.69878  592.24464  1.08%   272 1243s
  2486  1930  597.75061   33 1446  598.69878  592.24464  1.08%   265 1386s
H 2509  1899                     598.6465847  592.24464  1.07%   263 1386s
H 2642  1899                     598.6450039  592.24464  1.07%   259 1386s
  2667  2018  598.32499   39 1419  598.64500  592.24464  1.07%   258 1413s
  2854  2131  598.55735   55 1375  598.64500  592.62364  1.01%   254 1474s
H 3053  2076                     598.5844040  592.62364  1.00%   249 2375s
  3054  2070  597.97904   96 1791  598.58440  592.62364  1.00%   248 2529s

Explored 3054 nodes (783558 simplex iterations) in 2529.79 seconds
Thread count was 32 (of 32 available processors)

Solution count 10: 598.584 598.584 598.645 ... 598.852

Optimal solution found (tolerance 1.00e-02)
Best objective 5.985844039595e+02, best bound 5.926236440532e+02, gap 0.9958%

Gurobi 9.1.0 (linux64) logging started Wed Aug  4 13:14:14 2021

Changed value of parameter LogFile to eab_parasitoid_0_0_0_area_street.log
   Prev:   Default: 
Changed value of parameter MIPGap to 0.01
   Prev: 0.0001  Min: 0.0  Max: inf  Default: 0.0001
Changed value of parameter Method to 2
   Prev: -1  Min: -1  Max: 5  Default: -1
Changed value of parameter MIPFocus to 2
   Prev: 0  Min: 0  Max: 3  Default: 0
Changed value of parameter RINS to 100
   Prev: -1  Min: -1  Max: 2000000000  Default: -1
Gurobi Optimizer version 9.1.0 build v9.1.0rc0 (linux64)
Thread count: 32 physical cores, 32 logical processors, using up to 32 threads
Optimize a model with 203386 rows, 134930 columns and 685029 nonzeros
Model fingerprint: 0xc7c0c40f
Variable types: 55774 continuous, 79156 integer (79156 binary)
Coefficient statistics:
  Matrix range     [2e-04, 1e+06]
  Objective range  [1e-06, 1e-01]
  Bounds range     [1e+00, 6e+03]
  RHS range        [1e-04, 1e+06]
Presolve removed 195798 rows and 128570 columns (presolve time = 5s) ...
Presolve removed 195888 rows and 128635 columns
Presolve time: 5.89s
Presolved: 7498 rows, 6295 columns, 111824 nonzeros
Variable types: 2656 continuous, 3639 integer (3639 binary)
Presolve removed 3 rows and 3 columns
Presolved: 7495 rows, 6292 columns, 111816 nonzeros

Root barrier log...

Ordering time: 0.20s

Barrier statistics:
 Dense cols : 130
 AA' NZ     : 4.775e+05
 Factor NZ  : 2.008e+06 (roughly 20 MBytes of memory)
 Factor Ops : 1.466e+09 (less than 1 second per iteration)
 Threads    : 31

                  Objective                Residual
Iter       Primal          Dual         Primal    Dual     Compl     Time
   0   1.75777295e+03 -7.00642456e+03  2.25e+04 1.30e-01  3.86e+01     7s
   1   1.38354515e+03 -8.14308746e+03  1.52e+04 2.18e-01  2.49e+01     7s
   2   6.60783439e+02 -7.93959430e+03  9.80e+02 1.25e-12  2.04e+00     7s
   3   5.81201399e+02 -3.85747634e+03  2.26e+02 1.27e-14  5.08e-01     7s
   4   5.40835881e+02 -9.52977424e+02  4.36e+01 1.87e-13  1.05e-01     7s
   5   5.27312485e+02 -8.11421984e+01  1.31e+01 9.10e-14  3.60e-02     7s
   6   5.21725570e+02  2.83860875e+02  4.41e+00 3.62e-14  1.32e-02     8s
   7   5.16356299e+02  4.46291899e+02  6.72e-01 8.10e-15  3.69e-03     8s
   8   5.13884373e+02  4.75802567e+02  1.87e-01 5.00e-15  1.97e-03     8s
   9   5.12454403e+02  4.99456886e+02  2.31e-03 2.03e-15  6.70e-04     8s
  10   5.10930400e+02  5.07200290e+02  6.52e-04 5.69e-16  1.90e-04     8s
  11   5.10481106e+02  5.08953941e+02  3.75e-04 2.66e-15  7.76e-05     8s
  12   5.10194102e+02  5.09372140e+02  2.12e-04 8.88e-16  4.17e-05     9s
  13   5.10008247e+02  5.09641409e+02  1.01e-04 5.33e-15  1.86e-05     9s
  14   5.09976263e+02  5.09664197e+02  8.30e-05 6.22e-15  1.58e-05     9s
  15   5.09898045e+02  5.09752598e+02  3.31e-05 2.66e-15  7.36e-06     9s
  16   5.09850024e+02  5.09820135e+02  4.12e-06 1.92e-16  1.51e-06     9s
  17   5.09843882e+02  5.09836932e+02  1.05e-06 4.44e-15  3.51e-07     9s
  18   5.09842388e+02  5.09840111e+02  3.49e-07 2.08e-16  1.15e-07    10s
  19   5.09841878e+02  5.09841210e+02  1.21e-07 7.11e-15  3.38e-08    10s
  20   5.09841670e+02  5.09841520e+02  3.11e-08 3.60e-16  7.58e-09    10s
  21   5.09841612e+02  5.09841571e+02  6.96e-09 8.88e-16  2.05e-09    10s
  22   5.09841597e+02  5.09841592e+02  1.05e-09 1.78e-15  2.63e-10    10s
  23   5.09841595e+02  5.09841595e+02  4.09e-13 1.66e-14  7.19e-12    11s

Barrier solved model in 23 iterations and 10.52 seconds
Optimal objective 5.09841595e+02


Root crossover log...

     649 DPushes remaining with DInf 0.0000000e+00                11s
       0 DPushes remaining with DInf 0.0000000e+00                11s

    2852 PPushes remaining with PInf 1.2106799e-06                11s
       0 PPushes remaining with PInf 0.0000000e+00                11s

  Push phase complete: Pinf 0.0000000e+00, Dinf 4.6950986e-05     11s


Root simplex log...

Iteration    Objective       Primal Inf.    Dual Inf.      Time
    3290    5.0984159e+02   0.000000e+00   4.695099e-05     11s
    3292    5.0984159e+02   0.000000e+00   0.000000e+00     11s
    3292    5.0984159e+02   0.000000e+00   0.000000e+00     11s

Root relaxation: objective 5.098416e+02, 3292 iterations, 4.64 seconds

    Nodes    |    Current Node    |     Objective Bounds      |     Work
 Expl Unexpl |  Obj  Depth IntInf | Incumbent    BestBd   Gap | It/Node Time

     0     0  509.84159    0 1601          -  509.84159      -     -   13s
     0     0  582.62722    0 1930          -  582.62722      -     -   19s
     0     0  583.29480    0 2076          -  583.29480      -     -   26s
     0     0  583.31605    0 2055          -  583.31605      -     -   27s
     0     0  583.31738    0 2061          -  583.31738      -     -   27s
     0     0  585.60080    0 2028          -  585.60080      -     -   35s
H    0     0                     605.4165828  585.60080  3.27%     -   36s
H    0     0                     605.4165755  585.60080  3.27%     -   36s
     0     0  585.80703    0 1920  605.41658  585.80703  3.24%     -   39s
     0     0  585.84969    0 1929  605.41658  585.84969  3.23%     -   42s
     0     0  585.85428    0 1941  605.41658  585.85428  3.23%     -   43s
     0     0  586.41705    0 1860  605.41658  586.41705  3.14%     -   53s
H    0     0                     604.5784839  586.41705  3.00%     -   55s
H    0     0                     602.0225075  586.41705  2.59%     -   59s
     0     0  586.54672    0 1861  602.02251  586.54672  2.57%     -   60s
H    0     0                     602.0220133  586.54672  2.57%     -   65s
     0     0  586.56073    0 1842  602.02201  586.56073  2.57%     -   65s
H    0     0                     601.7469531  586.56073  2.52%     -   71s
H    0     0                     601.3402240  586.56073  2.46%     -  109s
H    0     0                     601.2138873  586.56073  2.44%     -  109s
     0     0  586.70546    0 1793  601.21389  586.70546  2.41%     -  110s
     0     0  586.70546    0 1791  601.21389  586.70546  2.41%     -  118s
H    0     0                     598.8522430  586.70546  2.03%     -  243s
     0     2  586.70546    0 1791  598.85224  586.70546  2.03%     -  248s
     1     4  593.35973    1 1790  598.85224  586.70546  2.03%  1860  254s
     3     8  598.40880    2 1792  598.85224  587.17594  1.95%  1609  284s
     7    10     cutoff    3       598.85224  589.10561  1.63%  1681  296s
    15    12  590.54446    4 1651  598.85224  589.32002  1.59%  1344  331s
    25    20  593.01633    5 1597  598.85224  590.54446  1.39%  2009  371s
H   37    30                     598.8522242  591.47088  1.23%  1645  397s
H   38    30                     598.8519637  591.47088  1.23%  1624  397s
H   40    30                     598.8519579  591.47088  1.23%  1595  397s
    57    52     cutoff    7       598.85196  591.72765  1.19%  1470  416s
    87    84  592.24444    8 1612  598.85196  592.15896  1.12%  1315  425s
   119   104  592.97932    9 1579  598.85196  592.24464  1.10%  1186  431s
H  151   126                     598.7481182  592.24464  1.09%  1073  442s
H  153   126                     598.7432036  592.24464  1.09%  1061  442s
H  158   126                     598.7085358  592.24464  1.08%  1038  442s
H  170   126                     598.7019667  592.24464  1.08%   988  442s
H  172   126                     598.6987789  592.24464  1.08%   979  442s
   183   148  593.51042   11 1552  598.69878  592.24464  1.08%   952  451s
H  192   148                     598.6987787  592.24464  1.08%   921  451s
H  199   148                     598.6987786  592.24464  1.08%   904  451s
   217   199  593.76581   12 1563  598.69878  592.24464  1.08%   847  456s
   274   240  594.62107   14 1505  598.69878  592.24464  1.08%   726  460s
   377   324  594.94830   18 1481  598.69878  592.24464  1.08%   615  468s
   443   373  595.17098   20 1485  598.69878  592.24464  1.08%   551  471s
   509   422  595.69600   23 1483  598.69878  592.24464  1.08%   510  477s
   587   466  595.94593   25 1493  598.69878  592.24464  1.08%   473  482s
   659   501  596.21259   28 1482  598.69878  592.24464  1.08%   449  485s
   714   532  596.68660   30 1475  598.69878  592.24464  1.08%   441  490s
   824   626  597.01190   33 1444  598.69878  592.24464  1.08%   427  502s
   915   663  597.45700   35 1434  598.69878  592.24464  1.08%   408  517s
   966   738  597.46912   36 1434  598.69878  592.24464  1.08%   401  531s
  1075   825  597.63296   38 1420  598.69878  592.24464  1.08%   381  549s
  1190   927  598.06128   42 1386  598.69878  592.24464  1.08%   361  575s
  1304  1048  598.15673   50 1358  598.69878  592.24464  1.08%   346  603s
  1450  1154  598.36526   59 1330  598.69878  592.24464  1.08%   327  627s
  1604  1274  598.40683   69 1312  598.69878  592.24464  1.08%   312  650s
  1758  1325  598.43308   70 1311  598.69878  592.24464  1.08%   298  681s
  1840  1431     cutoff   71       598.69878  592.24464  1.08%   296  708s
  1976  1560  598.44483   69 1317  598.69878  592.24464  1.08%   290  734s
  2153  1679  598.47162   70 1316  598.69878  592.24464  1.08%   279  752s
  2320  1804  597.45824   29 1468  598.69878  592.24464  1.08%   272  775s
  2486  1930  597.75061   33 1446  598.69878  592.24464  1.08%   265  901s
H 2509  1899                     598.6465847  592.24464  1.07%   263  901s
H 2642  1899                     598.6450039  592.24464  1.07%   259  901s
  2667  2018  598.32499   39 1419  598.64500  592.24464  1.07%   258  928s
  2854  2131  598.55735   55 1375  598.64500  592.62364  1.01%   254  956s
H 3053  2076                     598.5844040  592.62364  1.00%   249 1260s
  3054  2070  597.97904   96 1791  598.58440  592.62364  1.00%   248 1268s

Explored 3054 nodes (783558 simplex iterations) in 1268.63 seconds
Thread count was 32 (of 32 available processors)

Solution count 10: 598.584 598.584 598.645 ... 598.852

Optimal solution found (tolerance 1.00e-02)
Best objective 5.985844039595e+02, best bound 5.926236440532e+02, gap 0.9958%

Gurobi 9.1.0 (linux64) logging started Wed Aug  4 15:14:36 2021

Changed value of parameter LogFile to eab_parasitoid_0_0_0_area_street.log
   Prev:   Default: 
Changed value of parameter MIPGap to 0.01
   Prev: 0.0001  Min: 0.0  Max: inf  Default: 0.0001
Changed value of parameter Method to 2
   Prev: -1  Min: -1  Max: 5  Default: -1
Changed value of parameter MIPFocus to 2
   Prev: 0  Min: 0  Max: 3  Default: 0
Changed value of parameter RINS to 100
   Prev: -1  Min: -1  Max: 2000000000  Default: -1
Gurobi Optimizer version 9.1.0 build v9.1.0rc0 (linux64)
Thread count: 32 physical cores, 32 logical processors, using up to 32 threads
Optimize a model with 203386 rows, 134930 columns and 685029 nonzeros
Model fingerprint: 0xc7c0c40f
Variable types: 55774 continuous, 79156 integer (79156 binary)
Coefficient statistics:
  Matrix range     [2e-04, 1e+06]
  Objective range  [1e-06, 1e-01]
  Bounds range     [1e+00, 6e+03]
  RHS range        [1e-04, 1e+06]
Presolve removed 177905 rows and 113421 columns (presolve time = 5s) ...
Presolve removed 185005 rows and 118639 columns (presolve time = 10s) ...
Presolve removed 192434 rows and 125836 columns (presolve time = 16s) ...
Presolve removed 194509 rows and 127247 columns (presolve time = 20s) ...
Presolve removed 195719 rows and 128521 columns (presolve time = 25s) ...
Presolve removed 195845 rows and 128610 columns (presolve time = 30s) ...
Presolve removed 195888 rows and 128635 columns
Presolve time: 32.51s
Presolved: 7498 rows, 6295 columns, 111824 nonzeros
Variable types: 2656 continuous, 3639 integer (3639 binary)
Presolve removed 3 rows and 3 columns
Presolved: 7495 rows, 6292 columns, 111816 nonzeros

Root barrier log...

Ordering time: 1.01s

Barrier statistics:
 Dense cols : 130
 AA' NZ     : 4.775e+05
 Factor NZ  : 2.008e+06 (roughly 20 MBytes of memory)
 Factor Ops : 1.466e+09 (less than 1 second per iteration)
 Threads    : 31

                  Objective                Residual
Iter       Primal          Dual         Primal    Dual     Compl     Time
   0   1.75777295e+03 -7.00642456e+03  2.25e+04 1.30e-01  3.86e+01    36s
   1   1.38354515e+03 -8.14308746e+03  1.52e+04 2.18e-01  2.49e+01    37s
   2   6.60783439e+02 -7.93959430e+03  9.80e+02 1.25e-12  2.04e+00    37s
   3   5.81201399e+02 -3.85747634e+03  2.26e+02 1.27e-14  5.08e-01    37s
   4   5.40835881e+02 -9.52977424e+02  4.36e+01 1.87e-13  1.05e-01    37s
   5   5.27312485e+02 -8.11421984e+01  1.31e+01 9.10e-14  3.60e-02    37s
   6   5.21725570e+02  2.83860875e+02  4.41e+00 3.62e-14  1.32e-02    38s
   7   5.16356299e+02  4.46291899e+02  6.72e-01 8.10e-15  3.69e-03    38s
   8   5.13884373e+02  4.75802567e+02  1.87e-01 5.00e-15  1.97e-03    38s
   9   5.12454403e+02  4.99456886e+02  2.31e-03 2.03e-15  6.70e-04    38s
  10   5.10930400e+02  5.07200290e+02  6.52e-04 5.69e-16  1.90e-04    38s
  11   5.10481106e+02  5.08953941e+02  3.75e-04 2.66e-15  7.76e-05    38s
  12   5.10194102e+02  5.09372140e+02  2.12e-04 8.88e-16  4.17e-05    39s
  13   5.10008247e+02  5.09641409e+02  1.01e-04 5.33e-15  1.86e-05    39s
  14   5.09976263e+02  5.09664197e+02  8.30e-05 6.22e-15  1.58e-05    39s
  15   5.09898045e+02  5.09752598e+02  3.31e-05 2.66e-15  7.36e-06    39s
  16   5.09850024e+02  5.09820135e+02  4.12e-06 1.92e-16  1.51e-06    39s
  17   5.09843882e+02  5.09836932e+02  1.05e-06 4.44e-15  3.51e-07    39s
  18   5.09842388e+02  5.09840111e+02  3.49e-07 2.08e-16  1.15e-07    39s
  19   5.09841878e+02  5.09841210e+02  1.21e-07 7.11e-15  3.38e-08    40s
  20   5.09841670e+02  5.09841520e+02  3.11e-08 3.60e-16  7.58e-09    40s
  21   5.09841612e+02  5.09841571e+02  6.96e-09 8.88e-16  2.05e-09    40s
  22   5.09841597e+02  5.09841592e+02  1.05e-09 1.78e-15  2.63e-10    40s
  23   5.09841595e+02  5.09841595e+02  4.09e-13 1.66e-14  7.19e-12    40s

Barrier solved model in 23 iterations and 40.18 seconds
Optimal objective 5.09841595e+02


Root crossover log...

     649 DPushes remaining with DInf 0.0000000e+00                40s
       0 DPushes remaining with DInf 0.0000000e+00                40s

    2852 PPushes remaining with PInf 1.2106799e-06                40s
       0 PPushes remaining with PInf 0.0000000e+00                41s

  Push phase complete: Pinf 0.0000000e+00, Dinf 4.6950986e-05     41s


Root simplex log...

Iteration    Objective       Primal Inf.    Dual Inf.      Time
    3290    5.0984159e+02   0.000000e+00   4.695099e-05     41s
    3292    5.0984159e+02   0.000000e+00   0.000000e+00     41s
    3292    5.0984159e+02   0.000000e+00   0.000000e+00     41s

Root relaxation: objective 5.098416e+02, 3292 iterations, 7.26 seconds

    Nodes    |    Current Node    |     Objective Bounds      |     Work
 Expl Unexpl |  Obj  Depth IntInf | Incumbent    BestBd   Gap | It/Node Time

     0     0  509.84159    0 1601          -  509.84159      -     -   43s
     0     0  582.62722    0 1930          -  582.62722      -     -   60s
     0     0  583.29480    0 2076          -  583.29480      -     -   88s
     0     0  583.31605    0 2055          -  583.31605      -     -   93s
     0     0  583.31738    0 2061          -  583.31738      -     -   94s
     0     0  585.60080    0 2028          -  585.60080      -     -  125s
H    0     0                     605.4165828  585.60080  3.27%     -  130s
H    0     0                     605.4165755  585.60080  3.27%     -  130s
     0     0  585.80703    0 1920  605.41658  585.80703  3.24%     -  143s
     0     0  585.84969    0 1929  605.41658  585.84969  3.23%     -  149s
     0     0  585.85428    0 1941  605.41658  585.85428  3.23%     -  150s
     0     0  586.41705    0 1860  605.41658  586.41705  3.14%     -  164s
H    0     0                     604.5784839  586.41705  3.00%     -  167s
H    0     0                     602.0225075  586.41705  2.59%     -  176s
     0     0  586.54672    0 1861  602.02251  586.54672  2.57%     -  176s
H    0     0                     602.0220133  586.54672  2.57%     -  182s
     0     0  586.56073    0 1842  602.02201  586.56073  2.57%     -  182s
H    0     0                     601.7469531  586.56073  2.52%     -  187s
H    0     0                     601.3402240  586.56073  2.46%     -  201s
H    0     0                     601.2138873  586.56073  2.44%     -  201s
     0     0  586.70546    0 1793  601.21389  586.70546  2.41%     -  202s
     0     0  586.70546    0 1791  601.21389  586.70546  2.41%     -  206s
H    0     0                     598.8522430  586.70546  2.03%     -  306s
     0     2  586.70546    0 1791  598.85224  586.70546  2.03%     -  311s
     1     4  593.35973    1 1790  598.85224  586.70546  2.03%  1860  316s
     3     8  598.40880    2 1792  598.85224  587.17594  1.95%  1609  340s
     7    10     cutoff    3       598.85224  589.10561  1.63%  1681  349s
    15    12  590.54446    4 1651  598.85224  589.32002  1.59%  1344  377s
    25    20  593.01633    5 1597  598.85224  590.54446  1.39%  2009  414s
H   37    30                     598.8522242  591.47088  1.23%  1645  469s
H   38    30                     598.8519637  591.47088  1.23%  1624  469s
H   40    30                     598.8519579  591.47088  1.23%  1595  469s
    57    52     cutoff    7       598.85196  591.72765  1.19%  1470  495s
    87    84  592.24444    8 1612  598.85196  592.15896  1.12%  1315  507s
   119   104  592.97932    9 1579  598.85196  592.24464  1.10%  1186  523s
H  151   126                     598.7481182  592.24464  1.09%  1073  548s
H  153   126                     598.7432036  592.24464  1.09%  1061  548s
H  158   126                     598.7085358  592.24464  1.08%  1038  548s
H  170   126                     598.7019667  592.24464  1.08%   988  548s
H  172   126                     598.6987789  592.24464  1.08%   979  548s
   183   148  593.51042   11 1552  598.69878  592.24464  1.08%   952  563s
H  192   148                     598.6987787  592.24464  1.08%   921  563s
H  199   148                     598.6987786  592.24464  1.08%   904  563s
   217   199  593.76581   12 1563  598.69878  592.24464  1.08%   847  572s
   274   240  594.62107   14 1505  598.69878  592.24464  1.08%   726  586s
   322   281  594.85740   16 1507  598.69878  592.24464  1.08%   675  595s
   377   324  594.94830   18 1481  598.69878  592.24464  1.08%   615  600s
   443   373  595.17098   20 1485  598.69878  592.24464  1.08%   551  609s
   509   422  595.69600   23 1483  598.69878  592.24464  1.08%   510  621s
   587   466  595.94593   25 1493  598.69878  592.24464  1.08%   473  633s
   659   501  596.21259   28 1482  598.69878  592.24464  1.08%   449  644s
   714   532  596.68660   30 1475  598.69878  592.24464  1.08%   441  657s
   765   563  596.71204   31 1471  598.69878  592.24464  1.08%   435  677s
   824   626  597.01190   33 1444  598.69878  592.24464  1.08%   427  691s
   915   663  597.45700   35 1434  598.69878  592.24464  1.08%   408  705s
   966   738  597.46912   36 1434  598.69878  592.24464  1.08%   401  723s
  1075   825  597.63296   38 1420  598.69878  592.24464  1.08%   381  750s
  1190   927  598.06128   42 1386  598.69878  592.24464  1.08%   361  786s
  1304  1048  598.15673   50 1358  598.69878  592.24464  1.08%   346  821s
  1450  1154  598.36526   59 1330  598.69878  592.24464  1.08%   327  848s
  1604  1274  598.40683   69 1312  598.69878  592.24464  1.08%   312  867s
  1758  1325  598.43308   70 1311  598.69878  592.24464  1.08%   298  882s
  1840  1431     cutoff   71       598.69878  592.24464  1.08%   296  904s
  1976  1560  598.44483   69 1317  598.69878  592.24464  1.08%   290  921s
  2153  1679  598.47162   70 1316  598.69878  592.24464  1.08%   279  943s
  2320  1804  597.45824   29 1468  598.69878  592.24464  1.08%   272  963s
  2486  1930  597.75061   33 1446  598.69878  592.24464  1.08%   265 1053s
H 2509  1899                     598.6465847  592.24464  1.07%   263 1053s
H 2642  1899                     598.6450039  592.24464  1.07%   259 1053s
  2667  2018  598.32499   39 1419  598.64500  592.24464  1.07%   258 1067s
  2854  2131  598.55735   55 1375  598.64500  592.62364  1.01%   254 1079s
  2966  2131 infeasible   41       598.64500  592.62364  1.01%   253 1080s
H 3053  2076                     598.5844040  592.62364  1.00%   249 1313s
  3054  2070  597.97904   96 1791  598.58440  592.62364  1.00%   248 1337s

Explored 3054 nodes (783558 simplex iterations) in 1337.52 seconds
Thread count was 32 (of 32 available processors)

Solution count 10: 598.584 598.584 598.645 ... 598.852

Optimal solution found (tolerance 1.00e-02)
Best objective 5.985844039595e+02, best bound 5.926236440532e+02, gap 0.9958%
