
Gurobi 9.1.0 (linux64) logging started Thu Dec 30 17:53:31 2021

Changed value of parameter LogFile to eab_parasitoid_0.8_2_1_bud.log
   Prev:   Default: 
Changed value of parameter MIPGap to 0.01
   Prev: 0.0001  Min: 0.0  Max: inf  Default: 0.0001
Changed value of parameter MIPFocus to 1
   Prev: 0  Min: 0  Max: 3  Default: 0
Changed value of parameter RINS to 100
   Prev: -1  Min: -1  Max: 2000000000  Default: -1
Changed value of parameter TimeLimit to 28800.0
   Prev: inf  Min: 0.0  Max: inf  Default: inf
Changed value of parameter NodeFileStart to 10000.0
   Prev: inf  Min: 0.0  Max: inf  Default: inf
Changed value of parameter Threads to 4
   Prev: 0  Min: 0  Max: 1024  Default: 0
Changed value of parameter Heuristics to 1.0
   Prev: 0.05  Min: 0.0  Max: 1.0  Default: 0.05
Gurobi Optimizer version 9.1.0 build v9.1.0rc0 (linux64)
Thread count: 32 physical cores, 32 logical processors, using up to 4 threads
Optimize a model with 381543 rows, 174513 columns and 1305866 nonzeros
Model fingerprint: 0x9aa6b361
Variable types: 77367 continuous, 97146 integer (97146 binary)
Coefficient statistics:
  Matrix range     [1e-04, 6e+03]
  Objective range  [1e-06, 1e-01]
  Bounds range     [1e+00, 6e+03]
  RHS range        [1e-04, 7e+03]

User MIP start produced solution with objective 666.766 (5.97s)
User MIP start produced solution with objective 666.743 (6.09s)
User MIP start produced solution with objective 665.905 (6.45s)
User MIP start produced solution with objective 665.632 (6.82s)
Loaded user MIP start with objective 665.632
Processed MIP start in 6.84 seconds

Presolve removed 223109 rows and 79644 columns (presolve time = 5s) ...
Presolve removed 258085 rows and 103430 columns
Presolve time: 7.22s
Presolved: 123458 rows, 71083 columns, 632792 nonzeros
Variable types: 32524 continuous, 38559 integer (38559 binary)

Deterministic concurrent LP optimizer: primal and dual simplex (primal and dual model)
Showing first log only...

Presolve removed 110 rows and 92 columns
Presolved: 123348 rows, 70991 columns, 632521 nonzeros


Root simplex log...

Iteration    Objective       Primal Inf.    Dual Inf.      Time
       0    1.0607460e+02   2.691810e+02   1.922978e+09     15s
    6400    9.5278220e+01   0.000000e+00   1.432144e+02     15s
Concurrent spin time: 0.05s

Solved with dual simplex (primal model)

Root relaxation: objective 9.409485e+01, 5595 iterations, 0.89 seconds

    Nodes    |    Current Node    |     Objective Bounds      |     Work
 Expl Unexpl |  Obj  Depth IntInf | Incumbent    BestBd   Gap | It/Node Time

     0     0   94.09485    0 1100  665.63195   94.09485  85.9%     -   18s
     0     0   95.06997    0 1848  665.63195   95.06997  85.7%     -   24s
     0     0   95.29318    0 1953  665.63195   95.29318  85.7%     -   27s
     0     0   95.66091    0 2396  665.63195   95.66091  85.6%     -   32s
     0     0   95.66807    0 2492  665.63195   95.66807  85.6%     -   35s
     0     0   95.66935    0 2492  665.63195   95.66935  85.6%     -   35s
     0     0   95.66942    0 2501  665.63195   95.66942  85.6%     -   36s
     0     0   96.20123    0 2308  665.63195   96.20123  85.5%     -   43s
     0     0   96.34491    0 2418  665.63195   96.34491  85.5%     -   46s
     0     0   96.34682    0 2446  665.63195   96.34682  85.5%     -   47s
     0     0   96.34843    0 2450  665.63195   96.34843  85.5%     -   47s
     0     0   96.34846    0 2455  665.63195   96.34846  85.5%     -   47s
     0     0   96.89466    0 2420  665.63195   96.89466  85.4%     -   53s
     0     0   96.93394    0 2405  665.63195   96.93394  85.4%     -   56s
     0     0   96.94359    0 2400  665.63195   96.94359  85.4%     -   57s
     0     0   96.94383    0 2399  665.63195   96.94383  85.4%     -   57s
     0     0   96.94977    0 2296  665.63195   96.94977  85.4%     -   60s
H    0     0                     558.8288646   96.94977  82.7%     -   68s
H    0     0                     479.5470012   96.94977  79.8%     -  160s
H    0     0                     479.0180516   96.94977  79.8%     -  160s
     0     2   96.94977    0 2296  479.01805   96.94977  79.8%     -  167s
     3     8  128.72295    2 2391  479.01805   96.97525  79.8%  1970  170s
    15    20  132.42062    5 2268  479.01805   96.97763  79.8%   911  177s
H   19    24                     454.7726221   96.97763  78.7%   787  181s
H   28    33                     454.7588683   96.97763  78.7%   712  187s
H   30    33                     454.5586273   96.97763  78.7%   685  187s
    38    44  132.57441   11 2089  454.55863   96.97763  78.7%   647  192s
    43    51  132.59271   12 2068  454.55863   96.97763  78.7%   593  217s
    50    60  132.64498   15 2057  454.55863   96.97763  78.7%   561  220s
H   59    64                     454.5586272   96.97763  78.7%   509  228s
H   60    64                     423.4377527   96.97763  77.1%   503  228s
    63    68  132.69709   19 2067  423.43775   96.97763  77.1%   496  278s
    67    82  132.70073   20 2043  423.43775   96.97763  77.1%   472  282s
H   81    87                     423.4372813   96.97763  77.1%   405  286s
H   82    87                     423.4346816   96.97763  77.1%   401  286s
H   84    87                     420.4254839   96.97763  76.9%   394  286s
    93   103  132.78225   26 2003  420.42548   96.97763  76.9%   370  293s
   102   107  132.79011   28 1965  420.42548   96.97763  76.9%   367  297s
H  106   111                     308.8706807   96.97763  68.6%   364  303s
   110   128  132.82751   30 1964  308.87068   96.97763  68.6%   352  307s
   133   132  133.53784   35 2142  308.87068   96.97763  68.6%   335  312s
   137   142  133.54340   36 2141  308.87068   96.97763  68.6%   344  316s
H  144   142                     307.0347966   96.97763  68.4%   331  316s
H  146   142                     236.5762315   96.97763  59.0%   327  316s
H  153   174                     236.4549643   96.97763  59.0%   317  318s
H  161   174                     236.4389893   96.97763  59.0%   303  318s
   179   206  133.64327   50 2064  236.43899   96.97763  59.0%   276  321s
H  188   206                     225.5231409   96.97763  57.0%   263  321s
H  211   210                     225.5063610   96.97763  57.0%   238  326s
H  212   210                     224.6272514   96.97763  56.8%   237  326s
H  213   210                     224.5148107   96.97763  56.8%   236  326s
H  214   210                     224.3288151   96.97763  56.8%   235  326s
H  254   221                     224.3050085   96.97763  56.8%   205  335s
H  254   221                     224.1644583   96.97763  56.7%   205  335s
H  256   221                     223.7792088   96.97763  56.7%   204  335s
H  257   221                     222.8211873   96.97763  56.5%   203  335s
H  310   221                     136.6381226   96.97763  29.0%   172  343s
H  311   221                     101.4300237   96.97763  4.39%   172  343s
   314   208     cutoff   85       101.43002   97.49043  3.88%   171  347s
   332   217   99.31893   80 1810  101.43002   97.60644  3.77%   184  350s
H  345   219                     100.7626772   97.60644  3.13%   194  369s
H  347   219                     100.7212754   97.60644  3.09%   200  369s
   349   224 infeasible   83       100.72128   97.60644  3.09%   214  371s
   363   229     cutoff   82       100.72128   97.92907  2.77%   227  375s
H  377   226                     100.7181844   97.92907  2.77%   238  384s
H  378   226                     100.7052652   97.92907  2.76%   239  384s
   381   239   98.05092   13 2199  100.70527   97.92907  2.76%   238  388s
   395   246   98.07623   15 2117  100.70527   97.92907  2.76%   238  403s
H  403   246                     100.6740704   97.92907  2.73%   236  403s
H  409   246                     100.6696313   97.92907  2.72%   234  403s
H  415   246                     100.6312864   97.92907  2.69%   232  403s
   416   226   98.54547   18 2015  100.63129   97.92907  2.69%   232  411s
H  420   245                     100.6312863   97.92907  2.69%   230  415s
   479   244   98.71381   33 1926  100.63129   97.92907  2.69%   219  422s
   524   218   98.86032   49 1668  100.63129   97.92907  2.69%   221  433s
   529   271   98.86046   50 1667  100.63129   97.92907  2.69%   220  438s
   594   257   99.79763   76 1486  100.63129   97.92907  2.69%   210  442s
   613   295   99.81301   82 1430  100.63129   97.92907  2.69%   210  449s
H  619   295                     100.6259249   97.92907  2.68%   208  449s
H  658   311                     100.6259223   97.92907  2.68%   200  454s
H  660   311                     100.6259076   97.92907  2.68%   200  454s
   675   357  100.06407   98 1406  100.62591   97.92907  2.68%   197  466s
H  692   344                     100.1015493   97.92907  2.17%   192  466s
H  733   335                      99.9782511   97.92907  2.05%   187  466s
   734   304     cutoff  116        99.97825   97.96763  2.01%   187  472s
H  750   304                      99.9770568   97.96763  2.01%   188  472s
H  766   304                      99.9737398   97.96763  2.01%   188  472s
   769   305   98.09862   16 2110   99.97374   97.96763  2.01%   189  482s
H  771   305                      99.9735681   97.96763  2.01%   189  482s
   773   351   98.14142   17 2071   99.97357   97.96763  2.01%   189  487s
H  827   354                      99.9719314   97.96763  2.00%   185  498s
H  828   354                      99.9702345   97.96763  2.00%   185  498s
H  829   353                      99.9643270   97.96763  2.00%   184  498s
   831   412   99.02147   31 2027   99.96433   97.96763  2.00%   184  504s
H  907   416                      99.9625441   97.96763  2.00%   176  526s
   911   483   99.11781   54 1956   99.96254   97.96763  2.00%   176  539s
H  936   483                      99.9610616   97.96763  1.99%   173  539s
H  962   483                      99.9552324   97.96763  1.99%   170  539s
H  994   489                      99.9551005   97.96763  1.99%   171  551s
H  997   489                      99.9515772   97.96763  1.98%   170  551s
H 1000   492                      99.9462604   97.96763  1.98%   170  567s
H 1001   491                      99.9422485   97.96763  1.98%   170  567s
H 1002   491                      99.9390943   97.96763  1.97%   169  567s
  1004   547   99.25258   84 1665   99.93909   97.96763  1.97%   169  579s
  1094   548   98.77499   30 2296   99.93909   97.96763  1.97%   164  595s
  1096   549   98.94687   61 1150   99.93909   98.55096  1.39%   164  627s
  1097   550   98.96392   62 1797   99.93909   98.62116  1.32%   164  639s
  1098   551   99.47619   39 2068   99.93909   98.82978  1.11%   164  642s
  1100   552   99.21243   73 2113   99.93909   98.89557  1.04%   163  645s

Cutting planes:
  Learned: 30
  Gomory: 16
  Cover: 168
  Implied bound: 341
  Clique: 112
  MIR: 545
  StrongCG: 2
  Flow cover: 930
  GUB cover: 1
  Zero half: 1
  RLT: 849
  Relax-and-lift: 258

Explored 1101 nodes (233690 simplex iterations) in 650.87 seconds
Thread count was 4 (of 32 available processors)

Solution count 10: 99.9391 99.9422 99.9463 ... 99.9702

Optimal solution found (tolerance 1.00e-02)
Best objective 9.993909428572e+01, best bound 9.896356046234e+01, gap 0.9761%

Gurobi 9.1.0 (linux64) logging started Wed Jan  5 01:05:12 2022

Changed value of parameter LogFile to eab_parasitoid_0.8_2_1_bud.log
   Prev:   Default: 
Changed value of parameter MIPGap to 0.01
   Prev: 0.0001  Min: 0.0  Max: inf  Default: 0.0001
Changed value of parameter MIPFocus to 1
   Prev: 0  Min: 0  Max: 3  Default: 0
Changed value of parameter RINS to 100
   Prev: -1  Min: -1  Max: 2000000000  Default: -1
Changed value of parameter TimeLimit to 28800.0
   Prev: inf  Min: 0.0  Max: inf  Default: inf
Changed value of parameter NodeFileStart to 10000.0
   Prev: inf  Min: 0.0  Max: inf  Default: inf
Changed value of parameter Threads to 4
   Prev: 0  Min: 0  Max: 1024  Default: 0
Changed value of parameter Heuristics to 1.0
   Prev: 0.05  Min: 0.0  Max: 1.0  Default: 0.05
Gurobi Optimizer version 9.1.0 build v9.1.0rc0 (linux64)
Thread count: 32 physical cores, 32 logical processors, using up to 4 threads
Optimize a model with 381543 rows, 174513 columns and 1305866 nonzeros
Model fingerprint: 0x9aa6b361
Variable types: 77367 continuous, 97146 integer (97146 binary)
Coefficient statistics:
  Matrix range     [1e-04, 6e+03]
  Objective range  [1e-06, 1e-01]
  Bounds range     [1e+00, 6e+03]
  RHS range        [1e-04, 7e+03]

User MIP start produced solution with objective 666.766 (6.07s)
User MIP start produced solution with objective 666.743 (6.20s)
User MIP start produced solution with objective 665.905 (6.59s)
User MIP start produced solution with objective 665.632 (7.01s)
Loaded user MIP start with objective 665.632
Processed MIP start in 7.04 seconds

Presolve removed 223209 rows and 90664 columns (presolve time = 5s) ...
Presolve removed 258085 rows and 103430 columns
Presolve time: 6.58s
Presolved: 123458 rows, 71083 columns, 632792 nonzeros
Variable types: 32524 continuous, 38559 integer (38559 binary)

Deterministic concurrent LP optimizer: primal and dual simplex (primal and dual model)
Showing first log only...

Presolve removed 110 rows and 92 columns
Presolved: 123348 rows, 70991 columns, 632521 nonzeros


Root simplex log...

Iteration    Objective       Primal Inf.    Dual Inf.      Time
       0    1.0607460e+02   2.691810e+02   1.922978e+09     14s
Concurrent spin time: 0.01s

Solved with dual simplex (primal model)

Root relaxation: objective 9.409485e+01, 5595 iterations, 0.77 seconds

    Nodes    |    Current Node    |     Objective Bounds      |     Work
 Expl Unexpl |  Obj  Depth IntInf | Incumbent    BestBd   Gap | It/Node Time

     0     0   94.09485    0 1100  665.63195   94.09485  85.9%     -   18s
     0     0   95.06997    0 1848  665.63195   95.06997  85.7%     -   25s
     0     0   95.29318    0 1953  665.63195   95.29318  85.7%     -   28s
     0     0   95.66091    0 2396  665.63195   95.66091  85.6%     -   33s
     0     0   95.66807    0 2492  665.63195   95.66807  85.6%     -   36s
     0     0   95.66935    0 2492  665.63195   95.66935  85.6%     -   37s
     0     0   95.66942    0 2501  665.63195   95.66942  85.6%     -   37s
     0     0   96.20123    0 2308  665.63195   96.20123  85.5%     -   44s
     0     0   96.34491    0 2418  665.63195   96.34491  85.5%     -   48s
     0     0   96.34682    0 2446  665.63195   96.34682  85.5%     -   49s
     0     0   96.34843    0 2450  665.63195   96.34843  85.5%     -   49s
     0     0   96.34846    0 2455  665.63195   96.34846  85.5%     -   49s
     0     0   96.89466    0 2420  665.63195   96.89466  85.4%     -   55s
     0     0   96.93394    0 2405  665.63195   96.93394  85.4%     -   58s
     0     0   96.94359    0 2400  665.63195   96.94359  85.4%     -   59s
     0     0   96.94383    0 2399  665.63195   96.94383  85.4%     -   59s
     0     0   96.94977    0 2296  665.63195   96.94977  85.4%     -   63s
H    0     0                     558.8288646   96.94977  82.7%     -   70s
H    0     0                     479.5470012   96.94977  79.8%     -  163s
H    0     0                     479.0180516   96.94977  79.8%     -  163s
     0     2   96.94977    0 2296  479.01805   96.94977  79.8%     -  170s
     7    12  128.92419    3 2376  479.01805   96.97763  79.8%  1136  175s
H   19    24                     454.7726221   96.97763  78.7%   787  184s
    23    29  132.46159    7 2265  454.77262   96.97763  78.7%   764  185s
H   28    33                     454.7588683   96.97763  78.7%   712  190s
H   30    33                     454.5586273   96.97763  78.7%   685  190s
    38    44  132.57441   11 2089  454.55863   96.97763  78.7%   647  195s
    43    51  132.59271   12 2068  454.55863   96.97763  78.7%   593  221s
H   59    64                     454.5586272   96.97763  78.7%   509  232s
H   60    64                     423.4377527   96.97763  77.1%   503  232s
    63    68  132.69709   19 2067  423.43775   96.97763  77.1%   496  284s
    67    82  132.70073   20 2043  423.43775   96.97763  77.1%   472  287s
H   81    87                     423.4372813   96.97763  77.1%   405  292s
H   82    87                     423.4346816   96.97763  77.1%   401  292s
H   84    87                     420.4254839   96.97763  76.9%   394  292s
    86    94  132.77973   25 2000  420.42548   96.97763  76.9%   390  295s
   102   107  132.79011   28 1965  420.42548   96.97763  76.9%   367  303s
H  106   111                     308.8706807   96.97763  68.6%   364  309s
   110   128  132.82751   30 1964  308.87068   96.97763  68.6%   352  313s
   133   132  133.53784   35 2142  308.87068   96.97763  68.6%   335  318s
   137   142  133.54340   36 2141  308.87068   96.97763  68.6%   344  321s
H  144   142                     307.0347966   96.97763  68.4%   331  321s
H  146   142                     236.5762315   96.97763  59.0%   327  321s
H  153   174                     236.4549643   96.97763  59.0%   317  324s
H  161   174                     236.4389893   96.97763  59.0%   303  324s
   179   206  133.64327   50 2064  236.43899   96.97763  59.0%   276  326s
H  188   206                     225.5231409   96.97763  57.0%   263  326s
H  211   210                     225.5063610   96.97763  57.0%   238  332s
H  212   210                     224.6272514   96.97763  56.8%   237  332s
H  213   210                     224.5148107   96.97763  56.8%   236  332s
H  214   210                     224.3288151   96.97763  56.8%   235  332s
H  254   221                     224.3050085   96.97763  56.8%   205  340s
H  254   221                     224.1644583   96.97763  56.7%   205  340s
H  256   221                     223.7792088   96.97763  56.7%   204  340s
H  257   221                     222.8211873   96.97763  56.5%   203  340s
H  310   221                     136.6381226   96.97763  29.0%   172  348s
H  311   221                     101.4300237   96.97763  4.39%   172  348s
   314   208     cutoff   85       101.43002   97.49043  3.88%   171  352s
   332   217   99.31893   80 1810  101.43002   97.60644  3.77%   184  355s
H  345   219                     100.7626772   97.60644  3.13%   194  373s
H  347   219                     100.7212754   97.60644  3.09%   200  373s
   349   224 infeasible   83       100.72128   97.60644  3.09%   214  375s
H  377   226                     100.7181844   97.92907  2.77%   238  388s
H  378   226                     100.7052652   97.92907  2.76%   239  388s
   381   239   98.05092   13 2199  100.70527   97.92907  2.76%   238  391s
   395   246   98.07623   15 2117  100.70527   97.92907  2.76%   238  405s
H  403   246                     100.6740704   97.92907  2.73%   236  406s
H  409   246                     100.6696313   97.92907  2.72%   234  406s
H  415   246                     100.6312864   97.92907  2.69%   232  406s
   416   226   98.54547   18 2015  100.63129   97.92907  2.69%   232  413s
H  420   245                     100.6312863   97.92907  2.69%   230  417s
   449   240   98.63209   22 1950  100.63129   97.92907  2.69%   224  420s
   524   218   98.86032   49 1668  100.63129   97.92907  2.69%   221  434s
   529   271   98.86046   50 1667  100.63129   97.92907  2.69%   220  438s
   594   257   99.79763   76 1486  100.63129   97.92907  2.69%   210  443s
   613   295   99.81301   82 1430  100.63129   97.92907  2.69%   210  449s
H  619   295                     100.6259249   97.92907  2.68%   208  449s
H  658   311                     100.6259223   97.92907  2.68%   200  454s
H  660   311                     100.6259076   97.92907  2.68%   200  454s
   675   357  100.06407   98 1406  100.62591   97.92907  2.68%   197  466s
H  692   344                     100.1015493   97.92907  2.17%   192  466s
H  733   335                      99.9782511   97.92907  2.05%   187  466s
   734   304     cutoff  116        99.97825   97.96763  2.01%   187  471s
H  750   304                      99.9770568   97.96763  2.01%   188  471s
H  766   304                      99.9737398   97.96763  2.01%   188  471s
   769   305   98.09862   16 2110   99.97374   97.96763  2.01%   189  481s
H  771   305                      99.9735681   97.96763  2.01%   189  481s
   773   351   98.14142   17 2071   99.97357   97.96763  2.01%   189  486s
H  827   354                      99.9719314   97.96763  2.00%   185  498s
H  828   354                      99.9702345   97.96763  2.00%   185  498s
H  829   353                      99.9643270   97.96763  2.00%   184  498s
   831   412   99.02147   31 2027   99.96433   97.96763  2.00%   184  503s
H  907   416                      99.9625441   97.96763  2.00%   176  524s
   911   483   99.11781   54 1956   99.96254   97.96763  2.00%   176  538s
H  936   483                      99.9610616   97.96763  1.99%   173  538s
H  962   483                      99.9552324   97.96763  1.99%   170  538s
H  994   489                      99.9551005   97.96763  1.99%   171  550s
H  997   489                      99.9515772   97.96763  1.98%   170  550s
H 1000   492                      99.9462604   97.96763  1.98%   170  566s
H 1001   491                      99.9422485   97.96763  1.98%   170  566s
H 1002   491                      99.9390943   97.96763  1.97%   169  566s
  1004   547   99.25258   84 1665   99.93909   97.96763  1.97%   169  580s
  1094   548   98.77499   30 2296   99.93909   97.96763  1.97%   164  596s
  1096   549   98.94687   61 1150   99.93909   98.55096  1.39%   164  631s
  1097   550   98.96392   62 1797   99.93909   98.62116  1.32%   164  642s
  1098   551   99.47619   39 2068   99.93909   98.82978  1.11%   164  646s
  1101   553   99.03526   30 2122   99.93909   98.89908  1.04%   163  650s

Cutting planes:
  Learned: 30
  Gomory: 16
  Cover: 168
  Implied bound: 341
  Clique: 112
  MIR: 545
  StrongCG: 2
  Flow cover: 930
  GUB cover: 1
  Zero half: 1
  RLT: 849
  Relax-and-lift: 258

Explored 1101 nodes (233690 simplex iterations) in 653.27 seconds
Thread count was 4 (of 32 available processors)

Solution count 10: 99.9391 99.9422 99.9463 ... 99.9702

Optimal solution found (tolerance 1.00e-02)
Best objective 9.993909428572e+01, best bound 9.896356046234e+01, gap 0.9761%
