
Gurobi 9.1.0 (linux64) logging started Wed Dec 29 05:02:29 2021

Changed value of parameter LogFile to eab_parasitoid_0.2_0_1_bud.log
   Prev:   Default: 
Changed value of parameter MIPGap to 0.01
   Prev: 0.0001  Min: 0.0  Max: inf  Default: 0.0001
Changed value of parameter MIPFocus to 1
   Prev: 0  Min: 0  Max: 3  Default: 0
Changed value of parameter RINS to 100
   Prev: -1  Min: -1  Max: 2000000000  Default: -1
Changed value of parameter TimeLimit to 28800.0
   Prev: inf  Min: 0.0  Max: inf  Default: inf
Changed value of parameter NodeFileStart to 10000.0
   Prev: inf  Min: 0.0  Max: inf  Default: inf
Changed value of parameter Threads to 4
   Prev: 0  Min: 0  Max: 1024  Default: 0
Changed value of parameter Heuristics to 1.0
   Prev: 0.05  Min: 0.0  Max: 1.0  Default: 0.05
Gurobi Optimizer version 9.1.0 build v9.1.0rc0 (linux64)
Thread count: 32 physical cores, 32 logical processors, using up to 4 threads
Optimize a model with 381543 rows, 174513 columns and 1305866 nonzeros
Model fingerprint: 0xe2b363ac
Variable types: 77367 continuous, 97146 integer (97146 binary)
Coefficient statistics:
  Matrix range     [2e-04, 6e+03]
  Objective range  [1e-06, 1e-01]
  Bounds range     [1e+00, 6e+03]
  RHS range        [1e-04, 7e+03]

User MIP start produced solution with objective 1080.98 (7.45s)
Loaded user MIP start with objective 1080.98
Processed MIP start in 7.78 seconds

Presolve removed 196673 rows and 79262 columns (presolve time = 5s) ...
Presolve removed 261573 rows and 105103 columns
Presolve time: 9.02s
Presolved: 119970 rows, 69410 columns, 621800 nonzeros
Variable types: 31829 continuous, 37581 integer (37581 binary)

Deterministic concurrent LP optimizer: primal and dual simplex (primal and dual model)
Showing first log only...

Presolve removed 300 rows and 223 columns
Presolved: 119670 rows, 69187 columns, 621144 nonzeros


Root simplex log...

Iteration    Objective       Primal Inf.    Dual Inf.      Time
       0    2.6465363e+02   3.920658e+02   2.588470e+09     18s
Concurrent spin time: 0.17s

Solved with dual simplex (primal model)

Root relaxation: objective 2.559015e+02, 6534 iterations, 1.06 seconds

    Nodes    |    Current Node    |     Objective Bounds      |     Work
 Expl Unexpl |  Obj  Depth IntInf | Incumbent    BestBd   Gap | It/Node Time

     0     0  261.64346    0 1176 1080.97611  261.64346  75.8%     -   23s
     0     0  267.39396    0 2175 1080.97611  267.39396  75.3%     -   31s
     0     0  268.11322    0 2104 1080.97611  268.11322  75.2%     -   35s
     0     0  268.14926    0 2114 1080.97611  268.14926  75.2%     -   36s
     0     0  268.14945    0 2111 1080.97611  268.14945  75.2%     -   36s
     0     0  272.76676    0 2360 1080.97611  272.76676  74.8%     -   42s
H    0     0                    1062.7631249  272.76676  74.3%     -   47s
     0     0  273.45578    0 2366 1062.76312  273.45578  74.3%     -   48s
     0     0  273.47088    0 2391 1062.76312  273.47088  74.3%     -   48s
     0     0  273.47314    0 2398 1062.76312  273.47314  74.3%     -   49s
     0     0  273.47418    0 2396 1062.76312  273.47418  74.3%     -   49s
     0     0  312.28554    0 2545 1062.76312  312.28554  70.6%     -   63s
     0     0  312.28554    0 1296 1062.76312  312.28554  70.6%     -   74s
H    0     0                    1059.1035076  312.28554  70.5%     -   75s
     0     0  312.28554    0 2404 1059.10351  312.28554  70.5%     -   80s
     0     0  316.81750    0 2392 1059.10351  316.81750  70.1%     -   89s
     0     0  318.45690    0 2506 1059.10351  318.45690  69.9%     -   91s
     0     0  319.65788    0 2457 1059.10351  319.65788  69.8%     -   92s
     0     0  319.67756    0 2447 1059.10351  319.67756  69.8%     -   93s
     0     0  319.68086    0 2454 1059.10351  319.68086  69.8%     -   93s
     0     0  319.68109    0 2452 1059.10351  319.68109  69.8%     -   93s
     0     0  324.93337    0 2544 1059.10351  324.93337  69.3%     -  100s
     0     0  325.88688    0 2590 1059.10351  325.88688  69.2%     -  104s
     0     0  326.11289    0 2577 1059.10351  326.11289  69.2%     -  105s
     0     0  326.11983    0 2593 1059.10351  326.11983  69.2%     -  106s
     0     0  326.12014    0 2595 1059.10351  326.12014  69.2%     -  106s
     0     0  334.25178    0 2618 1059.10351  334.25178  68.4%     -  117s
     0     0  336.20731    0 2604 1059.10351  336.20731  68.3%     -  123s
     0     0  337.34213    0 2620 1059.10351  337.34213  68.1%     -  125s
     0     0  337.53774    0 2577 1059.10351  337.53774  68.1%     -  127s
     0     0  337.55965    0 2578 1059.10351  337.55965  68.1%     -  128s
     0     0  337.56411    0 2575 1059.10351  337.56411  68.1%     -  129s
     0     0  339.53437    0 2601 1059.10351  339.53437  67.9%     -  138s
     0     0  340.32934    0 2624 1059.10351  340.32934  67.9%     -  143s
     0     0  340.43376    0 2638 1059.10351  340.43376  67.9%     -  145s
     0     0  340.46750    0 2654 1059.10351  340.46750  67.9%     -  146s
     0     0  340.47002    0 2673 1059.10351  340.47002  67.9%     -  147s
     0     0  341.36844    0 2665 1059.10351  341.36844  67.8%     -  155s
H    0     0                     955.1202386  341.36844  64.3%     -  164s
H    0     0                     821.1581067  341.36844  58.4%     -  454s
     0     2  341.36844    0 2621  821.15811  341.36844  58.4%     -  459s
     1     4  346.77122    1 2619  821.15811  346.77122  57.8%   780  460s
     3     8  346.86568    2 2636  821.15811  346.77122  57.8%   686  466s
     7    12  349.29499    3 2648  821.15811  346.86568  57.8%  1248  471s
    11    16  354.63040    4 2629  821.15811  346.86568  57.8%  1433  482s
    15    20  354.92938    5 2604  821.15811  346.86568  57.8%  1829  489s
    19    24  361.89470    6 2562  821.15811  346.86568  57.8%  1842  498s
H   23    28                     821.1185133  346.86568  57.8%  1790  508s
H   24    28                     820.6984741  346.86568  57.7%  1736  508s
H   27    32                     802.9843824  346.86568  56.8%  1659  574s
H   29    32                     794.2411791  346.86568  56.3%  1546  574s
H   31    36                     794.2138801  346.86568  56.3%  1542  584s
H   32    36                     794.0958894  346.86568  56.3%  1514  584s
H   34    36                     793.5761221  346.86568  56.3%  1466  584s
H   35    40                     789.8351118  346.86568  56.1%  1446  742s
H   36    40                     781.5024402  346.86568  55.6%  1407  742s
H   37    40                     752.2140881  346.86568  53.9%  1380  742s
    47    59  381.98547   13 2473  752.21409  346.86568  53.9%  1153  749s
    58    63  394.66485   15 2477  752.21409  346.86568  53.9%  1052  758s
    62    71  394.77211   16 2476  752.21409  346.86568  53.9%  1012  829s
    70    80  404.52594   17 2473  752.21409  346.86568  53.9%   970 1099s
    79    90  402.72629   20 2607  752.21409  346.86568  53.9%   907 1157s
    91   108  409.79722   22 2557  752.21409  346.86568  53.9%   829 1222s
   109   130  411.20802   25 2564  752.21409  346.86568  53.9%   704 1230s
   131   158  412.84305   30 2455  752.21409  346.86568  53.9%   631 1237s
   159   179  415.10405   36 2451  752.21409  346.86568  53.9%   539 1243s
   186   213  417.60481   43 2452  752.21409  346.86568  53.9%   488 1380s
   224   250  430.77476   52 2440  752.21409  346.86568  53.9%   441 1389s
H  262   260                     747.0866012  346.86568  53.6%   390 1400s
H  264   260                     745.4749256  346.86568  53.5%   390 1400s
H  265   260                     742.3883692  346.86568  53.3%   388 1400s
   272   298  440.81957   59 2514  742.38837  346.86568  53.3%   381 1410s
H  319   308                     737.7942881  346.86568  53.0%   346 1419s
   330   351  447.47067   71 2552  737.79429  346.86568  53.0%   352 1425s
H  373   355                     737.7925240  346.86568  53.0%   335 1448s
H  373   345                     729.3852950  346.86568  52.4%   335 1448s
H  374   345                     728.3812245  346.86568  52.4%   334 1448s
   377   377  479.76151   87 2595  728.38122  346.86568  52.4%   333 1651s
H  409   398                     728.3800993  346.86568  52.4%   320 1666s
H  413   397                     711.8136430  346.86568  51.3%   317 1666s
   430   470  481.23552   95 2569  711.81364  346.86568  51.3%   310 1673s
H  503   473                     709.7264484  346.86568  51.1%   275 1688s
H  503   473                     707.6406915  346.86568  51.0%   275 1688s
   507   560  484.98393  114 2542  707.64069  346.86568  51.0%   273 1699s
   594   588  486.09249  140 2500  707.64069  346.86568  51.0%   242 1711s
H  600   588                     706.6506945  346.86568  50.9%   240 1711s
H  614   588                     705.4914098  346.86568  50.8%   235 1711s
   622   623  486.38232  146 2474  705.49141  346.86568  50.8%   232 1723s
H  654   623                     702.1253774  346.86568  50.6%   222 1723s
H  655   623                     701.4902386  346.86568  50.6%   221 1723s
H  656   623                     701.1435627  346.86568  50.5%   221 1723s
   657   698  488.01356  174 2439  701.14356  346.86568  50.5%   221 1736s
H  682   698                     701.0461579  346.86568  50.5%   213 1736s
H  734   709                     700.9053219  346.86568  50.5%   201 1749s
H  735   709                     700.7424853  346.86568  50.5%   201 1749s
H  735   709                     697.2083627  346.86568  50.2%   201 1749s
   745   725  490.27207  195 2420  697.20836  346.86568  50.2%   199 1891s
H  748   723                     688.7662640  346.86568  49.6%   199 1891s
H  752   719                     670.3671316  346.86568  48.3%   198 1891s
   761   825  490.31660  198 2418  670.36713  346.86568  48.3%   198 1906s
H  763   825                     670.3664358  346.86568  48.3%   197 1906s
H  814   825                     670.3586314  346.86568  48.3%   185 1906s
   867   884  490.58253  224 2389  670.35863  346.86568  48.3%   177 1918s
   926   924  491.62545  242 2371  670.35863  346.86568  48.3%   169 1940s
H  937   924                     670.3582985  346.86568  48.3%   167 1940s
H  938   924                     670.3102079  346.86568  48.3%   166 1940s
   966  1016  492.10624  253 2366  670.31021  346.86568  48.3%   164 1953s
  1058  1081  493.55001  273 2358  670.31021  346.86568  48.3%   153 1968s
H 1106  1081                     670.3101921  346.86568  48.3%   148 1968s
H 1123  1309                     669.8338354  346.86568  48.2%   146 1976s
H 1237  1309                     669.8289339  346.86568  48.2%   134 1976s
H 1351  1313                     669.8280427  346.86568  48.2%   124 1988s
  1355  1417  494.53834  335 2281  669.82804  346.86568  48.2%   124 2012s
H 1380  1416                     662.6589901  346.86568  47.7%   122 2012s
  1459  1507  494.79425  357 2265  662.65899  346.86568  47.7%   116 2028s
  1550  1515  495.30467  378 2252  662.65899  346.86568  47.7%   111 2106s
  1558  1687  495.31699  380 2251  662.65899  346.86568  47.7%   110 2122s
  1730  1729  495.60725  414 2222  662.65899  346.86568  47.7%   101 2209s
  1774  1896  495.68152  423 2212  662.65899  346.86568  47.7%  98.3 2224s
  1941  2117  500.63165  463 2175  662.65899  346.86568  47.7%  91.4 2250s
  2162  2309  502.12483  506 2125  662.65899  346.86568  47.7%  83.9 2265s
H 2336  2308                     662.2601486  346.86568  47.6%  78.9 2265s
H 2356  2487                     662.2598240  346.86568  47.6%  78.3 2284s
H 2363  2487                     662.2598050  346.86568  47.6%  78.1 2284s
H 2408  2487                     662.2593778  346.86568  47.6%  77.0 2284s
H 2534  2487                     662.2576024  346.86568  47.6%  74.1 2284s
H 2535  2491                     662.2172008  346.86568  47.6%  74.1 2341s
H 2536  2491                     660.9643685  346.86568  47.5%  74.0 2341s
H 2537  2406                     637.6367451  346.86568  45.6%  74.0 2341s
  2539  2611  503.28904  574 2082  637.63675  346.86568  45.6%  74.0 2360s
H 2600  2611                     637.6364194  346.86568  45.6%  72.6 2360s
  2773  2672  505.88120  624 2059  637.63642  346.86568  45.6%  71.4 2378s
H 2801  2672                     637.6363537  346.86568  45.6%  70.8 2378s
H 2829  2672                     637.6361907  346.86568  45.6%  70.6 2378s
  2837  2898  511.72409  643 2045  637.63619  346.86568  45.6%  72.5 2395s
H 2863  2898                     637.6361762  346.86568  45.6%  72.0 2395s
H 2981  2898                     637.6361522  346.86568  45.6%  69.9 2395s
H 3024  2846                     636.6557529  346.86568  45.5%  69.7 2395s
  3067  3231  512.27642  705 1996  636.65575  346.86568  45.5%  71.5 2418s
H 3200  3231                     636.6555893  346.86568  45.5%  69.4 2418s
H 3335  3222                     636.3183141  346.86568  45.5%  67.6 2418s
H 3451  3188                     635.8264681  346.86568  45.4%  65.7 2418s
  3456  3271  513.23148  806 1932  635.82647  346.86568  45.4%  66.6 2437s
H 3492  3271                     635.8262776  346.86568  45.4%  66.4 2437s
H 3501  3271                     635.8259582  346.86568  45.4%  66.3 2437s
  3539  3704  513.38086  824 1920  635.82596  346.86568  45.4%  67.2 2461s
H 3549  3704                     635.8231333  346.86568  45.4%  67.0 2461s
H 3711  3704                     635.8200387  346.86568  45.4%  64.9 2461s
H 3973  3679                     635.5678546  346.86568  45.4%  62.3 2461s
H 3976  3903                     635.5455292  346.86568  45.4%  62.9 2487s
H 3999  3903                     635.5398312  346.86568  45.4%  62.5 2487s
H 4105  3899                     635.4153315  346.86568  45.4%  61.2 2487s
  4204  4287  515.65273 1030 1744  635.41533  346.86568  45.4%  61.0 2510s
H 4217  4284                     635.4039907  346.86568  45.4%  60.8 2510s
H 4300  4283                     635.3930105  346.86568  45.4%  59.8 2510s
H 4443  4283                     635.3929629  346.86568  45.4%  58.3 2510s
H 4485  4263                     634.9918673  346.86568  45.4%  57.9 2510s
  4604  4593  516.82638 1142 1652  634.99187  346.86568  45.4%  57.7 2534s
H 4612  4593                     634.9628208  346.86568  45.4%  57.6 2534s
H 4700  4593                     634.9628208  346.86568  45.4%  56.8 2534s
  4941  4803  517.52687 1213 1576  634.96282  346.86568  45.4%  55.1 2564s
H 5112  4791                     634.5819754  346.86568  45.3%  54.0 2564s
H 5154  4745                     633.5478057  346.86568  45.3%  53.9 2580s
  5155  4746  412.95248   31 2545  633.54781  346.86568  45.3%  53.9 2596s
  5157  4747  629.88170   93 1750  633.54781  346.86568  45.3%  53.9 2606s
  5158  4748  494.50148  122 2656  633.54781  346.86568  45.3%  53.9 2619s
  5159  4749  509.38069  350 2709  633.54781  346.86568  45.3%  53.9 2630s
  5160  4749  510.25965  387 2808  633.54781  355.24265  43.9%  53.9 2652s
  5161  4750  515.24531  973 2814  633.54781  357.29139  43.6%  53.9 2658s
  5162  4751  540.63889   84 2819  633.54781  357.64697  43.5%  53.8 2662s
  5164  4752  518.64078   69 2855  633.54781  357.89140  43.5%  53.8 2665s
  5169  4755  551.88788  346 2851  633.54781  357.92463  43.5%  53.8 2671s
  5170  4756  516.18484 1079 2810  633.54781  365.75832  42.3%  53.8 2687s
  5171  4757  509.44649  350 2840  633.54781  367.99799  41.9%  53.7 2694s
  5172  4757  566.91109 1010 2843  633.54781  369.31060  41.7%  53.7 2700s
  5175  4759  559.79998  593 2866  633.54781  369.86599  41.6%  53.7 2705s
  5178  4761  480.74089   48 2874  633.54781  369.86681  41.6%  53.7 2710s
  5179  4762  569.02202 1176 2825  633.54781  372.41812  41.2%  53.7 2726s
  5181  4763  495.80446  428 2854  633.54781  372.97841  41.1%  53.6 2731s
  5185  4766  544.93648   95 2905  633.54781  373.01725  41.1%  53.6 2735s
  5188  4769  426.01929   45 2545  633.54781  374.17499  40.9%  64.9 2744s
  5190  4770  550.94834  286 2135  633.54781  374.17499  40.9%  64.9 2754s
  5191  4771  566.96634 1041 2779  633.54781  374.17499  40.9%  64.9 2767s
  5192  4772  516.60259 1107 2837  633.54781  378.04960  40.3%  64.9 2782s
  5193  4772  611.65852   46 2933  633.54781  383.21049  39.5%  64.9 2797s
  5194  4773  506.89662  260 2962  633.54781  384.58996  39.3%  64.9 2804s
  5195  4774  480.81456   88 2955  633.54781  387.45731  38.8%  64.8 2818s
  5196  4774  502.00642  177 2938  633.54781  388.84357  38.6%  64.8 2826s
  5197  4775  528.73048   64 2971  633.54781  390.91332  38.3%  64.8 2836s
  5198  4776  630.24463   97 2990  633.54781  391.23829  38.2%  64.8 2840s
  5199  4776  512.79574  760 2940  633.54781  392.11363  38.1%  64.8 2845s
H 5199  4537                     633.2754109  392.11363  38.1%  64.8 2861s
H 5199  4309                     633.2250089  392.11363  38.1%  64.8 3090s
  5201  4314  392.47055   22 2932  633.22501  392.47055  38.0%  74.3 3108s
  5203  4315  394.46227   23 2905  633.22501  392.47055  38.0%  74.8 3115s
  5207  4318  405.03732   24 2928  633.22501  394.46227  37.7%  76.4 3126s
  5211  4320  410.53418   25 3048  633.22501  397.43039  37.2%  77.5 3135s
  5215  4323  471.77283   25 2868  633.22501  397.43039  37.2%  79.8 3144s
  5219  4326  415.89896   26 3019  633.22501  397.43039  37.2%  81.1 3153s
  5223  4327  419.36009   26 2997  633.22501  397.43039  37.2%  82.4 3164s
  5228  4330  417.35610   27 2978  633.22501  397.43039  37.2%  83.7 3168s
  5232  4333  543.31583   27 2990  633.22501  397.43039  37.2%  84.1 3172s
  5237  4339  419.15595   28 2969  633.22501  397.43039  37.2%  84.4 3177s
  5244  4340  418.73585   29 2985  633.22501  397.43039  37.2%  84.9 3182s
  5248  4344  442.05545   29 2974  633.22501  397.43039  37.2%  85.2 3193s
  5253  4348  419.98115   30 2977  633.22501  397.43039  37.2%  86.4 3196s
  5259  4350  461.22712   30 3009  633.22501  397.43039  37.2%  86.7 3204s
  5265  4355  420.13807   31 2977  633.22501  397.43039  37.2%  87.1 3211s
  5272  4360  420.36399   32 2944  633.22501  397.43039  37.2%  87.8 3217s
  5279  4368  425.80480   33 2927  633.22501  397.43039  37.2%  88.3 3222s
  5289  4371  423.21567   34 2924  633.22501  397.43039  37.2%  88.6 3228s
  5296  4376  425.34080   35 2921  633.22501  397.43039  37.2%  88.9 3232s
  5307  4376  428.43584   36 2919  633.22501  397.43039  37.2%  89.1 3241s
H 5308  4161                     633.2224418  397.43039  37.2%  89.1 3241s
  5311  4170  434.56433   37 2924  633.22244  397.43039  37.2%  89.4 3247s
  5321  4176  434.62708   38 2918  633.22244  397.43039  37.2%  90.1 3253s
H 5330  3976                     633.1183493  397.43039  37.2%  90.2 3264s
H 5331  3780                     631.2975409  397.43039  37.0%  90.3 3264s
  5338  3795  467.62519   40 2914  631.29754  397.43039  37.0%  90.7 3269s
  5360  3799  512.16541   43 2938  631.29754  397.43039  37.0%  91.0 3278s
  5373  3798  444.77562   45 2944  631.29754  397.43039  37.0%  91.8 3284s
H 5375  3613                     631.2971118  397.43039  37.0%  91.8 3284s
  5377  3624  446.22805   46 2938  631.29711  397.43039  37.0%  91.8 3291s
  5391  3632  457.76483   48 2934  631.29711  397.43039  37.0%  92.4 3298s
  5408  3636  459.93798   50 2907  631.29711  397.43039  37.0%  92.9 3397s
  5421  3656  460.78274   52 2914  631.29711  397.43039  37.0%  95.8 3422s
H 5452  3471                     631.2854691  397.43039  37.0%  97.0 3448s
H 5456  3303                     631.2790963  397.43039  37.0%  98.9 3448s
  5457  3326  465.48707   56 2904  631.27910  397.43039  37.0%  98.9 3456s
  5491  3318  465.54979   60 2887  631.27910  397.43039  37.0%  99.3 3467s
H 5496  3158                     631.1880453  397.43039  37.0%  99.3 3467s
H 5500  3005                     630.7554007  397.43039  37.0%  99.4 3467s
H 5501  2865                     630.7553940  397.43039  37.0%  99.5 3485s
  5512  2867  480.54294   63 2912  630.75539  397.43039  37.0%   102 3507s
  5520  2872  480.59474   64 2911  630.75539  397.43039  37.0%   104 3663s
H 5521  2736                     630.7395439  397.43039  37.0%   104 3663s
  5528  2745  480.83012   65 2903  630.73954  397.43039  37.0%   104 3674s
H 5531  2615                     630.6314024  397.43039  37.0%   105 3674s
  5539  2618  480.97030   66 2902  630.63140  397.43039  37.0%   105 3689s
H 5541  2494                     630.6295870  397.43039  37.0%   105 3689s
  5547  2502  484.22008   67 2891  630.62959  397.43039  37.0%   105 3701s
H 5548  2386                     630.6269511  397.43039  37.0%   105 3702s
H 5555  2273                     630.5701734  397.43039  37.0%   105 3702s
H 5556  2167                     630.5363161  397.43039  37.0%   105 3702s
  5557  2174 infeasible   68       630.53632  397.43039  37.0%   105 3727s
H 5558  2074                     630.5363159  397.43039  37.0%   105 3727s
H 5559  1978                     630.5363133  397.43039  37.0%   105 3727s
H 5563  1886                     630.1195436  397.43039  36.9%   105 3727s
  5566  1919  484.54821   70 2888  630.11954  397.43039  36.9%   106 3738s
H 5606  1844                     630.0820926  397.43039  36.9%   107 3759s
H 5631  1778                     630.0760373  397.43039  36.9%   108 3773s
H 5640  1698                     630.0752710  397.43039  36.9%   108 3773s
H 5645  1624                     630.0528123  397.43039  36.9%   108 3773s
  5656  1652  536.41189   80 2865  630.05281  397.43039  36.9%   108 3786s
H 5665  1579                     630.0528019  397.43039  36.9%   108 3786s
H 5671  1510                     630.0527729  397.43039  36.9%   109 3786s
  5694  1520  524.44905   85 2847  630.05277  397.43039  36.9%   109 3806s
H 5700  1455                     630.0526926  397.43039  36.9%   109 3806s
  5714  1505  570.89535   88 2849  630.05269  397.43039  36.9%   109 3829s
  5772  1509  552.34990   93 2860  630.05269  397.43039  36.9%   110 3851s
H 5805  1443                     624.6605510  397.43039  36.4%   110 3869s
H 5806  1386                     624.6384852  397.43039  36.4%   110 3869s
H 5808  1329                     623.6663331  397.43039  36.3%   110 3870s
  5812  1367  552.81346   97 2858  623.66633  397.43039  36.3%   111 3895s
H 5814  1314                     623.6633819  397.43039  36.3%   111 3895s
H 5823  1263                     623.6606382  397.43039  36.3%   111 3895s
  5851  1289  553.25925  102 2841  623.66064  397.43039  36.3%   111 3972s
H 5876  1234                     623.6595234  397.43039  36.3%   112 3972s
  5893  1264  553.63147  108 2822  623.65952  397.43039  36.3%   113 4001s
  5935  1296  553.86776  113 2821  623.65952  397.43039  36.3%   114 4028s
H 5950  1247                     623.4142843  397.43039  36.2%   114 4028s
H 5986  1194                     623.3235127  397.43039  36.2%   114 4028s
  5987  1218  555.72528  121 2817  623.32351  397.43039  36.2%   114 4063s
H 6006  1171                     623.3193439  397.43039  36.2%   115 4063s
  6011  1178  556.61753  122 2813  623.31934  397.43039  36.2%   115 4142s
H 6016  1138                     623.3193427  397.43039  36.2%   115 4142s
  6019  1220  556.64197  123 2810  623.31934  397.43039  36.2%   115 4167s
H 6070  1167                     623.2838707  397.43039  36.2%   115 4167s
  6106  1167  562.57296  135 2785  623.28387  397.43039  36.2%   114 4195s
H 6108  1132                     623.2837040  397.43039  36.2%   114 4195s
H 6109  1100                     623.2836808  397.43039  36.2%   114 4195s
H 6110  1069                     623.2836017  397.43039  36.2%   114 4195s
H 6111  1039                     623.2834262  397.43039  36.2%   114 4195s
H 6117  1008                     621.5645187  397.43039  36.1%   114 4195s
H 6118   982                     621.5286681  397.43039  36.1%   114 4195s
  6120  1106  562.61534  137 2779  621.52867  397.43039  36.1%   114 4220s
H 6251  1081                     621.5285259  397.43039  36.1%   113 4246s
H 6286  1045                     621.5257311  397.43039  36.1%   113 4246s
  6296  1127  563.54909  152 2757  621.52573  397.43039  36.1%   113 4268s
H 6300  1103                     621.5257113  397.43039  36.1%   113 4268s
H 6354  1063                     621.5256450  397.43039  36.1%   112 4268s
H 6367  1045                     621.5255578  397.43039  36.1%   112 4268s
  6383  1111  564.04969  161 2740  621.52556  397.43039  36.1%   112 4298s
H 6430  1111                     621.4242466  397.43039  36.0%   111 4298s
  6449  1199  564.56069  170 2720  621.42425  397.43039  36.0%   111 4336s
H 6482  1199                     621.4231744  397.43039  36.0%   114 4336s
H 6528  1199                     621.4221716  397.43039  36.0%   113 4336s
  6541  1313  564.63955  177 2706  621.42217  397.43039  36.0%   113 4362s
H 6549  1313                     621.4207175  397.43039  36.0%   113 4362s
H 6657  1386                     621.4206397  397.43039  36.0%   112 4390s
H 6665  1386                     621.4180849  397.43039  36.0%   112 4390s
H 6677  1386                     621.4130260  397.43039  36.0%   112 4390s
  6730  1398  567.53536  202 2710  621.41303  397.43039  36.0%   111 4491s
H 6732  1398                     621.3151217  397.43039  36.0%   111 4491s
  6742  1480 infeasible  203       621.31512  397.43039  36.0%   111 4527s
H 6743  1480                     621.1943017  397.43039  36.0%   111 4527s
  6829  1551  570.40880  218 2693  621.19430  397.43039  36.0%   113 4559s
H 6884  1551                     621.1942808  397.43039  36.0%   112 4559s
  6902  1715  577.63417  227 2670  621.19428  397.43039  36.0%   112 4589s
  7072  1836  573.16847  245 2670  621.19428  397.43039  36.0%   110 4624s
H 7129  1836                     621.1941818  397.43039  36.0%   110 4624s
H 7195  1840                     620.8964854  397.43039  36.0%   109 4788s
H 7196  1840                     620.2306866  397.43039  35.9%   109 4788s
H 7196  1840                     620.0188208  397.43039  35.9%   109 4788s
  7199  1974  573.88749  260 2654  620.01882  397.43039  35.9%   109 4823s
H 7224  1974                     620.0188199  397.43039  35.9%   108 4823s
H 7335  1980                     619.4758691  397.43039  35.8%   107 4857s
H 7337  1980                     619.2779747  397.43039  35.8%   107 4857s
H 7338  1979                     618.3005045  397.43039  35.7%   107 4857s
  7342  2130  574.07341  275 2643  618.30050  397.43039  35.7%   107 4903s
H 7366  2130                     618.2083736  397.43039  35.7%   107 4903s
  7499  2246  575.05184  297 2620  618.20837  397.43039  35.7%   106 4938s
H 7500  2246                     618.2078815  397.43039  35.7%   106 4938s
H 7582  2246                     618.2032177  397.43039  35.7%   105 4938s
  7617  2447  575.34427  314 2614  618.20322  397.43039  35.7%   105 4994s
H 7622  2447                     618.2032176  397.43039  35.7%   105 4994s
H 7708  2443                     615.6308867  397.43039  35.4%   105 4994s
H 7826  2519                     615.6308043  397.43039  35.4%   104 5055s
H 7871  2519                     615.6234091  397.43039  35.4%   105 5055s
  7912  2696  575.92000  358 2531  615.62341  397.43039  35.4%   105 5124s
H 8035  2696                     615.6232156  397.43039  35.4%   105 5124s
H 8101  2976                     615.6229341  397.43039  35.4%   105 5311s
H 8194  2976                     615.6185506  397.43039  35.4%   106 5311s
H 8388  3252                     615.5880943  397.43039  35.4%   104 5374s
H 8524  3252                     615.5817284  397.43039  35.4%   103 5374s
H 8700  3256                     615.4715269  397.43039  35.4%   102 5628s
  8704  3577  586.84915  466 2419  615.47153  397.43039  35.4%   102 5676s
H 8815  3577                     615.4715269  397.43039  35.4%   102 5676s
  9033  3845  587.39332  509 2363  615.47153  397.43039  35.4%   100 5725s
H 9168  3845                     615.4715226  397.43039  35.4%  98.8 5725s
H 9169  3845                     615.4715096  397.43039  35.4%  98.8 5725s
H 9305  3742                     597.5150311  397.43039  33.5%  97.6 5765s
H 9513  3680                     588.7553750  397.43039  32.5%  95.9 5765s
  9581  3759     cutoff  584       588.75538  411.75012  30.1%  95.2 5832s
H 9592  3759                     588.7552371  411.75012  30.1%  95.1 5832s
H 9681  3759                     588.7552223  411.75012  30.1%  95.1 5832s
H 9717  3759                     588.7551698  411.75012  30.1%  94.8 5832s
  9768  3977  459.95099   28 2822  588.75517  411.75012  30.1%  95.0 5893s
H 9857  3977                     588.7550927  411.75012  30.1%  94.9 5893s
H 9889  3977                     588.7463036  411.75012  30.1%  94.6 5893s
  9988  4245  521.36365   45 2862  588.74630  411.75012  30.1%  93.8 5991s
H10125  4245                     588.7461462  411.75012  30.1%  93.6 5991s
 10263  4804 infeasible   57       588.74615  413.30677  29.8%  92.5 6076s
H10264  4804                     588.7461259  413.30677  29.8%  92.4 6076s
H10669  4804                     588.7460595  413.30677  29.8%  91.0 6076s
 10840  4917  506.58939   78 2902  588.74606  413.30677  29.8%  89.8 6107s
H10895  4908                     588.3123870  413.30677  29.7%  90.7 6107s
H10957  4942                     588.3123714  413.30677  29.7%  91.6 6155s
H10967  4942                     588.3123594  413.30677  29.7%  91.5 6155s
H10970  4942                     588.3123483  413.30677  29.7%  91.5 6155s
H10995  4896                     587.3702513  413.30677  29.6%  91.3 6259s
 11019  5135  564.89474  131 2840  587.37025  413.30677  29.6%  91.1 6314s
H11143  5135                     587.3702076  413.30677  29.6%  90.3 6314s
 11258  5603  565.09401  135 2831  587.37021  413.34988  29.6%  89.5 6364s
H11378  5603                     587.3701949  413.34988  29.6%  89.1 6364s
 11749  5666  475.62120   30 2973  587.37019  413.34988  29.6%  86.8 6410s
H11750  5666                     587.3701948  413.34988  29.6%  86.8 6410s
H11770  5666                     587.3701884  413.34988  29.6%  86.9 6411s
H11797  5664                     587.3650406  413.34988  29.6%  86.7 6411s
 11812  6091  510.81916   33 2929  587.36504  413.34988  29.6%  86.7 6457s
 12241  6413  531.70128   58 2911  587.36504  413.34988  29.6%  84.8 6502s
 12563  6750  536.45858   85 2861  587.36504  413.34988  29.6%  83.4 6549s
 12900  6754  538.54042  104 2853  587.36504  413.34988  29.6%  82.0 6703s
 12904  6971  538.63148  105 2852  587.36504  413.34988  29.6%  82.0 6751s
 13121  7254  540.36266  117 2822  587.36504  413.34988  29.6%  81.0 6803s
 13407  7520  540.84306  131 2795  587.36504  413.34988  29.6%  79.7 6854s
 13687  7765  542.50625  147 2782  587.36504  413.34988  29.6%  79.0 6900s
 13944  7923  550.69880  174 2730  587.36504  413.34988  29.6%  78.6 7188s
 14115  8177  550.57406  191 2704  587.36504  413.34988  29.6%  78.5 7318s
H14200  8009                     585.2915833  413.34988  29.4%  78.2 7318s
H14391  8467                     585.2914638  413.34988  29.4%  78.1 7405s
H14400  8467                     585.2909731  413.34988  29.4%  78.1 7405s
H14724  8467                     585.2908892  413.34988  29.4%  78.0 7405s
H14879  8634                     585.2493424  413.34988  29.4%  77.3 7491s
H14880  8631                     585.1722648  413.34988  29.4%  77.3 7491s
H14937  8631                     585.1346796  413.34988  29.4%  77.2 7491s
 15119  9006  556.50641  258 2608  585.13468  413.34988  29.4%  77.5 7588s
H15200  9004                     585.1165869  413.34988  29.4%  77.2 7588s
H15506  9451                     585.0998631  413.34988  29.4%  77.3 7673s
H15669  9451                     585.0939257  413.34988  29.4%  76.7 7673s
H15976  9867                     585.0939236  413.34988  29.4%  76.2 7814s
H15976  9867                     585.0485062  413.34988  29.3%  76.2 7814s
H16406 10192                     585.0485056  413.34988  29.3%  75.7 7909s
H16518 10188                     584.9971852  413.34988  29.3%  75.3 7909s
H16745 10366                     584.9971259  413.34988  29.3%  75.2 8091s
H16800 10366                     584.9920242  413.34988  29.3%  75.0 8091s
H16801 10366                     584.9889585  413.34988  29.3%  75.0 8091s
H16857 10366                     584.9795301  413.34988  29.3%  75.4 8091s
H16967 10753                     584.9792065  413.34988  29.3%  76.0 8254s
 17372 11103  562.65641  447 2385  584.97921  413.34988  29.3%  75.6 8381s
H17735 11163                     584.6542823  413.34988  29.3%  75.4 8495s
H17738 11150                     584.3847665  413.34988  29.3%  75.4 8495s
H17741 11150                     584.3519332  413.34988  29.3%  75.4 8495s
 17802 11521  562.87681  487 2328  584.35193  413.34988  29.3%  75.5 8608s
H17847 11521                     584.3519253  413.34988  29.3%  75.4 8608s
H17976 11521                     584.3519180  413.34988  29.3%  75.8 8608s
H18022 11521                     584.3467804  413.34988  29.3%  76.4 8608s
 18193 11633  562.97852  519 2292  584.34678  413.34988  29.3%  76.1 8709s
 18319 12126  563.24682  534 2282  584.34678  413.34988  29.3%  76.4 8806s
H18490 12126                     584.3467652  413.34988  29.3%  75.8 8806s
 18821 12629  563.32688  572 2245  584.34677  413.34988  29.3%  75.3 8926s
H18950 12629                     584.3467538  413.34988  29.3%  74.9 8926s
 19330 12803  564.01408  601 2197  584.34675  413.34988  29.3%  74.0 9049s
H19400 12803                     584.2394392  413.34988  29.2%  73.8 9049s
 19506 13378  564.05286  604 2213  584.23944  413.34988  29.2%  73.9 9114s
H19677 13378                     584.2394372  413.34988  29.2%  73.7 9114s
 20093 13738  564.26597  634 2162  584.23944  413.34988  29.2%  73.1 9333s
 20456 14195  564.35550  657 2047  584.23944  413.34988  29.2%  74.1 9436s
 20991 14730  564.48663  674 2103  584.23944  413.34988  29.2%  73.7 9591s
 21627 14930  564.64934  691 2084  584.23944  413.34988  29.2%  73.6 9654s
 21849 15185  564.87250  701 2076  584.23944  413.34988  29.2%  73.5 9729s
 22138 15488  564.89566  724 2083  584.23944  419.99018  28.1%  73.4 9821s
 22559 15842  509.89034   33 3006  584.23944  419.99018  28.1%  73.7 9899s
 23023 16122  545.99685   72 2888  584.23944  419.99018  28.1%  73.5 10028s
 23311 16490  548.10918   84 2865  584.23944  419.99018  28.1%  73.1 10100s
 23694 16888  559.38254  120 2804  584.23944  419.99018  28.1%  72.5 10182s
 24129 17286  565.03821  153 2768  584.23944  419.99018  28.1%  72.1 10273s
 24599 17494     cutoff  198       584.23944  423.42947  27.5%  72.0 10348s
 24817 17906  551.19823   39 2914  584.23944  423.42947  27.5%  72.0 10431s
 25287 18143  573.41422   62 2879  584.23944  425.00880  27.3%  71.5 10519s
 25602 18400  523.72665   86 2859  584.23944  425.80480  27.1%  72.5 10607s
 25885 18419  552.11353  143 2770  584.23944  425.80480  27.1%  72.7 10684s
H25889 18410                     584.0388899  425.80480  27.1%  72.7 10684s
 25905 18435     cutoff  145       584.03889  425.80480  27.1%  72.7 11049s
 25948 18715  543.03299  150 2741  584.03889  428.19684  26.7%  73.2 11155s
 26272 18751  527.83355   74 2911  584.03889  428.19684  26.7%  74.1 11326s
 26318 19224  531.92559   89 2875  584.03889  428.43584  26.6%  74.7 11408s
 26844 19295  473.06312   37 2963  584.03889  428.43584  26.6%  74.1 11504s
 26917 19725  484.83919   50 2926  584.03889  428.43584  26.6%  74.0 11587s
 27401 20067  544.06662  170 2738  584.03889  428.43584  26.6%  73.6 11686s
 27769 20391  550.58325  297 2570  584.03889  428.43584  26.6%  73.3 11783s
 28145 20395  558.66207  452 2409  584.03889  428.43584  26.6%  73.9 12125s
H28146 20395                     584.0127997  428.43584  26.6%  73.9 12125s
H28148 20395                     584.0104528  428.43584  26.6%  73.9 12125s
 28149 20723  558.66210  453 2406  584.01045  428.43584  26.6%  73.9 12234s
H28174 20723                     584.0099243  428.43584  26.6%  73.9 12234s
H28200 20723                     583.9982406  428.43584  26.6%  73.8 12234s
 28531 20783  560.97508  624 2228  583.99824  428.43584  26.6%  74.7 12331s
H28571 20783                     583.9981933  428.43584  26.6%  75.0 12331s
H28600 20783                     583.9924024  428.43584  26.6%  74.9 12331s
 28601 20975  561.24443  649 2198  583.99240  428.43584  26.6%  74.9 12445s
H28604 20975                     583.9896243  428.43584  26.6%  74.9 12445s
 28814 21457  562.85722  750 2082  583.98962  428.43584  26.6%  75.1 12540s
 29316 21813  566.38472  901 1893  583.98962  437.56929  25.1%  75.5 12634s
H29400 21813                     583.9894941  437.56929  25.1%  75.3 12634s
 29755 21899  539.58227   51 2951  583.98949  437.94355  25.0%  75.3 12834s
H29786 21899                     583.9726328  437.94355  25.0%  75.4 12834s
H29800 21899                     583.9590416  437.94355  25.0%  75.3 12834s
H29800 21899                     583.9572138  437.94355  25.0%  75.3 12834s
 29846 22245  544.92887   66 2951  583.95721  437.94355  25.0%  75.4 12916s
H29904 22245                     583.9572132  437.94355  25.0%  75.4 12916s
H29904 22245                     583.9570323  437.94355  25.0%  75.4 12916s
 30197 22306 infeasible  122       583.95703  438.71764  24.9%  75.3 12999s
H30199 22306                     583.9568856  438.71764  24.9%  75.4 12999s
H30259 22305                     583.9543074  438.71764  24.9%  75.5 12999s
H30269 22305                     583.9518076  438.71764  24.9%  75.5 12999s
 30270 22491  482.67393   39 2972  583.95181  438.71764  24.9%  75.5 13142s
H30277 22491                     583.9514744  438.71764  24.9%  75.5 13142s
H30300 22491                     583.9513011  438.71764  24.9%  75.5 13142s
H30308 22470                     583.5716252  438.71764  24.8%  75.5 13142s
 30456 22910  486.16361   70 2879  583.57163  438.71764  24.8%  75.2 13224s
H30482 22910                     583.5699506  438.71764  24.8%  75.2 13224s
H30500 22910                     583.5684443  438.71764  24.8%  75.2 13224s
H30957 23405                     583.5684431  438.71764  24.8%  74.6 13334s
H31000 23405                     583.5683862  438.71764  24.8%  74.5 13334s
H31478 23792                     583.5683776  438.71764  24.8%  73.9 13506s
H31482 23792                     583.5676260  438.71764  24.8%  73.9 13506s
H31811 23792                     583.5674522  438.71764  24.8%  75.0 13506s
H31980 23918                     583.5414919  438.71764  24.8%  74.6 13824s
H32140 24073                     583.5406347  438.71764  24.8%  74.8 13972s
H32164 24073                     583.5405853  438.71764  24.8%  74.8 13972s
H32187 23991                     581.6756365  438.71764  24.6%  74.7 13972s
H32297 24282                     581.6695832  438.71764  24.6%  74.6 14216s
H32468 24267                     581.4120733  438.71764  24.5%  74.3 14216s
H32710 24587                     581.4069363  438.71764  24.5%  76.0 14544s
H32710 24521                     580.8082364  438.71764  24.5%  76.0 14544s
 33097 24929 infeasible  835       580.80824  442.40609  23.8%  76.6 14803s
H33109 24929                     580.8029546  442.61901  23.8%  76.7 14803s
H33275 24926                     580.7934175  442.61901  23.8%  77.2 14803s
H33393 24924                     580.7917910  442.61901  23.8%  77.6 14803s
H33560 25061                     580.7850931  442.61901  23.8%  77.3 15026s
H33601 25061                     580.7819986  442.61901  23.8%  77.3 15026s
H33668 25061                     580.7807334  442.61901  23.8%  77.3 15026s
H33669 25061                     580.7667316  442.61901  23.8%  77.3 15026s
H33703 25688                     580.7667310  442.61901  23.8%  77.3 15218s
H33874 25688                     580.7667105  442.61901  23.8%  77.0 15218s
H33904 25688                     580.7646435  442.61901  23.8%  77.1 15218s
H34067 25687                     580.7579508  442.61901  23.8%  77.0 15218s
H34387 26138                     580.7579320  442.61901  23.8%  76.9 15420s
 34952 26444 infeasible   48       580.75793  443.00571  23.7%  78.5 15684s
 35383 26752  566.28196   69 2937  580.75793  443.00571  23.7%  80.6 15945s
 35736 27247  567.86181   81 2889  580.75793  443.89024  23.6%  82.4 16192s
 36320 27420  568.74857  181 2709  580.75793  443.94362  23.6%  83.0 16828s
H36404 27419                     580.7290351  443.94362  23.6%  83.0 16828s
H36466 27405                     580.5569878  443.94362  23.5%  82.9 16828s
 36526 27944  447.56250   48 2958  580.55699  443.94362  23.5%  82.9 17022s
H36551 27944                     580.5568309  443.94362  23.5%  82.9 17022s
H36722 27944                     580.5567008  443.94362  23.5%  82.9 17022s
 37143 28077  490.62163  219 2721  580.55670  443.94362  23.5%  83.4 17192s
H37150 28077                     580.5524040  443.94362  23.5%  83.4 17192s
H37170 28077                     580.5523779  443.94362  23.5%  83.3 17192s
H37254 28077                     580.5510571  443.94362  23.5%  83.2 17192s
 37284 28575  493.81609  254 2670  580.55106  443.94362  23.5%  83.3 17313s
 37877 29094  497.17288  425 2465  580.55106  443.94362  23.5%  83.6 17500s
 38402 29668  510.40437  596 2300  580.55106  443.94362  23.5%  83.5 17684s
H38818 29668                     580.5510456  443.94362  23.5%  83.3 17684s
 38989 30204  512.66058  767 2172  580.55105  443.94362  23.5%  83.1 17861s
 39545 30576  525.59148  938 1925  580.55105  443.94362  23.5%  83.0 17989s
H39700 30576                     580.5237366  443.94362  23.5%  82.7 17989s
 39922 31090  532.90222 1109 1703  580.52374  443.94362  23.5%  82.3 18421s
H40501 31694                     580.5237365  443.94362  23.5%  83.2 18522s
H40672 31694                     580.5237331  444.36796  23.5%  83.0 18523s
H40673 31694                     580.5237324  444.36796  23.5%  83.0 18523s
H41016 31694                     580.5237315  444.36796  23.5%  82.6 18523s
 41185 31823 infeasible  111       580.52373  444.46473  23.4%  82.5 18942s
H41186 31820                     580.4808213  444.46473  23.4%  82.4 18942s
H41202 31819                     580.4598428  444.50886  23.4%  82.6 18942s
 41358 32488  448.59506   46 2948  580.45984  444.50886  23.4%  82.4 19035s
H41710 32488                     580.4598400  444.50886  23.4%  82.3 19035s
 42042 32770  526.51212  217 2662  580.45984  444.50886  23.4%  81.7 19733s
 42403 33293  534.25491  338 2465  580.45984  444.81911  23.4%  81.3 19859s
 43087 33822  517.98943   92 2939  580.45984  444.90717  23.4%  81.8 20539s
 43725 33826  465.12686   66 2948  580.45984  445.04556  23.3%  87.1 20909s
H43726 33826                     580.4598370  445.04556  23.3%  87.1 20909s
 43729 34338  465.14062   67 2948  580.45984  445.04556  23.3%  87.1 21065s
 44266 34894  470.62764  143 2845  580.45984  445.04556  23.3%  86.9 21239s
 44859 35392  475.03481  200 2790  580.45984  445.04556  23.3%  86.6 22138s
 45382 35871  475.24109  201 2774  580.45984  445.04556  23.3%  86.0 22336s
 45909 36553  480.31427  227 2725  580.45984  445.04556  23.3%  85.8 22438s
 46593 37021  496.91849  294 2634  580.45984  445.04556  23.3%  85.0 22543s
 47100 37184  499.83925  320 2585  580.45984  445.04556  23.3%  84.9 22928s
 47263 37703  499.96348  325 2580  580.45984  445.04556  23.3%  84.8 23064s
 47794 38052  501.25982  368 2541  580.45984  445.04556  23.3%  84.5 23518s
 48149 38554  501.27468  372 2544  580.45984  445.04556  23.3%  84.3 23707s
 48669 39123  507.71722  404 2483  580.45984  445.04556  23.3%  84.2 23923s
 49258 39619  507.14566  428 2431  580.45984  445.04556  23.3%  83.9 24101s
 49826 40106  507.67086  462 2405  580.45984  445.04556  23.3%  83.8 24204s
 50321 40520  507.95481  500 2359  580.45984  445.04556  23.3%  83.5 24327s
 50781 41009  508.28205  526 2311  580.45984  445.04556  23.3%  83.5 24454s
 51294 41485  508.37773  544 2289  580.45984  445.04556  23.3%  83.1 24576s
 51803 41851  508.64513  574 2269  580.45984  445.04556  23.3%  83.1 24703s
 52189 42348  508.85517  605 2257  580.45984  445.04556  23.3%  83.0 24849s
 52707 42868  508.96704  627 2240  580.45984  445.04556  23.3%  82.8 25039s
 53293 43007  509.50850  663 2234  580.45984  445.04556  23.3%  82.7 25159s
 53435 43007  509.13589  670 2225  580.45984  445.04556  23.3%  82.8 25610s
 53443 43466  509.13906  670 2226  580.45984  445.04556  23.3%  82.8 25737s
 53923 43656  509.29552  675 2217  580.45984  445.04556  23.3%  82.7 25865s
 54119 44102  510.26788  682 2203  580.45984  445.04556  23.3%  82.8 25984s
 54575 44139  510.56593  704 2174  580.45984  445.04556  23.3%  82.5 26160s
 54624 44617  510.57574  706 2120  580.45984  445.04556  23.3%  82.6 26295s
 55130 44668  510.86234  725 2140  580.45984  445.04556  23.3%  82.4 26413s
 55187 45022  527.97975  728 2150  580.45984  445.04556  23.3%  82.5 26522s
 55553 45451  519.79084  734 2072  580.45984  445.04556  23.3%  82.2 26649s
 56002 45920  519.96739  754 2123  580.45984  445.04556  23.3%  82.1 26745s
 56473 46525  520.18760  758 2113  580.45984  445.04556  23.3%  82.0 26835s
 57078 46912  520.29130  768 2054  580.45984  445.04556  23.3%  81.6 26930s
 57494 47441  520.49348  788 2082  580.45984  445.04556  23.3%  81.6 27009s
 58067 47679  528.95400  817 2068  580.45984  445.04556  23.3%  81.6 27121s
 58319 48162  521.15036  818 2036  580.45984  445.04556  23.3%  81.8 27214s
 58816 48318  521.40615  835 2006  580.45984  445.04556  23.3%  81.8 27325s
 58982 48743  521.40836  844 2011  580.45984  445.04556  23.3%  81.8 27418s
 59417 49008  521.70509  872 1978  580.45984  445.04556  23.3%  81.6 27525s
 59720 49000  521.79722  884 1862  580.45984  445.04556  23.3%  82.6 27884s
 59736 49192  521.79301  883 1935  580.45984  445.04556  23.3%  82.7 27979s
 60002 49278  521.82217  887 1855  580.45984  445.04556  23.3%  82.9 28091s
 60124 49680  521.83764  889 1857  580.45984  445.04556  23.3%  83.2 28205s
 60540 49886  522.04811  909 1947  580.45984  445.04556  23.3%  83.0 28589s
 60790 49909  522.07909  919 1820  580.45984  445.04556  23.3%  83.4 28677s
 60815 49966  522.08453  921 1810  580.45984  445.04556  23.3%  83.4 28800s

Cutting planes:
  Learned: 15
  Gomory: 9
  Cover: 267
  Implied bound: 163
  Clique: 40
  MIR: 1400
  StrongCG: 2
  Flow cover: 2928
  GUB cover: 2
  Zero half: 1
  RLT: 1486
  Relax-and-lift: 215

Explored 60872 nodes (5161625 simplex iterations) in 28800.46 seconds
Thread count was 4 (of 32 available processors)

Solution count 10: 580.46 580.46 580.481 ... 580.557

Time limit reached
Best objective 5.804598369825e+02, best bound 4.450455588217e+02, gap 23.3288%
