
Gurobi 9.1.0 (linux64) logging started Wed Dec 29 13:03:05 2021

Changed value of parameter LogFile to eab_parasitoid_0.4_0_1_bud.log
   Prev:   Default: 
Changed value of parameter MIPGap to 0.01
   Prev: 0.0001  Min: 0.0  Max: inf  Default: 0.0001
Changed value of parameter MIPFocus to 1
   Prev: 0  Min: 0  Max: 3  Default: 0
Changed value of parameter RINS to 100
   Prev: -1  Min: -1  Max: 2000000000  Default: -1
Changed value of parameter TimeLimit to 28800.0
   Prev: inf  Min: 0.0  Max: inf  Default: inf
Changed value of parameter NodeFileStart to 10000.0
   Prev: inf  Min: 0.0  Max: inf  Default: inf
Changed value of parameter Threads to 4
   Prev: 0  Min: 0  Max: 1024  Default: 0
Changed value of parameter Heuristics to 1.0
   Prev: 0.05  Min: 0.0  Max: 1.0  Default: 0.05
Gurobi Optimizer version 9.1.0 build v9.1.0rc0 (linux64)
Thread count: 32 physical cores, 32 logical processors, using up to 4 threads
Optimize a model with 381543 rows, 174513 columns and 1305866 nonzeros
Model fingerprint: 0xc68216dc
Variable types: 77367 continuous, 97146 integer (97146 binary)
Coefficient statistics:
  Matrix range     [2e-04, 6e+03]
  Objective range  [1e-06, 1e-01]
  Bounds range     [1e+00, 6e+03]
  RHS range        [1e-04, 7e+03]

User MIP start produced solution with objective 1076.28 (7.57s)
Loaded user MIP start with objective 1076.28
Processed MIP start in 7.89 seconds

Presolve removed 213197 rows and 79797 columns (presolve time = 5s) ...
Presolve removed 261573 rows and 105103 columns
Presolve time: 8.50s
Presolved: 119970 rows, 69410 columns, 621800 nonzeros
Variable types: 31829 continuous, 37581 integer (37581 binary)

Deterministic concurrent LP optimizer: primal and dual simplex (primal and dual model)
Showing first log only...

Presolve removed 300 rows and 223 columns
Presolved: 119670 rows, 69187 columns, 621144 nonzeros


Root simplex log...

Iteration    Objective       Primal Inf.    Dual Inf.      Time
       0    2.6465363e+02   3.806768e+02   2.506724e+09     17s
Concurrent spin time: 0.09s

Solved with dual simplex (primal model)

Root relaxation: objective 2.557182e+02, 5626 iterations, 0.95 seconds

    Nodes    |    Current Node    |     Objective Bounds      |     Work
 Expl Unexpl |  Obj  Depth IntInf | Incumbent    BestBd   Gap | It/Node Time

     0     0  261.46008    0 1259 1076.28338  261.46008  75.7%     -   22s
     0     0  267.17068    0 2199 1076.28338  267.17068  75.2%     -   30s
     0     0  267.97940    0 2088 1076.28338  267.97940  75.1%     -   32s
     0     0  268.01594    0 2076 1076.28338  268.01594  75.1%     -   32s
     0     0  268.01751    0 2079 1076.28338  268.01751  75.1%     -   32s
     0     0  268.01751    0 2081 1076.28338  268.01751  75.1%     -   33s
     0     0  272.39907    0 2159 1076.28338  272.39907  74.7%     -   38s
H    0     0                    1058.1846360  272.39907  74.3%     -   41s
     0     0  273.72111    0 2144 1058.18464  273.72111  74.1%     -   42s
     0     0  273.78342    0 2186 1058.18464  273.78342  74.1%     -   43s
     0     0  273.78629    0 2186 1058.18464  273.78629  74.1%     -   43s
     0     0  273.78633    0 2183 1058.18464  273.78633  74.1%     -   43s
     0     0  301.65716    0 2294 1058.18464  301.65716  71.5%     -   53s
     0     0  301.65716    0 1316 1058.18464  301.65716  71.5%     -   63s
     0     0  301.65716    0 2355 1058.18464  301.65716  71.5%     -   71s
     0     0  304.20662    0 2219 1058.18464  304.20662  71.3%     -   76s
     0     0  304.82567    0 2321 1058.18464  304.82567  71.2%     -   78s
     0     0  304.92577    0 2383 1058.18464  304.92577  71.2%     -   79s
     0     0  304.92757    0 2384 1058.18464  304.92757  71.2%     -   79s
     0     0  311.82829    0 2414 1058.18464  311.82829  70.5%     -   83s
     0     0  312.54457    0 2362 1058.18464  312.54457  70.5%     -   90s
     0     0  313.59838    0 2346 1058.18464  313.59838  70.4%     -   91s
     0     0  313.66248    0 2383 1058.18464  313.66248  70.4%     -   92s
     0     0  313.66293    0 2380 1058.18464  313.66293  70.4%     -   92s
     0     0  319.93418    0 2327 1058.18464  319.93418  69.8%     -  101s
     0     0  325.19082    0 2230 1058.18464  325.19082  69.3%     -  108s
     0     0  326.58216    0 2197 1058.18464  326.58216  69.1%     -  110s
     0     0  326.67208    0 2202 1058.18464  326.67208  69.1%     -  110s
     0     0  326.67693    0 2243 1058.18464  326.67693  69.1%     -  111s
     0     0  326.67905    0 2240 1058.18464  326.67905  69.1%     -  111s
     0     0  328.69849    0 2209 1058.18464  328.69849  68.9%     -  120s
     0     0  330.10592    0 2208 1058.18464  330.10592  68.8%     -  125s
     0     0  330.55626    0 2195 1058.18464  330.55626  68.8%     -  126s
     0     0  330.56093    0 2210 1058.18464  330.56093  68.8%     -  127s
     0     0  331.53155    0 2259 1058.18464  331.53155  68.7%     -  133s
H    0     0                     955.8710817  331.53155  65.3%     -  140s
H    0     0                     873.7690825  331.53155  62.1%     -  323s
H    0     0                     871.0722154  331.53155  61.9%     -  323s
H    0     2                     871.0365344  331.53155  61.9%     -  327s
     0     2  331.53155    0 2258  871.03653  331.53155  61.9%     -  327s
     3     8  338.13077    2 2237  871.03653  338.13077  61.2%  1201  331s
    15    20  348.52674    5 2246  871.03653  339.06028  61.1%   729  338s
    19    24  352.37954    6 2384  871.03653  339.06028  61.1%  1053  342s
H   23    28                     871.0340763  339.06028  61.1%  1134  348s
H   24    28                     868.5526957  339.06028  61.0%  1110  348s
H   25    28                     854.2075653  339.06028  60.3%  1080  348s
H   27    32                     854.2061741  339.06028  60.3%  1038  445s
H   27    32                     854.1861311  339.06028  60.3%  1038  445s
H   28    32                     854.1500902  339.06028  60.3%  1019  445s
H   29    32                     854.0712645  339.06028  60.3%  1003  445s
H   30    32                     853.1291140  339.06028  60.3%   994  445s
    38    43  373.27628    9 2370  853.12911  339.06028  60.3%  1037  459s
H   39    43                     853.1118188  339.06028  60.3%  1010  459s
H   40    43                     852.1806603  339.06028  60.2%  1013  459s
H   42    47                     851.4679184  339.06028  60.2%   982  466s
    46    54  368.12943   11 2367  851.46792  339.06028  60.2%   924  470s
    53    62  371.20857   13 2371  851.46792  339.06028  60.2%   837  476s
H   61    66                     851.4656577  339.06028  60.2%   757  484s
H   62    66                     851.4594673  339.06028  60.2%   749  484s
H   64    66                     851.4362151  339.06028  60.2%   732  484s
    65    82  387.61503   15 2375  851.43622  339.06028  60.2%   742  486s
H   92    96                     851.4274613  339.06028  60.2%   588  497s
H   94    96                     851.2168521  339.06028  60.2%   582  497s
    97   111  403.71418   20 2464  851.21685  339.06028  60.2%   564  514s
H  104   111                     850.8470210  339.06028  60.2%   536  514s
   112   131  403.77864   24 2465  850.84702  339.06028  60.2%   510  516s
H  132   135                     850.8198057  339.06028  60.1%   458  523s
H  133   135                     850.8178237  339.06028  60.1%   455  523s
H  134   135                     850.8085820  339.06028  60.1%   452  523s
   136   155  408.30360   29 2465  850.80858  339.06028  60.1%   448  526s
   156   159  413.89377   34 2455  850.80858  339.06028  60.1%   420  530s
H  159   159                     850.8080909  339.06028  60.1%   419  530s
H  170   188                     850.7674374  339.06028  60.1%   396  533s
   189   216  427.08812   42 2475  850.76744  339.06028  60.1%   368  537s
H  217   220                     848.6350260  339.06028  60.0%   325  551s
H  219   220                     848.5165462  339.06028  60.0%   322  551s
H  220   220                     846.5951153  339.06028  60.0%   321  551s
H  255   256                     844.8755447  339.06028  59.9%   292  686s
H  255   256                     844.7680783  339.06028  59.9%   292  686s
H  257   256                     844.4632307  339.06028  59.8%   291  686s
   259   297  458.79608   55 2471  844.46323  339.06028  59.8%   289  690s
H  302   301                     844.4602551  339.06028  59.8%   259  704s
H  303   301                     844.2658485  339.06028  59.8%   258  704s
H  304   301                     844.2351619  339.06028  59.8%   257  704s
H  306   304                     844.2312610  339.06028  59.8%   256  720s
H  308   304                     829.7471701  339.06028  59.1%   258  720s
H  311   308                     829.7032829  339.06028  59.1%   256  725s
H  315   323                     761.7813600  339.06028  55.5%   253  831s
   330   331  504.04419   70 2450  761.78136  339.06028  55.5%   244  839s
H  331   331                     752.7319421  339.06028  55.0%   243  839s
H  335   331                     752.1443581  339.06028  54.9%   240  839s
H  338   335                     752.0691640  339.06028  54.9%   238  847s
H  339   335                     751.8215852  339.06028  54.9%   238  847s
H  340   335                     750.1741475  339.06028  54.8%   237  847s
H  341   335                     747.5749415  339.06028  54.6%   236  847s
   344   394  504.29098   72 2443  747.57494  339.06028  54.6%   237  853s
H  407   394                     747.5731285  339.06028  54.6%   209  865s
H  407   394                     710.6749114  339.06028  52.3%   209  865s
   413   431  505.86348   88 2421  710.67491  339.06028  52.3%   211  875s
H  422   431                     710.6629186  339.06028  52.3%   207  875s
H  450   435                     709.9497718  339.06028  52.2%   198  981s
   454   506  506.79765   99 2405  709.94977  339.06028  52.2%   196  989s
   527   511  511.34888  120 2365  709.94977  339.06028  52.2%   176  997s
H  528   511                     709.9464567  339.06028  52.2%   176  997s
H  532   519                     709.8822719  339.06028  52.2%   176 1004s
H  533   519                     709.8822716  339.06028  52.2%   175 1004s
H  537   519                     709.8822714  339.06028  52.2%   174 1004s
   540   535  511.35374  122 2362  709.88227  339.06028  52.2%   173 1110s
   556   624  511.63062  126 2355  709.88227  339.06028  52.2%   169 1117s
   645   651  513.37605  153 2311  709.88227  339.06028  52.2%   151 1126s
   672   656  513.48047  160 2306  709.88227  339.06028  52.2%   148 1133s
   677   685  513.66194  161 2308  709.88227  339.06028  52.2%   148 1141s
   708   689  513.94866  167 2299  709.88227  339.06028  52.2%   143 1148s
   712   718  514.14380  168 2294  709.88227  339.06028  52.2%   142 1185s
   747   723  515.05597  172 2291  709.88227  339.06028  52.2%   147 1191s
   752   746  514.87328  173 2290  709.88227  339.06028  52.2%   146 1231s
   777   780  515.02683  181 2281  709.88227  339.06028  52.2%   150 1240s
H  804   780                     709.8797267  339.06028  52.2%   145 1240s
H  813   802                     709.8797260  339.06028  52.2%   144 1247s
   837   816  515.45930  190 2283  709.87973  339.06028  52.2%   141 1256s
H  850   816                     709.8575104  339.06028  52.2%   139 1256s
   851   917  515.78099  197 2269  709.85751  339.06028  52.2%   139 1267s
H  928   917                     707.4132960  339.06028  52.1%   129 1267s
   952   927  517.41345  219 2256  707.41330  339.06028  52.1%   126 1281s
   962  1006  517.44616  220 2254  707.41330  339.06028  52.1%   125 1288s
H  979  1006                     706.3545834  339.06028  52.0%   123 1288s
H 1041  1068                     706.3545759  339.06028  52.0%   117 1304s
H 1041  1068                     706.3543022  339.06028  52.0%   117 1304s
  1103  1292  520.22239  255 2214  706.35430  339.06028  52.0%   111 1314s
  1327  1296  523.89367  301 2177  706.35430  339.06028  52.0%  95.5 1330s
  1331  1553  523.75155  301 2188  706.35430  339.06028  52.0%  95.3 1340s
H 1557  1553                     706.1427230  339.06028  52.0%  82.5 1340s
  1596  1557  525.00222  358 2107  706.14272  339.06028  52.0%  81.2 1355s
H 1598  1557                     706.1408086  339.06028  52.0%  81.1 1355s
H 1600  1561                     704.7040710  339.06028  51.9%  81.0 1455s
H 1601  1561                     704.6977511  339.06028  51.9%  80.9 1455s
H 1603  1561                     704.1076527  339.06028  51.8%  80.8 1455s
  1604  1613  525.00945  360 2103  704.10765  339.06028  51.8%  80.8 1463s
H 1625  1613                     704.1074841  339.06028  51.8%  79.8 1463s
  1656  1652  525.79014  399 2051  704.10748  339.06028  51.8%  78.4 1472s
H 1688  1652                     704.1071977  339.06028  51.8%  77.1 1472s
  1697  1743  526.55705  408 2039  704.10720  339.06028  51.8%  76.8 1480s
  1791  1756  526.70264  418 2029  704.10720  339.06028  51.8%  73.3 1491s
H 1807  1926                     704.1057105  339.06028  51.8%  72.7 1499s
  1981  1973  527.82025  462 1983  704.10571  339.06028  51.8%  67.3 1516s
  2032  2240  528.06768  476 1957  704.10571  339.06028  51.8%  66.0 1527s
  2303  2246  528.99693  531 1890  704.10571  339.06028  51.8%  59.6 1537s
H 2304  2246                     704.1026160  339.06028  51.8%  59.6 1537s
  2309  2350  529.07015  532 1896  704.10262  339.06028  51.8%  59.5 1552s
H 2334  2350                     704.1026158  339.06028  51.8%  58.9 1552s
  2413  2429  529.36657  552 1872  704.10262  339.06028  51.8%  57.2 1569s
H 2439  2429                     704.1026157  339.06028  51.8%  56.7 1569s
H 2440  2429                     704.1026146  339.06028  51.8%  56.7 1569s
  2492  2465  530.24978  568 1841  704.10261  339.06028  51.8%  55.6 1581s
  2528  2752  530.33852  576 1833  704.10261  339.06028  51.8%  55.0 1593s
  2823  2753  531.14854  637 1762  704.10261  339.06028  51.8%  50.7 1610s
  2829  2873  531.14854  638 1762  704.10261  339.06028  51.8%  50.9 1672s
  2953  2877  531.27199  664 1736  704.10261  339.06028  51.8%  53.7 1687s
H 2955  2877                     704.1026143  339.06028  51.8%  53.7 1687s
  2957  2977  531.29903  664 1736  704.10261  339.06028  51.8%  53.7 1696s
H 2958  2977                     704.0712218  339.06028  51.8%  53.7 1696s
H 3063  2978                     704.0709075  339.06028  51.8%  52.6 1709s
H 3070  3083                     698.2620015  339.06028  51.4%  52.7 1803s
H 3131  3077                     691.3659123  339.06028  51.0%  51.9 1803s
  3175  3137  532.68404  708 1662  691.36591  339.06028  51.0%  52.3 1869s
H 3189  3137                     691.3658967  339.06028  51.0%  52.1 1869s
H 3205  3137                     691.3236682  339.06028  51.0%  51.9 1869s
  3239  3150  532.81343  720 1647  691.32367  339.06028  51.0%  52.2 1882s
H 3251  3143                     682.8108852  339.06028  50.3%  52.1 1882s
  3252  3290  533.06885  723 1641  682.81089  339.06028  50.3%  52.1 1901s
H 3263  3290                     682.7624241  339.06028  50.3%  52.0 1901s
H 3263  3290                     682.6306274  339.06028  50.3%  52.0 1901s
H 3300  3290                     682.2892819  339.06028  50.3%  51.4 1901s
H 3312  3276                     680.6567144  339.06028  50.2%  51.3 1901s
  3411  3551  535.88656  761 1611  680.65671  339.06028  50.2%  50.7 1920s
H 3436  3547                     680.5036880  339.06028  50.2%  50.4 1920s
H 3616  3458                     678.7505234  339.06028  50.0%  48.2 1920s
  3696  3744  536.81710  828 1535  678.75052  339.06028  50.0%  48.4 1940s
H 3700  3744                     678.7444188  339.06028  50.0%  48.4 1940s
H 3800  3744                     678.7430671  339.06028  50.0%  47.2 1941s
H 3980  3709                     678.4393592  339.06028  50.0%  45.4 1941s
  3994  3839  540.21344  908 1453  678.43936  339.06028  50.0%  45.7 1959s
H 4002  3839                     678.4362756  339.06028  50.0%  45.6 1959s
H 4009  3838                     678.3808728  339.06028  50.0%  45.5 1959s
  4128  4116  540.49072  913 1449  678.38087  339.06028  50.0%  44.4 1985s
H 4153  4116                     678.3798206  339.06028  50.0%  44.2 1985s
H 4273  4116                     678.3795142  339.06028  50.0%  43.1 1985s
H 4299  4087                     677.1980373  339.06028  49.9%  42.9 1985s
H 4420  4177                     658.8523235  339.06028  48.5%  42.2 2088s
H 4632  4446                     658.8523232  339.06028  48.5%  40.6 2116s
H 4831  4446                     658.8523229  339.06028  48.5%  39.1 2116s
  4951  4768  596.23615 1081 1283  658.85232  348.52674  47.1%  38.7 2152s
  5419  4769  570.99112  722 2294  658.85232  353.61466  46.3%  37.4 2172s
  5421  4770  554.63257  779 1613  658.85232  353.61466  46.3%  37.4 2182s
  5422  4771  531.34851  647 2499  658.85232  353.61466  46.3%  37.4 2191s
  5423  4772  545.53704  437 2312  658.85232  353.61466  46.3%  37.4 2201s
  5424  4772  576.74868  952 2380  658.85232  353.61466  46.3%  37.4 2208s
  5425  4773  517.91119   62 2369  658.85232  353.61466  46.3%  37.4 2211s
  5431  4777  529.20566  538 2419  658.85232  353.61466  46.3%  37.4 2216s
  5432  4778  555.22604  830 2356  658.85232  362.47593  45.0%  37.3 2233s
  5433  4778  602.54943 1103 2411  658.85232  363.41628  44.8%  37.3 2236s
  5436  4780  559.70995 1035 2439  658.85232  364.55811  44.7%  37.3 2240s
  5438  4782  543.92942  137 2344  658.85232  372.07094  43.5%  37.3 2255s
  5440  4783  564.43526  627 2402  658.85232  375.43754  43.0%  37.3 2261s
  5443  4785  466.28587   49 2374  658.85232  375.61444  43.0%  37.3 2265s
  5447  4788  538.50663  319 2374  658.85232  375.68533  43.0%  37.2 2271s
  5448  4788  561.24443  450 2361  658.85232  380.32937  42.3%  37.2 2285s
  5450  4790  525.57355  369 2364  658.85232  385.05855  41.6%  37.2 2291s
  5453  4792  542.03034  991 2397  658.85232  385.14370  41.5%  37.2 2295s
  5456  4794  536.41064  785 2275  658.85232  387.30248  41.2%  37.2 2301s
  5457  4794  564.60051  650 2275  658.85232  387.30248  41.2%  37.2 2439s
  5458  4798  388.31594   12 2252  658.85232  388.31594  41.1%  47.8 2450s
  5464  4804  391.60136   14 2388  658.85232  388.55166  41.0%  48.4 2455s
  5476  4812  460.59711   15 2381  658.85232  391.87174  40.5%  49.6 2461s
  5484  4817  400.22182   16 2378  658.85232  393.57511  40.3%  50.0 2466s
  5492  4821  489.70286   17 2449  658.85232  393.85811  40.2%  50.4 2471s
  5500  4826  399.65539   18 2388  658.85232  395.96991  39.9%  50.9 2482s
  5504  4829  396.34404   19 2372  658.85232  395.96991  39.9%  51.1 2485s
  5513  4833  415.94570   20 2367  658.85232  398.66193  39.5%  51.5 2490s
  5521  4842  448.05541   21 2388  658.85232  398.67782  39.5%  51.8 2497s
  5529  4847  404.31090   22 2374  658.85232  399.65539  39.3%  51.9 2500s
  5544  4851 infeasible   24       658.85232  399.65539  39.3%  52.2 2505s
  5554  4856  405.67634   25 2458  658.85232  399.65539  39.3%  52.7 2515s
  5560  4860  418.20128   26 2445  658.85232  399.65539  39.3%  53.2 2520s
  5573  4871  410.18297   28 2479  658.85232  399.65539  39.3%  53.8 2530s
  5581  4872  416.52313   29 2493  658.85232  399.65539  39.3%  54.1 2536s
  5585  4878  424.27501   29 2467  658.85232  399.65539  39.3%  54.5 2541s
  5592  4895  419.09904   30 2493  658.85232  399.65539  39.3%  54.8 2546s
  5612  4893  419.49252   32 2490  658.85232  399.65539  39.3%  55.0 2655s
  5616  4901  470.58217   32 2515  658.85232  399.65539  39.3%  55.1 2660s
  5626  4902  421.23702   34 2484  658.85232  399.65539  39.3%  55.2 2665s
  5630  4913  429.17785   34 2494  658.85232  399.65539  39.3%  55.3 2670s
H 5642  4672                     658.7791990  399.65539  39.3%  55.3 2678s
H 5643  4443                     658.7349842  399.65539  39.3%  55.3 2678s
  5646  4446  431.10338   36 2453  658.73498  399.65539  39.3%  55.4 2683s
H 5649  4228                     658.7349792  399.65539  39.3%  55.4 2683s
  5650  4243  423.21180   37 2474  658.73498  399.65539  39.3%  55.4 2689s
H 5667  4035                     658.7142432  399.65539  39.3%  55.5 2740s
H 5668  3839                     658.6544694  399.65539  39.3%  55.5 2740s
H 5671  3655                     657.4554885  399.65539  39.2%  55.5 2748s
H 5675  3477                     653.6790379  399.65539  38.9%  55.5 2748s
  5676  3498  423.28678   40 2502  653.67904  399.65539  38.9%  55.5 2760s
H 5706  3325                     653.4201746  399.65539  38.8%  56.5 2771s
  5710  3347  429.09260   44 2483  653.42017  399.65539  38.8%  56.5 2782s
H 5716  3185                     653.4199521  399.65539  38.8%  56.6 2782s
H 5736  3027                     653.4198575  399.65539  38.8%  56.8 2782s
H 5737  2887                     652.9928791  399.65539  38.8%  56.8 2815s
  5741  2917  608.06274   48 2440  652.99288  399.65539  38.8%  57.0 2822s
H 5777  2772                     652.9442552  399.65539  38.8%  57.1 2858s
H 5777  2642                     652.1691386  399.65539  38.7%  57.1 2858s
H 5778  2518                     651.3494667  399.65539  38.6%  57.1 2858s
H 5779  2401                     651.3299238  399.65539  38.6%  57.2 2858s
  5781  2424  424.85482   53 2493  651.32992  399.65539  38.6%  57.2 2891s
H 5817  2302                     650.5926835  399.65539  38.6%  58.9 2906s
H 5818  2195                     650.1028749  399.65539  38.5%  58.9 2906s
  5823  2202 infeasible   58       650.10287  399.65539  38.5%  60.3 2936s
H 5856  2095                     650.1025205  399.65539  38.5%  60.9 2956s
H 5859  1998                     650.1024754  399.65539  38.5%  60.9 2956s
  5860  2006  492.62640   59 2496  650.10248  399.65539  38.5%  60.8 2979s
  5891  1997  433.27839   62 2471  650.10248  399.65539  38.5%  62.7 2994s
H 5892  1906                     650.1024609  399.65539  38.5%  62.7 2994s
H 5893  1820                     650.1021901  399.65539  38.5%  62.7 2994s
  5898  1823  436.62963   62 2558  650.10219  399.65539  38.5%  63.1 3005s
H 5900  1741                     650.1021848  399.65539  38.5%  63.3 3005s
  5911  1759  438.65049   64 2525  650.10218  399.65539  38.5%  65.3 3016s
H 5937  1677                     649.9316491  399.65539  38.5%  66.5 3034s
H 5942  1602                     649.8764922  399.65539  38.5%  66.6 3034s
H 5944  1530                     649.8339480  399.65539  38.5%  66.6 3034s
H 5945  1463                     649.7946510  399.65539  38.5%  66.6 3034s
  5946  1482  482.98435   71 2526  649.79465  399.65539  38.5%  66.6 3051s
  5980  1475  485.02074   76 2550  649.79465  399.65539  38.5%  67.9 3062s
H 5981  1412                     649.7944591  399.65539  38.5%  67.9 3062s
H 5982  1351                     649.7944588  399.65539  38.5%  68.1 3062s
  5984  1376  524.78665   76 2559  649.79446  399.65539  38.5%  68.5 3157s
H 6016  1315                     649.7645542  399.65539  38.5%  69.3 3169s
H 6020  1259                     649.5155815  399.65539  38.5%  69.4 3169s
H 6021  1207                     649.3643706  399.65539  38.5%  69.4 3169s
  6023  1261  485.89601   83 2500  649.36437  399.65539  38.5%  69.5 3200s
  6083  1254  488.54969   91 2523  649.36437  399.65539  38.5%  70.3 3214s
  6096  1275  489.08928   92 2513  649.36437  399.65539  38.5%  70.3 3226s
H 6109  1222                     649.3638567  399.65539  38.5%  70.4 3226s
  6124  1284  490.15043   97 2512  649.36386  399.65539  38.5%  71.0 3238s
H 6192  1214                     649.3638504  399.65539  38.5%  70.8 3238s
  6201  1261  491.15675  109 2494  649.36385  399.65539  38.5%  71.3 3255s
H 6218  1212                     648.4828646  399.65539  38.4%  71.4 3255s
H 6236  1164                     648.3454955  399.65539  38.4%  71.3 3255s
  6259  1173  493.24812  118 2468  648.34550  399.65539  38.4%  72.0 3268s
  6276  1254  493.47598  120 2464  648.34550  399.65539  38.4%  71.8 3281s
  6367  1303  507.74111  130 2471  648.34550  399.65539  38.4%  72.1 3326s
  6460  1323  519.55967  140 2435  648.34550  399.65539  38.4%  72.0 3340s
  6513  1358  520.80025  147 2422  648.34550  399.65539  38.4%  71.9 3355s
H 6529  1311                     644.1549637  399.65539  38.0%  71.8 3355s
H 6546  1256                     628.1507170  399.65539  36.4%  71.6 3355s
  6568  1334  521.09816  155 2403  628.15072  399.65539  36.4%  71.6 3368s
H 6570  1297                     627.9844905  399.65539  36.4%  71.6 3368s
H 6655  1312                     627.9805803  399.65539  36.4%  71.0 3384s
H 6710  1261                     627.9697561  399.65539  36.4%  70.6 3384s
  6734  1306  521.82551  173 2382  627.96976  399.65539  36.4%  70.4 3402s
H 6736  1274                     627.9423139  399.65539  36.4%  70.4 3402s
H 6749  1241                     627.9239267  399.65539  36.4%  70.3 3402s
H 6763  1208                     627.8881124  399.65539  36.3%  70.2 3402s
H 6776  1178                     627.6694865  399.65539  36.3%  70.1 3402s
H 6787  1197                     626.3764535  399.65539  36.2%  70.0 3489s
H 6801  1166                     619.9732608  399.65539  35.5%  69.9 3489s
H 6815  1162                     617.0804599  399.65539  35.2%  69.8 3489s
H 6840  1267                     617.0801381  399.65539  35.2%  69.6 3513s
H 6891  1267                     617.0038095  399.65539  35.2%  69.2 3513s
H 6947  1271                     617.0033597  399.65539  35.2%  69.0 3796s
H 6947  1271                     616.3080877  399.65539  35.2%  69.0 3796s
  6951  1421  522.86420  187 2363  616.30809  399.65539  35.2%  68.9 3816s
H 7064  1421                     616.3080872  399.65539  35.2%  68.1 3816s
H 7065  1420                     614.6997344  399.65539  35.0%  68.1 3816s
  7101  1511  524.12678  204 2318  614.69973  399.65539  35.0%  67.9 3837s
H 7117  1511                     614.6460817  399.65539  35.0%  67.8 3837s
  7196  1644  524.58324  214 2303  614.64608  399.65539  35.0%  67.4 3858s
H 7200  1644                     614.6457236  399.65539  35.0%  67.4 3858s
H 7217  1642                     613.6442348  399.65539  34.9%  67.3 3858s
  7329  1762  525.33615  225 2289  613.64423  399.65539  34.9%  66.5 3884s
H 7343  1762                     613.6410025  399.65539  34.9%  66.4 3884s
H 7365  1762                     613.6291909  399.65539  34.9%  66.7 3884s
  7459  1819  525.55862  236 2270  613.62919  399.65539  34.9%  66.2 3911s
H 7477  1819                     613.6289700  399.65539  34.9%  66.1 3911s
H 7518  1819                     613.6289582  399.65539  34.9%  66.1 3911s
  7542  1934  526.38724  245 2259  613.62896  399.65539  34.9%  66.0 3996s
H 7654  1934                     613.6287140  399.65539  34.9%  66.8 3996s
H 7710  1934                     613.5735679  399.65539  34.9%  66.5 3996s
H 7711  1998                     613.5735649  399.65539  34.9%  66.5 4045s
H 7738  1998                     613.5735593  399.65539  34.9%  67.6 4045s
H 7793  2113                     613.5734012  399.65539  34.9%  68.2 4070s
H 7843  2113                     613.5732676  399.65539  34.9%  68.5 4070s
H 7843  2113                     613.5732606  399.65539  34.9%  68.5 4070s
H 7919  2212                     613.5581792  399.65539  34.9%  68.0 4097s
H 7958  2212                     613.4590969  399.65539  34.9%  68.8 4097s
  8028  2298  533.04040  310 2142  613.45910  399.65539  34.9%  68.3 4136s
H 8122  2422                     613.1034211  399.65539  34.8%  69.1 4166s
H 8259  2542                     613.1031265  399.65539  34.8%  70.0 4491s
H 8300  2542                     613.1014828  399.65539  34.8%  69.7 4491s
H 8307  2542                     613.1014204  399.65539  34.8%  90.8 4491s
H 8392  2546                     613.1001954  399.65539  34.8%  90.3 4603s
H 8392  2546                     612.9666087  399.65539  34.8%  90.3 4603s
H 8394  2546                     612.8045139  399.65539  34.8%  90.3 4603s
  8396  2737  538.40710  368 2052  612.80451  399.65539  34.8%  90.4 4632s
  8595  2987  545.34169  394 2024  612.80451  399.65539  34.8%  89.6 4662s
H 8657  2987                     612.5370342  399.65539  34.8%  89.3 4662s
H 8857  2991                     612.5365590  399.65539  34.8%  88.1 4740s
H 8857  2989                     612.2496073  399.65539  34.7%  88.1 4740s
H 8860  2989                     612.1868560  399.65539  34.7%  88.1 4740s
  8861  3165  557.61751  425 1972  612.18686  399.65539  34.7%  88.1 4787s
  9055  3481  559.04104  452 1930  612.18686  399.65539  34.7%  87.5 4827s
  9395  3650  559.84132  487 1884  612.18686  399.65539  34.7%  85.1 4869s
  9566  3898  560.24360  506 1853  612.18686  399.65539  34.7%  83.8 4921s
  9916  4240  561.81761  550 1791  612.18686  399.65539  34.7%  84.8 4959s
 10276  4679  563.56378  593 1738  612.18686  399.65539  34.7%  83.8 5053s
 10805  4722  564.99586  678 1593  612.18686  399.65539  34.7%  83.3 5088s
H10823  4722                     612.1865655  399.65539  34.7%  83.2 5088s
 10852  4752  565.12263  687 1574  612.18657  399.65539  34.7%  83.3 5284s
H10884  5011                     612.1865130  399.65539  34.7%  86.1 5330s
H11162  5015                     612.1699461  399.65539  34.7%  85.1 5417s
H11163  5013                     612.1426781  399.65539  34.7%  85.0 5417s
 11166  5197  566.11615  739 1467  612.14268  399.65539  34.7%  85.0 5465s
 11400  5460  566.79110  796 1385  612.14268  399.65539  34.7%  85.4 5504s
H11515  5454                     611.5153801  399.65539  34.6%  84.7 5504s
H11671  5776                     611.4465200  399.65539  34.6%  84.4 5552s
 12001  5962  567.90002  921 1208  611.44652  399.65539  34.6%  82.9 5593s
 12193  6311 infeasible  952       611.44652  399.65539  34.6%  82.0 5643s
 12596  6537  569.62919 1028 1087  611.44652  399.65539  34.6%  80.3 5694s
H12848  6790                     611.4465197  399.65539  34.6%  80.8 5731s
H12973  6790                     611.4387458  399.65539  34.6%  80.8 5731s
H13015  6790                     611.4205626  399.65539  34.6%  80.7 5731s
 13119  7001  573.47118 1149  920  611.42056  399.65539  34.6%  81.6 5782s
 13343  7455 infeasible 1189       611.42056  399.65539  34.6%  80.9 5826s
H13649  7455                     611.4204496  399.65539  34.6%  79.3 5826s
H13831  7806                     611.4203731  399.65539  34.6%  78.7 5881s
H13831  7806                     611.4148229  399.65539  34.6%  78.7 5881s
H13988  7806                     611.4059671  399.65539  34.6%  77.9 5882s
H14196  8112                     611.4009070  399.65539  34.6%  77.7 5941s
H14353  8112                     611.3935604  399.65539  34.6%  76.9 5941s
H14470  8112                     611.1483618  399.65539  34.6%  76.9 5941s
 14530  8524  576.12889 1430  669  611.14836  399.65539  34.6%  77.1 5985s
H14952  7970                     603.3626951  399.65539  33.8%  76.2 6078s
H15008  7760                     591.6232887  399.65539  32.4%  75.9 6078s
 15154  8289  576.22740 1543  595  591.62329  399.65539  32.4%  75.5 6132s
H15707  8340                     591.6232886  399.65539  32.4%  73.5 6300s
H15707  8338                     591.5957630  399.65539  32.4%  73.5 6300s
H15755  8336                     591.5686197  399.65539  32.4%  73.3 6301s
 15762  8618  578.27131 1644  517  591.56862  399.65539  32.4%  73.2 6405s
H15781  8616                     591.5256248  399.65539  32.4%  73.2 6405s
H15991  8614                     591.4701563  399.65539  32.4%  72.6 6405s
H15992  8321                     582.8764985  399.65539  31.4%  72.6 6405s
 16050  8518 infeasible 1730       582.87650  404.31090  30.6%  72.4 6483s
H16100  8518                     582.8764335  404.31090  30.6%  72.7 6483s
H16313  8877                     582.8764321  404.31090  30.6%  72.6 6556s
H16329  8877                     582.8764226  404.31090  30.6%  72.7 6556s
H16421  8874                     582.8458682  404.31090  30.6%  72.4 6556s
 16684  9258  506.34977  162 2316  582.84587  404.31090  30.6%  72.3 6617s
H16691  9255                     582.8174897  404.31090  30.6%  72.3 6617s
H17024  9255                     582.8035310  404.31090  30.6%  71.2 6617s
H17082  9313                     582.7586181  404.31090  30.6%  71.2 6788s
H17082  9309                     582.7105680  404.31090  30.6%  71.2 6788s
 17158  9753  511.09449  298 2117  582.71057  404.31090  30.6%  71.6 6859s
H17612  9943                     582.6435999  404.31090  30.6%  70.7 6928s
H17627  9938                     582.6158268  404.31090  30.6%  70.7 6928s
 17808 10488  544.85136  529 1813  582.61583  404.31090  30.6%  70.4 6992s
H18362 10824                     582.5957883  404.31090  30.6%  68.8 7076s
H18623 10820                     582.5705224  404.31090  30.6%  67.9 7076s
H18662 10816                     582.5463400  404.31090  30.6%  67.8 7076s
 18701 11419  547.80960  871 1222  582.54634  404.31090  30.6%  67.7 7138s
H19142 11418                     582.5445437  404.31090  30.6%  66.4 7138s
H19310 11639                     582.4882831  404.31090  30.6%  66.0 7208s
 19723 11921     cutoff 1056       582.48828  410.20248  29.6%  65.7 7294s
H19783 11921                     582.4882771  410.20248  29.6%  66.3 7294s
H20062 11963                     582.4875549  410.20248  29.6%  66.0 7365s
H20063 11888                     581.7025996  410.20248  29.5%  66.0 7365s
 20104 12235  466.44564   25 2377  581.70260  415.94570  28.5%  65.9 7431s
H20154 12233                     581.6718967  415.94570  28.5%  66.8 7431s
H20476 12552                     581.6708453  415.94570  28.5%  66.3 7526s
H20727 12552                     581.6706475  415.94570  28.5%  66.0 7526s
H20817 12724                     580.6654808  415.94570  28.4%  67.3 7667s
H20817 12724                     580.6194420  415.94570  28.4%  67.3 7667s
 21034 13313  555.91136  150 2363  580.61944  417.15848  28.2%  67.7 7816s
 21718 13576 infeasible   86       580.61944  418.54615  27.9%  67.7 7925s
 22025 14060  545.57629   71 2438  580.61944  419.53444  27.7%  68.3 8016s
H22542 14137                     580.6074688  419.53444  27.7%  67.9 8191s
H22548 14137                     580.5974224  419.53444  27.7%  68.0 8191s
H22613 14137                     580.5590349  419.53444  27.7%  67.9 8191s
 22619 14685  470.12674   32 2418  580.55903  419.53444  27.7%  67.9 8298s
H22639 14685                     580.5299058  419.53444  27.7%  67.9 8298s
 23190 14923 infeasible  203       580.52991  419.53444  27.7%  67.7 8390s
H23192 14923                     580.5292743  419.53444  27.7%  67.7 8390s
H23196 14923                     580.5292123  419.53444  27.7%  67.7 8390s
H23202 14923                     580.5281818  419.53444  27.7%  67.8 8390s
H23217 14923                     580.5251285  419.53444  27.7%  67.9 8390s
H23230 14923                     580.5191733  419.53444  27.7%  67.9 8390s
H23340 14923                     580.5042570  419.53444  27.7%  67.6 8390s
 23466 15470  557.36168  201 2271  580.50426  419.85689  27.7%  67.4 8493s
H23500 15470                     580.5036569  419.85689  27.7%  67.7 8493s
H23587 15470                     580.5036560  419.85689  27.7%  67.7 8493s
H23728 15470                     580.4923846  419.85689  27.7%  67.4 8493s
H24066 16051                     580.4911442  419.85689  27.7%  66.5 8570s
H24350 16049                     580.4543186  421.46095  27.4%  66.3 8570s
H24671 16631                     580.4456337  421.46095  27.4%  65.9 8630s
 25271 17173 infeasible  161       580.44563  421.53772  27.4%  65.3 8681s
H25272 17173                     580.4451178  421.53772  27.4%  65.3 8681s
H25509 17173                     580.4407779  421.53772  27.4%  65.2 8681s
H25851 17712                     580.4406895  421.53772  27.4%  64.4 8756s
H25856 17712                     580.4406430  421.53772  27.4%  64.5 8756s
H26056 17712                     580.4403054  421.53772  27.4%  64.3 8756s
 26396 18228  491.80308   62 2571  580.44031  421.53772  27.4%  63.6 8839s
H26400 18228                     580.4402491  421.53772  27.4%  63.5 8839s
H26916 18751                     580.4402411  421.53772  27.4%  62.7 8903s
H26950 18751                     580.4402406  421.53772  27.4%  62.8 8903s
H26969 18751                     580.4402254  421.53772  27.4%  62.9 8903s
H27450 19126                     580.4402244  421.53772  27.4%  61.9 8958s
H27450 19126                     580.4378666  421.53772  27.4%  61.9 8958s
 27833 19608  503.86576  113 2470  580.43787  421.53772  27.4%  61.2 9081s
 28331 20100  505.32933  146 2421  580.43787  421.53772  27.4%  60.5 9190s
 28906 20182  507.98875  177 2378  580.43787  421.53772  27.4%  60.5 9346s
 29035 20384  510.86875  200 2351  580.43787  421.53772  27.4%  61.2 9773s
 29259 20773  511.03521  215 2319  580.43787  421.53772  27.4%  61.3 9826s
H29369 20773                     580.4368964  421.53772  27.4%  61.2 9826s
H29666 20839                     580.4368939  421.53772  27.4%  61.3 9886s
H29666 20839                     580.4368909  421.53772  27.4%  61.3 9886s
H29725 20839                     580.4368900  421.53772  27.4%  61.2 9886s
 29732 20896  512.87134  267 2208  580.43689  421.53772  27.4%  61.2 10025s
H29755 20896                     580.4368858  421.53772  27.4%  61.2 10025s
 29789 21236  513.07412  273 2191  580.43689  421.53772  27.4%  61.1 10121s
H30029 21234                     580.4284210  421.53772  27.4%  60.7 10121s
 30145 21590  514.76072  326 2110  580.42842  421.53772  27.4%  61.1 10316s
H30200 21590                     580.4281967  421.53772  27.4%  61.2 10316s
H30406 21590                     580.4280376  421.53772  27.4%  60.8 10316s
H30547 21686                     580.4275457  421.53772  27.4%  62.1 10439s
H30578 21686                     580.4273639  421.53772  27.4%  62.1 10439s
H30656 21686                     580.4273453  421.53772  27.4%  62.4 10439s
H30657 21778                     580.4273439  421.53772  27.4%  62.4 10586s
H30657 21778                     580.4212328  421.53772  27.4%  62.4 10586s
H30701 21750                     580.1749617  421.53772  27.3%  62.3 10586s
 30753 21890  524.45833  417 2026  580.17496  421.53772  27.3%  63.1 10655s
 30895 22334  534.96281  438 1995  580.17496  421.53772  27.3%  63.1 10728s
 31371 22934  535.95848  499 1884  580.17496  421.53772  27.3%  62.8 10833s
H31884 22934                     580.1736135  421.53772  27.3%  62.0 10833s
 32004 23188  540.47068  585 1748  580.17361  421.53772  27.3%  62.2 10885s
H32269 23188                     580.1674600  421.53772  27.3%  61.9 10885s
 32270 23598  540.94218  628 1678  580.16746  421.53772  27.3%  61.9 10938s
H32296 23598                     580.1674540  421.53772  27.3%  61.9 10938s
H32401 23598                     580.1674530  421.53772  27.3%  61.8 10938s
H32531 23598                     580.1674224  421.53772  27.3%  61.6 10938s
 32701 24089  541.97133  693 1560  580.16742  421.53772  27.3%  61.7 10989s
H32800 24089                     580.1674147  421.53772  27.3%  61.6 10989s
H33126 24089                     580.1674069  421.53772  27.3%  61.1 10989s
H33206 24462                     580.1674030  421.53772  27.3%  61.4 11044s
H33227 24462                     580.1673888  421.53772  27.3%  61.4 11044s
H33300 24462                     580.1665915  421.53772  27.3%  61.3 11044s
 33585 24931  543.61562  827 1366  580.16659  421.53772  27.3%  60.9 11101s
H33600 24931                     580.1665897  421.53772  27.3%  60.9 11101s
H34088 25508                     580.1665876  421.53772  27.3%  60.4 11156s
 34678 26162  546.64333  992 1147  580.16659  421.53772  27.3%  59.7 11223s
H34849 26161                     580.1461348  421.53772  27.3%  59.5 11223s
 35350 26346     cutoff 1077       580.14613  421.53772  27.3%  58.8 11278s
H35364 26346                     580.1303938  421.53772  27.3%  58.8 11278s
H35377 26336                     579.6507974  421.53772  27.3%  59.0 11278s
 35563 26886  482.40789   28 2394  579.65080  421.53772  27.3%  58.8 11331s
H36131 27367                     579.6507968  421.53772  27.3%  58.2 11389s
H36632 27647                     579.5637817  421.85049  27.2%  57.7 11440s
H36707 27563                     579.0614545  421.85049  27.1%  57.6 11440s
 36915 27948  529.68063   25 2344  579.06145  421.85049  27.1%  57.3 11498s
H37149 27948                     579.0614532  421.85049  27.1%  57.4 11498s
H37309 28493                     578.9972913  421.85049  27.1%  57.1 11553s
H37870 28763                     578.9011586  424.58217  26.7%  56.6 11595s
H37893 28762                     578.8630195  424.58217  26.7%  56.8 11595s
H37993 28762                     578.8273840  424.58217  26.6%  56.7 11595s
H38160 29100                     578.8173098  424.58217  26.6%  56.5 11646s
H38191 29099                     578.7640566  424.58217  26.6%  56.7 11646s
H38417 29099                     578.7508551  424.58217  26.6%  56.5 11646s
H38548 29431                     578.7120355  424.58217  26.6%  56.4 11759s
H38735 29431                     578.7091558  424.58217  26.6%  56.5 11759s
 39077 29477 infeasible   64       578.70916  424.58217  26.6%  56.1 11823s
H39078 29469                     578.5503672  424.58217  26.6%  56.1 11823s
H39082 29468                     578.5322041  424.58217  26.6%  56.1 11823s
H39082 29468                     578.5246091  424.58217  26.6%  56.1 11823s
H39108 29465                     578.4466309  424.58217  26.6%  56.0 11823s
 39303 29666  556.66506   64 2550  578.44663  424.58498  26.6%  55.8 11879s
H39347 29666                     578.4464664  424.58498  26.6%  56.1 11879s
H39622 29666                     578.4300076  424.58498  26.6%  55.8 11879s
H39740 29779                     578.4296333  424.58498  26.6%  55.6 11926s
H39741 29779                     578.4292566  424.58498  26.6%  55.6 11926s
H39742 29779                     578.4288422  424.58498  26.6%  55.6 11926s
H39758 29779                     578.4260084  424.58498  26.6%  55.6 11926s
H39907 29779                     578.4179160  424.58498  26.6%  55.5 11926s
H39966 29779                     578.4152711  424.58498  26.6%  55.4 11926s
H40077 29794                     578.4146741  424.58498  26.6%  55.2 12050s
H40078 29794                     578.4120040  424.58498  26.6%  55.2 12050s
H40078 29794                     578.4105552  424.58498  26.6%  55.2 12050s
H40103 29794                     578.4023548  424.58498  26.6%  55.2 12050s
H40274 29918                     578.3994994  424.58498  26.6%  55.0 12095s
 40549 30092  548.23865  108 2445  578.39950  424.58498  26.6%  55.0 12141s
H40551 30092                     578.3994419  424.58498  26.6%  55.0 12141s
 40725 30418  563.64565  159 2357  578.39944  424.66807  26.6%  54.9 12201s
H40843 30418                     578.3994179  424.66807  26.6%  55.2 12201s
 41128 30564  462.80426   35 2492  578.39942  424.66807  26.6%  55.2 12278s
 41316 30786 infeasible   36       578.39942  425.03619  26.5%  56.1 12337s
H41349 30786                     578.3991757  425.03619  26.5%  56.7 12337s
 41556 31013  493.12928   69 2556  578.39918  425.03619  26.5%  56.8 12391s
H41602 31013                     578.3991756  425.03619  26.5%  56.8 12391s
 41795 31538  521.23228  114 2465  578.39918  425.19952  26.5%  56.9 12496s
 42387 31539 infeasible   62       578.39918  425.67080  26.4%  57.0 12645s
H42390 31539                     578.3991729  425.67080  26.4%  57.0 12645s
H42392 31539                     578.3985735  425.67080  26.4%  57.1 12645s
 42394 31807  449.42434   24 2457  578.39857  425.98262  26.4%  57.1 12697s
H42400 31807                     578.3985647  425.98262  26.4%  57.1 12697s
H42434 31807                     578.3985643  426.30350  26.3%  57.6 12697s
H42628 31807                     578.3985449  426.30350  26.3%  57.8 12697s
H42697 31817                     578.3985183  426.30350  26.3%  57.7 12809s
H42697 31817                     578.3934761  426.30350  26.3%  57.7 12810s
 42707 32023  513.73314   30 2444  578.39348  426.30350  26.3%  57.8 12872s
H42729 32023                     578.3923266  426.30350  26.3%  57.8 12873s
H42771 32022                     578.3781906  426.30350  26.3%  58.3 12873s
 42930 32429  526.94278   47 2469  578.37819  426.30350  26.3%  58.1 12928s
H42943 32429                     578.3781556  426.30350  26.3%  58.1 12928s
H43360 32899                     578.3781555  426.30350  26.3%  58.2 12990s
H43413 32899                     578.3781461  426.34433  26.3%  58.4 12990s
 43854 33436  514.76172   80 2407  578.37815  426.47165  26.3%  58.0 13053s
H44049 33436                     578.3781455  426.47165  26.3%  58.0 13053s
H44391 33917                     578.3781436  426.47165  26.3%  57.6 13104s
H44495 33917                     578.3773663  426.47165  26.3%  57.5 13104s
H44872 34152                     578.3773319  426.47165  26.3%  57.1 13186s
H44872 34150                     578.3695464  426.47165  26.3%  57.1 13186s
 45130 34510  542.37874  337 2080  578.36955  426.47165  26.3%  56.8 13242s
H45227 34510                     578.3692827  426.47165  26.3%  56.7 13242s
H45524 34828                     578.3692818  426.47165  26.3%  56.7 13308s
H45600 34828                     578.3692770  426.47165  26.3%  56.6 13308s
H45709 34828                     578.3485782  426.47165  26.3%  56.5 13308s
H45855 35469                     578.3485751  426.47165  26.3%  56.5 13357s
H45900 35469                     578.3484175  426.47165  26.3%  56.5 13357s
H46026 35467                     578.3295287  426.47165  26.3%  56.3 13357s
H46514 36049                     578.3280761  426.47165  26.3%  56.0 13401s
H46685 36049                     578.3254852  426.47165  26.3%  55.8 13401s
 47116 36563  549.57254  887 1151  578.32549  426.47165  26.3%  55.5 13450s
 47670 36981  551.74829 1035  915  578.32549  426.49151  26.3%  55.3 13494s
 48187 37002  441.53839   44 2557  578.32549  426.49151  26.3%  55.2 13557s
H48191 36830                     578.2704663  426.49151  26.2%  55.3 13557s
H48203 36819                     578.2654622  426.49151  26.2%  55.3 13557s
 48344 37016  484.95821   45 2570  578.26546  426.49151  26.2%  55.2 13600s
 48562 37122  474.11141   51 2531  578.26546  426.49151  26.2%  56.0 13735s
H48600 37122                     578.2653915  426.49151  26.2%  56.1 13735s
H48676 37122                     578.2653818  426.49151  26.2%  56.4 13735s
 48707 37193  476.69059   78 2430  578.26538  426.49151  26.2%  56.7 13854s
H48728 37193                     578.2653773  426.49151  26.2%  56.8 13854s
H48750 37193                     578.2653709  426.49151  26.2%  56.9 13854s
 48795 37466  493.21377   89 2471  578.26537  426.49151  26.2%  56.9 13902s
H48819 37466                     578.2653706  426.49151  26.2%  57.0 13902s
H48844 37466                     578.2653688  426.49151  26.2%  57.1 13902s
 49078 37611  492.80930   92 2455  578.26537  426.49151  26.2%  56.9 13986s
H49083 37611                     578.2653685  426.49151  26.2%  56.9 13986s
H49100 37611                     578.2653674  426.49151  26.2%  56.9 13986s
H49103 37611                     578.2653670  426.49151  26.2%  56.9 13986s
 49223 38045  494.06655  104 2433  578.26537  426.49151  26.2%  56.8 14028s
H49236 38045                     578.2653670  426.49151  26.2%  56.8 14028s
 49667 38099  497.98930  138 2380  578.26537  426.49151  26.2%  56.5 14096s
H49689 38099                     578.2653616  426.49151  26.2%  56.5 14096s
 49725 38329  498.63922  147 2369  578.26536  426.49151  26.2%  56.5 14163s
H49850 38329                     578.2653615  426.49151  26.2%  56.6 14163s
H49973 38329                     578.2653607  426.49151  26.2%  56.6 14163s
 49977 38425  501.86245  180 2319  578.26536  426.49151  26.2%  56.6 14261s
H49999 38425                     578.2482054  426.49151  26.2%  56.5 14261s
 50073 38606  501.41748  187 2313  578.24821  426.49151  26.2%  56.5 14341s
H50100 38606                     578.2481944  426.49151  26.2%  56.5 14341s
H50238 38606                     578.2481929  426.49151  26.2%  56.4 14341s
H50265 38606                     578.2481904  426.49151  26.2%  56.4 14341s
 50266 38796  502.66075  197 2294  578.24819  426.49151  26.2%  56.4 14411s
H50300 38796                     578.2481837  426.49151  26.2%  56.3 14411s
H50357 38796                     578.2481835  426.49151  26.2%  56.3 14411s
H50472 38824                     578.2481818  426.49151  26.2%  56.2 14486s
H50474 38824                     578.2481771  426.49151  26.2%  56.2 14486s
H50478 38823                     578.2312692  426.49151  26.2%  56.2 14486s
 50504 39223  502.96728  202 2282  578.23127  426.49151  26.2%  56.2 14552s
H50530 39223                     578.2312432  426.49151  26.2%  56.2 14552s
H50951 39461                     578.2312419  426.49151  26.2%  56.4 14619s
 51225 39847  509.59903  233 2248  578.23124  426.49151  26.2%  56.4 14674s
H51300 39847                     578.2312414  426.49151  26.2%  56.4 14674s
H51434 39847                     578.2312151  426.49151  26.2%  56.3 14674s
 51619 40314  511.46782  268 2197  578.23122  426.49151  26.2%  56.5 14727s
H51945 40314                     578.2312138  426.49151  26.2%  56.3 14727s
 52110 40830  515.51612  295 2164  578.23121  426.49151  26.2%  56.3 14811s
H52231 40830                     578.2312109  426.49151  26.2%  56.2 14811s
H52397 40830                     578.2308506  426.49151  26.2%  56.1 14811s
 52676 41321  516.74108  326 2133  578.23085  426.49151  26.2%  56.0 14859s
H52700 41321                     578.2308466  426.49151  26.2%  56.0 14859s
H53143 41321                     578.2260410  426.49151  26.2%  55.5 14859s
 53167 41426  517.09694  341 2111  578.22604  426.49151  26.2%  55.8 14979s
H53170 41425                     578.2155229  426.49151  26.2%  55.8 14979s
H53201 41425                     578.2087917  426.49151  26.2%  55.8 14979s
H53296 41779                     578.2087718  426.49151  26.2%  55.8 15053s
H53298 41779                     578.2087531  426.49151  26.2%  55.8 15053s
H53300 41779                     578.2087435  426.49151  26.2%  55.8 15053s
 53674 42249  519.04127  358 2085  578.20874  426.49151  26.2%  55.7 15109s
H53827 42249                     578.2087346  426.49151  26.2%  55.7 15109s
H54073 42249                     578.2087331  426.49151  26.2%  55.5 15109s
H54144 42715                     578.2087267  426.49151  26.2%  55.5 15164s
H54144 42715                     578.2086848  426.49151  26.2%  55.5 15164s
H54384 42713                     578.2077769  426.49151  26.2%  55.4 15164s
H54628 43015                     578.2059024  426.49151  26.2%  55.2 15234s
H54689 43015                     578.2020766  426.49151  26.2%  55.2 15234s
 54950 43452  519.65404  382 2051  578.20208  426.49151  26.2%  55.2 15292s
H55022 43452                     578.2020764  426.49151  26.2%  55.1 15292s
H55072 43452                     578.2019750  426.49151  26.2%  55.1 15292s
H55113 43452                     578.1956866  426.49151  26.2%  55.1 15293s
 55387 43507  520.22049  389 2046  578.19569  426.49151  26.2%  54.9 15371s
H55400 43507                     578.1952089  426.49151  26.2%  54.9 15371s
H55414 43507                     578.1947851  426.49151  26.2%  54.9 15371s
H55520 43507                     578.1845328  426.49151  26.2%  54.9 15371s
H55534 43919                     578.1842543  426.49151  26.2%  54.9 15427s
H55757 43919                     578.1842089  426.49151  26.2%  54.7 15427s
H55770 43919                     578.1838235  426.49151  26.2%  54.7 15427s
H55956 44321                     578.1837805  426.49151  26.2%  54.7 15512s
H55958 44321                     578.1837684  426.49151  26.2%  54.7 15512s
H56118 44321                     578.1837310  426.49151  26.2%  54.6 15512s
H56392 44363                     578.1836661  426.49151  26.2%  54.8 15629s
H56413 44363                     578.1836515  426.49151  26.2%  54.8 15629s
H56422 44363                     578.1824428  426.49151  26.2%  54.8 15629s
 56441 44701  521.68537  450 1965  578.18244  426.49151  26.2%  54.8 15696s
 56795 44855  521.76959  452 1963  578.18244  426.49151  26.2%  54.9 15812s
H56796 44855                     578.1824398  426.49151  26.2%  54.9 15812s
H56797 44855                     578.1824353  426.49151  26.2%  54.9 15812s
 56955 45187  521.96580  461 1942  578.18244  426.49151  26.2%  54.9 15886s
 57319 45690  522.49441  498 1899  578.18244  426.49151  26.2%  55.0 15949s
 57839 46306  522.86379  526 1860  578.18244  426.49151  26.2%  54.8 16074s
 58484 46707  523.51045  553 1810  578.18244  426.49151  26.2%  54.6 16140s
 58911 47383  523.55493  582 1753  578.18244  426.49151  26.2%  54.5 16202s
 59595 47846  523.65006  608 1717  578.18244  426.49151  26.2%  54.0 16254s
H59766 47846                     578.1824299  426.49151  26.2%  53.9 16254s
 60114 48259  523.95291  629 1676  578.18243  426.49151  26.2%  53.8 16324s
H60200 48259                     578.1823528  426.49151  26.2%  53.8 16324s
H60543 48461                     578.1804101  426.49151  26.2%  53.9 16382s
 60748 48977  524.20296  648 1637  578.18041  426.49151  26.2%  53.8 16446s
H60953 48977                     578.1804021  426.49151  26.2%  53.7 16446s
H60977 48977                     578.1803910  426.49151  26.2%  53.7 16446s
H61029 48977                     578.1803023  426.49151  26.2%  53.7 16447s
H61249 48977                     578.1802627  426.49151  26.2%  53.5 16447s
 61268 49615  524.26753  655 1629  578.18026  426.49151  26.2%  53.5 16509s
H61439 49615                     578.1802619  426.49151  26.2%  53.4 16509s
H61608 49615                     578.1802535  426.49151  26.2%  53.4 16509s
H61879 49615                     578.1802449  426.49151  26.2%  53.2 16509s
 61918 49832  524.36369  663 1612  578.18024  426.49151  26.2%  53.2 16566s
H61938 49832                     578.1802429  426.49151  26.2%  53.2 16566s
H62139 50312                     578.1766195  426.49151  26.2%  53.1 16627s
 62662 50635  524.59234  682 1592  578.17662  426.49151  26.2%  52.9 16759s
H62700 50635                     578.1765580  426.49151  26.2%  52.9 16759s
H62800 50635                     578.1765233  426.49151  26.2%  52.8 16759s
 62985 51292  524.76366  709 1556  578.17652  426.49151  26.2%  52.8 16911s
H63306 51292                     578.1765169  426.49151  26.2%  52.8 16911s
H63421 51292                     578.1765163  426.49151  26.2%  52.7 16911s
 63648 51690  524.92193  733 1517  578.17652  426.49151  26.2%  52.5 17070s
 64126 52012  524.99857  745 1498  578.17652  426.49151  26.2%  52.7 17144s
H64324 52012                     578.1765144  426.49151  26.2%  52.6 17144s
 64455 52542  525.03507  747 1493  578.17651  426.49151  26.2%  52.6 17231s
H64871 52542                     578.1765127  426.49151  26.2%  52.5 17231s
H64997 52547                     578.1765116  426.49151  26.2%  52.5 17382s
H64997 52546                     578.1697278  426.49151  26.2%  52.5 17382s
 65002 52792  525.05741  750 1488  578.16973  426.49151  26.2%  52.5 17716s
H65072 52792                     578.1697229  426.49151  26.2%  52.4 17716s
 65264 53200  525.09778  754 1481  578.16972  426.49151  26.2%  52.8 17844s
H65573 53200                     578.1697222  426.49151  26.2%  52.8 17844s
 65686 53714  525.26319  774 1451  578.16972  426.49151  26.2%  52.8 17932s
H65979 53714                     578.1697220  426.49151  26.2%  52.8 17932s
 66206 54238  525.34884  785 1435  578.16972  426.49151  26.2%  52.8 17997s
 66773 54723  525.41152  792 1426  578.16972  426.49151  26.2%  52.7 18068s
 67275 55149  525.53519  819 1388  578.16972  426.49151  26.2%  52.8 18148s
H67722 55470                     578.1697198  426.49151  26.2%  52.8 18356s
 68043 55939  525.74500  857 1330  578.16972  426.49151  26.2%  52.6 18454s
H68185 55939                     578.1678031  426.49151  26.2%  52.5 18454s
H68512 56157                     578.1678028  426.49151  26.2%  52.3 18532s
H68531 56157                     578.1675772  426.49151  26.2%  52.3 18532s
H68600 56157                     578.1675433  426.49151  26.2%  52.3 18532s
H68620 56157                     578.1674671  426.49151  26.2%  52.3 18532s
 68730 56634  525.81198  863 1312  578.16747  426.49151  26.2%  52.2 18604s
 69215 57299  525.92420  867 1309  578.16747  426.49151  26.2%  51.9 18662s
 69890 57979  525.95829  876 1298  578.16747  426.49151  26.2%  51.5 18703s
 70574 58662  526.03589  895 1277  578.16747  426.49151  26.2%  51.1 18745s
H70942 58662                     578.1674141  426.49151  26.2%  50.9 18745s
 71258 59298  526.12562  917 1249  578.16741  426.49151  26.2%  50.7 18796s
 71900 59868  526.37588  925 1242  578.16741  426.49151  26.2%  50.3 18826s
H72413 59868                     578.1659224  426.49151  26.2%  50.0 18826s
 72584 60388  526.43611  934 1223  578.16592  426.49151  26.2%  49.9 18890s
H72585 60388                     578.1658093  426.49151  26.2%  49.9 18890s
H72751 60388                     578.1657174  426.49151  26.2%  49.8 18890s
H73056 60388                     578.1656925  426.49151  26.2%  49.7 18890s
H73108 60885                     578.1615575  426.49151  26.2%  49.7 18972s
 73641 61342  526.58587  966 1189  578.16156  426.49151  26.2%  49.5 19039s
H73734 61342                     578.1611882  426.49151  26.2%  49.5 19039s
H73812 61342                     578.1610846  426.49151  26.2%  49.4 19039s
H73834 61342                     578.1610121  426.49151  26.2%  49.4 19039s
H74134 61855                     578.1609094  426.49151  26.2%  49.4 19087s
 74663 61961  527.55922  988 1162  578.16091  426.49151  26.2%  49.1 19134s
H74703 61961                     578.1609080  426.49151  26.2%  49.1 19134s
H74704 61961                     578.1606661  426.49151  26.2%  49.1 19134s
 74771 62215  527.55019  992 1158  578.16067  426.49151  26.2%  49.1 19174s
H74800 62215                     578.1606582  426.49151  26.2%  49.1 19174s
 75069 62463  527.59696  993 1145  578.16066  426.49151  26.2%  49.1 19219s
 75328 63042  527.58971  998 1148  578.16066  426.49151  26.2%  49.2 19271s
 75914 63264  527.70190 1027 1120  578.16066  426.49151  26.2%  48.9 19309s
H76078 63264                     578.1606577  426.49151  26.2%  48.8 19309s
 76165 63545  527.71567 1033 1112  578.16066  426.49151  26.2%  48.9 19358s
 76496 63761  527.79046 1044 1109  578.16066  426.49151  26.2%  48.9 19406s
H76601 63761                     578.1606569  426.49151  26.2%  48.9 19406s
 76714 64172  527.81211 1051 1098  578.16066  426.49151  26.2%  48.9 19464s
 77131 64545  527.86909 1064 1085  578.16066  426.49151  26.2%  48.9 19634s
 77521 64798  527.93078 1095 1055  578.16066  426.49151  26.2%  48.8 19674s
H77590 64798                     578.1606541  426.49151  26.2%  48.8 19675s
H77667 64798                     578.1606411  426.49151  26.2%  48.8 19675s
H77774 65234                     578.1550075  426.49151  26.2%  48.7 19719s
 78210 65911  528.00304 1105 1038  578.15501  426.49151  26.2%  48.5 19765s
H78280 65911                     578.1549949  426.49151  26.2%  48.5 19765s
H78451 65911                     578.1549578  426.49151  26.2%  48.4 19765s
H78642 65911                     578.1547083  426.49151  26.2%  48.4 19765s
H78894 66069                     578.1547055  426.49151  26.2%  48.2 19810s
H78896 66069                     578.1547015  426.49151  26.2%  48.2 19810s
H78944 66069                     578.1546925  426.49151  26.2%  48.2 19810s
H78950 66069                     578.1546761  426.49151  26.2%  48.2 19810s
 79056 66563  528.16992 1158  994  578.15468  426.49151  26.2%  48.2 19865s
 79550 67148  528.23227 1169  980  578.15468  426.49151  26.2%  48.0 19924s
 80146 67516  528.91213 1193  955  578.15468  426.49151  26.2%  47.8 19969s
 80528 67774  531.46402 1222  935  578.15468  426.49151  26.2%  47.6 20009s
 80802 68178  532.68000 1231  931  578.15468  426.49151  26.2%  47.5 20076s
H81072 68178                     578.1546758  426.49151  26.2%  47.4 20076s
H81118 68178                     578.1546738  426.49151  26.2%  47.4 20076s
H81206 68715                     578.1546546  426.49151  26.2%  47.3 20118s
H81744 68834                     578.1546539  426.49151  26.2%  47.1 20164s
H81746 68834                     578.1546530  426.49151  26.2%  47.1 20164s
H81811 68834                     578.1546526  426.49151  26.2%  47.1 20164s
H81813 68834                     578.1546512  426.49151  26.2%  47.1 20164s
H81845 68834                     578.1546483  426.49151  26.2%  47.1 20164s
H81866 68834                     578.1527874  426.49151  26.2%  47.1 20164s
 81906 69154  533.44173 1233  927  578.15279  426.49151  26.2%  47.1 20205s
H82000 69154                     578.1526873  426.49151  26.2%  47.0 20205s
H82167 69154                     578.1512682  426.49151  26.2%  47.1 20205s
 82290 69486  560.40786 1249  926  578.15127  426.49151  26.2%  47.0 20316s
H82461 69486                     578.1512671  426.49151  26.2%  47.0 20316s
H82465 69486                     578.1510330  426.49151  26.2%  47.2 20316s
 82638 69866  560.61172 1264  901  578.15103  426.49151  26.2%  47.1 20380s
 83038 70379  560.69772 1283  887  578.15103  426.49151  26.2%  47.0 20837s
 83553 70910  560.71908 1287  886  578.15103  426.49151  26.2%  46.9 20945s
H83600 70910                     578.1510328  426.49151  26.2%  46.9 20945s
H83700 70910                     578.1510322  426.49151  26.2%  46.8 20945s
 84098 71357  560.77565 1294  876  578.15103  426.49151  26.2%  46.8 21022s
 84551 71844  560.81956 1307  862  578.15103  426.49151  26.2%  46.7 21075s
H84771 71844                     578.1510322  426.49151  26.2%  46.6 21076s
H84955 71844                     578.1510317  426.49151  26.2%  46.5 21076s
 85077 71975  560.90036 1311  856  578.15103  426.49151  26.2%  46.5 21186s
H85158 71975                     578.1510034  426.49151  26.2%  46.4 21186s
H85182 71975                     578.1509678  426.49151  26.2%  46.4 21186s
H85206 71975                     578.1509638  426.49151  26.2%  46.4 21186s
 85284 72392  560.91020 1312  859  578.15096  426.49151  26.2%  46.4 21244s
H85462 72392                     578.1509614  426.49151  26.2%  46.4 21244s
 85819 72691  562.18562 1315  867  578.15096  427.61810  26.0%  46.3 21372s
H85865 72691                     578.1509613  427.61810  26.0%  46.3 21372s
H85897 72691                     578.1509602  427.68889  26.0%  46.3 21372s
 86216 73040  477.10578   41 2488  578.15096  427.68889  26.0%  46.3 21425s
H86281 73040                     578.1509594  427.68889  26.0%  46.4 21425s
 86684 73139  552.47926  101 2445  578.15096  430.92008  25.5%  46.3 21489s
H86767 73139                     578.1509593  430.92008  25.5%  46.4 21489s
 86864 73439  443.30693   31 2479  578.15096  430.92008  25.5%  46.4 21537s
 87170 73783  502.57383   66 2549  578.15096  430.92008  25.5%  46.4 21589s
H87542 73786                     578.1509564  430.92008  25.5%  46.3 21818s
 87547 73982  532.27773   72 2538  578.15096  430.92008  25.5%  46.3 21911s
 87759 74343  548.34363  126 2443  578.15096  430.99901  25.5%  46.4 21960s
 88162 74500  565.91878   52 2457  578.15096  430.99901  25.5%  46.5 22012s
H88196 74500                     578.1493760  430.99901  25.5%  46.6 22012s
 88326 74946  570.87027   84 2424  578.14938  431.01948  25.4%  46.5 22063s
H88338 74946                     578.1493751  431.01948  25.4%  46.6 22063s
H88476 74946                     578.1493674  431.01948  25.4%  46.5 22063s
 88780 75433  537.71762  104 2420  578.14937  431.01948  25.4%  46.4 22126s
H88800 75433                     578.1493673  431.01948  25.4%  46.4 22126s
H89212 75433                     578.1493672  431.01948  25.4%  46.3 22126s
H89232 75433                     578.1493661  431.01948  25.4%  46.3 22126s
 89311 75812  556.45747  205 2233  578.14937  431.09292  25.4%  46.4 22258s
H89558 75812                     578.1493651  431.09292  25.4%  46.5 22258s
 89764 76226  514.47981   16 2302  578.14937  431.09292  25.4%  46.5 22319s
H90002 76226                     578.1493564  431.09292  25.4%  46.6 22319s
 90198 76672     cutoff   39       578.14936  431.10340  25.4%  46.7 22375s
H90346 76672                     578.1493536  431.10340  25.4%  46.7 22375s
 90658 76931  570.84876   82 2419  578.14935  431.25552  25.4%  46.6 22446s
 91058 77282  503.44485   49 2600  578.14935  431.46031  25.4%  46.9 22495s
 91447 77317  533.87307  148 2439  578.14935  431.46031  25.4%  47.0 22656s
 91482 77406  539.54010  153 2434  578.14935  431.46031  25.4%  47.0 22798s
H91519 77406                     578.1493513  431.46031  25.4%  47.0 22798s
 91579 77540  541.96132  171 2418  578.14935  431.46031  25.4%  47.0 22860s
H91601 77540                     578.1493504  431.46031  25.4%  47.0 22860s
 91732 77772  552.36233  193 2381  578.14935  431.59732  25.3%  47.0 23022s
H91852 77772                     578.1493482  431.61198  25.3%  47.2 23022s
H92007 77936                     578.1493472  431.61198  25.3%  47.2 23099s
 92171 78070  502.47263   79 2461  578.14935  431.61198  25.3%  47.2 23177s
H92285 78070                     578.1493471  431.61198  25.3%  47.2 23177s
 92307 78242  507.92695  102 2423  578.14935  431.61198  25.3%  47.1 23338s
H92355 78242                     578.1493464  431.61198  25.3%  47.1 23338s
 92483 78529  515.73936  143 2383  578.14935  431.61198  25.3%  47.1 23399s
H92575 78529                     578.1493449  431.61198  25.3%  47.1 23399s
 92811 78876 infeasible  212       578.14934  431.61198  25.3%  47.1 23523s
 93234 79215 infeasible  218       578.14934  431.72178  25.3%  47.4 23732s
 93628 79613  556.17381   70 2440  578.14934  431.73837  25.3%  47.7 23787s
H93629 79613                     578.1493438  431.73837  25.3%  47.7 23787s
H93666 79613                     578.1493423  431.73837  25.3%  47.8 23787s
 94050 79956  492.86199   47 2494  578.14934  431.76863  25.3%  47.8 23867s
 94463 80345  525.38188   78 2475  578.14934  431.76863  25.3%  47.9 23955s
 94950 80515  531.01799  134 2393  578.14934  431.76863  25.3%  48.1 24080s
 95144 80815  533.50453  151 2375  578.14934  431.76863  25.3%  48.2 24215s
 95482 80894  536.23429  186 2326  578.14934  431.76863  25.3%  48.4 24308s
 95563 81306  536.26061  191 2316  578.14934  431.76863  25.3%  48.4 24415s
 96004 81663  538.03644  245 2227  578.14934  431.76863  25.3%  48.5 24553s
 96396 82031  542.80986  288 2166  578.14934  431.76863  25.3%  48.8 24658s
 96821 82461  544.16708  338 2117  578.14934  431.76863  25.3%  49.1 24732s
 97281 83056  545.21115  383 2051  578.14934  431.76863  25.3%  49.1 24804s
 97891 83469  546.39689  403 2019  578.14934  431.76863  25.3%  49.1 24879s
 98382 83597  546.79523  433 1986  578.14934  431.76863  25.3%  49.4 24992s
 98512 83954  546.79734  434 1982  578.14934  431.76863  25.3%  49.3 25115s
H98697 83954                     578.1472537  431.76863  25.3%  49.3 25115s
 98877 84089  547.08887  465 1947  578.14725  431.76863  25.3%  49.2 25227s
H98900 84089                     578.1472401  431.76863  25.3%  49.2 25227s
H98924 84089                     578.1472329  431.76863  25.3%  49.2 25227s
 99012 84291  547.10342  468 1941  578.14723  431.76863  25.3%  49.1 25341s
H99100 84291                     578.1472294  431.76863  25.3%  49.1 25341s
H99216 84290                     578.1425336  431.76863  25.3%  49.1 25341s
 99240 84843  547.39638  497 1899  578.14253  431.76863  25.3%  49.2 25456s
H99292 84843                     578.1425275  431.76863  25.3%  49.1 25456s
 99815 85316  547.67719  526 1850  578.14253  431.76863  25.3%  49.2 25547s
H99900 85316                     578.1425274  431.76863  25.3%  49.1 25547s
H100155 85316                     578.1425266  431.76863  25.3%  49.1 25547s
 100341 85606  548.47527  576 1760  578.14253  431.76863  25.3%  49.1 25646s
 100811 86027  548.77144  588 1732  578.14253  431.76863  25.3%  49.2 25775s
H100982 86027                     578.1425264  431.76863  25.3%  49.2 25775s
 101261 86343  548.93676  617 1690  578.14253  431.76863  25.3%  49.4 25872s
H101374 86343                     578.1425262  431.76863  25.3%  49.4 25872s
 101595 86654  549.09900  632 1661  578.14253  431.76863  25.3%  49.5 25969s
 101962 86695  549.16502  633 1661  578.14253  431.76863  25.3%  49.8 26205s
H101973 86695                     578.1425259  431.76863  25.3%  49.9 26205s
 102013 86985 infeasible  634       578.14253  431.76863  25.3%  49.9 26299s
H102231 86985                     578.1425256  431.76863  25.3%  50.2 26299s
 102351 87367 infeasible  634       578.14253  432.35166  25.2%  50.1 26400s
H102352 87367                     578.1425255  432.35166  25.2%  50.1 26400s
H102541 87367                     578.1425238  432.35166  25.2%  50.2 26400s
 102772 87474  541.56167   44 2523  578.14252  432.35166  25.2%  50.3 26526s
 102903 87607  568.35909   47 2482  578.14252  432.41401  25.2%  50.5 26705s
H102938 87607                     578.1425229  432.41401  25.2%  50.6 26705s
H103312 87839                     578.1346994  432.41401  25.2%  51.0 26884s
H103586 88203                     578.1346982  432.41401  25.2%  51.5 26977s
H103892 88203                     578.1346972  432.41401  25.2%  51.6 26977s
 103984 88501  540.42450  100 2550  578.13470  432.41401  25.2%  51.7 27210s
 104300 88927  542.87796  126 2507  578.13470  432.41401  25.2%  52.0 27304s
 104760 89206 infeasible  168       578.13470  432.41401  25.2%  52.1 27436s
H104835 89206                     578.1345755  432.41401  25.2%  52.1 27436s
 105085 89439  554.90884  206 2371  578.13458  432.91662  25.1%  52.2 27553s
H105409 89743                     578.1338847  432.97641  25.1%  52.6 27674s
H105518 89743                     578.1338435  432.97641  25.1%  52.6 27674s
H105723 90204                     578.1338312  432.97641  25.1%  52.8 27793s
H105802 90204                     578.1338286  433.00763  25.1%  53.1 27793s
H105879 90204                     578.1338263  433.28219  25.1%  53.1 27793s
 106255 90706 infeasible   48       578.13383  433.44326  25.0%  53.1 27874s
H106303 90706                     578.1338258  433.44326  25.0%  53.2 27874s
 106816 91100  500.50987   55 2581  578.13383  433.44326  25.0%  53.1 27958s
H107191 91100                     578.1338251  433.44326  25.0%  53.1 27958s
 107288 91621  512.72750  154 2462  578.13383  433.44326  25.0%  53.1 28104s
 107831 92156  519.92110  325 2179  578.13383  433.44326  25.0%  53.1 28191s
H107873 92156                     578.1338244  433.44326  25.0%  53.0 28191s
 108396 92497  551.22822  495 1964  578.13382  433.44326  25.0%  53.0 28270s
H108501 92497                     578.1338242  433.44326  25.0%  53.0 28270s
H108504 92497                     578.1338239  433.44326  25.0%  53.0 28270s
 108757 92945  552.18354  600 1744  578.13382  433.44326  25.0%  52.9 28451s
H109112 92945                     578.1338238  433.44326  25.0%  52.8 28451s
 109213 93437  559.01517  744 1472  578.13382  433.44326  25.0%  52.8 28800s
H109390 93437                     578.1338228  433.44326  25.0%  52.7 28800s

Cutting planes:
  Learned: 16
  Gomory: 36
  Cover: 222
  Implied bound: 200
  Clique: 53
  MIR: 1353
  Flow cover: 2853
  Zero half: 2
  RLT: 1569
  Relax-and-lift: 373

Explored 109732 nodes (5846674 simplex iterations) in 28800.50 seconds
Thread count was 4 (of 32 available processors)

Solution count 10: 578.134 578.134 578.134 ... 578.134

Time limit reached
Best objective 5.781338228273e+02, best bound 4.334432575990e+02, gap 25.0272%
