
Gurobi 9.1.0 (linux64) logging started Thu Dec 30 15:29:19 2021

Changed value of parameter LogFile to eab_parasitoid_0.4_2_0_bud.log
   Prev:   Default: 
Changed value of parameter MIPGap to 0.01
   Prev: 0.0001  Min: 0.0  Max: inf  Default: 0.0001
Changed value of parameter MIPFocus to 1
   Prev: 0  Min: 0  Max: 3  Default: 0
Changed value of parameter RINS to 100
   Prev: -1  Min: -1  Max: 2000000000  Default: -1
Changed value of parameter TimeLimit to 28800.0
   Prev: inf  Min: 0.0  Max: inf  Default: inf
Changed value of parameter NodeFileStart to 10000.0
   Prev: inf  Min: 0.0  Max: inf  Default: inf
Changed value of parameter Threads to 4
   Prev: 0  Min: 0  Max: 1024  Default: 0
Changed value of parameter Heuristics to 1.0
   Prev: 0.05  Min: 0.0  Max: 1.0  Default: 0.05
Gurobi Optimizer version 9.1.0 build v9.1.0rc0 (linux64)
Thread count: 32 physical cores, 32 logical processors, using up to 4 threads
Optimize a model with 381543 rows, 174513 columns and 1305866 nonzeros
Model fingerprint: 0xff8f384d
Variable types: 77367 continuous, 97146 integer (97146 binary)
Coefficient statistics:
  Matrix range     [1e-04, 6e+03]
  Objective range  [1e-06, 1e-01]
  Bounds range     [1e+00, 6e+03]
  RHS range        [1e-04, 7e+03]

User MIP start produced solution with objective 703.792 (6.27s)
User MIP start produced solution with objective 703.504 (6.63s)
User MIP start produced solution with objective 703.384 (6.95s)
Loaded user MIP start with objective 703.384
Processed MIP start in 6.97 seconds

Presolve removed 211797 rows and 79580 columns (presolve time = 5s) ...
Presolve removed 258112 rows and 103452 columns
Presolve time: 7.69s
Presolved: 123431 rows, 71061 columns, 632634 nonzeros
Variable types: 32522 continuous, 38539 integer (38539 binary)

Deterministic concurrent LP optimizer: primal and dual simplex (primal and dual model)
Showing first log only...

Presolve removed 94 rows and 78 columns
Presolved: 123337 rows, 70983 columns, 632395 nonzeros


Root simplex log...

Iteration    Objective       Primal Inf.    Dual Inf.      Time
       0    1.2022787e+02   3.623869e+02   2.711830e+09     15s
Concurrent spin time: 0.02s

Solved with dual simplex (primal model)

Root relaxation: objective 1.083134e+02, 5943 iterations, 1.00 seconds

    Nodes    |    Current Node    |     Objective Bounds      |     Work
 Expl Unexpl |  Obj  Depth IntInf | Incumbent    BestBd   Gap | It/Node Time

     0     0  108.31336    0 1574  703.38353  108.31336  84.6%     -   22s
     0     0  109.17296    0 2101  703.38353  109.17296  84.5%     -   30s
     0     0  109.20408    0 2152  703.38353  109.20408  84.5%     -   32s
     0     0  109.52811    0 2583  703.38353  109.52811  84.4%     -   37s
H    0     0                     677.2948731  109.52811  83.8%     -   41s
     0     0  109.52955    0 2550  677.29487  109.52955  83.8%     -   42s
     0     0  109.52966    0 2528  677.29487  109.52966  83.8%     -   43s
     0     0  110.10990    0 2430  677.29487  110.10990  83.7%     -   48s
     0     0  110.50325    0 2527  677.29487  110.50325  83.7%     -   51s
     0     0  110.50788    0 2511  677.29487  110.50788  83.7%     -   52s
     0     0  110.50889    0 2524  677.29487  110.50889  83.7%     -   52s
     0     0  110.50922    0 2524  677.29487  110.50922  83.7%     -   53s
     0     0  110.50927    0 2522  677.29487  110.50927  83.7%     -   53s
     0     0  110.70767    0 2547  677.29487  110.70767  83.7%     -   57s
     0     0  110.71598    0 2547  677.29487  110.71598  83.7%     -   60s
     0     0  110.71645    0 2529  677.29487  110.71645  83.7%     -   60s
     0     0  110.71676    0 2533  677.29487  110.71676  83.7%     -   60s
     0     0  110.71676    0 2533  677.29487  110.71676  83.7%     -   61s
     0     0  110.72103    0 2227  677.29487  110.72103  83.7%     -   64s
H    0     0                     623.0241642  110.72103  82.2%     -   68s
H    0     0                     525.8957460  110.72103  78.9%     -  143s
     0     2  110.72103    0 2222  525.89575  110.72103  78.9%     -  147s
     3     8  110.82868    2 2316  525.89575  110.82868  78.9%   928  150s
    11    16  111.38741    4 2238  525.89575  110.82868  78.9%   883  155s
H   19    24                     512.1151250  110.82868  78.4%   741  161s
    31    36  111.51374    9 2209  512.11512  110.82868  78.4%   502  167s
    35    41  111.51906   10 2099  512.11512  110.82868  78.4%   459  194s
    40    46  111.58362   11 2028  512.11512  110.82868  78.4%   441  195s
    45    50  111.59732   12 2028  512.11512  110.82868  78.4%   409  224s
    49    62  111.60153   13 2096  512.11512  110.82868  78.4%   391  226s
    61    66  111.61847   16 2049  512.11512  110.82868  78.4%   324  234s
    65    82  111.62135   17 2049  512.11512  110.82868  78.4%   305  236s
    96   101  111.66443   25 2023  512.11512  110.82868  78.4%   216  240s
   100   105  112.00185   26 1854  512.11512  110.82868  78.4%   218  272s
H  107   113                     501.6028106  110.82868  77.9%   220  274s
H  112   117                     501.6024484  110.82868  77.9%   222  279s
H  113   117                     501.4250028  110.82868  77.9%   220  279s
   116   137  112.06323   28 1850  501.42500  110.82868  77.9%   228  281s
H  140   141                     473.6833152  110.82868  76.6%   212  312s
H  141   141                     454.2943394  110.82868  75.6%   211  312s
H  142   141                     394.4410596  110.82868  71.9%   210  312s
H  144   145                     326.4537298  110.82868  66.1%   208  316s
H  179   179                     326.3262407  110.82868  66.0%   184  321s
   183   215  112.12308   44 1763  326.32624  110.82868  66.0%   182  326s
H  219   219                     326.3139858  110.82868  66.0%   158  344s
H  219   219                     326.2374104  110.82868  66.0%   158  344s
H  220   219                     326.1256384  110.82868  66.0%   157  344s
H  221   219                     325.9178573  110.82868  66.0%   157  344s
H  222   219                     324.4453390  110.82868  65.8%   156  344s
   223   265  112.19558   53 1779  324.44534  110.82868  65.8%   156  346s
H  269   268                     294.9696254  110.82868  62.4%   133  351s
H  314   313                     291.4134523  110.82868  62.0%   117  364s
   318   337  112.34883   77 1568  291.41345  110.82868  62.0%   119  373s
H  323   337                     290.7553541  110.82868  61.9%   117  373s
   342   345  112.38458   82 1552  290.75535  110.82868  61.9%   111  377s
H  343   265                     203.8517915  110.82868  45.6%   111  377s
H  350   256                     198.1538688  110.82868  44.1%   109  382s
H  352   250                     172.7305129  110.82868  35.8%   109  382s
H  356   217                     138.0099858  110.82868  19.7%   110  382s
H  379   218                     126.8236999  110.82868  12.6%   129  388s
H  383   219                     126.8235390  110.82868  12.6%   129  394s
H  386   219                     126.8235390  110.82868  12.6%   129  394s
   387   243  112.70591   97 1437  126.82354  110.82868  12.6%   129  398s
   416   223  112.74357  108 1369  126.82354  110.82868  12.6%   126  407s
   420   267  112.75453  109 1369  126.82354  110.82868  12.6%   127  410s
   469   221  112.81632  129 1258  126.82354  110.82868  12.6%   121  425s
H  471   221                     122.5073860  110.82868  9.53%   121  425s
H  495   218                     120.0987930  110.82868  7.72%   124  436s
H  496   218                     119.0870560  110.82868  6.93%   123  436s
H  501   220                     117.4045385  110.82868  5.60%   127  444s
   505   221  112.90796  139 1416  117.40454  110.82868  5.60%   129  507s
   509   267  112.88454  140 1340  117.40454  110.82868  5.60%   132  513s
   558   236  112.97510  162 1274  117.40454  110.82868  5.60%   130  522s
   563   271  112.97510  163 1273  117.40454  110.82868  5.60%   132  527s
H  598   277                     117.4038622  110.82868  5.60%   127  534s
H  599   277                     117.3971676  110.82868  5.60%   127  534s
   604   289  113.01876  176 1249  117.39717  110.82868  5.60%   126  564s
   616   341  113.02243  179 1247  117.39717  110.82868  5.60%   124  572s
H  629   341                     117.3970396  110.82868  5.59%   121  572s
H  643   341                     117.3834234  110.82868  5.58%   120  572s
H  657   341                     117.3811502  110.82868  5.58%   120  572s
H  672   345                     117.3798135  110.82868  5.58%   119  577s
H  675   333                     117.0281562  110.82868  5.30%   119  577s
   676   392  113.03228  194 1227  117.02816  110.82868  5.30%   119  586s
H  697   390                     116.9220440  110.82868  5.21%   116  586s
H  747   400                     116.9142991  110.82868  5.21%   116  592s
H  760   400                     116.9139845  110.82868  5.20%   114  592s
H  761   414                     116.9092098  110.82868  5.20%   114  598s
H  774   412                     116.8462712  110.82868  5.15%   114  598s
H  775   354                     115.0981980  110.82868  3.71%   114  609s
   784   404  113.32768  220 1261  115.09820  110.82868  3.71%   114  617s
H  800   404                     115.0974503  110.82868  3.71%   112  617s
H  839   404                     115.0897002  110.82868  3.70%   112  617s
H  840   410                     115.0059944  110.82868  3.63%   112  625s
H  844   408                     114.9251848  110.82868  3.56%   111  625s
   847   438  113.33793  241 1243  114.92518  110.82868  3.56%   112  631s
   879   449 infeasible  250       114.92518  110.82868  3.56%   111  637s
   892   501  113.53928  253 1215  114.92518  110.82868  3.56%   110  644s
   948   505  113.60825  269 1197  114.92518  110.82868  3.56%   106  655s
   952   602  113.60825  270 1198  114.92518  110.82868  3.56%   105  665s
  1051   603  113.77901   80 2227  114.92518  110.82868  3.56%  99.0  689s
  1053   604  113.76642   64 1529  114.92518  110.82868  3.56%  98.8  700s
  1054   605  112.47703   35 1969  114.92518  111.43778  3.03%  98.7  710s
H 1056   575                     114.9251847  111.79757  2.72%  98.5  715s
H 1057   547                     114.9251846  111.80216  2.72%  98.4  715s
  1059   548  112.59819   45 2263  114.92518  112.07235  2.48%  98.2  723s
  1061   550  113.70472   59 2385  114.92518  112.12603  2.44%  98.0  725s
  1064   552  113.05811  117 2216  114.92518  112.24842  2.33%  97.8  734s
  1065   552  112.98393  117 2268  114.92518  112.27877  2.30%  97.7  735s
  1068   554  114.00415   69 2234  114.92518  112.29381  2.29%  97.4  740s
  1070   556  113.54960  258 2055  114.92518  112.44318  2.16%  97.2  746s
  1073   558  113.67615   58 2310  114.92518  112.53754  2.08%  97.0  750s
  1075   560  112.53754   28 2227  114.92518  112.53754  2.08%   129  756s
  1077   561  112.53754   61 1551  114.92518  112.53754  2.08%   129  767s
  1078   562  113.62415  257 1894  114.92518  112.53754  2.08%   129  775s
  1080   563  113.17063   98 2228  114.92518  112.53754  2.08%   129  782s
  1083   565  113.78950   85 2254  114.92518  112.53754  2.08%   128  786s
  1084   566  113.64013  270 1978  114.92518  112.53806  2.08%   128  793s
  1086   567  113.41837  146 2219  114.92518  112.54936  2.07%   128  796s
  1089   569  113.22928  176 2078  114.92518  112.55878  2.06%   128  804s
  1090   570  113.15020  163 2021  114.92518  112.56075  2.06%   127  805s
  1092   571  113.79446   79 2022  114.92518  112.56937  2.05%   127  811s
  1096   574  113.04499  100 2012  114.92518  112.61252  2.01%   127  815s
  1098   575  113.49501   43 2002  114.92518  112.61252  2.01%   127  859s
  1099   577     cutoff   25       114.92518  112.61252  2.01%   160  868s
  1101   576  112.86524   26 2144  114.92518  112.80789  1.84%   161  870s
  1109   582  114.27791   29 1994  114.92518  112.89750  1.76%   169  876s
  1121   590  114.34299   31 2024  114.92518  112.89750  1.76%   172  880s
  1133   598  114.64898   32 2002  114.92518  112.89750  1.76%   172  885s
  1154   609  114.45856   35 1969  114.92518  112.89750  1.76%   171  892s
  1170   619  114.49403   37 1959  114.92518  112.89750  1.76%   170  895s
  1205   633     cutoff   41       114.92518  112.89750  1.76%   167  903s
  1222   639  114.78487   44 1856  114.92518  112.89750  1.76%   167  907s
  1242   656  114.78570   45 1831  114.92518  112.89750  1.76%   165  910s
  1265   657  114.84276   49 1789  114.92518  112.89750  1.76%   163  915s
  1291   655  114.81910   54 1762  114.92518  112.89750  1.76%   162  922s
H 1292   625                     114.9131453  112.89750  1.75%   162  922s
  1298   632     cutoff   54       114.91315  112.89750  1.75%   162  946s
H 1308   601                     114.2085126  112.89750  1.15%   161  946s
  1309   597     cutoff   56       114.20851  112.96131  1.09%   161  952s
H 1311   569                     114.2079706  112.96131  1.09%   161  952s
  1321   580  113.93817   30 2011  114.20797  112.96131  1.09%   162  956s
H 1328   553                     114.2079299  112.96131  1.09%   162  956s
H 1334   528                     114.2078188  112.96131  1.09%   162  956s
H 1335   510                     114.2076067  112.96131  1.09%   162  959s
H 1337   489                     114.1987957  112.96131  1.08%   162  959s
  1342   519     cutoff   36       114.19880  112.96131  1.08%   162  961s
  1382   533  114.18878   40 1794  114.19880  112.96181  1.08%   159  967s
  1416   513  113.36889   89 1481  114.19880  112.96181  1.08%   158  974s
H 1418   492                     114.1987057  112.96181  1.08%   158  974s
  1420   531  113.37459   90 1510  114.19871  112.96181  1.08%   158  975s
H 1464   471                     114.1985530  112.96181  1.08%   153  979s
  1477   462  113.38444  105 1449  114.19855  112.96181  1.08%   152  982s
H 1478   444                     114.1976219  112.96181  1.08%   152  982s
H 1527   454                     114.1974339  112.96181  1.08%   148  990s
H 1527   438                     114.1972495  112.96181  1.08%   148  990s
H 1529   422                     114.1972478  112.96181  1.08%   148  990s
H 1530   406                     114.1972258  112.96181  1.08%   148  990s
  1579   467  113.43752  127 1401  114.19723  112.96181  1.08%   144  995s
H 1585   451                     114.1970201  112.96181  1.08%   143  995s
H 1659   463                     114.1969159  112.96181  1.08%   137 1003s
H 1660   450                     114.1963097  112.96181  1.08%   137 1003s
H 1661   438                     114.1960815  112.96181  1.08%   137 1003s
  1663   491  113.48383  147 1398  114.19608  112.96181  1.08%   137 1005s
H 1718   458                     113.9809314  112.96181  0.89%   133 1023s
H 1719   448                     113.9418948  112.96181  0.86%   133 1023s
H 1719   448                     113.9335516  112.96181  0.85%   133 1023s

Cutting planes:
  Learned: 57
  Gomory: 17
  Cover: 198
  Implied bound: 405
  Clique: 138
  MIR: 571
  StrongCG: 4
  Flow cover: 1376
  GUB cover: 3
  Zero half: 5
  Mod-K: 1
  RLT: 765
  Relax-and-lift: 284

Explored 1722 nodes (262880 simplex iterations) in 1023.12 seconds
Thread count was 4 (of 32 available processors)

Solution count 10: 113.934 113.942 113.981 ... 114.197

Optimal solution found (tolerance 1.00e-02)
Warning: max constraint violation (3.6849e-06) exceeds tolerance
Best objective 1.139335515534e+02, best bound 1.129618062591e+02, gap 0.8529%

Gurobi 9.1.0 (linux64) logging started Tue Jan  4 22:40:32 2022

Changed value of parameter LogFile to eab_parasitoid_0.4_2_0_bud.log
   Prev:   Default: 
Changed value of parameter MIPGap to 0.01
   Prev: 0.0001  Min: 0.0  Max: inf  Default: 0.0001
Changed value of parameter MIPFocus to 1
   Prev: 0  Min: 0  Max: 3  Default: 0
Changed value of parameter RINS to 100
   Prev: -1  Min: -1  Max: 2000000000  Default: -1
Changed value of parameter TimeLimit to 28800.0
   Prev: inf  Min: 0.0  Max: inf  Default: inf
Changed value of parameter NodeFileStart to 10000.0
   Prev: inf  Min: 0.0  Max: inf  Default: inf
Changed value of parameter Threads to 4
   Prev: 0  Min: 0  Max: 1024  Default: 0
Changed value of parameter Heuristics to 1.0
   Prev: 0.05  Min: 0.0  Max: 1.0  Default: 0.05
Gurobi Optimizer version 9.1.0 build v9.1.0rc0 (linux64)
Thread count: 32 physical cores, 32 logical processors, using up to 4 threads
Optimize a model with 381543 rows, 174513 columns and 1305866 nonzeros
Model fingerprint: 0xff8f384d
Variable types: 77367 continuous, 97146 integer (97146 binary)
Coefficient statistics:
  Matrix range     [1e-04, 6e+03]
  Objective range  [1e-06, 1e-01]
  Bounds range     [1e+00, 6e+03]
  RHS range        [1e-04, 7e+03]

User MIP start produced solution with objective 703.792 (6.44s)
User MIP start produced solution with objective 703.504 (6.84s)
User MIP start produced solution with objective 703.384 (7.22s)
Loaded user MIP start with objective 703.384
Processed MIP start in 7.24 seconds

Presolve removed 223096 rows and 79647 columns (presolve time = 5s) ...
Presolve removed 258112 rows and 103452 columns
Presolve time: 7.28s
Presolved: 123431 rows, 71061 columns, 632634 nonzeros
Variable types: 32522 continuous, 38539 integer (38539 binary)

Deterministic concurrent LP optimizer: primal and dual simplex (primal and dual model)
Showing first log only...

Presolve removed 94 rows and 78 columns
Presolved: 123337 rows, 70983 columns, 632395 nonzeros


Root simplex log...

Iteration    Objective       Primal Inf.    Dual Inf.      Time
       0    1.2022787e+02   3.623869e+02   2.711830e+09     15s
Concurrent spin time: 0.11s

Solved with dual simplex (primal model)

Root relaxation: objective 1.083134e+02, 5943 iterations, 0.95 seconds

    Nodes    |    Current Node    |     Objective Bounds      |     Work
 Expl Unexpl |  Obj  Depth IntInf | Incumbent    BestBd   Gap | It/Node Time

     0     0  108.31336    0 1574  703.38353  108.31336  84.6%     -   22s
     0     0  109.17296    0 2101  703.38353  109.17296  84.5%     -   29s
     0     0  109.20408    0 2152  703.38353  109.20408  84.5%     -   32s
     0     0  109.52811    0 2583  703.38353  109.52811  84.4%     -   37s
H    0     0                     677.2948731  109.52811  83.8%     -   41s
     0     0  109.52955    0 2550  677.29487  109.52955  83.8%     -   42s
     0     0  109.52966    0 2528  677.29487  109.52966  83.8%     -   42s
     0     0  110.10990    0 2430  677.29487  110.10990  83.7%     -   48s
     0     0  110.50325    0 2527  677.29487  110.50325  83.7%     -   51s
     0     0  110.50788    0 2511  677.29487  110.50788  83.7%     -   52s
     0     0  110.50889    0 2524  677.29487  110.50889  83.7%     -   52s
     0     0  110.50922    0 2524  677.29487  110.50922  83.7%     -   53s
     0     0  110.50927    0 2522  677.29487  110.50927  83.7%     -   53s
     0     0  110.70767    0 2547  677.29487  110.70767  83.7%     -   57s
     0     0  110.71598    0 2547  677.29487  110.71598  83.7%     -   59s
     0     0  110.71645    0 2529  677.29487  110.71645  83.7%     -   60s
     0     0  110.71676    0 2533  677.29487  110.71676  83.7%     -   60s
     0     0  110.71676    0 2533  677.29487  110.71676  83.7%     -   60s
     0     0  110.72103    0 2227  677.29487  110.72103  83.7%     -   64s
H    0     0                     623.0241642  110.72103  82.2%     -   67s
H    0     0                     525.8957460  110.72103  78.9%     -  140s
     0     2  110.72103    0 2222  525.89575  110.72103  78.9%     -  144s
     1     4  110.74301    1 2266  525.89575  110.74301  78.9%  2187  145s
    11    16  111.38741    4 2238  525.89575  110.82868  78.9%   883  152s
H   19    24                     512.1151250  110.82868  78.4%   741  158s
    31    36  111.51374    9 2209  512.11512  110.82868  78.4%   502  163s
    35    41  111.51906   10 2099  512.11512  110.82868  78.4%   459  188s
    40    46  111.58362   11 2028  512.11512  110.82868  78.4%   441  190s
    45    50  111.59732   12 2028  512.11512  110.82868  78.4%   409  221s
    61    66  111.61847   16 2049  512.11512  110.82868  78.4%   324  230s
    96   101  111.66443   25 2023  512.11512  110.82868  78.4%   216  236s
   100   105  112.00185   26 1854  512.11512  110.82868  78.4%   218  269s
   104   113  114.85714   26 1820  512.11512  110.82868  78.4%   226  271s
H  107   113                     501.6028106  110.82868  77.9%   220  271s
H  112   117                     501.6024484  110.82868  77.9%   222  276s
H  113   117                     501.4250028  110.82868  77.9%   220  276s
H  140   141                     473.6833152  110.82868  76.6%   212  308s
H  141   141                     454.2943394  110.82868  75.6%   211  308s
H  142   141                     394.4410596  110.82868  71.9%   210  308s
H  144   145                     326.4537298  110.82868  66.1%   208  312s
H  179   179                     326.3262407  110.82868  66.0%   184  318s
   183   215  112.12308   44 1763  326.32624  110.82868  66.0%   182  322s
H  219   219                     326.3139858  110.82868  66.0%   158  341s
H  219   219                     326.2374104  110.82868  66.0%   158  341s
H  220   219                     326.1256384  110.82868  66.0%   157  341s
H  221   219                     325.9178573  110.82868  66.0%   157  341s
H  222   219                     324.4453390  110.82868  65.8%   156  341s
H  269   268                     294.9696254  110.82868  62.4%   133  348s
   273   309  112.28117   66 1727  294.96963  110.82868  62.4%   131  351s
H  314   313                     291.4134523  110.82868  62.0%   117  361s
   318   337  112.34883   77 1568  291.41345  110.82868  62.0%   119  370s
H  323   337                     290.7553541  110.82868  61.9%   117  370s
H  343   265                     203.8517915  110.82868  45.6%   111  374s
H  350   256                     198.1538688  110.82868  44.1%   109  379s
H  352   250                     172.7305129  110.82868  35.8%   109  379s
H  356   217                     138.0099858  110.82868  19.7%   110  379s
   357   224  112.61571   85 1530  138.00999  110.82868  19.7%   113  382s
H  379   218                     126.8236999  110.82868  12.6%   129  386s
H  383   219                     126.8235390  110.82868  12.6%   129  392s
H  386   219                     126.8235390  110.82868  12.6%   129  392s
   387   243  112.70591   97 1437  126.82354  110.82868  12.6%   129  395s
   416   223  112.74357  108 1369  126.82354  110.82868  12.6%   126  404s
   420   267  112.75453  109 1369  126.82354  110.82868  12.6%   127  407s
   469   221  112.81632  129 1258  126.82354  110.82868  12.6%   121  421s
H  471   221                     122.5073860  110.82868  9.53%   121  421s
H  495   218                     120.0987930  110.82868  7.72%   124  431s
H  496   218                     119.0870560  110.82868  6.93%   123  431s
H  501   220                     117.4045385  110.82868  5.60%   127  440s
   505   221  112.90796  139 1416  117.40454  110.82868  5.60%   129  507s
   509   267  112.88454  140 1340  117.40454  110.82868  5.60%   132  513s
   558   236  112.97510  162 1274  117.40454  110.82868  5.60%   130  522s
   563   271  112.97510  163 1273  117.40454  110.82868  5.60%   132  527s
H  598   277                     117.4038622  110.82868  5.60%   127  533s
H  599   277                     117.3971676  110.82868  5.60%   127  533s
   604   289  113.01876  176 1249  117.39717  110.82868  5.60%   126  562s
   616   341  113.02243  179 1247  117.39717  110.82868  5.60%   124  570s
H  629   341                     117.3970396  110.82868  5.59%   121  570s
H  643   341                     117.3834234  110.82868  5.58%   120  570s
H  657   341                     117.3811502  110.82868  5.58%   120  570s
H  672   345                     117.3798135  110.82868  5.58%   119  575s
H  675   333                     117.0281562  110.82868  5.30%   119  575s
   676   392  113.03228  194 1227  117.02816  110.82868  5.30%   119  584s
H  697   390                     116.9220440  110.82868  5.21%   116  584s
H  747   400                     116.9142991  110.82868  5.21%   116  590s
H  760   400                     116.9139845  110.82868  5.20%   114  590s
H  761   414                     116.9092098  110.82868  5.20%   114  596s
H  774   412                     116.8462712  110.82868  5.15%   114  596s
H  775   354                     115.0981980  110.82868  3.71%   114  608s
   784   404  113.32768  220 1261  115.09820  110.82868  3.71%   114  616s
H  800   404                     115.0974503  110.82868  3.71%   112  616s
H  839   404                     115.0897002  110.82868  3.70%   112  616s
H  840   410                     115.0059944  110.82868  3.63%   112  624s
H  844   408                     114.9251848  110.82868  3.56%   111  624s
   847   438  113.33793  241 1243  114.92518  110.82868  3.56%   112  630s
   879   449 infeasible  250       114.92518  110.82868  3.56%   111  636s
   892   501  113.53928  253 1215  114.92518  110.82868  3.56%   110  643s
   948   505  113.60825  269 1197  114.92518  110.82868  3.56%   106  654s
   952   602  113.60825  270 1198  114.92518  110.82868  3.56%   105  664s
  1051   603  113.77901   80 2227  114.92518  110.82868  3.56%  99.0  689s
  1053   604  113.76642   64 1529  114.92518  110.82868  3.56%  98.8  700s
  1054   605  112.47703   35 1969  114.92518  111.43778  3.03%  98.7  711s
  1056   606  113.15311  162 2340  114.92518  111.79757  2.72%  98.5  717s
H 1056   575                     114.9251847  111.79757  2.72%  98.5  717s
H 1057   547                     114.9251846  111.80216  2.72%  98.4  718s
  1059   548  112.59819   45 2263  114.92518  112.07235  2.48%  98.2  725s
  1063   551  113.15152  109 2367  114.92518  112.14138  2.42%  97.9  732s
  1064   552  113.05811  117 2216  114.92518  112.24842  2.33%  97.8  737s
  1066   553  113.76555  260 2039  114.92518  112.29019  2.29%  97.6  740s
  1069   555  113.77262   85 2228  114.92518  112.33088  2.26%  97.3  748s
  1071   556  112.86003   73 2052  114.92518  112.44318  2.16%  97.1  750s
  1075   560  112.53754   28 2227  114.92518  112.53754  2.08%   129  759s
  1077   561  112.53754   61 1551  114.92518  112.53754  2.08%   129  771s
  1078   562  113.62415  257 1894  114.92518  112.53754  2.08%   129  780s
  1080   563  113.17063   98 2228  114.92518  112.53754  2.08%   129  787s
  1083   565  113.78950   85 2254  114.92518  112.53754  2.08%   128  791s
  1084   566  113.64013  270 1978  114.92518  112.53806  2.08%   128  799s
  1085   567  112.56904   40 2192  114.92518  112.54737  2.07%   128  800s
  1088   569  112.90078   78 2253  114.92518  112.55068  2.07%   128  805s
  1089   569  113.22928  176 2078  114.92518  112.55878  2.06%   128  810s
  1092   571  113.79446   79 2022  114.92518  112.56937  2.05%   127  818s
  1094   573  113.34020  219 2018  114.92518  112.61252  2.01%   127  820s
  1098   575  113.49501   43 2002  114.92518  112.61252  2.01%   127  865s
  1099   577     cutoff   25       114.92518  112.61252  2.01%   160  873s
  1101   576  112.86524   26 2144  114.92518  112.80789  1.84%   161  875s
  1109   582  114.27791   29 1994  114.92518  112.89750  1.76%   169  881s
  1121   590  114.34299   31 2024  114.92518  112.89750  1.76%   172  885s
  1133   598  114.64898   32 2002  114.92518  112.89750  1.76%   172  890s
  1154   609  114.45856   35 1969  114.92518  112.89750  1.76%   171  897s
  1170   619  114.49403   37 1959  114.92518  112.89750  1.76%   170  900s
  1205   633     cutoff   41       114.92518  112.89750  1.76%   167  908s
  1222   639  114.78487   44 1856  114.92518  112.89750  1.76%   167  912s
  1242   656  114.78570   45 1831  114.92518  112.89750  1.76%   165  915s
  1265   657  114.84276   49 1789  114.92518  112.89750  1.76%   163  920s
  1291   655  114.81910   54 1762  114.92518  112.89750  1.76%   162  926s
H 1292   625                     114.9131453  112.89750  1.75%   162  926s
  1298   632     cutoff   54       114.91315  112.89750  1.75%   162  950s
H 1308   601                     114.2085126  112.89750  1.15%   161  950s
  1309   597     cutoff   56       114.20851  112.96131  1.09%   161  956s
H 1311   569                     114.2079706  112.96131  1.09%   161  956s
  1321   580  113.93817   30 2011  114.20797  112.96131  1.09%   162  960s
H 1328   553                     114.2079299  112.96131  1.09%   162  960s
H 1334   528                     114.2078188  112.96131  1.09%   162  960s
H 1335   510                     114.2076067  112.96131  1.09%   162  963s
H 1337   489                     114.1987957  112.96131  1.08%   162  963s
  1342   519     cutoff   36       114.19880  112.96131  1.08%   162  965s
  1382   533  114.18878   40 1794  114.19880  112.96181  1.08%   159  971s
  1416   513  113.36889   89 1481  114.19880  112.96181  1.08%   158  977s
H 1418   492                     114.1987057  112.96181  1.08%   158  977s
H 1464   471                     114.1985530  112.96181  1.08%   153  982s
  1477   462  113.38444  105 1449  114.19855  112.96181  1.08%   152  986s
H 1478   444                     114.1976219  112.96181  1.08%   152  986s
H 1527   454                     114.1974339  112.96181  1.08%   148  993s
H 1527   438                     114.1972495  112.96181  1.08%   148  993s
H 1529   422                     114.1972478  112.96181  1.08%   148  993s
H 1530   406                     114.1972258  112.96181  1.08%   148  993s
  1531   452  113.39554  115 1418  114.19723  112.96181  1.08%   148  995s
H 1585   451                     114.1970201  112.96181  1.08%   143  998s
  1610   490  113.47507  133 1359  114.19702  112.96181  1.08%   141 1000s
H 1659   463                     114.1969159  112.96181  1.08%   137 1006s
H 1660   450                     114.1963097  112.96181  1.08%   137 1006s
H 1661   438                     114.1960815  112.96181  1.08%   137 1006s
H 1718   458                     113.9809314  112.96181  0.89%   133 1025s
H 1719   448                     113.9418948  112.96181  0.86%   133 1025s
H 1719   448                     113.9335516  112.96181  0.85%   133 1025s

Cutting planes:
  Learned: 57
  Gomory: 17
  Cover: 198
  Implied bound: 405
  Clique: 138
  MIR: 571
  StrongCG: 4
  Flow cover: 1376
  GUB cover: 3
  Zero half: 5
  Mod-K: 1
  RLT: 765
  Relax-and-lift: 284

Explored 1722 nodes (262880 simplex iterations) in 1025.66 seconds
Thread count was 4 (of 32 available processors)

Solution count 10: 113.934 113.942 113.981 ... 114.197

Optimal solution found (tolerance 1.00e-02)
Warning: max constraint violation (3.6849e-06) exceeds tolerance
Best objective 1.139335515534e+02, best bound 1.129618062591e+02, gap 0.8529%
