
Gurobi 9.1.0 (linux64) logging started Thu Dec 30 13:04:53 2021

Changed value of parameter LogFile to eab_parasitoid_0.2_0_2_bud.log
   Prev:   Default: 
Changed value of parameter MIPGap to 0.01
   Prev: 0.0001  Min: 0.0  Max: inf  Default: 0.0001
Changed value of parameter MIPFocus to 1
   Prev: 0  Min: 0  Max: 3  Default: 0
Changed value of parameter RINS to 100
   Prev: -1  Min: -1  Max: 2000000000  Default: -1
Changed value of parameter TimeLimit to 28800.0
   Prev: inf  Min: 0.0  Max: inf  Default: inf
Changed value of parameter NodeFileStart to 10000.0
   Prev: inf  Min: 0.0  Max: inf  Default: inf
Changed value of parameter Threads to 4
   Prev: 0  Min: 0  Max: 1024  Default: 0
Changed value of parameter Heuristics to 1.0
   Prev: 0.05  Min: 0.0  Max: 1.0  Default: 0.05
Gurobi Optimizer version 9.1.0 build v9.1.0rc0 (linux64)
Thread count: 32 physical cores, 32 logical processors, using up to 4 threads
Optimize a model with 381543 rows, 174513 columns and 1305866 nonzeros
Model fingerprint: 0x61966386
Variable types: 77367 continuous, 97146 integer (97146 binary)
Coefficient statistics:
  Matrix range     [2e-04, 6e+03]
  Objective range  [1e-06, 1e-01]
  Bounds range     [1e+00, 6e+03]
  RHS range        [1e-04, 7e+03]

User MIP start produced solution with objective 874.186 (7.30s)
Loaded user MIP start with objective 874.186
Processed MIP start in 7.60 seconds

Presolve removed 225303 rows and 80733 columns (presolve time = 5s) ...
Presolve removed 261215 rows and 104925 columns
Presolve time: 7.19s
Presolved: 120328 rows, 69588 columns, 622685 nonzeros
Variable types: 31912 continuous, 37676 integer (37676 binary)

Deterministic concurrent LP optimizer: primal and dual simplex (primal and dual model)
Showing first log only...

Presolve removed 275 rows and 208 columns
Presolved: 120053 rows, 69380 columns, 622083 nonzeros


Root simplex log...

Iteration    Objective       Primal Inf.    Dual Inf.      Time
       0    2.3748568e+02   3.904088e+02   2.549949e+09     15s
    8383    2.2774761e+02   0.000000e+00   0.000000e+00     16s
    8383    2.2774761e+02   0.000000e+00   0.000000e+00     16s
Concurrent spin time: 0.01s

Solved with dual simplex (primal model)

Root relaxation: objective 2.277476e+02, 7149 iterations, 1.25 seconds

    Nodes    |    Current Node    |     Objective Bounds      |     Work
 Expl Unexpl |  Obj  Depth IntInf | Incumbent    BestBd   Gap | It/Node Time

     0     0  227.78891    0 1148  874.18555  227.78891  73.9%     -   21s
     0     0  233.88422    0 2198  874.18555  233.88422  73.2%     -   28s
     0     0  235.51699    0 2144  874.18555  235.51699  73.1%     -   32s
     0     0  235.61558    0 2192  874.18555  235.61558  73.0%     -   32s
     0     0  235.61797    0 2194  874.18555  235.61797  73.0%     -   33s
     0     0  235.61799    0 2194  874.18555  235.61799  73.0%     -   33s
     0     0  239.53484    0 2143  874.18555  239.53484  72.6%     -   38s
H    0     0                     853.7530941  239.53484  71.9%     -   42s
     0     0  239.82938    0 2046  853.75309  239.82938  71.9%     -   43s
     0     0  239.88967    0 2038  853.75309  239.88967  71.9%     -   44s
     0     0  239.90235    0 2047  853.75309  239.90235  71.9%     -   45s
     0     0  239.90252    0 2054  853.75309  239.90252  71.9%     -   45s
     0     0  260.04374    0 2177  853.75309  260.04374  69.5%     -   54s
     0     0  263.24293    0 2200  853.75309  263.24293  69.2%     -   58s
     0     0  264.26087    0 2230  853.75309  264.26087  69.0%     -   59s
     0     0  264.57507    0 2209  853.75309  264.57507  69.0%     -   59s
     0     0  264.74453    0 2213  853.75309  264.74453  69.0%     -   60s
     0     0  264.75297    0 2224  853.75309  264.75297  69.0%     -   60s
     0     0  264.75465    0 2227  853.75309  264.75465  69.0%     -   61s
     0     0  266.79275    0 2333  853.75309  266.79275  68.8%     -   69s
     0     0  268.51817    0 2282  853.75309  268.51817  68.5%     -   74s
     0     0  268.76218    0 2301  853.75309  268.76218  68.5%     -   75s
     0     0  268.87947    0 2281  853.75309  268.87947  68.5%     -   76s
     0     0  268.90621    0 2293  853.75309  268.90621  68.5%     -   77s
     0     0  268.92002    0 2302  853.75309  268.92002  68.5%     -   77s
     0     0  268.92100    0 2299  853.75309  268.92100  68.5%     -   78s
     0     0  274.36319    0 2308  853.75309  274.36319  67.9%     -   85s
     0     2  274.36319    0 2303  853.75309  274.36319  67.9%     -  320s
     3     8  276.52035    2 2354  853.75309  276.52035  67.6%  1340  327s
    11    16  282.85389    4 2390  853.75309  277.14680  67.5%  1368  333s
    15    20  285.50247    4 2376  853.75309  282.85389  66.9%  1385  337s
    19    24  283.15010    5 2389  853.75309  283.15010  66.8%  1307  343s
    23    28  283.18791    6 2367  853.75309  283.15010  66.8%  1388  347s
    27    32  283.83439    7 2360  853.75309  283.15010  66.8%  1469  432s
    31    37  283.95020    8 2374  853.75309  283.15010  66.8%  1557  437s
    36    41  288.28411   10 2355  853.75309  283.15010  66.8%  1523  525s
    48    59  296.24679   11 2355  853.75309  283.15010  66.8%  1328  532s
    58    69  295.42598   13 2414  853.75309  283.15010  66.8%  1128  535s
    68    79  297.38707   16 2422  853.75309  283.15010  66.8%   977  541s
    83    93  297.53803   19 2420  853.75309  283.15010  66.8%   822  547s
    92   101  300.24864   20 2416  853.75309  283.15010  66.8%   762  553s
   100   105  300.37295   22 2411  853.75309  283.15010  66.8%   711  735s
   104   117  300.42988   23 2410  853.75309  283.15010  66.8%   693  740s
   131   144  311.24717   28 2388  853.75309  283.15010  66.8%   569  749s
   143   155  310.10494   32 2396  853.75309  283.15010  66.8%   559  754s
   154   171  314.62551   34 2307  853.75309  283.15010  66.8%   559  759s
H  170   177                     853.7529739  283.15010  66.8%   531  770s
H  171   177                     836.9097669  283.15010  66.2%   533  770s
   176   197  315.74365   37 2170  836.90977  283.15010  66.2%   525  776s
   196   217  316.92445   43 2154  836.90977  283.15010  66.2%   488  789s
H  200   217                     832.1357504  283.15010  66.0%   479  789s
H  216   221                     796.1009816  283.15010  64.4%   447  800s
H  219   221                     788.0048520  283.15010  64.1%   442  800s
H  220   225                     742.6388569  283.15010  61.9%   440  812s
H  222   225                     716.3106925  283.15010  60.5%   438  812s
H  223   225                     699.9105936  283.15010  59.5%   437  812s
H  224   232                     698.8480195  283.15010  59.5%   435  821s
H  225   232                     698.5315642  283.15010  59.5%   433  821s
H  226   232                     697.7259825  283.15010  59.4%   432  821s
H  227   232                     689.1238504  283.15010  58.9%   430  821s
H  229   232                     688.1353467  283.15010  58.9%   427  821s
H  231   240                     688.1148691  283.15010  58.9%   424  838s
H  232   240                     685.1091178  283.15010  58.7%   422  838s
H  238   240                     662.8827083  283.15010  57.3%   413  838s
   239   275  321.80707   51 2114  662.88271  283.15010  57.3%   411  847s
H  245   275                     661.2860188  283.15010  57.2%   401  847s
H  264   275                     649.0671505  283.15010  56.4%   377  847s
   274   331  322.57569   58 2101  649.06715  283.15010  56.4%   367  851s
H  330   335                     636.5769498  283.15010  55.5%   312  937s
H  333   335                     604.7591361  283.15010  53.2%   310  937s
H  334   347                     604.6247603  283.15010  53.2%   309  943s
H  338   347                     604.3940566  283.15010  53.2%   305  943s
H  346   354                     604.2680986  283.15010  53.1%   299  955s
H  347   354                     602.2666651  283.15010  53.0%   298  955s
H  349   354                     601.6159481  283.15010  52.9%   296  955s
H  353   365                     585.3953381  283.15010  51.6%   294  964s
   364   441  323.89757   79 2077  585.39534  283.15010  51.6%   286  971s
H  440   394                     525.1014818  283.15010  46.1%   242 1072s
H  443   380                     510.2206481  283.15010  44.5%   240 1072s
   444   448  343.16636   94 2054  510.22065  283.15010  44.5%   240 1077s
H  519   451                     510.1999840  283.15010  44.5%   213 1099s
H  523   456                     510.1999834  283.15010  44.5%   222 1105s
   528   463  351.12042  115 2121  510.19998  283.15010  44.5%   229 1111s
   536   505  351.24101  117 2110  510.19998  283.15010  44.5%   226 1121s
   578   547  351.40154  130 2104  510.19998  283.15010  44.5%   216 1129s
   620   648  351.54741  138 2092  510.19998  283.15010  44.5%   204 1135s
   721   662  352.19808  163 2076  510.19998  283.15010  44.5%   184 1144s
   739   735  352.52383  165 2075  510.19998  283.15010  44.5%   183 1153s
   813   810  355.38113  182 2047  510.19998  283.15010  44.5%   170 1164s
H  877   705                     495.0108061  283.15010  42.8%   160 1164s
   892   712  356.29156  204 2013  495.01081  283.15010  42.8%   160 1173s
H  900   706                     494.6836187  283.15010  42.8%   158 1173s
H  921   706                     494.6644604  283.15010  42.8%   159 1173s
H  922   746                     492.0227656  283.15010  42.5%   159 1184s
H  968   783                     491.9935008  283.15010  42.4%   155 1196s
H 1005   779                     490.1546582  283.15010  42.2%   153 1206s
H 1011   769                     489.4899695  283.15010  42.2%   152 1206s
  1012   833  360.44476  250 1940  489.48997  283.15010  42.2%   152 1218s
H 1022   833                     489.4891979  283.15010  42.2%   151 1218s
H 1040   833                     489.4890573  283.15010  42.2%   148 1218s
H 1070   832                     489.1695261  283.15010  42.1%   147 1218s
H 1076   856                     489.0188380  283.15010  42.1%   146 1229s
H 1094   856                     489.0002289  283.15010  42.1%   145 1229s
H 1100   860                     488.9684535  283.15010  42.1%   145 1844s
H 1101   832                     484.6938235  283.15010  41.6%   145 1844s
  1104   956  360.03435  270 1917  484.69382  283.15010  41.6%   144 1864s
H 1166   956                     484.4366796  283.15010  41.6%   138 1864s
H 1235   956                     479.3312326  283.15010  40.9%   134 1864s
  1236   966  394.36183  300 1973  479.33123  283.15010  40.9%   135 1875s
H 1238   966                     479.3298850  283.15010  40.9%   134 1875s
H 1241   966                     479.3233222  283.15010  40.9%   134 1875s
H 1243   966                     479.2315247  283.15010  40.9%   135 1875s
  1246   987  371.70892  302 1969  479.23152  283.15010  40.9%   135 1886s
H 1253   987                     479.2297125  283.15010  40.9%   135 1886s
H 1259   987                     479.2166351  283.15010  40.9%   135 1886s
H 1267   995                     479.2135713  283.15010  40.9%   134 1899s
H 1273   995                     479.2054552  283.15010  40.9%   134 1899s
H 1274   995                     479.1886579  283.15010  40.9%   134 1899s
  1275  1046  371.73342  311 1953  479.18866  283.15010  40.9%   134 1911s
H 1328  1057                     479.1886472  283.15010  40.9%   132 1925s
  1339  1148  371.97338  329 1934  479.18865  283.15010  40.9%   132 1937s
H 1363  1148                     479.0829719  283.15010  40.9%   130 1937s
H 1388  1148                     478.6853820  283.15010  40.8%   128 1937s
  1431  1303  372.14776  351 1885  478.68538  283.15010  40.8%   128 1956s
H 1500  1303                     478.6843840  283.15010  40.8%   123 1957s
H 1588  1302                     478.6092173  283.15010  40.8%   118 1957s
  1589  1421  378.06262  409 1802  478.60922  283.15010  40.8%   118 1969s
H 1600  1421                     478.6091363  283.15010  40.8%   117 1969s
H 1675  1421                     478.5964419  283.15010  40.8%   113 1969s
  1714  1646  378.68757  456 1765  478.59644  283.15010  40.8%   113 1984s
H 1739  1646                     478.5961919  283.15010  40.8%   112 1984s
H 1930  1646                     478.5961795  283.15010  40.8%   103 1984s
  1945  1650  379.43887  520 1718  478.59618  283.15010  40.8%   102 2078s
H 1946  1642                     477.0385048  283.15010  40.6%   102 2078s
  1949  1729  379.46065  520 1719  477.03850  283.15010  40.6%   102 2098s
H 1984  1729                     477.0383800  283.15010  40.6%   100 2098s
  2036  1758  379.81121  542 1696  477.03838  283.15010  40.6%  98.3 2119s
H 2037  1757                     476.9679415  283.15010  40.6%  98.3 2119s
H 2065  1757                     475.1241324  283.15010  40.4%  97.2 2216s
  2069  1955  379.87488  548 1692  475.12413  283.15010  40.4%  97.0 2232s
H 2090  1955                     475.1237841  283.15010  40.4%  96.1 2232s
H 2236  1955                     475.1226653  283.15010  40.4%  90.4 2232s
H 2268  1955                     475.1187627  283.15010  40.4%  89.8 2232s
H 2269  1991                     475.1187626  283.15010  40.4%  89.7 2246s
H 2276  1991                     475.0194544  283.15010  40.4%  89.5 2246s
H 2302  1991                     474.9453398  283.15010  40.4%  89.1 2246s
  2305  2159  380.67891  620 1642  474.94534  283.15010  40.4%  89.0 2396s
H 2347  2159                     474.9149280  283.15010  40.4%  87.6 2396s
H 2390  2159                     474.9089661  283.15010  40.4%  86.1 2396s
  2477  2653  381.11689  649 1626  474.90897  283.15010  40.4%  84.8 2416s
H 2601  2653                     474.9082073  283.15010  40.4%  81.1 2416s
H 2725  2653                     474.9067164  283.15010  40.4%  77.9 2416s
H 2973  2669                     474.9062358  283.15010  40.4%  72.9 2431s
H 2978  2669                     474.8569127  283.15010  40.4%  72.8 2431s
  2989  2937  382.41773  742 1544  474.85691  283.15010  40.4%  72.6 2454s
H 3011  2937                     474.8453004  283.15010  40.4%  72.1 2454s
H 3123  2937                     474.8445079  283.15010  40.4%  69.8 2454s
  3257  3495  383.41572  830 1459  474.84451  283.15010  40.4%  67.5 2475s
H 3444  3495                     474.8444651  283.15010  40.4%  64.4 2475s
H 3731  3495                     474.8441713  283.15010  40.4%  60.3 2475s
  3820  3545  384.55376  940 1362  474.84417  283.15010  40.4%  59.3 2698s
H 3832  3545                     474.8441283  283.15010  40.4%  59.1 2698s
H 3833  3545                     474.7826950  283.15010  40.4%  59.1 2698s
H 3858  3545                     474.0060414  283.15010  40.3%  58.9 2698s
H 3871  3545                     473.5008286  283.15010  40.2%  58.7 2698s
  3872  3821  384.89836  950 1362  473.50083  283.15010  40.2%  58.8 2727s
H 3941  3817                     472.8618417  283.15010  40.1%  57.9 2727s
H 4152  3868                     469.0476381  283.15010  39.6%  55.5 2748s
H 4216  3910                     468.9971833  283.15010  39.6%  55.4 2776s
H 4227  3910                     468.7886762  283.15010  39.6%  55.3 2776s
  4260  4065  391.62530 1021 1301  468.78868  283.15010  39.6%  55.8 2901s
H 4285  4065                     468.7410166  283.15010  39.6%  55.5 2901s
H 4300  4061                     468.1119782  283.15010  39.5%  55.5 2901s
H 4424  4276                     465.5296886  283.15010  39.2%  54.4 2927s
H 4670  4277                     465.5176941  283.15010  39.2%  55.5 3081s
H 4671  4275                     465.3059655  283.15010  39.1%  55.5 3081s
H 4675  4049                     455.7606067  283.15010  37.9%  55.8 3108s
  4688  4141     cutoff 1115       455.76061  285.09180  37.4%  55.8 3142s
H 4700  4141                     455.7606066  285.09180  37.4%  57.3 3142s
H 4713  4141                     455.7605626  285.09180  37.4%  58.2 3142s
H 4761  4141                     455.7332980  285.09180  37.4%  60.3 3142s
H 4809  4300                     454.3614428  285.09180  37.3%  59.8 3173s
  5067  4301  372.15918  351 2308  454.36144  285.09180  37.3%  59.3 3209s
  5069  4302  445.04707  116 1689  454.36144  285.09180  37.3%  59.3 3218s
  5070  4303  354.22688  161 2213  454.36144  285.09180  37.3%  59.2 3231s
  5071  4304  397.51723  225 2272  454.36144  285.09180  37.3%  59.2 3241s
  5072  4304  440.05948 1033 2334  454.36144  285.09180  37.3%  59.2 3245s
  5074  4306  355.49319  182 2401  454.36144  286.50205  36.9%  59.2 3250s
H 5076  4091                     454.3614427  293.63866  35.4%  59.2 3271s
  5078  4092  439.94236 1022 2348  454.36144  295.16472  35.0%  59.2 3278s
  5079  4093  336.03089   93 2412  454.36144  295.74028  34.9%  59.1 3280s
  5083  4096  352.28465  158 2405  454.36144  298.39541  34.3%  59.1 3288s
  5084  4096  437.47271  672 2371  454.36144  298.39541  34.3%  59.1 3297s
  5085  4097  394.32787  125 2393  454.36144  298.51541  34.3%  59.1 3301s
  5087  4098  412.88692  301 2429  454.36144  298.64956  34.3%  59.1 3308s
  5088  4099  438.78778  869 2437  454.36144  301.21340  33.7%  59.0 3315s
  5090  4100  437.53193  711 2402  454.36144  301.21340  33.7%  59.0 3323s
  5091  4101  379.07751  470 2402  454.36144  301.21340  33.7%  59.0 3508s
  5092  4105  309.77213   13 2339  454.36144  301.21340  33.7%  71.4 3524s
  5094  4108  310.65566   14 2384  454.36144  302.73162  33.4%  72.3 3529s
  5098  4111  311.05386   15 2366  454.36144  305.84463  32.7%  73.9 3531s
  5106  4116  313.40159   16 2385  454.36144  306.97011  32.4%  74.7 3538s
  5110  4119  317.46274   16 2364  454.36144  307.05675  32.4%  75.2 3541s
  5114  4121  315.73913   17 2431  454.36144  307.05675  32.4%  76.1 3547s
  5118  4124  423.12008   17 2375  454.36144  307.05675  32.4%  77.0 3555s
  5126  4127  363.75111   18 2416  454.36144  307.24287  32.4%  78.5 3564s
  5130  4131  317.10046   19 2435  454.36144  309.59582  31.9%  80.0 3569s
  5135  4134  324.71330   19 2396  454.36144  311.97325  31.3%  81.7 3575s
  5140  4139  321.41992   20 2366  454.36144  311.97325  31.3%  83.4 3580s
  5151  4144  321.55946   21 2368  454.36144  312.87653  31.1%  85.0 3588s
  5155  4145     cutoff   21       454.36144  313.66767  31.0%  85.9 3595s
  5168  4154  330.51564   22 2366  454.36144  313.66767  31.0%  86.9 3605s
  5183  4165  333.56543   24 2476  454.36144  313.66767  31.0%  88.2 3616s
  5193  4165  337.81253   25 2470  454.36144  313.66767  31.0%  88.5 3623s
  5198  4174  337.94459   26 2471  454.36144  313.66767  31.0%  88.5 3631s
  5209  4179  386.25494   27 2454  454.36144  313.66767  31.0%  88.7 3636s
  5217  4182  353.21030   28 2531  454.36144  313.66767  31.0%  89.6 3641s
  5223  4193  340.83262   29 2522  454.36144  313.66767  31.0%  90.0 3647s
  5238  4197  377.26404   30 2523  454.36144  313.66767  31.0%  90.3 3653s
  5249  4203  348.68506   31 2525  454.36144  313.66767  31.0%  90.7 3660s
  5262  4208  345.24648   33 2496  454.36144  313.66767  31.0%  91.3 3666s
  5273  4213  346.16460   35 2481  454.36144  313.66767  31.0%  92.0 3673s
  5284  4218  392.66599   36 2463  454.36144  313.66767  31.0%  93.0 3680s
  5297  4224  348.16691   38 2500  454.36144  313.66767  31.0%  93.6 3687s
  5313  4236  348.64298   40 2516  454.36144  313.66767  31.0%  94.4 3696s
H 5318  4029                     454.0766150  313.66767  30.9%  94.9 3696s
  5332  4049  349.13477   42 2511  454.07661  313.66767  30.9%  95.0 3705s
H 5358  3848                     454.0403665  313.66767  30.9%  95.4 3714s
  5363  3868  354.66661   45 2524  454.04037  313.66767  30.9%  95.5 3729s
H 5390  3701                     454.0398435  313.66767  30.9%  96.3 3738s
  5426  3717  354.41166   53 2532  454.03984  313.66767  30.9%  96.7 3756s
H 5464  3555                     454.0398431  313.66767  30.9%  98.2 3764s
H 5485  3380                     454.0398416  313.66767  30.9%  98.2 3764s
H 5485  3221                     454.0396486  313.66767  30.9%  98.2 3764s
  5492  3247  354.94081   63 2540  454.03965  313.66767  30.9%  98.2 3803s
H 5500  3094                     453.9471964  313.66767  30.9%  98.3 3803s
  5527  3130  359.67170   67 2504  453.94720  313.66767  30.9%   100 3816s
H 5546  2980                     453.9469968  313.66767  30.9%   101 3816s
H 5576  2838                     453.9201836  313.66767  30.9%   101 3945s
H 5579  2707                     453.8783580  313.66767  30.9%   101 3945s
  5580  2715  366.67354   72 2466  453.87836  313.66767  30.9%   101 3968s
H 5592  2588                     453.8783141  313.66767  30.9%   101 3968s
H 5598  2476                     453.8783138  313.66767  30.9%   101 3987s
H 5605  2363                     453.8783071  313.66767  30.9%   101 3987s
  5608  2394  420.91320   76 2466  453.87831  313.66767  30.9%   101 4000s
  5643  2389  361.66788   80 2452  453.87831  313.66767  30.9%   101 4014s
H 5648  2282                     453.8783007  313.66767  30.9%   102 4014s
  5652  2333  366.73141   81 2451  453.87830  313.66767  30.9%   102 4034s
H 5716  2215                     453.7116300  313.66767  30.9%   102 4387s
  5720  2237  363.77546   91 2413  453.71163  313.66767  30.9%   102 4399s
H 5746  2138                     453.4715601  313.66767  30.8%   102 4423s
H 5747  2047                     453.1938107  313.66767  30.8%   102 4423s
H 5748  1961                     452.9466073  313.66767  30.7%   102 4423s
  5750  1974  363.69915   95 2418  452.94661  313.66767  30.7%   102 4437s
H 5751  1892                     452.9465668  313.66767  30.7%   102 4437s
H 5761  1812                     452.9409407  313.66767  30.7%   102 4437s
  5765  1839  364.52799   97 2405  452.94094  313.66767  30.7%   102 4455s
H 5800  1758                     452.9409400  313.66767  30.7%   102 4480s
H 5802  1687                     452.9409381  313.66767  30.7%   102 4480s
  5806  1727  364.91438  102 2409  452.94094  313.66767  30.7%   102 4498s
  5848  1721  365.54762  107 2404  452.94094  313.66767  30.7%   102 4518s
  5856  1791  365.55642  108 2402  452.94094  313.66767  30.7%   102 4540s
H 5935  1756                     452.9260745  313.66767  30.7%   102 4556s
  5992  1788  365.89571  122 2376  452.92607  313.66767  30.7%   102 4574s
H 6000  1721                     452.9259862  313.66767  30.7%   102 4574s
H 6033  1650                     452.9259734  313.66767  30.7%   102 4574s
H 6033  1593                     452.9259707  313.66767  30.7%   102 4574s
  6047  1618  377.50068  130 2369  452.92597  313.66767  30.7%   102 4591s
H 6059  1560                     452.9259704  313.66767  30.7%   102 4591s
H 6060  1509                     452.8841928  313.66767  30.7%   102 4591s
  6079  1543  377.85144  136 2376  452.88419  313.66767  30.7%   102 4627s
H 6092  1489                     452.8803142  313.66767  30.7%   103 4627s
  6143  1527  378.34116  143 2362  452.88031  313.66767  30.7%   104 4660s
  6206  1591  379.83413  149 2341  452.88031  313.66767  30.7%   105 4689s
H 6292  1517                     452.6647276  313.66767  30.7%   105 4689s
  6293  1545  380.33233  156 2347  452.66473  313.66767  30.7%   105 4709s
  6348  1597  380.94557  162 2345  452.66473  313.66767  30.7%   104 4739s
  6436  1572  384.72454  175 2409  452.66473  313.66767  30.7%   104 5055s
  6440  1613  399.97090  175 2406  452.66473  313.66767  30.7%   105 5069s
  6483  1616  388.81291  185 2400  452.66473  313.66767  30.7%   107 5087s
  6500  1635  388.83741  188 2395  452.66473  313.66767  30.7%   107 5111s
  6528  1725  389.10390  192 2393  452.66473  313.66767  30.7%   108 5132s
  6634  1779  389.03204  205 2378  452.66473  313.66767  30.7%   107 5158s
  6725  1848  389.25730  210 2381  452.66473  313.66767  30.7%   108 5181s
  6830  1922  389.67309  221 2349  452.66473  313.66767  30.7%   107 5217s
H 6946  1825                     436.1973003  313.66767  28.1%   107 5247s
H 6956  1843                     435.7665591  313.66767  28.0%   107 5286s
H 6958  1803                     435.5174076  313.66767  28.0%   108 5286s
H 6986  1753                     434.9622693  313.66767  27.9%   108 5286s
  7027  1880  389.59728  227 2342  434.96227  313.66767  27.9%   107 5314s
H 7035  1841                     434.9621615  313.66767  27.9%   107 5314s
H 7125  1815                     434.9620067  313.66767  27.9%   107 5314s
H 7133  1815                     434.9614115  313.66767  27.9%   106 5314s
  7173  1917  391.06836  246 2312  434.96141  313.66767  27.9%   106 5425s
H 7198  1917                     434.9613989  313.66767  27.9%   107 5425s
H 7226  1917                     434.9613037  313.66767  27.9%   108 5425s
  7285  2034  391.48339  259 2297  434.96130  313.66767  27.9%   107 5487s
H 7341  2034                     434.9609651  313.66767  27.9%   107 5487s
H 7404  2189                     434.9411664  313.66767  27.9%   107 5521s
H 7492  2189                     434.9225582  313.66767  27.9%   106 5521s
H 7567  2356                     434.9225051  313.66767  27.9%   106 5567s
H 7617  2356                     434.9224813  313.66767  27.9%   105 5567s
H 7697  2356                     434.9224065  313.66767  27.9%   105 5567s
H 7744  2532                     434.9223863  313.66767  27.9%   105 5603s
H 7825  2532                     434.9216168  313.66767  27.9%   105 5603s
H 7880  2532                     434.9138701  313.66767  27.9%   104 5603s
  7928  2721  394.14267  333 2212  434.91387  313.66767  27.9%   104 5677s
H 7983  2721                     434.9138577  313.66767  27.9%   103 5677s
  8124  2921  394.84920  360 2154  434.91386  313.66767  27.9%   103 5717s
H 8169  2921                     434.9131540  313.66767  27.9%   103 5717s
H 8286  2919                     434.4681374  313.66767  27.8%   102 5717s
H 8336  3102                     434.4681372  313.66767  27.8%   101 5752s
H 8336  3102                     434.4303029  313.66767  27.8%   101 5752s
H 8361  3102                     434.3635994  313.66767  27.8%   101 5752s
H 8419  3102                     434.3249586  313.66767  27.8%   101 5752s
H 8467  3102                     434.3058207  313.66767  27.8%   100 5752s
  8521  3106  397.37604  395 2102  434.30582  313.66767  27.8%   100 5891s
H 8522  3106                     433.9505256  313.66767  27.7%   100 5891s
  8525  3325  397.35053  396 2099  433.95053  313.66767  27.7%   100 5928s
H 8527  3325                     433.9504802  313.66767  27.7%   100 5928s
H 8626  3325                     433.9504311  313.66767  27.7%  98.9 5928s
H 8748  3457                     433.9503411  313.66767  27.7%  97.9 5976s
H 8781  3457                     433.9501661  313.66767  27.7%  97.6 5976s
  8880  3769  397.51225  430 2069  433.95017  313.66767  27.7%  96.8 6015s
H 9042  3769                     433.9501660  313.66767  27.7%  95.4 6015s
  9196  3789  397.92217  467 2009  433.95017  313.66767  27.7%  94.0 6088s
H 9200  3789                     433.9500218  313.66767  27.7%  94.0 6088s
H 9201  3789                     433.9500031  313.66767  27.7%  94.0 6088s
H 9205  3789                     433.8655897  313.66767  27.7%  93.9 6088s
  9216  4117  397.93631  469 2007  433.86559  313.66767  27.7%  93.8 6195s
H 9237  4117                     433.8626750  313.66767  27.7%  93.7 6195s
H 9239  4117                     433.7388304  313.66767  27.7%  93.7 6195s
H 9323  4117                     433.6224899  313.66767  27.7%  92.9 6195s
H 9493  4107                     431.9140377  313.66767  27.4%  91.6 6195s
  9554  4255  398.21158  512 1919  431.91404  313.66767  27.4%  91.2 6241s
  9703  4729  398.60172  529 1904  431.91404  313.66767  27.4%  90.1 6292s
 10188  5263  399.38638  587 1884  431.91404  313.66767  27.4%  86.9 6370s
 10744  5845  401.55765  644 1812  431.91404  313.66767  27.4%  84.4 6473s
 11352  5981  422.75939  729 1668  431.91404  313.66767  27.4%  82.0 6508s
 11492  6394  423.53014  755 1671  431.91404  313.66767  27.4%  81.2 6550s
 11905  6846  425.89095  826 1556  431.91404  313.66767  27.4%  78.8 6587s
H12371  6850                     431.7913333  313.66767  27.4%  76.2 6768s
 12375  7048  426.51197  896 1469  431.79133  313.66767  27.4%  76.2 6803s
H12428  7048                     431.7749653  313.66767  27.4%  76.1 6803s
 12689  7065     cutoff  910       431.77497  317.46274  26.5%  75.3 6845s
H12691  7065                     431.7728782  317.46274  26.5%  75.3 6845s
 12842  7165  329.09058   27 2617  431.77288  320.77726  25.7%  76.8 6869s
H12943  7165                     431.7727562  320.77726  25.7%  78.5 6869s
H12969  7325                     431.7724887  320.77726  25.7%  78.4 6910s
 13133  7611  359.55142  127 2498  431.77249  320.77726  25.7%  78.8 6941s
H13435  7611                     431.7698272  320.77726  25.7%  78.5 6941s
H13443  7959                     431.7698271  320.77726  25.7%  78.4 6976s
H13443  7959                     431.7695648  320.77726  25.7%  78.4 6976s
H13697  7959                     431.7695376  320.77726  25.7%  77.1 6976s
H13710  7959                     431.7694857  320.77726  25.7%  77.8 6976s
 13803  8329  384.11914  355 2073  431.76949  320.77726  25.7%  77.3 7009s
H14096  8329                     431.7655106  320.77726  25.7%  76.4 7009s
H14175  8615                     431.7655105  320.77726  25.7%  76.1 7051s
H14175  8615                     431.7654566  320.77726  25.7%  76.1 7051s
H14382  8615                     431.7652509  320.77726  25.7%  75.1 7051s
 14484  8921  385.85305  556 1884  431.76525  320.77726  25.7%  75.2 7098s
 14796  9073  386.79549  694 1729  431.76525  320.77726  25.7%  75.4 7235s
H14891  9073                     431.7510654  320.77726  25.7%  75.0 7235s
 14948  9483  387.62067  785 1613  431.75107  320.77726  25.7%  74.8 7321s
H15100  9483                     431.7509084  320.77726  25.7%  74.1 7321s
H15201  9483                     431.7507397  320.77726  25.7%  73.7 7321s
H15359  9948                     431.7503287  320.77726  25.7%  73.4 7377s
H15361  9948                     431.7489778  320.77726  25.7%  73.4 7377s
H15363  9948                     431.7424999  320.77726  25.7%  73.3 7377s
H15826  9952                     431.7424934  320.77726  25.7%  71.6 7723s
H15828  9951                     431.6897498  320.77726  25.7%  71.6 7723s
 15830 10418  389.19675 1115 1214  431.68975  320.77726  25.7%  71.6 7782s
 16297 10491  391.15874 1285 1077  431.68975  320.77726  25.7%  70.2 7835s
 16370 10548  391.17033 1313 1047  431.68975  320.77726  25.7%  69.9 7906s
 16427 11132  391.17523 1331 1029  431.68975  320.77726  25.7%  69.7 7953s
 17015 11374  391.85742 1501  900  431.68975  320.77726  25.7%  67.9 8010s
 17257 11918  391.86188 1521  880  431.68975  320.77726  25.7%  67.3 8055s
 17802 12507  399.42737 1691  696  431.68975  320.77726  25.7%  65.5 8098s
 18433 12790  399.44760 1861  527  431.68975  320.77726  25.7%  63.6 8150s
 18824 13115  424.33290 2013  402  431.68975  325.99386  24.5%  62.8 8188s
 19201 13118 infeasible   28       431.68975  325.99386  24.5%  62.9 8354s
H19206 13221                     431.6889689  325.99386  24.5%  62.9 8400s
H19208 13221                     431.6868667  325.99386  24.5%  63.0 8400s
H19213 13221                     431.6865582  325.99386  24.5%  63.0 8400s
H19218 13221                     431.6864759  325.99386  24.5%  63.2 8400s
H19219 13221                     431.6800139  325.99386  24.5%  63.2 8400s
H19222 13221                     431.6716718  325.99386  24.5%  63.3 8400s
H19262 13221                     431.6631348  325.99386  24.5%  63.2 8400s
 19324 13380  415.80193   36 2485  431.66313  325.99386  24.5%  63.3 8517s
 19506 13665  366.30330   26 2597  431.66313  325.99386  24.5%  64.3 8646s
H19600 13665                     431.6630216  325.99386  24.5%  64.3 8646s
H19601 13665                     431.6510799  325.99386  24.5%  64.3 8646s
H19813 13997                     431.6510765  325.99386  24.5%  64.5 8708s
H19815 13997                     431.6510744  325.99386  24.5%  64.5 8708s
H19948 13997                     431.6508234  325.99386  24.5%  64.2 8708s
H20066 13997                     431.6507697  325.99386  24.5%  64.2 8708s
 20165 14260     cutoff  242       431.65077  329.09058  23.8%  64.1 8774s
H20166 14260                     431.6507503  329.09058  23.8%  64.1 8774s
 20474 14557  365.91197   45 2582  431.65075  329.09058  23.8%  64.2 8838s
 20778 14926  409.39957  115 2399  431.65075  330.47033  23.4%  64.0 8917s
 21200 15457  368.82293   36 2585  431.65075  330.54469  23.4%  64.1 9062s
 21755 15952  367.70758   24 2584  431.65075  330.54469  23.4%  63.9 9163s
 22286 15956  385.44660   79 2453  431.65075  330.54469  23.4%  64.1 9539s
H22288 15955                     431.6315841  330.54469  23.4%  64.1 9539s
 22290 16311  393.65019   80 2441  431.63158  332.70763  22.9%  64.1 9640s
 22698 16382  349.03805   24 2562  431.63158  333.26451  22.8%  64.5 9720s
 22769 16806  358.93347   38 2563  431.63158  333.26451  22.8%  64.6 9813s
 23200 17353  416.55325  124 2386  431.63158  333.32195  22.8%  64.2 9925s
H23814 17669                     431.6315794  335.51226  22.3%  64.5 10036s
 24155 17903  407.14115   32 2491  431.63158  335.51226  22.3%  64.9 10124s
 24410 18254  418.99846   39 2520  431.63158  335.51226  22.3%  65.3 10216s
 24839 18638  421.70077   61 2406  431.63158  335.92441  22.2%  66.3 10301s
 25260 18952  390.52422   50 2580  431.63158  336.03899  22.1%  66.9 10394s
 25599 19477  415.99014  121 2430  431.63158  337.26728  21.9%  66.6 10478s
 26156 19480  393.81369   66 2544  431.63158  337.26728  21.9%  66.3 10881s
H26159 19480                     431.6274800  337.26728  21.9%  66.3 10881s
 26161 19768  393.83682   67 2541  431.62748  337.26728  21.9%  66.3 11173s
H26186 19768                     431.6274800  337.26728  21.9%  66.2 11173s
H26200 19768                     431.6274771  337.26728  21.9%  66.2 11173s
H26227 19768                     431.6272373  337.26728  21.9%  66.2 11173s
 26476 19870  404.55158  107 2470  431.62724  337.26728  21.9%  65.9 11480s
H26478 19870                     431.6272373  337.26728  21.9%  65.9 11480s
 26578 19978  404.55585  108 2472  431.62724  337.26728  21.9%  65.7 11564s
 26688 20483  406.21108  137 2410  431.62724  337.33137  21.8%  65.8 11660s
H26826 20483                     431.6272372  337.33137  21.8%  65.8 11660s
 27233 20764 infeasible  159       431.62724  337.42559  21.8%  65.7 11748s
 27654 21031  359.98130   58 2577  431.62724  337.43089  21.8%  66.6 11824s
H27949 21031                     431.6272371  337.43089  21.8%  66.8 11824s
 27980 21232  418.06879  167 2377  431.62724  337.76808  21.7%  67.4 11924s
 28237 21317  415.40014   79 2453  431.62724  338.15077  21.7%  68.5 12032s
 28336 21395     cutoff   25       431.62724  338.15993  21.7%  68.9 12200s
 28416 21629  346.92140   24 2573  431.62724  338.15993  21.7%  68.8 12523s
 28663 21711  378.59537  109 2476  431.62724  338.15993  21.7%  69.7 12619s
 28754 22159  387.50776  133 2421  431.62724  338.15993  21.7%  69.8 12715s
 29226 22163  408.29521  303 2109  431.62724  338.15993  21.7%  69.8 13203s
 29230 22616  408.29538  304 2108  431.62724  338.15993  21.7%  69.8 13422s
 29701 22620  409.82695  474 1910  431.62724  338.15993  21.7%  69.9 13757s
 29705 22761  409.83881  475 1910  431.62724  338.15993  21.7%  69.9 13851s
 29850 23025  410.14864  517 1854  431.62724  338.15993  21.7%  69.8 13968s
 30121 23067  416.15306  607 1777  431.62724  338.15993  21.7%  69.3 14293s
 30165 23625  416.15840  618 1772  431.62724  338.15993  21.7%  69.3 14390s
 30738 23713  417.85502  788 1546  431.62724  338.15993  21.7%  68.6 14520s
 30828 24142  418.00000  815 1515  431.62724  338.15993  21.7%  68.7 14626s
 31322 24462  419.29388  985 1262  431.62724  338.15993  21.7%  69.2 14739s
 31732 24980 infeasible 1115       431.62724  340.17003  21.2%  69.5 14908s
 32406 25026  366.91080   67 2490  431.62724  340.57718  21.1%  70.4 15097s
 32452 25416  367.25083   68 2495  431.62724  340.57718  21.1%  70.4 15212s
 32949 25492 infeasible  216       431.62724  341.87108  20.8%  71.4 15307s
 33055 25940  355.47448   28 2579  431.62724  342.12287  20.7%  71.5 15396s
 33563 26189  414.12173  158 2361  431.62724  342.20182  20.7%  71.7 15502s
 33905 26408  408.83584   22 2407  431.62724  342.73921  20.6%  72.3 15666s
 34161 26412  385.31995   34 2518  431.62724  342.73921  20.6%  73.8 16115s
H34164 26407                     431.6006139  342.73921  20.6%  73.8 16115s
 34165 26604     cutoff   34       431.60061  342.73921  20.6%  74.0 16241s
 34420 26807  394.52383   43 2595  431.60061  342.73921  20.6%  74.8 16356s
 34657 27270     cutoff   65       431.60061  342.73921  20.6%  75.3 16507s
 35188 27708  403.62610  114 2466  431.60061  342.73921  20.6%  75.6 16677s
 35701 27900  404.38494  131 2430  431.60061  342.73921  20.6%  75.9 16842s
 35959 28070  407.61992  152 2336  431.60061  343.30834  20.5%  75.9 16981s
 36192 28275  417.08471   37 2558  431.60061  343.30834  20.5%  77.1 17094s
 36422 28681  426.85634   59 2532  431.60061  343.35503  20.4%  77.6 17189s
 36883 29239  372.88216   49 2531  431.60061  343.35503  20.4%  78.4 17299s
 37464 29863  396.52334  161 2314  431.60061  343.35503  20.4%  77.7 17368s
 38140 30185  414.70764  330 2071  431.60061  343.35503  20.4%  76.9 17590s
 38479 30531  418.61054  361 2036  431.60061  343.35503  20.4%  77.7 17685s
 38964 30798 infeasible  450       431.60061  344.20989  20.2%  78.5 17786s
 39351 30924     cutoff   44       431.60061  344.20989  20.2%  79.2 17932s
 39559 31275 infeasible   65       431.60061  344.27580  20.2%  80.0 18047s
 39953 31564     cutoff  125       431.60061  344.32101  20.2%  80.2 18183s
 40296 31568  393.76639  102 2478  431.60061  344.32101  20.2%  80.9 18636s
 40300 32065  393.77249  103 2478  431.60061  344.32101  20.2%  80.9 18709s
 40470 32065  389.45960  250 2244  431.60061  344.32101  20.2%  80.7 18710s
 40842 32154  419.22441  270 2234  431.60061  344.32101  20.2%  80.9 18796s
 40951 32158  422.56603  285 2218  431.60061  344.32101  20.2%  80.9 19217s
 40955 32677  422.65389  286 2199  431.60061  344.41921  20.2%  80.9 19326s
 41518 32778  407.56341   74 2511  431.60061  344.41921  20.2%  80.6 19417s
 41628 33239  414.43907   97 2483  431.60061  344.42416  20.2%  80.5 19529s
 42210 33865  423.07604   95 2531  431.60061  344.46137  20.2%  80.6 19644s
 42890 34314  403.58044   91 2511  431.60061  344.46137  20.2%  80.6 19704s
 43409 34656  420.21706  184 2390  431.60061  345.32325  20.0%  80.2 19750s
 43767 34976  380.94094   60 2578  431.60061  345.32325  20.0%  79.8 19809s
 44098 35335  409.99949  109 2457  431.60061  345.59574  19.9%  79.4 19891s
 44507 35410  397.13945   23 2490  431.60061  345.59574  19.9%  79.7 19963s
 44586 35639  398.58908   29 2510  431.60061  345.59574  19.9%  79.8 20169s
H44646 35639                     431.5976171  345.59574  19.9%  79.8 20169s
H44655 35639                     431.5976135  345.59574  19.9%  79.8 20169s
H44817 36067                     431.5975534  345.59574  19.9%  79.5 20252s
H45014 36067                     431.5975517  346.25155  19.8%  79.5 20252s
H45262 36113                     431.5975515  346.25155  19.8%  79.1 20317s
H45264 36113                     431.5975508  346.25155  19.8%  79.1 20317s
H45267 36113                     431.5975504  346.25155  19.8%  79.1 20317s
H45271 36113                     431.5975493  346.25155  19.8%  79.1 20317s
H45286 36113                     431.5974219  346.25155  19.8%  79.1 20317s
 45344 36448  395.76545   84 2477  431.59742  346.37553  19.7%  79.0 20396s
 45834 36743  360.56762   69 2578  431.59742  346.37553  19.7%  79.2 20696s
 46176 36837     cutoff  161       431.59742  346.37553  19.7%  79.2 20983s
 46284 37145  418.36803  177 2384  431.59742  346.62887  19.7%  79.2 21059s
 46690 37186 infeasible   16       431.59742  346.77486  19.7%  79.7 21140s
 46741 37499  361.12225   70 2558  431.59742  346.77486  19.7%  79.8 21263s
 47094 37789  372.02559  130 2449  431.59742  346.77486  19.7%  79.6 21349s
 47425 37981  387.85604  212 2356  431.59742  346.77486  19.7%  79.7 21455s
 47650 38406  391.52628  288 2210  431.59742  346.77486  19.7%  80.1 21563s
 48089 38772  394.11887  458 1980  431.59742  346.77486  19.7%  79.9 21785s
 48469 39281  405.36690  589 1829  431.59742  346.77486  19.7%  80.2 21870s
 49019 39657  406.65627  748 1595  431.59742  346.77486  19.7%  79.8 21966s
 49397 40267  407.28563  872 1435  431.59742  346.77486  19.7%  79.3 22049s
 50061 40271  408.06327 1025 1219  431.59742  346.77486  19.7%  78.7 22345s
 50065 40556  408.06330 1026 1215  431.59742  346.77486  19.7%  78.7 22423s
 50400 40727  430.85952 1084 1178  431.59742  346.92140  19.6%  78.6 22524s
 50617 41111  370.94637   98 2520  431.59742  346.92140  19.6%  78.8 22605s
 51006 41409  386.79850  217 2356  431.59742  346.92140  19.6%  78.7 22717s
 51321 41413  391.36406  295 2198  431.59742  346.92140  19.6%  78.5 23036s
 51325 42082  391.36498  296 2193  431.59742  346.92140  19.6%  78.5 23102s
 51999 42172  394.28866  466 1972  431.59742  346.92140  19.6%  77.8 23175s
 52089 42715  394.54923  491 1924  431.59742  346.92140  19.6%  77.7 23252s
 52633 43394  406.77785  603 1820  431.59742  346.92140  19.6%  77.0 23320s
 53313 43906  408.02008  773 1568  431.59742  346.92140  19.6%  76.2 23356s
H53831 43917                     431.5972161  346.92140  19.6%  75.6 23416s
H53831 43917                     431.5942523  346.92140  19.6%  75.6 23416s
 53843 44284  408.99605  952 1308  431.59425  346.92140  19.6%  75.6 23446s
H54000 44284                     431.5936685  346.92140  19.6%  75.4 23446s
 54236 44434  420.05777 1110 1156  431.59367  346.92140  19.6%  75.2 23511s
H54410 44434                     431.5936644  346.92140  19.6%  75.0 23511s
 54412 44656     cutoff 1245       431.59366  348.07390  19.4%  75.0 23546s
H54413 44656                     431.5936625  348.07390  19.4%  75.0 23546s
H54594 44656                     431.5936604  348.07390  19.4%  75.0 23546s
 54732 44869  379.29808   33 2567  431.59366  348.07390  19.4%  74.9 23577s
H54971 44869                     431.5936551  348.07390  19.4%  75.0 23577s
 55022 44977  386.01881   69 2510  431.59366  348.07390  19.4%  75.0 23623s
H55058 44977                     431.5936549  348.07390  19.4%  75.0 23623s
 55166 44988  391.35134  105 2454  431.59365  348.07390  19.4%  74.9 23757s
 55189 45210  391.35698  106 2452  431.59365  348.07390  19.4%  75.0 23815s
 55419 45416  405.95073  174 2339  431.59365  348.07390  19.4%  75.0 23868s
 55640 45729  427.22678  233 2204  431.59365  348.63878  19.2%  74.8 23918s
 55963 45877  360.68404  119 2507  431.59365  348.63878  19.2%  74.6 23974s
 56111 46124  372.68428  159 2413  431.59365  348.63878  19.2%  74.6 24080s
 56358 46221  375.57800  221 2323  431.59365  348.63878  19.2%  74.5 24143s
H56416 46221                     431.5936524  348.63878  19.2%  74.4 24143s
 56457 46804  378.73753  261 2224  431.59365  348.63878  19.2%  74.4 24199s
H56914 46804                     431.5936522  348.63878  19.2%  73.9 24200s
 57044 47072  382.16877  431 2006  431.59365  348.63878  19.2%  73.8 24255s
 57314 47562  382.74423  502 1890  431.59365  348.63878  19.2%  73.6 24316s
 57816 47565  384.82750  671 1742  431.59365  348.63878  19.2%  73.3 24670s
H57819 47564                     431.5869545  348.63878  19.2%  73.3 24670s
 57821 47754  384.82755  672 1743  431.58695  348.63878  19.2%  73.3 24760s
H57847 47754                     431.5869534  348.63878  19.2%  73.3 24760s
H57869 47754                     431.5869508  348.63878  19.2%  73.2 24760s
H57949 47754                     431.5869491  348.63878  19.2%  73.1 24760s
H58058 47754                     431.5869484  348.63878  19.2%  73.1 24760s
 58059 47803  385.34650  752 1651  431.58695  348.63878  19.2%  73.1 24821s
H58147 47803                     431.5863929  348.63878  19.2%  73.0 24821s
H58178 48052                     431.5863925  348.63878  19.2%  73.0 24882s
H58200 48052                     431.5854270  348.63878  19.2%  73.0 24882s
 58561 48224  386.10865  920 1436  431.58543  348.63878  19.2%  72.8 24955s
H58746 48224                     431.5854243  348.63878  19.2%  72.6 24955s
H58824 48224                     431.5790752  348.63878  19.2%  72.6 24955s
 58839 48635  386.92410 1073 1239  431.57908  348.63878  19.2%  72.6 25035s
H58900 48635                     431.5790728  348.63878  19.2%  72.5 25035s
 59283 49092  388.14535 1242 1130  431.57907  348.63878  19.2%  72.4 25093s
 59756 49165  421.96385 1400  993  431.57907  348.70611  19.2%  72.0 25156s
 59922 49521  419.54479   78 2555  431.57907  348.73330  19.2%  72.0 25226s
H60004 49521                     431.5790625  348.73330  19.2%  72.2 25226s
H60326 49525                     431.5790608  348.73330  19.2%  71.9 25435s
H60328 49525                     431.5790584  348.73330  19.2%  71.9 25435s
H60329 49525                     431.5790504  348.73330  19.2%  71.9 25435s
 60330 49852  374.64679   38 2552  431.57905  348.73330  19.2%  71.9 25502s
H60386 49852                     431.5790437  348.73330  19.2%  71.9 25502s
H60670 49926                     431.5789100  348.73330  19.2%  71.7 25571s
H60694 49926                     431.5778963  348.73330  19.2%  71.7 25571s
 60756 50150  406.74954  112 2479  431.57790  348.73330  19.2%  71.6 25692s
H60807 50150                     431.5778943  348.73330  19.2%  71.6 25692s
 61000 50568 infeasible  157       431.57789  348.86440  19.2%  71.5 25743s
 61500 50824  400.89097  131 2444  431.57789  349.39088  19.0%  71.5 25808s
 61842 51179 infeasible   32       431.57789  349.40753  19.0%  71.6 25922s
 62239 51334  383.11854  120 2502  431.57789  349.40753  19.0%  71.7 26016s
 62427 51776  403.33959  194 2374  431.57789  349.41655  19.0%  71.9 26095s
 62919 52223  368.93246   44 2586  431.57789  349.41655  19.0%  71.8 26277s
 63445 52633  369.29857   52 2586  431.57789  349.41655  19.0%  72.0 26374s
 63877 53003  375.43533   79 2505  431.57789  349.41655  19.0%  72.0 26455s
 64258 53512  377.29837  110 2452  431.57789  349.41655  19.0%  71.9 26596s
 64794 53973  381.41256  149 2388  431.57789  349.41655  19.0%  71.6 26678s
 65309 54193  395.28790  198 2311  431.57789  349.41655  19.0%  71.5 26763s
 65579 54748  394.98325  208 2294  431.57789  349.41655  19.0%  72.0 26840s
 66143 55254  397.10502  254 2236  431.57789  349.41655  19.0%  71.6 26916s
 66692 55382  400.05589  309 2131  431.57789  349.41655  19.0%  71.5 27010s
H66711 55382                     431.5770657  349.41655  19.0%  71.6 27010s
 66828 55686  400.07562  318 2119  431.57707  349.41655  19.0%  71.6 27085s
 67194 56025  406.18233  369 2059  431.57707  349.41655  19.0%  71.8 27173s
H67344 56025                     431.5770649  349.41655  19.0%  71.8 27173s
 67549 56328  424.87965  383 2050  431.57706  349.57725  19.0%  71.6 27260s
 67927 56954  380.84058   30 2559  431.57706  349.57725  19.0%  71.6 27338s
 68560 57350  410.41062  153 2375  431.57706  349.57725  19.0%  71.2 27414s
 68960 57988  419.41053  266 2195  431.57706  349.78013  19.0%  70.9 27475s
 69632 58563  388.46825  142 2370  431.57706  349.81920  18.9%  70.4 27537s
 70283 59073  362.52529   55 2533  431.57706  349.81920  18.9%  70.0 27604s
 70799 59485  396.40031  148 2406  431.57706  349.81920  18.9%  69.7 27664s
 71235 59966  409.44036  211 2312  431.57706  349.81964  18.9%  69.4 27728s
 71741 60045  397.30613   57 2562  431.57706  349.81964  18.9%  69.1 28032s
H71770 60045                     431.5770085  349.81964  18.9%  69.1 28032s
H71826 60048                     431.5769664  349.81964  18.9%  69.0 28499s
H71831 60110                     431.5769635  349.81964  18.9%  69.0 28566s
H71832 60110                     431.5758972  349.81964  18.9%  69.0 28566s
H71833 60110                     431.5756838  349.81964  18.9%  69.0 28566s
H71838 60110                     431.5749614  349.81964  18.9%  69.0 28566s
H71840 60110                     431.5720536  349.81964  18.9%  69.0 28566s
 71901 60170  397.96236   71 2489  431.57205  349.81964  18.9%  69.0 28632s
H71902 60170                     431.5720530  349.81964  18.9%  69.0 28632s
H71909 60170                     431.5720529  349.81964  18.9%  69.0 28632s
H71910 60170                     431.5720529  349.81964  18.9%  69.0 28632s
H71930 60170                     431.5720527  349.81964  18.9%  69.1 28632s
H71939 60170                     431.5720521  349.81964  18.9%  69.1 28632s
 71997 60641  399.98858   77 2474  431.57205  349.81964  18.9%  69.1 28699s
 72550 61065  404.52339  141 2376  431.57205  349.81964  18.9%  68.8 28771s
 72974 61258  405.34483  171 2365  431.57205  349.81964  18.9%  68.6 28800s

Cutting planes:
  Learned: 10
  Gomory: 15
  Cover: 305
  Implied bound: 175
  Clique: 45
  MIR: 1322
  StrongCG: 4
  Flow cover: 2838
  GUB cover: 3
  Zero half: 2
  Mod-K: 1
  RLT: 1488
  Relax-and-lift: 317

Explored 73172 nodes (5056377 simplex iterations) in 28800.37 seconds
Thread count was 4 (of 32 available processors)

Solution count 10: 431.572 431.575 431.576 ... 431.578

Time limit reached
Warning: max constraint violation (2.8603e-05) exceeds tolerance
Best objective 4.315720520736e+02, best bound 3.498196383164e+02, gap 18.9429%
