
Gurobi 9.1.0 (linux64) logging started Wed Aug  4 07:40:34 2021

Changed value of parameter LogFile to eab_parasitoid_1_1.log
   Prev:   Default: 
Changed value of parameter MIPGap to 0.01
   Prev: 0.0001  Min: 0.0  Max: inf  Default: 0.0001
Changed value of parameter Method to 2
   Prev: -1  Min: -1  Max: 5  Default: -1
Changed value of parameter MIPFocus to 2
   Prev: 0  Min: 0  Max: 3  Default: 0
Changed value of parameter RINS to 100
   Prev: -1  Min: -1  Max: 2000000000  Default: -1
Gurobi Optimizer version 9.1.0 build v9.1.0rc0 (linux64)
Thread count: 32 physical cores, 32 logical processors, using up to 32 threads
Optimize a model with 203386 rows, 134930 columns and 685029 nonzeros
Model fingerprint: 0x165627f8
Variable types: 55774 continuous, 79156 integer (79156 binary)
Coefficient statistics:
  Matrix range     [2e-04, 6e+05]
  Objective range  [1e-06, 1e-01]
  Bounds range     [1e+00, 6e+03]
  RHS range        [1e-04, 6e+05]
Presolve removed 152202 rows and 90425 columns (presolve time = 7s) ...
Presolve removed 158372 rows and 102572 columns (presolve time = 10s) ...
Presolve removed 175040 rows and 111440 columns (presolve time = 15s) ...
Presolve removed 181419 rows and 115614 columns (presolve time = 21s) ...
Presolve removed 183135 rows and 117529 columns (presolve time = 26s) ...
Presolve removed 191034 rows and 124731 columns (presolve time = 31s) ...
Presolve removed 191879 rows and 125206 columns (presolve time = 35s) ...
Presolve removed 191932 rows and 125234 columns (presolve time = 40s) ...
Presolve removed 193094 rows and 126464 columns (presolve time = 46s) ...
Presolve removed 193217 rows and 126569 columns (presolve time = 50s) ...
Presolve removed 193256 rows and 126577 columns (presolve time = 56s) ...
Presolve removed 193295 rows and 126614 columns (presolve time = 60s) ...
Presolve removed 193289 rows and 126609 columns
Presolve time: 62.36s
Presolved: 10097 rows, 8321 columns, 133059 nonzeros
Variable types: 3569 continuous, 4752 integer (4751 binary)
Presolve removed 34 rows and 25 columns
Presolved: 10063 rows, 8296 columns, 132922 nonzeros

Root barrier log...

Ordering time: 2.27s

Barrier statistics:
 Dense cols : 139
 AA' NZ     : 5.788e+05
 Factor NZ  : 2.753e+06 (roughly 30 MBytes of memory)
 Factor Ops : 2.295e+09 (less than 1 second per iteration)
 Threads    : 31

                  Objective                Residual
Iter       Primal          Dual         Primal    Dual     Compl     Time
   0   3.03418113e+03 -1.84043891e+04  3.43e+04 2.11e-01  8.06e+01    73s
   1   2.39916664e+03 -2.07916847e+04  2.52e+04 4.37e-01  5.76e+01    73s
   2   9.30926111e+02 -2.16298121e+04  3.55e+03 3.09e-13  9.07e+00    74s
   3   6.17505597e+02 -1.21941873e+04  3.04e+02 1.35e-10  1.09e+00    74s
   4   4.80236270e+02 -3.95866170e+03  3.88e+01 1.47e-11  2.14e-01    74s
   5   4.45336984e+02 -9.31246204e+02  9.82e+00 4.22e-12  5.82e-02    75s
   6   4.31779250e+02 -4.37694151e+01  2.32e+00 1.35e-12  1.90e-02    75s
   7   4.23348821e+02  2.37555122e+02  1.58e-01 4.99e-13  7.18e-03    75s
   8   4.19552755e+02  3.66855555e+02  8.63e-04 1.28e-13  2.02e-03    76s
   9   4.17909978e+02  3.99814678e+02  3.76e-04 4.13e-14  6.93e-04    76s
  10   4.17236527e+02  4.08386046e+02  2.31e-04 1.95e-14  3.39e-04    76s
  11   4.16397137e+02  4.12660785e+02  8.89e-05 7.77e-15  1.43e-04    77s
  12   4.16110306e+02  4.14300220e+02  5.36e-05 3.77e-15  6.92e-05    77s
  13   4.15895260e+02  4.14965802e+02  2.81e-05 1.33e-15  3.55e-05    77s
  14   4.15771435e+02  4.15432403e+02  1.40e-05 1.11e-15  1.30e-05    78s
  15   4.15726918e+02  4.15509255e+02  9.52e-06 1.11e-15  8.32e-06    78s
  16   4.15701977e+02  4.15540496e+02  6.40e-06 1.45e-15  6.17e-06    78s
  17   4.15670280e+02  4.15572005e+02  2.87e-06 3.18e-15  3.75e-06    79s
  18   4.15662018e+02  4.15592942e+02  1.93e-06 2.06e-15  2.64e-06    79s
  19   4.15655136e+02  4.15623960e+02  1.20e-06 6.50e-16  1.19e-06    79s
  20   4.15648714e+02  4.15635357e+02  5.06e-07 3.03e-16  5.10e-07    80s
  21   4.15647156e+02  4.15639594e+02  3.22e-07 2.22e-16  2.89e-07    80s
  22   4.15645444e+02  4.15641448e+02  1.47e-07 2.22e-16  1.53e-07    80s
  23   4.15644618e+02  4.15643052e+02  6.42e-08 1.42e-16  5.99e-08    81s
  24   4.15644172e+02  4.15643752e+02  1.91e-08 8.88e-16  1.60e-08    81s
  25   4.15644029e+02  4.15643915e+02  5.35e-09 6.66e-16  4.33e-09    81s
  26   4.15643987e+02  4.15643958e+02  1.28e-09 2.22e-16  1.10e-09    82s
  27   4.15643973e+02  4.15643972e+02  3.16e-11 6.66e-16  3.85e-11    82s

Barrier solved model in 27 iterations and 81.97 seconds
Optimal objective 4.15643973e+02


Root crossover log...

     670 DPushes remaining with DInf 0.0000000e+00                82s
       0 DPushes remaining with DInf 0.0000000e+00                82s

    4604 PPushes remaining with PInf 1.4008599e-05                82s
       0 PPushes remaining with PInf 0.0000000e+00                83s

  Push phase complete: Pinf 0.0000000e+00, Dinf 1.7324919e-01     83s


Root simplex log...

Iteration    Objective       Primal Inf.    Dual Inf.      Time
    5096    4.1564397e+02   0.000000e+00   1.732492e-01     83s
    5125    4.1564397e+02   0.000000e+00   0.000000e+00     83s
    5125    4.1564397e+02   0.000000e+00   0.000000e+00     83s

Root relaxation: objective 4.156440e+02, 5125 iterations, 16.70 seconds
Total elapsed time = 85.79s

    Nodes    |    Current Node    |     Objective Bounds      |     Work
 Expl Unexpl |  Obj  Depth IntInf | Incumbent    BestBd   Gap | It/Node Time

     0     0  415.64397    0 1763          -  415.64397      -     -   89s
     0     0  425.34265    0 2071          -  425.34265      -     -  118s
     0     0  425.70405    0 2103          -  425.70405      -     -  141s
     0     0  425.72699    0 2052          -  425.72699      -     -  148s
     0     0  425.72734    0 2050          -  425.72734      -     -  149s
     0     0  430.69104    0 2117          -  430.69104      -     -  217s
H    0     0                     535.4896903  430.69104  19.6%     -  244s
H    0     0                     535.4091603  430.69104  19.6%     -  244s
     0     0  430.72272    0 2106  535.40916  430.72272  19.6%     -  247s
     0     0  435.82833    0 2073  535.40916  435.82833  18.6%     -  260s
     0     0  435.82833    0 2062  535.40916  435.82833  18.6%     -  263s
     0     0  436.03870    0 2074  535.40916  436.03870  18.6%     -  380s
H    0     0                     527.0679020  436.03870  17.3%     -  413s
     0     0  436.20065    0 2078  527.06790  436.20065  17.2%     -  458s
     0     0  436.21396    0 2069  527.06790  436.21396  17.2%     -  489s
     0     0  436.21673    0 2079  527.06790  436.21673  17.2%     -  499s
     0     0  440.54250    0 2028  527.06790  440.54250  16.4%     -  637s
H    0     0                     482.3382549  440.54250  8.67%     -  670s
     0     0  440.76909    0 2042  482.33825  440.76909  8.62%     -  671s
     0     0  440.81080    0 2050  482.33825  440.81080  8.61%     -  694s
     0     0  440.81427    0 2054  482.33825  440.81427  8.61%     -  715s
     0     0  443.68139    0 2016  482.33825  443.68139  8.01%     -  851s
     0     0  443.89407    0 2039  482.33825  443.89407  7.97%     -  899s
     0     0  443.90964    0 2052  482.33825  443.90964  7.97%     -  930s
H    0     0                     481.6276434  443.90964  7.83%     - 1014s
     0     0  451.51181    0 2077  481.62764  451.51181  6.25%     - 1180s
H    0     0                     481.6276432  451.51181  6.25%     - 1212s
     0     0  451.84122    0 2037  481.62764  451.84122  6.18%     - 1279s
     0     0  451.86540    0 2060  481.62764  451.86540  6.18%     - 1315s
     0     0  451.86936    0 2041  481.62764  451.86936  6.18%     - 1326s
     0     0  456.03748    0 1964  481.62764  456.03748  5.31%     - 1502s
     0     0  456.68509    0 1969  481.62764  456.68509  5.18%     - 1560s
     0     0  456.69566    0 1970  481.62764  456.69566  5.18%     - 1595s
     0     0  459.91916    0 1961  481.62764  459.91916  4.51%     - 1649s
     0     0  459.93148    0 1957  481.62764  459.93148  4.50%     - 1675s
     0     0  462.84949    0 1947  481.62764  462.84949  3.90%     - 1753s
H    0     0                     480.8867009  462.84949  3.75%     - 1794s
     0     0  464.56763    0 1940  480.88670  464.56763  3.39%     - 1796s
     0     0  464.56873    0 1933  480.88670  464.56873  3.39%     - 1816s
H    0     0                     480.8866959  464.56873  3.39%     - 1884s
     0     0  467.03317    0 1977  480.88670  467.03317  2.88%     - 1885s
     0     0  467.04053    0 1976  480.88670  467.04053  2.88%     - 1929s
     0     0  469.34067    0 1959  480.88670  469.34067  2.40%     - 1960s
     0     0  469.34591    0 1963  480.88670  469.34591  2.40%     - 1975s
     0     0  469.40236    0 1952  480.88670  469.40236  2.39%     - 2040s
     0     0  469.40236    0 1951  480.88670  469.40236  2.39%     - 2062s
H    0     0                     479.9760521  469.40236  2.20%     - 2891s
H    0     2                     479.9759013  469.40236  2.20%     - 2907s
     0     2  469.40253    0 1951  479.97590  469.40253  2.20%     - 2907s
     1     4  477.51360    1 1750  479.97590  469.40253  2.20%  2573 2963s
     3     4     cutoff    2       479.97590  470.05628  2.07%  1763 3031s
     7     8  471.43564    3 1733  479.97590  470.30026  2.02%  1477 3069s
    11    16  472.43101    4 1726  479.97590  470.41717  1.99%  1293 3124s
    19    32  478.71297    5 1718  479.97590  470.54710  1.96%  1276 3246s
    35    43     cutoff    6       479.97590  470.56799  1.96%  1348 3302s
H   39    43                     479.9758972  470.56799  1.96%  1335 3302s
H   43    43                     479.9758921  470.56799  1.96%  1407 3302s
H   51    43                     479.9758914  470.56843  1.96%  1466 3302s
H   55    43                     479.9758822  470.68091  1.94%  1498 3302s
    67    57  472.16647    7 1472  479.97588  470.68340  1.94%  1537 3372s
    99    77  472.19850    8 1450  479.97588  471.57958  1.75%  1404 3432s
   131    73  475.26771    9 1417  479.97588  471.59906  1.75%  1315 3483s
H  163    80                     479.9758595  471.59906  1.75%  1404 3564s
H  164    80                     479.9223318  471.59906  1.73%  1396 3564s
H  167    80                     479.9036365  471.59906  1.73%  1394 3564s
H  188    80                     479.9021783  471.59906  1.73%  1359 3564s
   195    91  475.29158   11 1428  479.90218  471.59906  1.73%  1349 3612s
   230   103  475.30244   12 1381  479.90218  471.59906  1.73%  1253 3661s
H  268    98                     479.8771145  471.59906  1.73%  1168 3797s
H  276    98                     479.8744228  471.59906  1.72%  1164 3797s
H  278    98                     479.8743265  471.59906  1.72%  1164 3797s
H  294    98                     479.8632509  471.59906  1.72%  1160 3797s
H  300   101                     479.8063545  471.59906  1.71%  1148 4558s
H  302   101                     479.7923263  471.59906  1.71%  1144 4558s
H  305   101                     479.7901316  471.59906  1.71%  1146 4558s
H  333   116                     479.7829476  471.59906  1.71%  1107 4997s
H  338   116                     479.7782606  471.59906  1.70%  1096 4997s
H  342   116                     479.7770406  471.59906  1.70%  1095 4997s
   366   150  478.42568   17 1390  479.77704  471.59906  1.70%  1065 5067s
   432   188  478.83832   19 1376  479.77704  471.59906  1.70%   970 5115s
   504   214  478.85726   21 1387  479.77704  471.59906  1.70%   879 5694s
   576   247  479.64761   23 1406  479.77704  471.59906  1.70%   805 5747s
   665   278     cutoff   27       479.77704  472.31302  1.56%   747 5814s
   776   334  477.44454   25 1327  479.77704  472.84170  1.45%   680 5892s
   892   377  477.66275   29 1353  479.77704  472.84170  1.45%   628 5956s
  1011   454  477.80191   35 1288  479.77704  472.84170  1.45%   586 6006s
  1162   561  479.02314   42 1269  479.77704  472.84170  1.45%   536 6067s
  1325   689  479.31125   50 1276  479.77704  472.84170  1.45%   491 6145s
  1501   830  479.73546   59 1253  479.77704  473.18667  1.37%   453 6248s
  1709  1016  479.13327   60 1259  479.77704  473.18667  1.37%   416 6291s
  1945  1198  479.22627   71 1212  479.77704  473.18667  1.37%   377 6359s
  2225  1347  479.57262   84 1175  479.77704  473.18667  1.37%   341 6418s
  2483  1484     cutoff   90       479.77704  473.18667  1.37%   317 6493s
  2794  1602  479.64863   89 1128  479.77704  473.68399  1.27%   291 6667s
H 2812  1602                     479.7720186  473.68399  1.27%   291 6667s
H 2819  1602                     479.7677394  473.68399  1.27%   290 6667s
  2974  1595  479.51934   45 1951  479.76774  473.68399  1.27%   282 7461s
  2976  1596  478.13855   31 1770  479.76774  473.68399  1.27%   282 7483s
  2977  1597  477.95104   14 1922  479.76774  473.68399  1.27%   281 7516s
  2978  1598  479.63796   37 1971  479.76774  473.68399  1.27%   281 7552s
  2979  1598  479.10583   21 2030  479.76774  473.68399  1.27%   281 7562s
  2980  1599  478.83424   40 1886  479.76774  473.68399  1.27%   281 7576s
  2981  1600  478.85714   60 1826  479.76774  473.68399  1.27%   281 7594s
  2982  1600  477.89412   15 1843  479.76774  473.68399  1.27%   281 7609s
  2983  1601  479.66770   93 1827  479.76774  473.68399  1.27%   281 7624s
  2984  1602  478.33303   15 1846  479.76774  473.68399  1.27%   281 7637s
  2985  1602  478.97222   21 1823  479.76774  473.68399  1.27%   281 7655s
  2986  1603  479.74836   76 1814  479.76774  473.68399  1.27%   281 7690s
  2987  1604  479.16776   67 1722  479.76774  473.68399  1.27%   281 7936s
  2988  1604  479.38698   72 1719  479.76774  473.68399  1.27%   280 7971s
  2989  1605  479.68539  111 1680  479.76774  473.68399  1.27%   280 7995s
  2990  1606  479.10583   21 1670  479.76774  473.68399  1.27%   280 8105s
  2991  1606  478.46918   16 1726  479.76774  473.68399  1.27%   280 8214s
  2992  1607  479.06603   50 1679  479.76774  473.68399  1.27%   280 8223s
  2993  1608  479.47462   76 1644  479.76774  473.68399  1.27%   280 8229s
  2994  1608  479.11181   49 1615  479.76774  473.68399  1.27%   280 8270s
  2995  1609  477.38203   16 1622  479.76774  473.68399  1.27%   280 8377s
  2996  1610  479.46695   42 1634  479.76774  473.68399  1.27%   280 8442s
  2997  1610  479.61112   27 1612  479.76774  473.68399  1.27%   280 8776s
  2998  1611  477.57972   27 1611  479.76774  473.68399  1.27%   279 8848s
H 2998  1530                     479.7677389  473.68399  1.27%   279 9610s
H 2999  1456                     479.7677367  473.68399  1.27%   294 9629s
  3000  1456  477.25467   15 1203  479.76774  473.68399  1.27%   294 10458s
  3002  1457     cutoff   16       479.76774  473.68399  1.27%   295 10934s
  3004  1456  473.68399   16 1220  479.76774  473.68399  1.27%   295 10935s
  3005  1458  473.68399   17 1238  479.76774  473.68399  1.27%   295 11044s
  3009  1456  475.89784   18 1152  479.76774  473.68399  1.27%   296 11081s

Cutting planes:
  Learned: 40
  Gomory: 30
  Cover: 83
  Implied bound: 66
  Projected implied bound: 95
  Clique: 15
  MIR: 317
  Flow cover: 2166
  GUB cover: 1
  Zero half: 16
  RLT: 712
  Relax-and-lift: 132

Explored 3015 nodes (950416 simplex iterations) in 11082.28 seconds
Thread count was 32 (of 32 available processors)

Solution count 10: 479.768 479.768 479.768 ... 479.792

Optimal solution found (tolerance 1.00e-02)
Best objective 4.797677367313e+02, best bound 4.758978370075e+02, gap 0.8066%
