
Gurobi 9.1.0 (linux64) logging started Thu Dec 30 16:08:49 2021

Changed value of parameter LogFile to eab_parasitoid_0.8_2_0_bud.log
   Prev:   Default: 
Changed value of parameter MIPGap to 0.01
   Prev: 0.0001  Min: 0.0  Max: inf  Default: 0.0001
Changed value of parameter MIPFocus to 1
   Prev: 0  Min: 0  Max: 3  Default: 0
Changed value of parameter RINS to 100
   Prev: -1  Min: -1  Max: 2000000000  Default: -1
Changed value of parameter TimeLimit to 28800.0
   Prev: inf  Min: 0.0  Max: inf  Default: inf
Changed value of parameter NodeFileStart to 10000.0
   Prev: inf  Min: 0.0  Max: inf  Default: inf
Changed value of parameter Threads to 4
   Prev: 0  Min: 0  Max: 1024  Default: 0
Changed value of parameter Heuristics to 1.0
   Prev: 0.05  Min: 0.0  Max: 1.0  Default: 0.05
Gurobi Optimizer version 9.1.0 build v9.1.0rc0 (linux64)
Thread count: 32 physical cores, 32 logical processors, using up to 4 threads
Optimize a model with 381543 rows, 174513 columns and 1305866 nonzeros
Model fingerprint: 0xeb1b9f31
Variable types: 77367 continuous, 97146 integer (97146 binary)
Coefficient statistics:
  Matrix range     [1e-04, 6e+03]
  Objective range  [1e-06, 1e-01]
  Bounds range     [1e+00, 6e+03]
  RHS range        [1e-04, 7e+03]

User MIP start produced solution with objective 703.792 (5.99s)
User MIP start produced solution with objective 703.504 (6.34s)
User MIP start produced solution with objective 703.384 (6.64s)
Loaded user MIP start with objective 703.384
Processed MIP start in 6.66 seconds

Presolve removed 211337 rows and 79101 columns (presolve time = 5s) ...
Presolve removed 258089 rows and 103433 columns
Presolve time: 8.00s
Presolved: 123454 rows, 71080 columns, 632742 nonzeros
Variable types: 32523 continuous, 38557 integer (38557 binary)

Deterministic concurrent LP optimizer: primal and dual simplex (primal and dual model)
Showing first log only...

Presolve removed 114 rows and 97 columns
Presolved: 123340 rows, 70983 columns, 632463 nonzeros


Root simplex log...

Iteration    Objective       Primal Inf.    Dual Inf.      Time
       0    1.2022491e+02   3.027095e+02   2.108704e+09     15s
Concurrent spin time: 0.08s

Solved with dual simplex (primal model)

Root relaxation: objective 1.083134e+02, 5544 iterations, 0.83 seconds

    Nodes    |    Current Node    |     Objective Bounds      |     Work
 Expl Unexpl |  Obj  Depth IntInf | Incumbent    BestBd   Gap | It/Node Time

     0     0  108.31336    0 1105  703.38353  108.31336  84.6%     -   19s
     0     0  108.98425    0 1943  703.38353  108.98425  84.5%     -   29s
     0     0  109.20659    0 2007  703.38353  109.20659  84.5%     -   31s
     0     0  109.52848    0 2423  703.38353  109.52848  84.4%     -   36s
H    0     0                     703.3820469  109.52848  84.4%     -   41s
     0     0  109.53045    0 2440  703.38205  109.53045  84.4%     -   42s
     0     0  109.53059    0 2471  703.38205  109.53059  84.4%     -   42s
     0     0  109.53060    0 2468  703.38205  109.53060  84.4%     -   43s
     0     0  110.11369    0 2369  703.38205  110.11369  84.3%     -   48s
     0     0  110.48151    0 2418  703.38205  110.48151  84.3%     -   52s
     0     0  110.49079    0 2418  703.38205  110.49079  84.3%     -   53s
     0     0  110.49227    0 2426  703.38205  110.49227  84.3%     -   53s
     0     0  110.49227    0 2426  703.38205  110.49227  84.3%     -   53s
     0     0  110.64689    0 2431  703.38205  110.64689  84.3%     -   57s
     0     0  110.66109    0 2457  703.38205  110.66109  84.3%     -   59s
     0     0  110.66112    0 2459  703.38205  110.66112  84.3%     -   59s
     0     0  110.67483    0 2217  703.38205  110.67483  84.3%     -   64s
     0     2  110.67483    0 2212  703.38205  110.67483  84.3%     -  139s
     1     4  142.44072    1 2083  703.38205  110.67487  84.3%  2360  140s
     7    10 infeasible    3       703.38205  110.79131  84.2%  1096  145s
    19    22  179.35756    5 2065  703.38205  110.79131  84.2%   884  150s
    27    30  179.40676    7 2131  703.38205  110.79131  84.2%   648  218s
    36    41  179.41921    9 2133  703.38205  110.79131  84.2%   505  221s
    54    61  179.53220   12 2038  703.38205  110.79131  84.2%   373  226s
    66    72  179.54923   15 2068  703.38205  110.79131  84.2%   315  230s
    97   103  180.11165   23 1916  703.38205  110.79131  84.2%   269  239s
   104   117  180.11343   24 1947  703.38205  110.79131  84.2%   260  240s
   173   176  180.17609   43 1695  703.38205  110.79131  84.2%   197  248s
H  177   180                     670.5685362  110.79131  83.5%   193  252s
H  178   180                     611.4563354  110.79131  81.9%   192  252s
H  180   180                     591.4176840  110.79131  81.3%   190  252s
H  211   212                     591.0979405  110.79131  81.3%   174  267s
H  211   212                     589.0377728  110.79131  81.2%   174  267s
H  212   212                     536.7970683  110.79131  79.4%   173  267s
   247   248  184.81691   58 1596  536.79707  110.79131  79.4%   155  273s
H  248   248                     533.4436895  110.79131  79.2%   155  273s
   251   285  184.81711   59 1595  533.44369  110.79131  79.2%   153  275s
H  289   289                     533.4434165  110.79131  79.2%   136  279s
H  291   289                     528.7074970  110.79131  79.0%   136  279s
   292   325  184.86461   67 1576  528.70750  110.79131  79.0%   136  285s
   344   385  184.88107   83 1539  528.70750  110.79131  79.0%   117  290s
H  388   389                     471.3340859  110.79131  76.5%   107  306s
H  389   389                     448.4027877  110.79131  75.3%   107  306s
H  391   389                     433.6684946  110.79131  74.5%   106  306s
   392   413  185.05048   96 1572  433.66849  110.79131  74.5%   107  310s
H  397   413                     277.1501616  110.79131  60.0%   105  310s
H  416   416                     276.7187283  110.79131  60.0%   103  316s
H  420   408                     187.0736981  110.79131  40.8%   102  334s
H  422   222                     150.2134720  110.79131  26.2%   103  334s
H  423   222                     114.3363613  110.79131  3.10%   103  334s
   424   213     cutoff  103       114.33636  110.79131  3.10%   103  342s
H  429   213                     114.3294713  111.58516  2.40%   103  342s
H  439   213                     114.3275979  111.58516  2.40%   109  342s
   445   225  112.43126   31 1989  114.32760  111.58516  2.40%   118  367s
H  452   225                     114.2172798  111.58516  2.30%   119  367s
   459   223  112.52336   34 2017  114.21728  111.58516  2.30%   126  370s
H  513   226                     114.2172790  111.58516  2.30%   117  388s
H  515   226                     114.2152113  111.58516  2.30%   117  388s
H  516   226                     114.1978081  111.58516  2.29%   117  388s
H  517   233                     114.1977608  111.58516  2.29%   117  391s
H  522   233                     114.1975276  111.58516  2.29%   115  391s
   526   270  113.11042   50 1891  114.19753  111.58516  2.29%   115  402s
H  542   270                     114.1975269  111.58516  2.29%   113  402s
H  559   270                     114.1672911  111.58516  2.26%   110  402s
H  582   225                     114.1656900  111.58516  2.26%   112  407s
   586   226  113.21560   68 1730  114.16569  111.58516  2.26%   112  415s
H  588   226                     114.1332627  111.58516  2.23%   111  415s
   590   262  113.21576   69 1700  114.13326  111.58516  2.23%   112  432s
H  591   262                     114.1312841  111.58516  2.23%   112  432s
H  632   256                     114.1292468  111.58516  2.23%   107  458s
   636   337  113.22854   79 1661  114.12925  111.58516  2.23%   107  469s
H  725   339                     114.1214839  111.58516  2.22%  98.3  482s
H  727   339                     114.0429485  111.58516  2.16%  98.0  482s
H  728   339                     114.0363162  111.58516  2.15%  97.9  482s
   730   351  113.47421  106 1417  114.03632  111.58516  2.15%  97.8  501s
H  732   351                     114.0363160  111.58516  2.15%  97.5  501s
H  735   351                     114.0359201  111.58516  2.15%  97.2  501s
   742   363  113.51168  109 1410  114.03592  111.58516  2.15%  96.4  509s
   754   371  113.52302  114 1405  114.03592  111.58516  2.15%  95.1  518s
H  757   371                     114.0358925  111.58516  2.15%  94.7  518s
   762   449  113.52422  116 1396  114.03589  111.58516  2.15%  94.2  524s
H  840   451                     113.9964956  111.58516  2.12%  86.4  540s
H  842   451                     113.9953871  111.58516  2.11%  86.2  540s
   844   479  113.67296  140 1401  113.99539  111.58516  2.11%  86.0  548s
   876   482  113.70733  148 1397  113.99539  111.58516  2.11%  83.4  557s
H  880   506                     113.9919263  111.58516  2.11%  83.1  563s
   907   510  113.71493  157 1383  113.99193  111.58516  2.11%  90.0  571s
H  910   510                     113.9919263  111.58516  2.11%  89.7  571s
   911   605  113.71629  158 1381  113.99193  111.58516  2.11%  89.6  584s
H  936   605                     113.9919256  111.58516  2.11%  87.6  584s
H 1014   605                     113.9919256  111.58516  2.11%  81.7  584s
H 1015   608                     113.9756769  111.58516  2.10%  81.6  640s
  1019   696  113.74592  185 1387  113.97568  111.58516  2.10%  81.4  649s
H 1040   696                     113.9671344  111.58516  2.09%  80.2  649s
H 1107   695                     113.9657555  111.58516  2.09%  76.1  654s
  1108   696  113.14781   99 2217  113.96576  111.58516  2.09%  76.0  664s
H 1109   662                     113.9657552  111.58516  2.09%  75.9  671s
  1110   662  112.35579   40 1129  113.96576  111.65402  2.03%  75.9  682s
  1111   663  112.39922   30 1655  113.96576  112.29545  1.47%  75.8  691s
  1113   664  113.09376  154 2055  113.96576  112.63705  1.17%  75.7  696s

Cutting planes:
  Learned: 36
  Gomory: 19
  Cover: 194
  Implied bound: 443
  Clique: 134
  MIR: 528
  StrongCG: 3
  Flow cover: 914
  GUB cover: 2
  Zero half: 8
  Mod-K: 1
  RLT: 768
  Relax-and-lift: 261

Explored 1114 nodes (135350 simplex iterations) in 701.72 seconds
Thread count was 4 (of 32 available processors)

Solution count 10: 113.966 113.966 113.967 ... 113.996

Optimal solution found (tolerance 1.00e-02)
Best objective 1.139657552478e+02, best bound 1.128631158670e+02, gap 0.9675%

Gurobi 9.1.0 (linux64) logging started Tue Jan  4 23:19:51 2022

Changed value of parameter LogFile to eab_parasitoid_0.8_2_0_bud.log
   Prev:   Default: 
Changed value of parameter MIPGap to 0.01
   Prev: 0.0001  Min: 0.0  Max: inf  Default: 0.0001
Changed value of parameter MIPFocus to 1
   Prev: 0  Min: 0  Max: 3  Default: 0
Changed value of parameter RINS to 100
   Prev: -1  Min: -1  Max: 2000000000  Default: -1
Changed value of parameter TimeLimit to 28800.0
   Prev: inf  Min: 0.0  Max: inf  Default: inf
Changed value of parameter NodeFileStart to 10000.0
   Prev: inf  Min: 0.0  Max: inf  Default: inf
Changed value of parameter Threads to 4
   Prev: 0  Min: 0  Max: 1024  Default: 0
Changed value of parameter Heuristics to 1.0
   Prev: 0.05  Min: 0.0  Max: 1.0  Default: 0.05
Gurobi Optimizer version 9.1.0 build v9.1.0rc0 (linux64)
Thread count: 32 physical cores, 32 logical processors, using up to 4 threads
Optimize a model with 381543 rows, 174513 columns and 1305866 nonzeros
Model fingerprint: 0xeb1b9f31
Variable types: 77367 continuous, 97146 integer (97146 binary)
Coefficient statistics:
  Matrix range     [1e-04, 6e+03]
  Objective range  [1e-06, 1e-01]
  Bounds range     [1e+00, 6e+03]
  RHS range        [1e-04, 7e+03]

User MIP start produced solution with objective 703.792 (6.10s)
User MIP start produced solution with objective 703.504 (6.49s)
User MIP start produced solution with objective 703.384 (6.83s)
Loaded user MIP start with objective 703.384
Processed MIP start in 6.85 seconds

Presolve removed 234156 rows and 90678 columns (presolve time = 5s) ...
Presolve removed 258089 rows and 103433 columns
Presolve time: 6.60s
Presolved: 123454 rows, 71080 columns, 632742 nonzeros
Variable types: 32523 continuous, 38557 integer (38557 binary)

Deterministic concurrent LP optimizer: primal and dual simplex (primal and dual model)
Showing first log only...

Presolve removed 114 rows and 97 columns
Presolved: 123340 rows, 70983 columns, 632463 nonzeros


Root simplex log...

Iteration    Objective       Primal Inf.    Dual Inf.      Time
       0    1.2022491e+02   3.027095e+02   2.108704e+09     14s
Concurrent spin time: 0.00s

Solved with dual simplex (primal model)

Root relaxation: objective 1.083134e+02, 5544 iterations, 0.78 seconds

    Nodes    |    Current Node    |     Objective Bounds      |     Work
 Expl Unexpl |  Obj  Depth IntInf | Incumbent    BestBd   Gap | It/Node Time

     0     0  108.31336    0 1105  703.38353  108.31336  84.6%     -   18s
     0     0  108.98425    0 1943  703.38353  108.98425  84.5%     -   27s
     0     0  109.20659    0 2007  703.38353  109.20659  84.5%     -   30s
     0     0  109.52848    0 2423  703.38353  109.52848  84.4%     -   35s
H    0     0                     703.3820469  109.52848  84.4%     -   40s
     0     0  109.53045    0 2440  703.38205  109.53045  84.4%     -   41s
     0     0  109.53059    0 2471  703.38205  109.53059  84.4%     -   41s
     0     0  109.53060    0 2468  703.38205  109.53060  84.4%     -   41s
     0     0  110.11369    0 2369  703.38205  110.11369  84.3%     -   47s
     0     0  110.48151    0 2418  703.38205  110.48151  84.3%     -   51s
     0     0  110.49079    0 2418  703.38205  110.49079  84.3%     -   52s
     0     0  110.49227    0 2426  703.38205  110.49227  84.3%     -   52s
     0     0  110.49227    0 2426  703.38205  110.49227  84.3%     -   52s
     0     0  110.64689    0 2431  703.38205  110.64689  84.3%     -   56s
     0     0  110.66109    0 2457  703.38205  110.66109  84.3%     -   58s
     0     0  110.66112    0 2459  703.38205  110.66112  84.3%     -   58s
     0     0  110.67483    0 2217  703.38205  110.67483  84.3%     -   63s
     0     2  110.67483    0 2212  703.38205  110.67483  84.3%     -  140s
     7    10 infeasible    3       703.38205  110.79131  84.2%  1096  146s
    15    18  179.24650    4 2048  703.38205  110.79131  84.2%  1054  150s
    27    30  179.40676    7 2131  703.38205  110.79131  84.2%   648  217s
    36    41  179.41921    9 2133  703.38205  110.79131  84.2%   505  220s
    54    61  179.53220   12 2038  703.38205  110.79131  84.2%   373  225s
    73    88  179.56294   17 1981  703.38205  110.79131  84.2%   296  230s
    97   103  180.11165   23 1916  703.38205  110.79131  84.2%   269  237s
   118   137  180.13404   29 1908  703.38205  110.79131  84.2%   236  240s
   173   176  180.17609   43 1695  703.38205  110.79131  84.2%   197  246s
H  177   180                     670.5685362  110.79131  83.5%   193  250s
H  178   180                     611.4563354  110.79131  81.9%   192  250s
H  180   180                     591.4176840  110.79131  81.3%   190  250s
H  211   212                     591.0979405  110.79131  81.3%   174  264s
H  211   212                     589.0377728  110.79131  81.2%   174  264s
H  212   212                     536.7970683  110.79131  79.4%   173  264s
   215   244  184.73013   52 1605  536.79707  110.79131  79.4%   171  266s
   247   248  184.81691   58 1596  536.79707  110.79131  79.4%   155  270s
H  248   248                     533.4436895  110.79131  79.2%   155  270s
   288   289  184.82876   66 1576  533.44369  110.79131  79.2%   137  276s
H  289   289                     533.4434165  110.79131  79.2%   136  276s
H  291   289                     528.7074970  110.79131  79.0%   136  276s
   292   325  184.86461   67 1576  528.70750  110.79131  79.0%   136  282s
   344   385  184.88107   83 1539  528.70750  110.79131  79.0%   117  286s
H  388   389                     471.3340859  110.79131  76.5%   107  303s
H  389   389                     448.4027877  110.79131  75.3%   107  303s
H  391   389                     433.6684946  110.79131  74.5%   106  303s
   392   413  185.05048   96 1572  433.66849  110.79131  74.5%   107  306s
H  397   413                     277.1501616  110.79131  60.0%   105  306s
H  416   416                     276.7187283  110.79131  60.0%   103  312s
H  420   408                     187.0736981  110.79131  40.8%   102  331s
H  422   222                     150.2134720  110.79131  26.2%   103  331s
H  423   222                     114.3363613  110.79131  3.10%   103  331s
   424   213     cutoff  103       114.33636  110.79131  3.10%   103  339s
H  429   213                     114.3294713  111.58516  2.40%   103  339s
H  439   213                     114.3275979  111.58516  2.40%   109  339s
   445   225  112.43126   31 1989  114.32760  111.58516  2.40%   118  363s
H  452   225                     114.2172798  111.58516  2.30%   119  363s
   459   223  112.52336   34 2017  114.21728  111.58516  2.30%   126  366s
   463   269  112.52518   35 2009  114.21728  111.58516  2.30%   125  370s
H  513   226                     114.2172790  111.58516  2.30%   117  384s
H  515   226                     114.2152113  111.58516  2.30%   117  384s
H  516   226                     114.1978081  111.58516  2.29%   117  384s
H  517   233                     114.1977608  111.58516  2.29%   117  387s
H  522   233                     114.1975276  111.58516  2.29%   115  387s
   526   270  113.11042   50 1891  114.19753  111.58516  2.29%   115  398s
H  542   270                     114.1975269  111.58516  2.29%   113  398s
H  559   270                     114.1672911  111.58516  2.26%   110  398s
H  582   225                     114.1656900  111.58516  2.26%   112  404s
   586   226  113.21560   68 1730  114.16569  111.58516  2.26%   112  411s
H  588   226                     114.1332627  111.58516  2.23%   111  411s
   590   262  113.21576   69 1700  114.13326  111.58516  2.23%   112  428s
H  591   262                     114.1312841  111.58516  2.23%   112  428s
H  632   256                     114.1292468  111.58516  2.23%   107  455s
   636   337  113.22854   79 1661  114.12925  111.58516  2.23%   107  467s
H  725   339                     114.1214839  111.58516  2.22%  98.3  479s
H  727   339                     114.0429485  111.58516  2.16%  98.0  479s
H  728   339                     114.0363162  111.58516  2.15%  97.9  479s
   730   351  113.47421  106 1417  114.03632  111.58516  2.15%  97.8  498s
H  732   351                     114.0363160  111.58516  2.15%  97.5  498s
H  735   351                     114.0359201  111.58516  2.15%  97.2  498s
   742   363  113.51168  109 1410  114.03592  111.58516  2.15%  96.4  506s
   754   371  113.52302  114 1405  114.03592  111.58516  2.15%  95.1  514s
H  757   371                     114.0358925  111.58516  2.15%  94.7  514s
   762   449  113.52422  116 1396  114.03589  111.58516  2.15%  94.2  521s
H  840   451                     113.9964956  111.58516  2.12%  86.4  537s
H  842   451                     113.9953871  111.58516  2.11%  86.2  537s
   844   479  113.67296  140 1401  113.99539  111.58516  2.11%  86.0  544s
   876   482  113.70733  148 1397  113.99539  111.58516  2.11%  83.4  553s
H  880   506                     113.9919263  111.58516  2.11%  83.1  559s
   907   510  113.71493  157 1383  113.99193  111.58516  2.11%  90.0  567s
H  910   510                     113.9919263  111.58516  2.11%  89.7  567s
   911   605  113.71629  158 1381  113.99193  111.58516  2.11%  89.6  580s
H  936   605                     113.9919256  111.58516  2.11%  87.6  580s
H 1014   605                     113.9919256  111.58516  2.11%  81.7  580s
H 1015   608                     113.9756769  111.58516  2.10%  81.6  635s
  1019   696  113.74592  185 1387  113.97568  111.58516  2.10%  81.4  643s
H 1040   696                     113.9671344  111.58516  2.09%  80.2  643s
H 1107   695                     113.9657555  111.58516  2.09%  76.1  649s
  1108   696  113.14781   99 2217  113.96576  111.58516  2.09%  76.0  658s
H 1109   662                     113.9657552  111.58516  2.09%  75.9  666s
  1110   662  112.35579   40 1129  113.96576  111.65402  2.03%  75.9  679s
  1111   663  112.39922   30 1655  113.96576  112.29545  1.47%  75.8  688s
  1112   664  113.01733  142 1997  113.96576  112.60366  1.20%  75.7  692s
  1114   665  112.69905   65 2157  113.96576  112.64043  1.16%  75.6  697s

Cutting planes:
  Learned: 36
  Gomory: 19
  Cover: 194
  Implied bound: 443
  Clique: 134
  MIR: 528
  StrongCG: 3
  Flow cover: 914
  GUB cover: 2
  Zero half: 8
  Mod-K: 1
  RLT: 768
  Relax-and-lift: 261

Explored 1114 nodes (135350 simplex iterations) in 700.57 seconds
Thread count was 4 (of 32 available processors)

Solution count 10: 113.966 113.966 113.967 ... 113.996

Optimal solution found (tolerance 1.00e-02)
Best objective 1.139657552478e+02, best bound 1.128631158670e+02, gap 0.9675%
