
Gurobi 9.1.0 (linux64) logging started Fri Dec 31 06:05:18 2021

Changed value of parameter LogFile to eab_parasitoid_0.6_1_0_bud.log
   Prev:   Default: 
Changed value of parameter MIPGap to 0.01
   Prev: 0.0001  Min: 0.0  Max: inf  Default: 0.0001
Changed value of parameter MIPFocus to 1
   Prev: 0  Min: 0  Max: 3  Default: 0
Changed value of parameter RINS to 100
   Prev: -1  Min: -1  Max: 2000000000  Default: -1
Changed value of parameter TimeLimit to 28800.0
   Prev: inf  Min: 0.0  Max: inf  Default: inf
Changed value of parameter NodeFileStart to 10000.0
   Prev: inf  Min: 0.0  Max: inf  Default: inf
Changed value of parameter Threads to 4
   Prev: 0  Min: 0  Max: 1024  Default: 0
Changed value of parameter Heuristics to 1.0
   Prev: 0.05  Min: 0.0  Max: 1.0  Default: 0.05
Gurobi Optimizer version 9.1.0 build v9.1.0rc0 (linux64)
Thread count: 32 physical cores, 32 logical processors, using up to 4 threads
Optimize a model with 381543 rows, 174513 columns and 1305866 nonzeros
Model fingerprint: 0x54f9936d
Variable types: 77367 continuous, 97146 integer (97146 binary)
Coefficient statistics:
  Matrix range     [2e-04, 6e+03]
  Objective range  [1e-06, 1e-01]
  Bounds range     [1e+00, 6e+03]
  RHS range        [1e-04, 7e+03]

User MIP start produced solution with objective 850.403 (7.03s)
User MIP start produced solution with objective 850.381 (7.14s)
User MIP start produced solution with objective 847.254 (7.49s)
User MIP start produced solution with objective 847.159 (7.83s)
Loaded user MIP start with objective 847.159
Processed MIP start in 7.85 seconds

Presolve removed 224573 rows and 80361 columns (presolve time = 5s) ...
Presolve removed 260172 rows and 104440 columns
Presolve time: 8.14s
Presolved: 121371 rows, 70073 columns, 626257 nonzeros
Variable types: 32078 continuous, 37995 integer (37995 binary)

Deterministic concurrent LP optimizer: primal and dual simplex (primal and dual model)
Showing first log only...

Presolve removed 164 rows and 164 columns
Presolved: 121207 rows, 69909 columns, 625879 nonzeros


Root simplex log...

Iteration    Objective       Primal Inf.    Dual Inf.      Time
       0    1.6377651e+02   2.771610e+02   2.228572e+09     17s
Concurrent spin time: 0.03s

Solved with dual simplex (primal model)

Root relaxation: objective 1.549253e+02, 5672 iterations, 0.91 seconds

    Nodes    |    Current Node    |     Objective Bounds      |     Work
 Expl Unexpl |  Obj  Depth IntInf | Incumbent    BestBd   Gap | It/Node Time

     0     0  154.92535    0 1222  847.15863  154.92535  81.7%     -   23s
     0     0  157.95120    0 2349  847.15863  157.95120  81.4%     -   30s
H    0     0                     847.1544615  157.95120  81.4%     -   34s
     0     0  159.32920    0 2257  847.15446  159.32920  81.2%     -   35s
     0     0  159.33778    0 2285  847.15446  159.33778  81.2%     -   36s
     0     0  159.33822    0 2288  847.15446  159.33822  81.2%     -   36s
     0     0  159.33823    0 2283  847.15446  159.33823  81.2%     -   36s
     0     0  162.39311    0 2329  847.15446  162.39311  80.8%     -   41s
     0     0  162.63304    0 2180  847.15446  162.63304  80.8%     -   44s
     0     0  162.64053    0 2152  847.15446  162.64053  80.8%     -   45s
     0     0  162.64056    0 2170  847.15446  162.64056  80.8%     -   45s
     0     0  177.58393    0 2158  847.15446  177.58393  79.0%     -   52s
     0     0  180.91180    0 2249  847.15446  180.91180  78.6%     -   57s
     0     0  180.96773    0 2282  847.15446  180.96773  78.6%     -   58s
     0     0  180.98502    0 2297  847.15446  180.98502  78.6%     -   58s
     0     0  180.98601    0 2293  847.15446  180.98601  78.6%     -   59s
     0     0  184.34706    0 2285  847.15446  184.34706  78.2%     -   64s
     0     0  184.61698    0 2164  847.15446  184.61698  78.2%     -   68s
     0     0  184.63075    0 2161  847.15446  184.63075  78.2%     -   69s
     0     0  184.63676    0 2161  847.15446  184.63676  78.2%     -   69s
     0     0  184.63795    0 2164  847.15446  184.63795  78.2%     -   69s
     0     0  185.17505    0 2330  847.15446  185.17505  78.1%     -   74s
     0     0  185.17505    0 1494  847.15446  185.17505  78.1%     -   86s
H    0     0                     846.8587057  185.17505  78.1%     -   88s
     0     0  185.17505    0 2473  846.85871  185.17505  78.1%     -   95s
     0     0  185.17505    0 2262  846.85871  185.17505  78.1%     -  104s
     0     0  185.17505    0 2417  846.85871  185.17505  78.1%     -  108s
     0     0  185.17505    0 2370  846.85871  185.17505  78.1%     -  109s
     0     0  185.46498    0 2349  846.85871  185.46498  78.1%     -  110s
     0     0  185.48277    0 2349  846.85871  185.48277  78.1%     -  110s
     0     0  185.48282    0 2352  846.85871  185.48282  78.1%     -  111s
     0     0  186.98196    0 2073  846.85871  186.98196  77.9%     -  116s
     0     0  187.10286    0 2123  846.85871  187.10286  77.9%     -  120s
     0     0  187.10427    0 2130  846.85871  187.10427  77.9%     -  120s
     0     0  187.10432    0 2134  846.85871  187.10432  77.9%     -  120s
     0     0  189.87877    0 2036  846.85871  189.87877  77.6%     -  128s
     0     0  189.98122    0 2072  846.85871  189.98122  77.6%     -  133s
     0     0  189.99488    0 2052  846.85871  189.99488  77.6%     -  134s
     0     0  190.01239    0 2071  846.85871  190.01239  77.6%     -  134s
     0     0  190.01276    0 2077  846.85871  190.01276  77.6%     -  135s
     0     0  190.40411    0 2133  846.85871  190.40411  77.5%     -  140s
     0     0  190.51629    0 2022  846.85871  190.51629  77.5%     -  144s
     0     0  190.56088    0 2048  846.85871  190.56088  77.5%     -  145s
     0     0  190.56187    0 2075  846.85871  190.56187  77.5%     -  145s
     0     0  192.59014    0 2062  846.85871  192.59014  77.3%     -  150s
H    0     0                     676.2885562  192.59014  71.5%     -  159s
H    0     0                     588.7979066  192.59014  67.3%     -  260s
H    0     0                     588.7220754  192.59014  67.3%     -  261s
     0     2  192.59014    0 2061  588.72208  192.59014  67.3%     -  265s
     7    12  206.69154    3 2119  588.72208  195.52192  66.8%   767  273s
    15    20  207.08274    5 2102  588.72208  196.09290  66.7%   700  277s
H   19    24                     585.4366888  196.19190  66.5%   731  288s
H   21    24                     584.6955020  196.19190  66.4%   666  288s
    23    29  208.92447    7 2085  584.69550  196.19190  66.4%   717  290s
H   28    33                     584.5977548  196.19190  66.4%   706  293s
    32    38  209.14292    9 2082  584.59775  196.19190  66.4%   729  295s
    44    52  222.65767   10 2042  584.59775  196.19190  66.4%   665  326s
H   61    66                     584.5940488  196.19190  66.4%   537  338s
H   62    66                     584.5878106  196.19190  66.4%   529  338s
H   63    66                     579.2102594  196.19190  66.1%   520  338s
    65    80  215.21175   14 2047  579.21026  196.19190  66.1%   511  340s
    79    91  216.24644   17 2077  579.21026  196.19190  66.1%   448  371s
    90    95  216.28807   20 2056  579.21026  196.19190  66.1%   413  398s
H   91    95                     578.3529056  196.19190  66.1%   409  398s
    94   100  216.29733   21 2103  578.35291  196.19190  66.1%   407  402s
    99   104  216.30666   22 2107  578.35291  196.19190  66.1%   390  409s
H  100   104                     578.3529055  196.19190  66.1%   386  409s
H  101   104                     541.9661411  196.19190  63.8%   382  409s
   103   108  216.35000   23 2108  541.96614  196.19190  63.8%   386  414s
   107   132  217.60724   24 2042  541.96614  196.19190  63.8%   382  415s
   159   187  217.86543   37 2074  541.96614  196.19190  63.8%   276  420s
H  186   191                     541.9504777  196.19190  63.8%   256  430s
H  188   191                     541.4805846  196.19190  63.8%   262  430s
   208   213  220.31470   47 1942  541.48058  196.19190  63.8%   272  438s
   212   229  221.26381   48 1949  541.48058  196.19190  63.8%   269  447s
H  215   229                     541.1186854  196.19190  63.7%   266  447s
H  219   229                     540.8095501  196.19190  63.7%   262  447s
H  223   229                     540.7487679  196.19190  63.7%   258  447s
   228   233  223.90788   51 1945  540.74877  196.19190  63.7%   255  452s
   232   274  224.09963   52 1945  540.74877  196.19190  63.7%   251  455s
   273   278  229.59799   60 1918  540.74877  196.19190  63.7%   226  461s
H  274   278                     536.9040338  196.19190  63.5%   225  461s
H  310   315                     534.1665815  196.19190  63.3%   214  547s
H  311   315                     533.9250273  196.19190  63.3%   214  547s
H  312   315                     533.7388763  196.19190  63.2%   213  547s
   314   319  231.33781   68 1800  533.73888  196.19190  63.2%   213  553s
H  315   319                     533.7388312  196.19190  63.2%   212  553s
   318   323  231.34640   69 1812  533.73883  196.19190  63.2%   211  560s
H  319   323                     504.5348348  196.19190  61.1%   210  560s
H  322   327                     504.5337112  196.19190  61.1%   209  567s
H  323   327                     504.5247620  196.19190  61.1%   209  567s
H  324   327                     504.5240699  196.19190  61.1%   209  567s
   326   378  232.78062   70 1817  504.52407  196.19190  61.1%   209  576s
H  353   378                     502.7405721  196.19190  61.0%   198  576s
   377   382  235.34964   81 1760  502.74057  196.19190  61.0%   190  582s
H  380   382                     502.7020981  196.19190  61.0%   188  582s
   381   433  235.35057   82 1759  502.70210  196.19190  61.0%   188  587s
H  393   433                     502.6515727  196.19190  61.0%   183  587s
H  432   437                     502.6512739  196.19190  61.0%   170  598s
H  435   437                     502.6506516  196.19190  61.0%   169  598s
   436   510  236.26892  100 1755  502.65065  196.19190  61.0%   169  602s
H  448   510                     502.6454063  196.19190  61.0%   165  602s
   509   543  237.84314  117 1731  502.64541  196.19190  61.0%   152  618s
H  518   543                     473.0787681  196.19190  58.5%   149  618s
H  542   547                     473.0591586  196.19190  58.5%   146  626s
   546   623  238.11336  125 1724  473.05916  196.19190  58.5%   145  647s
H  583   623                     473.0567018  196.19190  58.5%   138  647s
H  602   623                     473.0144281  196.19190  58.5%   135  647s
H  621   623                     472.9784665  196.19190  58.5%   133  647s
   622   627  238.78886  139 1695  472.97847  196.19190  58.5%   133  659s
H  624   627                     472.9457072  196.19190  58.5%   133  659s
   626   711  238.82121  140 1687  472.94571  196.19190  58.5%   132  668s
H  710   715                     467.0955313  196.19190  58.0%   119  701s
H  713   715                     458.7396593  196.19190  57.2%   118  701s
   714   819  239.85923  159 1650  458.73966  196.19190  57.2%   118  712s
H  739   819                     458.7396467  196.19190  57.2%   115  712s
   818   822  245.39730  181 1679  458.73965  196.19190  57.2%   106  729s
H  821   822                     458.7337380  196.19190  57.2%   106  729s
   823   896  245.39861  182 1672  458.73374  196.19190  57.2%   106  739s
   907   936  254.53751  199 1651  458.73374  196.19190  57.2%  97.2  755s
H  926   936                     458.7321054  196.19190  57.2%  95.6  755s
H  927   936                     458.7052055  196.19190  57.2%  95.5  755s
H  947   980                     458.7040963  196.19190  57.2%  94.0  763s
H  957   980                     458.7004412  196.19190  57.2%  93.3  763s
H  968   980                     458.4870340  196.19190  57.2%  92.3  763s
   991  1020  254.98119  211 1652  458.48703  196.19190  57.2%  91.2  775s
H 1021  1020                     458.4803330  196.19190  57.2%  89.6  775s
  1031  1220  255.17207  218 1644  458.48033  196.19190  57.2%  89.1  782s
H 1231  1224                     458.4764383  196.19190  57.2%  77.7  800s
H 1233  1224                     458.4759124  196.19190  57.2%  77.6  800s
  1235  1328  258.34409  258 1608  458.47591  196.19190  57.2%  77.5  824s
H 1286  1328                     452.4882144  196.19190  56.6%  74.8  824s
H 1338  1326                     425.0745974  196.19190  53.8%  73.5  824s
H 1339  1330                     411.6513256  196.19190  52.3%  73.5  834s
  1343  1424  258.43367  283 1557  411.65133  196.19190  52.3%  73.3  845s
H 1364  1424                     411.6503863  196.19190  52.3%  72.3  845s
H 1370  1424                     411.6338903  196.19190  52.3%  72.0  845s
  1437  1465  259.58521  304 1521  411.63389  196.19190  52.3%  69.6  854s
H 1443  1465                     411.6337030  196.19190  52.3%  69.3  854s
H 1476  1465                     411.6336007  196.19190  52.3%  68.1  854s
H 1478  1556                     411.5862996  196.19190  52.3%  68.1  864s
  1573  1667  260.06548  328 1609  411.58630  196.19190  52.3%  64.8  875s
H 1575  1667                     410.6084369  196.19190  52.2%  64.7  875s
H 1682  1667                     409.3122002  196.19190  52.1%  61.8  875s
H 1684  1762                     408.7347859  196.19190  52.0%  61.8  887s
H 1779  1849                     408.1284803  196.19190  51.9%  59.0  898s
H 1801  1849                     408.0393863  196.19190  51.9%  58.5  898s
H 1802  1849                     407.9786569  196.19190  51.9%  58.5  898s
H 1823  1849                     405.5855480  196.19190  51.6%  57.9  898s
  1867  1869  260.85921  387 1423  405.58555  196.19190  51.6%  56.8  916s
H 1886  1869                     405.5854250  196.19190  51.6%  56.4  916s
  1887  1966  260.89681  391 1509  405.58542  196.19190  51.6%  56.4  926s
H 1958  1966                     405.5853804  196.19190  51.6%  54.6  926s
  1984  2052  261.13012  409 1408  405.58538  196.19190  51.6%  54.1  945s
H 2005  2052                     405.5832325  196.19190  51.6%  53.6  945s
H 2053  2052                     405.2019900  196.19190  51.6%  52.6  945s
H 2070  2028                     347.8521742  196.19190  43.6%  52.3  976s
  2074  2040  261.39273  425 1382  347.85217  196.19190  43.6%  52.2  996s
H 2099  2040                     347.8509580  196.19190  43.6%  52.1  996s
H 2100  2044                     347.7866536  196.19190  43.6%  52.1 1051s
H 2101  1102                     268.0592207  196.19190  26.8%  52.1 1051s
  2104  1226  261.83868  429 1377  268.05922  196.19190  26.8%  52.4 1073s
H 2125  1226                     268.0585673  196.19190  26.8%  52.0 1073s
H 2163  1226                     267.9902192  196.19190  26.8%  53.0 1073s
  2293  1213     cutoff  462       267.99022  201.18587  24.9%  51.7 1086s
H 2305  1213                     267.9535594  201.18587  24.9%  54.6 1086s
  2312  1274  201.25313    7 2064  267.95356  201.25313  24.9%  55.5 1102s
H 2318  1274                     267.9533519  201.25313  24.9%  56.9 1102s
H 2325  1274                     267.9472111  201.25313  24.9%  56.9 1102s
H 2374  1274                     267.9432612  201.25313  24.9%  56.7 1108s
  2375  1275  262.19108   28 2330  267.94326  201.25313  24.9%  56.6 1120s
  2377  1276  260.22278  336 1821  267.94326  201.25313  24.9%  56.6 1131s
  2378  1277  220.44605   90 2410  267.94326  201.25313  24.9%  56.6 1139s
  2379  1278  241.11899  248 2183  267.94326  201.25313  24.9%  56.5 1151s
  2380  1278  240.02528   35 2142  267.94326  201.25313  24.9%  56.5 1161s
  2381  1279  241.09548  244 2165  267.94326  201.25313  24.9%  56.5 1165s
  2382  1280  238.60478  207 2149  267.94326  201.62714  24.8%  56.5 1173s
  2383  1280  246.30954  472 2081  267.94326  203.27564  24.1%  56.5 1176s
  2387  1283  212.85772   56 2119  267.94326  203.47175  24.1%  56.4 1180s
  2389  1284  217.86289   37 2051  267.94326  204.26679  23.8%  56.3 1191s
  2392  1286  260.12666  334 2127  267.94326  205.57949  23.3%  56.2 1196s
  2396  1289  222.77864  135 2121  267.94326  205.57949  23.3%  56.1 1202s
H 2396  1224                     267.9001724  205.57949  23.3%  56.1 1277s
  2398  1228  216.38523   12 2016  267.90017  205.57949  23.3%  76.9 1286s
  2400  1232  219.56044   13 2128  267.90017  208.27553  22.3%  77.7 1365s
H 2401  1169                     267.9001713  208.27553  22.3%  77.7 1365s
  2404  1172  222.36598   14 2181  267.90017  208.76672  22.1%  80.4 1373s
H 2405  1114                     267.9001711  208.76672  22.1%  80.4 1373s
H 2407  1057                     267.9001710  211.00350  21.2%  81.9 1373s
  2408  1060  261.97514   14 2295  267.90017  211.00350  21.2%  84.4 1378s
  2412  1062  222.55232   15 2181  267.90017  211.00350  21.2%  85.9 1381s
  2420  1066  222.63199   16 2186  267.90017  211.23072  21.2%  87.0 1385s
  2431  1069  231.38375   18 2192  267.90017  211.23078  21.2%  89.1 1391s
  2444  1074  226.22821   20 2211  267.90017  212.56143  20.7%  90.3 1396s
  2459  1073  226.36993   22 2185  267.90017  215.14968  19.7%  94.0 1406s
  2471  1079  236.50632   23 2190  267.90017  215.94161  19.4%  95.1 1411s
  2485  1085  227.65808   25 2143  267.90017  216.54795  19.2%  97.1 1416s
  2493  1089  227.97866   26 2192  267.90017  216.83760  19.1%  97.8 1424s
H 2499  1038                     267.8336204  216.83760  19.0%  99.0 1433s
H 2500   987                     267.0781898  216.83760  18.8%  99.0 1433s
  2503   989  228.16102   28 2201  267.07819  216.85021  18.8%  99.0 1478s
H 2506   940                     267.0781852  216.85021  18.8%   101 1479s
H 2509   894                     267.0761802  216.96760  18.8%   101 1479s
  2510   906  228.25351   29 2199  267.07618  216.96760  18.8%   101 1481s
  2524   904     cutoff   30       267.07618  217.04338  18.7%   102 1486s
H 2527   860                     267.0761799  217.04338  18.7%   102 1486s
H 2528   819                     267.0761798  217.09917  18.7%   102 1486s
  2529   822  229.39852   31 2212  267.07618  217.09917  18.7%   102 1500s
H 2531   782                     266.8321490  217.09917  18.6%   103 1500s
H 2533   744                     263.4170778  217.09917  17.6%   103 1500s
  2555   755  228.58321   35 2200  263.41708  217.81809  17.3%   105 1512s
  2560   762  228.59496   36 2199  263.41708  217.81809  17.3%   105 1518s
  2581   757  228.63486   38 2195  263.41708  217.81809  17.3%   108 1709s
H 2595   721                     263.4170772  217.81809  17.3%   122 1768s
H 2596   687                     263.4170070  217.81809  17.3%   122 1768s
H 2596   655                     263.4168389  217.81809  17.3%   122 1768s
  2600   658     cutoff   40       263.41684  217.81809  17.3%   123 1814s
H 2608   633                     263.2036484  217.81809  17.2%   127 1823s
H 2617   606                     263.1662728  217.81809  17.2%   128 1868s
H 2618   579                     263.1551003  217.81809  17.2%   128 1868s
  2621   591  233.36612   43 2253  263.15510  217.81809  17.2%   128 1914s
H 2626   563                     263.1489729  217.81809  17.2%   128 1914s
  2643   578  235.67655   46 2234  263.14897  217.81809  17.2%   131 1919s
H 2677   544                     263.1488843  217.81809  17.2%   134 1963s
H 2679   521                     263.1488830  217.81809  17.2%   134 1963s
H 2680   498                     263.1469067  217.81809  17.2%   134 1963s
  2682   526     cutoff   49       263.14691  217.81809  17.2%   134 1968s
H 2734   490                     263.1468173  217.81809  17.2%   135 2077s
H 2734   470                     263.0659239  217.81809  17.2%   135 2077s
  2739   489 infeasible   57       263.06592  217.81809  17.2%   135 2084s
H 2772   459                     263.0658360  217.81809  17.2%   136 2149s
H 2772   441                     263.0330324  217.81809  17.2%   136 2149s
H 2773   423                     262.9659369  217.81809  17.2%   136 2149s
  2776   469  245.28778   63 2195  262.96594  217.81809  17.2%   136 2160s
H 2842   433                     262.9657299  217.81809  17.2%   137 2254s
H 2842   418                     262.8408711  217.81809  17.1%   137 2254s
H 2844   403                     262.7616608  217.81809  17.1%   137 2254s
  2846   448  248.20889   73 2121  262.76166  217.81809  17.1%   137 2264s
H 2900   420                     262.7001795  217.81809  17.1%   138 2337s
H 2901   406                     262.5705187  217.81809  17.0%   138 2337s
H 2904   396                     262.5702309  217.81809  17.0%   139 2393s
H 2905   383                     262.5702115  217.81809  17.0%   139 2393s
H 2906   372                     262.5671091  217.81809  17.0%   139 2393s
  2908   420  255.01625   84 2108  262.56711  217.81809  17.0%   139 2400s
H 2963   395                     262.5620843  217.81809  17.0%   139 2474s
H 2963   386                     262.5095250  217.81809  17.0%   139 2474s
H 2965   386                     262.4794972  217.81809  17.0%   139 2474s
  2967   444  259.44647   93 2131  262.47950  217.81809  17.0%   139 2480s
H 3032   448                     262.3409564  217.81809  17.0%   138 2621s
  3036   502     cutoff  102       262.34096  217.81809  17.0%   138 2642s
H 3063   502                     262.3014034  217.81809  17.0%   137 2642s
  3118   504 infeasible  115       262.30140  217.81809  17.0%   136 2670s
H 3120   502                     262.2170939  217.81809  16.9%   136 2670s
H 3122   502                     262.1795054  217.81809  16.9%   136 2670s
  3123   544     cutoff  116       262.17951  218.71537  16.6%   136 2717s
  3172   548  224.19014   34 2239  262.17951  218.71537  16.6%   136 2774s
H 3174   548                     262.1758276  218.71537  16.6%   136 2774s
H 3175   547                     262.0806879  218.71537  16.5%   136 2774s
  3176   626  226.37265   35 2259  262.08069  218.71537  16.5%   136 2803s
H 3259   629                     262.0400065  218.71537  16.5%   134 2828s
H 3261   629                     262.0350745  218.71537  16.5%   134 2828s
H 3262   628                     261.9678144  218.71537  16.5%   134 2828s
  3264   697  228.69310   59 2220  261.96781  218.71537  16.5%   134 2854s
  3349   701  230.28726   84 2106  261.96781  218.71537  16.5%   133 2969s
H 3352   701                     261.8281664  218.71537  16.5%   133 2969s
  3353   800  230.29662   85 2105  261.82817  218.71537  16.5%   133 2998s
H 3402   800                     261.8130497  218.71537  16.5%   132 2998s
H 3455   804                     261.7864270  218.71537  16.5%   131 3038s
H 3457   804                     261.7409299  218.71537  16.4%   131 3038s
  3459   808  231.81192  110 2049  261.74093  218.71537  16.4%   131 3070s
  3463   862  231.81316  111 2051  261.74093  218.71537  16.4%   130 3109s
H 3480   862                     261.6732839  218.71537  16.4%   130 3109s
  3520   959  234.42081  129 2045  261.67328  218.71537  16.4%   131 3143s
H 3545   959                     261.6732424  218.71537  16.4%   130 3143s
H 3571   959                     261.6377738  218.71537  16.4%   129 3143s
  3624   964  235.60211  155 2009  261.63777  218.71537  16.4%   128 3173s
  3629  1029  235.60801  156 1996  261.63777  218.71537  16.4%   127 3272s
H 3670  1029                     261.6249786  218.71537  16.4%   127 3272s
H 3696  1032                     261.4697429  218.71537  16.4%   130 3297s
H 3697  1032                     261.4480072  218.71537  16.3%   130 3297s
H 3700  1057                     261.4479335  218.71537  16.3%   130 3340s
H 3723  1057                     261.3940870  218.71537  16.3%   130 3340s
H 3731  1061                     261.3936594  218.71537  16.3%   129 3373s
H 3732  1061                     261.3882413  218.71537  16.3%   129 3373s
H 3733  1061                     261.3877795  218.71537  16.3%   129 3373s
H 3734  1061                     261.2817281  218.71537  16.3%   129 3373s
H 3735  1078                     261.2816465  218.71537  16.3%   129 3410s
H 3736  1078                     261.2804595  218.71537  16.3%   129 3410s
H 3737  1078                     261.2803825  218.71537  16.3%   129 3410s
H 3752  1089                     261.2641280  218.71537  16.3%   129 3440s
  3763  1114  250.00586  182 1992  261.26413  218.71537  16.3%   128 3468s
H 3788  1164                     261.2263810  218.71537  16.3%   128 3524s
  3838  1234  250.60711  196 1950  261.22638  218.71537  16.3%   126 3555s
H 3865  1234                     261.2054168  218.71537  16.3%   125 3555s
  3908  1314  250.95925  210 1932  261.20542  218.71537  16.3%   124 3586s
H 3924  1314                     261.1445650  218.71537  16.2%   124 3586s
H 3970  1308                     260.7780614  218.71537  16.1%   123 3587s
H 3988  1322                     260.7779410  218.71537  16.1%   122 3621s
H 3989  1322                     260.7779375  218.71537  16.1%   122 3621s
H 4003  1321                     260.7465514  218.71537  16.1%   122 3621s
  4004  1351  251.21073  230 1888  260.74655  218.71537  16.1%   122 3665s
H 4034  1418                     260.7464968  218.71537  16.1%   121 3694s
H 4063  1418                     260.7463342  218.71537  16.1%   121 3694s
H 4077  1418                     260.7121636  218.71537  16.1%   120 3694s
H 4103  1442                     260.7121065  218.71537  16.1%   120 3730s
H 4104  1442                     260.7081331  218.71537  16.1%   120 3730s
H 4105  1442                     260.7080809  218.71537  16.1%   120 3730s
H 4106  1442                     260.7014359  218.71537  16.1%   120 3730s
  4127  1511  251.57000  256 1794  260.70144  218.71537  16.1%   119 3764s
H 4128  1511                     260.6985686  218.71537  16.1%   119 3764s
H 4134  1491                     260.1711459  218.71537  15.9%   119 3764s
H 4171  1491                     260.1369850  218.71537  15.9%   119 3764s
H 4205  1498                     260.1115529  218.71537  15.9%   118 3829s
H 4205  1498                     260.1083992  218.71537  15.9%   118 3829s
H 4206  1498                     260.0891258  218.71537  15.9%   118 3829s
  4215  1607  252.67007  274 1756  260.08913  218.71537  15.9%   118 3861s
H 4266  1605                     260.0554229  218.71537  15.9%   117 3861s
H 4365  1613                     260.0309863  218.71537  15.9%   114 3907s
H 4370  1612                     260.0246825  218.71537  15.9%   115 3907s
H 4409  1616                     260.0246805  218.71537  15.9%   115 3959s
H 4410  1616                     260.0246802  218.71537  15.9%   115 3959s
H 4410  1616                     260.0209066  218.71537  15.9%   115 3959s
  4413  1771  253.22594  301 1720  260.02091  218.71537  15.9%   115 4164s
H 4506  1771                     260.0208994  218.71537  15.9%   118 4164s
H 4538  1771                     260.0157148  218.71537  15.9%   117 4164s
  4600  1809  259.79351  357 1550  260.01571  220.63657  15.1%   117 4226s
H 4624  1809                     260.0153413  220.82391  15.1%   118 4226s
  4657  1951  225.75005   36 2247  260.01534  220.82391  15.1%   118 4277s
  4809  2014  228.76484   80 2093  260.01534  220.82391  15.1%   117 4340s
  4878  2098  229.64105   88 2056  260.01534  220.82391  15.1%   116 4398s
  4965  2160  231.48876  111 2055  260.01534  220.82391  15.1%   114 4460s
  5028  2416  231.84553  126 1992  260.01534  220.82391  15.1%   113 4519s
  5315  2420  234.07114  192 1900  260.01534  220.82391  15.1%   109 4607s
  5319  2628  234.41371  193 1901  260.01534  220.82391  15.1%   109 4656s
  5553  2738  235.17923  224 1848  260.01534  220.82391  15.1%   107 4714s
  5672  2921  235.85502  259 1792  260.01534  220.82391  15.1%   105 4772s
  5858  2938  241.78669  288 1743  260.01534  220.82391  15.1%   102 4849s
  5875  3237  241.85014  300 1720  260.01534  220.82391  15.1%   102 4903s
  6195  3316  242.49210  371 1550  260.01534  220.82391  15.1%  97.5 4976s
H 6228  3316                     260.0144210  220.82391  15.1%  97.1 4976s
  6317  3651  243.38942  398 1513  260.01442  220.82391  15.1%  96.5 5084s
H 6400  3651                     260.0144205  220.82391  15.1%  95.3 5084s
H 6400  3651                     260.0140672  220.82391  15.1%  95.3 5084s
H 6653  3741                     259.9988703  220.82391  15.1%  92.4 5166s
H 6700  3741                     259.9977223  220.82391  15.1%  91.8 5166s
  6751  3958  245.81026  530 1280  259.99772  221.09799  15.0%  91.2 5249s
H 6851  3958                     259.9869884  221.09799  15.0%  90.4 5249s
  7091  3991  229.63694   59 2214  259.98699  221.09799  15.0%  89.9 5349s
H 7092  3991                     259.9833194  221.09799  15.0%  89.9 5349s
  7124  4233  229.63928   60 2218  259.98332  221.09799  15.0%  89.6 5430s
H 7126  4233                     259.9773995  221.09799  15.0%  89.6 5430s
H 7451  4404                     259.9772879  221.09799  15.0%  90.1 5499s
H 7451  4404                     259.9770574  221.09799  15.0%  90.1 5499s
H 7629  4411                     259.9675767  221.09799  15.0%  90.3 5584s
  7636  4703  242.48431  135 2055  259.96758  221.09799  15.0%  90.2 5663s
  7946  4917  243.72387  167 1977  259.96758  221.09799  15.0%  87.6 5747s
  8189  5107  244.06457  175 1944  259.96758  221.09799  15.0%  86.9 5819s
  8419  5177  246.43832  198 1917  259.96758  221.09799  15.0%  86.0 5912s
  8514  5471  246.53218  203 1907  259.96758  221.09799  15.0%  86.1 6019s
  8862  5604  247.15073  250 1816  259.96758  221.09799  15.0%  88.2 6117s
  9000  5750  247.58167  265 1772  259.96758  221.09799  15.0%  87.3 6207s
  9183  5825  249.88314  302 1702  259.96758  221.09799  15.0%  86.6 6333s
  9305  6102  254.23558  314 1697  259.96758  221.09799  15.0%  88.2 6478s
  9634  6301     cutoff  316       259.96758  223.49308  14.0%  93.8 6589s
  9876  6588  227.03055   56 2210  259.96758  223.49308  14.0%  94.6 6687s
H 9877  6588                     259.9665692  223.49308  14.0%  94.6 6687s
H10075  6588                     259.9665511  223.49308  14.0%  93.9 6687s
H10191  6718                     259.9665511  223.49308  14.0%  93.5 6810s
H10199  6718                     259.9616277  223.49308  14.0%  93.5 6810s
 10327  7267  230.36343   97 2082  259.96163  223.49308  14.0%  92.7 6982s
 10999  7387  250.90346  266 1748  259.96163  223.49308  14.0%  90.7 7067s
 11143  7610  256.63626  297 1714  259.96163  223.49308  14.0%  90.4 7202s
 11375  8033  258.54015  355 1608  259.96163  224.45265  13.7%  89.2 7355s
 11956  8303     cutoff  145       259.96163  224.67792  13.6%  89.4 7468s
 12334  8556  248.61668   64 2166  259.96163  225.19767  13.4%  90.9 7579s
 12655  9053  233.88383   56 2165  259.96163  225.20138  13.4%  91.2 7699s
 13212  9100  228.21846  101 2095  259.96163  225.20138  13.4%  90.0 7821s
 13269  9491  231.01978  117 2078  259.96163  225.25470  13.4%  90.0 7921s
 13758  9744  233.85576   73 2183  259.96163  225.25470  13.4%  89.8 8040s
H13801  9739                     259.9363417  225.25470  13.3%  89.7 8040s
 14030 10192  238.91591  106 2093  259.93634  225.25470  13.3%  89.1 8158s
H14100 10192                     259.9363414  225.25470  13.3%  88.9 8158s
H14193 10192                     259.9363394  225.25470  13.3%  88.5 8158s
H14424 10192                     259.9363382  225.25470  13.3%  89.2 8158s
H14597 10240                     259.9363359  225.25470  13.3%  89.3 8285s
H14641 10240                     259.9363332  225.25470  13.3%  89.1 8285s
 14645 10592  244.12465  208 1899  259.93633  225.25470  13.3%  89.1 8406s
H14700 10592                     259.9358190  225.25470  13.3%  89.0 8407s
H14768 10592                     259.9358144  225.25470  13.3%  89.5 8407s
 15026 10962  253.48801  226 1883  259.93581  225.25470  13.3%  89.0 8529s
H15154 10962                     259.9358138  225.25470  13.3%  88.4 8529s
H15222 10962                     259.9358102  225.25470  13.3%  88.2 8529s
 15400 11215  254.28009  263 1829  259.93581  225.57592  13.2%  87.3 8658s
H15529 11215                     259.9358081  225.57592  13.2%  87.3 8658s
H15702 11679                     259.9358072  225.57592  13.2%  86.4 8796s
H16063 11679                     259.9358063  225.59177  13.2%  86.2 8796s
 16232 12040  230.85622   90 2143  259.93581  225.59177  13.2%  85.4 8939s
H16439 12040                     259.9358060  225.59177  13.2%  85.0 8940s
 16608 12388  235.48408  158 1972  259.93581  225.59177  13.2%  84.2 9069s
H16856 12388                     259.9358059  225.59177  13.2%  83.7 9069s
 17005 12731  241.52273  271 1765  259.93581  225.59177  13.2%  83.9 9212s
 17355 13117  243.24450  367 1611  259.93581  225.73794  13.2%  83.0 9385s
H17867 13199                     259.9358055  225.90261  13.1%  84.9 9537s
H17963 13199                     259.9357758  225.90261  13.1%  85.1 9537s
 17970 13522  245.25022   84 2149  259.93578  226.01729  13.0%  85.0 9720s
 18401 13780  232.58486   65 2200  259.93578  226.02118  13.0%  86.7 9829s
 18684 14170  233.70466   82 2179  259.93578  226.04903  13.0%  86.3 9940s
 19095 14387  246.07203   53 2227  259.93578  226.04903  13.0%  85.2 10072s
 19385 14752  252.83015   80 2136  259.93578  226.25633  13.0%  85.2 10198s
 19876 15047  237.19555  140 2015  259.93578  226.28871  12.9%  86.2 10513s
 20185 15496  240.48374  246 1822  259.93578  226.28871  12.9%  87.0 10654s
 20708 15895  244.32633  412 1498  259.93578  226.40212  12.9%  87.9 10835s
H20877 15892                     259.9289710  226.40212  12.9%  87.7 10835s
 21237 16244  237.24310   90 2150  259.92897  226.40212  12.9%  87.3 10951s
 21618 16484  246.59038  161 2008  259.92897  226.40212  12.9%  86.4 11049s
H21883 16803                     259.9289704  226.40212  12.9%  85.9 11171s
H22257 17136                     259.9289601  226.44312  12.9%  85.8 11329s
 22691 17416  248.97549   63 2230  259.92896  226.54685  12.8%  86.3 11460s
H22700 17416                     259.9289541  226.54685  12.8%  86.3 11460s
 22999 17690  235.64044   98 2191  259.92895  226.57468  12.8%  86.1 11611s
H23000 17690                     259.9289522  226.57468  12.8%  86.0 11611s
 23316 17967  229.24587   50 2243  259.92895  226.57491  12.8%  85.5 11751s
H23345 17967                     259.9289520  226.57491  12.8%  85.8 11751s
H23355 17967                     259.9289505  226.57491  12.8%  85.9 11751s
 23703 18331 infeasible   62       259.92895  226.59312  12.8%  85.5 11913s
H23705 18331                     259.9289495  226.59312  12.8%  85.5 11913s
H24112 18793                     259.9289494  226.59395  12.8%  85.4 12045s
H24112 18793                     259.9289485  226.59395  12.8%  85.4 12045s
H24387 18792                     259.9274567  226.59395  12.8%  85.7 12045s
 24663 19094  241.02385  190 1933  259.92746  226.59395  12.8%  86.6 12168s
H24669 19094                     259.9213276  226.59395  12.8%  86.6 12168s
H25024 19353                     259.9213249  226.59395  12.8%  86.8 12327s
H25060 19353                     259.9213223  226.59395  12.8%  86.7 12327s
H25138 19353                     259.9211699  226.59395  12.8%  86.5 12327s
H25299 19588                     259.9211697  226.59395  12.8%  86.4 12465s
H25299 19588                     259.9211623  226.59395  12.8%  86.4 12465s
H25301 19588                     259.9187853  226.59395  12.8%  86.4 12465s
H25302 19587                     259.9092346  226.59395  12.8%  86.4 12465s
H25585 19991                     259.9092345  226.59395  12.8%  86.1 12620s
H25700 19991                     259.9092341  226.59395  12.8%  85.8 12620s
H25761 19991                     259.9092292  226.59395  12.8%  85.8 12620s
H25877 19991                     259.9092278  226.59395  12.8%  85.8 12620s
 26059 20452  243.88559  328 1570  259.90923  226.59395  12.8%  86.3 12785s
H26465 20452                     259.9075898  226.59395  12.8%  85.7 12785s
H26578 20823                     259.9069226  226.59395  12.8%  85.9 12919s
H26600 20823                     259.9067132  226.59395  12.8%  85.8 12919s
H26700 20823                     259.9067059  226.59395  12.8%  85.5 12919s
H27011 21058                     259.9067056  226.59395  12.8%  85.3 13061s
H27100 21058                     259.9067025  226.59395  12.8%  85.1 13061s
H27132 21058                     259.9066991  226.59395  12.8%  85.8 13061s
H27133 21058                     259.9065663  226.59395  12.8%  85.9 13061s
H27267 21483                     259.9065650  226.59395  12.8%  85.5 13204s
H27400 21483                     259.9065637  226.59395  12.8%  85.2 13204s
H27539 21483                     259.9065632  226.59395  12.8%  85.8 13204s
H27773 21553                     259.9065631  226.59395  12.8%  86.2 13345s
H27776 21553                     259.9065629  226.59395  12.8%  86.2 13345s
H27801 21553                     259.9065588  226.59395  12.8%  86.2 13345s
H27838 21553                     259.9065584  226.59395  12.8%  86.1 13346s
 27843 22146  245.65796  406 1531  259.90656  226.59395  12.8%  86.1 13472s
H27864 22146                     259.9065583  226.59395  12.8%  86.0 13472s
H27900 22146                     259.9065578  226.59395  12.8%  85.9 13472s
H28188 22146                     259.9065575  226.59395  12.8%  85.2 13472s
 28442 22646  246.87004  447 1497  259.90656  226.59395  12.8%  84.7 13582s
H28580 22643                     259.8961030  226.59395  12.8%  84.4 13582s
 29002 22875     cutoff  469       259.89610  226.62380  12.8%  83.5 13730s
H29193 22875                     259.8960965  226.63566  12.8%  84.2 13730s
H29363 23099                     259.8960926  226.63566  12.8%  84.0 13867s
H29621 23320                     259.8960919  226.63566  12.8%  83.9 14036s
H29882 23320                     259.8960915  226.79423  12.7%  84.4 14036s
 29943 23570  252.90324   74 2173  259.89609  226.81648  12.7%  84.3 14175s
H30166 23570                     259.8960915  226.81648  12.7%  84.2 14175s
H30225 23925                     259.8960915  226.81648  12.7%  84.2 14334s
H30300 23925                     259.8960912  226.82920  12.7%  85.6 14334s
 30715 24189  232.14310   72 2181  259.89609  226.84400  12.7%  86.3 14515s
 30999 24529  235.33807  103 2108  259.89609  226.84400  12.7%  86.0 14760s
H31129 24529                     259.8960904  226.84400  12.7%  86.4 14760s
 31361 25055  238.18687  119 2075  259.89609  226.84400  12.7%  86.3 15000s
H31618 25055                     259.8960900  226.84400  12.7%  86.6 15000s
 31927 25298  243.24660  163 2012  259.89609  226.84400  12.7%  85.9 15185s
H31999 25298                     259.8960892  226.84400  12.7%  85.8 15185s
H32148 25298                     259.8946241  226.84400  12.7%  85.6 15185s
 32220 25858  243.94937  199 1954  259.89462  226.84400  12.7%  85.5 15279s
 32896 26258  246.31198  283 1824  259.89462  226.84400  12.7%  85.2 15376s
 33302 26748  246.72470  336 1689  259.89462  226.84400  12.7%  84.4 15485s
 33822 27020  247.62423  401 1583  259.89462  226.84400  12.7%  83.6 15597s
 34132 27524  248.94664  439 1535  259.89462  226.84400  12.7%  83.0 15695s
 34691 27812     cutoff  505       259.89462  226.89425  12.7%  82.2 15789s
 35020 28150  244.39024   81 2161  259.89462  226.90689  12.7%  81.8 15900s
 35385 28209  242.38731   65 2155  259.89462  226.90689  12.7%  81.2 16014s
 35611 28382  245.59342   78 2157  259.89462  226.90689  12.7%  81.0 16162s
 35884 28583  249.71896  124 2059  259.89462  226.94567  12.7%  80.9 16281s
 36153 28726  248.62001   89 2118  259.89462  226.94567  12.7%  81.9 16472s
 36381 28797  250.86818  102 2109  259.89462  226.94567  12.7%  82.6 16592s
 36492 29136  256.18813  106 2097  259.89462  226.95249  12.7%  83.9 16714s
 36906 29495  247.29003   81 2174  259.89462  226.99604  12.7%  85.2 16842s
H37263 29495                     259.8945987  227.01775  12.7%  85.4 16842s
 37411 29893  256.39156   78 2156  259.89460  227.03877  12.6%  85.5 16967s
 37838 30262  241.90501  125 2003  259.89460  227.05586  12.6%  85.2 17076s
 38236 30685  230.03653   60 2217  259.89460  227.05586  12.6%  84.7 17206s
 38679 31002  242.57027  152 2002  259.89460  227.05586  12.6%  85.1 17327s
 39138 31487  245.07388  238 1851  259.89460  227.05586  12.6%  84.6 17448s
 39742 31589  247.34461  407 1511  259.89460  227.05586  12.6%  85.0 17573s
 39856 31872     cutoff  472       259.89460  227.07613  12.6%  84.9 17768s
 40336 32285 infeasible   95       259.89460  227.07799  12.6%  85.5 17923s
 40814 32869  241.16115  130 2019  259.89460  227.07799  12.6%  85.7 18045s
H41452 33222                     259.8945761  227.07799  12.6%  85.0 18201s
H41563 33221                     259.8930988  227.07799  12.6%  85.0 18201s
 41895 33686 infeasible  342       259.89310  227.08722  12.6%  84.7 18357s
H41900 33686                     259.8930980  227.08722  12.6%  84.8 18357s
H42124 33686                     259.8928847  227.08722  12.6%  84.6 18357s
H42388 33945                     259.8928821  227.08722  12.6%  84.3 18501s
H42475 33944                     259.8927629  227.08722  12.6%  84.2 18501s
H42487 33944                     259.8926050  227.08722  12.6%  84.1 18501s
 42679 34473  255.79387  231 1764  259.89261  227.11267  12.6%  83.8 18676s
H42772 34473                     259.8925456  227.11267  12.6%  83.9 18676s
H42800 34473                     259.8925447  227.11267  12.6%  83.9 18676s
H42922 34473                     259.8925447  227.11267  12.6%  83.7 18676s
H43091 34473                     259.8925440  227.11267  12.6%  83.4 18676s
H43260 34473                     259.8925259  227.11267  12.6%  83.4 18676s
 43261 34718  244.42256  112 2034  259.89253  227.11267  12.6%  83.4 18790s
H43419 34718                     259.8925097  227.11267  12.6%  83.1 18790s
 43530 35009  245.32061  121 2016  259.89251  227.11267  12.6%  82.9 18979s
H43544 35009                     259.8923173  227.11267  12.6%  82.9 18979s
H43555 35008                     259.8890090  227.11267  12.6%  82.9 18979s
H43901 35400                     259.8890048  227.11267  12.6%  82.6 19139s
H44028 35400                     259.8890007  227.11267  12.6%  82.5 19139s
H44126 35400                     259.8889236  227.11267  12.6%  82.4 19139s
H44196 35400                     259.8863657  227.11267  12.6%  82.3 19139s
H44374 35428                     259.8863316  227.11267  12.6%  83.2 19280s
H44451 35428                     259.8863306  227.15014  12.6%  83.4 19280s
H44452 35428                     259.8863292  227.15014  12.6%  83.4 19280s
H44453 35428                     259.8863290  227.15014  12.6%  83.4 19280s
 44454 35970  228.51964   41 2240  259.88633  227.15014  12.6%  83.4 19411s
H45041 35970                     259.8863274  227.15014  12.6%  82.9 19411s
H45042 36237                     259.8863265  227.15014  12.6%  82.9 19553s
H45042 36237                     259.8863258  227.15014  12.6%  82.9 19553s
H45101 36237                     259.8863246  227.15014  12.6%  82.8 19553s
H45219 36237                     259.8863215  227.15014  12.6%  82.7 19553s
H45309 36490                     259.8863214  227.15014  12.6%  82.5 19703s
H45309 36490                     259.8802957  227.15014  12.6%  82.5 19703s
 45670 36850  237.39002   73 2224  259.88030  227.16517  12.6%  82.5 19860s
H45800 36850                     259.8802645  227.16517  12.6%  82.5 19860s
 46201 37202  235.55086   78 2145  259.88026  227.19269  12.6%  83.2 20023s
 46611 37373  254.33287  212 1867  259.88026  227.19611  12.6%  83.1 20144s
 46824 37884  247.73851  114 2065  259.88026  227.19617  12.6%  83.0 20274s
 47407 38205  236.41501  147 2026  259.88026  227.19617  12.6%  83.4 20394s
 47787 38725  239.02815  246 1846  259.88026  227.19617  12.6%  83.3 20503s
 48373 38992  241.30355  413 1495  259.88026  227.19617  12.6%  82.9 20632s
 48647 39387  257.54885  582 1205  259.88026  227.19617  12.6%  82.5 20775s
 49216 39725  258.39083  751  932  259.88026  227.19617  12.6%  82.5 20917s
 49608 40192  259.23307  920  689  259.88026  227.19617  12.6%  83.1 21038s
 50105 40468  259.34219 1089  475  259.88026  227.19617  12.6%  82.6 21146s
 50414 40721  259.45558 1258  292  259.88026  227.22973  12.6%  82.4 21274s
 50773 40988  235.86502  125 2091  259.88026  227.22973  12.6%  82.1 21417s
 51141 41229  238.55484  213 1918  259.88026  227.22973  12.6%  82.2 21540s
 51425 41607  240.13033  329 1654  259.88026  227.22973  12.6%  82.5 21881s
 51833 42053  256.85630  498 1321  259.88026  227.22973  12.6%  83.2 22037s
 52315 42377  258.18470  667 1074  259.88026  227.22973  12.6%  83.0 22192s
 52656 42737  258.87549  836  797  259.88026  227.26174  12.6%  82.8 22309s
 53068 42867  234.53517   85 2145  259.88026  227.26174  12.6%  82.4 22431s
H53107 42867                     259.8802498  227.26174  12.6%  82.5 22431s
 53212 43337  253.57678  119 2057  259.88025  227.26287  12.6%  82.4 22621s
 53737 43590 infeasible  129       259.88025  227.26287  12.6%  82.1 22780s
 54051 43652 infeasible  135       259.88025  227.26888  12.5%  82.2 22960s
 54147 44101  235.21843   87 2112  259.88025  227.27141  12.5%  82.2 23098s
 54778 44116  234.05502  116 2089  259.88025  227.27417  12.5%  82.1 23227s
 54793 44489  234.02761  117 2083  259.88025  227.27417  12.5%  82.1 23633s
 55166 44946  235.82408  185 1958  259.88025  227.27417  12.5%  81.7 23749s
 55684 45501  238.13950  209 1930  259.88025  227.27417  12.5%  81.2 23845s
 56308 45750  238.94827  267 1797  259.88025  227.27417  12.5%  80.8 23967s
 56565 46274  239.14780  289 1709  259.88025  227.27417  12.5%  80.5 24066s
 57192 46833  239.68720  333 1620  259.88025  227.27417  12.5%  80.1 24197s
H57369 46833                     259.8783050  227.27417  12.5%  79.9 24197s
 57808 47148  240.17068  376 1577  259.87830  227.27417  12.5%  79.6 24314s
H57925 47148                     259.8783046  227.27417  12.5%  79.5 24314s
H58203 47418                     259.8783043  227.27417  12.5%  79.8 24420s
H58203 47418                     259.8783013  227.27417  12.5%  79.8 24420s
H58303 47418                     259.8783007  227.27417  12.5%  79.8 24420s
 58476 47749  241.58260  396 1533  259.87830  227.27417  12.5%  79.7 24529s
H58636 47749                     259.8782989  227.27417  12.5%  79.5 24529s
H58693 47748                     259.8782719  227.27417  12.5%  79.6 24529s
 58819 48109  241.90517  429 1513  259.87827  227.27417  12.5%  79.4 24643s
 59236 48457  243.88566  475 1355  259.87827  227.32534  12.5%  79.3 24775s
 59694 48973  247.55910   69 2246  259.87827  227.33842  12.5%  79.2 24885s
 60285 49596  238.08193  121 2117  259.87827  227.34455  12.5%  79.1 24994s
 60908 49773  247.12328  290 1866  259.87827  227.34455  12.5%  78.4 25147s
 61085 50312  247.60565  333 1746  259.87827  227.34518  12.5%  78.3 25244s
 61673 50853  247.70391  117 2032  259.87827  227.34518  12.5%  77.7 25357s
 62287 51431  232.07622   81 2097  259.87827  227.36325  12.5%  77.5 25501s
 62890 51543  236.71194  132 1995  259.87827  227.36325  12.5%  77.0 25635s
 63018 51873  237.55105  164 1928  259.87827  227.36325  12.5%  76.9 25765s
 63482 52112  239.82378  270 1736  259.87827  227.36325  12.5%  76.9 25877s
 63727 52546  240.70583  356 1562  259.87827  227.36325  12.5%  76.7 26020s
 64209 53008  257.15500  494 1266  259.87827  227.36325  12.5%  76.6 26250s
 64727 53537  258.84255  663  978  259.87827  227.39624  12.5%  76.8 26379s
 65298 53852  237.05804   99 2106  259.87827  227.39624  12.5%  76.4 26478s
 65666 54077  253.20409  116 2045  259.87827  227.39973  12.5%  76.1 26575s
 66019 54226  231.88097   86 2145  259.87827  227.39973  12.5%  76.1 26695s
 66172 54760  232.61013  100 2110  259.87827  227.39973  12.5%  76.0 26791s
 66720 55244  236.02119  181 1981  259.87827  227.39973  12.5%  75.5 26995s
 67256 55726  238.61735  226 1867  259.87827  227.39973  12.5%  75.0 27103s
 67753 55995  239.00650  253 1764  259.87827  227.39973  12.5%  74.7 27285s
 68028 56553  239.45625  269 1673  259.87827  227.39973  12.5%  74.4 27385s
 68623 56895  239.90208  320 1531  259.87827  227.39973  12.5%  74.1 27488s
 69049 57214  240.09065  334 1500  259.87827  227.39973  12.5%  73.9 27583s
H69258 57214                     259.8782715  227.39973  12.5%  73.9 27583s
 69477 57713  241.49608  351 1475  259.87827  227.39973  12.5%  73.9 27710s
H69617 57713                     259.8782715  227.39973  12.5%  73.8 27710s
 70034 58021  242.15242  374 1456  259.87827  227.39973  12.5%  73.7 27831s
 70387 58446  242.45371  389 1430  259.87827  227.39973  12.5%  73.7 27952s
 70853 58736  243.34706  408 1397  259.87827  227.39973  12.5%  73.5 28068s
H71144 59280                     259.8777538  227.39973  12.5%  73.2 28168s
 71764 59300  243.91872  445 1357  259.87775  227.39973  12.5%  73.0 28456s
H71769 59300                     259.8777490  227.39973  12.5%  73.0 28456s
H71779 59300                     259.8777219  227.39973  12.5%  73.0 28456s
 71784 59555  243.92437  451 1333  259.87772  227.39973  12.5%  73.0 28592s
 72044 59782  243.96004  457 1319  259.87772  227.39973  12.5%  72.9 28727s
H72209 59782                     259.8777205  227.39973  12.5%  72.8 28727s
 72273 59890  245.56549  480 1286  259.87772  227.39973  12.5%  72.7 28800s

Cutting planes:
  Learned: 32
  Gomory: 16
  Cover: 226
  Implied bound: 603
  Clique: 139
  MIR: 1299
  StrongCG: 1
  Flow cover: 2488
  GUB cover: 4
  Mod-K: 1
  RLT: 1356
  Relax-and-lift: 426

Explored 72381 nodes (5344097 simplex iterations) in 28800.33 seconds
Thread count was 4 (of 32 available processors)

Solution count 10: 259.878 259.878 259.878 ... 259.878

Time limit reached
Best objective 2.598777204581e+02, best bound 2.273997273408e+02, gap 12.4974%

Gurobi 9.1.0 (linux64) logging started Sat Jan  1 13:08:26 2022

Changed value of parameter LogFile to eab_parasitoid_0.6_1_0_bud.log
   Prev:   Default: 
Changed value of parameter MIPGap to 0.01
   Prev: 0.0001  Min: 0.0  Max: inf  Default: 0.0001
Changed value of parameter MIPFocus to 1
   Prev: 0  Min: 0  Max: 3  Default: 0
Changed value of parameter RINS to 100
   Prev: -1  Min: -1  Max: 2000000000  Default: -1
Changed value of parameter TimeLimit to 28800.0
   Prev: inf  Min: 0.0  Max: inf  Default: inf
Changed value of parameter NodeFileStart to 10000.0
   Prev: inf  Min: 0.0  Max: inf  Default: inf
Changed value of parameter Threads to 4
   Prev: 0  Min: 0  Max: 1024  Default: 0
Changed value of parameter Heuristics to 1.0
   Prev: 0.05  Min: 0.0  Max: 1.0  Default: 0.05
Gurobi Optimizer version 9.1.0 build v9.1.0rc0 (linux64)
Thread count: 32 physical cores, 32 logical processors, using up to 4 threads
Optimize a model with 381543 rows, 174513 columns and 1305866 nonzeros
Model fingerprint: 0x54f9936d
Variable types: 77367 continuous, 97146 integer (97146 binary)
Coefficient statistics:
  Matrix range     [2e-04, 6e+03]
  Objective range  [1e-06, 1e-01]
  Bounds range     [1e+00, 6e+03]
  RHS range        [1e-04, 7e+03]

User MIP start produced solution with objective 850.403 (7.78s)
User MIP start produced solution with objective 850.381 (7.91s)
User MIP start produced solution with objective 847.254 (8.31s)
User MIP start produced solution with objective 847.159 (8.71s)
Loaded user MIP start with objective 847.159
Processed MIP start in 8.74 seconds

Presolve removed 213274 rows and 80299 columns (presolve time = 5s) ...
Presolve removed 260172 rows and 104440 columns
Presolve time: 8.62s
Presolved: 121371 rows, 70073 columns, 626257 nonzeros
Variable types: 32078 continuous, 37995 integer (37995 binary)

Deterministic concurrent LP optimizer: primal and dual simplex (primal and dual model)
Showing first log only...

Presolve removed 164 rows and 164 columns
Presolved: 121207 rows, 69909 columns, 625879 nonzeros


Root simplex log...

Iteration    Objective       Primal Inf.    Dual Inf.      Time
       0    1.6377651e+02   2.771610e+02   2.228572e+09     18s
Concurrent spin time: 0.01s

Solved with dual simplex (primal model)

Root relaxation: objective 1.549253e+02, 5672 iterations, 0.86 seconds
Total elapsed time = 20.26s

    Nodes    |    Current Node    |     Objective Bounds      |     Work
 Expl Unexpl |  Obj  Depth IntInf | Incumbent    BestBd   Gap | It/Node Time

     0     0  154.92535    0 1222  847.15863  154.92535  81.7%     -   25s
     0     0  157.95120    0 2349  847.15863  157.95120  81.4%     -   35s
H    0     0                     847.1544615  157.95120  81.4%     -   39s
     0     0  159.32920    0 2257  847.15446  159.32920  81.2%     -   40s
     0     0  159.33778    0 2285  847.15446  159.33778  81.2%     -   40s
     0     0  159.33822    0 2288  847.15446  159.33822  81.2%     -   41s
     0     0  159.33823    0 2283  847.15446  159.33823  81.2%     -   41s
     0     0  162.39311    0 2329  847.15446  162.39311  80.8%     -   46s
     0     0  162.63304    0 2180  847.15446  162.63304  80.8%     -   50s
     0     0  162.64053    0 2152  847.15446  162.64053  80.8%     -   50s
     0     0  162.64056    0 2170  847.15446  162.64056  80.8%     -   51s
     0     0  177.58393    0 2158  847.15446  177.58393  79.0%     -   59s
     0     0  180.91180    0 2249  847.15446  180.91180  78.6%     -   64s
     0     0  180.96773    0 2282  847.15446  180.96773  78.6%     -   65s
     0     0  180.98502    0 2297  847.15446  180.98502  78.6%     -   65s
     0     0  180.98601    0 2293  847.15446  180.98601  78.6%     -   66s
     0     0  184.34706    0 2285  847.15446  184.34706  78.2%     -   72s
     0     0  184.61698    0 2164  847.15446  184.61698  78.2%     -   76s
     0     0  184.63075    0 2161  847.15446  184.63075  78.2%     -   77s
     0     0  184.63676    0 2161  847.15446  184.63676  78.2%     -   77s
     0     0  184.63795    0 2164  847.15446  184.63795  78.2%     -   78s
     0     0  185.17505    0 2330  847.15446  185.17505  78.1%     -   82s
     0     0  185.17505    0 1494  847.15446  185.17505  78.1%     -   97s
H    0     0                     846.8587057  185.17505  78.1%     -   98s
     0     0  185.17505    0 2473  846.85871  185.17505  78.1%     -  106s
     0     0  185.17505    0 2262  846.85871  185.17505  78.1%     -  117s
     0     0  185.17505    0 2417  846.85871  185.17505  78.1%     -  120s
     0     0  185.17505    0 2370  846.85871  185.17505  78.1%     -  122s
     0     0  185.46498    0 2349  846.85871  185.46498  78.1%     -  123s
     0     0  185.48277    0 2349  846.85871  185.48277  78.1%     -  123s
     0     0  185.48282    0 2352  846.85871  185.48282  78.1%     -  124s
     0     0  186.98196    0 2073  846.85871  186.98196  77.9%     -  130s
     0     0  187.10286    0 2123  846.85871  187.10286  77.9%     -  133s
     0     0  187.10427    0 2130  846.85871  187.10427  77.9%     -  134s
     0     0  187.10432    0 2134  846.85871  187.10432  77.9%     -  134s
     0     0  189.87877    0 2036  846.85871  189.87877  77.6%     -  142s
     0     0  189.98122    0 2072  846.85871  189.98122  77.6%     -  147s
     0     0  189.99488    0 2052  846.85871  189.99488  77.6%     -  148s
     0     0  190.01239    0 2071  846.85871  190.01239  77.6%     -  149s
     0     0  190.01276    0 2077  846.85871  190.01276  77.6%     -  149s
     0     0  190.40411    0 2133  846.85871  190.40411  77.5%     -  155s
     0     0  190.51629    0 2022  846.85871  190.51629  77.5%     -  159s
     0     0  190.56088    0 2048  846.85871  190.56088  77.5%     -  160s
     0     0  190.56187    0 2075  846.85871  190.56187  77.5%     -  161s
     0     0  192.59014    0 2062  846.85871  192.59014  77.3%     -  166s
H    0     0                     676.2885562  192.59014  71.5%     -  175s
H    0     0                     588.7979066  192.59014  67.3%     -  283s
H    0     0                     588.7220754  192.59014  67.3%     -  283s
     0     2  192.59014    0 2061  588.72208  192.59014  67.3%     -  288s
     1     4  192.62156    1 2016  588.72208  192.62156  67.3%  2853  290s
     7    12  206.69154    3 2119  588.72208  195.52192  66.8%   767  295s
    15    20  207.08274    5 2102  588.72208  196.09290  66.7%   700  300s
H   19    24                     585.4366888  196.19190  66.5%   731  311s
H   21    24                     584.6955020  196.19190  66.4%   666  311s
H   28    33                     584.5977548  196.19190  66.4%   706  316s
    37    45  214.64232   10 2056  584.59775  196.19190  66.4%   718  321s
    44    52  222.65767   10 2042  584.59775  196.19190  66.4%   665  352s
H   61    66                     584.5940488  196.19190  66.4%   537  364s
H   62    66                     584.5878106  196.19190  66.4%   529  364s
H   63    66                     579.2102594  196.19190  66.1%   520  364s
    65    80  215.21175   14 2047  579.21026  196.19190  66.1%   511  365s
    79    91  216.24644   17 2077  579.21026  196.19190  66.1%   448  399s
    90    95  216.28807   20 2056  579.21026  196.19190  66.1%   413  427s
H   91    95                     578.3529056  196.19190  66.1%   409  427s
    94   100  216.29733   21 2103  578.35291  196.19190  66.1%   407  431s
    99   104  216.30666   22 2107  578.35291  196.19190  66.1%   390  438s
H  100   104                     578.3529055  196.19190  66.1%   386  438s
H  101   104                     541.9661411  196.19190  63.8%   382  438s
   103   108  216.35000   23 2108  541.96614  196.19190  63.8%   386  444s
   107   132  217.60724   24 2042  541.96614  196.19190  63.8%   382  445s
   159   187  217.86543   37 2074  541.96614  196.19190  63.8%   276  450s
H  186   191                     541.9504777  196.19190  63.8%   256  460s
H  188   191                     541.4805846  196.19190  63.8%   262  460s
   208   213  220.31470   47 1942  541.48058  196.19190  63.8%   272  469s
   212   229  221.26381   48 1949  541.48058  196.19190  63.8%   269  478s
H  215   229                     541.1186854  196.19190  63.7%   266  478s
H  219   229                     540.8095501  196.19190  63.7%   262  478s
H  223   229                     540.7487679  196.19190  63.7%   258  478s
   228   233  223.90788   51 1945  540.74877  196.19190  63.7%   255  483s
   232   274  224.09963   52 1945  540.74877  196.19190  63.7%   251  486s
   273   278  229.59799   60 1918  540.74877  196.19190  63.7%   226  492s
H  274   278                     536.9040338  196.19190  63.5%   225  492s
   277   311  230.38830   61 1918  536.90403  196.19190  63.5%   224  496s
H  310   315                     534.1665815  196.19190  63.3%   214  578s
H  311   315                     533.9250273  196.19190  63.3%   214  578s
H  312   315                     533.7388763  196.19190  63.2%   213  578s
   314   319  231.33781   68 1800  533.73888  196.19190  63.2%   213  584s
H  315   319                     533.7388312  196.19190  63.2%   212  584s
   318   323  231.34640   69 1812  533.73883  196.19190  63.2%   211  591s
H  319   323                     504.5348348  196.19190  61.1%   210  591s
H  322   327                     504.5337112  196.19190  61.1%   209  598s
H  323   327                     504.5247620  196.19190  61.1%   209  598s
H  324   327                     504.5240699  196.19190  61.1%   209  598s
   326   378  232.78062   70 1817  504.52407  196.19190  61.1%   209  608s
H  353   378                     502.7405721  196.19190  61.0%   198  608s
   377   382  235.34964   81 1760  502.74057  196.19190  61.0%   190  614s
H  380   382                     502.7020981  196.19190  61.0%   188  614s
   381   433  235.35057   82 1759  502.70210  196.19190  61.0%   188  619s
H  393   433                     502.6515727  196.19190  61.0%   183  619s
H  432   437                     502.6512739  196.19190  61.0%   170  630s
H  435   437                     502.6506516  196.19190  61.0%   169  630s
H  448   510                     502.6454063  196.19190  61.0%   165  634s
   509   543  237.84314  117 1731  502.64541  196.19190  61.0%   152  651s
H  518   543                     473.0787681  196.19190  58.5%   149  651s
H  542   547                     473.0591586  196.19190  58.5%   146  659s
   546   623  238.11336  125 1724  473.05916  196.19190  58.5%   145  680s
H  583   623                     473.0567018  196.19190  58.5%   138  680s
H  602   623                     473.0144281  196.19190  58.5%   135  680s
H  621   623                     472.9784665  196.19190  58.5%   133  680s
   622   627  238.78886  139 1695  472.97847  196.19190  58.5%   133  692s
H  624   627                     472.9457072  196.19190  58.5%   133  692s
   626   711  238.82121  140 1687  472.94571  196.19190  58.5%   132  702s
H  710   715                     467.0955313  196.19190  58.0%   119  735s
H  713   715                     458.7396593  196.19190  57.2%   118  735s
   714   819  239.85923  159 1650  458.73966  196.19190  57.2%   118  747s
H  739   819                     458.7396467  196.19190  57.2%   115  747s
   818   822  245.39730  181 1679  458.73965  196.19190  57.2%   106  765s
H  821   822                     458.7337380  196.19190  57.2%   106  765s
   823   896  245.39861  182 1672  458.73374  196.19190  57.2%   106  775s
   907   936  254.53751  199 1651  458.73374  196.19190  57.2%  97.2  792s
H  926   936                     458.7321054  196.19190  57.2%  95.6  792s
H  927   936                     458.7052055  196.19190  57.2%  95.5  792s
H  947   980                     458.7040963  196.19190  57.2%  94.0  799s
H  957   980                     458.7004412  196.19190  57.2%  93.3  800s
H  968   980                     458.4870340  196.19190  57.2%  92.3  800s
   991  1020  254.98119  211 1652  458.48703  196.19190  57.2%  91.2  812s
H 1021  1020                     458.4803330  196.19190  57.2%  89.6  812s
  1031  1220  255.17207  218 1644  458.48033  196.19190  57.2%  89.1  819s
H 1231  1224                     458.4764383  196.19190  57.2%  77.7  837s
H 1233  1224                     458.4759124  196.19190  57.2%  77.6  837s
  1235  1328  258.34409  258 1608  458.47591  196.19190  57.2%  77.5  861s
H 1286  1328                     452.4882144  196.19190  56.6%  74.8  861s
H 1338  1326                     425.0745974  196.19190  53.8%  73.5  861s
H 1339  1330                     411.6513256  196.19190  52.3%  73.5  872s
  1343  1424  258.43367  283 1557  411.65133  196.19190  52.3%  73.3  883s
H 1364  1424                     411.6503863  196.19190  52.3%  72.3  883s
H 1370  1424                     411.6338903  196.19190  52.3%  72.0  883s
  1437  1465  259.58521  304 1521  411.63389  196.19190  52.3%  69.6  893s
H 1443  1465                     411.6337030  196.19190  52.3%  69.3  893s
H 1476  1465                     411.6336007  196.19190  52.3%  68.1  893s
H 1478  1556                     411.5862996  196.19190  52.3%  68.1  903s
  1573  1667  260.06548  328 1609  411.58630  196.19190  52.3%  64.8  915s
H 1575  1667                     410.6084369  196.19190  52.2%  64.7  915s
H 1682  1667                     409.3122002  196.19190  52.1%  61.8  915s
H 1684  1762                     408.7347859  196.19190  52.0%  61.8  927s
H 1779  1849                     408.1284803  196.19190  51.9%  59.0  938s
H 1801  1849                     408.0393863  196.19190  51.9%  58.5  938s
H 1802  1849                     407.9786569  196.19190  51.9%  58.5  938s
H 1823  1849                     405.5855480  196.19190  51.6%  57.9  938s
  1867  1869  260.85921  387 1423  405.58555  196.19190  51.6%  56.8  958s
H 1886  1869                     405.5854250  196.19190  51.6%  56.4  958s
  1887  1966  260.89681  391 1509  405.58542  196.19190  51.6%  56.4  968s
H 1958  1966                     405.5853804  196.19190  51.6%  54.6  968s
  1984  2052  261.13012  409 1408  405.58538  196.19190  51.6%  54.1  987s
H 2005  2052                     405.5832325  196.19190  51.6%  53.6  987s
H 2053  2052                     405.2019900  196.19190  51.6%  52.6  987s
H 2070  2028                     347.8521742  196.19190  43.6%  52.3 1018s
  2074  2040  261.39273  425 1382  347.85217  196.19190  43.6%  52.2 1038s
H 2099  2040                     347.8509580  196.19190  43.6%  52.1 1038s
H 2100  2044                     347.7866536  196.19190  43.6%  52.1 1094s
H 2101  1102                     268.0592207  196.19190  26.8%  52.1 1094s
  2104  1226  261.83868  429 1377  268.05922  196.19190  26.8%  52.4 1117s
H 2125  1226                     268.0585673  196.19190  26.8%  52.0 1117s
H 2163  1226                     267.9902192  196.19190  26.8%  53.0 1117s
  2293  1213     cutoff  462       267.99022  201.18587  24.9%  51.7 1130s
H 2305  1213                     267.9535594  201.18587  24.9%  54.6 1130s
  2312  1274  201.25313    7 2064  267.95356  201.25313  24.9%  55.5 1146s
H 2318  1274                     267.9533519  201.25313  24.9%  56.9 1146s
H 2325  1274                     267.9472111  201.25313  24.9%  56.9 1146s
H 2374  1274                     267.9432612  201.25313  24.9%  56.7 1152s
  2375  1275  262.19108   28 2330  267.94326  201.25313  24.9%  56.6 1166s
  2377  1276  260.22278  336 1821  267.94326  201.25313  24.9%  56.6 1177s
  2378  1277  220.44605   90 2410  267.94326  201.25313  24.9%  56.6 1187s
  2379  1278  241.11899  248 2183  267.94326  201.25313  24.9%  56.5 1197s
  2380  1278  240.02528   35 2142  267.94326  201.25313  24.9%  56.5 1208s
  2381  1279  241.09548  244 2165  267.94326  201.25313  24.9%  56.5 1212s
  2382  1280  238.60478  207 2149  267.94326  201.62714  24.8%  56.5 1220s
  2385  1282  260.34971  341 2118  267.94326  203.46774  24.1%  56.4 1225s
  2388  1284  224.49114  178 2117  267.94326  203.47175  24.1%  56.3 1230s
  2389  1284  217.86289   37 2051  267.94326  204.26679  23.8%  56.3 1237s
  2392  1286  260.12666  334 2127  267.94326  205.57949  23.3%  56.2 1240s
  2396  1289  222.77864  135 2121  267.94326  205.57949  23.3%  56.1 1247s
H 2396  1224                     267.9001724  205.57949  23.3%  56.1 1325s
  2398  1228  216.38523   12 2016  267.90017  205.57949  23.3%  76.9 1335s
  2400  1232  219.56044   13 2128  267.90017  208.27553  22.3%  77.7 1413s
H 2401  1169                     267.9001713  208.27553  22.3%  77.7 1413s
  2404  1172  222.36598   14 2181  267.90017  208.76672  22.1%  80.4 1421s
H 2405  1114                     267.9001711  208.76672  22.1%  80.4 1421s
H 2407  1057                     267.9001710  211.00350  21.2%  81.9 1421s
  2408  1060  261.97514   14 2295  267.90017  211.00350  21.2%  84.4 1427s
  2416  1062  256.21478   15 2172  267.90017  211.23072  21.2%  86.4 1431s
  2426  1066     cutoff   17       267.90017  211.23078  21.2%  88.0 1437s
  2431  1069  231.38375   18 2192  267.90017  211.23078  21.2%  89.1 1440s
  2452  1072  226.22994   21 2195  267.90017  212.73912  20.6%  91.9 1448s
  2459  1073  226.36993   22 2185  267.90017  215.14968  19.7%  94.0 1455s
  2471  1079  236.50632   23 2190  267.90017  215.94161  19.4%  95.1 1460s
  2485  1085  227.65808   25 2143  267.90017  216.54795  19.2%  97.1 1465s
  2493  1089  227.97866   26 2192  267.90017  216.83760  19.1%  97.8 1473s
H 2499  1038                     267.8336204  216.83760  19.0%  99.0 1482s
H 2500   987                     267.0781898  216.83760  18.8%  99.0 1482s
  2503   989  228.16102   28 2201  267.07819  216.85021  18.8%  99.0 1528s
H 2506   940                     267.0781852  216.85021  18.8%   101 1528s
H 2509   894                     267.0761802  216.96760  18.8%   101 1528s
  2510   906  228.25351   29 2199  267.07618  216.96760  18.8%   101 1531s
  2524   904     cutoff   30       267.07618  217.04338  18.7%   102 1536s
H 2527   860                     267.0761799  217.04338  18.7%   102 1536s
H 2528   819                     267.0761798  217.09917  18.7%   102 1536s
  2529   822  229.39852   31 2212  267.07618  217.09917  18.7%   102 1550s
H 2531   782                     266.8321490  217.09917  18.6%   103 1550s
H 2533   744                     263.4170778  217.09917  17.6%   103 1550s
  2534   757  228.56202   32 2211  263.41708  217.09917  17.6%   103 1555s
  2555   755  228.58321   35 2200  263.41708  217.81809  17.3%   105 1563s
  2560   762  228.59496   36 2199  263.41708  217.81809  17.3%   105 1569s
  2581   757  228.63486   38 2195  263.41708  217.81809  17.3%   108 1757s
H 2595   721                     263.4170772  217.81809  17.3%   122 1817s
H 2596   687                     263.4170070  217.81809  17.3%   122 1817s
H 2596   655                     263.4168389  217.81809  17.3%   122 1817s
  2600   658     cutoff   40       263.41684  217.81809  17.3%   123 1863s
H 2608   633                     263.2036484  217.81809  17.2%   127 1872s
H 2617   606                     263.1662728  217.81809  17.2%   128 1916s
H 2618   579                     263.1551003  217.81809  17.2%   128 1916s
  2621   591  233.36612   43 2253  263.15510  217.81809  17.2%   128 1965s
H 2626   563                     263.1489729  217.81809  17.2%   128 1965s
  2643   578  235.67655   46 2234  263.14897  217.81809  17.2%   131 1971s
H 2677   544                     263.1488843  217.81809  17.2%   134 2016s
H 2679   521                     263.1488830  217.81809  17.2%   134 2016s
H 2680   498                     263.1469067  217.81809  17.2%   134 2016s
  2682   526     cutoff   49       263.14691  217.81809  17.2%   134 2021s
H 2734   490                     263.1468173  217.81809  17.2%   135 2132s
H 2734   470                     263.0659239  217.81809  17.2%   135 2132s
  2739   489 infeasible   57       263.06592  217.81809  17.2%   135 2140s
H 2772   459                     263.0658360  217.81809  17.2%   136 2205s
H 2772   441                     263.0330324  217.81809  17.2%   136 2205s
H 2773   423                     262.9659369  217.81809  17.2%   136 2205s
  2776   469  245.28778   63 2195  262.96594  217.81809  17.2%   136 2215s
H 2842   433                     262.9657299  217.81809  17.2%   137 2311s
H 2842   418                     262.8408711  217.81809  17.1%   137 2311s
H 2844   403                     262.7616608  217.81809  17.1%   137 2311s
  2846   448  248.20889   73 2121  262.76166  217.81809  17.1%   137 2320s
H 2900   420                     262.7001795  217.81809  17.1%   138 2393s
H 2901   406                     262.5705187  217.81809  17.0%   138 2393s
H 2904   396                     262.5702309  217.81809  17.0%   139 2451s
H 2905   383                     262.5702115  217.81809  17.0%   139 2451s
H 2906   372                     262.5671091  217.81809  17.0%   139 2451s
  2908   420  255.01625   84 2108  262.56711  217.81809  17.0%   139 2458s
H 2963   395                     262.5620843  217.81809  17.0%   139 2531s
H 2963   386                     262.5095250  217.81809  17.0%   139 2531s
H 2965   386                     262.4794972  217.81809  17.0%   139 2531s
  2967   444  259.44647   93 2131  262.47950  217.81809  17.0%   139 2537s
H 3032   448                     262.3409564  217.81809  17.0%   138 2679s
  3036   502     cutoff  102       262.34096  217.81809  17.0%   138 2701s
H 3063   502                     262.3014034  217.81809  17.0%   137 2701s
  3118   504 infeasible  115       262.30140  217.81809  17.0%   136 2731s
H 3120   502                     262.2170939  217.81809  16.9%   136 2731s
H 3122   502                     262.1795054  217.81809  16.9%   136 2731s
  3123   544     cutoff  116       262.17951  218.71537  16.6%   136 2777s
  3172   548  224.19014   34 2239  262.17951  218.71537  16.6%   136 2834s
H 3174   548                     262.1758276  218.71537  16.6%   136 2834s
H 3175   547                     262.0806879  218.71537  16.5%   136 2834s
  3176   626  226.37265   35 2259  262.08069  218.71537  16.5%   136 2862s
H 3259   629                     262.0400065  218.71537  16.5%   134 2890s
H 3261   629                     262.0350745  218.71537  16.5%   134 2890s
H 3262   628                     261.9678144  218.71537  16.5%   134 2890s
  3264   697  228.69310   59 2220  261.96781  218.71537  16.5%   134 2919s
  3349   701  230.28726   84 2106  261.96781  218.71537  16.5%   133 3034s
H 3352   701                     261.8281664  218.71537  16.5%   133 3034s
  3353   800  230.29662   85 2105  261.82817  218.71537  16.5%   133 3062s
H 3402   800                     261.8130497  218.71537  16.5%   132 3062s
H 3455   804                     261.7864270  218.71537  16.5%   131 3102s
H 3457   804                     261.7409299  218.71537  16.4%   131 3102s
  3459   808  231.81192  110 2049  261.74093  218.71537  16.4%   131 3134s
  3463   862  231.81316  111 2051  261.74093  218.71537  16.4%   130 3172s
H 3480   862                     261.6732839  218.71537  16.4%   130 3172s
  3520   959  234.42081  129 2045  261.67328  218.71537  16.4%   131 3207s
H 3545   959                     261.6732424  218.71537  16.4%   130 3207s
H 3571   959                     261.6377738  218.71537  16.4%   129 3207s
  3624   964  235.60211  155 2009  261.63777  218.71537  16.4%   128 3238s
  3629  1029  235.60801  156 1996  261.63777  218.71537  16.4%   127 3331s
H 3670  1029                     261.6249786  218.71537  16.4%   127 3331s
H 3696  1032                     261.4697429  218.71537  16.4%   130 3356s
H 3697  1032                     261.4480072  218.71537  16.3%   130 3356s
H 3700  1057                     261.4479335  218.71537  16.3%   130 3400s
H 3723  1057                     261.3940870  218.71537  16.3%   130 3400s
H 3731  1061                     261.3936594  218.71537  16.3%   129 3433s
H 3732  1061                     261.3882413  218.71537  16.3%   129 3433s
H 3733  1061                     261.3877795  218.71537  16.3%   129 3433s
H 3734  1061                     261.2817281  218.71537  16.3%   129 3433s
H 3735  1078                     261.2816465  218.71537  16.3%   129 3470s
H 3736  1078                     261.2804595  218.71537  16.3%   129 3470s
H 3737  1078                     261.2803825  218.71537  16.3%   129 3470s
H 3752  1089                     261.2641280  218.71537  16.3%   129 3501s
  3763  1114  250.00586  182 1992  261.26413  218.71537  16.3%   128 3530s
H 3788  1164                     261.2263810  218.71537  16.3%   128 3586s
  3838  1234  250.60711  196 1950  261.22638  218.71537  16.3%   126 3618s
H 3865  1234                     261.2054168  218.71537  16.3%   125 3618s
  3908  1314  250.95925  210 1932  261.20542  218.71537  16.3%   124 3649s
H 3924  1314                     261.1445650  218.71537  16.2%   124 3649s
H 3970  1308                     260.7780614  218.71537  16.1%   123 3649s
H 3988  1322                     260.7779410  218.71537  16.1%   122 3685s
H 3989  1322                     260.7779375  218.71537  16.1%   122 3685s
H 4003  1321                     260.7465514  218.71537  16.1%   122 3685s
  4004  1351  251.21073  230 1888  260.74655  218.71537  16.1%   122 3727s
H 4034  1418                     260.7464968  218.71537  16.1%   121 3757s
H 4063  1418                     260.7463342  218.71537  16.1%   121 3757s
H 4077  1418                     260.7121636  218.71537  16.1%   120 3757s
H 4103  1442                     260.7121065  218.71537  16.1%   120 3793s
H 4104  1442                     260.7081331  218.71537  16.1%   120 3793s
H 4105  1442                     260.7080809  218.71537  16.1%   120 3793s
H 4106  1442                     260.7014359  218.71537  16.1%   120 3793s
  4127  1511  251.57000  256 1794  260.70144  218.71537  16.1%   119 3828s
H 4128  1511                     260.6985686  218.71537  16.1%   119 3828s
H 4134  1491                     260.1711459  218.71537  15.9%   119 3828s
H 4171  1491                     260.1369850  218.71537  15.9%   119 3828s
H 4205  1498                     260.1115529  218.71537  15.9%   118 3895s
H 4205  1498                     260.1083992  218.71537  15.9%   118 3895s
H 4206  1498                     260.0891258  218.71537  15.9%   118 3895s
  4215  1607  252.67007  274 1756  260.08913  218.71537  15.9%   118 3928s
H 4266  1605                     260.0554229  218.71537  15.9%   117 3928s
H 4365  1613                     260.0309863  218.71537  15.9%   114 3974s
H 4370  1612                     260.0246825  218.71537  15.9%   115 3974s
H 4409  1616                     260.0246805  218.71537  15.9%   115 4026s
H 4410  1616                     260.0246802  218.71537  15.9%   115 4026s
H 4410  1616                     260.0209066  218.71537  15.9%   115 4026s
  4413  1771  253.22594  301 1720  260.02091  218.71537  15.9%   115 4221s
H 4506  1771                     260.0208994  218.71537  15.9%   118 4221s
H 4538  1771                     260.0157148  218.71537  15.9%   117 4221s
  4600  1809  259.79351  357 1550  260.01571  220.63657  15.1%   117 4282s
H 4624  1809                     260.0153413  220.82391  15.1%   118 4282s
  4657  1951  225.75005   36 2247  260.01534  220.82391  15.1%   118 4336s
  4809  2014  228.76484   80 2093  260.01534  220.82391  15.1%   117 4396s
  4878  2098  229.64105   88 2056  260.01534  220.82391  15.1%   116 4455s
  4965  2160  231.48876  111 2055  260.01534  220.82391  15.1%   114 4518s
  5028  2416  231.84553  126 1992  260.01534  220.82391  15.1%   113 4577s
  5315  2420  234.07114  192 1900  260.01534  220.82391  15.1%   109 4667s
  5319  2628  234.41371  193 1901  260.01534  220.82391  15.1%   109 4716s
  5553  2738  235.17923  224 1848  260.01534  220.82391  15.1%   107 4773s
  5672  2921  235.85502  259 1792  260.01534  220.82391  15.1%   105 4831s
  5858  2938  241.78669  288 1743  260.01534  220.82391  15.1%   102 4909s
  5875  3237  241.85014  300 1720  260.01534  220.82391  15.1%   102 4964s
  6195  3316  242.49210  371 1550  260.01534  220.82391  15.1%  97.5 5038s
H 6228  3316                     260.0144210  220.82391  15.1%  97.1 5038s
  6317  3651  243.38942  398 1513  260.01442  220.82391  15.1%  96.5 5146s
H 6400  3651                     260.0144205  220.82391  15.1%  95.3 5146s
H 6400  3651                     260.0140672  220.82391  15.1%  95.3 5146s
H 6653  3741                     259.9988703  220.82391  15.1%  92.4 5228s
H 6700  3741                     259.9977223  220.82391  15.1%  91.8 5228s
  6751  3958  245.81026  530 1280  259.99772  221.09799  15.0%  91.2 5310s
H 6851  3958                     259.9869884  221.09799  15.0%  90.4 5310s
  7091  3991  229.63694   59 2214  259.98699  221.09799  15.0%  89.9 5417s
H 7092  3991                     259.9833194  221.09799  15.0%  89.9 5417s
  7124  4233  229.63928   60 2218  259.98332  221.09799  15.0%  89.6 5503s
H 7126  4233                     259.9773995  221.09799  15.0%  89.6 5503s
H 7451  4404                     259.9772879  221.09799  15.0%  90.1 5573s
H 7451  4404                     259.9770574  221.09799  15.0%  90.1 5573s
H 7629  4411                     259.9675767  221.09799  15.0%  90.3 5658s
  7636  4703  242.48431  135 2055  259.96758  221.09799  15.0%  90.2 5740s
  7946  4917  243.72387  167 1977  259.96758  221.09799  15.0%  87.6 5824s
  8189  5107  244.06457  175 1944  259.96758  221.09799  15.0%  86.9 5898s
  8419  5177  246.43832  198 1917  259.96758  221.09799  15.0%  86.0 5989s
  8514  5471  246.53218  203 1907  259.96758  221.09799  15.0%  86.1 6099s
  8862  5604  247.15073  250 1816  259.96758  221.09799  15.0%  88.2 6199s
  9000  5750  247.58167  265 1772  259.96758  221.09799  15.0%  87.3 6290s
  9183  5825  249.88314  302 1702  259.96758  221.09799  15.0%  86.6 6416s
  9305  6102  254.23558  314 1697  259.96758  221.09799  15.0%  88.2 6561s
  9634  6301     cutoff  316       259.96758  223.49308  14.0%  93.8 6678s
  9876  6588  227.03055   56 2210  259.96758  223.49308  14.0%  94.6 6779s
H 9877  6588                     259.9665692  223.49308  14.0%  94.6 6779s
H10075  6588                     259.9665511  223.49308  14.0%  93.9 6779s
H10191  6718                     259.9665511  223.49308  14.0%  93.5 6900s
H10199  6718                     259.9616277  223.49308  14.0%  93.5 6900s
 10327  7267  230.36343   97 2082  259.96163  223.49308  14.0%  92.7 7070s
 10999  7387  250.90346  266 1748  259.96163  223.49308  14.0%  90.7 7155s
 11143  7610  256.63626  297 1714  259.96163  223.49308  14.0%  90.4 7292s
 11375  8033  258.54015  355 1608  259.96163  224.45265  13.7%  89.2 7446s
 11956  8303     cutoff  145       259.96163  224.67792  13.6%  89.4 7561s
 12334  8556  248.61668   64 2166  259.96163  225.19767  13.4%  90.9 7676s
 12655  9053  233.88383   56 2165  259.96163  225.20138  13.4%  91.2 7802s
 13212  9100  228.21846  101 2095  259.96163  225.20138  13.4%  90.0 7924s
 13269  9491  231.01978  117 2078  259.96163  225.25470  13.4%  90.0 8029s
 13758  9744  233.85576   73 2183  259.96163  225.25470  13.4%  89.8 8148s
H13801  9739                     259.9363417  225.25470  13.3%  89.7 8148s
 14030 10192  238.91591  106 2093  259.93634  225.25470  13.3%  89.1 8264s
H14100 10192                     259.9363414  225.25470  13.3%  88.9 8264s
H14193 10192                     259.9363394  225.25470  13.3%  88.5 8264s
H14424 10192                     259.9363382  225.25470  13.3%  89.2 8264s
H14597 10240                     259.9363359  225.25470  13.3%  89.3 8392s
H14641 10240                     259.9363332  225.25470  13.3%  89.1 8392s
 14645 10592  244.12465  208 1899  259.93633  225.25470  13.3%  89.1 8516s
H14700 10592                     259.9358190  225.25470  13.3%  89.0 8516s
H14768 10592                     259.9358144  225.25470  13.3%  89.5 8516s
 15026 10962  253.48801  226 1883  259.93581  225.25470  13.3%  89.0 8642s
H15154 10962                     259.9358138  225.25470  13.3%  88.4 8642s
H15222 10962                     259.9358102  225.25470  13.3%  88.2 8642s
 15400 11215  254.28009  263 1829  259.93581  225.57592  13.2%  87.3 8773s
H15529 11215                     259.9358081  225.57592  13.2%  87.3 8773s
H15702 11679                     259.9358072  225.57592  13.2%  86.4 8919s
H16063 11679                     259.9358063  225.59177  13.2%  86.2 8919s
 16232 12040  230.85622   90 2143  259.93581  225.59177  13.2%  85.4 9064s
H16439 12040                     259.9358060  225.59177  13.2%  85.0 9064s
 16608 12388  235.48408  158 1972  259.93581  225.59177  13.2%  84.2 9196s
H16856 12388                     259.9358059  225.59177  13.2%  83.7 9196s
 17005 12731  241.52273  271 1765  259.93581  225.59177  13.2%  83.9 9339s
 17355 13117  243.24450  367 1611  259.93581  225.73794  13.2%  83.0 9515s
H17867 13199                     259.9358055  225.90261  13.1%  84.9 9667s
H17963 13199                     259.9357758  225.90261  13.1%  85.1 9667s
 17970 13522  245.25022   84 2149  259.93578  226.01729  13.0%  85.0 9857s
 18401 13780  232.58486   65 2200  259.93578  226.02118  13.0%  86.7 9967s
 18684 14170  233.70466   82 2179  259.93578  226.04903  13.0%  86.3 10080s
 19095 14387  246.07203   53 2227  259.93578  226.04903  13.0%  85.2 10215s
 19385 14752  252.83015   80 2136  259.93578  226.25633  13.0%  85.2 10342s
 19876 15047  237.19555  140 2015  259.93578  226.28871  12.9%  86.2 10667s
 20185 15496  240.48374  246 1822  259.93578  226.28871  12.9%  87.0 10811s
 20708 15895  244.32633  412 1498  259.93578  226.40212  12.9%  87.9 10994s
H20877 15892                     259.9289710  226.40212  12.9%  87.7 10994s
 21237 16244  237.24310   90 2150  259.92897  226.40212  12.9%  87.3 11112s
 21618 16484  246.59038  161 2008  259.92897  226.40212  12.9%  86.4 11210s
H21883 16803                     259.9289704  226.40212  12.9%  85.9 11334s
H22257 17136                     259.9289601  226.44312  12.9%  85.8 11495s
 22691 17416  248.97549   63 2230  259.92896  226.54685  12.8%  86.3 11630s
H22700 17416                     259.9289541  226.54685  12.8%  86.3 11630s
 22999 17690  235.64044   98 2191  259.92895  226.57468  12.8%  86.1 11787s
H23000 17690                     259.9289522  226.57468  12.8%  86.0 11787s
 23316 17967  229.24587   50 2243  259.92895  226.57491  12.8%  85.5 11928s
H23345 17967                     259.9289520  226.57491  12.8%  85.8 11928s
H23355 17967                     259.9289505  226.57491  12.8%  85.9 11928s
 23703 18331 infeasible   62       259.92895  226.59312  12.8%  85.5 12093s
H23705 18331                     259.9289495  226.59312  12.8%  85.5 12093s
H24112 18793                     259.9289494  226.59395  12.8%  85.4 12227s
H24112 18793                     259.9289485  226.59395  12.8%  85.4 12227s
H24387 18792                     259.9274567  226.59395  12.8%  85.7 12227s
 24663 19094  241.02385  190 1933  259.92746  226.59395  12.8%  86.6 12351s
H24669 19094                     259.9213276  226.59395  12.8%  86.6 12351s
H25024 19353                     259.9213249  226.59395  12.8%  86.8 12512s
H25060 19353                     259.9213223  226.59395  12.8%  86.7 12512s
H25138 19353                     259.9211699  226.59395  12.8%  86.5 12513s
H25299 19588                     259.9211697  226.59395  12.8%  86.4 12651s
H25299 19588                     259.9211623  226.59395  12.8%  86.4 12651s
H25301 19588                     259.9187853  226.59395  12.8%  86.4 12651s
H25302 19587                     259.9092346  226.59395  12.8%  86.4 12651s
H25585 19991                     259.9092345  226.59395  12.8%  86.1 12806s
H25700 19991                     259.9092341  226.59395  12.8%  85.8 12806s
H25761 19991                     259.9092292  226.59395  12.8%  85.8 12806s
H25877 19991                     259.9092278  226.59395  12.8%  85.8 12806s
 26059 20452  243.88559  328 1570  259.90923  226.59395  12.8%  86.3 12972s
H26465 20452                     259.9075898  226.59395  12.8%  85.7 12972s
H26578 20823                     259.9069226  226.59395  12.8%  85.9 13108s
H26600 20823                     259.9067132  226.59395  12.8%  85.8 13108s
H26700 20823                     259.9067059  226.59395  12.8%  85.5 13108s
H27011 21058                     259.9067056  226.59395  12.8%  85.3 13254s
H27100 21058                     259.9067025  226.59395  12.8%  85.1 13254s
H27132 21058                     259.9066991  226.59395  12.8%  85.8 13254s
H27133 21058                     259.9065663  226.59395  12.8%  85.9 13254s
H27267 21483                     259.9065650  226.59395  12.8%  85.5 13401s
H27400 21483                     259.9065637  226.59395  12.8%  85.2 13401s
H27539 21483                     259.9065632  226.59395  12.8%  85.8 13401s
H27773 21553                     259.9065631  226.59395  12.8%  86.2 13550s
H27776 21553                     259.9065629  226.59395  12.8%  86.2 13550s
H27801 21553                     259.9065588  226.59395  12.8%  86.2 13550s
H27838 21553                     259.9065584  226.59395  12.8%  86.1 13550s
 27843 22146  245.65796  406 1531  259.90656  226.59395  12.8%  86.1 13679s
H27864 22146                     259.9065583  226.59395  12.8%  86.0 13679s
H27900 22146                     259.9065578  226.59395  12.8%  85.9 13679s
H28188 22146                     259.9065575  226.59395  12.8%  85.2 13679s
 28442 22646  246.87004  447 1497  259.90656  226.59395  12.8%  84.7 13793s
H28580 22643                     259.8961030  226.59395  12.8%  84.4 13793s
 29002 22875     cutoff  469       259.89610  226.62380  12.8%  83.5 13952s
H29193 22875                     259.8960965  226.63566  12.8%  84.2 13952s
H29363 23099                     259.8960926  226.63566  12.8%  84.0 14093s
H29621 23320                     259.8960919  226.63566  12.8%  83.9 14266s
H29882 23320                     259.8960915  226.79423  12.7%  84.4 14266s
 29943 23570  252.90324   74 2173  259.89609  226.81648  12.7%  84.3 14406s
H30166 23570                     259.8960915  226.81648  12.7%  84.2 14406s
H30225 23925                     259.8960915  226.81648  12.7%  84.2 14571s
H30300 23925                     259.8960912  226.82920  12.7%  85.6 14571s
 30715 24189  232.14310   72 2181  259.89609  226.84400  12.7%  86.3 14757s
 30999 24529  235.33807  103 2108  259.89609  226.84400  12.7%  86.0 15010s
H31129 24529                     259.8960904  226.84400  12.7%  86.4 15010s
 31361 25055  238.18687  119 2075  259.89609  226.84400  12.7%  86.3 15254s
H31618 25055                     259.8960900  226.84400  12.7%  86.6 15254s
 31927 25298  243.24660  163 2012  259.89609  226.84400  12.7%  85.9 15442s
H31999 25298                     259.8960892  226.84400  12.7%  85.8 15442s
H32148 25298                     259.8946241  226.84400  12.7%  85.6 15442s
 32220 25858  243.94937  199 1954  259.89462  226.84400  12.7%  85.5 15538s
 32896 26258  246.31198  283 1824  259.89462  226.84400  12.7%  85.2 15642s
 33302 26748  246.72470  336 1689  259.89462  226.84400  12.7%  84.4 15756s
 33822 27020  247.62423  401 1583  259.89462  226.84400  12.7%  83.6 15872s
 34132 27524  248.94664  439 1535  259.89462  226.84400  12.7%  83.0 15970s
 34691 27812     cutoff  505       259.89462  226.89425  12.7%  82.2 16069s
 35020 28150  244.39024   81 2161  259.89462  226.90689  12.7%  81.8 16183s
 35385 28209  242.38731   65 2155  259.89462  226.90689  12.7%  81.2 16303s
 35611 28382  245.59342   78 2157  259.89462  226.90689  12.7%  81.0 16454s
 35884 28583  249.71896  124 2059  259.89462  226.94567  12.7%  80.9 16580s
 36153 28726  248.62001   89 2118  259.89462  226.94567  12.7%  81.9 16776s
 36381 28797  250.86818  102 2109  259.89462  226.94567  12.7%  82.6 16905s
 36492 29136  256.18813  106 2097  259.89462  226.95249  12.7%  83.9 17030s
 36906 29495  247.29003   81 2174  259.89462  226.99604  12.7%  85.2 17162s
H37263 29495                     259.8945987  227.01775  12.7%  85.4 17162s
 37411 29893  256.39156   78 2156  259.89460  227.03877  12.6%  85.5 17293s
 37838 30262  241.90501  125 2003  259.89460  227.05586  12.6%  85.2 17404s
 38236 30685  230.03653   60 2217  259.89460  227.05586  12.6%  84.7 17537s
 38679 31002  242.57027  152 2002  259.89460  227.05586  12.6%  85.1 17658s
 39138 31487  245.07388  238 1851  259.89460  227.05586  12.6%  84.6 17781s
 39742 31589  247.34461  407 1511  259.89460  227.05586  12.6%  85.0 17908s
 39856 31872     cutoff  472       259.89460  227.07613  12.6%  84.9 18104s
 40336 32285 infeasible   95       259.89460  227.07799  12.6%  85.5 18262s
 40814 32869  241.16115  130 2019  259.89460  227.07799  12.6%  85.7 18386s
H41452 33222                     259.8945761  227.07799  12.6%  85.0 18542s
H41563 33221                     259.8930988  227.07799  12.6%  85.0 18542s
 41895 33686 infeasible  342       259.89310  227.08722  12.6%  84.7 18701s
H41900 33686                     259.8930980  227.08722  12.6%  84.8 18701s
H42124 33686                     259.8928847  227.08722  12.6%  84.6 18701s
H42388 33945                     259.8928821  227.08722  12.6%  84.3 18847s
H42475 33944                     259.8927629  227.08722  12.6%  84.2 18847s
H42487 33944                     259.8926050  227.08722  12.6%  84.1 18847s
 42679 34473  255.79387  231 1764  259.89261  227.11267  12.6%  83.8 19033s
H42772 34473                     259.8925456  227.11267  12.6%  83.9 19033s
H42800 34473                     259.8925447  227.11267  12.6%  83.9 19033s
H42922 34473                     259.8925447  227.11267  12.6%  83.7 19033s
H43091 34473                     259.8925440  227.11267  12.6%  83.4 19033s
H43260 34473                     259.8925259  227.11267  12.6%  83.4 19033s
 43261 34718  244.42256  112 2034  259.89253  227.11267  12.6%  83.4 19149s
H43419 34718                     259.8925097  227.11267  12.6%  83.1 19149s
 43530 35009  245.32061  121 2016  259.89251  227.11267  12.6%  82.9 19341s
H43544 35009                     259.8923173  227.11267  12.6%  82.9 19341s
H43555 35008                     259.8890090  227.11267  12.6%  82.9 19341s
H43901 35400                     259.8890048  227.11267  12.6%  82.6 19504s
H44028 35400                     259.8890007  227.11267  12.6%  82.5 19504s
H44126 35400                     259.8889236  227.11267  12.6%  82.4 19504s
H44196 35400                     259.8863657  227.11267  12.6%  82.3 19504s
H44374 35428                     259.8863316  227.11267  12.6%  83.2 19647s
H44451 35428                     259.8863306  227.15014  12.6%  83.4 19647s
H44452 35428                     259.8863292  227.15014  12.6%  83.4 19647s
H44453 35428                     259.8863290  227.15014  12.6%  83.4 19647s
 44454 35970  228.51964   41 2240  259.88633  227.15014  12.6%  83.4 19778s
H45041 35970                     259.8863274  227.15014  12.6%  82.9 19778s
H45042 36237                     259.8863265  227.15014  12.6%  82.9 19922s
H45042 36237                     259.8863258  227.15014  12.6%  82.9 19922s
H45101 36237                     259.8863246  227.15014  12.6%  82.8 19922s
H45219 36237                     259.8863215  227.15014  12.6%  82.7 19922s
H45309 36490                     259.8863214  227.15014  12.6%  82.5 20079s
H45309 36490                     259.8802957  227.15014  12.6%  82.5 20079s
 45670 36850  237.39002   73 2224  259.88030  227.16517  12.6%  82.5 20244s
H45800 36850                     259.8802645  227.16517  12.6%  82.5 20244s
 46201 37202  235.55086   78 2145  259.88026  227.19269  12.6%  83.2 20408s
 46611 37373  254.33287  212 1867  259.88026  227.19611  12.6%  83.1 20532s
 46824 37884  247.73851  114 2065  259.88026  227.19617  12.6%  83.0 20666s
 47407 38205  236.41501  147 2026  259.88026  227.19617  12.6%  83.4 20786s
 47787 38725  239.02815  246 1846  259.88026  227.19617  12.6%  83.3 20897s
 48373 38992  241.30355  413 1495  259.88026  227.19617  12.6%  82.9 21026s
 48647 39387  257.54885  582 1205  259.88026  227.19617  12.6%  82.5 21168s
 49216 39725  258.39083  751  932  259.88026  227.19617  12.6%  82.5 21309s
 49608 40192  259.23307  920  689  259.88026  227.19617  12.6%  83.1 21430s
 50105 40468  259.34219 1089  475  259.88026  227.19617  12.6%  82.6 21539s
 50414 40721  259.45558 1258  292  259.88026  227.22973  12.6%  82.4 21668s
 50773 40988  235.86502  125 2091  259.88026  227.22973  12.6%  82.1 21812s
 51141 41229  238.55484  213 1918  259.88026  227.22973  12.6%  82.2 21936s
 51425 41607  240.13033  329 1654  259.88026  227.22973  12.6%  82.5 22272s
 51833 42053  256.85630  498 1321  259.88026  227.22973  12.6%  83.2 22429s
 52315 42377  258.18470  667 1074  259.88026  227.22973  12.6%  83.0 22583s
 52656 42737  258.87549  836  797  259.88026  227.26174  12.6%  82.8 22702s
 53068 42867  234.53517   85 2145  259.88026  227.26174  12.6%  82.4 22826s
H53107 42867                     259.8802498  227.26174  12.6%  82.5 22826s
 53212 43337  253.57678  119 2057  259.88025  227.26287  12.6%  82.4 23018s
 53737 43590 infeasible  129       259.88025  227.26287  12.6%  82.1 23181s
 54051 43652 infeasible  135       259.88025  227.26888  12.5%  82.2 23367s
 54147 44101  235.21843   87 2112  259.88025  227.27141  12.5%  82.2 23510s
 54778 44116  234.05502  116 2089  259.88025  227.27417  12.5%  82.1 23640s
 54793 44489  234.02761  117 2083  259.88025  227.27417  12.5%  82.1 24062s
 55166 44946  235.82408  185 1958  259.88025  227.27417  12.5%  81.7 24177s
 55684 45501  238.13950  209 1930  259.88025  227.27417  12.5%  81.2 24275s
 56308 45750  238.94827  267 1797  259.88025  227.27417  12.5%  80.8 24396s
 56565 46274  239.14780  289 1709  259.88025  227.27417  12.5%  80.5 24497s
 57192 46833  239.68720  333 1620  259.88025  227.27417  12.5%  80.1 24627s
H57369 46833                     259.8783050  227.27417  12.5%  79.9 24627s
 57808 47148  240.17068  376 1577  259.87830  227.27417  12.5%  79.6 24745s
H57925 47148                     259.8783046  227.27417  12.5%  79.5 24745s
H58203 47418                     259.8783043  227.27417  12.5%  79.8 24858s
H58203 47418                     259.8783013  227.27417  12.5%  79.8 24858s
H58303 47418                     259.8783007  227.27417  12.5%  79.8 24858s
 58476 47749  241.58260  396 1533  259.87830  227.27417  12.5%  79.7 24968s
H58636 47749                     259.8782989  227.27417  12.5%  79.5 24968s
H58693 47748                     259.8782719  227.27417  12.5%  79.6 24968s
 58819 48109  241.90517  429 1513  259.87827  227.27417  12.5%  79.4 25084s
 59236 48457  243.88566  475 1355  259.87827  227.32534  12.5%  79.3 25222s
 59694 48973  247.55910   69 2246  259.87827  227.33842  12.5%  79.2 25338s
 60285 49596  238.08193  121 2117  259.87827  227.34455  12.5%  79.1 25448s
 60908 49773  247.12328  290 1866  259.87827  227.34455  12.5%  78.4 25601s
 61085 50312  247.60565  333 1746  259.87827  227.34518  12.5%  78.3 25703s
 61673 50853  247.70391  117 2032  259.87827  227.34518  12.5%  77.7 25817s
 62287 51431  232.07622   81 2097  259.87827  227.36325  12.5%  77.5 25968s
 62890 51543  236.71194  132 1995  259.87827  227.36325  12.5%  77.0 26104s
 63018 51873  237.55105  164 1928  259.87827  227.36325  12.5%  76.9 26234s
 63482 52112  239.82378  270 1736  259.87827  227.36325  12.5%  76.9 26345s
 63727 52546  240.70583  356 1562  259.87827  227.36325  12.5%  76.7 26490s
 64209 53008  257.15500  494 1266  259.87827  227.36325  12.5%  76.6 26724s
 64727 53537  258.84255  663  978  259.87827  227.39624  12.5%  76.8 26851s
 65298 53852  237.05804   99 2106  259.87827  227.39624  12.5%  76.4 26950s
 65666 54077  253.20409  116 2045  259.87827  227.39973  12.5%  76.1 27047s
 66019 54226  231.88097   86 2145  259.87827  227.39973  12.5%  76.1 27171s
 66172 54760  232.61013  100 2110  259.87827  227.39973  12.5%  76.0 27267s
 66720 55244  236.02119  181 1981  259.87827  227.39973  12.5%  75.5 27479s
 67256 55726  238.61735  226 1867  259.87827  227.39973  12.5%  75.0 27590s
 67753 55995  239.00650  253 1764  259.87827  227.39973  12.5%  74.7 27776s
 68028 56553  239.45625  269 1673  259.87827  227.39973  12.5%  74.4 27878s
 68623 56895  239.90208  320 1531  259.87827  227.39973  12.5%  74.1 27985s
 69049 57214  240.09065  334 1500  259.87827  227.39973  12.5%  73.9 28080s
H69258 57214                     259.8782715  227.39973  12.5%  73.9 28080s
 69477 57713  241.49608  351 1475  259.87827  227.39973  12.5%  73.9 28209s
H69617 57713                     259.8782715  227.39973  12.5%  73.8 28209s
 70034 58021  242.15242  374 1456  259.87827  227.39973  12.5%  73.7 28331s
 70387 58446  242.45371  389 1430  259.87827  227.39973  12.5%  73.7 28453s
 70853 58736  243.34706  408 1397  259.87827  227.39973  12.5%  73.5 28570s
H71144 59280                     259.8777538  227.39973  12.5%  73.2 28668s
 71764 59300  243.91872  445 1357  259.87775  227.39973  12.5%  73.0 28800s
H71769 59300                     259.8777490  227.39973  12.5%  73.0 28800s
H71779 59300                     259.8777219  227.39973  12.5%  73.0 28800s

Cutting planes:
  Learned: 32
  Gomory: 16
  Cover: 226
  Implied bound: 603
  Clique: 139
  MIR: 1299
  StrongCG: 1
  Flow cover: 2488
  GUB cover: 4
  Mod-K: 1
  RLT: 1356
  Relax-and-lift: 426

Explored 71784 nodes (5330714 simplex iterations) in 28800.69 seconds
Thread count was 4 (of 32 available processors)

Solution count 10: 259.878 259.878 259.878 ... 259.878

Time limit reached
Best objective 2.598777218956e+02, best bound 2.273997273408e+02, gap 12.4974%
