
Gurobi 9.1.0 (linux64) logging started Tue Aug  3 16:50:55 2021

Changed value of parameter LogFile to eab_parasitoid_0_2.log
   Prev:   Default: 
Changed value of parameter MIPGap to 0.01
   Prev: 0.0001  Min: 0.0  Max: inf  Default: 0.0001
Changed value of parameter Method to 2
   Prev: -1  Min: -1  Max: 5  Default: -1
Changed value of parameter MIPFocus to 2
   Prev: 0  Min: 0  Max: 3  Default: 0
Changed value of parameter RINS to 100
   Prev: -1  Min: -1  Max: 2000000000  Default: -1
Gurobi Optimizer version 9.1.0 build v9.1.0rc0 (linux64)
Thread count: 32 physical cores, 32 logical processors, using up to 32 threads
Optimize a model with 203386 rows, 134930 columns and 685029 nonzeros
Model fingerprint: 0x3a3b447c
Variable types: 55774 continuous, 79156 integer (79156 binary)
Coefficient statistics:
  Matrix range     [2e-04, 1e+06]
  Objective range  [1e-06, 1e-01]
  Bounds range     [1e+00, 6e+03]
  RHS range        [1e-04, 1e+06]
Presolve removed 158372 rows and 102572 columns (presolve time = 5s) ...
Presolve removed 181395 rows and 115614 columns (presolve time = 10s) ...
Presolve removed 183118 rows and 117559 columns (presolve time = 15s) ...
Presolve removed 191905 rows and 125226 columns (presolve time = 20s) ...
Presolve removed 193283 rows and 126680 columns (presolve time = 25s) ...
Presolve removed 193436 rows and 126787 columns (presolve time = 30s) ...
Presolve removed 193489 rows and 126830 columns
Presolve time: 34.08s
Presolved: 9897 rows, 8100 columns, 132820 nonzeros
Variable types: 3487 continuous, 4613 integer (4610 binary)
Presolve removed 24 rows and 14 columns
Presolved: 9873 rows, 8086 columns, 132764 nonzeros

Root barrier log...

Ordering time: 0.83s

Barrier statistics:
 Dense cols : 143
 AA' NZ     : 5.813e+05
 Factor NZ  : 2.730e+06 (roughly 30 MBytes of memory)
 Factor Ops : 2.273e+09 (less than 1 second per iteration)
 Threads    : 31

                  Objective                Residual
Iter       Primal          Dual         Primal    Dual     Compl     Time
   0   2.56733703e+03 -1.43656806e+04  2.62e+04 1.45e-01  5.27e+01    37s
   1   1.98388193e+03 -1.61134285e+04  1.76e+04 2.60e-01  3.40e+01    38s
   2   8.18791335e+02 -1.47085548e+04  1.19e+03 1.40e-14  2.89e+00    38s
   3   6.74376969e+02 -7.46335741e+03  3.13e+02 1.52e-14  8.07e-01    38s
   4   5.70664187e+02 -2.91054263e+03  6.71e+01 1.00e-14  2.03e-01    38s
   5   5.44880049e+02 -8.17807789e+02  2.51e+01 3.55e-15  6.74e-02    39s
   6   5.30040062e+02  4.63478733e+01  5.68e+00 1.03e-15  2.08e-02    39s
   7   5.22599257e+02  3.11724900e+02  8.50e-01 4.44e-15  8.50e-03    39s
   8   5.19272083e+02  4.46919054e+02  1.75e-01 6.87e-16  2.87e-03    39s
   9   5.18282095e+02  4.64404769e+02  4.99e-02 6.87e-16  2.13e-03    39s
  10   5.17039040e+02  4.84930982e+02  1.44e-03 6.60e-16  1.26e-03    40s
  11   5.16050342e+02  4.95177694e+02  7.48e-04 4.98e-16  8.18e-04    40s
  12   5.15241588e+02  5.03428599e+02  2.79e-04 2.76e-16  4.61e-04    40s
  13   5.14870907e+02  5.08700398e+02  1.21e-04 1.69e-16  2.41e-04    40s
  14   5.14738336e+02  5.11588220e+02  8.28e-05 1.38e-16  1.23e-04    40s
  15   5.14581167e+02  5.12837001e+02  4.60e-05 2.22e-16  6.80e-05    40s
  16   5.14548625e+02  5.13293207e+02  3.94e-05 2.22e-16  4.89e-05    41s
  17   5.14478582e+02  5.13800448e+02  2.63e-05 1.11e-16  2.64e-05    41s
  18   5.14444040e+02  5.13924536e+02  2.02e-05 4.44e-15  2.02e-05    41s
  19   5.14393102e+02  5.14053080e+02  1.21e-05 1.78e-15  1.33e-05    41s
  20   5.14360234e+02  5.14204449e+02  6.87e-06 6.22e-15  6.07e-06    42s
  21   5.14345492e+02  5.14235295e+02  4.72e-06 1.31e-16  4.29e-06    42s
  22   5.14334551e+02  5.14264474e+02  2.96e-06 2.52e-16  2.73e-06    42s
  23   5.14330550e+02  5.14276106e+02  2.35e-06 1.86e-16  2.12e-06    42s
  24   5.14323937e+02  5.14295861e+02  1.28e-06 2.22e-14  1.09e-06    42s
  25   5.14318947e+02  5.14305093e+02  5.32e-07 2.22e-16  5.40e-07    42s
  26   5.14317634e+02  5.14309209e+02  3.35e-07 1.11e-16  3.28e-07    43s
  27   5.14316478e+02  5.14312934e+02  1.58e-07 1.78e-15  1.38e-07    43s
  28   5.14315856e+02  5.14314532e+02  6.30e-08 1.11e-16  5.16e-08    43s
  29   5.14315595e+02  5.14315094e+02  2.39e-08 1.11e-16  1.95e-08    43s
  30   5.14315570e+02  5.14315150e+02  2.03e-08 2.22e-16  1.63e-08    43s
  31   5.14315513e+02  5.14315273e+02  1.19e-08 1.11e-16  9.32e-09    44s
  32   5.14315467e+02  5.14315349e+02  5.24e-09 1.11e-16  4.60e-09    44s
  33   5.14315440e+02  5.14315403e+02  1.26e-09 2.22e-16  1.43e-09    44s
  34   5.14315432e+02  5.14315429e+02  1.73e-10 2.92e-16  1.46e-10    44s
  35   5.14315431e+02  5.14315431e+02  3.28e-11 9.56e-15  1.62e-11    44s

Barrier solved model in 35 iterations and 44.42 seconds
Optimal objective 5.14315431e+02


Root crossover log...

     649 DPushes remaining with DInf 0.0000000e+00                45s
       0 DPushes remaining with DInf 0.0000000e+00                45s

    4165 PPushes remaining with PInf 2.1629821e-05                45s
     389 PPushes remaining with PInf 3.1857382e-06                45s
       0 PPushes remaining with PInf 0.0000000e+00                45s

  Push phase complete: Pinf 0.0000000e+00, Dinf 2.7500022e-02     45s


Root simplex log...

Iteration    Objective       Primal Inf.    Dual Inf.      Time
    4619    5.1431543e+02   0.000000e+00   2.750002e-02     45s
    4628    5.1431543e+02   0.000000e+00   0.000000e+00     45s
    4628    5.1431543e+02   0.000000e+00   0.000000e+00     45s

Root relaxation: objective 5.143154e+02, 4628 iterations, 10.39 seconds

    Nodes    |    Current Node    |     Objective Bounds      |     Work
 Expl Unexpl |  Obj  Depth IntInf | Incumbent    BestBd   Gap | It/Node Time

     0     0  514.31548    0 1946          -  514.31548      -     -   50s
     0     0  567.91366    0 2312          -  567.91366      -     -   70s
     0     0  568.48570    0 2470          -  568.48570      -     -  102s
     0     0  568.56205    0 2509          -  568.56205      -     -  114s
     0     0  568.56395    0 2510          -  568.56395      -     -  115s
     0     0  575.64421    0 2458          -  575.64421      -     -  192s
     0     0  576.04031    0 2410          -  576.04031      -     -  248s
     0     0  576.22956    0 2311          -  576.22956      -     -  279s
H    0     0                     667.0791825  576.22956  13.6%     -  297s
H    0     0                     667.0429726  576.22956  13.6%     -  297s
     0     0  576.36064    0 2246  667.04297  576.36064  13.6%     -  297s
     0     0  576.36497    0 2251  667.04297  576.36497  13.6%     -  310s
     0     0  584.26263    0 2181  667.04297  584.26263  12.4%     -  418s
     0     0  584.35107    0 2162  667.04297  584.35107  12.4%     -  455s
     0     0  584.39005    0 2156  667.04297  584.39005  12.4%     -  511s
     0     0  590.62976    0 2179  667.04297  590.62976  11.5%     -  634s
H    0     0                     667.0033490  590.62976  11.5%     -  637s
     0     0  590.70769    0 2163  667.00335  590.70769  11.4%     -  680s
     0     0  590.71407    0 2191  667.00335  590.71407  11.4%     -  714s
     0     0  595.16920    0 2145  667.00335  595.16920  10.8%     -  907s
     0     0  595.32296    0 2147  667.00335  595.32296  10.7%     - 1056s
     0     0  595.46937    0 2189  667.00335  595.46937  10.7%     - 1136s
     0     0  595.47076    0 2187  667.00335  595.47076  10.7%     - 1163s
H    0     0                     663.2582453  595.47076  10.2%     - 1217s
H    0     0                     663.2578256  595.47076  10.2%     - 1217s
H    0     0                     663.2300469  595.47076  10.2%     - 1217s
H    0     0                     663.2105818  595.47076  10.2%     - 1217s
     0     0  599.67572    0 2146  663.21058  599.67572  9.58%     - 1453s
H    0     0                     627.5353887  599.67572  4.44%     - 1495s
     0     0  599.75582    0 2162  627.53539  599.75582  4.43%     - 1638s
     0     0  599.80977    0 2162  627.53539  599.80977  4.42%     - 1770s
H    0     0                     624.6300632  599.80977  3.97%     - 1900s
H    0     0                     624.6282352  599.80977  3.97%     - 1900s
H    0     0                     624.0115069  599.80977  3.88%     - 1900s
H    0     0                     624.0082942  599.80977  3.88%     - 2057s
     0     0  600.67628    0 2129  624.00829  600.67628  3.74%     - 2058s
     0     0  600.74232    0 2170  624.00829  600.74232  3.73%     - 2141s
     0     0  600.77744    0 2147  624.00829  600.77744  3.72%     - 2182s
H    0     0                     618.3288093  600.77744  2.84%     - 2286s
     0     0  600.81266    0 2158  618.32881  600.81266  2.83%     - 2286s
     0     0  600.81266    0 2151  618.32881  600.81266  2.83%     - 2305s
H    0     0                     618.1629724  600.81266  2.81%     - 3566s
     0     2  600.81266    0 2151  618.16297  600.81266  2.81%     - 3572s
     1     4  606.15078    1 2096  618.16297  600.81299  2.81%  2537 3582s
     3     8  610.91480    2 2138  618.16297  600.92186  2.79%  1967 3618s
     7    12     cutoff    3       618.16297  602.19054  2.58%  2639 3634s
    15    19  602.45031    4 1934  618.16297  602.37378  2.55%  2845 3710s
    27    32  604.47140    5 1947  618.16297  602.45080  2.54%  3280 4525s
    46    48     cutoff    6       618.16297  602.98024  2.46%  3870 4633s
H   78    72                     618.1627659  603.28694  2.41%  3534 4777s
H   83    72                     618.1622388  603.42071  2.38%  3486 4777s
H   85    72                     618.1614680  603.42071  2.38%  3494 4778s
H   93    72                     618.0950861  603.42071  2.37%  3438 4778s
H   94    72                     618.0825075  603.42071  2.37%  3435 4778s
H  100    72                     618.0407408  603.42071  2.37%  3396 4778s
   110   102  603.72878    8 1954  618.04074  603.42071  2.37%  3406 4976s
H  142   132                     617.9605627  603.42071  2.35%  3114 5214s
H  144   132                     617.7377434  603.42071  2.32%  3115 5215s
H  145   132                     617.5814085  603.42071  2.29%  3108 5215s
H  146   132                     617.3408698  603.42071  2.25%  3109 5215s
H  174   162                     616.3482584  603.42071  2.10%  3080 5414s
H  176   162                     616.1807219  603.42071  2.07%  3066 5414s
H  201   162                     616.1733227  603.42071  2.07%  2927 5414s
   206   200  605.26397   11 1858  616.17332  603.42071  2.07%  2939 5620s
H  216   200                     615.6312459  603.42071  1.98%  2858 5620s
H  227   200                     615.2926605  603.42071  1.93%  2828 5620s
H  243   200                     615.1758354  603.42071  1.91%  2809 5620s
   244   224  606.02811   12 1882  615.17584  603.42071  1.91%  2812 5814s
H  290   237                     615.0208344  603.42071  1.89%  2572 10759s
H  293   237                     612.8730754  603.42071  1.54%  2550 10759s
H  297   237                     612.8678838  603.42071  1.54%  2529 10759s
H  326   197                     612.7976372  603.42071  1.53%  2455 11400s
H  330   197                     612.7778298  603.42071  1.53%  2432 11400s
H  335   197                     612.7756246  603.42071  1.53%  2398 11400s
   395   236  606.66812   14 1892  612.77562  603.42071  1.53%  2108 11618s
   473   296  606.98550   16 1858  612.77562  603.42071  1.53%  1902 11887s
   539   378  607.04238   19 1806  612.77562  603.42071  1.53%  1813 12146s
   634   477  607.78757   22 1823  612.77562  603.42071  1.53%  1649 12426s
   740   592  608.83018   26 1769  612.77562  603.42071  1.53%  1493 12588s
   859   715  608.99480   28 1765  612.77562  603.42071  1.53%  1357 12775s
  1012   834  610.24165   34 1746  612.77562  603.42071  1.53%  1205 13039s
  1174   961  610.69272   37 1730  612.77562  603.42071  1.53%  1091 13331s
  1346  1079  610.93103   45 1700  612.77562  603.42071  1.53%  1006 13519s
  1514  1243  611.44072   54 1694  612.77562  603.42071  1.53%   938 13671s
  1709  1382  611.77099   64 1682  612.77562  603.42071  1.53%   865 13883s
H 1900  1406                     612.7755136  603.42071  1.53%   815 18594s
H 1901  1406                     612.7755135  603.42071  1.53%   815 18594s
H 1902  1406                     612.7755120  603.42071  1.53%   814 18594s
H 1903  1406                     612.7755117  603.42071  1.53%   814 18594s
H 1904  1406                     612.7376197  603.42071  1.52%   815 18594s
H 1905  1406                     612.7284224  603.42071  1.52%   815 18594s
  1908  1406  612.11985   15 1832  612.72842  603.42071  1.52%   814 18595s
  1936  1604  611.79688   75 1644  612.72842  603.42071  1.52%   813 18710s
  2154  1821  611.85400   88 1629  612.72842  603.42071  1.52%   762 18987s
  2394  1901  611.89290  102 1580  612.72842  603.42071  1.52%   714 20712s
  2551  2118  611.92086  109 1563  612.72842  603.42071  1.52%   693 20856s
  2812  2367  612.38855  125 1530  612.72842  603.42071  1.52%   653 21058s
H 3127  2367                     612.7284218  603.42071  1.52%   614 26511s
  3128  2368  609.84393   21 2151  612.72842  603.42071  1.52%   613 26855s
H 3129  2250                     612.7276030  603.42071  1.52%   613 26880s
  3131  2251  611.78529   74 2389  612.72760  603.42071  1.52%   613 26948s
  3132  2252  612.44608   89 2230  612.72760  603.42071  1.52%   613 26998s
  3133  2252  609.67091   48 2154  612.72760  603.42071  1.52%   612 27021s
  3134  2253  610.21120   35 2205  612.72760  603.42071  1.52%   612 27045s
  3135  2254  610.01680   19 2106  612.72760  603.42071  1.52%   612 27063s
  3136  2254  611.64040   87 1993  612.72760  603.42071  1.52%   612 27071s
  3137  2255  609.16566   17 2037  612.72760  603.42071  1.52%   612 27096s
  3138  2256  612.26598   29 1968  612.72760  603.42071  1.52%   611 27114s
  3139  2256  611.98380   19 2028  612.72760  603.42071  1.52%   611 27157s
  3140  2257  610.88203   80 2007  612.72760  603.42071  1.52%   611 27176s
  3141  2258  608.94326   37 2008  612.72760  603.42071  1.52%   611 27209s
  3142  2258  608.26152   35 2038  612.72760  603.42071  1.52%   611 27297s
H 3142  2145                     612.7273054  603.42071  1.52%   611 27365s
  3144  2147  611.93900  115 2058  612.72731  603.42071  1.52%   610 27443s
  3145  2147  610.84360   15 2055  612.72731  603.42071  1.52%   610 27533s
H 3145  2039                     612.7270814  603.42071  1.52%   610 27896s
  3146  2040  607.04535   20 1903  612.72708  603.42071  1.52%   610 28065s
H 3146  1938                     612.7269419  603.42071  1.52%   610 28149s
  3147  1939  611.98267   29 1879  612.72694  603.42071  1.52%   610 28150s
  3148  1939  612.20048   80 1883  612.72694  603.42071  1.52%   609 28197s
  3149  1940  608.55047   32 1909  612.72694  603.42071  1.52%   609 28302s
  3150  1941  612.45115   90 1869  612.72694  603.42071  1.52%   609 28576s
  3151  1941  611.83191   83 1860  612.72694  603.42071  1.52%   609 28793s
  3152  1942  612.43475   46 1869  612.72694  603.42071  1.52%   609 28840s
  3153  1943  611.86207   57 1872  612.72694  603.42071  1.52%   608 28869s
  3154  1943  609.06265   37 1861  612.72694  603.42071  1.52%   608 28899s
  3155  1944  609.86063   49 1851  612.72694  603.42071  1.52%   608 28985s
H 3155  1846                     612.7268900  603.42071  1.52%   608 29146s
  3157  1847  610.11289   55 1840  612.72689  603.42071  1.52%   608 29209s
  3158  1848  611.92006   49 1840  612.72689  603.42071  1.52%   607 29372s
H 3158  1755                     612.7268469  603.76748  1.46%   607 29608s
  3159  1756  611.56115   17 1890  612.72685  603.76748  1.46%   607 29644s
  3160  1756  611.85737   42 1878  612.72685  603.76748  1.46%   607 29676s
  3161  1757  611.90346   97 1908  612.72685  603.80492  1.46%   607 29714s
  3162  1758  610.32180   60 1940  612.72685  603.80523  1.46%   607 29833s
  3163  1758  611.83061   90 1883  612.72685  603.80639  1.46%   607 29976s
H 3163  1670                     612.7268207  603.93761  1.43%   607 30004s
  3164  1671  610.88828   45 1875  612.72682  604.15863  1.40%   606 30104s
  3165  1672  608.22730   41 1845  612.72682  604.22990  1.39%   606 30337s
  3166  1672  611.43155   33 1844  612.72682  604.22990  1.39%   606 30392s
H 3166  1587                     612.7268195  604.22990  1.39%   606 31773s
  3168  1592  605.68441   13 1794  612.72682  604.22990  1.39%   630 32405s
  3170  1595  606.41522   14 1841  612.72682  604.22990  1.39%   631 33393s
  3174  1602  606.54203   15 1842  612.72682  604.22990  1.39%   634 33574s
  3182  1611  608.71575   16 1826  612.72682  604.22990  1.39%   639 33682s
  3198  1634  608.98008   17 1821  612.72682  604.22990  1.39%   654 33821s
H 3199  1553                     612.7268117  604.22990  1.39%   654 33822s
H 3213  1473                     612.7267987  604.22990  1.39%   663 33822s
  3226  1494  611.05579   18 1752  612.72680  604.22990  1.39%   675 34215s
  3258  1506  611.40902   19 1736  612.72680  604.22990  1.39%   692 34430s
  3290  1509     cutoff   19       612.72680  604.22990  1.39%   714 34618s
  3322  1514  611.63082   20 1766  612.72680  604.22990  1.39%   733 34823s
H 3323  1442                     612.7267943  604.22990  1.39%   733 34823s
H 3331  1370                     612.7198532  604.22990  1.39%   736 34823s
H 3339  1303                     612.7095340  604.22990  1.38%   740 34823s
H 3343  1239                     612.7077593  604.22990  1.38%   740 34823s
  3354  1243     cutoff   20       612.70776  604.22990  1.38%   747 35218s
  3397  1236     cutoff   21       612.70776  604.22990  1.38%   760 35356s
  3445  1220     cutoff   21       612.70776  604.22990  1.38%   771 37105s
  3479  1219  608.54787   22 1753  612.70776  604.22990  1.38%   778 37162s
  3524  1232  609.79629   23 1680  612.70776  604.22990  1.38%   784 38188s
  3595  1221  610.72779   24 1675  612.70776  604.22990  1.38%   796 38409s
H 3597  1162                     612.6981654  604.22990  1.38%   796 38409s
H 3610  1101                     612.6935720  604.22990  1.38%   801 38409s
H 3613  1047                     612.6887619  604.22990  1.38%   802 38409s
  3633  1051  610.95096   25 1677  612.68876  604.22990  1.38%   804 45660s
H 3641   998                     612.6887613  604.22990  1.38%   806 45660s
H 3665   942                     612.6872711  604.22990  1.38%   811 45661s
  3673   974     cutoff   26       612.68727  604.22990  1.38%   811 45878s
  3778   970  612.20611   28 1637  612.68727  604.22990  1.38%   814 46066s
  3873   969     cutoff   29       612.68727  604.75145  1.30%   821 46389s
  3969   953     cutoff   19       612.68727  604.75145  1.30%   829 46724s
  4077   938     cutoff   19       612.68727  604.75145  1.30%   833 46921s
  4198   915  611.43009   29 1615  612.68727  604.75145  1.30%   833 47103s
  4241   977  611.60341   30 1620  612.68727  604.75145  1.30%   835 47317s
  4388   954 infeasible   36       612.68727  604.75145  1.30%   830 47541s
  4527  1012 infeasible   35       612.68727  604.75145  1.30%   826 47829s
  4692   957  612.29676   35 1630  612.68727  604.75145  1.30%   814 47830s
  4695  1025  612.62362   29 1623  612.68727  605.89059  1.11%   817 50789s

Cutting planes:
  Learned: 40
  Gomory: 42
  Cover: 180
  Implied bound: 95
  Projected implied bound: 212
  Clique: 13
  MIR: 714
  Flow cover: 3563
  GUB cover: 1
  Zero half: 39
  RLT: 1359
  Relax-and-lift: 280

Explored 4850 nodes (4007481 simplex iterations) in 50799.23 seconds
Thread count was 32 (of 32 available processors)

Solution count 10: 612.687 612.689 612.689 ... 612.727

Optimal solution found (tolerance 1.00e-02)
Best objective 6.126872710075e+02, best bound 6.072436752932e+02, gap 0.8885%
